-- The C compiler identification is GNU 9.3.0
-- The CXX compiler identification is GNU 9.3.0
-- Check for working C compiler: /usr/bin/cc
-- Check for working C compiler: /usr/bin/cc -- works
-- Detecting C compiler ABI info
-- Detecting C compiler ABI info - done
-- Detecting C compile features
-- Detecting C compile features - done
-- Check for working CXX compiler: /usr/bin/c++
-- Check for working CXX compiler: /usr/bin/c++ -- works
-- Detecting CXX compiler ABI info
-- Detecting CXX compiler ABI info - done
-- Detecting CXX compile features
-- Detecting CXX compile features - done
-- Found ament_cmake_ros: 0.9.2 (/home/saitama1/ros2_foxy/install/ament_cmake_ros/share/ament_cmake_ros/cmake)
-- Found PythonInterp: /usr/bin/python3 (found suitable version "3.8.10", minimum required is "3") 
-- Using PYTHON_EXECUTABLE: /usr/bin/python3
-- Found ament_index_cpp: 1.1.0 (/home/saitama1/ros2_foxy/install/ament_index_cpp/share/ament_index_cpp/cmake)
-- Found libcurl_vendor: 2.3.4 (/home/saitama1/ros2_foxy/install/libcurl_vendor/share/libcurl_vendor/cmake)
-- library: /usr/lib/x86_64-linux-gnu/libcurl.so
-- Found ament_lint_auto: 0.9.6 (/home/saitama1/ros2_foxy/install/ament_lint_auto/share/ament_lint_auto/cmake)
-- Found gtest sources under '/home/saitama1/ros2_foxy/install/gtest_vendor/src/gtest_vendor': C++ tests using 'Google Test' will be built
-- Looking for pthread.h
-- Looking for pthread.h - found
-- Performing Test CMAKE_HAVE_LIBC_PTHREAD
-- Performing Test CMAKE_HAVE_LIBC_PTHREAD - Failed
-- Check if compiler accepts -pthread
-- Check if compiler accepts -pthread - yes
-- Found Threads: TRUE  
-- Found PythonInterp: /usr/bin/python3 (found suitable version "3.8.10", minimum required is "3.5") 
-- Found PythonLibs: /usr/lib/x86_64-linux-gnu/libpython3.8.so (found suitable version "3.8.10", minimum required is "3.5") 
-- Using PYTHON_EXECUTABLE: /usr/bin/python3
-- Using PYTHON_INCLUDE_DIRS: /usr/include/python3.8
-- Using PYTHON_LIBRARIES: /usr/lib/x86_64-linux-gnu/libpython3.8.so
-- Found PythonExtra: .so  
-- Added test 'copyright' to check source files copyright and LICENSE
-- Added test 'cpplint' to check C / C++ code against the Google style
-- Configured cpplint exclude dirs and/or files: 
-- Added test 'flake8' to check Python code syntax and style conventions
-- Added test 'lint_cmake' to check CMake code style
-- Added test 'pep257' to check Python code against some of the style conventions in PEP 257
-- Added test 'xmllint' to check XML markup files
-- Configuring done
-- Generating done
-- Build files have been written to: /home/saitama1/ros2_foxy/build/resource_retriever
[35m[1mScanning dependencies of target resource_retriever[0m
[ 12%] [32mBuilding CXX object CMakeFiles/resource_retriever.dir/src/retriever.cpp.o[0m
[ 25%] [32m[1mLinking CXX shared library libresource_retriever.so[0m
[ 25%] Built target resource_retriever
[35m[1mScanning dependencies of target gtest[0m
[ 37%] [32mBuilding CXX object gtest/CMakeFiles/gtest.dir/src/gtest-all.cc.o[0m
[ 50%] [32m[1mLinking CXX static library libgtest.a[0m
[ 50%] Built target gtest
[35m[1mScanning dependencies of target gtest_main[0m
[ 62%] [32mBuilding CXX object gtest/CMakeFiles/gtest_main.dir/src/gtest_main.cc.o[0m
[ 75%] [32m[1mLinking CXX static library libgtest_main.a[0m
[ 75%] Built target gtest_main
[35m[1mScanning dependencies of target resource_retriever_test[0m
[ 87%] [32mBuilding CXX object CMakeFiles/resource_retriever_test.dir/test/test.cpp.o[0m
[100%] [32m[1mLinking CXX executable resource_retriever_test[0m
[100%] Built target resource_retriever_test
-- Install configuration: ""
-- Installing: /home/saitama1/ros2_foxy/install/resource_retriever/share/resource_retriever/environment/library_path.sh
-- Installing: /home/saitama1/ros2_foxy/install/resource_retriever/share/resource_retriever/environment/library_path.dsv
-- Installing: /home/saitama1/ros2_foxy/install/resource_retriever/share/resource_retriever/environment/pythonpath.sh
-- Installing: /home/saitama1/ros2_foxy/install/resource_retriever/share/resource_retriever/environment/pythonpath.dsv
-- Installing: /home/saitama1/ros2_foxy/install/resource_retriever/lib/python3.8/site-packages/resource_retriever
-- Installing: /home/saitama1/ros2_foxy/install/resource_retriever/lib/python3.8/site-packages/resource_retriever/__init__.py
Listing '/home/saitama1/ros2_foxy/install/resource_retriever/lib/python3.8/site-packages/resource_retriever'...
Compiling '/home/saitama1/ros2_foxy/install/resource_retriever/lib/python3.8/site-packages/resource_retriever/__init__.py'...
-- Installing: /home/saitama1/ros2_foxy/install/resource_retriever/share/resource_retriever/test/test.txt
-- Installing: /home/saitama1/ros2_foxy/install/resource_retriever/lib/libresource_retriever.so
-- Set runtime path of "/home/saitama1/ros2_foxy/install/resource_retriever/lib/libresource_retriever.so" to ""
-- Installing: /home/saitama1/ros2_foxy/install/resource_retriever/include
-- Installing: /home/saitama1/ros2_foxy/install/resource_retriever/include/resource_retriever
-- Installing: /home/saitama1/ros2_foxy/install/resource_retriever/include/resource_retriever/retriever.h
-- Installing: /home/saitama1/ros2_foxy/install/resource_retriever/include/resource_retriever/visibility_control.hpp
-- Installing: /home/saitama1/ros2_foxy/install/resource_retriever/share/ament_index/resource_index/package_run_dependencies/resource_retriever
-- Installing: /home/saitama1/ros2_foxy/install/resource_retriever/share/ament_index/resource_index/parent_prefix_path/resource_retriever
-- Installing: /home/saitama1/ros2_foxy/install/resource_retriever/share/resource_retriever/environment/ament_prefix_path.sh
-- Installing: /home/saitama1/ros2_foxy/install/resource_retriever/share/resource_retriever/environment/ament_prefix_path.dsv
-- Installing: /home/saitama1/ros2_foxy/install/resource_retriever/share/resource_retriever/environment/path.sh
-- Installing: /home/saitama1/ros2_foxy/install/resource_retriever/share/resource_retriever/environment/path.dsv
-- Installing: /home/saitama1/ros2_foxy/install/resource_retriever/share/resource_retriever/local_setup.bash
-- Installing: /home/saitama1/ros2_foxy/install/resource_retriever/share/resource_retriever/local_setup.sh
-- Installing: /home/saitama1/ros2_foxy/install/resource_retriever/share/resource_retriever/local_setup.zsh
-- Installing: /home/saitama1/ros2_foxy/install/resource_retriever/share/resource_retriever/local_setup.dsv
-- Installing: /home/saitama1/ros2_foxy/install/resource_retriever/share/resource_retriever/package.dsv
-- Installing: /home/saitama1/ros2_foxy/install/resource_retriever/share/ament_index/resource_index/packages/resource_retriever
-- Installing: /home/saitama1/ros2_foxy/install/resource_retriever/share/resource_retriever/cmake/resource_retrieverExport.cmake
-- Installing: /home/saitama1/ros2_foxy/install/resource_retriever/share/resource_retriever/cmake/resource_retrieverExport-noconfig.cmake
-- Installing: /home/saitama1/ros2_foxy/install/resource_retriever/share/resource_retriever/cmake/ament_cmake_export_include_directories-extras.cmake
-- Installing: /home/saitama1/ros2_foxy/install/resource_retriever/share/resource_retriever/cmake/ament_cmake_export_targets-extras.cmake
-- Installing: /home/saitama1/ros2_foxy/install/resource_retriever/share/resource_retriever/cmake/ament_cmake_export_dependencies-extras.cmake
-- Installing: /home/saitama1/ros2_foxy/install/resource_retriever/share/resource_retriever/cmake/resource_retrieverConfig.cmake
-- Installing: /home/saitama1/ros2_foxy/install/resource_retriever/share/resource_retriever/cmake/resource_retrieverConfig-version.cmake
-- Installing: /home/saitama1/ros2_foxy/install/resource_retriever/share/resource_retriever/package.xml
