[0.103s] Invoking command in '/home/saitama1/ros2_foxy/build/gmock_vendor': CMAKE_PREFIX_PATH=/home/saitama1/ros2_foxy/install/gtest_vendor PKG_CONFIG_PATH=/home/saitama1/ros2_foxy/install/gtest_vendor/lib/x86_64-linux-gnu/pkgconfig:/home/saitama1/ros2_foxy/install/gtest_vendor/lib/pkgconfig /usr/bin/cmake --build /home/saitama1/ros2_foxy/build/gmock_vendor -- -j12 -l12
[0.152s] Invoked command in '/home/saitama1/ros2_foxy/build/gmock_vendor' returned '0': CMAKE_PREFIX_PATH=/home/saitama1/ros2_foxy/install/gtest_vendor PKG_CONFIG_PATH=/home/saitama1/ros2_foxy/install/gtest_vendor/lib/x86_64-linux-gnu/pkgconfig:/home/saitama1/ros2_foxy/install/gtest_vendor/lib/pkgconfig /usr/bin/cmake --build /home/saitama1/ros2_foxy/build/gmock_vendor -- -j12 -l12
[0.170s] Invoking command in '/home/saitama1/ros2_foxy/build/gmock_vendor': CMAKE_PREFIX_PATH=/home/saitama1/ros2_foxy/install/gtest_vendor PKG_CONFIG_PATH=/home/saitama1/ros2_foxy/install/gtest_vendor/lib/x86_64-linux-gnu/pkgconfig:/home/saitama1/ros2_foxy/install/gtest_vendor/lib/pkgconfig /usr/bin/cmake --install /home/saitama1/ros2_foxy/build/gmock_vendor
[0.177s] -- Install configuration: ""
[0.177s] -- Up-to-date: /home/saitama1/ros2_foxy/install/gmock_vendor/share/gmock_vendor/cmake/gmock_vendorConfig.cmake
[0.177s] -- Up-to-date: /home/saitama1/ros2_foxy/install/gmock_vendor/share/gmock_vendor/package.xml
[0.177s] -- Up-to-date: /home/saitama1/ros2_foxy/install/gmock_vendor/src/gmock_vendor/CMakeLists.txt
[0.178s] -- Up-to-date: /home/saitama1/ros2_foxy/install/gmock_vendor/src/gmock_vendor/include/gmock
[0.179s] -- Up-to-date: /home/saitama1/ros2_foxy/install/gmock_vendor/src/gmock_vendor/include/gmock/gmock-more-matchers.h
[0.179s] -- Up-to-date: /home/saitama1/ros2_foxy/install/gmock_vendor/src/gmock_vendor/include/gmock/gmock-generated-matchers.h
[0.179s] -- Up-to-date: /home/saitama1/ros2_foxy/install/gmock_vendor/src/gmock_vendor/include/gmock/gmock-generated-actions.h
[0.179s] -- Up-to-date: /home/saitama1/ros2_foxy/install/gmock_vendor/src/gmock_vendor/include/gmock/gmock-generated-actions.h.pump
[0.179s] -- Up-to-date: /home/saitama1/ros2_foxy/install/gmock_vendor/src/gmock_vendor/include/gmock/gmock-spec-builders.h
[0.179s] -- Up-to-date: /home/saitama1/ros2_foxy/install/gmock_vendor/src/gmock_vendor/include/gmock/gmock-generated-function-mockers.h
[0.179s] -- Up-to-date: /home/saitama1/ros2_foxy/install/gmock_vendor/src/gmock_vendor/include/gmock/gmock-function-mocker.h
[0.179s] -- Up-to-date: /home/saitama1/ros2_foxy/install/gmock_vendor/src/gmock_vendor/include/gmock/gmock-actions.h
[0.179s] -- Up-to-date: /home/saitama1/ros2_foxy/install/gmock_vendor/src/gmock_vendor/include/gmock/gmock-cardinalities.h
[0.179s] -- Up-to-date: /home/saitama1/ros2_foxy/install/gmock_vendor/src/gmock_vendor/include/gmock/gmock-generated-nice-strict.h
[0.179s] -- Up-to-date: /home/saitama1/ros2_foxy/install/gmock_vendor/src/gmock_vendor/include/gmock/gmock.h
[0.179s] -- Up-to-date: /home/saitama1/ros2_foxy/install/gmock_vendor/src/gmock_vendor/include/gmock/internal
[0.179s] -- Up-to-date: /home/saitama1/ros2_foxy/install/gmock_vendor/src/gmock_vendor/include/gmock/internal/gmock-pp.h
[0.180s] -- Up-to-date: /home/saitama1/ros2_foxy/install/gmock_vendor/src/gmock_vendor/include/gmock/internal/custom
[0.180s] -- Up-to-date: /home/saitama1/ros2_foxy/install/gmock_vendor/src/gmock_vendor/include/gmock/internal/custom/gmock-generated-actions.h
[0.180s] -- Up-to-date: /home/saitama1/ros2_foxy/install/gmock_vendor/src/gmock_vendor/include/gmock/internal/custom/gmock-generated-actions.h.pump
[0.180s] -- Up-to-date: /home/saitama1/ros2_foxy/install/gmock_vendor/src/gmock_vendor/include/gmock/internal/custom/gmock-port.h
[0.180s] -- Up-to-date: /home/saitama1/ros2_foxy/install/gmock_vendor/src/gmock_vendor/include/gmock/internal/custom/README.md
[0.181s] -- Up-to-date: /home/saitama1/ros2_foxy/install/gmock_vendor/src/gmock_vendor/include/gmock/internal/custom/gmock-matchers.h
[0.181s] -- Up-to-date: /home/saitama1/ros2_foxy/install/gmock_vendor/src/gmock_vendor/include/gmock/internal/gmock-port.h
[0.181s] -- Up-to-date: /home/saitama1/ros2_foxy/install/gmock_vendor/src/gmock_vendor/include/gmock/internal/gmock-internal-utils.h
[0.181s] -- Up-to-date: /home/saitama1/ros2_foxy/install/gmock_vendor/src/gmock_vendor/include/gmock/internal/gmock-generated-internal-utils.h.pump
[0.181s] -- Up-to-date: /home/saitama1/ros2_foxy/install/gmock_vendor/src/gmock_vendor/include/gmock/internal/gmock-generated-internal-utils.h
[0.181s] -- Up-to-date: /home/saitama1/ros2_foxy/install/gmock_vendor/src/gmock_vendor/include/gmock/gmock-more-actions.h
[0.181s] -- Up-to-date: /home/saitama1/ros2_foxy/install/gmock_vendor/src/gmock_vendor/include/gmock/gmock-generated-nice-strict.h.pump
[0.181s] -- Up-to-date: /home/saitama1/ros2_foxy/install/gmock_vendor/src/gmock_vendor/include/gmock/gmock-generated-function-mockers.h.pump
[0.181s] -- Up-to-date: /home/saitama1/ros2_foxy/install/gmock_vendor/src/gmock_vendor/include/gmock/gmock-generated-matchers.h.pump
[0.181s] -- Up-to-date: /home/saitama1/ros2_foxy/install/gmock_vendor/src/gmock_vendor/include/gmock/gmock-matchers.h
[0.182s] -- Up-to-date: /home/saitama1/ros2_foxy/install/gmock_vendor/src/gmock_vendor/src
[0.182s] -- Up-to-date: /home/saitama1/ros2_foxy/install/gmock_vendor/src/gmock_vendor/src/gmock-all.cc
[0.182s] -- Up-to-date: /home/saitama1/ros2_foxy/install/gmock_vendor/src/gmock_vendor/src/gmock_main.cc
[0.182s] -- Up-to-date: /home/saitama1/ros2_foxy/install/gmock_vendor/src/gmock_vendor/src/gmock-matchers.cc
[0.182s] -- Up-to-date: /home/saitama1/ros2_foxy/install/gmock_vendor/src/gmock_vendor/src/gmock.cc
[0.182s] -- Up-to-date: /home/saitama1/ros2_foxy/install/gmock_vendor/src/gmock_vendor/src/gmock-spec-builders.cc
[0.182s] -- Up-to-date: /home/saitama1/ros2_foxy/install/gmock_vendor/src/gmock_vendor/src/gmock-cardinalities.cc
[0.182s] -- Up-to-date: /home/saitama1/ros2_foxy/install/gmock_vendor/src/gmock_vendor/src/gmock-internal-utils.cc
[0.183s] Invoked command in '/home/saitama1/ros2_foxy/build/gmock_vendor' returned '0': CMAKE_PREFIX_PATH=/home/saitama1/ros2_foxy/install/gtest_vendor PKG_CONFIG_PATH=/home/saitama1/ros2_foxy/install/gtest_vendor/lib/x86_64-linux-gnu/pkgconfig:/home/saitama1/ros2_foxy/install/gtest_vendor/lib/pkgconfig /usr/bin/cmake --install /home/saitama1/ros2_foxy/build/gmock_vendor
