-- Found ament_cmake: 0.9.8 (/home/saitama1/ros2_foxy/install/ament_cmake/share/ament_cmake/cmake)
-- Using PYTHON_EXECUTABLE: /usr/bin/python3
-- Override CMake install command with custom implementation using symlinks instead of copying resources
-- Found rclcpp: 2.3.1 (/home/saitama1/ros2_foxy/install/rclcpp/share/rclcpp/cmake)
-- Using all available rosidl_typesupport_c: rosidl_typesupport_introspection_c;rosidl_typesupport_fastrtps_c
-- Found rosidl_adapter: 1.2.1 (/home/saitama1/ros2_foxy/install/rosidl_adapter/share/rosidl_adapter/cmake)
-- Using all available rosidl_typesupport_cpp: rosidl_typesupport_introspection_cpp;rosidl_typesupport_fastrtps_cpp
-- Found rmw_implementation_cmake: 1.0.3 (/home/saitama1/ros2_foxy/install/rmw_implementation_cmake/share/rmw_implementation_cmake/cmake)
-- Using RMW implementation 'rmw_fastrtps_cpp' as default
-- Found trace_picas: 0.0.0 (/home/saitama1/ros2_foxy/install/trace_picas/share/trace_picas/cmake)
-- Found ament_lint_auto: 0.9.6 (/home/saitama1/ros2_foxy/install/ament_lint_auto/share/ament_lint_auto/cmake)
-- Added test 'copyright' to check source files copyright and LICENSE
-- Added test 'cppcheck' to perform static code analysis on C / C++ code
-- Configured cppcheck include dirs: 
-- Configured cppcheck exclude dirs and/or files: 
-- Added test 'cpplint' to check C / C++ code against the Google style
-- Configured cpplint exclude dirs and/or files: 
-- Added test 'lint_cmake' to check CMake code style
-- Added test 'uncrustify' to check C / C++ code style
-- Configured uncrustify additional arguments: 
-- Added test 'xmllint' to check XML markup files
-- Configuring done
-- Generating done
-- Build files have been written to: /home/saitama1/ros2_foxy/build/picas_example
[35m[1mScanning dependencies of target example[0m
[ 50%] [32mBuilding CXX object CMakeFiles/example.dir/src/example.cpp.o[0m
[100%] [32m[1mLinking CXX executable example[0m
[100%] Built target example
-- Install configuration: ""
-- Execute custom install script
-- Symlinking: /home/saitama1/ros2_foxy/install/picas_example/lib/picas_example/example
-- Symlinking: /home/saitama1/ros2_foxy/install/picas_example/share/ament_index/resource_index/package_run_dependencies/picas_example
-- Symlinking: /home/saitama1/ros2_foxy/install/picas_example/share/ament_index/resource_index/parent_prefix_path/picas_example
-- Symlinking: /home/saitama1/ros2_foxy/install/picas_example/share/picas_example/environment/ament_prefix_path.sh
-- Symlinking: /home/saitama1/ros2_foxy/install/picas_example/share/picas_example/environment/ament_prefix_path.dsv
-- Symlinking: /home/saitama1/ros2_foxy/install/picas_example/share/picas_example/environment/path.sh
-- Symlinking: /home/saitama1/ros2_foxy/install/picas_example/share/picas_example/environment/path.dsv
-- Symlinking: /home/saitama1/ros2_foxy/install/picas_example/share/picas_example/local_setup.bash
-- Symlinking: /home/saitama1/ros2_foxy/install/picas_example/share/picas_example/local_setup.sh
-- Symlinking: /home/saitama1/ros2_foxy/install/picas_example/share/picas_example/local_setup.zsh
-- Symlinking: /home/saitama1/ros2_foxy/install/picas_example/share/picas_example/local_setup.dsv
-- Symlinking: /home/saitama1/ros2_foxy/install/picas_example/share/picas_example/package.dsv
-- Symlinking: /home/saitama1/ros2_foxy/install/picas_example/share/ament_index/resource_index/packages/picas_example
-- Symlinking: /home/saitama1/ros2_foxy/install/picas_example/share/picas_example/cmake/picas_exampleConfig.cmake
-- Symlinking: /home/saitama1/ros2_foxy/install/picas_example/share/picas_example/cmake/picas_exampleConfig-version.cmake
-- Symlinking: /home/saitama1/ros2_foxy/install/picas_example/share/picas_example/package.xml
