-- Found ament_cmake: 0.9.8 (/home/saitama1/ros2_foxy/install/ament_cmake/share/ament_cmake/cmake)
-- Using PYTHON_EXECUTABLE: /usr/bin/python3
-- Override CMake install command with custom implementation using symlinks instead of copying resources
-- Found rclcpp: 2.3.1 (/home/saitama1/ros2_foxy/install/rclcpp/share/rclcpp/cmake)
-- Using all available rosidl_typesupport_c: rosidl_typesupport_introspection_c;rosidl_typesupport_fastrtps_c
-- Found rosidl_adapter: 1.2.1 (/home/saitama1/ros2_foxy/install/rosidl_adapter/share/rosidl_adapter/cmake)
-- Using all available rosidl_typesupport_cpp: rosidl_typesupport_introspection_cpp;rosidl_typesupport_fastrtps_cpp
-- Found rmw_implementation_cmake: 1.0.3 (/home/saitama1/ros2_foxy/install/rmw_implementation_cmake/share/rmw_implementation_cmake/cmake)
-- Using RMW implementation 'rmw_fastrtps_cpp' as default
-- Found trace_picas: 0.0.0 (/home/saitama1/ros2_foxy/install/trace_picas/share/trace_picas/cmake)
CMake Deprecation Warning at /home/saitama1/ros2_foxy/install/ament_cmake_target_dependencies/share/ament_cmake_target_dependencies/cmake/ament_target_dependencies.cmake:103 (message):
  Package trace_picas is exporting the variable trace_picas_INTERFACES which
  is deprecated, it should export

              trace_picas_TARGETS instead
Call Stack (most recent call first):
  CMakeLists.txt:20 (ament_target_dependencies)


-- Found ament_lint_auto: 0.9.6 (/home/saitama1/ros2_foxy/install/ament_lint_auto/share/ament_lint_auto/cmake)
-- Added test 'copyright' to check source files copyright and LICENSE
-- Added test 'cppcheck' to perform static code analysis on C / C++ code
-- Configured cppcheck include dirs: 
-- Configured cppcheck exclude dirs and/or files: 
-- Added test 'cpplint' to check C / C++ code against the Google style
-- Configured cpplint exclude dirs and/or files: 
-- Added test 'lint_cmake' to check CMake code style
-- Added test 'uncrustify' to check C / C++ code style
-- Configured uncrustify additional arguments: 
-- Added test 'xmllint' to check XML markup files
-- Configuring done
-- Generating done
-- Build files have been written to: /home/saitama1/ros2_foxy/build/picas_example
[35m[1mScanning dependencies of target example[0m
[ 50%] [32mBuilding CXX object CMakeFiles/example.dir/src/example.cpp.o[0m
[01m[K/home/saitama1/ros2_foxy/src/ros2/ros2-picas-example/picas_example/src/example.cpp:[m[K In function ‘[01m[Kvoid dummy_load(int)[m[K’:
[01m[K/home/saitama1/ros2_foxy/src/ros2/ros2-picas-example/picas_example/src/example.cpp:25:21:[m[K [01;35m[Kwarning: [m[Kunused parameter ‘[01m[Kload_ms[m[K’ [[01;35m[K-Wunused-parameter[m[K]
   25 | void dummy_load([01;35m[Kint load_ms[m[K) {
      |                 [01;35m[K~~~~^~~~~~~[m[K
[01m[K/home/saitama1/ros2_foxy/src/ros2/ros2-picas-example/picas_example/src/example.cpp:[m[K In constructor ‘[01m[KStartNode::StartNode(std::string, std::string, std::shared_ptr<trace::Trace>, int, int, bool)[m[K’:
[01m[K/home/saitama1/ros2_foxy/src/ros2/ros2-picas-example/picas_example/src/example.cpp:58:39:[m[K [01;35m[Kwarning: [m[K‘[01m[KStartNode::trace_callbacks_[m[K’ will be initialized after [[01;35m[K-Wreorder[m[K]
   58 |         std::shared_ptr<trace::Trace> [01;35m[Ktrace_callbacks_[m[K;
      |                                       [01;35m[K^~~~~~~~~~~~~~~~[m[K
[01m[K/home/saitama1/ros2_foxy/src/ros2/ros2-picas-example/picas_example/src/example.cpp:55:13:[m[K [01;35m[Kwarning: [m[K  ‘[01m[Kint StartNode::exe_time_[m[K’ [[01;35m[K-Wreorder[m[K]
   55 |         int [01;35m[Kexe_time_[m[K;
      |             [01;35m[K^~~~~~~~~[m[K
[01m[K/home/saitama1/ros2_foxy/src/ros2/ros2-picas-example/picas_example/src/example.cpp:37:9:[m[K [01;35m[Kwarning: [m[K  when initialized here [[01;35m[K-Wreorder[m[K]
   37 |         [01;35m[KStartNode[m[K(const std::string node_name, const std::string pub_topic, std::shared_ptr<trace::Trace> trace_ptr, int exe_time, int period, bool end_flag)
      |         [01;35m[K^~~~~~~~~[m[K
[01m[K/home/saitama1/ros2_foxy/src/ros2/ros2-picas-example/picas_example/src/example.cpp:[m[K In constructor ‘[01m[KIntermediateNode::IntermediateNode(std::string, std::string, std::string, std::shared_ptr<trace::Trace>, int, bool)[m[K’:
[01m[K/home/saitama1/ros2_foxy/src/ros2/ros2-picas-example/picas_example/src/example.cpp:111:39:[m[K [01;35m[Kwarning: [m[K‘[01m[KIntermediateNode::trace_callbacks_[m[K’ will be initialized after [[01;35m[K-Wreorder[m[K]
  111 |         std::shared_ptr<trace::Trace> [01;35m[Ktrace_callbacks_[m[K;
      |                                       [01;35m[K^~~~~~~~~~~~~~~~[m[K
[01m[K/home/saitama1/ros2_foxy/src/ros2/ros2-picas-example/picas_example/src/example.cpp:108:13:[m[K [01;35m[Kwarning: [m[K  ‘[01m[Kint IntermediateNode::exe_time_[m[K’ [[01;35m[K-Wreorder[m[K]
  108 |         int [01;35m[Kexe_time_[m[K;
      |             [01;35m[K^~~~~~~~~[m[K
[01m[K/home/saitama1/ros2_foxy/src/ros2/ros2-picas-example/picas_example/src/example.cpp:97:9:[m[K [01;35m[Kwarning: [m[K  when initialized here [[01;35m[K-Wreorder[m[K]
   97 |         [01;35m[KIntermediateNode[m[K(const std::string node_name, const std::string sub_topic, const std::string pub_topic, std::shared_ptr<trace::Trace> trace_ptr, int exe_time, bool end_flag)
      |         [01;35m[K^~~~~~~~~~~~~~~~[m[K
[100%] [32m[1mLinking CXX executable example[0m
[100%] Built target example
-- Install configuration: ""
-- Execute custom install script
-- Symlinking: /home/saitama1/ros2_foxy/install/picas_example/lib/picas_example/example
-- Symlinking: /home/saitama1/ros2_foxy/install/picas_example/share/ament_index/resource_index/package_run_dependencies/picas_example
-- Symlinking: /home/saitama1/ros2_foxy/install/picas_example/share/ament_index/resource_index/parent_prefix_path/picas_example
-- Symlinking: /home/saitama1/ros2_foxy/install/picas_example/share/picas_example/environment/ament_prefix_path.sh
-- Symlinking: /home/saitama1/ros2_foxy/install/picas_example/share/picas_example/environment/ament_prefix_path.dsv
-- Symlinking: /home/saitama1/ros2_foxy/install/picas_example/share/picas_example/environment/path.sh
-- Symlinking: /home/saitama1/ros2_foxy/install/picas_example/share/picas_example/environment/path.dsv
-- Symlinking: /home/saitama1/ros2_foxy/install/picas_example/share/picas_example/local_setup.bash
-- Symlinking: /home/saitama1/ros2_foxy/install/picas_example/share/picas_example/local_setup.sh
-- Symlinking: /home/saitama1/ros2_foxy/install/picas_example/share/picas_example/local_setup.zsh
-- Symlinking: /home/saitama1/ros2_foxy/install/picas_example/share/picas_example/local_setup.dsv
-- Symlinking: /home/saitama1/ros2_foxy/install/picas_example/share/picas_example/package.dsv
-- Symlinking: /home/saitama1/ros2_foxy/install/picas_example/share/ament_index/resource_index/packages/picas_example
-- Symlinking: /home/saitama1/ros2_foxy/install/picas_example/share/picas_example/cmake/picas_exampleConfig.cmake
-- Symlinking: /home/saitama1/ros2_foxy/install/picas_example/share/picas_example/cmake/picas_exampleConfig-version.cmake
-- Symlinking: /home/saitama1/ros2_foxy/install/picas_example/share/picas_example/package.xml
