-- The C compiler identification is GNU 9.3.0
-- The CXX compiler identification is GNU 9.3.0
-- Check for working C compiler: /usr/bin/cc
-- Check for working C compiler: /usr/bin/cc -- works
-- Detecting C compiler ABI info
-- Detecting C compiler ABI info - done
-- Detecting C compile features
-- Detecting C compile features - done
-- Check for working CXX compiler: /usr/bin/c++
-- Check for working CXX compiler: /usr/bin/c++ -- works
-- Detecting CXX compiler ABI info
-- Detecting CXX compiler ABI info - done
-- Detecting CXX compile features
-- Detecting CXX compile features - done
-- Found ament_cmake: 0.9.8 (/home/saitama1/Pictures/ros2-picas/ros2_foxy/install/ament_cmake/share/ament_cmake/cmake)
-- Found PythonInterp: /usr/bin/python3 (found suitable version "3.8.10", minimum required is "3") 
-- Using PYTHON_EXECUTABLE: /usr/bin/python3
-- Found rosidl_default_generators: 1.0.1 (/home/saitama1/Pictures/ros2-picas/ros2_foxy/install/rosidl_default_generators/share/rosidl_default_generators/cmake)
-- Using all available rosidl_typesupport_c: rosidl_typesupport_fastrtps_c;rosidl_typesupport_introspection_c
-- Found rosidl_adapter: 1.2.1 (/home/saitama1/Pictures/ros2-picas/ros2_foxy/install/rosidl_adapter/share/rosidl_adapter/cmake)
-- Found OpenSSL: /usr/lib/x86_64-linux-gnu/libcrypto.so (found version "1.1.1f")  
-- Found FastRTPS: /home/saitama1/Pictures/ros2-picas/ros2_foxy/install/fastrtps/include  
-- Using all available rosidl_typesupport_cpp: rosidl_typesupport_introspection_cpp;rosidl_typesupport_fastrtps_cpp
-- Found PythonInterp: /usr/bin/python3 (found version "3.8.10") 
-- Found ament_cmake_ros: 0.9.2 (/home/saitama1/Pictures/ros2-picas/ros2_foxy/install/ament_cmake_ros/share/ament_cmake_ros/cmake)
-- Using all available rosidl_typesupport_c: rosidl_typesupport_fastrtps_c;rosidl_typesupport_introspection_c
-- Using all available rosidl_typesupport_cpp: rosidl_typesupport_introspection_cpp;rosidl_typesupport_fastrtps_cpp
-- Found PythonInterp: /usr/bin/python3 (found suitable version "3.8.10", minimum required is "3.5") 
-- Found python_cmake_module: 0.8.1 (/home/saitama1/Pictures/ros2-picas/ros2_foxy/install/python_cmake_module/share/python_cmake_module/cmake)
-- Found PythonLibs: /usr/lib/x86_64-linux-gnu/libpython3.8.so (found suitable version "3.8.10", minimum required is "3.5") 
-- Using PYTHON_EXECUTABLE: /usr/bin/python3
-- Using PYTHON_INCLUDE_DIRS: /usr/include/python3.8
-- Using PYTHON_LIBRARIES: /usr/lib/x86_64-linux-gnu/libpython3.8.so
-- Found PythonExtra: .so  
-- Found ament_lint_auto: 0.9.6 (/home/saitama1/Pictures/ros2-picas/ros2_foxy/install/ament_lint_auto/share/ament_lint_auto/cmake)
-- Added test 'copyright' to check source files copyright and LICENSE
-- Added test 'lint_cmake' to check CMake code style
-- Added test 'xmllint' to check XML markup files
-- Configuring done
-- Generating done
-- Build files have been written to: /home/saitama1/Pictures/ros2-picas/ros2_foxy/build/unique_identifier_msgs
[35m[1mScanning dependencies of target unique_identifier_msgs__cpp[0m
[  3%] [34m[1mGenerating C++ code for ROS interfaces[0m
[  3%] Built target unique_identifier_msgs__cpp
[  6%] [34m[1mGenerating C code for ROS interfaces[0m
[35m[1mScanning dependencies of target unique_identifier_msgs__rosidl_generator_c[0m
[  9%] [32mBuilding C object CMakeFiles/unique_identifier_msgs__rosidl_generator_c.dir/rosidl_generator_c/unique_identifier_msgs/msg/detail/uuid__functions.c.o[0m
[ 12%] [32m[1mLinking C shared library libunique_identifier_msgs__rosidl_generator_c.so[0m
[ 12%] Built target unique_identifier_msgs__rosidl_generator_c
[ 16%] [34m[1mGenerating C++ introspection for ROS interfaces[0m
[35m[1mScanning dependencies of target unique_identifier_msgs__rosidl_typesupport_introspection_cpp[0m
[ 19%] [32mBuilding CXX object CMakeFiles/unique_identifier_msgs__rosidl_typesupport_introspection_cpp.dir/rosidl_typesupport_introspection_cpp/unique_identifier_msgs/msg/detail/uuid__type_support.cpp.o[0m
[ 22%] [32m[1mLinking CXX shared library libunique_identifier_msgs__rosidl_typesupport_introspection_cpp.so[0m
[ 22%] Built target unique_identifier_msgs__rosidl_typesupport_introspection_cpp
[ 25%] [34m[1mGenerating C introspection for ROS interfaces[0m
[35m[1mScanning dependencies of target unique_identifier_msgs__rosidl_typesupport_introspection_c[0m
[ 29%] [32mBuilding C object CMakeFiles/unique_identifier_msgs__rosidl_typesupport_introspection_c.dir/rosidl_typesupport_introspection_c/unique_identifier_msgs/msg/detail/uuid__type_support.c.o[0m
[ 32%] [32m[1mLinking C shared library libunique_identifier_msgs__rosidl_typesupport_introspection_c.so[0m
[ 32%] Built target unique_identifier_msgs__rosidl_typesupport_introspection_c
[ 35%] [34m[1mGenerating C type support dispatch for ROS interfaces[0m
[35m[1mScanning dependencies of target unique_identifier_msgs__rosidl_typesupport_c[0m
[ 38%] [32mBuilding CXX object CMakeFiles/unique_identifier_msgs__rosidl_typesupport_c.dir/rosidl_typesupport_c/unique_identifier_msgs/msg/uuid__type_support.cpp.o[0m
[ 41%] [32m[1mLinking CXX shared library libunique_identifier_msgs__rosidl_typesupport_c.so[0m
[ 41%] Built target unique_identifier_msgs__rosidl_typesupport_c
[ 45%] [34m[1mGenerating C++ type support dispatch for ROS interfaces[0m
[35m[1mScanning dependencies of target unique_identifier_msgs__rosidl_typesupport_cpp[0m
[ 48%] [32mBuilding CXX object CMakeFiles/unique_identifier_msgs__rosidl_typesupport_cpp.dir/rosidl_typesupport_cpp/unique_identifier_msgs/msg/uuid__type_support.cpp.o[0m
[ 51%] [32m[1mLinking CXX shared library libunique_identifier_msgs__rosidl_typesupport_cpp.so[0m
[ 51%] Built target unique_identifier_msgs__rosidl_typesupport_cpp
[ 54%] [34m[1mGenerating C++ type support for eProsima Fast-RTPS[0m
[35m[1mScanning dependencies of target unique_identifier_msgs__rosidl_typesupport_fastrtps_cpp[0m
[ 58%] [32mBuilding CXX object CMakeFiles/unique_identifier_msgs__rosidl_typesupport_fastrtps_cpp.dir/rosidl_typesupport_fastrtps_cpp/unique_identifier_msgs/msg/detail/dds_fastrtps/uuid__type_support.cpp.o[0m
[ 61%] [32m[1mLinking CXX shared library libunique_identifier_msgs__rosidl_typesupport_fastrtps_cpp.so[0m
[ 61%] Built target unique_identifier_msgs__rosidl_typesupport_fastrtps_cpp
[ 64%] [34m[1mGenerating C type support for eProsima Fast-RTPS[0m
[35m[1mScanning dependencies of target unique_identifier_msgs__rosidl_typesupport_fastrtps_c[0m
[ 67%] [32mBuilding CXX object CMakeFiles/unique_identifier_msgs__rosidl_typesupport_fastrtps_c.dir/rosidl_typesupport_fastrtps_c/unique_identifier_msgs/msg/detail/uuid__type_support_c.cpp.o[0m
[ 70%] [32m[1mLinking CXX shared library libunique_identifier_msgs__rosidl_typesupport_fastrtps_c.so[0m
[ 70%] Built target unique_identifier_msgs__rosidl_typesupport_fastrtps_c
[35m[1mScanning dependencies of target unique_identifier_msgs[0m
[ 70%] Built target unique_identifier_msgs
[35m[1mScanning dependencies of target unique_identifier_msgs__py[0m
[ 74%] [34m[1mGenerating Python code for ROS interfaces[0m
[ 74%] Built target unique_identifier_msgs__py
[35m[1mScanning dependencies of target unique_identifier_msgs__python[0m
[ 77%] [32mBuilding C object CMakeFiles/unique_identifier_msgs__python.dir/rosidl_generator_py/unique_identifier_msgs/msg/_uuid_s.c.o[0m
[ 80%] [32m[1mLinking C shared library rosidl_generator_py/unique_identifier_msgs/libunique_identifier_msgs__python.so[0m
[ 80%] Built target unique_identifier_msgs__python
[35m[1mScanning dependencies of target unique_identifier_msgs__rosidl_typesupport_c__pyext[0m
[ 83%] [32mBuilding C object CMakeFiles/unique_identifier_msgs__rosidl_typesupport_c__pyext.dir/rosidl_generator_py/unique_identifier_msgs/_unique_identifier_msgs_s.ep.rosidl_typesupport_c.c.o[0m
[ 87%] [32m[1mLinking C shared library rosidl_generator_py/unique_identifier_msgs/unique_identifier_msgs_s__rosidl_typesupport_c.cpython-38-x86_64-linux-gnu.so[0m
[ 87%] Built target unique_identifier_msgs__rosidl_typesupport_c__pyext
[35m[1mScanning dependencies of target unique_identifier_msgs__rosidl_typesupport_fastrtps_c__pyext[0m
[ 90%] [32mBuilding C object CMakeFiles/unique_identifier_msgs__rosidl_typesupport_fastrtps_c__pyext.dir/rosidl_generator_py/unique_identifier_msgs/_unique_identifier_msgs_s.ep.rosidl_typesupport_fastrtps_c.c.o[0m
[ 93%] [32m[1mLinking CXX shared library rosidl_generator_py/unique_identifier_msgs/unique_identifier_msgs_s__rosidl_typesupport_fastrtps_c.cpython-38-x86_64-linux-gnu.so[0m
[ 93%] Built target unique_identifier_msgs__rosidl_typesupport_fastrtps_c__pyext
[35m[1mScanning dependencies of target unique_identifier_msgs__rosidl_typesupport_introspection_c__pyext[0m
[ 96%] [32mBuilding C object CMakeFiles/unique_identifier_msgs__rosidl_typesupport_introspection_c__pyext.dir/rosidl_generator_py/unique_identifier_msgs/_unique_identifier_msgs_s.ep.rosidl_typesupport_introspection_c.c.o[0m
[100%] [32m[1mLinking C shared library rosidl_generator_py/unique_identifier_msgs/unique_identifier_msgs_s__rosidl_typesupport_introspection_c.cpython-38-x86_64-linux-gnu.so[0m
[100%] Built target unique_identifier_msgs__rosidl_typesupport_introspection_c__pyext
-- Install configuration: ""
-- Installing: /home/saitama1/Pictures/ros2-picas/ros2_foxy/install/unique_identifier_msgs/share/ament_index/resource_index/rosidl_interfaces/unique_identifier_msgs
-- Up-to-date: /home/saitama1/Pictures/ros2-picas/ros2_foxy/install/unique_identifier_msgs/include/unique_identifier_msgs
-- Up-to-date: /home/saitama1/Pictures/ros2-picas/ros2_foxy/install/unique_identifier_msgs/include/unique_identifier_msgs/msg
-- Installing: /home/saitama1/Pictures/ros2-picas/ros2_foxy/install/unique_identifier_msgs/include/unique_identifier_msgs/msg/rosidl_generator_c__visibility_control.h
-- Installing: /home/saitama1/Pictures/ros2-picas/ros2_foxy/install/unique_identifier_msgs/include/unique_identifier_msgs/msg/uuid.h
-- Up-to-date: /home/saitama1/Pictures/ros2-picas/ros2_foxy/install/unique_identifier_msgs/include/unique_identifier_msgs/msg/detail
-- Installing: /home/saitama1/Pictures/ros2-picas/ros2_foxy/install/unique_identifier_msgs/include/unique_identifier_msgs/msg/detail/uuid__struct.h
-- Installing: /home/saitama1/Pictures/ros2-picas/ros2_foxy/install/unique_identifier_msgs/include/unique_identifier_msgs/msg/detail/uuid__type_support.h
-- Installing: /home/saitama1/Pictures/ros2-picas/ros2_foxy/install/unique_identifier_msgs/include/unique_identifier_msgs/msg/detail/uuid__functions.h
-- Installing: /home/saitama1/Pictures/ros2-picas/ros2_foxy/install/unique_identifier_msgs/include/unique_identifier_msgs/msg/detail/uuid__functions.c
-- Installing: /home/saitama1/Pictures/ros2-picas/ros2_foxy/install/unique_identifier_msgs/share/unique_identifier_msgs/environment/library_path.sh
-- Installing: /home/saitama1/Pictures/ros2-picas/ros2_foxy/install/unique_identifier_msgs/share/unique_identifier_msgs/environment/library_path.dsv
-- Installing: /home/saitama1/Pictures/ros2-picas/ros2_foxy/install/unique_identifier_msgs/lib/libunique_identifier_msgs__rosidl_generator_c.so
-- Set runtime path of "/home/saitama1/Pictures/ros2-picas/ros2_foxy/install/unique_identifier_msgs/lib/libunique_identifier_msgs__rosidl_generator_c.so" to ""
-- Up-to-date: /home/saitama1/Pictures/ros2-picas/ros2_foxy/install/unique_identifier_msgs/include/unique_identifier_msgs
-- Up-to-date: /home/saitama1/Pictures/ros2-picas/ros2_foxy/install/unique_identifier_msgs/include/unique_identifier_msgs/msg
-- Installing: /home/saitama1/Pictures/ros2-picas/ros2_foxy/install/unique_identifier_msgs/include/unique_identifier_msgs/msg/rosidl_typesupport_fastrtps_c__visibility_control.h
-- Up-to-date: /home/saitama1/Pictures/ros2-picas/ros2_foxy/install/unique_identifier_msgs/include/unique_identifier_msgs/msg/detail
-- Installing: /home/saitama1/Pictures/ros2-picas/ros2_foxy/install/unique_identifier_msgs/include/unique_identifier_msgs/msg/detail/uuid__rosidl_typesupport_fastrtps_c.h
-- Installing: /home/saitama1/Pictures/ros2-picas/ros2_foxy/install/unique_identifier_msgs/lib/libunique_identifier_msgs__rosidl_typesupport_fastrtps_c.so
-- Set runtime path of "/home/saitama1/Pictures/ros2-picas/ros2_foxy/install/unique_identifier_msgs/lib/libunique_identifier_msgs__rosidl_typesupport_fastrtps_c.so" to ""
-- Up-to-date: /home/saitama1/Pictures/ros2-picas/ros2_foxy/install/unique_identifier_msgs/include/unique_identifier_msgs
-- Up-to-date: /home/saitama1/Pictures/ros2-picas/ros2_foxy/install/unique_identifier_msgs/include/unique_identifier_msgs/msg
-- Installing: /home/saitama1/Pictures/ros2-picas/ros2_foxy/install/unique_identifier_msgs/include/unique_identifier_msgs/msg/rosidl_typesupport_fastrtps_cpp__visibility_control.h
-- Up-to-date: /home/saitama1/Pictures/ros2-picas/ros2_foxy/install/unique_identifier_msgs/include/unique_identifier_msgs/msg/detail
-- Up-to-date: /home/saitama1/Pictures/ros2-picas/ros2_foxy/install/unique_identifier_msgs/include/unique_identifier_msgs/msg/detail/dds_fastrtps
-- Installing: /home/saitama1/Pictures/ros2-picas/ros2_foxy/install/unique_identifier_msgs/include/unique_identifier_msgs/msg/detail/uuid__rosidl_typesupport_fastrtps_cpp.hpp
-- Installing: /home/saitama1/Pictures/ros2-picas/ros2_foxy/install/unique_identifier_msgs/lib/libunique_identifier_msgs__rosidl_typesupport_fastrtps_cpp.so
-- Set runtime path of "/home/saitama1/Pictures/ros2-picas/ros2_foxy/install/unique_identifier_msgs/lib/libunique_identifier_msgs__rosidl_typesupport_fastrtps_cpp.so" to ""
-- Up-to-date: /home/saitama1/Pictures/ros2-picas/ros2_foxy/install/unique_identifier_msgs/include/unique_identifier_msgs
-- Up-to-date: /home/saitama1/Pictures/ros2-picas/ros2_foxy/install/unique_identifier_msgs/include/unique_identifier_msgs/msg
-- Installing: /home/saitama1/Pictures/ros2-picas/ros2_foxy/install/unique_identifier_msgs/include/unique_identifier_msgs/msg/rosidl_typesupport_introspection_c__visibility_control.h
-- Up-to-date: /home/saitama1/Pictures/ros2-picas/ros2_foxy/install/unique_identifier_msgs/include/unique_identifier_msgs/msg/detail
-- Installing: /home/saitama1/Pictures/ros2-picas/ros2_foxy/install/unique_identifier_msgs/include/unique_identifier_msgs/msg/detail/uuid__rosidl_typesupport_introspection_c.h
-- Installing: /home/saitama1/Pictures/ros2-picas/ros2_foxy/install/unique_identifier_msgs/include/unique_identifier_msgs/msg/detail/uuid__type_support.c
-- Installing: /home/saitama1/Pictures/ros2-picas/ros2_foxy/install/unique_identifier_msgs/lib/libunique_identifier_msgs__rosidl_typesupport_introspection_c.so
-- Set runtime path of "/home/saitama1/Pictures/ros2-picas/ros2_foxy/install/unique_identifier_msgs/lib/libunique_identifier_msgs__rosidl_typesupport_introspection_c.so" to ""
-- Installing: /home/saitama1/Pictures/ros2-picas/ros2_foxy/install/unique_identifier_msgs/lib/libunique_identifier_msgs__rosidl_typesupport_c.so
-- Set runtime path of "/home/saitama1/Pictures/ros2-picas/ros2_foxy/install/unique_identifier_msgs/lib/libunique_identifier_msgs__rosidl_typesupport_c.so" to ""
-- Up-to-date: /home/saitama1/Pictures/ros2-picas/ros2_foxy/install/unique_identifier_msgs/include/unique_identifier_msgs
-- Up-to-date: /home/saitama1/Pictures/ros2-picas/ros2_foxy/install/unique_identifier_msgs/include/unique_identifier_msgs/msg
-- Installing: /home/saitama1/Pictures/ros2-picas/ros2_foxy/install/unique_identifier_msgs/include/unique_identifier_msgs/msg/uuid.hpp
-- Up-to-date: /home/saitama1/Pictures/ros2-picas/ros2_foxy/install/unique_identifier_msgs/include/unique_identifier_msgs/msg/detail
-- Installing: /home/saitama1/Pictures/ros2-picas/ros2_foxy/install/unique_identifier_msgs/include/unique_identifier_msgs/msg/detail/uuid__struct.hpp
-- Installing: /home/saitama1/Pictures/ros2-picas/ros2_foxy/install/unique_identifier_msgs/include/unique_identifier_msgs/msg/detail/uuid__builder.hpp
-- Installing: /home/saitama1/Pictures/ros2-picas/ros2_foxy/install/unique_identifier_msgs/include/unique_identifier_msgs/msg/detail/uuid__traits.hpp
-- Up-to-date: /home/saitama1/Pictures/ros2-picas/ros2_foxy/install/unique_identifier_msgs/include/unique_identifier_msgs
-- Up-to-date: /home/saitama1/Pictures/ros2-picas/ros2_foxy/install/unique_identifier_msgs/include/unique_identifier_msgs/msg
-- Up-to-date: /home/saitama1/Pictures/ros2-picas/ros2_foxy/install/unique_identifier_msgs/include/unique_identifier_msgs/msg/detail
-- Installing: /home/saitama1/Pictures/ros2-picas/ros2_foxy/install/unique_identifier_msgs/include/unique_identifier_msgs/msg/detail/uuid__type_support.cpp
-- Installing: /home/saitama1/Pictures/ros2-picas/ros2_foxy/install/unique_identifier_msgs/include/unique_identifier_msgs/msg/detail/uuid__rosidl_typesupport_introspection_cpp.hpp
-- Installing: /home/saitama1/Pictures/ros2-picas/ros2_foxy/install/unique_identifier_msgs/lib/libunique_identifier_msgs__rosidl_typesupport_introspection_cpp.so
-- Set runtime path of "/home/saitama1/Pictures/ros2-picas/ros2_foxy/install/unique_identifier_msgs/lib/libunique_identifier_msgs__rosidl_typesupport_introspection_cpp.so" to ""
-- Installing: /home/saitama1/Pictures/ros2-picas/ros2_foxy/install/unique_identifier_msgs/lib/libunique_identifier_msgs__rosidl_typesupport_cpp.so
-- Set runtime path of "/home/saitama1/Pictures/ros2-picas/ros2_foxy/install/unique_identifier_msgs/lib/libunique_identifier_msgs__rosidl_typesupport_cpp.so" to ""
-- Installing: /home/saitama1/Pictures/ros2-picas/ros2_foxy/install/unique_identifier_msgs/share/unique_identifier_msgs/environment/pythonpath.sh
-- Installing: /home/saitama1/Pictures/ros2-picas/ros2_foxy/install/unique_identifier_msgs/share/unique_identifier_msgs/environment/pythonpath.dsv
-- Installing: /home/saitama1/Pictures/ros2-picas/ros2_foxy/install/unique_identifier_msgs/lib/python3.8/site-packages/unique_identifier_msgs/__init__.py
Compiling '/home/saitama1/Pictures/ros2-picas/ros2_foxy/install/unique_identifier_msgs/lib/python3.8/site-packages/unique_identifier_msgs/__init__.py'...
-- Up-to-date: /home/saitama1/Pictures/ros2-picas/ros2_foxy/install/unique_identifier_msgs/lib/python3.8/site-packages/unique_identifier_msgs/msg
-- Installing: /home/saitama1/Pictures/ros2-picas/ros2_foxy/install/unique_identifier_msgs/lib/python3.8/site-packages/unique_identifier_msgs/msg/_uuid.py
-- Installing: /home/saitama1/Pictures/ros2-picas/ros2_foxy/install/unique_identifier_msgs/lib/python3.8/site-packages/unique_identifier_msgs/msg/__init__.py
-- Installing: /home/saitama1/Pictures/ros2-picas/ros2_foxy/install/unique_identifier_msgs/lib/python3.8/site-packages/unique_identifier_msgs/msg/_uuid_s.c
-- Installing: /home/saitama1/Pictures/ros2-picas/ros2_foxy/install/unique_identifier_msgs/lib/python3.8/site-packages/unique_identifier_msgs/unique_identifier_msgs_s__rosidl_typesupport_fastrtps_c.cpython-38-x86_64-linux-gnu.so
-- Set runtime path of "/home/saitama1/Pictures/ros2-picas/ros2_foxy/install/unique_identifier_msgs/lib/python3.8/site-packages/unique_identifier_msgs/unique_identifier_msgs_s__rosidl_typesupport_fastrtps_c.cpython-38-x86_64-linux-gnu.so" to ""
-- Installing: /home/saitama1/Pictures/ros2-picas/ros2_foxy/install/unique_identifier_msgs/lib/python3.8/site-packages/unique_identifier_msgs/unique_identifier_msgs_s__rosidl_typesupport_introspection_c.cpython-38-x86_64-linux-gnu.so
-- Set runtime path of "/home/saitama1/Pictures/ros2-picas/ros2_foxy/install/unique_identifier_msgs/lib/python3.8/site-packages/unique_identifier_msgs/unique_identifier_msgs_s__rosidl_typesupport_introspection_c.cpython-38-x86_64-linux-gnu.so" to ""
-- Installing: /home/saitama1/Pictures/ros2-picas/ros2_foxy/install/unique_identifier_msgs/lib/python3.8/site-packages/unique_identifier_msgs/unique_identifier_msgs_s__rosidl_typesupport_c.cpython-38-x86_64-linux-gnu.so
-- Set runtime path of "/home/saitama1/Pictures/ros2-picas/ros2_foxy/install/unique_identifier_msgs/lib/python3.8/site-packages/unique_identifier_msgs/unique_identifier_msgs_s__rosidl_typesupport_c.cpython-38-x86_64-linux-gnu.so" to ""
-- Installing: /home/saitama1/Pictures/ros2-picas/ros2_foxy/install/unique_identifier_msgs/lib/libunique_identifier_msgs__python.so
-- Set runtime path of "/home/saitama1/Pictures/ros2-picas/ros2_foxy/install/unique_identifier_msgs/lib/libunique_identifier_msgs__python.so" to ""
-- Installing: /home/saitama1/Pictures/ros2-picas/ros2_foxy/install/unique_identifier_msgs/share/unique_identifier_msgs/msg/UUID.idl
-- Installing: /home/saitama1/Pictures/ros2-picas/ros2_foxy/install/unique_identifier_msgs/share/unique_identifier_msgs/msg/UUID.msg
-- Installing: /home/saitama1/Pictures/ros2-picas/ros2_foxy/install/unique_identifier_msgs/share/ament_index/resource_index/package_run_dependencies/unique_identifier_msgs
-- Installing: /home/saitama1/Pictures/ros2-picas/ros2_foxy/install/unique_identifier_msgs/share/ament_index/resource_index/parent_prefix_path/unique_identifier_msgs
-- Installing: /home/saitama1/Pictures/ros2-picas/ros2_foxy/install/unique_identifier_msgs/share/unique_identifier_msgs/environment/ament_prefix_path.sh
-- Installing: /home/saitama1/Pictures/ros2-picas/ros2_foxy/install/unique_identifier_msgs/share/unique_identifier_msgs/environment/ament_prefix_path.dsv
-- Installing: /home/saitama1/Pictures/ros2-picas/ros2_foxy/install/unique_identifier_msgs/share/unique_identifier_msgs/environment/path.sh
-- Installing: /home/saitama1/Pictures/ros2-picas/ros2_foxy/install/unique_identifier_msgs/share/unique_identifier_msgs/environment/path.dsv
-- Installing: /home/saitama1/Pictures/ros2-picas/ros2_foxy/install/unique_identifier_msgs/share/unique_identifier_msgs/local_setup.bash
-- Installing: /home/saitama1/Pictures/ros2-picas/ros2_foxy/install/unique_identifier_msgs/share/unique_identifier_msgs/local_setup.sh
-- Installing: /home/saitama1/Pictures/ros2-picas/ros2_foxy/install/unique_identifier_msgs/share/unique_identifier_msgs/local_setup.zsh
-- Installing: /home/saitama1/Pictures/ros2-picas/ros2_foxy/install/unique_identifier_msgs/share/unique_identifier_msgs/local_setup.dsv
-- Installing: /home/saitama1/Pictures/ros2-picas/ros2_foxy/install/unique_identifier_msgs/share/unique_identifier_msgs/package.dsv
-- Installing: /home/saitama1/Pictures/ros2-picas/ros2_foxy/install/unique_identifier_msgs/share/ament_index/resource_index/packages/unique_identifier_msgs
-- Installing: /home/saitama1/Pictures/ros2-picas/ros2_foxy/install/unique_identifier_msgs/share/unique_identifier_msgs/cmake/unique_identifier_msgs__rosidl_generator_cExport.cmake
-- Installing: /home/saitama1/Pictures/ros2-picas/ros2_foxy/install/unique_identifier_msgs/share/unique_identifier_msgs/cmake/unique_identifier_msgs__rosidl_generator_cExport-noconfig.cmake
-- Installing: /home/saitama1/Pictures/ros2-picas/ros2_foxy/install/unique_identifier_msgs/share/unique_identifier_msgs/cmake/unique_identifier_msgs__rosidl_typesupport_introspection_cExport.cmake
-- Installing: /home/saitama1/Pictures/ros2-picas/ros2_foxy/install/unique_identifier_msgs/share/unique_identifier_msgs/cmake/unique_identifier_msgs__rosidl_typesupport_introspection_cExport-noconfig.cmake
-- Installing: /home/saitama1/Pictures/ros2-picas/ros2_foxy/install/unique_identifier_msgs/share/unique_identifier_msgs/cmake/unique_identifier_msgs__rosidl_typesupport_cExport.cmake
-- Installing: /home/saitama1/Pictures/ros2-picas/ros2_foxy/install/unique_identifier_msgs/share/unique_identifier_msgs/cmake/unique_identifier_msgs__rosidl_typesupport_cExport-noconfig.cmake
-- Installing: /home/saitama1/Pictures/ros2-picas/ros2_foxy/install/unique_identifier_msgs/share/unique_identifier_msgs/cmake/unique_identifier_msgs__rosidl_generator_cppExport.cmake
-- Installing: /home/saitama1/Pictures/ros2-picas/ros2_foxy/install/unique_identifier_msgs/share/unique_identifier_msgs/cmake/unique_identifier_msgs__rosidl_typesupport_introspection_cppExport.cmake
-- Installing: /home/saitama1/Pictures/ros2-picas/ros2_foxy/install/unique_identifier_msgs/share/unique_identifier_msgs/cmake/unique_identifier_msgs__rosidl_typesupport_introspection_cppExport-noconfig.cmake
-- Installing: /home/saitama1/Pictures/ros2-picas/ros2_foxy/install/unique_identifier_msgs/share/unique_identifier_msgs/cmake/unique_identifier_msgs__rosidl_typesupport_cppExport.cmake
-- Installing: /home/saitama1/Pictures/ros2-picas/ros2_foxy/install/unique_identifier_msgs/share/unique_identifier_msgs/cmake/unique_identifier_msgs__rosidl_typesupport_cppExport-noconfig.cmake
-- Installing: /home/saitama1/Pictures/ros2-picas/ros2_foxy/install/unique_identifier_msgs/share/unique_identifier_msgs/cmake/rosidl_cmake-extras.cmake
-- Installing: /home/saitama1/Pictures/ros2-picas/ros2_foxy/install/unique_identifier_msgs/share/unique_identifier_msgs/cmake/ament_cmake_export_dependencies-extras.cmake
-- Installing: /home/saitama1/Pictures/ros2-picas/ros2_foxy/install/unique_identifier_msgs/share/unique_identifier_msgs/cmake/ament_cmake_export_libraries-extras.cmake
-- Installing: /home/saitama1/Pictures/ros2-picas/ros2_foxy/install/unique_identifier_msgs/share/unique_identifier_msgs/cmake/ament_cmake_export_targets-extras.cmake
-- Installing: /home/saitama1/Pictures/ros2-picas/ros2_foxy/install/unique_identifier_msgs/share/unique_identifier_msgs/cmake/ament_cmake_export_include_directories-extras.cmake
-- Installing: /home/saitama1/Pictures/ros2-picas/ros2_foxy/install/unique_identifier_msgs/share/unique_identifier_msgs/cmake/rosidl_cmake_export_typesupport_libraries-extras.cmake
-- Installing: /home/saitama1/Pictures/ros2-picas/ros2_foxy/install/unique_identifier_msgs/share/unique_identifier_msgs/cmake/rosidl_cmake_export_typesupport_targets-extras.cmake
-- Installing: /home/saitama1/Pictures/ros2-picas/ros2_foxy/install/unique_identifier_msgs/share/unique_identifier_msgs/cmake/unique_identifier_msgsConfig.cmake
-- Installing: /home/saitama1/Pictures/ros2-picas/ros2_foxy/install/unique_identifier_msgs/share/unique_identifier_msgs/cmake/unique_identifier_msgsConfig-version.cmake
-- Installing: /home/saitama1/Pictures/ros2-picas/ros2_foxy/install/unique_identifier_msgs/share/unique_identifier_msgs/package.xml
-- Installing: /home/saitama1/Pictures/ros2-picas/ros2_foxy/install/unique_identifier_msgs/share/unique_identifier_msgs/mapping_rules.yaml
