[100%] Built target rosidl_typesupport_introspection_cpp
-- Install configuration: ""
-- Execute custom install script
-- Up-to-date symlink: /home/saitama1/ros2_foxy/install/rosidl_typesupport_introspection_cpp/share/rosidl_typesupport_introspection_cpp/environment/pythonpath.sh
-- Up-to-date symlink: /home/saitama1/ros2_foxy/install/rosidl_typesupport_introspection_cpp/share/rosidl_typesupport_introspection_cpp/environment/pythonpath.dsv
-- Up-to-date symlink: /home/saitama1/ros2_foxy/install/rosidl_typesupport_introspection_cpp/lib/python3.8/site-packages/rosidl_typesupport_introspection_cpp/__init__.py
-- Up-to-date symlink: /home/saitama1/ros2_foxy/install/rosidl_typesupport_introspection_cpp/share/rosidl_typesupport_introspection_cpp/environment/library_path.sh
-- Up-to-date symlink: /home/saitama1/ros2_foxy/install/rosidl_typesupport_introspection_cpp/share/rosidl_typesupport_introspection_cpp/environment/library_path.dsv
-- Up-to-date symlink: /home/saitama1/ros2_foxy/install/rosidl_typesupport_introspection_cpp/share/ament_index/resource_index/rosidl_typesupport_cpp/rosidl_typesupport_introspection_cpp
-- Up-to-date symlink: /home/saitama1/ros2_foxy/install/rosidl_typesupport_introspection_cpp/share/ament_index/resource_index/rosidl_runtime_packages/rosidl_typesupport_introspection_cpp
-- Up-to-date symlink: /home/saitama1/ros2_foxy/install/rosidl_typesupport_introspection_cpp/share/ament_index/resource_index/package_run_dependencies/rosidl_typesupport_introspection_cpp
-- Up-to-date symlink: /home/saitama1/ros2_foxy/install/rosidl_typesupport_introspection_cpp/share/ament_index/resource_index/parent_prefix_path/rosidl_typesupport_introspection_cpp
-- Up-to-date symlink: /home/saitama1/ros2_foxy/install/rosidl_typesupport_introspection_cpp/share/rosidl_typesupport_introspection_cpp/environment/ament_prefix_path.sh
-- Up-to-date symlink: /home/saitama1/ros2_foxy/install/rosidl_typesupport_introspection_cpp/share/rosidl_typesupport_introspection_cpp/environment/ament_prefix_path.dsv
-- Up-to-date symlink: /home/saitama1/ros2_foxy/install/rosidl_typesupport_introspection_cpp/share/rosidl_typesupport_introspection_cpp/environment/path.sh
-- Up-to-date symlink: /home/saitama1/ros2_foxy/install/rosidl_typesupport_introspection_cpp/share/rosidl_typesupport_introspection_cpp/environment/path.dsv
-- Up-to-date symlink: /home/saitama1/ros2_foxy/install/rosidl_typesupport_introspection_cpp/share/rosidl_typesupport_introspection_cpp/local_setup.bash
-- Up-to-date symlink: /home/saitama1/ros2_foxy/install/rosidl_typesupport_introspection_cpp/share/rosidl_typesupport_introspection_cpp/local_setup.sh
-- Up-to-date symlink: /home/saitama1/ros2_foxy/install/rosidl_typesupport_introspection_cpp/share/rosidl_typesupport_introspection_cpp/local_setup.zsh
-- Up-to-date symlink: /home/saitama1/ros2_foxy/install/rosidl_typesupport_introspection_cpp/share/rosidl_typesupport_introspection_cpp/local_setup.dsv
-- Symlinking: /home/saitama1/ros2_foxy/install/rosidl_typesupport_introspection_cpp/share/rosidl_typesupport_introspection_cpp/package.dsv
-- Up-to-date symlink: /home/saitama1/ros2_foxy/install/rosidl_typesupport_introspection_cpp/share/ament_index/resource_index/packages/rosidl_typesupport_introspection_cpp
-- Up-to-date symlink: /home/saitama1/ros2_foxy/install/rosidl_typesupport_introspection_cpp/share/rosidl_typesupport_introspection_cpp/cmake/rosidl_typesupport_introspection_cpp-extras.cmake
-- Up-to-date symlink: /home/saitama1/ros2_foxy/install/rosidl_typesupport_introspection_cpp/share/rosidl_typesupport_introspection_cpp/cmake/ament_cmake_export_dependencies-extras.cmake
-- Up-to-date symlink: /home/saitama1/ros2_foxy/install/rosidl_typesupport_introspection_cpp/share/rosidl_typesupport_introspection_cpp/cmake/ament_cmake_export_include_directories-extras.cmake
-- Up-to-date symlink: /home/saitama1/ros2_foxy/install/rosidl_typesupport_introspection_cpp/share/rosidl_typesupport_introspection_cpp/cmake/ament_cmake_export_libraries-extras.cmake
-- Up-to-date symlink: /home/saitama1/ros2_foxy/install/rosidl_typesupport_introspection_cpp/share/rosidl_typesupport_introspection_cpp/cmake/ament_cmake_export_targets-extras.cmake
-- Up-to-date symlink: /home/saitama1/ros2_foxy/install/rosidl_typesupport_introspection_cpp/share/rosidl_typesupport_introspection_cpp/cmake/rosidl_typesupport_introspection_cppConfig.cmake
-- Up-to-date symlink: /home/saitama1/ros2_foxy/install/rosidl_typesupport_introspection_cpp/share/rosidl_typesupport_introspection_cpp/cmake/rosidl_typesupport_introspection_cppConfig-version.cmake
-- Up-to-date symlink: /home/saitama1/ros2_foxy/install/rosidl_typesupport_introspection_cpp/share/rosidl_typesupport_introspection_cpp/package.xml
-- Up-to-date symlink: /home/saitama1/ros2_foxy/install/rosidl_typesupport_introspection_cpp/lib/rosidl_typesupport_introspection_cpp/rosidl_typesupport_introspection_cpp
-- Up-to-date symlink: /home/saitama1/ros2_foxy/install/rosidl_typesupport_introspection_cpp/share/rosidl_typesupport_introspection_cpp/cmake/rosidl_typesupport_introspection_cpp_generate_interfaces.cmake
-- Up-to-date symlink: /home/saitama1/ros2_foxy/install/rosidl_typesupport_introspection_cpp/share/rosidl_typesupport_introspection_cpp/resource/idl__rosidl_typesupport_introspection_cpp.hpp.em
-- Up-to-date symlink: /home/saitama1/ros2_foxy/install/rosidl_typesupport_introspection_cpp/share/rosidl_typesupport_introspection_cpp/resource/idl__type_support.cpp.em
-- Up-to-date symlink: /home/saitama1/ros2_foxy/install/rosidl_typesupport_introspection_cpp/share/rosidl_typesupport_introspection_cpp/resource/msg__rosidl_typesupport_introspection_cpp.hpp.em
-- Up-to-date symlink: /home/saitama1/ros2_foxy/install/rosidl_typesupport_introspection_cpp/share/rosidl_typesupport_introspection_cpp/resource/msg__type_support.cpp.em
-- Up-to-date symlink: /home/saitama1/ros2_foxy/install/rosidl_typesupport_introspection_cpp/share/rosidl_typesupport_introspection_cpp/resource/srv__rosidl_typesupport_introspection_cpp.hpp.em
-- Up-to-date symlink: /home/saitama1/ros2_foxy/install/rosidl_typesupport_introspection_cpp/share/rosidl_typesupport_introspection_cpp/resource/srv__type_support.cpp.em
-- Up-to-date symlink: /home/saitama1/ros2_foxy/install/rosidl_typesupport_introspection_cpp/include/rosidl_typesupport_introspection_cpp/field_types.hpp
-- Up-to-date symlink: /home/saitama1/ros2_foxy/install/rosidl_typesupport_introspection_cpp/include/rosidl_typesupport_introspection_cpp/identifier.hpp
-- Up-to-date symlink: /home/saitama1/ros2_foxy/install/rosidl_typesupport_introspection_cpp/include/rosidl_typesupport_introspection_cpp/message_introspection.hpp
-- Up-to-date symlink: /home/saitama1/ros2_foxy/install/rosidl_typesupport_introspection_cpp/include/rosidl_typesupport_introspection_cpp/message_type_support_decl.hpp
-- Up-to-date symlink: /home/saitama1/ros2_foxy/install/rosidl_typesupport_introspection_cpp/include/rosidl_typesupport_introspection_cpp/service_introspection.hpp
-- Up-to-date symlink: /home/saitama1/ros2_foxy/install/rosidl_typesupport_introspection_cpp/include/rosidl_typesupport_introspection_cpp/service_type_support_decl.hpp
-- Up-to-date symlink: /home/saitama1/ros2_foxy/install/rosidl_typesupport_introspection_cpp/include/rosidl_typesupport_introspection_cpp/visibility_control.h
Listing '/home/saitama1/ros2_foxy/install/rosidl_typesupport_introspection_cpp/lib/python3.8/site-packages/rosidl_typesupport_introspection_cpp'...
-- Up-to-date: /home/saitama1/ros2_foxy/install/rosidl_typesupport_introspection_cpp/share/rosidl_typesupport_introspection_cpp/cmake/rosidl_typesupport_introspection_cppExport.cmake
-- Up-to-date: /home/saitama1/ros2_foxy/install/rosidl_typesupport_introspection_cpp/share/rosidl_typesupport_introspection_cpp/cmake/rosidl_typesupport_introspection_cppExport-noconfig.cmake
-- Up-to-date: /home/saitama1/ros2_foxy/install/rosidl_typesupport_introspection_cpp/lib/librosidl_typesupport_introspection_cpp.so
