running egg_info
creating ../../../../build/ros2topic/ros2topic.egg-info
writing ../../../../build/ros2topic/ros2topic.egg-info/PKG-INFO
writing dependency_links to ../../../../build/ros2topic/ros2topic.egg-info/dependency_links.txt
writing entry points to ../../../../build/ros2topic/ros2topic.egg-info/entry_points.txt
writing requirements to ../../../../build/ros2topic/ros2topic.egg-info/requires.txt
writing top-level names to ../../../../build/ros2topic/ros2topic.egg-info/top_level.txt
writing manifest file '../../../../build/ros2topic/ros2topic.egg-info/SOURCES.txt'
reading manifest file '../../../../build/ros2topic/ros2topic.egg-info/SOURCES.txt'
writing manifest file '../../../../build/ros2topic/ros2topic.egg-info/SOURCES.txt'
running build
running build_py
creating /home/saitama1/ros2_foxy/build/ros2topic/build
creating /home/saitama1/ros2_foxy/build/ros2topic/build/lib
creating /home/saitama1/ros2_foxy/build/ros2topic/build/lib/ros2topic
copying ros2topic/__init__.py -> /home/saitama1/ros2_foxy/build/ros2topic/build/lib/ros2topic
creating /home/saitama1/ros2_foxy/build/ros2topic/build/lib/ros2topic/command
copying ros2topic/command/topic.py -> /home/saitama1/ros2_foxy/build/ros2topic/build/lib/ros2topic/command
copying ros2topic/command/__init__.py -> /home/saitama1/ros2_foxy/build/ros2topic/build/lib/ros2topic/command
creating /home/saitama1/ros2_foxy/build/ros2topic/build/lib/ros2topic/api
copying ros2topic/api/__init__.py -> /home/saitama1/ros2_foxy/build/ros2topic/build/lib/ros2topic/api
creating /home/saitama1/ros2_foxy/build/ros2topic/build/lib/ros2topic/verb
copying ros2topic/verb/find.py -> /home/saitama1/ros2_foxy/build/ros2topic/build/lib/ros2topic/verb
copying ros2topic/verb/echo.py -> /home/saitama1/ros2_foxy/build/ros2topic/build/lib/ros2topic/verb
copying ros2topic/verb/hz.py -> /home/saitama1/ros2_foxy/build/ros2topic/build/lib/ros2topic/verb
copying ros2topic/verb/delay.py -> /home/saitama1/ros2_foxy/build/ros2topic/build/lib/ros2topic/verb
copying ros2topic/verb/info.py -> /home/saitama1/ros2_foxy/build/ros2topic/build/lib/ros2topic/verb
copying ros2topic/verb/__init__.py -> /home/saitama1/ros2_foxy/build/ros2topic/build/lib/ros2topic/verb
copying ros2topic/verb/pub.py -> /home/saitama1/ros2_foxy/build/ros2topic/build/lib/ros2topic/verb
copying ros2topic/verb/type.py -> /home/saitama1/ros2_foxy/build/ros2topic/build/lib/ros2topic/verb
copying ros2topic/verb/bw.py -> /home/saitama1/ros2_foxy/build/ros2topic/build/lib/ros2topic/verb
copying ros2topic/verb/list.py -> /home/saitama1/ros2_foxy/build/ros2topic/build/lib/ros2topic/verb
running install
running install_lib
creating /home/saitama1/ros2_foxy/install/ros2topic/lib/python3.8/site-packages/ros2topic
copying /home/saitama1/ros2_foxy/build/ros2topic/build/lib/ros2topic/__init__.py -> /home/saitama1/ros2_foxy/install/ros2topic/lib/python3.8/site-packages/ros2topic
creating /home/saitama1/ros2_foxy/install/ros2topic/lib/python3.8/site-packages/ros2topic/command
copying /home/saitama1/ros2_foxy/build/ros2topic/build/lib/ros2topic/command/topic.py -> /home/saitama1/ros2_foxy/install/ros2topic/lib/python3.8/site-packages/ros2topic/command
copying /home/saitama1/ros2_foxy/build/ros2topic/build/lib/ros2topic/command/__init__.py -> /home/saitama1/ros2_foxy/install/ros2topic/lib/python3.8/site-packages/ros2topic/command
creating /home/saitama1/ros2_foxy/install/ros2topic/lib/python3.8/site-packages/ros2topic/api
copying /home/saitama1/ros2_foxy/build/ros2topic/build/lib/ros2topic/api/__init__.py -> /home/saitama1/ros2_foxy/install/ros2topic/lib/python3.8/site-packages/ros2topic/api
creating /home/saitama1/ros2_foxy/install/ros2topic/lib/python3.8/site-packages/ros2topic/verb
copying /home/saitama1/ros2_foxy/build/ros2topic/build/lib/ros2topic/verb/find.py -> /home/saitama1/ros2_foxy/install/ros2topic/lib/python3.8/site-packages/ros2topic/verb
copying /home/saitama1/ros2_foxy/build/ros2topic/build/lib/ros2topic/verb/echo.py -> /home/saitama1/ros2_foxy/install/ros2topic/lib/python3.8/site-packages/ros2topic/verb
copying /home/saitama1/ros2_foxy/build/ros2topic/build/lib/ros2topic/verb/hz.py -> /home/saitama1/ros2_foxy/install/ros2topic/lib/python3.8/site-packages/ros2topic/verb
copying /home/saitama1/ros2_foxy/build/ros2topic/build/lib/ros2topic/verb/delay.py -> /home/saitama1/ros2_foxy/install/ros2topic/lib/python3.8/site-packages/ros2topic/verb
copying /home/saitama1/ros2_foxy/build/ros2topic/build/lib/ros2topic/verb/info.py -> /home/saitama1/ros2_foxy/install/ros2topic/lib/python3.8/site-packages/ros2topic/verb
copying /home/saitama1/ros2_foxy/build/ros2topic/build/lib/ros2topic/verb/__init__.py -> /home/saitama1/ros2_foxy/install/ros2topic/lib/python3.8/site-packages/ros2topic/verb
copying /home/saitama1/ros2_foxy/build/ros2topic/build/lib/ros2topic/verb/pub.py -> /home/saitama1/ros2_foxy/install/ros2topic/lib/python3.8/site-packages/ros2topic/verb
copying /home/saitama1/ros2_foxy/build/ros2topic/build/lib/ros2topic/verb/type.py -> /home/saitama1/ros2_foxy/install/ros2topic/lib/python3.8/site-packages/ros2topic/verb
copying /home/saitama1/ros2_foxy/build/ros2topic/build/lib/ros2topic/verb/bw.py -> /home/saitama1/ros2_foxy/install/ros2topic/lib/python3.8/site-packages/ros2topic/verb
copying /home/saitama1/ros2_foxy/build/ros2topic/build/lib/ros2topic/verb/list.py -> /home/saitama1/ros2_foxy/install/ros2topic/lib/python3.8/site-packages/ros2topic/verb
byte-compiling /home/saitama1/ros2_foxy/install/ros2topic/lib/python3.8/site-packages/ros2topic/__init__.py to __init__.cpython-38.pyc
byte-compiling /home/saitama1/ros2_foxy/install/ros2topic/lib/python3.8/site-packages/ros2topic/command/topic.py to topic.cpython-38.pyc
byte-compiling /home/saitama1/ros2_foxy/install/ros2topic/lib/python3.8/site-packages/ros2topic/command/__init__.py to __init__.cpython-38.pyc
byte-compiling /home/saitama1/ros2_foxy/install/ros2topic/lib/python3.8/site-packages/ros2topic/api/__init__.py to __init__.cpython-38.pyc
byte-compiling /home/saitama1/ros2_foxy/install/ros2topic/lib/python3.8/site-packages/ros2topic/verb/find.py to find.cpython-38.pyc
byte-compiling /home/saitama1/ros2_foxy/install/ros2topic/lib/python3.8/site-packages/ros2topic/verb/echo.py to echo.cpython-38.pyc
byte-compiling /home/saitama1/ros2_foxy/install/ros2topic/lib/python3.8/site-packages/ros2topic/verb/hz.py to hz.cpython-38.pyc
byte-compiling /home/saitama1/ros2_foxy/install/ros2topic/lib/python3.8/site-packages/ros2topic/verb/delay.py to delay.cpython-38.pyc
byte-compiling /home/saitama1/ros2_foxy/install/ros2topic/lib/python3.8/site-packages/ros2topic/verb/info.py to info.cpython-38.pyc
byte-compiling /home/saitama1/ros2_foxy/install/ros2topic/lib/python3.8/site-packages/ros2topic/verb/__init__.py to __init__.cpython-38.pyc
byte-compiling /home/saitama1/ros2_foxy/install/ros2topic/lib/python3.8/site-packages/ros2topic/verb/pub.py to pub.cpython-38.pyc
byte-compiling /home/saitama1/ros2_foxy/install/ros2topic/lib/python3.8/site-packages/ros2topic/verb/type.py to type.cpython-38.pyc
byte-compiling /home/saitama1/ros2_foxy/install/ros2topic/lib/python3.8/site-packages/ros2topic/verb/bw.py to bw.cpython-38.pyc
byte-compiling /home/saitama1/ros2_foxy/install/ros2topic/lib/python3.8/site-packages/ros2topic/verb/list.py to list.cpython-38.pyc
running install_data
copying package.xml -> /home/saitama1/ros2_foxy/install/ros2topic/share/ros2topic
creating /home/saitama1/ros2_foxy/install/ros2topic/share/ament_index
creating /home/saitama1/ros2_foxy/install/ros2topic/share/ament_index/resource_index
creating /home/saitama1/ros2_foxy/install/ros2topic/share/ament_index/resource_index/packages
copying resource/ros2topic -> /home/saitama1/ros2_foxy/install/ros2topic/share/ament_index/resource_index/packages
running install_egg_info
Copying ../../../../build/ros2topic/ros2topic.egg-info to /home/saitama1/ros2_foxy/install/ros2topic/lib/python3.8/site-packages/ros2topic-0.9.9-py3.8.egg-info
running install_scripts
writing list of installed files to '/home/saitama1/ros2_foxy/build/ros2topic/install.log'
