-- Found ament_cmake: 0.9.8 (/home/saitama1/ros2_foxy/install/ament_cmake/share/ament_cmake/cmake)
-- Using PYTHON_EXECUTABLE: /usr/bin/python3
-- Override CMake install command with custom implementation using symlinks instead of copying resources
-- Found rclcpp: 2.3.1 (/home/saitama1/ros2_foxy/install/rclcpp/share/rclcpp/cmake)
-- Using all available rosidl_typesupport_c: rosidl_typesupport_introspection_c;rosidl_typesupport_fastrtps_c
-- Found rosidl_adapter: 1.2.1 (/home/saitama1/ros2_foxy/install/rosidl_adapter/share/rosidl_adapter/cmake)
-- Using all available rosidl_typesupport_cpp: rosidl_typesupport_introspection_cpp;rosidl_typesupport_fastrtps_cpp
-- Found rmw_implementation_cmake: 1.0.3 (/home/saitama1/ros2_foxy/install/rmw_implementation_cmake/share/rmw_implementation_cmake/cmake)
-- Using RMW implementation 'rmw_fastrtps_cpp' as default
-- Found sensor_msgs: 2.0.4 (/home/saitama1/ros2_foxy/install/sensor_msgs/share/sensor_msgs/cmake)
-- Found tf2: 0.13.10 (/home/saitama1/ros2_foxy/install/tf2/share/tf2/cmake)
-- Found eigen3_cmake_module: 0.1.1 (/home/saitama1/ros2_foxy/install/eigen3_cmake_module/share/eigen3_cmake_module/cmake)
-- Found ament_cmake_cppcheck: 0.9.6 (/home/saitama1/ros2_foxy/install/ament_cmake_cppcheck/share/ament_cmake_cppcheck/cmake)
-- Found ament_cmake_cpplint: 0.9.6 (/home/saitama1/ros2_foxy/install/ament_cmake_cpplint/share/ament_cmake_cpplint/cmake)
-- Found ament_cmake_lint_cmake: 0.9.6 (/home/saitama1/ros2_foxy/install/ament_cmake_lint_cmake/share/ament_cmake_lint_cmake/cmake)
-- Found ament_cmake_uncrustify: 0.9.6 (/home/saitama1/ros2_foxy/install/ament_cmake_uncrustify/share/ament_cmake_uncrustify/cmake)
-- Found ament_cmake_gtest: 0.9.8 (/home/saitama1/ros2_foxy/install/ament_cmake_gtest/share/ament_cmake_gtest/cmake)
-- Found ament_cmake_gmock: 0.9.8 (/home/saitama1/ros2_foxy/install/ament_cmake_gmock/share/ament_cmake_gmock/cmake)
-- Found gtest sources under '/home/saitama1/ros2_foxy/install/gtest_vendor/src/gtest_vendor': C++ tests using 'Google Test' will be built
-- Configuring done
-- Generating done
-- Build files have been written to: /home/saitama1/ros2_foxy/build/laser_geometry
[35m[1mScanning dependencies of target laser_geometry[0m
[ 25%] Built target gtest
[ 37%] [32mBuilding CXX object CMakeFiles/laser_geometry.dir/src/laser_geometry.cpp.o[0m
[ 62%] Built target gtest_main
[ 75%] [32m[1mLinking CXX shared library liblaser_geometry.so[0m
[ 75%] Built target laser_geometry
[35m[1mScanning dependencies of target projection_test[0m
[ 87%] [32mBuilding CXX object CMakeFiles/projection_test.dir/test/projection_test.cpp.o[0m
[100%] [32m[1mLinking CXX executable projection_test[0m
[100%] Built target projection_test
-- Install configuration: ""
-- Execute custom install script
-- Up-to-date symlink: /home/saitama1/ros2_foxy/install/laser_geometry/share/laser_geometry/environment/library_path.sh
-- Up-to-date symlink: /home/saitama1/ros2_foxy/install/laser_geometry/share/laser_geometry/environment/library_path.dsv
-- Up-to-date symlink: /home/saitama1/ros2_foxy/install/laser_geometry/include/laser_geometry/laser_geometry.hpp
-- Up-to-date symlink: /home/saitama1/ros2_foxy/install/laser_geometry/include/laser_geometry/visibility_control.hpp
-- Up-to-date symlink: /home/saitama1/ros2_foxy/install/laser_geometry/share/ament_index/resource_index/package_run_dependencies/laser_geometry
-- Up-to-date symlink: /home/saitama1/ros2_foxy/install/laser_geometry/share/ament_index/resource_index/parent_prefix_path/laser_geometry
-- Up-to-date symlink: /home/saitama1/ros2_foxy/install/laser_geometry/share/laser_geometry/environment/ament_prefix_path.sh
-- Up-to-date symlink: /home/saitama1/ros2_foxy/install/laser_geometry/share/laser_geometry/environment/ament_prefix_path.dsv
-- Up-to-date symlink: /home/saitama1/ros2_foxy/install/laser_geometry/share/laser_geometry/environment/path.sh
-- Up-to-date symlink: /home/saitama1/ros2_foxy/install/laser_geometry/share/laser_geometry/environment/path.dsv
-- Up-to-date symlink: /home/saitama1/ros2_foxy/install/laser_geometry/share/laser_geometry/local_setup.bash
-- Up-to-date symlink: /home/saitama1/ros2_foxy/install/laser_geometry/share/laser_geometry/local_setup.sh
-- Up-to-date symlink: /home/saitama1/ros2_foxy/install/laser_geometry/share/laser_geometry/local_setup.zsh
-- Up-to-date symlink: /home/saitama1/ros2_foxy/install/laser_geometry/share/laser_geometry/local_setup.dsv
-- Symlinking: /home/saitama1/ros2_foxy/install/laser_geometry/share/laser_geometry/package.dsv
-- Up-to-date symlink: /home/saitama1/ros2_foxy/install/laser_geometry/share/ament_index/resource_index/packages/laser_geometry
-- Up-to-date symlink: /home/saitama1/ros2_foxy/install/laser_geometry/share/laser_geometry/cmake/ament_cmake_export_include_directories-extras.cmake
-- Up-to-date symlink: /home/saitama1/ros2_foxy/install/laser_geometry/share/laser_geometry/cmake/ament_cmake_export_libraries-extras.cmake
-- Up-to-date symlink: /home/saitama1/ros2_foxy/install/laser_geometry/share/laser_geometry/cmake/ament_cmake_export_targets-extras.cmake
-- Up-to-date symlink: /home/saitama1/ros2_foxy/install/laser_geometry/share/laser_geometry/cmake/ament_cmake_export_dependencies-extras.cmake
-- Up-to-date symlink: /home/saitama1/ros2_foxy/install/laser_geometry/share/laser_geometry/cmake/laser_geometryConfig.cmake
-- Up-to-date symlink: /home/saitama1/ros2_foxy/install/laser_geometry/share/laser_geometry/cmake/laser_geometryConfig-version.cmake
-- Up-to-date symlink: /home/saitama1/ros2_foxy/install/laser_geometry/share/laser_geometry/package.xml
-- Installing: /home/saitama1/ros2_foxy/install/laser_geometry/lib/liblaser_geometry.so
-- Set runtime path of "/home/saitama1/ros2_foxy/install/laser_geometry/lib/liblaser_geometry.so" to ""
-- Up-to-date: /home/saitama1/ros2_foxy/install/laser_geometry/share/laser_geometry/cmake/laser_geometryExport.cmake
-- Installing: /home/saitama1/ros2_foxy/install/laser_geometry/share/laser_geometry/cmake/laser_geometryExport-noconfig.cmake
