[1.108s] Invoking command in '/home/saitama1/ros2_foxy/build/ros_environment': AMENT_PREFIX_PATH=/home/saitama1/ros2_foxy/install/ament_cmake_core:/home/saitama1/ros2_foxy/install/ament_package CMAKE_PREFIX_PATH=/home/saitama1/ros2_foxy/install/ament_cmake_core PYTHONPATH=/home/saitama1/ros2_foxy/install/ament_package/lib/python3.8/site-packages /usr/bin/cmake /home/saitama1/ros2_foxy/src/ros/ros_environment -DCMAKE_INSTALL_PREFIX=/home/saitama1/ros2_foxy/install/ros_environment
[1.245s] -- Found ament_cmake_core: 0.9.8 (/home/saitama1/ros2_foxy/install/ament_cmake_core/share/ament_cmake_core/cmake)
[1.274s] -- Found PythonInterp: /usr/bin/python3 (found suitable version "3.8.10", minimum required is "3") 
[1.274s] -- Using PYTHON_EXECUTABLE: /usr/bin/python3
[1.683s] -- Configuring done
[1.683s] -- Generating done
[1.684s] -- Build files have been written to: /home/saitama1/ros2_foxy/build/ros_environment
[1.809s] Invoked command in '/home/saitama1/ros2_foxy/build/ros_environment' returned '0': AMENT_PREFIX_PATH=/home/saitama1/ros2_foxy/install/ament_cmake_core:/home/saitama1/ros2_foxy/install/ament_package CMAKE_PREFIX_PATH=/home/saitama1/ros2_foxy/install/ament_cmake_core PYTHONPATH=/home/saitama1/ros2_foxy/install/ament_package/lib/python3.8/site-packages /usr/bin/cmake /home/saitama1/ros2_foxy/src/ros/ros_environment -DCMAKE_INSTALL_PREFIX=/home/saitama1/ros2_foxy/install/ros_environment
[1.813s] Invoking command in '/home/saitama1/ros2_foxy/build/ros_environment': AMENT_PREFIX_PATH=/home/saitama1/ros2_foxy/install/ament_cmake_core:/home/saitama1/ros2_foxy/install/ament_package CMAKE_PREFIX_PATH=/home/saitama1/ros2_foxy/install/ament_cmake_core PYTHONPATH=/home/saitama1/ros2_foxy/install/ament_package/lib/python3.8/site-packages /usr/bin/cmake --build /home/saitama1/ros2_foxy/build/ros_environment -- -j12 -l12
[2.070s] Invoked command in '/home/saitama1/ros2_foxy/build/ros_environment' returned '0': AMENT_PREFIX_PATH=/home/saitama1/ros2_foxy/install/ament_cmake_core:/home/saitama1/ros2_foxy/install/ament_package CMAKE_PREFIX_PATH=/home/saitama1/ros2_foxy/install/ament_cmake_core PYTHONPATH=/home/saitama1/ros2_foxy/install/ament_package/lib/python3.8/site-packages /usr/bin/cmake --build /home/saitama1/ros2_foxy/build/ros_environment -- -j12 -l12
[2.303s] Invoking command in '/home/saitama1/ros2_foxy/build/ros_environment': AMENT_PREFIX_PATH=/home/saitama1/ros2_foxy/install/ament_cmake_core:/home/saitama1/ros2_foxy/install/ament_package CMAKE_PREFIX_PATH=/home/saitama1/ros2_foxy/install/ament_cmake_core PYTHONPATH=/home/saitama1/ros2_foxy/install/ament_package/lib/python3.8/site-packages /usr/bin/cmake --install /home/saitama1/ros2_foxy/build/ros_environment
[2.353s] -- Install configuration: ""
[2.353s] -- Installing: /home/saitama1/ros2_foxy/install/ros_environment/share/ros_environment/environment/1.ros_distro.dsv
[2.353s] -- Installing: /home/saitama1/ros2_foxy/install/ros_environment/share/ros_environment/environment/1.ros_distro.sh
[2.354s] -- Installing: /home/saitama1/ros2_foxy/install/ros_environment/share/ros_environment/environment/1.ros_localhost_only.dsv
[2.354s] -- Installing: /home/saitama1/ros2_foxy/install/ros_environment/share/ros_environment/environment/1.ros_localhost_only.sh
[2.354s] -- Installing: /home/saitama1/ros2_foxy/install/ros_environment/share/ros_environment/environment/1.ros_python_version.dsv
[2.354s] -- Installing: /home/saitama1/ros2_foxy/install/ros_environment/share/ros_environment/environment/1.ros_python_version.sh
[2.354s] -- Installing: /home/saitama1/ros2_foxy/install/ros_environment/share/ros_environment/environment/1.ros_version.dsv
[2.354s] -- Installing: /home/saitama1/ros2_foxy/install/ros_environment/share/ros_environment/environment/1.ros_version.sh
[2.354s] -- Installing: /home/saitama1/ros2_foxy/install/ros_environment/share/ros_environment/environment/0.ros_distro_check.sh
[2.354s] -- Installing: /home/saitama1/ros2_foxy/install/ros_environment/share/ament_index/resource_index/package_run_dependencies/ros_environment
[2.354s] -- Installing: /home/saitama1/ros2_foxy/install/ros_environment/share/ament_index/resource_index/parent_prefix_path/ros_environment
[2.354s] -- Installing: /home/saitama1/ros2_foxy/install/ros_environment/share/ros_environment/environment/ament_prefix_path.sh
[2.354s] -- Installing: /home/saitama1/ros2_foxy/install/ros_environment/share/ros_environment/environment/ament_prefix_path.dsv
[2.354s] -- Installing: /home/saitama1/ros2_foxy/install/ros_environment/share/ros_environment/environment/path.sh
[2.354s] -- Installing: /home/saitama1/ros2_foxy/install/ros_environment/share/ros_environment/environment/path.dsv
[2.354s] -- Installing: /home/saitama1/ros2_foxy/install/ros_environment/share/ros_environment/local_setup.bash
[2.355s] -- Installing: /home/saitama1/ros2_foxy/install/ros_environment/share/ros_environment/local_setup.sh
[2.355s] -- Installing: /home/saitama1/ros2_foxy/install/ros_environment/share/ros_environment/local_setup.zsh
[2.355s] -- Installing: /home/saitama1/ros2_foxy/install/ros_environment/share/ros_environment/local_setup.dsv
[2.355s] -- Installing: /home/saitama1/ros2_foxy/install/ros_environment/share/ros_environment/package.dsv
[2.355s] -- Installing: /home/saitama1/ros2_foxy/install/ros_environment/share/ament_index/resource_index/packages/ros_environment
[2.355s] -- Installing: /home/saitama1/ros2_foxy/install/ros_environment/share/ros_environment/cmake/ros_environmentConfig.cmake
[2.355s] -- Installing: /home/saitama1/ros2_foxy/install/ros_environment/share/ros_environment/cmake/ros_environmentConfig-version.cmake
[2.355s] -- Installing: /home/saitama1/ros2_foxy/install/ros_environment/share/ros_environment/package.xml
[2.407s] Invoked command in '/home/saitama1/ros2_foxy/build/ros_environment' returned '0': AMENT_PREFIX_PATH=/home/saitama1/ros2_foxy/install/ament_cmake_core:/home/saitama1/ros2_foxy/install/ament_package CMAKE_PREFIX_PATH=/home/saitama1/ros2_foxy/install/ament_cmake_core PYTHONPATH=/home/saitama1/ros2_foxy/install/ament_package/lib/python3.8/site-packages /usr/bin/cmake --install /home/saitama1/ros2_foxy/build/ros_environment
