-- Found ament_cmake: 0.9.8 (/home/saitama1/ros2_foxy/install/ament_cmake/share/ament_cmake/cmake)
-- Using PYTHON_EXECUTABLE: /usr/bin/python3
-- Override CMake install command with custom implementation using symlinks instead of copying resources
-- Found rviz_common: 8.2.2 (/home/saitama1/ros2_foxy/install/rviz_common/share/rviz_common/cmake)
-- Setting OGRE_DIR to: '/home/saitama1/ros2_foxy/install/rviz_ogre_vendor/share/rviz_ogre_vendor/cmake/../../../opt/rviz_ogre_vendor/lib/OGRE/cmake'
-- Found OGRE
--   static     : OFF
--   components : HLMS;MeshLodGenerator;Overlay;Paging;Property;RTShaderSystem;Terrain;Volume
--   plugins    : Plugin_BSPSceneManager;Plugin_OctreeSceneManager;Plugin_PCZSceneManager;Plugin_ParticleFX;RenderSystem_GL;RenderSystem_GL3Plus;Codec_STBI;Codec_EXR
--   media      : /home/saitama1/ros2_foxy/install/rviz_ogre_vendor/opt/rviz_ogre_vendor/share/OGRE/Media
-- OGRE_LIBRARIES: OgreHLMS;OgreMeshLodGenerator;OgreOverlay;OgrePaging;OgreProperty;OgreRTShaderSystem;OgreTerrain;OgreVolume;OgreMain
-- OGRE_LIBRARY_DIRS: /home/saitama1/ros2_foxy/install/rviz_ogre_vendor/opt/rviz_ogre_vendor/lib
-- OGRE_PLUGINS: Plugin_BSPSceneManager;Plugin_OctreeSceneManager;Plugin_PCZSceneManager;Plugin_ParticleFX;RenderSystem_GL;RenderSystem_GL3Plus;Codec_STBI;Codec_EXR
-- OGRE_PLUGIN_DIR: /home/saitama1/ros2_foxy/install/rviz_ogre_vendor/opt/rviz_ogre_vendor/lib/OGRE
-- rviz_ogre_vendor::OgreOverlay for IMPORTED_LOCATION_RELEASE: /home/saitama1/ros2_foxy/install/rviz_ogre_vendor/opt/rviz_ogre_vendor/lib/libOgreOverlay.so
-- rviz_ogre_vendor::OgreOverlay for IMPORTED_LOCATION_DEBUG: /home/saitama1/ros2_foxy/install/rviz_ogre_vendor/opt/rviz_ogre_vendor/lib/libOgreOverlay.so
-- rviz_ogre_vendor::OgreMain for IMPORTED_LOCATION_RELEASE: /home/saitama1/ros2_foxy/install/rviz_ogre_vendor/opt/rviz_ogre_vendor/lib/libOgreMain.so
-- rviz_ogre_vendor::OgreMain for IMPORTED_LOCATION_DEBUG: /home/saitama1/ros2_foxy/install/rviz_ogre_vendor/opt/rviz_ogre_vendor/lib/libOgreMain.so
-- Could not find freeimage library
-- rviz_ogre_vendor::RenderSystem_GL for IMPORTED_LOCATION_RELEASE: _render_system_gl_static_library_abs-NOTFOUND
-- rviz_ogre_vendor::RenderSystem_GL for IMPORTED_LOCATION_DEBUG: _render_system_gl_static_library_abs-NOTFOUND
-- library: /usr/lib/x86_64-linux-gnu/libcurl.so
-- Using all available rosidl_typesupport_c: rosidl_typesupport_introspection_c;rosidl_typesupport_fastrtps_c
-- Found rosidl_adapter: 1.2.1 (/home/saitama1/ros2_foxy/install/rosidl_adapter/share/rosidl_adapter/cmake)
-- Using all available rosidl_typesupport_cpp: rosidl_typesupport_introspection_cpp;rosidl_typesupport_fastrtps_cpp
-- Found rmw_implementation_cmake: 1.0.3 (/home/saitama1/ros2_foxy/install/rmw_implementation_cmake/share/rmw_implementation_cmake/cmake)
-- Using RMW implementation 'rmw_fastrtps_cpp' as default
-- Setting yaml-cpp_DIR to: '/home/saitama1/ros2_foxy/install/yaml_cpp_vendor/share/yaml_cpp_vendor/cmake/../../../opt/yaml_cpp_vendor/lib/cmake/yaml-cpp'
-- Found ament_cmake_cppcheck: 0.9.6 (/home/saitama1/ros2_foxy/install/ament_cmake_cppcheck/share/ament_cmake_cppcheck/cmake)
-- Found ament_cmake_cpplint: 0.9.6 (/home/saitama1/ros2_foxy/install/ament_cmake_cpplint/share/ament_cmake_cpplint/cmake)
-- Found ament_cmake_lint_cmake: 0.9.6 (/home/saitama1/ros2_foxy/install/ament_cmake_lint_cmake/share/ament_cmake_lint_cmake/cmake)
-- Found ament_cmake_uncrustify: 0.9.6 (/home/saitama1/ros2_foxy/install/ament_cmake_uncrustify/share/ament_cmake_uncrustify/cmake)
-- Configuring done
-- Generating done
-- Build files have been written to: /home/saitama1/ros2_foxy/build/rviz2
[35m[1mScanning dependencies of target send_lots_of_points_node[0m
[35m[1mScanning dependencies of target rviz2[0m
[ 25%] [32mBuilding CXX object test/tools/CMakeFiles/send_lots_of_points_node.dir/send_lots_of_points_node.cpp.o[0m
[ 50%] [32mBuilding CXX object CMakeFiles/rviz2.dir/src/main.cpp.o[0m
[ 75%] [32m[1mLinking CXX executable send_lots_of_points_node[0m
[100%] [32m[1mLinking CXX executable rviz2[0m
[100%] Built target send_lots_of_points_node
[100%] Built target rviz2
-- Install configuration: ""
-- Execute custom install script
-- Symlinking: /home/saitama1/ros2_foxy/install/rviz2/bin/rviz2
-- Symlinking: /home/saitama1/ros2_foxy/install/rviz2/lib/rviz2/rviz2
-- Symlinking: /home/saitama1/ros2_foxy/install/rviz2/share/ament_index/resource_index/package_run_dependencies/rviz2
-- Symlinking: /home/saitama1/ros2_foxy/install/rviz2/share/ament_index/resource_index/parent_prefix_path/rviz2
-- Symlinking: /home/saitama1/ros2_foxy/install/rviz2/share/rviz2/environment/ament_prefix_path.sh
-- Symlinking: /home/saitama1/ros2_foxy/install/rviz2/share/rviz2/environment/ament_prefix_path.dsv
-- Symlinking: /home/saitama1/ros2_foxy/install/rviz2/share/rviz2/environment/path.sh
-- Symlinking: /home/saitama1/ros2_foxy/install/rviz2/share/rviz2/environment/path.dsv
-- Symlinking: /home/saitama1/ros2_foxy/install/rviz2/share/rviz2/local_setup.bash
-- Symlinking: /home/saitama1/ros2_foxy/install/rviz2/share/rviz2/local_setup.sh
-- Symlinking: /home/saitama1/ros2_foxy/install/rviz2/share/rviz2/local_setup.zsh
-- Symlinking: /home/saitama1/ros2_foxy/install/rviz2/share/rviz2/local_setup.dsv
-- Symlinking: /home/saitama1/ros2_foxy/install/rviz2/share/rviz2/package.dsv
-- Symlinking: /home/saitama1/ros2_foxy/install/rviz2/share/ament_index/resource_index/packages/rviz2
-- Symlinking: /home/saitama1/ros2_foxy/install/rviz2/share/rviz2/cmake/rviz2Config.cmake
-- Symlinking: /home/saitama1/ros2_foxy/install/rviz2/share/rviz2/cmake/rviz2Config-version.cmake
-- Symlinking: /home/saitama1/ros2_foxy/install/rviz2/share/rviz2/package.xml
