-- The C compiler identification is GNU 9.3.0
-- The CXX compiler identification is GNU 9.3.0
-- Check for working C compiler: /usr/bin/cc
-- Check for working C compiler: /usr/bin/cc -- works
-- Detecting C compiler ABI info
-- Detecting C compiler ABI info - done
-- Detecting C compile features
-- Detecting C compile features - done
-- Check for working CXX compiler: /usr/bin/c++
-- Check for working CXX compiler: /usr/bin/c++ -- works
-- Detecting CXX compiler ABI info
-- Detecting CXX compiler ABI info - done
-- Detecting CXX compile features
-- Detecting CXX compile features - done
-- Performing Test HAVE_SANITIZERS
-- Performing Test HAVE_SANITIZERS - Success
-- Found ament_cmake: 0.9.8 (/home/saitama1/Pictures/ros2-picas/ros2_foxy/install/ament_cmake/share/ament_cmake/cmake)
-- Found PythonInterp: /usr/bin/python3 (found suitable version "3.8.10", minimum required is "3") 
-- Using PYTHON_EXECUTABLE: /usr/bin/python3
-- Found ament_index_cpp: 1.1.0 (/home/saitama1/Pictures/ros2-picas/ros2_foxy/install/ament_index_cpp/share/ament_index_cpp/cmake)
-- Found pluginlib: 2.5.3 (/home/saitama1/Pictures/ros2-picas/ros2_foxy/install/pluginlib/share/pluginlib/cmake)
-- Found rosbag2_storage: 0.3.8 (/home/saitama1/Pictures/ros2-picas/ros2_foxy/install/rosbag2_storage/share/rosbag2_storage/cmake)
-- Setting yaml-cpp_DIR to: '/home/saitama1/Pictures/ros2-picas/ros2_foxy/install/yaml_cpp_vendor/share/yaml_cpp_vendor/cmake/../../../opt/yaml_cpp_vendor/lib/cmake/yaml-cpp'
-- Found rosidl_runtime_c: 1.2.1 (/home/saitama1/Pictures/ros2-picas/ros2_foxy/install/rosidl_runtime_c/share/rosidl_runtime_c/cmake)
-- Found rosidl_runtime_cpp: 1.2.1 (/home/saitama1/Pictures/ros2-picas/ros2_foxy/install/rosidl_runtime_cpp/share/rosidl_runtime_cpp/cmake)
-- Found rosidl_typesupport_cpp: 1.0.2 (/home/saitama1/Pictures/ros2-picas/ros2_foxy/install/rosidl_typesupport_cpp/share/rosidl_typesupport_cpp/cmake)
-- Using all available rosidl_typesupport_c: rosidl_typesupport_fastrtps_c;rosidl_typesupport_introspection_c
-- Found rosidl_adapter: 1.2.1 (/home/saitama1/Pictures/ros2-picas/ros2_foxy/install/rosidl_adapter/share/rosidl_adapter/cmake)
-- Found OpenSSL: /usr/lib/x86_64-linux-gnu/libcrypto.so (found version "1.1.1f")  
-- Found FastRTPS: /home/saitama1/Pictures/ros2-picas/ros2_foxy/install/fastrtps/include  
-- Using all available rosidl_typesupport_cpp: rosidl_typesupport_introspection_cpp;rosidl_typesupport_fastrtps_cpp
-- Found ament_cmake_gmock: 0.9.8 (/home/saitama1/Pictures/ros2-picas/ros2_foxy/install/ament_cmake_gmock/share/ament_cmake_gmock/cmake)
-- Found ament_lint_auto: 0.9.6 (/home/saitama1/Pictures/ros2-picas/ros2_foxy/install/ament_lint_auto/share/ament_lint_auto/cmake)
-- Found test_msgs: 1.0.0 (/home/saitama1/Pictures/ros2-picas/ros2_foxy/install/test_msgs/share/test_msgs/cmake)
-- Found rmw_implementation_cmake: 1.0.3 (/home/saitama1/Pictures/ros2-picas/ros2_foxy/install/rmw_implementation_cmake/share/rmw_implementation_cmake/cmake)
-- Using RMW implementation 'rmw_fastrtps_cpp' as default
-- Looking for pthread.h
-- Looking for pthread.h - found
-- Performing Test CMAKE_HAVE_LIBC_PTHREAD
-- Performing Test CMAKE_HAVE_LIBC_PTHREAD - Failed
-- Looking for pthread_create in pthreads
-- Looking for pthread_create in pthreads - not found
-- Looking for pthread_create in pthread
-- Looking for pthread_create in pthread - found
-- Found Threads: TRUE  
-- Found gmock sources under '/home/saitama1/Pictures/ros2-picas/ros2_foxy/install/gmock_vendor/src/gmock_vendor': C++ tests using 'Google Mock' will be built
-- Found ament_cmake_gtest: 0.9.8 (/home/saitama1/Pictures/ros2-picas/ros2_foxy/install/ament_cmake_gtest/share/ament_cmake_gtest/cmake)
-- Found gtest sources under '/home/saitama1/Pictures/ros2-picas/ros2_foxy/install/gtest_vendor/src/gtest_vendor': C++ tests using 'Google Test' will be built
-- Added test 'copyright' to check source files copyright and LICENSE
-- Added test 'cppcheck' to perform static code analysis on C / C++ code
-- Configured cppcheck include dirs: $<BUILD_INTERFACE:/home/saitama1/Pictures/ros2-picas/ros2_foxy/src/ros2/rosbag2/rosbag2_cpp/include>;/home/saitama1/Pictures/ros2-picas/ros2_foxy/src/ros2/rosbag2/rosbag2_cpp/include
-- Configured cppcheck exclude dirs and/or files: 
-- Added test 'cpplint' to check C / C++ code against the Google style
-- Configured cpplint exclude dirs and/or files: 
-- Added test 'lint_cmake' to check CMake code style
-- Added test 'uncrustify' to check C / C++ code style
-- Configured uncrustify additional arguments: 
-- Added test 'xmllint' to check XML markup files
-- Configuring done
-- Generating done
-- Build files have been written to: /home/saitama1/Pictures/ros2-picas/ros2_foxy/build/rosbag2_cpp
[35m[1mScanning dependencies of target gmock[0m
[  2%] [32mBuilding CXX object gmock/CMakeFiles/gmock.dir/home/saitama1/Pictures/ros2-picas/ros2_foxy/install/gtest_vendor/src/gtest_vendor/src/gtest-all.cc.o[0m
[  5%] [32mBuilding CXX object gmock/CMakeFiles/gmock.dir/src/gmock-all.cc.o[0m
[  8%] [32m[1mLinking CXX static library libgmock.a[0m
[  8%] Built target gmock
[35m[1mScanning dependencies of target gmock_main[0m
[ 11%] [32mBuilding CXX object gmock/CMakeFiles/gmock_main.dir/src/gmock_main.cc.o[0m
[ 13%] [32m[1mLinking CXX static library libgmock_main.a[0m
[ 13%] Built target gmock_main
[35m[1mScanning dependencies of target rosbag2_cpp[0m
[ 16%] [32mBuilding CXX object CMakeFiles/rosbag2_cpp.dir/src/rosbag2_cpp/converter.cpp.o[0m
[ 19%] [32mBuilding CXX object CMakeFiles/rosbag2_cpp.dir/src/rosbag2_cpp/writers/sequential_writer.cpp.o[0m
[ 22%] [32mBuilding CXX object CMakeFiles/rosbag2_cpp.dir/src/rosbag2_cpp/writer.cpp.o[0m
[ 25%] [32mBuilding CXX object CMakeFiles/rosbag2_cpp.dir/src/rosbag2_cpp/typesupport_helpers.cpp.o[0m
[ 27%] [32mBuilding CXX object CMakeFiles/rosbag2_cpp.dir/src/rosbag2_cpp/types/introspection_message.cpp.o[0m
[ 30%] [32mBuilding CXX object CMakeFiles/rosbag2_cpp.dir/src/rosbag2_cpp/serialization_format_converter_factory.cpp.o[0m
[ 33%] [32mBuilding CXX object CMakeFiles/rosbag2_cpp.dir/src/rosbag2_cpp/readers/sequential_reader.cpp.o[0m
[ 36%] [32mBuilding CXX object CMakeFiles/rosbag2_cpp.dir/src/rosbag2_cpp/reader.cpp.o[0m
[ 38%] [32mBuilding CXX object CMakeFiles/rosbag2_cpp.dir/src/rosbag2_cpp/info.cpp.o[0m
[ 41%] [32m[1mLinking CXX shared library librosbag2_cpp.so[0m
[ 41%] Built target rosbag2_cpp
[35m[1mScanning dependencies of target test_ros2_message[0m
[ 44%] [32mBuilding CXX object CMakeFiles/test_ros2_message.dir/test/rosbag2_cpp/types/test_ros2_message.cpp.o[0m
[ 47%] [32mBuilding CXX object CMakeFiles/test_ros2_message.dir/src/rosbag2_cpp/types/introspection_message.cpp.o[0m
[ 50%] [32mBuilding CXX object CMakeFiles/test_ros2_message.dir/src/rosbag2_cpp/typesupport_helpers.cpp.o[0m
[ 52%] [32m[1mLinking CXX executable test_ros2_message[0m
[ 52%] Built target test_ros2_message
[35m[1mScanning dependencies of target test_multifile_reader[0m
[ 55%] [32mBuilding CXX object CMakeFiles/test_multifile_reader.dir/test/rosbag2_cpp/test_multifile_reader.cpp.o[0m
[ 58%] [32m[1mLinking CXX executable test_multifile_reader[0m
[ 58%] Built target test_multifile_reader
[35m[1mScanning dependencies of target test_typesupport_helpers[0m
[ 61%] [32mBuilding CXX object CMakeFiles/test_typesupport_helpers.dir/test/rosbag2_cpp/test_typesupport_helpers.cpp.o[0m
[ 63%] [32m[1mLinking CXX executable test_typesupport_helpers[0m
[ 63%] Built target test_typesupport_helpers
[35m[1mScanning dependencies of target test_converter_factory[0m
[ 66%] [32mBuilding CXX object CMakeFiles/test_converter_factory.dir/test/rosbag2_cpp/test_converter_factory.cpp.o[0m
[ 69%] [32m[1mLinking CXX executable test_converter_factory[0m
[ 69%] Built target test_converter_factory
[35m[1mScanning dependencies of target test_storage_without_metadata_file[0m
[ 72%] [32mBuilding CXX object CMakeFiles/test_storage_without_metadata_file.dir/test/rosbag2_cpp/test_storage_without_metadata_file.cpp.o[0m
[ 75%] [32m[1mLinking CXX executable test_storage_without_metadata_file[0m
[ 75%] Built target test_storage_without_metadata_file
[35m[1mScanning dependencies of target test_sequential_reader[0m
[ 77%] [32mBuilding CXX object CMakeFiles/test_sequential_reader.dir/test/rosbag2_cpp/test_sequential_reader.cpp.o[0m
[ 80%] [32m[1mLinking CXX executable test_sequential_reader[0m
[ 80%] Built target test_sequential_reader
[35m[1mScanning dependencies of target converter_test_plugins[0m
[ 83%] [32mBuilding CXX object CMakeFiles/converter_test_plugins.dir/test/rosbag2_cpp/serializer_test_plugin.cpp.o[0m
[ 86%] [32mBuilding CXX object CMakeFiles/converter_test_plugins.dir/test/rosbag2_cpp/converter_test_plugin.cpp.o[0m
[ 88%] [32m[1mLinking CXX shared library libconverter_test_plugins.so[0m
[ 88%] Built target converter_test_plugins
[35m[1mScanning dependencies of target test_sequential_writer[0m
[ 91%] [32mBuilding CXX object CMakeFiles/test_sequential_writer.dir/test/rosbag2_cpp/test_sequential_writer.cpp.o[0m
[ 94%] [32m[1mLinking CXX executable test_sequential_writer[0m
[ 94%] Built target test_sequential_writer
[35m[1mScanning dependencies of target test_info[0m
[ 97%] [32mBuilding CXX object CMakeFiles/test_info.dir/test/rosbag2_cpp/test_info.cpp.o[0m
[100%] [32m[1mLinking CXX executable test_info[0m
[100%] Built target test_info
-- Install configuration: ""
-- Up-to-date: /home/saitama1/Pictures/ros2-picas/ros2_foxy/install/rosbag2_cpp/include
-- Up-to-date: /home/saitama1/Pictures/ros2-picas/ros2_foxy/install/rosbag2_cpp/include/rosbag2_cpp
-- Installing: /home/saitama1/Pictures/ros2-picas/ros2_foxy/install/rosbag2_cpp/include/rosbag2_cpp/writer.hpp
-- Installing: /home/saitama1/Pictures/ros2-picas/ros2_foxy/install/rosbag2_cpp/include/rosbag2_cpp/reader.hpp
-- Installing: /home/saitama1/Pictures/ros2-picas/ros2_foxy/install/rosbag2_cpp/include/rosbag2_cpp/types.hpp
-- Installing: /home/saitama1/Pictures/ros2-picas/ros2_foxy/install/rosbag2_cpp/include/rosbag2_cpp/serialization_format_converter_factory.hpp
-- Installing: /home/saitama1/Pictures/ros2-picas/ros2_foxy/install/rosbag2_cpp/include/rosbag2_cpp/storage_options.hpp
-- Installing: /home/saitama1/Pictures/ros2-picas/ros2_foxy/install/rosbag2_cpp/include/rosbag2_cpp/converter.hpp
-- Installing: /home/saitama1/Pictures/ros2-picas/ros2_foxy/install/rosbag2_cpp/include/rosbag2_cpp/serialization_format_converter_factory_interface.hpp
-- Installing: /home/saitama1/Pictures/ros2-picas/ros2_foxy/install/rosbag2_cpp/include/rosbag2_cpp/info.hpp
-- Up-to-date: /home/saitama1/Pictures/ros2-picas/ros2_foxy/install/rosbag2_cpp/include/rosbag2_cpp/converter_interfaces
-- Installing: /home/saitama1/Pictures/ros2-picas/ros2_foxy/install/rosbag2_cpp/include/rosbag2_cpp/converter_interfaces/serialization_format_serializer.hpp
-- Installing: /home/saitama1/Pictures/ros2-picas/ros2_foxy/install/rosbag2_cpp/include/rosbag2_cpp/converter_interfaces/serialization_format_converter.hpp
-- Installing: /home/saitama1/Pictures/ros2-picas/ros2_foxy/install/rosbag2_cpp/include/rosbag2_cpp/converter_interfaces/serialization_format_deserializer.hpp
-- Up-to-date: /home/saitama1/Pictures/ros2-picas/ros2_foxy/install/rosbag2_cpp/include/rosbag2_cpp/writers
-- Installing: /home/saitama1/Pictures/ros2-picas/ros2_foxy/install/rosbag2_cpp/include/rosbag2_cpp/writers/sequential_writer.hpp
-- Up-to-date: /home/saitama1/Pictures/ros2-picas/ros2_foxy/install/rosbag2_cpp/include/rosbag2_cpp/readers
-- Installing: /home/saitama1/Pictures/ros2-picas/ros2_foxy/install/rosbag2_cpp/include/rosbag2_cpp/readers/sequential_reader.hpp
-- Installing: /home/saitama1/Pictures/ros2-picas/ros2_foxy/install/rosbag2_cpp/include/rosbag2_cpp/logging.hpp
-- Up-to-date: /home/saitama1/Pictures/ros2-picas/ros2_foxy/install/rosbag2_cpp/include/rosbag2_cpp/writer_interfaces
-- Installing: /home/saitama1/Pictures/ros2-picas/ros2_foxy/install/rosbag2_cpp/include/rosbag2_cpp/writer_interfaces/base_writer_interface.hpp
-- Installing: /home/saitama1/Pictures/ros2-picas/ros2_foxy/install/rosbag2_cpp/include/rosbag2_cpp/typesupport_helpers.hpp
-- Up-to-date: /home/saitama1/Pictures/ros2-picas/ros2_foxy/install/rosbag2_cpp/include/rosbag2_cpp/reader_interfaces
-- Installing: /home/saitama1/Pictures/ros2-picas/ros2_foxy/install/rosbag2_cpp/include/rosbag2_cpp/reader_interfaces/base_reader_interface.hpp
-- Installing: /home/saitama1/Pictures/ros2-picas/ros2_foxy/install/rosbag2_cpp/include/rosbag2_cpp/visibility_control.hpp
-- Installing: /home/saitama1/Pictures/ros2-picas/ros2_foxy/install/rosbag2_cpp/include/rosbag2_cpp/converter_options.hpp
-- Up-to-date: /home/saitama1/Pictures/ros2-picas/ros2_foxy/install/rosbag2_cpp/include/rosbag2_cpp/types
-- Installing: /home/saitama1/Pictures/ros2-picas/ros2_foxy/install/rosbag2_cpp/include/rosbag2_cpp/types/introspection_message.hpp
-- Installing: /home/saitama1/Pictures/ros2-picas/ros2_foxy/install/rosbag2_cpp/lib/librosbag2_cpp.so
-- Set runtime path of "/home/saitama1/Pictures/ros2-picas/ros2_foxy/install/rosbag2_cpp/lib/librosbag2_cpp.so" to ""
-- Installing: /home/saitama1/Pictures/ros2-picas/ros2_foxy/install/rosbag2_cpp/share/rosbag2_cpp/environment/library_path.sh
-- Installing: /home/saitama1/Pictures/ros2-picas/ros2_foxy/install/rosbag2_cpp/share/rosbag2_cpp/environment/library_path.dsv
-- Installing: /home/saitama1/Pictures/ros2-picas/ros2_foxy/install/rosbag2_cpp/lib/libconverter_test_plugins.so
-- Set runtime path of "/home/saitama1/Pictures/ros2-picas/ros2_foxy/install/rosbag2_cpp/lib/libconverter_test_plugins.so" to ""
-- Installing: /home/saitama1/Pictures/ros2-picas/ros2_foxy/install/rosbag2_cpp/share/rosbag2_cpp/test/rosbag2_cpp/converter_test_plugin.xml
-- Installing: /home/saitama1/Pictures/ros2-picas/ros2_foxy/install/rosbag2_cpp/share/ament_index/resource_index/package_run_dependencies/rosbag2_cpp
-- Installing: /home/saitama1/Pictures/ros2-picas/ros2_foxy/install/rosbag2_cpp/share/ament_index/resource_index/parent_prefix_path/rosbag2_cpp
-- Installing: /home/saitama1/Pictures/ros2-picas/ros2_foxy/install/rosbag2_cpp/share/rosbag2_cpp/environment/ament_prefix_path.sh
-- Installing: /home/saitama1/Pictures/ros2-picas/ros2_foxy/install/rosbag2_cpp/share/rosbag2_cpp/environment/ament_prefix_path.dsv
-- Installing: /home/saitama1/Pictures/ros2-picas/ros2_foxy/install/rosbag2_cpp/share/rosbag2_cpp/environment/path.sh
-- Installing: /home/saitama1/Pictures/ros2-picas/ros2_foxy/install/rosbag2_cpp/share/rosbag2_cpp/environment/path.dsv
-- Installing: /home/saitama1/Pictures/ros2-picas/ros2_foxy/install/rosbag2_cpp/share/rosbag2_cpp/local_setup.bash
-- Installing: /home/saitama1/Pictures/ros2-picas/ros2_foxy/install/rosbag2_cpp/share/rosbag2_cpp/local_setup.sh
-- Installing: /home/saitama1/Pictures/ros2-picas/ros2_foxy/install/rosbag2_cpp/share/rosbag2_cpp/local_setup.zsh
-- Installing: /home/saitama1/Pictures/ros2-picas/ros2_foxy/install/rosbag2_cpp/share/rosbag2_cpp/local_setup.dsv
-- Installing: /home/saitama1/Pictures/ros2-picas/ros2_foxy/install/rosbag2_cpp/share/rosbag2_cpp/package.dsv
-- Installing: /home/saitama1/Pictures/ros2-picas/ros2_foxy/install/rosbag2_cpp/share/ament_index/resource_index/packages/rosbag2_cpp
-- Installing: /home/saitama1/Pictures/ros2-picas/ros2_foxy/install/rosbag2_cpp/share/ament_index/resource_index/rosbag2_cpp__pluginlib__plugin/rosbag2_cpp
-- Installing: /home/saitama1/Pictures/ros2-picas/ros2_foxy/install/rosbag2_cpp/share/rosbag2_cpp/cmake/export_rosbag2_cppExport.cmake
-- Installing: /home/saitama1/Pictures/ros2-picas/ros2_foxy/install/rosbag2_cpp/share/rosbag2_cpp/cmake/export_rosbag2_cppExport-noconfig.cmake
-- Installing: /home/saitama1/Pictures/ros2-picas/ros2_foxy/install/rosbag2_cpp/share/rosbag2_cpp/cmake/ament_cmake_export_include_directories-extras.cmake
-- Installing: /home/saitama1/Pictures/ros2-picas/ros2_foxy/install/rosbag2_cpp/share/rosbag2_cpp/cmake/ament_cmake_export_libraries-extras.cmake
-- Installing: /home/saitama1/Pictures/ros2-picas/ros2_foxy/install/rosbag2_cpp/share/rosbag2_cpp/cmake/ament_cmake_export_targets-extras.cmake
-- Installing: /home/saitama1/Pictures/ros2-picas/ros2_foxy/install/rosbag2_cpp/share/rosbag2_cpp/cmake/ament_cmake_export_dependencies-extras.cmake
-- Installing: /home/saitama1/Pictures/ros2-picas/ros2_foxy/install/rosbag2_cpp/share/rosbag2_cpp/cmake/rosbag2_cppConfig.cmake
-- Installing: /home/saitama1/Pictures/ros2-picas/ros2_foxy/install/rosbag2_cpp/share/rosbag2_cpp/cmake/rosbag2_cppConfig-version.cmake
-- Installing: /home/saitama1/Pictures/ros2-picas/ros2_foxy/install/rosbag2_cpp/share/rosbag2_cpp/package.xml
