[0.423s] Invoking command in '/home/saitama1/ros2_foxy/build/ament_cmake_target_dependencies': AMENT_PREFIX_PATH=/home/saitama1/ros2_foxy/install/ament_cmake_libraries:/home/saitama1/ros2_foxy/install/ament_cmake_include_directories:/home/saitama1/ros2_foxy/install/ament_cmake_core:/home/saitama1/ros2_foxy/install/ament_package CMAKE_PREFIX_PATH=/home/saitama1/ros2_foxy/install/ament_cmake_libraries:/home/saitama1/ros2_foxy/install/ament_cmake_include_directories:/home/saitama1/ros2_foxy/install/ament_cmake_core PYTHONPATH=/home/saitama1/ros2_foxy/install/ament_package/lib/python3.8/site-packages /usr/bin/cmake /home/saitama1/ros2_foxy/src/ament/ament_cmake/ament_cmake_target_dependencies -DCMAKE_INSTALL_PREFIX=/home/saitama1/ros2_foxy/install/ament_cmake_target_dependencies
[1.108s] -- Found ament_cmake_core: 0.9.8 (/home/saitama1/ros2_foxy/install/ament_cmake_core/share/ament_cmake_core/cmake)
[1.108s] -- Found PythonInterp: /usr/bin/python3 (found suitable version "3.8.10", minimum required is "3") 
[1.108s] -- Using PYTHON_EXECUTABLE: /usr/bin/python3
[1.108s] -- Configuring done
[1.108s] -- Generating done
[1.108s] -- Build files have been written to: /home/saitama1/ros2_foxy/build/ament_cmake_target_dependencies
[1.868s] Invoked command in '/home/saitama1/ros2_foxy/build/ament_cmake_target_dependencies' returned '0': AMENT_PREFIX_PATH=/home/saitama1/ros2_foxy/install/ament_cmake_libraries:/home/saitama1/ros2_foxy/install/ament_cmake_include_directories:/home/saitama1/ros2_foxy/install/ament_cmake_core:/home/saitama1/ros2_foxy/install/ament_package CMAKE_PREFIX_PATH=/home/saitama1/ros2_foxy/install/ament_cmake_libraries:/home/saitama1/ros2_foxy/install/ament_cmake_include_directories:/home/saitama1/ros2_foxy/install/ament_cmake_core PYTHONPATH=/home/saitama1/ros2_foxy/install/ament_package/lib/python3.8/site-packages /usr/bin/cmake /home/saitama1/ros2_foxy/src/ament/ament_cmake/ament_cmake_target_dependencies -DCMAKE_INSTALL_PREFIX=/home/saitama1/ros2_foxy/install/ament_cmake_target_dependencies
[1.872s] Invoking command in '/home/saitama1/ros2_foxy/build/ament_cmake_target_dependencies': AMENT_PREFIX_PATH=/home/saitama1/ros2_foxy/install/ament_cmake_libraries:/home/saitama1/ros2_foxy/install/ament_cmake_include_directories:/home/saitama1/ros2_foxy/install/ament_cmake_core:/home/saitama1/ros2_foxy/install/ament_package CMAKE_PREFIX_PATH=/home/saitama1/ros2_foxy/install/ament_cmake_libraries:/home/saitama1/ros2_foxy/install/ament_cmake_include_directories:/home/saitama1/ros2_foxy/install/ament_cmake_core PYTHONPATH=/home/saitama1/ros2_foxy/install/ament_package/lib/python3.8/site-packages /usr/bin/cmake --build /home/saitama1/ros2_foxy/build/ament_cmake_target_dependencies -- -j12 -l12
[2.124s] Invoked command in '/home/saitama1/ros2_foxy/build/ament_cmake_target_dependencies' returned '0': AMENT_PREFIX_PATH=/home/saitama1/ros2_foxy/install/ament_cmake_libraries:/home/saitama1/ros2_foxy/install/ament_cmake_include_directories:/home/saitama1/ros2_foxy/install/ament_cmake_core:/home/saitama1/ros2_foxy/install/ament_package CMAKE_PREFIX_PATH=/home/saitama1/ros2_foxy/install/ament_cmake_libraries:/home/saitama1/ros2_foxy/install/ament_cmake_include_directories:/home/saitama1/ros2_foxy/install/ament_cmake_core PYTHONPATH=/home/saitama1/ros2_foxy/install/ament_package/lib/python3.8/site-packages /usr/bin/cmake --build /home/saitama1/ros2_foxy/build/ament_cmake_target_dependencies -- -j12 -l12
[2.418s] Invoking command in '/home/saitama1/ros2_foxy/build/ament_cmake_target_dependencies': AMENT_PREFIX_PATH=/home/saitama1/ros2_foxy/install/ament_cmake_libraries:/home/saitama1/ros2_foxy/install/ament_cmake_include_directories:/home/saitama1/ros2_foxy/install/ament_cmake_core:/home/saitama1/ros2_foxy/install/ament_package CMAKE_PREFIX_PATH=/home/saitama1/ros2_foxy/install/ament_cmake_libraries:/home/saitama1/ros2_foxy/install/ament_cmake_include_directories:/home/saitama1/ros2_foxy/install/ament_cmake_core PYTHONPATH=/home/saitama1/ros2_foxy/install/ament_package/lib/python3.8/site-packages /usr/bin/cmake --install /home/saitama1/ros2_foxy/build/ament_cmake_target_dependencies
[2.451s] -- Install configuration: ""
[2.452s] -- Installing: /home/saitama1/ros2_foxy/install/ament_cmake_target_dependencies/share/ament_index/resource_index/package_run_dependencies/ament_cmake_target_dependencies
[2.452s] -- Installing: /home/saitama1/ros2_foxy/install/ament_cmake_target_dependencies/share/ament_index/resource_index/parent_prefix_path/ament_cmake_target_dependencies
[2.452s] -- Installing: /home/saitama1/ros2_foxy/install/ament_cmake_target_dependencies/share/ament_cmake_target_dependencies/environment/ament_prefix_path.sh
[2.452s] -- Installing: /home/saitama1/ros2_foxy/install/ament_cmake_target_dependencies/share/ament_cmake_target_dependencies/environment/ament_prefix_path.dsv
[2.452s] -- Installing: /home/saitama1/ros2_foxy/install/ament_cmake_target_dependencies/share/ament_cmake_target_dependencies/environment/path.sh
[2.452s] -- Installing: /home/saitama1/ros2_foxy/install/ament_cmake_target_dependencies/share/ament_cmake_target_dependencies/environment/path.dsv
[2.452s] -- Installing: /home/saitama1/ros2_foxy/install/ament_cmake_target_dependencies/share/ament_cmake_target_dependencies/local_setup.bash
[2.453s] -- Installing: /home/saitama1/ros2_foxy/install/ament_cmake_target_dependencies/share/ament_cmake_target_dependencies/local_setup.sh
[2.453s] -- Installing: /home/saitama1/ros2_foxy/install/ament_cmake_target_dependencies/share/ament_cmake_target_dependencies/local_setup.zsh
[2.453s] -- Installing: /home/saitama1/ros2_foxy/install/ament_cmake_target_dependencies/share/ament_cmake_target_dependencies/local_setup.dsv
[2.453s] -- Installing: /home/saitama1/ros2_foxy/install/ament_cmake_target_dependencies/share/ament_cmake_target_dependencies/package.dsv
[2.453s] -- Installing: /home/saitama1/ros2_foxy/install/ament_cmake_target_dependencies/share/ament_index/resource_index/packages/ament_cmake_target_dependencies
[2.453s] -- Installing: /home/saitama1/ros2_foxy/install/ament_cmake_target_dependencies/share/ament_cmake_target_dependencies/cmake/ament_cmake_target_dependencies-extras.cmake
[2.453s] -- Installing: /home/saitama1/ros2_foxy/install/ament_cmake_target_dependencies/share/ament_cmake_target_dependencies/cmake/ament_cmake_target_dependenciesConfig.cmake
[2.453s] -- Installing: /home/saitama1/ros2_foxy/install/ament_cmake_target_dependencies/share/ament_cmake_target_dependencies/cmake/ament_cmake_target_dependenciesConfig-version.cmake
[2.453s] -- Installing: /home/saitama1/ros2_foxy/install/ament_cmake_target_dependencies/share/ament_cmake_target_dependencies/package.xml
[2.453s] -- Up-to-date: /home/saitama1/ros2_foxy/install/ament_cmake_target_dependencies/share/ament_cmake_target_dependencies/cmake
[2.453s] -- Installing: /home/saitama1/ros2_foxy/install/ament_cmake_target_dependencies/share/ament_cmake_target_dependencies/cmake/ament_get_recursive_properties.cmake
[2.453s] -- Installing: /home/saitama1/ros2_foxy/install/ament_cmake_target_dependencies/share/ament_cmake_target_dependencies/cmake/ament_target_dependencies.cmake
[2.490s] Invoked command in '/home/saitama1/ros2_foxy/build/ament_cmake_target_dependencies' returned '0': AMENT_PREFIX_PATH=/home/saitama1/ros2_foxy/install/ament_cmake_libraries:/home/saitama1/ros2_foxy/install/ament_cmake_include_directories:/home/saitama1/ros2_foxy/install/ament_cmake_core:/home/saitama1/ros2_foxy/install/ament_package CMAKE_PREFIX_PATH=/home/saitama1/ros2_foxy/install/ament_cmake_libraries:/home/saitama1/ros2_foxy/install/ament_cmake_include_directories:/home/saitama1/ros2_foxy/install/ament_cmake_core PYTHONPATH=/home/saitama1/ros2_foxy/install/ament_package/lib/python3.8/site-packages /usr/bin/cmake --install /home/saitama1/ros2_foxy/build/ament_cmake_target_dependencies
