[1.297s] Invoking command in '/home/saitama1/ros2_foxy/build/urdfdom_headers': /usr/bin/cmake --build /home/saitama1/ros2_foxy/build/urdfdom_headers -- -j12 -l12
[1.682s] Invoked command in '/home/saitama1/ros2_foxy/build/urdfdom_headers' returned '0': /usr/bin/cmake --build /home/saitama1/ros2_foxy/build/urdfdom_headers -- -j12 -l12
[1.815s] Invoking command in '/home/saitama1/ros2_foxy/build/urdfdom_headers': /usr/bin/cmake --install /home/saitama1/ros2_foxy/build/urdfdom_headers
[1.840s] -- Install configuration: ""
[1.840s] -- Up-to-date: /home/saitama1/ros2_foxy/install/urdfdom_headers/lib/urdfdom_headers/cmake/urdfdom_headers-config.cmake
[1.840s] -- Up-to-date: /home/saitama1/ros2_foxy/install/urdfdom_headers/lib/urdfdom_headers/cmake/urdfdom_headers-config-version.cmake
[1.841s] -- Up-to-date: /home/saitama1/ros2_foxy/install/urdfdom_headers/lib/pkgconfig/urdfdom_headers.pc
[1.847s] -- Up-to-date: /home/saitama1/ros2_foxy/install/urdfdom_headers/lib/urdfdom_headers/cmake/urdfdom_headersExport.cmake
[1.849s] -- Up-to-date: /home/saitama1/ros2_foxy/install/urdfdom_headers/include/urdf_sensor
[1.849s] -- Up-to-date: /home/saitama1/ros2_foxy/install/urdfdom_headers/include/urdf_sensor/types.h
[1.849s] -- Up-to-date: /home/saitama1/ros2_foxy/install/urdfdom_headers/include/urdf_sensor/sensor.h
[1.853s] -- Up-to-date: /home/saitama1/ros2_foxy/install/urdfdom_headers/include/urdf_model
[1.853s] -- Up-to-date: /home/saitama1/ros2_foxy/install/urdfdom_headers/include/urdf_model/types.h
[1.853s] -- Up-to-date: /home/saitama1/ros2_foxy/install/urdfdom_headers/include/urdf_model/model.h
[1.853s] -- Up-to-date: /home/saitama1/ros2_foxy/install/urdfdom_headers/include/urdf_model/joint.h
[1.853s] -- Up-to-date: /home/saitama1/ros2_foxy/install/urdfdom_headers/include/urdf_model/utils.h
[1.853s] -- Up-to-date: /home/saitama1/ros2_foxy/install/urdfdom_headers/include/urdf_model/color.h
[1.853s] -- Up-to-date: /home/saitama1/ros2_foxy/install/urdfdom_headers/include/urdf_model/pose.h
[1.853s] -- Up-to-date: /home/saitama1/ros2_foxy/install/urdfdom_headers/include/urdf_model/twist.h
[1.853s] -- Up-to-date: /home/saitama1/ros2_foxy/install/urdfdom_headers/include/urdf_model/link.h
[1.855s] -- Up-to-date: /home/saitama1/ros2_foxy/install/urdfdom_headers/include/urdf_model_state
[1.855s] -- Up-to-date: /home/saitama1/ros2_foxy/install/urdfdom_headers/include/urdf_model_state/types.h
[1.855s] -- Up-to-date: /home/saitama1/ros2_foxy/install/urdfdom_headers/include/urdf_model_state/twist.h
[1.855s] -- Up-to-date: /home/saitama1/ros2_foxy/install/urdfdom_headers/include/urdf_model_state/model_state.h
[1.858s] -- Up-to-date: /home/saitama1/ros2_foxy/install/urdfdom_headers/include/urdf_world
[1.858s] -- Up-to-date: /home/saitama1/ros2_foxy/install/urdfdom_headers/include/urdf_world/world.h
[1.858s] -- Up-to-date: /home/saitama1/ros2_foxy/install/urdfdom_headers/include/urdf_world/types.h
[1.862s] -- Up-to-date: /home/saitama1/ros2_foxy/install/urdfdom_headers/include/urdf_exception
[1.862s] -- Up-to-date: /home/saitama1/ros2_foxy/install/urdfdom_headers/include/urdf_exception/exception.h
[1.921s] Invoked command in '/home/saitama1/ros2_foxy/build/urdfdom_headers' returned '0': /usr/bin/cmake --install /home/saitama1/ros2_foxy/build/urdfdom_headers
