-- Found ament_cmake: 0.9.8 (/home/saitama1/ros2_foxy/install/ament_cmake/share/ament_cmake/cmake)
-- Using PYTHON_EXECUTABLE: /usr/bin/python3
-- Override CMake install command with custom implementation using symlinks instead of copying resources
-- Found rclcpp: 2.3.1 (/home/saitama1/ros2_foxy/install/rclcpp/share/rclcpp/cmake)
-- Using all available rosidl_typesupport_c: rosidl_typesupport_introspection_c;rosidl_typesupport_fastrtps_c
-- Found rosidl_adapter: 1.2.1 (/home/saitama1/ros2_foxy/install/rosidl_adapter/share/rosidl_adapter/cmake)
-- Using all available rosidl_typesupport_cpp: rosidl_typesupport_introspection_cpp;rosidl_typesupport_fastrtps_cpp
-- Found rmw_implementation_cmake: 1.0.3 (/home/saitama1/ros2_foxy/install/rmw_implementation_cmake/share/rmw_implementation_cmake/cmake)
-- Using RMW implementation 'rmw_fastrtps_cpp' as default
-- Found ament_cmake_gtest: 0.9.8 (/home/saitama1/ros2_foxy/install/ament_cmake_gtest/share/ament_cmake_gtest/cmake)
-- Found gtest sources under '/home/saitama1/ros2_foxy/install/gtest_vendor/src/gtest_vendor': C++ tests using 'Google Test' will be built
-- Found ament_lint_auto: 0.9.6 (/home/saitama1/ros2_foxy/install/ament_lint_auto/share/ament_lint_auto/cmake)
-- Added test 'copyright' to check source files copyright and LICENSE
-- Added test 'cppcheck' to perform static code analysis on C / C++ code
-- Configured cppcheck include dirs: /home/saitama1/ros2_foxy/src/autoware_build_parts/transport_drivers/udp_driver/include
-- Configured cppcheck exclude dirs and/or files: 
-- Added test 'cpplint' to check C / C++ code against the Google style
-- Configured cpplint exclude dirs and/or files: 
-- Added test 'lint_cmake' to check CMake code style
-- Added test 'uncrustify' to check C / C++ code style
-- Configured uncrustify additional arguments: 
-- Added test 'xmllint' to check XML markup files
-- Configuring done
-- Generating done
-- Build files have been written to: /home/saitama1/ros2_foxy/build/udp_driver
[35m[1mScanning dependencies of target udp_driver_test[0m
[ 11%] [32mBuilding CXX object CMakeFiles/udp_driver_test.dir/test/test_driver.cpp.o[0m
[ 22%] [32m[1mLinking CXX shared library libudp_driver_test.so[0m
[ 22%] Built target udp_driver_test
[ 44%] Built target gtest_main
[ 66%] Built target gtest
[35m[1mScanning dependencies of target test_udp_driver[0m
[ 77%] [32mBuilding CXX object CMakeFiles/test_udp_driver.dir/test/gtest_main.cpp.o[0m
[ 88%] [32mBuilding CXX object CMakeFiles/test_udp_driver.dir/test/test_udp_driver.cpp.o[0m
[100%] [32m[1mLinking CXX executable test_udp_driver[0m
[100%] Built target test_udp_driver
-- Install configuration: ""
-- Execute custom install script
-- Up-to-date symlink: /home/saitama1/ros2_foxy/install/udp_driver/include/udp_driver/udp_driver_node.hpp
-- Up-to-date symlink: /home/saitama1/ros2_foxy/install/udp_driver/include/udp_driver/visibility_control.hpp
-- Up-to-date symlink: /home/saitama1/ros2_foxy/install/udp_driver/share/ament_index/resource_index/package_run_dependencies/udp_driver
-- Up-to-date symlink: /home/saitama1/ros2_foxy/install/udp_driver/share/ament_index/resource_index/parent_prefix_path/udp_driver
-- Up-to-date symlink: /home/saitama1/ros2_foxy/install/udp_driver/share/udp_driver/environment/ament_prefix_path.sh
-- Up-to-date symlink: /home/saitama1/ros2_foxy/install/udp_driver/share/udp_driver/environment/ament_prefix_path.dsv
-- Up-to-date symlink: /home/saitama1/ros2_foxy/install/udp_driver/share/udp_driver/environment/path.sh
-- Up-to-date symlink: /home/saitama1/ros2_foxy/install/udp_driver/share/udp_driver/environment/path.dsv
-- Up-to-date symlink: /home/saitama1/ros2_foxy/install/udp_driver/share/udp_driver/local_setup.bash
-- Up-to-date symlink: /home/saitama1/ros2_foxy/install/udp_driver/share/udp_driver/local_setup.sh
-- Up-to-date symlink: /home/saitama1/ros2_foxy/install/udp_driver/share/udp_driver/local_setup.zsh
-- Up-to-date symlink: /home/saitama1/ros2_foxy/install/udp_driver/share/udp_driver/local_setup.dsv
-- Symlinking: /home/saitama1/ros2_foxy/install/udp_driver/share/udp_driver/package.dsv
-- Up-to-date symlink: /home/saitama1/ros2_foxy/install/udp_driver/share/ament_index/resource_index/packages/udp_driver
-- Up-to-date symlink: /home/saitama1/ros2_foxy/install/udp_driver/share/udp_driver/cmake/ament_cmake_export_include_directories-extras.cmake
-- Up-to-date symlink: /home/saitama1/ros2_foxy/install/udp_driver/share/udp_driver/cmake/udp_driver-extras.cmake
-- Up-to-date symlink: /home/saitama1/ros2_foxy/install/udp_driver/share/udp_driver/cmake/udp_driverConfig.cmake
-- Up-to-date symlink: /home/saitama1/ros2_foxy/install/udp_driver/share/udp_driver/cmake/udp_driverConfig-version.cmake
-- Up-to-date symlink: /home/saitama1/ros2_foxy/install/udp_driver/share/udp_driver/package.xml
