[1.163s] Invoking command in '/home/saitama1/ros2_foxy/src/ros2/rpyutils': AMENT_PREFIX_PATH=/home/saitama1/ros2_foxy/install/ament_xmllint:/home/saitama1/ros2_foxy/install/ament_copyright:/home/saitama1/ros2_foxy/install/ament_pep257:/home/saitama1/ros2_foxy/install/ament_flake8:/home/saitama1/ros2_foxy/install/ament_lint:/home/saitama1/ros2_foxy/install/test_interface_files:/home/saitama1/ros2_foxy/install/ros_environment:/home/saitama1/ros2_foxy/install/osrf_pycommon:/home/saitama1/ros2_foxy/install/ament_pyflakes:/home/saitama1/ros2_foxy/install/ament_pycodestyle:/home/saitama1/ros2_foxy/install/ament_cmake_version:/home/saitama1/ros2_foxy/install/ament_cmake_test:/home/saitama1/ros2_foxy/install/ament_cmake_target_dependencies:/home/saitama1/ros2_foxy/install/ament_cmake_python:/home/saitama1/ros2_foxy/install/ament_cmake_export_dependencies:/home/saitama1/ros2_foxy/install/ament_cmake_libraries:/home/saitama1/ros2_foxy/install/ament_cmake_include_directories:/home/saitama1/ros2_foxy/install/ament_cmake_export_targets:/home/saitama1/ros2_foxy/install/ament_cmake_export_link_flags:/home/saitama1/ros2_foxy/install/ament_cmake_export_interfaces:/home/saitama1/ros2_foxy/install/ament_cmake_export_libraries:/home/saitama1/ros2_foxy/install/ament_cmake_export_include_directories:/home/saitama1/ros2_foxy/install/ament_cmake_export_definitions:/home/saitama1/ros2_foxy/install/ament_cmake_core:/home/saitama1/ros2_foxy/install/ament_package:/home/saitama1/ros2_foxy/install/ament_mypy:/home/saitama1/ros2_foxy/install/ament_cppcheck PATH=/home/saitama1/ros2_foxy/install/ament_xmllint/bin:/home/saitama1/ros2_foxy/install/ament_copyright/bin:/home/saitama1/ros2_foxy/install/ament_pep257/bin:/home/saitama1/ros2_foxy/install/ament_flake8/bin:/home/saitama1/ros2_foxy/install/ament_pyflakes/bin:/home/saitama1/ros2_foxy/install/ament_pycodestyle/bin:/home/saitama1/ros2_foxy/install/ament_mypy/bin:/home/saitama1/ros2_foxy/install/ament_cppcheck/bin:/home/saitama1/.local/bin:/usr/local/sbin:/usr/local/bin:/usr/sbin:/usr/bin:/sbin:/bin:/usr/games:/usr/local/games:/snap/bin PYTHONPATH=/home/saitama1/ros2_foxy/install/rpyutils/lib/python3.8/site-packages:/home/saitama1/ros2_foxy/install/ament_xmllint/lib/python3.8/site-packages:/home/saitama1/ros2_foxy/install/ament_copyright/lib/python3.8/site-packages:/home/saitama1/ros2_foxy/install/ament_pep257/lib/python3.8/site-packages:/home/saitama1/ros2_foxy/install/ament_flake8/lib/python3.8/site-packages:/home/saitama1/ros2_foxy/install/ament_lint/lib/python3.8/site-packages:/home/saitama1/ros2_foxy/install/osrf_pycommon/lib/python3.8/site-packages:/home/saitama1/ros2_foxy/install/ament_pyflakes/lib/python3.8/site-packages:/home/saitama1/ros2_foxy/install/ament_pycodestyle/lib/python3.8/site-packages:/home/saitama1/ros2_foxy/install/ament_cmake_test/lib/python3.8/site-packages:/home/saitama1/ros2_foxy/install/ament_package/lib/python3.8/site-packages:/home/saitama1/ros2_foxy/install/ament_mypy/lib/python3.8/site-packages:/home/saitama1/ros2_foxy/install/ament_cppcheck/lib/python3.8/site-packages /usr/bin/python3 setup.py egg_info --egg-base ../../../build/rpyutils build --build-base /home/saitama1/ros2_foxy/build/rpyutils/build install --prefix /home/saitama1/ros2_foxy/install/rpyutils --record /home/saitama1/ros2_foxy/build/rpyutils/install.log --single-version-externally-managed
[1.338s] running egg_info
[1.339s] creating ../../../build/rpyutils/rpyutils.egg-info
[1.340s] writing ../../../build/rpyutils/rpyutils.egg-info/PKG-INFO
[1.341s] writing dependency_links to ../../../build/rpyutils/rpyutils.egg-info/dependency_links.txt
[1.341s] writing top-level names to ../../../build/rpyutils/rpyutils.egg-info/top_level.txt
[1.341s] writing manifest file '../../../build/rpyutils/rpyutils.egg-info/SOURCES.txt'
[1.385s] reading manifest file '../../../build/rpyutils/rpyutils.egg-info/SOURCES.txt'
[1.387s] writing manifest file '../../../build/rpyutils/rpyutils.egg-info/SOURCES.txt'
[1.387s] running build
[1.387s] running build_py
[1.387s] creating /home/saitama1/ros2_foxy/build/rpyutils/build
[1.387s] creating /home/saitama1/ros2_foxy/build/rpyutils/build/lib
[1.387s] creating /home/saitama1/ros2_foxy/build/rpyutils/build/lib/rpyutils
[1.388s] copying rpyutils/import_c_library.py -> /home/saitama1/ros2_foxy/build/rpyutils/build/lib/rpyutils
[1.388s] copying rpyutils/add_dll_directories.py -> /home/saitama1/ros2_foxy/build/rpyutils/build/lib/rpyutils
[1.388s] copying rpyutils/__init__.py -> /home/saitama1/ros2_foxy/build/rpyutils/build/lib/rpyutils
[1.388s] running install
[1.390s] running install_lib
[1.390s] creating /home/saitama1/ros2_foxy/install/rpyutils/lib/python3.8/site-packages/rpyutils
[1.390s] copying /home/saitama1/ros2_foxy/build/rpyutils/build/lib/rpyutils/import_c_library.py -> /home/saitama1/ros2_foxy/install/rpyutils/lib/python3.8/site-packages/rpyutils
[1.390s] copying /home/saitama1/ros2_foxy/build/rpyutils/build/lib/rpyutils/add_dll_directories.py -> /home/saitama1/ros2_foxy/install/rpyutils/lib/python3.8/site-packages/rpyutils
[1.390s] copying /home/saitama1/ros2_foxy/build/rpyutils/build/lib/rpyutils/__init__.py -> /home/saitama1/ros2_foxy/install/rpyutils/lib/python3.8/site-packages/rpyutils
[1.390s] byte-compiling /home/saitama1/ros2_foxy/install/rpyutils/lib/python3.8/site-packages/rpyutils/import_c_library.py to import_c_library.cpython-38.pyc
[1.390s] byte-compiling /home/saitama1/ros2_foxy/install/rpyutils/lib/python3.8/site-packages/rpyutils/add_dll_directories.py to add_dll_directories.cpython-38.pyc
[1.391s] byte-compiling /home/saitama1/ros2_foxy/install/rpyutils/lib/python3.8/site-packages/rpyutils/__init__.py to __init__.cpython-38.pyc
[1.391s] running install_data
[1.391s] copying package.xml -> /home/saitama1/ros2_foxy/install/rpyutils/share/rpyutils
[1.391s] creating /home/saitama1/ros2_foxy/install/rpyutils/share/ament_index
[1.391s] creating /home/saitama1/ros2_foxy/install/rpyutils/share/ament_index/resource_index
[1.391s] creating /home/saitama1/ros2_foxy/install/rpyutils/share/ament_index/resource_index/packages
[1.391s] copying resource/rpyutils -> /home/saitama1/ros2_foxy/install/rpyutils/share/ament_index/resource_index/packages
[1.391s] running install_egg_info
[1.391s] Copying ../../../build/rpyutils/rpyutils.egg-info to /home/saitama1/ros2_foxy/install/rpyutils/lib/python3.8/site-packages/rpyutils-0.2.0-py3.8.egg-info
[1.391s] running install_scripts
[1.407s] writing list of installed files to '/home/saitama1/ros2_foxy/build/rpyutils/install.log'
[1.870s] Invoked command in '/home/saitama1/ros2_foxy/src/ros2/rpyutils' returned '0': AMENT_PREFIX_PATH=/home/saitama1/ros2_foxy/install/ament_xmllint:/home/saitama1/ros2_foxy/install/ament_copyright:/home/saitama1/ros2_foxy/install/ament_pep257:/home/saitama1/ros2_foxy/install/ament_flake8:/home/saitama1/ros2_foxy/install/ament_lint:/home/saitama1/ros2_foxy/install/test_interface_files:/home/saitama1/ros2_foxy/install/ros_environment:/home/saitama1/ros2_foxy/install/osrf_pycommon:/home/saitama1/ros2_foxy/install/ament_pyflakes:/home/saitama1/ros2_foxy/install/ament_pycodestyle:/home/saitama1/ros2_foxy/install/ament_cmake_version:/home/saitama1/ros2_foxy/install/ament_cmake_test:/home/saitama1/ros2_foxy/install/ament_cmake_target_dependencies:/home/saitama1/ros2_foxy/install/ament_cmake_python:/home/saitama1/ros2_foxy/install/ament_cmake_export_dependencies:/home/saitama1/ros2_foxy/install/ament_cmake_libraries:/home/saitama1/ros2_foxy/install/ament_cmake_include_directories:/home/saitama1/ros2_foxy/install/ament_cmake_export_targets:/home/saitama1/ros2_foxy/install/ament_cmake_export_link_flags:/home/saitama1/ros2_foxy/install/ament_cmake_export_interfaces:/home/saitama1/ros2_foxy/install/ament_cmake_export_libraries:/home/saitama1/ros2_foxy/install/ament_cmake_export_include_directories:/home/saitama1/ros2_foxy/install/ament_cmake_export_definitions:/home/saitama1/ros2_foxy/install/ament_cmake_core:/home/saitama1/ros2_foxy/install/ament_package:/home/saitama1/ros2_foxy/install/ament_mypy:/home/saitama1/ros2_foxy/install/ament_cppcheck PATH=/home/saitama1/ros2_foxy/install/ament_xmllint/bin:/home/saitama1/ros2_foxy/install/ament_copyright/bin:/home/saitama1/ros2_foxy/install/ament_pep257/bin:/home/saitama1/ros2_foxy/install/ament_flake8/bin:/home/saitama1/ros2_foxy/install/ament_pyflakes/bin:/home/saitama1/ros2_foxy/install/ament_pycodestyle/bin:/home/saitama1/ros2_foxy/install/ament_mypy/bin:/home/saitama1/ros2_foxy/install/ament_cppcheck/bin:/home/saitama1/.local/bin:/usr/local/sbin:/usr/local/bin:/usr/sbin:/usr/bin:/sbin:/bin:/usr/games:/usr/local/games:/snap/bin PYTHONPATH=/home/saitama1/ros2_foxy/install/rpyutils/lib/python3.8/site-packages:/home/saitama1/ros2_foxy/install/ament_xmllint/lib/python3.8/site-packages:/home/saitama1/ros2_foxy/install/ament_copyright/lib/python3.8/site-packages:/home/saitama1/ros2_foxy/install/ament_pep257/lib/python3.8/site-packages:/home/saitama1/ros2_foxy/install/ament_flake8/lib/python3.8/site-packages:/home/saitama1/ros2_foxy/install/ament_lint/lib/python3.8/site-packages:/home/saitama1/ros2_foxy/install/osrf_pycommon/lib/python3.8/site-packages:/home/saitama1/ros2_foxy/install/ament_pyflakes/lib/python3.8/site-packages:/home/saitama1/ros2_foxy/install/ament_pycodestyle/lib/python3.8/site-packages:/home/saitama1/ros2_foxy/install/ament_cmake_test/lib/python3.8/site-packages:/home/saitama1/ros2_foxy/install/ament_package/lib/python3.8/site-packages:/home/saitama1/ros2_foxy/install/ament_mypy/lib/python3.8/site-packages:/home/saitama1/ros2_foxy/install/ament_cppcheck/lib/python3.8/site-packages /usr/bin/python3 setup.py egg_info --egg-base ../../../build/rpyutils build --build-base /home/saitama1/ros2_foxy/build/rpyutils/build install --prefix /home/saitama1/ros2_foxy/install/rpyutils --record /home/saitama1/ros2_foxy/build/rpyutils/install.log --single-version-externally-managed
