-- The C compiler identification is GNU 9.3.0
-- The CXX compiler identification is GNU 9.3.0
-- Check for working C compiler: /usr/bin/cc
-- Check for working C compiler: /usr/bin/cc -- works
-- Detecting C compiler ABI info
-- Detecting C compiler ABI info - done
-- Detecting C compile features
-- Detecting C compile features - done
-- Check for working CXX compiler: /usr/bin/c++
-- Check for working CXX compiler: /usr/bin/c++ -- works
-- Detecting CXX compiler ABI info
-- Detecting CXX compiler ABI info - done
-- Detecting CXX compile features
-- Detecting CXX compile features - done
-- Found ament_cmake_ros: 0.9.2 (/home/saitama1/ros2_foxy/install/ament_cmake_ros/share/ament_cmake_ros/cmake)
-- Found PythonInterp: /usr/bin/python3 (found suitable version "3.8.10", minimum required is "3") 
-- Using PYTHON_EXECUTABLE: /usr/bin/python3
-- Found rcpputils: 1.3.1 (/home/saitama1/ros2_foxy/install/rcpputils/share/rcpputils/cmake)
-- Found rosidl_runtime_c: 1.2.1 (/home/saitama1/ros2_foxy/install/rosidl_runtime_c/share/rosidl_runtime_c/cmake)
-- Found rosidl_typesupport_c: 1.0.2 (/home/saitama1/ros2_foxy/install/rosidl_typesupport_c/share/rosidl_typesupport_c/cmake)
-- Using all available rosidl_typesupport_c: rosidl_typesupport_fastrtps_c;rosidl_typesupport_introspection_c
-- Found rosidl_adapter: 1.2.1 (/home/saitama1/ros2_foxy/install/rosidl_adapter/share/rosidl_adapter/cmake)
-- Found OpenSSL: /usr/lib/x86_64-linux-gnu/libcrypto.so (found version "1.1.1f")  
-- Found FastRTPS: /home/saitama1/ros2_foxy/install/fastrtps/include  
-- Found ament_lint_auto: 0.9.6 (/home/saitama1/ros2_foxy/install/ament_lint_auto/share/ament_lint_auto/cmake)
-- Found gtest sources under '/home/saitama1/ros2_foxy/install/gtest_vendor/src/gtest_vendor': C++ tests using 'Google Test' will be built
-- Looking for pthread.h
-- Looking for pthread.h - found
-- Performing Test CMAKE_HAVE_LIBC_PTHREAD
-- Performing Test CMAKE_HAVE_LIBC_PTHREAD - Failed
-- Check if compiler accepts -pthread
-- Check if compiler accepts -pthread - yes
-- Found Threads: TRUE  
-- Performance tests are disabled by default, so Google Benchmark tests will be skipped. To enable these tests, set the CMake variable 'AMENT_RUN_PERFORMANCE_TESTS'.
-- Added test 'copyright' to check source files copyright and LICENSE
-- Added test 'cppcheck' to perform static code analysis on C / C++ code
-- Configured cppcheck include dirs: /home/saitama1/ros2_foxy/install/performance_test_fixture/include;$<BUILD_INTERFACE:/home/saitama1/ros2_foxy/src/ros2/rosidl_typesupport/rosidl_typesupport_cpp/include>;/home/saitama1/ros2_foxy/src/ros2/rosidl_typesupport/rosidl_typesupport_cpp/include
-- Configured cppcheck exclude dirs and/or files: 
-- Added test 'cpplint' to check C / C++ code against the Google style
-- Configured cpplint exclude dirs and/or files: 
-- Added test 'flake8' to check Python code syntax and style conventions
-- Added test 'lint_cmake' to check CMake code style
-- Added test 'pep257' to check Python code against some of the style conventions in PEP 257
-- Added test 'uncrustify' to check C / C++ code style
-- Configured uncrustify additional arguments: 
-- Added test 'xmllint' to check XML markup files
-- Configuring done
-- Generating done
-- Build files have been written to: /home/saitama1/ros2_foxy/build/rosidl_typesupport_cpp
[35m[1mScanning dependencies of target rosidl_typesupport_cpp__test_type_support1[0m
[  5%] [32mBuilding CXX object CMakeFiles/rosidl_typesupport_cpp__test_type_support1.dir/test/test_type_support.cpp.o[0m
[ 10%] [32m[1mLinking CXX shared library librosidl_typesupport_cpp__test_type_support1.so[0m
[ 10%] Built target rosidl_typesupport_cpp__test_type_support1
[35m[1mScanning dependencies of target gtest[0m
[ 15%] [32mBuilding CXX object gtest/CMakeFiles/gtest.dir/src/gtest-all.cc.o[0m
[ 21%] [32m[1mLinking CXX static library libgtest.a[0m
[ 21%] Built target gtest
[35m[1mScanning dependencies of target gtest_main[0m
[ 26%] [32mBuilding CXX object gtest/CMakeFiles/gtest_main.dir/src/gtest_main.cc.o[0m
[ 31%] [32m[1mLinking CXX static library libgtest_main.a[0m
[ 31%] Built target gtest_main
[35m[1mScanning dependencies of target rosidl_typesupport_cpp__test_type_support2[0m
[ 36%] [32mBuilding CXX object CMakeFiles/rosidl_typesupport_cpp__test_type_support2.dir/test/test_type_support.cpp.o[0m
[ 42%] [32m[1mLinking CXX shared library librosidl_typesupport_cpp__test_type_support2.so[0m
[ 42%] Built target rosidl_typesupport_cpp__test_type_support2
[35m[1mScanning dependencies of target rosidl_typesupport_cpp[0m
[ 47%] [32mBuilding CXX object CMakeFiles/rosidl_typesupport_cpp.dir/src/identifier.cpp.o[0m
[ 52%] [32mBuilding CXX object CMakeFiles/rosidl_typesupport_cpp.dir/src/type_support_dispatch.cpp.o[0m
[ 57%] [32mBuilding CXX object CMakeFiles/rosidl_typesupport_cpp.dir/src/service_type_support_dispatch.cpp.o[0m
[ 63%] [32mBuilding CXX object CMakeFiles/rosidl_typesupport_cpp.dir/src/message_type_support_dispatch.cpp.o[0m
[ 68%] [32m[1mLinking CXX shared library librosidl_typesupport_cpp.so[0m
[ 68%] Built target rosidl_typesupport_cpp
[35m[1mScanning dependencies of target test_service_type_support[0m
[ 73%] [32mBuilding CXX object CMakeFiles/test_service_type_support.dir/test/test_service_type_support_dispatch.cpp.o[0m
[ 78%] [32m[1mLinking CXX executable test_service_type_support[0m
[ 78%] Built target test_service_type_support
[35m[1mScanning dependencies of target test_message_type_support[0m
[ 84%] [32mBuilding CXX object CMakeFiles/test_message_type_support.dir/test/test_message_type_support_dispatch.cpp.o[0m
[ 89%] [32m[1mLinking CXX executable test_message_type_support[0m
[ 89%] Built target test_message_type_support
[35m[1mScanning dependencies of target benchmark_type_support_dispatch[0m
[ 94%] [32mBuilding CXX object CMakeFiles/benchmark_type_support_dispatch.dir/test/benchmark/benchmark_type_support_dispatch.cpp.o[0m
[100%] [32m[1mLinking CXX executable benchmark_type_support_dispatch[0m
[100%] Built target benchmark_type_support_dispatch
-- Install configuration: ""
-- Installing: /home/saitama1/ros2_foxy/install/rosidl_typesupport_cpp/share/rosidl_typesupport_cpp/environment/pythonpath.sh
-- Installing: /home/saitama1/ros2_foxy/install/rosidl_typesupport_cpp/share/rosidl_typesupport_cpp/environment/pythonpath.dsv
-- Installing: /home/saitama1/ros2_foxy/install/rosidl_typesupport_cpp/lib/python3.8/site-packages/rosidl_typesupport_cpp
-- Installing: /home/saitama1/ros2_foxy/install/rosidl_typesupport_cpp/lib/python3.8/site-packages/rosidl_typesupport_cpp/__init__.py
Listing '/home/saitama1/ros2_foxy/install/rosidl_typesupport_cpp/lib/python3.8/site-packages/rosidl_typesupport_cpp'...
Compiling '/home/saitama1/ros2_foxy/install/rosidl_typesupport_cpp/lib/python3.8/site-packages/rosidl_typesupport_cpp/__init__.py'...
-- Installing: /home/saitama1/ros2_foxy/install/rosidl_typesupport_cpp/share/rosidl_typesupport_cpp/environment/library_path.sh
-- Installing: /home/saitama1/ros2_foxy/install/rosidl_typesupport_cpp/share/rosidl_typesupport_cpp/environment/library_path.dsv
-- Installing: /home/saitama1/ros2_foxy/install/rosidl_typesupport_cpp/share/ament_index/resource_index/rosidl_runtime_packages/rosidl_typesupport_cpp
-- Installing: /home/saitama1/ros2_foxy/install/rosidl_typesupport_cpp/share/ament_index/resource_index/package_run_dependencies/rosidl_typesupport_cpp
-- Installing: /home/saitama1/ros2_foxy/install/rosidl_typesupport_cpp/share/ament_index/resource_index/parent_prefix_path/rosidl_typesupport_cpp
-- Installing: /home/saitama1/ros2_foxy/install/rosidl_typesupport_cpp/share/rosidl_typesupport_cpp/environment/ament_prefix_path.sh
-- Installing: /home/saitama1/ros2_foxy/install/rosidl_typesupport_cpp/share/rosidl_typesupport_cpp/environment/ament_prefix_path.dsv
-- Installing: /home/saitama1/ros2_foxy/install/rosidl_typesupport_cpp/share/rosidl_typesupport_cpp/environment/path.sh
-- Installing: /home/saitama1/ros2_foxy/install/rosidl_typesupport_cpp/share/rosidl_typesupport_cpp/environment/path.dsv
-- Installing: /home/saitama1/ros2_foxy/install/rosidl_typesupport_cpp/share/rosidl_typesupport_cpp/local_setup.bash
-- Installing: /home/saitama1/ros2_foxy/install/rosidl_typesupport_cpp/share/rosidl_typesupport_cpp/local_setup.sh
-- Installing: /home/saitama1/ros2_foxy/install/rosidl_typesupport_cpp/share/rosidl_typesupport_cpp/local_setup.zsh
-- Installing: /home/saitama1/ros2_foxy/install/rosidl_typesupport_cpp/share/rosidl_typesupport_cpp/local_setup.dsv
-- Installing: /home/saitama1/ros2_foxy/install/rosidl_typesupport_cpp/share/rosidl_typesupport_cpp/package.dsv
-- Installing: /home/saitama1/ros2_foxy/install/rosidl_typesupport_cpp/share/ament_index/resource_index/packages/rosidl_typesupport_cpp
-- Installing: /home/saitama1/ros2_foxy/install/rosidl_typesupport_cpp/share/rosidl_typesupport_cpp/cmake/rosidl_typesupport_cppExport.cmake
-- Installing: /home/saitama1/ros2_foxy/install/rosidl_typesupport_cpp/share/rosidl_typesupport_cpp/cmake/rosidl_typesupport_cppExport-noconfig.cmake
-- Installing: /home/saitama1/ros2_foxy/install/rosidl_typesupport_cpp/share/rosidl_typesupport_cpp/cmake/rosidl_typesupport_cpp-extras.cmake
-- Installing: /home/saitama1/ros2_foxy/install/rosidl_typesupport_cpp/share/rosidl_typesupport_cpp/cmake/ament_cmake_export_dependencies-extras.cmake
-- Installing: /home/saitama1/ros2_foxy/install/rosidl_typesupport_cpp/share/rosidl_typesupport_cpp/cmake/ament_cmake_export_include_directories-extras.cmake
-- Installing: /home/saitama1/ros2_foxy/install/rosidl_typesupport_cpp/share/rosidl_typesupport_cpp/cmake/ament_cmake_export_libraries-extras.cmake
-- Installing: /home/saitama1/ros2_foxy/install/rosidl_typesupport_cpp/share/rosidl_typesupport_cpp/cmake/ament_cmake_export_targets-extras.cmake
-- Installing: /home/saitama1/ros2_foxy/install/rosidl_typesupport_cpp/share/rosidl_typesupport_cpp/cmake/rosidl_typesupport_cppConfig.cmake
-- Installing: /home/saitama1/ros2_foxy/install/rosidl_typesupport_cpp/share/rosidl_typesupport_cpp/cmake/rosidl_typesupport_cppConfig-version.cmake
-- Installing: /home/saitama1/ros2_foxy/install/rosidl_typesupport_cpp/share/rosidl_typesupport_cpp/package.xml
-- Installing: /home/saitama1/ros2_foxy/install/rosidl_typesupport_cpp/lib/rosidl_typesupport_cpp/rosidl_typesupport_cpp
-- Up-to-date: /home/saitama1/ros2_foxy/install/rosidl_typesupport_cpp/share/rosidl_typesupport_cpp/cmake
-- Installing: /home/saitama1/ros2_foxy/install/rosidl_typesupport_cpp/share/rosidl_typesupport_cpp/cmake/rosidl_typesupport_cpp_generate_interfaces.cmake
-- Installing: /home/saitama1/ros2_foxy/install/rosidl_typesupport_cpp/share/rosidl_typesupport_cpp/resource
-- Installing: /home/saitama1/ros2_foxy/install/rosidl_typesupport_cpp/share/rosidl_typesupport_cpp/resource/srv__type_support.cpp.em
-- Installing: /home/saitama1/ros2_foxy/install/rosidl_typesupport_cpp/share/rosidl_typesupport_cpp/resource/action__type_support.cpp.em
-- Installing: /home/saitama1/ros2_foxy/install/rosidl_typesupport_cpp/share/rosidl_typesupport_cpp/resource/idl__type_support.cpp.em
-- Installing: /home/saitama1/ros2_foxy/install/rosidl_typesupport_cpp/share/rosidl_typesupport_cpp/resource/msg__type_support.cpp.em
-- Installing: /home/saitama1/ros2_foxy/install/rosidl_typesupport_cpp/include
-- Installing: /home/saitama1/ros2_foxy/install/rosidl_typesupport_cpp/include/rosidl_typesupport_cpp
-- Installing: /home/saitama1/ros2_foxy/install/rosidl_typesupport_cpp/include/rosidl_typesupport_cpp/service_type_support_dispatch.hpp
-- Installing: /home/saitama1/ros2_foxy/install/rosidl_typesupport_cpp/include/rosidl_typesupport_cpp/message_type_support_dispatch.hpp
-- Installing: /home/saitama1/ros2_foxy/install/rosidl_typesupport_cpp/include/rosidl_typesupport_cpp/identifier.hpp
-- Installing: /home/saitama1/ros2_foxy/install/rosidl_typesupport_cpp/include/rosidl_typesupport_cpp/type_support_map.h
-- Installing: /home/saitama1/ros2_foxy/install/rosidl_typesupport_cpp/include/rosidl_typesupport_cpp/visibility_control.h
-- Installing: /home/saitama1/ros2_foxy/install/rosidl_typesupport_cpp/lib/librosidl_typesupport_cpp.so
-- Set runtime path of "/home/saitama1/ros2_foxy/install/rosidl_typesupport_cpp/lib/librosidl_typesupport_cpp.so" to ""
