[0.951s] Invoking command in '/home/saitama1/ros2_foxy/src/ament/ament_lint/ament_cppcheck': PYTHONPATH=/home/saitama1/ros2_foxy/install/ament_cppcheck/lib/python3.8/site-packages:${PYTHONPATH} /usr/bin/python3 setup.py egg_info --egg-base ../../../../build/ament_cppcheck build --build-base /home/saitama1/ros2_foxy/build/ament_cppcheck/build install --prefix /home/saitama1/ros2_foxy/install/ament_cppcheck --record /home/saitama1/ros2_foxy/build/ament_cppcheck/install.log --single-version-externally-managed
[1.127s] running egg_info
[1.127s] writing ../../../../build/ament_cppcheck/ament_cppcheck.egg-info/PKG-INFO
[1.127s] writing dependency_links to ../../../../build/ament_cppcheck/ament_cppcheck.egg-info/dependency_links.txt
[1.127s] writing entry points to ../../../../build/ament_cppcheck/ament_cppcheck.egg-info/entry_points.txt
[1.128s] writing requirements to ../../../../build/ament_cppcheck/ament_cppcheck.egg-info/requires.txt
[1.128s] writing top-level names to ../../../../build/ament_cppcheck/ament_cppcheck.egg-info/top_level.txt
[1.148s] reading manifest file '../../../../build/ament_cppcheck/ament_cppcheck.egg-info/SOURCES.txt'
[1.149s] writing manifest file '../../../../build/ament_cppcheck/ament_cppcheck.egg-info/SOURCES.txt'
[1.149s] running build
[1.149s] running build_py
[1.149s] running install
[1.149s] running install_lib
[1.151s] running install_data
[1.151s] running install_egg_info
[1.153s] removing '/home/saitama1/ros2_foxy/install/ament_cppcheck/lib/python3.8/site-packages/ament_cppcheck-0.9.6-py3.8.egg-info' (and everything under it)
[1.153s] Copying ../../../../build/ament_cppcheck/ament_cppcheck.egg-info to /home/saitama1/ros2_foxy/install/ament_cppcheck/lib/python3.8/site-packages/ament_cppcheck-0.9.6-py3.8.egg-info
[1.153s] running install_scripts
[1.167s] Installing ament_cppcheck script to /home/saitama1/ros2_foxy/install/ament_cppcheck/bin
[1.177s] writing list of installed files to '/home/saitama1/ros2_foxy/build/ament_cppcheck/install.log'
[1.221s] Invoked command in '/home/saitama1/ros2_foxy/src/ament/ament_lint/ament_cppcheck' returned '0': PYTHONPATH=/home/saitama1/ros2_foxy/install/ament_cppcheck/lib/python3.8/site-packages:${PYTHONPATH} /usr/bin/python3 setup.py egg_info --egg-base ../../../../build/ament_cppcheck build --build-base /home/saitama1/ros2_foxy/build/ament_cppcheck/build install --prefix /home/saitama1/ros2_foxy/install/ament_cppcheck --record /home/saitama1/ros2_foxy/build/ament_cppcheck/install.log --single-version-externally-managed
