[0.363s] Invoking command in '/home/saitama1/Pictures/ros2-picas/ros2_foxy/build/fastcdr': /usr/bin/cmake /home/saitama1/Pictures/ros2-picas/ros2_foxy/src/eProsima/Fast-CDR -DCMAKE_INSTALL_PREFIX=/home/saitama1/Pictures/ros2-picas/ros2_foxy/install/fastcdr
[0.730s] -- Setting build type to 'Release' as none was specified.
[0.730s] -- The C compiler identification is GNU 9.3.0
[0.730s] -- The CXX compiler identification is GNU 9.3.0
[0.730s] -- Check for working C compiler: /usr/bin/cc
[0.730s] -- Check for working C compiler: /usr/bin/cc -- works
[0.730s] -- Detecting C compiler ABI info
[0.730s] -- Detecting C compiler ABI info - done
[0.730s] -- Detecting C compile features
[0.731s] -- Detecting C compile features - done
[0.731s] -- Check for working CXX compiler: /usr/bin/c++
[0.731s] -- Check for working CXX compiler: /usr/bin/c++ -- works
[0.731s] -- Detecting CXX compiler ABI info
[0.789s] -- Detecting CXX compiler ABI info - done
[0.807s] -- Detecting CXX compile features
[0.807s] -- Detecting CXX compile features - done
[0.809s] -- Configuring Fast CDR
[0.809s] -- Version: 1.0.13
[0.809s] -- To change the version modify the file configure.ac
[0.813s] -- Performing Test SUPPORTS_CXX14
[0.961s] -- Performing Test SUPPORTS_CXX14 - Success
[0.967s] -- Check if the system is big endian
[0.967s] -- Searching 16 bit integer
[0.967s] -- Looking for sys/types.h
[1.067s] -- Looking for sys/types.h - found
[1.067s] -- Looking for stdint.h
[1.186s] -- Looking for stdint.h - found
[1.187s] -- Looking for stddef.h
[1.282s] -- Looking for stddef.h - found
[1.282s] -- Check size of unsigned short
[1.390s] -- Check size of unsigned short - done
[1.390s] -- Using unsigned short
[1.466s] -- Check if the system is big endian - little endian
[1.480s] -- Configuring done
[1.484s] -- Generating done
[1.485s] -- Build files have been written to: /home/saitama1/Pictures/ros2-picas/ros2_foxy/build/fastcdr
[1.671s] Invoked command in '/home/saitama1/Pictures/ros2-picas/ros2_foxy/build/fastcdr' returned '0': /usr/bin/cmake /home/saitama1/Pictures/ros2-picas/ros2_foxy/src/eProsima/Fast-CDR -DCMAKE_INSTALL_PREFIX=/home/saitama1/Pictures/ros2-picas/ros2_foxy/install/fastcdr
[1.673s] Invoking command in '/home/saitama1/Pictures/ros2-picas/ros2_foxy/build/fastcdr': /usr/bin/cmake --build /home/saitama1/Pictures/ros2-picas/ros2_foxy/build/fastcdr -- -j12 -l12
[1.739s] [100%] Built target fastcdr
[1.913s] Invoked command in '/home/saitama1/Pictures/ros2-picas/ros2_foxy/build/fastcdr' returned '0': /usr/bin/cmake --build /home/saitama1/Pictures/ros2-picas/ros2_foxy/build/fastcdr -- -j12 -l12
[2.002s] Invoking command in '/home/saitama1/Pictures/ros2-picas/ros2_foxy/build/fastcdr': /usr/bin/cmake --install /home/saitama1/Pictures/ros2-picas/ros2_foxy/build/fastcdr
[2.051s] -- Install configuration: "Release"
[2.051s] -- Up-to-date: /home/saitama1/Pictures/ros2-picas/ros2_foxy/install/fastcdr/share/fastcdr/LICENSE
[2.051s] -- Up-to-date: /home/saitama1/Pictures/ros2-picas/ros2_foxy/install/fastcdr/include/fastcdr
[2.051s] -- Up-to-date: /home/saitama1/Pictures/ros2-picas/ros2_foxy/install/fastcdr/include/fastcdr/Cdr.h
[2.051s] -- Up-to-date: /home/saitama1/Pictures/ros2-picas/ros2_foxy/install/fastcdr/include/fastcdr/fastcdr_dll.h
[2.051s] -- Up-to-date: /home/saitama1/Pictures/ros2-picas/ros2_foxy/install/fastcdr/include/fastcdr/FastBuffer.h
[2.051s] -- Up-to-date: /home/saitama1/Pictures/ros2-picas/ros2_foxy/install/fastcdr/include/fastcdr/eProsima_auto_link.h
[2.051s] -- Up-to-date: /home/saitama1/Pictures/ros2-picas/ros2_foxy/install/fastcdr/include/fastcdr/exceptions
[2.051s] -- Up-to-date: /home/saitama1/Pictures/ros2-picas/ros2_foxy/install/fastcdr/include/fastcdr/exceptions/Exception.h
[2.051s] -- Up-to-date: /home/saitama1/Pictures/ros2-picas/ros2_foxy/install/fastcdr/include/fastcdr/exceptions/NotEnoughMemoryException.h
[2.052s] -- Up-to-date: /home/saitama1/Pictures/ros2-picas/ros2_foxy/install/fastcdr/include/fastcdr/exceptions/BadParamException.h
[2.052s] -- Up-to-date: /home/saitama1/Pictures/ros2-picas/ros2_foxy/install/fastcdr/include/fastcdr/FastCdr.h
[2.052s] -- Up-to-date: /home/saitama1/Pictures/ros2-picas/ros2_foxy/install/fastcdr/include/fastcdr/config.h
[2.052s] -- Up-to-date: /home/saitama1/Pictures/ros2-picas/ros2_foxy/install/fastcdr/lib/libfastcdr.so.1.0.13
[2.052s] -- Up-to-date: /home/saitama1/Pictures/ros2-picas/ros2_foxy/install/fastcdr/lib/libfastcdr.so.1
[2.052s] -- Up-to-date: /home/saitama1/Pictures/ros2-picas/ros2_foxy/install/fastcdr/lib/libfastcdr.so
[2.052s] -- Up-to-date: /home/saitama1/Pictures/ros2-picas/ros2_foxy/install/fastcdr/lib/cmake/fastcdr/fastcdr-targets.cmake
[2.052s] -- Installing: /home/saitama1/Pictures/ros2-picas/ros2_foxy/install/fastcdr/lib/cmake/fastcdr/fastcdr-targets-release.cmake
[2.052s] -- Up-to-date: /home/saitama1/Pictures/ros2-picas/ros2_foxy/install/fastcdr/lib/cmake/fastcdr/fastcdr-config.cmake
[2.052s] -- Up-to-date: /home/saitama1/Pictures/ros2-picas/ros2_foxy/install/fastcdr/lib/cmake/fastcdr/fastcdr-config-version.cmake
[2.085s] Invoked command in '/home/saitama1/Pictures/ros2-picas/ros2_foxy/build/fastcdr' returned '0': /usr/bin/cmake --install /home/saitama1/Pictures/ros2-picas/ros2_foxy/build/fastcdr
