-- Found ament_cmake: 0.9.8 (/home/saitama1/ros2_foxy/install/ament_cmake/share/ament_cmake/cmake)
-- Found PythonInterp: /usr/bin/python3 (found suitable version "3.8.10", minimum required is "3") 
-- Using PYTHON_EXECUTABLE: /usr/bin/python3
-- Override CMake install command with custom implementation using symlinks instead of copying resources
-- Found builtin_interfaces: 1.0.0 (/home/saitama1/ros2_foxy/install/builtin_interfaces/share/builtin_interfaces/cmake)
-- Using all available rosidl_typesupport_c: rosidl_typesupport_introspection_c;rosidl_typesupport_fastrtps_c
-- Found rosidl_adapter: 1.2.1 (/home/saitama1/ros2_foxy/install/rosidl_adapter/share/rosidl_adapter/cmake)
-- Using all available rosidl_typesupport_cpp: rosidl_typesupport_introspection_cpp;rosidl_typesupport_fastrtps_cpp
-- Found geometry_msgs: 2.0.4 (/home/saitama1/ros2_foxy/install/geometry_msgs/share/geometry_msgs/cmake)
-- Found rosidl_default_generators: 1.0.1 (/home/saitama1/ros2_foxy/install/rosidl_default_generators/share/rosidl_default_generators/cmake)
-- Found PythonInterp: /usr/bin/python3 (found version "3.8.10") 
-- Found ament_cmake_cppcheck: 0.9.6 (/home/saitama1/ros2_foxy/install/ament_cmake_cppcheck/share/ament_cmake_cppcheck/cmake)
-- Found ament_cmake_cpplint: 0.9.6 (/home/saitama1/ros2_foxy/install/ament_cmake_cpplint/share/ament_cmake_cpplint/cmake)
-- Found ament_cmake_uncrustify: 0.9.6 (/home/saitama1/ros2_foxy/install/ament_cmake_uncrustify/share/ament_cmake_uncrustify/cmake)
-- Found ament_cmake_ros: 0.9.2 (/home/saitama1/ros2_foxy/install/ament_cmake_ros/share/ament_cmake_ros/cmake)
-- Using all available rosidl_typesupport_c: rosidl_typesupport_introspection_c;rosidl_typesupport_fastrtps_c
-- Using all available rosidl_typesupport_cpp: rosidl_typesupport_introspection_cpp;rosidl_typesupport_fastrtps_cpp
-- Found PythonInterp: /usr/bin/python3 (found suitable version "3.8.10", minimum required is "3.5") 
-- Found python_cmake_module: 0.8.1 (/home/saitama1/ros2_foxy/install/python_cmake_module/share/python_cmake_module/cmake)
-- Using PYTHON_EXECUTABLE: /usr/bin/python3
-- Using PYTHON_INCLUDE_DIRS: /usr/include/python3.8
-- Using PYTHON_LIBRARIES: /usr/lib/x86_64-linux-gnu/libpython3.8.so
-- Found ament_cmake_flake8: 0.9.6 (/home/saitama1/ros2_foxy/install/ament_cmake_flake8/share/ament_cmake_flake8/cmake)
-- Found ament_cmake_pep257: 0.9.6 (/home/saitama1/ros2_foxy/install/ament_cmake_pep257/share/ament_cmake_pep257/cmake)
-- Found ament_lint_auto: 0.9.6 (/home/saitama1/ros2_foxy/install/ament_lint_auto/share/ament_lint_auto/cmake)
-- Found gtest sources under '/home/saitama1/ros2_foxy/install/gtest_vendor/src/gtest_vendor': C++ tests using 'Google Test' will be built
-- Added test 'cppcheck' to perform static code analysis on C / C++ code
-- Configured cppcheck include dirs: /home/saitama1/ros2_foxy/src/ros2/common_interfaces/sensor_msgs/include
-- Configured cppcheck exclude dirs and/or files: 
-- Added test 'cpplint' to check C / C++ code against the Google style
-- Configured cpplint exclude dirs and/or files: 
-- Added test 'uncrustify' to check C / C++ code style
-- Configured uncrustify additional arguments: 
-- Added test 'copyright' to check source files copyright and LICENSE
-- Added test 'lint_cmake' to check CMake code style
-- Added test 'xmllint' to check XML markup files
-- Configuring done
-- Generating done
-- Build files have been written to: /home/saitama1/ros2_foxy/build/sensor_msgs
[  0%] Built target sensor_msgs__cpp
[  1%] Built target gtest_main
[35m[1mScanning dependencies of target sensor_msgs__rosidl_typesupport_cpp[0m
[  1%] [32mBuilding CXX object CMakeFiles/sensor_msgs__rosidl_typesupport_cpp.dir/rosidl_typesupport_cpp/sensor_msgs/msg/battery_state__type_support.cpp.o[0m
[  1%] [32mBuilding CXX object CMakeFiles/sensor_msgs__rosidl_typesupport_cpp.dir/rosidl_typesupport_cpp/sensor_msgs/msg/imu__type_support.cpp.o[0m
[  1%] [32mBuilding CXX object CMakeFiles/sensor_msgs__rosidl_typesupport_cpp.dir/rosidl_typesupport_cpp/sensor_msgs/msg/joint_state__type_support.cpp.o[0m
[  2%] [32mBuilding CXX object CMakeFiles/sensor_msgs__rosidl_typesupport_cpp.dir/rosidl_typesupport_cpp/sensor_msgs/msg/joy__type_support.cpp.o[0m
[  2%] [32mBuilding CXX object CMakeFiles/sensor_msgs__rosidl_typesupport_cpp.dir/rosidl_typesupport_cpp/sensor_msgs/msg/joy_feedback__type_support.cpp.o[0m
[  3%] [32mBuilding CXX object CMakeFiles/sensor_msgs__rosidl_typesupport_cpp.dir/rosidl_typesupport_cpp/sensor_msgs/msg/joy_feedback_array__type_support.cpp.o[0m
[  3%] [32mBuilding CXX object CMakeFiles/sensor_msgs__rosidl_typesupport_cpp.dir/rosidl_typesupport_cpp/sensor_msgs/msg/laser_echo__type_support.cpp.o[0m
[  3%] [32mBuilding CXX object CMakeFiles/sensor_msgs__rosidl_typesupport_cpp.dir/rosidl_typesupport_cpp/sensor_msgs/msg/laser_scan__type_support.cpp.o[0m
[  4%] [32mBuilding CXX object CMakeFiles/sensor_msgs__rosidl_typesupport_cpp.dir/rosidl_typesupport_cpp/sensor_msgs/msg/magnetic_field__type_support.cpp.o[0m
[  4%] [32mBuilding CXX object CMakeFiles/sensor_msgs__rosidl_typesupport_cpp.dir/rosidl_typesupport_cpp/sensor_msgs/msg/multi_dof_joint_state__type_support.cpp.o[0m
[  5%] [32mBuilding CXX object CMakeFiles/sensor_msgs__rosidl_typesupport_cpp.dir/rosidl_typesupport_cpp/sensor_msgs/msg/multi_echo_laser_scan__type_support.cpp.o[0m
[  5%] [32mBuilding CXX object CMakeFiles/sensor_msgs__rosidl_typesupport_cpp.dir/rosidl_typesupport_cpp/sensor_msgs/msg/nav_sat_fix__type_support.cpp.o[0m
[  5%] [32mBuilding CXX object CMakeFiles/sensor_msgs__rosidl_typesupport_cpp.dir/rosidl_typesupport_cpp/sensor_msgs/msg/nav_sat_status__type_support.cpp.o[0m
[  6%] [32mBuilding CXX object CMakeFiles/sensor_msgs__rosidl_typesupport_cpp.dir/rosidl_typesupport_cpp/sensor_msgs/msg/point_cloud__type_support.cpp.o[0m
[  6%] [32mBuilding CXX object CMakeFiles/sensor_msgs__rosidl_typesupport_cpp.dir/rosidl_typesupport_cpp/sensor_msgs/msg/point_cloud2__type_support.cpp.o[0m
[  7%] [32mBuilding CXX object CMakeFiles/sensor_msgs__rosidl_typesupport_cpp.dir/rosidl_typesupport_cpp/sensor_msgs/msg/point_field__type_support.cpp.o[0m
[  7%] [32mBuilding CXX object CMakeFiles/sensor_msgs__rosidl_typesupport_cpp.dir/rosidl_typesupport_cpp/sensor_msgs/msg/range__type_support.cpp.o[0m
[  7%] [32mBuilding CXX object CMakeFiles/sensor_msgs__rosidl_typesupport_cpp.dir/rosidl_typesupport_cpp/sensor_msgs/msg/region_of_interest__type_support.cpp.o[0m
[  8%] [32mBuilding CXX object CMakeFiles/sensor_msgs__rosidl_typesupport_cpp.dir/rosidl_typesupport_cpp/sensor_msgs/msg/relative_humidity__type_support.cpp.o[0m
[  8%] [32mBuilding CXX object CMakeFiles/sensor_msgs__rosidl_typesupport_cpp.dir/rosidl_typesupport_cpp/sensor_msgs/msg/temperature__type_support.cpp.o[0m
[  9%] [32mBuilding CXX object CMakeFiles/sensor_msgs__rosidl_typesupport_cpp.dir/rosidl_typesupport_cpp/sensor_msgs/msg/time_reference__type_support.cpp.o[0m
[  9%] [32mBuilding CXX object CMakeFiles/sensor_msgs__rosidl_typesupport_cpp.dir/rosidl_typesupport_cpp/sensor_msgs/srv/set_camera_info__type_support.cpp.o[0m
[ 10%] [32mBuilding CXX object CMakeFiles/sensor_msgs__rosidl_typesupport_cpp.dir/rosidl_typesupport_cpp/sensor_msgs/msg/image__type_support.cpp.o[0m
[ 10%] [32mBuilding CXX object CMakeFiles/sensor_msgs__rosidl_typesupport_cpp.dir/rosidl_typesupport_cpp/sensor_msgs/msg/illuminance__type_support.cpp.o[0m
[ 10%] [32mBuilding CXX object CMakeFiles/sensor_msgs__rosidl_typesupport_cpp.dir/rosidl_typesupport_cpp/sensor_msgs/msg/fluid_pressure__type_support.cpp.o[0m
[ 11%] [32mBuilding CXX object CMakeFiles/sensor_msgs__rosidl_typesupport_cpp.dir/rosidl_typesupport_cpp/sensor_msgs/msg/compressed_image__type_support.cpp.o[0m
[ 11%] [32mBuilding CXX object CMakeFiles/sensor_msgs__rosidl_typesupport_cpp.dir/rosidl_typesupport_cpp/sensor_msgs/msg/channel_float32__type_support.cpp.o[0m
[ 12%] [32mBuilding CXX object CMakeFiles/sensor_msgs__rosidl_typesupport_cpp.dir/rosidl_typesupport_cpp/sensor_msgs/msg/camera_info__type_support.cpp.o[0m
[ 12%] [32m[1mLinking CXX shared library libsensor_msgs__rosidl_typesupport_cpp.so[0m
[ 12%] Built target sensor_msgs__rosidl_typesupport_cpp
[ 12%] [32m[1mLinking CXX shared library libsensor_msgs__rosidl_typesupport_introspection_cpp.so[0m
[ 24%] Built target sensor_msgs__rosidl_typesupport_introspection_cpp
[ 25%] [32m[1mLinking CXX shared library libsensor_msgs__rosidl_typesupport_fastrtps_cpp.so[0m
[ 36%] Built target sensor_msgs__rosidl_typesupport_fastrtps_cpp
[ 36%] Built target gtest
[ 36%] [32m[1mLinking C shared library libsensor_msgs__rosidl_generator_c.so[0m
[ 48%] Built target sensor_msgs__rosidl_generator_c
[ 48%] [32m[1mLinking CXX shared library libsensor_msgs__rosidl_typesupport_fastrtps_c.so[0m
[ 60%] Built target sensor_msgs__rosidl_typesupport_fastrtps_c
[ 60%] [34m[1mGenerating C type support dispatch for ROS interfaces[0m
[35m[1mScanning dependencies of target sensor_msgs__rosidl_typesupport_c[0m
[ 60%] [32mBuilding CXX object CMakeFiles/sensor_msgs__rosidl_typesupport_c.dir/rosidl_typesupport_c/sensor_msgs/msg/camera_info__type_support.cpp.o[0m
[ 61%] [32mBuilding CXX object CMakeFiles/sensor_msgs__rosidl_typesupport_c.dir/rosidl_typesupport_c/sensor_msgs/msg/battery_state__type_support.cpp.o[0m
[ 62%] [32mBuilding CXX object CMakeFiles/sensor_msgs__rosidl_typesupport_c.dir/rosidl_typesupport_c/sensor_msgs/msg/joy_feedback__type_support.cpp.o[0m
[ 62%] [32mBuilding CXX object CMakeFiles/sensor_msgs__rosidl_typesupport_c.dir/rosidl_typesupport_c/sensor_msgs/msg/joy_feedback_array__type_support.cpp.o[0m
[ 62%] [32mBuilding CXX object CMakeFiles/sensor_msgs__rosidl_typesupport_c.dir/rosidl_typesupport_c/sensor_msgs/msg/laser_echo__type_support.cpp.o[0m
[ 63%] [32mBuilding CXX object CMakeFiles/sensor_msgs__rosidl_typesupport_c.dir/rosidl_typesupport_c/sensor_msgs/msg/laser_scan__type_support.cpp.o[0m
[ 63%] [32mBuilding CXX object CMakeFiles/sensor_msgs__rosidl_typesupport_c.dir/rosidl_typesupport_c/sensor_msgs/msg/magnetic_field__type_support.cpp.o[0m
[ 64%] [32mBuilding CXX object CMakeFiles/sensor_msgs__rosidl_typesupport_c.dir/rosidl_typesupport_c/sensor_msgs/msg/multi_dof_joint_state__type_support.cpp.o[0m
[ 64%] [32mBuilding CXX object CMakeFiles/sensor_msgs__rosidl_typesupport_c.dir/rosidl_typesupport_c/sensor_msgs/msg/multi_echo_laser_scan__type_support.cpp.o[0m
[ 64%] [32mBuilding CXX object CMakeFiles/sensor_msgs__rosidl_typesupport_c.dir/rosidl_typesupport_c/sensor_msgs/msg/nav_sat_fix__type_support.cpp.o[0m
[ 65%] [32mBuilding CXX object CMakeFiles/sensor_msgs__rosidl_typesupport_c.dir/rosidl_typesupport_c/sensor_msgs/msg/nav_sat_status__type_support.cpp.o[0m
[ 65%] [32mBuilding CXX object CMakeFiles/sensor_msgs__rosidl_typesupport_c.dir/rosidl_typesupport_c/sensor_msgs/msg/point_cloud__type_support.cpp.o[0m
[ 66%] [32mBuilding CXX object CMakeFiles/sensor_msgs__rosidl_typesupport_c.dir/rosidl_typesupport_c/sensor_msgs/msg/point_cloud2__type_support.cpp.o[0m
[ 66%] [32mBuilding CXX object CMakeFiles/sensor_msgs__rosidl_typesupport_c.dir/rosidl_typesupport_c/sensor_msgs/msg/point_field__type_support.cpp.o[0m
[ 66%] [32mBuilding CXX object CMakeFiles/sensor_msgs__rosidl_typesupport_c.dir/rosidl_typesupport_c/sensor_msgs/msg/range__type_support.cpp.o[0m
[ 67%] [32mBuilding CXX object CMakeFiles/sensor_msgs__rosidl_typesupport_c.dir/rosidl_typesupport_c/sensor_msgs/msg/region_of_interest__type_support.cpp.o[0m
[ 67%] [32mBuilding CXX object CMakeFiles/sensor_msgs__rosidl_typesupport_c.dir/rosidl_typesupport_c/sensor_msgs/msg/relative_humidity__type_support.cpp.o[0m
[ 68%] [32mBuilding CXX object CMakeFiles/sensor_msgs__rosidl_typesupport_c.dir/rosidl_typesupport_c/sensor_msgs/msg/temperature__type_support.cpp.o[0m
[ 68%] [32mBuilding CXX object CMakeFiles/sensor_msgs__rosidl_typesupport_c.dir/rosidl_typesupport_c/sensor_msgs/msg/time_reference__type_support.cpp.o[0m
[ 68%] [32mBuilding CXX object CMakeFiles/sensor_msgs__rosidl_typesupport_c.dir/rosidl_typesupport_c/sensor_msgs/srv/set_camera_info__type_support.cpp.o[0m
[ 68%] [32mBuilding CXX object CMakeFiles/sensor_msgs__rosidl_typesupport_c.dir/rosidl_typesupport_c/sensor_msgs/msg/joy__type_support.cpp.o[0m
[ 68%] [32mBuilding CXX object CMakeFiles/sensor_msgs__rosidl_typesupport_c.dir/rosidl_typesupport_c/sensor_msgs/msg/joint_state__type_support.cpp.o[0m
[ 69%] [32mBuilding CXX object CMakeFiles/sensor_msgs__rosidl_typesupport_c.dir/rosidl_typesupport_c/sensor_msgs/msg/imu__type_support.cpp.o[0m
[ 69%] [32mBuilding CXX object CMakeFiles/sensor_msgs__rosidl_typesupport_c.dir/rosidl_typesupport_c/sensor_msgs/msg/image__type_support.cpp.o[0m
[ 69%] [32mBuilding CXX object CMakeFiles/sensor_msgs__rosidl_typesupport_c.dir/rosidl_typesupport_c/sensor_msgs/msg/fluid_pressure__type_support.cpp.o[0m
[ 70%] [32mBuilding CXX object CMakeFiles/sensor_msgs__rosidl_typesupport_c.dir/rosidl_typesupport_c/sensor_msgs/msg/illuminance__type_support.cpp.o[0m
[ 71%] [32mBuilding CXX object CMakeFiles/sensor_msgs__rosidl_typesupport_c.dir/rosidl_typesupport_c/sensor_msgs/msg/channel_float32__type_support.cpp.o[0m
[ 71%] [32mBuilding CXX object CMakeFiles/sensor_msgs__rosidl_typesupport_c.dir/rosidl_typesupport_c/sensor_msgs/msg/compressed_image__type_support.cpp.o[0m
[ 72%] [32m[1mLinking CXX shared library libsensor_msgs__rosidl_typesupport_c.so[0m
[ 72%] Built target sensor_msgs__rosidl_typesupport_c
[ 72%] [32m[1mLinking C shared library libsensor_msgs__rosidl_typesupport_introspection_c.so[0m
[ 83%] Built target sensor_msgs__rosidl_typesupport_introspection_c
[ 83%] Built target sensor_msgs
[35m[1mScanning dependencies of target sensor_msgs__py[0m
[ 84%] [32m[1mLinking CXX executable test_sensor_msgs[0m
[ 85%] Built target sensor_msgs__py
[ 85%] [32m[1mLinking C shared library rosidl_generator_py/sensor_msgs/libsensor_msgs__python.so[0m
[ 96%] Built target sensor_msgs__python
[ 97%] Built target test_sensor_msgs
[ 98%] [32m[1mLinking C shared library rosidl_generator_py/sensor_msgs/sensor_msgs_s__rosidl_typesupport_c.cpython-38-x86_64-linux-gnu.so[0m
[ 98%] [32m[1mLinking C shared library rosidl_generator_py/sensor_msgs/sensor_msgs_s__rosidl_typesupport_introspection_c.cpython-38-x86_64-linux-gnu.so[0m
[ 98%] Built target sensor_msgs__rosidl_typesupport_c__pyext
[ 99%] Built target sensor_msgs__rosidl_typesupport_introspection_c__pyext
[35m[1mScanning dependencies of target sensor_msgs__rosidl_typesupport_fastrtps_c__pyext[0m
[ 99%] [32mBuilding C object CMakeFiles/sensor_msgs__rosidl_typesupport_fastrtps_c__pyext.dir/rosidl_generator_py/sensor_msgs/_sensor_msgs_s.ep.rosidl_typesupport_fastrtps_c.c.o[0m
[100%] [32m[1mLinking CXX shared library rosidl_generator_py/sensor_msgs/sensor_msgs_s__rosidl_typesupport_fastrtps_c.cpython-38-x86_64-linux-gnu.so[0m
[100%] Built target sensor_msgs__rosidl_typesupport_fastrtps_c__pyext
-- Install configuration: ""
-- Execute custom install script
-- Symlinking: /home/saitama1/ros2_foxy/install/sensor_msgs/share/ament_index/resource_index/rosidl_interfaces/sensor_msgs
-- Symlinking: /home/saitama1/ros2_foxy/install/sensor_msgs/include/sensor_msgs/msg/battery_state.h
-- Symlinking: /home/saitama1/ros2_foxy/install/sensor_msgs/include/sensor_msgs/msg/camera_info.h
-- Symlinking: /home/saitama1/ros2_foxy/install/sensor_msgs/include/sensor_msgs/msg/channel_float32.h
-- Symlinking: /home/saitama1/ros2_foxy/install/sensor_msgs/include/sensor_msgs/msg/compressed_image.h
-- Symlinking: /home/saitama1/ros2_foxy/install/sensor_msgs/include/sensor_msgs/msg/detail/battery_state__functions.h
-- Symlinking: /home/saitama1/ros2_foxy/install/sensor_msgs/include/sensor_msgs/msg/detail/battery_state__struct.h
-- Symlinking: /home/saitama1/ros2_foxy/install/sensor_msgs/include/sensor_msgs/msg/detail/battery_state__type_support.h
-- Symlinking: /home/saitama1/ros2_foxy/install/sensor_msgs/include/sensor_msgs/msg/detail/camera_info__functions.h
-- Symlinking: /home/saitama1/ros2_foxy/install/sensor_msgs/include/sensor_msgs/msg/detail/camera_info__struct.h
-- Symlinking: /home/saitama1/ros2_foxy/install/sensor_msgs/include/sensor_msgs/msg/detail/camera_info__type_support.h
-- Symlinking: /home/saitama1/ros2_foxy/install/sensor_msgs/include/sensor_msgs/msg/detail/channel_float32__functions.h
-- Symlinking: /home/saitama1/ros2_foxy/install/sensor_msgs/include/sensor_msgs/msg/detail/channel_float32__struct.h
-- Symlinking: /home/saitama1/ros2_foxy/install/sensor_msgs/include/sensor_msgs/msg/detail/channel_float32__type_support.h
-- Symlinking: /home/saitama1/ros2_foxy/install/sensor_msgs/include/sensor_msgs/msg/detail/compressed_image__functions.h
-- Symlinking: /home/saitama1/ros2_foxy/install/sensor_msgs/include/sensor_msgs/msg/detail/compressed_image__struct.h
-- Symlinking: /home/saitama1/ros2_foxy/install/sensor_msgs/include/sensor_msgs/msg/detail/compressed_image__type_support.h
-- Symlinking: /home/saitama1/ros2_foxy/install/sensor_msgs/include/sensor_msgs/msg/detail/fluid_pressure__functions.h
-- Symlinking: /home/saitama1/ros2_foxy/install/sensor_msgs/include/sensor_msgs/msg/detail/fluid_pressure__struct.h
-- Symlinking: /home/saitama1/ros2_foxy/install/sensor_msgs/include/sensor_msgs/msg/detail/fluid_pressure__type_support.h
-- Symlinking: /home/saitama1/ros2_foxy/install/sensor_msgs/include/sensor_msgs/msg/detail/illuminance__functions.h
-- Symlinking: /home/saitama1/ros2_foxy/install/sensor_msgs/include/sensor_msgs/msg/detail/illuminance__struct.h
-- Symlinking: /home/saitama1/ros2_foxy/install/sensor_msgs/include/sensor_msgs/msg/detail/illuminance__type_support.h
-- Symlinking: /home/saitama1/ros2_foxy/install/sensor_msgs/include/sensor_msgs/msg/detail/image__functions.h
-- Symlinking: /home/saitama1/ros2_foxy/install/sensor_msgs/include/sensor_msgs/msg/detail/image__struct.h
-- Symlinking: /home/saitama1/ros2_foxy/install/sensor_msgs/include/sensor_msgs/msg/detail/image__type_support.h
-- Symlinking: /home/saitama1/ros2_foxy/install/sensor_msgs/include/sensor_msgs/msg/detail/imu__functions.h
-- Symlinking: /home/saitama1/ros2_foxy/install/sensor_msgs/include/sensor_msgs/msg/detail/imu__struct.h
-- Symlinking: /home/saitama1/ros2_foxy/install/sensor_msgs/include/sensor_msgs/msg/detail/imu__type_support.h
-- Symlinking: /home/saitama1/ros2_foxy/install/sensor_msgs/include/sensor_msgs/msg/detail/joint_state__functions.h
-- Symlinking: /home/saitama1/ros2_foxy/install/sensor_msgs/include/sensor_msgs/msg/detail/joint_state__struct.h
-- Symlinking: /home/saitama1/ros2_foxy/install/sensor_msgs/include/sensor_msgs/msg/detail/joint_state__type_support.h
-- Symlinking: /home/saitama1/ros2_foxy/install/sensor_msgs/include/sensor_msgs/msg/detail/joy__functions.h
-- Symlinking: /home/saitama1/ros2_foxy/install/sensor_msgs/include/sensor_msgs/msg/detail/joy__struct.h
-- Symlinking: /home/saitama1/ros2_foxy/install/sensor_msgs/include/sensor_msgs/msg/detail/joy__type_support.h
-- Symlinking: /home/saitama1/ros2_foxy/install/sensor_msgs/include/sensor_msgs/msg/detail/joy_feedback__functions.h
-- Symlinking: /home/saitama1/ros2_foxy/install/sensor_msgs/include/sensor_msgs/msg/detail/joy_feedback__struct.h
-- Symlinking: /home/saitama1/ros2_foxy/install/sensor_msgs/include/sensor_msgs/msg/detail/joy_feedback__type_support.h
-- Symlinking: /home/saitama1/ros2_foxy/install/sensor_msgs/include/sensor_msgs/msg/detail/joy_feedback_array__functions.h
-- Symlinking: /home/saitama1/ros2_foxy/install/sensor_msgs/include/sensor_msgs/msg/detail/joy_feedback_array__struct.h
-- Symlinking: /home/saitama1/ros2_foxy/install/sensor_msgs/include/sensor_msgs/msg/detail/joy_feedback_array__type_support.h
-- Symlinking: /home/saitama1/ros2_foxy/install/sensor_msgs/include/sensor_msgs/msg/detail/laser_echo__functions.h
-- Symlinking: /home/saitama1/ros2_foxy/install/sensor_msgs/include/sensor_msgs/msg/detail/laser_echo__struct.h
-- Symlinking: /home/saitama1/ros2_foxy/install/sensor_msgs/include/sensor_msgs/msg/detail/laser_echo__type_support.h
-- Symlinking: /home/saitama1/ros2_foxy/install/sensor_msgs/include/sensor_msgs/msg/detail/laser_scan__functions.h
-- Symlinking: /home/saitama1/ros2_foxy/install/sensor_msgs/include/sensor_msgs/msg/detail/laser_scan__struct.h
-- Symlinking: /home/saitama1/ros2_foxy/install/sensor_msgs/include/sensor_msgs/msg/detail/laser_scan__type_support.h
-- Symlinking: /home/saitama1/ros2_foxy/install/sensor_msgs/include/sensor_msgs/msg/detail/magnetic_field__functions.h
-- Symlinking: /home/saitama1/ros2_foxy/install/sensor_msgs/include/sensor_msgs/msg/detail/magnetic_field__struct.h
-- Symlinking: /home/saitama1/ros2_foxy/install/sensor_msgs/include/sensor_msgs/msg/detail/magnetic_field__type_support.h
-- Symlinking: /home/saitama1/ros2_foxy/install/sensor_msgs/include/sensor_msgs/msg/detail/multi_dof_joint_state__functions.h
-- Symlinking: /home/saitama1/ros2_foxy/install/sensor_msgs/include/sensor_msgs/msg/detail/multi_dof_joint_state__struct.h
-- Symlinking: /home/saitama1/ros2_foxy/install/sensor_msgs/include/sensor_msgs/msg/detail/multi_dof_joint_state__type_support.h
-- Symlinking: /home/saitama1/ros2_foxy/install/sensor_msgs/include/sensor_msgs/msg/detail/multi_echo_laser_scan__functions.h
-- Symlinking: /home/saitama1/ros2_foxy/install/sensor_msgs/include/sensor_msgs/msg/detail/multi_echo_laser_scan__struct.h
-- Symlinking: /home/saitama1/ros2_foxy/install/sensor_msgs/include/sensor_msgs/msg/detail/multi_echo_laser_scan__type_support.h
-- Symlinking: /home/saitama1/ros2_foxy/install/sensor_msgs/include/sensor_msgs/msg/detail/nav_sat_fix__functions.h
-- Symlinking: /home/saitama1/ros2_foxy/install/sensor_msgs/include/sensor_msgs/msg/detail/nav_sat_fix__struct.h
-- Symlinking: /home/saitama1/ros2_foxy/install/sensor_msgs/include/sensor_msgs/msg/detail/nav_sat_fix__type_support.h
-- Symlinking: /home/saitama1/ros2_foxy/install/sensor_msgs/include/sensor_msgs/msg/detail/nav_sat_status__functions.h
-- Symlinking: /home/saitama1/ros2_foxy/install/sensor_msgs/include/sensor_msgs/msg/detail/nav_sat_status__struct.h
-- Symlinking: /home/saitama1/ros2_foxy/install/sensor_msgs/include/sensor_msgs/msg/detail/nav_sat_status__type_support.h
-- Symlinking: /home/saitama1/ros2_foxy/install/sensor_msgs/include/sensor_msgs/msg/detail/point_cloud2__functions.h
-- Symlinking: /home/saitama1/ros2_foxy/install/sensor_msgs/include/sensor_msgs/msg/detail/point_cloud2__struct.h
-- Symlinking: /home/saitama1/ros2_foxy/install/sensor_msgs/include/sensor_msgs/msg/detail/point_cloud2__type_support.h
-- Symlinking: /home/saitama1/ros2_foxy/install/sensor_msgs/include/sensor_msgs/msg/detail/point_cloud__functions.h
-- Symlinking: /home/saitama1/ros2_foxy/install/sensor_msgs/include/sensor_msgs/msg/detail/point_cloud__struct.h
-- Symlinking: /home/saitama1/ros2_foxy/install/sensor_msgs/include/sensor_msgs/msg/detail/point_cloud__type_support.h
-- Symlinking: /home/saitama1/ros2_foxy/install/sensor_msgs/include/sensor_msgs/msg/detail/point_field__functions.h
-- Symlinking: /home/saitama1/ros2_foxy/install/sensor_msgs/include/sensor_msgs/msg/detail/point_field__struct.h
-- Symlinking: /home/saitama1/ros2_foxy/install/sensor_msgs/include/sensor_msgs/msg/detail/point_field__type_support.h
-- Symlinking: /home/saitama1/ros2_foxy/install/sensor_msgs/include/sensor_msgs/msg/detail/range__functions.h
-- Symlinking: /home/saitama1/ros2_foxy/install/sensor_msgs/include/sensor_msgs/msg/detail/range__struct.h
-- Symlinking: /home/saitama1/ros2_foxy/install/sensor_msgs/include/sensor_msgs/msg/detail/range__type_support.h
-- Symlinking: /home/saitama1/ros2_foxy/install/sensor_msgs/include/sensor_msgs/msg/detail/region_of_interest__functions.h
-- Symlinking: /home/saitama1/ros2_foxy/install/sensor_msgs/include/sensor_msgs/msg/detail/region_of_interest__struct.h
-- Symlinking: /home/saitama1/ros2_foxy/install/sensor_msgs/include/sensor_msgs/msg/detail/region_of_interest__type_support.h
-- Symlinking: /home/saitama1/ros2_foxy/install/sensor_msgs/include/sensor_msgs/msg/detail/relative_humidity__functions.h
-- Symlinking: /home/saitama1/ros2_foxy/install/sensor_msgs/include/sensor_msgs/msg/detail/relative_humidity__struct.h
-- Symlinking: /home/saitama1/ros2_foxy/install/sensor_msgs/include/sensor_msgs/msg/detail/relative_humidity__type_support.h
-- Symlinking: /home/saitama1/ros2_foxy/install/sensor_msgs/include/sensor_msgs/msg/detail/temperature__functions.h
-- Symlinking: /home/saitama1/ros2_foxy/install/sensor_msgs/include/sensor_msgs/msg/detail/temperature__struct.h
-- Symlinking: /home/saitama1/ros2_foxy/install/sensor_msgs/include/sensor_msgs/msg/detail/temperature__type_support.h
-- Symlinking: /home/saitama1/ros2_foxy/install/sensor_msgs/include/sensor_msgs/msg/detail/time_reference__functions.h
-- Symlinking: /home/saitama1/ros2_foxy/install/sensor_msgs/include/sensor_msgs/msg/detail/time_reference__struct.h
-- Symlinking: /home/saitama1/ros2_foxy/install/sensor_msgs/include/sensor_msgs/msg/detail/time_reference__type_support.h
-- Symlinking: /home/saitama1/ros2_foxy/install/sensor_msgs/include/sensor_msgs/msg/fluid_pressure.h
-- Symlinking: /home/saitama1/ros2_foxy/install/sensor_msgs/include/sensor_msgs/msg/illuminance.h
-- Symlinking: /home/saitama1/ros2_foxy/install/sensor_msgs/include/sensor_msgs/msg/image.h
-- Symlinking: /home/saitama1/ros2_foxy/install/sensor_msgs/include/sensor_msgs/msg/imu.h
-- Symlinking: /home/saitama1/ros2_foxy/install/sensor_msgs/include/sensor_msgs/msg/joint_state.h
-- Symlinking: /home/saitama1/ros2_foxy/install/sensor_msgs/include/sensor_msgs/msg/joy.h
-- Symlinking: /home/saitama1/ros2_foxy/install/sensor_msgs/include/sensor_msgs/msg/joy_feedback.h
-- Symlinking: /home/saitama1/ros2_foxy/install/sensor_msgs/include/sensor_msgs/msg/joy_feedback_array.h
-- Symlinking: /home/saitama1/ros2_foxy/install/sensor_msgs/include/sensor_msgs/msg/laser_echo.h
-- Symlinking: /home/saitama1/ros2_foxy/install/sensor_msgs/include/sensor_msgs/msg/laser_scan.h
-- Symlinking: /home/saitama1/ros2_foxy/install/sensor_msgs/include/sensor_msgs/msg/magnetic_field.h
-- Symlinking: /home/saitama1/ros2_foxy/install/sensor_msgs/include/sensor_msgs/msg/multi_dof_joint_state.h
-- Symlinking: /home/saitama1/ros2_foxy/install/sensor_msgs/include/sensor_msgs/msg/multi_echo_laser_scan.h
-- Symlinking: /home/saitama1/ros2_foxy/install/sensor_msgs/include/sensor_msgs/msg/nav_sat_fix.h
-- Symlinking: /home/saitama1/ros2_foxy/install/sensor_msgs/include/sensor_msgs/msg/nav_sat_status.h
-- Symlinking: /home/saitama1/ros2_foxy/install/sensor_msgs/include/sensor_msgs/msg/point_cloud.h
-- Symlinking: /home/saitama1/ros2_foxy/install/sensor_msgs/include/sensor_msgs/msg/point_cloud2.h
-- Symlinking: /home/saitama1/ros2_foxy/install/sensor_msgs/include/sensor_msgs/msg/point_field.h
-- Symlinking: /home/saitama1/ros2_foxy/install/sensor_msgs/include/sensor_msgs/msg/range.h
-- Symlinking: /home/saitama1/ros2_foxy/install/sensor_msgs/include/sensor_msgs/msg/region_of_interest.h
-- Symlinking: /home/saitama1/ros2_foxy/install/sensor_msgs/include/sensor_msgs/msg/relative_humidity.h
-- Symlinking: /home/saitama1/ros2_foxy/install/sensor_msgs/include/sensor_msgs/msg/rosidl_generator_c__visibility_control.h
-- Symlinking: /home/saitama1/ros2_foxy/install/sensor_msgs/include/sensor_msgs/msg/temperature.h
-- Symlinking: /home/saitama1/ros2_foxy/install/sensor_msgs/include/sensor_msgs/msg/time_reference.h
-- Symlinking: /home/saitama1/ros2_foxy/install/sensor_msgs/include/sensor_msgs/srv/detail/set_camera_info__functions.h
-- Symlinking: /home/saitama1/ros2_foxy/install/sensor_msgs/include/sensor_msgs/srv/detail/set_camera_info__struct.h
-- Symlinking: /home/saitama1/ros2_foxy/install/sensor_msgs/include/sensor_msgs/srv/detail/set_camera_info__type_support.h
-- Symlinking: /home/saitama1/ros2_foxy/install/sensor_msgs/include/sensor_msgs/srv/set_camera_info.h
-- Symlinking: /home/saitama1/ros2_foxy/install/sensor_msgs/share/sensor_msgs/environment/library_path.sh
-- Symlinking: /home/saitama1/ros2_foxy/install/sensor_msgs/share/sensor_msgs/environment/library_path.dsv
-- Symlinking: /home/saitama1/ros2_foxy/install/sensor_msgs/include/sensor_msgs/msg/detail/battery_state__rosidl_typesupport_introspection_c.h
-- Symlinking: /home/saitama1/ros2_foxy/install/sensor_msgs/include/sensor_msgs/msg/detail/camera_info__rosidl_typesupport_introspection_c.h
-- Symlinking: /home/saitama1/ros2_foxy/install/sensor_msgs/include/sensor_msgs/msg/detail/channel_float32__rosidl_typesupport_introspection_c.h
-- Symlinking: /home/saitama1/ros2_foxy/install/sensor_msgs/include/sensor_msgs/msg/detail/compressed_image__rosidl_typesupport_introspection_c.h
-- Symlinking: /home/saitama1/ros2_foxy/install/sensor_msgs/include/sensor_msgs/msg/detail/fluid_pressure__rosidl_typesupport_introspection_c.h
-- Symlinking: /home/saitama1/ros2_foxy/install/sensor_msgs/include/sensor_msgs/msg/detail/illuminance__rosidl_typesupport_introspection_c.h
-- Symlinking: /home/saitama1/ros2_foxy/install/sensor_msgs/include/sensor_msgs/msg/detail/image__rosidl_typesupport_introspection_c.h
-- Symlinking: /home/saitama1/ros2_foxy/install/sensor_msgs/include/sensor_msgs/msg/detail/imu__rosidl_typesupport_introspection_c.h
-- Symlinking: /home/saitama1/ros2_foxy/install/sensor_msgs/include/sensor_msgs/msg/detail/joint_state__rosidl_typesupport_introspection_c.h
-- Symlinking: /home/saitama1/ros2_foxy/install/sensor_msgs/include/sensor_msgs/msg/detail/joy__rosidl_typesupport_introspection_c.h
-- Symlinking: /home/saitama1/ros2_foxy/install/sensor_msgs/include/sensor_msgs/msg/detail/joy_feedback__rosidl_typesupport_introspection_c.h
-- Symlinking: /home/saitama1/ros2_foxy/install/sensor_msgs/include/sensor_msgs/msg/detail/joy_feedback_array__rosidl_typesupport_introspection_c.h
-- Symlinking: /home/saitama1/ros2_foxy/install/sensor_msgs/include/sensor_msgs/msg/detail/laser_echo__rosidl_typesupport_introspection_c.h
-- Symlinking: /home/saitama1/ros2_foxy/install/sensor_msgs/include/sensor_msgs/msg/detail/laser_scan__rosidl_typesupport_introspection_c.h
-- Symlinking: /home/saitama1/ros2_foxy/install/sensor_msgs/include/sensor_msgs/msg/detail/magnetic_field__rosidl_typesupport_introspection_c.h
-- Symlinking: /home/saitama1/ros2_foxy/install/sensor_msgs/include/sensor_msgs/msg/detail/multi_dof_joint_state__rosidl_typesupport_introspection_c.h
-- Symlinking: /home/saitama1/ros2_foxy/install/sensor_msgs/include/sensor_msgs/msg/detail/multi_echo_laser_scan__rosidl_typesupport_introspection_c.h
-- Symlinking: /home/saitama1/ros2_foxy/install/sensor_msgs/include/sensor_msgs/msg/detail/nav_sat_fix__rosidl_typesupport_introspection_c.h
-- Symlinking: /home/saitama1/ros2_foxy/install/sensor_msgs/include/sensor_msgs/msg/detail/nav_sat_status__rosidl_typesupport_introspection_c.h
-- Symlinking: /home/saitama1/ros2_foxy/install/sensor_msgs/include/sensor_msgs/msg/detail/point_cloud2__rosidl_typesupport_introspection_c.h
-- Symlinking: /home/saitama1/ros2_foxy/install/sensor_msgs/include/sensor_msgs/msg/detail/point_cloud__rosidl_typesupport_introspection_c.h
-- Symlinking: /home/saitama1/ros2_foxy/install/sensor_msgs/include/sensor_msgs/msg/detail/point_field__rosidl_typesupport_introspection_c.h
-- Symlinking: /home/saitama1/ros2_foxy/install/sensor_msgs/include/sensor_msgs/msg/detail/range__rosidl_typesupport_introspection_c.h
-- Symlinking: /home/saitama1/ros2_foxy/install/sensor_msgs/include/sensor_msgs/msg/detail/region_of_interest__rosidl_typesupport_introspection_c.h
-- Symlinking: /home/saitama1/ros2_foxy/install/sensor_msgs/include/sensor_msgs/msg/detail/relative_humidity__rosidl_typesupport_introspection_c.h
-- Symlinking: /home/saitama1/ros2_foxy/install/sensor_msgs/include/sensor_msgs/msg/detail/temperature__rosidl_typesupport_introspection_c.h
-- Symlinking: /home/saitama1/ros2_foxy/install/sensor_msgs/include/sensor_msgs/msg/detail/time_reference__rosidl_typesupport_introspection_c.h
-- Symlinking: /home/saitama1/ros2_foxy/install/sensor_msgs/include/sensor_msgs/msg/rosidl_typesupport_introspection_c__visibility_control.h
-- Symlinking: /home/saitama1/ros2_foxy/install/sensor_msgs/include/sensor_msgs/srv/detail/set_camera_info__rosidl_typesupport_introspection_c.h
-- Symlinking: /home/saitama1/ros2_foxy/install/sensor_msgs/include/sensor_msgs/msg/detail/battery_state__rosidl_typesupport_fastrtps_c.h
-- Symlinking: /home/saitama1/ros2_foxy/install/sensor_msgs/include/sensor_msgs/msg/detail/camera_info__rosidl_typesupport_fastrtps_c.h
-- Symlinking: /home/saitama1/ros2_foxy/install/sensor_msgs/include/sensor_msgs/msg/detail/channel_float32__rosidl_typesupport_fastrtps_c.h
-- Symlinking: /home/saitama1/ros2_foxy/install/sensor_msgs/include/sensor_msgs/msg/detail/compressed_image__rosidl_typesupport_fastrtps_c.h
-- Symlinking: /home/saitama1/ros2_foxy/install/sensor_msgs/include/sensor_msgs/msg/detail/fluid_pressure__rosidl_typesupport_fastrtps_c.h
-- Symlinking: /home/saitama1/ros2_foxy/install/sensor_msgs/include/sensor_msgs/msg/detail/illuminance__rosidl_typesupport_fastrtps_c.h
-- Symlinking: /home/saitama1/ros2_foxy/install/sensor_msgs/include/sensor_msgs/msg/detail/image__rosidl_typesupport_fastrtps_c.h
-- Symlinking: /home/saitama1/ros2_foxy/install/sensor_msgs/include/sensor_msgs/msg/detail/imu__rosidl_typesupport_fastrtps_c.h
-- Symlinking: /home/saitama1/ros2_foxy/install/sensor_msgs/include/sensor_msgs/msg/detail/joint_state__rosidl_typesupport_fastrtps_c.h
-- Symlinking: /home/saitama1/ros2_foxy/install/sensor_msgs/include/sensor_msgs/msg/detail/joy__rosidl_typesupport_fastrtps_c.h
-- Symlinking: /home/saitama1/ros2_foxy/install/sensor_msgs/include/sensor_msgs/msg/detail/joy_feedback__rosidl_typesupport_fastrtps_c.h
-- Symlinking: /home/saitama1/ros2_foxy/install/sensor_msgs/include/sensor_msgs/msg/detail/joy_feedback_array__rosidl_typesupport_fastrtps_c.h
-- Symlinking: /home/saitama1/ros2_foxy/install/sensor_msgs/include/sensor_msgs/msg/detail/laser_echo__rosidl_typesupport_fastrtps_c.h
-- Symlinking: /home/saitama1/ros2_foxy/install/sensor_msgs/include/sensor_msgs/msg/detail/laser_scan__rosidl_typesupport_fastrtps_c.h
-- Symlinking: /home/saitama1/ros2_foxy/install/sensor_msgs/include/sensor_msgs/msg/detail/magnetic_field__rosidl_typesupport_fastrtps_c.h
-- Symlinking: /home/saitama1/ros2_foxy/install/sensor_msgs/include/sensor_msgs/msg/detail/multi_dof_joint_state__rosidl_typesupport_fastrtps_c.h
-- Symlinking: /home/saitama1/ros2_foxy/install/sensor_msgs/include/sensor_msgs/msg/detail/multi_echo_laser_scan__rosidl_typesupport_fastrtps_c.h
-- Symlinking: /home/saitama1/ros2_foxy/install/sensor_msgs/include/sensor_msgs/msg/detail/nav_sat_fix__rosidl_typesupport_fastrtps_c.h
-- Symlinking: /home/saitama1/ros2_foxy/install/sensor_msgs/include/sensor_msgs/msg/detail/nav_sat_status__rosidl_typesupport_fastrtps_c.h
-- Symlinking: /home/saitama1/ros2_foxy/install/sensor_msgs/include/sensor_msgs/msg/detail/point_cloud2__rosidl_typesupport_fastrtps_c.h
-- Symlinking: /home/saitama1/ros2_foxy/install/sensor_msgs/include/sensor_msgs/msg/detail/point_cloud__rosidl_typesupport_fastrtps_c.h
-- Symlinking: /home/saitama1/ros2_foxy/install/sensor_msgs/include/sensor_msgs/msg/detail/point_field__rosidl_typesupport_fastrtps_c.h
-- Symlinking: /home/saitama1/ros2_foxy/install/sensor_msgs/include/sensor_msgs/msg/detail/range__rosidl_typesupport_fastrtps_c.h
-- Symlinking: /home/saitama1/ros2_foxy/install/sensor_msgs/include/sensor_msgs/msg/detail/region_of_interest__rosidl_typesupport_fastrtps_c.h
-- Symlinking: /home/saitama1/ros2_foxy/install/sensor_msgs/include/sensor_msgs/msg/detail/relative_humidity__rosidl_typesupport_fastrtps_c.h
-- Symlinking: /home/saitama1/ros2_foxy/install/sensor_msgs/include/sensor_msgs/msg/detail/temperature__rosidl_typesupport_fastrtps_c.h
-- Symlinking: /home/saitama1/ros2_foxy/install/sensor_msgs/include/sensor_msgs/msg/detail/time_reference__rosidl_typesupport_fastrtps_c.h
-- Symlinking: /home/saitama1/ros2_foxy/install/sensor_msgs/include/sensor_msgs/msg/rosidl_typesupport_fastrtps_c__visibility_control.h
-- Symlinking: /home/saitama1/ros2_foxy/install/sensor_msgs/include/sensor_msgs/srv/detail/set_camera_info__rosidl_typesupport_fastrtps_c.h
-- Symlinking: /home/saitama1/ros2_foxy/install/sensor_msgs/lib/libsensor_msgs__rosidl_typesupport_fastrtps_c.so
-- Symlinking: /home/saitama1/ros2_foxy/install/sensor_msgs/include/sensor_msgs/msg/detail/battery_state__rosidl_typesupport_fastrtps_cpp.hpp
-- Symlinking: /home/saitama1/ros2_foxy/install/sensor_msgs/include/sensor_msgs/msg/detail/camera_info__rosidl_typesupport_fastrtps_cpp.hpp
-- Symlinking: /home/saitama1/ros2_foxy/install/sensor_msgs/include/sensor_msgs/msg/detail/channel_float32__rosidl_typesupport_fastrtps_cpp.hpp
-- Symlinking: /home/saitama1/ros2_foxy/install/sensor_msgs/include/sensor_msgs/msg/detail/compressed_image__rosidl_typesupport_fastrtps_cpp.hpp
-- Symlinking: /home/saitama1/ros2_foxy/install/sensor_msgs/include/sensor_msgs/msg/detail/fluid_pressure__rosidl_typesupport_fastrtps_cpp.hpp
-- Symlinking: /home/saitama1/ros2_foxy/install/sensor_msgs/include/sensor_msgs/msg/detail/illuminance__rosidl_typesupport_fastrtps_cpp.hpp
-- Symlinking: /home/saitama1/ros2_foxy/install/sensor_msgs/include/sensor_msgs/msg/detail/image__rosidl_typesupport_fastrtps_cpp.hpp
-- Symlinking: /home/saitama1/ros2_foxy/install/sensor_msgs/include/sensor_msgs/msg/detail/imu__rosidl_typesupport_fastrtps_cpp.hpp
-- Symlinking: /home/saitama1/ros2_foxy/install/sensor_msgs/include/sensor_msgs/msg/detail/joint_state__rosidl_typesupport_fastrtps_cpp.hpp
-- Symlinking: /home/saitama1/ros2_foxy/install/sensor_msgs/include/sensor_msgs/msg/detail/joy__rosidl_typesupport_fastrtps_cpp.hpp
-- Symlinking: /home/saitama1/ros2_foxy/install/sensor_msgs/include/sensor_msgs/msg/detail/joy_feedback__rosidl_typesupport_fastrtps_cpp.hpp
-- Symlinking: /home/saitama1/ros2_foxy/install/sensor_msgs/include/sensor_msgs/msg/detail/joy_feedback_array__rosidl_typesupport_fastrtps_cpp.hpp
-- Symlinking: /home/saitama1/ros2_foxy/install/sensor_msgs/include/sensor_msgs/msg/detail/laser_echo__rosidl_typesupport_fastrtps_cpp.hpp
-- Symlinking: /home/saitama1/ros2_foxy/install/sensor_msgs/include/sensor_msgs/msg/detail/laser_scan__rosidl_typesupport_fastrtps_cpp.hpp
-- Symlinking: /home/saitama1/ros2_foxy/install/sensor_msgs/include/sensor_msgs/msg/detail/magnetic_field__rosidl_typesupport_fastrtps_cpp.hpp
-- Symlinking: /home/saitama1/ros2_foxy/install/sensor_msgs/include/sensor_msgs/msg/detail/multi_dof_joint_state__rosidl_typesupport_fastrtps_cpp.hpp
-- Symlinking: /home/saitama1/ros2_foxy/install/sensor_msgs/include/sensor_msgs/msg/detail/multi_echo_laser_scan__rosidl_typesupport_fastrtps_cpp.hpp
-- Symlinking: /home/saitama1/ros2_foxy/install/sensor_msgs/include/sensor_msgs/msg/detail/nav_sat_fix__rosidl_typesupport_fastrtps_cpp.hpp
-- Symlinking: /home/saitama1/ros2_foxy/install/sensor_msgs/include/sensor_msgs/msg/detail/nav_sat_status__rosidl_typesupport_fastrtps_cpp.hpp
-- Symlinking: /home/saitama1/ros2_foxy/install/sensor_msgs/include/sensor_msgs/msg/detail/point_cloud2__rosidl_typesupport_fastrtps_cpp.hpp
-- Symlinking: /home/saitama1/ros2_foxy/install/sensor_msgs/include/sensor_msgs/msg/detail/point_cloud__rosidl_typesupport_fastrtps_cpp.hpp
-- Symlinking: /home/saitama1/ros2_foxy/install/sensor_msgs/include/sensor_msgs/msg/detail/point_field__rosidl_typesupport_fastrtps_cpp.hpp
-- Symlinking: /home/saitama1/ros2_foxy/install/sensor_msgs/include/sensor_msgs/msg/detail/range__rosidl_typesupport_fastrtps_cpp.hpp
-- Symlinking: /home/saitama1/ros2_foxy/install/sensor_msgs/include/sensor_msgs/msg/detail/region_of_interest__rosidl_typesupport_fastrtps_cpp.hpp
-- Symlinking: /home/saitama1/ros2_foxy/install/sensor_msgs/include/sensor_msgs/msg/detail/relative_humidity__rosidl_typesupport_fastrtps_cpp.hpp
-- Symlinking: /home/saitama1/ros2_foxy/install/sensor_msgs/include/sensor_msgs/msg/detail/temperature__rosidl_typesupport_fastrtps_cpp.hpp
-- Symlinking: /home/saitama1/ros2_foxy/install/sensor_msgs/include/sensor_msgs/msg/detail/time_reference__rosidl_typesupport_fastrtps_cpp.hpp
-- Symlinking: /home/saitama1/ros2_foxy/install/sensor_msgs/include/sensor_msgs/msg/rosidl_typesupport_fastrtps_cpp__visibility_control.h
-- Symlinking: /home/saitama1/ros2_foxy/install/sensor_msgs/include/sensor_msgs/srv/detail/set_camera_info__rosidl_typesupport_fastrtps_cpp.hpp
-- Symlinking: /home/saitama1/ros2_foxy/install/sensor_msgs/lib/libsensor_msgs__rosidl_typesupport_fastrtps_cpp.so
-- Symlinking: /home/saitama1/ros2_foxy/install/sensor_msgs/include/sensor_msgs/msg/battery_state.hpp
-- Symlinking: /home/saitama1/ros2_foxy/install/sensor_msgs/include/sensor_msgs/msg/camera_info.hpp
-- Symlinking: /home/saitama1/ros2_foxy/install/sensor_msgs/include/sensor_msgs/msg/channel_float32.hpp
-- Symlinking: /home/saitama1/ros2_foxy/install/sensor_msgs/include/sensor_msgs/msg/compressed_image.hpp
-- Symlinking: /home/saitama1/ros2_foxy/install/sensor_msgs/include/sensor_msgs/msg/detail/battery_state__builder.hpp
-- Symlinking: /home/saitama1/ros2_foxy/install/sensor_msgs/include/sensor_msgs/msg/detail/battery_state__struct.hpp
-- Symlinking: /home/saitama1/ros2_foxy/install/sensor_msgs/include/sensor_msgs/msg/detail/battery_state__traits.hpp
-- Symlinking: /home/saitama1/ros2_foxy/install/sensor_msgs/include/sensor_msgs/msg/detail/camera_info__builder.hpp
-- Symlinking: /home/saitama1/ros2_foxy/install/sensor_msgs/include/sensor_msgs/msg/detail/camera_info__struct.hpp
-- Symlinking: /home/saitama1/ros2_foxy/install/sensor_msgs/include/sensor_msgs/msg/detail/camera_info__traits.hpp
-- Symlinking: /home/saitama1/ros2_foxy/install/sensor_msgs/include/sensor_msgs/msg/detail/channel_float32__builder.hpp
-- Symlinking: /home/saitama1/ros2_foxy/install/sensor_msgs/include/sensor_msgs/msg/detail/channel_float32__struct.hpp
-- Symlinking: /home/saitama1/ros2_foxy/install/sensor_msgs/include/sensor_msgs/msg/detail/channel_float32__traits.hpp
-- Symlinking: /home/saitama1/ros2_foxy/install/sensor_msgs/include/sensor_msgs/msg/detail/compressed_image__builder.hpp
-- Symlinking: /home/saitama1/ros2_foxy/install/sensor_msgs/include/sensor_msgs/msg/detail/compressed_image__struct.hpp
-- Symlinking: /home/saitama1/ros2_foxy/install/sensor_msgs/include/sensor_msgs/msg/detail/compressed_image__traits.hpp
-- Symlinking: /home/saitama1/ros2_foxy/install/sensor_msgs/include/sensor_msgs/msg/detail/fluid_pressure__builder.hpp
-- Symlinking: /home/saitama1/ros2_foxy/install/sensor_msgs/include/sensor_msgs/msg/detail/fluid_pressure__struct.hpp
-- Symlinking: /home/saitama1/ros2_foxy/install/sensor_msgs/include/sensor_msgs/msg/detail/fluid_pressure__traits.hpp
-- Symlinking: /home/saitama1/ros2_foxy/install/sensor_msgs/include/sensor_msgs/msg/detail/illuminance__builder.hpp
-- Symlinking: /home/saitama1/ros2_foxy/install/sensor_msgs/include/sensor_msgs/msg/detail/illuminance__struct.hpp
-- Symlinking: /home/saitama1/ros2_foxy/install/sensor_msgs/include/sensor_msgs/msg/detail/illuminance__traits.hpp
-- Symlinking: /home/saitama1/ros2_foxy/install/sensor_msgs/include/sensor_msgs/msg/detail/image__builder.hpp
-- Symlinking: /home/saitama1/ros2_foxy/install/sensor_msgs/include/sensor_msgs/msg/detail/image__struct.hpp
-- Symlinking: /home/saitama1/ros2_foxy/install/sensor_msgs/include/sensor_msgs/msg/detail/image__traits.hpp
-- Symlinking: /home/saitama1/ros2_foxy/install/sensor_msgs/include/sensor_msgs/msg/detail/imu__builder.hpp
-- Symlinking: /home/saitama1/ros2_foxy/install/sensor_msgs/include/sensor_msgs/msg/detail/imu__struct.hpp
-- Symlinking: /home/saitama1/ros2_foxy/install/sensor_msgs/include/sensor_msgs/msg/detail/imu__traits.hpp
-- Symlinking: /home/saitama1/ros2_foxy/install/sensor_msgs/include/sensor_msgs/msg/detail/joint_state__builder.hpp
-- Symlinking: /home/saitama1/ros2_foxy/install/sensor_msgs/include/sensor_msgs/msg/detail/joint_state__struct.hpp
-- Symlinking: /home/saitama1/ros2_foxy/install/sensor_msgs/include/sensor_msgs/msg/detail/joint_state__traits.hpp
-- Symlinking: /home/saitama1/ros2_foxy/install/sensor_msgs/include/sensor_msgs/msg/detail/joy__builder.hpp
-- Symlinking: /home/saitama1/ros2_foxy/install/sensor_msgs/include/sensor_msgs/msg/detail/joy__struct.hpp
-- Symlinking: /home/saitama1/ros2_foxy/install/sensor_msgs/include/sensor_msgs/msg/detail/joy__traits.hpp
-- Symlinking: /home/saitama1/ros2_foxy/install/sensor_msgs/include/sensor_msgs/msg/detail/joy_feedback__builder.hpp
-- Symlinking: /home/saitama1/ros2_foxy/install/sensor_msgs/include/sensor_msgs/msg/detail/joy_feedback__struct.hpp
-- Symlinking: /home/saitama1/ros2_foxy/install/sensor_msgs/include/sensor_msgs/msg/detail/joy_feedback__traits.hpp
-- Symlinking: /home/saitama1/ros2_foxy/install/sensor_msgs/include/sensor_msgs/msg/detail/joy_feedback_array__builder.hpp
-- Symlinking: /home/saitama1/ros2_foxy/install/sensor_msgs/include/sensor_msgs/msg/detail/joy_feedback_array__struct.hpp
-- Symlinking: /home/saitama1/ros2_foxy/install/sensor_msgs/include/sensor_msgs/msg/detail/joy_feedback_array__traits.hpp
-- Symlinking: /home/saitama1/ros2_foxy/install/sensor_msgs/include/sensor_msgs/msg/detail/laser_echo__builder.hpp
-- Symlinking: /home/saitama1/ros2_foxy/install/sensor_msgs/include/sensor_msgs/msg/detail/laser_echo__struct.hpp
-- Symlinking: /home/saitama1/ros2_foxy/install/sensor_msgs/include/sensor_msgs/msg/detail/laser_echo__traits.hpp
-- Symlinking: /home/saitama1/ros2_foxy/install/sensor_msgs/include/sensor_msgs/msg/detail/laser_scan__builder.hpp
-- Symlinking: /home/saitama1/ros2_foxy/install/sensor_msgs/include/sensor_msgs/msg/detail/laser_scan__struct.hpp
-- Symlinking: /home/saitama1/ros2_foxy/install/sensor_msgs/include/sensor_msgs/msg/detail/laser_scan__traits.hpp
-- Symlinking: /home/saitama1/ros2_foxy/install/sensor_msgs/include/sensor_msgs/msg/detail/magnetic_field__builder.hpp
-- Symlinking: /home/saitama1/ros2_foxy/install/sensor_msgs/include/sensor_msgs/msg/detail/magnetic_field__struct.hpp
-- Symlinking: /home/saitama1/ros2_foxy/install/sensor_msgs/include/sensor_msgs/msg/detail/magnetic_field__traits.hpp
-- Symlinking: /home/saitama1/ros2_foxy/install/sensor_msgs/include/sensor_msgs/msg/detail/multi_dof_joint_state__builder.hpp
-- Symlinking: /home/saitama1/ros2_foxy/install/sensor_msgs/include/sensor_msgs/msg/detail/multi_dof_joint_state__struct.hpp
-- Symlinking: /home/saitama1/ros2_foxy/install/sensor_msgs/include/sensor_msgs/msg/detail/multi_dof_joint_state__traits.hpp
-- Symlinking: /home/saitama1/ros2_foxy/install/sensor_msgs/include/sensor_msgs/msg/detail/multi_echo_laser_scan__builder.hpp
-- Symlinking: /home/saitama1/ros2_foxy/install/sensor_msgs/include/sensor_msgs/msg/detail/multi_echo_laser_scan__struct.hpp
-- Symlinking: /home/saitama1/ros2_foxy/install/sensor_msgs/include/sensor_msgs/msg/detail/multi_echo_laser_scan__traits.hpp
-- Symlinking: /home/saitama1/ros2_foxy/install/sensor_msgs/include/sensor_msgs/msg/detail/nav_sat_fix__builder.hpp
-- Symlinking: /home/saitama1/ros2_foxy/install/sensor_msgs/include/sensor_msgs/msg/detail/nav_sat_fix__struct.hpp
-- Symlinking: /home/saitama1/ros2_foxy/install/sensor_msgs/include/sensor_msgs/msg/detail/nav_sat_fix__traits.hpp
-- Symlinking: /home/saitama1/ros2_foxy/install/sensor_msgs/include/sensor_msgs/msg/detail/nav_sat_status__builder.hpp
-- Symlinking: /home/saitama1/ros2_foxy/install/sensor_msgs/include/sensor_msgs/msg/detail/nav_sat_status__struct.hpp
-- Symlinking: /home/saitama1/ros2_foxy/install/sensor_msgs/include/sensor_msgs/msg/detail/nav_sat_status__traits.hpp
-- Symlinking: /home/saitama1/ros2_foxy/install/sensor_msgs/include/sensor_msgs/msg/detail/point_cloud2__builder.hpp
-- Symlinking: /home/saitama1/ros2_foxy/install/sensor_msgs/include/sensor_msgs/msg/detail/point_cloud2__struct.hpp
-- Symlinking: /home/saitama1/ros2_foxy/install/sensor_msgs/include/sensor_msgs/msg/detail/point_cloud2__traits.hpp
-- Symlinking: /home/saitama1/ros2_foxy/install/sensor_msgs/include/sensor_msgs/msg/detail/point_cloud__builder.hpp
-- Symlinking: /home/saitama1/ros2_foxy/install/sensor_msgs/include/sensor_msgs/msg/detail/point_cloud__struct.hpp
-- Symlinking: /home/saitama1/ros2_foxy/install/sensor_msgs/include/sensor_msgs/msg/detail/point_cloud__traits.hpp
-- Symlinking: /home/saitama1/ros2_foxy/install/sensor_msgs/include/sensor_msgs/msg/detail/point_field__builder.hpp
-- Symlinking: /home/saitama1/ros2_foxy/install/sensor_msgs/include/sensor_msgs/msg/detail/point_field__struct.hpp
-- Symlinking: /home/saitama1/ros2_foxy/install/sensor_msgs/include/sensor_msgs/msg/detail/point_field__traits.hpp
-- Symlinking: /home/saitama1/ros2_foxy/install/sensor_msgs/include/sensor_msgs/msg/detail/range__builder.hpp
-- Symlinking: /home/saitama1/ros2_foxy/install/sensor_msgs/include/sensor_msgs/msg/detail/range__struct.hpp
-- Symlinking: /home/saitama1/ros2_foxy/install/sensor_msgs/include/sensor_msgs/msg/detail/range__traits.hpp
-- Symlinking: /home/saitama1/ros2_foxy/install/sensor_msgs/include/sensor_msgs/msg/detail/region_of_interest__builder.hpp
-- Symlinking: /home/saitama1/ros2_foxy/install/sensor_msgs/include/sensor_msgs/msg/detail/region_of_interest__struct.hpp
-- Symlinking: /home/saitama1/ros2_foxy/install/sensor_msgs/include/sensor_msgs/msg/detail/region_of_interest__traits.hpp
-- Symlinking: /home/saitama1/ros2_foxy/install/sensor_msgs/include/sensor_msgs/msg/detail/relative_humidity__builder.hpp
-- Symlinking: /home/saitama1/ros2_foxy/install/sensor_msgs/include/sensor_msgs/msg/detail/relative_humidity__struct.hpp
-- Symlinking: /home/saitama1/ros2_foxy/install/sensor_msgs/include/sensor_msgs/msg/detail/relative_humidity__traits.hpp
-- Symlinking: /home/saitama1/ros2_foxy/install/sensor_msgs/include/sensor_msgs/msg/detail/temperature__builder.hpp
-- Symlinking: /home/saitama1/ros2_foxy/install/sensor_msgs/include/sensor_msgs/msg/detail/temperature__struct.hpp
-- Symlinking: /home/saitama1/ros2_foxy/install/sensor_msgs/include/sensor_msgs/msg/detail/temperature__traits.hpp
-- Symlinking: /home/saitama1/ros2_foxy/install/sensor_msgs/include/sensor_msgs/msg/detail/time_reference__builder.hpp
-- Symlinking: /home/saitama1/ros2_foxy/install/sensor_msgs/include/sensor_msgs/msg/detail/time_reference__struct.hpp
-- Symlinking: /home/saitama1/ros2_foxy/install/sensor_msgs/include/sensor_msgs/msg/detail/time_reference__traits.hpp
-- Symlinking: /home/saitama1/ros2_foxy/install/sensor_msgs/include/sensor_msgs/msg/fluid_pressure.hpp
-- Symlinking: /home/saitama1/ros2_foxy/install/sensor_msgs/include/sensor_msgs/msg/illuminance.hpp
-- Symlinking: /home/saitama1/ros2_foxy/install/sensor_msgs/include/sensor_msgs/msg/image.hpp
-- Symlinking: /home/saitama1/ros2_foxy/install/sensor_msgs/include/sensor_msgs/msg/imu.hpp
-- Symlinking: /home/saitama1/ros2_foxy/install/sensor_msgs/include/sensor_msgs/msg/joint_state.hpp
-- Symlinking: /home/saitama1/ros2_foxy/install/sensor_msgs/include/sensor_msgs/msg/joy.hpp
-- Symlinking: /home/saitama1/ros2_foxy/install/sensor_msgs/include/sensor_msgs/msg/joy_feedback.hpp
-- Symlinking: /home/saitama1/ros2_foxy/install/sensor_msgs/include/sensor_msgs/msg/joy_feedback_array.hpp
-- Symlinking: /home/saitama1/ros2_foxy/install/sensor_msgs/include/sensor_msgs/msg/laser_echo.hpp
-- Symlinking: /home/saitama1/ros2_foxy/install/sensor_msgs/include/sensor_msgs/msg/laser_scan.hpp
-- Symlinking: /home/saitama1/ros2_foxy/install/sensor_msgs/include/sensor_msgs/msg/magnetic_field.hpp
-- Symlinking: /home/saitama1/ros2_foxy/install/sensor_msgs/include/sensor_msgs/msg/multi_dof_joint_state.hpp
-- Symlinking: /home/saitama1/ros2_foxy/install/sensor_msgs/include/sensor_msgs/msg/multi_echo_laser_scan.hpp
-- Symlinking: /home/saitama1/ros2_foxy/install/sensor_msgs/include/sensor_msgs/msg/nav_sat_fix.hpp
-- Symlinking: /home/saitama1/ros2_foxy/install/sensor_msgs/include/sensor_msgs/msg/nav_sat_status.hpp
-- Symlinking: /home/saitama1/ros2_foxy/install/sensor_msgs/include/sensor_msgs/msg/point_cloud.hpp
-- Symlinking: /home/saitama1/ros2_foxy/install/sensor_msgs/include/sensor_msgs/msg/point_cloud2.hpp
-- Symlinking: /home/saitama1/ros2_foxy/install/sensor_msgs/include/sensor_msgs/msg/point_field.hpp
-- Symlinking: /home/saitama1/ros2_foxy/install/sensor_msgs/include/sensor_msgs/msg/range.hpp
-- Symlinking: /home/saitama1/ros2_foxy/install/sensor_msgs/include/sensor_msgs/msg/region_of_interest.hpp
-- Symlinking: /home/saitama1/ros2_foxy/install/sensor_msgs/include/sensor_msgs/msg/relative_humidity.hpp
-- Symlinking: /home/saitama1/ros2_foxy/install/sensor_msgs/include/sensor_msgs/msg/temperature.hpp
-- Symlinking: /home/saitama1/ros2_foxy/install/sensor_msgs/include/sensor_msgs/msg/time_reference.hpp
-- Symlinking: /home/saitama1/ros2_foxy/install/sensor_msgs/include/sensor_msgs/srv/detail/set_camera_info__builder.hpp
-- Symlinking: /home/saitama1/ros2_foxy/install/sensor_msgs/include/sensor_msgs/srv/detail/set_camera_info__struct.hpp
-- Symlinking: /home/saitama1/ros2_foxy/install/sensor_msgs/include/sensor_msgs/srv/detail/set_camera_info__traits.hpp
-- Symlinking: /home/saitama1/ros2_foxy/install/sensor_msgs/include/sensor_msgs/srv/set_camera_info.hpp
-- Symlinking: /home/saitama1/ros2_foxy/install/sensor_msgs/include/sensor_msgs/msg/detail/battery_state__rosidl_typesupport_introspection_cpp.hpp
-- Symlinking: /home/saitama1/ros2_foxy/install/sensor_msgs/include/sensor_msgs/msg/detail/camera_info__rosidl_typesupport_introspection_cpp.hpp
-- Symlinking: /home/saitama1/ros2_foxy/install/sensor_msgs/include/sensor_msgs/msg/detail/channel_float32__rosidl_typesupport_introspection_cpp.hpp
-- Symlinking: /home/saitama1/ros2_foxy/install/sensor_msgs/include/sensor_msgs/msg/detail/compressed_image__rosidl_typesupport_introspection_cpp.hpp
-- Symlinking: /home/saitama1/ros2_foxy/install/sensor_msgs/include/sensor_msgs/msg/detail/fluid_pressure__rosidl_typesupport_introspection_cpp.hpp
-- Symlinking: /home/saitama1/ros2_foxy/install/sensor_msgs/include/sensor_msgs/msg/detail/illuminance__rosidl_typesupport_introspection_cpp.hpp
-- Symlinking: /home/saitama1/ros2_foxy/install/sensor_msgs/include/sensor_msgs/msg/detail/image__rosidl_typesupport_introspection_cpp.hpp
-- Symlinking: /home/saitama1/ros2_foxy/install/sensor_msgs/include/sensor_msgs/msg/detail/imu__rosidl_typesupport_introspection_cpp.hpp
-- Symlinking: /home/saitama1/ros2_foxy/install/sensor_msgs/include/sensor_msgs/msg/detail/joint_state__rosidl_typesupport_introspection_cpp.hpp
-- Symlinking: /home/saitama1/ros2_foxy/install/sensor_msgs/include/sensor_msgs/msg/detail/joy__rosidl_typesupport_introspection_cpp.hpp
-- Symlinking: /home/saitama1/ros2_foxy/install/sensor_msgs/include/sensor_msgs/msg/detail/joy_feedback__rosidl_typesupport_introspection_cpp.hpp
-- Symlinking: /home/saitama1/ros2_foxy/install/sensor_msgs/include/sensor_msgs/msg/detail/joy_feedback_array__rosidl_typesupport_introspection_cpp.hpp
-- Symlinking: /home/saitama1/ros2_foxy/install/sensor_msgs/include/sensor_msgs/msg/detail/laser_echo__rosidl_typesupport_introspection_cpp.hpp
-- Symlinking: /home/saitama1/ros2_foxy/install/sensor_msgs/include/sensor_msgs/msg/detail/laser_scan__rosidl_typesupport_introspection_cpp.hpp
-- Symlinking: /home/saitama1/ros2_foxy/install/sensor_msgs/include/sensor_msgs/msg/detail/magnetic_field__rosidl_typesupport_introspection_cpp.hpp
-- Symlinking: /home/saitama1/ros2_foxy/install/sensor_msgs/include/sensor_msgs/msg/detail/multi_dof_joint_state__rosidl_typesupport_introspection_cpp.hpp
-- Symlinking: /home/saitama1/ros2_foxy/install/sensor_msgs/include/sensor_msgs/msg/detail/multi_echo_laser_scan__rosidl_typesupport_introspection_cpp.hpp
-- Symlinking: /home/saitama1/ros2_foxy/install/sensor_msgs/include/sensor_msgs/msg/detail/nav_sat_fix__rosidl_typesupport_introspection_cpp.hpp
-- Symlinking: /home/saitama1/ros2_foxy/install/sensor_msgs/include/sensor_msgs/msg/detail/nav_sat_status__rosidl_typesupport_introspection_cpp.hpp
-- Symlinking: /home/saitama1/ros2_foxy/install/sensor_msgs/include/sensor_msgs/msg/detail/point_cloud2__rosidl_typesupport_introspection_cpp.hpp
-- Symlinking: /home/saitama1/ros2_foxy/install/sensor_msgs/include/sensor_msgs/msg/detail/point_cloud__rosidl_typesupport_introspection_cpp.hpp
-- Symlinking: /home/saitama1/ros2_foxy/install/sensor_msgs/include/sensor_msgs/msg/detail/point_field__rosidl_typesupport_introspection_cpp.hpp
-- Symlinking: /home/saitama1/ros2_foxy/install/sensor_msgs/include/sensor_msgs/msg/detail/range__rosidl_typesupport_introspection_cpp.hpp
-- Symlinking: /home/saitama1/ros2_foxy/install/sensor_msgs/include/sensor_msgs/msg/detail/region_of_interest__rosidl_typesupport_introspection_cpp.hpp
-- Symlinking: /home/saitama1/ros2_foxy/install/sensor_msgs/include/sensor_msgs/msg/detail/relative_humidity__rosidl_typesupport_introspection_cpp.hpp
-- Symlinking: /home/saitama1/ros2_foxy/install/sensor_msgs/include/sensor_msgs/msg/detail/temperature__rosidl_typesupport_introspection_cpp.hpp
-- Symlinking: /home/saitama1/ros2_foxy/install/sensor_msgs/include/sensor_msgs/msg/detail/time_reference__rosidl_typesupport_introspection_cpp.hpp
-- Symlinking: /home/saitama1/ros2_foxy/install/sensor_msgs/include/sensor_msgs/srv/detail/set_camera_info__rosidl_typesupport_introspection_cpp.hpp
-- Symlinking: /home/saitama1/ros2_foxy/install/sensor_msgs/share/sensor_msgs/environment/pythonpath.sh
-- Symlinking: /home/saitama1/ros2_foxy/install/sensor_msgs/share/sensor_msgs/environment/pythonpath.dsv
-- Symlinking: /home/saitama1/ros2_foxy/install/sensor_msgs/lib/python3.8/site-packages/sensor_msgs/__init__.py
-- Symlinking: /home/saitama1/ros2_foxy/install/sensor_msgs/lib/python3.8/site-packages/sensor_msgs/msg/__init__.py
-- Symlinking: /home/saitama1/ros2_foxy/install/sensor_msgs/lib/python3.8/site-packages/sensor_msgs/msg/_battery_state.py
-- Symlinking: /home/saitama1/ros2_foxy/install/sensor_msgs/lib/python3.8/site-packages/sensor_msgs/msg/_camera_info.py
-- Symlinking: /home/saitama1/ros2_foxy/install/sensor_msgs/lib/python3.8/site-packages/sensor_msgs/msg/_channel_float32.py
-- Symlinking: /home/saitama1/ros2_foxy/install/sensor_msgs/lib/python3.8/site-packages/sensor_msgs/msg/_compressed_image.py
-- Symlinking: /home/saitama1/ros2_foxy/install/sensor_msgs/lib/python3.8/site-packages/sensor_msgs/msg/_fluid_pressure.py
-- Symlinking: /home/saitama1/ros2_foxy/install/sensor_msgs/lib/python3.8/site-packages/sensor_msgs/msg/_illuminance.py
-- Symlinking: /home/saitama1/ros2_foxy/install/sensor_msgs/lib/python3.8/site-packages/sensor_msgs/msg/_image.py
-- Symlinking: /home/saitama1/ros2_foxy/install/sensor_msgs/lib/python3.8/site-packages/sensor_msgs/msg/_imu.py
-- Symlinking: /home/saitama1/ros2_foxy/install/sensor_msgs/lib/python3.8/site-packages/sensor_msgs/msg/_joint_state.py
-- Symlinking: /home/saitama1/ros2_foxy/install/sensor_msgs/lib/python3.8/site-packages/sensor_msgs/msg/_joy.py
-- Symlinking: /home/saitama1/ros2_foxy/install/sensor_msgs/lib/python3.8/site-packages/sensor_msgs/msg/_joy_feedback.py
-- Symlinking: /home/saitama1/ros2_foxy/install/sensor_msgs/lib/python3.8/site-packages/sensor_msgs/msg/_joy_feedback_array.py
-- Symlinking: /home/saitama1/ros2_foxy/install/sensor_msgs/lib/python3.8/site-packages/sensor_msgs/msg/_laser_echo.py
-- Symlinking: /home/saitama1/ros2_foxy/install/sensor_msgs/lib/python3.8/site-packages/sensor_msgs/msg/_laser_scan.py
-- Symlinking: /home/saitama1/ros2_foxy/install/sensor_msgs/lib/python3.8/site-packages/sensor_msgs/msg/_magnetic_field.py
-- Symlinking: /home/saitama1/ros2_foxy/install/sensor_msgs/lib/python3.8/site-packages/sensor_msgs/msg/_multi_dof_joint_state.py
-- Symlinking: /home/saitama1/ros2_foxy/install/sensor_msgs/lib/python3.8/site-packages/sensor_msgs/msg/_multi_echo_laser_scan.py
-- Symlinking: /home/saitama1/ros2_foxy/install/sensor_msgs/lib/python3.8/site-packages/sensor_msgs/msg/_nav_sat_fix.py
-- Symlinking: /home/saitama1/ros2_foxy/install/sensor_msgs/lib/python3.8/site-packages/sensor_msgs/msg/_nav_sat_status.py
-- Symlinking: /home/saitama1/ros2_foxy/install/sensor_msgs/lib/python3.8/site-packages/sensor_msgs/msg/_point_cloud.py
-- Symlinking: /home/saitama1/ros2_foxy/install/sensor_msgs/lib/python3.8/site-packages/sensor_msgs/msg/_point_cloud2.py
-- Symlinking: /home/saitama1/ros2_foxy/install/sensor_msgs/lib/python3.8/site-packages/sensor_msgs/msg/_point_field.py
-- Symlinking: /home/saitama1/ros2_foxy/install/sensor_msgs/lib/python3.8/site-packages/sensor_msgs/msg/_range.py
-- Symlinking: /home/saitama1/ros2_foxy/install/sensor_msgs/lib/python3.8/site-packages/sensor_msgs/msg/_region_of_interest.py
-- Symlinking: /home/saitama1/ros2_foxy/install/sensor_msgs/lib/python3.8/site-packages/sensor_msgs/msg/_relative_humidity.py
-- Symlinking: /home/saitama1/ros2_foxy/install/sensor_msgs/lib/python3.8/site-packages/sensor_msgs/msg/_temperature.py
-- Symlinking: /home/saitama1/ros2_foxy/install/sensor_msgs/lib/python3.8/site-packages/sensor_msgs/msg/_time_reference.py
-- Symlinking: /home/saitama1/ros2_foxy/install/sensor_msgs/lib/python3.8/site-packages/sensor_msgs/srv/__init__.py
-- Symlinking: /home/saitama1/ros2_foxy/install/sensor_msgs/lib/python3.8/site-packages/sensor_msgs/srv/_set_camera_info.py
-- Symlinking: /home/saitama1/ros2_foxy/install/sensor_msgs/lib/python3.8/site-packages/sensor_msgs/sensor_msgs_s__rosidl_typesupport_introspection_c.cpython-38-x86_64-linux-gnu.so
-- Symlinking: /home/saitama1/ros2_foxy/install/sensor_msgs/lib/python3.8/site-packages/sensor_msgs/sensor_msgs_s__rosidl_typesupport_fastrtps_c.cpython-38-x86_64-linux-gnu.so
-- Symlinking: /home/saitama1/ros2_foxy/install/sensor_msgs/lib/python3.8/site-packages/sensor_msgs/sensor_msgs_s__rosidl_typesupport_c.cpython-38-x86_64-linux-gnu.so
-- Symlinking: /home/saitama1/ros2_foxy/install/sensor_msgs/lib/libsensor_msgs__python.so
-- Symlinking: /home/saitama1/ros2_foxy/install/sensor_msgs/share/sensor_msgs/msg/BatteryState.idl
-- Symlinking: /home/saitama1/ros2_foxy/install/sensor_msgs/share/sensor_msgs/msg/CameraInfo.idl
-- Symlinking: /home/saitama1/ros2_foxy/install/sensor_msgs/share/sensor_msgs/msg/ChannelFloat32.idl
-- Symlinking: /home/saitama1/ros2_foxy/install/sensor_msgs/share/sensor_msgs/msg/CompressedImage.idl
-- Symlinking: /home/saitama1/ros2_foxy/install/sensor_msgs/share/sensor_msgs/msg/FluidPressure.idl
-- Symlinking: /home/saitama1/ros2_foxy/install/sensor_msgs/share/sensor_msgs/msg/Illuminance.idl
-- Symlinking: /home/saitama1/ros2_foxy/install/sensor_msgs/share/sensor_msgs/msg/Image.idl
-- Symlinking: /home/saitama1/ros2_foxy/install/sensor_msgs/share/sensor_msgs/msg/Imu.idl
-- Symlinking: /home/saitama1/ros2_foxy/install/sensor_msgs/share/sensor_msgs/msg/JointState.idl
-- Symlinking: /home/saitama1/ros2_foxy/install/sensor_msgs/share/sensor_msgs/msg/Joy.idl
-- Symlinking: /home/saitama1/ros2_foxy/install/sensor_msgs/share/sensor_msgs/msg/JoyFeedback.idl
-- Symlinking: /home/saitama1/ros2_foxy/install/sensor_msgs/share/sensor_msgs/msg/JoyFeedbackArray.idl
-- Symlinking: /home/saitama1/ros2_foxy/install/sensor_msgs/share/sensor_msgs/msg/LaserEcho.idl
-- Symlinking: /home/saitama1/ros2_foxy/install/sensor_msgs/share/sensor_msgs/msg/LaserScan.idl
-- Symlinking: /home/saitama1/ros2_foxy/install/sensor_msgs/share/sensor_msgs/msg/MagneticField.idl
-- Symlinking: /home/saitama1/ros2_foxy/install/sensor_msgs/share/sensor_msgs/msg/MultiDOFJointState.idl
-- Symlinking: /home/saitama1/ros2_foxy/install/sensor_msgs/share/sensor_msgs/msg/MultiEchoLaserScan.idl
-- Symlinking: /home/saitama1/ros2_foxy/install/sensor_msgs/share/sensor_msgs/msg/NavSatFix.idl
-- Symlinking: /home/saitama1/ros2_foxy/install/sensor_msgs/share/sensor_msgs/msg/NavSatStatus.idl
-- Symlinking: /home/saitama1/ros2_foxy/install/sensor_msgs/share/sensor_msgs/msg/PointCloud.idl
-- Symlinking: /home/saitama1/ros2_foxy/install/sensor_msgs/share/sensor_msgs/msg/PointCloud2.idl
-- Symlinking: /home/saitama1/ros2_foxy/install/sensor_msgs/share/sensor_msgs/msg/PointField.idl
-- Symlinking: /home/saitama1/ros2_foxy/install/sensor_msgs/share/sensor_msgs/msg/Range.idl
-- Symlinking: /home/saitama1/ros2_foxy/install/sensor_msgs/share/sensor_msgs/msg/RegionOfInterest.idl
-- Symlinking: /home/saitama1/ros2_foxy/install/sensor_msgs/share/sensor_msgs/msg/RelativeHumidity.idl
-- Symlinking: /home/saitama1/ros2_foxy/install/sensor_msgs/share/sensor_msgs/msg/Temperature.idl
-- Symlinking: /home/saitama1/ros2_foxy/install/sensor_msgs/share/sensor_msgs/msg/TimeReference.idl
-- Symlinking: /home/saitama1/ros2_foxy/install/sensor_msgs/share/sensor_msgs/srv/SetCameraInfo.idl
-- Symlinking: /home/saitama1/ros2_foxy/install/sensor_msgs/share/sensor_msgs/msg/BatteryState.msg
-- Symlinking: /home/saitama1/ros2_foxy/install/sensor_msgs/share/sensor_msgs/msg/CameraInfo.msg
-- Symlinking: /home/saitama1/ros2_foxy/install/sensor_msgs/share/sensor_msgs/msg/ChannelFloat32.msg
-- Symlinking: /home/saitama1/ros2_foxy/install/sensor_msgs/share/sensor_msgs/msg/CompressedImage.msg
-- Symlinking: /home/saitama1/ros2_foxy/install/sensor_msgs/share/sensor_msgs/msg/FluidPressure.msg
-- Symlinking: /home/saitama1/ros2_foxy/install/sensor_msgs/share/sensor_msgs/msg/Illuminance.msg
-- Symlinking: /home/saitama1/ros2_foxy/install/sensor_msgs/share/sensor_msgs/msg/Image.msg
-- Symlinking: /home/saitama1/ros2_foxy/install/sensor_msgs/share/sensor_msgs/msg/Imu.msg
-- Symlinking: /home/saitama1/ros2_foxy/install/sensor_msgs/share/sensor_msgs/msg/JointState.msg
-- Symlinking: /home/saitama1/ros2_foxy/install/sensor_msgs/share/sensor_msgs/msg/Joy.msg
-- Symlinking: /home/saitama1/ros2_foxy/install/sensor_msgs/share/sensor_msgs/msg/JoyFeedback.msg
-- Symlinking: /home/saitama1/ros2_foxy/install/sensor_msgs/share/sensor_msgs/msg/JoyFeedbackArray.msg
-- Symlinking: /home/saitama1/ros2_foxy/install/sensor_msgs/share/sensor_msgs/msg/LaserEcho.msg
-- Symlinking: /home/saitama1/ros2_foxy/install/sensor_msgs/share/sensor_msgs/msg/LaserScan.msg
-- Symlinking: /home/saitama1/ros2_foxy/install/sensor_msgs/share/sensor_msgs/msg/MagneticField.msg
-- Symlinking: /home/saitama1/ros2_foxy/install/sensor_msgs/share/sensor_msgs/msg/MultiDOFJointState.msg
-- Symlinking: /home/saitama1/ros2_foxy/install/sensor_msgs/share/sensor_msgs/msg/MultiEchoLaserScan.msg
-- Symlinking: /home/saitama1/ros2_foxy/install/sensor_msgs/share/sensor_msgs/msg/NavSatFix.msg
-- Symlinking: /home/saitama1/ros2_foxy/install/sensor_msgs/share/sensor_msgs/msg/NavSatStatus.msg
-- Symlinking: /home/saitama1/ros2_foxy/install/sensor_msgs/share/sensor_msgs/msg/PointCloud.msg
-- Symlinking: /home/saitama1/ros2_foxy/install/sensor_msgs/share/sensor_msgs/msg/PointCloud2.msg
-- Symlinking: /home/saitama1/ros2_foxy/install/sensor_msgs/share/sensor_msgs/msg/PointField.msg
-- Symlinking: /home/saitama1/ros2_foxy/install/sensor_msgs/share/sensor_msgs/msg/Range.msg
-- Symlinking: /home/saitama1/ros2_foxy/install/sensor_msgs/share/sensor_msgs/msg/RegionOfInterest.msg
-- Symlinking: /home/saitama1/ros2_foxy/install/sensor_msgs/share/sensor_msgs/msg/RelativeHumidity.msg
-- Symlinking: /home/saitama1/ros2_foxy/install/sensor_msgs/share/sensor_msgs/msg/Temperature.msg
-- Symlinking: /home/saitama1/ros2_foxy/install/sensor_msgs/share/sensor_msgs/msg/TimeReference.msg
-- Symlinking: /home/saitama1/ros2_foxy/install/sensor_msgs/share/sensor_msgs/srv/SetCameraInfo.srv
-- Symlinking: /home/saitama1/ros2_foxy/install/sensor_msgs/share/sensor_msgs/srv/SetCameraInfo_Request.msg
-- Symlinking: /home/saitama1/ros2_foxy/install/sensor_msgs/share/sensor_msgs/srv/SetCameraInfo_Response.msg
-- Symlinking: /home/saitama1/ros2_foxy/install/sensor_msgs/include/sensor_msgs/distortion_models.hpp
-- Symlinking: /home/saitama1/ros2_foxy/install/sensor_msgs/include/sensor_msgs/fill_image.hpp
-- Symlinking: /home/saitama1/ros2_foxy/install/sensor_msgs/include/sensor_msgs/image_encodings.hpp
-- Symlinking: /home/saitama1/ros2_foxy/install/sensor_msgs/include/sensor_msgs/impl/point_cloud2_iterator.hpp
-- Symlinking: /home/saitama1/ros2_foxy/install/sensor_msgs/include/sensor_msgs/point_cloud2_iterator.hpp
-- Symlinking: /home/saitama1/ros2_foxy/install/sensor_msgs/include/sensor_msgs/point_cloud_conversion.hpp
-- Symlinking: /home/saitama1/ros2_foxy/install/sensor_msgs/include/sensor_msgs/point_field_conversion.hpp
-- Symlinking: /home/saitama1/ros2_foxy/install/sensor_msgs/share/ament_index/resource_index/package_run_dependencies/sensor_msgs
-- Symlinking: /home/saitama1/ros2_foxy/install/sensor_msgs/share/ament_index/resource_index/parent_prefix_path/sensor_msgs
-- Symlinking: /home/saitama1/ros2_foxy/install/sensor_msgs/share/sensor_msgs/environment/ament_prefix_path.sh
-- Symlinking: /home/saitama1/ros2_foxy/install/sensor_msgs/share/sensor_msgs/environment/ament_prefix_path.dsv
-- Symlinking: /home/saitama1/ros2_foxy/install/sensor_msgs/share/sensor_msgs/environment/path.sh
-- Symlinking: /home/saitama1/ros2_foxy/install/sensor_msgs/share/sensor_msgs/environment/path.dsv
-- Symlinking: /home/saitama1/ros2_foxy/install/sensor_msgs/share/sensor_msgs/local_setup.bash
-- Symlinking: /home/saitama1/ros2_foxy/install/sensor_msgs/share/sensor_msgs/local_setup.sh
-- Symlinking: /home/saitama1/ros2_foxy/install/sensor_msgs/share/sensor_msgs/local_setup.zsh
-- Symlinking: /home/saitama1/ros2_foxy/install/sensor_msgs/share/sensor_msgs/local_setup.dsv
-- Symlinking: /home/saitama1/ros2_foxy/install/sensor_msgs/share/sensor_msgs/package.dsv
-- Symlinking: /home/saitama1/ros2_foxy/install/sensor_msgs/share/ament_index/resource_index/packages/sensor_msgs
-- Symlinking: /home/saitama1/ros2_foxy/install/sensor_msgs/share/sensor_msgs/cmake/rosidl_cmake-extras.cmake
-- Symlinking: /home/saitama1/ros2_foxy/install/sensor_msgs/share/sensor_msgs/cmake/ament_cmake_export_dependencies-extras.cmake
-- Symlinking: /home/saitama1/ros2_foxy/install/sensor_msgs/share/sensor_msgs/cmake/ament_cmake_export_libraries-extras.cmake
-- Symlinking: /home/saitama1/ros2_foxy/install/sensor_msgs/share/sensor_msgs/cmake/ament_cmake_export_targets-extras.cmake
-- Symlinking: /home/saitama1/ros2_foxy/install/sensor_msgs/share/sensor_msgs/cmake/ament_cmake_export_include_directories-extras.cmake
-- Symlinking: /home/saitama1/ros2_foxy/install/sensor_msgs/share/sensor_msgs/cmake/rosidl_cmake_export_typesupport_targets-extras.cmake
-- Symlinking: /home/saitama1/ros2_foxy/install/sensor_msgs/share/sensor_msgs/cmake/rosidl_cmake_export_typesupport_libraries-extras.cmake
-- Symlinking: /home/saitama1/ros2_foxy/install/sensor_msgs/share/sensor_msgs/cmake/sensor_msgsConfig.cmake
-- Symlinking: /home/saitama1/ros2_foxy/install/sensor_msgs/share/sensor_msgs/cmake/sensor_msgsConfig-version.cmake
-- Symlinking: /home/saitama1/ros2_foxy/install/sensor_msgs/share/sensor_msgs/package.xml
-- Installing: /home/saitama1/ros2_foxy/install/sensor_msgs/lib/libsensor_msgs__rosidl_generator_c.so
-- Set runtime path of "/home/saitama1/ros2_foxy/install/sensor_msgs/lib/libsensor_msgs__rosidl_generator_c.so" to ""
-- Installing: /home/saitama1/ros2_foxy/install/sensor_msgs/lib/libsensor_msgs__rosidl_typesupport_introspection_c.so
-- Set runtime path of "/home/saitama1/ros2_foxy/install/sensor_msgs/lib/libsensor_msgs__rosidl_typesupport_introspection_c.so" to ""
-- Installing: /home/saitama1/ros2_foxy/install/sensor_msgs/lib/libsensor_msgs__rosidl_typesupport_c.so
-- Set runtime path of "/home/saitama1/ros2_foxy/install/sensor_msgs/lib/libsensor_msgs__rosidl_typesupport_c.so" to ""
-- Installing: /home/saitama1/ros2_foxy/install/sensor_msgs/lib/libsensor_msgs__rosidl_typesupport_introspection_cpp.so
-- Set runtime path of "/home/saitama1/ros2_foxy/install/sensor_msgs/lib/libsensor_msgs__rosidl_typesupport_introspection_cpp.so" to ""
-- Installing: /home/saitama1/ros2_foxy/install/sensor_msgs/lib/libsensor_msgs__rosidl_typesupport_cpp.so
-- Set runtime path of "/home/saitama1/ros2_foxy/install/sensor_msgs/lib/libsensor_msgs__rosidl_typesupport_cpp.so" to ""
Compiling '/home/saitama1/ros2_foxy/install/sensor_msgs/lib/python3.8/site-packages/sensor_msgs/__init__.py'...
-- Up-to-date: /home/saitama1/ros2_foxy/install/sensor_msgs/share/sensor_msgs/cmake/sensor_msgs__rosidl_generator_cExport.cmake
-- Installing: /home/saitama1/ros2_foxy/install/sensor_msgs/share/sensor_msgs/cmake/sensor_msgs__rosidl_generator_cExport-noconfig.cmake
-- Up-to-date: /home/saitama1/ros2_foxy/install/sensor_msgs/share/sensor_msgs/cmake/sensor_msgs__rosidl_typesupport_introspection_cExport.cmake
-- Installing: /home/saitama1/ros2_foxy/install/sensor_msgs/share/sensor_msgs/cmake/sensor_msgs__rosidl_typesupport_introspection_cExport-noconfig.cmake
-- Up-to-date: /home/saitama1/ros2_foxy/install/sensor_msgs/share/sensor_msgs/cmake/sensor_msgs__rosidl_typesupport_cExport.cmake
-- Installing: /home/saitama1/ros2_foxy/install/sensor_msgs/share/sensor_msgs/cmake/sensor_msgs__rosidl_typesupport_cExport-noconfig.cmake
-- Up-to-date: /home/saitama1/ros2_foxy/install/sensor_msgs/share/sensor_msgs/cmake/sensor_msgs__rosidl_generator_cppExport.cmake
-- Up-to-date: /home/saitama1/ros2_foxy/install/sensor_msgs/share/sensor_msgs/cmake/sensor_msgs__rosidl_typesupport_introspection_cppExport.cmake
-- Installing: /home/saitama1/ros2_foxy/install/sensor_msgs/share/sensor_msgs/cmake/sensor_msgs__rosidl_typesupport_introspection_cppExport-noconfig.cmake
-- Up-to-date: /home/saitama1/ros2_foxy/install/sensor_msgs/share/sensor_msgs/cmake/sensor_msgs__rosidl_typesupport_cppExport.cmake
-- Installing: /home/saitama1/ros2_foxy/install/sensor_msgs/share/sensor_msgs/cmake/sensor_msgs__rosidl_typesupport_cppExport-noconfig.cmake
