-- Found ros_environment: 2.5.0 (/home/saitama1/ros2_foxy/install/ros_environment/share/ros_environment/cmake)
-- Found ament_cmake: 0.9.8 (/home/saitama1/ros2_foxy/install/ament_cmake/share/ament_cmake/cmake)
-- Found PythonInterp: /usr/bin/python3 (found suitable version "3.8.10", minimum required is "3") 
-- Using PYTHON_EXECUTABLE: /usr/bin/python3
-- Override CMake install command with custom implementation using symlinks instead of copying resources
-- Found builtin_interfaces: 1.0.0 (/home/saitama1/ros2_foxy/install/builtin_interfaces/share/builtin_interfaces/cmake)
-- Using all available rosidl_typesupport_c: rosidl_typesupport_introspection_c;rosidl_typesupport_fastrtps_c
-- Found rosidl_adapter: 1.2.1 (/home/saitama1/ros2_foxy/install/rosidl_adapter/share/rosidl_adapter/cmake)
-- Using all available rosidl_typesupport_cpp: rosidl_typesupport_introspection_cpp;rosidl_typesupport_fastrtps_cpp
-- Found geometry_msgs: 2.0.4 (/home/saitama1/ros2_foxy/install/geometry_msgs/share/geometry_msgs/cmake)
-- Found rosidl_default_generators: 1.0.1 (/home/saitama1/ros2_foxy/install/rosidl_default_generators/share/rosidl_default_generators/cmake)
-- Found PythonInterp: /usr/bin/python3 (found version "3.8.10") 
-- Found ament_cmake_cppcheck: 0.9.6 (/home/saitama1/ros2_foxy/install/ament_cmake_cppcheck/share/ament_cmake_cppcheck/cmake)
-- Found ament_cmake_cpplint: 0.9.6 (/home/saitama1/ros2_foxy/install/ament_cmake_cpplint/share/ament_cmake_cpplint/cmake)
-- Found ament_cmake_uncrustify: 0.9.6 (/home/saitama1/ros2_foxy/install/ament_cmake_uncrustify/share/ament_cmake_uncrustify/cmake)
-- Found ament_cmake_ros: 0.9.2 (/home/saitama1/ros2_foxy/install/ament_cmake_ros/share/ament_cmake_ros/cmake)
-- Using all available rosidl_typesupport_c: rosidl_typesupport_introspection_c;rosidl_typesupport_fastrtps_c
-- Using all available rosidl_typesupport_cpp: rosidl_typesupport_introspection_cpp;rosidl_typesupport_fastrtps_cpp
-- Found PythonInterp: /usr/bin/python3 (found suitable version "3.8.10", minimum required is "3.5") 
-- Found python_cmake_module: 0.8.1 (/home/saitama1/ros2_foxy/install/python_cmake_module/share/python_cmake_module/cmake)
-- Using PYTHON_EXECUTABLE: /usr/bin/python3
-- Using PYTHON_INCLUDE_DIRS: /usr/include/python3.8
-- Using PYTHON_LIBRARIES: /usr/lib/x86_64-linux-gnu/libpython3.8.so
-- Found ament_cmake_flake8: 0.9.6 (/home/saitama1/ros2_foxy/install/ament_cmake_flake8/share/ament_cmake_flake8/cmake)
-- Found ament_cmake_pep257: 0.9.6 (/home/saitama1/ros2_foxy/install/ament_cmake_pep257/share/ament_cmake_pep257/cmake)
-- Found ament_lint_auto: 0.9.6 (/home/saitama1/ros2_foxy/install/ament_lint_auto/share/ament_lint_auto/cmake)
-- Added test 'copyright' to check source files copyright and LICENSE
-- Added test 'lint_cmake' to check CMake code style
-- Added test 'xmllint' to check XML markup files
-- Configuring done
-- Generating done
-- Build files have been written to: /home/saitama1/ros2_foxy/build/automotive_navigation_msgs
[  0%] [34m[1mGenerating C++ code for ROS interfaces[0m
[  0%] Built target automotive_navigation_msgs__cpp
[  1%] [34m[1mGenerating C code for ROS interfaces[0m
[35m[1mScanning dependencies of target automotive_navigation_msgs__rosidl_generator_c[0m
[  2%] [32mBuilding C object CMakeFiles/automotive_navigation_msgs__rosidl_generator_c.dir/rosidl_generator_c/automotive_navigation_msgs/msg/detail/command_with_handshake__functions.c.o[0m
[  3%] [32mBuilding C object CMakeFiles/automotive_navigation_msgs__rosidl_generator_c.dir/rosidl_generator_c/automotive_navigation_msgs/msg/detail/point_of_interest__functions.c.o[0m
[  4%] [32mBuilding C object CMakeFiles/automotive_navigation_msgs__rosidl_generator_c.dir/rosidl_generator_c/automotive_navigation_msgs/msg/detail/point_of_interest_request__functions.c.o[0m
[  5%] [32mBuilding C object CMakeFiles/automotive_navigation_msgs__rosidl_generator_c.dir/rosidl_generator_c/automotive_navigation_msgs/msg/detail/point_of_interest_response__functions.c.o[0m
[  5%] [32mBuilding C object CMakeFiles/automotive_navigation_msgs__rosidl_generator_c.dir/rosidl_generator_c/automotive_navigation_msgs/msg/detail/point_of_interest_status__functions.c.o[0m
[  6%] [32mBuilding C object CMakeFiles/automotive_navigation_msgs__rosidl_generator_c.dir/rosidl_generator_c/automotive_navigation_msgs/msg/detail/road_network_boundaries__functions.c.o[0m
[  7%] [32mBuilding C object CMakeFiles/automotive_navigation_msgs__rosidl_generator_c.dir/rosidl_generator_c/automotive_navigation_msgs/msg/detail/point_of_interest_array__functions.c.o[0m
[  7%] [32mBuilding C object CMakeFiles/automotive_navigation_msgs__rosidl_generator_c.dir/rosidl_generator_c/automotive_navigation_msgs/msg/detail/module_state__functions.c.o[0m
[  8%] [32mBuilding C object CMakeFiles/automotive_navigation_msgs__rosidl_generator_c.dir/rosidl_generator_c/automotive_navigation_msgs/msg/detail/lane_boundary_array__functions.c.o[0m
[  9%] [32mBuilding C object CMakeFiles/automotive_navigation_msgs__rosidl_generator_c.dir/rosidl_generator_c/automotive_navigation_msgs/msg/detail/lane_boundary__functions.c.o[0m
[ 10%] [32mBuilding C object CMakeFiles/automotive_navigation_msgs__rosidl_generator_c.dir/rosidl_generator_c/automotive_navigation_msgs/msg/detail/distance_to_destination__functions.c.o[0m
[ 11%] [32mBuilding C object CMakeFiles/automotive_navigation_msgs__rosidl_generator_c.dir/rosidl_generator_c/automotive_navigation_msgs/msg/detail/direction__functions.c.o[0m
[ 11%] [32mBuilding C object CMakeFiles/automotive_navigation_msgs__rosidl_generator_c.dir/rosidl_generator_c/automotive_navigation_msgs/msg/detail/desired_destination__functions.c.o[0m
[ 12%] [32m[1mLinking C shared library libautomotive_navigation_msgs__rosidl_generator_c.so[0m
[ 12%] Built target automotive_navigation_msgs__rosidl_generator_c
[ 13%] [34m[1mGenerating C++ type support for eProsima Fast-RTPS[0m
[35m[1mScanning dependencies of target automotive_navigation_msgs__rosidl_typesupport_fastrtps_cpp[0m
[ 14%] [32mBuilding CXX object CMakeFiles/automotive_navigation_msgs__rosidl_typesupport_fastrtps_cpp.dir/rosidl_typesupport_fastrtps_cpp/automotive_navigation_msgs/msg/detail/dds_fastrtps/command_with_handshake__type_support.cpp.o[0m
[ 15%] [32mBuilding CXX object CMakeFiles/automotive_navigation_msgs__rosidl_typesupport_fastrtps_cpp.dir/rosidl_typesupport_fastrtps_cpp/automotive_navigation_msgs/msg/detail/dds_fastrtps/point_of_interest_array__type_support.cpp.o[0m
[ 15%] [32mBuilding CXX object CMakeFiles/automotive_navigation_msgs__rosidl_typesupport_fastrtps_cpp.dir/rosidl_typesupport_fastrtps_cpp/automotive_navigation_msgs/msg/detail/dds_fastrtps/point_of_interest__type_support.cpp.o[0m
[ 16%] [32mBuilding CXX object CMakeFiles/automotive_navigation_msgs__rosidl_typesupport_fastrtps_cpp.dir/rosidl_typesupport_fastrtps_cpp/automotive_navigation_msgs/msg/detail/dds_fastrtps/point_of_interest_request__type_support.cpp.o[0m
[ 17%] [32mBuilding CXX object CMakeFiles/automotive_navigation_msgs__rosidl_typesupport_fastrtps_cpp.dir/rosidl_typesupport_fastrtps_cpp/automotive_navigation_msgs/msg/detail/dds_fastrtps/point_of_interest_response__type_support.cpp.o[0m
[ 18%] [32mBuilding CXX object CMakeFiles/automotive_navigation_msgs__rosidl_typesupport_fastrtps_cpp.dir/rosidl_typesupport_fastrtps_cpp/automotive_navigation_msgs/msg/detail/dds_fastrtps/point_of_interest_status__type_support.cpp.o[0m
[ 19%] [32mBuilding CXX object CMakeFiles/automotive_navigation_msgs__rosidl_typesupport_fastrtps_cpp.dir/rosidl_typesupport_fastrtps_cpp/automotive_navigation_msgs/msg/detail/dds_fastrtps/road_network_boundaries__type_support.cpp.o[0m
[ 20%] [32mBuilding CXX object CMakeFiles/automotive_navigation_msgs__rosidl_typesupport_fastrtps_cpp.dir/rosidl_typesupport_fastrtps_cpp/automotive_navigation_msgs/msg/detail/dds_fastrtps/module_state__type_support.cpp.o[0m
[ 21%] [32mBuilding CXX object CMakeFiles/automotive_navigation_msgs__rosidl_typesupport_fastrtps_cpp.dir/rosidl_typesupport_fastrtps_cpp/automotive_navigation_msgs/msg/detail/dds_fastrtps/lane_boundary_array__type_support.cpp.o[0m
[ 22%] [32mBuilding CXX object CMakeFiles/automotive_navigation_msgs__rosidl_typesupport_fastrtps_cpp.dir/rosidl_typesupport_fastrtps_cpp/automotive_navigation_msgs/msg/detail/dds_fastrtps/lane_boundary__type_support.cpp.o[0m
[ 22%] [32mBuilding CXX object CMakeFiles/automotive_navigation_msgs__rosidl_typesupport_fastrtps_cpp.dir/rosidl_typesupport_fastrtps_cpp/automotive_navigation_msgs/msg/detail/dds_fastrtps/distance_to_destination__type_support.cpp.o[0m
[ 23%] [32mBuilding CXX object CMakeFiles/automotive_navigation_msgs__rosidl_typesupport_fastrtps_cpp.dir/rosidl_typesupport_fastrtps_cpp/automotive_navigation_msgs/msg/detail/dds_fastrtps/direction__type_support.cpp.o[0m
[ 24%] [32mBuilding CXX object CMakeFiles/automotive_navigation_msgs__rosidl_typesupport_fastrtps_cpp.dir/rosidl_typesupport_fastrtps_cpp/automotive_navigation_msgs/msg/detail/dds_fastrtps/desired_destination__type_support.cpp.o[0m
[ 24%] [32m[1mLinking CXX shared library libautomotive_navigation_msgs__rosidl_typesupport_fastrtps_cpp.so[0m
[ 24%] Built target automotive_navigation_msgs__rosidl_typesupport_fastrtps_cpp
[ 25%] [34m[1mGenerating C type support dispatch for ROS interfaces[0m
[35m[1mScanning dependencies of target automotive_navigation_msgs__rosidl_typesupport_c[0m
[ 25%] [32mBuilding CXX object CMakeFiles/automotive_navigation_msgs__rosidl_typesupport_c.dir/rosidl_typesupport_c/automotive_navigation_msgs/msg/command_with_handshake__type_support.cpp.o[0m
[ 26%] [32mBuilding CXX object CMakeFiles/automotive_navigation_msgs__rosidl_typesupport_c.dir/rosidl_typesupport_c/automotive_navigation_msgs/msg/point_of_interest_array__type_support.cpp.o[0m
[ 27%] [32mBuilding CXX object CMakeFiles/automotive_navigation_msgs__rosidl_typesupport_c.dir/rosidl_typesupport_c/automotive_navigation_msgs/msg/point_of_interest__type_support.cpp.o[0m
[ 28%] [32mBuilding CXX object CMakeFiles/automotive_navigation_msgs__rosidl_typesupport_c.dir/rosidl_typesupport_c/automotive_navigation_msgs/msg/point_of_interest_request__type_support.cpp.o[0m
[ 28%] [32mBuilding CXX object CMakeFiles/automotive_navigation_msgs__rosidl_typesupport_c.dir/rosidl_typesupport_c/automotive_navigation_msgs/msg/point_of_interest_response__type_support.cpp.o[0m
[ 29%] [32mBuilding CXX object CMakeFiles/automotive_navigation_msgs__rosidl_typesupport_c.dir/rosidl_typesupport_c/automotive_navigation_msgs/msg/point_of_interest_status__type_support.cpp.o[0m
[ 30%] [32mBuilding CXX object CMakeFiles/automotive_navigation_msgs__rosidl_typesupport_c.dir/rosidl_typesupport_c/automotive_navigation_msgs/msg/road_network_boundaries__type_support.cpp.o[0m
[ 31%] [32mBuilding CXX object CMakeFiles/automotive_navigation_msgs__rosidl_typesupport_c.dir/rosidl_typesupport_c/automotive_navigation_msgs/msg/module_state__type_support.cpp.o[0m
[ 31%] [32mBuilding CXX object CMakeFiles/automotive_navigation_msgs__rosidl_typesupport_c.dir/rosidl_typesupport_c/automotive_navigation_msgs/msg/lane_boundary_array__type_support.cpp.o[0m
[ 32%] [32mBuilding CXX object CMakeFiles/automotive_navigation_msgs__rosidl_typesupport_c.dir/rosidl_typesupport_c/automotive_navigation_msgs/msg/lane_boundary__type_support.cpp.o[0m
[ 33%] [32mBuilding CXX object CMakeFiles/automotive_navigation_msgs__rosidl_typesupport_c.dir/rosidl_typesupport_c/automotive_navigation_msgs/msg/distance_to_destination__type_support.cpp.o[0m
[ 34%] [32mBuilding CXX object CMakeFiles/automotive_navigation_msgs__rosidl_typesupport_c.dir/rosidl_typesupport_c/automotive_navigation_msgs/msg/direction__type_support.cpp.o[0m
[ 35%] [32mBuilding CXX object CMakeFiles/automotive_navigation_msgs__rosidl_typesupport_c.dir/rosidl_typesupport_c/automotive_navigation_msgs/msg/desired_destination__type_support.cpp.o[0m
[ 36%] [32m[1mLinking CXX shared library libautomotive_navigation_msgs__rosidl_typesupport_c.so[0m
[ 36%] Built target automotive_navigation_msgs__rosidl_typesupport_c
[ 37%] [34m[1mGenerating C type support for eProsima Fast-RTPS[0m
[35m[1mScanning dependencies of target automotive_navigation_msgs__rosidl_typesupport_fastrtps_c[0m
[ 38%] [32mBuilding CXX object CMakeFiles/automotive_navigation_msgs__rosidl_typesupport_fastrtps_c.dir/rosidl_typesupport_fastrtps_c/automotive_navigation_msgs/msg/detail/command_with_handshake__type_support_c.cpp.o[0m
[ 39%] [32mBuilding CXX object CMakeFiles/automotive_navigation_msgs__rosidl_typesupport_fastrtps_c.dir/rosidl_typesupport_fastrtps_c/automotive_navigation_msgs/msg/detail/point_of_interest__type_support_c.cpp.o[0m
[ 40%] [32mBuilding CXX object CMakeFiles/automotive_navigation_msgs__rosidl_typesupport_fastrtps_c.dir/rosidl_typesupport_fastrtps_c/automotive_navigation_msgs/msg/detail/point_of_interest_request__type_support_c.cpp.o[0m
[ 41%] [32mBuilding CXX object CMakeFiles/automotive_navigation_msgs__rosidl_typesupport_fastrtps_c.dir/rosidl_typesupport_fastrtps_c/automotive_navigation_msgs/msg/detail/point_of_interest_response__type_support_c.cpp.o[0m
[ 41%] [32mBuilding CXX object CMakeFiles/automotive_navigation_msgs__rosidl_typesupport_fastrtps_c.dir/rosidl_typesupport_fastrtps_c/automotive_navigation_msgs/msg/detail/point_of_interest_status__type_support_c.cpp.o[0m
[ 42%] [32mBuilding CXX object CMakeFiles/automotive_navigation_msgs__rosidl_typesupport_fastrtps_c.dir/rosidl_typesupport_fastrtps_c/automotive_navigation_msgs/msg/detail/road_network_boundaries__type_support_c.cpp.o[0m
[ 43%] [32mBuilding CXX object CMakeFiles/automotive_navigation_msgs__rosidl_typesupport_fastrtps_c.dir/rosidl_typesupport_fastrtps_c/automotive_navigation_msgs/msg/detail/point_of_interest_array__type_support_c.cpp.o[0m
[ 43%] [32mBuilding CXX object CMakeFiles/automotive_navigation_msgs__rosidl_typesupport_fastrtps_c.dir/rosidl_typesupport_fastrtps_c/automotive_navigation_msgs/msg/detail/module_state__type_support_c.cpp.o[0m
[ 44%] [32mBuilding CXX object CMakeFiles/automotive_navigation_msgs__rosidl_typesupport_fastrtps_c.dir/rosidl_typesupport_fastrtps_c/automotive_navigation_msgs/msg/detail/lane_boundary_array__type_support_c.cpp.o[0m
[ 45%] [32mBuilding CXX object CMakeFiles/automotive_navigation_msgs__rosidl_typesupport_fastrtps_c.dir/rosidl_typesupport_fastrtps_c/automotive_navigation_msgs/msg/detail/lane_boundary__type_support_c.cpp.o[0m
[ 46%] [32mBuilding CXX object CMakeFiles/automotive_navigation_msgs__rosidl_typesupport_fastrtps_c.dir/rosidl_typesupport_fastrtps_c/automotive_navigation_msgs/msg/detail/distance_to_destination__type_support_c.cpp.o[0m
[ 47%] [32mBuilding CXX object CMakeFiles/automotive_navigation_msgs__rosidl_typesupport_fastrtps_c.dir/rosidl_typesupport_fastrtps_c/automotive_navigation_msgs/msg/detail/direction__type_support_c.cpp.o[0m
[ 47%] [32mBuilding CXX object CMakeFiles/automotive_navigation_msgs__rosidl_typesupport_fastrtps_c.dir/rosidl_typesupport_fastrtps_c/automotive_navigation_msgs/msg/detail/desired_destination__type_support_c.cpp.o[0m
[ 48%] [32m[1mLinking CXX shared library libautomotive_navigation_msgs__rosidl_typesupport_fastrtps_c.so[0m
[ 48%] Built target automotive_navigation_msgs__rosidl_typesupport_fastrtps_c
[ 49%] [34m[1mGenerating C introspection for ROS interfaces[0m
[35m[1mScanning dependencies of target automotive_navigation_msgs__rosidl_typesupport_introspection_c[0m
[ 50%] [32mBuilding C object CMakeFiles/automotive_navigation_msgs__rosidl_typesupport_introspection_c.dir/rosidl_typesupport_introspection_c/automotive_navigation_msgs/msg/detail/command_with_handshake__type_support.c.o[0m
[ 51%] [32mBuilding C object CMakeFiles/automotive_navigation_msgs__rosidl_typesupport_introspection_c.dir/rosidl_typesupport_introspection_c/automotive_navigation_msgs/msg/detail/point_of_interest_request__type_support.c.o[0m
[ 52%] [32mBuilding C object CMakeFiles/automotive_navigation_msgs__rosidl_typesupport_introspection_c.dir/rosidl_typesupport_introspection_c/automotive_navigation_msgs/msg/detail/point_of_interest_response__type_support.c.o[0m
[ 53%] [32mBuilding C object CMakeFiles/automotive_navigation_msgs__rosidl_typesupport_introspection_c.dir/rosidl_typesupport_introspection_c/automotive_navigation_msgs/msg/detail/point_of_interest_status__type_support.c.o[0m
[ 53%] [32mBuilding C object CMakeFiles/automotive_navigation_msgs__rosidl_typesupport_introspection_c.dir/rosidl_typesupport_introspection_c/automotive_navigation_msgs/msg/detail/road_network_boundaries__type_support.c.o[0m
[ 54%] [32mBuilding C object CMakeFiles/automotive_navigation_msgs__rosidl_typesupport_introspection_c.dir/rosidl_typesupport_introspection_c/automotive_navigation_msgs/msg/detail/point_of_interest__type_support.c.o[0m
[ 54%] [32mBuilding C object CMakeFiles/automotive_navigation_msgs__rosidl_typesupport_introspection_c.dir/rosidl_typesupport_introspection_c/automotive_navigation_msgs/msg/detail/point_of_interest_array__type_support.c.o[0m
[ 55%] [32mBuilding C object CMakeFiles/automotive_navigation_msgs__rosidl_typesupport_introspection_c.dir/rosidl_typesupport_introspection_c/automotive_navigation_msgs/msg/detail/module_state__type_support.c.o[0m
[ 56%] [32mBuilding C object CMakeFiles/automotive_navigation_msgs__rosidl_typesupport_introspection_c.dir/rosidl_typesupport_introspection_c/automotive_navigation_msgs/msg/detail/lane_boundary_array__type_support.c.o[0m
[ 57%] [32mBuilding C object CMakeFiles/automotive_navigation_msgs__rosidl_typesupport_introspection_c.dir/rosidl_typesupport_introspection_c/automotive_navigation_msgs/msg/detail/lane_boundary__type_support.c.o[0m
[ 58%] [32mBuilding C object CMakeFiles/automotive_navigation_msgs__rosidl_typesupport_introspection_c.dir/rosidl_typesupport_introspection_c/automotive_navigation_msgs/msg/detail/distance_to_destination__type_support.c.o[0m
[ 58%] [32mBuilding C object CMakeFiles/automotive_navigation_msgs__rosidl_typesupport_introspection_c.dir/rosidl_typesupport_introspection_c/automotive_navigation_msgs/msg/detail/direction__type_support.c.o[0m
[ 59%] [32mBuilding C object CMakeFiles/automotive_navigation_msgs__rosidl_typesupport_introspection_c.dir/rosidl_typesupport_introspection_c/automotive_navigation_msgs/msg/detail/desired_destination__type_support.c.o[0m
[ 60%] [32m[1mLinking C shared library libautomotive_navigation_msgs__rosidl_typesupport_introspection_c.so[0m
[ 60%] Built target automotive_navigation_msgs__rosidl_typesupport_introspection_c
[ 61%] [34m[1mGenerating C++ type support dispatch for ROS interfaces[0m
[35m[1mScanning dependencies of target automotive_navigation_msgs__rosidl_typesupport_cpp[0m
[ 62%] [32mBuilding CXX object CMakeFiles/automotive_navigation_msgs__rosidl_typesupport_cpp.dir/rosidl_typesupport_cpp/automotive_navigation_msgs/msg/command_with_handshake__type_support.cpp.o[0m
[ 63%] [32mBuilding CXX object CMakeFiles/automotive_navigation_msgs__rosidl_typesupport_cpp.dir/rosidl_typesupport_cpp/automotive_navigation_msgs/msg/point_of_interest_response__type_support.cpp.o[0m
[ 64%] [32mBuilding CXX object CMakeFiles/automotive_navigation_msgs__rosidl_typesupport_cpp.dir/rosidl_typesupport_cpp/automotive_navigation_msgs/msg/point_of_interest_status__type_support.cpp.o[0m
[ 64%] [32mBuilding CXX object CMakeFiles/automotive_navigation_msgs__rosidl_typesupport_cpp.dir/rosidl_typesupport_cpp/automotive_navigation_msgs/msg/road_network_boundaries__type_support.cpp.o[0m
[ 65%] [32mBuilding CXX object CMakeFiles/automotive_navigation_msgs__rosidl_typesupport_cpp.dir/rosidl_typesupport_cpp/automotive_navigation_msgs/msg/point_of_interest_request__type_support.cpp.o[0m
[ 66%] [32mBuilding CXX object CMakeFiles/automotive_navigation_msgs__rosidl_typesupport_cpp.dir/rosidl_typesupport_cpp/automotive_navigation_msgs/msg/point_of_interest__type_support.cpp.o[0m
[ 66%] [32mBuilding CXX object CMakeFiles/automotive_navigation_msgs__rosidl_typesupport_cpp.dir/rosidl_typesupport_cpp/automotive_navigation_msgs/msg/point_of_interest_array__type_support.cpp.o[0m
[ 67%] [32mBuilding CXX object CMakeFiles/automotive_navigation_msgs__rosidl_typesupport_cpp.dir/rosidl_typesupport_cpp/automotive_navigation_msgs/msg/module_state__type_support.cpp.o[0m
[ 68%] [32mBuilding CXX object CMakeFiles/automotive_navigation_msgs__rosidl_typesupport_cpp.dir/rosidl_typesupport_cpp/automotive_navigation_msgs/msg/lane_boundary_array__type_support.cpp.o[0m
[ 69%] [32mBuilding CXX object CMakeFiles/automotive_navigation_msgs__rosidl_typesupport_cpp.dir/rosidl_typesupport_cpp/automotive_navigation_msgs/msg/lane_boundary__type_support.cpp.o[0m
[ 70%] [32mBuilding CXX object CMakeFiles/automotive_navigation_msgs__rosidl_typesupport_cpp.dir/rosidl_typesupport_cpp/automotive_navigation_msgs/msg/distance_to_destination__type_support.cpp.o[0m
[ 70%] [32mBuilding CXX object CMakeFiles/automotive_navigation_msgs__rosidl_typesupport_cpp.dir/rosidl_typesupport_cpp/automotive_navigation_msgs/msg/direction__type_support.cpp.o[0m
[ 71%] [32mBuilding CXX object CMakeFiles/automotive_navigation_msgs__rosidl_typesupport_cpp.dir/rosidl_typesupport_cpp/automotive_navigation_msgs/msg/desired_destination__type_support.cpp.o[0m
[ 72%] [32m[1mLinking CXX shared library libautomotive_navigation_msgs__rosidl_typesupport_cpp.so[0m
[ 72%] Built target automotive_navigation_msgs__rosidl_typesupport_cpp
[ 72%] [34m[1mGenerating C++ introspection for ROS interfaces[0m
[35m[1mScanning dependencies of target automotive_navigation_msgs__rosidl_typesupport_introspection_cpp[0m
[ 73%] [32mBuilding CXX object CMakeFiles/automotive_navigation_msgs__rosidl_typesupport_introspection_cpp.dir/rosidl_typesupport_introspection_cpp/automotive_navigation_msgs/msg/detail/command_with_handshake__type_support.cpp.o[0m
[ 74%] [32mBuilding CXX object CMakeFiles/automotive_navigation_msgs__rosidl_typesupport_introspection_cpp.dir/rosidl_typesupport_introspection_cpp/automotive_navigation_msgs/msg/detail/point_of_interest_status__type_support.cpp.o[0m
[ 75%] [32mBuilding CXX object CMakeFiles/automotive_navigation_msgs__rosidl_typesupport_introspection_cpp.dir/rosidl_typesupport_introspection_cpp/automotive_navigation_msgs/msg/detail/road_network_boundaries__type_support.cpp.o[0m
[ 76%] [32mBuilding CXX object CMakeFiles/automotive_navigation_msgs__rosidl_typesupport_introspection_cpp.dir/rosidl_typesupport_introspection_cpp/automotive_navigation_msgs/msg/detail/point_of_interest_response__type_support.cpp.o[0m
[ 76%] [32mBuilding CXX object CMakeFiles/automotive_navigation_msgs__rosidl_typesupport_introspection_cpp.dir/rosidl_typesupport_introspection_cpp/automotive_navigation_msgs/msg/detail/point_of_interest_request__type_support.cpp.o[0m
[ 77%] [32mBuilding CXX object CMakeFiles/automotive_navigation_msgs__rosidl_typesupport_introspection_cpp.dir/rosidl_typesupport_introspection_cpp/automotive_navigation_msgs/msg/detail/point_of_interest__type_support.cpp.o[0m
[ 78%] [32mBuilding CXX object CMakeFiles/automotive_navigation_msgs__rosidl_typesupport_introspection_cpp.dir/rosidl_typesupport_introspection_cpp/automotive_navigation_msgs/msg/detail/point_of_interest_array__type_support.cpp.o[0m
[ 79%] [32mBuilding CXX object CMakeFiles/automotive_navigation_msgs__rosidl_typesupport_introspection_cpp.dir/rosidl_typesupport_introspection_cpp/automotive_navigation_msgs/msg/detail/module_state__type_support.cpp.o[0m
[ 80%] [32mBuilding CXX object CMakeFiles/automotive_navigation_msgs__rosidl_typesupport_introspection_cpp.dir/rosidl_typesupport_introspection_cpp/automotive_navigation_msgs/msg/detail/lane_boundary_array__type_support.cpp.o[0m
[ 80%] [32mBuilding CXX object CMakeFiles/automotive_navigation_msgs__rosidl_typesupport_introspection_cpp.dir/rosidl_typesupport_introspection_cpp/automotive_navigation_msgs/msg/detail/lane_boundary__type_support.cpp.o[0m
[ 81%] [32mBuilding CXX object CMakeFiles/automotive_navigation_msgs__rosidl_typesupport_introspection_cpp.dir/rosidl_typesupport_introspection_cpp/automotive_navigation_msgs/msg/detail/distance_to_destination__type_support.cpp.o[0m
[ 82%] [32mBuilding CXX object CMakeFiles/automotive_navigation_msgs__rosidl_typesupport_introspection_cpp.dir/rosidl_typesupport_introspection_cpp/automotive_navigation_msgs/msg/detail/direction__type_support.cpp.o[0m
[ 83%] [32mBuilding CXX object CMakeFiles/automotive_navigation_msgs__rosidl_typesupport_introspection_cpp.dir/rosidl_typesupport_introspection_cpp/automotive_navigation_msgs/msg/detail/desired_destination__type_support.cpp.o[0m
[ 84%] [32m[1mLinking CXX shared library libautomotive_navigation_msgs__rosidl_typesupport_introspection_cpp.so[0m
[ 84%] Built target automotive_navigation_msgs__rosidl_typesupport_introspection_cpp
[ 84%] Built target automotive_navigation_msgs
[ 85%] [34m[1mGenerating Python code for ROS interfaces[0m
[ 85%] Built target automotive_navigation_msgs__py
[35m[1mScanning dependencies of target automotive_navigation_msgs__python[0m
[ 86%] [32mBuilding C object CMakeFiles/automotive_navigation_msgs__python.dir/rosidl_generator_py/automotive_navigation_msgs/msg/_command_with_handshake_s.c.o[0m
[ 87%] [32mBuilding C object CMakeFiles/automotive_navigation_msgs__python.dir/rosidl_generator_py/automotive_navigation_msgs/msg/_point_of_interest_status_s.c.o[0m
[ 87%] [32mBuilding C object CMakeFiles/automotive_navigation_msgs__python.dir/rosidl_generator_py/automotive_navigation_msgs/msg/_road_network_boundaries_s.c.o[0m
[ 88%] [32mBuilding C object CMakeFiles/automotive_navigation_msgs__python.dir/rosidl_generator_py/automotive_navigation_msgs/msg/_point_of_interest_response_s.c.o[0m
[ 89%] [32mBuilding C object CMakeFiles/automotive_navigation_msgs__python.dir/rosidl_generator_py/automotive_navigation_msgs/msg/_point_of_interest_request_s.c.o[0m
[ 90%] [32mBuilding C object CMakeFiles/automotive_navigation_msgs__python.dir/rosidl_generator_py/automotive_navigation_msgs/msg/_point_of_interest_s.c.o[0m
[ 90%] [32mBuilding C object CMakeFiles/automotive_navigation_msgs__python.dir/rosidl_generator_py/automotive_navigation_msgs/msg/_point_of_interest_array_s.c.o[0m
[ 91%] [32mBuilding C object CMakeFiles/automotive_navigation_msgs__python.dir/rosidl_generator_py/automotive_navigation_msgs/msg/_module_state_s.c.o[0m
[ 92%] [32mBuilding C object CMakeFiles/automotive_navigation_msgs__python.dir/rosidl_generator_py/automotive_navigation_msgs/msg/_lane_boundary_array_s.c.o[0m
[ 93%] [32mBuilding C object CMakeFiles/automotive_navigation_msgs__python.dir/rosidl_generator_py/automotive_navigation_msgs/msg/_lane_boundary_s.c.o[0m
[ 94%] [32mBuilding C object CMakeFiles/automotive_navigation_msgs__python.dir/rosidl_generator_py/automotive_navigation_msgs/msg/_distance_to_destination_s.c.o[0m
[ 94%] [32mBuilding C object CMakeFiles/automotive_navigation_msgs__python.dir/rosidl_generator_py/automotive_navigation_msgs/msg/_direction_s.c.o[0m
[ 95%] [32mBuilding C object CMakeFiles/automotive_navigation_msgs__python.dir/rosidl_generator_py/automotive_navigation_msgs/msg/_desired_destination_s.c.o[0m
[ 96%] [32m[1mLinking C shared library rosidl_generator_py/automotive_navigation_msgs/libautomotive_navigation_msgs__python.so[0m
[ 96%] Built target automotive_navigation_msgs__python
[35m[1mScanning dependencies of target automotive_navigation_msgs__rosidl_typesupport_fastrtps_c__pyext[0m
[ 97%] [32mBuilding C object CMakeFiles/automotive_navigation_msgs__rosidl_typesupport_fastrtps_c__pyext.dir/rosidl_generator_py/automotive_navigation_msgs/_automotive_navigation_msgs_s.ep.rosidl_typesupport_fastrtps_c.c.o[0m
[ 97%] [32m[1mLinking CXX shared library rosidl_generator_py/automotive_navigation_msgs/automotive_navigation_msgs_s__rosidl_typesupport_fastrtps_c.cpython-38-x86_64-linux-gnu.so[0m
[ 97%] Built target automotive_navigation_msgs__rosidl_typesupport_fastrtps_c__pyext
[35m[1mScanning dependencies of target automotive_navigation_msgs__rosidl_typesupport_c__pyext[0m
[ 98%] [32mBuilding C object CMakeFiles/automotive_navigation_msgs__rosidl_typesupport_c__pyext.dir/rosidl_generator_py/automotive_navigation_msgs/_automotive_navigation_msgs_s.ep.rosidl_typesupport_c.c.o[0m
[ 98%] [32m[1mLinking C shared library rosidl_generator_py/automotive_navigation_msgs/automotive_navigation_msgs_s__rosidl_typesupport_c.cpython-38-x86_64-linux-gnu.so[0m
[ 98%] Built target automotive_navigation_msgs__rosidl_typesupport_c__pyext
[35m[1mScanning dependencies of target automotive_navigation_msgs__rosidl_typesupport_introspection_c__pyext[0m
[ 99%] [32mBuilding C object CMakeFiles/automotive_navigation_msgs__rosidl_typesupport_introspection_c__pyext.dir/rosidl_generator_py/automotive_navigation_msgs/_automotive_navigation_msgs_s.ep.rosidl_typesupport_introspection_c.c.o[0m
[100%] [32m[1mLinking C shared library rosidl_generator_py/automotive_navigation_msgs/automotive_navigation_msgs_s__rosidl_typesupport_introspection_c.cpython-38-x86_64-linux-gnu.so[0m
[100%] Built target automotive_navigation_msgs__rosidl_typesupport_introspection_c__pyext
-- Install configuration: ""
-- Execute custom install script
-- Up-to-date symlink: /home/saitama1/ros2_foxy/install/automotive_navigation_msgs/share/ament_index/resource_index/rosidl_interfaces/automotive_navigation_msgs
-- Up-to-date symlink: /home/saitama1/ros2_foxy/install/automotive_navigation_msgs/include/automotive_navigation_msgs/msg/command_with_handshake.h
-- Up-to-date symlink: /home/saitama1/ros2_foxy/install/automotive_navigation_msgs/include/automotive_navigation_msgs/msg/desired_destination.h
-- Up-to-date symlink: /home/saitama1/ros2_foxy/install/automotive_navigation_msgs/include/automotive_navigation_msgs/msg/detail/command_with_handshake__functions.h
-- Up-to-date symlink: /home/saitama1/ros2_foxy/install/automotive_navigation_msgs/include/automotive_navigation_msgs/msg/detail/command_with_handshake__struct.h
-- Up-to-date symlink: /home/saitama1/ros2_foxy/install/automotive_navigation_msgs/include/automotive_navigation_msgs/msg/detail/command_with_handshake__type_support.h
-- Up-to-date symlink: /home/saitama1/ros2_foxy/install/automotive_navigation_msgs/include/automotive_navigation_msgs/msg/detail/desired_destination__functions.h
-- Up-to-date symlink: /home/saitama1/ros2_foxy/install/automotive_navigation_msgs/include/automotive_navigation_msgs/msg/detail/desired_destination__struct.h
-- Up-to-date symlink: /home/saitama1/ros2_foxy/install/automotive_navigation_msgs/include/automotive_navigation_msgs/msg/detail/desired_destination__type_support.h
-- Up-to-date symlink: /home/saitama1/ros2_foxy/install/automotive_navigation_msgs/include/automotive_navigation_msgs/msg/detail/direction__functions.h
-- Up-to-date symlink: /home/saitama1/ros2_foxy/install/automotive_navigation_msgs/include/automotive_navigation_msgs/msg/detail/direction__struct.h
-- Up-to-date symlink: /home/saitama1/ros2_foxy/install/automotive_navigation_msgs/include/automotive_navigation_msgs/msg/detail/direction__type_support.h
-- Up-to-date symlink: /home/saitama1/ros2_foxy/install/automotive_navigation_msgs/include/automotive_navigation_msgs/msg/detail/distance_to_destination__functions.h
-- Up-to-date symlink: /home/saitama1/ros2_foxy/install/automotive_navigation_msgs/include/automotive_navigation_msgs/msg/detail/distance_to_destination__struct.h
-- Up-to-date symlink: /home/saitama1/ros2_foxy/install/automotive_navigation_msgs/include/automotive_navigation_msgs/msg/detail/distance_to_destination__type_support.h
-- Up-to-date symlink: /home/saitama1/ros2_foxy/install/automotive_navigation_msgs/include/automotive_navigation_msgs/msg/detail/lane_boundary__functions.h
-- Up-to-date symlink: /home/saitama1/ros2_foxy/install/automotive_navigation_msgs/include/automotive_navigation_msgs/msg/detail/lane_boundary__struct.h
-- Up-to-date symlink: /home/saitama1/ros2_foxy/install/automotive_navigation_msgs/include/automotive_navigation_msgs/msg/detail/lane_boundary__type_support.h
-- Up-to-date symlink: /home/saitama1/ros2_foxy/install/automotive_navigation_msgs/include/automotive_navigation_msgs/msg/detail/lane_boundary_array__functions.h
-- Up-to-date symlink: /home/saitama1/ros2_foxy/install/automotive_navigation_msgs/include/automotive_navigation_msgs/msg/detail/lane_boundary_array__struct.h
-- Up-to-date symlink: /home/saitama1/ros2_foxy/install/automotive_navigation_msgs/include/automotive_navigation_msgs/msg/detail/lane_boundary_array__type_support.h
-- Up-to-date symlink: /home/saitama1/ros2_foxy/install/automotive_navigation_msgs/include/automotive_navigation_msgs/msg/detail/module_state__functions.h
-- Up-to-date symlink: /home/saitama1/ros2_foxy/install/automotive_navigation_msgs/include/automotive_navigation_msgs/msg/detail/module_state__struct.h
-- Up-to-date symlink: /home/saitama1/ros2_foxy/install/automotive_navigation_msgs/include/automotive_navigation_msgs/msg/detail/module_state__type_support.h
-- Up-to-date symlink: /home/saitama1/ros2_foxy/install/automotive_navigation_msgs/include/automotive_navigation_msgs/msg/detail/point_of_interest__functions.h
-- Up-to-date symlink: /home/saitama1/ros2_foxy/install/automotive_navigation_msgs/include/automotive_navigation_msgs/msg/detail/point_of_interest__struct.h
-- Up-to-date symlink: /home/saitama1/ros2_foxy/install/automotive_navigation_msgs/include/automotive_navigation_msgs/msg/detail/point_of_interest__type_support.h
-- Up-to-date symlink: /home/saitama1/ros2_foxy/install/automotive_navigation_msgs/include/automotive_navigation_msgs/msg/detail/point_of_interest_array__functions.h
-- Up-to-date symlink: /home/saitama1/ros2_foxy/install/automotive_navigation_msgs/include/automotive_navigation_msgs/msg/detail/point_of_interest_array__struct.h
-- Up-to-date symlink: /home/saitama1/ros2_foxy/install/automotive_navigation_msgs/include/automotive_navigation_msgs/msg/detail/point_of_interest_array__type_support.h
-- Up-to-date symlink: /home/saitama1/ros2_foxy/install/automotive_navigation_msgs/include/automotive_navigation_msgs/msg/detail/point_of_interest_request__functions.h
-- Up-to-date symlink: /home/saitama1/ros2_foxy/install/automotive_navigation_msgs/include/automotive_navigation_msgs/msg/detail/point_of_interest_request__struct.h
-- Up-to-date symlink: /home/saitama1/ros2_foxy/install/automotive_navigation_msgs/include/automotive_navigation_msgs/msg/detail/point_of_interest_request__type_support.h
-- Up-to-date symlink: /home/saitama1/ros2_foxy/install/automotive_navigation_msgs/include/automotive_navigation_msgs/msg/detail/point_of_interest_response__functions.h
-- Up-to-date symlink: /home/saitama1/ros2_foxy/install/automotive_navigation_msgs/include/automotive_navigation_msgs/msg/detail/point_of_interest_response__struct.h
-- Up-to-date symlink: /home/saitama1/ros2_foxy/install/automotive_navigation_msgs/include/automotive_navigation_msgs/msg/detail/point_of_interest_response__type_support.h
-- Up-to-date symlink: /home/saitama1/ros2_foxy/install/automotive_navigation_msgs/include/automotive_navigation_msgs/msg/detail/point_of_interest_status__functions.h
-- Up-to-date symlink: /home/saitama1/ros2_foxy/install/automotive_navigation_msgs/include/automotive_navigation_msgs/msg/detail/point_of_interest_status__struct.h
-- Up-to-date symlink: /home/saitama1/ros2_foxy/install/automotive_navigation_msgs/include/automotive_navigation_msgs/msg/detail/point_of_interest_status__type_support.h
-- Up-to-date symlink: /home/saitama1/ros2_foxy/install/automotive_navigation_msgs/include/automotive_navigation_msgs/msg/detail/road_network_boundaries__functions.h
-- Up-to-date symlink: /home/saitama1/ros2_foxy/install/automotive_navigation_msgs/include/automotive_navigation_msgs/msg/detail/road_network_boundaries__struct.h
-- Up-to-date symlink: /home/saitama1/ros2_foxy/install/automotive_navigation_msgs/include/automotive_navigation_msgs/msg/detail/road_network_boundaries__type_support.h
-- Up-to-date symlink: /home/saitama1/ros2_foxy/install/automotive_navigation_msgs/include/automotive_navigation_msgs/msg/direction.h
-- Up-to-date symlink: /home/saitama1/ros2_foxy/install/automotive_navigation_msgs/include/automotive_navigation_msgs/msg/distance_to_destination.h
-- Up-to-date symlink: /home/saitama1/ros2_foxy/install/automotive_navigation_msgs/include/automotive_navigation_msgs/msg/lane_boundary.h
-- Up-to-date symlink: /home/saitama1/ros2_foxy/install/automotive_navigation_msgs/include/automotive_navigation_msgs/msg/lane_boundary_array.h
-- Up-to-date symlink: /home/saitama1/ros2_foxy/install/automotive_navigation_msgs/include/automotive_navigation_msgs/msg/module_state.h
-- Up-to-date symlink: /home/saitama1/ros2_foxy/install/automotive_navigation_msgs/include/automotive_navigation_msgs/msg/point_of_interest.h
-- Up-to-date symlink: /home/saitama1/ros2_foxy/install/automotive_navigation_msgs/include/automotive_navigation_msgs/msg/point_of_interest_array.h
-- Up-to-date symlink: /home/saitama1/ros2_foxy/install/automotive_navigation_msgs/include/automotive_navigation_msgs/msg/point_of_interest_request.h
-- Up-to-date symlink: /home/saitama1/ros2_foxy/install/automotive_navigation_msgs/include/automotive_navigation_msgs/msg/point_of_interest_response.h
-- Up-to-date symlink: /home/saitama1/ros2_foxy/install/automotive_navigation_msgs/include/automotive_navigation_msgs/msg/point_of_interest_status.h
-- Up-to-date symlink: /home/saitama1/ros2_foxy/install/automotive_navigation_msgs/include/automotive_navigation_msgs/msg/road_network_boundaries.h
-- Up-to-date symlink: /home/saitama1/ros2_foxy/install/automotive_navigation_msgs/include/automotive_navigation_msgs/msg/rosidl_generator_c__visibility_control.h
-- Up-to-date symlink: /home/saitama1/ros2_foxy/install/automotive_navigation_msgs/share/automotive_navigation_msgs/environment/library_path.sh
-- Up-to-date symlink: /home/saitama1/ros2_foxy/install/automotive_navigation_msgs/share/automotive_navigation_msgs/environment/library_path.dsv
-- Up-to-date symlink: /home/saitama1/ros2_foxy/install/automotive_navigation_msgs/include/automotive_navigation_msgs/msg/detail/command_with_handshake__rosidl_typesupport_introspection_c.h
-- Up-to-date symlink: /home/saitama1/ros2_foxy/install/automotive_navigation_msgs/include/automotive_navigation_msgs/msg/detail/desired_destination__rosidl_typesupport_introspection_c.h
-- Up-to-date symlink: /home/saitama1/ros2_foxy/install/automotive_navigation_msgs/include/automotive_navigation_msgs/msg/detail/direction__rosidl_typesupport_introspection_c.h
-- Up-to-date symlink: /home/saitama1/ros2_foxy/install/automotive_navigation_msgs/include/automotive_navigation_msgs/msg/detail/distance_to_destination__rosidl_typesupport_introspection_c.h
-- Up-to-date symlink: /home/saitama1/ros2_foxy/install/automotive_navigation_msgs/include/automotive_navigation_msgs/msg/detail/lane_boundary__rosidl_typesupport_introspection_c.h
-- Up-to-date symlink: /home/saitama1/ros2_foxy/install/automotive_navigation_msgs/include/automotive_navigation_msgs/msg/detail/lane_boundary_array__rosidl_typesupport_introspection_c.h
-- Up-to-date symlink: /home/saitama1/ros2_foxy/install/automotive_navigation_msgs/include/automotive_navigation_msgs/msg/detail/module_state__rosidl_typesupport_introspection_c.h
-- Up-to-date symlink: /home/saitama1/ros2_foxy/install/automotive_navigation_msgs/include/automotive_navigation_msgs/msg/detail/point_of_interest__rosidl_typesupport_introspection_c.h
-- Up-to-date symlink: /home/saitama1/ros2_foxy/install/automotive_navigation_msgs/include/automotive_navigation_msgs/msg/detail/point_of_interest_array__rosidl_typesupport_introspection_c.h
-- Up-to-date symlink: /home/saitama1/ros2_foxy/install/automotive_navigation_msgs/include/automotive_navigation_msgs/msg/detail/point_of_interest_request__rosidl_typesupport_introspection_c.h
-- Up-to-date symlink: /home/saitama1/ros2_foxy/install/automotive_navigation_msgs/include/automotive_navigation_msgs/msg/detail/point_of_interest_response__rosidl_typesupport_introspection_c.h
-- Up-to-date symlink: /home/saitama1/ros2_foxy/install/automotive_navigation_msgs/include/automotive_navigation_msgs/msg/detail/point_of_interest_status__rosidl_typesupport_introspection_c.h
-- Up-to-date symlink: /home/saitama1/ros2_foxy/install/automotive_navigation_msgs/include/automotive_navigation_msgs/msg/detail/road_network_boundaries__rosidl_typesupport_introspection_c.h
-- Up-to-date symlink: /home/saitama1/ros2_foxy/install/automotive_navigation_msgs/include/automotive_navigation_msgs/msg/rosidl_typesupport_introspection_c__visibility_control.h
-- Up-to-date symlink: /home/saitama1/ros2_foxy/install/automotive_navigation_msgs/include/automotive_navigation_msgs/msg/detail/command_with_handshake__rosidl_typesupport_fastrtps_c.h
-- Up-to-date symlink: /home/saitama1/ros2_foxy/install/automotive_navigation_msgs/include/automotive_navigation_msgs/msg/detail/desired_destination__rosidl_typesupport_fastrtps_c.h
-- Up-to-date symlink: /home/saitama1/ros2_foxy/install/automotive_navigation_msgs/include/automotive_navigation_msgs/msg/detail/direction__rosidl_typesupport_fastrtps_c.h
-- Up-to-date symlink: /home/saitama1/ros2_foxy/install/automotive_navigation_msgs/include/automotive_navigation_msgs/msg/detail/distance_to_destination__rosidl_typesupport_fastrtps_c.h
-- Up-to-date symlink: /home/saitama1/ros2_foxy/install/automotive_navigation_msgs/include/automotive_navigation_msgs/msg/detail/lane_boundary__rosidl_typesupport_fastrtps_c.h
-- Up-to-date symlink: /home/saitama1/ros2_foxy/install/automotive_navigation_msgs/include/automotive_navigation_msgs/msg/detail/lane_boundary_array__rosidl_typesupport_fastrtps_c.h
-- Up-to-date symlink: /home/saitama1/ros2_foxy/install/automotive_navigation_msgs/include/automotive_navigation_msgs/msg/detail/module_state__rosidl_typesupport_fastrtps_c.h
-- Up-to-date symlink: /home/saitama1/ros2_foxy/install/automotive_navigation_msgs/include/automotive_navigation_msgs/msg/detail/point_of_interest__rosidl_typesupport_fastrtps_c.h
-- Up-to-date symlink: /home/saitama1/ros2_foxy/install/automotive_navigation_msgs/include/automotive_navigation_msgs/msg/detail/point_of_interest_array__rosidl_typesupport_fastrtps_c.h
-- Up-to-date symlink: /home/saitama1/ros2_foxy/install/automotive_navigation_msgs/include/automotive_navigation_msgs/msg/detail/point_of_interest_request__rosidl_typesupport_fastrtps_c.h
-- Up-to-date symlink: /home/saitama1/ros2_foxy/install/automotive_navigation_msgs/include/automotive_navigation_msgs/msg/detail/point_of_interest_response__rosidl_typesupport_fastrtps_c.h
-- Up-to-date symlink: /home/saitama1/ros2_foxy/install/automotive_navigation_msgs/include/automotive_navigation_msgs/msg/detail/point_of_interest_status__rosidl_typesupport_fastrtps_c.h
-- Up-to-date symlink: /home/saitama1/ros2_foxy/install/automotive_navigation_msgs/include/automotive_navigation_msgs/msg/detail/road_network_boundaries__rosidl_typesupport_fastrtps_c.h
-- Up-to-date symlink: /home/saitama1/ros2_foxy/install/automotive_navigation_msgs/include/automotive_navigation_msgs/msg/rosidl_typesupport_fastrtps_c__visibility_control.h
-- Up-to-date symlink: /home/saitama1/ros2_foxy/install/automotive_navigation_msgs/lib/libautomotive_navigation_msgs__rosidl_typesupport_fastrtps_c.so
-- Up-to-date symlink: /home/saitama1/ros2_foxy/install/automotive_navigation_msgs/include/automotive_navigation_msgs/msg/detail/command_with_handshake__rosidl_typesupport_fastrtps_cpp.hpp
-- Up-to-date symlink: /home/saitama1/ros2_foxy/install/automotive_navigation_msgs/include/automotive_navigation_msgs/msg/detail/desired_destination__rosidl_typesupport_fastrtps_cpp.hpp
-- Up-to-date symlink: /home/saitama1/ros2_foxy/install/automotive_navigation_msgs/include/automotive_navigation_msgs/msg/detail/direction__rosidl_typesupport_fastrtps_cpp.hpp
-- Up-to-date symlink: /home/saitama1/ros2_foxy/install/automotive_navigation_msgs/include/automotive_navigation_msgs/msg/detail/distance_to_destination__rosidl_typesupport_fastrtps_cpp.hpp
-- Up-to-date symlink: /home/saitama1/ros2_foxy/install/automotive_navigation_msgs/include/automotive_navigation_msgs/msg/detail/lane_boundary__rosidl_typesupport_fastrtps_cpp.hpp
-- Up-to-date symlink: /home/saitama1/ros2_foxy/install/automotive_navigation_msgs/include/automotive_navigation_msgs/msg/detail/lane_boundary_array__rosidl_typesupport_fastrtps_cpp.hpp
-- Up-to-date symlink: /home/saitama1/ros2_foxy/install/automotive_navigation_msgs/include/automotive_navigation_msgs/msg/detail/module_state__rosidl_typesupport_fastrtps_cpp.hpp
-- Up-to-date symlink: /home/saitama1/ros2_foxy/install/automotive_navigation_msgs/include/automotive_navigation_msgs/msg/detail/point_of_interest__rosidl_typesupport_fastrtps_cpp.hpp
-- Up-to-date symlink: /home/saitama1/ros2_foxy/install/automotive_navigation_msgs/include/automotive_navigation_msgs/msg/detail/point_of_interest_array__rosidl_typesupport_fastrtps_cpp.hpp
-- Up-to-date symlink: /home/saitama1/ros2_foxy/install/automotive_navigation_msgs/include/automotive_navigation_msgs/msg/detail/point_of_interest_request__rosidl_typesupport_fastrtps_cpp.hpp
-- Up-to-date symlink: /home/saitama1/ros2_foxy/install/automotive_navigation_msgs/include/automotive_navigation_msgs/msg/detail/point_of_interest_response__rosidl_typesupport_fastrtps_cpp.hpp
-- Up-to-date symlink: /home/saitama1/ros2_foxy/install/automotive_navigation_msgs/include/automotive_navigation_msgs/msg/detail/point_of_interest_status__rosidl_typesupport_fastrtps_cpp.hpp
-- Up-to-date symlink: /home/saitama1/ros2_foxy/install/automotive_navigation_msgs/include/automotive_navigation_msgs/msg/detail/road_network_boundaries__rosidl_typesupport_fastrtps_cpp.hpp
-- Up-to-date symlink: /home/saitama1/ros2_foxy/install/automotive_navigation_msgs/include/automotive_navigation_msgs/msg/rosidl_typesupport_fastrtps_cpp__visibility_control.h
-- Up-to-date symlink: /home/saitama1/ros2_foxy/install/automotive_navigation_msgs/lib/libautomotive_navigation_msgs__rosidl_typesupport_fastrtps_cpp.so
-- Up-to-date symlink: /home/saitama1/ros2_foxy/install/automotive_navigation_msgs/include/automotive_navigation_msgs/msg/command_with_handshake.hpp
-- Up-to-date symlink: /home/saitama1/ros2_foxy/install/automotive_navigation_msgs/include/automotive_navigation_msgs/msg/desired_destination.hpp
-- Up-to-date symlink: /home/saitama1/ros2_foxy/install/automotive_navigation_msgs/include/automotive_navigation_msgs/msg/detail/command_with_handshake__builder.hpp
-- Up-to-date symlink: /home/saitama1/ros2_foxy/install/automotive_navigation_msgs/include/automotive_navigation_msgs/msg/detail/command_with_handshake__struct.hpp
-- Up-to-date symlink: /home/saitama1/ros2_foxy/install/automotive_navigation_msgs/include/automotive_navigation_msgs/msg/detail/command_with_handshake__traits.hpp
-- Up-to-date symlink: /home/saitama1/ros2_foxy/install/automotive_navigation_msgs/include/automotive_navigation_msgs/msg/detail/desired_destination__builder.hpp
-- Up-to-date symlink: /home/saitama1/ros2_foxy/install/automotive_navigation_msgs/include/automotive_navigation_msgs/msg/detail/desired_destination__struct.hpp
-- Up-to-date symlink: /home/saitama1/ros2_foxy/install/automotive_navigation_msgs/include/automotive_navigation_msgs/msg/detail/desired_destination__traits.hpp
-- Up-to-date symlink: /home/saitama1/ros2_foxy/install/automotive_navigation_msgs/include/automotive_navigation_msgs/msg/detail/direction__builder.hpp
-- Up-to-date symlink: /home/saitama1/ros2_foxy/install/automotive_navigation_msgs/include/automotive_navigation_msgs/msg/detail/direction__struct.hpp
-- Up-to-date symlink: /home/saitama1/ros2_foxy/install/automotive_navigation_msgs/include/automotive_navigation_msgs/msg/detail/direction__traits.hpp
-- Up-to-date symlink: /home/saitama1/ros2_foxy/install/automotive_navigation_msgs/include/automotive_navigation_msgs/msg/detail/distance_to_destination__builder.hpp
-- Up-to-date symlink: /home/saitama1/ros2_foxy/install/automotive_navigation_msgs/include/automotive_navigation_msgs/msg/detail/distance_to_destination__struct.hpp
-- Up-to-date symlink: /home/saitama1/ros2_foxy/install/automotive_navigation_msgs/include/automotive_navigation_msgs/msg/detail/distance_to_destination__traits.hpp
-- Up-to-date symlink: /home/saitama1/ros2_foxy/install/automotive_navigation_msgs/include/automotive_navigation_msgs/msg/detail/lane_boundary__builder.hpp
-- Up-to-date symlink: /home/saitama1/ros2_foxy/install/automotive_navigation_msgs/include/automotive_navigation_msgs/msg/detail/lane_boundary__struct.hpp
-- Up-to-date symlink: /home/saitama1/ros2_foxy/install/automotive_navigation_msgs/include/automotive_navigation_msgs/msg/detail/lane_boundary__traits.hpp
-- Up-to-date symlink: /home/saitama1/ros2_foxy/install/automotive_navigation_msgs/include/automotive_navigation_msgs/msg/detail/lane_boundary_array__builder.hpp
-- Up-to-date symlink: /home/saitama1/ros2_foxy/install/automotive_navigation_msgs/include/automotive_navigation_msgs/msg/detail/lane_boundary_array__struct.hpp
-- Up-to-date symlink: /home/saitama1/ros2_foxy/install/automotive_navigation_msgs/include/automotive_navigation_msgs/msg/detail/lane_boundary_array__traits.hpp
-- Up-to-date symlink: /home/saitama1/ros2_foxy/install/automotive_navigation_msgs/include/automotive_navigation_msgs/msg/detail/module_state__builder.hpp
-- Up-to-date symlink: /home/saitama1/ros2_foxy/install/automotive_navigation_msgs/include/automotive_navigation_msgs/msg/detail/module_state__struct.hpp
-- Up-to-date symlink: /home/saitama1/ros2_foxy/install/automotive_navigation_msgs/include/automotive_navigation_msgs/msg/detail/module_state__traits.hpp
-- Up-to-date symlink: /home/saitama1/ros2_foxy/install/automotive_navigation_msgs/include/automotive_navigation_msgs/msg/detail/point_of_interest__builder.hpp
-- Up-to-date symlink: /home/saitama1/ros2_foxy/install/automotive_navigation_msgs/include/automotive_navigation_msgs/msg/detail/point_of_interest__struct.hpp
-- Up-to-date symlink: /home/saitama1/ros2_foxy/install/automotive_navigation_msgs/include/automotive_navigation_msgs/msg/detail/point_of_interest__traits.hpp
-- Up-to-date symlink: /home/saitama1/ros2_foxy/install/automotive_navigation_msgs/include/automotive_navigation_msgs/msg/detail/point_of_interest_array__builder.hpp
-- Up-to-date symlink: /home/saitama1/ros2_foxy/install/automotive_navigation_msgs/include/automotive_navigation_msgs/msg/detail/point_of_interest_array__struct.hpp
-- Up-to-date symlink: /home/saitama1/ros2_foxy/install/automotive_navigation_msgs/include/automotive_navigation_msgs/msg/detail/point_of_interest_array__traits.hpp
-- Up-to-date symlink: /home/saitama1/ros2_foxy/install/automotive_navigation_msgs/include/automotive_navigation_msgs/msg/detail/point_of_interest_request__builder.hpp
-- Up-to-date symlink: /home/saitama1/ros2_foxy/install/automotive_navigation_msgs/include/automotive_navigation_msgs/msg/detail/point_of_interest_request__struct.hpp
-- Up-to-date symlink: /home/saitama1/ros2_foxy/install/automotive_navigation_msgs/include/automotive_navigation_msgs/msg/detail/point_of_interest_request__traits.hpp
-- Up-to-date symlink: /home/saitama1/ros2_foxy/install/automotive_navigation_msgs/include/automotive_navigation_msgs/msg/detail/point_of_interest_response__builder.hpp
-- Up-to-date symlink: /home/saitama1/ros2_foxy/install/automotive_navigation_msgs/include/automotive_navigation_msgs/msg/detail/point_of_interest_response__struct.hpp
-- Up-to-date symlink: /home/saitama1/ros2_foxy/install/automotive_navigation_msgs/include/automotive_navigation_msgs/msg/detail/point_of_interest_response__traits.hpp
-- Up-to-date symlink: /home/saitama1/ros2_foxy/install/automotive_navigation_msgs/include/automotive_navigation_msgs/msg/detail/point_of_interest_status__builder.hpp
-- Up-to-date symlink: /home/saitama1/ros2_foxy/install/automotive_navigation_msgs/include/automotive_navigation_msgs/msg/detail/point_of_interest_status__struct.hpp
-- Up-to-date symlink: /home/saitama1/ros2_foxy/install/automotive_navigation_msgs/include/automotive_navigation_msgs/msg/detail/point_of_interest_status__traits.hpp
-- Up-to-date symlink: /home/saitama1/ros2_foxy/install/automotive_navigation_msgs/include/automotive_navigation_msgs/msg/detail/road_network_boundaries__builder.hpp
-- Up-to-date symlink: /home/saitama1/ros2_foxy/install/automotive_navigation_msgs/include/automotive_navigation_msgs/msg/detail/road_network_boundaries__struct.hpp
-- Up-to-date symlink: /home/saitama1/ros2_foxy/install/automotive_navigation_msgs/include/automotive_navigation_msgs/msg/detail/road_network_boundaries__traits.hpp
-- Up-to-date symlink: /home/saitama1/ros2_foxy/install/automotive_navigation_msgs/include/automotive_navigation_msgs/msg/direction.hpp
-- Up-to-date symlink: /home/saitama1/ros2_foxy/install/automotive_navigation_msgs/include/automotive_navigation_msgs/msg/distance_to_destination.hpp
-- Up-to-date symlink: /home/saitama1/ros2_foxy/install/automotive_navigation_msgs/include/automotive_navigation_msgs/msg/lane_boundary.hpp
-- Up-to-date symlink: /home/saitama1/ros2_foxy/install/automotive_navigation_msgs/include/automotive_navigation_msgs/msg/lane_boundary_array.hpp
-- Up-to-date symlink: /home/saitama1/ros2_foxy/install/automotive_navigation_msgs/include/automotive_navigation_msgs/msg/module_state.hpp
-- Up-to-date symlink: /home/saitama1/ros2_foxy/install/automotive_navigation_msgs/include/automotive_navigation_msgs/msg/point_of_interest.hpp
-- Up-to-date symlink: /home/saitama1/ros2_foxy/install/automotive_navigation_msgs/include/automotive_navigation_msgs/msg/point_of_interest_array.hpp
-- Up-to-date symlink: /home/saitama1/ros2_foxy/install/automotive_navigation_msgs/include/automotive_navigation_msgs/msg/point_of_interest_request.hpp
-- Up-to-date symlink: /home/saitama1/ros2_foxy/install/automotive_navigation_msgs/include/automotive_navigation_msgs/msg/point_of_interest_response.hpp
-- Up-to-date symlink: /home/saitama1/ros2_foxy/install/automotive_navigation_msgs/include/automotive_navigation_msgs/msg/point_of_interest_status.hpp
-- Up-to-date symlink: /home/saitama1/ros2_foxy/install/automotive_navigation_msgs/include/automotive_navigation_msgs/msg/road_network_boundaries.hpp
-- Up-to-date symlink: /home/saitama1/ros2_foxy/install/automotive_navigation_msgs/include/automotive_navigation_msgs/msg/detail/command_with_handshake__rosidl_typesupport_introspection_cpp.hpp
-- Up-to-date symlink: /home/saitama1/ros2_foxy/install/automotive_navigation_msgs/include/automotive_navigation_msgs/msg/detail/desired_destination__rosidl_typesupport_introspection_cpp.hpp
-- Up-to-date symlink: /home/saitama1/ros2_foxy/install/automotive_navigation_msgs/include/automotive_navigation_msgs/msg/detail/direction__rosidl_typesupport_introspection_cpp.hpp
-- Up-to-date symlink: /home/saitama1/ros2_foxy/install/automotive_navigation_msgs/include/automotive_navigation_msgs/msg/detail/distance_to_destination__rosidl_typesupport_introspection_cpp.hpp
-- Up-to-date symlink: /home/saitama1/ros2_foxy/install/automotive_navigation_msgs/include/automotive_navigation_msgs/msg/detail/lane_boundary__rosidl_typesupport_introspection_cpp.hpp
-- Up-to-date symlink: /home/saitama1/ros2_foxy/install/automotive_navigation_msgs/include/automotive_navigation_msgs/msg/detail/lane_boundary_array__rosidl_typesupport_introspection_cpp.hpp
-- Up-to-date symlink: /home/saitama1/ros2_foxy/install/automotive_navigation_msgs/include/automotive_navigation_msgs/msg/detail/module_state__rosidl_typesupport_introspection_cpp.hpp
-- Up-to-date symlink: /home/saitama1/ros2_foxy/install/automotive_navigation_msgs/include/automotive_navigation_msgs/msg/detail/point_of_interest__rosidl_typesupport_introspection_cpp.hpp
-- Up-to-date symlink: /home/saitama1/ros2_foxy/install/automotive_navigation_msgs/include/automotive_navigation_msgs/msg/detail/point_of_interest_array__rosidl_typesupport_introspection_cpp.hpp
-- Up-to-date symlink: /home/saitama1/ros2_foxy/install/automotive_navigation_msgs/include/automotive_navigation_msgs/msg/detail/point_of_interest_request__rosidl_typesupport_introspection_cpp.hpp
-- Up-to-date symlink: /home/saitama1/ros2_foxy/install/automotive_navigation_msgs/include/automotive_navigation_msgs/msg/detail/point_of_interest_response__rosidl_typesupport_introspection_cpp.hpp
-- Up-to-date symlink: /home/saitama1/ros2_foxy/install/automotive_navigation_msgs/include/automotive_navigation_msgs/msg/detail/point_of_interest_status__rosidl_typesupport_introspection_cpp.hpp
-- Up-to-date symlink: /home/saitama1/ros2_foxy/install/automotive_navigation_msgs/include/automotive_navigation_msgs/msg/detail/road_network_boundaries__rosidl_typesupport_introspection_cpp.hpp
-- Up-to-date symlink: /home/saitama1/ros2_foxy/install/automotive_navigation_msgs/share/automotive_navigation_msgs/environment/pythonpath.sh
-- Up-to-date symlink: /home/saitama1/ros2_foxy/install/automotive_navigation_msgs/share/automotive_navigation_msgs/environment/pythonpath.dsv
-- Up-to-date symlink: /home/saitama1/ros2_foxy/install/automotive_navigation_msgs/lib/python3.8/site-packages/automotive_navigation_msgs/__init__.py
-- Up-to-date symlink: /home/saitama1/ros2_foxy/install/automotive_navigation_msgs/lib/python3.8/site-packages/automotive_navigation_msgs/msg/__init__.py
-- Up-to-date symlink: /home/saitama1/ros2_foxy/install/automotive_navigation_msgs/lib/python3.8/site-packages/automotive_navigation_msgs/msg/_command_with_handshake.py
-- Up-to-date symlink: /home/saitama1/ros2_foxy/install/automotive_navigation_msgs/lib/python3.8/site-packages/automotive_navigation_msgs/msg/_desired_destination.py
-- Up-to-date symlink: /home/saitama1/ros2_foxy/install/automotive_navigation_msgs/lib/python3.8/site-packages/automotive_navigation_msgs/msg/_direction.py
-- Up-to-date symlink: /home/saitama1/ros2_foxy/install/automotive_navigation_msgs/lib/python3.8/site-packages/automotive_navigation_msgs/msg/_distance_to_destination.py
-- Up-to-date symlink: /home/saitama1/ros2_foxy/install/automotive_navigation_msgs/lib/python3.8/site-packages/automotive_navigation_msgs/msg/_lane_boundary.py
-- Up-to-date symlink: /home/saitama1/ros2_foxy/install/automotive_navigation_msgs/lib/python3.8/site-packages/automotive_navigation_msgs/msg/_lane_boundary_array.py
-- Up-to-date symlink: /home/saitama1/ros2_foxy/install/automotive_navigation_msgs/lib/python3.8/site-packages/automotive_navigation_msgs/msg/_module_state.py
-- Up-to-date symlink: /home/saitama1/ros2_foxy/install/automotive_navigation_msgs/lib/python3.8/site-packages/automotive_navigation_msgs/msg/_point_of_interest.py
-- Up-to-date symlink: /home/saitama1/ros2_foxy/install/automotive_navigation_msgs/lib/python3.8/site-packages/automotive_navigation_msgs/msg/_point_of_interest_array.py
-- Up-to-date symlink: /home/saitama1/ros2_foxy/install/automotive_navigation_msgs/lib/python3.8/site-packages/automotive_navigation_msgs/msg/_point_of_interest_request.py
-- Up-to-date symlink: /home/saitama1/ros2_foxy/install/automotive_navigation_msgs/lib/python3.8/site-packages/automotive_navigation_msgs/msg/_point_of_interest_response.py
-- Up-to-date symlink: /home/saitama1/ros2_foxy/install/automotive_navigation_msgs/lib/python3.8/site-packages/automotive_navigation_msgs/msg/_point_of_interest_status.py
-- Up-to-date symlink: /home/saitama1/ros2_foxy/install/automotive_navigation_msgs/lib/python3.8/site-packages/automotive_navigation_msgs/msg/_road_network_boundaries.py
-- Up-to-date symlink: /home/saitama1/ros2_foxy/install/automotive_navigation_msgs/lib/python3.8/site-packages/automotive_navigation_msgs/automotive_navigation_msgs_s__rosidl_typesupport_introspection_c.cpython-38-x86_64-linux-gnu.so
-- Up-to-date symlink: /home/saitama1/ros2_foxy/install/automotive_navigation_msgs/lib/python3.8/site-packages/automotive_navigation_msgs/automotive_navigation_msgs_s__rosidl_typesupport_fastrtps_c.cpython-38-x86_64-linux-gnu.so
-- Up-to-date symlink: /home/saitama1/ros2_foxy/install/automotive_navigation_msgs/lib/python3.8/site-packages/automotive_navigation_msgs/automotive_navigation_msgs_s__rosidl_typesupport_c.cpython-38-x86_64-linux-gnu.so
-- Up-to-date symlink: /home/saitama1/ros2_foxy/install/automotive_navigation_msgs/lib/libautomotive_navigation_msgs__python.so
-- Up-to-date symlink: /home/saitama1/ros2_foxy/install/automotive_navigation_msgs/share/automotive_navigation_msgs/msg/CommandWithHandshake.idl
-- Up-to-date symlink: /home/saitama1/ros2_foxy/install/automotive_navigation_msgs/share/automotive_navigation_msgs/msg/DesiredDestination.idl
-- Up-to-date symlink: /home/saitama1/ros2_foxy/install/automotive_navigation_msgs/share/automotive_navigation_msgs/msg/Direction.idl
-- Up-to-date symlink: /home/saitama1/ros2_foxy/install/automotive_navigation_msgs/share/automotive_navigation_msgs/msg/DistanceToDestination.idl
-- Up-to-date symlink: /home/saitama1/ros2_foxy/install/automotive_navigation_msgs/share/automotive_navigation_msgs/msg/LaneBoundary.idl
-- Up-to-date symlink: /home/saitama1/ros2_foxy/install/automotive_navigation_msgs/share/automotive_navigation_msgs/msg/LaneBoundaryArray.idl
-- Up-to-date symlink: /home/saitama1/ros2_foxy/install/automotive_navigation_msgs/share/automotive_navigation_msgs/msg/ModuleState.idl
-- Up-to-date symlink: /home/saitama1/ros2_foxy/install/automotive_navigation_msgs/share/automotive_navigation_msgs/msg/PointOfInterestArray.idl
-- Up-to-date symlink: /home/saitama1/ros2_foxy/install/automotive_navigation_msgs/share/automotive_navigation_msgs/msg/PointOfInterest.idl
-- Up-to-date symlink: /home/saitama1/ros2_foxy/install/automotive_navigation_msgs/share/automotive_navigation_msgs/msg/PointOfInterestRequest.idl
-- Up-to-date symlink: /home/saitama1/ros2_foxy/install/automotive_navigation_msgs/share/automotive_navigation_msgs/msg/PointOfInterestResponse.idl
-- Up-to-date symlink: /home/saitama1/ros2_foxy/install/automotive_navigation_msgs/share/automotive_navigation_msgs/msg/PointOfInterestStatus.idl
-- Up-to-date symlink: /home/saitama1/ros2_foxy/install/automotive_navigation_msgs/share/automotive_navigation_msgs/msg/RoadNetworkBoundaries.idl
-- Up-to-date symlink: /home/saitama1/ros2_foxy/install/automotive_navigation_msgs/share/automotive_navigation_msgs/msg/CommandWithHandshake.msg
-- Up-to-date symlink: /home/saitama1/ros2_foxy/install/automotive_navigation_msgs/share/automotive_navigation_msgs/msg/DesiredDestination.msg
-- Up-to-date symlink: /home/saitama1/ros2_foxy/install/automotive_navigation_msgs/share/automotive_navigation_msgs/msg/Direction.msg
-- Up-to-date symlink: /home/saitama1/ros2_foxy/install/automotive_navigation_msgs/share/automotive_navigation_msgs/msg/DistanceToDestination.msg
-- Up-to-date symlink: /home/saitama1/ros2_foxy/install/automotive_navigation_msgs/share/automotive_navigation_msgs/msg/LaneBoundary.msg
-- Up-to-date symlink: /home/saitama1/ros2_foxy/install/automotive_navigation_msgs/share/automotive_navigation_msgs/msg/LaneBoundaryArray.msg
-- Up-to-date symlink: /home/saitama1/ros2_foxy/install/automotive_navigation_msgs/share/automotive_navigation_msgs/msg/ModuleState.msg
-- Up-to-date symlink: /home/saitama1/ros2_foxy/install/automotive_navigation_msgs/share/automotive_navigation_msgs/msg/PointOfInterestArray.msg
-- Up-to-date symlink: /home/saitama1/ros2_foxy/install/automotive_navigation_msgs/share/automotive_navigation_msgs/msg/PointOfInterest.msg
-- Up-to-date symlink: /home/saitama1/ros2_foxy/install/automotive_navigation_msgs/share/automotive_navigation_msgs/msg/PointOfInterestRequest.msg
-- Up-to-date symlink: /home/saitama1/ros2_foxy/install/automotive_navigation_msgs/share/automotive_navigation_msgs/msg/PointOfInterestResponse.msg
-- Up-to-date symlink: /home/saitama1/ros2_foxy/install/automotive_navigation_msgs/share/automotive_navigation_msgs/msg/PointOfInterestStatus.msg
-- Up-to-date symlink: /home/saitama1/ros2_foxy/install/automotive_navigation_msgs/share/automotive_navigation_msgs/msg/RoadNetworkBoundaries.msg
-- Up-to-date symlink: /home/saitama1/ros2_foxy/install/automotive_navigation_msgs/share/automotive_navigation_msgs//migration/0_2.0.3-3.0.1.bmr
-- Up-to-date symlink: /home/saitama1/ros2_foxy/install/automotive_navigation_msgs/share/ament_index/resource_index/package_run_dependencies/automotive_navigation_msgs
-- Up-to-date symlink: /home/saitama1/ros2_foxy/install/automotive_navigation_msgs/share/ament_index/resource_index/parent_prefix_path/automotive_navigation_msgs
-- Up-to-date symlink: /home/saitama1/ros2_foxy/install/automotive_navigation_msgs/share/automotive_navigation_msgs/environment/ament_prefix_path.sh
-- Up-to-date symlink: /home/saitama1/ros2_foxy/install/automotive_navigation_msgs/share/automotive_navigation_msgs/environment/ament_prefix_path.dsv
-- Up-to-date symlink: /home/saitama1/ros2_foxy/install/automotive_navigation_msgs/share/automotive_navigation_msgs/environment/path.sh
-- Up-to-date symlink: /home/saitama1/ros2_foxy/install/automotive_navigation_msgs/share/automotive_navigation_msgs/environment/path.dsv
-- Up-to-date symlink: /home/saitama1/ros2_foxy/install/automotive_navigation_msgs/share/automotive_navigation_msgs/local_setup.bash
-- Up-to-date symlink: /home/saitama1/ros2_foxy/install/automotive_navigation_msgs/share/automotive_navigation_msgs/local_setup.sh
-- Up-to-date symlink: /home/saitama1/ros2_foxy/install/automotive_navigation_msgs/share/automotive_navigation_msgs/local_setup.zsh
-- Up-to-date symlink: /home/saitama1/ros2_foxy/install/automotive_navigation_msgs/share/automotive_navigation_msgs/local_setup.dsv
-- Symlinking: /home/saitama1/ros2_foxy/install/automotive_navigation_msgs/share/automotive_navigation_msgs/package.dsv
-- Up-to-date symlink: /home/saitama1/ros2_foxy/install/automotive_navigation_msgs/share/ament_index/resource_index/packages/automotive_navigation_msgs
-- Up-to-date symlink: /home/saitama1/ros2_foxy/install/automotive_navigation_msgs/share/automotive_navigation_msgs/cmake/rosidl_cmake-extras.cmake
-- Up-to-date symlink: /home/saitama1/ros2_foxy/install/automotive_navigation_msgs/share/automotive_navigation_msgs/cmake/ament_cmake_export_dependencies-extras.cmake
-- Up-to-date symlink: /home/saitama1/ros2_foxy/install/automotive_navigation_msgs/share/automotive_navigation_msgs/cmake/ament_cmake_export_libraries-extras.cmake
-- Up-to-date symlink: /home/saitama1/ros2_foxy/install/automotive_navigation_msgs/share/automotive_navigation_msgs/cmake/ament_cmake_export_targets-extras.cmake
-- Up-to-date symlink: /home/saitama1/ros2_foxy/install/automotive_navigation_msgs/share/automotive_navigation_msgs/cmake/ament_cmake_export_include_directories-extras.cmake
-- Up-to-date symlink: /home/saitama1/ros2_foxy/install/automotive_navigation_msgs/share/automotive_navigation_msgs/cmake/rosidl_cmake_export_typesupport_targets-extras.cmake
-- Up-to-date symlink: /home/saitama1/ros2_foxy/install/automotive_navigation_msgs/share/automotive_navigation_msgs/cmake/rosidl_cmake_export_typesupport_libraries-extras.cmake
-- Up-to-date symlink: /home/saitama1/ros2_foxy/install/automotive_navigation_msgs/share/automotive_navigation_msgs/cmake/automotive_navigation_msgsConfig.cmake
-- Up-to-date symlink: /home/saitama1/ros2_foxy/install/automotive_navigation_msgs/share/automotive_navigation_msgs/cmake/automotive_navigation_msgsConfig-version.cmake
-- Up-to-date symlink: /home/saitama1/ros2_foxy/install/automotive_navigation_msgs/share/automotive_navigation_msgs/package.xml
-- Installing: /home/saitama1/ros2_foxy/install/automotive_navigation_msgs/lib/libautomotive_navigation_msgs__rosidl_generator_c.so
-- Set runtime path of "/home/saitama1/ros2_foxy/install/automotive_navigation_msgs/lib/libautomotive_navigation_msgs__rosidl_generator_c.so" to ""
-- Installing: /home/saitama1/ros2_foxy/install/automotive_navigation_msgs/lib/libautomotive_navigation_msgs__rosidl_typesupport_introspection_c.so
-- Set runtime path of "/home/saitama1/ros2_foxy/install/automotive_navigation_msgs/lib/libautomotive_navigation_msgs__rosidl_typesupport_introspection_c.so" to ""
-- Installing: /home/saitama1/ros2_foxy/install/automotive_navigation_msgs/lib/libautomotive_navigation_msgs__rosidl_typesupport_c.so
-- Set runtime path of "/home/saitama1/ros2_foxy/install/automotive_navigation_msgs/lib/libautomotive_navigation_msgs__rosidl_typesupport_c.so" to ""
-- Installing: /home/saitama1/ros2_foxy/install/automotive_navigation_msgs/lib/libautomotive_navigation_msgs__rosidl_typesupport_introspection_cpp.so
-- Set runtime path of "/home/saitama1/ros2_foxy/install/automotive_navigation_msgs/lib/libautomotive_navigation_msgs__rosidl_typesupport_introspection_cpp.so" to ""
-- Installing: /home/saitama1/ros2_foxy/install/automotive_navigation_msgs/lib/libautomotive_navigation_msgs__rosidl_typesupport_cpp.so
-- Set runtime path of "/home/saitama1/ros2_foxy/install/automotive_navigation_msgs/lib/libautomotive_navigation_msgs__rosidl_typesupport_cpp.so" to ""
Compiling '/home/saitama1/ros2_foxy/install/automotive_navigation_msgs/lib/python3.8/site-packages/automotive_navigation_msgs/__init__.py'...
-- Up-to-date: /home/saitama1/ros2_foxy/install/automotive_navigation_msgs/share/automotive_navigation_msgs/cmake/automotive_navigation_msgs__rosidl_generator_cExport.cmake
-- Installing: /home/saitama1/ros2_foxy/install/automotive_navigation_msgs/share/automotive_navigation_msgs/cmake/automotive_navigation_msgs__rosidl_generator_cExport-noconfig.cmake
-- Up-to-date: /home/saitama1/ros2_foxy/install/automotive_navigation_msgs/share/automotive_navigation_msgs/cmake/automotive_navigation_msgs__rosidl_typesupport_introspection_cExport.cmake
-- Installing: /home/saitama1/ros2_foxy/install/automotive_navigation_msgs/share/automotive_navigation_msgs/cmake/automotive_navigation_msgs__rosidl_typesupport_introspection_cExport-noconfig.cmake
-- Up-to-date: /home/saitama1/ros2_foxy/install/automotive_navigation_msgs/share/automotive_navigation_msgs/cmake/automotive_navigation_msgs__rosidl_typesupport_cExport.cmake
-- Installing: /home/saitama1/ros2_foxy/install/automotive_navigation_msgs/share/automotive_navigation_msgs/cmake/automotive_navigation_msgs__rosidl_typesupport_cExport-noconfig.cmake
-- Up-to-date: /home/saitama1/ros2_foxy/install/automotive_navigation_msgs/share/automotive_navigation_msgs/cmake/automotive_navigation_msgs__rosidl_generator_cppExport.cmake
-- Up-to-date: /home/saitama1/ros2_foxy/install/automotive_navigation_msgs/share/automotive_navigation_msgs/cmake/automotive_navigation_msgs__rosidl_typesupport_introspection_cppExport.cmake
-- Installing: /home/saitama1/ros2_foxy/install/automotive_navigation_msgs/share/automotive_navigation_msgs/cmake/automotive_navigation_msgs__rosidl_typesupport_introspection_cppExport-noconfig.cmake
-- Up-to-date: /home/saitama1/ros2_foxy/install/automotive_navigation_msgs/share/automotive_navigation_msgs/cmake/automotive_navigation_msgs__rosidl_typesupport_cppExport.cmake
-- Installing: /home/saitama1/ros2_foxy/install/automotive_navigation_msgs/share/automotive_navigation_msgs/cmake/automotive_navigation_msgs__rosidl_typesupport_cppExport-noconfig.cmake
