-- The C compiler identification is GNU 9.3.0
-- The CXX compiler identification is GNU 9.3.0
-- Check for working C compiler: /usr/bin/cc
-- Check for working C compiler: /usr/bin/cc -- works
-- Detecting C compiler ABI info
-- Detecting C compiler ABI info - done
-- Detecting C compile features
-- Detecting C compile features - done
-- Check for working CXX compiler: /usr/bin/c++
-- Check for working CXX compiler: /usr/bin/c++ -- works
-- Detecting CXX compiler ABI info
-- Detecting CXX compiler ABI info - done
-- Detecting CXX compile features
-- Detecting CXX compile features - done
-- Found ament_cmake: 0.9.8 (/home/saitama1/Pictures/ros2-picas/ros2_foxy/install/ament_cmake/share/ament_cmake/cmake)
-- Found PythonInterp: /usr/bin/python3 (found suitable version "3.8.10", minimum required is "3") 
-- Using PYTHON_EXECUTABLE: /usr/bin/python3
-- Found ament_index_cpp: 1.1.0 (/home/saitama1/Pictures/ros2-picas/ros2_foxy/install/ament_index_cpp/share/ament_index_cpp/cmake)
-- Found pluginlib: 2.5.3 (/home/saitama1/Pictures/ros2-picas/ros2_foxy/install/pluginlib/share/pluginlib/cmake)
-- Found rmw: 1.0.3 (/home/saitama1/Pictures/ros2-picas/ros2_foxy/install/rmw/share/rmw/cmake)
-- Using all available rosidl_typesupport_c: rosidl_typesupport_fastrtps_c;rosidl_typesupport_introspection_c
-- Found rosidl_adapter: 1.2.1 (/home/saitama1/Pictures/ros2-picas/ros2_foxy/install/rosidl_adapter/share/rosidl_adapter/cmake)
-- Found OpenSSL: /usr/lib/x86_64-linux-gnu/libcrypto.so (found version "1.1.1f")  
-- Found FastRTPS: /home/saitama1/Pictures/ros2-picas/ros2_foxy/install/fastrtps/include  
-- Using all available rosidl_typesupport_cpp: rosidl_typesupport_introspection_cpp;rosidl_typesupport_fastrtps_cpp
-- Found rosbag2_cpp: 0.3.8 (/home/saitama1/Pictures/ros2-picas/ros2_foxy/install/rosbag2_cpp/share/rosbag2_cpp/cmake)
-- Setting yaml-cpp_DIR to: '/home/saitama1/Pictures/ros2-picas/ros2_foxy/install/yaml_cpp_vendor/share/yaml_cpp_vendor/cmake/../../../opt/yaml_cpp_vendor/lib/cmake/yaml-cpp'
-- Found ament_cmake_gmock: 0.9.8 (/home/saitama1/Pictures/ros2-picas/ros2_foxy/install/ament_cmake_gmock/share/ament_cmake_gmock/cmake)
-- Found ament_lint_auto: 0.9.6 (/home/saitama1/Pictures/ros2-picas/ros2_foxy/install/ament_lint_auto/share/ament_lint_auto/cmake)
-- Found rosbag2_test_common: 0.3.8 (/home/saitama1/Pictures/ros2-picas/ros2_foxy/install/rosbag2_test_common/share/rosbag2_test_common/cmake)
-- Found rmw_implementation_cmake: 1.0.3 (/home/saitama1/Pictures/ros2-picas/ros2_foxy/install/rmw_implementation_cmake/share/rmw_implementation_cmake/cmake)
-- Using RMW implementation 'rmw_fastrtps_cpp' as default
-- Looking for pthread.h
-- Looking for pthread.h - found
-- Performing Test CMAKE_HAVE_LIBC_PTHREAD
-- Performing Test CMAKE_HAVE_LIBC_PTHREAD - Failed
-- Looking for pthread_create in pthreads
-- Looking for pthread_create in pthreads - not found
-- Looking for pthread_create in pthread
-- Looking for pthread_create in pthread - found
-- Found Threads: TRUE  
-- Found test_msgs: 1.0.0 (/home/saitama1/Pictures/ros2-picas/ros2_foxy/install/test_msgs/share/test_msgs/cmake)
-- Found gmock sources under '/home/saitama1/Pictures/ros2-picas/ros2_foxy/install/gmock_vendor/src/gmock_vendor': C++ tests using 'Google Mock' will be built
-- Found ament_cmake_gtest: 0.9.8 (/home/saitama1/Pictures/ros2-picas/ros2_foxy/install/ament_cmake_gtest/share/ament_cmake_gtest/cmake)
-- Found gtest sources under '/home/saitama1/Pictures/ros2-picas/ros2_foxy/install/gtest_vendor/src/gtest_vendor': C++ tests using 'Google Test' will be built
-- Added test 'copyright' to check source files copyright and LICENSE
-- Added test 'cppcheck' to perform static code analysis on C / C++ code
-- Configured cppcheck include dirs: $<BUILD_INTERFACE:/home/saitama1/Pictures/ros2-picas/ros2_foxy/src/ros2/rosbag2/rosbag2_converter_default_plugins/include>
-- Configured cppcheck exclude dirs and/or files: 
-- Added test 'cpplint' to check C / C++ code against the Google style
-- Configured cpplint exclude dirs and/or files: 
-- Added test 'lint_cmake' to check CMake code style
-- Added test 'uncrustify' to check C / C++ code style
-- Configured uncrustify additional arguments: 
-- Added test 'xmllint' to check XML markup files
-- Configuring done
-- Generating done
-- Build files have been written to: /home/saitama1/Pictures/ros2-picas/ros2_foxy/build/rosbag2_converter_default_plugins
[35m[1mScanning dependencies of target gmock[0m
[ 10%] [32mBuilding CXX object gmock/CMakeFiles/gmock.dir/home/saitama1/Pictures/ros2-picas/ros2_foxy/install/gtest_vendor/src/gtest_vendor/src/gtest-all.cc.o[0m
[ 20%] [32mBuilding CXX object gmock/CMakeFiles/gmock.dir/src/gmock-all.cc.o[0m
[ 30%] [32m[1mLinking CXX static library libgmock.a[0m
[ 30%] Built target gmock
[35m[1mScanning dependencies of target rosbag2_converter_default_plugins[0m
[ 40%] [32mBuilding CXX object CMakeFiles/rosbag2_converter_default_plugins.dir/src/rosbag2_converter_default_plugins/cdr/cdr_converter.cpp.o[0m
[ 50%] [32m[1mLinking CXX shared library librosbag2_converter_default_plugins.so[0m
[ 50%] Built target rosbag2_converter_default_plugins
[35m[1mScanning dependencies of target gmock_main[0m
[ 60%] [32mBuilding CXX object gmock/CMakeFiles/gmock_main.dir/src/gmock_main.cc.o[0m
[ 70%] [32m[1mLinking CXX static library libgmock_main.a[0m
[ 70%] Built target gmock_main
[35m[1mScanning dependencies of target test_cdr_converter[0m
[ 80%] [32mBuilding CXX object CMakeFiles/test_cdr_converter.dir/test/rosbag2_converter_default_plugins/cdr/test_cdr_converter.cpp.o[0m
[ 90%] [32mBuilding CXX object CMakeFiles/test_cdr_converter.dir/src/rosbag2_converter_default_plugins/cdr/cdr_converter.cpp.o[0m
[100%] [32m[1mLinking CXX executable test_cdr_converter[0m
[100%] Built target test_cdr_converter
-- Install configuration: ""
-- Installing: /home/saitama1/Pictures/ros2-picas/ros2_foxy/install/rosbag2_converter_default_plugins/share/rosbag2_converter_default_plugins/plugin_description.xml
-- Installing: /home/saitama1/Pictures/ros2-picas/ros2_foxy/install/rosbag2_converter_default_plugins/lib/librosbag2_converter_default_plugins.so
-- Set runtime path of "/home/saitama1/Pictures/ros2-picas/ros2_foxy/install/rosbag2_converter_default_plugins/lib/librosbag2_converter_default_plugins.so" to ""
-- Installing: /home/saitama1/Pictures/ros2-picas/ros2_foxy/install/rosbag2_converter_default_plugins/share/ament_index/resource_index/package_run_dependencies/rosbag2_converter_default_plugins
-- Installing: /home/saitama1/Pictures/ros2-picas/ros2_foxy/install/rosbag2_converter_default_plugins/share/ament_index/resource_index/parent_prefix_path/rosbag2_converter_default_plugins
-- Installing: /home/saitama1/Pictures/ros2-picas/ros2_foxy/install/rosbag2_converter_default_plugins/share/rosbag2_converter_default_plugins/environment/ament_prefix_path.sh
-- Installing: /home/saitama1/Pictures/ros2-picas/ros2_foxy/install/rosbag2_converter_default_plugins/share/rosbag2_converter_default_plugins/environment/ament_prefix_path.dsv
-- Installing: /home/saitama1/Pictures/ros2-picas/ros2_foxy/install/rosbag2_converter_default_plugins/share/rosbag2_converter_default_plugins/environment/path.sh
-- Installing: /home/saitama1/Pictures/ros2-picas/ros2_foxy/install/rosbag2_converter_default_plugins/share/rosbag2_converter_default_plugins/environment/path.dsv
-- Installing: /home/saitama1/Pictures/ros2-picas/ros2_foxy/install/rosbag2_converter_default_plugins/share/rosbag2_converter_default_plugins/local_setup.bash
-- Installing: /home/saitama1/Pictures/ros2-picas/ros2_foxy/install/rosbag2_converter_default_plugins/share/rosbag2_converter_default_plugins/local_setup.sh
-- Installing: /home/saitama1/Pictures/ros2-picas/ros2_foxy/install/rosbag2_converter_default_plugins/share/rosbag2_converter_default_plugins/local_setup.zsh
-- Installing: /home/saitama1/Pictures/ros2-picas/ros2_foxy/install/rosbag2_converter_default_plugins/share/rosbag2_converter_default_plugins/local_setup.dsv
-- Installing: /home/saitama1/Pictures/ros2-picas/ros2_foxy/install/rosbag2_converter_default_plugins/share/rosbag2_converter_default_plugins/package.dsv
-- Installing: /home/saitama1/Pictures/ros2-picas/ros2_foxy/install/rosbag2_converter_default_plugins/share/ament_index/resource_index/packages/rosbag2_converter_default_plugins
-- Installing: /home/saitama1/Pictures/ros2-picas/ros2_foxy/install/rosbag2_converter_default_plugins/share/ament_index/resource_index/rosbag2_cpp__pluginlib__plugin/rosbag2_converter_default_plugins
-- Installing: /home/saitama1/Pictures/ros2-picas/ros2_foxy/install/rosbag2_converter_default_plugins/share/rosbag2_converter_default_plugins/cmake/rosbag2_converter_default_pluginsConfig.cmake
-- Installing: /home/saitama1/Pictures/ros2-picas/ros2_foxy/install/rosbag2_converter_default_plugins/share/rosbag2_converter_default_plugins/cmake/rosbag2_converter_default_pluginsConfig-version.cmake
-- Installing: /home/saitama1/Pictures/ros2-picas/ros2_foxy/install/rosbag2_converter_default_plugins/share/rosbag2_converter_default_plugins/package.xml
