[  3%] Built target unique_identifier_msgs__cpp
[ 12%] Built target unique_identifier_msgs__rosidl_generator_c
[ 32%] Built target unique_identifier_msgs__rosidl_typesupport_fastrtps_cpp
[ 32%] Built target unique_identifier_msgs__rosidl_typesupport_introspection_cpp
[ 41%] Built target unique_identifier_msgs__rosidl_typesupport_cpp
[ 51%] Built target unique_identifier_msgs__rosidl_typesupport_introspection_c
[ 61%] Built target unique_identifier_msgs__rosidl_typesupport_c
[ 70%] Built target unique_identifier_msgs__rosidl_typesupport_fastrtps_c
[ 70%] Built target unique_identifier_msgs
[ 74%] Built target unique_identifier_msgs__py
[ 80%] Built target unique_identifier_msgs__python
[ 87%] Built target unique_identifier_msgs__rosidl_typesupport_introspection_c__pyext
[ 93%] Built target unique_identifier_msgs__rosidl_typesupport_fastrtps_c__pyext
[100%] Built target unique_identifier_msgs__rosidl_typesupport_c__pyext
-- Install configuration: ""
-- Execute custom install script
-- Up-to-date symlink: /home/saitama1/ros2_foxy/install/unique_identifier_msgs/share/ament_index/resource_index/rosidl_interfaces/unique_identifier_msgs
-- Up-to-date symlink: /home/saitama1/ros2_foxy/install/unique_identifier_msgs/include/unique_identifier_msgs/msg/detail/uuid__functions.h
-- Up-to-date symlink: /home/saitama1/ros2_foxy/install/unique_identifier_msgs/include/unique_identifier_msgs/msg/detail/uuid__struct.h
-- Up-to-date symlink: /home/saitama1/ros2_foxy/install/unique_identifier_msgs/include/unique_identifier_msgs/msg/detail/uuid__type_support.h
-- Up-to-date symlink: /home/saitama1/ros2_foxy/install/unique_identifier_msgs/include/unique_identifier_msgs/msg/rosidl_generator_c__visibility_control.h
-- Up-to-date symlink: /home/saitama1/ros2_foxy/install/unique_identifier_msgs/include/unique_identifier_msgs/msg/uuid.h
-- Up-to-date symlink: /home/saitama1/ros2_foxy/install/unique_identifier_msgs/share/unique_identifier_msgs/environment/library_path.sh
-- Up-to-date symlink: /home/saitama1/ros2_foxy/install/unique_identifier_msgs/share/unique_identifier_msgs/environment/library_path.dsv
-- Up-to-date symlink: /home/saitama1/ros2_foxy/install/unique_identifier_msgs/include/unique_identifier_msgs/msg/detail/uuid__rosidl_typesupport_introspection_c.h
-- Up-to-date symlink: /home/saitama1/ros2_foxy/install/unique_identifier_msgs/include/unique_identifier_msgs/msg/rosidl_typesupport_introspection_c__visibility_control.h
-- Up-to-date symlink: /home/saitama1/ros2_foxy/install/unique_identifier_msgs/include/unique_identifier_msgs/msg/detail/uuid__rosidl_typesupport_fastrtps_c.h
-- Up-to-date symlink: /home/saitama1/ros2_foxy/install/unique_identifier_msgs/include/unique_identifier_msgs/msg/rosidl_typesupport_fastrtps_c__visibility_control.h
-- Up-to-date symlink: /home/saitama1/ros2_foxy/install/unique_identifier_msgs/lib/libunique_identifier_msgs__rosidl_typesupport_fastrtps_c.so
-- Up-to-date symlink: /home/saitama1/ros2_foxy/install/unique_identifier_msgs/include/unique_identifier_msgs/msg/detail/uuid__rosidl_typesupport_fastrtps_cpp.hpp
-- Up-to-date symlink: /home/saitama1/ros2_foxy/install/unique_identifier_msgs/include/unique_identifier_msgs/msg/rosidl_typesupport_fastrtps_cpp__visibility_control.h
-- Up-to-date symlink: /home/saitama1/ros2_foxy/install/unique_identifier_msgs/lib/libunique_identifier_msgs__rosidl_typesupport_fastrtps_cpp.so
-- Up-to-date symlink: /home/saitama1/ros2_foxy/install/unique_identifier_msgs/include/unique_identifier_msgs/msg/detail/uuid__builder.hpp
-- Up-to-date symlink: /home/saitama1/ros2_foxy/install/unique_identifier_msgs/include/unique_identifier_msgs/msg/detail/uuid__struct.hpp
-- Up-to-date symlink: /home/saitama1/ros2_foxy/install/unique_identifier_msgs/include/unique_identifier_msgs/msg/detail/uuid__traits.hpp
-- Up-to-date symlink: /home/saitama1/ros2_foxy/install/unique_identifier_msgs/include/unique_identifier_msgs/msg/uuid.hpp
-- Up-to-date symlink: /home/saitama1/ros2_foxy/install/unique_identifier_msgs/include/unique_identifier_msgs/msg/detail/uuid__rosidl_typesupport_introspection_cpp.hpp
-- Up-to-date symlink: /home/saitama1/ros2_foxy/install/unique_identifier_msgs/share/unique_identifier_msgs/environment/pythonpath.sh
-- Up-to-date symlink: /home/saitama1/ros2_foxy/install/unique_identifier_msgs/share/unique_identifier_msgs/environment/pythonpath.dsv
-- Up-to-date symlink: /home/saitama1/ros2_foxy/install/unique_identifier_msgs/lib/python3.8/site-packages/unique_identifier_msgs/__init__.py
-- Up-to-date symlink: /home/saitama1/ros2_foxy/install/unique_identifier_msgs/lib/python3.8/site-packages/unique_identifier_msgs/msg/__init__.py
-- Up-to-date symlink: /home/saitama1/ros2_foxy/install/unique_identifier_msgs/lib/python3.8/site-packages/unique_identifier_msgs/msg/_uuid.py
-- Up-to-date symlink: /home/saitama1/ros2_foxy/install/unique_identifier_msgs/lib/python3.8/site-packages/unique_identifier_msgs/unique_identifier_msgs_s__rosidl_typesupport_introspection_c.cpython-38-x86_64-linux-gnu.so
-- Up-to-date symlink: /home/saitama1/ros2_foxy/install/unique_identifier_msgs/lib/python3.8/site-packages/unique_identifier_msgs/unique_identifier_msgs_s__rosidl_typesupport_fastrtps_c.cpython-38-x86_64-linux-gnu.so
-- Up-to-date symlink: /home/saitama1/ros2_foxy/install/unique_identifier_msgs/lib/python3.8/site-packages/unique_identifier_msgs/unique_identifier_msgs_s__rosidl_typesupport_c.cpython-38-x86_64-linux-gnu.so
-- Up-to-date symlink: /home/saitama1/ros2_foxy/install/unique_identifier_msgs/lib/libunique_identifier_msgs__python.so
-- Up-to-date symlink: /home/saitama1/ros2_foxy/install/unique_identifier_msgs/share/unique_identifier_msgs/msg/UUID.idl
-- Up-to-date symlink: /home/saitama1/ros2_foxy/install/unique_identifier_msgs/share/unique_identifier_msgs/msg/UUID.msg
-- Up-to-date symlink: /home/saitama1/ros2_foxy/install/unique_identifier_msgs/share/ament_index/resource_index/package_run_dependencies/unique_identifier_msgs
-- Up-to-date symlink: /home/saitama1/ros2_foxy/install/unique_identifier_msgs/share/ament_index/resource_index/parent_prefix_path/unique_identifier_msgs
-- Up-to-date symlink: /home/saitama1/ros2_foxy/install/unique_identifier_msgs/share/unique_identifier_msgs/environment/ament_prefix_path.sh
-- Up-to-date symlink: /home/saitama1/ros2_foxy/install/unique_identifier_msgs/share/unique_identifier_msgs/environment/ament_prefix_path.dsv
-- Up-to-date symlink: /home/saitama1/ros2_foxy/install/unique_identifier_msgs/share/unique_identifier_msgs/environment/path.sh
-- Up-to-date symlink: /home/saitama1/ros2_foxy/install/unique_identifier_msgs/share/unique_identifier_msgs/environment/path.dsv
-- Up-to-date symlink: /home/saitama1/ros2_foxy/install/unique_identifier_msgs/share/unique_identifier_msgs/local_setup.bash
-- Up-to-date symlink: /home/saitama1/ros2_foxy/install/unique_identifier_msgs/share/unique_identifier_msgs/local_setup.sh
-- Up-to-date symlink: /home/saitama1/ros2_foxy/install/unique_identifier_msgs/share/unique_identifier_msgs/local_setup.zsh
-- Up-to-date symlink: /home/saitama1/ros2_foxy/install/unique_identifier_msgs/share/unique_identifier_msgs/local_setup.dsv
-- Symlinking: /home/saitama1/ros2_foxy/install/unique_identifier_msgs/share/unique_identifier_msgs/package.dsv
-- Up-to-date symlink: /home/saitama1/ros2_foxy/install/unique_identifier_msgs/share/ament_index/resource_index/packages/unique_identifier_msgs
-- Up-to-date symlink: /home/saitama1/ros2_foxy/install/unique_identifier_msgs/share/unique_identifier_msgs/cmake/rosidl_cmake-extras.cmake
-- Up-to-date symlink: /home/saitama1/ros2_foxy/install/unique_identifier_msgs/share/unique_identifier_msgs/cmake/ament_cmake_export_dependencies-extras.cmake
-- Up-to-date symlink: /home/saitama1/ros2_foxy/install/unique_identifier_msgs/share/unique_identifier_msgs/cmake/ament_cmake_export_libraries-extras.cmake
-- Up-to-date symlink: /home/saitama1/ros2_foxy/install/unique_identifier_msgs/share/unique_identifier_msgs/cmake/ament_cmake_export_targets-extras.cmake
-- Up-to-date symlink: /home/saitama1/ros2_foxy/install/unique_identifier_msgs/share/unique_identifier_msgs/cmake/ament_cmake_export_include_directories-extras.cmake
-- Up-to-date symlink: /home/saitama1/ros2_foxy/install/unique_identifier_msgs/share/unique_identifier_msgs/cmake/rosidl_cmake_export_typesupport_targets-extras.cmake
-- Up-to-date symlink: /home/saitama1/ros2_foxy/install/unique_identifier_msgs/share/unique_identifier_msgs/cmake/rosidl_cmake_export_typesupport_libraries-extras.cmake
-- Up-to-date symlink: /home/saitama1/ros2_foxy/install/unique_identifier_msgs/share/unique_identifier_msgs/cmake/unique_identifier_msgsConfig.cmake
-- Up-to-date symlink: /home/saitama1/ros2_foxy/install/unique_identifier_msgs/share/unique_identifier_msgs/cmake/unique_identifier_msgsConfig-version.cmake
-- Up-to-date symlink: /home/saitama1/ros2_foxy/install/unique_identifier_msgs/share/unique_identifier_msgs/package.xml
-- Up-to-date symlink: /home/saitama1/ros2_foxy/install/unique_identifier_msgs/share/unique_identifier_msgs/mapping_rules.yaml
-- Up-to-date: /home/saitama1/ros2_foxy/install/unique_identifier_msgs/lib/libunique_identifier_msgs__rosidl_generator_c.so
-- Up-to-date: /home/saitama1/ros2_foxy/install/unique_identifier_msgs/lib/libunique_identifier_msgs__rosidl_typesupport_introspection_c.so
-- Up-to-date: /home/saitama1/ros2_foxy/install/unique_identifier_msgs/lib/libunique_identifier_msgs__rosidl_typesupport_c.so
-- Up-to-date: /home/saitama1/ros2_foxy/install/unique_identifier_msgs/lib/libunique_identifier_msgs__rosidl_typesupport_introspection_cpp.so
-- Up-to-date: /home/saitama1/ros2_foxy/install/unique_identifier_msgs/lib/libunique_identifier_msgs__rosidl_typesupport_cpp.so
-- Up-to-date: /home/saitama1/ros2_foxy/install/unique_identifier_msgs/share/unique_identifier_msgs/cmake/unique_identifier_msgs__rosidl_generator_cExport.cmake
-- Up-to-date: /home/saitama1/ros2_foxy/install/unique_identifier_msgs/share/unique_identifier_msgs/cmake/unique_identifier_msgs__rosidl_generator_cExport-noconfig.cmake
-- Up-to-date: /home/saitama1/ros2_foxy/install/unique_identifier_msgs/share/unique_identifier_msgs/cmake/unique_identifier_msgs__rosidl_typesupport_introspection_cExport.cmake
-- Up-to-date: /home/saitama1/ros2_foxy/install/unique_identifier_msgs/share/unique_identifier_msgs/cmake/unique_identifier_msgs__rosidl_typesupport_introspection_cExport-noconfig.cmake
-- Up-to-date: /home/saitama1/ros2_foxy/install/unique_identifier_msgs/share/unique_identifier_msgs/cmake/unique_identifier_msgs__rosidl_typesupport_cExport.cmake
-- Up-to-date: /home/saitama1/ros2_foxy/install/unique_identifier_msgs/share/unique_identifier_msgs/cmake/unique_identifier_msgs__rosidl_typesupport_cExport-noconfig.cmake
-- Up-to-date: /home/saitama1/ros2_foxy/install/unique_identifier_msgs/share/unique_identifier_msgs/cmake/unique_identifier_msgs__rosidl_generator_cppExport.cmake
-- Up-to-date: /home/saitama1/ros2_foxy/install/unique_identifier_msgs/share/unique_identifier_msgs/cmake/unique_identifier_msgs__rosidl_typesupport_introspection_cppExport.cmake
-- Up-to-date: /home/saitama1/ros2_foxy/install/unique_identifier_msgs/share/unique_identifier_msgs/cmake/unique_identifier_msgs__rosidl_typesupport_introspection_cppExport-noconfig.cmake
-- Up-to-date: /home/saitama1/ros2_foxy/install/unique_identifier_msgs/share/unique_identifier_msgs/cmake/unique_identifier_msgs__rosidl_typesupport_cppExport.cmake
-- Up-to-date: /home/saitama1/ros2_foxy/install/unique_identifier_msgs/share/unique_identifier_msgs/cmake/unique_identifier_msgs__rosidl_typesupport_cppExport-noconfig.cmake
