running egg_info
creating ../../../../build/ament_pclint/ament_pclint.egg-info
writing ../../../../build/ament_pclint/ament_pclint.egg-info/PKG-INFO
writing dependency_links to ../../../../build/ament_pclint/ament_pclint.egg-info/dependency_links.txt
writing entry points to ../../../../build/ament_pclint/ament_pclint.egg-info/entry_points.txt
writing requirements to ../../../../build/ament_pclint/ament_pclint.egg-info/requires.txt
writing top-level names to ../../../../build/ament_pclint/ament_pclint.egg-info/top_level.txt
writing manifest file '../../../../build/ament_pclint/ament_pclint.egg-info/SOURCES.txt'
reading manifest file '../../../../build/ament_pclint/ament_pclint.egg-info/SOURCES.txt'
writing manifest file '../../../../build/ament_pclint/ament_pclint.egg-info/SOURCES.txt'
running build
running build_py
creating /home/saitama1/ros2_foxy/build/ament_pclint/build
creating /home/saitama1/ros2_foxy/build/ament_pclint/build/lib
creating /home/saitama1/ros2_foxy/build/ament_pclint/build/lib/ament_pclint
copying ament_pclint/__init__.py -> /home/saitama1/ros2_foxy/build/ament_pclint/build/lib/ament_pclint
copying ament_pclint/main.py -> /home/saitama1/ros2_foxy/build/ament_pclint/build/lib/ament_pclint
creating /home/saitama1/ros2_foxy/build/ament_pclint/build/lib/ament_pclint/config
creating /home/saitama1/ros2_foxy/build/ament_pclint/build/lib/ament_pclint/config/gcc
copying ament_pclint/config/gcc/co-g++.h -> /home/saitama1/ros2_foxy/build/ament_pclint/build/lib/ament_pclint/config/gcc
copying ament_pclint/config/gcc/co-g++.lnt -> /home/saitama1/ros2_foxy/build/ament_pclint/build/lib/ament_pclint/config/gcc
copying ament_pclint/config/gcc/co-gcc.h -> /home/saitama1/ros2_foxy/build/ament_pclint/build/lib/ament_pclint/config/gcc
copying ament_pclint/config/gcc/co-gcc.lnt -> /home/saitama1/ros2_foxy/build/ament_pclint/build/lib/ament_pclint/config/gcc
copying ament_pclint/config/gcc/co-osx-g++.h -> /home/saitama1/ros2_foxy/build/ament_pclint/build/lib/ament_pclint/config/gcc
copying ament_pclint/config/gcc/co-osx-g++.lnt -> /home/saitama1/ros2_foxy/build/ament_pclint/build/lib/ament_pclint/config/gcc
copying ament_pclint/config/gcc/co-osx-gcc.h -> /home/saitama1/ros2_foxy/build/ament_pclint/build/lib/ament_pclint/config/gcc
copying ament_pclint/config/gcc/co-osx-gcc.lnt -> /home/saitama1/ros2_foxy/build/ament_pclint/build/lib/ament_pclint/config/gcc
creating /home/saitama1/ros2_foxy/build/ament_pclint/build/lib/ament_pclint/config/msvc
copying ament_pclint/config/msvc/co-cl.lnt -> /home/saitama1/ros2_foxy/build/ament_pclint/build/lib/ament_pclint/config/msvc
copying ament_pclint/config/msvc/co-cl++.lnt -> /home/saitama1/ros2_foxy/build/ament_pclint/build/lib/ament_pclint/config/msvc
copying ament_pclint/config/msvc/co-cl.h -> /home/saitama1/ros2_foxy/build/ament_pclint/build/lib/ament_pclint/config/msvc
copying ament_pclint/config/au-misra3.lnt -> /home/saitama1/ros2_foxy/build/ament_pclint/build/lib/ament_pclint/config
copying ament_pclint/config/au-misra3-amd1.lnt -> /home/saitama1/ros2_foxy/build/ament_pclint/build/lib/ament_pclint/config
copying ament_pclint/config/au-misra-cpp.lnt -> /home/saitama1/ros2_foxy/build/ament_pclint/build/lib/ament_pclint/config
copying ament_pclint/config/c99.lnt -> /home/saitama1/ros2_foxy/build/ament_pclint/build/lib/ament_pclint/config
copying ament_pclint/config/c++.lnt -> /home/saitama1/ros2_foxy/build/ament_pclint/build/lib/ament_pclint/config
copying ament_pclint/config/deprecate.lnt -> /home/saitama1/ros2_foxy/build/ament_pclint/build/lib/ament_pclint/config
copying ament_pclint/config/env-xml.lnt -> /home/saitama1/ros2_foxy/build/ament_pclint/build/lib/ament_pclint/config
running install
running install_lib
creating /home/saitama1/ros2_foxy/install/ament_pclint/lib/python3.8/site-packages/ament_pclint
creating /home/saitama1/ros2_foxy/install/ament_pclint/lib/python3.8/site-packages/ament_pclint/config
creating /home/saitama1/ros2_foxy/install/ament_pclint/lib/python3.8/site-packages/ament_pclint/config/gcc
copying /home/saitama1/ros2_foxy/build/ament_pclint/build/lib/ament_pclint/config/gcc/co-g++.h -> /home/saitama1/ros2_foxy/install/ament_pclint/lib/python3.8/site-packages/ament_pclint/config/gcc
copying /home/saitama1/ros2_foxy/build/ament_pclint/build/lib/ament_pclint/config/gcc/co-osx-gcc.lnt -> /home/saitama1/ros2_foxy/install/ament_pclint/lib/python3.8/site-packages/ament_pclint/config/gcc
copying /home/saitama1/ros2_foxy/build/ament_pclint/build/lib/ament_pclint/config/gcc/co-osx-g++.h -> /home/saitama1/ros2_foxy/install/ament_pclint/lib/python3.8/site-packages/ament_pclint/config/gcc
copying /home/saitama1/ros2_foxy/build/ament_pclint/build/lib/ament_pclint/config/gcc/co-osx-g++.lnt -> /home/saitama1/ros2_foxy/install/ament_pclint/lib/python3.8/site-packages/ament_pclint/config/gcc
copying /home/saitama1/ros2_foxy/build/ament_pclint/build/lib/ament_pclint/config/gcc/co-g++.lnt -> /home/saitama1/ros2_foxy/install/ament_pclint/lib/python3.8/site-packages/ament_pclint/config/gcc
copying /home/saitama1/ros2_foxy/build/ament_pclint/build/lib/ament_pclint/config/gcc/co-gcc.h -> /home/saitama1/ros2_foxy/install/ament_pclint/lib/python3.8/site-packages/ament_pclint/config/gcc
copying /home/saitama1/ros2_foxy/build/ament_pclint/build/lib/ament_pclint/config/gcc/co-gcc.lnt -> /home/saitama1/ros2_foxy/install/ament_pclint/lib/python3.8/site-packages/ament_pclint/config/gcc
copying /home/saitama1/ros2_foxy/build/ament_pclint/build/lib/ament_pclint/config/gcc/co-osx-gcc.h -> /home/saitama1/ros2_foxy/install/ament_pclint/lib/python3.8/site-packages/ament_pclint/config/gcc
creating /home/saitama1/ros2_foxy/install/ament_pclint/lib/python3.8/site-packages/ament_pclint/config/msvc
copying /home/saitama1/ros2_foxy/build/ament_pclint/build/lib/ament_pclint/config/msvc/co-cl.lnt -> /home/saitama1/ros2_foxy/install/ament_pclint/lib/python3.8/site-packages/ament_pclint/config/msvc
copying /home/saitama1/ros2_foxy/build/ament_pclint/build/lib/ament_pclint/config/msvc/co-cl++.lnt -> /home/saitama1/ros2_foxy/install/ament_pclint/lib/python3.8/site-packages/ament_pclint/config/msvc
copying /home/saitama1/ros2_foxy/build/ament_pclint/build/lib/ament_pclint/config/msvc/co-cl.h -> /home/saitama1/ros2_foxy/install/ament_pclint/lib/python3.8/site-packages/ament_pclint/config/msvc
copying /home/saitama1/ros2_foxy/build/ament_pclint/build/lib/ament_pclint/config/c++.lnt -> /home/saitama1/ros2_foxy/install/ament_pclint/lib/python3.8/site-packages/ament_pclint/config
copying /home/saitama1/ros2_foxy/build/ament_pclint/build/lib/ament_pclint/config/au-misra3.lnt -> /home/saitama1/ros2_foxy/install/ament_pclint/lib/python3.8/site-packages/ament_pclint/config
copying /home/saitama1/ros2_foxy/build/ament_pclint/build/lib/ament_pclint/config/au-misra3-amd1.lnt -> /home/saitama1/ros2_foxy/install/ament_pclint/lib/python3.8/site-packages/ament_pclint/config
copying /home/saitama1/ros2_foxy/build/ament_pclint/build/lib/ament_pclint/config/au-misra-cpp.lnt -> /home/saitama1/ros2_foxy/install/ament_pclint/lib/python3.8/site-packages/ament_pclint/config
copying /home/saitama1/ros2_foxy/build/ament_pclint/build/lib/ament_pclint/config/deprecate.lnt -> /home/saitama1/ros2_foxy/install/ament_pclint/lib/python3.8/site-packages/ament_pclint/config
copying /home/saitama1/ros2_foxy/build/ament_pclint/build/lib/ament_pclint/config/c99.lnt -> /home/saitama1/ros2_foxy/install/ament_pclint/lib/python3.8/site-packages/ament_pclint/config
copying /home/saitama1/ros2_foxy/build/ament_pclint/build/lib/ament_pclint/config/env-xml.lnt -> /home/saitama1/ros2_foxy/install/ament_pclint/lib/python3.8/site-packages/ament_pclint/config
copying /home/saitama1/ros2_foxy/build/ament_pclint/build/lib/ament_pclint/__init__.py -> /home/saitama1/ros2_foxy/install/ament_pclint/lib/python3.8/site-packages/ament_pclint
copying /home/saitama1/ros2_foxy/build/ament_pclint/build/lib/ament_pclint/main.py -> /home/saitama1/ros2_foxy/install/ament_pclint/lib/python3.8/site-packages/ament_pclint
byte-compiling /home/saitama1/ros2_foxy/install/ament_pclint/lib/python3.8/site-packages/ament_pclint/__init__.py to __init__.cpython-38.pyc
byte-compiling /home/saitama1/ros2_foxy/install/ament_pclint/lib/python3.8/site-packages/ament_pclint/main.py to main.cpython-38.pyc
running install_data
copying package.xml -> /home/saitama1/ros2_foxy/install/ament_pclint/share/ament_pclint
creating /home/saitama1/ros2_foxy/install/ament_pclint/share/ament_index
creating /home/saitama1/ros2_foxy/install/ament_pclint/share/ament_index/resource_index
creating /home/saitama1/ros2_foxy/install/ament_pclint/share/ament_index/resource_index/packages
copying resource/ament_pclint -> /home/saitama1/ros2_foxy/install/ament_pclint/share/ament_index/resource_index/packages
running install_egg_info
Copying ../../../../build/ament_pclint/ament_pclint.egg-info to /home/saitama1/ros2_foxy/install/ament_pclint/lib/python3.8/site-packages/ament_pclint-0.9.6-py3.8.egg-info
running install_scripts
Installing ament_pclint script to /home/saitama1/ros2_foxy/install/ament_pclint/bin
writing list of installed files to '/home/saitama1/ros2_foxy/build/ament_pclint/install.log'
