[1.832s] Invoking command in '/home/saitama1/ros2_foxy/src/ament/ament_lint/ament_pclint': AMENT_PREFIX_PATH=/home/saitama1/ros2_foxy/install/ament_copyright:/home/saitama1/ros2_foxy/install/ament_pep257:/home/saitama1/ros2_foxy/install/ament_flake8:/home/saitama1/ros2_foxy/install/ament_lint:/home/saitama1/ros2_foxy/install/test_interface_files:/home/saitama1/ros2_foxy/install/ros_environment:/home/saitama1/ros2_foxy/install/osrf_pycommon:/home/saitama1/ros2_foxy/install/ament_pyflakes:/home/saitama1/ros2_foxy/install/ament_pycodestyle:/home/saitama1/ros2_foxy/install/ament_cmake_version:/home/saitama1/ros2_foxy/install/ament_cmake_test:/home/saitama1/ros2_foxy/install/ament_cmake_target_dependencies:/home/saitama1/ros2_foxy/install/ament_cmake_python:/home/saitama1/ros2_foxy/install/ament_cmake_export_dependencies:/home/saitama1/ros2_foxy/install/ament_cmake_libraries:/home/saitama1/ros2_foxy/install/ament_cmake_include_directories:/home/saitama1/ros2_foxy/install/ament_cmake_export_targets:/home/saitama1/ros2_foxy/install/ament_cmake_export_link_flags:/home/saitama1/ros2_foxy/install/ament_cmake_export_interfaces:/home/saitama1/ros2_foxy/install/ament_cmake_export_libraries:/home/saitama1/ros2_foxy/install/ament_cmake_export_include_directories:/home/saitama1/ros2_foxy/install/ament_cmake_export_definitions:/home/saitama1/ros2_foxy/install/ament_cmake_core:/home/saitama1/ros2_foxy/install/ament_package:/home/saitama1/ros2_foxy/install/ament_mypy:/home/saitama1/ros2_foxy/install/ament_cppcheck PATH=/home/saitama1/ros2_foxy/install/ament_copyright/bin:/home/saitama1/ros2_foxy/install/ament_pep257/bin:/home/saitama1/ros2_foxy/install/ament_flake8/bin:/home/saitama1/ros2_foxy/install/ament_pyflakes/bin:/home/saitama1/ros2_foxy/install/ament_pycodestyle/bin:/home/saitama1/ros2_foxy/install/ament_mypy/bin:/home/saitama1/ros2_foxy/install/ament_cppcheck/bin:/home/saitama1/.local/bin:/usr/local/sbin:/usr/local/bin:/usr/sbin:/usr/bin:/sbin:/bin:/usr/games:/usr/local/games:/snap/bin PYTHONPATH=/home/saitama1/ros2_foxy/install/ament_pclint/lib/python3.8/site-packages:/home/saitama1/ros2_foxy/install/ament_copyright/lib/python3.8/site-packages:/home/saitama1/ros2_foxy/install/ament_pep257/lib/python3.8/site-packages:/home/saitama1/ros2_foxy/install/ament_flake8/lib/python3.8/site-packages:/home/saitama1/ros2_foxy/install/ament_lint/lib/python3.8/site-packages:/home/saitama1/ros2_foxy/install/osrf_pycommon/lib/python3.8/site-packages:/home/saitama1/ros2_foxy/install/ament_pyflakes/lib/python3.8/site-packages:/home/saitama1/ros2_foxy/install/ament_pycodestyle/lib/python3.8/site-packages:/home/saitama1/ros2_foxy/install/ament_cmake_test/lib/python3.8/site-packages:/home/saitama1/ros2_foxy/install/ament_package/lib/python3.8/site-packages:/home/saitama1/ros2_foxy/install/ament_mypy/lib/python3.8/site-packages:/home/saitama1/ros2_foxy/install/ament_cppcheck/lib/python3.8/site-packages /usr/bin/python3 setup.py egg_info --egg-base ../../../../build/ament_pclint build --build-base /home/saitama1/ros2_foxy/build/ament_pclint/build install --prefix /home/saitama1/ros2_foxy/install/ament_pclint --record /home/saitama1/ros2_foxy/build/ament_pclint/install.log --single-version-externally-managed
[2.042s] running egg_info
[2.042s] creating ../../../../build/ament_pclint/ament_pclint.egg-info
[2.042s] writing ../../../../build/ament_pclint/ament_pclint.egg-info/PKG-INFO
[2.043s] writing dependency_links to ../../../../build/ament_pclint/ament_pclint.egg-info/dependency_links.txt
[2.043s] writing entry points to ../../../../build/ament_pclint/ament_pclint.egg-info/entry_points.txt
[2.043s] writing requirements to ../../../../build/ament_pclint/ament_pclint.egg-info/requires.txt
[2.043s] writing top-level names to ../../../../build/ament_pclint/ament_pclint.egg-info/top_level.txt
[2.044s] writing manifest file '../../../../build/ament_pclint/ament_pclint.egg-info/SOURCES.txt'
[2.073s] reading manifest file '../../../../build/ament_pclint/ament_pclint.egg-info/SOURCES.txt'
[2.081s] writing manifest file '../../../../build/ament_pclint/ament_pclint.egg-info/SOURCES.txt'
[2.103s] running build
[2.103s] running build_py
[2.103s] creating /home/saitama1/ros2_foxy/build/ament_pclint/build
[2.103s] creating /home/saitama1/ros2_foxy/build/ament_pclint/build/lib
[2.103s] creating /home/saitama1/ros2_foxy/build/ament_pclint/build/lib/ament_pclint
[2.103s] copying ament_pclint/__init__.py -> /home/saitama1/ros2_foxy/build/ament_pclint/build/lib/ament_pclint
[2.103s] copying ament_pclint/main.py -> /home/saitama1/ros2_foxy/build/ament_pclint/build/lib/ament_pclint
[2.103s] creating /home/saitama1/ros2_foxy/build/ament_pclint/build/lib/ament_pclint/config
[2.103s] creating /home/saitama1/ros2_foxy/build/ament_pclint/build/lib/ament_pclint/config/gcc
[2.104s] copying ament_pclint/config/gcc/co-g++.h -> /home/saitama1/ros2_foxy/build/ament_pclint/build/lib/ament_pclint/config/gcc
[2.104s] copying ament_pclint/config/gcc/co-g++.lnt -> /home/saitama1/ros2_foxy/build/ament_pclint/build/lib/ament_pclint/config/gcc
[2.104s] copying ament_pclint/config/gcc/co-gcc.h -> /home/saitama1/ros2_foxy/build/ament_pclint/build/lib/ament_pclint/config/gcc
[2.104s] copying ament_pclint/config/gcc/co-gcc.lnt -> /home/saitama1/ros2_foxy/build/ament_pclint/build/lib/ament_pclint/config/gcc
[2.104s] copying ament_pclint/config/gcc/co-osx-g++.h -> /home/saitama1/ros2_foxy/build/ament_pclint/build/lib/ament_pclint/config/gcc
[2.104s] copying ament_pclint/config/gcc/co-osx-g++.lnt -> /home/saitama1/ros2_foxy/build/ament_pclint/build/lib/ament_pclint/config/gcc
[2.104s] copying ament_pclint/config/gcc/co-osx-gcc.h -> /home/saitama1/ros2_foxy/build/ament_pclint/build/lib/ament_pclint/config/gcc
[2.104s] copying ament_pclint/config/gcc/co-osx-gcc.lnt -> /home/saitama1/ros2_foxy/build/ament_pclint/build/lib/ament_pclint/config/gcc
[2.104s] creating /home/saitama1/ros2_foxy/build/ament_pclint/build/lib/ament_pclint/config/msvc
[2.104s] copying ament_pclint/config/msvc/co-cl.lnt -> /home/saitama1/ros2_foxy/build/ament_pclint/build/lib/ament_pclint/config/msvc
[2.104s] copying ament_pclint/config/msvc/co-cl++.lnt -> /home/saitama1/ros2_foxy/build/ament_pclint/build/lib/ament_pclint/config/msvc
[2.105s] copying ament_pclint/config/msvc/co-cl.h -> /home/saitama1/ros2_foxy/build/ament_pclint/build/lib/ament_pclint/config/msvc
[2.105s] copying ament_pclint/config/au-misra3.lnt -> /home/saitama1/ros2_foxy/build/ament_pclint/build/lib/ament_pclint/config
[2.105s] copying ament_pclint/config/au-misra3-amd1.lnt -> /home/saitama1/ros2_foxy/build/ament_pclint/build/lib/ament_pclint/config
[2.105s] copying ament_pclint/config/au-misra-cpp.lnt -> /home/saitama1/ros2_foxy/build/ament_pclint/build/lib/ament_pclint/config
[2.105s] copying ament_pclint/config/c99.lnt -> /home/saitama1/ros2_foxy/build/ament_pclint/build/lib/ament_pclint/config
[2.105s] copying ament_pclint/config/c++.lnt -> /home/saitama1/ros2_foxy/build/ament_pclint/build/lib/ament_pclint/config
[2.105s] copying ament_pclint/config/deprecate.lnt -> /home/saitama1/ros2_foxy/build/ament_pclint/build/lib/ament_pclint/config
[2.105s] copying ament_pclint/config/env-xml.lnt -> /home/saitama1/ros2_foxy/build/ament_pclint/build/lib/ament_pclint/config
[2.105s] running install
[2.105s] running install_lib
[2.105s] creating /home/saitama1/ros2_foxy/install/ament_pclint/lib/python3.8/site-packages/ament_pclint
[2.105s] creating /home/saitama1/ros2_foxy/install/ament_pclint/lib/python3.8/site-packages/ament_pclint/config
[2.105s] creating /home/saitama1/ros2_foxy/install/ament_pclint/lib/python3.8/site-packages/ament_pclint/config/gcc
[2.107s] copying /home/saitama1/ros2_foxy/build/ament_pclint/build/lib/ament_pclint/config/gcc/co-g++.h -> /home/saitama1/ros2_foxy/install/ament_pclint/lib/python3.8/site-packages/ament_pclint/config/gcc
[2.108s] copying /home/saitama1/ros2_foxy/build/ament_pclint/build/lib/ament_pclint/config/gcc/co-osx-gcc.lnt -> /home/saitama1/ros2_foxy/install/ament_pclint/lib/python3.8/site-packages/ament_pclint/config/gcc
[2.108s] copying /home/saitama1/ros2_foxy/build/ament_pclint/build/lib/ament_pclint/config/gcc/co-osx-g++.h -> /home/saitama1/ros2_foxy/install/ament_pclint/lib/python3.8/site-packages/ament_pclint/config/gcc
[2.108s] copying /home/saitama1/ros2_foxy/build/ament_pclint/build/lib/ament_pclint/config/gcc/co-osx-g++.lnt -> /home/saitama1/ros2_foxy/install/ament_pclint/lib/python3.8/site-packages/ament_pclint/config/gcc
[2.109s] copying /home/saitama1/ros2_foxy/build/ament_pclint/build/lib/ament_pclint/config/gcc/co-g++.lnt -> /home/saitama1/ros2_foxy/install/ament_pclint/lib/python3.8/site-packages/ament_pclint/config/gcc
[2.109s] copying /home/saitama1/ros2_foxy/build/ament_pclint/build/lib/ament_pclint/config/gcc/co-gcc.h -> /home/saitama1/ros2_foxy/install/ament_pclint/lib/python3.8/site-packages/ament_pclint/config/gcc
[2.109s] copying /home/saitama1/ros2_foxy/build/ament_pclint/build/lib/ament_pclint/config/gcc/co-gcc.lnt -> /home/saitama1/ros2_foxy/install/ament_pclint/lib/python3.8/site-packages/ament_pclint/config/gcc
[2.110s] copying /home/saitama1/ros2_foxy/build/ament_pclint/build/lib/ament_pclint/config/gcc/co-osx-gcc.h -> /home/saitama1/ros2_foxy/install/ament_pclint/lib/python3.8/site-packages/ament_pclint/config/gcc
[2.110s] creating /home/saitama1/ros2_foxy/install/ament_pclint/lib/python3.8/site-packages/ament_pclint/config/msvc
[2.110s] copying /home/saitama1/ros2_foxy/build/ament_pclint/build/lib/ament_pclint/config/msvc/co-cl.lnt -> /home/saitama1/ros2_foxy/install/ament_pclint/lib/python3.8/site-packages/ament_pclint/config/msvc
[2.111s] copying /home/saitama1/ros2_foxy/build/ament_pclint/build/lib/ament_pclint/config/msvc/co-cl++.lnt -> /home/saitama1/ros2_foxy/install/ament_pclint/lib/python3.8/site-packages/ament_pclint/config/msvc
[2.112s] copying /home/saitama1/ros2_foxy/build/ament_pclint/build/lib/ament_pclint/config/msvc/co-cl.h -> /home/saitama1/ros2_foxy/install/ament_pclint/lib/python3.8/site-packages/ament_pclint/config/msvc
[2.112s] copying /home/saitama1/ros2_foxy/build/ament_pclint/build/lib/ament_pclint/config/c++.lnt -> /home/saitama1/ros2_foxy/install/ament_pclint/lib/python3.8/site-packages/ament_pclint/config
[2.112s] copying /home/saitama1/ros2_foxy/build/ament_pclint/build/lib/ament_pclint/config/au-misra3.lnt -> /home/saitama1/ros2_foxy/install/ament_pclint/lib/python3.8/site-packages/ament_pclint/config
[2.113s] copying /home/saitama1/ros2_foxy/build/ament_pclint/build/lib/ament_pclint/config/au-misra3-amd1.lnt -> /home/saitama1/ros2_foxy/install/ament_pclint/lib/python3.8/site-packages/ament_pclint/config
[2.113s] copying /home/saitama1/ros2_foxy/build/ament_pclint/build/lib/ament_pclint/config/au-misra-cpp.lnt -> /home/saitama1/ros2_foxy/install/ament_pclint/lib/python3.8/site-packages/ament_pclint/config
[2.113s] copying /home/saitama1/ros2_foxy/build/ament_pclint/build/lib/ament_pclint/config/deprecate.lnt -> /home/saitama1/ros2_foxy/install/ament_pclint/lib/python3.8/site-packages/ament_pclint/config
[2.113s] copying /home/saitama1/ros2_foxy/build/ament_pclint/build/lib/ament_pclint/config/c99.lnt -> /home/saitama1/ros2_foxy/install/ament_pclint/lib/python3.8/site-packages/ament_pclint/config
[2.113s] copying /home/saitama1/ros2_foxy/build/ament_pclint/build/lib/ament_pclint/config/env-xml.lnt -> /home/saitama1/ros2_foxy/install/ament_pclint/lib/python3.8/site-packages/ament_pclint/config
[2.113s] copying /home/saitama1/ros2_foxy/build/ament_pclint/build/lib/ament_pclint/__init__.py -> /home/saitama1/ros2_foxy/install/ament_pclint/lib/python3.8/site-packages/ament_pclint
[2.113s] copying /home/saitama1/ros2_foxy/build/ament_pclint/build/lib/ament_pclint/main.py -> /home/saitama1/ros2_foxy/install/ament_pclint/lib/python3.8/site-packages/ament_pclint
[2.113s] byte-compiling /home/saitama1/ros2_foxy/install/ament_pclint/lib/python3.8/site-packages/ament_pclint/__init__.py to __init__.cpython-38.pyc
[2.113s] byte-compiling /home/saitama1/ros2_foxy/install/ament_pclint/lib/python3.8/site-packages/ament_pclint/main.py to main.cpython-38.pyc
[2.114s] running install_data
[2.114s] copying package.xml -> /home/saitama1/ros2_foxy/install/ament_pclint/share/ament_pclint
[2.114s] creating /home/saitama1/ros2_foxy/install/ament_pclint/share/ament_index
[2.114s] creating /home/saitama1/ros2_foxy/install/ament_pclint/share/ament_index/resource_index
[2.114s] creating /home/saitama1/ros2_foxy/install/ament_pclint/share/ament_index/resource_index/packages
[2.114s] copying resource/ament_pclint -> /home/saitama1/ros2_foxy/install/ament_pclint/share/ament_index/resource_index/packages
[2.114s] running install_egg_info
[2.114s] Copying ../../../../build/ament_pclint/ament_pclint.egg-info to /home/saitama1/ros2_foxy/install/ament_pclint/lib/python3.8/site-packages/ament_pclint-0.9.6-py3.8.egg-info
[2.114s] running install_scripts
[2.117s] Installing ament_pclint script to /home/saitama1/ros2_foxy/install/ament_pclint/bin
[2.117s] writing list of installed files to '/home/saitama1/ros2_foxy/build/ament_pclint/install.log'
[2.166s] Invoked command in '/home/saitama1/ros2_foxy/src/ament/ament_lint/ament_pclint' returned '0': AMENT_PREFIX_PATH=/home/saitama1/ros2_foxy/install/ament_copyright:/home/saitama1/ros2_foxy/install/ament_pep257:/home/saitama1/ros2_foxy/install/ament_flake8:/home/saitama1/ros2_foxy/install/ament_lint:/home/saitama1/ros2_foxy/install/test_interface_files:/home/saitama1/ros2_foxy/install/ros_environment:/home/saitama1/ros2_foxy/install/osrf_pycommon:/home/saitama1/ros2_foxy/install/ament_pyflakes:/home/saitama1/ros2_foxy/install/ament_pycodestyle:/home/saitama1/ros2_foxy/install/ament_cmake_version:/home/saitama1/ros2_foxy/install/ament_cmake_test:/home/saitama1/ros2_foxy/install/ament_cmake_target_dependencies:/home/saitama1/ros2_foxy/install/ament_cmake_python:/home/saitama1/ros2_foxy/install/ament_cmake_export_dependencies:/home/saitama1/ros2_foxy/install/ament_cmake_libraries:/home/saitama1/ros2_foxy/install/ament_cmake_include_directories:/home/saitama1/ros2_foxy/install/ament_cmake_export_targets:/home/saitama1/ros2_foxy/install/ament_cmake_export_link_flags:/home/saitama1/ros2_foxy/install/ament_cmake_export_interfaces:/home/saitama1/ros2_foxy/install/ament_cmake_export_libraries:/home/saitama1/ros2_foxy/install/ament_cmake_export_include_directories:/home/saitama1/ros2_foxy/install/ament_cmake_export_definitions:/home/saitama1/ros2_foxy/install/ament_cmake_core:/home/saitama1/ros2_foxy/install/ament_package:/home/saitama1/ros2_foxy/install/ament_mypy:/home/saitama1/ros2_foxy/install/ament_cppcheck PATH=/home/saitama1/ros2_foxy/install/ament_copyright/bin:/home/saitama1/ros2_foxy/install/ament_pep257/bin:/home/saitama1/ros2_foxy/install/ament_flake8/bin:/home/saitama1/ros2_foxy/install/ament_pyflakes/bin:/home/saitama1/ros2_foxy/install/ament_pycodestyle/bin:/home/saitama1/ros2_foxy/install/ament_mypy/bin:/home/saitama1/ros2_foxy/install/ament_cppcheck/bin:/home/saitama1/.local/bin:/usr/local/sbin:/usr/local/bin:/usr/sbin:/usr/bin:/sbin:/bin:/usr/games:/usr/local/games:/snap/bin PYTHONPATH=/home/saitama1/ros2_foxy/install/ament_pclint/lib/python3.8/site-packages:/home/saitama1/ros2_foxy/install/ament_copyright/lib/python3.8/site-packages:/home/saitama1/ros2_foxy/install/ament_pep257/lib/python3.8/site-packages:/home/saitama1/ros2_foxy/install/ament_flake8/lib/python3.8/site-packages:/home/saitama1/ros2_foxy/install/ament_lint/lib/python3.8/site-packages:/home/saitama1/ros2_foxy/install/osrf_pycommon/lib/python3.8/site-packages:/home/saitama1/ros2_foxy/install/ament_pyflakes/lib/python3.8/site-packages:/home/saitama1/ros2_foxy/install/ament_pycodestyle/lib/python3.8/site-packages:/home/saitama1/ros2_foxy/install/ament_cmake_test/lib/python3.8/site-packages:/home/saitama1/ros2_foxy/install/ament_package/lib/python3.8/site-packages:/home/saitama1/ros2_foxy/install/ament_mypy/lib/python3.8/site-packages:/home/saitama1/ros2_foxy/install/ament_cppcheck/lib/python3.8/site-packages /usr/bin/python3 setup.py egg_info --egg-base ../../../../build/ament_pclint build --build-base /home/saitama1/ros2_foxy/build/ament_pclint/build install --prefix /home/saitama1/ros2_foxy/install/ament_pclint --record /home/saitama1/ros2_foxy/build/ament_pclint/install.log --single-version-externally-managed
