running egg_info
creating ../../../build/rqt_plot/rqt_plot.egg-info
writing ../../../build/rqt_plot/rqt_plot.egg-info/PKG-INFO
writing dependency_links to ../../../build/rqt_plot/rqt_plot.egg-info/dependency_links.txt
writing entry points to ../../../build/rqt_plot/rqt_plot.egg-info/entry_points.txt
writing requirements to ../../../build/rqt_plot/rqt_plot.egg-info/requires.txt
writing top-level names to ../../../build/rqt_plot/rqt_plot.egg-info/top_level.txt
writing manifest file '../../../build/rqt_plot/rqt_plot.egg-info/SOURCES.txt'
reading manifest file '../../../build/rqt_plot/rqt_plot.egg-info/SOURCES.txt'
writing manifest file '../../../build/rqt_plot/rqt_plot.egg-info/SOURCES.txt'
running build
running build_py
creating /home/saitama1/ros2_foxy/build/rqt_plot/build
creating /home/saitama1/ros2_foxy/build/rqt_plot/build/lib
creating /home/saitama1/ros2_foxy/build/rqt_plot/build/lib/rqt_plot
copying src/rqt_plot/rosplot.py -> /home/saitama1/ros2_foxy/build/rqt_plot/build/lib/rqt_plot
copying src/rqt_plot/__init__.py -> /home/saitama1/ros2_foxy/build/rqt_plot/build/lib/rqt_plot
copying src/rqt_plot/plot_widget.py -> /home/saitama1/ros2_foxy/build/rqt_plot/build/lib/rqt_plot
copying src/rqt_plot/plot.py -> /home/saitama1/ros2_foxy/build/rqt_plot/build/lib/rqt_plot
copying src/rqt_plot/main.py -> /home/saitama1/ros2_foxy/build/rqt_plot/build/lib/rqt_plot
creating /home/saitama1/ros2_foxy/build/rqt_plot/build/lib/rqt_plot/data_plot
copying src/rqt_plot/data_plot/__init__.py -> /home/saitama1/ros2_foxy/build/rqt_plot/build/lib/rqt_plot/data_plot
copying src/rqt_plot/data_plot/pyqtgraph_data_plot.py -> /home/saitama1/ros2_foxy/build/rqt_plot/build/lib/rqt_plot/data_plot
copying src/rqt_plot/data_plot/qwt_data_plot.py -> /home/saitama1/ros2_foxy/build/rqt_plot/build/lib/rqt_plot/data_plot
copying src/rqt_plot/data_plot/mat_data_plot.py -> /home/saitama1/ros2_foxy/build/rqt_plot/build/lib/rqt_plot/data_plot
running install
running install_lib
creating /home/saitama1/ros2_foxy/install/rqt_plot/lib/python3.8/site-packages/rqt_plot
copying /home/saitama1/ros2_foxy/build/rqt_plot/build/lib/rqt_plot/rosplot.py -> /home/saitama1/ros2_foxy/install/rqt_plot/lib/python3.8/site-packages/rqt_plot
copying /home/saitama1/ros2_foxy/build/rqt_plot/build/lib/rqt_plot/__init__.py -> /home/saitama1/ros2_foxy/install/rqt_plot/lib/python3.8/site-packages/rqt_plot
creating /home/saitama1/ros2_foxy/install/rqt_plot/lib/python3.8/site-packages/rqt_plot/data_plot
copying /home/saitama1/ros2_foxy/build/rqt_plot/build/lib/rqt_plot/data_plot/__init__.py -> /home/saitama1/ros2_foxy/install/rqt_plot/lib/python3.8/site-packages/rqt_plot/data_plot
copying /home/saitama1/ros2_foxy/build/rqt_plot/build/lib/rqt_plot/data_plot/pyqtgraph_data_plot.py -> /home/saitama1/ros2_foxy/install/rqt_plot/lib/python3.8/site-packages/rqt_plot/data_plot
copying /home/saitama1/ros2_foxy/build/rqt_plot/build/lib/rqt_plot/data_plot/qwt_data_plot.py -> /home/saitama1/ros2_foxy/install/rqt_plot/lib/python3.8/site-packages/rqt_plot/data_plot
copying /home/saitama1/ros2_foxy/build/rqt_plot/build/lib/rqt_plot/data_plot/mat_data_plot.py -> /home/saitama1/ros2_foxy/install/rqt_plot/lib/python3.8/site-packages/rqt_plot/data_plot
copying /home/saitama1/ros2_foxy/build/rqt_plot/build/lib/rqt_plot/plot_widget.py -> /home/saitama1/ros2_foxy/install/rqt_plot/lib/python3.8/site-packages/rqt_plot
copying /home/saitama1/ros2_foxy/build/rqt_plot/build/lib/rqt_plot/plot.py -> /home/saitama1/ros2_foxy/install/rqt_plot/lib/python3.8/site-packages/rqt_plot
copying /home/saitama1/ros2_foxy/build/rqt_plot/build/lib/rqt_plot/main.py -> /home/saitama1/ros2_foxy/install/rqt_plot/lib/python3.8/site-packages/rqt_plot
byte-compiling /home/saitama1/ros2_foxy/install/rqt_plot/lib/python3.8/site-packages/rqt_plot/rosplot.py to rosplot.cpython-38.pyc
byte-compiling /home/saitama1/ros2_foxy/install/rqt_plot/lib/python3.8/site-packages/rqt_plot/__init__.py to __init__.cpython-38.pyc
byte-compiling /home/saitama1/ros2_foxy/install/rqt_plot/lib/python3.8/site-packages/rqt_plot/data_plot/__init__.py to __init__.cpython-38.pyc
byte-compiling /home/saitama1/ros2_foxy/install/rqt_plot/lib/python3.8/site-packages/rqt_plot/data_plot/pyqtgraph_data_plot.py to pyqtgraph_data_plot.cpython-38.pyc
byte-compiling /home/saitama1/ros2_foxy/install/rqt_plot/lib/python3.8/site-packages/rqt_plot/data_plot/qwt_data_plot.py to qwt_data_plot.cpython-38.pyc
byte-compiling /home/saitama1/ros2_foxy/install/rqt_plot/lib/python3.8/site-packages/rqt_plot/data_plot/mat_data_plot.py to mat_data_plot.cpython-38.pyc
byte-compiling /home/saitama1/ros2_foxy/install/rqt_plot/lib/python3.8/site-packages/rqt_plot/plot_widget.py to plot_widget.cpython-38.pyc
byte-compiling /home/saitama1/ros2_foxy/install/rqt_plot/lib/python3.8/site-packages/rqt_plot/plot.py to plot.cpython-38.pyc
byte-compiling /home/saitama1/ros2_foxy/install/rqt_plot/lib/python3.8/site-packages/rqt_plot/main.py to main.cpython-38.pyc
running install_data
creating /home/saitama1/ros2_foxy/install/rqt_plot/share/ament_index
creating /home/saitama1/ros2_foxy/install/rqt_plot/share/ament_index/resource_index
creating /home/saitama1/ros2_foxy/install/rqt_plot/share/ament_index/resource_index/packages
copying resource/rqt_plot -> /home/saitama1/ros2_foxy/install/rqt_plot/share/ament_index/resource_index/packages
creating /home/saitama1/ros2_foxy/install/rqt_plot/share/rqt_plot/resource
copying resource/plot.ui -> /home/saitama1/ros2_foxy/install/rqt_plot/share/rqt_plot/resource
copying package.xml -> /home/saitama1/ros2_foxy/install/rqt_plot/share/rqt_plot
copying plugin.xml -> /home/saitama1/ros2_foxy/install/rqt_plot/share/rqt_plot
running install_egg_info
Copying ../../../build/rqt_plot/rqt_plot.egg-info to /home/saitama1/ros2_foxy/install/rqt_plot/lib/python3.8/site-packages/rqt_plot-1.0.10-py3.8.egg-info
running install_scripts
Installing rqt_plot script to /home/saitama1/ros2_foxy/install/rqt_plot/lib/rqt_plot
writing list of installed files to '/home/saitama1/ros2_foxy/build/rqt_plot/install.log'
