-- Found ament_cmake_ros: 0.9.2 (/home/saitama1/ros2_foxy/install/ament_cmake_ros/share/ament_cmake_ros/cmake)
-- Using PYTHON_EXECUTABLE: /usr/bin/python3
-- Override CMake install command with custom implementation using symlinks instead of copying resources
-- Found eigen3_cmake_module: 0.1.1 (/home/saitama1/ros2_foxy/install/eigen3_cmake_module/share/eigen3_cmake_module/cmake)
-- Found tinyxml_vendor: 0.8.2 (/home/saitama1/ros2_foxy/install/tinyxml_vendor/share/tinyxml_vendor/cmake)
-- Found urdf: 2.4.0 (/home/saitama1/ros2_foxy/install/urdf/share/urdf/cmake)
-- Found ament_lint_auto: 0.9.6 (/home/saitama1/ros2_foxy/install/ament_lint_auto/share/ament_lint_auto/cmake)
-- Added test 'cppcheck' to perform static code analysis on C / C++ code
-- Configured cppcheck include dirs: $<BUILD_INTERFACE:/home/saitama1/ros2_foxy/src/ros/kdl_parser/kdl_parser/include>
-- Configured cppcheck exclude dirs and/or files: 
-- Added test 'cpplint' to check C / C++ code against the Google style
-- Configured cpplint exclude dirs and/or files: 
-- Added test 'lint_cmake' to check CMake code style
-- Added test 'uncrustify' to check C / C++ code style
-- Configured uncrustify additional arguments: 
-- Added test 'xmllint' to check XML markup files
-- Configuring done
-- Generating done
-- Build files have been written to: /home/saitama1/ros2_foxy/build/kdl_parser
[100%] Built target kdl_parser
-- Install configuration: ""
-- Execute custom install script
-- Symlinking: /home/saitama1/ros2_foxy/install/kdl_parser/include/kdl_parser/kdl_parser.hpp
-- Symlinking: /home/saitama1/ros2_foxy/install/kdl_parser/include/kdl_parser/visibility_control.hpp
-- Symlinking: /home/saitama1/ros2_foxy/install/kdl_parser/share/kdl_parser/environment/library_path.sh
-- Symlinking: /home/saitama1/ros2_foxy/install/kdl_parser/share/kdl_parser/environment/library_path.dsv
-- Symlinking: /home/saitama1/ros2_foxy/install/kdl_parser/share/ament_index/resource_index/package_run_dependencies/kdl_parser
-- Symlinking: /home/saitama1/ros2_foxy/install/kdl_parser/share/ament_index/resource_index/parent_prefix_path/kdl_parser
-- Symlinking: /home/saitama1/ros2_foxy/install/kdl_parser/share/kdl_parser/environment/ament_prefix_path.sh
-- Symlinking: /home/saitama1/ros2_foxy/install/kdl_parser/share/kdl_parser/environment/ament_prefix_path.dsv
-- Symlinking: /home/saitama1/ros2_foxy/install/kdl_parser/share/kdl_parser/environment/path.sh
-- Symlinking: /home/saitama1/ros2_foxy/install/kdl_parser/share/kdl_parser/environment/path.dsv
-- Symlinking: /home/saitama1/ros2_foxy/install/kdl_parser/share/kdl_parser/local_setup.bash
-- Symlinking: /home/saitama1/ros2_foxy/install/kdl_parser/share/kdl_parser/local_setup.sh
-- Symlinking: /home/saitama1/ros2_foxy/install/kdl_parser/share/kdl_parser/local_setup.zsh
-- Symlinking: /home/saitama1/ros2_foxy/install/kdl_parser/share/kdl_parser/local_setup.dsv
-- Symlinking: /home/saitama1/ros2_foxy/install/kdl_parser/share/kdl_parser/package.dsv
-- Symlinking: /home/saitama1/ros2_foxy/install/kdl_parser/share/ament_index/resource_index/packages/kdl_parser
-- Symlinking: /home/saitama1/ros2_foxy/install/kdl_parser/share/kdl_parser/cmake/ament_cmake_export_dependencies-extras.cmake
-- Symlinking: /home/saitama1/ros2_foxy/install/kdl_parser/share/kdl_parser/cmake/ament_cmake_export_include_directories-extras.cmake
-- Symlinking: /home/saitama1/ros2_foxy/install/kdl_parser/share/kdl_parser/cmake/ament_cmake_export_libraries-extras.cmake
-- Symlinking: /home/saitama1/ros2_foxy/install/kdl_parser/share/kdl_parser/cmake/ament_cmake_export_targets-extras.cmake
-- Symlinking: /home/saitama1/ros2_foxy/install/kdl_parser/share/kdl_parser/cmake/kdl_parserConfig.cmake
-- Symlinking: /home/saitama1/ros2_foxy/install/kdl_parser/share/kdl_parser/cmake/kdl_parserConfig-version.cmake
-- Symlinking: /home/saitama1/ros2_foxy/install/kdl_parser/share/kdl_parser/package.xml
-- Up-to-date: /home/saitama1/ros2_foxy/install/kdl_parser/lib/libkdl_parser.so
-- Up-to-date: /home/saitama1/ros2_foxy/install/kdl_parser/share/kdl_parser/cmake/kdl_parserExport.cmake
-- Installing: /home/saitama1/ros2_foxy/install/kdl_parser/share/kdl_parser/cmake/kdl_parserExport-noconfig.cmake
