-- Found ament_cmake_ros: 0.9.2 (/home/saitama1/ros2_foxy/install/ament_cmake_ros/share/ament_cmake_ros/cmake)
-- Using PYTHON_EXECUTABLE: /usr/bin/python3
-- Override CMake install command with custom implementation using symlinks instead of copying resources
-- Found rcpputils: 1.3.1 (/home/saitama1/ros2_foxy/install/rcpputils/share/rcpputils/cmake)
-- Found rosidl_runtime_c: 1.2.1 (/home/saitama1/ros2_foxy/install/rosidl_runtime_c/share/rosidl_runtime_c/cmake)
-- Found ament_lint_auto: 0.9.6 (/home/saitama1/ros2_foxy/install/ament_lint_auto/share/ament_lint_auto/cmake)
-- Found gtest sources under '/home/saitama1/ros2_foxy/install/gtest_vendor/src/gtest_vendor': C++ tests using 'Google Test' will be built
-- Performance tests are disabled by default, so Google Benchmark tests will be skipped. To enable these tests, set the CMake variable 'AMENT_RUN_PERFORMANCE_TESTS'.
-- Added test 'copyright' to check source files copyright and LICENSE
-- Added test 'cppcheck' to perform static code analysis on C / C++ code
-- Configured cppcheck include dirs: /home/saitama1/ros2_foxy/install/performance_test_fixture/include;$<BUILD_INTERFACE:/home/saitama1/ros2_foxy/src/ros2/rosidl_typesupport/rosidl_typesupport_c/include>;/home/saitama1/ros2_foxy/src/ros2/rosidl_typesupport/rosidl_typesupport_c/include
-- Configured cppcheck exclude dirs and/or files: 
-- Added test 'cpplint' to check C / C++ code against the Google style
-- Configured cpplint exclude dirs and/or files: 
-- Added test 'flake8' to check Python code syntax and style conventions
-- Added test 'lint_cmake' to check CMake code style
-- Added test 'pep257' to check Python code against some of the style conventions in PEP 257
-- Added test 'uncrustify' to check C / C++ code style
-- Configured uncrustify additional arguments: 
-- Added test 'xmllint' to check XML markup files
-- Configuring done
-- Generating done
-- Build files have been written to: /home/saitama1/ros2_foxy/build/rosidl_typesupport_c
[ 15%] [32m[1mLinking C shared library librosidl_typesupport_c__test_type_support1.so[0m
[ 15%] Built target gtest_main
[ 26%] Built target gtest
[ 31%] [32m[1mLinking CXX shared library librosidl_typesupport_c.so[0m
[ 36%] [32m[1mLinking C shared library librosidl_typesupport_c__test_type_support2.so[0m
[ 42%] Built target rosidl_typesupport_c__test_type_support1
[ 47%] Built target rosidl_typesupport_c__test_type_support2
[ 68%] Built target rosidl_typesupport_c
[ 78%] [32m[1mLinking CXX executable test_service_type_support[0m
[ 78%] [32m[1mLinking CXX executable test_message_type_support[0m
[ 84%] [32m[1mLinking CXX executable benchmark_type_support_dispatch[0m
[ 89%] Built target benchmark_type_support_dispatch
[ 94%] Built target test_message_type_support
[100%] Built target test_service_type_support
-- Install configuration: ""
-- Execute custom install script
-- Symlinking: /home/saitama1/ros2_foxy/install/rosidl_typesupport_c/share/rosidl_typesupport_c/environment/pythonpath.sh
-- Symlinking: /home/saitama1/ros2_foxy/install/rosidl_typesupport_c/share/rosidl_typesupport_c/environment/pythonpath.dsv
-- Symlinking: /home/saitama1/ros2_foxy/install/rosidl_typesupport_c/lib/python3.8/site-packages/rosidl_typesupport_c/__init__.py
-- Symlinking: /home/saitama1/ros2_foxy/install/rosidl_typesupport_c/share/rosidl_typesupport_c/environment/library_path.sh
-- Symlinking: /home/saitama1/ros2_foxy/install/rosidl_typesupport_c/share/rosidl_typesupport_c/environment/library_path.dsv
-- Symlinking: /home/saitama1/ros2_foxy/install/rosidl_typesupport_c/share/ament_index/resource_index/rosidl_runtime_packages/rosidl_typesupport_c
-- Symlinking: /home/saitama1/ros2_foxy/install/rosidl_typesupport_c/share/ament_index/resource_index/package_run_dependencies/rosidl_typesupport_c
-- Symlinking: /home/saitama1/ros2_foxy/install/rosidl_typesupport_c/share/ament_index/resource_index/parent_prefix_path/rosidl_typesupport_c
-- Symlinking: /home/saitama1/ros2_foxy/install/rosidl_typesupport_c/share/rosidl_typesupport_c/environment/ament_prefix_path.sh
-- Symlinking: /home/saitama1/ros2_foxy/install/rosidl_typesupport_c/share/rosidl_typesupport_c/environment/ament_prefix_path.dsv
-- Symlinking: /home/saitama1/ros2_foxy/install/rosidl_typesupport_c/share/rosidl_typesupport_c/environment/path.sh
-- Symlinking: /home/saitama1/ros2_foxy/install/rosidl_typesupport_c/share/rosidl_typesupport_c/environment/path.dsv
-- Symlinking: /home/saitama1/ros2_foxy/install/rosidl_typesupport_c/share/rosidl_typesupport_c/local_setup.bash
-- Symlinking: /home/saitama1/ros2_foxy/install/rosidl_typesupport_c/share/rosidl_typesupport_c/local_setup.sh
-- Symlinking: /home/saitama1/ros2_foxy/install/rosidl_typesupport_c/share/rosidl_typesupport_c/local_setup.zsh
-- Symlinking: /home/saitama1/ros2_foxy/install/rosidl_typesupport_c/share/rosidl_typesupport_c/local_setup.dsv
-- Symlinking: /home/saitama1/ros2_foxy/install/rosidl_typesupport_c/share/rosidl_typesupport_c/package.dsv
-- Symlinking: /home/saitama1/ros2_foxy/install/rosidl_typesupport_c/share/ament_index/resource_index/packages/rosidl_typesupport_c
-- Symlinking: /home/saitama1/ros2_foxy/install/rosidl_typesupport_c/share/rosidl_typesupport_c/cmake/rosidl_typesupport_c-extras.cmake
-- Symlinking: /home/saitama1/ros2_foxy/install/rosidl_typesupport_c/share/rosidl_typesupport_c/cmake/ament_cmake_export_dependencies-extras.cmake
-- Symlinking: /home/saitama1/ros2_foxy/install/rosidl_typesupport_c/share/rosidl_typesupport_c/cmake/ament_cmake_export_include_directories-extras.cmake
-- Symlinking: /home/saitama1/ros2_foxy/install/rosidl_typesupport_c/share/rosidl_typesupport_c/cmake/ament_cmake_export_libraries-extras.cmake
-- Symlinking: /home/saitama1/ros2_foxy/install/rosidl_typesupport_c/share/rosidl_typesupport_c/cmake/ament_cmake_export_targets-extras.cmake
-- Symlinking: /home/saitama1/ros2_foxy/install/rosidl_typesupport_c/share/rosidl_typesupport_c/cmake/rosidl_typesupport_cConfig.cmake
-- Symlinking: /home/saitama1/ros2_foxy/install/rosidl_typesupport_c/share/rosidl_typesupport_c/cmake/rosidl_typesupport_cConfig-version.cmake
-- Symlinking: /home/saitama1/ros2_foxy/install/rosidl_typesupport_c/share/rosidl_typesupport_c/package.xml
-- Symlinking: /home/saitama1/ros2_foxy/install/rosidl_typesupport_c/lib/rosidl_typesupport_c/rosidl_typesupport_c
-- Symlinking: /home/saitama1/ros2_foxy/install/rosidl_typesupport_c/share/rosidl_typesupport_c/cmake/get_used_typesupports.cmake
-- Symlinking: /home/saitama1/ros2_foxy/install/rosidl_typesupport_c/share/rosidl_typesupport_c/cmake/rosidl_typesupport_c_generate_interfaces.cmake
-- Symlinking: /home/saitama1/ros2_foxy/install/rosidl_typesupport_c/share/rosidl_typesupport_c/resource/action__type_support.c.em
-- Symlinking: /home/saitama1/ros2_foxy/install/rosidl_typesupport_c/share/rosidl_typesupport_c/resource/idl__type_support.cpp.em
-- Symlinking: /home/saitama1/ros2_foxy/install/rosidl_typesupport_c/share/rosidl_typesupport_c/resource/msg__type_support.cpp.em
-- Symlinking: /home/saitama1/ros2_foxy/install/rosidl_typesupport_c/share/rosidl_typesupport_c/resource/rosidl_typesupport_c__visibility_control.h.in
-- Symlinking: /home/saitama1/ros2_foxy/install/rosidl_typesupport_c/share/rosidl_typesupport_c/resource/srv__type_support.cpp.em
-- Symlinking: /home/saitama1/ros2_foxy/install/rosidl_typesupport_c/include/rosidl_typesupport_c/identifier.h
-- Symlinking: /home/saitama1/ros2_foxy/install/rosidl_typesupport_c/include/rosidl_typesupport_c/message_type_support_dispatch.h
-- Symlinking: /home/saitama1/ros2_foxy/install/rosidl_typesupport_c/include/rosidl_typesupport_c/service_type_support_dispatch.h
-- Symlinking: /home/saitama1/ros2_foxy/install/rosidl_typesupport_c/include/rosidl_typesupport_c/type_support_map.h
-- Symlinking: /home/saitama1/ros2_foxy/install/rosidl_typesupport_c/include/rosidl_typesupport_c/visibility_control.h
Listing '/home/saitama1/ros2_foxy/install/rosidl_typesupport_c/lib/python3.8/site-packages/rosidl_typesupport_c'...
-- Up-to-date: /home/saitama1/ros2_foxy/install/rosidl_typesupport_c/share/rosidl_typesupport_c/cmake/rosidl_typesupport_cExport.cmake
-- Installing: /home/saitama1/ros2_foxy/install/rosidl_typesupport_c/share/rosidl_typesupport_c/cmake/rosidl_typesupport_cExport-noconfig.cmake
-- Installing: /home/saitama1/ros2_foxy/install/rosidl_typesupport_c/lib/librosidl_typesupport_c.so
-- Set runtime path of "/home/saitama1/ros2_foxy/install/rosidl_typesupport_c/lib/librosidl_typesupport_c.so" to ""
