running egg_info
creating ../../../../build/launch_ros/launch_ros.egg-info
writing ../../../../build/launch_ros/launch_ros.egg-info/PKG-INFO
writing dependency_links to ../../../../build/launch_ros/launch_ros.egg-info/dependency_links.txt
writing entry points to ../../../../build/launch_ros/launch_ros.egg-info/entry_points.txt
writing requirements to ../../../../build/launch_ros/launch_ros.egg-info/requires.txt
writing top-level names to ../../../../build/launch_ros/launch_ros.egg-info/top_level.txt
writing manifest file '../../../../build/launch_ros/launch_ros.egg-info/SOURCES.txt'
reading manifest file '../../../../build/launch_ros/launch_ros.egg-info/SOURCES.txt'
writing manifest file '../../../../build/launch_ros/launch_ros.egg-info/SOURCES.txt'
running build
running build_py
creating /home/saitama1/ros2_foxy/build/launch_ros/build
creating /home/saitama1/ros2_foxy/build/launch_ros/build/lib
creating /home/saitama1/ros2_foxy/build/launch_ros/build/lib/launch_ros
copying launch_ros/__init__.py -> /home/saitama1/ros2_foxy/build/launch_ros/build/lib/launch_ros
copying launch_ros/ros_adapters.py -> /home/saitama1/ros2_foxy/build/launch_ros/build/lib/launch_ros
copying launch_ros/parameters_type.py -> /home/saitama1/ros2_foxy/build/launch_ros/build/lib/launch_ros
copying launch_ros/remap_rule_type.py -> /home/saitama1/ros2_foxy/build/launch_ros/build/lib/launch_ros
creating /home/saitama1/ros2_foxy/build/launch_ros/build/lib/launch_ros/events
copying launch_ros/events/__init__.py -> /home/saitama1/ros2_foxy/build/launch_ros/build/lib/launch_ros/events
creating /home/saitama1/ros2_foxy/build/launch_ros/build/lib/launch_ros/utilities
copying launch_ros/utilities/to_parameters_list.py -> /home/saitama1/ros2_foxy/build/launch_ros/build/lib/launch_ros/utilities
copying launch_ros/utilities/normalize_remap_rule.py -> /home/saitama1/ros2_foxy/build/launch_ros/build/lib/launch_ros/utilities
copying launch_ros/utilities/normalize_parameters.py -> /home/saitama1/ros2_foxy/build/launch_ros/build/lib/launch_ros/utilities
copying launch_ros/utilities/__init__.py -> /home/saitama1/ros2_foxy/build/launch_ros/build/lib/launch_ros/utilities
copying launch_ros/utilities/namespace_utils.py -> /home/saitama1/ros2_foxy/build/launch_ros/build/lib/launch_ros/utilities
copying launch_ros/utilities/track_node_names.py -> /home/saitama1/ros2_foxy/build/launch_ros/build/lib/launch_ros/utilities
copying launch_ros/utilities/evaluate_parameters.py -> /home/saitama1/ros2_foxy/build/launch_ros/build/lib/launch_ros/utilities
creating /home/saitama1/ros2_foxy/build/launch_ros/build/lib/launch_ros/event_handlers
copying launch_ros/event_handlers/__init__.py -> /home/saitama1/ros2_foxy/build/launch_ros/build/lib/launch_ros/event_handlers
copying launch_ros/event_handlers/on_state_transition.py -> /home/saitama1/ros2_foxy/build/launch_ros/build/lib/launch_ros/event_handlers
creating /home/saitama1/ros2_foxy/build/launch_ros/build/lib/launch_ros/substitutions
copying launch_ros/substitutions/executable_in_package.py -> /home/saitama1/ros2_foxy/build/launch_ros/build/lib/launch_ros/substitutions
copying launch_ros/substitutions/__init__.py -> /home/saitama1/ros2_foxy/build/launch_ros/build/lib/launch_ros/substitutions
copying launch_ros/substitutions/find_package.py -> /home/saitama1/ros2_foxy/build/launch_ros/build/lib/launch_ros/substitutions
creating /home/saitama1/ros2_foxy/build/launch_ros/build/lib/launch_ros/actions
copying launch_ros/actions/set_remap.py -> /home/saitama1/ros2_foxy/build/launch_ros/build/lib/launch_ros/actions
copying launch_ros/actions/composable_node_container.py -> /home/saitama1/ros2_foxy/build/launch_ros/build/lib/launch_ros/actions
copying launch_ros/actions/set_parameter.py -> /home/saitama1/ros2_foxy/build/launch_ros/build/lib/launch_ros/actions
copying launch_ros/actions/push_ros_namespace.py -> /home/saitama1/ros2_foxy/build/launch_ros/build/lib/launch_ros/actions
copying launch_ros/actions/__init__.py -> /home/saitama1/ros2_foxy/build/launch_ros/build/lib/launch_ros/actions
copying launch_ros/actions/lifecycle_node.py -> /home/saitama1/ros2_foxy/build/launch_ros/build/lib/launch_ros/actions
copying launch_ros/actions/node.py -> /home/saitama1/ros2_foxy/build/launch_ros/build/lib/launch_ros/actions
copying launch_ros/actions/load_composable_nodes.py -> /home/saitama1/ros2_foxy/build/launch_ros/build/lib/launch_ros/actions
creating /home/saitama1/ros2_foxy/build/launch_ros/build/lib/launch_ros/descriptions
copying launch_ros/descriptions/composable_node.py -> /home/saitama1/ros2_foxy/build/launch_ros/build/lib/launch_ros/descriptions
copying launch_ros/descriptions/__init__.py -> /home/saitama1/ros2_foxy/build/launch_ros/build/lib/launch_ros/descriptions
creating /home/saitama1/ros2_foxy/build/launch_ros/build/lib/launch_ros/events/lifecycle
copying launch_ros/events/lifecycle/__init__.py -> /home/saitama1/ros2_foxy/build/launch_ros/build/lib/launch_ros/events/lifecycle
copying launch_ros/events/lifecycle/change_state.py -> /home/saitama1/ros2_foxy/build/launch_ros/build/lib/launch_ros/events/lifecycle
copying launch_ros/events/lifecycle/lifecycle_node_matchers.py -> /home/saitama1/ros2_foxy/build/launch_ros/build/lib/launch_ros/events/lifecycle
copying launch_ros/events/lifecycle/state_transition.py -> /home/saitama1/ros2_foxy/build/launch_ros/build/lib/launch_ros/events/lifecycle
running install
running install_lib
creating /home/saitama1/ros2_foxy/install/launch_ros/lib/python3.8/site-packages/launch_ros
copying /home/saitama1/ros2_foxy/build/launch_ros/build/lib/launch_ros/__init__.py -> /home/saitama1/ros2_foxy/install/launch_ros/lib/python3.8/site-packages/launch_ros
creating /home/saitama1/ros2_foxy/install/launch_ros/lib/python3.8/site-packages/launch_ros/events
creating /home/saitama1/ros2_foxy/install/launch_ros/lib/python3.8/site-packages/launch_ros/events/lifecycle
copying /home/saitama1/ros2_foxy/build/launch_ros/build/lib/launch_ros/events/lifecycle/__init__.py -> /home/saitama1/ros2_foxy/install/launch_ros/lib/python3.8/site-packages/launch_ros/events/lifecycle
copying /home/saitama1/ros2_foxy/build/launch_ros/build/lib/launch_ros/events/lifecycle/change_state.py -> /home/saitama1/ros2_foxy/install/launch_ros/lib/python3.8/site-packages/launch_ros/events/lifecycle
copying /home/saitama1/ros2_foxy/build/launch_ros/build/lib/launch_ros/events/lifecycle/lifecycle_node_matchers.py -> /home/saitama1/ros2_foxy/install/launch_ros/lib/python3.8/site-packages/launch_ros/events/lifecycle
copying /home/saitama1/ros2_foxy/build/launch_ros/build/lib/launch_ros/events/lifecycle/state_transition.py -> /home/saitama1/ros2_foxy/install/launch_ros/lib/python3.8/site-packages/launch_ros/events/lifecycle
copying /home/saitama1/ros2_foxy/build/launch_ros/build/lib/launch_ros/events/__init__.py -> /home/saitama1/ros2_foxy/install/launch_ros/lib/python3.8/site-packages/launch_ros/events
copying /home/saitama1/ros2_foxy/build/launch_ros/build/lib/launch_ros/ros_adapters.py -> /home/saitama1/ros2_foxy/install/launch_ros/lib/python3.8/site-packages/launch_ros
creating /home/saitama1/ros2_foxy/install/launch_ros/lib/python3.8/site-packages/launch_ros/utilities
copying /home/saitama1/ros2_foxy/build/launch_ros/build/lib/launch_ros/utilities/to_parameters_list.py -> /home/saitama1/ros2_foxy/install/launch_ros/lib/python3.8/site-packages/launch_ros/utilities
copying /home/saitama1/ros2_foxy/build/launch_ros/build/lib/launch_ros/utilities/normalize_remap_rule.py -> /home/saitama1/ros2_foxy/install/launch_ros/lib/python3.8/site-packages/launch_ros/utilities
copying /home/saitama1/ros2_foxy/build/launch_ros/build/lib/launch_ros/utilities/normalize_parameters.py -> /home/saitama1/ros2_foxy/install/launch_ros/lib/python3.8/site-packages/launch_ros/utilities
copying /home/saitama1/ros2_foxy/build/launch_ros/build/lib/launch_ros/utilities/__init__.py -> /home/saitama1/ros2_foxy/install/launch_ros/lib/python3.8/site-packages/launch_ros/utilities
copying /home/saitama1/ros2_foxy/build/launch_ros/build/lib/launch_ros/utilities/namespace_utils.py -> /home/saitama1/ros2_foxy/install/launch_ros/lib/python3.8/site-packages/launch_ros/utilities
copying /home/saitama1/ros2_foxy/build/launch_ros/build/lib/launch_ros/utilities/track_node_names.py -> /home/saitama1/ros2_foxy/install/launch_ros/lib/python3.8/site-packages/launch_ros/utilities
copying /home/saitama1/ros2_foxy/build/launch_ros/build/lib/launch_ros/utilities/evaluate_parameters.py -> /home/saitama1/ros2_foxy/install/launch_ros/lib/python3.8/site-packages/launch_ros/utilities
creating /home/saitama1/ros2_foxy/install/launch_ros/lib/python3.8/site-packages/launch_ros/event_handlers
copying /home/saitama1/ros2_foxy/build/launch_ros/build/lib/launch_ros/event_handlers/__init__.py -> /home/saitama1/ros2_foxy/install/launch_ros/lib/python3.8/site-packages/launch_ros/event_handlers
copying /home/saitama1/ros2_foxy/build/launch_ros/build/lib/launch_ros/event_handlers/on_state_transition.py -> /home/saitama1/ros2_foxy/install/launch_ros/lib/python3.8/site-packages/launch_ros/event_handlers
creating /home/saitama1/ros2_foxy/install/launch_ros/lib/python3.8/site-packages/launch_ros/substitutions
copying /home/saitama1/ros2_foxy/build/launch_ros/build/lib/launch_ros/substitutions/executable_in_package.py -> /home/saitama1/ros2_foxy/install/launch_ros/lib/python3.8/site-packages/launch_ros/substitutions
copying /home/saitama1/ros2_foxy/build/launch_ros/build/lib/launch_ros/substitutions/__init__.py -> /home/saitama1/ros2_foxy/install/launch_ros/lib/python3.8/site-packages/launch_ros/substitutions
copying /home/saitama1/ros2_foxy/build/launch_ros/build/lib/launch_ros/substitutions/find_package.py -> /home/saitama1/ros2_foxy/install/launch_ros/lib/python3.8/site-packages/launch_ros/substitutions
copying /home/saitama1/ros2_foxy/build/launch_ros/build/lib/launch_ros/parameters_type.py -> /home/saitama1/ros2_foxy/install/launch_ros/lib/python3.8/site-packages/launch_ros
creating /home/saitama1/ros2_foxy/install/launch_ros/lib/python3.8/site-packages/launch_ros/actions
copying /home/saitama1/ros2_foxy/build/launch_ros/build/lib/launch_ros/actions/set_remap.py -> /home/saitama1/ros2_foxy/install/launch_ros/lib/python3.8/site-packages/launch_ros/actions
copying /home/saitama1/ros2_foxy/build/launch_ros/build/lib/launch_ros/actions/composable_node_container.py -> /home/saitama1/ros2_foxy/install/launch_ros/lib/python3.8/site-packages/launch_ros/actions
copying /home/saitama1/ros2_foxy/build/launch_ros/build/lib/launch_ros/actions/set_parameter.py -> /home/saitama1/ros2_foxy/install/launch_ros/lib/python3.8/site-packages/launch_ros/actions
copying /home/saitama1/ros2_foxy/build/launch_ros/build/lib/launch_ros/actions/push_ros_namespace.py -> /home/saitama1/ros2_foxy/install/launch_ros/lib/python3.8/site-packages/launch_ros/actions
copying /home/saitama1/ros2_foxy/build/launch_ros/build/lib/launch_ros/actions/__init__.py -> /home/saitama1/ros2_foxy/install/launch_ros/lib/python3.8/site-packages/launch_ros/actions
copying /home/saitama1/ros2_foxy/build/launch_ros/build/lib/launch_ros/actions/lifecycle_node.py -> /home/saitama1/ros2_foxy/install/launch_ros/lib/python3.8/site-packages/launch_ros/actions
copying /home/saitama1/ros2_foxy/build/launch_ros/build/lib/launch_ros/actions/node.py -> /home/saitama1/ros2_foxy/install/launch_ros/lib/python3.8/site-packages/launch_ros/actions
copying /home/saitama1/ros2_foxy/build/launch_ros/build/lib/launch_ros/actions/load_composable_nodes.py -> /home/saitama1/ros2_foxy/install/launch_ros/lib/python3.8/site-packages/launch_ros/actions
creating /home/saitama1/ros2_foxy/install/launch_ros/lib/python3.8/site-packages/launch_ros/descriptions
copying /home/saitama1/ros2_foxy/build/launch_ros/build/lib/launch_ros/descriptions/composable_node.py -> /home/saitama1/ros2_foxy/install/launch_ros/lib/python3.8/site-packages/launch_ros/descriptions
copying /home/saitama1/ros2_foxy/build/launch_ros/build/lib/launch_ros/descriptions/__init__.py -> /home/saitama1/ros2_foxy/install/launch_ros/lib/python3.8/site-packages/launch_ros/descriptions
copying /home/saitama1/ros2_foxy/build/launch_ros/build/lib/launch_ros/remap_rule_type.py -> /home/saitama1/ros2_foxy/install/launch_ros/lib/python3.8/site-packages/launch_ros
byte-compiling /home/saitama1/ros2_foxy/install/launch_ros/lib/python3.8/site-packages/launch_ros/__init__.py to __init__.cpython-38.pyc
byte-compiling /home/saitama1/ros2_foxy/install/launch_ros/lib/python3.8/site-packages/launch_ros/events/lifecycle/__init__.py to __init__.cpython-38.pyc
byte-compiling /home/saitama1/ros2_foxy/install/launch_ros/lib/python3.8/site-packages/launch_ros/events/lifecycle/change_state.py to change_state.cpython-38.pyc
byte-compiling /home/saitama1/ros2_foxy/install/launch_ros/lib/python3.8/site-packages/launch_ros/events/lifecycle/lifecycle_node_matchers.py to lifecycle_node_matchers.cpython-38.pyc
byte-compiling /home/saitama1/ros2_foxy/install/launch_ros/lib/python3.8/site-packages/launch_ros/events/lifecycle/state_transition.py to state_transition.cpython-38.pyc
byte-compiling /home/saitama1/ros2_foxy/install/launch_ros/lib/python3.8/site-packages/launch_ros/events/__init__.py to __init__.cpython-38.pyc
byte-compiling /home/saitama1/ros2_foxy/install/launch_ros/lib/python3.8/site-packages/launch_ros/ros_adapters.py to ros_adapters.cpython-38.pyc
byte-compiling /home/saitama1/ros2_foxy/install/launch_ros/lib/python3.8/site-packages/launch_ros/utilities/to_parameters_list.py to to_parameters_list.cpython-38.pyc
byte-compiling /home/saitama1/ros2_foxy/install/launch_ros/lib/python3.8/site-packages/launch_ros/utilities/normalize_remap_rule.py to normalize_remap_rule.cpython-38.pyc
byte-compiling /home/saitama1/ros2_foxy/install/launch_ros/lib/python3.8/site-packages/launch_ros/utilities/normalize_parameters.py to normalize_parameters.cpython-38.pyc
byte-compiling /home/saitama1/ros2_foxy/install/launch_ros/lib/python3.8/site-packages/launch_ros/utilities/__init__.py to __init__.cpython-38.pyc
byte-compiling /home/saitama1/ros2_foxy/install/launch_ros/lib/python3.8/site-packages/launch_ros/utilities/namespace_utils.py to namespace_utils.cpython-38.pyc
byte-compiling /home/saitama1/ros2_foxy/install/launch_ros/lib/python3.8/site-packages/launch_ros/utilities/track_node_names.py to track_node_names.cpython-38.pyc
byte-compiling /home/saitama1/ros2_foxy/install/launch_ros/lib/python3.8/site-packages/launch_ros/utilities/evaluate_parameters.py to evaluate_parameters.cpython-38.pyc
byte-compiling /home/saitama1/ros2_foxy/install/launch_ros/lib/python3.8/site-packages/launch_ros/event_handlers/__init__.py to __init__.cpython-38.pyc
byte-compiling /home/saitama1/ros2_foxy/install/launch_ros/lib/python3.8/site-packages/launch_ros/event_handlers/on_state_transition.py to on_state_transition.cpython-38.pyc
byte-compiling /home/saitama1/ros2_foxy/install/launch_ros/lib/python3.8/site-packages/launch_ros/substitutions/executable_in_package.py to executable_in_package.cpython-38.pyc
byte-compiling /home/saitama1/ros2_foxy/install/launch_ros/lib/python3.8/site-packages/launch_ros/substitutions/__init__.py to __init__.cpython-38.pyc
byte-compiling /home/saitama1/ros2_foxy/install/launch_ros/lib/python3.8/site-packages/launch_ros/substitutions/find_package.py to find_package.cpython-38.pyc
byte-compiling /home/saitama1/ros2_foxy/install/launch_ros/lib/python3.8/site-packages/launch_ros/parameters_type.py to parameters_type.cpython-38.pyc
byte-compiling /home/saitama1/ros2_foxy/install/launch_ros/lib/python3.8/site-packages/launch_ros/actions/set_remap.py to set_remap.cpython-38.pyc
byte-compiling /home/saitama1/ros2_foxy/install/launch_ros/lib/python3.8/site-packages/launch_ros/actions/composable_node_container.py to composable_node_container.cpython-38.pyc
byte-compiling /home/saitama1/ros2_foxy/install/launch_ros/lib/python3.8/site-packages/launch_ros/actions/set_parameter.py to set_parameter.cpython-38.pyc
byte-compiling /home/saitama1/ros2_foxy/install/launch_ros/lib/python3.8/site-packages/launch_ros/actions/push_ros_namespace.py to push_ros_namespace.cpython-38.pyc
byte-compiling /home/saitama1/ros2_foxy/install/launch_ros/lib/python3.8/site-packages/launch_ros/actions/__init__.py to __init__.cpython-38.pyc
byte-compiling /home/saitama1/ros2_foxy/install/launch_ros/lib/python3.8/site-packages/launch_ros/actions/lifecycle_node.py to lifecycle_node.cpython-38.pyc
byte-compiling /home/saitama1/ros2_foxy/install/launch_ros/lib/python3.8/site-packages/launch_ros/actions/node.py to node.cpython-38.pyc
byte-compiling /home/saitama1/ros2_foxy/install/launch_ros/lib/python3.8/site-packages/launch_ros/actions/load_composable_nodes.py to load_composable_nodes.cpython-38.pyc
byte-compiling /home/saitama1/ros2_foxy/install/launch_ros/lib/python3.8/site-packages/launch_ros/descriptions/composable_node.py to composable_node.cpython-38.pyc
byte-compiling /home/saitama1/ros2_foxy/install/launch_ros/lib/python3.8/site-packages/launch_ros/descriptions/__init__.py to __init__.cpython-38.pyc
byte-compiling /home/saitama1/ros2_foxy/install/launch_ros/lib/python3.8/site-packages/launch_ros/remap_rule_type.py to remap_rule_type.cpython-38.pyc
running install_data
copying package.xml -> /home/saitama1/ros2_foxy/install/launch_ros/share/launch_ros
creating /home/saitama1/ros2_foxy/install/launch_ros/share/ament_index
creating /home/saitama1/ros2_foxy/install/launch_ros/share/ament_index/resource_index
creating /home/saitama1/ros2_foxy/install/launch_ros/share/ament_index/resource_index/packages
copying resource/launch_ros -> /home/saitama1/ros2_foxy/install/launch_ros/share/ament_index/resource_index/packages
running install_egg_info
Copying ../../../../build/launch_ros/launch_ros.egg-info to /home/saitama1/ros2_foxy/install/launch_ros/lib/python3.8/site-packages/launch_ros-0.11.2-py3.8.egg-info
running install_scripts
writing list of installed files to '/home/saitama1/ros2_foxy/build/launch_ros/install.log'
