-- Found ament_cmake_ros: 0.9.2 (/home/saitama1/ros2_foxy/install/ament_cmake_ros/share/ament_cmake_ros/cmake)
-- Using PYTHON_EXECUTABLE: /usr/bin/python3
-- Override CMake install command with custom implementation using symlinks instead of copying resources
-- Found rcpputils: 1.3.1 (/home/saitama1/ros2_foxy/install/rcpputils/share/rcpputils/cmake)
-- Found rmw_dds_common: 1.0.3 (/home/saitama1/ros2_foxy/install/rmw_dds_common/share/rmw_dds_common/cmake)
-- Using all available rosidl_typesupport_c: rosidl_typesupport_introspection_c;rosidl_typesupport_fastrtps_c
-- Found rosidl_adapter: 1.2.1 (/home/saitama1/ros2_foxy/install/rosidl_adapter/share/rosidl_adapter/cmake)
-- Using all available rosidl_typesupport_cpp: rosidl_typesupport_introspection_cpp;rosidl_typesupport_fastrtps_cpp
-- Found ament_lint_auto: 0.9.6 (/home/saitama1/ros2_foxy/install/ament_lint_auto/share/ament_lint_auto/cmake)
-- Found gtest sources under '/home/saitama1/ros2_foxy/install/gtest_vendor/src/gtest_vendor': C++ tests using 'Google Test' will be built
-- Found gmock sources under '/home/saitama1/ros2_foxy/install/gmock_vendor/src/gmock_vendor': C++ tests using 'Google Mock' will be built
-- Added test 'copyright' to check source files copyright and LICENSE
-- Added test 'cppcheck' to perform static code analysis on C / C++ code
-- Configured cppcheck include dirs: $<BUILD_INTERFACE:/home/saitama1/ros2_foxy/src/ros2/rmw_fastrtps/rmw_fastrtps_shared_cpp/include>
-- Configured cppcheck exclude dirs and/or files: 
-- Added test 'cpplint' to check C / C++ code against the Google style
-- Configured cpplint exclude dirs and/or files: 
-- Added test 'lint_cmake' to check CMake code style
-- Added test 'uncrustify' to check C / C++ code style
-- Configured uncrustify additional arguments: 
-- Added test 'xmllint' to check XML markup files
-- Configuring done
-- Generating done
-- Build files have been written to: /home/saitama1/ros2_foxy/build/rmw_fastrtps_shared_cpp
[  3%] Built target gmock_main
[  8%] Built target gmock
[ 14%] Built target gtest_main
[ 14%] Built target gtest
[ 16%] [32m[1mLinking CXX shared library librmw_fastrtps_shared_cpp.so[0m
[ 77%] Built target rmw_fastrtps_shared_cpp
[ 79%] [32m[1mLinking CXX executable test_logging[0m
[ 80%] [32m[1mLinking CXX executable test_dds_attributes_to_rmw_qos[0m
[ 82%] [32m[1mLinking CXX executable test_names[0m
[ 83%] [32m[1mLinking CXX executable test_rmw_qos_to_dds_attributes[0m
[ 85%] [32m[1mLinking CXX executable test_rmw_init_options[0m
[ 87%] [32m[1mLinking CXX executable test_security_logging[0m
[ 88%] [32m[1mLinking CXX executable test_guid_utils[0m
[ 90%] Built target test_logging
[ 91%] Built target test_guid_utils
[ 93%] Built target test_rmw_init_options
[ 95%] Built target test_security_logging
[ 96%] Built target test_rmw_qos_to_dds_attributes
[ 98%] Built target test_names
[100%] Built target test_dds_attributes_to_rmw_qos
-- Install configuration: ""
-- Execute custom install script
-- Symlinking: /home/saitama1/ros2_foxy/install/rmw_fastrtps_shared_cpp/share/rmw_fastrtps_shared_cpp/environment/library_path.sh
-- Symlinking: /home/saitama1/ros2_foxy/install/rmw_fastrtps_shared_cpp/share/rmw_fastrtps_shared_cpp/environment/library_path.dsv
-- Symlinking: /home/saitama1/ros2_foxy/install/rmw_fastrtps_shared_cpp/share/ament_index/resource_index/package_run_dependencies/rmw_fastrtps_shared_cpp
-- Symlinking: /home/saitama1/ros2_foxy/install/rmw_fastrtps_shared_cpp/share/ament_index/resource_index/parent_prefix_path/rmw_fastrtps_shared_cpp
-- Symlinking: /home/saitama1/ros2_foxy/install/rmw_fastrtps_shared_cpp/share/rmw_fastrtps_shared_cpp/environment/ament_prefix_path.sh
-- Symlinking: /home/saitama1/ros2_foxy/install/rmw_fastrtps_shared_cpp/share/rmw_fastrtps_shared_cpp/environment/ament_prefix_path.dsv
-- Symlinking: /home/saitama1/ros2_foxy/install/rmw_fastrtps_shared_cpp/share/rmw_fastrtps_shared_cpp/environment/path.sh
-- Symlinking: /home/saitama1/ros2_foxy/install/rmw_fastrtps_shared_cpp/share/rmw_fastrtps_shared_cpp/environment/path.dsv
-- Symlinking: /home/saitama1/ros2_foxy/install/rmw_fastrtps_shared_cpp/share/rmw_fastrtps_shared_cpp/local_setup.bash
-- Symlinking: /home/saitama1/ros2_foxy/install/rmw_fastrtps_shared_cpp/share/rmw_fastrtps_shared_cpp/local_setup.sh
-- Symlinking: /home/saitama1/ros2_foxy/install/rmw_fastrtps_shared_cpp/share/rmw_fastrtps_shared_cpp/local_setup.zsh
-- Symlinking: /home/saitama1/ros2_foxy/install/rmw_fastrtps_shared_cpp/share/rmw_fastrtps_shared_cpp/local_setup.dsv
-- Symlinking: /home/saitama1/ros2_foxy/install/rmw_fastrtps_shared_cpp/share/rmw_fastrtps_shared_cpp/package.dsv
-- Symlinking: /home/saitama1/ros2_foxy/install/rmw_fastrtps_shared_cpp/share/ament_index/resource_index/packages/rmw_fastrtps_shared_cpp
-- Symlinking: /home/saitama1/ros2_foxy/install/rmw_fastrtps_shared_cpp/share/rmw_fastrtps_shared_cpp/cmake/ament_cmake_export_include_directories-extras.cmake
-- Symlinking: /home/saitama1/ros2_foxy/install/rmw_fastrtps_shared_cpp/share/rmw_fastrtps_shared_cpp/cmake/ament_cmake_export_libraries-extras.cmake
-- Symlinking: /home/saitama1/ros2_foxy/install/rmw_fastrtps_shared_cpp/share/rmw_fastrtps_shared_cpp/cmake/ament_cmake_export_targets-extras.cmake
-- Symlinking: /home/saitama1/ros2_foxy/install/rmw_fastrtps_shared_cpp/share/rmw_fastrtps_shared_cpp/cmake/ament_cmake_export_dependencies-extras.cmake
-- Symlinking: /home/saitama1/ros2_foxy/install/rmw_fastrtps_shared_cpp/share/rmw_fastrtps_shared_cpp/cmake/rmw_fastrtps_shared_cpp-extras.cmake
-- Symlinking: /home/saitama1/ros2_foxy/install/rmw_fastrtps_shared_cpp/share/rmw_fastrtps_shared_cpp/cmake/rmw_fastrtps_shared_cppConfig.cmake
-- Symlinking: /home/saitama1/ros2_foxy/install/rmw_fastrtps_shared_cpp/share/rmw_fastrtps_shared_cpp/cmake/rmw_fastrtps_shared_cppConfig-version.cmake
-- Symlinking: /home/saitama1/ros2_foxy/install/rmw_fastrtps_shared_cpp/share/rmw_fastrtps_shared_cpp/package.xml
-- Symlinking: /home/saitama1/ros2_foxy/install/rmw_fastrtps_shared_cpp/include/rmw_fastrtps_shared_cpp/TypeSupport.hpp
-- Symlinking: /home/saitama1/ros2_foxy/install/rmw_fastrtps_shared_cpp/include/rmw_fastrtps_shared_cpp/create_rmw_gid.hpp
-- Symlinking: /home/saitama1/ros2_foxy/install/rmw_fastrtps_shared_cpp/include/rmw_fastrtps_shared_cpp/custom_client_info.hpp
-- Symlinking: /home/saitama1/ros2_foxy/install/rmw_fastrtps_shared_cpp/include/rmw_fastrtps_shared_cpp/custom_event_info.hpp
-- Symlinking: /home/saitama1/ros2_foxy/install/rmw_fastrtps_shared_cpp/include/rmw_fastrtps_shared_cpp/custom_participant_info.hpp
-- Symlinking: /home/saitama1/ros2_foxy/install/rmw_fastrtps_shared_cpp/include/rmw_fastrtps_shared_cpp/custom_publisher_info.hpp
-- Symlinking: /home/saitama1/ros2_foxy/install/rmw_fastrtps_shared_cpp/include/rmw_fastrtps_shared_cpp/custom_service_info.hpp
-- Symlinking: /home/saitama1/ros2_foxy/install/rmw_fastrtps_shared_cpp/include/rmw_fastrtps_shared_cpp/custom_subscriber_info.hpp
-- Symlinking: /home/saitama1/ros2_foxy/install/rmw_fastrtps_shared_cpp/include/rmw_fastrtps_shared_cpp/guid_utils.hpp
-- Symlinking: /home/saitama1/ros2_foxy/install/rmw_fastrtps_shared_cpp/include/rmw_fastrtps_shared_cpp/init_rmw_context_impl.hpp
-- Symlinking: /home/saitama1/ros2_foxy/install/rmw_fastrtps_shared_cpp/include/rmw_fastrtps_shared_cpp/listener_thread.hpp
-- Symlinking: /home/saitama1/ros2_foxy/install/rmw_fastrtps_shared_cpp/include/rmw_fastrtps_shared_cpp/locked_object.hpp
-- Symlinking: /home/saitama1/ros2_foxy/install/rmw_fastrtps_shared_cpp/include/rmw_fastrtps_shared_cpp/names.hpp
-- Symlinking: /home/saitama1/ros2_foxy/install/rmw_fastrtps_shared_cpp/include/rmw_fastrtps_shared_cpp/namespace_prefix.hpp
-- Symlinking: /home/saitama1/ros2_foxy/install/rmw_fastrtps_shared_cpp/include/rmw_fastrtps_shared_cpp/participant.hpp
-- Symlinking: /home/saitama1/ros2_foxy/install/rmw_fastrtps_shared_cpp/include/rmw_fastrtps_shared_cpp/publisher.hpp
-- Symlinking: /home/saitama1/ros2_foxy/install/rmw_fastrtps_shared_cpp/include/rmw_fastrtps_shared_cpp/qos.hpp
-- Symlinking: /home/saitama1/ros2_foxy/install/rmw_fastrtps_shared_cpp/include/rmw_fastrtps_shared_cpp/rmw_common.hpp
-- Symlinking: /home/saitama1/ros2_foxy/install/rmw_fastrtps_shared_cpp/include/rmw_fastrtps_shared_cpp/rmw_context_impl.hpp
-- Symlinking: /home/saitama1/ros2_foxy/install/rmw_fastrtps_shared_cpp/include/rmw_fastrtps_shared_cpp/rmw_init.hpp
-- Symlinking: /home/saitama1/ros2_foxy/install/rmw_fastrtps_shared_cpp/include/rmw_fastrtps_shared_cpp/rmw_security_logging.hpp
-- Symlinking: /home/saitama1/ros2_foxy/install/rmw_fastrtps_shared_cpp/include/rmw_fastrtps_shared_cpp/subscription.hpp
-- Symlinking: /home/saitama1/ros2_foxy/install/rmw_fastrtps_shared_cpp/include/rmw_fastrtps_shared_cpp/visibility_control.h
-- Up-to-date: /home/saitama1/ros2_foxy/install/rmw_fastrtps_shared_cpp/share/rmw_fastrtps_shared_cpp/cmake/rmw_fastrtps_shared_cppExport.cmake
-- Installing: /home/saitama1/ros2_foxy/install/rmw_fastrtps_shared_cpp/share/rmw_fastrtps_shared_cpp/cmake/rmw_fastrtps_shared_cppExport-noconfig.cmake
-- Installing: /home/saitama1/ros2_foxy/install/rmw_fastrtps_shared_cpp/lib/librmw_fastrtps_shared_cpp.so
-- Set runtime path of "/home/saitama1/ros2_foxy/install/rmw_fastrtps_shared_cpp/lib/librmw_fastrtps_shared_cpp.so" to ""
