-- Found ament_cmake: 0.9.8 (/home/saitama1/ros2_foxy/install/ament_cmake/share/ament_cmake/cmake)
-- Found PythonInterp: /usr/bin/python3 (found suitable version "3.8.10", minimum required is "3") 
-- Using PYTHON_EXECUTABLE: /usr/bin/python3
-- Override CMake install command with custom implementation using symlinks instead of copying resources
-- Found geometry_msgs: 2.0.4 (/home/saitama1/ros2_foxy/install/geometry_msgs/share/geometry_msgs/cmake)
-- Using all available rosidl_typesupport_c: rosidl_typesupport_introspection_c;rosidl_typesupport_fastrtps_c
-- Found rosidl_adapter: 1.2.1 (/home/saitama1/ros2_foxy/install/rosidl_adapter/share/rosidl_adapter/cmake)
-- Using all available rosidl_typesupport_cpp: rosidl_typesupport_introspection_cpp;rosidl_typesupport_fastrtps_cpp
-- Found rosidl_default_generators: 1.0.1 (/home/saitama1/ros2_foxy/install/rosidl_default_generators/share/rosidl_default_generators/cmake)
-- Found PythonInterp: /usr/bin/python3 (found version "3.8.10") 
-- Found ament_cmake_cppcheck: 0.9.6 (/home/saitama1/ros2_foxy/install/ament_cmake_cppcheck/share/ament_cmake_cppcheck/cmake)
-- Found ament_cmake_cpplint: 0.9.6 (/home/saitama1/ros2_foxy/install/ament_cmake_cpplint/share/ament_cmake_cpplint/cmake)
-- Found ament_cmake_uncrustify: 0.9.6 (/home/saitama1/ros2_foxy/install/ament_cmake_uncrustify/share/ament_cmake_uncrustify/cmake)
-- Found ament_cmake_ros: 0.9.2 (/home/saitama1/ros2_foxy/install/ament_cmake_ros/share/ament_cmake_ros/cmake)
-- Using all available rosidl_typesupport_c: rosidl_typesupport_introspection_c;rosidl_typesupport_fastrtps_c
-- Using all available rosidl_typesupport_cpp: rosidl_typesupport_introspection_cpp;rosidl_typesupport_fastrtps_cpp
-- Found PythonInterp: /usr/bin/python3 (found suitable version "3.8.10", minimum required is "3.5") 
-- Found python_cmake_module: 0.8.1 (/home/saitama1/ros2_foxy/install/python_cmake_module/share/python_cmake_module/cmake)
-- Using PYTHON_EXECUTABLE: /usr/bin/python3
-- Using PYTHON_INCLUDE_DIRS: /usr/include/python3.8
-- Using PYTHON_LIBRARIES: /usr/lib/x86_64-linux-gnu/libpython3.8.so
-- Found ament_cmake_flake8: 0.9.6 (/home/saitama1/ros2_foxy/install/ament_cmake_flake8/share/ament_cmake_flake8/cmake)
-- Found ament_cmake_pep257: 0.9.6 (/home/saitama1/ros2_foxy/install/ament_cmake_pep257/share/ament_cmake_pep257/cmake)
-- Configuring done
-- Generating done
-- Build files have been written to: /home/saitama1/ros2_foxy/build/shape_msgs
[  1%] Built target shape_msgs__cpp
[  3%] [32m[1mLinking C shared library libshape_msgs__rosidl_generator_c.so[0m
[ 12%] Built target shape_msgs__rosidl_generator_c
[ 14%] [32m[1mLinking CXX shared library libshape_msgs__rosidl_typesupport_introspection_cpp.so[0m
[ 23%] Built target shape_msgs__rosidl_typesupport_introspection_cpp
[ 25%] [32m[1mLinking C shared library libshape_msgs__rosidl_typesupport_introspection_c.so[0m
[ 34%] Built target shape_msgs__rosidl_typesupport_introspection_c
[ 36%] [34m[1mGenerating C type support dispatch for ROS interfaces[0m
[35m[1mScanning dependencies of target shape_msgs__rosidl_typesupport_c[0m
[ 38%] [32mBuilding CXX object CMakeFiles/shape_msgs__rosidl_typesupport_c.dir/rosidl_typesupport_c/shape_msgs/msg/mesh__type_support.cpp.o[0m
[ 40%] [32mBuilding CXX object CMakeFiles/shape_msgs__rosidl_typesupport_c.dir/rosidl_typesupport_c/shape_msgs/msg/solid_primitive__type_support.cpp.o[0m
[ 41%] [32mBuilding CXX object CMakeFiles/shape_msgs__rosidl_typesupport_c.dir/rosidl_typesupport_c/shape_msgs/msg/plane__type_support.cpp.o[0m
[ 43%] [32mBuilding CXX object CMakeFiles/shape_msgs__rosidl_typesupport_c.dir/rosidl_typesupport_c/shape_msgs/msg/mesh_triangle__type_support.cpp.o[0m
[ 45%] [32m[1mLinking CXX shared library libshape_msgs__rosidl_typesupport_c.so[0m
[ 45%] Built target shape_msgs__rosidl_typesupport_c
[ 47%] [32m[1mLinking CXX shared library libshape_msgs__rosidl_typesupport_fastrtps_cpp.so[0m
[ 56%] Built target shape_msgs__rosidl_typesupport_fastrtps_cpp
[35m[1mScanning dependencies of target shape_msgs__rosidl_typesupport_cpp[0m
[ 58%] [32mBuilding CXX object CMakeFiles/shape_msgs__rosidl_typesupport_cpp.dir/rosidl_typesupport_cpp/shape_msgs/msg/mesh__type_support.cpp.o[0m
[ 60%] [32mBuilding CXX object CMakeFiles/shape_msgs__rosidl_typesupport_cpp.dir/rosidl_typesupport_cpp/shape_msgs/msg/solid_primitive__type_support.cpp.o[0m
[ 61%] [32mBuilding CXX object CMakeFiles/shape_msgs__rosidl_typesupport_cpp.dir/rosidl_typesupport_cpp/shape_msgs/msg/plane__type_support.cpp.o[0m
[ 63%] [32mBuilding CXX object CMakeFiles/shape_msgs__rosidl_typesupport_cpp.dir/rosidl_typesupport_cpp/shape_msgs/msg/mesh_triangle__type_support.cpp.o[0m
[ 65%] [32m[1mLinking CXX shared library libshape_msgs__rosidl_typesupport_cpp.so[0m
[ 67%] Built target shape_msgs__rosidl_typesupport_cpp
[ 69%] [32m[1mLinking CXX shared library libshape_msgs__rosidl_typesupport_fastrtps_c.so[0m
[ 78%] Built target shape_msgs__rosidl_typesupport_fastrtps_c
[ 78%] Built target shape_msgs
[35m[1mScanning dependencies of target shape_msgs__py[0m
[ 80%] Built target shape_msgs__py
[ 81%] [32m[1mLinking C shared library rosidl_generator_py/shape_msgs/libshape_msgs__python.so[0m
[ 89%] Built target shape_msgs__python
[35m[1mScanning dependencies of target shape_msgs__rosidl_typesupport_fastrtps_c__pyext[0m
[ 90%] [32mBuilding C object CMakeFiles/shape_msgs__rosidl_typesupport_fastrtps_c__pyext.dir/rosidl_generator_py/shape_msgs/_shape_msgs_s.ep.rosidl_typesupport_fastrtps_c.c.o[0m
[ 92%] [32m[1mLinking CXX shared library rosidl_generator_py/shape_msgs/shape_msgs_s__rosidl_typesupport_fastrtps_c.cpython-38-x86_64-linux-gnu.so[0m
[ 92%] Built target shape_msgs__rosidl_typesupport_fastrtps_c__pyext
[ 94%] [32m[1mLinking C shared library rosidl_generator_py/shape_msgs/shape_msgs_s__rosidl_typesupport_c.cpython-38-x86_64-linux-gnu.so[0m
[ 96%] Built target shape_msgs__rosidl_typesupport_c__pyext
[ 98%] [32m[1mLinking C shared library rosidl_generator_py/shape_msgs/shape_msgs_s__rosidl_typesupport_introspection_c.cpython-38-x86_64-linux-gnu.so[0m
[100%] Built target shape_msgs__rosidl_typesupport_introspection_c__pyext
-- Install configuration: ""
-- Execute custom install script
-- Symlinking: /home/saitama1/ros2_foxy/install/shape_msgs/share/ament_index/resource_index/rosidl_interfaces/shape_msgs
-- Symlinking: /home/saitama1/ros2_foxy/install/shape_msgs/include/shape_msgs/msg/detail/mesh__functions.h
-- Symlinking: /home/saitama1/ros2_foxy/install/shape_msgs/include/shape_msgs/msg/detail/mesh__struct.h
-- Symlinking: /home/saitama1/ros2_foxy/install/shape_msgs/include/shape_msgs/msg/detail/mesh__type_support.h
-- Symlinking: /home/saitama1/ros2_foxy/install/shape_msgs/include/shape_msgs/msg/detail/mesh_triangle__functions.h
-- Symlinking: /home/saitama1/ros2_foxy/install/shape_msgs/include/shape_msgs/msg/detail/mesh_triangle__struct.h
-- Symlinking: /home/saitama1/ros2_foxy/install/shape_msgs/include/shape_msgs/msg/detail/mesh_triangle__type_support.h
-- Symlinking: /home/saitama1/ros2_foxy/install/shape_msgs/include/shape_msgs/msg/detail/plane__functions.h
-- Symlinking: /home/saitama1/ros2_foxy/install/shape_msgs/include/shape_msgs/msg/detail/plane__struct.h
-- Symlinking: /home/saitama1/ros2_foxy/install/shape_msgs/include/shape_msgs/msg/detail/plane__type_support.h
-- Symlinking: /home/saitama1/ros2_foxy/install/shape_msgs/include/shape_msgs/msg/detail/solid_primitive__functions.h
-- Symlinking: /home/saitama1/ros2_foxy/install/shape_msgs/include/shape_msgs/msg/detail/solid_primitive__struct.h
-- Symlinking: /home/saitama1/ros2_foxy/install/shape_msgs/include/shape_msgs/msg/detail/solid_primitive__type_support.h
-- Symlinking: /home/saitama1/ros2_foxy/install/shape_msgs/include/shape_msgs/msg/mesh.h
-- Symlinking: /home/saitama1/ros2_foxy/install/shape_msgs/include/shape_msgs/msg/mesh_triangle.h
-- Symlinking: /home/saitama1/ros2_foxy/install/shape_msgs/include/shape_msgs/msg/plane.h
-- Symlinking: /home/saitama1/ros2_foxy/install/shape_msgs/include/shape_msgs/msg/rosidl_generator_c__visibility_control.h
-- Symlinking: /home/saitama1/ros2_foxy/install/shape_msgs/include/shape_msgs/msg/solid_primitive.h
-- Symlinking: /home/saitama1/ros2_foxy/install/shape_msgs/share/shape_msgs/environment/library_path.sh
-- Symlinking: /home/saitama1/ros2_foxy/install/shape_msgs/share/shape_msgs/environment/library_path.dsv
-- Symlinking: /home/saitama1/ros2_foxy/install/shape_msgs/include/shape_msgs/msg/detail/mesh__rosidl_typesupport_introspection_c.h
-- Symlinking: /home/saitama1/ros2_foxy/install/shape_msgs/include/shape_msgs/msg/detail/mesh_triangle__rosidl_typesupport_introspection_c.h
-- Symlinking: /home/saitama1/ros2_foxy/install/shape_msgs/include/shape_msgs/msg/detail/plane__rosidl_typesupport_introspection_c.h
-- Symlinking: /home/saitama1/ros2_foxy/install/shape_msgs/include/shape_msgs/msg/detail/solid_primitive__rosidl_typesupport_introspection_c.h
-- Symlinking: /home/saitama1/ros2_foxy/install/shape_msgs/include/shape_msgs/msg/rosidl_typesupport_introspection_c__visibility_control.h
-- Symlinking: /home/saitama1/ros2_foxy/install/shape_msgs/include/shape_msgs/msg/detail/mesh__rosidl_typesupport_fastrtps_c.h
-- Symlinking: /home/saitama1/ros2_foxy/install/shape_msgs/include/shape_msgs/msg/detail/mesh_triangle__rosidl_typesupport_fastrtps_c.h
-- Symlinking: /home/saitama1/ros2_foxy/install/shape_msgs/include/shape_msgs/msg/detail/plane__rosidl_typesupport_fastrtps_c.h
-- Symlinking: /home/saitama1/ros2_foxy/install/shape_msgs/include/shape_msgs/msg/detail/solid_primitive__rosidl_typesupport_fastrtps_c.h
-- Symlinking: /home/saitama1/ros2_foxy/install/shape_msgs/include/shape_msgs/msg/rosidl_typesupport_fastrtps_c__visibility_control.h
-- Symlinking: /home/saitama1/ros2_foxy/install/shape_msgs/lib/libshape_msgs__rosidl_typesupport_fastrtps_c.so
-- Symlinking: /home/saitama1/ros2_foxy/install/shape_msgs/include/shape_msgs/msg/detail/mesh__rosidl_typesupport_fastrtps_cpp.hpp
-- Symlinking: /home/saitama1/ros2_foxy/install/shape_msgs/include/shape_msgs/msg/detail/mesh_triangle__rosidl_typesupport_fastrtps_cpp.hpp
-- Symlinking: /home/saitama1/ros2_foxy/install/shape_msgs/include/shape_msgs/msg/detail/plane__rosidl_typesupport_fastrtps_cpp.hpp
-- Symlinking: /home/saitama1/ros2_foxy/install/shape_msgs/include/shape_msgs/msg/detail/solid_primitive__rosidl_typesupport_fastrtps_cpp.hpp
-- Symlinking: /home/saitama1/ros2_foxy/install/shape_msgs/include/shape_msgs/msg/rosidl_typesupport_fastrtps_cpp__visibility_control.h
-- Symlinking: /home/saitama1/ros2_foxy/install/shape_msgs/lib/libshape_msgs__rosidl_typesupport_fastrtps_cpp.so
-- Symlinking: /home/saitama1/ros2_foxy/install/shape_msgs/include/shape_msgs/msg/detail/mesh__builder.hpp
-- Symlinking: /home/saitama1/ros2_foxy/install/shape_msgs/include/shape_msgs/msg/detail/mesh__struct.hpp
-- Symlinking: /home/saitama1/ros2_foxy/install/shape_msgs/include/shape_msgs/msg/detail/mesh__traits.hpp
-- Symlinking: /home/saitama1/ros2_foxy/install/shape_msgs/include/shape_msgs/msg/detail/mesh_triangle__builder.hpp
-- Symlinking: /home/saitama1/ros2_foxy/install/shape_msgs/include/shape_msgs/msg/detail/mesh_triangle__struct.hpp
-- Symlinking: /home/saitama1/ros2_foxy/install/shape_msgs/include/shape_msgs/msg/detail/mesh_triangle__traits.hpp
-- Symlinking: /home/saitama1/ros2_foxy/install/shape_msgs/include/shape_msgs/msg/detail/plane__builder.hpp
-- Symlinking: /home/saitama1/ros2_foxy/install/shape_msgs/include/shape_msgs/msg/detail/plane__struct.hpp
-- Symlinking: /home/saitama1/ros2_foxy/install/shape_msgs/include/shape_msgs/msg/detail/plane__traits.hpp
-- Symlinking: /home/saitama1/ros2_foxy/install/shape_msgs/include/shape_msgs/msg/detail/solid_primitive__builder.hpp
-- Symlinking: /home/saitama1/ros2_foxy/install/shape_msgs/include/shape_msgs/msg/detail/solid_primitive__struct.hpp
-- Symlinking: /home/saitama1/ros2_foxy/install/shape_msgs/include/shape_msgs/msg/detail/solid_primitive__traits.hpp
-- Symlinking: /home/saitama1/ros2_foxy/install/shape_msgs/include/shape_msgs/msg/mesh.hpp
-- Symlinking: /home/saitama1/ros2_foxy/install/shape_msgs/include/shape_msgs/msg/mesh_triangle.hpp
-- Symlinking: /home/saitama1/ros2_foxy/install/shape_msgs/include/shape_msgs/msg/plane.hpp
-- Symlinking: /home/saitama1/ros2_foxy/install/shape_msgs/include/shape_msgs/msg/solid_primitive.hpp
-- Symlinking: /home/saitama1/ros2_foxy/install/shape_msgs/include/shape_msgs/msg/detail/mesh__rosidl_typesupport_introspection_cpp.hpp
-- Symlinking: /home/saitama1/ros2_foxy/install/shape_msgs/include/shape_msgs/msg/detail/mesh_triangle__rosidl_typesupport_introspection_cpp.hpp
-- Symlinking: /home/saitama1/ros2_foxy/install/shape_msgs/include/shape_msgs/msg/detail/plane__rosidl_typesupport_introspection_cpp.hpp
-- Symlinking: /home/saitama1/ros2_foxy/install/shape_msgs/include/shape_msgs/msg/detail/solid_primitive__rosidl_typesupport_introspection_cpp.hpp
-- Symlinking: /home/saitama1/ros2_foxy/install/shape_msgs/share/shape_msgs/environment/pythonpath.sh
-- Symlinking: /home/saitama1/ros2_foxy/install/shape_msgs/share/shape_msgs/environment/pythonpath.dsv
-- Symlinking: /home/saitama1/ros2_foxy/install/shape_msgs/lib/python3.8/site-packages/shape_msgs/__init__.py
-- Symlinking: /home/saitama1/ros2_foxy/install/shape_msgs/lib/python3.8/site-packages/shape_msgs/msg/__init__.py
-- Symlinking: /home/saitama1/ros2_foxy/install/shape_msgs/lib/python3.8/site-packages/shape_msgs/msg/_mesh.py
-- Symlinking: /home/saitama1/ros2_foxy/install/shape_msgs/lib/python3.8/site-packages/shape_msgs/msg/_mesh_triangle.py
-- Symlinking: /home/saitama1/ros2_foxy/install/shape_msgs/lib/python3.8/site-packages/shape_msgs/msg/_plane.py
-- Symlinking: /home/saitama1/ros2_foxy/install/shape_msgs/lib/python3.8/site-packages/shape_msgs/msg/_solid_primitive.py
-- Symlinking: /home/saitama1/ros2_foxy/install/shape_msgs/lib/python3.8/site-packages/shape_msgs/shape_msgs_s__rosidl_typesupport_introspection_c.cpython-38-x86_64-linux-gnu.so
-- Symlinking: /home/saitama1/ros2_foxy/install/shape_msgs/lib/python3.8/site-packages/shape_msgs/shape_msgs_s__rosidl_typesupport_fastrtps_c.cpython-38-x86_64-linux-gnu.so
-- Symlinking: /home/saitama1/ros2_foxy/install/shape_msgs/lib/python3.8/site-packages/shape_msgs/shape_msgs_s__rosidl_typesupport_c.cpython-38-x86_64-linux-gnu.so
-- Symlinking: /home/saitama1/ros2_foxy/install/shape_msgs/lib/libshape_msgs__python.so
-- Symlinking: /home/saitama1/ros2_foxy/install/shape_msgs/share/shape_msgs/msg/Mesh.idl
-- Symlinking: /home/saitama1/ros2_foxy/install/shape_msgs/share/shape_msgs/msg/MeshTriangle.idl
-- Symlinking: /home/saitama1/ros2_foxy/install/shape_msgs/share/shape_msgs/msg/Plane.idl
-- Symlinking: /home/saitama1/ros2_foxy/install/shape_msgs/share/shape_msgs/msg/SolidPrimitive.idl
-- Symlinking: /home/saitama1/ros2_foxy/install/shape_msgs/share/shape_msgs/msg/Mesh.msg
-- Symlinking: /home/saitama1/ros2_foxy/install/shape_msgs/share/shape_msgs/msg/MeshTriangle.msg
-- Symlinking: /home/saitama1/ros2_foxy/install/shape_msgs/share/shape_msgs/msg/Plane.msg
-- Symlinking: /home/saitama1/ros2_foxy/install/shape_msgs/share/shape_msgs/msg/SolidPrimitive.msg
-- Symlinking: /home/saitama1/ros2_foxy/install/shape_msgs/share/ament_index/resource_index/package_run_dependencies/shape_msgs
-- Symlinking: /home/saitama1/ros2_foxy/install/shape_msgs/share/ament_index/resource_index/parent_prefix_path/shape_msgs
-- Symlinking: /home/saitama1/ros2_foxy/install/shape_msgs/share/shape_msgs/environment/ament_prefix_path.sh
-- Symlinking: /home/saitama1/ros2_foxy/install/shape_msgs/share/shape_msgs/environment/ament_prefix_path.dsv
-- Symlinking: /home/saitama1/ros2_foxy/install/shape_msgs/share/shape_msgs/environment/path.sh
-- Symlinking: /home/saitama1/ros2_foxy/install/shape_msgs/share/shape_msgs/environment/path.dsv
-- Symlinking: /home/saitama1/ros2_foxy/install/shape_msgs/share/shape_msgs/local_setup.bash
-- Symlinking: /home/saitama1/ros2_foxy/install/shape_msgs/share/shape_msgs/local_setup.sh
-- Symlinking: /home/saitama1/ros2_foxy/install/shape_msgs/share/shape_msgs/local_setup.zsh
-- Symlinking: /home/saitama1/ros2_foxy/install/shape_msgs/share/shape_msgs/local_setup.dsv
-- Symlinking: /home/saitama1/ros2_foxy/install/shape_msgs/share/shape_msgs/package.dsv
-- Symlinking: /home/saitama1/ros2_foxy/install/shape_msgs/share/ament_index/resource_index/packages/shape_msgs
-- Symlinking: /home/saitama1/ros2_foxy/install/shape_msgs/share/shape_msgs/cmake/rosidl_cmake-extras.cmake
-- Symlinking: /home/saitama1/ros2_foxy/install/shape_msgs/share/shape_msgs/cmake/ament_cmake_export_dependencies-extras.cmake
-- Symlinking: /home/saitama1/ros2_foxy/install/shape_msgs/share/shape_msgs/cmake/ament_cmake_export_libraries-extras.cmake
-- Symlinking: /home/saitama1/ros2_foxy/install/shape_msgs/share/shape_msgs/cmake/ament_cmake_export_targets-extras.cmake
-- Symlinking: /home/saitama1/ros2_foxy/install/shape_msgs/share/shape_msgs/cmake/ament_cmake_export_include_directories-extras.cmake
-- Symlinking: /home/saitama1/ros2_foxy/install/shape_msgs/share/shape_msgs/cmake/rosidl_cmake_export_typesupport_targets-extras.cmake
-- Symlinking: /home/saitama1/ros2_foxy/install/shape_msgs/share/shape_msgs/cmake/rosidl_cmake_export_typesupport_libraries-extras.cmake
-- Symlinking: /home/saitama1/ros2_foxy/install/shape_msgs/share/shape_msgs/cmake/shape_msgsConfig.cmake
-- Symlinking: /home/saitama1/ros2_foxy/install/shape_msgs/share/shape_msgs/cmake/shape_msgsConfig-version.cmake
-- Symlinking: /home/saitama1/ros2_foxy/install/shape_msgs/share/shape_msgs/package.xml
-- Installing: /home/saitama1/ros2_foxy/install/shape_msgs/lib/libshape_msgs__rosidl_generator_c.so
-- Set runtime path of "/home/saitama1/ros2_foxy/install/shape_msgs/lib/libshape_msgs__rosidl_generator_c.so" to ""
-- Installing: /home/saitama1/ros2_foxy/install/shape_msgs/lib/libshape_msgs__rosidl_typesupport_introspection_c.so
-- Set runtime path of "/home/saitama1/ros2_foxy/install/shape_msgs/lib/libshape_msgs__rosidl_typesupport_introspection_c.so" to ""
-- Installing: /home/saitama1/ros2_foxy/install/shape_msgs/lib/libshape_msgs__rosidl_typesupport_c.so
-- Set runtime path of "/home/saitama1/ros2_foxy/install/shape_msgs/lib/libshape_msgs__rosidl_typesupport_c.so" to ""
-- Installing: /home/saitama1/ros2_foxy/install/shape_msgs/lib/libshape_msgs__rosidl_typesupport_introspection_cpp.so
-- Set runtime path of "/home/saitama1/ros2_foxy/install/shape_msgs/lib/libshape_msgs__rosidl_typesupport_introspection_cpp.so" to ""
-- Installing: /home/saitama1/ros2_foxy/install/shape_msgs/lib/libshape_msgs__rosidl_typesupport_cpp.so
-- Set runtime path of "/home/saitama1/ros2_foxy/install/shape_msgs/lib/libshape_msgs__rosidl_typesupport_cpp.so" to ""
Compiling '/home/saitama1/ros2_foxy/install/shape_msgs/lib/python3.8/site-packages/shape_msgs/__init__.py'...
-- Up-to-date: /home/saitama1/ros2_foxy/install/shape_msgs/share/shape_msgs/cmake/shape_msgs__rosidl_generator_cExport.cmake
-- Installing: /home/saitama1/ros2_foxy/install/shape_msgs/share/shape_msgs/cmake/shape_msgs__rosidl_generator_cExport-noconfig.cmake
-- Up-to-date: /home/saitama1/ros2_foxy/install/shape_msgs/share/shape_msgs/cmake/shape_msgs__rosidl_typesupport_introspection_cExport.cmake
-- Installing: /home/saitama1/ros2_foxy/install/shape_msgs/share/shape_msgs/cmake/shape_msgs__rosidl_typesupport_introspection_cExport-noconfig.cmake
-- Up-to-date: /home/saitama1/ros2_foxy/install/shape_msgs/share/shape_msgs/cmake/shape_msgs__rosidl_typesupport_cExport.cmake
-- Installing: /home/saitama1/ros2_foxy/install/shape_msgs/share/shape_msgs/cmake/shape_msgs__rosidl_typesupport_cExport-noconfig.cmake
-- Up-to-date: /home/saitama1/ros2_foxy/install/shape_msgs/share/shape_msgs/cmake/shape_msgs__rosidl_generator_cppExport.cmake
-- Up-to-date: /home/saitama1/ros2_foxy/install/shape_msgs/share/shape_msgs/cmake/shape_msgs__rosidl_typesupport_introspection_cppExport.cmake
-- Installing: /home/saitama1/ros2_foxy/install/shape_msgs/share/shape_msgs/cmake/shape_msgs__rosidl_typesupport_introspection_cppExport-noconfig.cmake
-- Up-to-date: /home/saitama1/ros2_foxy/install/shape_msgs/share/shape_msgs/cmake/shape_msgs__rosidl_typesupport_cppExport.cmake
-- Installing: /home/saitama1/ros2_foxy/install/shape_msgs/share/shape_msgs/cmake/shape_msgs__rosidl_typesupport_cppExport-noconfig.cmake
