[0.303s] Invoking command in '/home/saitama1/Pictures/ros2-picas/ros2_foxy/build/ros_environment': AMENT_PREFIX_PATH=/home/saitama1/Pictures/ros2-picas/ros2_foxy/install/ament_cmake_core:/home/saitama1/Pictures/ros2-picas/ros2_foxy/install/ament_package CMAKE_PREFIX_PATH=/home/saitama1/Pictures/ros2-picas/ros2_foxy/install/ament_cmake_core PYTHONPATH=/home/saitama1/Pictures/ros2-picas/ros2_foxy/install/ament_package/lib/python3.8/site-packages /usr/bin/cmake /home/saitama1/Pictures/ros2-picas/ros2_foxy/src/ros/ros_environment -DCMAKE_INSTALL_PREFIX=/home/saitama1/Pictures/ros2-picas/ros2_foxy/install/ros_environment
[0.337s] -- Found ament_cmake_core: 0.9.8 (/home/saitama1/Pictures/ros2-picas/ros2_foxy/install/ament_cmake_core/share/ament_cmake_core/cmake)
[0.345s] -- Found PythonInterp: /usr/bin/python3 (found suitable version "3.8.10", minimum required is "3") 
[0.346s] -- Using PYTHON_EXECUTABLE: /usr/bin/python3
[0.528s] -- Configuring done
[0.530s] -- Generating done
[0.530s] -- Build files have been written to: /home/saitama1/Pictures/ros2-picas/ros2_foxy/build/ros_environment
[0.612s] Invoked command in '/home/saitama1/Pictures/ros2-picas/ros2_foxy/build/ros_environment' returned '0': AMENT_PREFIX_PATH=/home/saitama1/Pictures/ros2-picas/ros2_foxy/install/ament_cmake_core:/home/saitama1/Pictures/ros2-picas/ros2_foxy/install/ament_package CMAKE_PREFIX_PATH=/home/saitama1/Pictures/ros2-picas/ros2_foxy/install/ament_cmake_core PYTHONPATH=/home/saitama1/Pictures/ros2-picas/ros2_foxy/install/ament_package/lib/python3.8/site-packages /usr/bin/cmake /home/saitama1/Pictures/ros2-picas/ros2_foxy/src/ros/ros_environment -DCMAKE_INSTALL_PREFIX=/home/saitama1/Pictures/ros2-picas/ros2_foxy/install/ros_environment
[0.615s] Invoking command in '/home/saitama1/Pictures/ros2-picas/ros2_foxy/build/ros_environment': AMENT_PREFIX_PATH=/home/saitama1/Pictures/ros2-picas/ros2_foxy/install/ament_cmake_core:/home/saitama1/Pictures/ros2-picas/ros2_foxy/install/ament_package CMAKE_PREFIX_PATH=/home/saitama1/Pictures/ros2-picas/ros2_foxy/install/ament_cmake_core PYTHONPATH=/home/saitama1/Pictures/ros2-picas/ros2_foxy/install/ament_package/lib/python3.8/site-packages /usr/bin/cmake --build /home/saitama1/Pictures/ros2-picas/ros2_foxy/build/ros_environment -- -j12 -l12
[0.718s] Invoked command in '/home/saitama1/Pictures/ros2-picas/ros2_foxy/build/ros_environment' returned '0': AMENT_PREFIX_PATH=/home/saitama1/Pictures/ros2-picas/ros2_foxy/install/ament_cmake_core:/home/saitama1/Pictures/ros2-picas/ros2_foxy/install/ament_package CMAKE_PREFIX_PATH=/home/saitama1/Pictures/ros2-picas/ros2_foxy/install/ament_cmake_core PYTHONPATH=/home/saitama1/Pictures/ros2-picas/ros2_foxy/install/ament_package/lib/python3.8/site-packages /usr/bin/cmake --build /home/saitama1/Pictures/ros2-picas/ros2_foxy/build/ros_environment -- -j12 -l12
[1.016s] Invoking command in '/home/saitama1/Pictures/ros2-picas/ros2_foxy/build/ros_environment': AMENT_PREFIX_PATH=/home/saitama1/Pictures/ros2-picas/ros2_foxy/install/ament_cmake_core:/home/saitama1/Pictures/ros2-picas/ros2_foxy/install/ament_package CMAKE_PREFIX_PATH=/home/saitama1/Pictures/ros2-picas/ros2_foxy/install/ament_cmake_core PYTHONPATH=/home/saitama1/Pictures/ros2-picas/ros2_foxy/install/ament_package/lib/python3.8/site-packages /usr/bin/cmake --install /home/saitama1/Pictures/ros2-picas/ros2_foxy/build/ros_environment
[1.036s] -- Install configuration: ""
[1.036s] -- Up-to-date: /home/saitama1/Pictures/ros2-picas/ros2_foxy/install/ros_environment/share/ros_environment/environment/1.ros_distro.dsv
[1.036s] -- Up-to-date: /home/saitama1/Pictures/ros2-picas/ros2_foxy/install/ros_environment/share/ros_environment/environment/1.ros_distro.sh
[1.037s] -- Up-to-date: /home/saitama1/Pictures/ros2-picas/ros2_foxy/install/ros_environment/share/ros_environment/environment/1.ros_localhost_only.dsv
[1.037s] -- Up-to-date: /home/saitama1/Pictures/ros2-picas/ros2_foxy/install/ros_environment/share/ros_environment/environment/1.ros_localhost_only.sh
[1.037s] -- Up-to-date: /home/saitama1/Pictures/ros2-picas/ros2_foxy/install/ros_environment/share/ros_environment/environment/1.ros_python_version.dsv
[1.037s] -- Up-to-date: /home/saitama1/Pictures/ros2-picas/ros2_foxy/install/ros_environment/share/ros_environment/environment/1.ros_python_version.sh
[1.037s] -- Up-to-date: /home/saitama1/Pictures/ros2-picas/ros2_foxy/install/ros_environment/share/ros_environment/environment/1.ros_version.dsv
[1.037s] -- Up-to-date: /home/saitama1/Pictures/ros2-picas/ros2_foxy/install/ros_environment/share/ros_environment/environment/1.ros_version.sh
[1.037s] -- Up-to-date: /home/saitama1/Pictures/ros2-picas/ros2_foxy/install/ros_environment/share/ros_environment/environment/0.ros_distro_check.sh
[1.037s] -- Up-to-date: /home/saitama1/Pictures/ros2-picas/ros2_foxy/install/ros_environment/share/ament_index/resource_index/package_run_dependencies/ros_environment
[1.038s] -- Up-to-date: /home/saitama1/Pictures/ros2-picas/ros2_foxy/install/ros_environment/share/ament_index/resource_index/parent_prefix_path/ros_environment
[1.038s] -- Up-to-date: /home/saitama1/Pictures/ros2-picas/ros2_foxy/install/ros_environment/share/ros_environment/environment/ament_prefix_path.sh
[1.038s] -- Installing: /home/saitama1/Pictures/ros2-picas/ros2_foxy/install/ros_environment/share/ros_environment/environment/ament_prefix_path.dsv
[1.039s] -- Up-to-date: /home/saitama1/Pictures/ros2-picas/ros2_foxy/install/ros_environment/share/ros_environment/environment/path.sh
[1.039s] -- Installing: /home/saitama1/Pictures/ros2-picas/ros2_foxy/install/ros_environment/share/ros_environment/environment/path.dsv
[1.039s] -- Up-to-date: /home/saitama1/Pictures/ros2-picas/ros2_foxy/install/ros_environment/share/ros_environment/local_setup.bash
[1.039s] -- Up-to-date: /home/saitama1/Pictures/ros2-picas/ros2_foxy/install/ros_environment/share/ros_environment/local_setup.sh
[1.040s] -- Up-to-date: /home/saitama1/Pictures/ros2-picas/ros2_foxy/install/ros_environment/share/ros_environment/local_setup.zsh
[1.040s] -- Installing: /home/saitama1/Pictures/ros2-picas/ros2_foxy/install/ros_environment/share/ros_environment/local_setup.dsv
[1.040s] -- Installing: /home/saitama1/Pictures/ros2-picas/ros2_foxy/install/ros_environment/share/ros_environment/package.dsv
[1.040s] -- Up-to-date: /home/saitama1/Pictures/ros2-picas/ros2_foxy/install/ros_environment/share/ament_index/resource_index/packages/ros_environment
[1.040s] -- Up-to-date: /home/saitama1/Pictures/ros2-picas/ros2_foxy/install/ros_environment/share/ros_environment/cmake/ros_environmentConfig.cmake
[1.041s] -- Up-to-date: /home/saitama1/Pictures/ros2-picas/ros2_foxy/install/ros_environment/share/ros_environment/cmake/ros_environmentConfig-version.cmake
[1.041s] -- Up-to-date: /home/saitama1/Pictures/ros2-picas/ros2_foxy/install/ros_environment/share/ros_environment/package.xml
[1.147s] Invoked command in '/home/saitama1/Pictures/ros2-picas/ros2_foxy/build/ros_environment' returned '0': AMENT_PREFIX_PATH=/home/saitama1/Pictures/ros2-picas/ros2_foxy/install/ament_cmake_core:/home/saitama1/Pictures/ros2-picas/ros2_foxy/install/ament_package CMAKE_PREFIX_PATH=/home/saitama1/Pictures/ros2-picas/ros2_foxy/install/ament_cmake_core PYTHONPATH=/home/saitama1/Pictures/ros2-picas/ros2_foxy/install/ament_package/lib/python3.8/site-packages /usr/bin/cmake --install /home/saitama1/Pictures/ros2-picas/ros2_foxy/build/ros_environment
