-- The C compiler identification is GNU 9.3.0
-- The CXX compiler identification is GNU 9.3.0
-- Check for working C compiler: /usr/bin/cc
-- Check for working C compiler: /usr/bin/cc -- works
-- Detecting C compiler ABI info
-- Detecting C compiler ABI info - done
-- Detecting C compile features
-- Detecting C compile features - done
-- Check for working CXX compiler: /usr/bin/c++
-- Check for working CXX compiler: /usr/bin/c++ -- works
-- Detecting CXX compiler ABI info
-- Detecting CXX compiler ABI info - done
-- Detecting CXX compile features
-- Detecting CXX compile features - done
-- Found ament_cmake: 0.9.8 (/home/saitama1/ros2_foxy/install/ament_cmake/share/ament_cmake/cmake)
-- Found PythonInterp: /usr/bin/python3 (found suitable version "3.8.10", minimum required is "3") 
-- Using PYTHON_EXECUTABLE: /usr/bin/python3
-- Found ament_lint_auto: 0.9.6 (/home/saitama1/ros2_foxy/install/ament_lint_auto/share/ament_lint_auto/cmake)
-- Found performance_test_fixture: 0.0.7 (/home/saitama1/ros2_foxy/install/performance_test_fixture/share/performance_test_fixture/cmake)
-- Found gtest sources under '/home/saitama1/ros2_foxy/install/gtest_vendor/src/gtest_vendor': C++ tests using 'Google Test' will be built
-- Looking for pthread.h
-- Looking for pthread.h - found
-- Performing Test CMAKE_HAVE_LIBC_PTHREAD
-- Performing Test CMAKE_HAVE_LIBC_PTHREAD - Failed
-- Check if compiler accepts -pthread
-- Check if compiler accepts -pthread - yes
-- Found Threads: TRUE  
-- Performance tests are disabled by default, so Google Benchmark tests will be skipped. To enable these tests, set the CMake variable 'AMENT_RUN_PERFORMANCE_TESTS'.
-- Added test 'copyright' to check source files copyright and LICENSE
-- Added test 'cppcheck' to perform static code analysis on C / C++ code
-- Configured cppcheck include dirs: /home/saitama1/ros2_foxy/install/performance_test_fixture/include;$<BUILD_INTERFACE:/home/saitama1/ros2_foxy/src/ros2/rosidl/rosidl_runtime_cpp/include>;/home/saitama1/ros2_foxy/src/ros2/rosidl/rosidl_runtime_cpp/include
-- Configured cppcheck exclude dirs and/or files: 
-- Added test 'cpplint' to check C / C++ code against the Google style
-- Configured cpplint exclude dirs and/or files: 
-- Added test 'lint_cmake' to check CMake code style
-- Added test 'uncrustify' to check C / C++ code style
-- Configured uncrustify additional arguments: 
-- Added test 'xmllint' to check XML markup files
-- Configuring done
-- Generating done
-- Build files have been written to: /home/saitama1/ros2_foxy/build/rosidl_runtime_cpp
[35m[1mScanning dependencies of target benchmark_bounded_vector[0m
[ 12%] [32mBuilding CXX object CMakeFiles/benchmark_bounded_vector.dir/test/benchmark/benchmark_bounded_vector.cpp.o[0m
[ 25%] [32m[1mLinking CXX executable benchmark_bounded_vector[0m
[ 25%] Built target benchmark_bounded_vector
[35m[1mScanning dependencies of target gtest_main[0m
[ 37%] [32mBuilding CXX object gtest/CMakeFiles/gtest_main.dir/src/gtest_main.cc.o[0m
[ 50%] [32m[1mLinking CXX static library libgtest_main.a[0m
[ 50%] Built target gtest_main
[35m[1mScanning dependencies of target gtest[0m
[ 62%] [32mBuilding CXX object gtest/CMakeFiles/gtest.dir/src/gtest-all.cc.o[0m
[ 75%] [32m[1mLinking CXX static library libgtest.a[0m
[ 75%] Built target gtest
[35m[1mScanning dependencies of target test_bounded_vector[0m
[ 87%] [32mBuilding CXX object CMakeFiles/test_bounded_vector.dir/test/test_bounded_vector.cpp.o[0m
[100%] [32m[1mLinking CXX executable test_bounded_vector[0m
[100%] Built target test_bounded_vector
-- Install configuration: ""
-- Installing: /home/saitama1/ros2_foxy/install/rosidl_runtime_cpp/share/ament_index/resource_index/rosidl_runtime_packages/rosidl_runtime_cpp
-- Installing: /home/saitama1/ros2_foxy/install/rosidl_runtime_cpp/include
-- Installing: /home/saitama1/ros2_foxy/install/rosidl_runtime_cpp/include/rosidl_typesupport_cpp
-- Installing: /home/saitama1/ros2_foxy/install/rosidl_runtime_cpp/include/rosidl_typesupport_cpp/service_type_support.hpp
-- Installing: /home/saitama1/ros2_foxy/install/rosidl_runtime_cpp/include/rosidl_typesupport_cpp/message_type_support.hpp
-- Installing: /home/saitama1/ros2_foxy/install/rosidl_runtime_cpp/include/rosidl_typesupport_cpp/action_type_support.hpp
-- Installing: /home/saitama1/ros2_foxy/install/rosidl_runtime_cpp/include/rosidl_runtime_cpp
-- Installing: /home/saitama1/ros2_foxy/install/rosidl_runtime_cpp/include/rosidl_runtime_cpp/message_type_support_decl.hpp
-- Installing: /home/saitama1/ros2_foxy/install/rosidl_runtime_cpp/include/rosidl_runtime_cpp/message_initialization.hpp
-- Installing: /home/saitama1/ros2_foxy/install/rosidl_runtime_cpp/include/rosidl_runtime_cpp/bounded_vector.hpp
-- Installing: /home/saitama1/ros2_foxy/install/rosidl_runtime_cpp/include/rosidl_runtime_cpp/action_type_support_decl.hpp
-- Installing: /home/saitama1/ros2_foxy/install/rosidl_runtime_cpp/include/rosidl_runtime_cpp/traits.hpp
-- Installing: /home/saitama1/ros2_foxy/install/rosidl_runtime_cpp/include/rosidl_runtime_cpp/service_type_support_decl.hpp
-- Installing: /home/saitama1/ros2_foxy/install/rosidl_runtime_cpp/share/ament_index/resource_index/package_run_dependencies/rosidl_runtime_cpp
-- Installing: /home/saitama1/ros2_foxy/install/rosidl_runtime_cpp/share/ament_index/resource_index/parent_prefix_path/rosidl_runtime_cpp
-- Installing: /home/saitama1/ros2_foxy/install/rosidl_runtime_cpp/share/rosidl_runtime_cpp/environment/ament_prefix_path.sh
-- Installing: /home/saitama1/ros2_foxy/install/rosidl_runtime_cpp/share/rosidl_runtime_cpp/environment/ament_prefix_path.dsv
-- Installing: /home/saitama1/ros2_foxy/install/rosidl_runtime_cpp/share/rosidl_runtime_cpp/environment/path.sh
-- Installing: /home/saitama1/ros2_foxy/install/rosidl_runtime_cpp/share/rosidl_runtime_cpp/environment/path.dsv
-- Installing: /home/saitama1/ros2_foxy/install/rosidl_runtime_cpp/share/rosidl_runtime_cpp/local_setup.bash
-- Installing: /home/saitama1/ros2_foxy/install/rosidl_runtime_cpp/share/rosidl_runtime_cpp/local_setup.sh
-- Installing: /home/saitama1/ros2_foxy/install/rosidl_runtime_cpp/share/rosidl_runtime_cpp/local_setup.zsh
-- Installing: /home/saitama1/ros2_foxy/install/rosidl_runtime_cpp/share/rosidl_runtime_cpp/local_setup.dsv
-- Installing: /home/saitama1/ros2_foxy/install/rosidl_runtime_cpp/share/rosidl_runtime_cpp/package.dsv
-- Installing: /home/saitama1/ros2_foxy/install/rosidl_runtime_cpp/share/ament_index/resource_index/packages/rosidl_runtime_cpp
-- Installing: /home/saitama1/ros2_foxy/install/rosidl_runtime_cpp/share/rosidl_runtime_cpp/cmake/rosidl_runtime_cppExport.cmake
-- Installing: /home/saitama1/ros2_foxy/install/rosidl_runtime_cpp/share/rosidl_runtime_cpp/cmake/ament_cmake_export_include_directories-extras.cmake
-- Installing: /home/saitama1/ros2_foxy/install/rosidl_runtime_cpp/share/rosidl_runtime_cpp/cmake/ament_cmake_export_targets-extras.cmake
-- Installing: /home/saitama1/ros2_foxy/install/rosidl_runtime_cpp/share/rosidl_runtime_cpp/cmake/rosidl_runtime_cppConfig.cmake
-- Installing: /home/saitama1/ros2_foxy/install/rosidl_runtime_cpp/share/rosidl_runtime_cpp/cmake/rosidl_runtime_cppConfig-version.cmake
-- Installing: /home/saitama1/ros2_foxy/install/rosidl_runtime_cpp/share/rosidl_runtime_cpp/package.xml
