-- Found ament_cmake: 0.9.8 (/home/saitama1/ros2_foxy/install/ament_cmake/share/ament_cmake/cmake)
-- Found PythonInterp: /usr/bin/python3 (found suitable version "3.8.10", minimum required is "3") 
-- Using PYTHON_EXECUTABLE: /usr/bin/python3
-- Override CMake install command with custom implementation using symlinks instead of copying resources
-- Found example_interfaces: 0.9.1 (/home/saitama1/ros2_foxy/install/example_interfaces/share/example_interfaces/cmake)
-- Using all available rosidl_typesupport_c: rosidl_typesupport_introspection_c;rosidl_typesupport_fastrtps_c
-- Found rosidl_adapter: 1.2.1 (/home/saitama1/ros2_foxy/install/rosidl_adapter/share/rosidl_adapter/cmake)
-- Using all available rosidl_typesupport_cpp: rosidl_typesupport_introspection_cpp;rosidl_typesupport_fastrtps_cpp
-- Found rclcpp: 2.3.1 (/home/saitama1/ros2_foxy/install/rclcpp/share/rclcpp/cmake)
-- Found rmw_implementation_cmake: 1.0.3 (/home/saitama1/ros2_foxy/install/rmw_implementation_cmake/share/rmw_implementation_cmake/cmake)
-- Using RMW implementation 'rmw_fastrtps_cpp' as default
-- Found rclcpp_components: 2.3.1 (/home/saitama1/ros2_foxy/install/rclcpp_components/share/rclcpp_components/cmake)
-- Found ament_lint_auto: 0.9.6 (/home/saitama1/ros2_foxy/install/ament_lint_auto/share/ament_lint_auto/cmake)
-- Found python_cmake_module: 0.8.1 (/home/saitama1/ros2_foxy/install/python_cmake_module/share/python_cmake_module/cmake)
-- Found PythonInterp: /usr/bin/python3 (found suitable version "3.8.10", minimum required is "3.5") 
-- Using PYTHON_EXECUTABLE: /usr/bin/python3
-- Using PYTHON_INCLUDE_DIRS: /usr/include/python3.8
-- Using PYTHON_LIBRARIES: /usr/lib/x86_64-linux-gnu/libpython3.8.so
-- Added test 'copyright' to check source files copyright and LICENSE
-- Added test 'cppcheck' to perform static code analysis on C / C++ code
-- Configured cppcheck include dirs: /home/saitama1/ros2_foxy/src/ros2/demos/demo_nodes_cpp/include
-- Configured cppcheck exclude dirs and/or files: 
-- Added test 'cpplint' to check C / C++ code against the Google style
-- Configured cpplint exclude dirs and/or files: 
-- Added test 'flake8' to check Python code syntax and style conventions
-- Added test 'lint_cmake' to check CMake code style
-- Added test 'pep257' to check Python code against some of the style conventions in PEP 257
-- Added test 'uncrustify' to check C / C++ code style
-- Configured uncrustify additional arguments: 
-- Added test 'xmllint' to check XML markup files
-- Configuring done
-- Generating done
-- Build files have been written to: /home/saitama1/ros2_foxy/build/demo_nodes_cpp
[35m[1mScanning dependencies of target parameters_library[0m
[  1%] [32mBuilding CXX object CMakeFiles/parameters_library.dir/src/parameters/list_parameters.cpp.o[0m
[  3%] [32mBuilding CXX object CMakeFiles/parameters_library.dir/src/parameters/parameter_blackboard.cpp.o[0m
[  5%] [32mBuilding CXX object CMakeFiles/parameters_library.dir/src/parameters/set_and_get_parameters.cpp.o[0m
[  6%] [32mBuilding CXX object CMakeFiles/parameters_library.dir/src/parameters/parameter_events_async.cpp.o[0m
[  8%] [32mBuilding CXX object CMakeFiles/parameters_library.dir/src/parameters/even_parameters_node.cpp.o[0m
[ 10%] [32m[1mLinking CXX shared library libparameters_library.so[0m
[ 10%] Built target parameters_library
[35m[1mScanning dependencies of target add_two_ints_client_async[0m
[ 11%] [32mBuilding CXX object CMakeFiles/add_two_ints_client_async.dir/rclcpp_components/node_main_add_two_ints_client_async.cpp.o[0m
[ 13%] [32m[1mLinking CXX executable add_two_ints_client_async[0m
[ 13%] Built target add_two_ints_client_async
[35m[1mScanning dependencies of target talker[0m
[ 15%] [32mBuilding CXX object CMakeFiles/talker.dir/rclcpp_components/node_main_talker.cpp.o[0m
[ 16%] [32m[1mLinking CXX executable talker[0m
[ 16%] Built target talker
[35m[1mScanning dependencies of target allocator_tutorial[0m
[ 18%] [32mBuilding CXX object CMakeFiles/allocator_tutorial.dir/src/topics/allocator_tutorial.cpp.o[0m
[ 20%] [32m[1mLinking CXX executable allocator_tutorial[0m
[ 20%] Built target allocator_tutorial
[35m[1mScanning dependencies of target set_and_get_parameters_async[0m
[ 21%] [32mBuilding CXX object CMakeFiles/set_and_get_parameters_async.dir/src/parameters/set_and_get_parameters_async.cpp.o[0m
[ 23%] [32m[1mLinking CXX executable set_and_get_parameters_async[0m
[ 23%] Built target set_and_get_parameters_async
[35m[1mScanning dependencies of target services_library[0m
[ 25%] [32mBuilding CXX object CMakeFiles/services_library.dir/src/services/add_two_ints_server.cpp.o[0m
[ 26%] [32mBuilding CXX object CMakeFiles/services_library.dir/src/services/add_two_ints_client.cpp.o[0m
[ 28%] [32mBuilding CXX object CMakeFiles/services_library.dir/src/services/add_two_ints_client_async.cpp.o[0m
[ 30%] [32m[1mLinking CXX shared library libservices_library.so[0m
[ 30%] Built target services_library
[35m[1mScanning dependencies of target parameter_blackboard[0m
[ 31%] [32mBuilding CXX object CMakeFiles/parameter_blackboard.dir/rclcpp_components/node_main_parameter_blackboard.cpp.o[0m
[ 33%] [32m[1mLinking CXX executable parameter_blackboard[0m
[ 33%] Built target parameter_blackboard
[35m[1mScanning dependencies of target parameter_events_async[0m
[ 35%] [32mBuilding CXX object CMakeFiles/parameter_events_async.dir/rclcpp_components/node_main_parameter_events_async.cpp.o[0m
[ 36%] [32m[1mLinking CXX executable parameter_events_async[0m
[ 36%] Built target parameter_events_async
[35m[1mScanning dependencies of target even_parameters_node[0m
[ 38%] [32mBuilding CXX object CMakeFiles/even_parameters_node.dir/rclcpp_components/node_main_even_parameters_node.cpp.o[0m
[ 40%] [32m[1mLinking CXX executable even_parameters_node[0m
[ 40%] Built target even_parameters_node
[35m[1mScanning dependencies of target topics_library[0m
[ 41%] [32mBuilding CXX object CMakeFiles/topics_library.dir/src/topics/talker.cpp.o[0m
[ 43%] [32mBuilding CXX object CMakeFiles/topics_library.dir/src/topics/talker_loaned_message.cpp.o[0m
[ 45%] [32mBuilding CXX object CMakeFiles/topics_library.dir/src/topics/talker_serialized_message.cpp.o[0m
[ 46%] [32mBuilding CXX object CMakeFiles/topics_library.dir/src/topics/listener.cpp.o[0m
[ 48%] [32mBuilding CXX object CMakeFiles/topics_library.dir/src/topics/listener_serialized_message.cpp.o[0m
[ 50%] [32mBuilding CXX object CMakeFiles/topics_library.dir/src/topics/listener_best_effort.cpp.o[0m
[ 51%] [32m[1mLinking CXX shared library libtopics_library.so[0m
[ 51%] Built target topics_library
[35m[1mScanning dependencies of target talker_loaned_message[0m
[ 53%] [32mBuilding CXX object CMakeFiles/talker_loaned_message.dir/rclcpp_components/node_main_talker_loaned_message.cpp.o[0m
[ 55%] [32m[1mLinking CXX executable talker_loaned_message[0m
[ 55%] Built target talker_loaned_message
[35m[1mScanning dependencies of target add_two_ints_server[0m
[ 56%] [32mBuilding CXX object CMakeFiles/add_two_ints_server.dir/rclcpp_components/node_main_add_two_ints_server.cpp.o[0m
[ 58%] [32m[1mLinking CXX executable add_two_ints_server[0m
[ 58%] Built target add_two_ints_server
[35m[1mScanning dependencies of target listener[0m
[ 60%] [32mBuilding CXX object CMakeFiles/listener.dir/rclcpp_components/node_main_listener.cpp.o[0m
[ 61%] [32m[1mLinking CXX executable listener[0m
[ 61%] Built target listener
[35m[1mScanning dependencies of target list_parameters_async[0m
[ 63%] [32mBuilding CXX object CMakeFiles/list_parameters_async.dir/src/parameters/list_parameters_async.cpp.o[0m
