-- Found ament_cmake: 0.9.8 (/home/saitama1/ros2_foxy/install/ament_cmake/share/ament_cmake/cmake)
-- Using PYTHON_EXECUTABLE: /usr/bin/python3
-- Override CMake install command with custom implementation using symlinks instead of copying resources
-- Found SQLite3. Using SQLite3 from system.
-- Configuring done
-- Generating done
-- Build files have been written to: /home/saitama1/ros2_foxy/build/sqlite3_vendor
-- Install configuration: ""
-- Execute custom install script
-- Symlinking: /home/saitama1/ros2_foxy/install/sqlite3_vendor/share/sqlite3_vendor/cmake/Modules/FindSQLite3.cmake
-- Symlinking: /home/saitama1/ros2_foxy/install/sqlite3_vendor/share/ament_index/resource_index/package_run_dependencies/sqlite3_vendor
-- Symlinking: /home/saitama1/ros2_foxy/install/sqlite3_vendor/share/ament_index/resource_index/parent_prefix_path/sqlite3_vendor
-- Symlinking: /home/saitama1/ros2_foxy/install/sqlite3_vendor/share/sqlite3_vendor/environment/ament_prefix_path.sh
-- Symlinking: /home/saitama1/ros2_foxy/install/sqlite3_vendor/share/sqlite3_vendor/environment/ament_prefix_path.dsv
-- Symlinking: /home/saitama1/ros2_foxy/install/sqlite3_vendor/share/sqlite3_vendor/environment/path.sh
-- Symlinking: /home/saitama1/ros2_foxy/install/sqlite3_vendor/share/sqlite3_vendor/environment/path.dsv
-- Symlinking: /home/saitama1/ros2_foxy/install/sqlite3_vendor/share/sqlite3_vendor/local_setup.bash
-- Symlinking: /home/saitama1/ros2_foxy/install/sqlite3_vendor/share/sqlite3_vendor/local_setup.sh
-- Symlinking: /home/saitama1/ros2_foxy/install/sqlite3_vendor/share/sqlite3_vendor/local_setup.zsh
-- Symlinking: /home/saitama1/ros2_foxy/install/sqlite3_vendor/share/sqlite3_vendor/local_setup.dsv
-- Symlinking: /home/saitama1/ros2_foxy/install/sqlite3_vendor/share/sqlite3_vendor/package.dsv
-- Symlinking: /home/saitama1/ros2_foxy/install/sqlite3_vendor/share/ament_index/resource_index/packages/sqlite3_vendor
-- Symlinking: /home/saitama1/ros2_foxy/install/sqlite3_vendor/share/sqlite3_vendor/cmake/sqlite3_vendor-extras.cmake
-- Symlinking: /home/saitama1/ros2_foxy/install/sqlite3_vendor/share/sqlite3_vendor/cmake/sqlite3_vendorConfig.cmake
-- Symlinking: /home/saitama1/ros2_foxy/install/sqlite3_vendor/share/sqlite3_vendor/cmake/sqlite3_vendorConfig-version.cmake
-- Symlinking: /home/saitama1/ros2_foxy/install/sqlite3_vendor/share/sqlite3_vendor/package.xml
