[0.000000] (-) TimerEvent: {}
[0.000333] (-) JobUnselected: {'identifier': 'action_msgs'}
[0.000362] (-) JobUnselected: {'identifier': 'action_tutorials_cpp'}
[0.000392] (-) JobUnselected: {'identifier': 'action_tutorials_interfaces'}
[0.000441] (-) JobUnselected: {'identifier': 'action_tutorials_py'}
[0.000490] (-) JobUnselected: {'identifier': 'actionlib_msgs'}
[0.000551] (-) JobUnselected: {'identifier': 'ament_clang_format'}
[0.000581] (-) JobUnselected: {'identifier': 'ament_clang_tidy'}
[0.000594] (-) JobUnselected: {'identifier': 'ament_cmake'}
[0.000605] (-) JobUnselected: {'identifier': 'ament_cmake_auto'}
[0.000616] (-) JobUnselected: {'identifier': 'ament_cmake_clang_format'}
[0.000627] (-) JobUnselected: {'identifier': 'ament_cmake_clang_tidy'}
[0.000638] (-) JobUnselected: {'identifier': 'ament_cmake_copyright'}
[0.000649] (-) JobUnselected: {'identifier': 'ament_cmake_core'}
[0.000660] (-) JobUnselected: {'identifier': 'ament_cmake_cppcheck'}
[0.000671] (-) JobUnselected: {'identifier': 'ament_cmake_cpplint'}
[0.000681] (-) JobUnselected: {'identifier': 'ament_cmake_export_definitions'}
[0.000692] (-) JobUnselected: {'identifier': 'ament_cmake_export_dependencies'}
[0.000703] (-) JobUnselected: {'identifier': 'ament_cmake_export_include_directories'}
[0.000714] (-) JobUnselected: {'identifier': 'ament_cmake_export_interfaces'}
[0.000728] (-) JobUnselected: {'identifier': 'ament_cmake_export_libraries'}
[0.000739] (-) JobUnselected: {'identifier': 'ament_cmake_export_link_flags'}
[0.000750] (-) JobUnselected: {'identifier': 'ament_cmake_export_targets'}
[0.000761] (-) JobUnselected: {'identifier': 'ament_cmake_flake8'}
[0.000785] (-) JobUnselected: {'identifier': 'ament_cmake_gmock'}
[0.000797] (-) JobUnselected: {'identifier': 'ament_cmake_google_benchmark'}
[0.000808] (-) JobUnselected: {'identifier': 'ament_cmake_gtest'}
[0.000818] (-) JobUnselected: {'identifier': 'ament_cmake_include_directories'}
[0.000830] (-) JobUnselected: {'identifier': 'ament_cmake_libraries'}
[0.000841] (-) JobUnselected: {'identifier': 'ament_cmake_lint_cmake'}
[0.000852] (-) JobUnselected: {'identifier': 'ament_cmake_mypy'}
[0.000862] (-) JobUnselected: {'identifier': 'ament_cmake_nose'}
[0.000873] (-) JobUnselected: {'identifier': 'ament_cmake_pclint'}
[0.000884] (-) JobUnselected: {'identifier': 'ament_cmake_pep257'}
[0.000894] (-) JobUnselected: {'identifier': 'ament_cmake_pycodestyle'}
[0.000905] (-) JobUnselected: {'identifier': 'ament_cmake_pyflakes'}
[0.000916] (-) JobUnselected: {'identifier': 'ament_cmake_pytest'}
[0.000926] (-) JobUnselected: {'identifier': 'ament_cmake_python'}
[0.000937] (-) JobUnselected: {'identifier': 'ament_cmake_ros'}
[0.000948] (-) JobUnselected: {'identifier': 'ament_cmake_target_dependencies'}
[0.000959] (-) JobUnselected: {'identifier': 'ament_cmake_test'}
[0.000969] (-) JobUnselected: {'identifier': 'ament_cmake_uncrustify'}
[0.000980] (-) JobUnselected: {'identifier': 'ament_cmake_version'}
[0.000991] (-) JobUnselected: {'identifier': 'ament_cmake_xmllint'}
[0.001001] (-) JobUnselected: {'identifier': 'ament_copyright'}
[0.001012] (-) JobUnselected: {'identifier': 'ament_cppcheck'}
[0.001023] (-) JobUnselected: {'identifier': 'ament_cpplint'}
[0.001035] (-) JobUnselected: {'identifier': 'ament_flake8'}
[0.001045] (-) JobUnselected: {'identifier': 'ament_index_cpp'}
[0.001056] (-) JobUnselected: {'identifier': 'ament_index_python'}
[0.001067] (-) JobUnselected: {'identifier': 'ament_lint'}
[0.001078] (-) JobUnselected: {'identifier': 'ament_lint_auto'}
[0.001088] (-) JobUnselected: {'identifier': 'ament_lint_cmake'}
[0.001099] (-) JobUnselected: {'identifier': 'ament_lint_common'}
[0.001110] (-) JobUnselected: {'identifier': 'ament_mypy'}
[0.001120] (-) JobUnselected: {'identifier': 'ament_package'}
[0.001131] (-) JobUnselected: {'identifier': 'ament_pclint'}
[0.001142] (-) JobUnselected: {'identifier': 'ament_pep257'}
[0.001152] (-) JobUnselected: {'identifier': 'ament_pycodestyle'}
[0.001163] (-) JobUnselected: {'identifier': 'ament_pyflakes'}
[0.001174] (-) JobUnselected: {'identifier': 'ament_uncrustify'}
[0.001190] (-) JobUnselected: {'identifier': 'ament_xmllint'}
[0.001201] (-) JobUnselected: {'identifier': 'apex_test_tools'}
[0.001212] (-) JobUnselected: {'identifier': 'automotive_autonomy_msgs'}
[0.001223] (-) JobUnselected: {'identifier': 'automotive_navigation_msgs'}
[0.001233] (-) JobUnselected: {'identifier': 'automotive_platform_msgs'}
[0.001244] (-) JobUnselected: {'identifier': 'builtin_interfaces'}
[0.001254] (-) JobUnselected: {'identifier': 'can_msgs'}
[0.001265] (-) JobUnselected: {'identifier': 'class_loader'}
[0.001276] (-) JobUnselected: {'identifier': 'common_interfaces'}
[0.001287] (-) JobUnselected: {'identifier': 'composition'}
[0.001297] (-) JobUnselected: {'identifier': 'composition_interfaces'}
[0.001308] (-) JobUnselected: {'identifier': 'connext_cmake_module'}
[0.001318] (-) JobUnselected: {'identifier': 'console_bridge_vendor'}
[0.001329] (-) JobUnselected: {'identifier': 'cyclonedds'}
[0.001340] (-) JobUnselected: {'identifier': 'demo_nodes_cpp'}
[0.001350] (-) JobUnselected: {'identifier': 'demo_nodes_cpp_native'}
[0.001361] (-) JobUnselected: {'identifier': 'demo_nodes_py'}
[0.001376] (-) JobUnselected: {'identifier': 'diagnostic_msgs'}
[0.001387] (-) JobUnselected: {'identifier': 'domain_coordinator'}
[0.001398] (-) JobUnselected: {'identifier': 'dummy_map_server'}
[0.001408] (-) JobUnselected: {'identifier': 'dummy_robot_bringup'}
[0.001419] (-) JobUnselected: {'identifier': 'dummy_sensors'}
[0.001430] (-) JobUnselected: {'identifier': 'eigen3_cmake_module'}
[0.001440] (-) JobUnselected: {'identifier': 'example_interfaces'}
[0.001451] (-) JobUnselected: {'identifier': 'examples_rclcpp_minimal_action_client'}
[0.001462] (-) JobUnselected: {'identifier': 'examples_rclcpp_minimal_action_server'}
[0.001473] (-) JobUnselected: {'identifier': 'examples_rclcpp_minimal_client'}
[0.001483] (-) JobUnselected: {'identifier': 'examples_rclcpp_minimal_composition'}
[0.001494] (-) JobUnselected: {'identifier': 'examples_rclcpp_minimal_publisher'}
[0.001505] (-) JobUnselected: {'identifier': 'examples_rclcpp_minimal_service'}
[0.001516] (-) JobUnselected: {'identifier': 'examples_rclcpp_minimal_subscriber'}
[0.001526] (-) JobUnselected: {'identifier': 'examples_rclcpp_minimal_timer'}
[0.001537] (-) JobUnselected: {'identifier': 'examples_rclcpp_multithreaded_executor'}
[0.001547] (-) JobUnselected: {'identifier': 'examples_rclpy_executors'}
[0.001558] (-) JobUnselected: {'identifier': 'examples_rclpy_minimal_action_client'}
[0.001569] (-) JobUnselected: {'identifier': 'examples_rclpy_minimal_action_server'}
[0.001579] (-) JobUnselected: {'identifier': 'examples_rclpy_minimal_client'}
[0.001590] (-) JobUnselected: {'identifier': 'examples_rclpy_minimal_publisher'}
[0.001600] (-) JobUnselected: {'identifier': 'examples_rclpy_minimal_service'}
[0.001611] (-) JobUnselected: {'identifier': 'examples_rclpy_minimal_subscriber'}
[0.001622] (-) JobUnselected: {'identifier': 'examples_tf2_py'}
[0.001632] (-) JobUnselected: {'identifier': 'fastcdr'}
[0.001643] (-) JobUnselected: {'identifier': 'fastrtps'}
[0.001653] (-) JobUnselected: {'identifier': 'fastrtps_cmake_module'}
[0.001664] (-) JobUnselected: {'identifier': 'foonathan_memory_vendor'}
[0.001674] (-) JobUnselected: {'identifier': 'geometry2'}
[0.001685] (-) JobUnselected: {'identifier': 'geometry_msgs'}
[0.001698] (-) JobUnselected: {'identifier': 'gmock_vendor'}
[0.001717] (-) JobUnselected: {'identifier': 'google_benchmark_vendor'}
[0.001730] (-) JobUnselected: {'identifier': 'gtest_vendor'}
[0.001741] (-) JobUnselected: {'identifier': 'image_tools'}
[0.001752] (-) JobUnselected: {'identifier': 'interactive_markers'}
[0.001772] (-) JobUnselected: {'identifier': 'intra_process_demo'}
[0.001790] (-) JobUnselected: {'identifier': 'kdl_parser'}
[0.001802] (-) JobUnselected: {'identifier': 'lanelet2'}
[0.001814] (-) JobUnselected: {'identifier': 'lanelet2_core'}
[0.001824] (-) JobUnselected: {'identifier': 'lanelet2_examples'}
[0.001835] (-) JobUnselected: {'identifier': 'lanelet2_io'}
[0.001845] (-) JobUnselected: {'identifier': 'lanelet2_maps'}
[0.001861] (-) JobUnselected: {'identifier': 'lanelet2_matching'}
[0.001872] (-) JobUnselected: {'identifier': 'lanelet2_projection'}
[0.001882] (-) JobUnselected: {'identifier': 'lanelet2_python'}
[0.001893] (-) JobUnselected: {'identifier': 'lanelet2_routing'}
[0.001903] (-) JobUnselected: {'identifier': 'lanelet2_traffic_rules'}
[0.001914] (-) JobUnselected: {'identifier': 'lanelet2_validation'}
[0.001925] (-) JobUnselected: {'identifier': 'laser_geometry'}
[0.001935] (-) JobUnselected: {'identifier': 'launch'}
[0.001946] (-) JobUnselected: {'identifier': 'launch_ros'}
[0.001957] (-) JobUnselected: {'identifier': 'launch_testing'}
[0.001967] (-) JobUnselected: {'identifier': 'launch_testing_ament_cmake'}
[0.001978] (-) JobUnselected: {'identifier': 'launch_testing_ros'}
[0.001989] (-) JobUnselected: {'identifier': 'launch_xml'}
[0.001999] (-) JobUnselected: {'identifier': 'launch_yaml'}
[0.002010] (-) JobUnselected: {'identifier': 'lgsvl_msgs'}
[0.002020] (-) JobUnselected: {'identifier': 'libcurl_vendor'}
[0.002031] (-) JobUnselected: {'identifier': 'libstatistics_collector'}
[0.002041] (-) JobUnselected: {'identifier': 'libyaml_vendor'}
[0.002052] (-) JobUnselected: {'identifier': 'lifecycle'}
[0.002062] (-) JobUnselected: {'identifier': 'lifecycle_msgs'}
[0.002073] (-) JobUnselected: {'identifier': 'logging_demo'}
[0.002083] (-) JobUnselected: {'identifier': 'map_msgs'}
[0.002094] (-) JobUnselected: {'identifier': 'message_filters'}
[0.002105] (-) JobUnselected: {'identifier': 'mimick_vendor'}
[0.002116] (-) JobUnselected: {'identifier': 'move_base_msgs'}
[0.002127] (-) JobUnselected: {'identifier': 'mrt_cmake_modules'}
[0.002137] (-) JobUnselected: {'identifier': 'nav_msgs'}
[0.002147] (-) JobUnselected: {'identifier': 'orocos_kdl'}
[0.002158] (-) JobUnselected: {'identifier': 'osrf_pycommon'}
[0.002168] (-) JobUnselected: {'identifier': 'osrf_testing_tools_cpp'}
[0.002178] (-) JobUnselected: {'identifier': 'pcl_conversions'}
[0.002189] (-) JobUnselected: {'identifier': 'pcl_msgs'}
[0.002199] (-) JobUnselected: {'identifier': 'pcl_ros'}
[0.002210] (-) JobUnselected: {'identifier': 'pendulum_control'}
[0.002220] (-) JobUnselected: {'identifier': 'pendulum_msgs'}
[0.002230] (-) JobUnselected: {'identifier': 'perception_pcl'}
[0.002241] (-) JobUnselected: {'identifier': 'performance_test_fixture'}
[0.002251] (-) JobUnselected: {'identifier': 'picas_example'}
[0.002261] (-) JobUnselected: {'identifier': 'pluginlib'}
[0.002272] (-) JobUnselected: {'identifier': 'python_cmake_module'}
[0.002282] (-) JobUnselected: {'identifier': 'python_qt_binding'}
[0.002293] (-) JobUnselected: {'identifier': 'qt_dotgraph'}
[0.002303] (-) JobUnselected: {'identifier': 'qt_gui'}
[0.002313] (-) JobUnselected: {'identifier': 'qt_gui_app'}
[0.002324] (-) JobUnselected: {'identifier': 'qt_gui_core'}
[0.002334] (-) JobUnselected: {'identifier': 'qt_gui_cpp'}
[0.002344] (-) JobUnselected: {'identifier': 'qt_gui_py_common'}
[0.002355] (-) JobUnselected: {'identifier': 'quality_of_service_demo_cpp'}
[0.002365] (-) JobUnselected: {'identifier': 'quality_of_service_demo_py'}
[0.002376] (-) JobUnselected: {'identifier': 'rcl'}
[0.002390] (-) JobUnselected: {'identifier': 'rcl_action'}
[0.002412] (-) JobUnselected: {'identifier': 'rcl_interfaces'}
[0.002437] (-) JobUnselected: {'identifier': 'rcl_lifecycle'}
[0.002459] (-) JobUnselected: {'identifier': 'rcl_logging_log4cxx'}
[0.002482] (-) JobUnselected: {'identifier': 'rcl_logging_noop'}
[0.002504] (-) JobUnselected: {'identifier': 'rcl_logging_spdlog'}
[0.002526] (-) JobUnselected: {'identifier': 'rcl_yaml_param_parser'}
[0.002548] (-) JobUnselected: {'identifier': 'rclcpp'}
[0.002570] (-) JobUnselected: {'identifier': 'rclcpp_action'}
[0.002592] (-) JobUnselected: {'identifier': 'rclcpp_components'}
[0.002615] (-) JobUnselected: {'identifier': 'rclcpp_lifecycle'}
[0.002637] (-) JobUnselected: {'identifier': 'rclpy'}
[0.002659] (-) JobUnselected: {'identifier': 'rcpputils'}
[0.002681] (-) JobUnselected: {'identifier': 'rcutils'}
[0.002703] (-) JobUnselected: {'identifier': 'resource_retriever'}
[0.002734] (-) JobUnselected: {'identifier': 'rmw'}
[0.002756] (-) JobUnselected: {'identifier': 'rmw_connext_cpp'}
[0.002791] (-) JobUnselected: {'identifier': 'rmw_connext_shared_cpp'}
[0.002816] (-) JobUnselected: {'identifier': 'rmw_cyclonedds_cpp'}
[0.002840] (-) JobUnselected: {'identifier': 'rmw_dds_common'}
[0.002862] (-) JobUnselected: {'identifier': 'rmw_fastrtps_cpp'}
[0.002884] (-) JobUnselected: {'identifier': 'rmw_fastrtps_dynamic_cpp'}
[0.002907] (-) JobUnselected: {'identifier': 'rmw_fastrtps_shared_cpp'}
[0.002929] (-) JobUnselected: {'identifier': 'rmw_implementation'}
[0.002951] (-) JobUnselected: {'identifier': 'rmw_implementation_cmake'}
[0.002974] (-) JobUnselected: {'identifier': 'robot_state_publisher'}
[0.002996] (-) JobUnselected: {'identifier': 'ros1_bridge'}
[0.003018] (-) JobUnselected: {'identifier': 'ros2action'}
[0.003040] (-) JobUnselected: {'identifier': 'ros2bag'}
[0.003062] (-) JobUnselected: {'identifier': 'ros2cli'}
[0.003084] (-) JobUnselected: {'identifier': 'ros2cli_common_extensions'}
[0.003107] (-) JobUnselected: {'identifier': 'ros2component'}
[0.003129] (-) JobUnselected: {'identifier': 'ros2doctor'}
[0.003151] (-) JobUnselected: {'identifier': 'ros2interface'}
[0.003173] (-) JobUnselected: {'identifier': 'ros2launch'}
[0.003195] (-) JobUnselected: {'identifier': 'ros2lifecycle'}
[0.003217] (-) JobUnselected: {'identifier': 'ros2lifecycle_test_fixtures'}
[0.003240] (-) JobUnselected: {'identifier': 'ros2multicast'}
[0.003262] (-) JobUnselected: {'identifier': 'ros2node'}
[0.003284] (-) JobUnselected: {'identifier': 'ros2param'}
[0.003307] (-) JobUnselected: {'identifier': 'ros2pkg'}
[0.003329] (-) JobUnselected: {'identifier': 'ros2run'}
[0.003352] (-) JobUnselected: {'identifier': 'ros2service'}
[0.003374] (-) JobUnselected: {'identifier': 'ros2test'}
[0.003397] (-) JobUnselected: {'identifier': 'ros2topic'}
[0.003420] (-) JobUnselected: {'identifier': 'ros2trace'}
[0.003443] (-) JobUnselected: {'identifier': 'ros_environment'}
[0.003465] (-) JobUnselected: {'identifier': 'ros_testing'}
[0.003487] (-) JobUnselected: {'identifier': 'rosbag2'}
[0.003509] (-) JobUnselected: {'identifier': 'rosbag2_compression'}
[0.003532] (-) JobUnselected: {'identifier': 'rosbag2_converter_default_plugins'}
[0.003554] (-) JobUnselected: {'identifier': 'rosbag2_cpp'}
[0.003576] (-) JobUnselected: {'identifier': 'rosbag2_storage'}
[0.003598] (-) JobUnselected: {'identifier': 'rosbag2_storage_default_plugins'}
[0.003620] (-) JobUnselected: {'identifier': 'rosbag2_test_common'}
[0.003643] (-) JobUnselected: {'identifier': 'rosbag2_tests'}
[0.003666] (-) JobUnselected: {'identifier': 'rosbag2_transport'}
[0.003688] (-) JobUnselected: {'identifier': 'rosgraph_msgs'}
[0.003710] (-) JobUnselected: {'identifier': 'rosidl_adapter'}
[0.003733] (-) JobUnselected: {'identifier': 'rosidl_cmake'}
[0.003755] (-) JobUnselected: {'identifier': 'rosidl_default_generators'}
[0.003796] (-) JobUnselected: {'identifier': 'rosidl_default_runtime'}
[0.003822] (-) JobUnselected: {'identifier': 'rosidl_generator_c'}
[0.003845] (-) JobUnselected: {'identifier': 'rosidl_generator_cpp'}
[0.003868] (-) JobUnselected: {'identifier': 'rosidl_generator_dds_idl'}
[0.003890] (-) JobUnselected: {'identifier': 'rosidl_generator_py'}
[0.003912] (-) JobUnselected: {'identifier': 'rosidl_parser'}
[0.003934] (-) JobUnselected: {'identifier': 'rosidl_runtime_c'}
[0.003957] (-) JobUnselected: {'identifier': 'rosidl_runtime_cpp'}
[0.003979] (-) JobUnselected: {'identifier': 'rosidl_runtime_py'}
[0.004001] (-) JobUnselected: {'identifier': 'rosidl_typesupport_c'}
[0.004023] (-) JobUnselected: {'identifier': 'rosidl_typesupport_connext_c'}
[0.004045] (-) JobUnselected: {'identifier': 'rosidl_typesupport_connext_cpp'}
[0.004068] (-) JobUnselected: {'identifier': 'rosidl_typesupport_cpp'}
[0.004090] (-) JobUnselected: {'identifier': 'rosidl_typesupport_fastrtps_c'}
[0.004112] (-) JobUnselected: {'identifier': 'rosidl_typesupport_fastrtps_cpp'}
[0.004135] (-) JobUnselected: {'identifier': 'rosidl_typesupport_interface'}
[0.004157] (-) JobUnselected: {'identifier': 'rosidl_typesupport_introspection_c'}
[0.004189] (-) JobUnselected: {'identifier': 'rosidl_typesupport_introspection_cpp'}
[0.004212] (-) JobUnselected: {'identifier': 'rpyutils'}
[0.004235] (-) JobUnselected: {'identifier': 'rqt'}
[0.004258] (-) JobUnselected: {'identifier': 'rqt_action'}
[0.004280] (-) JobUnselected: {'identifier': 'rqt_console'}
[0.004302] (-) JobUnselected: {'identifier': 'rqt_graph'}
[0.004324] (-) JobUnselected: {'identifier': 'rqt_gui'}
[0.004346] (-) JobUnselected: {'identifier': 'rqt_gui_cpp'}
[0.004365] (-) JobUnselected: {'identifier': 'rqt_gui_py'}
[0.004379] (-) JobUnselected: {'identifier': 'rqt_msg'}
[0.004390] (-) JobUnselected: {'identifier': 'rqt_plot'}
[0.004400] (-) JobUnselected: {'identifier': 'rqt_publisher'}
[0.004410] (-) JobUnselected: {'identifier': 'rqt_py_common'}
[0.004421] (-) JobUnselected: {'identifier': 'rqt_py_console'}
[0.004431] (-) JobUnselected: {'identifier': 'rqt_reconfigure'}
[0.004441] (-) JobUnselected: {'identifier': 'rqt_service_caller'}
[0.004452] (-) JobUnselected: {'identifier': 'rqt_shell'}
[0.004462] (-) JobUnselected: {'identifier': 'rqt_srv'}
[0.004472] (-) JobUnselected: {'identifier': 'rqt_top'}
[0.004482] (-) JobUnselected: {'identifier': 'rqt_topic'}
[0.004492] (-) JobUnselected: {'identifier': 'rttest'}
[0.004503] (-) JobUnselected: {'identifier': 'rviz2'}
[0.004513] (-) JobUnselected: {'identifier': 'rviz_assimp_vendor'}
[0.004523] (-) JobUnselected: {'identifier': 'rviz_common'}
[0.004534] (-) JobUnselected: {'identifier': 'rviz_default_plugins'}
[0.004544] (-) JobUnselected: {'identifier': 'rviz_ogre_vendor'}
[0.004554] (-) JobUnselected: {'identifier': 'rviz_rendering'}
[0.004565] (-) JobUnselected: {'identifier': 'rviz_rendering_tests'}
[0.004575] (-) JobUnselected: {'identifier': 'rviz_visual_testing_framework'}
[0.004585] (-) JobUnselected: {'identifier': 'sensor_msgs'}
[0.004596] (-) JobUnselected: {'identifier': 'sensor_msgs_py'}
[0.004606] (-) JobUnselected: {'identifier': 'serial_driver'}
[0.004616] (-) JobUnselected: {'identifier': 'shape_msgs'}
[0.004626] (-) JobUnselected: {'identifier': 'shared_queues_vendor'}
[0.004637] (-) JobUnselected: {'identifier': 'spdlog_vendor'}
[0.004647] (-) JobUnselected: {'identifier': 'sqlite3_vendor'}
[0.004657] (-) JobUnselected: {'identifier': 'sros2'}
[0.004667] (-) JobUnselected: {'identifier': 'sros2_cmake'}
[0.004678] (-) JobUnselected: {'identifier': 'statistics_msgs'}
[0.004688] (-) JobUnselected: {'identifier': 'std_msgs'}
[0.004698] (-) JobUnselected: {'identifier': 'std_srvs'}
[0.004709] (-) JobUnselected: {'identifier': 'stereo_msgs'}
[0.004719] (-) JobUnselected: {'identifier': 'tango_icons_vendor'}
[0.004729] (-) JobUnselected: {'identifier': 'test_apex_test_tools'}
[0.004740] (-) JobUnselected: {'identifier': 'test_cli'}
[0.004750] (-) JobUnselected: {'identifier': 'test_cli_remapping'}
[0.004761] (-) JobUnselected: {'identifier': 'test_communication'}
[0.004774] (-) JobUnselected: {'identifier': 'test_interface_files'}
[0.004786] (-) JobUnselected: {'identifier': 'test_launch_ros'}
[0.004796] (-) JobUnselected: {'identifier': 'test_launch_testing'}
[0.004807] (-) JobUnselected: {'identifier': 'test_msgs'}
[0.004817] (-) JobUnselected: {'identifier': 'test_osrf_testing_tools_cpp'}
[0.004828] (-) JobUnselected: {'identifier': 'test_quality_of_service'}
[0.004838] (-) JobUnselected: {'identifier': 'test_rclcpp'}
[0.004849] (-) JobUnselected: {'identifier': 'test_rmw_implementation'}
[0.004859] (-) JobUnselected: {'identifier': 'test_security'}
[0.004869] (-) JobUnselected: {'identifier': 'test_tf2'}
[0.004880] (-) JobUnselected: {'identifier': 'tf2'}
[0.004890] (-) JobUnselected: {'identifier': 'tf2_bullet'}
[0.004900] (-) JobUnselected: {'identifier': 'tf2_eigen'}
[0.004925] (-) JobUnselected: {'identifier': 'tf2_eigen_kdl'}
[0.004936] (-) JobUnselected: {'identifier': 'tf2_geometry_msgs'}
[0.004946] (-) JobUnselected: {'identifier': 'tf2_kdl'}
[0.004957] (-) JobUnselected: {'identifier': 'tf2_msgs'}
[0.004967] (-) JobUnselected: {'identifier': 'tf2_py'}
[0.004977] (-) JobUnselected: {'identifier': 'tf2_ros'}
[0.004991] (-) JobUnselected: {'identifier': 'tf2_sensor_msgs'}
[0.005002] (-) JobUnselected: {'identifier': 'tf2_tools'}
[0.005012] (-) JobUnselected: {'identifier': 'tinyxml2_vendor'}
[0.005023] (-) JobUnselected: {'identifier': 'tinyxml_vendor'}
[0.005033] (-) JobUnselected: {'identifier': 'tlsf'}
[0.005043] (-) JobUnselected: {'identifier': 'tlsf_cpp'}
[0.005053] (-) JobUnselected: {'identifier': 'topic_monitor'}
[0.005064] (-) JobUnselected: {'identifier': 'trace_picas'}
[0.005074] (-) JobUnselected: {'identifier': 'tracetools'}
[0.005085] (-) JobUnselected: {'identifier': 'tracetools_launch'}
[0.005095] (-) JobUnselected: {'identifier': 'tracetools_read'}
[0.005106] (-) JobUnselected: {'identifier': 'tracetools_test'}
[0.005116] (-) JobUnselected: {'identifier': 'tracetools_trace'}
[0.005126] (-) JobUnselected: {'identifier': 'trajectory_msgs'}
[0.005137] (-) JobUnselected: {'identifier': 'turtlesim'}
[0.005147] (-) JobUnselected: {'identifier': 'udp_driver'}
[0.005157] (-) JobUnselected: {'identifier': 'udp_msgs'}
[0.005168] (-) JobUnselected: {'identifier': 'uncrustify_vendor'}
[0.005178] (-) JobUnselected: {'identifier': 'unique_identifier_msgs'}
[0.005189] (-) JobUnselected: {'identifier': 'urdf'}
[0.005199] (-) JobUnselected: {'identifier': 'urdfdom'}
[0.005209] (-) JobUnselected: {'identifier': 'urdfdom_headers'}
[0.005220] (-) JobUnselected: {'identifier': 'visualization_msgs'}
[0.005230] (-) JobUnselected: {'identifier': 'yaml_cpp_vendor'}
[0.005240] (-) JobUnselected: {'identifier': 'zstd_vendor'}
[0.005252] (-) EventReactorShutdown: {}
