-- The C compiler identification is GNU 9.3.0
-- The CXX compiler identification is GNU 9.3.0
-- Check for working C compiler: /usr/bin/cc
-- Check for working C compiler: /usr/bin/cc -- works
-- Detecting C compiler ABI info
-- Detecting C compiler ABI info - done
-- Detecting C compile features
-- Detecting C compile features - done
-- Check for working CXX compiler: /usr/bin/c++
-- Check for working CXX compiler: /usr/bin/c++ -- works
-- Detecting CXX compiler ABI info
-- Detecting CXX compiler ABI info - done
-- Detecting CXX compile features
-- Detecting CXX compile features - done
-- Found ament_cmake: 0.9.8 (/home/saitama1/ros2_foxy/install/ament_cmake/share/ament_cmake/cmake)
-- Found PythonInterp: /usr/bin/python3 (found suitable version "3.8.10", minimum required is "3") 
-- Using PYTHON_EXECUTABLE: /usr/bin/python3
-- Found connext_cmake_module: 1.0.3 (/home/saitama1/ros2_foxy/install/connext_cmake_module/share/connext_cmake_module/cmake)
CMake Warning at CMakeLists.txt:32 (message):
  Could not find RTI Connext - skipping 'rmw_connext_cpp'


-- Configuring done
-- Generating done
-- Build files have been written to: /home/saitama1/ros2_foxy/build/rmw_connext_cpp
-- Install configuration: ""
-- Installing: /home/saitama1/ros2_foxy/install/rmw_connext_cpp/share/ament_index/resource_index/package_run_dependencies/rmw_connext_cpp
-- Installing: /home/saitama1/ros2_foxy/install/rmw_connext_cpp/share/ament_index/resource_index/parent_prefix_path/rmw_connext_cpp
-- Installing: /home/saitama1/ros2_foxy/install/rmw_connext_cpp/share/rmw_connext_cpp/environment/ament_prefix_path.sh
-- Installing: /home/saitama1/ros2_foxy/install/rmw_connext_cpp/share/rmw_connext_cpp/environment/ament_prefix_path.dsv
-- Installing: /home/saitama1/ros2_foxy/install/rmw_connext_cpp/share/rmw_connext_cpp/environment/path.sh
-- Installing: /home/saitama1/ros2_foxy/install/rmw_connext_cpp/share/rmw_connext_cpp/environment/path.dsv
-- Installing: /home/saitama1/ros2_foxy/install/rmw_connext_cpp/share/rmw_connext_cpp/local_setup.bash
-- Installing: /home/saitama1/ros2_foxy/install/rmw_connext_cpp/share/rmw_connext_cpp/local_setup.sh
-- Installing: /home/saitama1/ros2_foxy/install/rmw_connext_cpp/share/rmw_connext_cpp/local_setup.zsh
-- Installing: /home/saitama1/ros2_foxy/install/rmw_connext_cpp/share/rmw_connext_cpp/local_setup.dsv
-- Installing: /home/saitama1/ros2_foxy/install/rmw_connext_cpp/share/rmw_connext_cpp/package.dsv
-- Installing: /home/saitama1/ros2_foxy/install/rmw_connext_cpp/share/ament_index/resource_index/packages/rmw_connext_cpp
-- Installing: /home/saitama1/ros2_foxy/install/rmw_connext_cpp/share/rmw_connext_cpp/cmake/rmw_connext_cppConfig.cmake
-- Installing: /home/saitama1/ros2_foxy/install/rmw_connext_cpp/share/rmw_connext_cpp/cmake/rmw_connext_cppConfig-version.cmake
-- Installing: /home/saitama1/ros2_foxy/install/rmw_connext_cpp/share/rmw_connext_cpp/package.xml
