-- The C compiler identification is GNU 9.3.0
-- The CXX compiler identification is GNU 9.3.0
-- Check for working C compiler: /usr/bin/cc
-- Check for working C compiler: /usr/bin/cc -- works
-- Detecting C compiler ABI info
-- Detecting C compiler ABI info - done
-- Detecting C compile features
-- Detecting C compile features - done
-- Check for working CXX compiler: /usr/bin/c++
-- Check for working CXX compiler: /usr/bin/c++ -- works
-- Detecting CXX compiler ABI info
-- Detecting CXX compiler ABI info - done
-- Detecting CXX compile features
-- Detecting CXX compile features - done
-- Found ament_cmake_python: 0.9.8 (/home/saitama1/Pictures/ros2-picas/ros2_foxy/install/ament_cmake_python/share/ament_cmake_python/cmake)
-- Found ament_cmake_ros: 0.9.2 (/home/saitama1/Pictures/ros2-picas/ros2_foxy/install/ament_cmake_ros/share/ament_cmake_ros/cmake)
-- Found PythonInterp: /usr/bin/python3 (found suitable version "3.8.10", minimum required is "3") 
-- Using PYTHON_EXECUTABLE: /usr/bin/python3
-- Performing Test USES_GLIBC
-- Performing Test USES_GLIBC - Success
-- Found ament_lint_auto: 0.9.6 (/home/saitama1/Pictures/ros2-picas/ros2_foxy/install/ament_lint_auto/share/ament_lint_auto/cmake)
-- Found python_cmake_module: 0.8.1 (/home/saitama1/Pictures/ros2-picas/ros2_foxy/install/python_cmake_module/share/python_cmake_module/cmake)
-- Found PythonInterp: /usr/bin/python3 (found suitable version "3.8.10", minimum required is "3.5") 
-- Found PythonLibs: /usr/lib/x86_64-linux-gnu/libpython3.8.so (found suitable version "3.8.10", minimum required is "3.5") 
-- Using PYTHON_EXECUTABLE: /usr/bin/python3
-- Using PYTHON_INCLUDE_DIRS: /usr/include/python3.8
-- Using PYTHON_LIBRARIES: /usr/lib/x86_64-linux-gnu/libpython3.8.so
-- Found PythonExtra: .so  
-- Looking for __atomic_load_8 in atomic
-- Looking for __atomic_load_8 in atomic - found
-- Found gtest sources under '/home/saitama1/Pictures/ros2-picas/ros2_foxy/install/gtest_vendor/src/gtest_vendor': C++ tests using 'Google Test' will be built
-- Looking for pthread.h
-- Looking for pthread.h - found
-- Performing Test CMAKE_HAVE_LIBC_PTHREAD
-- Performing Test CMAKE_HAVE_LIBC_PTHREAD - Failed
-- Check if compiler accepts -pthread
-- Check if compiler accepts -pthread - yes
-- Found Threads: TRUE  
-- Found gmock sources under '/home/saitama1/Pictures/ros2-picas/ros2_foxy/install/gmock_vendor/src/gmock_vendor': C++ tests using 'Google Mock' will be built
-- Added test 'copyright' to check source files copyright and LICENSE
-- Added test 'cppcheck' to perform static code analysis on C / C++ code
-- Configured cppcheck include dirs: $<BUILD_INTERFACE:/home/saitama1/Pictures/ros2-picas/ros2_foxy/src/ros2/rcutils/include>;/home/saitama1/Pictures/ros2-picas/ros2_foxy/src/ros2/rcutils/include
-- Configured cppcheck exclude dirs and/or files: 
-- Added test 'cpplint' to check C / C++ code against the Google style
-- Configured cpplint exclude dirs and/or files: 
-- Added test 'flake8' to check Python code syntax and style conventions
-- Added test 'lint_cmake' to check CMake code style
-- Added test 'pep257' to check Python code against some of the style conventions in PEP 257
-- Added test 'uncrustify' to check C / C++ code style
-- Configured uncrustify additional arguments: 
-- Added test 'xmllint' to check XML markup files
-- Configuring done
-- Generating done
-- Build files have been written to: /home/saitama1/Pictures/ros2-picas/ros2_foxy/build/rcutils
[35m[1mScanning dependencies of target gtest[0m
[  1%] [32mBuilding CXX object gtest/CMakeFiles/gtest.dir/src/gtest-all.cc.o[0m
[  1%] [32m[1mLinking CXX static library libgtest.a[0m
[  1%] Built target gtest
[35m[1mScanning dependencies of target dummy_shared_library[0m
[  1%] [32mBuilding C object CMakeFiles/dummy_shared_library.dir/test/dummy_shared_library/dummy_shared_library.c.o[0m
[  2%] [32m[1mLinking C shared library libdummy_shared_library.so[0m
[  2%] Built target dummy_shared_library
[35m[1mScanning dependencies of target gmock_main[0m
[  3%] [32mBuilding CXX object gmock/CMakeFiles/gmock_main.dir/src/gmock_main.cc.o[0m
[  4%] [32m[1mLinking CXX static library libgmock_main.a[0m
[  4%] Built target gmock_main
[35m[1mScanning dependencies of target gmock[0m
[  5%] [32mBuilding CXX object gmock/CMakeFiles/gmock.dir/home/saitama1/Pictures/ros2-picas/ros2_foxy/install/gtest_vendor/src/gtest_vendor/src/gtest-all.cc.o[0m
[  6%] [32mBuilding CXX object gmock/CMakeFiles/gmock.dir/src/gmock-all.cc.o[0m
[  7%] [32m[1mLinking CXX static library libgmock.a[0m
[  7%] Built target gmock
[35m[1mScanning dependencies of target gtest_main[0m
[  8%] [32mBuilding CXX object gtest/CMakeFiles/gtest_main.dir/src/gtest_main.cc.o[0m
[  9%] [32m[1mLinking CXX static library libgtest_main.a[0m
[  9%] Built target gtest_main
[35m[1mScanning dependencies of target test_error_handling_helpers[0m
[ 10%] [32mBuilding CXX object CMakeFiles/test_error_handling_helpers.dir/test/test_error_handling_helpers.cpp.o[0m
[ 11%] [32m[1mLinking CXX executable test_error_handling_helpers[0m
[ 11%] Built target test_error_handling_helpers
[ 12%] [34m[1mExpanding logging_macros.h.em[0m
[35m[1mScanning dependencies of target rcutils[0m
[ 13%] [32mBuilding C object CMakeFiles/rcutils.dir/src/allocator.c.o[0m
[ 14%] [32mBuilding C object CMakeFiles/rcutils.dir/src/logging.c.o[0m
[ 15%] [32mBuilding C object CMakeFiles/rcutils.dir/src/process.c.o[0m
[ 16%] [32mBuilding C object CMakeFiles/rcutils.dir/src/qsort.c.o[0m
[ 16%] [32mBuilding C object CMakeFiles/rcutils.dir/src/repl_str.c.o[0m
[ 17%] [32mBuilding C object CMakeFiles/rcutils.dir/src/shared_library.c.o[0m
[ 18%] [32mBuilding C object CMakeFiles/rcutils.dir/src/snprintf.c.o[0m
[ 19%] [32mBuilding C object CMakeFiles/rcutils.dir/src/split.c.o[0m
[ 20%] [32mBuilding C object CMakeFiles/rcutils.dir/src/strdup.c.o[0m
[ 21%] [32mBuilding C object CMakeFiles/rcutils.dir/src/strerror.c.o[0m
[ 22%] [32mBuilding C object CMakeFiles/rcutils.dir/src/string_array.c.o[0m
[ 23%] [32mBuilding C object CMakeFiles/rcutils.dir/src/string_map.c.o[0m
[ 23%] [32mBuilding C object CMakeFiles/rcutils.dir/src/testing/fault_injection.c.o[0m
[ 24%] [32mBuilding C object CMakeFiles/rcutils.dir/src/time.c.o[0m
[ 25%] [32mBuilding C object CMakeFiles/rcutils.dir/src/time_unix.c.o[0m
[ 26%] [32mBuilding C object CMakeFiles/rcutils.dir/src/uint8_array.c.o[0m
[ 27%] [32mBuilding C object CMakeFiles/rcutils.dir/src/hash_map.c.o[0m
[ 28%] [32mBuilding C object CMakeFiles/rcutils.dir/src/get_env.c.o[0m
[ 29%] [32mBuilding C object CMakeFiles/rcutils.dir/src/format_string.c.o[0m
[ 30%] [32mBuilding C object CMakeFiles/rcutils.dir/src/find.c.o[0m
[ 31%] [32mBuilding C object CMakeFiles/rcutils.dir/src/filesystem.c.o[0m
[ 31%] [32mBuilding C object CMakeFiles/rcutils.dir/src/error_handling.c.o[0m
[ 32%] [32mBuilding C object CMakeFiles/rcutils.dir/src/env.c.o[0m
[ 33%] [32mBuilding C object CMakeFiles/rcutils.dir/src/cmdline_parser.c.o[0m
[ 34%] [32mBuilding C object CMakeFiles/rcutils.dir/src/char_array.c.o[0m
[ 35%] [32mBuilding C object CMakeFiles/rcutils.dir/src/array_list.c.o[0m
[ 36%] [32m[1mLinking C shared library librcutils.so[0m
[ 36%] Built target rcutils
[35m[1mScanning dependencies of target test_macros[0m
[ 37%] [32mBuilding CXX object CMakeFiles/test_macros.dir/test/test_macros.cpp.o[0m
[ 38%] [32m[1mLinking CXX executable test_macros[0m
[ 38%] Built target test_macros
[35m[1mScanning dependencies of target test_allocator[0m
[ 39%] [32mBuilding CXX object CMakeFiles/test_allocator.dir/test/test_allocator.cpp.o[0m
[ 40%] [32m[1mLinking CXX executable test_allocator[0m
[ 40%] Built target test_allocator
[35m[1mScanning dependencies of target test_split[0m
[ 41%] [32mBuilding CXX object CMakeFiles/test_split.dir/test/test_split.cpp.o[0m
[ 42%] [32m[1mLinking CXX executable test_split[0m
[ 42%] Built target test_split
[35m[1mScanning dependencies of target test_strdup[0m
[ 43%] [32mBuilding CXX object CMakeFiles/test_strdup.dir/test/test_strdup.cpp.o[0m
[ 44%] [32m[1mLinking CXX executable test_strdup[0m
[ 44%] Built target test_strdup
[35m[1mScanning dependencies of target test_error_handling[0m
[ 45%] [32mBuilding CXX object CMakeFiles/test_error_handling.dir/test/test_error_handling.cpp.o[0m
[ 45%] [32m[1mLinking CXX executable test_error_handling[0m
[ 45%] Built target test_error_handling
[35m[1mScanning dependencies of target test_format_string[0m
[ 46%] [32mBuilding CXX object CMakeFiles/test_format_string.dir/test/test_format_string.cpp.o[0m
[35m[1mScanning dependencies of target test_logging_custom_env2[0m
[ 46%] [32m[1mLinking CXX executable test_format_string[0m
[ 47%] [32mBuilding CXX object CMakeFiles/test_logging_custom_env2.dir/test/test_logging_custom_env.cpp.o[0m
[ 47%] Built target test_format_string
[35m[1mScanning dependencies of target test_char_array[0m
[ 48%] [32mBuilding CXX object CMakeFiles/test_char_array.dir/test/test_char_array.cpp.o[0m
[ 49%] [32m[1mLinking CXX executable test_logging_custom_env2[0m
[ 49%] Built target test_logging_custom_env2
[35m[1mScanning dependencies of target test_time[0m
[ 50%] [32m[1mLinking CXX executable test_char_array[0m
[ 51%] [32mBuilding CXX object CMakeFiles/test_time.dir/test/test_time.cpp.o[0m
[ 51%] Built target test_char_array
[35m[1mScanning dependencies of target test_logging_macros_c[0m
[ 52%] [32m[1mLinking CXX executable test_time[0m
[ 53%] [32mBuilding C object CMakeFiles/test_logging_macros_c.dir/test/test_logging_macros.c.o[0m
[ 54%] [32m[1mLinking C executable test_logging_macros_c[0m
[ 54%] Built target test_time
[ 54%] Built target test_logging_macros_c
[35m[1mScanning dependencies of target test_logging_macros[0m
[ 55%] [32mBuilding CXX object CMakeFiles/test_logging_macros.dir/test/test_logging_macros.cpp.o[0m
[ 55%] [32m[1mLinking CXX executable test_logging_macros[0m
[ 55%] Built target test_logging_macros
[35m[1mScanning dependencies of target test_logging_long_messages[0m
[ 56%] [32mBuilding CXX object CMakeFiles/test_logging_long_messages.dir/test/test_logging_long_messages.cpp.o[0m
[ 57%] [32m[1mLinking CXX executable test_logging_long_messages[0m
[ 57%] Built target test_logging_long_messages
[35m[1mScanning dependencies of target test_strerror[0m
[ 58%] [32mBuilding CXX object CMakeFiles/test_strerror.dir/test/test_strerror.cpp.o[0m
[ 58%] [32m[1mLinking CXX executable test_strerror[0m
[ 58%] Built target test_strerror
[35m[1mScanning dependencies of target test_logging[0m
[ 59%] [32mBuilding CXX object CMakeFiles/test_logging.dir/test/test_logging.cpp.o[0m
[ 60%] [32m[1mLinking CXX executable test_logging[0m
[ 60%] Built target test_logging
[35m[1mScanning dependencies of target test_repl_str[0m
[ 61%] [32mBuilding CXX object CMakeFiles/test_repl_str.dir/test/test_repl_str.cpp.o[0m
[ 62%] [32m[1mLinking CXX executable test_repl_str[0m
[ 62%] Built target test_repl_str
[35m[1mScanning dependencies of target test_string_array[0m
[ 63%] [32mBuilding CXX object CMakeFiles/test_string_array.dir/test/test_string_array.cpp.o[0m
[ 64%] [32m[1mLinking CXX executable test_string_array[0m
[ 64%] Built target test_string_array
[35m[1mScanning dependencies of target test_isalnum_no_locale[0m
[ 65%] [32mBuilding CXX object CMakeFiles/test_isalnum_no_locale.dir/test/test_isalnum_no_locale.cpp.o[0m
[ 66%] [32m[1mLinking CXX executable test_isalnum_no_locale[0m
[ 66%] Built target test_isalnum_no_locale
[35m[1mScanning dependencies of target test_get_env[0m
[ 67%] [32mBuilding CXX object CMakeFiles/test_get_env.dir/test/test_get_env.cpp.o[0m
[ 68%] [32m[1mLinking CXX executable test_get_env[0m
[35m[1mScanning dependencies of target test_env[0m
[35m[1mScanning dependencies of target test_atomics_executable[0m
[ 68%] Built target test_get_env
[35m[1mScanning dependencies of target test_array_list[0m
[ 68%] [32mBuilding C object CMakeFiles/test_atomics_executable.dir/test/test_atomics.c.o[0m
[ 69%] [32mBuilding CXX object CMakeFiles/test_env.dir/test/test_env.cpp.o[0m
[ 70%] [32mBuilding CXX object CMakeFiles/test_array_list.dir/test/test_array_list.cpp.o[0m
[ 71%] [32m[1mLinking C executable test_atomics_executable[0m
[ 71%] Built target test_atomics_executable
[35m[1mScanning dependencies of target test_filesystem[0m
[ 72%] [32mBuilding CXX object CMakeFiles/test_filesystem.dir/test/test_filesystem.cpp.o[0m
[35m[1mScanning dependencies of target test_string_map[0m
[35m[1mScanning dependencies of target test_process[0m
[35m[1mScanning dependencies of target test_hash_map[0m
[35m[1mScanning dependencies of target test_cmdline_parser[0m
[35m[1mScanning dependencies of target test_logging_custom_env[0m
[35m[1mScanning dependencies of target test_logging_bad_env[0m
[ 73%] [32mBuilding CXX object CMakeFiles/test_process.dir/test/test_process.cpp.o[0m
[ 74%] [32m[1mLinking CXX executable test_env[0m
[ 75%] [32m[1mLinking CXX executable test_array_list[0m
[ 76%] [32mBuilding CXX object CMakeFiles/test_string_map.dir/test/test_string_map.cpp.o[0m
[ 77%] [32mBuilding CXX object CMakeFiles/test_logging_custom_env.dir/test/test_logging_custom_env.cpp.o[0m
[ 78%] [32m[1mLinking CXX executable test_filesystem[0m
[ 79%] [32mBuilding CXX object CMakeFiles/test_cmdline_parser.dir/test/test_cmdline_parser.cpp.o[0m
[ 80%] [32mBuilding CXX object CMakeFiles/test_hash_map.dir/test/test_hash_map.cpp.o[0m
[ 80%] [32mBuilding CXX object CMakeFiles/test_logging_bad_env.dir/test/test_logging_bad_env.cpp.o[0m
[ 81%] [32m[1mLinking CXX executable test_cmdline_parser[0m
[ 82%] [32m[1mLinking CXX executable test_process[0m
[ 82%] Built target test_env
[ 82%] Built target test_array_list
[ 83%] [32m[1mLinking CXX executable test_logging_bad_env[0m
[ 83%] [32m[1mLinking CXX executable test_logging_custom_env[0m
[ 83%] Built target test_filesystem
[ 83%] Built target test_logging_bad_env
[ 83%] Built target test_logging_custom_env
[ 83%] Built target test_cmdline_parser
[ 83%] Built target test_process
[ 84%] [32m[1mLinking CXX executable test_string_map[0m
[ 85%] [32m[1mLinking CXX executable test_hash_map[0m
[ 85%] Built target test_string_map
[ 85%] Built target test_hash_map
[35m[1mScanning dependencies of target test_uint8_array[0m
[ 86%] [32mBuilding CXX object CMakeFiles/test_uint8_array.dir/test/test_uint8_array.cpp.o[0m
[ 87%] [32m[1mLinking CXX executable test_uint8_array[0m
[ 87%] Built target test_uint8_array
[35m[1mScanning dependencies of target test_snprintf[0m
[ 88%] [32mBuilding CXX object CMakeFiles/test_snprintf.dir/test/test_snprintf.cpp.o[0m
[ 89%] [32m[1mLinking CXX executable test_snprintf[0m
[ 89%] Built target test_snprintf
[35m[1mScanning dependencies of target test_logging_bad_env2[0m
[ 90%] [32mBuilding CXX object CMakeFiles/test_logging_bad_env2.dir/test/test_logging_bad_env.cpp.o[0m
[ 91%] [32m[1mLinking CXX executable test_logging_bad_env2[0m
[ 91%] Built target test_logging_bad_env2
[35m[1mScanning dependencies of target test_find[0m
[ 92%] [32mBuilding CXX object CMakeFiles/test_find.dir/test/test_find.cpp.o[0m
[ 93%] [32m[1mLinking CXX executable test_find[0m
[ 93%] Built target test_find
[35m[1mScanning dependencies of target test_shared_library[0m
[ 93%] [32mBuilding CXX object CMakeFiles/test_shared_library.dir/test/test_shared_library.cpp.o[0m
[ 94%] [32m[1mLinking CXX executable test_shared_library[0m
[ 94%] Built target test_shared_library
[35m[1mScanning dependencies of target test_logging_bad_env3[0m
[ 95%] [32mBuilding CXX object CMakeFiles/test_logging_bad_env3.dir/test/test_logging_bad_env.cpp.o[0m
[ 96%] [32m[1mLinking CXX executable test_logging_bad_env3[0m
[ 96%] Built target test_logging_bad_env3
[35m[1mScanning dependencies of target test_logging_enable_for[0m
[ 97%] [32mBuilding CXX object CMakeFiles/test_logging_enable_for.dir/test/test_logging_enable_for.cpp.o[0m
[ 98%] [32m[1mLinking CXX executable test_logging_enable_for[0m
[ 98%] Built target test_logging_enable_for
[35m[1mScanning dependencies of target test_logging_console_output_handler[0m
[ 99%] [32mBuilding CXX object CMakeFiles/test_logging_console_output_handler.dir/test/test_logging_console_output_handler.cpp.o[0m
[100%] [32m[1mLinking CXX executable test_logging_console_output_handler[0m
[100%] Built target test_logging_console_output_handler
-- Install configuration: ""
-- Installing: /home/saitama1/Pictures/ros2-picas/ros2_foxy/install/rcutils/share/rcutils/environment/pythonpath.sh
-- Installing: /home/saitama1/Pictures/ros2-picas/ros2_foxy/install/rcutils/share/rcutils/environment/pythonpath.dsv
-- Up-to-date: /home/saitama1/Pictures/ros2-picas/ros2_foxy/install/rcutils/lib/python3.8/site-packages/rcutils
-- Installing: /home/saitama1/Pictures/ros2-picas/ros2_foxy/install/rcutils/lib/python3.8/site-packages/rcutils/__init__.py
-- Installing: /home/saitama1/Pictures/ros2-picas/ros2_foxy/install/rcutils/lib/python3.8/site-packages/rcutils/logging.py
Listing '/home/saitama1/Pictures/ros2-picas/ros2_foxy/install/rcutils/lib/python3.8/site-packages/rcutils'...
Compiling '/home/saitama1/Pictures/ros2-picas/ros2_foxy/install/rcutils/lib/python3.8/site-packages/rcutils/__init__.py'...
Compiling '/home/saitama1/Pictures/ros2-picas/ros2_foxy/install/rcutils/lib/python3.8/site-packages/rcutils/logging.py'...
-- Installing: /home/saitama1/Pictures/ros2-picas/ros2_foxy/install/rcutils/lib/librcutils.so
-- Installing: /home/saitama1/Pictures/ros2-picas/ros2_foxy/install/rcutils/share/rcutils/environment/library_path.sh
-- Installing: /home/saitama1/Pictures/ros2-picas/ros2_foxy/install/rcutils/share/rcutils/environment/library_path.dsv
-- Installing: /home/saitama1/Pictures/ros2-picas/ros2_foxy/install/rcutils/share/ament_index/resource_index/package_run_dependencies/rcutils
-- Installing: /home/saitama1/Pictures/ros2-picas/ros2_foxy/install/rcutils/share/ament_index/resource_index/parent_prefix_path/rcutils
-- Installing: /home/saitama1/Pictures/ros2-picas/ros2_foxy/install/rcutils/share/rcutils/environment/ament_prefix_path.sh
-- Installing: /home/saitama1/Pictures/ros2-picas/ros2_foxy/install/rcutils/share/rcutils/environment/ament_prefix_path.dsv
-- Installing: /home/saitama1/Pictures/ros2-picas/ros2_foxy/install/rcutils/share/rcutils/environment/path.sh
-- Installing: /home/saitama1/Pictures/ros2-picas/ros2_foxy/install/rcutils/share/rcutils/environment/path.dsv
-- Installing: /home/saitama1/Pictures/ros2-picas/ros2_foxy/install/rcutils/share/rcutils/local_setup.bash
-- Installing: /home/saitama1/Pictures/ros2-picas/ros2_foxy/install/rcutils/share/rcutils/local_setup.sh
-- Installing: /home/saitama1/Pictures/ros2-picas/ros2_foxy/install/rcutils/share/rcutils/local_setup.zsh
-- Installing: /home/saitama1/Pictures/ros2-picas/ros2_foxy/install/rcutils/share/rcutils/local_setup.dsv
-- Installing: /home/saitama1/Pictures/ros2-picas/ros2_foxy/install/rcutils/share/rcutils/package.dsv
-- Installing: /home/saitama1/Pictures/ros2-picas/ros2_foxy/install/rcutils/share/ament_index/resource_index/packages/rcutils
-- Installing: /home/saitama1/Pictures/ros2-picas/ros2_foxy/install/rcutils/share/rcutils/cmake/rcutilsExport.cmake
-- Installing: /home/saitama1/Pictures/ros2-picas/ros2_foxy/install/rcutils/share/rcutils/cmake/rcutilsExport-noconfig.cmake
-- Installing: /home/saitama1/Pictures/ros2-picas/ros2_foxy/install/rcutils/share/rcutils/cmake/ament_cmake_export_link_flags-extras.cmake
-- Installing: /home/saitama1/Pictures/ros2-picas/ros2_foxy/install/rcutils/share/rcutils/cmake/ament_cmake_export_dependencies-extras.cmake
-- Installing: /home/saitama1/Pictures/ros2-picas/ros2_foxy/install/rcutils/share/rcutils/cmake/ament_cmake_export_include_directories-extras.cmake
-- Installing: /home/saitama1/Pictures/ros2-picas/ros2_foxy/install/rcutils/share/rcutils/cmake/ament_cmake_export_libraries-extras.cmake
-- Installing: /home/saitama1/Pictures/ros2-picas/ros2_foxy/install/rcutils/share/rcutils/cmake/ament_cmake_export_targets-extras.cmake
-- Installing: /home/saitama1/Pictures/ros2-picas/ros2_foxy/install/rcutils/share/rcutils/cmake/rcutilsConfig.cmake
-- Installing: /home/saitama1/Pictures/ros2-picas/ros2_foxy/install/rcutils/share/rcutils/cmake/rcutilsConfig-version.cmake
-- Installing: /home/saitama1/Pictures/ros2-picas/ros2_foxy/install/rcutils/share/rcutils/package.xml
-- Up-to-date: /home/saitama1/Pictures/ros2-picas/ros2_foxy/install/rcutils/include
-- Up-to-date: /home/saitama1/Pictures/ros2-picas/ros2_foxy/install/rcutils/include/rcutils
-- Installing: /home/saitama1/Pictures/ros2-picas/ros2_foxy/install/rcutils/include/rcutils/isalnum_no_locale.h
-- Installing: /home/saitama1/Pictures/ros2-picas/ros2_foxy/install/rcutils/include/rcutils/get_env.h
-- Installing: /home/saitama1/Pictures/ros2-picas/ros2_foxy/install/rcutils/include/rcutils/strdup.h
-- Installing: /home/saitama1/Pictures/ros2-picas/ros2_foxy/install/rcutils/include/rcutils/types.h
-- Installing: /home/saitama1/Pictures/ros2-picas/ros2_foxy/install/rcutils/include/rcutils/strerror.h
-- Installing: /home/saitama1/Pictures/ros2-picas/ros2_foxy/install/rcutils/include/rcutils/repl_str.h
-- Installing: /home/saitama1/Pictures/ros2-picas/ros2_foxy/install/rcutils/include/rcutils/macros.h
-- Up-to-date: /home/saitama1/Pictures/ros2-picas/ros2_foxy/install/rcutils/include/rcutils/testing
-- Installing: /home/saitama1/Pictures/ros2-picas/ros2_foxy/install/rcutils/include/rcutils/testing/fault_injection.h
-- Installing: /home/saitama1/Pictures/ros2-picas/ros2_foxy/install/rcutils/include/rcutils/snprintf.h
-- Installing: /home/saitama1/Pictures/ros2-picas/ros2_foxy/install/rcutils/include/rcutils/stdatomic_helper.h
-- Installing: /home/saitama1/Pictures/ros2-picas/ros2_foxy/install/rcutils/include/rcutils/qsort.h
-- Installing: /home/saitama1/Pictures/ros2-picas/ros2_foxy/install/rcutils/include/rcutils/error_handling.h
-- Installing: /home/saitama1/Pictures/ros2-picas/ros2_foxy/install/rcutils/include/rcutils/process.h
-- Up-to-date: /home/saitama1/Pictures/ros2-picas/ros2_foxy/install/rcutils/include/rcutils/stdatomic_helper
-- Up-to-date: /home/saitama1/Pictures/ros2-picas/ros2_foxy/install/rcutils/include/rcutils/stdatomic_helper/gcc
-- Installing: /home/saitama1/Pictures/ros2-picas/ros2_foxy/install/rcutils/include/rcutils/stdatomic_helper/gcc/stdatomic.h
-- Up-to-date: /home/saitama1/Pictures/ros2-picas/ros2_foxy/install/rcutils/include/rcutils/stdatomic_helper/win32
-- Installing: /home/saitama1/Pictures/ros2-picas/ros2_foxy/install/rcutils/include/rcutils/stdatomic_helper/win32/stdatomic.h
-- Installing: /home/saitama1/Pictures/ros2-picas/ros2_foxy/install/rcutils/include/rcutils/logging.h
-- Installing: /home/saitama1/Pictures/ros2-picas/ros2_foxy/install/rcutils/include/rcutils/allocator.h
-- Installing: /home/saitama1/Pictures/ros2-picas/ros2_foxy/install/rcutils/include/rcutils/visibility_control_macros.h
-- Installing: /home/saitama1/Pictures/ros2-picas/ros2_foxy/install/rcutils/include/rcutils/env.h
-- Installing: /home/saitama1/Pictures/ros2-picas/ros2_foxy/install/rcutils/include/rcutils/find.h
-- Installing: /home/saitama1/Pictures/ros2-picas/ros2_foxy/install/rcutils/include/rcutils/shared_library.h
-- Installing: /home/saitama1/Pictures/ros2-picas/ros2_foxy/install/rcutils/include/rcutils/cmdline_parser.h
-- Installing: /home/saitama1/Pictures/ros2-picas/ros2_foxy/install/rcutils/include/rcutils/visibility_control.h
-- Installing: /home/saitama1/Pictures/ros2-picas/ros2_foxy/install/rcutils/include/rcutils/filesystem.h
-- Up-to-date: /home/saitama1/Pictures/ros2-picas/ros2_foxy/install/rcutils/include/rcutils/types
-- Installing: /home/saitama1/Pictures/ros2-picas/ros2_foxy/install/rcutils/include/rcutils/types/char_array.h
-- Installing: /home/saitama1/Pictures/ros2-picas/ros2_foxy/install/rcutils/include/rcutils/types/hash_map.h
-- Installing: /home/saitama1/Pictures/ros2-picas/ros2_foxy/install/rcutils/include/rcutils/types/array_list.h
-- Installing: /home/saitama1/Pictures/ros2-picas/ros2_foxy/install/rcutils/include/rcutils/types/rcutils_ret.h
-- Installing: /home/saitama1/Pictures/ros2-picas/ros2_foxy/install/rcutils/include/rcutils/types/uint8_array.h
-- Installing: /home/saitama1/Pictures/ros2-picas/ros2_foxy/install/rcutils/include/rcutils/types/string_map.h
-- Installing: /home/saitama1/Pictures/ros2-picas/ros2_foxy/install/rcutils/include/rcutils/types/string_array.h
-- Installing: /home/saitama1/Pictures/ros2-picas/ros2_foxy/install/rcutils/include/rcutils/split.h
-- Installing: /home/saitama1/Pictures/ros2-picas/ros2_foxy/install/rcutils/include/rcutils/format_string.h
-- Installing: /home/saitama1/Pictures/ros2-picas/ros2_foxy/install/rcutils/include/rcutils/time.h
-- Up-to-date: /home/saitama1/Pictures/ros2-picas/ros2_foxy/install/rcutils/include
-- Up-to-date: /home/saitama1/Pictures/ros2-picas/ros2_foxy/install/rcutils/include/rcutils
-- Installing: /home/saitama1/Pictures/ros2-picas/ros2_foxy/install/rcutils/include/rcutils/logging_macros.h
