-- The C compiler identification is GNU 9.3.0
-- The CXX compiler identification is GNU 9.3.0
-- Check for working C compiler: /usr/bin/cc
-- Check for working C compiler: /usr/bin/cc -- works
-- Detecting C compiler ABI info
-- Detecting C compiler ABI info - done
-- Detecting C compile features
-- Detecting C compile features - done
-- Check for working CXX compiler: /usr/bin/c++
-- Check for working CXX compiler: /usr/bin/c++ -- works
-- Detecting CXX compiler ABI info
-- Detecting CXX compiler ABI info - done
-- Detecting CXX compile features
-- Detecting CXX compile features - done
-- Found ament_cmake: 0.9.8 (/home/saitama1/ros2_foxy/install/ament_cmake/share/ament_cmake/cmake)
-- Found PythonInterp: /usr/bin/python3 (found suitable version "3.8.10", minimum required is "3") 
-- Using PYTHON_EXECUTABLE: /usr/bin/python3
-- Found rcl: 1.1.11 (/home/saitama1/ros2_foxy/install/rcl/share/rcl/cmake)
-- Using all available rosidl_typesupport_c: rosidl_typesupport_fastrtps_c;rosidl_typesupport_introspection_c
-- Found rosidl_adapter: 1.2.1 (/home/saitama1/ros2_foxy/install/rosidl_adapter/share/rosidl_adapter/cmake)
-- Found OpenSSL: /usr/lib/x86_64-linux-gnu/libcrypto.so (found version "1.1.1f")  
-- Found FastRTPS: /home/saitama1/ros2_foxy/install/fastrtps/include  
-- Using all available rosidl_typesupport_cpp: rosidl_typesupport_introspection_cpp;rosidl_typesupport_fastrtps_cpp
-- Found rmw_implementation_cmake: 1.0.3 (/home/saitama1/ros2_foxy/install/rmw_implementation_cmake/share/rmw_implementation_cmake/cmake)
-- Using RMW implementation 'rmw_fastrtps_cpp' as default
-- Looking for pthread.h
-- Looking for pthread.h - found
-- Performing Test CMAKE_HAVE_LIBC_PTHREAD
-- Performing Test CMAKE_HAVE_LIBC_PTHREAD - Failed
-- Looking for pthread_create in pthreads
-- Looking for pthread_create in pthreads - not found
-- Looking for pthread_create in pthread
-- Looking for pthread_create in pthread - found
-- Found Threads: TRUE  
-- Found rcl_action: 1.1.11 (/home/saitama1/ros2_foxy/install/rcl_action/share/rcl_action/cmake)
-- Found python_cmake_module: 0.8.1 (/home/saitama1/ros2_foxy/install/python_cmake_module/share/python_cmake_module/cmake)
-- Found PythonInterp: /usr/bin/python3 (found suitable version "3.8.10", minimum required is "3.5") 
-- Found PythonLibs: /usr/lib/x86_64-linux-gnu/libpython3.8.so (found suitable version "3.8.10", minimum required is "3.5") 
-- Using PYTHON_EXECUTABLE: /usr/bin/python3
-- Using PYTHON_INCLUDE_DIRS: /usr/include/python3.8
-- Using PYTHON_LIBRARIES: /usr/lib/x86_64-linux-gnu/libpython3.8.so
-- Found PythonExtra: .so  
-- Found ament_lint_auto: 0.9.6 (/home/saitama1/ros2_foxy/install/ament_lint_auto/share/ament_lint_auto/cmake)
-- Found gtest sources under '/home/saitama1/ros2_foxy/install/gtest_vendor/src/gtest_vendor': C++ tests using 'Google Test' will be built
-- Check if compiler accepts -pthread
-- Check if compiler accepts -pthread - yes
-- Added test 'copyright' to check source files copyright and LICENSE
-- Added test 'cppcheck' to perform static code analysis on C / C++ code
-- Configured cppcheck include dirs: /home/saitama1/ros2_foxy/src/ros2/rclpy/rclpy/src/rclpy_common/include
-- Configured cppcheck exclude dirs and/or files: 
-- Added test 'cpplint' to check C / C++ code against the Google style
-- Configured cpplint exclude dirs and/or files: 
-- Added test 'flake8' to check Python code syntax and style conventions
-- Added test 'lint_cmake' to check CMake code style
-- Added test 'pep257' to check Python code against some of the style conventions in PEP 257
-- Added test 'uncrustify' to check C / C++ code style
-- Configured uncrustify additional arguments: 
-- Added test 'xmllint' to check XML markup files
-- Configuring done
-- Generating done
-- Build files have been written to: /home/saitama1/ros2_foxy/build/rclpy
[35m[1mScanning dependencies of target gtest[0m
[35m[1mScanning dependencies of target rclpy_common[0m
[35m[1mScanning dependencies of target rclpy_logging[0m
[35m[1mScanning dependencies of target rclpy_pycapsule[0m
[  4%] [32mBuilding CXX object gtest/CMakeFiles/gtest.dir/src/gtest-all.cc.o[0m
[  8%] [32mBuilding C object CMakeFiles/rclpy_logging.dir/src/rclpy/_rclpy_logging.c.o[0m
[ 12%] [32mBuilding C object CMakeFiles/rclpy_pycapsule.dir/src/rclpy/_rclpy_pycapsule.c.o[0m
[ 16%] [32mBuilding C object CMakeFiles/rclpy_common.dir/src/rclpy_common/src/handle.c.o[0m
[ 20%] [32mBuilding C object CMakeFiles/rclpy_common.dir/src/rclpy_common/src/common.c.o[0m
[ 25%] [32m[1mLinking C shared library test_rclpy/_rclpy_pycapsule.cpython-38-x86_64-linux-gnu.so[0m
[ 29%] [32m[1mLinking C shared library test_rclpy/_rclpy_logging.cpython-38-x86_64-linux-gnu.so[0m
[ 29%] Built target rclpy_pycapsule
[ 29%] Built target rclpy_logging
[35m[1mScanning dependencies of target gtest_main[0m
[ 33%] [32m[1mLinking C shared library librclpy_common.so[0m
[ 37%] [32mBuilding CXX object gtest/CMakeFiles/gtest_main.dir/src/gtest_main.cc.o[0m
[ 37%] Built target rclpy_common
[35m[1mScanning dependencies of target rclpy[0m
[35m[1mScanning dependencies of target rclpy_handle[0m
[ 41%] [32mBuilding C object CMakeFiles/rclpy_handle.dir/src/rclpy/_rclpy_handle.c.o[0m
[ 45%] [32mBuilding C object CMakeFiles/rclpy.dir/src/rclpy/_rclpy.c.o[0m
[ 50%] [32mBuilding CXX object CMakeFiles/rclpy.dir/src/rclpy/detail/execute_with_logging_mutex.cpp.o[0m
[ 54%] [32mBuilding CXX object CMakeFiles/rclpy.dir/src/rclpy/detail/logging_mutex.cpp.o[0m
[ 58%] [32mBuilding CXX object CMakeFiles/rclpy.dir/src/rclpy/detail/thread_safe_logging_output_handler.cpp.o[0m
[ 62%] [32m[1mLinking C shared library test_rclpy/_rclpy_handle.cpython-38-x86_64-linux-gnu.so[0m
[ 62%] Built target rclpy_handle
[35m[1mScanning dependencies of target rclpy_signal_handler[0m
[ 66%] [32mBuilding C object CMakeFiles/rclpy_signal_handler.dir/src/rclpy/_rclpy_signal_handler.c.o[0m
[ 70%] [32m[1mLinking C shared library test_rclpy/_rclpy_signal_handler.cpython-38-x86_64-linux-gnu.so[0m
[ 75%] [32m[1mLinking CXX shared library test_rclpy/_rclpy.cpython-38-x86_64-linux-gnu.so[0m
[ 75%] Built target rclpy_signal_handler
[35m[1mScanning dependencies of target rclpy_action[0m
[ 75%] Built target rclpy
[ 79%] [32mBuilding C object CMakeFiles/rclpy_action.dir/src/rclpy/_rclpy_action.c.o[0m
[ 83%] [32m[1mLinking CXX static library libgtest_main.a[0m
[ 83%] Built target gtest_main
[ 87%] [32m[1mLinking C shared library test_rclpy/_rclpy_action.cpython-38-x86_64-linux-gnu.so[0m
[ 87%] Built target rclpy_action
[ 91%] [32m[1mLinking CXX static library libgtest.a[0m
[ 91%] Built target gtest
[35m[1mScanning dependencies of target test_c_handle[0m
[ 95%] [32mBuilding CXX object CMakeFiles/test_c_handle.dir/src/test/rclpy_common/test_handle.cpp.o[0m
[100%] [32m[1mLinking CXX executable test_c_handle[0m
[100%] Built target test_c_handle
-- Install configuration: ""
-- Installing: /home/saitama1/ros2_foxy/install/rclpy/share/rclpy/environment/pythonpath.sh
-- Installing: /home/saitama1/ros2_foxy/install/rclpy/share/rclpy/environment/pythonpath.dsv
-- Installing: /home/saitama1/ros2_foxy/install/rclpy/lib/python3.8/site-packages/rclpy
-- Installing: /home/saitama1/ros2_foxy/install/rclpy/lib/python3.8/site-packages/rclpy/time.py
-- Installing: /home/saitama1/ros2_foxy/install/rclpy/lib/python3.8/site-packages/rclpy/timer.py
-- Installing: /home/saitama1/ros2_foxy/install/rclpy/lib/python3.8/site-packages/rclpy/exceptions.py
-- Installing: /home/saitama1/ros2_foxy/install/rclpy/lib/python3.8/site-packages/rclpy/validate_parameter_name.py
-- Installing: /home/saitama1/ros2_foxy/install/rclpy/lib/python3.8/site-packages/rclpy/guard_condition.py
-- Installing: /home/saitama1/ros2_foxy/install/rclpy/lib/python3.8/site-packages/rclpy/topic_or_service_is_hidden.py
-- Installing: /home/saitama1/ros2_foxy/install/rclpy/lib/python3.8/site-packages/rclpy/constants.py
-- Installing: /home/saitama1/ros2_foxy/install/rclpy/lib/python3.8/site-packages/rclpy/service.py
-- Installing: /home/saitama1/ros2_foxy/install/rclpy/lib/python3.8/site-packages/rclpy/callback_groups.py
-- Installing: /home/saitama1/ros2_foxy/install/rclpy/lib/python3.8/site-packages/rclpy/action
-- Installing: /home/saitama1/ros2_foxy/install/rclpy/lib/python3.8/site-packages/rclpy/action/client.py
-- Installing: /home/saitama1/ros2_foxy/install/rclpy/lib/python3.8/site-packages/rclpy/action/__init__.py
-- Installing: /home/saitama1/ros2_foxy/install/rclpy/lib/python3.8/site-packages/rclpy/action/graph.py
-- Installing: /home/saitama1/ros2_foxy/install/rclpy/lib/python3.8/site-packages/rclpy/action/server.py
-- Installing: /home/saitama1/ros2_foxy/install/rclpy/lib/python3.8/site-packages/rclpy/task.py
-- Installing: /home/saitama1/ros2_foxy/install/rclpy/lib/python3.8/site-packages/rclpy/topic_endpoint_info.py
-- Installing: /home/saitama1/ros2_foxy/install/rclpy/lib/python3.8/site-packages/rclpy/waitable.py
-- Installing: /home/saitama1/ros2_foxy/install/rclpy/lib/python3.8/site-packages/rclpy/impl
-- Installing: /home/saitama1/ros2_foxy/install/rclpy/lib/python3.8/site-packages/rclpy/impl/__init__.py
-- Installing: /home/saitama1/ros2_foxy/install/rclpy/lib/python3.8/site-packages/rclpy/impl/rcutils_logger.py
-- Installing: /home/saitama1/ros2_foxy/install/rclpy/lib/python3.8/site-packages/rclpy/impl/implementation_singleton.py
-- Installing: /home/saitama1/ros2_foxy/install/rclpy/lib/python3.8/site-packages/rclpy/client.py
-- Installing: /home/saitama1/ros2_foxy/install/rclpy/lib/python3.8/site-packages/rclpy/utilities.py
-- Installing: /home/saitama1/ros2_foxy/install/rclpy/lib/python3.8/site-packages/rclpy/context.py
-- Installing: /home/saitama1/ros2_foxy/install/rclpy/lib/python3.8/site-packages/rclpy/publisher.py
-- Installing: /home/saitama1/ros2_foxy/install/rclpy/lib/python3.8/site-packages/rclpy/__init__.py
-- Installing: /home/saitama1/ros2_foxy/install/rclpy/lib/python3.8/site-packages/rclpy/handle.py
-- Installing: /home/saitama1/ros2_foxy/install/rclpy/lib/python3.8/site-packages/rclpy/validate_full_topic_name.py
-- Installing: /home/saitama1/ros2_foxy/install/rclpy/lib/python3.8/site-packages/rclpy/validate_topic_name.py
-- Installing: /home/saitama1/ros2_foxy/install/rclpy/lib/python3.8/site-packages/rclpy/parameter.py
-- Installing: /home/saitama1/ros2_foxy/install/rclpy/lib/python3.8/site-packages/rclpy/expand_topic_name.py
-- Installing: /home/saitama1/ros2_foxy/install/rclpy/lib/python3.8/site-packages/rclpy/time_source.py
-- Installing: /home/saitama1/ros2_foxy/install/rclpy/lib/python3.8/site-packages/rclpy/validate_node_name.py
-- Installing: /home/saitama1/ros2_foxy/install/rclpy/lib/python3.8/site-packages/rclpy/clock.py
-- Installing: /home/saitama1/ros2_foxy/install/rclpy/lib/python3.8/site-packages/rclpy/duration.py
-- Installing: /home/saitama1/ros2_foxy/install/rclpy/lib/python3.8/site-packages/rclpy/validate_namespace.py
-- Installing: /home/saitama1/ros2_foxy/install/rclpy/lib/python3.8/site-packages/rclpy/parameter_service.py
-- Installing: /home/saitama1/ros2_foxy/install/rclpy/lib/python3.8/site-packages/rclpy/executors.py
-- Installing: /home/saitama1/ros2_foxy/install/rclpy/lib/python3.8/site-packages/rclpy/logging.py
-- Installing: /home/saitama1/ros2_foxy/install/rclpy/lib/python3.8/site-packages/rclpy/signals.py
-- Installing: /home/saitama1/ros2_foxy/install/rclpy/lib/python3.8/site-packages/rclpy/type_support.py
-- Installing: /home/saitama1/ros2_foxy/install/rclpy/lib/python3.8/site-packages/rclpy/subscription.py
-- Installing: /home/saitama1/ros2_foxy/install/rclpy/lib/python3.8/site-packages/rclpy/node.py
-- Installing: /home/saitama1/ros2_foxy/install/rclpy/lib/python3.8/site-packages/rclpy/qos_event.py
-- Installing: /home/saitama1/ros2_foxy/install/rclpy/lib/python3.8/site-packages/rclpy/qos.py
-- Installing: /home/saitama1/ros2_foxy/install/rclpy/lib/python3.8/site-packages/rclpy/serialization.py
Listing '/home/saitama1/ros2_foxy/install/rclpy/lib/python3.8/site-packages/rclpy'...
Compiling '/home/saitama1/ros2_foxy/install/rclpy/lib/python3.8/site-packages/rclpy/__init__.py'...
Listing '/home/saitama1/ros2_foxy/install/rclpy/lib/python3.8/site-packages/rclpy/action'...
Compiling '/home/saitama1/ros2_foxy/install/rclpy/lib/python3.8/site-packages/rclpy/action/__init__.py'...
Compiling '/home/saitama1/ros2_foxy/install/rclpy/lib/python3.8/site-packages/rclpy/action/client.py'...
Compiling '/home/saitama1/ros2_foxy/install/rclpy/lib/python3.8/site-packages/rclpy/action/graph.py'...
Compiling '/home/saitama1/ros2_foxy/install/rclpy/lib/python3.8/site-packages/rclpy/action/server.py'...
Compiling '/home/saitama1/ros2_foxy/install/rclpy/lib/python3.8/site-packages/rclpy/callback_groups.py'...
Compiling '/home/saitama1/ros2_foxy/install/rclpy/lib/python3.8/site-packages/rclpy/client.py'...
Compiling '/home/saitama1/ros2_foxy/install/rclpy/lib/python3.8/site-packages/rclpy/clock.py'...
Compiling '/home/saitama1/ros2_foxy/install/rclpy/lib/python3.8/site-packages/rclpy/constants.py'...
Compiling '/home/saitama1/ros2_foxy/install/rclpy/lib/python3.8/site-packages/rclpy/context.py'...
Compiling '/home/saitama1/ros2_foxy/install/rclpy/lib/python3.8/site-packages/rclpy/duration.py'...
Compiling '/home/saitama1/ros2_foxy/install/rclpy/lib/python3.8/site-packages/rclpy/exceptions.py'...
Compiling '/home/saitama1/ros2_foxy/install/rclpy/lib/python3.8/site-packages/rclpy/executors.py'...
Compiling '/home/saitama1/ros2_foxy/install/rclpy/lib/python3.8/site-packages/rclpy/expand_topic_name.py'...
Compiling '/home/saitama1/ros2_foxy/install/rclpy/lib/python3.8/site-packages/rclpy/guard_condition.py'...
Compiling '/home/saitama1/ros2_foxy/install/rclpy/lib/python3.8/site-packages/rclpy/handle.py'...
Listing '/home/saitama1/ros2_foxy/install/rclpy/lib/python3.8/site-packages/rclpy/impl'...
Compiling '/home/saitama1/ros2_foxy/install/rclpy/lib/python3.8/site-packages/rclpy/impl/__init__.py'...
Compiling '/home/saitama1/ros2_foxy/install/rclpy/lib/python3.8/site-packages/rclpy/impl/implementation_singleton.py'...
Compiling '/home/saitama1/ros2_foxy/install/rclpy/lib/python3.8/site-packages/rclpy/impl/rcutils_logger.py'...
Compiling '/home/saitama1/ros2_foxy/install/rclpy/lib/python3.8/site-packages/rclpy/logging.py'...
Compiling '/home/saitama1/ros2_foxy/install/rclpy/lib/python3.8/site-packages/rclpy/node.py'...
Compiling '/home/saitama1/ros2_foxy/install/rclpy/lib/python3.8/site-packages/rclpy/parameter.py'...
Compiling '/home/saitama1/ros2_foxy/install/rclpy/lib/python3.8/site-packages/rclpy/parameter_service.py'...
Compiling '/home/saitama1/ros2_foxy/install/rclpy/lib/python3.8/site-packages/rclpy/publisher.py'...
Compiling '/home/saitama1/ros2_foxy/install/rclpy/lib/python3.8/site-packages/rclpy/qos.py'...
Compiling '/home/saitama1/ros2_foxy/install/rclpy/lib/python3.8/site-packages/rclpy/qos_event.py'...
Compiling '/home/saitama1/ros2_foxy/install/rclpy/lib/python3.8/site-packages/rclpy/serialization.py'...
Compiling '/home/saitama1/ros2_foxy/install/rclpy/lib/python3.8/site-packages/rclpy/service.py'...
Compiling '/home/saitama1/ros2_foxy/install/rclpy/lib/python3.8/site-packages/rclpy/signals.py'...
Compiling '/home/saitama1/ros2_foxy/install/rclpy/lib/python3.8/site-packages/rclpy/subscription.py'...
Compiling '/home/saitama1/ros2_foxy/install/rclpy/lib/python3.8/site-packages/rclpy/task.py'...
Compiling '/home/saitama1/ros2_foxy/install/rclpy/lib/python3.8/site-packages/rclpy/time.py'...
Compiling '/home/saitama1/ros2_foxy/install/rclpy/lib/python3.8/site-packages/rclpy/time_source.py'...
Compiling '/home/saitama1/ros2_foxy/install/rclpy/lib/python3.8/site-packages/rclpy/timer.py'...
Compiling '/home/saitama1/ros2_foxy/install/rclpy/lib/python3.8/site-packages/rclpy/topic_endpoint_info.py'...
Compiling '/home/saitama1/ros2_foxy/install/rclpy/lib/python3.8/site-packages/rclpy/topic_or_service_is_hidden.py'...
Compiling '/home/saitama1/ros2_foxy/install/rclpy/lib/python3.8/site-packages/rclpy/type_support.py'...
Compiling '/home/saitama1/ros2_foxy/install/rclpy/lib/python3.8/site-packages/rclpy/utilities.py'...
Compiling '/home/saitama1/ros2_foxy/install/rclpy/lib/python3.8/site-packages/rclpy/validate_full_topic_name.py'...
Compiling '/home/saitama1/ros2_foxy/install/rclpy/lib/python3.8/site-packages/rclpy/validate_namespace.py'...
Compiling '/home/saitama1/ros2_foxy/install/rclpy/lib/python3.8/site-packages/rclpy/validate_node_name.py'...
Compiling '/home/saitama1/ros2_foxy/install/rclpy/lib/python3.8/site-packages/rclpy/validate_parameter_name.py'...
Compiling '/home/saitama1/ros2_foxy/install/rclpy/lib/python3.8/site-packages/rclpy/validate_topic_name.py'...
Compiling '/home/saitama1/ros2_foxy/install/rclpy/lib/python3.8/site-packages/rclpy/waitable.py'...
-- Installing: /home/saitama1/ros2_foxy/install/rclpy/lib/librclpy_common.so
-- Set runtime path of "/home/saitama1/ros2_foxy/install/rclpy/lib/librclpy_common.so" to ""
-- Installing: /home/saitama1/ros2_foxy/install/rclpy/lib/python3.8/site-packages/rclpy/_rclpy.cpython-38-x86_64-linux-gnu.so
-- Set runtime path of "/home/saitama1/ros2_foxy/install/rclpy/lib/python3.8/site-packages/rclpy/_rclpy.cpython-38-x86_64-linux-gnu.so" to ""
-- Installing: /home/saitama1/ros2_foxy/install/rclpy/lib/python3.8/site-packages/rclpy/_rclpy_action.cpython-38-x86_64-linux-gnu.so
-- Set runtime path of "/home/saitama1/ros2_foxy/install/rclpy/lib/python3.8/site-packages/rclpy/_rclpy_action.cpython-38-x86_64-linux-gnu.so" to ""
-- Installing: /home/saitama1/ros2_foxy/install/rclpy/lib/python3.8/site-packages/rclpy/_rclpy_logging.cpython-38-x86_64-linux-gnu.so
-- Set runtime path of "/home/saitama1/ros2_foxy/install/rclpy/lib/python3.8/site-packages/rclpy/_rclpy_logging.cpython-38-x86_64-linux-gnu.so" to ""
-- Installing: /home/saitama1/ros2_foxy/install/rclpy/lib/python3.8/site-packages/rclpy/_rclpy_signal_handler.cpython-38-x86_64-linux-gnu.so
-- Set runtime path of "/home/saitama1/ros2_foxy/install/rclpy/lib/python3.8/site-packages/rclpy/_rclpy_signal_handler.cpython-38-x86_64-linux-gnu.so" to ""
-- Installing: /home/saitama1/ros2_foxy/install/rclpy/lib/python3.8/site-packages/rclpy/_rclpy_pycapsule.cpython-38-x86_64-linux-gnu.so
-- Installing: /home/saitama1/ros2_foxy/install/rclpy/lib/python3.8/site-packages/rclpy/_rclpy_handle.cpython-38-x86_64-linux-gnu.so
-- Set runtime path of "/home/saitama1/ros2_foxy/install/rclpy/lib/python3.8/site-packages/rclpy/_rclpy_handle.cpython-38-x86_64-linux-gnu.so" to ""
-- Installing: /home/saitama1/ros2_foxy/install/rclpy/share/rclpy/environment/library_path.sh
-- Installing: /home/saitama1/ros2_foxy/install/rclpy/share/rclpy/environment/library_path.dsv
-- Installing: /home/saitama1/ros2_foxy/install/rclpy/share/ament_index/resource_index/package_run_dependencies/rclpy
-- Installing: /home/saitama1/ros2_foxy/install/rclpy/share/ament_index/resource_index/parent_prefix_path/rclpy
-- Installing: /home/saitama1/ros2_foxy/install/rclpy/share/rclpy/environment/ament_prefix_path.sh
-- Installing: /home/saitama1/ros2_foxy/install/rclpy/share/rclpy/environment/ament_prefix_path.dsv
-- Installing: /home/saitama1/ros2_foxy/install/rclpy/share/rclpy/environment/path.sh
-- Installing: /home/saitama1/ros2_foxy/install/rclpy/share/rclpy/environment/path.dsv
-- Installing: /home/saitama1/ros2_foxy/install/rclpy/share/rclpy/local_setup.bash
-- Installing: /home/saitama1/ros2_foxy/install/rclpy/share/rclpy/local_setup.sh
-- Installing: /home/saitama1/ros2_foxy/install/rclpy/share/rclpy/local_setup.zsh
-- Installing: /home/saitama1/ros2_foxy/install/rclpy/share/rclpy/local_setup.dsv
-- Installing: /home/saitama1/ros2_foxy/install/rclpy/share/rclpy/package.dsv
-- Installing: /home/saitama1/ros2_foxy/install/rclpy/share/ament_index/resource_index/packages/rclpy
-- Installing: /home/saitama1/ros2_foxy/install/rclpy/share/rclpy/cmake/rclpyConfig.cmake
-- Installing: /home/saitama1/ros2_foxy/install/rclpy/share/rclpy/cmake/rclpyConfig-version.cmake
-- Installing: /home/saitama1/ros2_foxy/install/rclpy/share/rclpy/package.xml
