[  2%] Built target composition_interfaces__cpp
[ 12%] Built target composition_interfaces__rosidl_generator_c
[ 23%] Built target composition_interfaces__rosidl_typesupport_cpp
[ 34%] Built target composition_interfaces__rosidl_typesupport_c
[ 44%] Built target composition_interfaces__rosidl_typesupport_fastrtps_cpp
[ 55%] Built target composition_interfaces__rosidl_typesupport_introspection_cpp
[ 65%] Built target composition_interfaces__rosidl_typesupport_introspection_c
[ 76%] Built target composition_interfaces__rosidl_typesupport_fastrtps_c
[ 76%] Built target composition_interfaces
[ 78%] Built target composition_interfaces__py
[ 87%] Built target composition_interfaces__python
[ 91%] Built target composition_interfaces__rosidl_typesupport_fastrtps_c__pyext
[ 95%] Built target composition_interfaces__rosidl_typesupport_c__pyext
[100%] Built target composition_interfaces__rosidl_typesupport_introspection_c__pyext
-- Install configuration: ""
-- Execute custom install script
-- Up-to-date symlink: /home/saitama1/ros2_foxy/install/composition_interfaces/share/ament_index/resource_index/rosidl_interfaces/composition_interfaces
-- Up-to-date symlink: /home/saitama1/ros2_foxy/install/composition_interfaces/include/composition_interfaces/msg/rosidl_generator_c__visibility_control.h
-- Up-to-date symlink: /home/saitama1/ros2_foxy/install/composition_interfaces/include/composition_interfaces/srv/detail/list_nodes__functions.h
-- Up-to-date symlink: /home/saitama1/ros2_foxy/install/composition_interfaces/include/composition_interfaces/srv/detail/list_nodes__struct.h
-- Up-to-date symlink: /home/saitama1/ros2_foxy/install/composition_interfaces/include/composition_interfaces/srv/detail/list_nodes__type_support.h
-- Up-to-date symlink: /home/saitama1/ros2_foxy/install/composition_interfaces/include/composition_interfaces/srv/detail/load_node__functions.h
-- Up-to-date symlink: /home/saitama1/ros2_foxy/install/composition_interfaces/include/composition_interfaces/srv/detail/load_node__struct.h
-- Up-to-date symlink: /home/saitama1/ros2_foxy/install/composition_interfaces/include/composition_interfaces/srv/detail/load_node__type_support.h
-- Up-to-date symlink: /home/saitama1/ros2_foxy/install/composition_interfaces/include/composition_interfaces/srv/detail/unload_node__functions.h
-- Up-to-date symlink: /home/saitama1/ros2_foxy/install/composition_interfaces/include/composition_interfaces/srv/detail/unload_node__struct.h
-- Up-to-date symlink: /home/saitama1/ros2_foxy/install/composition_interfaces/include/composition_interfaces/srv/detail/unload_node__type_support.h
-- Up-to-date symlink: /home/saitama1/ros2_foxy/install/composition_interfaces/include/composition_interfaces/srv/list_nodes.h
-- Up-to-date symlink: /home/saitama1/ros2_foxy/install/composition_interfaces/include/composition_interfaces/srv/load_node.h
-- Up-to-date symlink: /home/saitama1/ros2_foxy/install/composition_interfaces/include/composition_interfaces/srv/unload_node.h
-- Up-to-date symlink: /home/saitama1/ros2_foxy/install/composition_interfaces/share/composition_interfaces/environment/library_path.sh
-- Up-to-date symlink: /home/saitama1/ros2_foxy/install/composition_interfaces/share/composition_interfaces/environment/library_path.dsv
-- Up-to-date symlink: /home/saitama1/ros2_foxy/install/composition_interfaces/include/composition_interfaces/msg/rosidl_typesupport_introspection_c__visibility_control.h
-- Up-to-date symlink: /home/saitama1/ros2_foxy/install/composition_interfaces/include/composition_interfaces/srv/detail/list_nodes__rosidl_typesupport_introspection_c.h
-- Up-to-date symlink: /home/saitama1/ros2_foxy/install/composition_interfaces/include/composition_interfaces/srv/detail/load_node__rosidl_typesupport_introspection_c.h
-- Up-to-date symlink: /home/saitama1/ros2_foxy/install/composition_interfaces/include/composition_interfaces/srv/detail/unload_node__rosidl_typesupport_introspection_c.h
-- Up-to-date symlink: /home/saitama1/ros2_foxy/install/composition_interfaces/include/composition_interfaces/msg/rosidl_typesupport_fastrtps_c__visibility_control.h
-- Up-to-date symlink: /home/saitama1/ros2_foxy/install/composition_interfaces/include/composition_interfaces/srv/detail/list_nodes__rosidl_typesupport_fastrtps_c.h
-- Up-to-date symlink: /home/saitama1/ros2_foxy/install/composition_interfaces/include/composition_interfaces/srv/detail/load_node__rosidl_typesupport_fastrtps_c.h
-- Up-to-date symlink: /home/saitama1/ros2_foxy/install/composition_interfaces/include/composition_interfaces/srv/detail/unload_node__rosidl_typesupport_fastrtps_c.h
-- Up-to-date symlink: /home/saitama1/ros2_foxy/install/composition_interfaces/lib/libcomposition_interfaces__rosidl_typesupport_fastrtps_c.so
-- Up-to-date symlink: /home/saitama1/ros2_foxy/install/composition_interfaces/include/composition_interfaces/msg/rosidl_typesupport_fastrtps_cpp__visibility_control.h
-- Up-to-date symlink: /home/saitama1/ros2_foxy/install/composition_interfaces/include/composition_interfaces/srv/detail/list_nodes__rosidl_typesupport_fastrtps_cpp.hpp
-- Up-to-date symlink: /home/saitama1/ros2_foxy/install/composition_interfaces/include/composition_interfaces/srv/detail/load_node__rosidl_typesupport_fastrtps_cpp.hpp
-- Up-to-date symlink: /home/saitama1/ros2_foxy/install/composition_interfaces/include/composition_interfaces/srv/detail/unload_node__rosidl_typesupport_fastrtps_cpp.hpp
-- Up-to-date symlink: /home/saitama1/ros2_foxy/install/composition_interfaces/lib/libcomposition_interfaces__rosidl_typesupport_fastrtps_cpp.so
-- Up-to-date symlink: /home/saitama1/ros2_foxy/install/composition_interfaces/include/composition_interfaces/srv/detail/list_nodes__builder.hpp
-- Up-to-date symlink: /home/saitama1/ros2_foxy/install/composition_interfaces/include/composition_interfaces/srv/detail/list_nodes__struct.hpp
-- Up-to-date symlink: /home/saitama1/ros2_foxy/install/composition_interfaces/include/composition_interfaces/srv/detail/list_nodes__traits.hpp
-- Up-to-date symlink: /home/saitama1/ros2_foxy/install/composition_interfaces/include/composition_interfaces/srv/detail/load_node__builder.hpp
-- Up-to-date symlink: /home/saitama1/ros2_foxy/install/composition_interfaces/include/composition_interfaces/srv/detail/load_node__struct.hpp
-- Up-to-date symlink: /home/saitama1/ros2_foxy/install/composition_interfaces/include/composition_interfaces/srv/detail/load_node__traits.hpp
-- Up-to-date symlink: /home/saitama1/ros2_foxy/install/composition_interfaces/include/composition_interfaces/srv/detail/unload_node__builder.hpp
-- Up-to-date symlink: /home/saitama1/ros2_foxy/install/composition_interfaces/include/composition_interfaces/srv/detail/unload_node__struct.hpp
-- Up-to-date symlink: /home/saitama1/ros2_foxy/install/composition_interfaces/include/composition_interfaces/srv/detail/unload_node__traits.hpp
-- Up-to-date symlink: /home/saitama1/ros2_foxy/install/composition_interfaces/include/composition_interfaces/srv/list_nodes.hpp
-- Up-to-date symlink: /home/saitama1/ros2_foxy/install/composition_interfaces/include/composition_interfaces/srv/load_node.hpp
-- Up-to-date symlink: /home/saitama1/ros2_foxy/install/composition_interfaces/include/composition_interfaces/srv/unload_node.hpp
-- Up-to-date symlink: /home/saitama1/ros2_foxy/install/composition_interfaces/include/composition_interfaces/srv/detail/list_nodes__rosidl_typesupport_introspection_cpp.hpp
-- Up-to-date symlink: /home/saitama1/ros2_foxy/install/composition_interfaces/include/composition_interfaces/srv/detail/load_node__rosidl_typesupport_introspection_cpp.hpp
-- Up-to-date symlink: /home/saitama1/ros2_foxy/install/composition_interfaces/include/composition_interfaces/srv/detail/unload_node__rosidl_typesupport_introspection_cpp.hpp
-- Up-to-date symlink: /home/saitama1/ros2_foxy/install/composition_interfaces/share/composition_interfaces/environment/pythonpath.sh
-- Up-to-date symlink: /home/saitama1/ros2_foxy/install/composition_interfaces/share/composition_interfaces/environment/pythonpath.dsv
-- Up-to-date symlink: /home/saitama1/ros2_foxy/install/composition_interfaces/lib/python3.8/site-packages/composition_interfaces/__init__.py
-- Up-to-date symlink: /home/saitama1/ros2_foxy/install/composition_interfaces/lib/python3.8/site-packages/composition_interfaces/srv/__init__.py
-- Up-to-date symlink: /home/saitama1/ros2_foxy/install/composition_interfaces/lib/python3.8/site-packages/composition_interfaces/srv/_list_nodes.py
-- Up-to-date symlink: /home/saitama1/ros2_foxy/install/composition_interfaces/lib/python3.8/site-packages/composition_interfaces/srv/_load_node.py
-- Up-to-date symlink: /home/saitama1/ros2_foxy/install/composition_interfaces/lib/python3.8/site-packages/composition_interfaces/srv/_unload_node.py
-- Up-to-date symlink: /home/saitama1/ros2_foxy/install/composition_interfaces/lib/python3.8/site-packages/composition_interfaces/composition_interfaces_s__rosidl_typesupport_introspection_c.cpython-38-x86_64-linux-gnu.so
-- Up-to-date symlink: /home/saitama1/ros2_foxy/install/composition_interfaces/lib/python3.8/site-packages/composition_interfaces/composition_interfaces_s__rosidl_typesupport_fastrtps_c.cpython-38-x86_64-linux-gnu.so
-- Up-to-date symlink: /home/saitama1/ros2_foxy/install/composition_interfaces/lib/python3.8/site-packages/composition_interfaces/composition_interfaces_s__rosidl_typesupport_c.cpython-38-x86_64-linux-gnu.so
-- Up-to-date symlink: /home/saitama1/ros2_foxy/install/composition_interfaces/lib/libcomposition_interfaces__python.so
-- Up-to-date symlink: /home/saitama1/ros2_foxy/install/composition_interfaces/share/composition_interfaces/srv/LoadNode.idl
-- Up-to-date symlink: /home/saitama1/ros2_foxy/install/composition_interfaces/share/composition_interfaces/srv/ListNodes.idl
-- Up-to-date symlink: /home/saitama1/ros2_foxy/install/composition_interfaces/share/composition_interfaces/srv/UnloadNode.idl
-- Up-to-date symlink: /home/saitama1/ros2_foxy/install/composition_interfaces/share/composition_interfaces/srv/LoadNode.srv
-- Up-to-date symlink: /home/saitama1/ros2_foxy/install/composition_interfaces/share/composition_interfaces/srv/LoadNode_Request.msg
-- Up-to-date symlink: /home/saitama1/ros2_foxy/install/composition_interfaces/share/composition_interfaces/srv/LoadNode_Response.msg
-- Up-to-date symlink: /home/saitama1/ros2_foxy/install/composition_interfaces/share/composition_interfaces/srv/ListNodes.srv
-- Up-to-date symlink: /home/saitama1/ros2_foxy/install/composition_interfaces/share/composition_interfaces/srv/ListNodes_Request.msg
-- Up-to-date symlink: /home/saitama1/ros2_foxy/install/composition_interfaces/share/composition_interfaces/srv/ListNodes_Response.msg
-- Up-to-date symlink: /home/saitama1/ros2_foxy/install/composition_interfaces/share/composition_interfaces/srv/UnloadNode.srv
-- Up-to-date symlink: /home/saitama1/ros2_foxy/install/composition_interfaces/share/composition_interfaces/srv/UnloadNode_Request.msg
-- Up-to-date symlink: /home/saitama1/ros2_foxy/install/composition_interfaces/share/composition_interfaces/srv/UnloadNode_Response.msg
-- Up-to-date symlink: /home/saitama1/ros2_foxy/install/composition_interfaces/share/ament_index/resource_index/package_run_dependencies/composition_interfaces
-- Up-to-date symlink: /home/saitama1/ros2_foxy/install/composition_interfaces/share/ament_index/resource_index/parent_prefix_path/composition_interfaces
-- Up-to-date symlink: /home/saitama1/ros2_foxy/install/composition_interfaces/share/composition_interfaces/environment/ament_prefix_path.sh
-- Up-to-date symlink: /home/saitama1/ros2_foxy/install/composition_interfaces/share/composition_interfaces/environment/ament_prefix_path.dsv
-- Up-to-date symlink: /home/saitama1/ros2_foxy/install/composition_interfaces/share/composition_interfaces/environment/path.sh
-- Up-to-date symlink: /home/saitama1/ros2_foxy/install/composition_interfaces/share/composition_interfaces/environment/path.dsv
-- Up-to-date symlink: /home/saitama1/ros2_foxy/install/composition_interfaces/share/composition_interfaces/local_setup.bash
-- Up-to-date symlink: /home/saitama1/ros2_foxy/install/composition_interfaces/share/composition_interfaces/local_setup.sh
-- Up-to-date symlink: /home/saitama1/ros2_foxy/install/composition_interfaces/share/composition_interfaces/local_setup.zsh
-- Up-to-date symlink: /home/saitama1/ros2_foxy/install/composition_interfaces/share/composition_interfaces/local_setup.dsv
-- Symlinking: /home/saitama1/ros2_foxy/install/composition_interfaces/share/composition_interfaces/package.dsv
-- Up-to-date symlink: /home/saitama1/ros2_foxy/install/composition_interfaces/share/ament_index/resource_index/packages/composition_interfaces
-- Up-to-date symlink: /home/saitama1/ros2_foxy/install/composition_interfaces/share/composition_interfaces/cmake/rosidl_cmake-extras.cmake
-- Up-to-date symlink: /home/saitama1/ros2_foxy/install/composition_interfaces/share/composition_interfaces/cmake/ament_cmake_export_dependencies-extras.cmake
-- Up-to-date symlink: /home/saitama1/ros2_foxy/install/composition_interfaces/share/composition_interfaces/cmake/ament_cmake_export_libraries-extras.cmake
-- Up-to-date symlink: /home/saitama1/ros2_foxy/install/composition_interfaces/share/composition_interfaces/cmake/ament_cmake_export_targets-extras.cmake
-- Up-to-date symlink: /home/saitama1/ros2_foxy/install/composition_interfaces/share/composition_interfaces/cmake/ament_cmake_export_include_directories-extras.cmake
-- Up-to-date symlink: /home/saitama1/ros2_foxy/install/composition_interfaces/share/composition_interfaces/cmake/rosidl_cmake_export_typesupport_targets-extras.cmake
-- Up-to-date symlink: /home/saitama1/ros2_foxy/install/composition_interfaces/share/composition_interfaces/cmake/rosidl_cmake_export_typesupport_libraries-extras.cmake
-- Up-to-date symlink: /home/saitama1/ros2_foxy/install/composition_interfaces/share/composition_interfaces/cmake/composition_interfacesConfig.cmake
-- Up-to-date symlink: /home/saitama1/ros2_foxy/install/composition_interfaces/share/composition_interfaces/cmake/composition_interfacesConfig-version.cmake
-- Up-to-date symlink: /home/saitama1/ros2_foxy/install/composition_interfaces/share/composition_interfaces/package.xml
-- Up-to-date: /home/saitama1/ros2_foxy/install/composition_interfaces/lib/libcomposition_interfaces__rosidl_generator_c.so
-- Up-to-date: /home/saitama1/ros2_foxy/install/composition_interfaces/lib/libcomposition_interfaces__rosidl_typesupport_introspection_c.so
-- Up-to-date: /home/saitama1/ros2_foxy/install/composition_interfaces/lib/libcomposition_interfaces__rosidl_typesupport_c.so
-- Up-to-date: /home/saitama1/ros2_foxy/install/composition_interfaces/lib/libcomposition_interfaces__rosidl_typesupport_introspection_cpp.so
-- Up-to-date: /home/saitama1/ros2_foxy/install/composition_interfaces/lib/libcomposition_interfaces__rosidl_typesupport_cpp.so
-- Up-to-date: /home/saitama1/ros2_foxy/install/composition_interfaces/share/composition_interfaces/cmake/composition_interfaces__rosidl_generator_cExport.cmake
-- Up-to-date: /home/saitama1/ros2_foxy/install/composition_interfaces/share/composition_interfaces/cmake/composition_interfaces__rosidl_generator_cExport-noconfig.cmake
-- Up-to-date: /home/saitama1/ros2_foxy/install/composition_interfaces/share/composition_interfaces/cmake/composition_interfaces__rosidl_typesupport_introspection_cExport.cmake
-- Up-to-date: /home/saitama1/ros2_foxy/install/composition_interfaces/share/composition_interfaces/cmake/composition_interfaces__rosidl_typesupport_introspection_cExport-noconfig.cmake
-- Up-to-date: /home/saitama1/ros2_foxy/install/composition_interfaces/share/composition_interfaces/cmake/composition_interfaces__rosidl_typesupport_cExport.cmake
-- Up-to-date: /home/saitama1/ros2_foxy/install/composition_interfaces/share/composition_interfaces/cmake/composition_interfaces__rosidl_typesupport_cExport-noconfig.cmake
-- Up-to-date: /home/saitama1/ros2_foxy/install/composition_interfaces/share/composition_interfaces/cmake/composition_interfaces__rosidl_generator_cppExport.cmake
-- Up-to-date: /home/saitama1/ros2_foxy/install/composition_interfaces/share/composition_interfaces/cmake/composition_interfaces__rosidl_typesupport_introspection_cppExport.cmake
-- Up-to-date: /home/saitama1/ros2_foxy/install/composition_interfaces/share/composition_interfaces/cmake/composition_interfaces__rosidl_typesupport_introspection_cppExport-noconfig.cmake
-- Up-to-date: /home/saitama1/ros2_foxy/install/composition_interfaces/share/composition_interfaces/cmake/composition_interfaces__rosidl_typesupport_cppExport.cmake
-- Up-to-date: /home/saitama1/ros2_foxy/install/composition_interfaces/share/composition_interfaces/cmake/composition_interfaces__rosidl_typesupport_cppExport-noconfig.cmake
