-- Found ament_cmake: 0.9.8 (/home/saitama1/ros2_foxy/install/ament_cmake/share/ament_cmake/cmake)
-- Found PythonInterp: /usr/bin/python3 (found suitable version "3.8.10", minimum required is "3") 
-- Using PYTHON_EXECUTABLE: /usr/bin/python3
-- Override CMake install command with custom implementation using symlinks instead of copying resources
-- Found rosidl_default_generators: 1.0.1 (/home/saitama1/ros2_foxy/install/rosidl_default_generators/share/rosidl_default_generators/cmake)
-- Using all available rosidl_typesupport_c: rosidl_typesupport_introspection_c;rosidl_typesupport_fastrtps_c
-- Found rosidl_adapter: 1.2.1 (/home/saitama1/ros2_foxy/install/rosidl_adapter/share/rosidl_adapter/cmake)
-- Using all available rosidl_typesupport_cpp: rosidl_typesupport_introspection_cpp;rosidl_typesupport_fastrtps_cpp
-- Found sensor_msgs: 2.0.4 (/home/saitama1/ros2_foxy/install/sensor_msgs/share/sensor_msgs/cmake)
-- Found PythonInterp: /usr/bin/python3 (found version "3.8.10") 
-- Found ament_cmake_cppcheck: 0.9.6 (/home/saitama1/ros2_foxy/install/ament_cmake_cppcheck/share/ament_cmake_cppcheck/cmake)
-- Found ament_cmake_cpplint: 0.9.6 (/home/saitama1/ros2_foxy/install/ament_cmake_cpplint/share/ament_cmake_cpplint/cmake)
-- Found ament_cmake_uncrustify: 0.9.6 (/home/saitama1/ros2_foxy/install/ament_cmake_uncrustify/share/ament_cmake_uncrustify/cmake)
-- Found ament_cmake_ros: 0.9.2 (/home/saitama1/ros2_foxy/install/ament_cmake_ros/share/ament_cmake_ros/cmake)
-- Using all available rosidl_typesupport_c: rosidl_typesupport_introspection_c;rosidl_typesupport_fastrtps_c
-- Using all available rosidl_typesupport_cpp: rosidl_typesupport_introspection_cpp;rosidl_typesupport_fastrtps_cpp
-- Found PythonInterp: /usr/bin/python3 (found suitable version "3.8.10", minimum required is "3.5") 
-- Found python_cmake_module: 0.8.1 (/home/saitama1/ros2_foxy/install/python_cmake_module/share/python_cmake_module/cmake)
-- Using PYTHON_EXECUTABLE: /usr/bin/python3
-- Using PYTHON_INCLUDE_DIRS: /usr/include/python3.8
-- Using PYTHON_LIBRARIES: /usr/lib/x86_64-linux-gnu/libpython3.8.so
-- Found ament_cmake_flake8: 0.9.6 (/home/saitama1/ros2_foxy/install/ament_cmake_flake8/share/ament_cmake_flake8/cmake)
-- Found ament_cmake_pep257: 0.9.6 (/home/saitama1/ros2_foxy/install/ament_cmake_pep257/share/ament_cmake_pep257/cmake)
-- Configuring done
-- Generating done
-- Build files have been written to: /home/saitama1/ros2_foxy/build/stereo_msgs
[  3%] [34m[1mGenerating C code for ROS interfaces[0m
[  6%] [34m[1mGenerating C++ code for ROS interfaces[0m
[  6%] Built target stereo_msgs__cpp
[35m[1mScanning dependencies of target stereo_msgs__rosidl_generator_c[0m
[  9%] [34m[1mGenerating C++ type support for eProsima Fast-RTPS[0m
[ 12%] [34m[1mGenerating C++ introspection for ROS interfaces[0m
[ 16%] [34m[1mGenerating C++ type support dispatch for ROS interfaces[0m
[ 19%] [32mBuilding C object CMakeFiles/stereo_msgs__rosidl_generator_c.dir/rosidl_generator_c/stereo_msgs/msg/detail/disparity_image__functions.c.o[0m
[ 22%] [32m[1mLinking C shared library libstereo_msgs__rosidl_generator_c.so[0m
[ 22%] Built target stereo_msgs__rosidl_generator_c
[ 25%] [34m[1mGenerating C type support dispatch for ROS interfaces[0m
[ 29%] [34m[1mGenerating C introspection for ROS interfaces[0m
[35m[1mScanning dependencies of target stereo_msgs__rosidl_typesupport_cpp[0m
[ 32%] [32mBuilding CXX object CMakeFiles/stereo_msgs__rosidl_typesupport_cpp.dir/rosidl_typesupport_cpp/stereo_msgs/msg/disparity_image__type_support.cpp.o[0m
[35m[1mScanning dependencies of target stereo_msgs__rosidl_typesupport_fastrtps_cpp[0m
[35m[1mScanning dependencies of target stereo_msgs__rosidl_typesupport_introspection_cpp[0m
[ 35%] [32mBuilding CXX object CMakeFiles/stereo_msgs__rosidl_typesupport_fastrtps_cpp.dir/rosidl_typesupport_fastrtps_cpp/stereo_msgs/msg/detail/dds_fastrtps/disparity_image__type_support.cpp.o[0m
[ 38%] [32mBuilding CXX object CMakeFiles/stereo_msgs__rosidl_typesupport_introspection_cpp.dir/rosidl_typesupport_introspection_cpp/stereo_msgs/msg/detail/disparity_image__type_support.cpp.o[0m
[ 41%] [32m[1mLinking CXX shared library libstereo_msgs__rosidl_typesupport_cpp.so[0m
[35m[1mScanning dependencies of target stereo_msgs__rosidl_typesupport_introspection_c[0m
[ 45%] [32mBuilding C object CMakeFiles/stereo_msgs__rosidl_typesupport_introspection_c.dir/rosidl_typesupport_introspection_c/stereo_msgs/msg/detail/disparity_image__type_support.c.o[0m
[ 45%] Built target stereo_msgs__rosidl_typesupport_cpp
[35m[1mScanning dependencies of target stereo_msgs__rosidl_typesupport_c[0m
[ 48%] [32mBuilding CXX object CMakeFiles/stereo_msgs__rosidl_typesupport_c.dir/rosidl_typesupport_c/stereo_msgs/msg/disparity_image__type_support.cpp.o[0m
[ 51%] [32m[1mLinking C shared library libstereo_msgs__rosidl_typesupport_introspection_c.so[0m
[ 54%] [32m[1mLinking CXX shared library libstereo_msgs__rosidl_typesupport_introspection_cpp.so[0m
[ 58%] [32m[1mLinking CXX shared library libstereo_msgs__rosidl_typesupport_c.so[0m
[ 58%] Built target stereo_msgs__rosidl_typesupport_introspection_c
[ 61%] [32m[1mLinking CXX shared library libstereo_msgs__rosidl_typesupport_fastrtps_cpp.so[0m
[ 61%] Built target stereo_msgs__rosidl_typesupport_introspection_cpp
[ 61%] Built target stereo_msgs__rosidl_typesupport_c
[ 61%] Built target stereo_msgs__rosidl_typesupport_fastrtps_cpp
[ 64%] [34m[1mGenerating C type support for eProsima Fast-RTPS[0m
[35m[1mScanning dependencies of target stereo_msgs__rosidl_typesupport_fastrtps_c[0m
[ 67%] [32mBuilding CXX object CMakeFiles/stereo_msgs__rosidl_typesupport_fastrtps_c.dir/rosidl_typesupport_fastrtps_c/stereo_msgs/msg/detail/disparity_image__type_support_c.cpp.o[0m
[ 70%] [32m[1mLinking CXX shared library libstereo_msgs__rosidl_typesupport_fastrtps_c.so[0m
[ 70%] Built target stereo_msgs__rosidl_typesupport_fastrtps_c
[ 70%] Built target stereo_msgs
[ 74%] [34m[1mGenerating Python code for ROS interfaces[0m
[ 74%] Built target stereo_msgs__py
[35m[1mScanning dependencies of target stereo_msgs__python[0m
[ 77%] [32mBuilding C object CMakeFiles/stereo_msgs__python.dir/rosidl_generator_py/stereo_msgs/msg/_disparity_image_s.c.o[0m
[ 80%] [32m[1mLinking C shared library rosidl_generator_py/stereo_msgs/libstereo_msgs__python.so[0m
[ 80%] Built target stereo_msgs__python
[35m[1mScanning dependencies of target stereo_msgs__rosidl_typesupport_fastrtps_c__pyext[0m
[ 83%] [32mBuilding C object CMakeFiles/stereo_msgs__rosidl_typesupport_fastrtps_c__pyext.dir/rosidl_generator_py/stereo_msgs/_stereo_msgs_s.ep.rosidl_typesupport_fastrtps_c.c.o[0m
[ 87%] [32m[1mLinking CXX shared library rosidl_generator_py/stereo_msgs/stereo_msgs_s__rosidl_typesupport_fastrtps_c.cpython-38-x86_64-linux-gnu.so[0m
[ 87%] Built target stereo_msgs__rosidl_typesupport_fastrtps_c__pyext
[35m[1mScanning dependencies of target stereo_msgs__rosidl_typesupport_c__pyext[0m
[ 90%] [32mBuilding C object CMakeFiles/stereo_msgs__rosidl_typesupport_c__pyext.dir/rosidl_generator_py/stereo_msgs/_stereo_msgs_s.ep.rosidl_typesupport_c.c.o[0m
[ 93%] [32m[1mLinking C shared library rosidl_generator_py/stereo_msgs/stereo_msgs_s__rosidl_typesupport_c.cpython-38-x86_64-linux-gnu.so[0m
[ 93%] Built target stereo_msgs__rosidl_typesupport_c__pyext
[35m[1mScanning dependencies of target stereo_msgs__rosidl_typesupport_introspection_c__pyext[0m
[ 96%] [32mBuilding C object CMakeFiles/stereo_msgs__rosidl_typesupport_introspection_c__pyext.dir/rosidl_generator_py/stereo_msgs/_stereo_msgs_s.ep.rosidl_typesupport_introspection_c.c.o[0m
[100%] [32m[1mLinking C shared library rosidl_generator_py/stereo_msgs/stereo_msgs_s__rosidl_typesupport_introspection_c.cpython-38-x86_64-linux-gnu.so[0m
[100%] Built target stereo_msgs__rosidl_typesupport_introspection_c__pyext
-- Install configuration: ""
-- Execute custom install script
-- Up-to-date symlink: /home/saitama1/ros2_foxy/install/stereo_msgs/share/ament_index/resource_index/rosidl_interfaces/stereo_msgs
-- Up-to-date symlink: /home/saitama1/ros2_foxy/install/stereo_msgs/include/stereo_msgs/msg/detail/disparity_image__functions.h
-- Up-to-date symlink: /home/saitama1/ros2_foxy/install/stereo_msgs/include/stereo_msgs/msg/detail/disparity_image__struct.h
-- Up-to-date symlink: /home/saitama1/ros2_foxy/install/stereo_msgs/include/stereo_msgs/msg/detail/disparity_image__type_support.h
-- Up-to-date symlink: /home/saitama1/ros2_foxy/install/stereo_msgs/include/stereo_msgs/msg/disparity_image.h
-- Up-to-date symlink: /home/saitama1/ros2_foxy/install/stereo_msgs/include/stereo_msgs/msg/rosidl_generator_c__visibility_control.h
-- Up-to-date symlink: /home/saitama1/ros2_foxy/install/stereo_msgs/share/stereo_msgs/environment/library_path.sh
-- Up-to-date symlink: /home/saitama1/ros2_foxy/install/stereo_msgs/share/stereo_msgs/environment/library_path.dsv
-- Up-to-date symlink: /home/saitama1/ros2_foxy/install/stereo_msgs/include/stereo_msgs/msg/detail/disparity_image__rosidl_typesupport_introspection_c.h
-- Up-to-date symlink: /home/saitama1/ros2_foxy/install/stereo_msgs/include/stereo_msgs/msg/rosidl_typesupport_introspection_c__visibility_control.h
-- Up-to-date symlink: /home/saitama1/ros2_foxy/install/stereo_msgs/include/stereo_msgs/msg/detail/disparity_image__rosidl_typesupport_fastrtps_c.h
-- Up-to-date symlink: /home/saitama1/ros2_foxy/install/stereo_msgs/include/stereo_msgs/msg/rosidl_typesupport_fastrtps_c__visibility_control.h
-- Up-to-date symlink: /home/saitama1/ros2_foxy/install/stereo_msgs/lib/libstereo_msgs__rosidl_typesupport_fastrtps_c.so
-- Up-to-date symlink: /home/saitama1/ros2_foxy/install/stereo_msgs/include/stereo_msgs/msg/detail/disparity_image__rosidl_typesupport_fastrtps_cpp.hpp
-- Up-to-date symlink: /home/saitama1/ros2_foxy/install/stereo_msgs/include/stereo_msgs/msg/rosidl_typesupport_fastrtps_cpp__visibility_control.h
-- Up-to-date symlink: /home/saitama1/ros2_foxy/install/stereo_msgs/lib/libstereo_msgs__rosidl_typesupport_fastrtps_cpp.so
-- Up-to-date symlink: /home/saitama1/ros2_foxy/install/stereo_msgs/include/stereo_msgs/msg/detail/disparity_image__builder.hpp
-- Up-to-date symlink: /home/saitama1/ros2_foxy/install/stereo_msgs/include/stereo_msgs/msg/detail/disparity_image__struct.hpp
-- Up-to-date symlink: /home/saitama1/ros2_foxy/install/stereo_msgs/include/stereo_msgs/msg/detail/disparity_image__traits.hpp
-- Up-to-date symlink: /home/saitama1/ros2_foxy/install/stereo_msgs/include/stereo_msgs/msg/disparity_image.hpp
-- Up-to-date symlink: /home/saitama1/ros2_foxy/install/stereo_msgs/include/stereo_msgs/msg/detail/disparity_image__rosidl_typesupport_introspection_cpp.hpp
-- Up-to-date symlink: /home/saitama1/ros2_foxy/install/stereo_msgs/share/stereo_msgs/environment/pythonpath.sh
-- Up-to-date symlink: /home/saitama1/ros2_foxy/install/stereo_msgs/share/stereo_msgs/environment/pythonpath.dsv
-- Up-to-date symlink: /home/saitama1/ros2_foxy/install/stereo_msgs/lib/python3.8/site-packages/stereo_msgs/__init__.py
-- Up-to-date symlink: /home/saitama1/ros2_foxy/install/stereo_msgs/lib/python3.8/site-packages/stereo_msgs/msg/__init__.py
-- Up-to-date symlink: /home/saitama1/ros2_foxy/install/stereo_msgs/lib/python3.8/site-packages/stereo_msgs/msg/_disparity_image.py
-- Up-to-date symlink: /home/saitama1/ros2_foxy/install/stereo_msgs/lib/python3.8/site-packages/stereo_msgs/stereo_msgs_s__rosidl_typesupport_introspection_c.cpython-38-x86_64-linux-gnu.so
-- Up-to-date symlink: /home/saitama1/ros2_foxy/install/stereo_msgs/lib/python3.8/site-packages/stereo_msgs/stereo_msgs_s__rosidl_typesupport_fastrtps_c.cpython-38-x86_64-linux-gnu.so
-- Up-to-date symlink: /home/saitama1/ros2_foxy/install/stereo_msgs/lib/python3.8/site-packages/stereo_msgs/stereo_msgs_s__rosidl_typesupport_c.cpython-38-x86_64-linux-gnu.so
-- Up-to-date symlink: /home/saitama1/ros2_foxy/install/stereo_msgs/lib/libstereo_msgs__python.so
-- Up-to-date symlink: /home/saitama1/ros2_foxy/install/stereo_msgs/share/stereo_msgs/msg/DisparityImage.idl
-- Up-to-date symlink: /home/saitama1/ros2_foxy/install/stereo_msgs/share/stereo_msgs/msg/DisparityImage.msg
-- Up-to-date symlink: /home/saitama1/ros2_foxy/install/stereo_msgs/share/ament_index/resource_index/package_run_dependencies/stereo_msgs
-- Up-to-date symlink: /home/saitama1/ros2_foxy/install/stereo_msgs/share/ament_index/resource_index/parent_prefix_path/stereo_msgs
-- Up-to-date symlink: /home/saitama1/ros2_foxy/install/stereo_msgs/share/stereo_msgs/environment/ament_prefix_path.sh
-- Up-to-date symlink: /home/saitama1/ros2_foxy/install/stereo_msgs/share/stereo_msgs/environment/ament_prefix_path.dsv
-- Up-to-date symlink: /home/saitama1/ros2_foxy/install/stereo_msgs/share/stereo_msgs/environment/path.sh
-- Up-to-date symlink: /home/saitama1/ros2_foxy/install/stereo_msgs/share/stereo_msgs/environment/path.dsv
-- Up-to-date symlink: /home/saitama1/ros2_foxy/install/stereo_msgs/share/stereo_msgs/local_setup.bash
-- Up-to-date symlink: /home/saitama1/ros2_foxy/install/stereo_msgs/share/stereo_msgs/local_setup.sh
-- Up-to-date symlink: /home/saitama1/ros2_foxy/install/stereo_msgs/share/stereo_msgs/local_setup.zsh
-- Up-to-date symlink: /home/saitama1/ros2_foxy/install/stereo_msgs/share/stereo_msgs/local_setup.dsv
-- Symlinking: /home/saitama1/ros2_foxy/install/stereo_msgs/share/stereo_msgs/package.dsv
-- Up-to-date symlink: /home/saitama1/ros2_foxy/install/stereo_msgs/share/ament_index/resource_index/packages/stereo_msgs
-- Up-to-date symlink: /home/saitama1/ros2_foxy/install/stereo_msgs/share/stereo_msgs/cmake/rosidl_cmake-extras.cmake
-- Up-to-date symlink: /home/saitama1/ros2_foxy/install/stereo_msgs/share/stereo_msgs/cmake/ament_cmake_export_dependencies-extras.cmake
-- Up-to-date symlink: /home/saitama1/ros2_foxy/install/stereo_msgs/share/stereo_msgs/cmake/ament_cmake_export_libraries-extras.cmake
-- Up-to-date symlink: /home/saitama1/ros2_foxy/install/stereo_msgs/share/stereo_msgs/cmake/ament_cmake_export_targets-extras.cmake
-- Up-to-date symlink: /home/saitama1/ros2_foxy/install/stereo_msgs/share/stereo_msgs/cmake/ament_cmake_export_include_directories-extras.cmake
-- Up-to-date symlink: /home/saitama1/ros2_foxy/install/stereo_msgs/share/stereo_msgs/cmake/rosidl_cmake_export_typesupport_targets-extras.cmake
-- Up-to-date symlink: /home/saitama1/ros2_foxy/install/stereo_msgs/share/stereo_msgs/cmake/rosidl_cmake_export_typesupport_libraries-extras.cmake
-- Up-to-date symlink: /home/saitama1/ros2_foxy/install/stereo_msgs/share/stereo_msgs/cmake/stereo_msgsConfig.cmake
-- Up-to-date symlink: /home/saitama1/ros2_foxy/install/stereo_msgs/share/stereo_msgs/cmake/stereo_msgsConfig-version.cmake
-- Up-to-date symlink: /home/saitama1/ros2_foxy/install/stereo_msgs/share/stereo_msgs/package.xml
-- Installing: /home/saitama1/ros2_foxy/install/stereo_msgs/lib/libstereo_msgs__rosidl_generator_c.so
-- Set runtime path of "/home/saitama1/ros2_foxy/install/stereo_msgs/lib/libstereo_msgs__rosidl_generator_c.so" to ""
-- Installing: /home/saitama1/ros2_foxy/install/stereo_msgs/lib/libstereo_msgs__rosidl_typesupport_introspection_c.so
-- Set runtime path of "/home/saitama1/ros2_foxy/install/stereo_msgs/lib/libstereo_msgs__rosidl_typesupport_introspection_c.so" to ""
-- Installing: /home/saitama1/ros2_foxy/install/stereo_msgs/lib/libstereo_msgs__rosidl_typesupport_c.so
-- Set runtime path of "/home/saitama1/ros2_foxy/install/stereo_msgs/lib/libstereo_msgs__rosidl_typesupport_c.so" to ""
-- Installing: /home/saitama1/ros2_foxy/install/stereo_msgs/lib/libstereo_msgs__rosidl_typesupport_introspection_cpp.so
-- Set runtime path of "/home/saitama1/ros2_foxy/install/stereo_msgs/lib/libstereo_msgs__rosidl_typesupport_introspection_cpp.so" to ""
-- Installing: /home/saitama1/ros2_foxy/install/stereo_msgs/lib/libstereo_msgs__rosidl_typesupport_cpp.so
-- Set runtime path of "/home/saitama1/ros2_foxy/install/stereo_msgs/lib/libstereo_msgs__rosidl_typesupport_cpp.so" to ""
Compiling '/home/saitama1/ros2_foxy/install/stereo_msgs/lib/python3.8/site-packages/stereo_msgs/__init__.py'...
-- Up-to-date: /home/saitama1/ros2_foxy/install/stereo_msgs/share/stereo_msgs/cmake/stereo_msgs__rosidl_generator_cExport.cmake
-- Installing: /home/saitama1/ros2_foxy/install/stereo_msgs/share/stereo_msgs/cmake/stereo_msgs__rosidl_generator_cExport-noconfig.cmake
-- Up-to-date: /home/saitama1/ros2_foxy/install/stereo_msgs/share/stereo_msgs/cmake/stereo_msgs__rosidl_typesupport_introspection_cExport.cmake
-- Installing: /home/saitama1/ros2_foxy/install/stereo_msgs/share/stereo_msgs/cmake/stereo_msgs__rosidl_typesupport_introspection_cExport-noconfig.cmake
-- Up-to-date: /home/saitama1/ros2_foxy/install/stereo_msgs/share/stereo_msgs/cmake/stereo_msgs__rosidl_typesupport_cExport.cmake
-- Installing: /home/saitama1/ros2_foxy/install/stereo_msgs/share/stereo_msgs/cmake/stereo_msgs__rosidl_typesupport_cExport-noconfig.cmake
-- Up-to-date: /home/saitama1/ros2_foxy/install/stereo_msgs/share/stereo_msgs/cmake/stereo_msgs__rosidl_generator_cppExport.cmake
-- Up-to-date: /home/saitama1/ros2_foxy/install/stereo_msgs/share/stereo_msgs/cmake/stereo_msgs__rosidl_typesupport_introspection_cppExport.cmake
-- Installing: /home/saitama1/ros2_foxy/install/stereo_msgs/share/stereo_msgs/cmake/stereo_msgs__rosidl_typesupport_introspection_cppExport-noconfig.cmake
-- Up-to-date: /home/saitama1/ros2_foxy/install/stereo_msgs/share/stereo_msgs/cmake/stereo_msgs__rosidl_typesupport_cppExport.cmake
-- Installing: /home/saitama1/ros2_foxy/install/stereo_msgs/share/stereo_msgs/cmake/stereo_msgs__rosidl_typesupport_cppExport-noconfig.cmake
