[0.363s] Invoking command in '/home/saitama1/ros2_foxy/build/fastcdr': /usr/bin/cmake --build /home/saitama1/ros2_foxy/build/fastcdr -- -j12 -l12
[0.867s] [100%] Built target fastcdr
[0.874s] Invoked command in '/home/saitama1/ros2_foxy/build/fastcdr' returned '0': /usr/bin/cmake --build /home/saitama1/ros2_foxy/build/fastcdr -- -j12 -l12
[0.938s] Invoking command in '/home/saitama1/ros2_foxy/build/fastcdr': /usr/bin/cmake --install /home/saitama1/ros2_foxy/build/fastcdr
[0.956s] -- Install configuration: "Release"
[0.956s] -- Up-to-date: /home/saitama1/ros2_foxy/install/fastcdr/share/fastcdr/LICENSE
[0.957s] -- Up-to-date: /home/saitama1/ros2_foxy/install/fastcdr/include/fastcdr
[0.957s] -- Up-to-date: /home/saitama1/ros2_foxy/install/fastcdr/include/fastcdr/Cdr.h
[0.957s] -- Up-to-date: /home/saitama1/ros2_foxy/install/fastcdr/include/fastcdr/fastcdr_dll.h
[0.957s] -- Up-to-date: /home/saitama1/ros2_foxy/install/fastcdr/include/fastcdr/FastBuffer.h
[0.957s] -- Up-to-date: /home/saitama1/ros2_foxy/install/fastcdr/include/fastcdr/eProsima_auto_link.h
[0.957s] -- Up-to-date: /home/saitama1/ros2_foxy/install/fastcdr/include/fastcdr/exceptions
[0.957s] -- Up-to-date: /home/saitama1/ros2_foxy/install/fastcdr/include/fastcdr/exceptions/Exception.h
[0.957s] -- Up-to-date: /home/saitama1/ros2_foxy/install/fastcdr/include/fastcdr/exceptions/NotEnoughMemoryException.h
[0.957s] -- Up-to-date: /home/saitama1/ros2_foxy/install/fastcdr/include/fastcdr/exceptions/BadParamException.h
[0.957s] -- Up-to-date: /home/saitama1/ros2_foxy/install/fastcdr/include/fastcdr/FastCdr.h
[0.957s] -- Up-to-date: /home/saitama1/ros2_foxy/install/fastcdr/include/fastcdr/config.h
[0.960s] -- Up-to-date: /home/saitama1/ros2_foxy/install/fastcdr/lib/libfastcdr.so.1.0.13
[0.961s] -- Up-to-date: /home/saitama1/ros2_foxy/install/fastcdr/lib/libfastcdr.so.1
[0.961s] -- Up-to-date: /home/saitama1/ros2_foxy/install/fastcdr/lib/libfastcdr.so
[0.963s] -- Up-to-date: /home/saitama1/ros2_foxy/install/fastcdr/lib/cmake/fastcdr/fastcdr-targets.cmake
[0.963s] -- Up-to-date: /home/saitama1/ros2_foxy/install/fastcdr/lib/cmake/fastcdr/fastcdr-targets-release.cmake
[0.963s] -- Up-to-date: /home/saitama1/ros2_foxy/install/fastcdr/lib/cmake/fastcdr/fastcdr-config.cmake
[0.963s] -- Up-to-date: /home/saitama1/ros2_foxy/install/fastcdr/lib/cmake/fastcdr/fastcdr-config-version.cmake
[0.995s] Invoked command in '/home/saitama1/ros2_foxy/build/fastcdr' returned '0': /usr/bin/cmake --install /home/saitama1/ros2_foxy/build/fastcdr
