running egg_info
creating ../../../build/rqt_reconfigure/rqt_reconfigure.egg-info
writing ../../../build/rqt_reconfigure/rqt_reconfigure.egg-info/PKG-INFO
writing dependency_links to ../../../build/rqt_reconfigure/rqt_reconfigure.egg-info/dependency_links.txt
writing entry points to ../../../build/rqt_reconfigure/rqt_reconfigure.egg-info/entry_points.txt
writing requirements to ../../../build/rqt_reconfigure/rqt_reconfigure.egg-info/requires.txt
writing top-level names to ../../../build/rqt_reconfigure/rqt_reconfigure.egg-info/top_level.txt
writing manifest file '../../../build/rqt_reconfigure/rqt_reconfigure.egg-info/SOURCES.txt'
reading manifest file '../../../build/rqt_reconfigure/rqt_reconfigure.egg-info/SOURCES.txt'
writing manifest file '../../../build/rqt_reconfigure/rqt_reconfigure.egg-info/SOURCES.txt'
running build
running build_py
creating /home/saitama1/Pictures/ros2-picas/ros2_foxy/build/rqt_reconfigure/build
creating /home/saitama1/Pictures/ros2-picas/ros2_foxy/build/rqt_reconfigure/build/lib
creating /home/saitama1/Pictures/ros2-picas/ros2_foxy/build/rqt_reconfigure/build/lib/rqt_reconfigure
copying src/rqt_reconfigure/param_editors.py -> /home/saitama1/Pictures/ros2-picas/ros2_foxy/build/rqt_reconfigure/build/lib/rqt_reconfigure
copying src/rqt_reconfigure/treenode_status.py -> /home/saitama1/Pictures/ros2-picas/ros2_foxy/build/rqt_reconfigure/build/lib/rqt_reconfigure
copying src/rqt_reconfigure/paramedit_widget.py -> /home/saitama1/Pictures/ros2-picas/ros2_foxy/build/rqt_reconfigure/build/lib/rqt_reconfigure
copying src/rqt_reconfigure/filter_children_model.py -> /home/saitama1/Pictures/ros2-picas/ros2_foxy/build/rqt_reconfigure/build/lib/rqt_reconfigure
copying src/rqt_reconfigure/text_filter.py -> /home/saitama1/Pictures/ros2-picas/ros2_foxy/build/rqt_reconfigure/build/lib/rqt_reconfigure
copying src/rqt_reconfigure/param_widget.py -> /home/saitama1/Pictures/ros2-picas/ros2_foxy/build/rqt_reconfigure/build/lib/rqt_reconfigure
copying src/rqt_reconfigure/__init__.py -> /home/saitama1/Pictures/ros2-picas/ros2_foxy/build/rqt_reconfigure/build/lib/rqt_reconfigure
copying src/rqt_reconfigure/logging.py -> /home/saitama1/Pictures/ros2-picas/ros2_foxy/build/rqt_reconfigure/build/lib/rqt_reconfigure
copying src/rqt_reconfigure/treenode_qstditem.py -> /home/saitama1/Pictures/ros2-picas/ros2_foxy/build/rqt_reconfigure/build/lib/rqt_reconfigure
copying src/rqt_reconfigure/param_api.py -> /home/saitama1/Pictures/ros2-picas/ros2_foxy/build/rqt_reconfigure/build/lib/rqt_reconfigure
copying src/rqt_reconfigure/__main__.py -> /home/saitama1/Pictures/ros2-picas/ros2_foxy/build/rqt_reconfigure/build/lib/rqt_reconfigure
copying src/rqt_reconfigure/text_filter_widget.py -> /home/saitama1/Pictures/ros2-picas/ros2_foxy/build/rqt_reconfigure/build/lib/rqt_reconfigure
copying src/rqt_reconfigure/param_plugin.py -> /home/saitama1/Pictures/ros2-picas/ros2_foxy/build/rqt_reconfigure/build/lib/rqt_reconfigure
copying src/rqt_reconfigure/param_client_widget.py -> /home/saitama1/Pictures/ros2-picas/ros2_foxy/build/rqt_reconfigure/build/lib/rqt_reconfigure
copying src/rqt_reconfigure/node_selector_widget.py -> /home/saitama1/Pictures/ros2-picas/ros2_foxy/build/rqt_reconfigure/build/lib/rqt_reconfigure
copying src/rqt_reconfigure/treenode_item_model.py -> /home/saitama1/Pictures/ros2-picas/ros2_foxy/build/rqt_reconfigure/build/lib/rqt_reconfigure
running install
running install_lib
creating /home/saitama1/Pictures/ros2-picas/ros2_foxy/install/rqt_reconfigure/lib/python3.8/site-packages/rqt_reconfigure
copying /home/saitama1/Pictures/ros2-picas/ros2_foxy/build/rqt_reconfigure/build/lib/rqt_reconfigure/param_editors.py -> /home/saitama1/Pictures/ros2-picas/ros2_foxy/install/rqt_reconfigure/lib/python3.8/site-packages/rqt_reconfigure
copying /home/saitama1/Pictures/ros2-picas/ros2_foxy/build/rqt_reconfigure/build/lib/rqt_reconfigure/treenode_status.py -> /home/saitama1/Pictures/ros2-picas/ros2_foxy/install/rqt_reconfigure/lib/python3.8/site-packages/rqt_reconfigure
copying /home/saitama1/Pictures/ros2-picas/ros2_foxy/build/rqt_reconfigure/build/lib/rqt_reconfigure/paramedit_widget.py -> /home/saitama1/Pictures/ros2-picas/ros2_foxy/install/rqt_reconfigure/lib/python3.8/site-packages/rqt_reconfigure
copying /home/saitama1/Pictures/ros2-picas/ros2_foxy/build/rqt_reconfigure/build/lib/rqt_reconfigure/filter_children_model.py -> /home/saitama1/Pictures/ros2-picas/ros2_foxy/install/rqt_reconfigure/lib/python3.8/site-packages/rqt_reconfigure
copying /home/saitama1/Pictures/ros2-picas/ros2_foxy/build/rqt_reconfigure/build/lib/rqt_reconfigure/text_filter.py -> /home/saitama1/Pictures/ros2-picas/ros2_foxy/install/rqt_reconfigure/lib/python3.8/site-packages/rqt_reconfigure
copying /home/saitama1/Pictures/ros2-picas/ros2_foxy/build/rqt_reconfigure/build/lib/rqt_reconfigure/param_widget.py -> /home/saitama1/Pictures/ros2-picas/ros2_foxy/install/rqt_reconfigure/lib/python3.8/site-packages/rqt_reconfigure
copying /home/saitama1/Pictures/ros2-picas/ros2_foxy/build/rqt_reconfigure/build/lib/rqt_reconfigure/__init__.py -> /home/saitama1/Pictures/ros2-picas/ros2_foxy/install/rqt_reconfigure/lib/python3.8/site-packages/rqt_reconfigure
copying /home/saitama1/Pictures/ros2-picas/ros2_foxy/build/rqt_reconfigure/build/lib/rqt_reconfigure/logging.py -> /home/saitama1/Pictures/ros2-picas/ros2_foxy/install/rqt_reconfigure/lib/python3.8/site-packages/rqt_reconfigure
copying /home/saitama1/Pictures/ros2-picas/ros2_foxy/build/rqt_reconfigure/build/lib/rqt_reconfigure/treenode_qstditem.py -> /home/saitama1/Pictures/ros2-picas/ros2_foxy/install/rqt_reconfigure/lib/python3.8/site-packages/rqt_reconfigure
copying /home/saitama1/Pictures/ros2-picas/ros2_foxy/build/rqt_reconfigure/build/lib/rqt_reconfigure/param_api.py -> /home/saitama1/Pictures/ros2-picas/ros2_foxy/install/rqt_reconfigure/lib/python3.8/site-packages/rqt_reconfigure
copying /home/saitama1/Pictures/ros2-picas/ros2_foxy/build/rqt_reconfigure/build/lib/rqt_reconfigure/__main__.py -> /home/saitama1/Pictures/ros2-picas/ros2_foxy/install/rqt_reconfigure/lib/python3.8/site-packages/rqt_reconfigure
copying /home/saitama1/Pictures/ros2-picas/ros2_foxy/build/rqt_reconfigure/build/lib/rqt_reconfigure/text_filter_widget.py -> /home/saitama1/Pictures/ros2-picas/ros2_foxy/install/rqt_reconfigure/lib/python3.8/site-packages/rqt_reconfigure
copying /home/saitama1/Pictures/ros2-picas/ros2_foxy/build/rqt_reconfigure/build/lib/rqt_reconfigure/param_plugin.py -> /home/saitama1/Pictures/ros2-picas/ros2_foxy/install/rqt_reconfigure/lib/python3.8/site-packages/rqt_reconfigure
copying /home/saitama1/Pictures/ros2-picas/ros2_foxy/build/rqt_reconfigure/build/lib/rqt_reconfigure/param_client_widget.py -> /home/saitama1/Pictures/ros2-picas/ros2_foxy/install/rqt_reconfigure/lib/python3.8/site-packages/rqt_reconfigure
copying /home/saitama1/Pictures/ros2-picas/ros2_foxy/build/rqt_reconfigure/build/lib/rqt_reconfigure/node_selector_widget.py -> /home/saitama1/Pictures/ros2-picas/ros2_foxy/install/rqt_reconfigure/lib/python3.8/site-packages/rqt_reconfigure
copying /home/saitama1/Pictures/ros2-picas/ros2_foxy/build/rqt_reconfigure/build/lib/rqt_reconfigure/treenode_item_model.py -> /home/saitama1/Pictures/ros2-picas/ros2_foxy/install/rqt_reconfigure/lib/python3.8/site-packages/rqt_reconfigure
byte-compiling /home/saitama1/Pictures/ros2-picas/ros2_foxy/install/rqt_reconfigure/lib/python3.8/site-packages/rqt_reconfigure/param_editors.py to param_editors.cpython-38.pyc
byte-compiling /home/saitama1/Pictures/ros2-picas/ros2_foxy/install/rqt_reconfigure/lib/python3.8/site-packages/rqt_reconfigure/treenode_status.py to treenode_status.cpython-38.pyc
byte-compiling /home/saitama1/Pictures/ros2-picas/ros2_foxy/install/rqt_reconfigure/lib/python3.8/site-packages/rqt_reconfigure/paramedit_widget.py to paramedit_widget.cpython-38.pyc
byte-compiling /home/saitama1/Pictures/ros2-picas/ros2_foxy/install/rqt_reconfigure/lib/python3.8/site-packages/rqt_reconfigure/filter_children_model.py to filter_children_model.cpython-38.pyc
byte-compiling /home/saitama1/Pictures/ros2-picas/ros2_foxy/install/rqt_reconfigure/lib/python3.8/site-packages/rqt_reconfigure/text_filter.py to text_filter.cpython-38.pyc
byte-compiling /home/saitama1/Pictures/ros2-picas/ros2_foxy/install/rqt_reconfigure/lib/python3.8/site-packages/rqt_reconfigure/param_widget.py to param_widget.cpython-38.pyc
byte-compiling /home/saitama1/Pictures/ros2-picas/ros2_foxy/install/rqt_reconfigure/lib/python3.8/site-packages/rqt_reconfigure/__init__.py to __init__.cpython-38.pyc
byte-compiling /home/saitama1/Pictures/ros2-picas/ros2_foxy/install/rqt_reconfigure/lib/python3.8/site-packages/rqt_reconfigure/logging.py to logging.cpython-38.pyc
byte-compiling /home/saitama1/Pictures/ros2-picas/ros2_foxy/install/rqt_reconfigure/lib/python3.8/site-packages/rqt_reconfigure/treenode_qstditem.py to treenode_qstditem.cpython-38.pyc
byte-compiling /home/saitama1/Pictures/ros2-picas/ros2_foxy/install/rqt_reconfigure/lib/python3.8/site-packages/rqt_reconfigure/param_api.py to param_api.cpython-38.pyc
byte-compiling /home/saitama1/Pictures/ros2-picas/ros2_foxy/install/rqt_reconfigure/lib/python3.8/site-packages/rqt_reconfigure/__main__.py to __main__.cpython-38.pyc
byte-compiling /home/saitama1/Pictures/ros2-picas/ros2_foxy/install/rqt_reconfigure/lib/python3.8/site-packages/rqt_reconfigure/text_filter_widget.py to text_filter_widget.cpython-38.pyc
byte-compiling /home/saitama1/Pictures/ros2-picas/ros2_foxy/install/rqt_reconfigure/lib/python3.8/site-packages/rqt_reconfigure/param_plugin.py to param_plugin.cpython-38.pyc
byte-compiling /home/saitama1/Pictures/ros2-picas/ros2_foxy/install/rqt_reconfigure/lib/python3.8/site-packages/rqt_reconfigure/param_client_widget.py to param_client_widget.cpython-38.pyc
byte-compiling /home/saitama1/Pictures/ros2-picas/ros2_foxy/install/rqt_reconfigure/lib/python3.8/site-packages/rqt_reconfigure/node_selector_widget.py to node_selector_widget.cpython-38.pyc
byte-compiling /home/saitama1/Pictures/ros2-picas/ros2_foxy/install/rqt_reconfigure/lib/python3.8/site-packages/rqt_reconfigure/treenode_item_model.py to treenode_item_model.cpython-38.pyc
running install_data
running install_egg_info
Copying ../../../build/rqt_reconfigure/rqt_reconfigure.egg-info to /home/saitama1/Pictures/ros2-picas/ros2_foxy/install/rqt_reconfigure/lib/python3.8/site-packages/rqt_reconfigure-1.0.8-py3.8.egg-info
running install_scripts
Installing rqt_reconfigure script to /home/saitama1/Pictures/ros2-picas/ros2_foxy/install/rqt_reconfigure/lib/rqt_reconfigure
writing list of installed files to '/home/saitama1/Pictures/ros2-picas/ros2_foxy/build/rqt_reconfigure/install.log'
