-- The C compiler identification is GNU 9.3.0
-- The CXX compiler identification is GNU 9.3.0
-- Check for working C compiler: /usr/bin/cc
-- Check for working C compiler: /usr/bin/cc -- works
-- Detecting C compiler ABI info
-- Detecting C compiler ABI info - done
-- Detecting C compile features
-- Detecting C compile features - done
-- Check for working CXX compiler: /usr/bin/c++
-- Check for working CXX compiler: /usr/bin/c++ -- works
-- Detecting CXX compiler ABI info
-- Detecting CXX compiler ABI info - done
-- Detecting CXX compile features
-- Detecting CXX compile features - done
-- Found ament_cmake: 0.9.8 (/home/saitama1/ros2_foxy/install/ament_cmake/share/ament_cmake/cmake)
-- Found PythonInterp: /usr/bin/python3 (found suitable version "3.8.10", minimum required is "3") 
-- Using PYTHON_EXECUTABLE: /usr/bin/python3
-- Configuring done
-- Generating done
-- Build files have been written to: /home/saitama1/ros2_foxy/build/rqt_console
-- Install configuration: ""
-- Installing: /home/saitama1/ros2_foxy/install/rqt_console/share/rqt_console/environment/pythonpath.sh
-- Installing: /home/saitama1/ros2_foxy/install/rqt_console/share/rqt_console/environment/pythonpath.dsv
-- Installing: /home/saitama1/ros2_foxy/install/rqt_console/lib/python3.8/site-packages/rqt_console
-- Installing: /home/saitama1/ros2_foxy/install/rqt_console/lib/python3.8/site-packages/rqt_console/console.py
-- Installing: /home/saitama1/ros2_foxy/install/rqt_console/lib/python3.8/site-packages/rqt_console/console_widget.py
-- Installing: /home/saitama1/ros2_foxy/install/rqt_console/lib/python3.8/site-packages/rqt_console/__init__.py
-- Installing: /home/saitama1/ros2_foxy/install/rqt_console/lib/python3.8/site-packages/rqt_console/message_list.py
-- Installing: /home/saitama1/ros2_foxy/install/rqt_console/lib/python3.8/site-packages/rqt_console/message_proxy_model.py
-- Installing: /home/saitama1/ros2_foxy/install/rqt_console/lib/python3.8/site-packages/rqt_console/message.py
-- Installing: /home/saitama1/ros2_foxy/install/rqt_console/lib/python3.8/site-packages/rqt_console/console_settings_dialog.py
-- Installing: /home/saitama1/ros2_foxy/install/rqt_console/lib/python3.8/site-packages/rqt_console/message_data_model.py
-- Installing: /home/saitama1/ros2_foxy/install/rqt_console/lib/python3.8/site-packages/rqt_console/text_browse_dialog.py
-- Installing: /home/saitama1/ros2_foxy/install/rqt_console/lib/python3.8/site-packages/rqt_console/filters
-- Installing: /home/saitama1/ros2_foxy/install/rqt_console/lib/python3.8/site-packages/rqt_console/filters/filter_collection.py
-- Installing: /home/saitama1/ros2_foxy/install/rqt_console/lib/python3.8/site-packages/rqt_console/filters/severity_filter.py
-- Installing: /home/saitama1/ros2_foxy/install/rqt_console/lib/python3.8/site-packages/rqt_console/filters/time_filter_widget.py
-- Installing: /home/saitama1/ros2_foxy/install/rqt_console/lib/python3.8/site-packages/rqt_console/filters/message_filter.py
-- Installing: /home/saitama1/ros2_foxy/install/rqt_console/lib/python3.8/site-packages/rqt_console/filters/time_filter.py
-- Installing: /home/saitama1/ros2_foxy/install/rqt_console/lib/python3.8/site-packages/rqt_console/filters/__init__.py
-- Installing: /home/saitama1/ros2_foxy/install/rqt_console/lib/python3.8/site-packages/rqt_console/filters/node_filter.py
-- Installing: /home/saitama1/ros2_foxy/install/rqt_console/lib/python3.8/site-packages/rqt_console/filters/base_filter.py
-- Installing: /home/saitama1/ros2_foxy/install/rqt_console/lib/python3.8/site-packages/rqt_console/filters/filter_wrapper_widget.py
-- Installing: /home/saitama1/ros2_foxy/install/rqt_console/lib/python3.8/site-packages/rqt_console/filters/location_filter.py
-- Installing: /home/saitama1/ros2_foxy/install/rqt_console/lib/python3.8/site-packages/rqt_console/filters/custom_filter_widget.py
-- Installing: /home/saitama1/ros2_foxy/install/rqt_console/lib/python3.8/site-packages/rqt_console/filters/custom_filter.py
-- Installing: /home/saitama1/ros2_foxy/install/rqt_console/lib/python3.8/site-packages/rqt_console/filters/text_filter_widget.py
-- Installing: /home/saitama1/ros2_foxy/install/rqt_console/lib/python3.8/site-packages/rqt_console/filters/list_filter_widget.py
Listing '/home/saitama1/ros2_foxy/install/rqt_console/lib/python3.8/site-packages/rqt_console'...
Compiling '/home/saitama1/ros2_foxy/install/rqt_console/lib/python3.8/site-packages/rqt_console/__init__.py'...
Compiling '/home/saitama1/ros2_foxy/install/rqt_console/lib/python3.8/site-packages/rqt_console/console.py'...
Compiling '/home/saitama1/ros2_foxy/install/rqt_console/lib/python3.8/site-packages/rqt_console/console_settings_dialog.py'...
Compiling '/home/saitama1/ros2_foxy/install/rqt_console/lib/python3.8/site-packages/rqt_console/console_widget.py'...
Listing '/home/saitama1/ros2_foxy/install/rqt_console/lib/python3.8/site-packages/rqt_console/filters'...
Compiling '/home/saitama1/ros2_foxy/install/rqt_console/lib/python3.8/site-packages/rqt_console/filters/__init__.py'...
Compiling '/home/saitama1/ros2_foxy/install/rqt_console/lib/python3.8/site-packages/rqt_console/filters/base_filter.py'...
Compiling '/home/saitama1/ros2_foxy/install/rqt_console/lib/python3.8/site-packages/rqt_console/filters/custom_filter.py'...
Compiling '/home/saitama1/ros2_foxy/install/rqt_console/lib/python3.8/site-packages/rqt_console/filters/custom_filter_widget.py'...
Compiling '/home/saitama1/ros2_foxy/install/rqt_console/lib/python3.8/site-packages/rqt_console/filters/filter_collection.py'...
Compiling '/home/saitama1/ros2_foxy/install/rqt_console/lib/python3.8/site-packages/rqt_console/filters/filter_wrapper_widget.py'...
Compiling '/home/saitama1/ros2_foxy/install/rqt_console/lib/python3.8/site-packages/rqt_console/filters/list_filter_widget.py'...
Compiling '/home/saitama1/ros2_foxy/install/rqt_console/lib/python3.8/site-packages/rqt_console/filters/location_filter.py'...
Compiling '/home/saitama1/ros2_foxy/install/rqt_console/lib/python3.8/site-packages/rqt_console/filters/message_filter.py'...
Compiling '/home/saitama1/ros2_foxy/install/rqt_console/lib/python3.8/site-packages/rqt_console/filters/node_filter.py'...
Compiling '/home/saitama1/ros2_foxy/install/rqt_console/lib/python3.8/site-packages/rqt_console/filters/severity_filter.py'...
Compiling '/home/saitama1/ros2_foxy/install/rqt_console/lib/python3.8/site-packages/rqt_console/filters/text_filter_widget.py'...
Compiling '/home/saitama1/ros2_foxy/install/rqt_console/lib/python3.8/site-packages/rqt_console/filters/time_filter.py'...
Compiling '/home/saitama1/ros2_foxy/install/rqt_console/lib/python3.8/site-packages/rqt_console/filters/time_filter_widget.py'...
Compiling '/home/saitama1/ros2_foxy/install/rqt_console/lib/python3.8/site-packages/rqt_console/message.py'...
Compiling '/home/saitama1/ros2_foxy/install/rqt_console/lib/python3.8/site-packages/rqt_console/message_data_model.py'...
Compiling '/home/saitama1/ros2_foxy/install/rqt_console/lib/python3.8/site-packages/rqt_console/message_list.py'...
Compiling '/home/saitama1/ros2_foxy/install/rqt_console/lib/python3.8/site-packages/rqt_console/message_proxy_model.py'...
Compiling '/home/saitama1/ros2_foxy/install/rqt_console/lib/python3.8/site-packages/rqt_console/text_browse_dialog.py'...
-- Installing: /home/saitama1/ros2_foxy/install/rqt_console/share/rqt_console/plugin.xml
-- Installing: /home/saitama1/ros2_foxy/install/rqt_console/share/rqt_console/resource
-- Installing: /home/saitama1/ros2_foxy/install/rqt_console/share/rqt_console/resource/console_settings_dialog.ui
-- Installing: /home/saitama1/ros2_foxy/install/rqt_console/share/rqt_console/resource/text_browse_dialog.ui
-- Installing: /home/saitama1/ros2_foxy/install/rqt_console/share/rqt_console/resource/console_widget.ui
-- Installing: /home/saitama1/ros2_foxy/install/rqt_console/share/rqt_console/resource/filters
-- Installing: /home/saitama1/ros2_foxy/install/rqt_console/share/rqt_console/resource/filters/custom_filter_widget.ui
-- Installing: /home/saitama1/ros2_foxy/install/rqt_console/share/rqt_console/resource/filters/time_filter_widget.ui
-- Installing: /home/saitama1/ros2_foxy/install/rqt_console/share/rqt_console/resource/filters/list_filter_widget.ui
-- Installing: /home/saitama1/ros2_foxy/install/rqt_console/share/rqt_console/resource/filters/text_filter_widget.ui
-- Installing: /home/saitama1/ros2_foxy/install/rqt_console/share/rqt_console/resource/filters/filter_wrapper_widget.ui
-- Installing: /home/saitama1/ros2_foxy/install/rqt_console/lib/rqt_console/rqt_console
-- Installing: /home/saitama1/ros2_foxy/install/rqt_console/share/ament_index/resource_index/package_run_dependencies/rqt_console
-- Installing: /home/saitama1/ros2_foxy/install/rqt_console/share/ament_index/resource_index/parent_prefix_path/rqt_console
-- Installing: /home/saitama1/ros2_foxy/install/rqt_console/share/rqt_console/environment/ament_prefix_path.sh
-- Installing: /home/saitama1/ros2_foxy/install/rqt_console/share/rqt_console/environment/ament_prefix_path.dsv
-- Installing: /home/saitama1/ros2_foxy/install/rqt_console/share/rqt_console/environment/path.sh
-- Installing: /home/saitama1/ros2_foxy/install/rqt_console/share/rqt_console/environment/path.dsv
-- Installing: /home/saitama1/ros2_foxy/install/rqt_console/share/rqt_console/local_setup.bash
-- Installing: /home/saitama1/ros2_foxy/install/rqt_console/share/rqt_console/local_setup.sh
-- Installing: /home/saitama1/ros2_foxy/install/rqt_console/share/rqt_console/local_setup.zsh
-- Installing: /home/saitama1/ros2_foxy/install/rqt_console/share/rqt_console/local_setup.dsv
-- Installing: /home/saitama1/ros2_foxy/install/rqt_console/share/rqt_console/package.dsv
-- Installing: /home/saitama1/ros2_foxy/install/rqt_console/share/ament_index/resource_index/packages/rqt_console
-- Installing: /home/saitama1/ros2_foxy/install/rqt_console/share/rqt_console/cmake/rqt_consoleConfig.cmake
-- Installing: /home/saitama1/ros2_foxy/install/rqt_console/share/rqt_console/cmake/rqt_consoleConfig-version.cmake
-- Installing: /home/saitama1/ros2_foxy/install/rqt_console/share/rqt_console/package.xml
