-- Found mrt_cmake_modules: 1.0.8 (/home/saitama1/ros2_foxy/install/mrt_cmake_modules/share/mrt_cmake_modules/cmake)
-- Found ament_cmake_core: 0.9.8 (/home/saitama1/ros2_foxy/install/ament_cmake_core/share/ament_cmake_core/cmake)
-- Using PYTHON_EXECUTABLE: /usr/bin/python3
-- Override CMake install command with custom implementation using symlinks instead of copying resources
-- Found OpenMP_C: -fopenmp  
-- Found OpenMP_CXX: -fopenmp  
-- Found OpenMP: TRUE   
called: /home/saitama1/ros2_foxy/install/mrt_cmake_modules/share/mrt_cmake_modules/cmake/../scripts/generate_cmake_dependency_file.py /home/saitama1/ros2_foxy/src/autoware_build_parts/lanelet2/lanelet2_maps/package.xml /home/saitama1/ros2_foxy/install/mrt_cmake_modules/share/mrt_cmake_modules/cmake/../yaml/cmake.yaml /home/saitama1/ros2_foxy/build/lanelet2_maps/CMakeFiles/auto_dep_vars.cmake
-- Adding header-only library with files 
-- Marking libraries "lanelet2_maps" of package "lanelet2_maps" for installation
-- Marking HEADER FILES in "include/lanelet2_maps" folder of package "lanelet2_maps" for installation
-- Marking SHARED CONTENT FOLDER "res" of package "lanelet2_maps" for installation
-- Generating cmake exports for lanelet2_maps to /home/saitama1/ros2_foxy/build/lanelet2_maps/devel/share
-- Configuring done
-- Generating done
-- Build files have been written to: /home/saitama1/ros2_foxy/build/lanelet2_maps
Built target tests_lanelet2_maps
Built target tests
-- Install configuration: ""
-- Execute custom install script
-- Symlinking: /home/saitama1/ros2_foxy/install/lanelet2_maps/share/lanelet2_maps/res/mapping_example-debug.osm
-- Symlinking: /home/saitama1/ros2_foxy/install/lanelet2_maps/share/lanelet2_maps/res/mapping_example.osm
-- Symlinking: /home/saitama1/ros2_foxy/install/lanelet2_maps/share/lanelet2_maps/cmake/lanelet2_mapsConfigVersion.cmake
-- Symlinking: /home/saitama1/ros2_foxy/install/lanelet2_maps/share/lanelet2_maps/cmake/lanelet2_mapsConfig.cmake
-- Symlinking: /home/saitama1/ros2_foxy/install/lanelet2_maps/share/lanelet2_maps/cmake/auto_dep_vars.cmake
-- Symlinking: /home/saitama1/ros2_foxy/install/lanelet2_maps/share/lanelet2_maps/cmake/lanelet2_mapsAutoDepsConfig.cmake
-- Symlinking: /home/saitama1/ros2_foxy/install/lanelet2_maps/share/lanelet2_maps/package.xml
-- Symlinking: /home/saitama1/ros2_foxy/install/lanelet2_maps/share/ament_index/resource_index/package_run_dependencies/lanelet2_maps
-- Symlinking: /home/saitama1/ros2_foxy/install/lanelet2_maps/share/ament_index/resource_index/parent_prefix_path/lanelet2_maps
-- Symlinking: /home/saitama1/ros2_foxy/install/lanelet2_maps/share/lanelet2_maps/environment/ament_prefix_path.sh
-- Symlinking: /home/saitama1/ros2_foxy/install/lanelet2_maps/share/lanelet2_maps/environment/ament_prefix_path.dsv
-- Symlinking: /home/saitama1/ros2_foxy/install/lanelet2_maps/share/lanelet2_maps/environment/path.sh
-- Symlinking: /home/saitama1/ros2_foxy/install/lanelet2_maps/share/lanelet2_maps/environment/path.dsv
-- Symlinking: /home/saitama1/ros2_foxy/install/lanelet2_maps/share/lanelet2_maps/local_setup.bash
-- Symlinking: /home/saitama1/ros2_foxy/install/lanelet2_maps/share/lanelet2_maps/local_setup.sh
-- Symlinking: /home/saitama1/ros2_foxy/install/lanelet2_maps/share/lanelet2_maps/local_setup.zsh
-- Symlinking: /home/saitama1/ros2_foxy/install/lanelet2_maps/share/lanelet2_maps/local_setup.dsv
-- Symlinking: /home/saitama1/ros2_foxy/install/lanelet2_maps/share/lanelet2_maps/package.dsv
-- Symlinking: /home/saitama1/ros2_foxy/install/lanelet2_maps/share/ament_index/resource_index/packages/lanelet2_maps
-- Up-to-date: /home/saitama1/ros2_foxy/install/lanelet2_maps/include/lanelet2_maps
-- Up-to-date: /home/saitama1/ros2_foxy/install/lanelet2_maps/include/lanelet2_maps/internal
-- Up-to-date: /home/saitama1/ros2_foxy/install/lanelet2_maps/share/lanelet2_maps/cmake/lanelet2_mapsTargets.cmake
