-- Found ament_cmake: 0.9.8 (/home/saitama1/ros2_foxy/install/ament_cmake/share/ament_cmake/cmake)
-- Using PYTHON_EXECUTABLE: /usr/bin/python3
-- Override CMake install command with custom implementation using symlinks instead of copying resources
-- Found rclcpp: 2.3.1 (/home/saitama1/ros2_foxy/install/rclcpp/share/rclcpp/cmake)
-- Using all available rosidl_typesupport_c: rosidl_typesupport_introspection_c;rosidl_typesupport_fastrtps_c
-- Found rosidl_adapter: 1.2.1 (/home/saitama1/ros2_foxy/install/rosidl_adapter/share/rosidl_adapter/cmake)
-- Using all available rosidl_typesupport_cpp: rosidl_typesupport_introspection_cpp;rosidl_typesupport_fastrtps_cpp
-- Found rmw_implementation_cmake: 1.0.3 (/home/saitama1/ros2_foxy/install/rmw_implementation_cmake/share/rmw_implementation_cmake/cmake)
-- Using RMW implementation 'rmw_fastrtps_cpp' as default
-- Found tf2: 0.13.10 (/home/saitama1/ros2_foxy/install/tf2/share/tf2/cmake)
-- Found tf2_geometry_msgs: 0.13.10 (/home/saitama1/ros2_foxy/install/tf2_geometry_msgs/share/tf2_geometry_msgs/cmake)
-- Found eigen3_cmake_module: 0.1.1 (/home/saitama1/ros2_foxy/install/eigen3_cmake_module/share/eigen3_cmake_module/cmake)
-- Found visualization_msgs: 2.0.4 (/home/saitama1/ros2_foxy/install/visualization_msgs/share/visualization_msgs/cmake)
-- Found ament_cmake_gtest: 0.9.8 (/home/saitama1/ros2_foxy/install/ament_cmake_gtest/share/ament_cmake_gtest/cmake)
-- Found ament_lint_auto: 0.9.6 (/home/saitama1/ros2_foxy/install/ament_lint_auto/share/ament_lint_auto/cmake)
-- Found gtest sources under '/home/saitama1/ros2_foxy/install/gtest_vendor/src/gtest_vendor': C++ tests using 'Google Test' will be built
-- Added test 'copyright' to check source files copyright and LICENSE
-- Added test 'cppcheck' to perform static code analysis on C / C++ code
-- Configured cppcheck include dirs: $<BUILD_INTERFACE:/home/saitama1/ros2_foxy/src/ros-visualization/interactive_markers/include>
-- Configured cppcheck exclude dirs and/or files: 
-- Added test 'cpplint' to check C / C++ code against the Google style
-- Configured cpplint exclude dirs and/or files: 
-- Added test 'flake8' to check Python code syntax and style conventions
-- Added test 'lint_cmake' to check CMake code style
-- Added test 'pep257' to check Python code against some of the style conventions in PEP 257
-- Added test 'uncrustify' to check C / C++ code style
-- Configured uncrustify additional arguments: 
-- Added test 'xmllint' to check XML markup files
-- Configuring done
-- Generating done
-- Build files have been written to: /home/saitama1/ros2_foxy/build/interactive_markers
[ 14%] Built target gtest
[ 28%] Built target gtest_main
[35m[1mScanning dependencies of target interactive_markers[0m
[ 35%] [32mBuilding CXX object CMakeFiles/interactive_markers.dir/src/interactive_marker_server.cpp.o[0m
[ 42%] [32mBuilding CXX object CMakeFiles/interactive_markers.dir/src/message_context.cpp.o[0m
[ 50%] [32mBuilding CXX object CMakeFiles/interactive_markers.dir/src/interactive_marker_client.cpp.o[0m
[ 57%] [32mBuilding CXX object CMakeFiles/interactive_markers.dir/src/menu_handler.cpp.o[0m
[ 64%] [32mBuilding CXX object CMakeFiles/interactive_markers.dir/src/tools.cpp.o[0m
[ 71%] [32m[1mLinking CXX shared library libinteractive_markers.so[0m
[ 71%] Built target interactive_markers
[35m[1mScanning dependencies of target test_interactive_marker_server[0m
[ 78%] [32mBuilding CXX object CMakeFiles/test_interactive_marker_server.dir/test/interactive_markers/test_interactive_marker_server.cpp.o[0m
[ 85%] [32m[1mLinking CXX executable test_interactive_marker_server[0m
[ 85%] Built target test_interactive_marker_server
[35m[1mScanning dependencies of target test_interactive_marker_client[0m
[ 92%] [32mBuilding CXX object CMakeFiles/test_interactive_marker_client.dir/test/interactive_markers/test_interactive_marker_client.cpp.o[0m
[100%] [32m[1mLinking CXX executable test_interactive_marker_client[0m
[100%] Built target test_interactive_marker_client
-- Install configuration: ""
-- Execute custom install script
-- Symlinking: /home/saitama1/ros2_foxy/install/interactive_markers/share/interactive_markers/environment/pythonpath.sh
-- Symlinking: /home/saitama1/ros2_foxy/install/interactive_markers/share/interactive_markers/environment/pythonpath.dsv
-- Symlinking: /home/saitama1/ros2_foxy/install/interactive_markers/lib/python3.8/site-packages/interactive_markers/__init__.py
-- Symlinking: /home/saitama1/ros2_foxy/install/interactive_markers/lib/python3.8/site-packages/interactive_markers/interactive_marker_server.py
-- Symlinking: /home/saitama1/ros2_foxy/install/interactive_markers/lib/python3.8/site-packages/interactive_markers/menu_handler.py
-- Symlinking: /home/saitama1/ros2_foxy/install/interactive_markers/include/interactive_markers/exceptions.hpp
-- Symlinking: /home/saitama1/ros2_foxy/install/interactive_markers/include/interactive_markers/interactive_marker_client.hpp
-- Symlinking: /home/saitama1/ros2_foxy/install/interactive_markers/include/interactive_markers/interactive_marker_server.hpp
-- Symlinking: /home/saitama1/ros2_foxy/install/interactive_markers/include/interactive_markers/menu_handler.hpp
-- Symlinking: /home/saitama1/ros2_foxy/install/interactive_markers/include/interactive_markers/message_context.hpp
-- Symlinking: /home/saitama1/ros2_foxy/install/interactive_markers/include/interactive_markers/tools.hpp
-- Symlinking: /home/saitama1/ros2_foxy/install/interactive_markers/include/interactive_markers/visibility_control.hpp
-- Symlinking: /home/saitama1/ros2_foxy/install/interactive_markers/share/interactive_markers/environment/library_path.sh
-- Symlinking: /home/saitama1/ros2_foxy/install/interactive_markers/share/interactive_markers/environment/library_path.dsv
-- Symlinking: /home/saitama1/ros2_foxy/install/interactive_markers/share/ament_index/resource_index/package_run_dependencies/interactive_markers
-- Symlinking: /home/saitama1/ros2_foxy/install/interactive_markers/share/ament_index/resource_index/parent_prefix_path/interactive_markers
-- Symlinking: /home/saitama1/ros2_foxy/install/interactive_markers/share/interactive_markers/environment/ament_prefix_path.sh
-- Symlinking: /home/saitama1/ros2_foxy/install/interactive_markers/share/interactive_markers/environment/ament_prefix_path.dsv
-- Symlinking: /home/saitama1/ros2_foxy/install/interactive_markers/share/interactive_markers/environment/path.sh
-- Symlinking: /home/saitama1/ros2_foxy/install/interactive_markers/share/interactive_markers/environment/path.dsv
-- Symlinking: /home/saitama1/ros2_foxy/install/interactive_markers/share/interactive_markers/local_setup.bash
-- Symlinking: /home/saitama1/ros2_foxy/install/interactive_markers/share/interactive_markers/local_setup.sh
-- Symlinking: /home/saitama1/ros2_foxy/install/interactive_markers/share/interactive_markers/local_setup.zsh
-- Symlinking: /home/saitama1/ros2_foxy/install/interactive_markers/share/interactive_markers/local_setup.dsv
-- Symlinking: /home/saitama1/ros2_foxy/install/interactive_markers/share/interactive_markers/package.dsv
-- Symlinking: /home/saitama1/ros2_foxy/install/interactive_markers/share/ament_index/resource_index/packages/interactive_markers
-- Symlinking: /home/saitama1/ros2_foxy/install/interactive_markers/share/interactive_markers/cmake/ament_cmake_export_dependencies-extras.cmake
-- Symlinking: /home/saitama1/ros2_foxy/install/interactive_markers/share/interactive_markers/cmake/ament_cmake_export_include_directories-extras.cmake
-- Symlinking: /home/saitama1/ros2_foxy/install/interactive_markers/share/interactive_markers/cmake/ament_cmake_export_libraries-extras.cmake
-- Symlinking: /home/saitama1/ros2_foxy/install/interactive_markers/share/interactive_markers/cmake/ament_cmake_export_targets-extras.cmake
-- Symlinking: /home/saitama1/ros2_foxy/install/interactive_markers/share/interactive_markers/cmake/interactive_markersConfig.cmake
-- Symlinking: /home/saitama1/ros2_foxy/install/interactive_markers/share/interactive_markers/cmake/interactive_markersConfig-version.cmake
-- Symlinking: /home/saitama1/ros2_foxy/install/interactive_markers/share/interactive_markers/package.xml
Listing '/home/saitama1/ros2_foxy/install/interactive_markers/lib/python3.8/site-packages/interactive_markers'...
-- Installing: /home/saitama1/ros2_foxy/install/interactive_markers/lib/libinteractive_markers.so
-- Set runtime path of "/home/saitama1/ros2_foxy/install/interactive_markers/lib/libinteractive_markers.so" to ""
-- Up-to-date: /home/saitama1/ros2_foxy/install/interactive_markers/share/interactive_markers/cmake/interactive_markersExport.cmake
-- Installing: /home/saitama1/ros2_foxy/install/interactive_markers/share/interactive_markers/cmake/interactive_markersExport-noconfig.cmake
