-- The C compiler identification is GNU 9.3.0
-- The CXX compiler identification is GNU 9.3.0
-- Check for working C compiler: /usr/bin/cc
-- Check for working C compiler: /usr/bin/cc -- works
-- Detecting C compiler ABI info
-- Detecting C compiler ABI info - done
-- Detecting C compile features
-- Detecting C compile features - done
-- Check for working CXX compiler: /usr/bin/c++
-- Check for working CXX compiler: /usr/bin/c++ -- works
-- Detecting CXX compiler ABI info
-- Detecting CXX compiler ABI info - done
-- Detecting CXX compile features
-- Detecting CXX compile features - done
-- Found ament_cmake: 0.9.8 (/home/saitama1/ros2_foxy/install/ament_cmake/share/ament_cmake/cmake)
-- Found PythonInterp: /usr/bin/python3 (found suitable version "3.8.10", minimum required is "3") 
-- Using PYTHON_EXECUTABLE: /usr/bin/python3
-- Found ament_lint_auto: 0.9.6 (/home/saitama1/ros2_foxy/install/ament_lint_auto/share/ament_lint_auto/cmake)
-- Added test 'flake8' to check Python code syntax and style conventions
-- Added test 'lint_cmake' to check CMake code style
-- Added test 'pep257' to check Python code against some of the style conventions in PEP 257
-- Added test 'xmllint' to check XML markup files
-- Configuring done
-- Generating done
-- Build files have been written to: /home/saitama1/ros2_foxy/build/qt_gui
-- Install configuration: ""
-- Installing: /home/saitama1/ros2_foxy/install/qt_gui/share/qt_gui/environment/pythonpath.sh
-- Installing: /home/saitama1/ros2_foxy/install/qt_gui/share/qt_gui/environment/pythonpath.dsv
-- Installing: /home/saitama1/ros2_foxy/install/qt_gui/lib/python3.8/site-packages/qt_gui
-- Installing: /home/saitama1/ros2_foxy/install/qt_gui/lib/python3.8/site-packages/qt_gui/plugin_instance_id.py
-- Installing: /home/saitama1/ros2_foxy/install/qt_gui/lib/python3.8/site-packages/qt_gui/composite_plugin_provider.py
-- Installing: /home/saitama1/ros2_foxy/install/qt_gui/lib/python3.8/site-packages/qt_gui/application_context.py
-- Installing: /home/saitama1/ros2_foxy/install/qt_gui/lib/python3.8/site-packages/qt_gui/recursive_plugin_provider.py
-- Installing: /home/saitama1/ros2_foxy/install/qt_gui/lib/python3.8/site-packages/qt_gui/plugin_handler_dbus_service.py
-- Installing: /home/saitama1/ros2_foxy/install/qt_gui/lib/python3.8/site-packages/qt_gui/plugin_handler_xembed.py
-- Installing: /home/saitama1/ros2_foxy/install/qt_gui/lib/python3.8/site-packages/qt_gui/about_handler.py
-- Installing: /home/saitama1/ros2_foxy/install/qt_gui/lib/python3.8/site-packages/qt_gui/reparent_event.py
-- Installing: /home/saitama1/ros2_foxy/install/qt_gui/lib/python3.8/site-packages/qt_gui/window_changed_signaler.py
-- Installing: /home/saitama1/ros2_foxy/install/qt_gui/lib/python3.8/site-packages/qt_gui/perspective_manager_dbus_interface.py
-- Installing: /home/saitama1/ros2_foxy/install/qt_gui/lib/python3.8/site-packages/qt_gui/perspective_manager.py
-- Installing: /home/saitama1/ros2_foxy/install/qt_gui/lib/python3.8/site-packages/qt_gui/dock_widget.py
-- Installing: /home/saitama1/ros2_foxy/install/qt_gui/lib/python3.8/site-packages/qt_gui/__init__.py
-- Installing: /home/saitama1/ros2_foxy/install/qt_gui/lib/python3.8/site-packages/qt_gui/plugin_provider.py
-- Installing: /home/saitama1/ros2_foxy/install/qt_gui/lib/python3.8/site-packages/qt_gui/minimized_dock_widgets_toolbar.py
-- Installing: /home/saitama1/ros2_foxy/install/qt_gui/lib/python3.8/site-packages/qt_gui/plugin_menu.py
-- Installing: /home/saitama1/ros2_foxy/install/qt_gui/lib/python3.8/site-packages/qt_gui/plugin_handler_container.py
-- Installing: /home/saitama1/ros2_foxy/install/qt_gui/lib/python3.8/site-packages/qt_gui/dock_widget_container.py
-- Installing: /home/saitama1/ros2_foxy/install/qt_gui/lib/python3.8/site-packages/qt_gui/settings_proxy.py
-- Installing: /home/saitama1/ros2_foxy/install/qt_gui/lib/python3.8/site-packages/qt_gui/plugin_handler_xembed_client.py
-- Installing: /home/saitama1/ros2_foxy/install/qt_gui/lib/python3.8/site-packages/qt_gui/menu_manager.py
-- Installing: /home/saitama1/ros2_foxy/install/qt_gui/lib/python3.8/site-packages/qt_gui/plugin_handler_xembed_container.py
-- Installing: /home/saitama1/ros2_foxy/install/qt_gui/lib/python3.8/site-packages/qt_gui/reload_importer.py
-- Installing: /home/saitama1/ros2_foxy/install/qt_gui/lib/python3.8/site-packages/qt_gui/errors.py
-- Installing: /home/saitama1/ros2_foxy/install/qt_gui/lib/python3.8/site-packages/qt_gui/plugin_handler_direct.py
-- Installing: /home/saitama1/ros2_foxy/install/qt_gui/lib/python3.8/site-packages/qt_gui/container_manager.py
-- Installing: /home/saitama1/ros2_foxy/install/qt_gui/lib/python3.8/site-packages/qt_gui/plugin_context.py
-- Installing: /home/saitama1/ros2_foxy/install/qt_gui/lib/python3.8/site-packages/qt_gui/settings.py
-- Installing: /home/saitama1/ros2_foxy/install/qt_gui/lib/python3.8/site-packages/qt_gui/main.py
-- Installing: /home/saitama1/ros2_foxy/install/qt_gui/lib/python3.8/site-packages/qt_gui/help_provider.py
-- Installing: /home/saitama1/ros2_foxy/install/qt_gui/lib/python3.8/site-packages/qt_gui/icon_loader.py
-- Installing: /home/saitama1/ros2_foxy/install/qt_gui/lib/python3.8/site-packages/qt_gui/plugin_manager.py
-- Installing: /home/saitama1/ros2_foxy/install/qt_gui/lib/python3.8/site-packages/qt_gui/ros_package_helper.py
-- Installing: /home/saitama1/ros2_foxy/install/qt_gui/lib/python3.8/site-packages/qt_gui/plugin_handler.py
-- Installing: /home/saitama1/ros2_foxy/install/qt_gui/lib/python3.8/site-packages/qt_gui/application_dbus_interface.py
-- Installing: /home/saitama1/ros2_foxy/install/qt_gui/lib/python3.8/site-packages/qt_gui/settings_proxy_dbus_service.py
-- Installing: /home/saitama1/ros2_foxy/install/qt_gui/lib/python3.8/site-packages/qt_gui/dock_widget_title_bar.py
-- Installing: /home/saitama1/ros2_foxy/install/qt_gui/lib/python3.8/site-packages/qt_gui/main_window.py
-- Installing: /home/saitama1/ros2_foxy/install/qt_gui/lib/python3.8/site-packages/qt_gui/plugin.py
-- Installing: /home/saitama1/ros2_foxy/install/qt_gui/lib/python3.8/site-packages/qt_gui/dockable_main_window.py
-- Installing: /home/saitama1/ros2_foxy/install/qt_gui/lib/python3.8/site-packages/qt_gui/plugin_descriptor.py
-- Installing: /home/saitama1/ros2_foxy/install/qt_gui/lib/python3.8/site-packages/qt_gui/plugin_manager_dbus_interface.py
Listing '/home/saitama1/ros2_foxy/install/qt_gui/lib/python3.8/site-packages/qt_gui'...
Compiling '/home/saitama1/ros2_foxy/install/qt_gui/lib/python3.8/site-packages/qt_gui/__init__.py'...
Compiling '/home/saitama1/ros2_foxy/install/qt_gui/lib/python3.8/site-packages/qt_gui/about_handler.py'...
Compiling '/home/saitama1/ros2_foxy/install/qt_gui/lib/python3.8/site-packages/qt_gui/application_context.py'...
Compiling '/home/saitama1/ros2_foxy/install/qt_gui/lib/python3.8/site-packages/qt_gui/application_dbus_interface.py'...
Compiling '/home/saitama1/ros2_foxy/install/qt_gui/lib/python3.8/site-packages/qt_gui/composite_plugin_provider.py'...
Compiling '/home/saitama1/ros2_foxy/install/qt_gui/lib/python3.8/site-packages/qt_gui/container_manager.py'...
Compiling '/home/saitama1/ros2_foxy/install/qt_gui/lib/python3.8/site-packages/qt_gui/dock_widget.py'...
Compiling '/home/saitama1/ros2_foxy/install/qt_gui/lib/python3.8/site-packages/qt_gui/dock_widget_container.py'...
Compiling '/home/saitama1/ros2_foxy/install/qt_gui/lib/python3.8/site-packages/qt_gui/dock_widget_title_bar.py'...
Compiling '/home/saitama1/ros2_foxy/install/qt_gui/lib/python3.8/site-packages/qt_gui/dockable_main_window.py'...
Compiling '/home/saitama1/ros2_foxy/install/qt_gui/lib/python3.8/site-packages/qt_gui/errors.py'...
Compiling '/home/saitama1/ros2_foxy/install/qt_gui/lib/python3.8/site-packages/qt_gui/help_provider.py'...
Compiling '/home/saitama1/ros2_foxy/install/qt_gui/lib/python3.8/site-packages/qt_gui/icon_loader.py'...
Compiling '/home/saitama1/ros2_foxy/install/qt_gui/lib/python3.8/site-packages/qt_gui/main.py'...
Compiling '/home/saitama1/ros2_foxy/install/qt_gui/lib/python3.8/site-packages/qt_gui/main_window.py'...
Compiling '/home/saitama1/ros2_foxy/install/qt_gui/lib/python3.8/site-packages/qt_gui/menu_manager.py'...
Compiling '/home/saitama1/ros2_foxy/install/qt_gui/lib/python3.8/site-packages/qt_gui/minimized_dock_widgets_toolbar.py'...
Compiling '/home/saitama1/ros2_foxy/install/qt_gui/lib/python3.8/site-packages/qt_gui/perspective_manager.py'...
Compiling '/home/saitama1/ros2_foxy/install/qt_gui/lib/python3.8/site-packages/qt_gui/perspective_manager_dbus_interface.py'...
Compiling '/home/saitama1/ros2_foxy/install/qt_gui/lib/python3.8/site-packages/qt_gui/plugin.py'...
Compiling '/home/saitama1/ros2_foxy/install/qt_gui/lib/python3.8/site-packages/qt_gui/plugin_context.py'...
Compiling '/home/saitama1/ros2_foxy/install/qt_gui/lib/python3.8/site-packages/qt_gui/plugin_descriptor.py'...
Compiling '/home/saitama1/ros2_foxy/install/qt_gui/lib/python3.8/site-packages/qt_gui/plugin_handler.py'...
Compiling '/home/saitama1/ros2_foxy/install/qt_gui/lib/python3.8/site-packages/qt_gui/plugin_handler_container.py'...
Compiling '/home/saitama1/ros2_foxy/install/qt_gui/lib/python3.8/site-packages/qt_gui/plugin_handler_dbus_service.py'...
Compiling '/home/saitama1/ros2_foxy/install/qt_gui/lib/python3.8/site-packages/qt_gui/plugin_handler_direct.py'...
Compiling '/home/saitama1/ros2_foxy/install/qt_gui/lib/python3.8/site-packages/qt_gui/plugin_handler_xembed.py'...
Compiling '/home/saitama1/ros2_foxy/install/qt_gui/lib/python3.8/site-packages/qt_gui/plugin_handler_xembed_client.py'...
Compiling '/home/saitama1/ros2_foxy/install/qt_gui/lib/python3.8/site-packages/qt_gui/plugin_handler_xembed_container.py'...
Compiling '/home/saitama1/ros2_foxy/install/qt_gui/lib/python3.8/site-packages/qt_gui/plugin_instance_id.py'...
Compiling '/home/saitama1/ros2_foxy/install/qt_gui/lib/python3.8/site-packages/qt_gui/plugin_manager.py'...
Compiling '/home/saitama1/ros2_foxy/install/qt_gui/lib/python3.8/site-packages/qt_gui/plugin_manager_dbus_interface.py'...
Compiling '/home/saitama1/ros2_foxy/install/qt_gui/lib/python3.8/site-packages/qt_gui/plugin_menu.py'...
Compiling '/home/saitama1/ros2_foxy/install/qt_gui/lib/python3.8/site-packages/qt_gui/plugin_provider.py'...
Compiling '/home/saitama1/ros2_foxy/install/qt_gui/lib/python3.8/site-packages/qt_gui/recursive_plugin_provider.py'...
Compiling '/home/saitama1/ros2_foxy/install/qt_gui/lib/python3.8/site-packages/qt_gui/reload_importer.py'...
Compiling '/home/saitama1/ros2_foxy/install/qt_gui/lib/python3.8/site-packages/qt_gui/reparent_event.py'...
Compiling '/home/saitama1/ros2_foxy/install/qt_gui/lib/python3.8/site-packages/qt_gui/ros_package_helper.py'...
Compiling '/home/saitama1/ros2_foxy/install/qt_gui/lib/python3.8/site-packages/qt_gui/settings.py'...
Compiling '/home/saitama1/ros2_foxy/install/qt_gui/lib/python3.8/site-packages/qt_gui/settings_proxy.py'...
Compiling '/home/saitama1/ros2_foxy/install/qt_gui/lib/python3.8/site-packages/qt_gui/settings_proxy_dbus_service.py'...
Compiling '/home/saitama1/ros2_foxy/install/qt_gui/lib/python3.8/site-packages/qt_gui/window_changed_signaler.py'...
-- Installing: /home/saitama1/ros2_foxy/install/qt_gui/share/qt_gui/resource
-- Installing: /home/saitama1/ros2_foxy/install/qt_gui/share/qt_gui/resource/dock_widget_title_bar.ui
-- Installing: /home/saitama1/ros2_foxy/install/qt_gui/share/qt_gui/resource/perspective_create.ui
-- Installing: /home/saitama1/ros2_foxy/install/qt_gui/share/qt_gui/resource/ros_org_vertical.png
-- Installing: /home/saitama1/ros2_foxy/install/qt_gui/share/ament_index/resource_index/package_run_dependencies/qt_gui
-- Installing: /home/saitama1/ros2_foxy/install/qt_gui/share/ament_index/resource_index/parent_prefix_path/qt_gui
-- Installing: /home/saitama1/ros2_foxy/install/qt_gui/share/qt_gui/environment/ament_prefix_path.sh
-- Installing: /home/saitama1/ros2_foxy/install/qt_gui/share/qt_gui/environment/ament_prefix_path.dsv
-- Installing: /home/saitama1/ros2_foxy/install/qt_gui/share/qt_gui/environment/path.sh
-- Installing: /home/saitama1/ros2_foxy/install/qt_gui/share/qt_gui/environment/path.dsv
-- Installing: /home/saitama1/ros2_foxy/install/qt_gui/share/qt_gui/local_setup.bash
-- Installing: /home/saitama1/ros2_foxy/install/qt_gui/share/qt_gui/local_setup.sh
-- Installing: /home/saitama1/ros2_foxy/install/qt_gui/share/qt_gui/local_setup.zsh
-- Installing: /home/saitama1/ros2_foxy/install/qt_gui/share/qt_gui/local_setup.dsv
-- Installing: /home/saitama1/ros2_foxy/install/qt_gui/share/qt_gui/package.dsv
-- Installing: /home/saitama1/ros2_foxy/install/qt_gui/share/ament_index/resource_index/packages/qt_gui
-- Installing: /home/saitama1/ros2_foxy/install/qt_gui/share/qt_gui/cmake/qt_guiConfig.cmake
-- Installing: /home/saitama1/ros2_foxy/install/qt_gui/share/qt_gui/cmake/qt_guiConfig-version.cmake
-- Installing: /home/saitama1/ros2_foxy/install/qt_gui/share/qt_gui/package.xml
