-- Install configuration: ""
-- Execute custom install script
-- Up-to-date symlink: /home/saitama1/ros2_foxy/install/ament_cmake_flake8/share/ament_index/resource_index/package_run_dependencies/ament_cmake_flake8
-- Up-to-date symlink: /home/saitama1/ros2_foxy/install/ament_cmake_flake8/share/ament_index/resource_index/parent_prefix_path/ament_cmake_flake8
-- Up-to-date symlink: /home/saitama1/ros2_foxy/install/ament_cmake_flake8/share/ament_cmake_flake8/environment/ament_prefix_path.sh
-- Up-to-date symlink: /home/saitama1/ros2_foxy/install/ament_cmake_flake8/share/ament_cmake_flake8/environment/ament_prefix_path.dsv
-- Up-to-date symlink: /home/saitama1/ros2_foxy/install/ament_cmake_flake8/share/ament_cmake_flake8/environment/path.sh
-- Up-to-date symlink: /home/saitama1/ros2_foxy/install/ament_cmake_flake8/share/ament_cmake_flake8/environment/path.dsv
-- Up-to-date symlink: /home/saitama1/ros2_foxy/install/ament_cmake_flake8/share/ament_cmake_flake8/local_setup.bash
-- Up-to-date symlink: /home/saitama1/ros2_foxy/install/ament_cmake_flake8/share/ament_cmake_flake8/local_setup.sh
-- Up-to-date symlink: /home/saitama1/ros2_foxy/install/ament_cmake_flake8/share/ament_cmake_flake8/local_setup.zsh
-- Up-to-date symlink: /home/saitama1/ros2_foxy/install/ament_cmake_flake8/share/ament_cmake_flake8/local_setup.dsv
-- Symlinking: /home/saitama1/ros2_foxy/install/ament_cmake_flake8/share/ament_cmake_flake8/package.dsv
-- Up-to-date symlink: /home/saitama1/ros2_foxy/install/ament_cmake_flake8/share/ament_index/resource_index/packages/ament_cmake_flake8
-- Up-to-date symlink: /home/saitama1/ros2_foxy/install/ament_cmake_flake8/share/ament_cmake_flake8/cmake/ament_cmake_flake8-extras.cmake
-- Up-to-date symlink: /home/saitama1/ros2_foxy/install/ament_cmake_flake8/share/ament_cmake_flake8/cmake/ament_cmake_flake8Config.cmake
-- Up-to-date symlink: /home/saitama1/ros2_foxy/install/ament_cmake_flake8/share/ament_cmake_flake8/cmake/ament_cmake_flake8Config-version.cmake
-- Up-to-date symlink: /home/saitama1/ros2_foxy/install/ament_cmake_flake8/share/ament_cmake_flake8/package.xml
-- Up-to-date symlink: /home/saitama1/ros2_foxy/install/ament_cmake_flake8/share/ament_cmake_flake8/cmake/ament_cmake_flake8_lint_hook.cmake
-- Up-to-date symlink: /home/saitama1/ros2_foxy/install/ament_cmake_flake8/share/ament_cmake_flake8/cmake/ament_flake8.cmake
