-- Found ament_cmake_core: 0.9.8 (/home/saitama1/ros2_foxy/install/ament_cmake_core/share/ament_cmake_core/cmake)
-- Using PYTHON_EXECUTABLE: /usr/bin/python3
-- Override CMake install command with custom implementation using symlinks instead of copying resources
-- Found ament_cmake_test: 0.9.8 (/home/saitama1/ros2_foxy/install/ament_cmake_test/share/ament_cmake_test/cmake)
-- Found ament_cmake_copyright: 0.9.6 (/home/saitama1/ros2_foxy/install/ament_cmake_copyright/share/ament_cmake_copyright/cmake)
-- Found ament_cmake_lint_cmake: 0.9.6 (/home/saitama1/ros2_foxy/install/ament_cmake_lint_cmake/share/ament_cmake_lint_cmake/cmake)
-- Configuring done
-- Generating done
-- Build files have been written to: /home/saitama1/ros2_foxy/build/ament_cmake_clang_format
-- Install configuration: ""
-- Execute custom install script
-- Symlinking: /home/saitama1/ros2_foxy/install/ament_cmake_clang_format/share/ament_index/resource_index/package_run_dependencies/ament_cmake_clang_format
-- Symlinking: /home/saitama1/ros2_foxy/install/ament_cmake_clang_format/share/ament_index/resource_index/parent_prefix_path/ament_cmake_clang_format
-- Symlinking: /home/saitama1/ros2_foxy/install/ament_cmake_clang_format/share/ament_cmake_clang_format/environment/ament_prefix_path.sh
-- Symlinking: /home/saitama1/ros2_foxy/install/ament_cmake_clang_format/share/ament_cmake_clang_format/environment/ament_prefix_path.dsv
-- Symlinking: /home/saitama1/ros2_foxy/install/ament_cmake_clang_format/share/ament_cmake_clang_format/environment/path.sh
-- Symlinking: /home/saitama1/ros2_foxy/install/ament_cmake_clang_format/share/ament_cmake_clang_format/environment/path.dsv
-- Symlinking: /home/saitama1/ros2_foxy/install/ament_cmake_clang_format/share/ament_cmake_clang_format/local_setup.bash
-- Symlinking: /home/saitama1/ros2_foxy/install/ament_cmake_clang_format/share/ament_cmake_clang_format/local_setup.sh
-- Symlinking: /home/saitama1/ros2_foxy/install/ament_cmake_clang_format/share/ament_cmake_clang_format/local_setup.zsh
-- Symlinking: /home/saitama1/ros2_foxy/install/ament_cmake_clang_format/share/ament_cmake_clang_format/local_setup.dsv
-- Symlinking: /home/saitama1/ros2_foxy/install/ament_cmake_clang_format/share/ament_cmake_clang_format/package.dsv
-- Symlinking: /home/saitama1/ros2_foxy/install/ament_cmake_clang_format/share/ament_index/resource_index/packages/ament_cmake_clang_format
-- Symlinking: /home/saitama1/ros2_foxy/install/ament_cmake_clang_format/share/ament_cmake_clang_format/cmake/ament_cmake_clang_format-extras.cmake
-- Symlinking: /home/saitama1/ros2_foxy/install/ament_cmake_clang_format/share/ament_cmake_clang_format/cmake/ament_cmake_clang_formatConfig.cmake
-- Symlinking: /home/saitama1/ros2_foxy/install/ament_cmake_clang_format/share/ament_cmake_clang_format/cmake/ament_cmake_clang_formatConfig-version.cmake
-- Symlinking: /home/saitama1/ros2_foxy/install/ament_cmake_clang_format/share/ament_cmake_clang_format/package.xml
-- Symlinking: /home/saitama1/ros2_foxy/install/ament_cmake_clang_format/share/ament_cmake_clang_format/cmake/ament_clang_format.cmake
-- Symlinking: /home/saitama1/ros2_foxy/install/ament_cmake_clang_format/share/ament_cmake_clang_format/cmake/ament_cmake_clang_format_lint_hook.cmake
