[ 10%] Built target std_srvs__rosidl_generator_c
[ 12%] Built target std_srvs__cpp
[ 23%] Built target std_srvs__rosidl_typesupport_introspection_cpp
[ 34%] Built target std_srvs__rosidl_typesupport_introspection_c
[ 44%] Built target std_srvs__rosidl_typesupport_c
[ 55%] Built target std_srvs__rosidl_typesupport_cpp
[ 65%] Built target std_srvs__rosidl_typesupport_fastrtps_cpp
[ 76%] Built target std_srvs__rosidl_typesupport_fastrtps_c
[ 76%] Built target std_srvs
[ 78%] Built target std_srvs__py
[ 87%] Built target std_srvs__python
[ 95%] Built target std_srvs__rosidl_typesupport_introspection_c__pyext
[ 95%] Built target std_srvs__rosidl_typesupport_fastrtps_c__pyext
[100%] Built target std_srvs__rosidl_typesupport_c__pyext
-- Install configuration: ""
-- Execute custom install script
-- Up-to-date symlink: /home/saitama1/ros2_foxy/install/std_srvs/share/ament_index/resource_index/rosidl_interfaces/std_srvs
-- Up-to-date symlink: /home/saitama1/ros2_foxy/install/std_srvs/include/std_srvs/msg/rosidl_generator_c__visibility_control.h
-- Up-to-date symlink: /home/saitama1/ros2_foxy/install/std_srvs/include/std_srvs/srv/detail/empty__functions.h
-- Up-to-date symlink: /home/saitama1/ros2_foxy/install/std_srvs/include/std_srvs/srv/detail/empty__struct.h
-- Up-to-date symlink: /home/saitama1/ros2_foxy/install/std_srvs/include/std_srvs/srv/detail/empty__type_support.h
-- Up-to-date symlink: /home/saitama1/ros2_foxy/install/std_srvs/include/std_srvs/srv/detail/set_bool__functions.h
-- Up-to-date symlink: /home/saitama1/ros2_foxy/install/std_srvs/include/std_srvs/srv/detail/set_bool__struct.h
-- Up-to-date symlink: /home/saitama1/ros2_foxy/install/std_srvs/include/std_srvs/srv/detail/set_bool__type_support.h
-- Up-to-date symlink: /home/saitama1/ros2_foxy/install/std_srvs/include/std_srvs/srv/detail/trigger__functions.h
-- Up-to-date symlink: /home/saitama1/ros2_foxy/install/std_srvs/include/std_srvs/srv/detail/trigger__struct.h
-- Up-to-date symlink: /home/saitama1/ros2_foxy/install/std_srvs/include/std_srvs/srv/detail/trigger__type_support.h
-- Up-to-date symlink: /home/saitama1/ros2_foxy/install/std_srvs/include/std_srvs/srv/empty.h
-- Up-to-date symlink: /home/saitama1/ros2_foxy/install/std_srvs/include/std_srvs/srv/set_bool.h
-- Up-to-date symlink: /home/saitama1/ros2_foxy/install/std_srvs/include/std_srvs/srv/trigger.h
-- Up-to-date symlink: /home/saitama1/ros2_foxy/install/std_srvs/share/std_srvs/environment/library_path.sh
-- Up-to-date symlink: /home/saitama1/ros2_foxy/install/std_srvs/share/std_srvs/environment/library_path.dsv
-- Up-to-date symlink: /home/saitama1/ros2_foxy/install/std_srvs/include/std_srvs/msg/rosidl_typesupport_introspection_c__visibility_control.h
-- Up-to-date symlink: /home/saitama1/ros2_foxy/install/std_srvs/include/std_srvs/srv/detail/empty__rosidl_typesupport_introspection_c.h
-- Up-to-date symlink: /home/saitama1/ros2_foxy/install/std_srvs/include/std_srvs/srv/detail/set_bool__rosidl_typesupport_introspection_c.h
-- Up-to-date symlink: /home/saitama1/ros2_foxy/install/std_srvs/include/std_srvs/srv/detail/trigger__rosidl_typesupport_introspection_c.h
-- Up-to-date symlink: /home/saitama1/ros2_foxy/install/std_srvs/include/std_srvs/msg/rosidl_typesupport_fastrtps_c__visibility_control.h
-- Up-to-date symlink: /home/saitama1/ros2_foxy/install/std_srvs/include/std_srvs/srv/detail/empty__rosidl_typesupport_fastrtps_c.h
-- Up-to-date symlink: /home/saitama1/ros2_foxy/install/std_srvs/include/std_srvs/srv/detail/set_bool__rosidl_typesupport_fastrtps_c.h
-- Up-to-date symlink: /home/saitama1/ros2_foxy/install/std_srvs/include/std_srvs/srv/detail/trigger__rosidl_typesupport_fastrtps_c.h
-- Up-to-date symlink: /home/saitama1/ros2_foxy/install/std_srvs/lib/libstd_srvs__rosidl_typesupport_fastrtps_c.so
-- Up-to-date symlink: /home/saitama1/ros2_foxy/install/std_srvs/include/std_srvs/msg/rosidl_typesupport_fastrtps_cpp__visibility_control.h
-- Up-to-date symlink: /home/saitama1/ros2_foxy/install/std_srvs/include/std_srvs/srv/detail/empty__rosidl_typesupport_fastrtps_cpp.hpp
-- Up-to-date symlink: /home/saitama1/ros2_foxy/install/std_srvs/include/std_srvs/srv/detail/set_bool__rosidl_typesupport_fastrtps_cpp.hpp
-- Up-to-date symlink: /home/saitama1/ros2_foxy/install/std_srvs/include/std_srvs/srv/detail/trigger__rosidl_typesupport_fastrtps_cpp.hpp
-- Up-to-date symlink: /home/saitama1/ros2_foxy/install/std_srvs/lib/libstd_srvs__rosidl_typesupport_fastrtps_cpp.so
-- Up-to-date symlink: /home/saitama1/ros2_foxy/install/std_srvs/include/std_srvs/srv/detail/empty__builder.hpp
-- Up-to-date symlink: /home/saitama1/ros2_foxy/install/std_srvs/include/std_srvs/srv/detail/empty__struct.hpp
-- Up-to-date symlink: /home/saitama1/ros2_foxy/install/std_srvs/include/std_srvs/srv/detail/empty__traits.hpp
-- Up-to-date symlink: /home/saitama1/ros2_foxy/install/std_srvs/include/std_srvs/srv/detail/set_bool__builder.hpp
-- Up-to-date symlink: /home/saitama1/ros2_foxy/install/std_srvs/include/std_srvs/srv/detail/set_bool__struct.hpp
-- Up-to-date symlink: /home/saitama1/ros2_foxy/install/std_srvs/include/std_srvs/srv/detail/set_bool__traits.hpp
-- Up-to-date symlink: /home/saitama1/ros2_foxy/install/std_srvs/include/std_srvs/srv/detail/trigger__builder.hpp
-- Up-to-date symlink: /home/saitama1/ros2_foxy/install/std_srvs/include/std_srvs/srv/detail/trigger__struct.hpp
-- Up-to-date symlink: /home/saitama1/ros2_foxy/install/std_srvs/include/std_srvs/srv/detail/trigger__traits.hpp
-- Up-to-date symlink: /home/saitama1/ros2_foxy/install/std_srvs/include/std_srvs/srv/empty.hpp
-- Up-to-date symlink: /home/saitama1/ros2_foxy/install/std_srvs/include/std_srvs/srv/set_bool.hpp
-- Up-to-date symlink: /home/saitama1/ros2_foxy/install/std_srvs/include/std_srvs/srv/trigger.hpp
-- Up-to-date symlink: /home/saitama1/ros2_foxy/install/std_srvs/include/std_srvs/srv/detail/empty__rosidl_typesupport_introspection_cpp.hpp
-- Up-to-date symlink: /home/saitama1/ros2_foxy/install/std_srvs/include/std_srvs/srv/detail/set_bool__rosidl_typesupport_introspection_cpp.hpp
-- Up-to-date symlink: /home/saitama1/ros2_foxy/install/std_srvs/include/std_srvs/srv/detail/trigger__rosidl_typesupport_introspection_cpp.hpp
-- Up-to-date symlink: /home/saitama1/ros2_foxy/install/std_srvs/share/std_srvs/environment/pythonpath.sh
-- Up-to-date symlink: /home/saitama1/ros2_foxy/install/std_srvs/share/std_srvs/environment/pythonpath.dsv
-- Up-to-date symlink: /home/saitama1/ros2_foxy/install/std_srvs/lib/python3.8/site-packages/std_srvs/__init__.py
-- Up-to-date symlink: /home/saitama1/ros2_foxy/install/std_srvs/lib/python3.8/site-packages/std_srvs/srv/__init__.py
-- Up-to-date symlink: /home/saitama1/ros2_foxy/install/std_srvs/lib/python3.8/site-packages/std_srvs/srv/_empty.py
-- Up-to-date symlink: /home/saitama1/ros2_foxy/install/std_srvs/lib/python3.8/site-packages/std_srvs/srv/_set_bool.py
-- Up-to-date symlink: /home/saitama1/ros2_foxy/install/std_srvs/lib/python3.8/site-packages/std_srvs/srv/_trigger.py
-- Up-to-date symlink: /home/saitama1/ros2_foxy/install/std_srvs/lib/python3.8/site-packages/std_srvs/std_srvs_s__rosidl_typesupport_introspection_c.cpython-38-x86_64-linux-gnu.so
-- Up-to-date symlink: /home/saitama1/ros2_foxy/install/std_srvs/lib/python3.8/site-packages/std_srvs/std_srvs_s__rosidl_typesupport_fastrtps_c.cpython-38-x86_64-linux-gnu.so
-- Up-to-date symlink: /home/saitama1/ros2_foxy/install/std_srvs/lib/python3.8/site-packages/std_srvs/std_srvs_s__rosidl_typesupport_c.cpython-38-x86_64-linux-gnu.so
-- Up-to-date symlink: /home/saitama1/ros2_foxy/install/std_srvs/lib/libstd_srvs__python.so
-- Up-to-date symlink: /home/saitama1/ros2_foxy/install/std_srvs/share/std_srvs/srv/Empty.idl
-- Up-to-date symlink: /home/saitama1/ros2_foxy/install/std_srvs/share/std_srvs/srv/SetBool.idl
-- Up-to-date symlink: /home/saitama1/ros2_foxy/install/std_srvs/share/std_srvs/srv/Trigger.idl
-- Up-to-date symlink: /home/saitama1/ros2_foxy/install/std_srvs/share/std_srvs/srv/Empty.srv
-- Up-to-date symlink: /home/saitama1/ros2_foxy/install/std_srvs/share/std_srvs/srv/Empty_Request.msg
-- Up-to-date symlink: /home/saitama1/ros2_foxy/install/std_srvs/share/std_srvs/srv/Empty_Response.msg
-- Up-to-date symlink: /home/saitama1/ros2_foxy/install/std_srvs/share/std_srvs/srv/SetBool.srv
-- Up-to-date symlink: /home/saitama1/ros2_foxy/install/std_srvs/share/std_srvs/srv/SetBool_Request.msg
-- Up-to-date symlink: /home/saitama1/ros2_foxy/install/std_srvs/share/std_srvs/srv/SetBool_Response.msg
-- Up-to-date symlink: /home/saitama1/ros2_foxy/install/std_srvs/share/std_srvs/srv/Trigger.srv
-- Up-to-date symlink: /home/saitama1/ros2_foxy/install/std_srvs/share/std_srvs/srv/Trigger_Request.msg
-- Up-to-date symlink: /home/saitama1/ros2_foxy/install/std_srvs/share/std_srvs/srv/Trigger_Response.msg
-- Up-to-date symlink: /home/saitama1/ros2_foxy/install/std_srvs/share/ament_index/resource_index/package_run_dependencies/std_srvs
-- Up-to-date symlink: /home/saitama1/ros2_foxy/install/std_srvs/share/ament_index/resource_index/parent_prefix_path/std_srvs
-- Up-to-date symlink: /home/saitama1/ros2_foxy/install/std_srvs/share/std_srvs/environment/ament_prefix_path.sh
-- Up-to-date symlink: /home/saitama1/ros2_foxy/install/std_srvs/share/std_srvs/environment/ament_prefix_path.dsv
-- Up-to-date symlink: /home/saitama1/ros2_foxy/install/std_srvs/share/std_srvs/environment/path.sh
-- Up-to-date symlink: /home/saitama1/ros2_foxy/install/std_srvs/share/std_srvs/environment/path.dsv
-- Up-to-date symlink: /home/saitama1/ros2_foxy/install/std_srvs/share/std_srvs/local_setup.bash
-- Up-to-date symlink: /home/saitama1/ros2_foxy/install/std_srvs/share/std_srvs/local_setup.sh
-- Up-to-date symlink: /home/saitama1/ros2_foxy/install/std_srvs/share/std_srvs/local_setup.zsh
-- Up-to-date symlink: /home/saitama1/ros2_foxy/install/std_srvs/share/std_srvs/local_setup.dsv
-- Symlinking: /home/saitama1/ros2_foxy/install/std_srvs/share/std_srvs/package.dsv
-- Up-to-date symlink: /home/saitama1/ros2_foxy/install/std_srvs/share/ament_index/resource_index/packages/std_srvs
-- Up-to-date symlink: /home/saitama1/ros2_foxy/install/std_srvs/share/std_srvs/cmake/rosidl_cmake-extras.cmake
-- Up-to-date symlink: /home/saitama1/ros2_foxy/install/std_srvs/share/std_srvs/cmake/ament_cmake_export_dependencies-extras.cmake
-- Up-to-date symlink: /home/saitama1/ros2_foxy/install/std_srvs/share/std_srvs/cmake/ament_cmake_export_libraries-extras.cmake
-- Up-to-date symlink: /home/saitama1/ros2_foxy/install/std_srvs/share/std_srvs/cmake/ament_cmake_export_targets-extras.cmake
-- Up-to-date symlink: /home/saitama1/ros2_foxy/install/std_srvs/share/std_srvs/cmake/ament_cmake_export_include_directories-extras.cmake
-- Up-to-date symlink: /home/saitama1/ros2_foxy/install/std_srvs/share/std_srvs/cmake/rosidl_cmake_export_typesupport_targets-extras.cmake
-- Up-to-date symlink: /home/saitama1/ros2_foxy/install/std_srvs/share/std_srvs/cmake/rosidl_cmake_export_typesupport_libraries-extras.cmake
-- Up-to-date symlink: /home/saitama1/ros2_foxy/install/std_srvs/share/std_srvs/cmake/std_srvsConfig.cmake
-- Up-to-date symlink: /home/saitama1/ros2_foxy/install/std_srvs/share/std_srvs/cmake/std_srvsConfig-version.cmake
-- Up-to-date symlink: /home/saitama1/ros2_foxy/install/std_srvs/share/std_srvs/package.xml
-- Up-to-date: /home/saitama1/ros2_foxy/install/std_srvs/lib/libstd_srvs__rosidl_generator_c.so
-- Up-to-date: /home/saitama1/ros2_foxy/install/std_srvs/lib/libstd_srvs__rosidl_typesupport_introspection_c.so
-- Up-to-date: /home/saitama1/ros2_foxy/install/std_srvs/lib/libstd_srvs__rosidl_typesupport_c.so
-- Up-to-date: /home/saitama1/ros2_foxy/install/std_srvs/lib/libstd_srvs__rosidl_typesupport_introspection_cpp.so
-- Up-to-date: /home/saitama1/ros2_foxy/install/std_srvs/lib/libstd_srvs__rosidl_typesupport_cpp.so
-- Up-to-date: /home/saitama1/ros2_foxy/install/std_srvs/share/std_srvs/cmake/std_srvs__rosidl_generator_cExport.cmake
-- Up-to-date: /home/saitama1/ros2_foxy/install/std_srvs/share/std_srvs/cmake/std_srvs__rosidl_generator_cExport-noconfig.cmake
-- Up-to-date: /home/saitama1/ros2_foxy/install/std_srvs/share/std_srvs/cmake/std_srvs__rosidl_typesupport_introspection_cExport.cmake
-- Up-to-date: /home/saitama1/ros2_foxy/install/std_srvs/share/std_srvs/cmake/std_srvs__rosidl_typesupport_introspection_cExport-noconfig.cmake
-- Up-to-date: /home/saitama1/ros2_foxy/install/std_srvs/share/std_srvs/cmake/std_srvs__rosidl_typesupport_cExport.cmake
-- Up-to-date: /home/saitama1/ros2_foxy/install/std_srvs/share/std_srvs/cmake/std_srvs__rosidl_typesupport_cExport-noconfig.cmake
-- Up-to-date: /home/saitama1/ros2_foxy/install/std_srvs/share/std_srvs/cmake/std_srvs__rosidl_generator_cppExport.cmake
-- Up-to-date: /home/saitama1/ros2_foxy/install/std_srvs/share/std_srvs/cmake/std_srvs__rosidl_typesupport_introspection_cppExport.cmake
-- Up-to-date: /home/saitama1/ros2_foxy/install/std_srvs/share/std_srvs/cmake/std_srvs__rosidl_typesupport_introspection_cppExport-noconfig.cmake
-- Up-to-date: /home/saitama1/ros2_foxy/install/std_srvs/share/std_srvs/cmake/std_srvs__rosidl_typesupport_cppExport.cmake
-- Up-to-date: /home/saitama1/ros2_foxy/install/std_srvs/share/std_srvs/cmake/std_srvs__rosidl_typesupport_cppExport-noconfig.cmake
