-- The C compiler identification is GNU 9.3.0
-- The CXX compiler identification is GNU 9.3.0
-- Check for working C compiler: /usr/bin/cc
-- Check for working C compiler: /usr/bin/cc -- works
-- Detecting C compiler ABI info
-- Detecting C compiler ABI info - done
-- Detecting C compile features
-- Detecting C compile features - done
-- Check for working CXX compiler: /usr/bin/c++
-- Check for working CXX compiler: /usr/bin/c++ -- works
-- Detecting CXX compiler ABI info
-- Detecting CXX compiler ABI info - done
-- Detecting CXX compile features
-- Detecting CXX compile features - done
-- Found ament_cmake: 0.9.8 (/home/saitama1/ros2_foxy/install/ament_cmake/share/ament_cmake/cmake)
-- Found PythonInterp: /usr/bin/python3 (found suitable version "3.8.10", minimum required is "3") 
-- Using PYTHON_EXECUTABLE: /usr/bin/python3
-- Found rosidl_default_generators: 1.0.1 (/home/saitama1/ros2_foxy/install/rosidl_default_generators/share/rosidl_default_generators/cmake)
-- Using all available rosidl_typesupport_c: rosidl_typesupport_fastrtps_c;rosidl_typesupport_introspection_c
-- Found rosidl_adapter: 1.2.1 (/home/saitama1/ros2_foxy/install/rosidl_adapter/share/rosidl_adapter/cmake)
-- Found OpenSSL: /usr/lib/x86_64-linux-gnu/libcrypto.so (found version "1.1.1f")  
-- Found FastRTPS: /home/saitama1/ros2_foxy/install/fastrtps/include  
-- Using all available rosidl_typesupport_cpp: rosidl_typesupport_introspection_cpp;rosidl_typesupport_fastrtps_cpp
-- Found PythonInterp: /usr/bin/python3 (found version "3.8.10") 
-- Found ament_cmake_cppcheck: 0.9.6 (/home/saitama1/ros2_foxy/install/ament_cmake_cppcheck/share/ament_cmake_cppcheck/cmake)
-- Found ament_cmake_cpplint: 0.9.6 (/home/saitama1/ros2_foxy/install/ament_cmake_cpplint/share/ament_cmake_cpplint/cmake)
-- Found ament_cmake_uncrustify: 0.9.6 (/home/saitama1/ros2_foxy/install/ament_cmake_uncrustify/share/ament_cmake_uncrustify/cmake)
-- Found ament_cmake_ros: 0.9.2 (/home/saitama1/ros2_foxy/install/ament_cmake_ros/share/ament_cmake_ros/cmake)
-- Using all available rosidl_typesupport_c: rosidl_typesupport_fastrtps_c;rosidl_typesupport_introspection_c
-- Using all available rosidl_typesupport_cpp: rosidl_typesupport_introspection_cpp;rosidl_typesupport_fastrtps_cpp
-- Found PythonInterp: /usr/bin/python3 (found suitable version "3.8.10", minimum required is "3.5") 
-- Found python_cmake_module: 0.8.1 (/home/saitama1/ros2_foxy/install/python_cmake_module/share/python_cmake_module/cmake)
-- Found PythonLibs: /usr/lib/x86_64-linux-gnu/libpython3.8.so (found suitable version "3.8.10", minimum required is "3.5") 
-- Using PYTHON_EXECUTABLE: /usr/bin/python3
-- Using PYTHON_INCLUDE_DIRS: /usr/include/python3.8
-- Using PYTHON_LIBRARIES: /usr/lib/x86_64-linux-gnu/libpython3.8.so
-- Found PythonExtra: .so  
-- Found ament_cmake_flake8: 0.9.6 (/home/saitama1/ros2_foxy/install/ament_cmake_flake8/share/ament_cmake_flake8/cmake)
-- Found ament_cmake_pep257: 0.9.6 (/home/saitama1/ros2_foxy/install/ament_cmake_pep257/share/ament_cmake_pep257/cmake)
-- Configuring done
-- Generating done
-- Build files have been written to: /home/saitama1/ros2_foxy/build/builtin_interfaces
[35m[1mScanning dependencies of target builtin_interfaces__cpp[0m
[  2%] [34m[1mGenerating C++ code for ROS interfaces[0m
[  2%] Built target builtin_interfaces__cpp
[  5%] [34m[1mGenerating C code for ROS interfaces[0m
[35m[1mScanning dependencies of target builtin_interfaces__rosidl_generator_c[0m
[  7%] [32mBuilding C object CMakeFiles/builtin_interfaces__rosidl_generator_c.dir/rosidl_generator_c/builtin_interfaces/msg/detail/duration__functions.c.o[0m
[ 10%] [32mBuilding C object CMakeFiles/builtin_interfaces__rosidl_generator_c.dir/rosidl_generator_c/builtin_interfaces/msg/detail/time__functions.c.o[0m
[ 12%] [32m[1mLinking C shared library libbuiltin_interfaces__rosidl_generator_c.so[0m
[ 12%] Built target builtin_interfaces__rosidl_generator_c
[ 15%] [34m[1mGenerating C++ type support for eProsima Fast-RTPS[0m
[35m[1mScanning dependencies of target builtin_interfaces__rosidl_typesupport_fastrtps_cpp[0m
[ 17%] [32mBuilding CXX object CMakeFiles/builtin_interfaces__rosidl_typesupport_fastrtps_cpp.dir/rosidl_typesupport_fastrtps_cpp/builtin_interfaces/msg/detail/dds_fastrtps/duration__type_support.cpp.o[0m
[ 20%] [32mBuilding CXX object CMakeFiles/builtin_interfaces__rosidl_typesupport_fastrtps_cpp.dir/rosidl_typesupport_fastrtps_cpp/builtin_interfaces/msg/detail/dds_fastrtps/time__type_support.cpp.o[0m
[ 23%] [32m[1mLinking CXX shared library libbuiltin_interfaces__rosidl_typesupport_fastrtps_cpp.so[0m
[ 23%] Built target builtin_interfaces__rosidl_typesupport_fastrtps_cpp
[ 25%] [34m[1mGenerating C type support dispatch for ROS interfaces[0m
[35m[1mScanning dependencies of target builtin_interfaces__rosidl_typesupport_c[0m
[ 28%] [32mBuilding CXX object CMakeFiles/builtin_interfaces__rosidl_typesupport_c.dir/rosidl_typesupport_c/builtin_interfaces/msg/duration__type_support.cpp.o[0m
[ 30%] [32mBuilding CXX object CMakeFiles/builtin_interfaces__rosidl_typesupport_c.dir/rosidl_typesupport_c/builtin_interfaces/msg/time__type_support.cpp.o[0m
[ 33%] [32m[1mLinking CXX shared library libbuiltin_interfaces__rosidl_typesupport_c.so[0m
[ 33%] Built target builtin_interfaces__rosidl_typesupport_c
[ 35%] [34m[1mGenerating C type support for eProsima Fast-RTPS[0m
[35m[1mScanning dependencies of target builtin_interfaces__rosidl_typesupport_fastrtps_c[0m
[ 38%] [32mBuilding CXX object CMakeFiles/builtin_interfaces__rosidl_typesupport_fastrtps_c.dir/rosidl_typesupport_fastrtps_c/builtin_interfaces/msg/detail/duration__type_support_c.cpp.o[0m
[ 41%] [32mBuilding CXX object CMakeFiles/builtin_interfaces__rosidl_typesupport_fastrtps_c.dir/rosidl_typesupport_fastrtps_c/builtin_interfaces/msg/detail/time__type_support_c.cpp.o[0m
[ 43%] [32m[1mLinking CXX shared library libbuiltin_interfaces__rosidl_typesupport_fastrtps_c.so[0m
[ 43%] Built target builtin_interfaces__rosidl_typesupport_fastrtps_c
[ 46%] [34m[1mGenerating C introspection for ROS interfaces[0m
[35m[1mScanning dependencies of target builtin_interfaces__rosidl_typesupport_introspection_c[0m
[ 48%] [32mBuilding C object CMakeFiles/builtin_interfaces__rosidl_typesupport_introspection_c.dir/rosidl_typesupport_introspection_c/builtin_interfaces/msg/detail/duration__type_support.c.o[0m
[ 51%] [32mBuilding C object CMakeFiles/builtin_interfaces__rosidl_typesupport_introspection_c.dir/rosidl_typesupport_introspection_c/builtin_interfaces/msg/detail/time__type_support.c.o[0m
[ 53%] [32m[1mLinking C shared library libbuiltin_interfaces__rosidl_typesupport_introspection_c.so[0m
[ 53%] Built target builtin_interfaces__rosidl_typesupport_introspection_c
[ 56%] [34m[1mGenerating C++ type support dispatch for ROS interfaces[0m
[35m[1mScanning dependencies of target builtin_interfaces__rosidl_typesupport_cpp[0m
[ 58%] [32mBuilding CXX object CMakeFiles/builtin_interfaces__rosidl_typesupport_cpp.dir/rosidl_typesupport_cpp/builtin_interfaces/msg/duration__type_support.cpp.o[0m
[ 61%] [32mBuilding CXX object CMakeFiles/builtin_interfaces__rosidl_typesupport_cpp.dir/rosidl_typesupport_cpp/builtin_interfaces/msg/time__type_support.cpp.o[0m
[ 64%] [32m[1mLinking CXX shared library libbuiltin_interfaces__rosidl_typesupport_cpp.so[0m
[ 64%] Built target builtin_interfaces__rosidl_typesupport_cpp
[ 66%] [34m[1mGenerating C++ introspection for ROS interfaces[0m
[35m[1mScanning dependencies of target builtin_interfaces__rosidl_typesupport_introspection_cpp[0m
[ 69%] [32mBuilding CXX object CMakeFiles/builtin_interfaces__rosidl_typesupport_introspection_cpp.dir/rosidl_typesupport_introspection_cpp/builtin_interfaces/msg/detail/duration__type_support.cpp.o[0m
[ 71%] [32mBuilding CXX object CMakeFiles/builtin_interfaces__rosidl_typesupport_introspection_cpp.dir/rosidl_typesupport_introspection_cpp/builtin_interfaces/msg/detail/time__type_support.cpp.o[0m
[ 74%] [32m[1mLinking CXX shared library libbuiltin_interfaces__rosidl_typesupport_introspection_cpp.so[0m
[ 74%] Built target builtin_interfaces__rosidl_typesupport_introspection_cpp
[35m[1mScanning dependencies of target builtin_interfaces[0m
[ 74%] Built target builtin_interfaces
[35m[1mScanning dependencies of target builtin_interfaces__py[0m
[ 76%] [34m[1mGenerating Python code for ROS interfaces[0m
[ 76%] Built target builtin_interfaces__py
[35m[1mScanning dependencies of target builtin_interfaces__python[0m
[ 79%] [32mBuilding C object CMakeFiles/builtin_interfaces__python.dir/rosidl_generator_py/builtin_interfaces/msg/_duration_s.c.o[0m
[ 82%] [32mBuilding C object CMakeFiles/builtin_interfaces__python.dir/rosidl_generator_py/builtin_interfaces/msg/_time_s.c.o[0m
[ 84%] [32m[1mLinking C shared library rosidl_generator_py/builtin_interfaces/libbuiltin_interfaces__python.so[0m
[ 84%] Built target builtin_interfaces__python
[35m[1mScanning dependencies of target builtin_interfaces__rosidl_typesupport_c__pyext[0m
[ 87%] [32mBuilding C object CMakeFiles/builtin_interfaces__rosidl_typesupport_c__pyext.dir/rosidl_generator_py/builtin_interfaces/_builtin_interfaces_s.ep.rosidl_typesupport_c.c.o[0m
[ 89%] [32m[1mLinking C shared library rosidl_generator_py/builtin_interfaces/builtin_interfaces_s__rosidl_typesupport_c.cpython-38-x86_64-linux-gnu.so[0m
[ 89%] Built target builtin_interfaces__rosidl_typesupport_c__pyext
[35m[1mScanning dependencies of target builtin_interfaces__rosidl_typesupport_fastrtps_c__pyext[0m
[ 92%] [32mBuilding C object CMakeFiles/builtin_interfaces__rosidl_typesupport_fastrtps_c__pyext.dir/rosidl_generator_py/builtin_interfaces/_builtin_interfaces_s.ep.rosidl_typesupport_fastrtps_c.c.o[0m
[ 94%] [32m[1mLinking CXX shared library rosidl_generator_py/builtin_interfaces/builtin_interfaces_s__rosidl_typesupport_fastrtps_c.cpython-38-x86_64-linux-gnu.so[0m
[ 94%] Built target builtin_interfaces__rosidl_typesupport_fastrtps_c__pyext
[35m[1mScanning dependencies of target builtin_interfaces__rosidl_typesupport_introspection_c__pyext[0m
[ 97%] [32mBuilding C object CMakeFiles/builtin_interfaces__rosidl_typesupport_introspection_c__pyext.dir/rosidl_generator_py/builtin_interfaces/_builtin_interfaces_s.ep.rosidl_typesupport_introspection_c.c.o[0m
[100%] [32m[1mLinking C shared library rosidl_generator_py/builtin_interfaces/builtin_interfaces_s__rosidl_typesupport_introspection_c.cpython-38-x86_64-linux-gnu.so[0m
[100%] Built target builtin_interfaces__rosidl_typesupport_introspection_c__pyext
-- Install configuration: ""
-- Installing: /home/saitama1/ros2_foxy/install/builtin_interfaces/share/ament_index/resource_index/rosidl_interfaces/builtin_interfaces
-- Installing: /home/saitama1/ros2_foxy/install/builtin_interfaces/include/builtin_interfaces
-- Installing: /home/saitama1/ros2_foxy/install/builtin_interfaces/include/builtin_interfaces/msg
-- Installing: /home/saitama1/ros2_foxy/install/builtin_interfaces/include/builtin_interfaces/msg/duration.h
-- Installing: /home/saitama1/ros2_foxy/install/builtin_interfaces/include/builtin_interfaces/msg/rosidl_generator_c__visibility_control.h
-- Installing: /home/saitama1/ros2_foxy/install/builtin_interfaces/include/builtin_interfaces/msg/detail
-- Installing: /home/saitama1/ros2_foxy/install/builtin_interfaces/include/builtin_interfaces/msg/detail/duration__struct.h
-- Installing: /home/saitama1/ros2_foxy/install/builtin_interfaces/include/builtin_interfaces/msg/detail/time__functions.c
-- Installing: /home/saitama1/ros2_foxy/install/builtin_interfaces/include/builtin_interfaces/msg/detail/time__functions.h
-- Installing: /home/saitama1/ros2_foxy/install/builtin_interfaces/include/builtin_interfaces/msg/detail/duration__functions.c
-- Installing: /home/saitama1/ros2_foxy/install/builtin_interfaces/include/builtin_interfaces/msg/detail/duration__type_support.h
-- Installing: /home/saitama1/ros2_foxy/install/builtin_interfaces/include/builtin_interfaces/msg/detail/time__type_support.h
-- Installing: /home/saitama1/ros2_foxy/install/builtin_interfaces/include/builtin_interfaces/msg/detail/duration__functions.h
-- Installing: /home/saitama1/ros2_foxy/install/builtin_interfaces/include/builtin_interfaces/msg/detail/time__struct.h
-- Installing: /home/saitama1/ros2_foxy/install/builtin_interfaces/include/builtin_interfaces/msg/time.h
-- Installing: /home/saitama1/ros2_foxy/install/builtin_interfaces/share/builtin_interfaces/environment/library_path.sh
-- Installing: /home/saitama1/ros2_foxy/install/builtin_interfaces/share/builtin_interfaces/environment/library_path.dsv
-- Installing: /home/saitama1/ros2_foxy/install/builtin_interfaces/lib/libbuiltin_interfaces__rosidl_generator_c.so
-- Set runtime path of "/home/saitama1/ros2_foxy/install/builtin_interfaces/lib/libbuiltin_interfaces__rosidl_generator_c.so" to ""
-- Up-to-date: /home/saitama1/ros2_foxy/install/builtin_interfaces/include/builtin_interfaces
-- Up-to-date: /home/saitama1/ros2_foxy/install/builtin_interfaces/include/builtin_interfaces/msg
-- Installing: /home/saitama1/ros2_foxy/install/builtin_interfaces/include/builtin_interfaces/msg/rosidl_typesupport_fastrtps_c__visibility_control.h
-- Up-to-date: /home/saitama1/ros2_foxy/install/builtin_interfaces/include/builtin_interfaces/msg/detail
-- Installing: /home/saitama1/ros2_foxy/install/builtin_interfaces/include/builtin_interfaces/msg/detail/time__rosidl_typesupport_fastrtps_c.h
-- Installing: /home/saitama1/ros2_foxy/install/builtin_interfaces/include/builtin_interfaces/msg/detail/duration__rosidl_typesupport_fastrtps_c.h
-- Installing: /home/saitama1/ros2_foxy/install/builtin_interfaces/lib/libbuiltin_interfaces__rosidl_typesupport_fastrtps_c.so
-- Set runtime path of "/home/saitama1/ros2_foxy/install/builtin_interfaces/lib/libbuiltin_interfaces__rosidl_typesupport_fastrtps_c.so" to ""
-- Up-to-date: /home/saitama1/ros2_foxy/install/builtin_interfaces/include/builtin_interfaces
-- Up-to-date: /home/saitama1/ros2_foxy/install/builtin_interfaces/include/builtin_interfaces/msg
-- Installing: /home/saitama1/ros2_foxy/install/builtin_interfaces/include/builtin_interfaces/msg/rosidl_typesupport_fastrtps_cpp__visibility_control.h
-- Up-to-date: /home/saitama1/ros2_foxy/install/builtin_interfaces/include/builtin_interfaces/msg/detail
-- Installing: /home/saitama1/ros2_foxy/install/builtin_interfaces/include/builtin_interfaces/msg/detail/dds_fastrtps
-- Installing: /home/saitama1/ros2_foxy/install/builtin_interfaces/include/builtin_interfaces/msg/detail/time__rosidl_typesupport_fastrtps_cpp.hpp
-- Installing: /home/saitama1/ros2_foxy/install/builtin_interfaces/include/builtin_interfaces/msg/detail/duration__rosidl_typesupport_fastrtps_cpp.hpp
-- Installing: /home/saitama1/ros2_foxy/install/builtin_interfaces/lib/libbuiltin_interfaces__rosidl_typesupport_fastrtps_cpp.so
-- Set runtime path of "/home/saitama1/ros2_foxy/install/builtin_interfaces/lib/libbuiltin_interfaces__rosidl_typesupport_fastrtps_cpp.so" to ""
-- Up-to-date: /home/saitama1/ros2_foxy/install/builtin_interfaces/include/builtin_interfaces
-- Up-to-date: /home/saitama1/ros2_foxy/install/builtin_interfaces/include/builtin_interfaces/msg
-- Installing: /home/saitama1/ros2_foxy/install/builtin_interfaces/include/builtin_interfaces/msg/rosidl_typesupport_introspection_c__visibility_control.h
-- Up-to-date: /home/saitama1/ros2_foxy/install/builtin_interfaces/include/builtin_interfaces/msg/detail
-- Installing: /home/saitama1/ros2_foxy/install/builtin_interfaces/include/builtin_interfaces/msg/detail/duration__type_support.c
-- Installing: /home/saitama1/ros2_foxy/install/builtin_interfaces/include/builtin_interfaces/msg/detail/duration__rosidl_typesupport_introspection_c.h
-- Installing: /home/saitama1/ros2_foxy/install/builtin_interfaces/include/builtin_interfaces/msg/detail/time__rosidl_typesupport_introspection_c.h
-- Installing: /home/saitama1/ros2_foxy/install/builtin_interfaces/include/builtin_interfaces/msg/detail/time__type_support.c
-- Installing: /home/saitama1/ros2_foxy/install/builtin_interfaces/lib/libbuiltin_interfaces__rosidl_typesupport_introspection_c.so
-- Set runtime path of "/home/saitama1/ros2_foxy/install/builtin_interfaces/lib/libbuiltin_interfaces__rosidl_typesupport_introspection_c.so" to ""
-- Installing: /home/saitama1/ros2_foxy/install/builtin_interfaces/lib/libbuiltin_interfaces__rosidl_typesupport_c.so
-- Set runtime path of "/home/saitama1/ros2_foxy/install/builtin_interfaces/lib/libbuiltin_interfaces__rosidl_typesupport_c.so" to ""
-- Up-to-date: /home/saitama1/ros2_foxy/install/builtin_interfaces/include/builtin_interfaces
-- Up-to-date: /home/saitama1/ros2_foxy/install/builtin_interfaces/include/builtin_interfaces/msg
-- Installing: /home/saitama1/ros2_foxy/install/builtin_interfaces/include/builtin_interfaces/msg/time.hpp
-- Installing: /home/saitama1/ros2_foxy/install/builtin_interfaces/include/builtin_interfaces/msg/duration.hpp
-- Up-to-date: /home/saitama1/ros2_foxy/install/builtin_interfaces/include/builtin_interfaces/msg/detail
-- Installing: /home/saitama1/ros2_foxy/install/builtin_interfaces/include/builtin_interfaces/msg/detail/duration__builder.hpp
-- Installing: /home/saitama1/ros2_foxy/install/builtin_interfaces/include/builtin_interfaces/msg/detail/duration__struct.hpp
-- Installing: /home/saitama1/ros2_foxy/install/builtin_interfaces/include/builtin_interfaces/msg/detail/time__traits.hpp
-- Installing: /home/saitama1/ros2_foxy/install/builtin_interfaces/include/builtin_interfaces/msg/detail/time__struct.hpp
-- Installing: /home/saitama1/ros2_foxy/install/builtin_interfaces/include/builtin_interfaces/msg/detail/duration__traits.hpp
-- Installing: /home/saitama1/ros2_foxy/install/builtin_interfaces/include/builtin_interfaces/msg/detail/time__builder.hpp
-- Up-to-date: /home/saitama1/ros2_foxy/install/builtin_interfaces/include/builtin_interfaces
-- Up-to-date: /home/saitama1/ros2_foxy/install/builtin_interfaces/include/builtin_interfaces/msg
-- Up-to-date: /home/saitama1/ros2_foxy/install/builtin_interfaces/include/builtin_interfaces/msg/detail
-- Installing: /home/saitama1/ros2_foxy/install/builtin_interfaces/include/builtin_interfaces/msg/detail/duration__rosidl_typesupport_introspection_cpp.hpp
-- Installing: /home/saitama1/ros2_foxy/install/builtin_interfaces/include/builtin_interfaces/msg/detail/time__type_support.cpp
-- Installing: /home/saitama1/ros2_foxy/install/builtin_interfaces/include/builtin_interfaces/msg/detail/duration__type_support.cpp
-- Installing: /home/saitama1/ros2_foxy/install/builtin_interfaces/include/builtin_interfaces/msg/detail/time__rosidl_typesupport_introspection_cpp.hpp
-- Installing: /home/saitama1/ros2_foxy/install/builtin_interfaces/lib/libbuiltin_interfaces__rosidl_typesupport_introspection_cpp.so
-- Set runtime path of "/home/saitama1/ros2_foxy/install/builtin_interfaces/lib/libbuiltin_interfaces__rosidl_typesupport_introspection_cpp.so" to ""
-- Installing: /home/saitama1/ros2_foxy/install/builtin_interfaces/lib/libbuiltin_interfaces__rosidl_typesupport_cpp.so
-- Set runtime path of "/home/saitama1/ros2_foxy/install/builtin_interfaces/lib/libbuiltin_interfaces__rosidl_typesupport_cpp.so" to ""
-- Installing: /home/saitama1/ros2_foxy/install/builtin_interfaces/share/builtin_interfaces/environment/pythonpath.sh
-- Installing: /home/saitama1/ros2_foxy/install/builtin_interfaces/share/builtin_interfaces/environment/pythonpath.dsv
-- Installing: /home/saitama1/ros2_foxy/install/builtin_interfaces/lib/python3.8/site-packages/builtin_interfaces/__init__.py
Compiling '/home/saitama1/ros2_foxy/install/builtin_interfaces/lib/python3.8/site-packages/builtin_interfaces/__init__.py'...
-- Installing: /home/saitama1/ros2_foxy/install/builtin_interfaces/lib/python3.8/site-packages/builtin_interfaces/msg
-- Installing: /home/saitama1/ros2_foxy/install/builtin_interfaces/lib/python3.8/site-packages/builtin_interfaces/msg/__init__.py
-- Installing: /home/saitama1/ros2_foxy/install/builtin_interfaces/lib/python3.8/site-packages/builtin_interfaces/msg/_time.py
-- Installing: /home/saitama1/ros2_foxy/install/builtin_interfaces/lib/python3.8/site-packages/builtin_interfaces/msg/_duration_s.c
-- Installing: /home/saitama1/ros2_foxy/install/builtin_interfaces/lib/python3.8/site-packages/builtin_interfaces/msg/_duration.py
-- Installing: /home/saitama1/ros2_foxy/install/builtin_interfaces/lib/python3.8/site-packages/builtin_interfaces/msg/_time_s.c
-- Installing: /home/saitama1/ros2_foxy/install/builtin_interfaces/lib/python3.8/site-packages/builtin_interfaces/builtin_interfaces_s__rosidl_typesupport_fastrtps_c.cpython-38-x86_64-linux-gnu.so
-- Set runtime path of "/home/saitama1/ros2_foxy/install/builtin_interfaces/lib/python3.8/site-packages/builtin_interfaces/builtin_interfaces_s__rosidl_typesupport_fastrtps_c.cpython-38-x86_64-linux-gnu.so" to ""
-- Installing: /home/saitama1/ros2_foxy/install/builtin_interfaces/lib/python3.8/site-packages/builtin_interfaces/builtin_interfaces_s__rosidl_typesupport_introspection_c.cpython-38-x86_64-linux-gnu.so
-- Set runtime path of "/home/saitama1/ros2_foxy/install/builtin_interfaces/lib/python3.8/site-packages/builtin_interfaces/builtin_interfaces_s__rosidl_typesupport_introspection_c.cpython-38-x86_64-linux-gnu.so" to ""
-- Installing: /home/saitama1/ros2_foxy/install/builtin_interfaces/lib/python3.8/site-packages/builtin_interfaces/builtin_interfaces_s__rosidl_typesupport_c.cpython-38-x86_64-linux-gnu.so
-- Set runtime path of "/home/saitama1/ros2_foxy/install/builtin_interfaces/lib/python3.8/site-packages/builtin_interfaces/builtin_interfaces_s__rosidl_typesupport_c.cpython-38-x86_64-linux-gnu.so" to ""
-- Installing: /home/saitama1/ros2_foxy/install/builtin_interfaces/lib/libbuiltin_interfaces__python.so
-- Set runtime path of "/home/saitama1/ros2_foxy/install/builtin_interfaces/lib/libbuiltin_interfaces__python.so" to ""
-- Installing: /home/saitama1/ros2_foxy/install/builtin_interfaces/share/builtin_interfaces/msg/Duration.idl
-- Installing: /home/saitama1/ros2_foxy/install/builtin_interfaces/share/builtin_interfaces/msg/Time.idl
-- Installing: /home/saitama1/ros2_foxy/install/builtin_interfaces/share/builtin_interfaces/msg/Duration.msg
-- Installing: /home/saitama1/ros2_foxy/install/builtin_interfaces/share/builtin_interfaces/msg/Time.msg
-- Installing: /home/saitama1/ros2_foxy/install/builtin_interfaces/share/ament_index/resource_index/package_run_dependencies/builtin_interfaces
-- Installing: /home/saitama1/ros2_foxy/install/builtin_interfaces/share/ament_index/resource_index/parent_prefix_path/builtin_interfaces
-- Installing: /home/saitama1/ros2_foxy/install/builtin_interfaces/share/builtin_interfaces/environment/ament_prefix_path.sh
-- Installing: /home/saitama1/ros2_foxy/install/builtin_interfaces/share/builtin_interfaces/environment/ament_prefix_path.dsv
-- Installing: /home/saitama1/ros2_foxy/install/builtin_interfaces/share/builtin_interfaces/environment/path.sh
-- Installing: /home/saitama1/ros2_foxy/install/builtin_interfaces/share/builtin_interfaces/environment/path.dsv
-- Installing: /home/saitama1/ros2_foxy/install/builtin_interfaces/share/builtin_interfaces/local_setup.bash
-- Installing: /home/saitama1/ros2_foxy/install/builtin_interfaces/share/builtin_interfaces/local_setup.sh
-- Installing: /home/saitama1/ros2_foxy/install/builtin_interfaces/share/builtin_interfaces/local_setup.zsh
-- Installing: /home/saitama1/ros2_foxy/install/builtin_interfaces/share/builtin_interfaces/local_setup.dsv
-- Installing: /home/saitama1/ros2_foxy/install/builtin_interfaces/share/builtin_interfaces/package.dsv
-- Installing: /home/saitama1/ros2_foxy/install/builtin_interfaces/share/ament_index/resource_index/packages/builtin_interfaces
-- Installing: /home/saitama1/ros2_foxy/install/builtin_interfaces/share/builtin_interfaces/cmake/builtin_interfaces__rosidl_generator_cExport.cmake
-- Installing: /home/saitama1/ros2_foxy/install/builtin_interfaces/share/builtin_interfaces/cmake/builtin_interfaces__rosidl_generator_cExport-noconfig.cmake
-- Installing: /home/saitama1/ros2_foxy/install/builtin_interfaces/share/builtin_interfaces/cmake/builtin_interfaces__rosidl_typesupport_introspection_cExport.cmake
-- Installing: /home/saitama1/ros2_foxy/install/builtin_interfaces/share/builtin_interfaces/cmake/builtin_interfaces__rosidl_typesupport_introspection_cExport-noconfig.cmake
-- Installing: /home/saitama1/ros2_foxy/install/builtin_interfaces/share/builtin_interfaces/cmake/builtin_interfaces__rosidl_typesupport_cExport.cmake
-- Installing: /home/saitama1/ros2_foxy/install/builtin_interfaces/share/builtin_interfaces/cmake/builtin_interfaces__rosidl_typesupport_cExport-noconfig.cmake
-- Installing: /home/saitama1/ros2_foxy/install/builtin_interfaces/share/builtin_interfaces/cmake/builtin_interfaces__rosidl_generator_cppExport.cmake
-- Installing: /home/saitama1/ros2_foxy/install/builtin_interfaces/share/builtin_interfaces/cmake/builtin_interfaces__rosidl_typesupport_introspection_cppExport.cmake
-- Installing: /home/saitama1/ros2_foxy/install/builtin_interfaces/share/builtin_interfaces/cmake/builtin_interfaces__rosidl_typesupport_introspection_cppExport-noconfig.cmake
-- Installing: /home/saitama1/ros2_foxy/install/builtin_interfaces/share/builtin_interfaces/cmake/builtin_interfaces__rosidl_typesupport_cppExport.cmake
-- Installing: /home/saitama1/ros2_foxy/install/builtin_interfaces/share/builtin_interfaces/cmake/builtin_interfaces__rosidl_typesupport_cppExport-noconfig.cmake
-- Installing: /home/saitama1/ros2_foxy/install/builtin_interfaces/share/builtin_interfaces/cmake/rosidl_cmake-extras.cmake
-- Installing: /home/saitama1/ros2_foxy/install/builtin_interfaces/share/builtin_interfaces/cmake/ament_cmake_export_dependencies-extras.cmake
-- Installing: /home/saitama1/ros2_foxy/install/builtin_interfaces/share/builtin_interfaces/cmake/ament_cmake_export_libraries-extras.cmake
-- Installing: /home/saitama1/ros2_foxy/install/builtin_interfaces/share/builtin_interfaces/cmake/ament_cmake_export_targets-extras.cmake
-- Installing: /home/saitama1/ros2_foxy/install/builtin_interfaces/share/builtin_interfaces/cmake/ament_cmake_export_include_directories-extras.cmake
-- Installing: /home/saitama1/ros2_foxy/install/builtin_interfaces/share/builtin_interfaces/cmake/rosidl_cmake_export_typesupport_libraries-extras.cmake
-- Installing: /home/saitama1/ros2_foxy/install/builtin_interfaces/share/builtin_interfaces/cmake/rosidl_cmake_export_typesupport_targets-extras.cmake
-- Installing: /home/saitama1/ros2_foxy/install/builtin_interfaces/share/builtin_interfaces/cmake/builtin_interfacesConfig.cmake
-- Installing: /home/saitama1/ros2_foxy/install/builtin_interfaces/share/builtin_interfaces/cmake/builtin_interfacesConfig-version.cmake
-- Installing: /home/saitama1/ros2_foxy/install/builtin_interfaces/share/builtin_interfaces/package.xml
