[1.219s] Invoking command in '/home/saitama1/ros2_foxy/build/fastcdr': /usr/bin/cmake --build /home/saitama1/ros2_foxy/build/fastcdr -- -j12 -l12
[2.299s] [100%] Built target fastcdr
[2.306s] Invoked command in '/home/saitama1/ros2_foxy/build/fastcdr' returned '0': /usr/bin/cmake --build /home/saitama1/ros2_foxy/build/fastcdr -- -j12 -l12
[2.943s] Invoking command in '/home/saitama1/ros2_foxy/build/fastcdr': /usr/bin/cmake --install /home/saitama1/ros2_foxy/build/fastcdr
[2.963s] -- Install configuration: "Release"
[2.963s] -- Up-to-date: /home/saitama1/ros2_foxy/install/fastcdr/share/fastcdr/LICENSE
[2.963s] -- Up-to-date: /home/saitama1/ros2_foxy/install/fastcdr/include/fastcdr
[2.964s] -- Up-to-date: /home/saitama1/ros2_foxy/install/fastcdr/include/fastcdr/Cdr.h
[2.964s] -- Up-to-date: /home/saitama1/ros2_foxy/install/fastcdr/include/fastcdr/fastcdr_dll.h
[2.964s] -- Up-to-date: /home/saitama1/ros2_foxy/install/fastcdr/include/fastcdr/FastBuffer.h
[2.964s] -- Up-to-date: /home/saitama1/ros2_foxy/install/fastcdr/include/fastcdr/eProsima_auto_link.h
[2.965s] -- Up-to-date: /home/saitama1/ros2_foxy/install/fastcdr/include/fastcdr/exceptions
[2.965s] -- Up-to-date: /home/saitama1/ros2_foxy/install/fastcdr/include/fastcdr/exceptions/Exception.h
[2.966s] -- Up-to-date: /home/saitama1/ros2_foxy/install/fastcdr/include/fastcdr/exceptions/NotEnoughMemoryException.h
[2.966s] -- Up-to-date: /home/saitama1/ros2_foxy/install/fastcdr/include/fastcdr/exceptions/BadParamException.h
[2.966s] -- Up-to-date: /home/saitama1/ros2_foxy/install/fastcdr/include/fastcdr/FastCdr.h
[2.967s] -- Up-to-date: /home/saitama1/ros2_foxy/install/fastcdr/include/fastcdr/config.h
[2.971s] -- Up-to-date: /home/saitama1/ros2_foxy/install/fastcdr/lib/libfastcdr.so.1.0.13
[2.971s] -- Up-to-date: /home/saitama1/ros2_foxy/install/fastcdr/lib/libfastcdr.so.1
[2.972s] -- Up-to-date: /home/saitama1/ros2_foxy/install/fastcdr/lib/libfastcdr.so
[2.972s] -- Up-to-date: /home/saitama1/ros2_foxy/install/fastcdr/lib/cmake/fastcdr/fastcdr-targets.cmake
[2.975s] -- Up-to-date: /home/saitama1/ros2_foxy/install/fastcdr/lib/cmake/fastcdr/fastcdr-targets-release.cmake
[2.975s] -- Up-to-date: /home/saitama1/ros2_foxy/install/fastcdr/lib/cmake/fastcdr/fastcdr-config.cmake
[2.975s] -- Up-to-date: /home/saitama1/ros2_foxy/install/fastcdr/lib/cmake/fastcdr/fastcdr-config-version.cmake
[2.991s] Invoked command in '/home/saitama1/ros2_foxy/build/fastcdr' returned '0': /usr/bin/cmake --install /home/saitama1/ros2_foxy/build/fastcdr
