[1.167s] Invoking command in '/home/saitama1/Pictures/ros2-picas/ros2_foxy/src/ament/ament_lint/ament_cpplint': AMENT_PREFIX_PATH=/home/saitama1/Pictures/ros2-picas/ros2_foxy/install/ament_copyright:/home/saitama1/Pictures/ros2-picas/ros2_foxy/install/ament_pep257:/home/saitama1/Pictures/ros2-picas/ros2_foxy/install/ament_flake8:/home/saitama1/Pictures/ros2-picas/ros2_foxy/install/ament_lint:${AMENT_PREFIX_PATH} PATH=/home/saitama1/Pictures/ros2-picas/ros2_foxy/install/ament_copyright/bin:/home/saitama1/Pictures/ros2-picas/ros2_foxy/install/ament_pep257/bin:/home/saitama1/Pictures/ros2-picas/ros2_foxy/install/ament_flake8/bin:${PATH} PYTHONPATH=/home/saitama1/Pictures/ros2-picas/ros2_foxy/install/ament_cpplint/lib/python3.8/site-packages:/home/saitama1/Pictures/ros2-picas/ros2_foxy/install/ament_copyright/lib/python3.8/site-packages:/home/saitama1/Pictures/ros2-picas/ros2_foxy/install/ament_pep257/lib/python3.8/site-packages:/home/saitama1/Pictures/ros2-picas/ros2_foxy/install/ament_flake8/lib/python3.8/site-packages:/home/saitama1/Pictures/ros2-picas/ros2_foxy/install/ament_lint/lib/python3.8/site-packages:${PYTHONPATH} /usr/bin/python3 setup.py egg_info --egg-base ../../../../build/ament_cpplint build --build-base /home/saitama1/Pictures/ros2-picas/ros2_foxy/build/ament_cpplint/build install --prefix /home/saitama1/Pictures/ros2-picas/ros2_foxy/install/ament_cpplint --record /home/saitama1/Pictures/ros2-picas/ros2_foxy/build/ament_cpplint/install.log --single-version-externally-managed
[1.422s] running egg_info
[1.422s] writing ../../../../build/ament_cpplint/ament_cpplint.egg-info/PKG-INFO
[1.423s] writing dependency_links to ../../../../build/ament_cpplint/ament_cpplint.egg-info/dependency_links.txt
[1.423s] writing entry points to ../../../../build/ament_cpplint/ament_cpplint.egg-info/entry_points.txt
[1.427s] writing requirements to ../../../../build/ament_cpplint/ament_cpplint.egg-info/requires.txt
[1.428s] writing top-level names to ../../../../build/ament_cpplint/ament_cpplint.egg-info/top_level.txt
[1.467s] reading manifest file '../../../../build/ament_cpplint/ament_cpplint.egg-info/SOURCES.txt'
[1.467s] writing manifest file '../../../../build/ament_cpplint/ament_cpplint.egg-info/SOURCES.txt'
[1.467s] running build
[1.468s] running build_py
[1.468s] running install
[1.468s] running install_lib
[1.470s] running install_data
[1.471s] running install_egg_info
[1.473s] removing '/home/saitama1/Pictures/ros2-picas/ros2_foxy/install/ament_cpplint/lib/python3.8/site-packages/ament_cpplint-0.9.6-py3.8.egg-info' (and everything under it)
[1.474s] Copying ../../../../build/ament_cpplint/ament_cpplint.egg-info to /home/saitama1/Pictures/ros2-picas/ros2_foxy/install/ament_cpplint/lib/python3.8/site-packages/ament_cpplint-0.9.6-py3.8.egg-info
[1.475s] running install_scripts
[1.492s] Installing ament_cpplint script to /home/saitama1/Pictures/ros2-picas/ros2_foxy/install/ament_cpplint/bin
[1.493s] writing list of installed files to '/home/saitama1/Pictures/ros2-picas/ros2_foxy/build/ament_cpplint/install.log'
[1.984s] Invoked command in '/home/saitama1/Pictures/ros2-picas/ros2_foxy/src/ament/ament_lint/ament_cpplint' returned '0': AMENT_PREFIX_PATH=/home/saitama1/Pictures/ros2-picas/ros2_foxy/install/ament_copyright:/home/saitama1/Pictures/ros2-picas/ros2_foxy/install/ament_pep257:/home/saitama1/Pictures/ros2-picas/ros2_foxy/install/ament_flake8:/home/saitama1/Pictures/ros2-picas/ros2_foxy/install/ament_lint:${AMENT_PREFIX_PATH} PATH=/home/saitama1/Pictures/ros2-picas/ros2_foxy/install/ament_copyright/bin:/home/saitama1/Pictures/ros2-picas/ros2_foxy/install/ament_pep257/bin:/home/saitama1/Pictures/ros2-picas/ros2_foxy/install/ament_flake8/bin:${PATH} PYTHONPATH=/home/saitama1/Pictures/ros2-picas/ros2_foxy/install/ament_cpplint/lib/python3.8/site-packages:/home/saitama1/Pictures/ros2-picas/ros2_foxy/install/ament_copyright/lib/python3.8/site-packages:/home/saitama1/Pictures/ros2-picas/ros2_foxy/install/ament_pep257/lib/python3.8/site-packages:/home/saitama1/Pictures/ros2-picas/ros2_foxy/install/ament_flake8/lib/python3.8/site-packages:/home/saitama1/Pictures/ros2-picas/ros2_foxy/install/ament_lint/lib/python3.8/site-packages:${PYTHONPATH} /usr/bin/python3 setup.py egg_info --egg-base ../../../../build/ament_cpplint build --build-base /home/saitama1/Pictures/ros2-picas/ros2_foxy/build/ament_cpplint/build install --prefix /home/saitama1/Pictures/ros2-picas/ros2_foxy/install/ament_cpplint --record /home/saitama1/Pictures/ros2-picas/ros2_foxy/build/ament_cpplint/install.log --single-version-externally-managed
