-- Found ament_cmake: 0.9.8 (/home/saitama1/ros2_foxy/install/ament_cmake/share/ament_cmake/cmake)
-- Using PYTHON_EXECUTABLE: /usr/bin/python3
-- Override CMake install command with custom implementation using symlinks instead of copying resources
-- Found ament_cmake_pytest: 0.9.8 (/home/saitama1/ros2_foxy/install/ament_cmake_pytest/share/ament_cmake_pytest/cmake)
-- Found ament_lint_auto: 0.9.6 (/home/saitama1/ros2_foxy/install/ament_lint_auto/share/ament_lint_auto/cmake)
CMake Warning at /home/saitama1/ros2_foxy/install/ament_cmake_pytest/share/ament_cmake_pytest/cmake/ament_add_pytest_test.cmake:77 (message):
  The Python module 'pytest' was not found, pytests can not be run (e.g.  on
  Ubuntu/Debian install the package 'python3-pytest')
Call Stack (most recent call first):
  CMakeLists.txt:25 (ament_add_pytest_test)


-- Added test 'flake8' to check Python code syntax and style conventions
-- Added test 'lint_cmake' to check CMake code style
-- Added test 'pep257' to check Python code against some of the style conventions in PEP 257
-- Added test 'xmllint' to check XML markup files
-- Configuring done
-- Generating done
-- Build files have been written to: /home/saitama1/ros2_foxy/build/python_qt_binding
-- Install configuration: ""
-- Execute custom install script
-- Symlinking: /home/saitama1/ros2_foxy/install/python_qt_binding/share/python_qt_binding/environment/pythonpath.sh
-- Symlinking: /home/saitama1/ros2_foxy/install/python_qt_binding/share/python_qt_binding/environment/pythonpath.dsv
-- Symlinking: /home/saitama1/ros2_foxy/install/python_qt_binding/lib/python3.8/site-packages/python_qt_binding/__init__.py
-- Symlinking: /home/saitama1/ros2_foxy/install/python_qt_binding/lib/python3.8/site-packages/python_qt_binding/binding_helper.py
-- Symlinking: /home/saitama1/ros2_foxy/install/python_qt_binding/share/python_qt_binding/cmake/shiboken_helper.cmake
-- Symlinking: /home/saitama1/ros2_foxy/install/python_qt_binding/share/python_qt_binding/cmake/sip_configure.py
-- Symlinking: /home/saitama1/ros2_foxy/install/python_qt_binding/share/python_qt_binding/cmake/sip_helper.cmake
-- Symlinking: /home/saitama1/ros2_foxy/install/python_qt_binding/share/ament_index/resource_index/package_run_dependencies/python_qt_binding
-- Symlinking: /home/saitama1/ros2_foxy/install/python_qt_binding/share/ament_index/resource_index/parent_prefix_path/python_qt_binding
-- Symlinking: /home/saitama1/ros2_foxy/install/python_qt_binding/share/python_qt_binding/environment/ament_prefix_path.sh
-- Symlinking: /home/saitama1/ros2_foxy/install/python_qt_binding/share/python_qt_binding/environment/ament_prefix_path.dsv
-- Symlinking: /home/saitama1/ros2_foxy/install/python_qt_binding/share/python_qt_binding/environment/path.sh
-- Symlinking: /home/saitama1/ros2_foxy/install/python_qt_binding/share/python_qt_binding/environment/path.dsv
-- Symlinking: /home/saitama1/ros2_foxy/install/python_qt_binding/share/python_qt_binding/local_setup.bash
-- Symlinking: /home/saitama1/ros2_foxy/install/python_qt_binding/share/python_qt_binding/local_setup.sh
-- Symlinking: /home/saitama1/ros2_foxy/install/python_qt_binding/share/python_qt_binding/local_setup.zsh
-- Symlinking: /home/saitama1/ros2_foxy/install/python_qt_binding/share/python_qt_binding/local_setup.dsv
-- Symlinking: /home/saitama1/ros2_foxy/install/python_qt_binding/share/python_qt_binding/package.dsv
-- Symlinking: /home/saitama1/ros2_foxy/install/python_qt_binding/share/ament_index/resource_index/packages/python_qt_binding
-- Symlinking: /home/saitama1/ros2_foxy/install/python_qt_binding/share/python_qt_binding/cmake/python_qt_bindingConfig.cmake
-- Symlinking: /home/saitama1/ros2_foxy/install/python_qt_binding/share/python_qt_binding/cmake/python_qt_bindingConfig-version.cmake
-- Symlinking: /home/saitama1/ros2_foxy/install/python_qt_binding/share/python_qt_binding/package.xml
Listing '/home/saitama1/ros2_foxy/install/python_qt_binding/lib/python3.8/site-packages/python_qt_binding'...
