running egg_info
creating ../../../build/rosidl_runtime_py/rosidl_runtime_py.egg-info
writing ../../../build/rosidl_runtime_py/rosidl_runtime_py.egg-info/PKG-INFO
writing dependency_links to ../../../build/rosidl_runtime_py/rosidl_runtime_py.egg-info/dependency_links.txt
writing top-level names to ../../../build/rosidl_runtime_py/rosidl_runtime_py.egg-info/top_level.txt
writing manifest file '../../../build/rosidl_runtime_py/rosidl_runtime_py.egg-info/SOURCES.txt'
reading manifest file '../../../build/rosidl_runtime_py/rosidl_runtime_py.egg-info/SOURCES.txt'
writing manifest file '../../../build/rosidl_runtime_py/rosidl_runtime_py.egg-info/SOURCES.txt'
running build
running build_py
creating /home/saitama1/ros2_foxy/build/rosidl_runtime_py/build
creating /home/saitama1/ros2_foxy/build/rosidl_runtime_py/build/lib
creating /home/saitama1/ros2_foxy/build/rosidl_runtime_py/build/lib/rosidl_runtime_py
copying rosidl_runtime_py/utilities.py -> /home/saitama1/ros2_foxy/build/rosidl_runtime_py/build/lib/rosidl_runtime_py
copying rosidl_runtime_py/__init__.py -> /home/saitama1/ros2_foxy/build/rosidl_runtime_py/build/lib/rosidl_runtime_py
copying rosidl_runtime_py/set_message.py -> /home/saitama1/ros2_foxy/build/rosidl_runtime_py/build/lib/rosidl_runtime_py
copying rosidl_runtime_py/get_interfaces.py -> /home/saitama1/ros2_foxy/build/rosidl_runtime_py/build/lib/rosidl_runtime_py
copying rosidl_runtime_py/convert.py -> /home/saitama1/ros2_foxy/build/rosidl_runtime_py/build/lib/rosidl_runtime_py
copying rosidl_runtime_py/import_message.py -> /home/saitama1/ros2_foxy/build/rosidl_runtime_py/build/lib/rosidl_runtime_py
running install
running install_lib
creating /home/saitama1/ros2_foxy/install/rosidl_runtime_py/lib/python3.8/site-packages/rosidl_runtime_py
copying /home/saitama1/ros2_foxy/build/rosidl_runtime_py/build/lib/rosidl_runtime_py/utilities.py -> /home/saitama1/ros2_foxy/install/rosidl_runtime_py/lib/python3.8/site-packages/rosidl_runtime_py
copying /home/saitama1/ros2_foxy/build/rosidl_runtime_py/build/lib/rosidl_runtime_py/__init__.py -> /home/saitama1/ros2_foxy/install/rosidl_runtime_py/lib/python3.8/site-packages/rosidl_runtime_py
copying /home/saitama1/ros2_foxy/build/rosidl_runtime_py/build/lib/rosidl_runtime_py/set_message.py -> /home/saitama1/ros2_foxy/install/rosidl_runtime_py/lib/python3.8/site-packages/rosidl_runtime_py
copying /home/saitama1/ros2_foxy/build/rosidl_runtime_py/build/lib/rosidl_runtime_py/get_interfaces.py -> /home/saitama1/ros2_foxy/install/rosidl_runtime_py/lib/python3.8/site-packages/rosidl_runtime_py
copying /home/saitama1/ros2_foxy/build/rosidl_runtime_py/build/lib/rosidl_runtime_py/convert.py -> /home/saitama1/ros2_foxy/install/rosidl_runtime_py/lib/python3.8/site-packages/rosidl_runtime_py
copying /home/saitama1/ros2_foxy/build/rosidl_runtime_py/build/lib/rosidl_runtime_py/import_message.py -> /home/saitama1/ros2_foxy/install/rosidl_runtime_py/lib/python3.8/site-packages/rosidl_runtime_py
byte-compiling /home/saitama1/ros2_foxy/install/rosidl_runtime_py/lib/python3.8/site-packages/rosidl_runtime_py/utilities.py to utilities.cpython-38.pyc
byte-compiling /home/saitama1/ros2_foxy/install/rosidl_runtime_py/lib/python3.8/site-packages/rosidl_runtime_py/__init__.py to __init__.cpython-38.pyc
byte-compiling /home/saitama1/ros2_foxy/install/rosidl_runtime_py/lib/python3.8/site-packages/rosidl_runtime_py/set_message.py to set_message.cpython-38.pyc
byte-compiling /home/saitama1/ros2_foxy/install/rosidl_runtime_py/lib/python3.8/site-packages/rosidl_runtime_py/get_interfaces.py to get_interfaces.cpython-38.pyc
byte-compiling /home/saitama1/ros2_foxy/install/rosidl_runtime_py/lib/python3.8/site-packages/rosidl_runtime_py/convert.py to convert.cpython-38.pyc
byte-compiling /home/saitama1/ros2_foxy/install/rosidl_runtime_py/lib/python3.8/site-packages/rosidl_runtime_py/import_message.py to import_message.cpython-38.pyc
running install_data
copying package.xml -> /home/saitama1/ros2_foxy/install/rosidl_runtime_py/share/rosidl_runtime_py
creating /home/saitama1/ros2_foxy/install/rosidl_runtime_py/share/ament_index
creating /home/saitama1/ros2_foxy/install/rosidl_runtime_py/share/ament_index/resource_index
creating /home/saitama1/ros2_foxy/install/rosidl_runtime_py/share/ament_index/resource_index/packages
copying resource/rosidl_runtime_py -> /home/saitama1/ros2_foxy/install/rosidl_runtime_py/share/ament_index/resource_index/packages
running install_egg_info
Copying ../../../build/rosidl_runtime_py/rosidl_runtime_py.egg-info to /home/saitama1/ros2_foxy/install/rosidl_runtime_py/lib/python3.8/site-packages/rosidl_runtime_py-0.9.1-py3.8.egg-info
running install_scripts
writing list of installed files to '/home/saitama1/ros2_foxy/build/rosidl_runtime_py/install.log'
