-- Found ament_cmake: 0.9.8 (/home/saitama1/ros2_foxy/install/ament_cmake/share/ament_cmake/cmake)
-- Found PythonInterp: /usr/bin/python3 (found suitable version "3.8.10", minimum required is "3") 
-- Using PYTHON_EXECUTABLE: /usr/bin/python3
-- Override CMake install command with custom implementation using symlinks instead of copying resources
-- Found rosidl_default_generators: 1.0.1 (/home/saitama1/ros2_foxy/install/rosidl_default_generators/share/rosidl_default_generators/cmake)
-- Using all available rosidl_typesupport_c: rosidl_typesupport_introspection_c;rosidl_typesupport_fastrtps_c
-- Found rosidl_adapter: 1.2.1 (/home/saitama1/ros2_foxy/install/rosidl_adapter/share/rosidl_adapter/cmake)
-- Using all available rosidl_typesupport_cpp: rosidl_typesupport_introspection_cpp;rosidl_typesupport_fastrtps_cpp
-- Found sensor_msgs: 2.0.4 (/home/saitama1/ros2_foxy/install/sensor_msgs/share/sensor_msgs/cmake)
-- Found PythonInterp: /usr/bin/python3 (found version "3.8.10") 
-- Found ament_cmake_cppcheck: 0.9.6 (/home/saitama1/ros2_foxy/install/ament_cmake_cppcheck/share/ament_cmake_cppcheck/cmake)
-- Found ament_cmake_cpplint: 0.9.6 (/home/saitama1/ros2_foxy/install/ament_cmake_cpplint/share/ament_cmake_cpplint/cmake)
-- Found ament_cmake_uncrustify: 0.9.6 (/home/saitama1/ros2_foxy/install/ament_cmake_uncrustify/share/ament_cmake_uncrustify/cmake)
-- Found ament_cmake_ros: 0.9.2 (/home/saitama1/ros2_foxy/install/ament_cmake_ros/share/ament_cmake_ros/cmake)
-- Using all available rosidl_typesupport_c: rosidl_typesupport_introspection_c;rosidl_typesupport_fastrtps_c
-- Using all available rosidl_typesupport_cpp: rosidl_typesupport_introspection_cpp;rosidl_typesupport_fastrtps_cpp
-- Found PythonInterp: /usr/bin/python3 (found suitable version "3.8.10", minimum required is "3.5") 
-- Found python_cmake_module: 0.8.1 (/home/saitama1/ros2_foxy/install/python_cmake_module/share/python_cmake_module/cmake)
-- Using PYTHON_EXECUTABLE: /usr/bin/python3
-- Using PYTHON_INCLUDE_DIRS: /usr/include/python3.8
-- Using PYTHON_LIBRARIES: /usr/lib/x86_64-linux-gnu/libpython3.8.so
-- Found ament_cmake_flake8: 0.9.6 (/home/saitama1/ros2_foxy/install/ament_cmake_flake8/share/ament_cmake_flake8/cmake)
-- Found ament_cmake_pep257: 0.9.6 (/home/saitama1/ros2_foxy/install/ament_cmake_pep257/share/ament_cmake_pep257/cmake)
-- Configuring done
-- Generating done
-- Build files have been written to: /home/saitama1/ros2_foxy/build/pcl_msgs
[  1%] [32m[1mLinking C shared library libpcl_msgs__rosidl_generator_c.so[0m
[ 11%] Built target pcl_msgs__rosidl_generator_c
[ 12%] Built target pcl_msgs__cpp
[ 14%] [32m[1mLinking C shared library libpcl_msgs__rosidl_typesupport_introspection_c.so[0m
[ 23%] Built target pcl_msgs__rosidl_typesupport_introspection_c
[35m[1mScanning dependencies of target pcl_msgs__rosidl_typesupport_cpp[0m
[ 25%] [32mBuilding CXX object CMakeFiles/pcl_msgs__rosidl_typesupport_cpp.dir/rosidl_typesupport_cpp/pcl_msgs/msg/model_coefficients__type_support.cpp.o[0m
[ 26%] [32mBuilding CXX object CMakeFiles/pcl_msgs__rosidl_typesupport_cpp.dir/rosidl_typesupport_cpp/pcl_msgs/srv/update_filename__type_support.cpp.o[0m
[ 28%] [32mBuilding CXX object CMakeFiles/pcl_msgs__rosidl_typesupport_cpp.dir/rosidl_typesupport_cpp/pcl_msgs/msg/vertices__type_support.cpp.o[0m
[ 30%] [32mBuilding CXX object CMakeFiles/pcl_msgs__rosidl_typesupport_cpp.dir/rosidl_typesupport_cpp/pcl_msgs/msg/polygon_mesh__type_support.cpp.o[0m
[ 31%] [32mBuilding CXX object CMakeFiles/pcl_msgs__rosidl_typesupport_cpp.dir/rosidl_typesupport_cpp/pcl_msgs/msg/point_indices__type_support.cpp.o[0m
[ 33%] [32m[1mLinking CXX shared library libpcl_msgs__rosidl_typesupport_cpp.so[0m
[ 34%] Built target pcl_msgs__rosidl_typesupport_cpp
[ 36%] [32m[1mLinking CXX shared library libpcl_msgs__rosidl_typesupport_introspection_cpp.so[0m
[ 46%] Built target pcl_msgs__rosidl_typesupport_introspection_cpp
[ 47%] [32m[1mLinking CXX shared library libpcl_msgs__rosidl_typesupport_fastrtps_cpp.so[0m
[ 57%] Built target pcl_msgs__rosidl_typesupport_fastrtps_cpp
[ 58%] [34m[1mGenerating C type support dispatch for ROS interfaces[0m
[35m[1mScanning dependencies of target pcl_msgs__rosidl_typesupport_c[0m
[ 60%] [32mBuilding CXX object CMakeFiles/pcl_msgs__rosidl_typesupport_c.dir/rosidl_typesupport_c/pcl_msgs/msg/model_coefficients__type_support.cpp.o[0m
[ 61%] [32mBuilding CXX object CMakeFiles/pcl_msgs__rosidl_typesupport_c.dir/rosidl_typesupport_c/pcl_msgs/srv/update_filename__type_support.cpp.o[0m
[ 63%] [32mBuilding CXX object CMakeFiles/pcl_msgs__rosidl_typesupport_c.dir/rosidl_typesupport_c/pcl_msgs/msg/vertices__type_support.cpp.o[0m
[ 65%] [32mBuilding CXX object CMakeFiles/pcl_msgs__rosidl_typesupport_c.dir/rosidl_typesupport_c/pcl_msgs/msg/polygon_mesh__type_support.cpp.o[0m
[ 66%] [32mBuilding CXX object CMakeFiles/pcl_msgs__rosidl_typesupport_c.dir/rosidl_typesupport_c/pcl_msgs/msg/point_indices__type_support.cpp.o[0m
[ 68%] [32m[1mLinking CXX shared library libpcl_msgs__rosidl_typesupport_c.so[0m
[ 68%] Built target pcl_msgs__rosidl_typesupport_c
[ 69%] [32m[1mLinking CXX shared library libpcl_msgs__rosidl_typesupport_fastrtps_c.so[0m
[ 79%] Built target pcl_msgs__rosidl_typesupport_fastrtps_c
[ 79%] Built target pcl_msgs
[35m[1mScanning dependencies of target pcl_msgs__py[0m
[ 80%] Built target pcl_msgs__py
[ 82%] [32m[1mLinking C shared library rosidl_generator_py/pcl_msgs/libpcl_msgs__python.so[0m
[ 90%] Built target pcl_msgs__python
[ 92%] [32m[1mLinking C shared library rosidl_generator_py/pcl_msgs/pcl_msgs_s__rosidl_typesupport_c.cpython-38-x86_64-linux-gnu.so[0m
[ 93%] Built target pcl_msgs__rosidl_typesupport_c__pyext
[ 95%] [32m[1mLinking C shared library rosidl_generator_py/pcl_msgs/pcl_msgs_s__rosidl_typesupport_introspection_c.cpython-38-x86_64-linux-gnu.so[0m
[ 96%] Built target pcl_msgs__rosidl_typesupport_introspection_c__pyext
[35m[1mScanning dependencies of target pcl_msgs__rosidl_typesupport_fastrtps_c__pyext[0m
[ 98%] [32mBuilding C object CMakeFiles/pcl_msgs__rosidl_typesupport_fastrtps_c__pyext.dir/rosidl_generator_py/pcl_msgs/_pcl_msgs_s.ep.rosidl_typesupport_fastrtps_c.c.o[0m
[100%] [32m[1mLinking CXX shared library rosidl_generator_py/pcl_msgs/pcl_msgs_s__rosidl_typesupport_fastrtps_c.cpython-38-x86_64-linux-gnu.so[0m
[100%] Built target pcl_msgs__rosidl_typesupport_fastrtps_c__pyext
-- Install configuration: ""
-- Execute custom install script
-- Symlinking: /home/saitama1/ros2_foxy/install/pcl_msgs/share/ament_index/resource_index/rosidl_interfaces/pcl_msgs
-- Symlinking: /home/saitama1/ros2_foxy/install/pcl_msgs/include/pcl_msgs/msg/detail/model_coefficients__functions.h
-- Symlinking: /home/saitama1/ros2_foxy/install/pcl_msgs/include/pcl_msgs/msg/detail/model_coefficients__struct.h
-- Symlinking: /home/saitama1/ros2_foxy/install/pcl_msgs/include/pcl_msgs/msg/detail/model_coefficients__type_support.h
-- Symlinking: /home/saitama1/ros2_foxy/install/pcl_msgs/include/pcl_msgs/msg/detail/point_indices__functions.h
-- Symlinking: /home/saitama1/ros2_foxy/install/pcl_msgs/include/pcl_msgs/msg/detail/point_indices__struct.h
-- Symlinking: /home/saitama1/ros2_foxy/install/pcl_msgs/include/pcl_msgs/msg/detail/point_indices__type_support.h
-- Symlinking: /home/saitama1/ros2_foxy/install/pcl_msgs/include/pcl_msgs/msg/detail/polygon_mesh__functions.h
-- Symlinking: /home/saitama1/ros2_foxy/install/pcl_msgs/include/pcl_msgs/msg/detail/polygon_mesh__struct.h
-- Symlinking: /home/saitama1/ros2_foxy/install/pcl_msgs/include/pcl_msgs/msg/detail/polygon_mesh__type_support.h
-- Symlinking: /home/saitama1/ros2_foxy/install/pcl_msgs/include/pcl_msgs/msg/detail/vertices__functions.h
-- Symlinking: /home/saitama1/ros2_foxy/install/pcl_msgs/include/pcl_msgs/msg/detail/vertices__struct.h
-- Symlinking: /home/saitama1/ros2_foxy/install/pcl_msgs/include/pcl_msgs/msg/detail/vertices__type_support.h
-- Symlinking: /home/saitama1/ros2_foxy/install/pcl_msgs/include/pcl_msgs/msg/model_coefficients.h
-- Symlinking: /home/saitama1/ros2_foxy/install/pcl_msgs/include/pcl_msgs/msg/point_indices.h
-- Symlinking: /home/saitama1/ros2_foxy/install/pcl_msgs/include/pcl_msgs/msg/polygon_mesh.h
-- Symlinking: /home/saitama1/ros2_foxy/install/pcl_msgs/include/pcl_msgs/msg/rosidl_generator_c__visibility_control.h
-- Symlinking: /home/saitama1/ros2_foxy/install/pcl_msgs/include/pcl_msgs/msg/vertices.h
-- Symlinking: /home/saitama1/ros2_foxy/install/pcl_msgs/include/pcl_msgs/srv/detail/update_filename__functions.h
-- Symlinking: /home/saitama1/ros2_foxy/install/pcl_msgs/include/pcl_msgs/srv/detail/update_filename__struct.h
-- Symlinking: /home/saitama1/ros2_foxy/install/pcl_msgs/include/pcl_msgs/srv/detail/update_filename__type_support.h
-- Symlinking: /home/saitama1/ros2_foxy/install/pcl_msgs/include/pcl_msgs/srv/update_filename.h
-- Symlinking: /home/saitama1/ros2_foxy/install/pcl_msgs/share/pcl_msgs/environment/library_path.sh
-- Symlinking: /home/saitama1/ros2_foxy/install/pcl_msgs/share/pcl_msgs/environment/library_path.dsv
-- Symlinking: /home/saitama1/ros2_foxy/install/pcl_msgs/include/pcl_msgs/msg/detail/model_coefficients__rosidl_typesupport_introspection_c.h
-- Symlinking: /home/saitama1/ros2_foxy/install/pcl_msgs/include/pcl_msgs/msg/detail/point_indices__rosidl_typesupport_introspection_c.h
-- Symlinking: /home/saitama1/ros2_foxy/install/pcl_msgs/include/pcl_msgs/msg/detail/polygon_mesh__rosidl_typesupport_introspection_c.h
-- Symlinking: /home/saitama1/ros2_foxy/install/pcl_msgs/include/pcl_msgs/msg/detail/vertices__rosidl_typesupport_introspection_c.h
-- Symlinking: /home/saitama1/ros2_foxy/install/pcl_msgs/include/pcl_msgs/msg/rosidl_typesupport_introspection_c__visibility_control.h
-- Symlinking: /home/saitama1/ros2_foxy/install/pcl_msgs/include/pcl_msgs/srv/detail/update_filename__rosidl_typesupport_introspection_c.h
-- Symlinking: /home/saitama1/ros2_foxy/install/pcl_msgs/include/pcl_msgs/msg/detail/model_coefficients__rosidl_typesupport_fastrtps_c.h
-- Symlinking: /home/saitama1/ros2_foxy/install/pcl_msgs/include/pcl_msgs/msg/detail/point_indices__rosidl_typesupport_fastrtps_c.h
-- Symlinking: /home/saitama1/ros2_foxy/install/pcl_msgs/include/pcl_msgs/msg/detail/polygon_mesh__rosidl_typesupport_fastrtps_c.h
-- Symlinking: /home/saitama1/ros2_foxy/install/pcl_msgs/include/pcl_msgs/msg/detail/vertices__rosidl_typesupport_fastrtps_c.h
-- Symlinking: /home/saitama1/ros2_foxy/install/pcl_msgs/include/pcl_msgs/msg/rosidl_typesupport_fastrtps_c__visibility_control.h
-- Symlinking: /home/saitama1/ros2_foxy/install/pcl_msgs/include/pcl_msgs/srv/detail/update_filename__rosidl_typesupport_fastrtps_c.h
-- Symlinking: /home/saitama1/ros2_foxy/install/pcl_msgs/lib/libpcl_msgs__rosidl_typesupport_fastrtps_c.so
-- Symlinking: /home/saitama1/ros2_foxy/install/pcl_msgs/include/pcl_msgs/msg/detail/model_coefficients__rosidl_typesupport_fastrtps_cpp.hpp
-- Symlinking: /home/saitama1/ros2_foxy/install/pcl_msgs/include/pcl_msgs/msg/detail/point_indices__rosidl_typesupport_fastrtps_cpp.hpp
-- Symlinking: /home/saitama1/ros2_foxy/install/pcl_msgs/include/pcl_msgs/msg/detail/polygon_mesh__rosidl_typesupport_fastrtps_cpp.hpp
-- Symlinking: /home/saitama1/ros2_foxy/install/pcl_msgs/include/pcl_msgs/msg/detail/vertices__rosidl_typesupport_fastrtps_cpp.hpp
-- Symlinking: /home/saitama1/ros2_foxy/install/pcl_msgs/include/pcl_msgs/msg/rosidl_typesupport_fastrtps_cpp__visibility_control.h
-- Symlinking: /home/saitama1/ros2_foxy/install/pcl_msgs/include/pcl_msgs/srv/detail/update_filename__rosidl_typesupport_fastrtps_cpp.hpp
-- Symlinking: /home/saitama1/ros2_foxy/install/pcl_msgs/lib/libpcl_msgs__rosidl_typesupport_fastrtps_cpp.so
-- Symlinking: /home/saitama1/ros2_foxy/install/pcl_msgs/include/pcl_msgs/msg/detail/model_coefficients__builder.hpp
-- Symlinking: /home/saitama1/ros2_foxy/install/pcl_msgs/include/pcl_msgs/msg/detail/model_coefficients__struct.hpp
-- Symlinking: /home/saitama1/ros2_foxy/install/pcl_msgs/include/pcl_msgs/msg/detail/model_coefficients__traits.hpp
-- Symlinking: /home/saitama1/ros2_foxy/install/pcl_msgs/include/pcl_msgs/msg/detail/point_indices__builder.hpp
-- Symlinking: /home/saitama1/ros2_foxy/install/pcl_msgs/include/pcl_msgs/msg/detail/point_indices__struct.hpp
-- Symlinking: /home/saitama1/ros2_foxy/install/pcl_msgs/include/pcl_msgs/msg/detail/point_indices__traits.hpp
-- Symlinking: /home/saitama1/ros2_foxy/install/pcl_msgs/include/pcl_msgs/msg/detail/polygon_mesh__builder.hpp
-- Symlinking: /home/saitama1/ros2_foxy/install/pcl_msgs/include/pcl_msgs/msg/detail/polygon_mesh__struct.hpp
-- Symlinking: /home/saitama1/ros2_foxy/install/pcl_msgs/include/pcl_msgs/msg/detail/polygon_mesh__traits.hpp
-- Symlinking: /home/saitama1/ros2_foxy/install/pcl_msgs/include/pcl_msgs/msg/detail/vertices__builder.hpp
-- Symlinking: /home/saitama1/ros2_foxy/install/pcl_msgs/include/pcl_msgs/msg/detail/vertices__struct.hpp
-- Symlinking: /home/saitama1/ros2_foxy/install/pcl_msgs/include/pcl_msgs/msg/detail/vertices__traits.hpp
-- Symlinking: /home/saitama1/ros2_foxy/install/pcl_msgs/include/pcl_msgs/msg/model_coefficients.hpp
-- Symlinking: /home/saitama1/ros2_foxy/install/pcl_msgs/include/pcl_msgs/msg/point_indices.hpp
-- Symlinking: /home/saitama1/ros2_foxy/install/pcl_msgs/include/pcl_msgs/msg/polygon_mesh.hpp
-- Symlinking: /home/saitama1/ros2_foxy/install/pcl_msgs/include/pcl_msgs/msg/vertices.hpp
-- Symlinking: /home/saitama1/ros2_foxy/install/pcl_msgs/include/pcl_msgs/srv/detail/update_filename__builder.hpp
-- Symlinking: /home/saitama1/ros2_foxy/install/pcl_msgs/include/pcl_msgs/srv/detail/update_filename__struct.hpp
-- Symlinking: /home/saitama1/ros2_foxy/install/pcl_msgs/include/pcl_msgs/srv/detail/update_filename__traits.hpp
-- Symlinking: /home/saitama1/ros2_foxy/install/pcl_msgs/include/pcl_msgs/srv/update_filename.hpp
-- Symlinking: /home/saitama1/ros2_foxy/install/pcl_msgs/include/pcl_msgs/msg/detail/model_coefficients__rosidl_typesupport_introspection_cpp.hpp
-- Symlinking: /home/saitama1/ros2_foxy/install/pcl_msgs/include/pcl_msgs/msg/detail/point_indices__rosidl_typesupport_introspection_cpp.hpp
-- Symlinking: /home/saitama1/ros2_foxy/install/pcl_msgs/include/pcl_msgs/msg/detail/polygon_mesh__rosidl_typesupport_introspection_cpp.hpp
-- Symlinking: /home/saitama1/ros2_foxy/install/pcl_msgs/include/pcl_msgs/msg/detail/vertices__rosidl_typesupport_introspection_cpp.hpp
-- Symlinking: /home/saitama1/ros2_foxy/install/pcl_msgs/include/pcl_msgs/srv/detail/update_filename__rosidl_typesupport_introspection_cpp.hpp
-- Symlinking: /home/saitama1/ros2_foxy/install/pcl_msgs/share/pcl_msgs/environment/pythonpath.sh
-- Symlinking: /home/saitama1/ros2_foxy/install/pcl_msgs/share/pcl_msgs/environment/pythonpath.dsv
-- Symlinking: /home/saitama1/ros2_foxy/install/pcl_msgs/lib/python3.8/site-packages/pcl_msgs/__init__.py
-- Symlinking: /home/saitama1/ros2_foxy/install/pcl_msgs/lib/python3.8/site-packages/pcl_msgs/msg/__init__.py
-- Symlinking: /home/saitama1/ros2_foxy/install/pcl_msgs/lib/python3.8/site-packages/pcl_msgs/msg/_model_coefficients.py
-- Symlinking: /home/saitama1/ros2_foxy/install/pcl_msgs/lib/python3.8/site-packages/pcl_msgs/msg/_point_indices.py
-- Symlinking: /home/saitama1/ros2_foxy/install/pcl_msgs/lib/python3.8/site-packages/pcl_msgs/msg/_polygon_mesh.py
-- Symlinking: /home/saitama1/ros2_foxy/install/pcl_msgs/lib/python3.8/site-packages/pcl_msgs/msg/_vertices.py
-- Symlinking: /home/saitama1/ros2_foxy/install/pcl_msgs/lib/python3.8/site-packages/pcl_msgs/srv/__init__.py
-- Symlinking: /home/saitama1/ros2_foxy/install/pcl_msgs/lib/python3.8/site-packages/pcl_msgs/srv/_update_filename.py
-- Symlinking: /home/saitama1/ros2_foxy/install/pcl_msgs/lib/python3.8/site-packages/pcl_msgs/pcl_msgs_s__rosidl_typesupport_introspection_c.cpython-38-x86_64-linux-gnu.so
-- Symlinking: /home/saitama1/ros2_foxy/install/pcl_msgs/lib/python3.8/site-packages/pcl_msgs/pcl_msgs_s__rosidl_typesupport_fastrtps_c.cpython-38-x86_64-linux-gnu.so
-- Symlinking: /home/saitama1/ros2_foxy/install/pcl_msgs/lib/python3.8/site-packages/pcl_msgs/pcl_msgs_s__rosidl_typesupport_c.cpython-38-x86_64-linux-gnu.so
-- Symlinking: /home/saitama1/ros2_foxy/install/pcl_msgs/lib/libpcl_msgs__python.so
-- Symlinking: /home/saitama1/ros2_foxy/install/pcl_msgs/share/pcl_msgs/msg/ModelCoefficients.idl
-- Symlinking: /home/saitama1/ros2_foxy/install/pcl_msgs/share/pcl_msgs/msg/PointIndices.idl
-- Symlinking: /home/saitama1/ros2_foxy/install/pcl_msgs/share/pcl_msgs/msg/PolygonMesh.idl
-- Symlinking: /home/saitama1/ros2_foxy/install/pcl_msgs/share/pcl_msgs/msg/Vertices.idl
-- Symlinking: /home/saitama1/ros2_foxy/install/pcl_msgs/share/pcl_msgs/srv/UpdateFilename.idl
-- Symlinking: /home/saitama1/ros2_foxy/install/pcl_msgs/share/pcl_msgs/msg/ModelCoefficients.msg
-- Symlinking: /home/saitama1/ros2_foxy/install/pcl_msgs/share/pcl_msgs/msg/PointIndices.msg
-- Symlinking: /home/saitama1/ros2_foxy/install/pcl_msgs/share/pcl_msgs/msg/PolygonMesh.msg
-- Symlinking: /home/saitama1/ros2_foxy/install/pcl_msgs/share/pcl_msgs/msg/Vertices.msg
-- Symlinking: /home/saitama1/ros2_foxy/install/pcl_msgs/share/pcl_msgs/srv/UpdateFilename.srv
-- Symlinking: /home/saitama1/ros2_foxy/install/pcl_msgs/share/pcl_msgs/srv/UpdateFilename_Request.msg
-- Symlinking: /home/saitama1/ros2_foxy/install/pcl_msgs/share/pcl_msgs/srv/UpdateFilename_Response.msg
-- Symlinking: /home/saitama1/ros2_foxy/install/pcl_msgs/share/ament_index/resource_index/package_run_dependencies/pcl_msgs
-- Symlinking: /home/saitama1/ros2_foxy/install/pcl_msgs/share/ament_index/resource_index/parent_prefix_path/pcl_msgs
-- Symlinking: /home/saitama1/ros2_foxy/install/pcl_msgs/share/pcl_msgs/environment/ament_prefix_path.sh
-- Symlinking: /home/saitama1/ros2_foxy/install/pcl_msgs/share/pcl_msgs/environment/ament_prefix_path.dsv
-- Symlinking: /home/saitama1/ros2_foxy/install/pcl_msgs/share/pcl_msgs/environment/path.sh
-- Symlinking: /home/saitama1/ros2_foxy/install/pcl_msgs/share/pcl_msgs/environment/path.dsv
-- Symlinking: /home/saitama1/ros2_foxy/install/pcl_msgs/share/pcl_msgs/local_setup.bash
-- Symlinking: /home/saitama1/ros2_foxy/install/pcl_msgs/share/pcl_msgs/local_setup.sh
-- Symlinking: /home/saitama1/ros2_foxy/install/pcl_msgs/share/pcl_msgs/local_setup.zsh
-- Symlinking: /home/saitama1/ros2_foxy/install/pcl_msgs/share/pcl_msgs/local_setup.dsv
-- Symlinking: /home/saitama1/ros2_foxy/install/pcl_msgs/share/pcl_msgs/package.dsv
-- Symlinking: /home/saitama1/ros2_foxy/install/pcl_msgs/share/ament_index/resource_index/packages/pcl_msgs
-- Symlinking: /home/saitama1/ros2_foxy/install/pcl_msgs/share/pcl_msgs/cmake/rosidl_cmake-extras.cmake
-- Symlinking: /home/saitama1/ros2_foxy/install/pcl_msgs/share/pcl_msgs/cmake/ament_cmake_export_dependencies-extras.cmake
-- Symlinking: /home/saitama1/ros2_foxy/install/pcl_msgs/share/pcl_msgs/cmake/ament_cmake_export_libraries-extras.cmake
-- Symlinking: /home/saitama1/ros2_foxy/install/pcl_msgs/share/pcl_msgs/cmake/ament_cmake_export_targets-extras.cmake
-- Symlinking: /home/saitama1/ros2_foxy/install/pcl_msgs/share/pcl_msgs/cmake/ament_cmake_export_include_directories-extras.cmake
-- Symlinking: /home/saitama1/ros2_foxy/install/pcl_msgs/share/pcl_msgs/cmake/rosidl_cmake_export_typesupport_targets-extras.cmake
-- Symlinking: /home/saitama1/ros2_foxy/install/pcl_msgs/share/pcl_msgs/cmake/rosidl_cmake_export_typesupport_libraries-extras.cmake
-- Symlinking: /home/saitama1/ros2_foxy/install/pcl_msgs/share/pcl_msgs/cmake/pcl_msgsConfig.cmake
-- Symlinking: /home/saitama1/ros2_foxy/install/pcl_msgs/share/pcl_msgs/cmake/pcl_msgsConfig-version.cmake
-- Symlinking: /home/saitama1/ros2_foxy/install/pcl_msgs/share/pcl_msgs/package.xml
-- Installing: /home/saitama1/ros2_foxy/install/pcl_msgs/lib/libpcl_msgs__rosidl_generator_c.so
-- Set runtime path of "/home/saitama1/ros2_foxy/install/pcl_msgs/lib/libpcl_msgs__rosidl_generator_c.so" to ""
-- Installing: /home/saitama1/ros2_foxy/install/pcl_msgs/lib/libpcl_msgs__rosidl_typesupport_introspection_c.so
-- Set runtime path of "/home/saitama1/ros2_foxy/install/pcl_msgs/lib/libpcl_msgs__rosidl_typesupport_introspection_c.so" to ""
-- Installing: /home/saitama1/ros2_foxy/install/pcl_msgs/lib/libpcl_msgs__rosidl_typesupport_c.so
-- Set runtime path of "/home/saitama1/ros2_foxy/install/pcl_msgs/lib/libpcl_msgs__rosidl_typesupport_c.so" to ""
-- Installing: /home/saitama1/ros2_foxy/install/pcl_msgs/lib/libpcl_msgs__rosidl_typesupport_introspection_cpp.so
-- Set runtime path of "/home/saitama1/ros2_foxy/install/pcl_msgs/lib/libpcl_msgs__rosidl_typesupport_introspection_cpp.so" to ""
-- Installing: /home/saitama1/ros2_foxy/install/pcl_msgs/lib/libpcl_msgs__rosidl_typesupport_cpp.so
-- Set runtime path of "/home/saitama1/ros2_foxy/install/pcl_msgs/lib/libpcl_msgs__rosidl_typesupport_cpp.so" to ""
Compiling '/home/saitama1/ros2_foxy/install/pcl_msgs/lib/python3.8/site-packages/pcl_msgs/__init__.py'...
-- Up-to-date: /home/saitama1/ros2_foxy/install/pcl_msgs/share/pcl_msgs/cmake/pcl_msgs__rosidl_generator_cExport.cmake
-- Installing: /home/saitama1/ros2_foxy/install/pcl_msgs/share/pcl_msgs/cmake/pcl_msgs__rosidl_generator_cExport-noconfig.cmake
-- Up-to-date: /home/saitama1/ros2_foxy/install/pcl_msgs/share/pcl_msgs/cmake/pcl_msgs__rosidl_typesupport_introspection_cExport.cmake
-- Installing: /home/saitama1/ros2_foxy/install/pcl_msgs/share/pcl_msgs/cmake/pcl_msgs__rosidl_typesupport_introspection_cExport-noconfig.cmake
-- Up-to-date: /home/saitama1/ros2_foxy/install/pcl_msgs/share/pcl_msgs/cmake/pcl_msgs__rosidl_typesupport_cExport.cmake
-- Installing: /home/saitama1/ros2_foxy/install/pcl_msgs/share/pcl_msgs/cmake/pcl_msgs__rosidl_typesupport_cExport-noconfig.cmake
-- Up-to-date: /home/saitama1/ros2_foxy/install/pcl_msgs/share/pcl_msgs/cmake/pcl_msgs__rosidl_generator_cppExport.cmake
-- Up-to-date: /home/saitama1/ros2_foxy/install/pcl_msgs/share/pcl_msgs/cmake/pcl_msgs__rosidl_typesupport_introspection_cppExport.cmake
-- Installing: /home/saitama1/ros2_foxy/install/pcl_msgs/share/pcl_msgs/cmake/pcl_msgs__rosidl_typesupport_introspection_cppExport-noconfig.cmake
-- Up-to-date: /home/saitama1/ros2_foxy/install/pcl_msgs/share/pcl_msgs/cmake/pcl_msgs__rosidl_typesupport_cppExport.cmake
-- Installing: /home/saitama1/ros2_foxy/install/pcl_msgs/share/pcl_msgs/cmake/pcl_msgs__rosidl_typesupport_cppExport-noconfig.cmake
