[12.729s] Invoking command in '/home/saitama1/ros2_foxy/src/ros-tracing/ros2_tracing/tracetools_trace': AMENT_PREFIX_PATH=/home/saitama1/ros2_foxy/install/ament_xmllint:/home/saitama1/ros2_foxy/install/ament_copyright:/home/saitama1/ros2_foxy/install/ament_pep257:/home/saitama1/ros2_foxy/install/ament_mypy:/home/saitama1/ros2_foxy/install/ament_flake8:/home/saitama1/ros2_foxy/install/ament_lint:/home/saitama1/ros2_foxy/install/test_interface_files:/home/saitama1/ros2_foxy/install/ros_environment:/home/saitama1/ros2_foxy/install/osrf_pycommon:/home/saitama1/ros2_foxy/install/ament_pyflakes:/home/saitama1/ros2_foxy/install/ament_pycodestyle:/home/saitama1/ros2_foxy/install/ament_cmake_version:/home/saitama1/ros2_foxy/install/ament_cmake_test:/home/saitama1/ros2_foxy/install/ament_cmake_target_dependencies:/home/saitama1/ros2_foxy/install/ament_cmake_python:/home/saitama1/ros2_foxy/install/ament_cmake_export_dependencies:/home/saitama1/ros2_foxy/install/ament_cmake_libraries:/home/saitama1/ros2_foxy/install/ament_cmake_include_directories:/home/saitama1/ros2_foxy/install/ament_cmake_export_targets:/home/saitama1/ros2_foxy/install/ament_cmake_export_link_flags:/home/saitama1/ros2_foxy/install/ament_cmake_export_interfaces:/home/saitama1/ros2_foxy/install/ament_cmake_export_libraries:/home/saitama1/ros2_foxy/install/ament_cmake_export_include_directories:/home/saitama1/ros2_foxy/install/ament_cmake_export_definitions:/home/saitama1/ros2_foxy/install/ament_cmake_core:/home/saitama1/ros2_foxy/install/ament_package:/home/saitama1/ros2_foxy/install/ament_cppcheck PATH=/home/saitama1/ros2_foxy/install/ament_xmllint/bin:/home/saitama1/ros2_foxy/install/ament_copyright/bin:/home/saitama1/ros2_foxy/install/ament_pep257/bin:/home/saitama1/ros2_foxy/install/ament_mypy/bin:/home/saitama1/ros2_foxy/install/ament_flake8/bin:/home/saitama1/ros2_foxy/install/ament_pyflakes/bin:/home/saitama1/ros2_foxy/install/ament_pycodestyle/bin:/home/saitama1/ros2_foxy/install/ament_cppcheck/bin:/home/saitama1/.local/bin:/usr/local/sbin:/usr/local/bin:/usr/sbin:/usr/bin:/sbin:/bin:/usr/games:/usr/local/games:/snap/bin PYTHONPATH=/home/saitama1/ros2_foxy/install/tracetools_trace/lib/python3.8/site-packages:/home/saitama1/ros2_foxy/install/ament_xmllint/lib/python3.8/site-packages:/home/saitama1/ros2_foxy/install/ament_copyright/lib/python3.8/site-packages:/home/saitama1/ros2_foxy/install/ament_pep257/lib/python3.8/site-packages:/home/saitama1/ros2_foxy/install/ament_mypy/lib/python3.8/site-packages:/home/saitama1/ros2_foxy/install/ament_flake8/lib/python3.8/site-packages:/home/saitama1/ros2_foxy/install/ament_lint/lib/python3.8/site-packages:/home/saitama1/ros2_foxy/install/osrf_pycommon/lib/python3.8/site-packages:/home/saitama1/ros2_foxy/install/ament_pyflakes/lib/python3.8/site-packages:/home/saitama1/ros2_foxy/install/ament_pycodestyle/lib/python3.8/site-packages:/home/saitama1/ros2_foxy/install/ament_cmake_test/lib/python3.8/site-packages:/home/saitama1/ros2_foxy/install/ament_package/lib/python3.8/site-packages:/home/saitama1/ros2_foxy/install/ament_cppcheck/lib/python3.8/site-packages /usr/bin/python3 setup.py egg_info --egg-base ../../../../build/tracetools_trace build --build-base /home/saitama1/ros2_foxy/build/tracetools_trace/build install --prefix /home/saitama1/ros2_foxy/install/tracetools_trace --record /home/saitama1/ros2_foxy/build/tracetools_trace/install.log --single-version-externally-managed
[12.896s] running egg_info
[12.897s] creating ../../../../build/tracetools_trace/tracetools_trace.egg-info
[12.897s] writing ../../../../build/tracetools_trace/tracetools_trace.egg-info/PKG-INFO
[12.897s] writing dependency_links to ../../../../build/tracetools_trace/tracetools_trace.egg-info/dependency_links.txt
[12.897s] writing entry points to ../../../../build/tracetools_trace/tracetools_trace.egg-info/entry_points.txt
[12.897s] writing requirements to ../../../../build/tracetools_trace/tracetools_trace.egg-info/requires.txt
[12.897s] writing top-level names to ../../../../build/tracetools_trace/tracetools_trace.egg-info/top_level.txt
[12.902s] writing manifest file '../../../../build/tracetools_trace/tracetools_trace.egg-info/SOURCES.txt'
[12.943s] reading manifest file '../../../../build/tracetools_trace/tracetools_trace.egg-info/SOURCES.txt'
[12.943s] writing manifest file '../../../../build/tracetools_trace/tracetools_trace.egg-info/SOURCES.txt'
[13.048s] running build
[13.048s] running build_py
[13.048s] creating /home/saitama1/ros2_foxy/build/tracetools_trace/build
[13.048s] creating /home/saitama1/ros2_foxy/build/tracetools_trace/build/lib
[13.048s] creating /home/saitama1/ros2_foxy/build/tracetools_trace/build/lib/tracetools_trace
[13.048s] copying tracetools_trace/__init__.py -> /home/saitama1/ros2_foxy/build/tracetools_trace/build/lib/tracetools_trace
[13.048s] copying tracetools_trace/trace.py -> /home/saitama1/ros2_foxy/build/tracetools_trace/build/lib/tracetools_trace
[13.049s] creating /home/saitama1/ros2_foxy/build/tracetools_trace/build/lib/tracetools_trace/tools
[13.049s] copying tracetools_trace/tools/lttng.py -> /home/saitama1/ros2_foxy/build/tracetools_trace/build/lib/tracetools_trace/tools
[13.049s] copying tracetools_trace/tools/__init__.py -> /home/saitama1/ros2_foxy/build/tracetools_trace/build/lib/tracetools_trace/tools
[13.049s] copying tracetools_trace/tools/args.py -> /home/saitama1/ros2_foxy/build/tracetools_trace/build/lib/tracetools_trace/tools
[13.049s] copying tracetools_trace/tools/path.py -> /home/saitama1/ros2_foxy/build/tracetools_trace/build/lib/tracetools_trace/tools
[13.049s] copying tracetools_trace/tools/names.py -> /home/saitama1/ros2_foxy/build/tracetools_trace/build/lib/tracetools_trace/tools
[13.050s] copying tracetools_trace/tools/lttng_stub.py -> /home/saitama1/ros2_foxy/build/tracetools_trace/build/lib/tracetools_trace/tools
[13.051s] copying tracetools_trace/tools/lttng_impl.py -> /home/saitama1/ros2_foxy/build/tracetools_trace/build/lib/tracetools_trace/tools
[13.051s] running install
[13.052s] running install_lib
[13.060s] creating /home/saitama1/ros2_foxy/install/tracetools_trace/lib/python3.8/site-packages/tracetools_trace
[13.067s] copying /home/saitama1/ros2_foxy/build/tracetools_trace/build/lib/tracetools_trace/__init__.py -> /home/saitama1/ros2_foxy/install/tracetools_trace/lib/python3.8/site-packages/tracetools_trace
[13.068s] copying /home/saitama1/ros2_foxy/build/tracetools_trace/build/lib/tracetools_trace/trace.py -> /home/saitama1/ros2_foxy/install/tracetools_trace/lib/python3.8/site-packages/tracetools_trace
[13.069s] creating /home/saitama1/ros2_foxy/install/tracetools_trace/lib/python3.8/site-packages/tracetools_trace/tools
[13.069s] copying /home/saitama1/ros2_foxy/build/tracetools_trace/build/lib/tracetools_trace/tools/lttng.py -> /home/saitama1/ros2_foxy/install/tracetools_trace/lib/python3.8/site-packages/tracetools_trace/tools
[13.069s] copying /home/saitama1/ros2_foxy/build/tracetools_trace/build/lib/tracetools_trace/tools/__init__.py -> /home/saitama1/ros2_foxy/install/tracetools_trace/lib/python3.8/site-packages/tracetools_trace/tools
[13.070s] copying /home/saitama1/ros2_foxy/build/tracetools_trace/build/lib/tracetools_trace/tools/args.py -> /home/saitama1/ros2_foxy/install/tracetools_trace/lib/python3.8/site-packages/tracetools_trace/tools
[13.070s] copying /home/saitama1/ros2_foxy/build/tracetools_trace/build/lib/tracetools_trace/tools/path.py -> /home/saitama1/ros2_foxy/install/tracetools_trace/lib/python3.8/site-packages/tracetools_trace/tools
[13.070s] copying /home/saitama1/ros2_foxy/build/tracetools_trace/build/lib/tracetools_trace/tools/names.py -> /home/saitama1/ros2_foxy/install/tracetools_trace/lib/python3.8/site-packages/tracetools_trace/tools
[13.070s] copying /home/saitama1/ros2_foxy/build/tracetools_trace/build/lib/tracetools_trace/tools/lttng_stub.py -> /home/saitama1/ros2_foxy/install/tracetools_trace/lib/python3.8/site-packages/tracetools_trace/tools
[13.071s] copying /home/saitama1/ros2_foxy/build/tracetools_trace/build/lib/tracetools_trace/tools/lttng_impl.py -> /home/saitama1/ros2_foxy/install/tracetools_trace/lib/python3.8/site-packages/tracetools_trace/tools
[13.072s] byte-compiling /home/saitama1/ros2_foxy/install/tracetools_trace/lib/python3.8/site-packages/tracetools_trace/__init__.py to __init__.cpython-38.pyc
[13.073s] byte-compiling /home/saitama1/ros2_foxy/install/tracetools_trace/lib/python3.8/site-packages/tracetools_trace/trace.py to trace.cpython-38.pyc
[13.073s] byte-compiling /home/saitama1/ros2_foxy/install/tracetools_trace/lib/python3.8/site-packages/tracetools_trace/tools/lttng.py to lttng.cpython-38.pyc
[13.074s] byte-compiling /home/saitama1/ros2_foxy/install/tracetools_trace/lib/python3.8/site-packages/tracetools_trace/tools/__init__.py to __init__.cpython-38.pyc
[13.076s] byte-compiling /home/saitama1/ros2_foxy/install/tracetools_trace/lib/python3.8/site-packages/tracetools_trace/tools/args.py to args.cpython-38.pyc
[13.077s] byte-compiling /home/saitama1/ros2_foxy/install/tracetools_trace/lib/python3.8/site-packages/tracetools_trace/tools/path.py to path.cpython-38.pyc
[13.077s] byte-compiling /home/saitama1/ros2_foxy/install/tracetools_trace/lib/python3.8/site-packages/tracetools_trace/tools/names.py to names.cpython-38.pyc
[13.077s] byte-compiling /home/saitama1/ros2_foxy/install/tracetools_trace/lib/python3.8/site-packages/tracetools_trace/tools/lttng_stub.py to lttng_stub.cpython-38.pyc
[13.077s] byte-compiling /home/saitama1/ros2_foxy/install/tracetools_trace/lib/python3.8/site-packages/tracetools_trace/tools/lttng_impl.py to lttng_impl.cpython-38.pyc
[13.080s] running install_data
[13.080s] copying package.xml -> /home/saitama1/ros2_foxy/install/tracetools_trace/share/tracetools_trace
[13.080s] creating /home/saitama1/ros2_foxy/install/tracetools_trace/share/ament_index
[13.081s] creating /home/saitama1/ros2_foxy/install/tracetools_trace/share/ament_index/resource_index
[13.081s] creating /home/saitama1/ros2_foxy/install/tracetools_trace/share/ament_index/resource_index/packages
[13.081s] copying resource/tracetools_trace -> /home/saitama1/ros2_foxy/install/tracetools_trace/share/ament_index/resource_index/packages
[13.081s] running install_egg_info
[13.081s] Copying ../../../../build/tracetools_trace/tracetools_trace.egg-info to /home/saitama1/ros2_foxy/install/tracetools_trace/lib/python3.8/site-packages/tracetools_trace-1.0.5-py3.8.egg-info
[13.081s] running install_scripts
[13.092s] Installing trace script to /home/saitama1/ros2_foxy/install/tracetools_trace/lib/tracetools_trace
[13.092s] writing list of installed files to '/home/saitama1/ros2_foxy/build/tracetools_trace/install.log'
[13.142s] Invoked command in '/home/saitama1/ros2_foxy/src/ros-tracing/ros2_tracing/tracetools_trace' returned '0': AMENT_PREFIX_PATH=/home/saitama1/ros2_foxy/install/ament_xmllint:/home/saitama1/ros2_foxy/install/ament_copyright:/home/saitama1/ros2_foxy/install/ament_pep257:/home/saitama1/ros2_foxy/install/ament_mypy:/home/saitama1/ros2_foxy/install/ament_flake8:/home/saitama1/ros2_foxy/install/ament_lint:/home/saitama1/ros2_foxy/install/test_interface_files:/home/saitama1/ros2_foxy/install/ros_environment:/home/saitama1/ros2_foxy/install/osrf_pycommon:/home/saitama1/ros2_foxy/install/ament_pyflakes:/home/saitama1/ros2_foxy/install/ament_pycodestyle:/home/saitama1/ros2_foxy/install/ament_cmake_version:/home/saitama1/ros2_foxy/install/ament_cmake_test:/home/saitama1/ros2_foxy/install/ament_cmake_target_dependencies:/home/saitama1/ros2_foxy/install/ament_cmake_python:/home/saitama1/ros2_foxy/install/ament_cmake_export_dependencies:/home/saitama1/ros2_foxy/install/ament_cmake_libraries:/home/saitama1/ros2_foxy/install/ament_cmake_include_directories:/home/saitama1/ros2_foxy/install/ament_cmake_export_targets:/home/saitama1/ros2_foxy/install/ament_cmake_export_link_flags:/home/saitama1/ros2_foxy/install/ament_cmake_export_interfaces:/home/saitama1/ros2_foxy/install/ament_cmake_export_libraries:/home/saitama1/ros2_foxy/install/ament_cmake_export_include_directories:/home/saitama1/ros2_foxy/install/ament_cmake_export_definitions:/home/saitama1/ros2_foxy/install/ament_cmake_core:/home/saitama1/ros2_foxy/install/ament_package:/home/saitama1/ros2_foxy/install/ament_cppcheck PATH=/home/saitama1/ros2_foxy/install/ament_xmllint/bin:/home/saitama1/ros2_foxy/install/ament_copyright/bin:/home/saitama1/ros2_foxy/install/ament_pep257/bin:/home/saitama1/ros2_foxy/install/ament_mypy/bin:/home/saitama1/ros2_foxy/install/ament_flake8/bin:/home/saitama1/ros2_foxy/install/ament_pyflakes/bin:/home/saitama1/ros2_foxy/install/ament_pycodestyle/bin:/home/saitama1/ros2_foxy/install/ament_cppcheck/bin:/home/saitama1/.local/bin:/usr/local/sbin:/usr/local/bin:/usr/sbin:/usr/bin:/sbin:/bin:/usr/games:/usr/local/games:/snap/bin PYTHONPATH=/home/saitama1/ros2_foxy/install/tracetools_trace/lib/python3.8/site-packages:/home/saitama1/ros2_foxy/install/ament_xmllint/lib/python3.8/site-packages:/home/saitama1/ros2_foxy/install/ament_copyright/lib/python3.8/site-packages:/home/saitama1/ros2_foxy/install/ament_pep257/lib/python3.8/site-packages:/home/saitama1/ros2_foxy/install/ament_mypy/lib/python3.8/site-packages:/home/saitama1/ros2_foxy/install/ament_flake8/lib/python3.8/site-packages:/home/saitama1/ros2_foxy/install/ament_lint/lib/python3.8/site-packages:/home/saitama1/ros2_foxy/install/osrf_pycommon/lib/python3.8/site-packages:/home/saitama1/ros2_foxy/install/ament_pyflakes/lib/python3.8/site-packages:/home/saitama1/ros2_foxy/install/ament_pycodestyle/lib/python3.8/site-packages:/home/saitama1/ros2_foxy/install/ament_cmake_test/lib/python3.8/site-packages:/home/saitama1/ros2_foxy/install/ament_package/lib/python3.8/site-packages:/home/saitama1/ros2_foxy/install/ament_cppcheck/lib/python3.8/site-packages /usr/bin/python3 setup.py egg_info --egg-base ../../../../build/tracetools_trace build --build-base /home/saitama1/ros2_foxy/build/tracetools_trace/build install --prefix /home/saitama1/ros2_foxy/install/tracetools_trace --record /home/saitama1/ros2_foxy/build/tracetools_trace/install.log --single-version-externally-managed
