-- Found mrt_cmake_modules: 1.0.8 (/home/saitama1/ros2_foxy/install/mrt_cmake_modules/share/mrt_cmake_modules/cmake)
-- Found ament_cmake_core: 0.9.8 (/home/saitama1/ros2_foxy/install/ament_cmake_core/share/ament_cmake_core/cmake)
-- Using PYTHON_EXECUTABLE: /usr/bin/python3
-- Override CMake install command with custom implementation using symlinks instead of copying resources
-- Found OpenMP_C: -fopenmp  
-- Found OpenMP_CXX: -fopenmp  
-- Found OpenMP: TRUE   
called: /home/saitama1/ros2_foxy/install/mrt_cmake_modules/share/mrt_cmake_modules/cmake/../scripts/generate_cmake_dependency_file.py /home/saitama1/ros2_foxy/src/autoware_build_parts/lanelet2/lanelet2_projection/package.xml /home/saitama1/ros2_foxy/install/mrt_cmake_modules/share/mrt_cmake_modules/cmake/../yaml/cmake.yaml /home/saitama1/ros2_foxy/build/lanelet2_projection/CMakeFiles/auto_dep_vars.cmake
-- Adding library "lanelet2_projection" with source src/UTM.cpp, includes include/lanelet2_projection/Mercator.h;include/lanelet2_projection/UTM.h
-- Marking libraries "lanelet2_projection" of package "lanelet2_projection" for installation
-- Marking HEADER FILES in "include/lanelet2_projection" folder of package "lanelet2_projection" for installation
-- Generating cmake exports for lanelet2_projection to /home/saitama1/ros2_foxy/build/lanelet2_projection/devel/share
-- Adding gtest unittest "lanelet2_projection-gtest-test_Mercator" with working dir /home/saitama1/ros2_foxy/src/autoware_build_parts/lanelet2/lanelet2_projection/test
-- Creating gtest 'lanelet2_projection-gtest-test_Mercator' from test/test_Mercator.cpp
-- Adding gtest unittest "lanelet2_projection-gtest-test_UTM" with working dir /home/saitama1/ros2_foxy/src/autoware_build_parts/lanelet2/lanelet2_projection/test
-- Creating gtest 'lanelet2_projection-gtest-test_UTM' from test/test_UTM.cpp
-- Adding nosetests in folder /home/saitama1/ros2_foxy/src/autoware_build_parts/lanelet2/lanelet2_projection/test
-- Using Python nosetests: /usr/bin/nosetests3
-- Adding nosetest nosetests-lanelet2_projection-test
-- Configuring done
-- Generating done
-- Build files have been written to: /home/saitama1/ros2_foxy/build/lanelet2_projection
[ 20%] Built target gtest_main
[ 40%] Built target gtest
[ 60%] Built target lanelet2_projection
[ 80%] Built target lanelet2_projection-gtest-test_Mercator
[100%] Built target lanelet2_projection-gtest-test_UTM
[100%] Built target tests_lanelet2_projection
[100%] Built target tests
-- Install configuration: ""
-- Execute custom install script
-- Symlinking: /home/saitama1/ros2_foxy/install/lanelet2_projection/share/lanelet2_projection/cmake/lanelet2_projectionConfigVersion.cmake
-- Symlinking: /home/saitama1/ros2_foxy/install/lanelet2_projection/share/lanelet2_projection/cmake/lanelet2_projectionConfig.cmake
-- Symlinking: /home/saitama1/ros2_foxy/install/lanelet2_projection/share/lanelet2_projection/cmake/auto_dep_vars.cmake
-- Symlinking: /home/saitama1/ros2_foxy/install/lanelet2_projection/share/lanelet2_projection/cmake/lanelet2_projectionAutoDepsConfig.cmake
-- Symlinking: /home/saitama1/ros2_foxy/install/lanelet2_projection/share/lanelet2_projection/package.xml
-- Symlinking: /home/saitama1/ros2_foxy/install/lanelet2_projection/share/ament_index/resource_index/package_run_dependencies/lanelet2_projection
-- Symlinking: /home/saitama1/ros2_foxy/install/lanelet2_projection/share/ament_index/resource_index/parent_prefix_path/lanelet2_projection
-- Symlinking: /home/saitama1/ros2_foxy/install/lanelet2_projection/share/lanelet2_projection/environment/ament_prefix_path.sh
-- Symlinking: /home/saitama1/ros2_foxy/install/lanelet2_projection/share/lanelet2_projection/environment/ament_prefix_path.dsv
-- Symlinking: /home/saitama1/ros2_foxy/install/lanelet2_projection/share/lanelet2_projection/environment/path.sh
-- Symlinking: /home/saitama1/ros2_foxy/install/lanelet2_projection/share/lanelet2_projection/environment/path.dsv
-- Symlinking: /home/saitama1/ros2_foxy/install/lanelet2_projection/share/lanelet2_projection/local_setup.bash
-- Symlinking: /home/saitama1/ros2_foxy/install/lanelet2_projection/share/lanelet2_projection/local_setup.sh
-- Symlinking: /home/saitama1/ros2_foxy/install/lanelet2_projection/share/lanelet2_projection/local_setup.zsh
-- Symlinking: /home/saitama1/ros2_foxy/install/lanelet2_projection/share/lanelet2_projection/local_setup.dsv
-- Symlinking: /home/saitama1/ros2_foxy/install/lanelet2_projection/share/lanelet2_projection/package.dsv
-- Symlinking: /home/saitama1/ros2_foxy/install/lanelet2_projection/share/ament_index/resource_index/packages/lanelet2_projection
-- Up-to-date: /home/saitama1/ros2_foxy/install/lanelet2_projection/lib/liblanelet2_projection.so.1.1.1
-- Up-to-date: /home/saitama1/ros2_foxy/install/lanelet2_projection/lib/liblanelet2_projection.so.1
-- Up-to-date: /home/saitama1/ros2_foxy/install/lanelet2_projection/lib/liblanelet2_projection.so
-- Up-to-date: /home/saitama1/ros2_foxy/install/lanelet2_projection/include/lanelet2_projection
-- Up-to-date: /home/saitama1/ros2_foxy/install/lanelet2_projection/include/lanelet2_projection/Mercator.h
-- Up-to-date: /home/saitama1/ros2_foxy/install/lanelet2_projection/include/lanelet2_projection/internal
-- Up-to-date: /home/saitama1/ros2_foxy/install/lanelet2_projection/include/lanelet2_projection/UTM.h
-- Up-to-date: /home/saitama1/ros2_foxy/install/lanelet2_projection/share/lanelet2_projection/cmake/lanelet2_projectionTargets.cmake
-- Installing: /home/saitama1/ros2_foxy/install/lanelet2_projection/share/lanelet2_projection/cmake/lanelet2_projectionTargets-noconfig.cmake
