-- Found ament_cmake: 0.9.8 (/home/saitama1/ros2_foxy/install/ament_cmake/share/ament_cmake/cmake)
-- Found PythonInterp: /usr/bin/python3 (found suitable version "3.8.10", minimum required is "3") 
-- Using PYTHON_EXECUTABLE: /usr/bin/python3
-- Override CMake install command with custom implementation using symlinks instead of copying resources
-- Found rosidl_default_generators: 1.0.1 (/home/saitama1/ros2_foxy/install/rosidl_default_generators/share/rosidl_default_generators/cmake)
-- Using all available rosidl_typesupport_c: rosidl_typesupport_introspection_c;rosidl_typesupport_fastrtps_c
-- Found rosidl_adapter: 1.2.1 (/home/saitama1/ros2_foxy/install/rosidl_adapter/share/rosidl_adapter/cmake)
-- Using all available rosidl_typesupport_cpp: rosidl_typesupport_introspection_cpp;rosidl_typesupport_fastrtps_cpp
-- Found builtin_interfaces: 1.0.0 (/home/saitama1/ros2_foxy/install/builtin_interfaces/share/builtin_interfaces/cmake)
-- Found PythonInterp: /usr/bin/python3 (found version "3.8.10") 
-- Found ament_cmake_ros: 0.9.2 (/home/saitama1/ros2_foxy/install/ament_cmake_ros/share/ament_cmake_ros/cmake)
-- Using all available rosidl_typesupport_c: rosidl_typesupport_introspection_c;rosidl_typesupport_fastrtps_c
-- Using all available rosidl_typesupport_cpp: rosidl_typesupport_introspection_cpp;rosidl_typesupport_fastrtps_cpp
-- Found PythonInterp: /usr/bin/python3 (found suitable version "3.8.10", minimum required is "3.5") 
-- Found python_cmake_module: 0.8.1 (/home/saitama1/ros2_foxy/install/python_cmake_module/share/python_cmake_module/cmake)
-- Using PYTHON_EXECUTABLE: /usr/bin/python3
-- Using PYTHON_INCLUDE_DIRS: /usr/include/python3.8
-- Using PYTHON_LIBRARIES: /usr/lib/x86_64-linux-gnu/libpython3.8.so
-- Found ament_lint_auto: 0.9.6 (/home/saitama1/ros2_foxy/install/ament_lint_auto/share/ament_lint_auto/cmake)
-- Added test 'copyright' to check source files copyright and LICENSE
-- Added test 'lint_cmake' to check CMake code style
-- Added test 'xmllint' to check XML markup files
-- Configuring done
-- Generating done
-- Build files have been written to: /home/saitama1/ros2_foxy/build/rcl_interfaces
[  0%] Built target rcl_interfaces__cpp
[  1%] [32m[1mLinking C shared library librcl_interfaces__rosidl_generator_c.so[0m
[35m[1mScanning dependencies of target rcl_interfaces__rosidl_typesupport_cpp[0m
[  2%] [32mBuilding CXX object CMakeFiles/rcl_interfaces__rosidl_typesupport_cpp.dir/rosidl_typesupport_cpp/rcl_interfaces/msg/floating_point_range__type_support.cpp.o[0m
[  2%] [32mBuilding CXX object CMakeFiles/rcl_interfaces__rosidl_typesupport_cpp.dir/rosidl_typesupport_cpp/rcl_interfaces/msg/list_parameters_result__type_support.cpp.o[0m
[  3%] [32mBuilding CXX object CMakeFiles/rcl_interfaces__rosidl_typesupport_cpp.dir/rosidl_typesupport_cpp/rcl_interfaces/msg/integer_range__type_support.cpp.o[0m
[  3%] [32mBuilding CXX object CMakeFiles/rcl_interfaces__rosidl_typesupport_cpp.dir/rosidl_typesupport_cpp/rcl_interfaces/msg/log__type_support.cpp.o[0m
[  3%] [32mBuilding CXX object CMakeFiles/rcl_interfaces__rosidl_typesupport_cpp.dir/rosidl_typesupport_cpp/rcl_interfaces/msg/parameter_event__type_support.cpp.o[0m
[  4%] [32mBuilding CXX object CMakeFiles/rcl_interfaces__rosidl_typesupport_cpp.dir/rosidl_typesupport_cpp/rcl_interfaces/msg/parameter_descriptor__type_support.cpp.o[0m
[  5%] [32mBuilding CXX object CMakeFiles/rcl_interfaces__rosidl_typesupport_cpp.dir/rosidl_typesupport_cpp/rcl_interfaces/msg/parameter_event_descriptors__type_support.cpp.o[0m
[  5%] [32m[1mLinking CXX shared library librcl_interfaces__rosidl_typesupport_fastrtps_cpp.so[0m
[  6%] [32mBuilding CXX object CMakeFiles/rcl_interfaces__rosidl_typesupport_cpp.dir/rosidl_typesupport_cpp/rcl_interfaces/msg/parameter__type_support.cpp.o[0m
[  7%] [32m[1mLinking CXX shared library librcl_interfaces__rosidl_typesupport_introspection_cpp.so[0m
[ 18%] Built target rcl_interfaces__rosidl_generator_c
[ 19%] [32mBuilding CXX object CMakeFiles/rcl_interfaces__rosidl_typesupport_cpp.dir/rosidl_typesupport_cpp/rcl_interfaces/msg/set_parameters_result__type_support.cpp.o[0m
[ 19%] [32mBuilding CXX object CMakeFiles/rcl_interfaces__rosidl_typesupport_cpp.dir/rosidl_typesupport_cpp/rcl_interfaces/msg/parameter_value__type_support.cpp.o[0m
[ 19%] [32mBuilding CXX object CMakeFiles/rcl_interfaces__rosidl_typesupport_cpp.dir/rosidl_typesupport_cpp/rcl_interfaces/srv/describe_parameters__type_support.cpp.o[0m
[ 20%] [32mBuilding CXX object CMakeFiles/rcl_interfaces__rosidl_typesupport_cpp.dir/rosidl_typesupport_cpp/rcl_interfaces/msg/parameter_type__type_support.cpp.o[0m
[ 21%] [34m[1mGenerating C type support dispatch for ROS interfaces[0m
[ 22%] [32mBuilding CXX object CMakeFiles/rcl_interfaces__rosidl_typesupport_cpp.dir/rosidl_typesupport_cpp/rcl_interfaces/srv/get_parameters__type_support.cpp.o[0m
[ 23%] [32mBuilding CXX object CMakeFiles/rcl_interfaces__rosidl_typesupport_cpp.dir/rosidl_typesupport_cpp/rcl_interfaces/srv/get_parameter_types__type_support.cpp.o[0m
[ 23%] [32mBuilding CXX object CMakeFiles/rcl_interfaces__rosidl_typesupport_cpp.dir/rosidl_typesupport_cpp/rcl_interfaces/srv/list_parameters__type_support.cpp.o[0m
[ 25%] [32mBuilding CXX object CMakeFiles/rcl_interfaces__rosidl_typesupport_cpp.dir/rosidl_typesupport_cpp/rcl_interfaces/srv/set_parameters_atomically__type_support.cpp.o[0m
[ 36%] Built target rcl_interfaces__rosidl_typesupport_fastrtps_cpp
[ 47%] Built target rcl_interfaces__rosidl_typesupport_introspection_cpp
[ 47%] [32m[1mLinking C shared library librcl_interfaces__rosidl_typesupport_introspection_c.so[0m
[ 59%] Built target rcl_interfaces__rosidl_typesupport_introspection_c
[ 60%] [32mBuilding CXX object CMakeFiles/rcl_interfaces__rosidl_typesupport_cpp.dir/rosidl_typesupport_cpp/rcl_interfaces/srv/set_parameters__type_support.cpp.o[0m
[ 60%] [32m[1mLinking CXX shared library librcl_interfaces__rosidl_typesupport_cpp.so[0m
[ 61%] Built target rcl_interfaces__rosidl_typesupport_cpp
[35m[1mScanning dependencies of target rcl_interfaces__rosidl_typesupport_c[0m
[ 61%] [32mBuilding CXX object CMakeFiles/rcl_interfaces__rosidl_typesupport_c.dir/rosidl_typesupport_c/rcl_interfaces/msg/floating_point_range__type_support.cpp.o[0m
[ 62%] [32mBuilding CXX object CMakeFiles/rcl_interfaces__rosidl_typesupport_c.dir/rosidl_typesupport_c/rcl_interfaces/msg/set_parameters_result__type_support.cpp.o[0m
[ 62%] [32mBuilding CXX object CMakeFiles/rcl_interfaces__rosidl_typesupport_c.dir/rosidl_typesupport_c/rcl_interfaces/srv/describe_parameters__type_support.cpp.o[0m
[ 63%] [32mBuilding CXX object CMakeFiles/rcl_interfaces__rosidl_typesupport_c.dir/rosidl_typesupport_c/rcl_interfaces/srv/get_parameters__type_support.cpp.o[0m
[ 63%] [32mBuilding CXX object CMakeFiles/rcl_interfaces__rosidl_typesupport_c.dir/rosidl_typesupport_c/rcl_interfaces/srv/get_parameter_types__type_support.cpp.o[0m
[ 64%] [32mBuilding CXX object CMakeFiles/rcl_interfaces__rosidl_typesupport_c.dir/rosidl_typesupport_c/rcl_interfaces/srv/list_parameters__type_support.cpp.o[0m
[ 65%] [32mBuilding CXX object CMakeFiles/rcl_interfaces__rosidl_typesupport_c.dir/rosidl_typesupport_c/rcl_interfaces/srv/set_parameters_atomically__type_support.cpp.o[0m
[ 65%] [32mBuilding CXX object CMakeFiles/rcl_interfaces__rosidl_typesupport_c.dir/rosidl_typesupport_c/rcl_interfaces/srv/set_parameters__type_support.cpp.o[0m
[ 66%] [32mBuilding CXX object CMakeFiles/rcl_interfaces__rosidl_typesupport_c.dir/rosidl_typesupport_c/rcl_interfaces/msg/parameter_value__type_support.cpp.o[0m
[ 66%] [32mBuilding CXX object CMakeFiles/rcl_interfaces__rosidl_typesupport_c.dir/rosidl_typesupport_c/rcl_interfaces/msg/parameter_type__type_support.cpp.o[0m
[ 67%] [32mBuilding CXX object CMakeFiles/rcl_interfaces__rosidl_typesupport_c.dir/rosidl_typesupport_c/rcl_interfaces/msg/parameter__type_support.cpp.o[0m
[ 68%] [32mBuilding CXX object CMakeFiles/rcl_interfaces__rosidl_typesupport_c.dir/rosidl_typesupport_c/rcl_interfaces/msg/parameter_event__type_support.cpp.o[0m
[ 68%] [32mBuilding CXX object CMakeFiles/rcl_interfaces__rosidl_typesupport_c.dir/rosidl_typesupport_c/rcl_interfaces/msg/parameter_event_descriptors__type_support.cpp.o[0m
[ 69%] [32mBuilding CXX object CMakeFiles/rcl_interfaces__rosidl_typesupport_c.dir/rosidl_typesupport_c/rcl_interfaces/msg/parameter_descriptor__type_support.cpp.o[0m
[ 69%] [32mBuilding CXX object CMakeFiles/rcl_interfaces__rosidl_typesupport_c.dir/rosidl_typesupport_c/rcl_interfaces/msg/log__type_support.cpp.o[0m
[ 70%] [32mBuilding CXX object CMakeFiles/rcl_interfaces__rosidl_typesupport_c.dir/rosidl_typesupport_c/rcl_interfaces/msg/list_parameters_result__type_support.cpp.o[0m
[ 71%] [32mBuilding CXX object CMakeFiles/rcl_interfaces__rosidl_typesupport_c.dir/rosidl_typesupport_c/rcl_interfaces/msg/integer_range__type_support.cpp.o[0m
[ 72%] [32m[1mLinking CXX shared library librcl_interfaces__rosidl_typesupport_c.so[0m
[ 72%] Built target rcl_interfaces__rosidl_typesupport_c
[ 72%] [32m[1mLinking CXX shared library librcl_interfaces__rosidl_typesupport_fastrtps_c.so[0m
[ 84%] Built target rcl_interfaces__rosidl_typesupport_fastrtps_c
[ 84%] Built target rcl_interfaces
[35m[1mScanning dependencies of target rcl_interfaces__py[0m
[ 85%] Built target rcl_interfaces__py
[ 86%] [32m[1mLinking C shared library rosidl_generator_py/rcl_interfaces/librcl_interfaces__python.so[0m
[ 96%] Built target rcl_interfaces__python
[ 96%] [32m[1mLinking C shared library rosidl_generator_py/rcl_interfaces/rcl_interfaces_s__rosidl_typesupport_c.cpython-38-x86_64-linux-gnu.so[0m
[ 97%] Built target rcl_interfaces__rosidl_typesupport_c__pyext
[ 98%] [32m[1mLinking C shared library rosidl_generator_py/rcl_interfaces/rcl_interfaces_s__rosidl_typesupport_introspection_c.cpython-38-x86_64-linux-gnu.so[0m
[ 99%] Built target rcl_interfaces__rosidl_typesupport_introspection_c__pyext
[35m[1mScanning dependencies of target rcl_interfaces__rosidl_typesupport_fastrtps_c__pyext[0m
[100%] [32mBuilding C object CMakeFiles/rcl_interfaces__rosidl_typesupport_fastrtps_c__pyext.dir/rosidl_generator_py/rcl_interfaces/_rcl_interfaces_s.ep.rosidl_typesupport_fastrtps_c.c.o[0m
[100%] [32m[1mLinking CXX shared library rosidl_generator_py/rcl_interfaces/rcl_interfaces_s__rosidl_typesupport_fastrtps_c.cpython-38-x86_64-linux-gnu.so[0m
[100%] Built target rcl_interfaces__rosidl_typesupport_fastrtps_c__pyext
-- Install configuration: ""
-- Execute custom install script
-- Symlinking: /home/saitama1/ros2_foxy/install/rcl_interfaces/share/ament_index/resource_index/rosidl_interfaces/rcl_interfaces
-- Symlinking: /home/saitama1/ros2_foxy/install/rcl_interfaces/include/rcl_interfaces/msg/detail/floating_point_range__functions.h
-- Symlinking: /home/saitama1/ros2_foxy/install/rcl_interfaces/include/rcl_interfaces/msg/detail/floating_point_range__struct.h
-- Symlinking: /home/saitama1/ros2_foxy/install/rcl_interfaces/include/rcl_interfaces/msg/detail/floating_point_range__type_support.h
-- Symlinking: /home/saitama1/ros2_foxy/install/rcl_interfaces/include/rcl_interfaces/msg/detail/integer_range__functions.h
-- Symlinking: /home/saitama1/ros2_foxy/install/rcl_interfaces/include/rcl_interfaces/msg/detail/integer_range__struct.h
-- Symlinking: /home/saitama1/ros2_foxy/install/rcl_interfaces/include/rcl_interfaces/msg/detail/integer_range__type_support.h
-- Symlinking: /home/saitama1/ros2_foxy/install/rcl_interfaces/include/rcl_interfaces/msg/detail/list_parameters_result__functions.h
-- Symlinking: /home/saitama1/ros2_foxy/install/rcl_interfaces/include/rcl_interfaces/msg/detail/list_parameters_result__struct.h
-- Symlinking: /home/saitama1/ros2_foxy/install/rcl_interfaces/include/rcl_interfaces/msg/detail/list_parameters_result__type_support.h
-- Symlinking: /home/saitama1/ros2_foxy/install/rcl_interfaces/include/rcl_interfaces/msg/detail/log__functions.h
-- Symlinking: /home/saitama1/ros2_foxy/install/rcl_interfaces/include/rcl_interfaces/msg/detail/log__struct.h
-- Symlinking: /home/saitama1/ros2_foxy/install/rcl_interfaces/include/rcl_interfaces/msg/detail/log__type_support.h
-- Symlinking: /home/saitama1/ros2_foxy/install/rcl_interfaces/include/rcl_interfaces/msg/detail/parameter__functions.h
-- Symlinking: /home/saitama1/ros2_foxy/install/rcl_interfaces/include/rcl_interfaces/msg/detail/parameter__struct.h
-- Symlinking: /home/saitama1/ros2_foxy/install/rcl_interfaces/include/rcl_interfaces/msg/detail/parameter__type_support.h
-- Symlinking: /home/saitama1/ros2_foxy/install/rcl_interfaces/include/rcl_interfaces/msg/detail/parameter_descriptor__functions.h
-- Symlinking: /home/saitama1/ros2_foxy/install/rcl_interfaces/include/rcl_interfaces/msg/detail/parameter_descriptor__struct.h
-- Symlinking: /home/saitama1/ros2_foxy/install/rcl_interfaces/include/rcl_interfaces/msg/detail/parameter_descriptor__type_support.h
-- Symlinking: /home/saitama1/ros2_foxy/install/rcl_interfaces/include/rcl_interfaces/msg/detail/parameter_event__functions.h
-- Symlinking: /home/saitama1/ros2_foxy/install/rcl_interfaces/include/rcl_interfaces/msg/detail/parameter_event__struct.h
-- Symlinking: /home/saitama1/ros2_foxy/install/rcl_interfaces/include/rcl_interfaces/msg/detail/parameter_event__type_support.h
-- Symlinking: /home/saitama1/ros2_foxy/install/rcl_interfaces/include/rcl_interfaces/msg/detail/parameter_event_descriptors__functions.h
-- Symlinking: /home/saitama1/ros2_foxy/install/rcl_interfaces/include/rcl_interfaces/msg/detail/parameter_event_descriptors__struct.h
-- Symlinking: /home/saitama1/ros2_foxy/install/rcl_interfaces/include/rcl_interfaces/msg/detail/parameter_event_descriptors__type_support.h
-- Symlinking: /home/saitama1/ros2_foxy/install/rcl_interfaces/include/rcl_interfaces/msg/detail/parameter_type__functions.h
-- Symlinking: /home/saitama1/ros2_foxy/install/rcl_interfaces/include/rcl_interfaces/msg/detail/parameter_type__struct.h
-- Symlinking: /home/saitama1/ros2_foxy/install/rcl_interfaces/include/rcl_interfaces/msg/detail/parameter_type__type_support.h
-- Symlinking: /home/saitama1/ros2_foxy/install/rcl_interfaces/include/rcl_interfaces/msg/detail/parameter_value__functions.h
-- Symlinking: /home/saitama1/ros2_foxy/install/rcl_interfaces/include/rcl_interfaces/msg/detail/parameter_value__struct.h
-- Symlinking: /home/saitama1/ros2_foxy/install/rcl_interfaces/include/rcl_interfaces/msg/detail/parameter_value__type_support.h
-- Symlinking: /home/saitama1/ros2_foxy/install/rcl_interfaces/include/rcl_interfaces/msg/detail/set_parameters_result__functions.h
-- Symlinking: /home/saitama1/ros2_foxy/install/rcl_interfaces/include/rcl_interfaces/msg/detail/set_parameters_result__struct.h
-- Symlinking: /home/saitama1/ros2_foxy/install/rcl_interfaces/include/rcl_interfaces/msg/detail/set_parameters_result__type_support.h
-- Symlinking: /home/saitama1/ros2_foxy/install/rcl_interfaces/include/rcl_interfaces/msg/floating_point_range.h
-- Symlinking: /home/saitama1/ros2_foxy/install/rcl_interfaces/include/rcl_interfaces/msg/integer_range.h
-- Symlinking: /home/saitama1/ros2_foxy/install/rcl_interfaces/include/rcl_interfaces/msg/list_parameters_result.h
-- Symlinking: /home/saitama1/ros2_foxy/install/rcl_interfaces/include/rcl_interfaces/msg/log.h
-- Symlinking: /home/saitama1/ros2_foxy/install/rcl_interfaces/include/rcl_interfaces/msg/parameter.h
-- Symlinking: /home/saitama1/ros2_foxy/install/rcl_interfaces/include/rcl_interfaces/msg/parameter_descriptor.h
-- Symlinking: /home/saitama1/ros2_foxy/install/rcl_interfaces/include/rcl_interfaces/msg/parameter_event.h
-- Symlinking: /home/saitama1/ros2_foxy/install/rcl_interfaces/include/rcl_interfaces/msg/parameter_event_descriptors.h
-- Symlinking: /home/saitama1/ros2_foxy/install/rcl_interfaces/include/rcl_interfaces/msg/parameter_type.h
-- Symlinking: /home/saitama1/ros2_foxy/install/rcl_interfaces/include/rcl_interfaces/msg/parameter_value.h
-- Symlinking: /home/saitama1/ros2_foxy/install/rcl_interfaces/include/rcl_interfaces/msg/rosidl_generator_c__visibility_control.h
-- Symlinking: /home/saitama1/ros2_foxy/install/rcl_interfaces/include/rcl_interfaces/msg/set_parameters_result.h
-- Symlinking: /home/saitama1/ros2_foxy/install/rcl_interfaces/include/rcl_interfaces/srv/describe_parameters.h
-- Symlinking: /home/saitama1/ros2_foxy/install/rcl_interfaces/include/rcl_interfaces/srv/detail/describe_parameters__functions.h
-- Symlinking: /home/saitama1/ros2_foxy/install/rcl_interfaces/include/rcl_interfaces/srv/detail/describe_parameters__struct.h
-- Symlinking: /home/saitama1/ros2_foxy/install/rcl_interfaces/include/rcl_interfaces/srv/detail/describe_parameters__type_support.h
-- Symlinking: /home/saitama1/ros2_foxy/install/rcl_interfaces/include/rcl_interfaces/srv/detail/get_parameter_types__functions.h
-- Symlinking: /home/saitama1/ros2_foxy/install/rcl_interfaces/include/rcl_interfaces/srv/detail/get_parameter_types__struct.h
-- Symlinking: /home/saitama1/ros2_foxy/install/rcl_interfaces/include/rcl_interfaces/srv/detail/get_parameter_types__type_support.h
-- Symlinking: /home/saitama1/ros2_foxy/install/rcl_interfaces/include/rcl_interfaces/srv/detail/get_parameters__functions.h
-- Symlinking: /home/saitama1/ros2_foxy/install/rcl_interfaces/include/rcl_interfaces/srv/detail/get_parameters__struct.h
-- Symlinking: /home/saitama1/ros2_foxy/install/rcl_interfaces/include/rcl_interfaces/srv/detail/get_parameters__type_support.h
-- Symlinking: /home/saitama1/ros2_foxy/install/rcl_interfaces/include/rcl_interfaces/srv/detail/list_parameters__functions.h
-- Symlinking: /home/saitama1/ros2_foxy/install/rcl_interfaces/include/rcl_interfaces/srv/detail/list_parameters__struct.h
-- Symlinking: /home/saitama1/ros2_foxy/install/rcl_interfaces/include/rcl_interfaces/srv/detail/list_parameters__type_support.h
-- Symlinking: /home/saitama1/ros2_foxy/install/rcl_interfaces/include/rcl_interfaces/srv/detail/set_parameters__functions.h
-- Symlinking: /home/saitama1/ros2_foxy/install/rcl_interfaces/include/rcl_interfaces/srv/detail/set_parameters__struct.h
-- Symlinking: /home/saitama1/ros2_foxy/install/rcl_interfaces/include/rcl_interfaces/srv/detail/set_parameters__type_support.h
-- Symlinking: /home/saitama1/ros2_foxy/install/rcl_interfaces/include/rcl_interfaces/srv/detail/set_parameters_atomically__functions.h
-- Symlinking: /home/saitama1/ros2_foxy/install/rcl_interfaces/include/rcl_interfaces/srv/detail/set_parameters_atomically__struct.h
-- Symlinking: /home/saitama1/ros2_foxy/install/rcl_interfaces/include/rcl_interfaces/srv/detail/set_parameters_atomically__type_support.h
-- Symlinking: /home/saitama1/ros2_foxy/install/rcl_interfaces/include/rcl_interfaces/srv/get_parameter_types.h
-- Symlinking: /home/saitama1/ros2_foxy/install/rcl_interfaces/include/rcl_interfaces/srv/get_parameters.h
-- Symlinking: /home/saitama1/ros2_foxy/install/rcl_interfaces/include/rcl_interfaces/srv/list_parameters.h
-- Symlinking: /home/saitama1/ros2_foxy/install/rcl_interfaces/include/rcl_interfaces/srv/set_parameters.h
-- Symlinking: /home/saitama1/ros2_foxy/install/rcl_interfaces/include/rcl_interfaces/srv/set_parameters_atomically.h
-- Symlinking: /home/saitama1/ros2_foxy/install/rcl_interfaces/share/rcl_interfaces/environment/library_path.sh
-- Symlinking: /home/saitama1/ros2_foxy/install/rcl_interfaces/share/rcl_interfaces/environment/library_path.dsv
-- Symlinking: /home/saitama1/ros2_foxy/install/rcl_interfaces/include/rcl_interfaces/msg/detail/floating_point_range__rosidl_typesupport_introspection_c.h
-- Symlinking: /home/saitama1/ros2_foxy/install/rcl_interfaces/include/rcl_interfaces/msg/detail/integer_range__rosidl_typesupport_introspection_c.h
-- Symlinking: /home/saitama1/ros2_foxy/install/rcl_interfaces/include/rcl_interfaces/msg/detail/list_parameters_result__rosidl_typesupport_introspection_c.h
-- Symlinking: /home/saitama1/ros2_foxy/install/rcl_interfaces/include/rcl_interfaces/msg/detail/log__rosidl_typesupport_introspection_c.h
-- Symlinking: /home/saitama1/ros2_foxy/install/rcl_interfaces/include/rcl_interfaces/msg/detail/parameter__rosidl_typesupport_introspection_c.h
-- Symlinking: /home/saitama1/ros2_foxy/install/rcl_interfaces/include/rcl_interfaces/msg/detail/parameter_descriptor__rosidl_typesupport_introspection_c.h
-- Symlinking: /home/saitama1/ros2_foxy/install/rcl_interfaces/include/rcl_interfaces/msg/detail/parameter_event__rosidl_typesupport_introspection_c.h
-- Symlinking: /home/saitama1/ros2_foxy/install/rcl_interfaces/include/rcl_interfaces/msg/detail/parameter_event_descriptors__rosidl_typesupport_introspection_c.h
-- Symlinking: /home/saitama1/ros2_foxy/install/rcl_interfaces/include/rcl_interfaces/msg/detail/parameter_type__rosidl_typesupport_introspection_c.h
-- Symlinking: /home/saitama1/ros2_foxy/install/rcl_interfaces/include/rcl_interfaces/msg/detail/parameter_value__rosidl_typesupport_introspection_c.h
-- Symlinking: /home/saitama1/ros2_foxy/install/rcl_interfaces/include/rcl_interfaces/msg/detail/set_parameters_result__rosidl_typesupport_introspection_c.h
-- Symlinking: /home/saitama1/ros2_foxy/install/rcl_interfaces/include/rcl_interfaces/msg/rosidl_typesupport_introspection_c__visibility_control.h
-- Symlinking: /home/saitama1/ros2_foxy/install/rcl_interfaces/include/rcl_interfaces/srv/detail/describe_parameters__rosidl_typesupport_introspection_c.h
-- Symlinking: /home/saitama1/ros2_foxy/install/rcl_interfaces/include/rcl_interfaces/srv/detail/get_parameter_types__rosidl_typesupport_introspection_c.h
-- Symlinking: /home/saitama1/ros2_foxy/install/rcl_interfaces/include/rcl_interfaces/srv/detail/get_parameters__rosidl_typesupport_introspection_c.h
-- Symlinking: /home/saitama1/ros2_foxy/install/rcl_interfaces/include/rcl_interfaces/srv/detail/list_parameters__rosidl_typesupport_introspection_c.h
-- Symlinking: /home/saitama1/ros2_foxy/install/rcl_interfaces/include/rcl_interfaces/srv/detail/set_parameters__rosidl_typesupport_introspection_c.h
-- Symlinking: /home/saitama1/ros2_foxy/install/rcl_interfaces/include/rcl_interfaces/srv/detail/set_parameters_atomically__rosidl_typesupport_introspection_c.h
-- Symlinking: /home/saitama1/ros2_foxy/install/rcl_interfaces/include/rcl_interfaces/msg/detail/floating_point_range__rosidl_typesupport_fastrtps_c.h
-- Symlinking: /home/saitama1/ros2_foxy/install/rcl_interfaces/include/rcl_interfaces/msg/detail/integer_range__rosidl_typesupport_fastrtps_c.h
-- Symlinking: /home/saitama1/ros2_foxy/install/rcl_interfaces/include/rcl_interfaces/msg/detail/list_parameters_result__rosidl_typesupport_fastrtps_c.h
-- Symlinking: /home/saitama1/ros2_foxy/install/rcl_interfaces/include/rcl_interfaces/msg/detail/log__rosidl_typesupport_fastrtps_c.h
-- Symlinking: /home/saitama1/ros2_foxy/install/rcl_interfaces/include/rcl_interfaces/msg/detail/parameter__rosidl_typesupport_fastrtps_c.h
-- Symlinking: /home/saitama1/ros2_foxy/install/rcl_interfaces/include/rcl_interfaces/msg/detail/parameter_descriptor__rosidl_typesupport_fastrtps_c.h
-- Symlinking: /home/saitama1/ros2_foxy/install/rcl_interfaces/include/rcl_interfaces/msg/detail/parameter_event__rosidl_typesupport_fastrtps_c.h
-- Symlinking: /home/saitama1/ros2_foxy/install/rcl_interfaces/include/rcl_interfaces/msg/detail/parameter_event_descriptors__rosidl_typesupport_fastrtps_c.h
-- Symlinking: /home/saitama1/ros2_foxy/install/rcl_interfaces/include/rcl_interfaces/msg/detail/parameter_type__rosidl_typesupport_fastrtps_c.h
-- Symlinking: /home/saitama1/ros2_foxy/install/rcl_interfaces/include/rcl_interfaces/msg/detail/parameter_value__rosidl_typesupport_fastrtps_c.h
-- Symlinking: /home/saitama1/ros2_foxy/install/rcl_interfaces/include/rcl_interfaces/msg/detail/set_parameters_result__rosidl_typesupport_fastrtps_c.h
-- Symlinking: /home/saitama1/ros2_foxy/install/rcl_interfaces/include/rcl_interfaces/msg/rosidl_typesupport_fastrtps_c__visibility_control.h
-- Symlinking: /home/saitama1/ros2_foxy/install/rcl_interfaces/include/rcl_interfaces/srv/detail/describe_parameters__rosidl_typesupport_fastrtps_c.h
-- Symlinking: /home/saitama1/ros2_foxy/install/rcl_interfaces/include/rcl_interfaces/srv/detail/get_parameter_types__rosidl_typesupport_fastrtps_c.h
-- Symlinking: /home/saitama1/ros2_foxy/install/rcl_interfaces/include/rcl_interfaces/srv/detail/get_parameters__rosidl_typesupport_fastrtps_c.h
-- Symlinking: /home/saitama1/ros2_foxy/install/rcl_interfaces/include/rcl_interfaces/srv/detail/list_parameters__rosidl_typesupport_fastrtps_c.h
-- Symlinking: /home/saitama1/ros2_foxy/install/rcl_interfaces/include/rcl_interfaces/srv/detail/set_parameters__rosidl_typesupport_fastrtps_c.h
-- Symlinking: /home/saitama1/ros2_foxy/install/rcl_interfaces/include/rcl_interfaces/srv/detail/set_parameters_atomically__rosidl_typesupport_fastrtps_c.h
-- Symlinking: /home/saitama1/ros2_foxy/install/rcl_interfaces/lib/librcl_interfaces__rosidl_typesupport_fastrtps_c.so
-- Symlinking: /home/saitama1/ros2_foxy/install/rcl_interfaces/include/rcl_interfaces/msg/detail/floating_point_range__rosidl_typesupport_fastrtps_cpp.hpp
-- Symlinking: /home/saitama1/ros2_foxy/install/rcl_interfaces/include/rcl_interfaces/msg/detail/integer_range__rosidl_typesupport_fastrtps_cpp.hpp
-- Symlinking: /home/saitama1/ros2_foxy/install/rcl_interfaces/include/rcl_interfaces/msg/detail/list_parameters_result__rosidl_typesupport_fastrtps_cpp.hpp
-- Symlinking: /home/saitama1/ros2_foxy/install/rcl_interfaces/include/rcl_interfaces/msg/detail/log__rosidl_typesupport_fastrtps_cpp.hpp
-- Symlinking: /home/saitama1/ros2_foxy/install/rcl_interfaces/include/rcl_interfaces/msg/detail/parameter__rosidl_typesupport_fastrtps_cpp.hpp
-- Symlinking: /home/saitama1/ros2_foxy/install/rcl_interfaces/include/rcl_interfaces/msg/detail/parameter_descriptor__rosidl_typesupport_fastrtps_cpp.hpp
-- Symlinking: /home/saitama1/ros2_foxy/install/rcl_interfaces/include/rcl_interfaces/msg/detail/parameter_event__rosidl_typesupport_fastrtps_cpp.hpp
-- Symlinking: /home/saitama1/ros2_foxy/install/rcl_interfaces/include/rcl_interfaces/msg/detail/parameter_event_descriptors__rosidl_typesupport_fastrtps_cpp.hpp
-- Symlinking: /home/saitama1/ros2_foxy/install/rcl_interfaces/include/rcl_interfaces/msg/detail/parameter_type__rosidl_typesupport_fastrtps_cpp.hpp
-- Symlinking: /home/saitama1/ros2_foxy/install/rcl_interfaces/include/rcl_interfaces/msg/detail/parameter_value__rosidl_typesupport_fastrtps_cpp.hpp
-- Symlinking: /home/saitama1/ros2_foxy/install/rcl_interfaces/include/rcl_interfaces/msg/detail/set_parameters_result__rosidl_typesupport_fastrtps_cpp.hpp
-- Symlinking: /home/saitama1/ros2_foxy/install/rcl_interfaces/include/rcl_interfaces/msg/rosidl_typesupport_fastrtps_cpp__visibility_control.h
-- Symlinking: /home/saitama1/ros2_foxy/install/rcl_interfaces/include/rcl_interfaces/srv/detail/describe_parameters__rosidl_typesupport_fastrtps_cpp.hpp
-- Symlinking: /home/saitama1/ros2_foxy/install/rcl_interfaces/include/rcl_interfaces/srv/detail/get_parameter_types__rosidl_typesupport_fastrtps_cpp.hpp
-- Symlinking: /home/saitama1/ros2_foxy/install/rcl_interfaces/include/rcl_interfaces/srv/detail/get_parameters__rosidl_typesupport_fastrtps_cpp.hpp
-- Symlinking: /home/saitama1/ros2_foxy/install/rcl_interfaces/include/rcl_interfaces/srv/detail/list_parameters__rosidl_typesupport_fastrtps_cpp.hpp
-- Symlinking: /home/saitama1/ros2_foxy/install/rcl_interfaces/include/rcl_interfaces/srv/detail/set_parameters__rosidl_typesupport_fastrtps_cpp.hpp
-- Symlinking: /home/saitama1/ros2_foxy/install/rcl_interfaces/include/rcl_interfaces/srv/detail/set_parameters_atomically__rosidl_typesupport_fastrtps_cpp.hpp
-- Symlinking: /home/saitama1/ros2_foxy/install/rcl_interfaces/lib/librcl_interfaces__rosidl_typesupport_fastrtps_cpp.so
-- Symlinking: /home/saitama1/ros2_foxy/install/rcl_interfaces/include/rcl_interfaces/msg/detail/floating_point_range__builder.hpp
-- Symlinking: /home/saitama1/ros2_foxy/install/rcl_interfaces/include/rcl_interfaces/msg/detail/floating_point_range__struct.hpp
-- Symlinking: /home/saitama1/ros2_foxy/install/rcl_interfaces/include/rcl_interfaces/msg/detail/floating_point_range__traits.hpp
-- Symlinking: /home/saitama1/ros2_foxy/install/rcl_interfaces/include/rcl_interfaces/msg/detail/integer_range__builder.hpp
-- Symlinking: /home/saitama1/ros2_foxy/install/rcl_interfaces/include/rcl_interfaces/msg/detail/integer_range__struct.hpp
-- Symlinking: /home/saitama1/ros2_foxy/install/rcl_interfaces/include/rcl_interfaces/msg/detail/integer_range__traits.hpp
-- Symlinking: /home/saitama1/ros2_foxy/install/rcl_interfaces/include/rcl_interfaces/msg/detail/list_parameters_result__builder.hpp
-- Symlinking: /home/saitama1/ros2_foxy/install/rcl_interfaces/include/rcl_interfaces/msg/detail/list_parameters_result__struct.hpp
-- Symlinking: /home/saitama1/ros2_foxy/install/rcl_interfaces/include/rcl_interfaces/msg/detail/list_parameters_result__traits.hpp
-- Symlinking: /home/saitama1/ros2_foxy/install/rcl_interfaces/include/rcl_interfaces/msg/detail/log__builder.hpp
-- Symlinking: /home/saitama1/ros2_foxy/install/rcl_interfaces/include/rcl_interfaces/msg/detail/log__struct.hpp
-- Symlinking: /home/saitama1/ros2_foxy/install/rcl_interfaces/include/rcl_interfaces/msg/detail/log__traits.hpp
-- Symlinking: /home/saitama1/ros2_foxy/install/rcl_interfaces/include/rcl_interfaces/msg/detail/parameter__builder.hpp
-- Symlinking: /home/saitama1/ros2_foxy/install/rcl_interfaces/include/rcl_interfaces/msg/detail/parameter__struct.hpp
-- Symlinking: /home/saitama1/ros2_foxy/install/rcl_interfaces/include/rcl_interfaces/msg/detail/parameter__traits.hpp
-- Symlinking: /home/saitama1/ros2_foxy/install/rcl_interfaces/include/rcl_interfaces/msg/detail/parameter_descriptor__builder.hpp
-- Symlinking: /home/saitama1/ros2_foxy/install/rcl_interfaces/include/rcl_interfaces/msg/detail/parameter_descriptor__struct.hpp
-- Symlinking: /home/saitama1/ros2_foxy/install/rcl_interfaces/include/rcl_interfaces/msg/detail/parameter_descriptor__traits.hpp
-- Symlinking: /home/saitama1/ros2_foxy/install/rcl_interfaces/include/rcl_interfaces/msg/detail/parameter_event__builder.hpp
-- Symlinking: /home/saitama1/ros2_foxy/install/rcl_interfaces/include/rcl_interfaces/msg/detail/parameter_event__struct.hpp
-- Symlinking: /home/saitama1/ros2_foxy/install/rcl_interfaces/include/rcl_interfaces/msg/detail/parameter_event__traits.hpp
-- Symlinking: /home/saitama1/ros2_foxy/install/rcl_interfaces/include/rcl_interfaces/msg/detail/parameter_event_descriptors__builder.hpp
-- Symlinking: /home/saitama1/ros2_foxy/install/rcl_interfaces/include/rcl_interfaces/msg/detail/parameter_event_descriptors__struct.hpp
-- Symlinking: /home/saitama1/ros2_foxy/install/rcl_interfaces/include/rcl_interfaces/msg/detail/parameter_event_descriptors__traits.hpp
-- Symlinking: /home/saitama1/ros2_foxy/install/rcl_interfaces/include/rcl_interfaces/msg/detail/parameter_type__builder.hpp
-- Symlinking: /home/saitama1/ros2_foxy/install/rcl_interfaces/include/rcl_interfaces/msg/detail/parameter_type__struct.hpp
-- Symlinking: /home/saitama1/ros2_foxy/install/rcl_interfaces/include/rcl_interfaces/msg/detail/parameter_type__traits.hpp
-- Symlinking: /home/saitama1/ros2_foxy/install/rcl_interfaces/include/rcl_interfaces/msg/detail/parameter_value__builder.hpp
-- Symlinking: /home/saitama1/ros2_foxy/install/rcl_interfaces/include/rcl_interfaces/msg/detail/parameter_value__struct.hpp
-- Symlinking: /home/saitama1/ros2_foxy/install/rcl_interfaces/include/rcl_interfaces/msg/detail/parameter_value__traits.hpp
-- Symlinking: /home/saitama1/ros2_foxy/install/rcl_interfaces/include/rcl_interfaces/msg/detail/set_parameters_result__builder.hpp
-- Symlinking: /home/saitama1/ros2_foxy/install/rcl_interfaces/include/rcl_interfaces/msg/detail/set_parameters_result__struct.hpp
-- Symlinking: /home/saitama1/ros2_foxy/install/rcl_interfaces/include/rcl_interfaces/msg/detail/set_parameters_result__traits.hpp
-- Symlinking: /home/saitama1/ros2_foxy/install/rcl_interfaces/include/rcl_interfaces/msg/floating_point_range.hpp
-- Symlinking: /home/saitama1/ros2_foxy/install/rcl_interfaces/include/rcl_interfaces/msg/integer_range.hpp
-- Symlinking: /home/saitama1/ros2_foxy/install/rcl_interfaces/include/rcl_interfaces/msg/list_parameters_result.hpp
-- Symlinking: /home/saitama1/ros2_foxy/install/rcl_interfaces/include/rcl_interfaces/msg/log.hpp
-- Symlinking: /home/saitama1/ros2_foxy/install/rcl_interfaces/include/rcl_interfaces/msg/parameter.hpp
-- Symlinking: /home/saitama1/ros2_foxy/install/rcl_interfaces/include/rcl_interfaces/msg/parameter_descriptor.hpp
-- Symlinking: /home/saitama1/ros2_foxy/install/rcl_interfaces/include/rcl_interfaces/msg/parameter_event.hpp
-- Symlinking: /home/saitama1/ros2_foxy/install/rcl_interfaces/include/rcl_interfaces/msg/parameter_event_descriptors.hpp
-- Symlinking: /home/saitama1/ros2_foxy/install/rcl_interfaces/include/rcl_interfaces/msg/parameter_type.hpp
-- Symlinking: /home/saitama1/ros2_foxy/install/rcl_interfaces/include/rcl_interfaces/msg/parameter_value.hpp
-- Symlinking: /home/saitama1/ros2_foxy/install/rcl_interfaces/include/rcl_interfaces/msg/set_parameters_result.hpp
-- Symlinking: /home/saitama1/ros2_foxy/install/rcl_interfaces/include/rcl_interfaces/srv/describe_parameters.hpp
-- Symlinking: /home/saitama1/ros2_foxy/install/rcl_interfaces/include/rcl_interfaces/srv/detail/describe_parameters__builder.hpp
-- Symlinking: /home/saitama1/ros2_foxy/install/rcl_interfaces/include/rcl_interfaces/srv/detail/describe_parameters__struct.hpp
-- Symlinking: /home/saitama1/ros2_foxy/install/rcl_interfaces/include/rcl_interfaces/srv/detail/describe_parameters__traits.hpp
-- Symlinking: /home/saitama1/ros2_foxy/install/rcl_interfaces/include/rcl_interfaces/srv/detail/get_parameter_types__builder.hpp
-- Symlinking: /home/saitama1/ros2_foxy/install/rcl_interfaces/include/rcl_interfaces/srv/detail/get_parameter_types__struct.hpp
-- Symlinking: /home/saitama1/ros2_foxy/install/rcl_interfaces/include/rcl_interfaces/srv/detail/get_parameter_types__traits.hpp
-- Symlinking: /home/saitama1/ros2_foxy/install/rcl_interfaces/include/rcl_interfaces/srv/detail/get_parameters__builder.hpp
-- Symlinking: /home/saitama1/ros2_foxy/install/rcl_interfaces/include/rcl_interfaces/srv/detail/get_parameters__struct.hpp
-- Symlinking: /home/saitama1/ros2_foxy/install/rcl_interfaces/include/rcl_interfaces/srv/detail/get_parameters__traits.hpp
-- Symlinking: /home/saitama1/ros2_foxy/install/rcl_interfaces/include/rcl_interfaces/srv/detail/list_parameters__builder.hpp
-- Symlinking: /home/saitama1/ros2_foxy/install/rcl_interfaces/include/rcl_interfaces/srv/detail/list_parameters__struct.hpp
-- Symlinking: /home/saitama1/ros2_foxy/install/rcl_interfaces/include/rcl_interfaces/srv/detail/list_parameters__traits.hpp
-- Symlinking: /home/saitama1/ros2_foxy/install/rcl_interfaces/include/rcl_interfaces/srv/detail/set_parameters__builder.hpp
-- Symlinking: /home/saitama1/ros2_foxy/install/rcl_interfaces/include/rcl_interfaces/srv/detail/set_parameters__struct.hpp
-- Symlinking: /home/saitama1/ros2_foxy/install/rcl_interfaces/include/rcl_interfaces/srv/detail/set_parameters__traits.hpp
-- Symlinking: /home/saitama1/ros2_foxy/install/rcl_interfaces/include/rcl_interfaces/srv/detail/set_parameters_atomically__builder.hpp
-- Symlinking: /home/saitama1/ros2_foxy/install/rcl_interfaces/include/rcl_interfaces/srv/detail/set_parameters_atomically__struct.hpp
-- Symlinking: /home/saitama1/ros2_foxy/install/rcl_interfaces/include/rcl_interfaces/srv/detail/set_parameters_atomically__traits.hpp
-- Symlinking: /home/saitama1/ros2_foxy/install/rcl_interfaces/include/rcl_interfaces/srv/get_parameter_types.hpp
-- Symlinking: /home/saitama1/ros2_foxy/install/rcl_interfaces/include/rcl_interfaces/srv/get_parameters.hpp
-- Symlinking: /home/saitama1/ros2_foxy/install/rcl_interfaces/include/rcl_interfaces/srv/list_parameters.hpp
-- Symlinking: /home/saitama1/ros2_foxy/install/rcl_interfaces/include/rcl_interfaces/srv/set_parameters.hpp
-- Symlinking: /home/saitama1/ros2_foxy/install/rcl_interfaces/include/rcl_interfaces/srv/set_parameters_atomically.hpp
-- Symlinking: /home/saitama1/ros2_foxy/install/rcl_interfaces/include/rcl_interfaces/msg/detail/floating_point_range__rosidl_typesupport_introspection_cpp.hpp
-- Symlinking: /home/saitama1/ros2_foxy/install/rcl_interfaces/include/rcl_interfaces/msg/detail/integer_range__rosidl_typesupport_introspection_cpp.hpp
-- Symlinking: /home/saitama1/ros2_foxy/install/rcl_interfaces/include/rcl_interfaces/msg/detail/list_parameters_result__rosidl_typesupport_introspection_cpp.hpp
-- Symlinking: /home/saitama1/ros2_foxy/install/rcl_interfaces/include/rcl_interfaces/msg/detail/log__rosidl_typesupport_introspection_cpp.hpp
-- Symlinking: /home/saitama1/ros2_foxy/install/rcl_interfaces/include/rcl_interfaces/msg/detail/parameter__rosidl_typesupport_introspection_cpp.hpp
-- Symlinking: /home/saitama1/ros2_foxy/install/rcl_interfaces/include/rcl_interfaces/msg/detail/parameter_descriptor__rosidl_typesupport_introspection_cpp.hpp
-- Symlinking: /home/saitama1/ros2_foxy/install/rcl_interfaces/include/rcl_interfaces/msg/detail/parameter_event__rosidl_typesupport_introspection_cpp.hpp
-- Symlinking: /home/saitama1/ros2_foxy/install/rcl_interfaces/include/rcl_interfaces/msg/detail/parameter_event_descriptors__rosidl_typesupport_introspection_cpp.hpp
-- Symlinking: /home/saitama1/ros2_foxy/install/rcl_interfaces/include/rcl_interfaces/msg/detail/parameter_type__rosidl_typesupport_introspection_cpp.hpp
-- Symlinking: /home/saitama1/ros2_foxy/install/rcl_interfaces/include/rcl_interfaces/msg/detail/parameter_value__rosidl_typesupport_introspection_cpp.hpp
-- Symlinking: /home/saitama1/ros2_foxy/install/rcl_interfaces/include/rcl_interfaces/msg/detail/set_parameters_result__rosidl_typesupport_introspection_cpp.hpp
-- Symlinking: /home/saitama1/ros2_foxy/install/rcl_interfaces/include/rcl_interfaces/srv/detail/describe_parameters__rosidl_typesupport_introspection_cpp.hpp
-- Symlinking: /home/saitama1/ros2_foxy/install/rcl_interfaces/include/rcl_interfaces/srv/detail/get_parameter_types__rosidl_typesupport_introspection_cpp.hpp
-- Symlinking: /home/saitama1/ros2_foxy/install/rcl_interfaces/include/rcl_interfaces/srv/detail/get_parameters__rosidl_typesupport_introspection_cpp.hpp
-- Symlinking: /home/saitama1/ros2_foxy/install/rcl_interfaces/include/rcl_interfaces/srv/detail/list_parameters__rosidl_typesupport_introspection_cpp.hpp
-- Symlinking: /home/saitama1/ros2_foxy/install/rcl_interfaces/include/rcl_interfaces/srv/detail/set_parameters__rosidl_typesupport_introspection_cpp.hpp
-- Symlinking: /home/saitama1/ros2_foxy/install/rcl_interfaces/include/rcl_interfaces/srv/detail/set_parameters_atomically__rosidl_typesupport_introspection_cpp.hpp
-- Symlinking: /home/saitama1/ros2_foxy/install/rcl_interfaces/share/rcl_interfaces/environment/pythonpath.sh
-- Symlinking: /home/saitama1/ros2_foxy/install/rcl_interfaces/share/rcl_interfaces/environment/pythonpath.dsv
-- Symlinking: /home/saitama1/ros2_foxy/install/rcl_interfaces/lib/python3.8/site-packages/rcl_interfaces/__init__.py
-- Symlinking: /home/saitama1/ros2_foxy/install/rcl_interfaces/lib/python3.8/site-packages/rcl_interfaces/msg/__init__.py
-- Symlinking: /home/saitama1/ros2_foxy/install/rcl_interfaces/lib/python3.8/site-packages/rcl_interfaces/msg/_floating_point_range.py
-- Symlinking: /home/saitama1/ros2_foxy/install/rcl_interfaces/lib/python3.8/site-packages/rcl_interfaces/msg/_integer_range.py
-- Symlinking: /home/saitama1/ros2_foxy/install/rcl_interfaces/lib/python3.8/site-packages/rcl_interfaces/msg/_list_parameters_result.py
-- Symlinking: /home/saitama1/ros2_foxy/install/rcl_interfaces/lib/python3.8/site-packages/rcl_interfaces/msg/_log.py
-- Symlinking: /home/saitama1/ros2_foxy/install/rcl_interfaces/lib/python3.8/site-packages/rcl_interfaces/msg/_parameter.py
-- Symlinking: /home/saitama1/ros2_foxy/install/rcl_interfaces/lib/python3.8/site-packages/rcl_interfaces/msg/_parameter_descriptor.py
-- Symlinking: /home/saitama1/ros2_foxy/install/rcl_interfaces/lib/python3.8/site-packages/rcl_interfaces/msg/_parameter_event.py
-- Symlinking: /home/saitama1/ros2_foxy/install/rcl_interfaces/lib/python3.8/site-packages/rcl_interfaces/msg/_parameter_event_descriptors.py
-- Symlinking: /home/saitama1/ros2_foxy/install/rcl_interfaces/lib/python3.8/site-packages/rcl_interfaces/msg/_parameter_type.py
-- Symlinking: /home/saitama1/ros2_foxy/install/rcl_interfaces/lib/python3.8/site-packages/rcl_interfaces/msg/_parameter_value.py
-- Symlinking: /home/saitama1/ros2_foxy/install/rcl_interfaces/lib/python3.8/site-packages/rcl_interfaces/msg/_set_parameters_result.py
-- Symlinking: /home/saitama1/ros2_foxy/install/rcl_interfaces/lib/python3.8/site-packages/rcl_interfaces/srv/__init__.py
-- Symlinking: /home/saitama1/ros2_foxy/install/rcl_interfaces/lib/python3.8/site-packages/rcl_interfaces/srv/_describe_parameters.py
-- Symlinking: /home/saitama1/ros2_foxy/install/rcl_interfaces/lib/python3.8/site-packages/rcl_interfaces/srv/_get_parameter_types.py
-- Symlinking: /home/saitama1/ros2_foxy/install/rcl_interfaces/lib/python3.8/site-packages/rcl_interfaces/srv/_get_parameters.py
-- Symlinking: /home/saitama1/ros2_foxy/install/rcl_interfaces/lib/python3.8/site-packages/rcl_interfaces/srv/_list_parameters.py
-- Symlinking: /home/saitama1/ros2_foxy/install/rcl_interfaces/lib/python3.8/site-packages/rcl_interfaces/srv/_set_parameters.py
-- Symlinking: /home/saitama1/ros2_foxy/install/rcl_interfaces/lib/python3.8/site-packages/rcl_interfaces/srv/_set_parameters_atomically.py
-- Symlinking: /home/saitama1/ros2_foxy/install/rcl_interfaces/lib/python3.8/site-packages/rcl_interfaces/rcl_interfaces_s__rosidl_typesupport_introspection_c.cpython-38-x86_64-linux-gnu.so
-- Symlinking: /home/saitama1/ros2_foxy/install/rcl_interfaces/lib/python3.8/site-packages/rcl_interfaces/rcl_interfaces_s__rosidl_typesupport_fastrtps_c.cpython-38-x86_64-linux-gnu.so
-- Symlinking: /home/saitama1/ros2_foxy/install/rcl_interfaces/lib/python3.8/site-packages/rcl_interfaces/rcl_interfaces_s__rosidl_typesupport_c.cpython-38-x86_64-linux-gnu.so
-- Symlinking: /home/saitama1/ros2_foxy/install/rcl_interfaces/lib/librcl_interfaces__python.so
-- Symlinking: /home/saitama1/ros2_foxy/install/rcl_interfaces/share/rcl_interfaces/msg/FloatingPointRange.idl
-- Symlinking: /home/saitama1/ros2_foxy/install/rcl_interfaces/share/rcl_interfaces/msg/IntegerRange.idl
-- Symlinking: /home/saitama1/ros2_foxy/install/rcl_interfaces/share/rcl_interfaces/msg/ListParametersResult.idl
-- Symlinking: /home/saitama1/ros2_foxy/install/rcl_interfaces/share/rcl_interfaces/msg/Log.idl
-- Symlinking: /home/saitama1/ros2_foxy/install/rcl_interfaces/share/rcl_interfaces/msg/ParameterDescriptor.idl
-- Symlinking: /home/saitama1/ros2_foxy/install/rcl_interfaces/share/rcl_interfaces/msg/ParameterEventDescriptors.idl
-- Symlinking: /home/saitama1/ros2_foxy/install/rcl_interfaces/share/rcl_interfaces/msg/ParameterEvent.idl
-- Symlinking: /home/saitama1/ros2_foxy/install/rcl_interfaces/share/rcl_interfaces/msg/Parameter.idl
-- Symlinking: /home/saitama1/ros2_foxy/install/rcl_interfaces/share/rcl_interfaces/msg/ParameterType.idl
-- Symlinking: /home/saitama1/ros2_foxy/install/rcl_interfaces/share/rcl_interfaces/msg/ParameterValue.idl
-- Symlinking: /home/saitama1/ros2_foxy/install/rcl_interfaces/share/rcl_interfaces/msg/SetParametersResult.idl
-- Symlinking: /home/saitama1/ros2_foxy/install/rcl_interfaces/share/rcl_interfaces/srv/DescribeParameters.idl
-- Symlinking: /home/saitama1/ros2_foxy/install/rcl_interfaces/share/rcl_interfaces/srv/GetParameters.idl
-- Symlinking: /home/saitama1/ros2_foxy/install/rcl_interfaces/share/rcl_interfaces/srv/GetParameterTypes.idl
-- Symlinking: /home/saitama1/ros2_foxy/install/rcl_interfaces/share/rcl_interfaces/srv/ListParameters.idl
-- Symlinking: /home/saitama1/ros2_foxy/install/rcl_interfaces/share/rcl_interfaces/srv/SetParametersAtomically.idl
-- Symlinking: /home/saitama1/ros2_foxy/install/rcl_interfaces/share/rcl_interfaces/srv/SetParameters.idl
-- Symlinking: /home/saitama1/ros2_foxy/install/rcl_interfaces/share/rcl_interfaces/msg/FloatingPointRange.msg
-- Symlinking: /home/saitama1/ros2_foxy/install/rcl_interfaces/share/rcl_interfaces/msg/IntegerRange.msg
-- Symlinking: /home/saitama1/ros2_foxy/install/rcl_interfaces/share/rcl_interfaces/msg/ListParametersResult.msg
-- Symlinking: /home/saitama1/ros2_foxy/install/rcl_interfaces/share/rcl_interfaces/msg/Log.msg
-- Symlinking: /home/saitama1/ros2_foxy/install/rcl_interfaces/share/rcl_interfaces/msg/ParameterDescriptor.msg
-- Symlinking: /home/saitama1/ros2_foxy/install/rcl_interfaces/share/rcl_interfaces/msg/ParameterEventDescriptors.msg
-- Symlinking: /home/saitama1/ros2_foxy/install/rcl_interfaces/share/rcl_interfaces/msg/ParameterEvent.msg
-- Symlinking: /home/saitama1/ros2_foxy/install/rcl_interfaces/share/rcl_interfaces/msg/Parameter.msg
-- Symlinking: /home/saitama1/ros2_foxy/install/rcl_interfaces/share/rcl_interfaces/msg/ParameterType.msg
-- Symlinking: /home/saitama1/ros2_foxy/install/rcl_interfaces/share/rcl_interfaces/msg/ParameterValue.msg
-- Symlinking: /home/saitama1/ros2_foxy/install/rcl_interfaces/share/rcl_interfaces/msg/SetParametersResult.msg
-- Symlinking: /home/saitama1/ros2_foxy/install/rcl_interfaces/share/rcl_interfaces/srv/DescribeParameters.srv
-- Symlinking: /home/saitama1/ros2_foxy/install/rcl_interfaces/share/rcl_interfaces/srv/DescribeParameters_Request.msg
-- Symlinking: /home/saitama1/ros2_foxy/install/rcl_interfaces/share/rcl_interfaces/srv/DescribeParameters_Response.msg
-- Symlinking: /home/saitama1/ros2_foxy/install/rcl_interfaces/share/rcl_interfaces/srv/GetParameters.srv
-- Symlinking: /home/saitama1/ros2_foxy/install/rcl_interfaces/share/rcl_interfaces/srv/GetParameters_Request.msg
-- Symlinking: /home/saitama1/ros2_foxy/install/rcl_interfaces/share/rcl_interfaces/srv/GetParameters_Response.msg
-- Symlinking: /home/saitama1/ros2_foxy/install/rcl_interfaces/share/rcl_interfaces/srv/GetParameterTypes.srv
-- Symlinking: /home/saitama1/ros2_foxy/install/rcl_interfaces/share/rcl_interfaces/srv/GetParameterTypes_Request.msg
-- Symlinking: /home/saitama1/ros2_foxy/install/rcl_interfaces/share/rcl_interfaces/srv/GetParameterTypes_Response.msg
-- Symlinking: /home/saitama1/ros2_foxy/install/rcl_interfaces/share/rcl_interfaces/srv/ListParameters.srv
-- Symlinking: /home/saitama1/ros2_foxy/install/rcl_interfaces/share/rcl_interfaces/srv/ListParameters_Request.msg
-- Symlinking: /home/saitama1/ros2_foxy/install/rcl_interfaces/share/rcl_interfaces/srv/ListParameters_Response.msg
-- Symlinking: /home/saitama1/ros2_foxy/install/rcl_interfaces/share/rcl_interfaces/srv/SetParametersAtomically.srv
-- Symlinking: /home/saitama1/ros2_foxy/install/rcl_interfaces/share/rcl_interfaces/srv/SetParametersAtomically_Request.msg
-- Symlinking: /home/saitama1/ros2_foxy/install/rcl_interfaces/share/rcl_interfaces/srv/SetParametersAtomically_Response.msg
-- Symlinking: /home/saitama1/ros2_foxy/install/rcl_interfaces/share/rcl_interfaces/srv/SetParameters.srv
-- Symlinking: /home/saitama1/ros2_foxy/install/rcl_interfaces/share/rcl_interfaces/srv/SetParameters_Request.msg
-- Symlinking: /home/saitama1/ros2_foxy/install/rcl_interfaces/share/rcl_interfaces/srv/SetParameters_Response.msg
-- Symlinking: /home/saitama1/ros2_foxy/install/rcl_interfaces/share/rcl_interfaces/mapping_rules.yaml
-- Symlinking: /home/saitama1/ros2_foxy/install/rcl_interfaces/share/ament_index/resource_index/package_run_dependencies/rcl_interfaces
-- Symlinking: /home/saitama1/ros2_foxy/install/rcl_interfaces/share/ament_index/resource_index/parent_prefix_path/rcl_interfaces
-- Symlinking: /home/saitama1/ros2_foxy/install/rcl_interfaces/share/rcl_interfaces/environment/ament_prefix_path.sh
-- Symlinking: /home/saitama1/ros2_foxy/install/rcl_interfaces/share/rcl_interfaces/environment/ament_prefix_path.dsv
-- Symlinking: /home/saitama1/ros2_foxy/install/rcl_interfaces/share/rcl_interfaces/environment/path.sh
-- Symlinking: /home/saitama1/ros2_foxy/install/rcl_interfaces/share/rcl_interfaces/environment/path.dsv
-- Symlinking: /home/saitama1/ros2_foxy/install/rcl_interfaces/share/rcl_interfaces/local_setup.bash
-- Symlinking: /home/saitama1/ros2_foxy/install/rcl_interfaces/share/rcl_interfaces/local_setup.sh
-- Symlinking: /home/saitama1/ros2_foxy/install/rcl_interfaces/share/rcl_interfaces/local_setup.zsh
-- Symlinking: /home/saitama1/ros2_foxy/install/rcl_interfaces/share/rcl_interfaces/local_setup.dsv
-- Symlinking: /home/saitama1/ros2_foxy/install/rcl_interfaces/share/rcl_interfaces/package.dsv
-- Symlinking: /home/saitama1/ros2_foxy/install/rcl_interfaces/share/ament_index/resource_index/packages/rcl_interfaces
-- Symlinking: /home/saitama1/ros2_foxy/install/rcl_interfaces/share/rcl_interfaces/cmake/rosidl_cmake-extras.cmake
-- Symlinking: /home/saitama1/ros2_foxy/install/rcl_interfaces/share/rcl_interfaces/cmake/ament_cmake_export_dependencies-extras.cmake
-- Symlinking: /home/saitama1/ros2_foxy/install/rcl_interfaces/share/rcl_interfaces/cmake/ament_cmake_export_libraries-extras.cmake
-- Symlinking: /home/saitama1/ros2_foxy/install/rcl_interfaces/share/rcl_interfaces/cmake/ament_cmake_export_targets-extras.cmake
-- Symlinking: /home/saitama1/ros2_foxy/install/rcl_interfaces/share/rcl_interfaces/cmake/ament_cmake_export_include_directories-extras.cmake
-- Symlinking: /home/saitama1/ros2_foxy/install/rcl_interfaces/share/rcl_interfaces/cmake/rosidl_cmake_export_typesupport_targets-extras.cmake
-- Symlinking: /home/saitama1/ros2_foxy/install/rcl_interfaces/share/rcl_interfaces/cmake/rosidl_cmake_export_typesupport_libraries-extras.cmake
-- Symlinking: /home/saitama1/ros2_foxy/install/rcl_interfaces/share/rcl_interfaces/cmake/rcl_interfacesConfig.cmake
-- Symlinking: /home/saitama1/ros2_foxy/install/rcl_interfaces/share/rcl_interfaces/cmake/rcl_interfacesConfig-version.cmake
-- Symlinking: /home/saitama1/ros2_foxy/install/rcl_interfaces/share/rcl_interfaces/package.xml
-- Installing: /home/saitama1/ros2_foxy/install/rcl_interfaces/lib/librcl_interfaces__rosidl_generator_c.so
-- Set runtime path of "/home/saitama1/ros2_foxy/install/rcl_interfaces/lib/librcl_interfaces__rosidl_generator_c.so" to ""
-- Installing: /home/saitama1/ros2_foxy/install/rcl_interfaces/lib/librcl_interfaces__rosidl_typesupport_introspection_c.so
-- Set runtime path of "/home/saitama1/ros2_foxy/install/rcl_interfaces/lib/librcl_interfaces__rosidl_typesupport_introspection_c.so" to ""
-- Installing: /home/saitama1/ros2_foxy/install/rcl_interfaces/lib/librcl_interfaces__rosidl_typesupport_c.so
-- Set runtime path of "/home/saitama1/ros2_foxy/install/rcl_interfaces/lib/librcl_interfaces__rosidl_typesupport_c.so" to ""
-- Installing: /home/saitama1/ros2_foxy/install/rcl_interfaces/lib/librcl_interfaces__rosidl_typesupport_introspection_cpp.so
-- Set runtime path of "/home/saitama1/ros2_foxy/install/rcl_interfaces/lib/librcl_interfaces__rosidl_typesupport_introspection_cpp.so" to ""
-- Installing: /home/saitama1/ros2_foxy/install/rcl_interfaces/lib/librcl_interfaces__rosidl_typesupport_cpp.so
-- Set runtime path of "/home/saitama1/ros2_foxy/install/rcl_interfaces/lib/librcl_interfaces__rosidl_typesupport_cpp.so" to ""
Compiling '/home/saitama1/ros2_foxy/install/rcl_interfaces/lib/python3.8/site-packages/rcl_interfaces/__init__.py'...
-- Up-to-date: /home/saitama1/ros2_foxy/install/rcl_interfaces/share/rcl_interfaces/cmake/rcl_interfaces__rosidl_generator_cExport.cmake
-- Installing: /home/saitama1/ros2_foxy/install/rcl_interfaces/share/rcl_interfaces/cmake/rcl_interfaces__rosidl_generator_cExport-noconfig.cmake
-- Up-to-date: /home/saitama1/ros2_foxy/install/rcl_interfaces/share/rcl_interfaces/cmake/rcl_interfaces__rosidl_typesupport_introspection_cExport.cmake
-- Installing: /home/saitama1/ros2_foxy/install/rcl_interfaces/share/rcl_interfaces/cmake/rcl_interfaces__rosidl_typesupport_introspection_cExport-noconfig.cmake
-- Up-to-date: /home/saitama1/ros2_foxy/install/rcl_interfaces/share/rcl_interfaces/cmake/rcl_interfaces__rosidl_typesupport_cExport.cmake
-- Installing: /home/saitama1/ros2_foxy/install/rcl_interfaces/share/rcl_interfaces/cmake/rcl_interfaces__rosidl_typesupport_cExport-noconfig.cmake
-- Up-to-date: /home/saitama1/ros2_foxy/install/rcl_interfaces/share/rcl_interfaces/cmake/rcl_interfaces__rosidl_generator_cppExport.cmake
-- Up-to-date: /home/saitama1/ros2_foxy/install/rcl_interfaces/share/rcl_interfaces/cmake/rcl_interfaces__rosidl_typesupport_introspection_cppExport.cmake
-- Installing: /home/saitama1/ros2_foxy/install/rcl_interfaces/share/rcl_interfaces/cmake/rcl_interfaces__rosidl_typesupport_introspection_cppExport-noconfig.cmake
-- Up-to-date: /home/saitama1/ros2_foxy/install/rcl_interfaces/share/rcl_interfaces/cmake/rcl_interfaces__rosidl_typesupport_cppExport.cmake
-- Installing: /home/saitama1/ros2_foxy/install/rcl_interfaces/share/rcl_interfaces/cmake/rcl_interfaces__rosidl_typesupport_cppExport-noconfig.cmake
