[0.352s] Invoking command in '/home/saitama1/ros2_foxy/build/ament_cmake_core': AMENT_PREFIX_PATH=/home/saitama1/ros2_foxy/install/ament_package:/home/saitama1/ros2_foxy/install/test_interface_files:/home/saitama1/ros2_foxy/install/ros_environment:/home/saitama1/ros2_foxy/install/osrf_pycommon:/home/saitama1/ros2_foxy/install/ament_pyflakes:/home/saitama1/ros2_foxy/install/ament_pycodestyle:/home/saitama1/ros2_foxy/install/ament_pep257:/home/saitama1/ros2_foxy/install/ament_cmake_version:/home/saitama1/ros2_foxy/install/ament_cmake_test:/home/saitama1/ros2_foxy/install/ament_cmake_target_dependencies:/home/saitama1/ros2_foxy/install/ament_cmake_python:/home/saitama1/ros2_foxy/install/ament_cmake_export_dependencies:/home/saitama1/ros2_foxy/install/ament_cmake_libraries:/home/saitama1/ros2_foxy/install/ament_cmake_include_directories:/home/saitama1/ros2_foxy/install/ament_cmake_export_targets:/home/saitama1/ros2_foxy/install/ament_cmake_export_link_flags:/home/saitama1/ros2_foxy/install/ament_cmake_export_interfaces:/home/saitama1/ros2_foxy/install/ament_cmake_export_libraries:/home/saitama1/ros2_foxy/install/ament_cmake_export_include_directories:/home/saitama1/ros2_foxy/install/ament_cmake_export_definitions:/home/saitama1/ros2_foxy/install/ament_cmake_core:/home/saitama1/ros2_foxy/install/ament_mypy:/home/saitama1/ros2_foxy/install/ament_flake8:/home/saitama1/ros2_foxy/install/ament_copyright:/home/saitama1/ros2_foxy/install/ament_lint:/home/saitama1/ros2_foxy/install/ament_cppcheck CMAKE_PREFIX_PATH=${CMAKE_PREFIX_PATH}:/home/saitama1/ros2_foxy/install/osrf_pycommon:/home/saitama1/ros2_foxy/install/ament_pyflakes:/home/saitama1/ros2_foxy/install/ament_pycodestyle:/home/saitama1/ros2_foxy/install/ament_pep257:/home/saitama1/ros2_foxy/install/ament_package:/home/saitama1/ros2_foxy/install/ament_mypy:/home/saitama1/ros2_foxy/install/ament_flake8:/home/saitama1/ros2_foxy/install/ament_copyright:/home/saitama1/ros2_foxy/install/ament_lint:/home/saitama1/ros2_foxy/install/ament_cppcheck PYTHONPATH=/home/saitama1/ros2_foxy/install/ament_package/lib/python3.8/site-packages:/home/saitama1/ros2_foxy/install/osrf_pycommon/lib/python3.8/site-packages:/home/saitama1/ros2_foxy/install/ament_pyflakes/lib/python3.8/site-packages:/home/saitama1/ros2_foxy/install/ament_pycodestyle/lib/python3.8/site-packages:/home/saitama1/ros2_foxy/install/ament_pep257/lib/python3.8/site-packages:/home/saitama1/ros2_foxy/install/ament_cmake_test/lib/python3.8/site-packages:/home/saitama1/ros2_foxy/install/ament_mypy/lib/python3.8/site-packages:/home/saitama1/ros2_foxy/install/ament_flake8/lib/python3.8/site-packages:/home/saitama1/ros2_foxy/install/ament_copyright/lib/python3.8/site-packages:/home/saitama1/ros2_foxy/install/ament_lint/lib/python3.8/site-packages:/home/saitama1/ros2_foxy/install/ament_cppcheck/lib/python3.8/site-packages /usr/bin/cmake --build /home/saitama1/ros2_foxy/build/ament_cmake_core -- -j12 -l12
[0.387s] Invoked command in '/home/saitama1/ros2_foxy/build/ament_cmake_core' returned '0': AMENT_PREFIX_PATH=/home/saitama1/ros2_foxy/install/ament_package:/home/saitama1/ros2_foxy/install/test_interface_files:/home/saitama1/ros2_foxy/install/ros_environment:/home/saitama1/ros2_foxy/install/osrf_pycommon:/home/saitama1/ros2_foxy/install/ament_pyflakes:/home/saitama1/ros2_foxy/install/ament_pycodestyle:/home/saitama1/ros2_foxy/install/ament_pep257:/home/saitama1/ros2_foxy/install/ament_cmake_version:/home/saitama1/ros2_foxy/install/ament_cmake_test:/home/saitama1/ros2_foxy/install/ament_cmake_target_dependencies:/home/saitama1/ros2_foxy/install/ament_cmake_python:/home/saitama1/ros2_foxy/install/ament_cmake_export_dependencies:/home/saitama1/ros2_foxy/install/ament_cmake_libraries:/home/saitama1/ros2_foxy/install/ament_cmake_include_directories:/home/saitama1/ros2_foxy/install/ament_cmake_export_targets:/home/saitama1/ros2_foxy/install/ament_cmake_export_link_flags:/home/saitama1/ros2_foxy/install/ament_cmake_export_interfaces:/home/saitama1/ros2_foxy/install/ament_cmake_export_libraries:/home/saitama1/ros2_foxy/install/ament_cmake_export_include_directories:/home/saitama1/ros2_foxy/install/ament_cmake_export_definitions:/home/saitama1/ros2_foxy/install/ament_cmake_core:/home/saitama1/ros2_foxy/install/ament_mypy:/home/saitama1/ros2_foxy/install/ament_flake8:/home/saitama1/ros2_foxy/install/ament_copyright:/home/saitama1/ros2_foxy/install/ament_lint:/home/saitama1/ros2_foxy/install/ament_cppcheck CMAKE_PREFIX_PATH=${CMAKE_PREFIX_PATH}:/home/saitama1/ros2_foxy/install/osrf_pycommon:/home/saitama1/ros2_foxy/install/ament_pyflakes:/home/saitama1/ros2_foxy/install/ament_pycodestyle:/home/saitama1/ros2_foxy/install/ament_pep257:/home/saitama1/ros2_foxy/install/ament_package:/home/saitama1/ros2_foxy/install/ament_mypy:/home/saitama1/ros2_foxy/install/ament_flake8:/home/saitama1/ros2_foxy/install/ament_copyright:/home/saitama1/ros2_foxy/install/ament_lint:/home/saitama1/ros2_foxy/install/ament_cppcheck PYTHONPATH=/home/saitama1/ros2_foxy/install/ament_package/lib/python3.8/site-packages:/home/saitama1/ros2_foxy/install/osrf_pycommon/lib/python3.8/site-packages:/home/saitama1/ros2_foxy/install/ament_pyflakes/lib/python3.8/site-packages:/home/saitama1/ros2_foxy/install/ament_pycodestyle/lib/python3.8/site-packages:/home/saitama1/ros2_foxy/install/ament_pep257/lib/python3.8/site-packages:/home/saitama1/ros2_foxy/install/ament_cmake_test/lib/python3.8/site-packages:/home/saitama1/ros2_foxy/install/ament_mypy/lib/python3.8/site-packages:/home/saitama1/ros2_foxy/install/ament_flake8/lib/python3.8/site-packages:/home/saitama1/ros2_foxy/install/ament_copyright/lib/python3.8/site-packages:/home/saitama1/ros2_foxy/install/ament_lint/lib/python3.8/site-packages:/home/saitama1/ros2_foxy/install/ament_cppcheck/lib/python3.8/site-packages /usr/bin/cmake --build /home/saitama1/ros2_foxy/build/ament_cmake_core -- -j12 -l12
[0.410s] Invoking command in '/home/saitama1/ros2_foxy/build/ament_cmake_core': AMENT_PREFIX_PATH=/home/saitama1/ros2_foxy/install/ament_package:/home/saitama1/ros2_foxy/install/test_interface_files:/home/saitama1/ros2_foxy/install/ros_environment:/home/saitama1/ros2_foxy/install/osrf_pycommon:/home/saitama1/ros2_foxy/install/ament_pyflakes:/home/saitama1/ros2_foxy/install/ament_pycodestyle:/home/saitama1/ros2_foxy/install/ament_pep257:/home/saitama1/ros2_foxy/install/ament_cmake_version:/home/saitama1/ros2_foxy/install/ament_cmake_test:/home/saitama1/ros2_foxy/install/ament_cmake_target_dependencies:/home/saitama1/ros2_foxy/install/ament_cmake_python:/home/saitama1/ros2_foxy/install/ament_cmake_export_dependencies:/home/saitama1/ros2_foxy/install/ament_cmake_libraries:/home/saitama1/ros2_foxy/install/ament_cmake_include_directories:/home/saitama1/ros2_foxy/install/ament_cmake_export_targets:/home/saitama1/ros2_foxy/install/ament_cmake_export_link_flags:/home/saitama1/ros2_foxy/install/ament_cmake_export_interfaces:/home/saitama1/ros2_foxy/install/ament_cmake_export_libraries:/home/saitama1/ros2_foxy/install/ament_cmake_export_include_directories:/home/saitama1/ros2_foxy/install/ament_cmake_export_definitions:/home/saitama1/ros2_foxy/install/ament_cmake_core:/home/saitama1/ros2_foxy/install/ament_mypy:/home/saitama1/ros2_foxy/install/ament_flake8:/home/saitama1/ros2_foxy/install/ament_copyright:/home/saitama1/ros2_foxy/install/ament_lint:/home/saitama1/ros2_foxy/install/ament_cppcheck CMAKE_PREFIX_PATH=${CMAKE_PREFIX_PATH}:/home/saitama1/ros2_foxy/install/osrf_pycommon:/home/saitama1/ros2_foxy/install/ament_pyflakes:/home/saitama1/ros2_foxy/install/ament_pycodestyle:/home/saitama1/ros2_foxy/install/ament_pep257:/home/saitama1/ros2_foxy/install/ament_package:/home/saitama1/ros2_foxy/install/ament_mypy:/home/saitama1/ros2_foxy/install/ament_flake8:/home/saitama1/ros2_foxy/install/ament_copyright:/home/saitama1/ros2_foxy/install/ament_lint:/home/saitama1/ros2_foxy/install/ament_cppcheck PYTHONPATH=/home/saitama1/ros2_foxy/install/ament_package/lib/python3.8/site-packages:/home/saitama1/ros2_foxy/install/osrf_pycommon/lib/python3.8/site-packages:/home/saitama1/ros2_foxy/install/ament_pyflakes/lib/python3.8/site-packages:/home/saitama1/ros2_foxy/install/ament_pycodestyle/lib/python3.8/site-packages:/home/saitama1/ros2_foxy/install/ament_pep257/lib/python3.8/site-packages:/home/saitama1/ros2_foxy/install/ament_cmake_test/lib/python3.8/site-packages:/home/saitama1/ros2_foxy/install/ament_mypy/lib/python3.8/site-packages:/home/saitama1/ros2_foxy/install/ament_flake8/lib/python3.8/site-packages:/home/saitama1/ros2_foxy/install/ament_copyright/lib/python3.8/site-packages:/home/saitama1/ros2_foxy/install/ament_lint/lib/python3.8/site-packages:/home/saitama1/ros2_foxy/install/ament_cppcheck/lib/python3.8/site-packages /usr/bin/cmake --install /home/saitama1/ros2_foxy/build/ament_cmake_core
[0.417s] -- Install configuration: ""
[0.417s] -- Up-to-date: /home/saitama1/ros2_foxy/install/ament_cmake_core/share/ament_index/resource_index/package_run_dependencies/ament_cmake_core
[0.417s] -- Up-to-date: /home/saitama1/ros2_foxy/install/ament_cmake_core/share/ament_index/resource_index/parent_prefix_path/ament_cmake_core
[0.417s] -- Up-to-date: /home/saitama1/ros2_foxy/install/ament_cmake_core/share/ament_cmake_core/environment/ament_prefix_path.sh
[0.417s] -- Up-to-date: /home/saitama1/ros2_foxy/install/ament_cmake_core/share/ament_cmake_core/environment/ament_prefix_path.dsv
[0.418s] -- Up-to-date: /home/saitama1/ros2_foxy/install/ament_cmake_core/share/ament_cmake_core/environment/path.sh
[0.418s] -- Up-to-date: /home/saitama1/ros2_foxy/install/ament_cmake_core/share/ament_cmake_core/environment/path.dsv
[0.418s] -- Up-to-date: /home/saitama1/ros2_foxy/install/ament_cmake_core/share/ament_cmake_core/local_setup.bash
[0.418s] -- Up-to-date: /home/saitama1/ros2_foxy/install/ament_cmake_core/share/ament_cmake_core/local_setup.sh
[0.418s] -- Up-to-date: /home/saitama1/ros2_foxy/install/ament_cmake_core/share/ament_cmake_core/local_setup.zsh
[0.418s] -- Up-to-date: /home/saitama1/ros2_foxy/install/ament_cmake_core/share/ament_cmake_core/local_setup.dsv
[0.418s] -- Up-to-date: /home/saitama1/ros2_foxy/install/ament_cmake_core/share/ament_cmake_core/package.dsv
[0.418s] -- Up-to-date: /home/saitama1/ros2_foxy/install/ament_cmake_core/share/ament_index/resource_index/packages/ament_cmake_core
[0.418s] -- Up-to-date: /home/saitama1/ros2_foxy/install/ament_cmake_core/share/ament_cmake_core/cmake/ament_cmake_core-extras.cmake
[0.419s] -- Up-to-date: /home/saitama1/ros2_foxy/install/ament_cmake_core/share/ament_cmake_core/cmake/ament_cmake_environment-extras.cmake
[0.419s] -- Up-to-date: /home/saitama1/ros2_foxy/install/ament_cmake_core/share/ament_cmake_core/cmake/ament_cmake_environment_hooks-extras.cmake
[0.419s] -- Up-to-date: /home/saitama1/ros2_foxy/install/ament_cmake_core/share/ament_cmake_core/cmake/ament_cmake_index-extras.cmake
[0.419s] -- Up-to-date: /home/saitama1/ros2_foxy/install/ament_cmake_core/share/ament_cmake_core/cmake/ament_cmake_package_templates-extras.cmake
[0.419s] -- Up-to-date: /home/saitama1/ros2_foxy/install/ament_cmake_core/share/ament_cmake_core/cmake/ament_cmake_uninstall_target-extras.cmake
[0.419s] -- Up-to-date: /home/saitama1/ros2_foxy/install/ament_cmake_core/share/ament_cmake_core/cmake/ament_cmake_symlink_install-extras.cmake
[0.419s] -- Up-to-date: /home/saitama1/ros2_foxy/install/ament_cmake_core/share/ament_cmake_core/cmake/ament_cmake_coreConfig.cmake
[0.419s] -- Up-to-date: /home/saitama1/ros2_foxy/install/ament_cmake_core/share/ament_cmake_core/cmake/ament_cmake_coreConfig-version.cmake
[0.420s] -- Up-to-date: /home/saitama1/ros2_foxy/install/ament_cmake_core/share/ament_cmake_core/package.xml
[0.420s] -- Up-to-date: /home/saitama1/ros2_foxy/install/ament_cmake_core/share/ament_cmake_core/cmake
[0.420s] -- Up-to-date: /home/saitama1/ros2_foxy/install/ament_cmake_core/share/ament_cmake_core/cmake/environment_hooks
[0.420s] -- Up-to-date: /home/saitama1/ros2_foxy/install/ament_cmake_core/share/ament_cmake_core/cmake/environment_hooks/environment
[0.420s] -- Up-to-date: /home/saitama1/ros2_foxy/install/ament_cmake_core/share/ament_cmake_core/cmake/environment_hooks/environment/ament_prefix_path.sh
[0.420s] -- Up-to-date: /home/saitama1/ros2_foxy/install/ament_cmake_core/share/ament_cmake_core/cmake/environment_hooks/environment/path.bat
[0.420s] -- Up-to-date: /home/saitama1/ros2_foxy/install/ament_cmake_core/share/ament_cmake_core/cmake/environment_hooks/environment/path.sh
[0.420s] -- Up-to-date: /home/saitama1/ros2_foxy/install/ament_cmake_core/share/ament_cmake_core/cmake/environment_hooks/environment/ament_prefix_path.bat
[0.420s] -- Up-to-date: /home/saitama1/ros2_foxy/install/ament_cmake_core/share/ament_cmake_core/cmake/environment_hooks/ament_generate_package_environment.cmake
[0.420s] -- Up-to-date: /home/saitama1/ros2_foxy/install/ament_cmake_core/share/ament_cmake_core/cmake/environment_hooks/ament_cmake_environment_hooks_package_hook.cmake
[0.420s] -- Up-to-date: /home/saitama1/ros2_foxy/install/ament_cmake_core/share/ament_cmake_core/cmake/environment_hooks/ament_environment_hooks.cmake
[0.420s] -- Up-to-date: /home/saitama1/ros2_foxy/install/ament_cmake_core/share/ament_cmake_core/cmake/package_templates
[0.420s] -- Up-to-date: /home/saitama1/ros2_foxy/install/ament_cmake_core/share/ament_cmake_core/cmake/package_templates/templates_2_cmake.py
[0.421s] -- Up-to-date: /home/saitama1/ros2_foxy/install/ament_cmake_core/share/ament_cmake_core/cmake/index
[0.421s] -- Up-to-date: /home/saitama1/ros2_foxy/install/ament_cmake_core/share/ament_cmake_core/cmake/index/ament_index_has_resource.cmake
[0.421s] -- Up-to-date: /home/saitama1/ros2_foxy/install/ament_cmake_core/share/ament_cmake_core/cmake/index/ament_index_get_resource.cmake
[0.423s] -- Up-to-date: /home/saitama1/ros2_foxy/install/ament_cmake_core/share/ament_cmake_core/cmake/index/ament_cmake_index_package_hook.cmake
[0.423s] -- Up-to-date: /home/saitama1/ros2_foxy/install/ament_cmake_core/share/ament_cmake_core/cmake/index/ament_index_get_resources.cmake
[0.423s] -- Up-to-date: /home/saitama1/ros2_foxy/install/ament_cmake_core/share/ament_cmake_core/cmake/index/ament_index_get_prefix_path.cmake
[0.423s] -- Up-to-date: /home/saitama1/ros2_foxy/install/ament_cmake_core/share/ament_cmake_core/cmake/index/ament_index_register_resource.cmake
[0.423s] -- Up-to-date: /home/saitama1/ros2_foxy/install/ament_cmake_core/share/ament_cmake_core/cmake/index/ament_index_register_package.cmake
[0.423s] -- Up-to-date: /home/saitama1/ros2_foxy/install/ament_cmake_core/share/ament_cmake_core/cmake/environment
[0.423s] -- Up-to-date: /home/saitama1/ros2_foxy/install/ament_cmake_core/share/ament_cmake_core/cmake/environment/ament_generate_environment.cmake
[0.423s] -- Up-to-date: /home/saitama1/ros2_foxy/install/ament_cmake_core/share/ament_cmake_core/cmake/environment/ament_cmake_environment_package_hook.cmake
[0.424s] -- Up-to-date: /home/saitama1/ros2_foxy/install/ament_cmake_core/share/ament_cmake_core/cmake/uninstall_target
[0.424s] -- Up-to-date: /home/saitama1/ros2_foxy/install/ament_cmake_core/share/ament_cmake_core/cmake/uninstall_target/ament_cmake_uninstall_target.cmake.in
[0.424s] -- Up-to-date: /home/saitama1/ros2_foxy/install/ament_cmake_core/share/ament_cmake_core/cmake/uninstall_target/ament_cmake_uninstall_target_append_uninstall_code.cmake
[0.424s] -- Up-to-date: /home/saitama1/ros2_foxy/install/ament_cmake_core/share/ament_cmake_core/cmake/core
[0.424s] -- Up-to-date: /home/saitama1/ros2_foxy/install/ament_cmake_core/share/ament_cmake_core/cmake/core/list_append_unique.cmake
[0.424s] -- Up-to-date: /home/saitama1/ros2_foxy/install/ament_cmake_core/share/ament_cmake_core/cmake/core/ament_package_xml.cmake
[0.424s] -- Up-to-date: /home/saitama1/ros2_foxy/install/ament_cmake_core/share/ament_cmake_core/cmake/core/ament_execute_extensions.cmake
[0.425s] -- Up-to-date: /home/saitama1/ros2_foxy/install/ament_cmake_core/share/ament_cmake_core/cmake/core/python.cmake
[0.425s] -- Up-to-date: /home/saitama1/ros2_foxy/install/ament_cmake_core/share/ament_cmake_core/cmake/core/package_xml_2_cmake.py
[0.425s] -- Up-to-date: /home/saitama1/ros2_foxy/install/ament_cmake_core/share/ament_cmake_core/cmake/core/stamp.cmake
[0.425s] -- Up-to-date: /home/saitama1/ros2_foxy/install/ament_cmake_core/share/ament_cmake_core/cmake/core/templates
[0.425s] -- Up-to-date: /home/saitama1/ros2_foxy/install/ament_cmake_core/share/ament_cmake_core/cmake/core/templates/nameConfig-version.cmake.in
[0.425s] -- Up-to-date: /home/saitama1/ros2_foxy/install/ament_cmake_core/share/ament_cmake_core/cmake/core/templates/nameConfig.cmake.in
[0.426s] -- Up-to-date: /home/saitama1/ros2_foxy/install/ament_cmake_core/share/ament_cmake_core/cmake/core/normalize_path.cmake
[0.426s] -- Up-to-date: /home/saitama1/ros2_foxy/install/ament_cmake_core/share/ament_cmake_core/cmake/core/ament_package.cmake
[0.426s] -- Up-to-date: /home/saitama1/ros2_foxy/install/ament_cmake_core/share/ament_cmake_core/cmake/core/assert_file_exists.cmake
[0.426s] -- Up-to-date: /home/saitama1/ros2_foxy/install/ament_cmake_core/share/ament_cmake_core/cmake/core/all.cmake
[0.427s] -- Up-to-date: /home/saitama1/ros2_foxy/install/ament_cmake_core/share/ament_cmake_core/cmake/core/ament_register_extension.cmake
[0.427s] -- Up-to-date: /home/saitama1/ros2_foxy/install/ament_cmake_core/share/ament_cmake_core/cmake/core/string_ends_with.cmake
[0.427s] -- Up-to-date: /home/saitama1/ros2_foxy/install/ament_cmake_core/share/ament_cmake_core/cmake/symlink_install
[0.427s] -- Up-to-date: /home/saitama1/ros2_foxy/install/ament_cmake_core/share/ament_cmake_core/cmake/symlink_install/ament_cmake_symlink_install.cmake.in
[0.427s] -- Up-to-date: /home/saitama1/ros2_foxy/install/ament_cmake_core/share/ament_cmake_core/cmake/symlink_install/ament_cmake_symlink_install_programs.cmake
[0.427s] -- Up-to-date: /home/saitama1/ros2_foxy/install/ament_cmake_core/share/ament_cmake_core/cmake/symlink_install/install.cmake
[0.427s] -- Up-to-date: /home/saitama1/ros2_foxy/install/ament_cmake_core/share/ament_cmake_core/cmake/symlink_install/ament_cmake_symlink_install_targets.cmake
[0.427s] -- Up-to-date: /home/saitama1/ros2_foxy/install/ament_cmake_core/share/ament_cmake_core/cmake/symlink_install/ament_cmake_symlink_install_uninstall_script.cmake.in
[0.428s] -- Up-to-date: /home/saitama1/ros2_foxy/install/ament_cmake_core/share/ament_cmake_core/cmake/symlink_install/ament_cmake_symlink_install_append_install_code.cmake
[0.428s] -- Up-to-date: /home/saitama1/ros2_foxy/install/ament_cmake_core/share/ament_cmake_core/cmake/symlink_install/ament_cmake_symlink_install_directory.cmake
[0.428s] -- Up-to-date: /home/saitama1/ros2_foxy/install/ament_cmake_core/share/ament_cmake_core/cmake/symlink_install/ament_cmake_symlink_install_files.cmake
[0.429s] Invoked command in '/home/saitama1/ros2_foxy/build/ament_cmake_core' returned '0': AMENT_PREFIX_PATH=/home/saitama1/ros2_foxy/install/ament_package:/home/saitama1/ros2_foxy/install/test_interface_files:/home/saitama1/ros2_foxy/install/ros_environment:/home/saitama1/ros2_foxy/install/osrf_pycommon:/home/saitama1/ros2_foxy/install/ament_pyflakes:/home/saitama1/ros2_foxy/install/ament_pycodestyle:/home/saitama1/ros2_foxy/install/ament_pep257:/home/saitama1/ros2_foxy/install/ament_cmake_version:/home/saitama1/ros2_foxy/install/ament_cmake_test:/home/saitama1/ros2_foxy/install/ament_cmake_target_dependencies:/home/saitama1/ros2_foxy/install/ament_cmake_python:/home/saitama1/ros2_foxy/install/ament_cmake_export_dependencies:/home/saitama1/ros2_foxy/install/ament_cmake_libraries:/home/saitama1/ros2_foxy/install/ament_cmake_include_directories:/home/saitama1/ros2_foxy/install/ament_cmake_export_targets:/home/saitama1/ros2_foxy/install/ament_cmake_export_link_flags:/home/saitama1/ros2_foxy/install/ament_cmake_export_interfaces:/home/saitama1/ros2_foxy/install/ament_cmake_export_libraries:/home/saitama1/ros2_foxy/install/ament_cmake_export_include_directories:/home/saitama1/ros2_foxy/install/ament_cmake_export_definitions:/home/saitama1/ros2_foxy/install/ament_cmake_core:/home/saitama1/ros2_foxy/install/ament_mypy:/home/saitama1/ros2_foxy/install/ament_flake8:/home/saitama1/ros2_foxy/install/ament_copyright:/home/saitama1/ros2_foxy/install/ament_lint:/home/saitama1/ros2_foxy/install/ament_cppcheck CMAKE_PREFIX_PATH=${CMAKE_PREFIX_PATH}:/home/saitama1/ros2_foxy/install/osrf_pycommon:/home/saitama1/ros2_foxy/install/ament_pyflakes:/home/saitama1/ros2_foxy/install/ament_pycodestyle:/home/saitama1/ros2_foxy/install/ament_pep257:/home/saitama1/ros2_foxy/install/ament_package:/home/saitama1/ros2_foxy/install/ament_mypy:/home/saitama1/ros2_foxy/install/ament_flake8:/home/saitama1/ros2_foxy/install/ament_copyright:/home/saitama1/ros2_foxy/install/ament_lint:/home/saitama1/ros2_foxy/install/ament_cppcheck PYTHONPATH=/home/saitama1/ros2_foxy/install/ament_package/lib/python3.8/site-packages:/home/saitama1/ros2_foxy/install/osrf_pycommon/lib/python3.8/site-packages:/home/saitama1/ros2_foxy/install/ament_pyflakes/lib/python3.8/site-packages:/home/saitama1/ros2_foxy/install/ament_pycodestyle/lib/python3.8/site-packages:/home/saitama1/ros2_foxy/install/ament_pep257/lib/python3.8/site-packages:/home/saitama1/ros2_foxy/install/ament_cmake_test/lib/python3.8/site-packages:/home/saitama1/ros2_foxy/install/ament_mypy/lib/python3.8/site-packages:/home/saitama1/ros2_foxy/install/ament_flake8/lib/python3.8/site-packages:/home/saitama1/ros2_foxy/install/ament_copyright/lib/python3.8/site-packages:/home/saitama1/ros2_foxy/install/ament_lint/lib/python3.8/site-packages:/home/saitama1/ros2_foxy/install/ament_cppcheck/lib/python3.8/site-packages /usr/bin/cmake --install /home/saitama1/ros2_foxy/build/ament_cmake_core
