[  5%] Built target gmock
[  8%] Built target gmock_main
[ 62%] Built target rviz_rendering
[ 67%] Built target rviz_rendering_test_utils
[ 71%] Built target string_helper_test
[ 75%] Built target point_cloud_renderable_test_target
[ 78%] Built target point_cloud_test_target
[ 82%] Built target billboard_line_test_target
[ 85%] Built target wrench_visual_test_target
[ 89%] Built target grid_test_target
[ 92%] Built target movable_text_test_target
[ 96%] Built target covariance_visual_test_target
[100%] Built target line_test_target
-- Install configuration: ""
-- Execute custom install script
-- Up-to-date symlink: /home/saitama1/ros2_foxy/install/rviz_rendering/share/rviz_rendering/environment/library_path.sh
-- Up-to-date symlink: /home/saitama1/ros2_foxy/install/rviz_rendering/share/rviz_rendering/environment/library_path.dsv
-- Up-to-date symlink: /home/saitama1/ros2_foxy/install/rviz_rendering/include/rviz_rendering/apply_visibility_bits.hpp
-- Up-to-date symlink: /home/saitama1/ros2_foxy/install/rviz_rendering/include/rviz_rendering/custom_parameter_indices.hpp
-- Up-to-date symlink: /home/saitama1/ros2_foxy/install/rviz_rendering/include/rviz_rendering/geometry.hpp
-- Up-to-date symlink: /home/saitama1/ros2_foxy/install/rviz_rendering/include/rviz_rendering/logging.hpp
-- Up-to-date symlink: /home/saitama1/ros2_foxy/install/rviz_rendering/include/rviz_rendering/logging_handler.hpp
-- Up-to-date symlink: /home/saitama1/ros2_foxy/install/rviz_rendering/include/rviz_rendering/material_manager.hpp
-- Up-to-date symlink: /home/saitama1/ros2_foxy/install/rviz_rendering/include/rviz_rendering/mesh_loader.hpp
-- Up-to-date symlink: /home/saitama1/ros2_foxy/install/rviz_rendering/include/rviz_rendering/objects/arrow.hpp
-- Up-to-date symlink: /home/saitama1/ros2_foxy/install/rviz_rendering/include/rviz_rendering/objects/axes.hpp
-- Up-to-date symlink: /home/saitama1/ros2_foxy/install/rviz_rendering/include/rviz_rendering/objects/billboard_line.hpp
-- Up-to-date symlink: /home/saitama1/ros2_foxy/install/rviz_rendering/include/rviz_rendering/objects/covariance_visual.hpp
-- Up-to-date symlink: /home/saitama1/ros2_foxy/install/rviz_rendering/include/rviz_rendering/objects/grid.hpp
-- Up-to-date symlink: /home/saitama1/ros2_foxy/install/rviz_rendering/include/rviz_rendering/objects/line.hpp
-- Up-to-date symlink: /home/saitama1/ros2_foxy/install/rviz_rendering/include/rviz_rendering/objects/movable_text.hpp
-- Up-to-date symlink: /home/saitama1/ros2_foxy/install/rviz_rendering/include/rviz_rendering/objects/object.hpp
-- Up-to-date symlink: /home/saitama1/ros2_foxy/install/rviz_rendering/include/rviz_rendering/objects/point_cloud.hpp
-- Up-to-date symlink: /home/saitama1/ros2_foxy/install/rviz_rendering/include/rviz_rendering/objects/point_cloud_renderable.hpp
-- Up-to-date symlink: /home/saitama1/ros2_foxy/install/rviz_rendering/include/rviz_rendering/objects/shape.hpp
-- Up-to-date symlink: /home/saitama1/ros2_foxy/install/rviz_rendering/include/rviz_rendering/objects/wrench_visual.hpp
-- Up-to-date symlink: /home/saitama1/ros2_foxy/install/rviz_rendering/include/rviz_rendering/ogre_logging.hpp
-- Up-to-date symlink: /home/saitama1/ros2_foxy/install/rviz_rendering/include/rviz_rendering/orthographic.hpp
-- Up-to-date symlink: /home/saitama1/ros2_foxy/install/rviz_rendering/include/rviz_rendering/render_system.hpp
-- Up-to-date symlink: /home/saitama1/ros2_foxy/install/rviz_rendering/include/rviz_rendering/render_window.hpp
-- Up-to-date symlink: /home/saitama1/ros2_foxy/install/rviz_rendering/include/rviz_rendering/resource_config.hpp
-- Up-to-date symlink: /home/saitama1/ros2_foxy/install/rviz_rendering/include/rviz_rendering/rviz_rendering.hpp
-- Up-to-date symlink: /home/saitama1/ros2_foxy/install/rviz_rendering/include/rviz_rendering/viewport_projection_finder.hpp
-- Up-to-date symlink: /home/saitama1/ros2_foxy/install/rviz_rendering/include/rviz_rendering/visibility_control.hpp
-- Up-to-date symlink: /home/saitama1/ros2_foxy/install/rviz_rendering/share/rviz_rendering/cmake/register_rviz_ogre_media_exports.cmake
-- Up-to-date symlink: /home/saitama1/ros2_foxy/install/rviz_rendering/share/rviz_rendering/cmake/register_rviz_ogre_media_exports_hook-extras.cmake
-- Up-to-date symlink: /home/saitama1/ros2_foxy/install/rviz_rendering/share/rviz_rendering/cmake/register_rviz_ogre_media_exports_hook.cmake
-- Up-to-date symlink: /home/saitama1/ros2_foxy/install/rviz_rendering/share/ament_index/resource_index/package_run_dependencies/rviz_rendering
-- Up-to-date symlink: /home/saitama1/ros2_foxy/install/rviz_rendering/share/ament_index/resource_index/parent_prefix_path/rviz_rendering
-- Up-to-date symlink: /home/saitama1/ros2_foxy/install/rviz_rendering/share/rviz_rendering/environment/ament_prefix_path.sh
-- Up-to-date symlink: /home/saitama1/ros2_foxy/install/rviz_rendering/share/rviz_rendering/environment/ament_prefix_path.dsv
-- Up-to-date symlink: /home/saitama1/ros2_foxy/install/rviz_rendering/share/rviz_rendering/environment/path.sh
-- Up-to-date symlink: /home/saitama1/ros2_foxy/install/rviz_rendering/share/rviz_rendering/environment/path.dsv
-- Up-to-date symlink: /home/saitama1/ros2_foxy/install/rviz_rendering/share/rviz_rendering/local_setup.bash
-- Up-to-date symlink: /home/saitama1/ros2_foxy/install/rviz_rendering/share/rviz_rendering/local_setup.sh
-- Up-to-date symlink: /home/saitama1/ros2_foxy/install/rviz_rendering/share/rviz_rendering/local_setup.zsh
-- Up-to-date symlink: /home/saitama1/ros2_foxy/install/rviz_rendering/share/rviz_rendering/local_setup.dsv
-- Symlinking: /home/saitama1/ros2_foxy/install/rviz_rendering/share/rviz_rendering/package.dsv
-- Up-to-date symlink: /home/saitama1/ros2_foxy/install/rviz_rendering/share/ament_index/resource_index/packages/rviz_rendering
-- Up-to-date symlink: /home/saitama1/ros2_foxy/install/rviz_rendering/share/rviz_rendering/cmake/register_rviz_ogre_media_exports_hook-extras.cmake
-- Up-to-date symlink: /home/saitama1/ros2_foxy/install/rviz_rendering/share/rviz_rendering/cmake/register_rviz_ogre_media_exports.cmake
-- Up-to-date symlink: /home/saitama1/ros2_foxy/install/rviz_rendering/share/rviz_rendering/cmake/ament_cmake_export_targets-extras.cmake
-- Up-to-date symlink: /home/saitama1/ros2_foxy/install/rviz_rendering/share/rviz_rendering/cmake/ament_cmake_export_dependencies-extras.cmake
-- Up-to-date symlink: /home/saitama1/ros2_foxy/install/rviz_rendering/share/rviz_rendering/cmake/ament_cmake_export_include_directories-extras.cmake
-- Up-to-date symlink: /home/saitama1/ros2_foxy/install/rviz_rendering/share/rviz_rendering/cmake/ament_cmake_export_libraries-extras.cmake
-- Up-to-date symlink: /home/saitama1/ros2_foxy/install/rviz_rendering/share/rviz_rendering/cmake/rviz_renderingConfig.cmake
-- Up-to-date symlink: /home/saitama1/ros2_foxy/install/rviz_rendering/share/rviz_rendering/cmake/rviz_renderingConfig-version.cmake
-- Up-to-date symlink: /home/saitama1/ros2_foxy/install/rviz_rendering/share/rviz_rendering/package.xml
-- Up-to-date: /home/saitama1/ros2_foxy/install/rviz_rendering/lib/librviz_rendering.so
-- Up-to-date: /home/saitama1/ros2_foxy/install/rviz_rendering/share/rviz_rendering/ogre_media
-- Up-to-date: /home/saitama1/ros2_foxy/install/rviz_rendering/share/rviz_rendering/ogre_media/fonts
-- Up-to-date: /home/saitama1/ros2_foxy/install/rviz_rendering/share/rviz_rendering/ogre_media/fonts/liberation_sans.fontdef
-- Up-to-date: /home/saitama1/ros2_foxy/install/rviz_rendering/share/rviz_rendering/ogre_media/fonts/liberation-sans
-- Up-to-date: /home/saitama1/ros2_foxy/install/rviz_rendering/share/rviz_rendering/ogre_media/fonts/liberation-sans/LiberationSans-Regular.ttf
-- Up-to-date: /home/saitama1/ros2_foxy/install/rviz_rendering/share/rviz_rendering/ogre_media/fonts/liberation-sans/LiberationSans-Italic.ttf
-- Up-to-date: /home/saitama1/ros2_foxy/install/rviz_rendering/share/rviz_rendering/ogre_media/fonts/liberation-sans/SIL Open Font License.txt
-- Up-to-date: /home/saitama1/ros2_foxy/install/rviz_rendering/share/rviz_rendering/ogre_media/fonts/liberation-sans/LiberationSans-Bold.ttf
-- Up-to-date: /home/saitama1/ros2_foxy/install/rviz_rendering/share/rviz_rendering/ogre_media/fonts/liberation-sans/LiberationSans-BoldItalic.ttf
-- Up-to-date: /home/saitama1/ros2_foxy/install/rviz_rendering/share/rviz_rendering/ogre_media/fonts/README.md
-- Up-to-date: /home/saitama1/ros2_foxy/install/rviz_rendering/share/rviz_rendering/ogre_media/textures
-- Up-to-date: /home/saitama1/ros2_foxy/install/rviz_rendering/share/rviz_rendering/ogre_media/textures/no_image.png
-- Up-to-date: /home/saitama1/ros2_foxy/install/rviz_rendering/share/rviz_rendering/ogre_media/textures/test_20x20.png
-- Up-to-date: /home/saitama1/ros2_foxy/install/rviz_rendering/share/rviz_rendering/ogre_media/materials
-- Up-to-date: /home/saitama1/ros2_foxy/install/rviz_rendering/share/rviz_rendering/ogre_media/materials/glsl150
-- Up-to-date: /home/saitama1/ros2_foxy/install/rviz_rendering/share/rviz_rendering/ogre_media/materials/glsl150/pass_pos_color.vert
-- Up-to-date: /home/saitama1/ros2_foxy/install/rviz_rendering/share/rviz_rendering/ogre_media/materials/glsl150/billboard.geom
-- Up-to-date: /home/saitama1/ros2_foxy/install/rviz_rendering/share/rviz_rendering/ogre_media/materials/glsl150/glsl150.program
-- Up-to-date: /home/saitama1/ros2_foxy/install/rviz_rendering/share/rviz_rendering/ogre_media/materials/glsl150/box.geom
-- Up-to-date: /home/saitama1/ros2_foxy/install/rviz_rendering/share/rviz_rendering/ogre_media/materials/scripts150
-- Up-to-date: /home/saitama1/ros2_foxy/install/rviz_rendering/share/rviz_rendering/ogre_media/materials/scripts150/point_cloud_square.material
-- Up-to-date: /home/saitama1/ros2_foxy/install/rviz_rendering/share/rviz_rendering/ogre_media/materials/scripts150/point_cloud_sphere.material
-- Up-to-date: /home/saitama1/ros2_foxy/install/rviz_rendering/share/rviz_rendering/ogre_media/materials/scripts150/point_cloud_box.material
-- Up-to-date: /home/saitama1/ros2_foxy/install/rviz_rendering/share/rviz_rendering/ogre_media/materials/scripts150/point_cloud_flat_square.material
-- Up-to-date: /home/saitama1/ros2_foxy/install/rviz_rendering/share/rviz_rendering/ogre_media/materials/scripts120
-- Up-to-date: /home/saitama1/ros2_foxy/install/rviz_rendering/share/rviz_rendering/ogre_media/materials/scripts120/point_cloud_square.material
-- Up-to-date: /home/saitama1/ros2_foxy/install/rviz_rendering/share/rviz_rendering/ogre_media/materials/scripts120/point_cloud_sphere.material
-- Up-to-date: /home/saitama1/ros2_foxy/install/rviz_rendering/share/rviz_rendering/ogre_media/materials/scripts120/point_cloud_box.material
-- Up-to-date: /home/saitama1/ros2_foxy/install/rviz_rendering/share/rviz_rendering/ogre_media/materials/scripts120/point_cloud_flat_square.material
-- Up-to-date: /home/saitama1/ros2_foxy/install/rviz_rendering/share/rviz_rendering/ogre_media/materials/scripts
-- Up-to-date: /home/saitama1/ros2_foxy/install/rviz_rendering/share/rviz_rendering/ogre_media/materials/scripts/point_cloud_point.material
-- Up-to-date: /home/saitama1/ros2_foxy/install/rviz_rendering/share/rviz_rendering/ogre_media/materials/scripts/point_cloud_tile.material
-- Up-to-date: /home/saitama1/ros2_foxy/install/rviz_rendering/share/rviz_rendering/ogre_media/materials/scripts/indexed_8bit_image.material
-- Up-to-date: /home/saitama1/ros2_foxy/install/rviz_rendering/share/rviz_rendering/ogre_media/materials/scripts/default_pick_and_depth.material
-- Up-to-date: /home/saitama1/ros2_foxy/install/rviz_rendering/share/rviz_rendering/ogre_media/materials/glsl120
-- Up-to-date: /home/saitama1/ros2_foxy/install/rviz_rendering/share/rviz_rendering/ogre_media/materials/glsl120/indexed_8bit_image.frag
-- Up-to-date: /home/saitama1/ros2_foxy/install/rviz_rendering/share/rviz_rendering/ogre_media/materials/glsl120/test_glsl.sh
-- Up-to-date: /home/saitama1/ros2_foxy/install/rviz_rendering/share/rviz_rendering/ogre_media/materials/glsl120/black.frag
-- Up-to-date: /home/saitama1/ros2_foxy/install/rviz_rendering/share/rviz_rendering/ogre_media/materials/glsl120/pass_color.frag
-- Up-to-date: /home/saitama1/ros2_foxy/install/rviz_rendering/share/rviz_rendering/ogre_media/materials/glsl120/glsl120.program
-- Up-to-date: /home/saitama1/ros2_foxy/install/rviz_rendering/share/rviz_rendering/ogre_media/materials/glsl120/flat_color.frag
-- Up-to-date: /home/saitama1/ros2_foxy/install/rviz_rendering/share/rviz_rendering/ogre_media/materials/glsl120/pass_color_circle.frag
-- Up-to-date: /home/saitama1/ros2_foxy/install/rviz_rendering/share/rviz_rendering/ogre_media/materials/glsl120/depth.vert
-- Up-to-date: /home/saitama1/ros2_foxy/install/rviz_rendering/share/rviz_rendering/ogre_media/materials/glsl120/indexed_8bit_image.vert
-- Up-to-date: /home/saitama1/ros2_foxy/install/rviz_rendering/share/rviz_rendering/ogre_media/materials/glsl120/nogp
-- Up-to-date: /home/saitama1/ros2_foxy/install/rviz_rendering/share/rviz_rendering/ogre_media/materials/glsl120/nogp/nogp.program
-- Up-to-date: /home/saitama1/ros2_foxy/install/rviz_rendering/share/rviz_rendering/ogre_media/materials/glsl120/nogp/box.frag
-- Up-to-date: /home/saitama1/ros2_foxy/install/rviz_rendering/share/rviz_rendering/ogre_media/materials/glsl120/nogp/billboard_tile.vert
-- Up-to-date: /home/saitama1/ros2_foxy/install/rviz_rendering/share/rviz_rendering/ogre_media/materials/glsl120/nogp/box.vert
-- Up-to-date: /home/saitama1/ros2_foxy/install/rviz_rendering/share/rviz_rendering/ogre_media/materials/glsl120/nogp/billboard.vert
-- Up-to-date: /home/saitama1/ros2_foxy/install/rviz_rendering/share/rviz_rendering/ogre_media/materials/glsl120/smooth_square.frag
-- Up-to-date: /home/saitama1/ros2_foxy/install/rviz_rendering/share/rviz_rendering/ogre_media/materials/glsl120/flat_color_circle.frag
-- Up-to-date: /home/saitama1/ros2_foxy/install/rviz_rendering/share/rviz_rendering/ogre_media/materials/glsl120/depth.frag
-- Up-to-date: /home/saitama1/ros2_foxy/install/rviz_rendering/share/rviz_rendering/ogre_media/materials/glsl120/point.vert
-- Up-to-date: /home/saitama1/ros2_foxy/install/rviz_rendering/share/rviz_rendering/ogre_media/materials/glsl120/pickcolor.frag
-- Up-to-date: /home/saitama1/ros2_foxy/install/rviz_rendering/share/rviz_rendering/ogre_media/materials/glsl120/include
-- Up-to-date: /home/saitama1/ros2_foxy/install/rviz_rendering/share/rviz_rendering/ogre_media/materials/glsl120/include/circle_impl.frag
-- Up-to-date: /home/saitama1/ros2_foxy/install/rviz_rendering/share/rviz_rendering/ogre_media/materials/glsl120/include/pack_depth.frag
-- Up-to-date: /home/saitama1/ros2_foxy/install/rviz_rendering/share/rviz_rendering/ogre_media/materials/glsl120/include/pass_depth.vert
-- Up-to-date: /home/saitama1/ros2_foxy/install/rviz_rendering/share/rviz_rendering/ogre_media/materials/glsl120/shaded_circle.frag
-- Up-to-date: /home/saitama1/ros2_foxy/install/rviz_rendering/share/rviz_rendering/ogre_media/materials/glsl120/pickcolor_circle.frag
-- Up-to-date: /home/saitama1/ros2_foxy/install/rviz_rendering/share/rviz_rendering/ogre_media/materials/glsl120/depth_circle.frag
-- Up-to-date: /home/saitama1/ros2_foxy/install/rviz_rendering/share/rviz_rendering/ogre_media/models
-- Up-to-date: /home/saitama1/ros2_foxy/install/rviz_rendering/share/rviz_rendering/ogre_media/models/rviz_cone.mesh
-- Up-to-date: /home/saitama1/ros2_foxy/install/rviz_rendering/share/rviz_rendering/ogre_media/models/rviz_cube.mesh
-- Up-to-date: /home/saitama1/ros2_foxy/install/rviz_rendering/share/rviz_rendering/ogre_media/models/rviz_cylinder.mesh
-- Up-to-date: /home/saitama1/ros2_foxy/install/rviz_rendering/share/rviz_rendering/ogre_media/models/rviz_sphere.mesh
-- Up-to-date: /home/saitama1/ros2_foxy/install/rviz_rendering/share/rviz_rendering/ogre_media/plugins.cfg
-- Up-to-date: /home/saitama1/ros2_foxy/install/rviz_rendering/share/rviz_rendering/cmake/rviz_renderingExport.cmake
-- Up-to-date: /home/saitama1/ros2_foxy/install/rviz_rendering/share/rviz_rendering/cmake/rviz_renderingExport-noconfig.cmake
