-- Found ament_cmake: 0.9.8 (/home/saitama1/ros2_foxy/install/ament_cmake/share/ament_cmake/cmake)
-- Using PYTHON_EXECUTABLE: /usr/bin/python3
-- Override CMake install command with custom implementation using symlinks instead of copying resources
-- Found eigen3_cmake_module: 0.1.1 (/home/saitama1/ros2_foxy/install/eigen3_cmake_module/share/eigen3_cmake_module/cmake)
-- Found tf2: 0.13.10 (/home/saitama1/ros2_foxy/install/tf2/share/tf2/cmake)
-- Using all available rosidl_typesupport_c: rosidl_typesupport_introspection_c;rosidl_typesupport_fastrtps_c
-- Found rosidl_adapter: 1.2.1 (/home/saitama1/ros2_foxy/install/rosidl_adapter/share/rosidl_adapter/cmake)
-- Using all available rosidl_typesupport_cpp: rosidl_typesupport_introspection_cpp;rosidl_typesupport_fastrtps_cpp
-- Found ament_lint_auto: 0.9.6 (/home/saitama1/ros2_foxy/install/ament_lint_auto/share/ament_lint_auto/cmake)
-- Found gtest sources under '/home/saitama1/ros2_foxy/install/gtest_vendor/src/gtest_vendor': C++ tests using 'Google Test' will be built
-- Added test 'copyright' to check source files copyright and LICENSE
-- Added test 'cppcheck' to perform static code analysis on C / C++ code
-- Configured cppcheck include dirs: $<BUILD_INTERFACE:/home/saitama1/ros2_foxy/src/ros2/geometry2/tf2_eigen_kdl/include>
-- Configured cppcheck exclude dirs and/or files: 
-- Added test 'cpplint' to check C / C++ code against the Google style
-- Configured cpplint exclude dirs and/or files: 
-- Added test 'lint_cmake' to check CMake code style
-- Added test 'uncrustify' to check C / C++ code style
-- Configured uncrustify additional arguments: 
-- Added test 'xmllint' to check XML markup files
-- Configuring done
-- Generating done
-- Build files have been written to: /home/saitama1/ros2_foxy/build/tf2_eigen_kdl
[ 25%] Built target gtest
[ 50%] Built target gtest_main
[ 62%] [32m[1mLinking CXX shared library libtf2_eigen_kdl.so[0m
[ 75%] Built target tf2_eigen_kdl
[ 87%] [32m[1mLinking CXX executable tf2_eigen_kdl_test[0m
[100%] Built target tf2_eigen_kdl_test
-- Install configuration: ""
-- Execute custom install script
-- Symlinking: /home/saitama1/ros2_foxy/install/tf2_eigen_kdl/include/tf2_eigen_kdl/tf2_eigen_kdl.hpp
-- Symlinking: /home/saitama1/ros2_foxy/install/tf2_eigen_kdl/include/tf2_eigen_kdl/visibility_control.h
-- Symlinking: /home/saitama1/ros2_foxy/install/tf2_eigen_kdl/share/tf2_eigen_kdl/environment/library_path.sh
-- Symlinking: /home/saitama1/ros2_foxy/install/tf2_eigen_kdl/share/tf2_eigen_kdl/environment/library_path.dsv
-- Symlinking: /home/saitama1/ros2_foxy/install/tf2_eigen_kdl/share/ament_index/resource_index/package_run_dependencies/tf2_eigen_kdl
-- Symlinking: /home/saitama1/ros2_foxy/install/tf2_eigen_kdl/share/ament_index/resource_index/parent_prefix_path/tf2_eigen_kdl
-- Symlinking: /home/saitama1/ros2_foxy/install/tf2_eigen_kdl/share/tf2_eigen_kdl/environment/ament_prefix_path.sh
-- Symlinking: /home/saitama1/ros2_foxy/install/tf2_eigen_kdl/share/tf2_eigen_kdl/environment/ament_prefix_path.dsv
-- Symlinking: /home/saitama1/ros2_foxy/install/tf2_eigen_kdl/share/tf2_eigen_kdl/environment/path.sh
-- Symlinking: /home/saitama1/ros2_foxy/install/tf2_eigen_kdl/share/tf2_eigen_kdl/environment/path.dsv
-- Symlinking: /home/saitama1/ros2_foxy/install/tf2_eigen_kdl/share/tf2_eigen_kdl/local_setup.bash
-- Symlinking: /home/saitama1/ros2_foxy/install/tf2_eigen_kdl/share/tf2_eigen_kdl/local_setup.sh
-- Symlinking: /home/saitama1/ros2_foxy/install/tf2_eigen_kdl/share/tf2_eigen_kdl/local_setup.zsh
-- Symlinking: /home/saitama1/ros2_foxy/install/tf2_eigen_kdl/share/tf2_eigen_kdl/local_setup.dsv
-- Symlinking: /home/saitama1/ros2_foxy/install/tf2_eigen_kdl/share/tf2_eigen_kdl/package.dsv
-- Symlinking: /home/saitama1/ros2_foxy/install/tf2_eigen_kdl/share/ament_index/resource_index/packages/tf2_eigen_kdl
-- Symlinking: /home/saitama1/ros2_foxy/install/tf2_eigen_kdl/share/tf2_eigen_kdl/cmake/ament_cmake_export_include_directories-extras.cmake
-- Symlinking: /home/saitama1/ros2_foxy/install/tf2_eigen_kdl/share/tf2_eigen_kdl/cmake/ament_cmake_export_dependencies-extras.cmake
-- Symlinking: /home/saitama1/ros2_foxy/install/tf2_eigen_kdl/share/tf2_eigen_kdl/cmake/ament_cmake_export_libraries-extras.cmake
-- Symlinking: /home/saitama1/ros2_foxy/install/tf2_eigen_kdl/share/tf2_eigen_kdl/cmake/ament_cmake_export_targets-extras.cmake
-- Symlinking: /home/saitama1/ros2_foxy/install/tf2_eigen_kdl/share/tf2_eigen_kdl/cmake/tf2_eigen_kdlConfig.cmake
-- Symlinking: /home/saitama1/ros2_foxy/install/tf2_eigen_kdl/share/tf2_eigen_kdl/cmake/tf2_eigen_kdlConfig-version.cmake
-- Symlinking: /home/saitama1/ros2_foxy/install/tf2_eigen_kdl/share/tf2_eigen_kdl/package.xml
-- Installing: /home/saitama1/ros2_foxy/install/tf2_eigen_kdl/lib/libtf2_eigen_kdl.so
-- Set runtime path of "/home/saitama1/ros2_foxy/install/tf2_eigen_kdl/lib/libtf2_eigen_kdl.so" to ""
-- Up-to-date: /home/saitama1/ros2_foxy/install/tf2_eigen_kdl/share/tf2_eigen_kdl/cmake/tf2_eigen_kdlExport.cmake
-- Installing: /home/saitama1/ros2_foxy/install/tf2_eigen_kdl/share/tf2_eigen_kdl/cmake/tf2_eigen_kdlExport-noconfig.cmake
