running egg_info
creating ../../../../build/sensor_msgs_py/sensor_msgs_py.egg-info
writing ../../../../build/sensor_msgs_py/sensor_msgs_py.egg-info/PKG-INFO
writing dependency_links to ../../../../build/sensor_msgs_py/sensor_msgs_py.egg-info/dependency_links.txt
writing requirements to ../../../../build/sensor_msgs_py/sensor_msgs_py.egg-info/requires.txt
writing top-level names to ../../../../build/sensor_msgs_py/sensor_msgs_py.egg-info/top_level.txt
writing manifest file '../../../../build/sensor_msgs_py/sensor_msgs_py.egg-info/SOURCES.txt'
reading manifest file '../../../../build/sensor_msgs_py/sensor_msgs_py.egg-info/SOURCES.txt'
writing manifest file '../../../../build/sensor_msgs_py/sensor_msgs_py.egg-info/SOURCES.txt'
running build
running build_py
creating /home/saitama1/ros2_foxy/build/sensor_msgs_py/build
creating /home/saitama1/ros2_foxy/build/sensor_msgs_py/build/lib
creating /home/saitama1/ros2_foxy/build/sensor_msgs_py/build/lib/sensor_msgs_py
copying sensor_msgs_py/point_cloud2.py -> /home/saitama1/ros2_foxy/build/sensor_msgs_py/build/lib/sensor_msgs_py
copying sensor_msgs_py/__init__.py -> /home/saitama1/ros2_foxy/build/sensor_msgs_py/build/lib/sensor_msgs_py
running install
running install_lib
creating /home/saitama1/ros2_foxy/install/sensor_msgs_py/lib/python3.8/site-packages/sensor_msgs_py
copying /home/saitama1/ros2_foxy/build/sensor_msgs_py/build/lib/sensor_msgs_py/point_cloud2.py -> /home/saitama1/ros2_foxy/install/sensor_msgs_py/lib/python3.8/site-packages/sensor_msgs_py
copying /home/saitama1/ros2_foxy/build/sensor_msgs_py/build/lib/sensor_msgs_py/__init__.py -> /home/saitama1/ros2_foxy/install/sensor_msgs_py/lib/python3.8/site-packages/sensor_msgs_py
byte-compiling /home/saitama1/ros2_foxy/install/sensor_msgs_py/lib/python3.8/site-packages/sensor_msgs_py/point_cloud2.py to point_cloud2.cpython-38.pyc
byte-compiling /home/saitama1/ros2_foxy/install/sensor_msgs_py/lib/python3.8/site-packages/sensor_msgs_py/__init__.py to __init__.cpython-38.pyc
running install_data
creating /home/saitama1/ros2_foxy/install/sensor_msgs_py/share/ament_index
creating /home/saitama1/ros2_foxy/install/sensor_msgs_py/share/ament_index/resource_index
creating /home/saitama1/ros2_foxy/install/sensor_msgs_py/share/ament_index/resource_index/packages
copying resource/sensor_msgs_py -> /home/saitama1/ros2_foxy/install/sensor_msgs_py/share/ament_index/resource_index/packages
copying package.xml -> /home/saitama1/ros2_foxy/install/sensor_msgs_py/share/sensor_msgs_py
running install_egg_info
Copying ../../../../build/sensor_msgs_py/sensor_msgs_py.egg-info to /home/saitama1/ros2_foxy/install/sensor_msgs_py/lib/python3.8/site-packages/sensor_msgs_py-2.0.4-py3.8.egg-info
running install_scripts
writing list of installed files to '/home/saitama1/ros2_foxy/build/sensor_msgs_py/install.log'
