-- The C compiler identification is GNU 9.3.0
-- The CXX compiler identification is GNU 9.3.0
-- Check for working C compiler: /usr/bin/cc
-- Check for working C compiler: /usr/bin/cc -- works
-- Detecting C compiler ABI info
-- Detecting C compiler ABI info - done
-- Detecting C compile features
-- Detecting C compile features - done
-- Check for working CXX compiler: /usr/bin/c++
-- Check for working CXX compiler: /usr/bin/c++ -- works
-- Detecting CXX compiler ABI info
-- Detecting CXX compiler ABI info - done
-- Detecting CXX compile features
-- Detecting CXX compile features - done
-- Found ament_cmake: 0.9.8 (/home/saitama1/ros2_foxy/install/ament_cmake/share/ament_cmake/cmake)
-- Found PythonInterp: /usr/bin/python3 (found suitable version "3.8.10", minimum required is "3") 
-- Using PYTHON_EXECUTABLE: /usr/bin/python3
-- Found builtin_interfaces: 1.0.0 (/home/saitama1/ros2_foxy/install/builtin_interfaces/share/builtin_interfaces/cmake)
-- Using all available rosidl_typesupport_c: rosidl_typesupport_fastrtps_c;rosidl_typesupport_introspection_c
-- Found rosidl_adapter: 1.2.1 (/home/saitama1/ros2_foxy/install/rosidl_adapter/share/rosidl_adapter/cmake)
-- Found OpenSSL: /usr/lib/x86_64-linux-gnu/libcrypto.so (found version "1.1.1f")  
-- Found FastRTPS: /home/saitama1/ros2_foxy/install/fastrtps/include  
-- Using all available rosidl_typesupport_cpp: rosidl_typesupport_introspection_cpp;rosidl_typesupport_fastrtps_cpp
-- Found geometry_msgs: 2.0.4 (/home/saitama1/ros2_foxy/install/geometry_msgs/share/geometry_msgs/cmake)
-- Found kdl_parser: 2.4.1 (/home/saitama1/ros2_foxy/install/kdl_parser/share/kdl_parser/cmake)
-- Found eigen3_cmake_module: 0.1.1 (/home/saitama1/ros2_foxy/install/eigen3_cmake_module/share/eigen3_cmake_module/cmake)
-- Found Eigen3: TRUE (found version "3.3.7") 
-- Found rclcpp: 2.3.1 (/home/saitama1/ros2_foxy/install/rclcpp/share/rclcpp/cmake)
-- Found rmw_implementation_cmake: 1.0.3 (/home/saitama1/ros2_foxy/install/rmw_implementation_cmake/share/rmw_implementation_cmake/cmake)
-- Using RMW implementation 'rmw_fastrtps_cpp' as default
-- Looking for pthread.h
-- Looking for pthread.h - found
-- Performing Test CMAKE_HAVE_LIBC_PTHREAD
-- Performing Test CMAKE_HAVE_LIBC_PTHREAD - Failed
-- Looking for pthread_create in pthreads
-- Looking for pthread_create in pthreads - not found
-- Looking for pthread_create in pthread
-- Looking for pthread_create in pthread - found
-- Found Threads: TRUE  
-- Found rclcpp_components: 2.3.1 (/home/saitama1/ros2_foxy/install/rclcpp_components/share/rclcpp_components/cmake)
-- Found sensor_msgs: 2.0.4 (/home/saitama1/ros2_foxy/install/sensor_msgs/share/sensor_msgs/cmake)
-- Found tf2_ros: 0.13.10 (/home/saitama1/ros2_foxy/install/tf2_ros/share/tf2_ros/cmake)
-- Found urdf: 2.4.0 (/home/saitama1/ros2_foxy/install/urdf/share/urdf/cmake)
-- Found ament_lint_auto: 0.9.6 (/home/saitama1/ros2_foxy/install/ament_lint_auto/share/ament_lint_auto/cmake)
-- Found python_cmake_module: 0.8.1 (/home/saitama1/ros2_foxy/install/python_cmake_module/share/python_cmake_module/cmake)
-- Found PythonInterp: /usr/bin/python3 (found suitable version "3.8.10", minimum required is "3.5") 
-- Found PythonLibs: /usr/lib/x86_64-linux-gnu/libpython3.8.so (found suitable version "3.8.10", minimum required is "3.5") 
-- Using PYTHON_EXECUTABLE: /usr/bin/python3
-- Using PYTHON_INCLUDE_DIRS: /usr/include/python3.8
-- Using PYTHON_LIBRARIES: /usr/lib/x86_64-linux-gnu/libpython3.8.so
-- Found PythonExtra: .so  
-- Found gtest sources under '/home/saitama1/ros2_foxy/install/gtest_vendor/src/gtest_vendor': C++ tests using 'Google Test' will be built
-- Added test 'copyright' to check source files copyright and LICENSE
-- Added test 'cppcheck' to perform static code analysis on C / C++ code
-- Configured cppcheck include dirs: /home/saitama1/ros2_foxy/src/ros/robot_state_publisher/include
-- Configured cppcheck exclude dirs and/or files: 
-- Added test 'cpplint' to check C / C++ code against the Google style
-- Configured cpplint exclude dirs and/or files: 
-- Added test 'flake8' to check Python code syntax and style conventions
-- Added test 'lint_cmake' to check CMake code style
-- Added test 'pep257' to check Python code against some of the style conventions in PEP 257
-- Added test 'uncrustify' to check C / C++ code style
-- Configured uncrustify additional arguments: 
-- Added test 'xmllint' to check XML markup files
-- Configuring done
-- Generating done
-- Build files have been written to: /home/saitama1/ros2_foxy/build/robot_state_publisher
[35m[1mScanning dependencies of target gtest[0m
[ 10%] [32mBuilding CXX object gtest/CMakeFiles/gtest.dir/src/gtest-all.cc.o[0m
[ 20%] [32m[1mLinking CXX static library libgtest.a[0m
[ 20%] Built target gtest
[35m[1mScanning dependencies of target robot_state_publisher[0m
[ 30%] [32mBuilding CXX object CMakeFiles/robot_state_publisher.dir/rclcpp_components/node_main_robot_state_publisher.cpp.o[0m
[ 40%] [32m[1mLinking CXX executable robot_state_publisher[0m
[ 40%] Built target robot_state_publisher
[35m[1mScanning dependencies of target test_two_links_fixed_joint[0m
[ 50%] [32mBuilding CXX object CMakeFiles/test_two_links_fixed_joint.dir/test/test_two_links_fixed_joint.cpp.o[0m
[ 60%] [32m[1mLinking CXX executable test_two_links_fixed_joint[0m
[ 60%] Built target test_two_links_fixed_joint
[35m[1mScanning dependencies of target test_two_links_moving_joint[0m
[ 70%] [32mBuilding CXX object CMakeFiles/test_two_links_moving_joint.dir/test/test_two_links_moving_joint.cpp.o[0m
[ 80%] [32m[1mLinking CXX executable test_two_links_moving_joint[0m
[ 80%] Built target test_two_links_moving_joint
[35m[1mScanning dependencies of target robot_state_publisher_node[0m
[ 90%] [32mBuilding CXX object CMakeFiles/robot_state_publisher_node.dir/src/robot_state_publisher.cpp.o[0m
[100%] [32m[1mLinking CXX shared library librobot_state_publisher_node.so[0m
[100%] Built target robot_state_publisher_node
-- Install configuration: ""
-- Installing: /home/saitama1/ros2_foxy/install/robot_state_publisher/lib/robot_state_publisher/robot_state_publisher
-- Set runtime path of "/home/saitama1/ros2_foxy/install/robot_state_publisher/lib/robot_state_publisher/robot_state_publisher" to ""
-- Installing: /home/saitama1/ros2_foxy/install/robot_state_publisher/lib/librobot_state_publisher_node.so
-- Set runtime path of "/home/saitama1/ros2_foxy/install/robot_state_publisher/lib/librobot_state_publisher_node.so" to ""
-- Installing: /home/saitama1/ros2_foxy/install/robot_state_publisher/include
-- Installing: /home/saitama1/ros2_foxy/install/robot_state_publisher/include/robot_state_publisher
-- Installing: /home/saitama1/ros2_foxy/install/robot_state_publisher/include/robot_state_publisher/robot_state_publisher.hpp
-- Installing: /home/saitama1/ros2_foxy/install/robot_state_publisher/share/robot_state_publisher/launch
-- Installing: /home/saitama1/ros2_foxy/install/robot_state_publisher/share/robot_state_publisher/launch/rsp-launch-xacro-api.py
-- Installing: /home/saitama1/ros2_foxy/install/robot_state_publisher/share/robot_state_publisher/launch/rsp-launch-urdf-file1.py
-- Installing: /home/saitama1/ros2_foxy/install/robot_state_publisher/share/robot_state_publisher/launch/rsp-launch-xacro-command-subst.py
-- Installing: /home/saitama1/ros2_foxy/install/robot_state_publisher/share/robot_state_publisher/launch/rsp-launch-urdf-file2.py
-- Installing: /home/saitama1/ros2_foxy/install/robot_state_publisher/share/robot_state_publisher/launch/rsp-launch-xacro-command-subst.xml
-- Installing: /home/saitama1/ros2_foxy/install/robot_state_publisher/share/robot_state_publisher/launch/rsp-launch-xacro-popen.py
-- Installing: /home/saitama1/ros2_foxy/install/robot_state_publisher/share/robot_state_publisher/launch/rsp-launch-urdf-inline.py
-- Installing: /home/saitama1/ros2_foxy/install/robot_state_publisher/share/robot_state_publisher/launch/rsp-launch-urdf-file.xml
-- Installing: /home/saitama1/ros2_foxy/install/robot_state_publisher/share/robot_state_publisher/launch/rsp-launch-urdf-inline.xml
-- Installing: /home/saitama1/ros2_foxy/install/robot_state_publisher/share/robot_state_publisher/urdf
-- Installing: /home/saitama1/ros2_foxy/install/robot_state_publisher/share/robot_state_publisher/urdf/test-desc.urdf
-- Installing: /home/saitama1/ros2_foxy/install/robot_state_publisher/share/robot_state_publisher/urdf/test-desc.urdf.xacro
-- Installing: /home/saitama1/ros2_foxy/install/robot_state_publisher/share/robot_state_publisher/environment/library_path.sh
-- Installing: /home/saitama1/ros2_foxy/install/robot_state_publisher/share/robot_state_publisher/environment/library_path.dsv
-- Installing: /home/saitama1/ros2_foxy/install/robot_state_publisher/share/ament_index/resource_index/package_run_dependencies/robot_state_publisher
-- Installing: /home/saitama1/ros2_foxy/install/robot_state_publisher/share/ament_index/resource_index/parent_prefix_path/robot_state_publisher
-- Installing: /home/saitama1/ros2_foxy/install/robot_state_publisher/share/robot_state_publisher/environment/ament_prefix_path.sh
-- Installing: /home/saitama1/ros2_foxy/install/robot_state_publisher/share/robot_state_publisher/environment/ament_prefix_path.dsv
-- Installing: /home/saitama1/ros2_foxy/install/robot_state_publisher/share/robot_state_publisher/environment/path.sh
-- Installing: /home/saitama1/ros2_foxy/install/robot_state_publisher/share/robot_state_publisher/environment/path.dsv
-- Installing: /home/saitama1/ros2_foxy/install/robot_state_publisher/share/robot_state_publisher/local_setup.bash
-- Installing: /home/saitama1/ros2_foxy/install/robot_state_publisher/share/robot_state_publisher/local_setup.sh
-- Installing: /home/saitama1/ros2_foxy/install/robot_state_publisher/share/robot_state_publisher/local_setup.zsh
-- Installing: /home/saitama1/ros2_foxy/install/robot_state_publisher/share/robot_state_publisher/local_setup.dsv
-- Installing: /home/saitama1/ros2_foxy/install/robot_state_publisher/share/robot_state_publisher/package.dsv
-- Installing: /home/saitama1/ros2_foxy/install/robot_state_publisher/share/ament_index/resource_index/packages/robot_state_publisher
-- Installing: /home/saitama1/ros2_foxy/install/robot_state_publisher/share/ament_index/resource_index/rclcpp_components/robot_state_publisher
-- Installing: /home/saitama1/ros2_foxy/install/robot_state_publisher/share/robot_state_publisher/cmake/ament_cmake_export_dependencies-extras.cmake
-- Installing: /home/saitama1/ros2_foxy/install/robot_state_publisher/share/robot_state_publisher/cmake/ament_cmake_export_include_directories-extras.cmake
-- Installing: /home/saitama1/ros2_foxy/install/robot_state_publisher/share/robot_state_publisher/cmake/ament_cmake_export_libraries-extras.cmake
-- Installing: /home/saitama1/ros2_foxy/install/robot_state_publisher/share/robot_state_publisher/cmake/robot_state_publisherConfig.cmake
-- Installing: /home/saitama1/ros2_foxy/install/robot_state_publisher/share/robot_state_publisher/cmake/robot_state_publisherConfig-version.cmake
-- Installing: /home/saitama1/ros2_foxy/install/robot_state_publisher/share/robot_state_publisher/package.xml
