-- Install configuration: ""
-- Execute custom install script
-- Up-to-date symlink: /home/saitama1/ros2_foxy/install/ament_cmake_cpplint/share/ament_index/resource_index/package_run_dependencies/ament_cmake_cpplint
-- Up-to-date symlink: /home/saitama1/ros2_foxy/install/ament_cmake_cpplint/share/ament_index/resource_index/parent_prefix_path/ament_cmake_cpplint
-- Up-to-date symlink: /home/saitama1/ros2_foxy/install/ament_cmake_cpplint/share/ament_cmake_cpplint/environment/ament_prefix_path.sh
-- Up-to-date symlink: /home/saitama1/ros2_foxy/install/ament_cmake_cpplint/share/ament_cmake_cpplint/environment/ament_prefix_path.dsv
-- Up-to-date symlink: /home/saitama1/ros2_foxy/install/ament_cmake_cpplint/share/ament_cmake_cpplint/environment/path.sh
-- Up-to-date symlink: /home/saitama1/ros2_foxy/install/ament_cmake_cpplint/share/ament_cmake_cpplint/environment/path.dsv
-- Up-to-date symlink: /home/saitama1/ros2_foxy/install/ament_cmake_cpplint/share/ament_cmake_cpplint/local_setup.bash
-- Up-to-date symlink: /home/saitama1/ros2_foxy/install/ament_cmake_cpplint/share/ament_cmake_cpplint/local_setup.sh
-- Up-to-date symlink: /home/saitama1/ros2_foxy/install/ament_cmake_cpplint/share/ament_cmake_cpplint/local_setup.zsh
-- Up-to-date symlink: /home/saitama1/ros2_foxy/install/ament_cmake_cpplint/share/ament_cmake_cpplint/local_setup.dsv
-- Symlinking: /home/saitama1/ros2_foxy/install/ament_cmake_cpplint/share/ament_cmake_cpplint/package.dsv
-- Up-to-date symlink: /home/saitama1/ros2_foxy/install/ament_cmake_cpplint/share/ament_index/resource_index/packages/ament_cmake_cpplint
-- Up-to-date symlink: /home/saitama1/ros2_foxy/install/ament_cmake_cpplint/share/ament_cmake_cpplint/cmake/ament_cmake_cpplint-extras.cmake
-- Up-to-date symlink: /home/saitama1/ros2_foxy/install/ament_cmake_cpplint/share/ament_cmake_cpplint/cmake/ament_cmake_cpplintConfig.cmake
-- Up-to-date symlink: /home/saitama1/ros2_foxy/install/ament_cmake_cpplint/share/ament_cmake_cpplint/cmake/ament_cmake_cpplintConfig-version.cmake
-- Up-to-date symlink: /home/saitama1/ros2_foxy/install/ament_cmake_cpplint/share/ament_cmake_cpplint/package.xml
-- Up-to-date symlink: /home/saitama1/ros2_foxy/install/ament_cmake_cpplint/share/ament_cmake_cpplint/cmake/ament_cmake_cpplint_lint_hook.cmake
-- Up-to-date symlink: /home/saitama1/ros2_foxy/install/ament_cmake_cpplint/share/ament_cmake_cpplint/cmake/ament_cpplint.cmake
