-- Found ament_cmake: 0.9.8 (/home/saitama1/ros2_foxy/install/ament_cmake/share/ament_cmake/cmake)
-- Found PythonInterp: /usr/bin/python3 (found suitable version "3.8.10", minimum required is "3") 
-- Using PYTHON_EXECUTABLE: /usr/bin/python3
-- Found ament_lint_auto: 0.9.6 (/home/saitama1/ros2_foxy/install/ament_lint_auto/share/ament_lint_auto/cmake)
-- Added test 'copyright' to check source files copyright and LICENSE
-- Added test 'flake8' to check Python code syntax and style conventions
-- Added test 'lint_cmake' to check CMake code style
-- Added test 'pep257' to check Python code against some of the style conventions in PEP 257
-- Added test 'xmllint' to check XML markup files
-- Configuring done
-- Generating done
-- Build files have been written to: /home/saitama1/ros2_foxy/build/rosidl_generator_dds_idl
-- Install configuration: ""
-- Installing: /home/saitama1/ros2_foxy/install/rosidl_generator_dds_idl/share/rosidl_generator_dds_idl/environment/pythonpath.sh
-- Installing: /home/saitama1/ros2_foxy/install/rosidl_generator_dds_idl/share/rosidl_generator_dds_idl/environment/pythonpath.dsv
-- Installing: /home/saitama1/ros2_foxy/install/rosidl_generator_dds_idl/lib/python3.8/site-packages/rosidl_generator_dds_idl
-- Installing: /home/saitama1/ros2_foxy/install/rosidl_generator_dds_idl/lib/python3.8/site-packages/rosidl_generator_dds_idl/__init__.py
Listing '/home/saitama1/ros2_foxy/install/rosidl_generator_dds_idl/lib/python3.8/site-packages/rosidl_generator_dds_idl'...
Compiling '/home/saitama1/ros2_foxy/install/rosidl_generator_dds_idl/lib/python3.8/site-packages/rosidl_generator_dds_idl/__init__.py'...
-- Installing: /home/saitama1/ros2_foxy/install/rosidl_generator_dds_idl/share/ament_index/resource_index/package_run_dependencies/rosidl_generator_dds_idl
-- Installing: /home/saitama1/ros2_foxy/install/rosidl_generator_dds_idl/share/ament_index/resource_index/parent_prefix_path/rosidl_generator_dds_idl
-- Installing: /home/saitama1/ros2_foxy/install/rosidl_generator_dds_idl/share/rosidl_generator_dds_idl/environment/ament_prefix_path.sh
-- Installing: /home/saitama1/ros2_foxy/install/rosidl_generator_dds_idl/share/rosidl_generator_dds_idl/environment/ament_prefix_path.dsv
-- Installing: /home/saitama1/ros2_foxy/install/rosidl_generator_dds_idl/share/rosidl_generator_dds_idl/environment/path.sh
-- Installing: /home/saitama1/ros2_foxy/install/rosidl_generator_dds_idl/share/rosidl_generator_dds_idl/environment/path.dsv
-- Installing: /home/saitama1/ros2_foxy/install/rosidl_generator_dds_idl/share/rosidl_generator_dds_idl/local_setup.bash
-- Installing: /home/saitama1/ros2_foxy/install/rosidl_generator_dds_idl/share/rosidl_generator_dds_idl/local_setup.sh
-- Installing: /home/saitama1/ros2_foxy/install/rosidl_generator_dds_idl/share/rosidl_generator_dds_idl/local_setup.zsh
-- Installing: /home/saitama1/ros2_foxy/install/rosidl_generator_dds_idl/share/rosidl_generator_dds_idl/local_setup.dsv
-- Installing: /home/saitama1/ros2_foxy/install/rosidl_generator_dds_idl/share/rosidl_generator_dds_idl/package.dsv
-- Installing: /home/saitama1/ros2_foxy/install/rosidl_generator_dds_idl/share/ament_index/resource_index/packages/rosidl_generator_dds_idl
-- Installing: /home/saitama1/ros2_foxy/install/rosidl_generator_dds_idl/share/rosidl_generator_dds_idl/cmake/rosidl_generator_dds_idl-extras.cmake
-- Installing: /home/saitama1/ros2_foxy/install/rosidl_generator_dds_idl/share/rosidl_generator_dds_idl/cmake/rosidl_generator_dds_idlConfig.cmake
-- Installing: /home/saitama1/ros2_foxy/install/rosidl_generator_dds_idl/share/rosidl_generator_dds_idl/cmake/rosidl_generator_dds_idlConfig-version.cmake
-- Installing: /home/saitama1/ros2_foxy/install/rosidl_generator_dds_idl/share/rosidl_generator_dds_idl/package.xml
-- Installing: /home/saitama1/ros2_foxy/install/rosidl_generator_dds_idl/lib/rosidl_generator_dds_idl/rosidl_generator_dds_idl
-- Up-to-date: /home/saitama1/ros2_foxy/install/rosidl_generator_dds_idl/share/rosidl_generator_dds_idl/cmake
-- Installing: /home/saitama1/ros2_foxy/install/rosidl_generator_dds_idl/share/rosidl_generator_dds_idl/cmake/rosidl_generate_dds_interfaces.cmake
-- Installing: /home/saitama1/ros2_foxy/install/rosidl_generator_dds_idl/share/rosidl_generator_dds_idl/resource
-- Installing: /home/saitama1/ros2_foxy/install/rosidl_generator_dds_idl/share/rosidl_generator_dds_idl/resource/idl.idl.em
-- Installing: /home/saitama1/ros2_foxy/install/rosidl_generator_dds_idl/share/rosidl_generator_dds_idl/resource/msg.idl.em
-- Installing: /home/saitama1/ros2_foxy/install/rosidl_generator_dds_idl/share/rosidl_generator_dds_idl/resource/action.idl.em
-- Installing: /home/saitama1/ros2_foxy/install/rosidl_generator_dds_idl/share/rosidl_generator_dds_idl/resource/srv.idl.em
