running egg_info
creating ../../../../build/ros2bag/ros2bag.egg-info
writing ../../../../build/ros2bag/ros2bag.egg-info/PKG-INFO
writing dependency_links to ../../../../build/ros2bag/ros2bag.egg-info/dependency_links.txt
writing entry points to ../../../../build/ros2bag/ros2bag.egg-info/entry_points.txt
writing requirements to ../../../../build/ros2bag/ros2bag.egg-info/requires.txt
writing top-level names to ../../../../build/ros2bag/ros2bag.egg-info/top_level.txt
writing manifest file '../../../../build/ros2bag/ros2bag.egg-info/SOURCES.txt'
reading manifest file '../../../../build/ros2bag/ros2bag.egg-info/SOURCES.txt'
writing manifest file '../../../../build/ros2bag/ros2bag.egg-info/SOURCES.txt'
running build
running build_py
creating /home/saitama1/ros2_foxy/build/ros2bag/build
creating /home/saitama1/ros2_foxy/build/ros2bag/build/lib
creating /home/saitama1/ros2_foxy/build/ros2bag/build/lib/ros2bag
copying ros2bag/__init__.py -> /home/saitama1/ros2_foxy/build/ros2bag/build/lib/ros2bag
creating /home/saitama1/ros2_foxy/build/ros2bag/build/lib/ros2bag/command
copying ros2bag/command/__init__.py -> /home/saitama1/ros2_foxy/build/ros2bag/build/lib/ros2bag/command
copying ros2bag/command/bag.py -> /home/saitama1/ros2_foxy/build/ros2bag/build/lib/ros2bag/command
creating /home/saitama1/ros2_foxy/build/ros2bag/build/lib/ros2bag/api
copying ros2bag/api/__init__.py -> /home/saitama1/ros2_foxy/build/ros2bag/build/lib/ros2bag/api
creating /home/saitama1/ros2_foxy/build/ros2bag/build/lib/ros2bag/verb
copying ros2bag/verb/play.py -> /home/saitama1/ros2_foxy/build/ros2bag/build/lib/ros2bag/verb
copying ros2bag/verb/info.py -> /home/saitama1/ros2_foxy/build/ros2bag/build/lib/ros2bag/verb
copying ros2bag/verb/__init__.py -> /home/saitama1/ros2_foxy/build/ros2bag/build/lib/ros2bag/verb
copying ros2bag/verb/record.py -> /home/saitama1/ros2_foxy/build/ros2bag/build/lib/ros2bag/verb
running install
running install_lib
creating /home/saitama1/ros2_foxy/install/ros2bag/lib/python3.8/site-packages/ros2bag
copying /home/saitama1/ros2_foxy/build/ros2bag/build/lib/ros2bag/__init__.py -> /home/saitama1/ros2_foxy/install/ros2bag/lib/python3.8/site-packages/ros2bag
creating /home/saitama1/ros2_foxy/install/ros2bag/lib/python3.8/site-packages/ros2bag/command
copying /home/saitama1/ros2_foxy/build/ros2bag/build/lib/ros2bag/command/__init__.py -> /home/saitama1/ros2_foxy/install/ros2bag/lib/python3.8/site-packages/ros2bag/command
copying /home/saitama1/ros2_foxy/build/ros2bag/build/lib/ros2bag/command/bag.py -> /home/saitama1/ros2_foxy/install/ros2bag/lib/python3.8/site-packages/ros2bag/command
creating /home/saitama1/ros2_foxy/install/ros2bag/lib/python3.8/site-packages/ros2bag/api
copying /home/saitama1/ros2_foxy/build/ros2bag/build/lib/ros2bag/api/__init__.py -> /home/saitama1/ros2_foxy/install/ros2bag/lib/python3.8/site-packages/ros2bag/api
creating /home/saitama1/ros2_foxy/install/ros2bag/lib/python3.8/site-packages/ros2bag/verb
copying /home/saitama1/ros2_foxy/build/ros2bag/build/lib/ros2bag/verb/play.py -> /home/saitama1/ros2_foxy/install/ros2bag/lib/python3.8/site-packages/ros2bag/verb
copying /home/saitama1/ros2_foxy/build/ros2bag/build/lib/ros2bag/verb/info.py -> /home/saitama1/ros2_foxy/install/ros2bag/lib/python3.8/site-packages/ros2bag/verb
copying /home/saitama1/ros2_foxy/build/ros2bag/build/lib/ros2bag/verb/__init__.py -> /home/saitama1/ros2_foxy/install/ros2bag/lib/python3.8/site-packages/ros2bag/verb
copying /home/saitama1/ros2_foxy/build/ros2bag/build/lib/ros2bag/verb/record.py -> /home/saitama1/ros2_foxy/install/ros2bag/lib/python3.8/site-packages/ros2bag/verb
byte-compiling /home/saitama1/ros2_foxy/install/ros2bag/lib/python3.8/site-packages/ros2bag/__init__.py to __init__.cpython-38.pyc
byte-compiling /home/saitama1/ros2_foxy/install/ros2bag/lib/python3.8/site-packages/ros2bag/command/__init__.py to __init__.cpython-38.pyc
byte-compiling /home/saitama1/ros2_foxy/install/ros2bag/lib/python3.8/site-packages/ros2bag/command/bag.py to bag.cpython-38.pyc
byte-compiling /home/saitama1/ros2_foxy/install/ros2bag/lib/python3.8/site-packages/ros2bag/api/__init__.py to __init__.cpython-38.pyc
byte-compiling /home/saitama1/ros2_foxy/install/ros2bag/lib/python3.8/site-packages/ros2bag/verb/play.py to play.cpython-38.pyc
byte-compiling /home/saitama1/ros2_foxy/install/ros2bag/lib/python3.8/site-packages/ros2bag/verb/info.py to info.cpython-38.pyc
byte-compiling /home/saitama1/ros2_foxy/install/ros2bag/lib/python3.8/site-packages/ros2bag/verb/__init__.py to __init__.cpython-38.pyc
byte-compiling /home/saitama1/ros2_foxy/install/ros2bag/lib/python3.8/site-packages/ros2bag/verb/record.py to record.cpython-38.pyc
running install_data
copying package.xml -> /home/saitama1/ros2_foxy/install/ros2bag/share/ros2bag
creating /home/saitama1/ros2_foxy/install/ros2bag/share/ament_index
creating /home/saitama1/ros2_foxy/install/ros2bag/share/ament_index/resource_index
creating /home/saitama1/ros2_foxy/install/ros2bag/share/ament_index/resource_index/packages
copying resource/ros2bag -> /home/saitama1/ros2_foxy/install/ros2bag/share/ament_index/resource_index/packages
running install_egg_info
Copying ../../../../build/ros2bag/ros2bag.egg-info to /home/saitama1/ros2_foxy/install/ros2bag/lib/python3.8/site-packages/ros2bag-0.3.8-py3.8.egg-info
running install_scripts
writing list of installed files to '/home/saitama1/ros2_foxy/build/ros2bag/install.log'
