[1.032s] Invoking command in '/home/saitama1/Pictures/ros2-picas/ros2_foxy/src/ament/ament_lint/ament_pycodestyle': PYTHONPATH=/home/saitama1/Pictures/ros2-picas/ros2_foxy/install/ament_pycodestyle/lib/python3.8/site-packages:${PYTHONPATH} /usr/bin/python3 setup.py egg_info --egg-base ../../../../build/ament_pycodestyle build --build-base /home/saitama1/Pictures/ros2-picas/ros2_foxy/build/ament_pycodestyle/build install --prefix /home/saitama1/Pictures/ros2-picas/ros2_foxy/install/ament_pycodestyle --record /home/saitama1/Pictures/ros2-picas/ros2_foxy/build/ament_pycodestyle/install.log --single-version-externally-managed
[1.263s] running egg_info
[1.263s] writing ../../../../build/ament_pycodestyle/ament_pycodestyle.egg-info/PKG-INFO
[1.266s] writing dependency_links to ../../../../build/ament_pycodestyle/ament_pycodestyle.egg-info/dependency_links.txt
[1.266s] writing entry points to ../../../../build/ament_pycodestyle/ament_pycodestyle.egg-info/entry_points.txt
[1.266s] writing requirements to ../../../../build/ament_pycodestyle/ament_pycodestyle.egg-info/requires.txt
[1.267s] writing top-level names to ../../../../build/ament_pycodestyle/ament_pycodestyle.egg-info/top_level.txt
[1.275s] reading manifest file '../../../../build/ament_pycodestyle/ament_pycodestyle.egg-info/SOURCES.txt'
[1.275s] writing manifest file '../../../../build/ament_pycodestyle/ament_pycodestyle.egg-info/SOURCES.txt'
[1.275s] running build
[1.275s] running build_py
[1.276s] running install
[1.276s] running install_lib
[1.277s] running install_data
[1.277s] running install_egg_info
[1.285s] removing '/home/saitama1/Pictures/ros2-picas/ros2_foxy/install/ament_pycodestyle/lib/python3.8/site-packages/ament_pycodestyle-0.9.6-py3.8.egg-info' (and everything under it)
[1.285s] Copying ../../../../build/ament_pycodestyle/ament_pycodestyle.egg-info to /home/saitama1/Pictures/ros2-picas/ros2_foxy/install/ament_pycodestyle/lib/python3.8/site-packages/ament_pycodestyle-0.9.6-py3.8.egg-info
[1.285s] running install_scripts
[1.297s] Installing ament_pycodestyle script to /home/saitama1/Pictures/ros2-picas/ros2_foxy/install/ament_pycodestyle/bin
[1.303s] writing list of installed files to '/home/saitama1/Pictures/ros2-picas/ros2_foxy/build/ament_pycodestyle/install.log'
[1.382s] Invoked command in '/home/saitama1/Pictures/ros2-picas/ros2_foxy/src/ament/ament_lint/ament_pycodestyle' returned '0': PYTHONPATH=/home/saitama1/Pictures/ros2-picas/ros2_foxy/install/ament_pycodestyle/lib/python3.8/site-packages:${PYTHONPATH} /usr/bin/python3 setup.py egg_info --egg-base ../../../../build/ament_pycodestyle build --build-base /home/saitama1/Pictures/ros2-picas/ros2_foxy/build/ament_pycodestyle/build install --prefix /home/saitama1/Pictures/ros2-picas/ros2_foxy/install/ament_pycodestyle --record /home/saitama1/Pictures/ros2-picas/ros2_foxy/build/ament_pycodestyle/install.log --single-version-externally-managed
