-- The C compiler identification is GNU 9.3.0
-- The CXX compiler identification is GNU 9.3.0
-- Check for working C compiler: /usr/bin/cc
-- Check for working C compiler: /usr/bin/cc -- works
-- Detecting C compiler ABI info
-- Detecting C compiler ABI info - done
-- Detecting C compile features
-- Detecting C compile features - done
-- Check for working CXX compiler: /usr/bin/c++
-- Check for working CXX compiler: /usr/bin/c++ -- works
-- Detecting CXX compiler ABI info
-- Detecting CXX compiler ABI info - done
-- Detecting CXX compile features
-- Detecting CXX compile features - done
-- Found ament_cmake_python: 0.9.8 (/home/saitama1/Pictures/ros2-picas/ros2_foxy/install/ament_cmake_python/share/ament_cmake_python/cmake)
-- Found ament_cmake_ros: 0.9.2 (/home/saitama1/Pictures/ros2-picas/ros2_foxy/install/ament_cmake_ros/share/ament_cmake_ros/cmake)
-- Found PythonInterp: /usr/bin/python3 (found suitable version "3.8.10", minimum required is "3") 
-- Using PYTHON_EXECUTABLE: /usr/bin/python3
-- Found rosidl_runtime_cpp: 1.2.1 (/home/saitama1/Pictures/ros2-picas/ros2_foxy/install/rosidl_runtime_cpp/share/rosidl_runtime_cpp/cmake)
-- Found rosidl_typesupport_introspection_c: 1.2.1 (/home/saitama1/Pictures/ros2-picas/ros2_foxy/install/rosidl_typesupport_introspection_c/share/rosidl_typesupport_introspection_c/cmake)
-- Found rosidl_adapter: 1.2.1 (/home/saitama1/Pictures/ros2-picas/ros2_foxy/install/rosidl_adapter/share/rosidl_adapter/cmake)
-- Found ament_lint_auto: 0.9.6 (/home/saitama1/Pictures/ros2-picas/ros2_foxy/install/ament_lint_auto/share/ament_lint_auto/cmake)
-- Added test 'copyright' to check source files copyright and LICENSE
-- Added test 'cppcheck' to perform static code analysis on C / C++ code
-- Configured cppcheck include dirs: $<BUILD_INTERFACE:/home/saitama1/Pictures/ros2-picas/ros2_foxy/src/ros2/rosidl/rosidl_typesupport_introspection_cpp/include>
-- Configured cppcheck exclude dirs and/or files: 
-- Added test 'cpplint' to check C / C++ code against the Google style
-- Configured cpplint exclude dirs and/or files: 
-- Added test 'flake8' to check Python code syntax and style conventions
-- Added test 'lint_cmake' to check CMake code style
-- Added test 'pep257' to check Python code against some of the style conventions in PEP 257
-- Added test 'uncrustify' to check C / C++ code style
-- Configured uncrustify additional arguments: 
-- Added test 'xmllint' to check XML markup files
-- Configuring done
-- Generating done
-- Build files have been written to: /home/saitama1/Pictures/ros2-picas/ros2_foxy/build/rosidl_typesupport_introspection_cpp
[35m[1mScanning dependencies of target rosidl_typesupport_introspection_cpp[0m
[ 50%] [32mBuilding CXX object CMakeFiles/rosidl_typesupport_introspection_cpp.dir/src/identifier.cpp.o[0m
[100%] [32m[1mLinking CXX shared library librosidl_typesupport_introspection_cpp.so[0m
[100%] Built target rosidl_typesupport_introspection_cpp
-- Install configuration: ""
-- Installing: /home/saitama1/Pictures/ros2-picas/ros2_foxy/install/rosidl_typesupport_introspection_cpp/share/rosidl_typesupport_introspection_cpp/environment/pythonpath.sh
-- Installing: /home/saitama1/Pictures/ros2-picas/ros2_foxy/install/rosidl_typesupport_introspection_cpp/share/rosidl_typesupport_introspection_cpp/environment/pythonpath.dsv
-- Up-to-date: /home/saitama1/Pictures/ros2-picas/ros2_foxy/install/rosidl_typesupport_introspection_cpp/lib/python3.8/site-packages/rosidl_typesupport_introspection_cpp
-- Installing: /home/saitama1/Pictures/ros2-picas/ros2_foxy/install/rosidl_typesupport_introspection_cpp/lib/python3.8/site-packages/rosidl_typesupport_introspection_cpp/__init__.py
Listing '/home/saitama1/Pictures/ros2-picas/ros2_foxy/install/rosidl_typesupport_introspection_cpp/lib/python3.8/site-packages/rosidl_typesupport_introspection_cpp'...
Compiling '/home/saitama1/Pictures/ros2-picas/ros2_foxy/install/rosidl_typesupport_introspection_cpp/lib/python3.8/site-packages/rosidl_typesupport_introspection_cpp/__init__.py'...
-- Installing: /home/saitama1/Pictures/ros2-picas/ros2_foxy/install/rosidl_typesupport_introspection_cpp/share/rosidl_typesupport_introspection_cpp/environment/library_path.sh
-- Installing: /home/saitama1/Pictures/ros2-picas/ros2_foxy/install/rosidl_typesupport_introspection_cpp/share/rosidl_typesupport_introspection_cpp/environment/library_path.dsv
-- Installing: /home/saitama1/Pictures/ros2-picas/ros2_foxy/install/rosidl_typesupport_introspection_cpp/share/ament_index/resource_index/rosidl_typesupport_cpp/rosidl_typesupport_introspection_cpp
-- Installing: /home/saitama1/Pictures/ros2-picas/ros2_foxy/install/rosidl_typesupport_introspection_cpp/share/ament_index/resource_index/rosidl_runtime_packages/rosidl_typesupport_introspection_cpp
-- Installing: /home/saitama1/Pictures/ros2-picas/ros2_foxy/install/rosidl_typesupport_introspection_cpp/share/ament_index/resource_index/package_run_dependencies/rosidl_typesupport_introspection_cpp
-- Installing: /home/saitama1/Pictures/ros2-picas/ros2_foxy/install/rosidl_typesupport_introspection_cpp/share/ament_index/resource_index/parent_prefix_path/rosidl_typesupport_introspection_cpp
-- Installing: /home/saitama1/Pictures/ros2-picas/ros2_foxy/install/rosidl_typesupport_introspection_cpp/share/rosidl_typesupport_introspection_cpp/environment/ament_prefix_path.sh
-- Installing: /home/saitama1/Pictures/ros2-picas/ros2_foxy/install/rosidl_typesupport_introspection_cpp/share/rosidl_typesupport_introspection_cpp/environment/ament_prefix_path.dsv
-- Installing: /home/saitama1/Pictures/ros2-picas/ros2_foxy/install/rosidl_typesupport_introspection_cpp/share/rosidl_typesupport_introspection_cpp/environment/path.sh
-- Installing: /home/saitama1/Pictures/ros2-picas/ros2_foxy/install/rosidl_typesupport_introspection_cpp/share/rosidl_typesupport_introspection_cpp/environment/path.dsv
-- Installing: /home/saitama1/Pictures/ros2-picas/ros2_foxy/install/rosidl_typesupport_introspection_cpp/share/rosidl_typesupport_introspection_cpp/local_setup.bash
-- Installing: /home/saitama1/Pictures/ros2-picas/ros2_foxy/install/rosidl_typesupport_introspection_cpp/share/rosidl_typesupport_introspection_cpp/local_setup.sh
-- Installing: /home/saitama1/Pictures/ros2-picas/ros2_foxy/install/rosidl_typesupport_introspection_cpp/share/rosidl_typesupport_introspection_cpp/local_setup.zsh
-- Installing: /home/saitama1/Pictures/ros2-picas/ros2_foxy/install/rosidl_typesupport_introspection_cpp/share/rosidl_typesupport_introspection_cpp/local_setup.dsv
-- Installing: /home/saitama1/Pictures/ros2-picas/ros2_foxy/install/rosidl_typesupport_introspection_cpp/share/rosidl_typesupport_introspection_cpp/package.dsv
-- Installing: /home/saitama1/Pictures/ros2-picas/ros2_foxy/install/rosidl_typesupport_introspection_cpp/share/ament_index/resource_index/packages/rosidl_typesupport_introspection_cpp
-- Installing: /home/saitama1/Pictures/ros2-picas/ros2_foxy/install/rosidl_typesupport_introspection_cpp/share/rosidl_typesupport_introspection_cpp/cmake/rosidl_typesupport_introspection_cppExport.cmake
-- Installing: /home/saitama1/Pictures/ros2-picas/ros2_foxy/install/rosidl_typesupport_introspection_cpp/share/rosidl_typesupport_introspection_cpp/cmake/rosidl_typesupport_introspection_cppExport-noconfig.cmake
-- Installing: /home/saitama1/Pictures/ros2-picas/ros2_foxy/install/rosidl_typesupport_introspection_cpp/share/rosidl_typesupport_introspection_cpp/cmake/rosidl_typesupport_introspection_cpp-extras.cmake
-- Installing: /home/saitama1/Pictures/ros2-picas/ros2_foxy/install/rosidl_typesupport_introspection_cpp/share/rosidl_typesupport_introspection_cpp/cmake/ament_cmake_export_dependencies-extras.cmake
-- Installing: /home/saitama1/Pictures/ros2-picas/ros2_foxy/install/rosidl_typesupport_introspection_cpp/share/rosidl_typesupport_introspection_cpp/cmake/ament_cmake_export_include_directories-extras.cmake
-- Installing: /home/saitama1/Pictures/ros2-picas/ros2_foxy/install/rosidl_typesupport_introspection_cpp/share/rosidl_typesupport_introspection_cpp/cmake/ament_cmake_export_libraries-extras.cmake
-- Installing: /home/saitama1/Pictures/ros2-picas/ros2_foxy/install/rosidl_typesupport_introspection_cpp/share/rosidl_typesupport_introspection_cpp/cmake/ament_cmake_export_targets-extras.cmake
-- Installing: /home/saitama1/Pictures/ros2-picas/ros2_foxy/install/rosidl_typesupport_introspection_cpp/share/rosidl_typesupport_introspection_cpp/cmake/rosidl_typesupport_introspection_cppConfig.cmake
-- Installing: /home/saitama1/Pictures/ros2-picas/ros2_foxy/install/rosidl_typesupport_introspection_cpp/share/rosidl_typesupport_introspection_cpp/cmake/rosidl_typesupport_introspection_cppConfig-version.cmake
-- Installing: /home/saitama1/Pictures/ros2-picas/ros2_foxy/install/rosidl_typesupport_introspection_cpp/share/rosidl_typesupport_introspection_cpp/package.xml
-- Installing: /home/saitama1/Pictures/ros2-picas/ros2_foxy/install/rosidl_typesupport_introspection_cpp/lib/rosidl_typesupport_introspection_cpp/rosidl_typesupport_introspection_cpp
-- Up-to-date: /home/saitama1/Pictures/ros2-picas/ros2_foxy/install/rosidl_typesupport_introspection_cpp/share/rosidl_typesupport_introspection_cpp/cmake
-- Installing: /home/saitama1/Pictures/ros2-picas/ros2_foxy/install/rosidl_typesupport_introspection_cpp/share/rosidl_typesupport_introspection_cpp/cmake/rosidl_typesupport_introspection_cpp_generate_interfaces.cmake
-- Up-to-date: /home/saitama1/Pictures/ros2-picas/ros2_foxy/install/rosidl_typesupport_introspection_cpp/share/rosidl_typesupport_introspection_cpp/resource
-- Installing: /home/saitama1/Pictures/ros2-picas/ros2_foxy/install/rosidl_typesupport_introspection_cpp/share/rosidl_typesupport_introspection_cpp/resource/srv__rosidl_typesupport_introspection_cpp.hpp.em
-- Installing: /home/saitama1/Pictures/ros2-picas/ros2_foxy/install/rosidl_typesupport_introspection_cpp/share/rosidl_typesupport_introspection_cpp/resource/srv__type_support.cpp.em
-- Installing: /home/saitama1/Pictures/ros2-picas/ros2_foxy/install/rosidl_typesupport_introspection_cpp/share/rosidl_typesupport_introspection_cpp/resource/msg__rosidl_typesupport_introspection_cpp.hpp.em
-- Installing: /home/saitama1/Pictures/ros2-picas/ros2_foxy/install/rosidl_typesupport_introspection_cpp/share/rosidl_typesupport_introspection_cpp/resource/idl__type_support.cpp.em
-- Installing: /home/saitama1/Pictures/ros2-picas/ros2_foxy/install/rosidl_typesupport_introspection_cpp/share/rosidl_typesupport_introspection_cpp/resource/msg__type_support.cpp.em
-- Installing: /home/saitama1/Pictures/ros2-picas/ros2_foxy/install/rosidl_typesupport_introspection_cpp/share/rosidl_typesupport_introspection_cpp/resource/idl__rosidl_typesupport_introspection_cpp.hpp.em
-- Up-to-date: /home/saitama1/Pictures/ros2-picas/ros2_foxy/install/rosidl_typesupport_introspection_cpp/include
-- Up-to-date: /home/saitama1/Pictures/ros2-picas/ros2_foxy/install/rosidl_typesupport_introspection_cpp/include/rosidl_typesupport_introspection_cpp
-- Installing: /home/saitama1/Pictures/ros2-picas/ros2_foxy/install/rosidl_typesupport_introspection_cpp/include/rosidl_typesupport_introspection_cpp/message_type_support_decl.hpp
-- Installing: /home/saitama1/Pictures/ros2-picas/ros2_foxy/install/rosidl_typesupport_introspection_cpp/include/rosidl_typesupport_introspection_cpp/service_introspection.hpp
-- Installing: /home/saitama1/Pictures/ros2-picas/ros2_foxy/install/rosidl_typesupport_introspection_cpp/include/rosidl_typesupport_introspection_cpp/identifier.hpp
-- Installing: /home/saitama1/Pictures/ros2-picas/ros2_foxy/install/rosidl_typesupport_introspection_cpp/include/rosidl_typesupport_introspection_cpp/message_introspection.hpp
-- Installing: /home/saitama1/Pictures/ros2-picas/ros2_foxy/install/rosidl_typesupport_introspection_cpp/include/rosidl_typesupport_introspection_cpp/field_types.hpp
-- Installing: /home/saitama1/Pictures/ros2-picas/ros2_foxy/install/rosidl_typesupport_introspection_cpp/include/rosidl_typesupport_introspection_cpp/visibility_control.h
-- Installing: /home/saitama1/Pictures/ros2-picas/ros2_foxy/install/rosidl_typesupport_introspection_cpp/include/rosidl_typesupport_introspection_cpp/service_type_support_decl.hpp
-- Installing: /home/saitama1/Pictures/ros2-picas/ros2_foxy/install/rosidl_typesupport_introspection_cpp/lib/librosidl_typesupport_introspection_cpp.so
-- Set runtime path of "/home/saitama1/Pictures/ros2-picas/ros2_foxy/install/rosidl_typesupport_introspection_cpp/lib/librosidl_typesupport_introspection_cpp.so" to ""
