[0.556s] Invoking command in '/home/saitama1/Pictures/ros2-picas/ros2_foxy/build/ament_lint_auto': AMENT_PREFIX_PATH=/home/saitama1/Pictures/ros2-picas/ros2_foxy/install/ament_cmake_test:/home/saitama1/Pictures/ros2-picas/ros2_foxy/install/ament_cmake_core:/home/saitama1/Pictures/ros2-picas/ros2_foxy/install/ament_package:${AMENT_PREFIX_PATH} CMAKE_PREFIX_PATH=/home/saitama1/Pictures/ros2-picas/ros2_foxy/install/ament_cmake_test:/home/saitama1/Pictures/ros2-picas/ros2_foxy/install/ament_cmake_core:/opt/ros/foxy PYTHONPATH=/home/saitama1/Pictures/ros2-picas/ros2_foxy/install/ament_cmake_test/lib/python3.8/site-packages:/home/saitama1/Pictures/ros2-picas/ros2_foxy/install/ament_package/lib/python3.8/site-packages:${PYTHONPATH} /usr/bin/cmake /home/saitama1/Pictures/ros2-picas/ros2_foxy/src/ament/ament_lint/ament_lint_auto -DCMAKE_INSTALL_PREFIX=/home/saitama1/Pictures/ros2-picas/ros2_foxy/install/ament_lint_auto
[0.572s] -- Found ament_cmake_core: 0.9.8 (/home/saitama1/Pictures/ros2-picas/ros2_foxy/install/ament_cmake_core/share/ament_cmake_core/cmake)
[0.593s] -- Found PythonInterp: /usr/bin/python3 (found suitable version "3.8.10", minimum required is "3") 
[0.593s] -- Using PYTHON_EXECUTABLE: /usr/bin/python3
[0.771s] -- Configuring done
[0.773s] -- Generating done
[0.773s] -- Build files have been written to: /home/saitama1/Pictures/ros2-picas/ros2_foxy/build/ament_lint_auto
[0.887s] Invoked command in '/home/saitama1/Pictures/ros2-picas/ros2_foxy/build/ament_lint_auto' returned '0': AMENT_PREFIX_PATH=/home/saitama1/Pictures/ros2-picas/ros2_foxy/install/ament_cmake_test:/home/saitama1/Pictures/ros2-picas/ros2_foxy/install/ament_cmake_core:/home/saitama1/Pictures/ros2-picas/ros2_foxy/install/ament_package:${AMENT_PREFIX_PATH} CMAKE_PREFIX_PATH=/home/saitama1/Pictures/ros2-picas/ros2_foxy/install/ament_cmake_test:/home/saitama1/Pictures/ros2-picas/ros2_foxy/install/ament_cmake_core:/opt/ros/foxy PYTHONPATH=/home/saitama1/Pictures/ros2-picas/ros2_foxy/install/ament_cmake_test/lib/python3.8/site-packages:/home/saitama1/Pictures/ros2-picas/ros2_foxy/install/ament_package/lib/python3.8/site-packages:${PYTHONPATH} /usr/bin/cmake /home/saitama1/Pictures/ros2-picas/ros2_foxy/src/ament/ament_lint/ament_lint_auto -DCMAKE_INSTALL_PREFIX=/home/saitama1/Pictures/ros2-picas/ros2_foxy/install/ament_lint_auto
[0.888s] Invoking command in '/home/saitama1/Pictures/ros2-picas/ros2_foxy/build/ament_lint_auto': AMENT_PREFIX_PATH=/home/saitama1/Pictures/ros2-picas/ros2_foxy/install/ament_cmake_test:/home/saitama1/Pictures/ros2-picas/ros2_foxy/install/ament_cmake_core:/home/saitama1/Pictures/ros2-picas/ros2_foxy/install/ament_package:${AMENT_PREFIX_PATH} CMAKE_PREFIX_PATH=/home/saitama1/Pictures/ros2-picas/ros2_foxy/install/ament_cmake_test:/home/saitama1/Pictures/ros2-picas/ros2_foxy/install/ament_cmake_core:/opt/ros/foxy PYTHONPATH=/home/saitama1/Pictures/ros2-picas/ros2_foxy/install/ament_cmake_test/lib/python3.8/site-packages:/home/saitama1/Pictures/ros2-picas/ros2_foxy/install/ament_package/lib/python3.8/site-packages:${PYTHONPATH} /usr/bin/cmake --build /home/saitama1/Pictures/ros2-picas/ros2_foxy/build/ament_lint_auto -- -j12 -l12
[0.982s] Invoked command in '/home/saitama1/Pictures/ros2-picas/ros2_foxy/build/ament_lint_auto' returned '0': AMENT_PREFIX_PATH=/home/saitama1/Pictures/ros2-picas/ros2_foxy/install/ament_cmake_test:/home/saitama1/Pictures/ros2-picas/ros2_foxy/install/ament_cmake_core:/home/saitama1/Pictures/ros2-picas/ros2_foxy/install/ament_package:${AMENT_PREFIX_PATH} CMAKE_PREFIX_PATH=/home/saitama1/Pictures/ros2-picas/ros2_foxy/install/ament_cmake_test:/home/saitama1/Pictures/ros2-picas/ros2_foxy/install/ament_cmake_core:/opt/ros/foxy PYTHONPATH=/home/saitama1/Pictures/ros2-picas/ros2_foxy/install/ament_cmake_test/lib/python3.8/site-packages:/home/saitama1/Pictures/ros2-picas/ros2_foxy/install/ament_package/lib/python3.8/site-packages:${PYTHONPATH} /usr/bin/cmake --build /home/saitama1/Pictures/ros2-picas/ros2_foxy/build/ament_lint_auto -- -j12 -l12
[1.464s] Invoking command in '/home/saitama1/Pictures/ros2-picas/ros2_foxy/build/ament_lint_auto': AMENT_PREFIX_PATH=/home/saitama1/Pictures/ros2-picas/ros2_foxy/install/ament_cmake_test:/home/saitama1/Pictures/ros2-picas/ros2_foxy/install/ament_cmake_core:/home/saitama1/Pictures/ros2-picas/ros2_foxy/install/ament_package:${AMENT_PREFIX_PATH} CMAKE_PREFIX_PATH=/home/saitama1/Pictures/ros2-picas/ros2_foxy/install/ament_cmake_test:/home/saitama1/Pictures/ros2-picas/ros2_foxy/install/ament_cmake_core:/opt/ros/foxy PYTHONPATH=/home/saitama1/Pictures/ros2-picas/ros2_foxy/install/ament_cmake_test/lib/python3.8/site-packages:/home/saitama1/Pictures/ros2-picas/ros2_foxy/install/ament_package/lib/python3.8/site-packages:${PYTHONPATH} /usr/bin/cmake --install /home/saitama1/Pictures/ros2-picas/ros2_foxy/build/ament_lint_auto
[1.501s] -- Install configuration: ""
[1.501s] -- Installing: /home/saitama1/Pictures/ros2-picas/ros2_foxy/install/ament_lint_auto/share/ament_index/resource_index/package_run_dependencies/ament_lint_auto
[1.501s] -- Installing: /home/saitama1/Pictures/ros2-picas/ros2_foxy/install/ament_lint_auto/share/ament_index/resource_index/parent_prefix_path/ament_lint_auto
[1.502s] -- Installing: /home/saitama1/Pictures/ros2-picas/ros2_foxy/install/ament_lint_auto/share/ament_lint_auto/environment/ament_prefix_path.sh
[1.502s] -- Installing: /home/saitama1/Pictures/ros2-picas/ros2_foxy/install/ament_lint_auto/share/ament_lint_auto/environment/ament_prefix_path.dsv
[1.502s] -- Installing: /home/saitama1/Pictures/ros2-picas/ros2_foxy/install/ament_lint_auto/share/ament_lint_auto/environment/path.sh
[1.502s] -- Installing: /home/saitama1/Pictures/ros2-picas/ros2_foxy/install/ament_lint_auto/share/ament_lint_auto/environment/path.dsv
[1.503s] -- Installing: /home/saitama1/Pictures/ros2-picas/ros2_foxy/install/ament_lint_auto/share/ament_lint_auto/local_setup.bash
[1.503s] -- Installing: /home/saitama1/Pictures/ros2-picas/ros2_foxy/install/ament_lint_auto/share/ament_lint_auto/local_setup.sh
[1.503s] -- Installing: /home/saitama1/Pictures/ros2-picas/ros2_foxy/install/ament_lint_auto/share/ament_lint_auto/local_setup.zsh
[1.503s] -- Installing: /home/saitama1/Pictures/ros2-picas/ros2_foxy/install/ament_lint_auto/share/ament_lint_auto/local_setup.dsv
[1.504s] -- Installing: /home/saitama1/Pictures/ros2-picas/ros2_foxy/install/ament_lint_auto/share/ament_lint_auto/package.dsv
[1.504s] -- Installing: /home/saitama1/Pictures/ros2-picas/ros2_foxy/install/ament_lint_auto/share/ament_index/resource_index/packages/ament_lint_auto
[1.504s] -- Installing: /home/saitama1/Pictures/ros2-picas/ros2_foxy/install/ament_lint_auto/share/ament_lint_auto/cmake/ament_lint_auto-extras.cmake
[1.505s] -- Installing: /home/saitama1/Pictures/ros2-picas/ros2_foxy/install/ament_lint_auto/share/ament_lint_auto/cmake/ament_lint_autoConfig.cmake
[1.505s] -- Installing: /home/saitama1/Pictures/ros2-picas/ros2_foxy/install/ament_lint_auto/share/ament_lint_auto/cmake/ament_lint_autoConfig-version.cmake
[1.505s] -- Installing: /home/saitama1/Pictures/ros2-picas/ros2_foxy/install/ament_lint_auto/share/ament_lint_auto/package.xml
[1.505s] -- Up-to-date: /home/saitama1/Pictures/ros2-picas/ros2_foxy/install/ament_lint_auto/share/ament_lint_auto/cmake
[1.506s] -- Installing: /home/saitama1/Pictures/ros2-picas/ros2_foxy/install/ament_lint_auto/share/ament_lint_auto/cmake/ament_lint_auto_package_hook.cmake
[1.506s] -- Installing: /home/saitama1/Pictures/ros2-picas/ros2_foxy/install/ament_lint_auto/share/ament_lint_auto/cmake/ament_lint_auto_find_test_dependencies.cmake
[1.553s] Invoked command in '/home/saitama1/Pictures/ros2-picas/ros2_foxy/build/ament_lint_auto' returned '0': AMENT_PREFIX_PATH=/home/saitama1/Pictures/ros2-picas/ros2_foxy/install/ament_cmake_test:/home/saitama1/Pictures/ros2-picas/ros2_foxy/install/ament_cmake_core:/home/saitama1/Pictures/ros2-picas/ros2_foxy/install/ament_package:${AMENT_PREFIX_PATH} CMAKE_PREFIX_PATH=/home/saitama1/Pictures/ros2-picas/ros2_foxy/install/ament_cmake_test:/home/saitama1/Pictures/ros2-picas/ros2_foxy/install/ament_cmake_core:/opt/ros/foxy PYTHONPATH=/home/saitama1/Pictures/ros2-picas/ros2_foxy/install/ament_cmake_test/lib/python3.8/site-packages:/home/saitama1/Pictures/ros2-picas/ros2_foxy/install/ament_package/lib/python3.8/site-packages:${PYTHONPATH} /usr/bin/cmake --install /home/saitama1/Pictures/ros2-picas/ros2_foxy/build/ament_lint_auto
