-- Found ament_cmake: 0.9.8 (/home/saitama1/ros2_foxy/install/ament_cmake/share/ament_cmake/cmake)
-- Using PYTHON_EXECUTABLE: /usr/bin/python3
-- Override CMake install command with custom implementation using symlinks instead of copying resources
-- Found rclcpp: 2.3.1 (/home/saitama1/ros2_foxy/install/rclcpp/share/rclcpp/cmake)
-- Using all available rosidl_typesupport_c: rosidl_typesupport_introspection_c;rosidl_typesupport_fastrtps_c
-- Found rosidl_adapter: 1.2.1 (/home/saitama1/ros2_foxy/install/rosidl_adapter/share/rosidl_adapter/cmake)
-- Using all available rosidl_typesupport_cpp: rosidl_typesupport_introspection_cpp;rosidl_typesupport_fastrtps_cpp
-- Found rmw_implementation_cmake: 1.0.3 (/home/saitama1/ros2_foxy/install/rmw_implementation_cmake/share/rmw_implementation_cmake/cmake)
-- Using RMW implementation 'rmw_fastrtps_cpp' as default
-- Found ament_lint_auto: 0.9.6 (/home/saitama1/ros2_foxy/install/ament_lint_auto/share/ament_lint_auto/cmake)
-- Added test 'copyright' to check source files copyright and LICENSE
-- Added test 'cppcheck' to perform static code analysis on C / C++ code
-- Configured cppcheck include dirs: /home/saitama1/ros2_foxy/src/ros2/demos/quality_of_service_demo/rclcpp/include
-- Configured cppcheck exclude dirs and/or files: 
-- Added test 'cpplint' to check C / C++ code against the Google style
-- Configured cpplint exclude dirs and/or files: 
-- Added test 'lint_cmake' to check CMake code style
-- Added test 'uncrustify' to check C / C++ code style
-- Configured uncrustify additional arguments: 
-- Added test 'xmllint' to check XML markup files
-- Configuring done
-- Generating done
-- Build files have been written to: /home/saitama1/ros2_foxy/build/quality_of_service_demo_cpp
[35m[1mScanning dependencies of target liveliness[0m
[  4%] [32mBuilding CXX object CMakeFiles/liveliness.dir/src/liveliness.cpp.o[0m
[  8%] [32mBuilding CXX object CMakeFiles/liveliness.dir/src/utils.cpp.o[0m
[ 12%] [32mBuilding CXX object CMakeFiles/liveliness.dir/src/common_nodes.cpp.o[0m
[ 16%] [32m[1mLinking CXX executable liveliness[0m
[ 16%] Built target liveliness
[35m[1mScanning dependencies of target interactive_subscriber[0m
[ 20%] [32mBuilding CXX object CMakeFiles/interactive_subscriber.dir/src/interactive_subscriber.cpp.o[0m
[ 25%] [32mBuilding CXX object CMakeFiles/interactive_subscriber.dir/src/utils.cpp.o[0m
[ 29%] [32mBuilding CXX object CMakeFiles/interactive_subscriber.dir/src/common_nodes.cpp.o[0m
[ 33%] [32m[1mLinking CXX executable interactive_subscriber[0m
[ 33%] Built target interactive_subscriber
[35m[1mScanning dependencies of target interactive_publisher[0m
[ 37%] [32mBuilding CXX object CMakeFiles/interactive_publisher.dir/src/interactive_publisher.cpp.o[0m
[ 41%] [32mBuilding CXX object CMakeFiles/interactive_publisher.dir/src/utils.cpp.o[0m
[ 45%] [32mBuilding CXX object CMakeFiles/interactive_publisher.dir/src/common_nodes.cpp.o[0m
[ 50%] [32m[1mLinking CXX executable interactive_publisher[0m
[ 50%] Built target interactive_publisher
[35m[1mScanning dependencies of target incompatible_qos[0m
[ 54%] [32mBuilding CXX object CMakeFiles/incompatible_qos.dir/src/incompatible_qos.cpp.o[0m
[ 58%] [32mBuilding CXX object CMakeFiles/incompatible_qos.dir/src/utils.cpp.o[0m
[ 62%] [32mBuilding CXX object CMakeFiles/incompatible_qos.dir/src/common_nodes.cpp.o[0m
[ 66%] [32m[1mLinking CXX executable incompatible_qos[0m
[ 66%] Built target incompatible_qos
[35m[1mScanning dependencies of target deadline[0m
[ 70%] [32mBuilding CXX object CMakeFiles/deadline.dir/src/deadline.cpp.o[0m
[ 75%] [32mBuilding CXX object CMakeFiles/deadline.dir/src/utils.cpp.o[0m
[ 79%] [32mBuilding CXX object CMakeFiles/deadline.dir/src/common_nodes.cpp.o[0m
[ 83%] [32m[1mLinking CXX executable deadline[0m
[ 83%] Built target deadline
[35m[1mScanning dependencies of target lifespan[0m
[ 87%] [32mBuilding CXX object CMakeFiles/lifespan.dir/src/lifespan.cpp.o[0m
[ 91%] [32mBuilding CXX object CMakeFiles/lifespan.dir/src/utils.cpp.o[0m
[ 95%] [32mBuilding CXX object CMakeFiles/lifespan.dir/src/common_nodes.cpp.o[0m
[100%] [32m[1mLinking CXX executable lifespan[0m
[100%] Built target lifespan
-- Install configuration: ""
-- Execute custom install script
-- Symlinking: /home/saitama1/ros2_foxy/install/quality_of_service_demo_cpp/lib/quality_of_service_demo_cpp/liveliness
-- Symlinking: /home/saitama1/ros2_foxy/install/quality_of_service_demo_cpp/lib/quality_of_service_demo_cpp/lifespan
-- Symlinking: /home/saitama1/ros2_foxy/install/quality_of_service_demo_cpp/lib/quality_of_service_demo_cpp/deadline
-- Symlinking: /home/saitama1/ros2_foxy/install/quality_of_service_demo_cpp/lib/quality_of_service_demo_cpp/interactive_publisher
-- Symlinking: /home/saitama1/ros2_foxy/install/quality_of_service_demo_cpp/lib/quality_of_service_demo_cpp/interactive_subscriber
-- Symlinking: /home/saitama1/ros2_foxy/install/quality_of_service_demo_cpp/lib/quality_of_service_demo_cpp/incompatible_qos
-- Symlinking: /home/saitama1/ros2_foxy/install/quality_of_service_demo_cpp/share/ament_index/resource_index/package_run_dependencies/quality_of_service_demo_cpp
-- Symlinking: /home/saitama1/ros2_foxy/install/quality_of_service_demo_cpp/share/ament_index/resource_index/parent_prefix_path/quality_of_service_demo_cpp
-- Symlinking: /home/saitama1/ros2_foxy/install/quality_of_service_demo_cpp/share/quality_of_service_demo_cpp/environment/ament_prefix_path.sh
-- Symlinking: /home/saitama1/ros2_foxy/install/quality_of_service_demo_cpp/share/quality_of_service_demo_cpp/environment/ament_prefix_path.dsv
-- Symlinking: /home/saitama1/ros2_foxy/install/quality_of_service_demo_cpp/share/quality_of_service_demo_cpp/environment/path.sh
-- Symlinking: /home/saitama1/ros2_foxy/install/quality_of_service_demo_cpp/share/quality_of_service_demo_cpp/environment/path.dsv
-- Symlinking: /home/saitama1/ros2_foxy/install/quality_of_service_demo_cpp/share/quality_of_service_demo_cpp/local_setup.bash
-- Symlinking: /home/saitama1/ros2_foxy/install/quality_of_service_demo_cpp/share/quality_of_service_demo_cpp/local_setup.sh
-- Symlinking: /home/saitama1/ros2_foxy/install/quality_of_service_demo_cpp/share/quality_of_service_demo_cpp/local_setup.zsh
-- Symlinking: /home/saitama1/ros2_foxy/install/quality_of_service_demo_cpp/share/quality_of_service_demo_cpp/local_setup.dsv
-- Symlinking: /home/saitama1/ros2_foxy/install/quality_of_service_demo_cpp/share/quality_of_service_demo_cpp/package.dsv
-- Symlinking: /home/saitama1/ros2_foxy/install/quality_of_service_demo_cpp/share/ament_index/resource_index/packages/quality_of_service_demo_cpp
-- Symlinking: /home/saitama1/ros2_foxy/install/quality_of_service_demo_cpp/share/quality_of_service_demo_cpp/cmake/ament_cmake_export_include_directories-extras.cmake
-- Symlinking: /home/saitama1/ros2_foxy/install/quality_of_service_demo_cpp/share/quality_of_service_demo_cpp/cmake/quality_of_service_demo_cppConfig.cmake
-- Symlinking: /home/saitama1/ros2_foxy/install/quality_of_service_demo_cpp/share/quality_of_service_demo_cpp/cmake/quality_of_service_demo_cppConfig-version.cmake
-- Symlinking: /home/saitama1/ros2_foxy/install/quality_of_service_demo_cpp/share/quality_of_service_demo_cpp/package.xml
