[0.552s] Invoking command in '/home/saitama1/ros2_foxy/build/cyclonedds': CMAKE_PREFIX_PATH=${CMAKE_PREFIX_PATH}:/home/saitama1/ros2_foxy/install/osrf_pycommon:/home/saitama1/ros2_foxy/install/ament_pyflakes:/home/saitama1/ros2_foxy/install/ament_pycodestyle:/home/saitama1/ros2_foxy/install/ament_pep257:/home/saitama1/ros2_foxy/install/ament_package:/home/saitama1/ros2_foxy/install/ament_mypy:/home/saitama1/ros2_foxy/install/ament_flake8:/home/saitama1/ros2_foxy/install/ament_copyright:/home/saitama1/ros2_foxy/install/ament_lint:/home/saitama1/ros2_foxy/install/ament_cppcheck /usr/bin/cmake --build /home/saitama1/ros2_foxy/build/cyclonedds -- -j12 -l12
[0.907s] [ 81%] Built target ddsc
[0.908s] [ 84%] Built target ddsconf
[0.908s] [ 85%] Built target ddsls
[0.909s] [ 88%] Built target pubsub
[0.909s] [ 95%] Built target dds_security_auth
[0.909s] [ 96%] Built target dds_security_crypto
[0.910s] [ 99%] Built target dds_security_ac
[0.910s] [100%] Built target schema
[0.917s] Invoked command in '/home/saitama1/ros2_foxy/build/cyclonedds' returned '0': CMAKE_PREFIX_PATH=${CMAKE_PREFIX_PATH}:/home/saitama1/ros2_foxy/install/osrf_pycommon:/home/saitama1/ros2_foxy/install/ament_pyflakes:/home/saitama1/ros2_foxy/install/ament_pycodestyle:/home/saitama1/ros2_foxy/install/ament_pep257:/home/saitama1/ros2_foxy/install/ament_package:/home/saitama1/ros2_foxy/install/ament_mypy:/home/saitama1/ros2_foxy/install/ament_flake8:/home/saitama1/ros2_foxy/install/ament_copyright:/home/saitama1/ros2_foxy/install/ament_lint:/home/saitama1/ros2_foxy/install/ament_cppcheck /usr/bin/cmake --build /home/saitama1/ros2_foxy/build/cyclonedds -- -j12 -l12
[0.978s] Invoking command in '/home/saitama1/ros2_foxy/build/cyclonedds': CMAKE_PREFIX_PATH=${CMAKE_PREFIX_PATH}:/home/saitama1/ros2_foxy/install/osrf_pycommon:/home/saitama1/ros2_foxy/install/ament_pyflakes:/home/saitama1/ros2_foxy/install/ament_pycodestyle:/home/saitama1/ros2_foxy/install/ament_pep257:/home/saitama1/ros2_foxy/install/ament_package:/home/saitama1/ros2_foxy/install/ament_mypy:/home/saitama1/ros2_foxy/install/ament_flake8:/home/saitama1/ros2_foxy/install/ament_copyright:/home/saitama1/ros2_foxy/install/ament_lint:/home/saitama1/ros2_foxy/install/ament_cppcheck /usr/bin/cmake --install /home/saitama1/ros2_foxy/build/cyclonedds
[1.009s] -- Install configuration: "RelWithDebInfo"
[1.009s] -- Installing: /home/saitama1/ros2_foxy/install/cyclonedds/lib/cmake/CycloneDDS/CycloneDDSConfig.cmake
[1.009s] -- Installing: /home/saitama1/ros2_foxy/install/cyclonedds/lib/cmake/CycloneDDS/CycloneDDSVersion.cmake
[1.009s] -- Installing: /home/saitama1/ros2_foxy/install/cyclonedds/lib/cmake/CycloneDDS/CycloneDDSTargets.cmake
[1.009s] -- Installing: /home/saitama1/ros2_foxy/install/cyclonedds/lib/cmake/CycloneDDS/CycloneDDSTargets-relwithdebinfo.cmake
[1.009s] -- Installing: /home/saitama1/ros2_foxy/install/cyclonedds/include
[1.009s] -- Installing: /home/saitama1/ros2_foxy/install/cyclonedds/include/dds
[1.009s] -- Installing: /home/saitama1/ros2_foxy/install/cyclonedds/include/dds/ddsrt
[1.009s] -- Installing: /home/saitama1/ros2_foxy/install/cyclonedds/include/dds/ddsrt/fibheap.h
[1.009s] -- Installing: /home/saitama1/ros2_foxy/install/cyclonedds/include/dds/ddsrt/md5.h
[1.009s] -- Installing: /home/saitama1/ros2_foxy/install/cyclonedds/include/dds/ddsrt/rusage.h
[1.009s] -- Installing: /home/saitama1/ros2_foxy/install/cyclonedds/include/dds/ddsrt/types.h
[1.010s] -- Installing: /home/saitama1/ros2_foxy/install/cyclonedds/include/dds/ddsrt/log.h
[1.010s] -- Installing: /home/saitama1/ros2_foxy/install/cyclonedds/include/dds/ddsrt/atomics
[1.010s] -- Installing: /home/saitama1/ros2_foxy/install/cyclonedds/include/dds/ddsrt/atomics/sun.h
[1.010s] -- Installing: /home/saitama1/ros2_foxy/install/cyclonedds/include/dds/ddsrt/atomics/msvc.h
[1.010s] -- Installing: /home/saitama1/ros2_foxy/install/cyclonedds/include/dds/ddsrt/atomics/gcc.h
[1.010s] -- Installing: /home/saitama1/ros2_foxy/install/cyclonedds/include/dds/ddsrt/atomics/arm.h
[1.010s] -- Installing: /home/saitama1/ros2_foxy/install/cyclonedds/include/dds/ddsrt/time
[1.010s] -- Installing: /home/saitama1/ros2_foxy/install/cyclonedds/include/dds/ddsrt/time/freertos.h
[1.011s] -- Installing: /home/saitama1/ros2_foxy/install/cyclonedds/include/dds/ddsrt/sockets
[1.012s] -- Installing: /home/saitama1/ros2_foxy/install/cyclonedds/include/dds/ddsrt/sockets/windows.h
[1.014s] -- Installing: /home/saitama1/ros2_foxy/install/cyclonedds/include/dds/ddsrt/sockets/posix.h
[1.014s] -- Installing: /home/saitama1/ros2_foxy/install/cyclonedds/include/dds/ddsrt/static_assert.h
[1.015s] -- Installing: /home/saitama1/ros2_foxy/install/cyclonedds/include/dds/ddsrt/arch.h
[1.015s] -- Installing: /home/saitama1/ros2_foxy/install/cyclonedds/include/dds/ddsrt/sockets.h
[1.015s] -- Installing: /home/saitama1/ros2_foxy/install/cyclonedds/include/dds/ddsrt/circlist.h
[1.015s] -- Installing: /home/saitama1/ros2_foxy/install/cyclonedds/include/dds/ddsrt/strtol.h
[1.015s] -- Installing: /home/saitama1/ros2_foxy/install/cyclonedds/include/dds/ddsrt/attributes.h
[1.015s] -- Installing: /home/saitama1/ros2_foxy/install/cyclonedds/include/dds/ddsrt/retcode.h
[1.015s] -- Installing: /home/saitama1/ros2_foxy/install/cyclonedds/include/dds/ddsrt/threads
[1.015s] -- Installing: /home/saitama1/ros2_foxy/install/cyclonedds/include/dds/ddsrt/threads/windows.h
[1.015s] -- Installing: /home/saitama1/ros2_foxy/install/cyclonedds/include/dds/ddsrt/threads/freertos.h
[1.015s] -- Installing: /home/saitama1/ros2_foxy/install/cyclonedds/include/dds/ddsrt/threads/posix.h
[1.015s] -- Installing: /home/saitama1/ros2_foxy/install/cyclonedds/include/dds/ddsrt/filesystem
[1.016s] -- Installing: /home/saitama1/ros2_foxy/install/cyclonedds/include/dds/ddsrt/filesystem/windows.h
[1.016s] -- Installing: /home/saitama1/ros2_foxy/install/cyclonedds/include/dds/ddsrt/filesystem/posix.h
[1.016s] -- Installing: /home/saitama1/ros2_foxy/install/cyclonedds/include/dds/ddsrt/environ.h
[1.016s] -- Installing: /home/saitama1/ros2_foxy/install/cyclonedds/include/dds/ddsrt/heap.h
[1.016s] -- Installing: /home/saitama1/ros2_foxy/install/cyclonedds/include/dds/ddsrt/sync
[1.016s] -- Installing: /home/saitama1/ros2_foxy/install/cyclonedds/include/dds/ddsrt/sync/windows.h
[1.017s] -- Installing: /home/saitama1/ros2_foxy/install/cyclonedds/include/dds/ddsrt/sync/freertos.h
[1.018s] -- Installing: /home/saitama1/ros2_foxy/install/cyclonedds/include/dds/ddsrt/sync/posix.h
[1.018s] -- Installing: /home/saitama1/ros2_foxy/install/cyclonedds/include/dds/ddsrt/sync/solaris2.6.h
[1.018s] -- Installing: /home/saitama1/ros2_foxy/install/cyclonedds/include/dds/ddsrt/atomics.h
[1.019s] -- Installing: /home/saitama1/ros2_foxy/install/cyclonedds/include/dds/ddsrt/expand_vars.h
[1.019s] -- Installing: /home/saitama1/ros2_foxy/install/cyclonedds/include/dds/ddsrt/countargs.h
[1.019s] -- Installing: /home/saitama1/ros2_foxy/install/cyclonedds/include/dds/ddsrt/thread_pool.h
[1.020s] -- Installing: /home/saitama1/ros2_foxy/install/cyclonedds/include/dds/ddsrt/process.h
[1.020s] -- Installing: /home/saitama1/ros2_foxy/install/cyclonedds/include/dds/ddsrt/random.h
[1.020s] -- Installing: /home/saitama1/ros2_foxy/install/cyclonedds/include/dds/ddsrt/misc.h
[1.020s] -- Installing: /home/saitama1/ros2_foxy/install/cyclonedds/include/dds/ddsrt/bswap.h
[1.021s] -- Installing: /home/saitama1/ros2_foxy/install/cyclonedds/include/dds/ddsrt/sync.h
[1.021s] -- Installing: /home/saitama1/ros2_foxy/install/cyclonedds/include/dds/ddsrt/hopscotch.h
[1.021s] -- Installing: /home/saitama1/ros2_foxy/install/cyclonedds/include/dds/ddsrt/cdtors.h
[1.022s] -- Installing: /home/saitama1/ros2_foxy/install/cyclonedds/include/dds/ddsrt/mh3.h
[1.022s] -- Installing: /home/saitama1/ros2_foxy/install/cyclonedds/include/dds/ddsrt/netstat.h
[1.022s] -- Installing: /home/saitama1/ros2_foxy/install/cyclonedds/include/dds/ddsrt/io.h
[1.022s] -- Installing: /home/saitama1/ros2_foxy/install/cyclonedds/include/dds/ddsrt/strtod.h
[1.023s] -- Installing: /home/saitama1/ros2_foxy/install/cyclonedds/include/dds/ddsrt/threads.h
[1.023s] -- Installing: /home/saitama1/ros2_foxy/install/cyclonedds/include/dds/ddsrt/ifaddrs.h
[1.023s] -- Installing: /home/saitama1/ros2_foxy/install/cyclonedds/include/dds/ddsrt/xmlparser.h
[1.023s] -- Installing: /home/saitama1/ros2_foxy/install/cyclonedds/include/dds/ddsrt/avl.h
[1.024s] -- Installing: /home/saitama1/ros2_foxy/install/cyclonedds/include/dds/ddsrt/filesystem.h
[1.024s] -- Installing: /home/saitama1/ros2_foxy/install/cyclonedds/include/dds/ddsrt/string.h
[1.024s] -- Installing: /home/saitama1/ros2_foxy/install/cyclonedds/include/dds/ddsrt/endian.h
[1.024s] -- Installing: /home/saitama1/ros2_foxy/install/cyclonedds/include/dds/ddsrt/types
[1.025s] -- Installing: /home/saitama1/ros2_foxy/install/cyclonedds/include/dds/ddsrt/types/windows.h
[1.025s] -- Installing: /home/saitama1/ros2_foxy/install/cyclonedds/include/dds/ddsrt/types/vxworks.h
[1.030s] -- Installing: /home/saitama1/ros2_foxy/install/cyclonedds/include/dds/ddsrt/types/posix.h
[1.030s] -- Installing: /home/saitama1/ros2_foxy/install/cyclonedds/include/dds/ddsrt/dynlib.h
[1.031s] -- Installing: /home/saitama1/ros2_foxy/install/cyclonedds/include/dds/ddsrt/time.h
[1.031s] -- Up-to-date: /home/saitama1/ros2_foxy/install/cyclonedds/include
[1.032s] -- Up-to-date: /home/saitama1/ros2_foxy/install/cyclonedds/include/dds
[1.032s] -- Installing: /home/saitama1/ros2_foxy/install/cyclonedds/include/dds/version.h
[1.032s] -- Up-to-date: /home/saitama1/ros2_foxy/install/cyclonedds/include
[1.033s] -- Up-to-date: /home/saitama1/ros2_foxy/install/cyclonedds/include/dds
[1.033s] -- Installing: /home/saitama1/ros2_foxy/install/cyclonedds/include/dds/security
[1.033s] -- Installing: /home/saitama1/ros2_foxy/install/cyclonedds/include/dds/security/dds_security_api_defs.h
[1.034s] -- Installing: /home/saitama1/ros2_foxy/install/cyclonedds/include/dds/security/dds_security_api.h
[1.034s] -- Installing: /home/saitama1/ros2_foxy/install/cyclonedds/include/dds/security/dds_security_api_access_control.h
[1.034s] -- Installing: /home/saitama1/ros2_foxy/install/cyclonedds/include/dds/security/dds_security_api_err.h
[1.035s] -- Installing: /home/saitama1/ros2_foxy/install/cyclonedds/include/dds/security/dds_security_api_authentication.h
[1.036s] -- Installing: /home/saitama1/ros2_foxy/install/cyclonedds/include/dds/security/dds_security_api_types.h
[1.036s] -- Installing: /home/saitama1/ros2_foxy/install/cyclonedds/include/dds/security/dds_security_api_cryptography.h
[1.046s] -- Installing: /home/saitama1/ros2_foxy/install/cyclonedds/include/dds/security/core/
[1.046s] -- Installing: /home/saitama1/ros2_foxy/install/cyclonedds/include/dds/security/core//dds_security_serialize.h
[1.046s] -- Installing: /home/saitama1/ros2_foxy/install/cyclonedds/include/dds/security/core//dds_security_utils.h
[1.047s] -- Installing: /home/saitama1/ros2_foxy/install/cyclonedds/include/dds/security/core//dds_security_timed_cb.h
[1.059s] -- Installing: /home/saitama1/ros2_foxy/install/cyclonedds/include/dds/security/core//dds_security_plugins.h
[1.060s] -- Installing: /home/saitama1/ros2_foxy/install/cyclonedds/include/dds/security/core//dds_security_fsm.h
[1.060s] -- Installing: /home/saitama1/ros2_foxy/install/cyclonedds/include/dds/security/core//dds_security_types.h
[1.062s] -- Installing: /home/saitama1/ros2_foxy/install/cyclonedds/include/dds/security/core//shared_secret.h
[1.062s] -- Installing: /home/saitama1/ros2_foxy/install/cyclonedds/lib/libdds_security_ac.so
[1.062s] -- Set runtime path of "/home/saitama1/ros2_foxy/install/cyclonedds/lib/libdds_security_ac.so" to "$ORIGIN/../lib"
[1.062s] -- Installing: /home/saitama1/ros2_foxy/install/cyclonedds/lib/libdds_security_auth.so
[1.063s] -- Set runtime path of "/home/saitama1/ros2_foxy/install/cyclonedds/lib/libdds_security_auth.so" to "$ORIGIN/../lib"
[1.063s] -- Installing: /home/saitama1/ros2_foxy/install/cyclonedds/lib/libdds_security_crypto.so
[1.063s] -- Set runtime path of "/home/saitama1/ros2_foxy/install/cyclonedds/lib/libdds_security_crypto.so" to "$ORIGIN/../lib"
[1.063s] -- Up-to-date: /home/saitama1/ros2_foxy/install/cyclonedds/include
[1.063s] -- Up-to-date: /home/saitama1/ros2_foxy/install/cyclonedds/include/dds
[1.063s] -- Installing: /home/saitama1/ros2_foxy/install/cyclonedds/include/dds/ddsi
[1.064s] -- Installing: /home/saitama1/ros2_foxy/install/cyclonedds/include/dds/ddsi/q_gc.h
[1.064s] -- Installing: /home/saitama1/ros2_foxy/install/cyclonedds/include/dds/ddsi/q_feature_check.h
[1.064s] -- Installing: /home/saitama1/ros2_foxy/install/cyclonedds/include/dds/ddsi/ddsi_cfgunits.h
[1.064s] -- Installing: /home/saitama1/ros2_foxy/install/cyclonedds/include/dds/ddsi/q_misc.h
[1.064s] -- Installing: /home/saitama1/ros2_foxy/install/cyclonedds/include/dds/ddsi/ddsi_tcp.h
[1.064s] -- Installing: /home/saitama1/ros2_foxy/install/cyclonedds/include/dds/ddsi/ddsi_domaingv.h
[1.064s] -- Installing: /home/saitama1/ros2_foxy/install/cyclonedds/include/dds/ddsi/q_config.h
[1.065s] -- Installing: /home/saitama1/ros2_foxy/install/cyclonedds/include/dds/ddsi/q_pcap.h
[1.065s] -- Installing: /home/saitama1/ros2_foxy/install/cyclonedds/include/dds/ddsi/ddsi_ownip.h
[1.065s] -- Installing: /home/saitama1/ros2_foxy/install/cyclonedds/include/dds/ddsi/ddsi_acknack.h
[1.065s] -- Installing: /home/saitama1/ros2_foxy/install/cyclonedds/include/dds/ddsi/ddsi_udp.h
[1.065s] -- Installing: /home/saitama1/ros2_foxy/install/cyclonedds/include/dds/ddsi/q_receive.h
[1.066s] -- Installing: /home/saitama1/ros2_foxy/install/cyclonedds/include/dds/ddsi/ddsi_rhc.h
[1.066s] -- Installing: /home/saitama1/ros2_foxy/install/cyclonedds/include/dds/ddsi/ddsi_ssl.h
[1.067s] -- Installing: /home/saitama1/ros2_foxy/install/cyclonedds/include/dds/ddsi/ddsi_plist_generic.h
[1.067s] -- Installing: /home/saitama1/ros2_foxy/install/cyclonedds/include/dds/ddsi/ddsi_serdata_default.h
[1.067s] -- Installing: /home/saitama1/ros2_foxy/install/cyclonedds/include/dds/ddsi/ddsi_vendor.h
[1.067s] -- Installing: /home/saitama1/ros2_foxy/install/cyclonedds/include/dds/ddsi/q_qosmatch.h
[1.068s] -- Installing: /home/saitama1/ros2_foxy/install/cyclonedds/include/dds/ddsi/q_bitset.h
[1.068s] -- Installing: /home/saitama1/ros2_foxy/install/cyclonedds/include/dds/ddsi/q_log.h
[1.068s] -- Installing: /home/saitama1/ros2_foxy/install/cyclonedds/include/dds/ddsi/q_xevent.h
[1.069s] -- Installing: /home/saitama1/ros2_foxy/install/cyclonedds/include/dds/ddsi/ddsi_deliver_locally.h
[1.069s] -- Installing: /home/saitama1/ros2_foxy/install/cyclonedds/include/dds/ddsi/ddsi_security_exchange.h
[1.069s] -- Installing: /home/saitama1/ros2_foxy/install/cyclonedds/include/dds/ddsi/q_lease.h
[1.070s] -- Installing: /home/saitama1/ros2_foxy/install/cyclonedds/include/dds/ddsi/q_bswap.h
[1.070s] -- Installing: /home/saitama1/ros2_foxy/install/cyclonedds/include/dds/ddsi/ddsi_tkmap.h
[1.071s] -- Installing: /home/saitama1/ros2_foxy/install/cyclonedds/include/dds/ddsi/ddsi_guid.h
[1.071s] -- Installing: /home/saitama1/ros2_foxy/install/cyclonedds/include/dds/ddsi/ddsi_lifespan.h
[1.071s] -- Installing: /home/saitama1/ros2_foxy/install/cyclonedds/include/dds/ddsi/q_protocol.h
[1.071s] -- Installing: /home/saitama1/ros2_foxy/install/cyclonedds/include/dds/ddsi/q_inverse_uint32_set.h
[1.071s] -- Installing: /home/saitama1/ros2_foxy/install/cyclonedds/include/dds/ddsi/q_radmin.h
[1.072s] -- Installing: /home/saitama1/ros2_foxy/install/cyclonedds/include/dds/ddsi/ddsi_security_omg.h
[1.072s] -- Installing: /home/saitama1/ros2_foxy/install/cyclonedds/include/dds/ddsi/ddsi_iid.h
[1.072s] -- Installing: /home/saitama1/ros2_foxy/install/cyclonedds/include/dds/ddsi/q_entity.h
[1.072s] -- Installing: /home/saitama1/ros2_foxy/install/cyclonedds/include/dds/ddsi/ddsi_raweth.h
[1.073s] -- Installing: /home/saitama1/ros2_foxy/install/cyclonedds/include/dds/ddsi/ddsi_xqos.h
[1.073s] -- Installing: /home/saitama1/ros2_foxy/install/cyclonedds/include/dds/ddsi/q_sockwaitset.h
[1.074s] -- Installing: /home/saitama1/ros2_foxy/install/cyclonedds/include/dds/ddsi/ddsi_cdrstream.h
[1.074s] -- Installing: /home/saitama1/ros2_foxy/install/cyclonedds/include/dds/ddsi/q_xmsg.h
[1.074s] -- Installing: /home/saitama1/ros2_foxy/install/cyclonedds/include/dds/ddsi/ddsi_serdata_pserop.h
[1.074s] -- Installing: /home/saitama1/ros2_foxy/install/cyclonedds/include/dds/ddsi/ddsi_serdata_plist.h
[1.075s] -- Installing: /home/saitama1/ros2_foxy/install/cyclonedds/include/dds/ddsi/q_unused.h
[1.075s] -- Installing: /home/saitama1/ros2_foxy/install/cyclonedds/include/dds/ddsi/q_thread.h
[1.075s] -- Installing: /home/saitama1/ros2_foxy/install/cyclonedds/include/dds/ddsi/q_rtps.h
[1.075s] -- Installing: /home/saitama1/ros2_foxy/install/cyclonedds/include/dds/ddsi/ddsi_time.h
[1.075s] -- Installing: /home/saitama1/ros2_foxy/install/cyclonedds/include/dds/ddsi/q_freelist.h
[1.076s] -- Installing: /home/saitama1/ros2_foxy/install/cyclonedds/include/dds/ddsi/ddsi_portmapping.h
[1.076s] -- Installing: /home/saitama1/ros2_foxy/install/cyclonedds/include/dds/ddsi/q_hbcontrol.h
[1.076s] -- Installing: /home/saitama1/ros2_foxy/install/cyclonedds/include/dds/ddsi/q_transmit.h
[1.076s] -- Installing: /home/saitama1/ros2_foxy/install/cyclonedds/include/dds/ddsi/ddsi_handshake.h
[1.077s] -- Installing: /home/saitama1/ros2_foxy/install/cyclonedds/include/dds/ddsi/ddsi_builtin_topic_if.h
[1.077s] -- Installing: /home/saitama1/ros2_foxy/install/cyclonedds/include/dds/ddsi/sysdeps.h
[1.077s] -- Installing: /home/saitama1/ros2_foxy/install/cyclonedds/include/dds/ddsi/ddsi_statistics.h
[1.077s] -- Installing: /home/saitama1/ros2_foxy/install/cyclonedds/include/dds/ddsi/ddsi_security_util.h
[1.077s] -- Installing: /home/saitama1/ros2_foxy/install/cyclonedds/include/dds/ddsi/q_addrset.h
[1.077s] -- Installing: /home/saitama1/ros2_foxy/install/cyclonedds/include/dds/ddsi/ddsi_pmd.h
[1.078s] -- Installing: /home/saitama1/ros2_foxy/install/cyclonedds/include/dds/ddsi/ddsi_sertopic.h
[1.078s] -- Installing: /home/saitama1/ros2_foxy/install/cyclonedds/include/dds/ddsi/q_debmon.h
[1.078s] -- Installing: /home/saitama1/ros2_foxy/install/cyclonedds/include/dds/ddsi/q_ddsi_discovery.h
[1.090s] -- Installing: /home/saitama1/ros2_foxy/install/cyclonedds/include/dds/ddsi/ddsi_mcgroup.h
[1.091s] -- Installing: /home/saitama1/ros2_foxy/install/cyclonedds/include/dds/ddsi/ddsi_plist.h
[1.093s] -- Installing: /home/saitama1/ros2_foxy/install/cyclonedds/include/dds/ddsi/ddsi_serdata.h
[1.094s] -- Installing: /home/saitama1/ros2_foxy/install/cyclonedds/include/dds/ddsi/ddsi_tran.h
[1.094s] -- Installing: /home/saitama1/ros2_foxy/install/cyclonedds/include/dds/ddsi/ddsi_deadline.h
[1.094s] -- Installing: /home/saitama1/ros2_foxy/install/cyclonedds/include/dds/ddsi/ddsi_keyhash.h
[1.094s] -- Installing: /home/saitama1/ros2_foxy/install/cyclonedds/include/dds/ddsi/q_lat_estim.h
[1.094s] -- Installing: /home/saitama1/ros2_foxy/install/cyclonedds/include/dds/ddsi/ddsi_cfgelems.h
[1.094s] -- Installing: /home/saitama1/ros2_foxy/install/cyclonedds/include/dds/ddsi/q_init.h
[1.094s] -- Installing: /home/saitama1/ros2_foxy/install/cyclonedds/include/dds/ddsi/ddsi_security_msg.h
[1.094s] -- Installing: /home/saitama1/ros2_foxy/install/cyclonedds/include/dds/ddsi/ddsi_threadmon.h
[1.095s] -- Installing: /home/saitama1/ros2_foxy/install/cyclonedds/include/dds/ddsi/ddsi_ipaddr.h
[1.095s] -- Installing: /home/saitama1/ros2_foxy/install/cyclonedds/include/dds/ddsi/ddsi_entity_index.h
[1.096s] -- Installing: /home/saitama1/ros2_foxy/install/cyclonedds/include/dds/ddsi/q_whc.h
[1.097s] -- Up-to-date: /home/saitama1/ros2_foxy/install/cyclonedds/include
[1.097s] -- Up-to-date: /home/saitama1/ros2_foxy/install/cyclonedds/include/dds
[1.097s] -- Installing: /home/saitama1/ros2_foxy/install/cyclonedds/include/dds/dds.h
[1.098s] -- Installing: /home/saitama1/ros2_foxy/install/cyclonedds/include/dds/ddsc
[1.098s] -- Installing: /home/saitama1/ros2_foxy/install/cyclonedds/include/dds/ddsc/dds_public_status.h
[1.098s] -- Installing: /home/saitama1/ros2_foxy/install/cyclonedds/include/dds/ddsc/dds_public_qosdefs.h
[1.098s] -- Installing: /home/saitama1/ros2_foxy/install/cyclonedds/include/dds/ddsc/dds_public_alloc.h
[1.098s] -- Installing: /home/saitama1/ros2_foxy/install/cyclonedds/include/dds/ddsc/dds_public_listener.h
[1.098s] -- Installing: /home/saitama1/ros2_foxy/install/cyclonedds/include/dds/ddsc/dds_rhc.h
[1.098s] -- Installing: /home/saitama1/ros2_foxy/install/cyclonedds/include/dds/ddsc/dds_public_qos.h
[1.098s] -- Installing: /home/saitama1/ros2_foxy/install/cyclonedds/include/dds/ddsc/dds_statistics.h
[1.098s] -- Installing: /home/saitama1/ros2_foxy/install/cyclonedds/include/dds/ddsc/dds_public_impl.h
[1.098s] -- Installing: /home/saitama1/ros2_foxy/install/cyclonedds/include/dds/ddsc/dds_public_error.h
[1.098s] -- Installing: /home/saitama1/ros2_foxy/install/cyclonedds/include/dds/ddsc/dds_internal_api.h
[1.098s] -- Installing: /home/saitama1/ros2_foxy/install/cyclonedds/include/ddsc
[1.098s] -- Installing: /home/saitama1/ros2_foxy/install/cyclonedds/include/ddsc/dds.h
[1.101s] -- Up-to-date: /home/saitama1/ros2_foxy/install/cyclonedds/include
[1.101s] -- Up-to-date: /home/saitama1/ros2_foxy/install/cyclonedds/include/dds
[1.102s] -- Installing: /home/saitama1/ros2_foxy/install/cyclonedds/include/dds/features.h
[1.102s] -- Installing: /home/saitama1/ros2_foxy/install/cyclonedds/include/dds/export.h
[1.102s] -- Installing: /home/saitama1/ros2_foxy/install/cyclonedds/lib/libddsc.so.0.7.0
[1.112s] -- Installing: /home/saitama1/ros2_foxy/install/cyclonedds/lib/libddsc.so.0
[1.112s] -- Set runtime path of "/home/saitama1/ros2_foxy/install/cyclonedds/lib/libddsc.so.0.7.0" to "$ORIGIN/../lib"
[1.112s] -- Installing: /home/saitama1/ros2_foxy/install/cyclonedds/lib/libddsc.so
[1.112s] -- Installing: /home/saitama1/ros2_foxy/install/cyclonedds/bin/pubsub
[1.114s] -- Set runtime path of "/home/saitama1/ros2_foxy/install/cyclonedds/bin/pubsub" to "$ORIGIN/../lib"
[1.114s] -- Installing: /home/saitama1/ros2_foxy/install/cyclonedds/bin/ddsls
[1.115s] -- Set runtime path of "/home/saitama1/ros2_foxy/install/cyclonedds/bin/ddsls" to "$ORIGIN/../lib"
[1.118s] Invoked command in '/home/saitama1/ros2_foxy/build/cyclonedds' returned '0': CMAKE_PREFIX_PATH=${CMAKE_PREFIX_PATH}:/home/saitama1/ros2_foxy/install/osrf_pycommon:/home/saitama1/ros2_foxy/install/ament_pyflakes:/home/saitama1/ros2_foxy/install/ament_pycodestyle:/home/saitama1/ros2_foxy/install/ament_pep257:/home/saitama1/ros2_foxy/install/ament_package:/home/saitama1/ros2_foxy/install/ament_mypy:/home/saitama1/ros2_foxy/install/ament_flake8:/home/saitama1/ros2_foxy/install/ament_copyright:/home/saitama1/ros2_foxy/install/ament_lint:/home/saitama1/ros2_foxy/install/ament_cppcheck /usr/bin/cmake --install /home/saitama1/ros2_foxy/build/cyclonedds
