-- Found ament_cmake_ros: 0.9.2 (/home/saitama1/ros2_foxy/install/ament_cmake_ros/share/ament_cmake_ros/cmake)
-- Using PYTHON_EXECUTABLE: /usr/bin/python3
-- Override CMake install command with custom implementation using symlinks instead of copying resources
-- Searching for Log4cxx/logger.h
-- Searching for libLog4cxx
-- Found rcutils: 1.1.3 (/home/saitama1/ros2_foxy/install/rcutils/share/rcutils/cmake)
-- Found ament_lint_auto: 0.9.6 (/home/saitama1/ros2_foxy/install/ament_lint_auto/share/ament_lint_auto/cmake)
-- Added test 'cppcheck' to perform static code analysis on C / C++ code
-- Configured cppcheck include dirs: /home/saitama1/ros2_foxy/src/ros2/rcl_logging/rcl_logging_log4cxx/include
-- Configured cppcheck exclude dirs and/or files: 
-- Added test 'cpplint' to check C / C++ code against the Google style
-- Configured cpplint exclude dirs and/or files: 
-- Added test 'uncrustify' to check C / C++ code style
-- Configured uncrustify additional arguments: 
-- Added test 'xmllint' to check XML markup files
-- Configuring done
-- Generating done
-- Build files have been written to: /home/saitama1/ros2_foxy/build/rcl_logging_log4cxx
[ 50%] [32m[1mLinking CXX shared library librcl_logging_log4cxx.so[0m
[100%] Built target rcl_logging_log4cxx
-- Install configuration: ""
-- Execute custom install script
-- Symlinking: /home/saitama1/ros2_foxy/install/rcl_logging_log4cxx/lib/librcl_logging_log4cxx.so
-- Symlinking: /home/saitama1/ros2_foxy/install/rcl_logging_log4cxx/include/rcl_logging_log4cxx/logging_interface.h
-- Symlinking: /home/saitama1/ros2_foxy/install/rcl_logging_log4cxx/include/rcl_logging_log4cxx/visibility_control.h
-- Symlinking: /home/saitama1/ros2_foxy/install/rcl_logging_log4cxx/share/rcl_logging_log4cxx/environment/library_path.sh
-- Symlinking: /home/saitama1/ros2_foxy/install/rcl_logging_log4cxx/share/rcl_logging_log4cxx/environment/library_path.dsv
-- Symlinking: /home/saitama1/ros2_foxy/install/rcl_logging_log4cxx/share/ament_index/resource_index/package_run_dependencies/rcl_logging_log4cxx
-- Symlinking: /home/saitama1/ros2_foxy/install/rcl_logging_log4cxx/share/ament_index/resource_index/parent_prefix_path/rcl_logging_log4cxx
-- Symlinking: /home/saitama1/ros2_foxy/install/rcl_logging_log4cxx/share/rcl_logging_log4cxx/environment/ament_prefix_path.sh
-- Symlinking: /home/saitama1/ros2_foxy/install/rcl_logging_log4cxx/share/rcl_logging_log4cxx/environment/ament_prefix_path.dsv
-- Symlinking: /home/saitama1/ros2_foxy/install/rcl_logging_log4cxx/share/rcl_logging_log4cxx/environment/path.sh
-- Symlinking: /home/saitama1/ros2_foxy/install/rcl_logging_log4cxx/share/rcl_logging_log4cxx/environment/path.dsv
-- Symlinking: /home/saitama1/ros2_foxy/install/rcl_logging_log4cxx/share/rcl_logging_log4cxx/local_setup.bash
-- Symlinking: /home/saitama1/ros2_foxy/install/rcl_logging_log4cxx/share/rcl_logging_log4cxx/local_setup.sh
-- Symlinking: /home/saitama1/ros2_foxy/install/rcl_logging_log4cxx/share/rcl_logging_log4cxx/local_setup.zsh
-- Symlinking: /home/saitama1/ros2_foxy/install/rcl_logging_log4cxx/share/rcl_logging_log4cxx/local_setup.dsv
-- Symlinking: /home/saitama1/ros2_foxy/install/rcl_logging_log4cxx/share/rcl_logging_log4cxx/package.dsv
-- Symlinking: /home/saitama1/ros2_foxy/install/rcl_logging_log4cxx/share/ament_index/resource_index/packages/rcl_logging_log4cxx
-- Symlinking: /home/saitama1/ros2_foxy/install/rcl_logging_log4cxx/share/rcl_logging_log4cxx/cmake/ament_cmake_export_include_directories-extras.cmake
-- Symlinking: /home/saitama1/ros2_foxy/install/rcl_logging_log4cxx/share/rcl_logging_log4cxx/cmake/ament_cmake_export_dependencies-extras.cmake
-- Symlinking: /home/saitama1/ros2_foxy/install/rcl_logging_log4cxx/share/rcl_logging_log4cxx/cmake/ament_cmake_export_libraries-extras.cmake
-- Symlinking: /home/saitama1/ros2_foxy/install/rcl_logging_log4cxx/share/rcl_logging_log4cxx/cmake/rcl_logging_log4cxxConfig.cmake
-- Symlinking: /home/saitama1/ros2_foxy/install/rcl_logging_log4cxx/share/rcl_logging_log4cxx/cmake/rcl_logging_log4cxxConfig-version.cmake
-- Symlinking: /home/saitama1/ros2_foxy/install/rcl_logging_log4cxx/share/rcl_logging_log4cxx/package.xml
