-- The C compiler identification is GNU 9.3.0
-- The CXX compiler identification is GNU 9.3.0
-- Check for working C compiler: /usr/bin/cc
-- Check for working C compiler: /usr/bin/cc -- works
-- Detecting C compiler ABI info
-- Detecting C compiler ABI info - done
-- Detecting C compile features
-- Detecting C compile features - done
-- Check for working CXX compiler: /usr/bin/c++
-- Check for working CXX compiler: /usr/bin/c++ -- works
-- Detecting CXX compiler ABI info
-- Detecting CXX compiler ABI info - done
-- Detecting CXX compile features
-- Detecting CXX compile features - done
-- Found ament_cmake: 0.9.8 (/home/saitama1/Pictures/ros2-picas/ros2_foxy/install/ament_cmake/share/ament_cmake/cmake)
-- Found PythonInterp: /usr/bin/python3 (found suitable version "3.8.10", minimum required is "3") 
-- Using PYTHON_EXECUTABLE: /usr/bin/python3
-- Found rclcpp: 2.3.1 (/home/saitama1/Pictures/ros2-picas/ros2_foxy/install/rclcpp/share/rclcpp/cmake)
-- Using all available rosidl_typesupport_c: rosidl_typesupport_fastrtps_c;rosidl_typesupport_introspection_c
-- Found rosidl_adapter: 1.2.1 (/home/saitama1/Pictures/ros2-picas/ros2_foxy/install/rosidl_adapter/share/rosidl_adapter/cmake)
-- Found OpenSSL: /usr/lib/x86_64-linux-gnu/libcrypto.so (found version "1.1.1f")  
-- Found FastRTPS: /home/saitama1/Pictures/ros2-picas/ros2_foxy/install/fastrtps/include  
-- Using all available rosidl_typesupport_cpp: rosidl_typesupport_introspection_cpp;rosidl_typesupport_fastrtps_cpp
-- Found rmw_implementation_cmake: 1.0.3 (/home/saitama1/Pictures/ros2-picas/ros2_foxy/install/rmw_implementation_cmake/share/rmw_implementation_cmake/cmake)
-- Using RMW implementation 'rmw_fastrtps_cpp' as default
-- Looking for pthread.h
-- Looking for pthread.h - found
-- Performing Test CMAKE_HAVE_LIBC_PTHREAD
-- Performing Test CMAKE_HAVE_LIBC_PTHREAD - Failed
-- Looking for pthread_create in pthreads
-- Looking for pthread_create in pthreads - not found
-- Looking for pthread_create in pthread
-- Looking for pthread_create in pthread - found
-- Found Threads: TRUE  
-- Found sensor_msgs: 2.0.4 (/home/saitama1/Pictures/ros2-picas/ros2_foxy/install/sensor_msgs/share/sensor_msgs/cmake)
-- Found OpenCV: /usr (found version "4.2.0") 
-- Found ament_lint_auto: 0.9.6 (/home/saitama1/Pictures/ros2-picas/ros2_foxy/install/ament_lint_auto/share/ament_lint_auto/cmake)
-- Found python_cmake_module: 0.8.1 (/home/saitama1/Pictures/ros2-picas/ros2_foxy/install/python_cmake_module/share/python_cmake_module/cmake)
-- Found PythonInterp: /usr/bin/python3 (found suitable version "3.8.10", minimum required is "3.5") 
-- Found PythonLibs: /usr/lib/x86_64-linux-gnu/libpython3.8.so (found suitable version "3.8.10", minimum required is "3.5") 
-- Using PYTHON_EXECUTABLE: /usr/bin/python3
-- Using PYTHON_INCLUDE_DIRS: /usr/include/python3.8
-- Using PYTHON_LIBRARIES: /usr/lib/x86_64-linux-gnu/libpython3.8.so
-- Found PythonExtra: .so  
-- Added test 'copyright' to check source files copyright and LICENSE
-- Added test 'cppcheck' to perform static code analysis on C / C++ code
-- Configured cppcheck include dirs: /home/saitama1/Pictures/ros2-picas/ros2_foxy/src/ros2/demos/intra_process_demo/include
-- Configured cppcheck exclude dirs and/or files: 
-- Added test 'cpplint' to check C / C++ code against the Google style
-- Configured cpplint exclude dirs and/or files: 
-- Added test 'lint_cmake' to check CMake code style
-- Added test 'uncrustify' to check C / C++ code style
-- Configured uncrustify additional arguments: 
-- Added test 'xmllint' to check XML markup files
-- Configuring done
-- Generating done
-- Build files have been written to: /home/saitama1/Pictures/ros2-picas/ros2_foxy/build/intra_process_demo
[35m[1mScanning dependencies of target two_node_pipeline[0m
[  7%] [32mBuilding CXX object CMakeFiles/two_node_pipeline.dir/src/two_node_pipeline/two_node_pipeline.cpp.o[0m
[ 14%] [32m[1mLinking CXX executable two_node_pipeline[0m
[ 14%] Built target two_node_pipeline
[35m[1mScanning dependencies of target camera_node[0m
[ 21%] [32mBuilding CXX object CMakeFiles/camera_node.dir/src/image_pipeline/camera_node.cpp.o[0m
[ 28%] [32m[1mLinking CXX executable camera_node[0m
[ 28%] Built target camera_node
[35m[1mScanning dependencies of target image_view_node[0m
[ 35%] [32mBuilding CXX object CMakeFiles/image_view_node.dir/src/image_pipeline/image_view_node.cpp.o[0m
[ 42%] [32m[1mLinking CXX executable image_view_node[0m
[ 42%] Built target image_view_node
[35m[1mScanning dependencies of target watermark_node[0m
[ 50%] [32mBuilding CXX object CMakeFiles/watermark_node.dir/src/image_pipeline/watermark_node.cpp.o[0m
[ 57%] [32m[1mLinking CXX executable watermark_node[0m
[ 57%] Built target watermark_node
[35m[1mScanning dependencies of target image_pipeline_with_two_image_view[0m
[ 64%] [32mBuilding CXX object CMakeFiles/image_pipeline_with_two_image_view.dir/src/image_pipeline/image_pipeline_with_two_image_view.cpp.o[0m
[ 71%] [32m[1mLinking CXX executable image_pipeline_with_two_image_view[0m
[ 71%] Built target image_pipeline_with_two_image_view
[35m[1mScanning dependencies of target image_pipeline_all_in_one[0m
[ 78%] [32mBuilding CXX object CMakeFiles/image_pipeline_all_in_one.dir/src/image_pipeline/image_pipeline_all_in_one.cpp.o[0m
[ 85%] [32m[1mLinking CXX executable image_pipeline_all_in_one[0m
[ 85%] Built target image_pipeline_all_in_one
[35m[1mScanning dependencies of target cyclic_pipeline[0m
[ 92%] [32mBuilding CXX object CMakeFiles/cyclic_pipeline.dir/src/cyclic_pipeline/cyclic_pipeline.cpp.o[0m
[100%] [32m[1mLinking CXX executable cyclic_pipeline[0m
[100%] Built target cyclic_pipeline
-- Install configuration: ""
-- Installing: /home/saitama1/Pictures/ros2-picas/ros2_foxy/install/intra_process_demo/lib/intra_process_demo/two_node_pipeline
-- Set runtime path of "/home/saitama1/Pictures/ros2-picas/ros2_foxy/install/intra_process_demo/lib/intra_process_demo/two_node_pipeline" to ""
-- Installing: /home/saitama1/Pictures/ros2-picas/ros2_foxy/install/intra_process_demo/lib/intra_process_demo/cyclic_pipeline
-- Set runtime path of "/home/saitama1/Pictures/ros2-picas/ros2_foxy/install/intra_process_demo/lib/intra_process_demo/cyclic_pipeline" to ""
-- Installing: /home/saitama1/Pictures/ros2-picas/ros2_foxy/install/intra_process_demo/lib/intra_process_demo/image_pipeline_all_in_one
-- Set runtime path of "/home/saitama1/Pictures/ros2-picas/ros2_foxy/install/intra_process_demo/lib/intra_process_demo/image_pipeline_all_in_one" to ""
-- Installing: /home/saitama1/Pictures/ros2-picas/ros2_foxy/install/intra_process_demo/lib/intra_process_demo/image_pipeline_with_two_image_view
-- Set runtime path of "/home/saitama1/Pictures/ros2-picas/ros2_foxy/install/intra_process_demo/lib/intra_process_demo/image_pipeline_with_two_image_view" to ""
-- Installing: /home/saitama1/Pictures/ros2-picas/ros2_foxy/install/intra_process_demo/lib/intra_process_demo/camera_node
-- Set runtime path of "/home/saitama1/Pictures/ros2-picas/ros2_foxy/install/intra_process_demo/lib/intra_process_demo/camera_node" to ""
-- Installing: /home/saitama1/Pictures/ros2-picas/ros2_foxy/install/intra_process_demo/lib/intra_process_demo/watermark_node
-- Set runtime path of "/home/saitama1/Pictures/ros2-picas/ros2_foxy/install/intra_process_demo/lib/intra_process_demo/watermark_node" to ""
-- Installing: /home/saitama1/Pictures/ros2-picas/ros2_foxy/install/intra_process_demo/lib/intra_process_demo/image_view_node
-- Set runtime path of "/home/saitama1/Pictures/ros2-picas/ros2_foxy/install/intra_process_demo/lib/intra_process_demo/image_view_node" to ""
-- Up-to-date: /home/saitama1/Pictures/ros2-picas/ros2_foxy/install/intra_process_demo/include
-- Up-to-date: /home/saitama1/Pictures/ros2-picas/ros2_foxy/install/intra_process_demo/include/image_pipeline
-- Installing: /home/saitama1/Pictures/ros2-picas/ros2_foxy/install/intra_process_demo/include/image_pipeline/image_view_node.hpp
-- Installing: /home/saitama1/Pictures/ros2-picas/ros2_foxy/install/intra_process_demo/include/image_pipeline/camera_node.hpp
-- Installing: /home/saitama1/Pictures/ros2-picas/ros2_foxy/install/intra_process_demo/include/image_pipeline/common.hpp
-- Installing: /home/saitama1/Pictures/ros2-picas/ros2_foxy/install/intra_process_demo/include/image_pipeline/watermark_node.hpp
-- Installing: /home/saitama1/Pictures/ros2-picas/ros2_foxy/install/intra_process_demo/share/ament_index/resource_index/package_run_dependencies/intra_process_demo
-- Installing: /home/saitama1/Pictures/ros2-picas/ros2_foxy/install/intra_process_demo/share/ament_index/resource_index/parent_prefix_path/intra_process_demo
-- Installing: /home/saitama1/Pictures/ros2-picas/ros2_foxy/install/intra_process_demo/share/intra_process_demo/environment/ament_prefix_path.sh
-- Installing: /home/saitama1/Pictures/ros2-picas/ros2_foxy/install/intra_process_demo/share/intra_process_demo/environment/ament_prefix_path.dsv
-- Installing: /home/saitama1/Pictures/ros2-picas/ros2_foxy/install/intra_process_demo/share/intra_process_demo/environment/path.sh
-- Installing: /home/saitama1/Pictures/ros2-picas/ros2_foxy/install/intra_process_demo/share/intra_process_demo/environment/path.dsv
-- Installing: /home/saitama1/Pictures/ros2-picas/ros2_foxy/install/intra_process_demo/share/intra_process_demo/local_setup.bash
-- Installing: /home/saitama1/Pictures/ros2-picas/ros2_foxy/install/intra_process_demo/share/intra_process_demo/local_setup.sh
-- Installing: /home/saitama1/Pictures/ros2-picas/ros2_foxy/install/intra_process_demo/share/intra_process_demo/local_setup.zsh
-- Installing: /home/saitama1/Pictures/ros2-picas/ros2_foxy/install/intra_process_demo/share/intra_process_demo/local_setup.dsv
-- Installing: /home/saitama1/Pictures/ros2-picas/ros2_foxy/install/intra_process_demo/share/intra_process_demo/package.dsv
-- Installing: /home/saitama1/Pictures/ros2-picas/ros2_foxy/install/intra_process_demo/share/ament_index/resource_index/packages/intra_process_demo
-- Installing: /home/saitama1/Pictures/ros2-picas/ros2_foxy/install/intra_process_demo/share/intra_process_demo/cmake/ament_cmake_export_include_directories-extras.cmake
-- Installing: /home/saitama1/Pictures/ros2-picas/ros2_foxy/install/intra_process_demo/share/intra_process_demo/cmake/intra_process_demoConfig.cmake
-- Installing: /home/saitama1/Pictures/ros2-picas/ros2_foxy/install/intra_process_demo/share/intra_process_demo/cmake/intra_process_demoConfig-version.cmake
-- Installing: /home/saitama1/Pictures/ros2-picas/ros2_foxy/install/intra_process_demo/share/intra_process_demo/package.xml
