-- Found ament_cmake: 0.9.8 (/home/saitama1/ros2_foxy/install/ament_cmake/share/ament_cmake/cmake)
-- Found PythonInterp: /usr/bin/python3 (found suitable version "3.8.10", minimum required is "3") 
-- Using PYTHON_EXECUTABLE: /usr/bin/python3
-- Override CMake install command with custom implementation using symlinks instead of copying resources
-- Found rosidl_default_generators: 1.0.1 (/home/saitama1/ros2_foxy/install/rosidl_default_generators/share/rosidl_default_generators/cmake)
-- Using all available rosidl_typesupport_c: rosidl_typesupport_introspection_c;rosidl_typesupport_fastrtps_c
-- Found rosidl_adapter: 1.2.1 (/home/saitama1/ros2_foxy/install/rosidl_adapter/share/rosidl_adapter/cmake)
-- Using all available rosidl_typesupport_cpp: rosidl_typesupport_introspection_cpp;rosidl_typesupport_fastrtps_cpp
-- Found PythonInterp: /usr/bin/python3 (found version "3.8.10") 
-- Found ament_cmake_cppcheck: 0.9.6 (/home/saitama1/ros2_foxy/install/ament_cmake_cppcheck/share/ament_cmake_cppcheck/cmake)
-- Found ament_cmake_cpplint: 0.9.6 (/home/saitama1/ros2_foxy/install/ament_cmake_cpplint/share/ament_cmake_cpplint/cmake)
-- Found ament_cmake_uncrustify: 0.9.6 (/home/saitama1/ros2_foxy/install/ament_cmake_uncrustify/share/ament_cmake_uncrustify/cmake)
-- Found ament_cmake_ros: 0.9.2 (/home/saitama1/ros2_foxy/install/ament_cmake_ros/share/ament_cmake_ros/cmake)
-- Using all available rosidl_typesupport_c: rosidl_typesupport_introspection_c;rosidl_typesupport_fastrtps_c
-- Using all available rosidl_typesupport_cpp: rosidl_typesupport_introspection_cpp;rosidl_typesupport_fastrtps_cpp
-- Found PythonInterp: /usr/bin/python3 (found suitable version "3.8.10", minimum required is "3.5") 
-- Found python_cmake_module: 0.8.1 (/home/saitama1/ros2_foxy/install/python_cmake_module/share/python_cmake_module/cmake)
-- Using PYTHON_EXECUTABLE: /usr/bin/python3
-- Using PYTHON_INCLUDE_DIRS: /usr/include/python3.8
-- Using PYTHON_LIBRARIES: /usr/lib/x86_64-linux-gnu/libpython3.8.so
-- Found ament_cmake_flake8: 0.9.6 (/home/saitama1/ros2_foxy/install/ament_cmake_flake8/share/ament_cmake_flake8/cmake)
-- Found ament_cmake_pep257: 0.9.6 (/home/saitama1/ros2_foxy/install/ament_cmake_pep257/share/ament_cmake_pep257/cmake)
-- Configuring done
-- Generating done
-- Build files have been written to: /home/saitama1/ros2_foxy/build/builtin_interfaces
[  2%] [32m[1mLinking C shared library libbuiltin_interfaces__rosidl_generator_c.so[0m
[  5%] Built target builtin_interfaces__cpp
[35m[1mScanning dependencies of target builtin_interfaces__rosidl_typesupport_cpp[0m
[  7%] [32mBuilding CXX object CMakeFiles/builtin_interfaces__rosidl_typesupport_cpp.dir/rosidl_typesupport_cpp/builtin_interfaces/msg/duration__type_support.cpp.o[0m
[ 15%] Built target builtin_interfaces__rosidl_generator_c
[ 17%] [32m[1mLinking CXX shared library libbuiltin_interfaces__rosidl_typesupport_fastrtps_cpp.so[0m
[ 20%] [32m[1mLinking CXX shared library libbuiltin_interfaces__rosidl_typesupport_introspection_cpp.so[0m
[ 23%] [32mBuilding CXX object CMakeFiles/builtin_interfaces__rosidl_typesupport_cpp.dir/rosidl_typesupport_cpp/builtin_interfaces/msg/time__type_support.cpp.o[0m
[ 25%] [34m[1mGenerating C type support dispatch for ROS interfaces[0m
[ 28%] [32m[1mLinking C shared library libbuiltin_interfaces__rosidl_typesupport_introspection_c.so[0m
[ 35%] Built target builtin_interfaces__rosidl_typesupport_introspection_cpp
[ 43%] Built target builtin_interfaces__rosidl_typesupport_fastrtps_cpp
[ 51%] Built target builtin_interfaces__rosidl_typesupport_introspection_c
[ 53%] [32m[1mLinking CXX shared library libbuiltin_interfaces__rosidl_typesupport_fastrtps_c.so[0m
[ 56%] [32m[1mLinking CXX shared library libbuiltin_interfaces__rosidl_typesupport_cpp.so[0m
[ 58%] Built target builtin_interfaces__rosidl_typesupport_cpp
[ 66%] Built target builtin_interfaces__rosidl_typesupport_fastrtps_c
[35m[1mScanning dependencies of target builtin_interfaces__rosidl_typesupport_c[0m
[ 69%] [32mBuilding CXX object CMakeFiles/builtin_interfaces__rosidl_typesupport_c.dir/rosidl_typesupport_c/builtin_interfaces/msg/time__type_support.cpp.o[0m
[ 71%] [32mBuilding CXX object CMakeFiles/builtin_interfaces__rosidl_typesupport_c.dir/rosidl_typesupport_c/builtin_interfaces/msg/duration__type_support.cpp.o[0m
[ 74%] [32m[1mLinking CXX shared library libbuiltin_interfaces__rosidl_typesupport_c.so[0m
[ 74%] Built target builtin_interfaces__rosidl_typesupport_c
[ 74%] Built target builtin_interfaces
[35m[1mScanning dependencies of target builtin_interfaces__py[0m
[ 76%] Built target builtin_interfaces__py
[ 79%] [32m[1mLinking C shared library rosidl_generator_py/builtin_interfaces/libbuiltin_interfaces__python.so[0m
[ 84%] Built target builtin_interfaces__python
[35m[1mScanning dependencies of target builtin_interfaces__rosidl_typesupport_fastrtps_c__pyext[0m
[ 87%] [32m[1mLinking C shared library rosidl_generator_py/builtin_interfaces/builtin_interfaces_s__rosidl_typesupport_introspection_c.cpython-38-x86_64-linux-gnu.so[0m
[ 89%] [32m[1mLinking C shared library rosidl_generator_py/builtin_interfaces/builtin_interfaces_s__rosidl_typesupport_c.cpython-38-x86_64-linux-gnu.so[0m
[ 92%] [32mBuilding C object CMakeFiles/builtin_interfaces__rosidl_typesupport_fastrtps_c__pyext.dir/rosidl_generator_py/builtin_interfaces/_builtin_interfaces_s.ep.rosidl_typesupport_fastrtps_c.c.o[0m
[ 94%] Built target builtin_interfaces__rosidl_typesupport_introspection_c__pyext
[ 97%] Built target builtin_interfaces__rosidl_typesupport_c__pyext
[100%] [32m[1mLinking CXX shared library rosidl_generator_py/builtin_interfaces/builtin_interfaces_s__rosidl_typesupport_fastrtps_c.cpython-38-x86_64-linux-gnu.so[0m
[100%] Built target builtin_interfaces__rosidl_typesupport_fastrtps_c__pyext
-- Install configuration: ""
-- Execute custom install script
-- Symlinking: /home/saitama1/ros2_foxy/install/builtin_interfaces/share/ament_index/resource_index/rosidl_interfaces/builtin_interfaces
-- Symlinking: /home/saitama1/ros2_foxy/install/builtin_interfaces/include/builtin_interfaces/msg/detail/duration__functions.h
-- Symlinking: /home/saitama1/ros2_foxy/install/builtin_interfaces/include/builtin_interfaces/msg/detail/duration__struct.h
-- Symlinking: /home/saitama1/ros2_foxy/install/builtin_interfaces/include/builtin_interfaces/msg/detail/duration__type_support.h
-- Symlinking: /home/saitama1/ros2_foxy/install/builtin_interfaces/include/builtin_interfaces/msg/detail/time__functions.h
-- Symlinking: /home/saitama1/ros2_foxy/install/builtin_interfaces/include/builtin_interfaces/msg/detail/time__struct.h
-- Symlinking: /home/saitama1/ros2_foxy/install/builtin_interfaces/include/builtin_interfaces/msg/detail/time__type_support.h
-- Symlinking: /home/saitama1/ros2_foxy/install/builtin_interfaces/include/builtin_interfaces/msg/duration.h
-- Symlinking: /home/saitama1/ros2_foxy/install/builtin_interfaces/include/builtin_interfaces/msg/rosidl_generator_c__visibility_control.h
-- Symlinking: /home/saitama1/ros2_foxy/install/builtin_interfaces/include/builtin_interfaces/msg/time.h
-- Symlinking: /home/saitama1/ros2_foxy/install/builtin_interfaces/share/builtin_interfaces/environment/library_path.sh
-- Symlinking: /home/saitama1/ros2_foxy/install/builtin_interfaces/share/builtin_interfaces/environment/library_path.dsv
-- Symlinking: /home/saitama1/ros2_foxy/install/builtin_interfaces/include/builtin_interfaces/msg/detail/duration__rosidl_typesupport_introspection_c.h
-- Symlinking: /home/saitama1/ros2_foxy/install/builtin_interfaces/include/builtin_interfaces/msg/detail/time__rosidl_typesupport_introspection_c.h
-- Symlinking: /home/saitama1/ros2_foxy/install/builtin_interfaces/include/builtin_interfaces/msg/rosidl_typesupport_introspection_c__visibility_control.h
-- Symlinking: /home/saitama1/ros2_foxy/install/builtin_interfaces/include/builtin_interfaces/msg/detail/duration__rosidl_typesupport_fastrtps_c.h
-- Symlinking: /home/saitama1/ros2_foxy/install/builtin_interfaces/include/builtin_interfaces/msg/detail/time__rosidl_typesupport_fastrtps_c.h
-- Symlinking: /home/saitama1/ros2_foxy/install/builtin_interfaces/include/builtin_interfaces/msg/rosidl_typesupport_fastrtps_c__visibility_control.h
-- Symlinking: /home/saitama1/ros2_foxy/install/builtin_interfaces/lib/libbuiltin_interfaces__rosidl_typesupport_fastrtps_c.so
-- Symlinking: /home/saitama1/ros2_foxy/install/builtin_interfaces/include/builtin_interfaces/msg/detail/duration__rosidl_typesupport_fastrtps_cpp.hpp
-- Symlinking: /home/saitama1/ros2_foxy/install/builtin_interfaces/include/builtin_interfaces/msg/detail/time__rosidl_typesupport_fastrtps_cpp.hpp
-- Symlinking: /home/saitama1/ros2_foxy/install/builtin_interfaces/include/builtin_interfaces/msg/rosidl_typesupport_fastrtps_cpp__visibility_control.h
-- Symlinking: /home/saitama1/ros2_foxy/install/builtin_interfaces/lib/libbuiltin_interfaces__rosidl_typesupport_fastrtps_cpp.so
-- Symlinking: /home/saitama1/ros2_foxy/install/builtin_interfaces/include/builtin_interfaces/msg/detail/duration__builder.hpp
-- Symlinking: /home/saitama1/ros2_foxy/install/builtin_interfaces/include/builtin_interfaces/msg/detail/duration__struct.hpp
-- Symlinking: /home/saitama1/ros2_foxy/install/builtin_interfaces/include/builtin_interfaces/msg/detail/duration__traits.hpp
-- Symlinking: /home/saitama1/ros2_foxy/install/builtin_interfaces/include/builtin_interfaces/msg/detail/time__builder.hpp
-- Symlinking: /home/saitama1/ros2_foxy/install/builtin_interfaces/include/builtin_interfaces/msg/detail/time__struct.hpp
-- Symlinking: /home/saitama1/ros2_foxy/install/builtin_interfaces/include/builtin_interfaces/msg/detail/time__traits.hpp
-- Symlinking: /home/saitama1/ros2_foxy/install/builtin_interfaces/include/builtin_interfaces/msg/duration.hpp
-- Symlinking: /home/saitama1/ros2_foxy/install/builtin_interfaces/include/builtin_interfaces/msg/time.hpp
-- Symlinking: /home/saitama1/ros2_foxy/install/builtin_interfaces/include/builtin_interfaces/msg/detail/duration__rosidl_typesupport_introspection_cpp.hpp
-- Symlinking: /home/saitama1/ros2_foxy/install/builtin_interfaces/include/builtin_interfaces/msg/detail/time__rosidl_typesupport_introspection_cpp.hpp
-- Symlinking: /home/saitama1/ros2_foxy/install/builtin_interfaces/share/builtin_interfaces/environment/pythonpath.sh
-- Symlinking: /home/saitama1/ros2_foxy/install/builtin_interfaces/share/builtin_interfaces/environment/pythonpath.dsv
-- Symlinking: /home/saitama1/ros2_foxy/install/builtin_interfaces/lib/python3.8/site-packages/builtin_interfaces/__init__.py
-- Symlinking: /home/saitama1/ros2_foxy/install/builtin_interfaces/lib/python3.8/site-packages/builtin_interfaces/msg/__init__.py
-- Symlinking: /home/saitama1/ros2_foxy/install/builtin_interfaces/lib/python3.8/site-packages/builtin_interfaces/msg/_duration.py
-- Symlinking: /home/saitama1/ros2_foxy/install/builtin_interfaces/lib/python3.8/site-packages/builtin_interfaces/msg/_time.py
-- Symlinking: /home/saitama1/ros2_foxy/install/builtin_interfaces/lib/python3.8/site-packages/builtin_interfaces/builtin_interfaces_s__rosidl_typesupport_introspection_c.cpython-38-x86_64-linux-gnu.so
-- Symlinking: /home/saitama1/ros2_foxy/install/builtin_interfaces/lib/python3.8/site-packages/builtin_interfaces/builtin_interfaces_s__rosidl_typesupport_fastrtps_c.cpython-38-x86_64-linux-gnu.so
-- Symlinking: /home/saitama1/ros2_foxy/install/builtin_interfaces/lib/python3.8/site-packages/builtin_interfaces/builtin_interfaces_s__rosidl_typesupport_c.cpython-38-x86_64-linux-gnu.so
-- Symlinking: /home/saitama1/ros2_foxy/install/builtin_interfaces/lib/libbuiltin_interfaces__python.so
-- Symlinking: /home/saitama1/ros2_foxy/install/builtin_interfaces/share/builtin_interfaces/msg/Duration.idl
-- Symlinking: /home/saitama1/ros2_foxy/install/builtin_interfaces/share/builtin_interfaces/msg/Time.idl
-- Symlinking: /home/saitama1/ros2_foxy/install/builtin_interfaces/share/builtin_interfaces/msg/Duration.msg
-- Symlinking: /home/saitama1/ros2_foxy/install/builtin_interfaces/share/builtin_interfaces/msg/Time.msg
-- Symlinking: /home/saitama1/ros2_foxy/install/builtin_interfaces/share/ament_index/resource_index/package_run_dependencies/builtin_interfaces
-- Symlinking: /home/saitama1/ros2_foxy/install/builtin_interfaces/share/ament_index/resource_index/parent_prefix_path/builtin_interfaces
-- Symlinking: /home/saitama1/ros2_foxy/install/builtin_interfaces/share/builtin_interfaces/environment/ament_prefix_path.sh
-- Symlinking: /home/saitama1/ros2_foxy/install/builtin_interfaces/share/builtin_interfaces/environment/ament_prefix_path.dsv
-- Symlinking: /home/saitama1/ros2_foxy/install/builtin_interfaces/share/builtin_interfaces/environment/path.sh
-- Symlinking: /home/saitama1/ros2_foxy/install/builtin_interfaces/share/builtin_interfaces/environment/path.dsv
-- Symlinking: /home/saitama1/ros2_foxy/install/builtin_interfaces/share/builtin_interfaces/local_setup.bash
-- Symlinking: /home/saitama1/ros2_foxy/install/builtin_interfaces/share/builtin_interfaces/local_setup.sh
-- Symlinking: /home/saitama1/ros2_foxy/install/builtin_interfaces/share/builtin_interfaces/local_setup.zsh
-- Symlinking: /home/saitama1/ros2_foxy/install/builtin_interfaces/share/builtin_interfaces/local_setup.dsv
-- Symlinking: /home/saitama1/ros2_foxy/install/builtin_interfaces/share/builtin_interfaces/package.dsv
-- Symlinking: /home/saitama1/ros2_foxy/install/builtin_interfaces/share/ament_index/resource_index/packages/builtin_interfaces
-- Symlinking: /home/saitama1/ros2_foxy/install/builtin_interfaces/share/builtin_interfaces/cmake/rosidl_cmake-extras.cmake
-- Symlinking: /home/saitama1/ros2_foxy/install/builtin_interfaces/share/builtin_interfaces/cmake/ament_cmake_export_dependencies-extras.cmake
-- Symlinking: /home/saitama1/ros2_foxy/install/builtin_interfaces/share/builtin_interfaces/cmake/ament_cmake_export_libraries-extras.cmake
-- Symlinking: /home/saitama1/ros2_foxy/install/builtin_interfaces/share/builtin_interfaces/cmake/ament_cmake_export_targets-extras.cmake
-- Symlinking: /home/saitama1/ros2_foxy/install/builtin_interfaces/share/builtin_interfaces/cmake/ament_cmake_export_include_directories-extras.cmake
-- Symlinking: /home/saitama1/ros2_foxy/install/builtin_interfaces/share/builtin_interfaces/cmake/rosidl_cmake_export_typesupport_targets-extras.cmake
-- Symlinking: /home/saitama1/ros2_foxy/install/builtin_interfaces/share/builtin_interfaces/cmake/rosidl_cmake_export_typesupport_libraries-extras.cmake
-- Symlinking: /home/saitama1/ros2_foxy/install/builtin_interfaces/share/builtin_interfaces/cmake/builtin_interfacesConfig.cmake
-- Symlinking: /home/saitama1/ros2_foxy/install/builtin_interfaces/share/builtin_interfaces/cmake/builtin_interfacesConfig-version.cmake
-- Symlinking: /home/saitama1/ros2_foxy/install/builtin_interfaces/share/builtin_interfaces/package.xml
-- Installing: /home/saitama1/ros2_foxy/install/builtin_interfaces/lib/libbuiltin_interfaces__rosidl_generator_c.so
-- Set runtime path of "/home/saitama1/ros2_foxy/install/builtin_interfaces/lib/libbuiltin_interfaces__rosidl_generator_c.so" to ""
-- Installing: /home/saitama1/ros2_foxy/install/builtin_interfaces/lib/libbuiltin_interfaces__rosidl_typesupport_introspection_c.so
-- Set runtime path of "/home/saitama1/ros2_foxy/install/builtin_interfaces/lib/libbuiltin_interfaces__rosidl_typesupport_introspection_c.so" to ""
-- Installing: /home/saitama1/ros2_foxy/install/builtin_interfaces/lib/libbuiltin_interfaces__rosidl_typesupport_c.so
-- Set runtime path of "/home/saitama1/ros2_foxy/install/builtin_interfaces/lib/libbuiltin_interfaces__rosidl_typesupport_c.so" to ""
-- Installing: /home/saitama1/ros2_foxy/install/builtin_interfaces/lib/libbuiltin_interfaces__rosidl_typesupport_introspection_cpp.so
-- Set runtime path of "/home/saitama1/ros2_foxy/install/builtin_interfaces/lib/libbuiltin_interfaces__rosidl_typesupport_introspection_cpp.so" to ""
-- Installing: /home/saitama1/ros2_foxy/install/builtin_interfaces/lib/libbuiltin_interfaces__rosidl_typesupport_cpp.so
-- Set runtime path of "/home/saitama1/ros2_foxy/install/builtin_interfaces/lib/libbuiltin_interfaces__rosidl_typesupport_cpp.so" to ""
Compiling '/home/saitama1/ros2_foxy/install/builtin_interfaces/lib/python3.8/site-packages/builtin_interfaces/__init__.py'...
-- Up-to-date: /home/saitama1/ros2_foxy/install/builtin_interfaces/share/builtin_interfaces/cmake/builtin_interfaces__rosidl_generator_cExport.cmake
-- Installing: /home/saitama1/ros2_foxy/install/builtin_interfaces/share/builtin_interfaces/cmake/builtin_interfaces__rosidl_generator_cExport-noconfig.cmake
-- Up-to-date: /home/saitama1/ros2_foxy/install/builtin_interfaces/share/builtin_interfaces/cmake/builtin_interfaces__rosidl_typesupport_introspection_cExport.cmake
-- Installing: /home/saitama1/ros2_foxy/install/builtin_interfaces/share/builtin_interfaces/cmake/builtin_interfaces__rosidl_typesupport_introspection_cExport-noconfig.cmake
-- Up-to-date: /home/saitama1/ros2_foxy/install/builtin_interfaces/share/builtin_interfaces/cmake/builtin_interfaces__rosidl_typesupport_cExport.cmake
-- Installing: /home/saitama1/ros2_foxy/install/builtin_interfaces/share/builtin_interfaces/cmake/builtin_interfaces__rosidl_typesupport_cExport-noconfig.cmake
-- Up-to-date: /home/saitama1/ros2_foxy/install/builtin_interfaces/share/builtin_interfaces/cmake/builtin_interfaces__rosidl_generator_cppExport.cmake
-- Up-to-date: /home/saitama1/ros2_foxy/install/builtin_interfaces/share/builtin_interfaces/cmake/builtin_interfaces__rosidl_typesupport_introspection_cppExport.cmake
-- Installing: /home/saitama1/ros2_foxy/install/builtin_interfaces/share/builtin_interfaces/cmake/builtin_interfaces__rosidl_typesupport_introspection_cppExport-noconfig.cmake
-- Up-to-date: /home/saitama1/ros2_foxy/install/builtin_interfaces/share/builtin_interfaces/cmake/builtin_interfaces__rosidl_typesupport_cppExport.cmake
-- Installing: /home/saitama1/ros2_foxy/install/builtin_interfaces/share/builtin_interfaces/cmake/builtin_interfaces__rosidl_typesupport_cppExport-noconfig.cmake
