[0.827s] Invoking command in '/home/saitama1/ros2_foxy/src/ament/ament_lint/ament_lint_cmake': AMENT_PREFIX_PATH=/home/saitama1/ros2_foxy/install/ament_copyright:/home/saitama1/ros2_foxy/install/ament_pep257:/home/saitama1/ros2_foxy/install/ament_flake8:/home/saitama1/ros2_foxy/install/ament_lint PATH=/home/saitama1/ros2_foxy/install/ament_copyright/bin:/home/saitama1/ros2_foxy/install/ament_pep257/bin:/home/saitama1/ros2_foxy/install/ament_flake8/bin:${PATH} PYTHONPATH=/home/saitama1/ros2_foxy/install/ament_lint_cmake/lib/python3.8/site-packages:/home/saitama1/ros2_foxy/install/ament_copyright/lib/python3.8/site-packages:/home/saitama1/ros2_foxy/install/ament_pep257/lib/python3.8/site-packages:/home/saitama1/ros2_foxy/install/ament_flake8/lib/python3.8/site-packages:/home/saitama1/ros2_foxy/install/ament_lint/lib/python3.8/site-packages /usr/bin/python3 setup.py egg_info --egg-base ../../../../build/ament_lint_cmake build --build-base /home/saitama1/ros2_foxy/build/ament_lint_cmake/build install --prefix /home/saitama1/ros2_foxy/install/ament_lint_cmake --record /home/saitama1/ros2_foxy/build/ament_lint_cmake/install.log --single-version-externally-managed
[1.031s] running egg_info
[1.033s] creating ../../../../build/ament_lint_cmake/ament_lint_cmake.egg-info
[1.033s] writing ../../../../build/ament_lint_cmake/ament_lint_cmake.egg-info/PKG-INFO
[1.034s] writing dependency_links to ../../../../build/ament_lint_cmake/ament_lint_cmake.egg-info/dependency_links.txt
[1.034s] writing entry points to ../../../../build/ament_lint_cmake/ament_lint_cmake.egg-info/entry_points.txt
[1.034s] writing requirements to ../../../../build/ament_lint_cmake/ament_lint_cmake.egg-info/requires.txt
[1.034s] writing top-level names to ../../../../build/ament_lint_cmake/ament_lint_cmake.egg-info/top_level.txt
[1.035s] writing manifest file '../../../../build/ament_lint_cmake/ament_lint_cmake.egg-info/SOURCES.txt'
[1.074s] reading manifest file '../../../../build/ament_lint_cmake/ament_lint_cmake.egg-info/SOURCES.txt'
[1.075s] writing manifest file '../../../../build/ament_lint_cmake/ament_lint_cmake.egg-info/SOURCES.txt'
[1.075s] running build
[1.075s] running build_py
[1.076s] creating /home/saitama1/ros2_foxy/build/ament_lint_cmake/build
[1.076s] creating /home/saitama1/ros2_foxy/build/ament_lint_cmake/build/lib
[1.076s] creating /home/saitama1/ros2_foxy/build/ament_lint_cmake/build/lib/ament_lint_cmake
[1.076s] copying ament_lint_cmake/cmakelint.py -> /home/saitama1/ros2_foxy/build/ament_lint_cmake/build/lib/ament_lint_cmake
[1.076s] copying ament_lint_cmake/__init__.py -> /home/saitama1/ros2_foxy/build/ament_lint_cmake/build/lib/ament_lint_cmake
[1.076s] copying ament_lint_cmake/main.py -> /home/saitama1/ros2_foxy/build/ament_lint_cmake/build/lib/ament_lint_cmake
[1.077s] running install
[1.077s] running install_lib
[1.078s] creating /home/saitama1/ros2_foxy/install/ament_lint_cmake/lib/python3.8/site-packages/ament_lint_cmake
[1.078s] copying /home/saitama1/ros2_foxy/build/ament_lint_cmake/build/lib/ament_lint_cmake/cmakelint.py -> /home/saitama1/ros2_foxy/install/ament_lint_cmake/lib/python3.8/site-packages/ament_lint_cmake
[1.078s] copying /home/saitama1/ros2_foxy/build/ament_lint_cmake/build/lib/ament_lint_cmake/__init__.py -> /home/saitama1/ros2_foxy/install/ament_lint_cmake/lib/python3.8/site-packages/ament_lint_cmake
[1.078s] copying /home/saitama1/ros2_foxy/build/ament_lint_cmake/build/lib/ament_lint_cmake/main.py -> /home/saitama1/ros2_foxy/install/ament_lint_cmake/lib/python3.8/site-packages/ament_lint_cmake
[1.078s] byte-compiling /home/saitama1/ros2_foxy/install/ament_lint_cmake/lib/python3.8/site-packages/ament_lint_cmake/cmakelint.py to cmakelint.cpython-38.pyc
[1.083s] byte-compiling /home/saitama1/ros2_foxy/install/ament_lint_cmake/lib/python3.8/site-packages/ament_lint_cmake/__init__.py to __init__.cpython-38.pyc
[1.083s] byte-compiling /home/saitama1/ros2_foxy/install/ament_lint_cmake/lib/python3.8/site-packages/ament_lint_cmake/main.py to main.cpython-38.pyc
[1.084s] running install_data
[1.085s] copying package.xml -> /home/saitama1/ros2_foxy/install/ament_lint_cmake/share/ament_lint_cmake
[1.085s] creating /home/saitama1/ros2_foxy/install/ament_lint_cmake/share/ament_index
[1.085s] creating /home/saitama1/ros2_foxy/install/ament_lint_cmake/share/ament_index/resource_index
[1.085s] creating /home/saitama1/ros2_foxy/install/ament_lint_cmake/share/ament_index/resource_index/packages
[1.085s] copying resource/ament_lint_cmake -> /home/saitama1/ros2_foxy/install/ament_lint_cmake/share/ament_index/resource_index/packages
[1.085s] running install_egg_info
[1.086s] Copying ../../../../build/ament_lint_cmake/ament_lint_cmake.egg-info to /home/saitama1/ros2_foxy/install/ament_lint_cmake/lib/python3.8/site-packages/ament_lint_cmake-0.9.6-py3.8.egg-info
[1.087s] running install_scripts
[1.106s] Installing ament_lint_cmake script to /home/saitama1/ros2_foxy/install/ament_lint_cmake/bin
[1.107s] writing list of installed files to '/home/saitama1/ros2_foxy/build/ament_lint_cmake/install.log'
