[0.067s] Invoking command in '/home/saitama1/Pictures/ros2-picas/ros2_foxy/build/ament_cmake_libraries': AMENT_PREFIX_PATH=/home/saitama1/Pictures/ros2-picas/ros2_foxy/install/ament_cmake_core:/home/saitama1/Pictures/ros2-picas/ros2_foxy/install/ament_package:${AMENT_PREFIX_PATH} CMAKE_PREFIX_PATH=/home/saitama1/Pictures/ros2-picas/ros2_foxy/install/ament_cmake_core:/opt/ros/foxy PYTHONPATH=/home/saitama1/Pictures/ros2-picas/ros2_foxy/install/ament_package/lib/python3.8/site-packages:${PYTHONPATH} /usr/bin/cmake /home/saitama1/Pictures/ros2-picas/ros2_foxy/src/ament/ament_cmake/ament_cmake_libraries -DCMAKE_INSTALL_PREFIX=/home/saitama1/Pictures/ros2-picas/ros2_foxy/install/ament_cmake_libraries
[0.139s] -- Found ament_cmake_core: 0.9.8 (/home/saitama1/Pictures/ros2-picas/ros2_foxy/install/ament_cmake_core/share/ament_cmake_core/cmake)
[0.142s] -- Found PythonInterp: /usr/bin/python3 (found suitable version "3.8.10", minimum required is "3") 
[0.143s] -- Using PYTHON_EXECUTABLE: /usr/bin/python3
[0.400s] -- Configuring done
[0.402s] -- Generating done
[0.403s] -- Build files have been written to: /home/saitama1/Pictures/ros2-picas/ros2_foxy/build/ament_cmake_libraries
[0.581s] Invoked command in '/home/saitama1/Pictures/ros2-picas/ros2_foxy/build/ament_cmake_libraries' returned '0': AMENT_PREFIX_PATH=/home/saitama1/Pictures/ros2-picas/ros2_foxy/install/ament_cmake_core:/home/saitama1/Pictures/ros2-picas/ros2_foxy/install/ament_package:${AMENT_PREFIX_PATH} CMAKE_PREFIX_PATH=/home/saitama1/Pictures/ros2-picas/ros2_foxy/install/ament_cmake_core:/opt/ros/foxy PYTHONPATH=/home/saitama1/Pictures/ros2-picas/ros2_foxy/install/ament_package/lib/python3.8/site-packages:${PYTHONPATH} /usr/bin/cmake /home/saitama1/Pictures/ros2-picas/ros2_foxy/src/ament/ament_cmake/ament_cmake_libraries -DCMAKE_INSTALL_PREFIX=/home/saitama1/Pictures/ros2-picas/ros2_foxy/install/ament_cmake_libraries
[0.581s] Invoking command in '/home/saitama1/Pictures/ros2-picas/ros2_foxy/build/ament_cmake_libraries': AMENT_PREFIX_PATH=/home/saitama1/Pictures/ros2-picas/ros2_foxy/install/ament_cmake_core:/home/saitama1/Pictures/ros2-picas/ros2_foxy/install/ament_package:${AMENT_PREFIX_PATH} CMAKE_PREFIX_PATH=/home/saitama1/Pictures/ros2-picas/ros2_foxy/install/ament_cmake_core:/opt/ros/foxy PYTHONPATH=/home/saitama1/Pictures/ros2-picas/ros2_foxy/install/ament_package/lib/python3.8/site-packages:${PYTHONPATH} /usr/bin/cmake --build /home/saitama1/Pictures/ros2-picas/ros2_foxy/build/ament_cmake_libraries -- -j12 -l12
[0.635s] Invoked command in '/home/saitama1/Pictures/ros2-picas/ros2_foxy/build/ament_cmake_libraries' returned '0': AMENT_PREFIX_PATH=/home/saitama1/Pictures/ros2-picas/ros2_foxy/install/ament_cmake_core:/home/saitama1/Pictures/ros2-picas/ros2_foxy/install/ament_package:${AMENT_PREFIX_PATH} CMAKE_PREFIX_PATH=/home/saitama1/Pictures/ros2-picas/ros2_foxy/install/ament_cmake_core:/opt/ros/foxy PYTHONPATH=/home/saitama1/Pictures/ros2-picas/ros2_foxy/install/ament_package/lib/python3.8/site-packages:${PYTHONPATH} /usr/bin/cmake --build /home/saitama1/Pictures/ros2-picas/ros2_foxy/build/ament_cmake_libraries -- -j12 -l12
[0.701s] Invoking command in '/home/saitama1/Pictures/ros2-picas/ros2_foxy/build/ament_cmake_libraries': AMENT_PREFIX_PATH=/home/saitama1/Pictures/ros2-picas/ros2_foxy/install/ament_cmake_core:/home/saitama1/Pictures/ros2-picas/ros2_foxy/install/ament_package:${AMENT_PREFIX_PATH} CMAKE_PREFIX_PATH=/home/saitama1/Pictures/ros2-picas/ros2_foxy/install/ament_cmake_core:/opt/ros/foxy PYTHONPATH=/home/saitama1/Pictures/ros2-picas/ros2_foxy/install/ament_package/lib/python3.8/site-packages:${PYTHONPATH} /usr/bin/cmake --install /home/saitama1/Pictures/ros2-picas/ros2_foxy/build/ament_cmake_libraries
[0.713s] -- Install configuration: ""
[0.713s] -- Up-to-date: /home/saitama1/Pictures/ros2-picas/ros2_foxy/install/ament_cmake_libraries/share/ament_index/resource_index/package_run_dependencies/ament_cmake_libraries
[0.713s] -- Installing: /home/saitama1/Pictures/ros2-picas/ros2_foxy/install/ament_cmake_libraries/share/ament_index/resource_index/parent_prefix_path/ament_cmake_libraries
[0.714s] -- Up-to-date: /home/saitama1/Pictures/ros2-picas/ros2_foxy/install/ament_cmake_libraries/share/ament_cmake_libraries/environment/ament_prefix_path.sh
[0.714s] -- Installing: /home/saitama1/Pictures/ros2-picas/ros2_foxy/install/ament_cmake_libraries/share/ament_cmake_libraries/environment/ament_prefix_path.dsv
[0.714s] -- Up-to-date: /home/saitama1/Pictures/ros2-picas/ros2_foxy/install/ament_cmake_libraries/share/ament_cmake_libraries/environment/path.sh
[0.714s] -- Installing: /home/saitama1/Pictures/ros2-picas/ros2_foxy/install/ament_cmake_libraries/share/ament_cmake_libraries/environment/path.dsv
[0.714s] -- Up-to-date: /home/saitama1/Pictures/ros2-picas/ros2_foxy/install/ament_cmake_libraries/share/ament_cmake_libraries/local_setup.bash
[0.714s] -- Up-to-date: /home/saitama1/Pictures/ros2-picas/ros2_foxy/install/ament_cmake_libraries/share/ament_cmake_libraries/local_setup.sh
[0.714s] -- Up-to-date: /home/saitama1/Pictures/ros2-picas/ros2_foxy/install/ament_cmake_libraries/share/ament_cmake_libraries/local_setup.zsh
[0.715s] -- Installing: /home/saitama1/Pictures/ros2-picas/ros2_foxy/install/ament_cmake_libraries/share/ament_cmake_libraries/local_setup.dsv
[0.715s] -- Installing: /home/saitama1/Pictures/ros2-picas/ros2_foxy/install/ament_cmake_libraries/share/ament_cmake_libraries/package.dsv
[0.715s] -- Up-to-date: /home/saitama1/Pictures/ros2-picas/ros2_foxy/install/ament_cmake_libraries/share/ament_index/resource_index/packages/ament_cmake_libraries
[0.715s] -- Up-to-date: /home/saitama1/Pictures/ros2-picas/ros2_foxy/install/ament_cmake_libraries/share/ament_cmake_libraries/cmake/ament_cmake_libraries-extras.cmake
[0.715s] -- Up-to-date: /home/saitama1/Pictures/ros2-picas/ros2_foxy/install/ament_cmake_libraries/share/ament_cmake_libraries/cmake/ament_cmake_librariesConfig.cmake
[0.715s] -- Up-to-date: /home/saitama1/Pictures/ros2-picas/ros2_foxy/install/ament_cmake_libraries/share/ament_cmake_libraries/cmake/ament_cmake_librariesConfig-version.cmake
[0.715s] -- Up-to-date: /home/saitama1/Pictures/ros2-picas/ros2_foxy/install/ament_cmake_libraries/share/ament_cmake_libraries/package.xml
[0.715s] -- Up-to-date: /home/saitama1/Pictures/ros2-picas/ros2_foxy/install/ament_cmake_libraries/share/ament_cmake_libraries/cmake
[0.715s] -- Up-to-date: /home/saitama1/Pictures/ros2-picas/ros2_foxy/install/ament_cmake_libraries/share/ament_cmake_libraries/cmake/ament_libraries_deduplicate.cmake
[0.716s] -- Up-to-date: /home/saitama1/Pictures/ros2-picas/ros2_foxy/install/ament_cmake_libraries/share/ament_cmake_libraries/cmake/ament_libraries_pack_build_configuration.cmake
[0.716s] -- Up-to-date: /home/saitama1/Pictures/ros2-picas/ros2_foxy/install/ament_cmake_libraries/share/ament_cmake_libraries/cmake/ament_libraries_unpack_build_configuration.cmake
[0.753s] Invoked command in '/home/saitama1/Pictures/ros2-picas/ros2_foxy/build/ament_cmake_libraries' returned '0': AMENT_PREFIX_PATH=/home/saitama1/Pictures/ros2-picas/ros2_foxy/install/ament_cmake_core:/home/saitama1/Pictures/ros2-picas/ros2_foxy/install/ament_package:${AMENT_PREFIX_PATH} CMAKE_PREFIX_PATH=/home/saitama1/Pictures/ros2-picas/ros2_foxy/install/ament_cmake_core:/opt/ros/foxy PYTHONPATH=/home/saitama1/Pictures/ros2-picas/ros2_foxy/install/ament_package/lib/python3.8/site-packages:${PYTHONPATH} /usr/bin/cmake --install /home/saitama1/Pictures/ros2-picas/ros2_foxy/build/ament_cmake_libraries
