running egg_info
creating ../../../../build/ament_xmllint/ament_xmllint.egg-info
writing ../../../../build/ament_xmllint/ament_xmllint.egg-info/PKG-INFO
writing dependency_links to ../../../../build/ament_xmllint/ament_xmllint.egg-info/dependency_links.txt
writing entry points to ../../../../build/ament_xmllint/ament_xmllint.egg-info/entry_points.txt
writing requirements to ../../../../build/ament_xmllint/ament_xmllint.egg-info/requires.txt
writing top-level names to ../../../../build/ament_xmllint/ament_xmllint.egg-info/top_level.txt
writing manifest file '../../../../build/ament_xmllint/ament_xmllint.egg-info/SOURCES.txt'
reading manifest file '../../../../build/ament_xmllint/ament_xmllint.egg-info/SOURCES.txt'
writing manifest file '../../../../build/ament_xmllint/ament_xmllint.egg-info/SOURCES.txt'
running build
running build_py
creating /home/saitama1/Pictures/ros2-picas/ros2_foxy/build/ament_xmllint/build
creating /home/saitama1/Pictures/ros2-picas/ros2_foxy/build/ament_xmllint/build/lib
creating /home/saitama1/Pictures/ros2-picas/ros2_foxy/build/ament_xmllint/build/lib/ament_xmllint
copying ament_xmllint/pytest_marker.py -> /home/saitama1/Pictures/ros2-picas/ros2_foxy/build/ament_xmllint/build/lib/ament_xmllint
copying ament_xmllint/__init__.py -> /home/saitama1/Pictures/ros2-picas/ros2_foxy/build/ament_xmllint/build/lib/ament_xmllint
copying ament_xmllint/main.py -> /home/saitama1/Pictures/ros2-picas/ros2_foxy/build/ament_xmllint/build/lib/ament_xmllint
running install
running install_lib
copying /home/saitama1/Pictures/ros2-picas/ros2_foxy/build/ament_xmllint/build/lib/ament_xmllint/pytest_marker.py -> /home/saitama1/Pictures/ros2-picas/ros2_foxy/install/ament_xmllint/lib/python3.8/site-packages/ament_xmllint
copying /home/saitama1/Pictures/ros2-picas/ros2_foxy/build/ament_xmllint/build/lib/ament_xmllint/__init__.py -> /home/saitama1/Pictures/ros2-picas/ros2_foxy/install/ament_xmllint/lib/python3.8/site-packages/ament_xmllint
copying /home/saitama1/Pictures/ros2-picas/ros2_foxy/build/ament_xmllint/build/lib/ament_xmllint/main.py -> /home/saitama1/Pictures/ros2-picas/ros2_foxy/install/ament_xmllint/lib/python3.8/site-packages/ament_xmllint
byte-compiling /home/saitama1/Pictures/ros2-picas/ros2_foxy/install/ament_xmllint/lib/python3.8/site-packages/ament_xmllint/pytest_marker.py to pytest_marker.cpython-38.pyc
byte-compiling /home/saitama1/Pictures/ros2-picas/ros2_foxy/install/ament_xmllint/lib/python3.8/site-packages/ament_xmllint/__init__.py to __init__.cpython-38.pyc
byte-compiling /home/saitama1/Pictures/ros2-picas/ros2_foxy/install/ament_xmllint/lib/python3.8/site-packages/ament_xmllint/main.py to main.cpython-38.pyc
running install_data
running install_egg_info
Copying ../../../../build/ament_xmllint/ament_xmllint.egg-info to /home/saitama1/Pictures/ros2-picas/ros2_foxy/install/ament_xmllint/lib/python3.8/site-packages/ament_xmllint-0.9.6-py3.8.egg-info
running install_scripts
Installing ament_xmllint script to /home/saitama1/Pictures/ros2-picas/ros2_foxy/install/ament_xmllint/bin
writing list of installed files to '/home/saitama1/Pictures/ros2-picas/ros2_foxy/build/ament_xmllint/install.log'
