-- The C compiler identification is GNU 9.3.0
-- The CXX compiler identification is GNU 9.3.0
-- Check for working C compiler: /usr/bin/cc
-- Check for working C compiler: /usr/bin/cc -- works
-- Detecting C compiler ABI info
-- Detecting C compiler ABI info - done
-- Detecting C compile features
-- Detecting C compile features - done
-- Check for working CXX compiler: /usr/bin/c++
-- Check for working CXX compiler: /usr/bin/c++ -- works
-- Detecting CXX compiler ABI info
-- Detecting CXX compiler ABI info - done
-- Detecting CXX compile features
-- Detecting CXX compile features - done
-- Found ament_cmake_ros: 0.9.2 (/home/saitama1/ros2_foxy/install/ament_cmake_ros/share/ament_cmake_ros/cmake)
-- Found PythonInterp: /usr/bin/python3 (found suitable version "3.8.10", minimum required is "3") 
-- Using PYTHON_EXECUTABLE: /usr/bin/python3
-- Found rcl_interfaces: 1.0.0 (/home/saitama1/ros2_foxy/install/rcl_interfaces/share/rcl_interfaces/cmake)
-- Using all available rosidl_typesupport_c: rosidl_typesupport_fastrtps_c;rosidl_typesupport_introspection_c
-- Found rosidl_adapter: 1.2.1 (/home/saitama1/ros2_foxy/install/rosidl_adapter/share/rosidl_adapter/cmake)
-- Found OpenSSL: /usr/lib/x86_64-linux-gnu/libcrypto.so (found version "1.1.1f")  
-- Found FastRTPS: /home/saitama1/ros2_foxy/install/fastrtps/include  
-- Using all available rosidl_typesupport_cpp: rosidl_typesupport_introspection_cpp;rosidl_typesupport_fastrtps_cpp
-- Found rcl_yaml_param_parser: 1.1.11 (/home/saitama1/ros2_foxy/install/rcl_yaml_param_parser/share/rcl_yaml_param_parser/cmake)
-- Found rmw_implementation: 1.0.2 (/home/saitama1/ros2_foxy/install/rmw_implementation/share/rmw_implementation/cmake)
-- Found rmw_implementation_cmake: 1.0.3 (/home/saitama1/ros2_foxy/install/rmw_implementation_cmake/share/rmw_implementation_cmake/cmake)
-- Using RMW implementation 'rmw_fastrtps_cpp' as default
-- Looking for pthread.h
-- Looking for pthread.h - found
-- Performing Test CMAKE_HAVE_LIBC_PTHREAD
-- Performing Test CMAKE_HAVE_LIBC_PTHREAD - Failed
-- Looking for pthread_create in pthreads
-- Looking for pthread_create in pthreads - not found
-- Looking for pthread_create in pthread
-- Looking for pthread_create in pthread - found
-- Found Threads: TRUE  
-- Found tracetools: 1.0.5 (/home/saitama1/ros2_foxy/install/tracetools/share/tracetools/cmake)
-- Found rcl_logging_spdlog: 1.1.0 (/home/saitama1/ros2_foxy/install/rcl_logging_spdlog/share/rcl_logging_spdlog/cmake)
-- Found ament_lint_auto: 0.9.6 (/home/saitama1/ros2_foxy/install/ament_lint_auto/share/ament_lint_auto/cmake)
-- Found python_cmake_module: 0.8.1 (/home/saitama1/ros2_foxy/install/python_cmake_module/share/python_cmake_module/cmake)
-- Found PythonInterp: /usr/bin/python3 (found suitable version "3.8.10", minimum required is "3.5") 
-- Found PythonLibs: /usr/lib/x86_64-linux-gnu/libpython3.8.so (found suitable version "3.8.10", minimum required is "3.5") 
-- Using PYTHON_EXECUTABLE: /usr/bin/python3
-- Using PYTHON_INCLUDE_DIRS: /usr/include/python3.8
-- Using PYTHON_LIBRARIES: /usr/lib/x86_64-linux-gnu/libpython3.8.so
-- Found PythonExtra: .so  
-- Found gtest sources under '/home/saitama1/ros2_foxy/install/gtest_vendor/src/gtest_vendor': C++ tests using 'Google Test' will be built
-- Creating tests for 'rmw_cyclonedds_cpp'
-- Check if compiler accepts -pthread
-- Check if compiler accepts -pthread - yes
-- Enabling only source timestamp test for rmw_cyclonedds_cpp
-- Creating tests for 'rmw_fastrtps_cpp'
-- Enabling message timestamp test for rmw_fastrtps_cpp
-- Creating tests for 'rmw_fastrtps_dynamic_cpp'
-- Enabling message timestamp test for rmw_fastrtps_dynamic_cpp
-- Added test 'copyright' to check source files copyright and LICENSE
-- Added test 'cppcheck' to perform static code analysis on C / C++ code
-- Configured cppcheck include dirs: $<BUILD_INTERFACE:/home/saitama1/ros2_foxy/src/ros2/rcl/rcl/include>
-- Configured cppcheck exclude dirs and/or files: 
-- Added test 'cpplint' to check C / C++ code against the Google style
-- Configured cpplint exclude dirs and/or files: 
-- Added test 'lint_cmake' to check CMake code style
-- Added test 'uncrustify' to check C / C++ code style
-- Configured uncrustify additional arguments: 
-- Added test 'xmllint' to check XML markup files
-- Configuring done
-- Generating done
-- Build files have been written to: /home/saitama1/ros2_foxy/build/rcl
[35m[1mScanning dependencies of target rcl[0m
[  1%] [32mBuilding C object CMakeFiles/rcl.dir/src/rcl/arguments.c.o[0m
[  2%] [32mBuilding C object CMakeFiles/rcl.dir/src/rcl/init.c.o[0m
[  2%] [32mBuilding C object CMakeFiles/rcl.dir/src/rcl/init_options.c.o[0m
[  3%] [32mBuilding C object CMakeFiles/rcl.dir/src/rcl/lexer.c.o[0m
[  3%] [32mBuilding C object CMakeFiles/rcl.dir/src/rcl/lexer_lookahead.c.o[0m
[  3%] [32mBuilding C object CMakeFiles/rcl.dir/src/rcl/localhost.c.o[0m
[  4%] [32mBuilding C object CMakeFiles/rcl.dir/src/rcl/logging_rosout.c.o[0m
[  4%] [32mBuilding C object CMakeFiles/rcl.dir/src/rcl/logging.c.o[0m
[  5%] [32mBuilding C object CMakeFiles/rcl.dir/src/rcl/node.c.o[0m
[  5%] [32mBuilding C object CMakeFiles/rcl.dir/src/rcl/node_options.c.o[0m
[  6%] [32mBuilding C object CMakeFiles/rcl.dir/src/rcl/publisher.c.o[0m
[  6%] [32mBuilding C object CMakeFiles/rcl.dir/src/rcl/remap.c.o[0m
[  6%] [32mBuilding C object CMakeFiles/rcl.dir/src/rcl/rmw_implementation_identifier_check.c.o[0m
[  7%] [32mBuilding C object CMakeFiles/rcl.dir/src/rcl/security.c.o[0m
[  7%] [32mBuilding C object CMakeFiles/rcl.dir/src/rcl/service.c.o[0m
[  8%] [32mBuilding C object CMakeFiles/rcl.dir/src/rcl/subscription.c.o[0m
[  8%] [32mBuilding C object CMakeFiles/rcl.dir/src/rcl/time.c.o[0m
[  9%] [32mBuilding C object CMakeFiles/rcl.dir/src/rcl/timer.c.o[0m
[  9%] [32mBuilding C object CMakeFiles/rcl.dir/src/rcl/validate_enclave_name.c.o[0m
[ 10%] [32mBuilding C object CMakeFiles/rcl.dir/src/rcl/validate_topic_name.c.o[0m
[ 10%] [32mBuilding C object CMakeFiles/rcl.dir/src/rcl/wait.c.o[0m
[ 10%] [32mBuilding C object CMakeFiles/rcl.dir/src/rcl/guard_condition.c.o[0m
[ 11%] [32mBuilding C object CMakeFiles/rcl.dir/src/rcl/graph.c.o[0m
[ 11%] [32mBuilding C object CMakeFiles/rcl.dir/src/rcl/expand_topic_name.c.o[0m
[ 12%] [32mBuilding C object CMakeFiles/rcl.dir/src/rcl/event.c.o[0m
[ 12%] [32mBuilding C object CMakeFiles/rcl.dir/src/rcl/domain_id.c.o[0m
[ 12%] [32mBuilding C object CMakeFiles/rcl.dir/src/rcl/context.c.o[0m
[ 13%] [32mBuilding C object CMakeFiles/rcl.dir/src/rcl/common.c.o[0m
[ 13%] [32mBuilding C object CMakeFiles/rcl.dir/src/rcl/client.c.o[0m
[ 13%] [32m[1mLinking C shared library librcl.so[0m
[ 13%] Built target rcl
[35m[1mScanning dependencies of target gtest_main[0m
[ 14%] [32mBuilding CXX object gtest/CMakeFiles/gtest_main.dir/src/gtest_main.cc.o[0m
[ 14%] [32m[1mLinking CXX static library libgtest_main.a[0m
[ 14%] Built target gtest_main
[35m[1mScanning dependencies of target client_fixture__rmw_fastrtps_cpp[0m
[ 14%] [32mBuilding CXX object test/CMakeFiles/client_fixture__rmw_fastrtps_cpp.dir/rcl/client_fixture.cpp.o[0m
[ 15%] [32mBuilding CXX object test/CMakeFiles/client_fixture__rmw_fastrtps_cpp.dir/rcl/wait_for_entity_helpers.cpp.o[0m
[ 15%] [32m[1mLinking CXX executable client_fixture__rmw_fastrtps_cpp[0m
[ 15%] Built target client_fixture__rmw_fastrtps_cpp
[35m[1mScanning dependencies of target service_fixture__rmw_fastrtps_cpp[0m
[ 15%] [32mBuilding CXX object test/CMakeFiles/service_fixture__rmw_fastrtps_cpp.dir/rcl/service_fixture.cpp.o[0m
[ 16%] [32mBuilding CXX object test/CMakeFiles/service_fixture__rmw_fastrtps_cpp.dir/rcl/wait_for_entity_helpers.cpp.o[0m
[ 16%] [32m[1mLinking CXX executable service_fixture__rmw_fastrtps_cpp[0m
[ 16%] Built target service_fixture__rmw_fastrtps_cpp
[35m[1mScanning dependencies of target test_rmw_impl_id_check_exe[0m
[ 17%] [32mBuilding CXX object test/CMakeFiles/test_rmw_impl_id_check_exe.dir/rcl/test_rmw_impl_id_check_exe.cpp.o[0m
[ 17%] [32m[1mLinking CXX executable test_rmw_impl_id_check_exe[0m
[ 17%] Built target test_rmw_impl_id_check_exe
[35m[1mScanning dependencies of target service_fixture__rmw_cyclonedds_cpp[0m
[ 18%] [32mBuilding CXX object test/CMakeFiles/service_fixture__rmw_cyclonedds_cpp.dir/rcl/service_fixture.cpp.o[0m
[ 18%] [32mBuilding CXX object test/CMakeFiles/service_fixture__rmw_cyclonedds_cpp.dir/rcl/wait_for_entity_helpers.cpp.o[0m
[ 19%] [32m[1mLinking CXX executable service_fixture__rmw_cyclonedds_cpp[0m
[ 19%] Built target service_fixture__rmw_cyclonedds_cpp
[35m[1mScanning dependencies of target client_fixture__rmw_cyclonedds_cpp[0m
[ 19%] [32mBuilding CXX object test/CMakeFiles/client_fixture__rmw_cyclonedds_cpp.dir/rcl/client_fixture.cpp.o[0m
[ 19%] [32mBuilding CXX object test/CMakeFiles/client_fixture__rmw_cyclonedds_cpp.dir/rcl/wait_for_entity_helpers.cpp.o[0m
[ 20%] [32m[1mLinking CXX executable client_fixture__rmw_cyclonedds_cpp[0m
[ 20%] Built target client_fixture__rmw_cyclonedds_cpp
[35m[1mScanning dependencies of target service_fixture__rmw_fastrtps_dynamic_cpp[0m
[ 21%] [32mBuilding CXX object test/CMakeFiles/service_fixture__rmw_fastrtps_dynamic_cpp.dir/rcl/service_fixture.cpp.o[0m
[ 21%] [32mBuilding CXX object test/CMakeFiles/service_fixture__rmw_fastrtps_dynamic_cpp.dir/rcl/wait_for_entity_helpers.cpp.o[0m
[ 21%] [32m[1mLinking CXX executable service_fixture__rmw_fastrtps_dynamic_cpp[0m
[ 21%] Built target service_fixture__rmw_fastrtps_dynamic_cpp
[35m[1mScanning dependencies of target client_fixture__rmw_fastrtps_dynamic_cpp[0m
[ 22%] [32mBuilding CXX object test/CMakeFiles/client_fixture__rmw_fastrtps_dynamic_cpp.dir/rcl/client_fixture.cpp.o[0m
[ 22%] [32mBuilding CXX object test/CMakeFiles/client_fixture__rmw_fastrtps_dynamic_cpp.dir/rcl/wait_for_entity_helpers.cpp.o[0m
[ 22%] [32m[1mLinking CXX executable client_fixture__rmw_fastrtps_dynamic_cpp[0m
[ 22%] Built target client_fixture__rmw_fastrtps_dynamic_cpp
[35m[1mScanning dependencies of target gtest[0m
[ 23%] [32mBuilding CXX object gtest/CMakeFiles/gtest.dir/src/gtest-all.cc.o[0m
[ 23%] [32m[1mLinking CXX static library libgtest.a[0m
[ 23%] Built target gtest
[35m[1mScanning dependencies of target test_validate_topic_name[0m
[ 23%] [32mBuilding CXX object test/CMakeFiles/test_validate_topic_name.dir/rcl/test_validate_topic_name.cpp.o[0m
[ 24%] [32m[1mLinking CXX executable test_validate_topic_name[0m
[ 24%] Built target test_validate_topic_name
[35m[1mScanning dependencies of target test_remap_integration__rmw_fastrtps_dynamic_cpp[0m
[ 24%] [32mBuilding CXX object test/CMakeFiles/test_remap_integration__rmw_fastrtps_dynamic_cpp.dir/rcl/test_remap_integration.cpp.o[0m
[ 24%] [32m[1mLinking CXX executable test_remap_integration__rmw_fastrtps_dynamic_cpp[0m
[ 24%] Built target test_remap_integration__rmw_fastrtps_dynamic_cpp
[35m[1mScanning dependencies of target test_remap__rmw_fastrtps_dynamic_cpp[0m
[ 24%] [32mBuilding CXX object test/CMakeFiles/test_remap__rmw_fastrtps_dynamic_cpp.dir/rcl/test_remap.cpp.o[0m
[ 25%] [32m[1mLinking CXX executable test_remap__rmw_fastrtps_dynamic_cpp[0m
[ 25%] Built target test_remap__rmw_fastrtps_dynamic_cpp
[35m[1mScanning dependencies of target test_arguments__rmw_fastrtps_dynamic_cpp[0m
[ 26%] [32mBuilding CXX object test/CMakeFiles/test_arguments__rmw_fastrtps_dynamic_cpp.dir/rcl/test_arguments.cpp.o[0m
[ 26%] [32m[1mLinking CXX executable test_arguments__rmw_fastrtps_dynamic_cpp[0m
[ 26%] Built target test_arguments__rmw_fastrtps_dynamic_cpp
[35m[1mScanning dependencies of target test_count_matched__rmw_fastrtps_dynamic_cpp[0m
[ 27%] [32mBuilding CXX object test/CMakeFiles/test_count_matched__rmw_fastrtps_dynamic_cpp.dir/rcl/test_count_matched.cpp.o[0m
[ 27%] [32m[1mLinking CXX executable test_count_matched__rmw_fastrtps_dynamic_cpp[0m
[ 27%] Built target test_count_matched__rmw_fastrtps_dynamic_cpp
[35m[1mScanning dependencies of target test_info_by_topic__rmw_fastrtps_dynamic_cpp[0m
[ 27%] [32mBuilding CXX object test/CMakeFiles/test_info_by_topic__rmw_fastrtps_dynamic_cpp.dir/rcl/test_info_by_topic.cpp.o[0m
[ 28%] [32m[1mLinking CXX executable test_info_by_topic__rmw_fastrtps_dynamic_cpp[0m
[ 28%] Built target test_info_by_topic__rmw_fastrtps_dynamic_cpp
[35m[1mScanning dependencies of target test_graph__rmw_fastrtps_dynamic_cpp[0m
[ 28%] [32mBuilding CXX object test/CMakeFiles/test_graph__rmw_fastrtps_dynamic_cpp.dir/rcl/test_graph.cpp.o[0m
[ 29%] [32m[1mLinking CXX executable test_graph__rmw_fastrtps_dynamic_cpp[0m
[ 29%] Built target test_graph__rmw_fastrtps_dynamic_cpp
[35m[1mScanning dependencies of target test_lexer__rmw_fastrtps_dynamic_cpp[0m
[ 30%] [32mBuilding CXX object test/CMakeFiles/test_lexer__rmw_fastrtps_dynamic_cpp.dir/rcl/test_lexer.cpp.o[0m
[ 30%] [32m[1mLinking CXX executable test_lexer__rmw_fastrtps_dynamic_cpp[0m
[ 30%] Built target test_lexer__rmw_fastrtps_dynamic_cpp
[35m[1mScanning dependencies of target test_guard_condition__rmw_fastrtps_dynamic_cpp[0m
[ 31%] [32mBuilding CXX object test/CMakeFiles/test_guard_condition__rmw_fastrtps_dynamic_cpp.dir/rcl/test_guard_condition.cpp.o[0m
[ 31%] [32m[1mLinking CXX executable test_guard_condition__rmw_fastrtps_dynamic_cpp[0m
[ 31%] Built target test_guard_condition__rmw_fastrtps_dynamic_cpp
[35m[1mScanning dependencies of target test_get_node_names__rmw_fastrtps_dynamic_cpp[0m
[ 32%] [32mBuilding CXX object test/CMakeFiles/test_get_node_names__rmw_fastrtps_dynamic_cpp.dir/rcl/test_get_node_names.cpp.o[0m
[ 32%] [32m[1mLinking CXX executable test_get_node_names__rmw_fastrtps_dynamic_cpp[0m
[ 32%] Built target test_get_node_names__rmw_fastrtps_dynamic_cpp
[35m[1mScanning dependencies of target test_client__rmw_fastrtps_cpp[0m
[ 32%] [32mBuilding CXX object test/CMakeFiles/test_client__rmw_fastrtps_cpp.dir/rcl/test_client.cpp.o[0m
[ 33%] [32m[1mLinking CXX executable test_client__rmw_fastrtps_cpp[0m
[ 33%] Built target test_client__rmw_fastrtps_cpp
[35m[1mScanning dependencies of target test_expand_topic_name[0m
[ 33%] [32mBuilding CXX object test/CMakeFiles/test_expand_topic_name.dir/rcl/test_expand_topic_name.cpp.o[0m
[ 34%] [32m[1mLinking CXX executable test_expand_topic_name[0m
[ 34%] Built target test_expand_topic_name
[35m[1mScanning dependencies of target test_namespace__rmw_cyclonedds_cpp[0m
[ 35%] [32mBuilding CXX object test/CMakeFiles/test_namespace__rmw_cyclonedds_cpp.dir/test_namespace.cpp.o[0m
[ 35%] [32m[1mLinking CXX executable test_namespace__rmw_cyclonedds_cpp[0m
[ 35%] Built target test_namespace__rmw_cyclonedds_cpp
[35m[1mScanning dependencies of target test_time__rmw_fastrtps_cpp[0m
[ 35%] [32mBuilding CXX object test/CMakeFiles/test_time__rmw_fastrtps_cpp.dir/rcl/test_time.cpp.o[0m
[ 36%] [32m[1mLinking CXX executable test_time__rmw_fastrtps_cpp[0m
[ 36%] Built target test_time__rmw_fastrtps_cpp
[35m[1mScanning dependencies of target test_events__rmw_cyclonedds_cpp[0m
[ 37%] [32mBuilding CXX object test/CMakeFiles/test_events__rmw_cyclonedds_cpp.dir/rcl/test_events.cpp.o[0m
[ 37%] [32m[1mLinking CXX executable test_events__rmw_cyclonedds_cpp[0m
[ 37%] Built target test_events__rmw_cyclonedds_cpp
[35m[1mScanning dependencies of target test_count_matched__rmw_fastrtps_cpp[0m
[ 37%] [32mBuilding CXX object test/CMakeFiles/test_count_matched__rmw_fastrtps_cpp.dir/rcl/test_count_matched.cpp.o[0m
[ 37%] [32m[1mLinking CXX executable test_count_matched__rmw_fastrtps_cpp[0m
[ 37%] Built target test_count_matched__rmw_fastrtps_cpp
[35m[1mScanning dependencies of target test_subscription__rmw_fastrtps_cpp[0m
[ 38%] [32mBuilding CXX object test/CMakeFiles/test_subscription__rmw_fastrtps_cpp.dir/rcl/test_subscription.cpp.o[0m
[ 38%] [32mBuilding CXX object test/CMakeFiles/test_subscription__rmw_fastrtps_cpp.dir/rcl/wait_for_entity_helpers.cpp.o[0m
[ 38%] [32m[1mLinking CXX executable test_subscription__rmw_fastrtps_cpp[0m
[ 38%] Built target test_subscription__rmw_fastrtps_cpp
[35m[1mScanning dependencies of target test_guard_condition__rmw_cyclonedds_cpp[0m
[ 38%] [32mBuilding CXX object test/CMakeFiles/test_guard_condition__rmw_cyclonedds_cpp.dir/rcl/test_guard_condition.cpp.o[0m
[ 39%] [32m[1mLinking CXX executable test_guard_condition__rmw_cyclonedds_cpp[0m
[ 39%] Built target test_guard_condition__rmw_cyclonedds_cpp
[35m[1mScanning dependencies of target test_remap__rmw_cyclonedds_cpp[0m
[ 40%] [32mBuilding CXX object test/CMakeFiles/test_remap__rmw_cyclonedds_cpp.dir/rcl/test_remap.cpp.o[0m
[ 40%] [32m[1mLinking CXX executable test_remap__rmw_cyclonedds_cpp[0m
[ 40%] Built target test_remap__rmw_cyclonedds_cpp
[35m[1mScanning dependencies of target test_lexer_lookahead__rmw_fastrtps_dynamic_cpp[0m
[ 40%] [32mBuilding CXX object test/CMakeFiles/test_lexer_lookahead__rmw_fastrtps_dynamic_cpp.dir/rcl/test_lexer_lookahead.cpp.o[0m
[35m[1mScanning dependencies of target test_graph__rmw_fastrtps_cpp[0m
[ 40%] [32mBuilding CXX object test/CMakeFiles/test_graph__rmw_fastrtps_cpp.dir/rcl/test_graph.cpp.o[0m
[ 41%] [32m[1mLinking CXX executable test_lexer_lookahead__rmw_fastrtps_dynamic_cpp[0m
[ 41%] Built target test_lexer_lookahead__rmw_fastrtps_dynamic_cpp
[35m[1mScanning dependencies of target test_publisher__rmw_fastrtps_dynamic_cpp[0m
[ 42%] [32mBuilding CXX object test/CMakeFiles/test_publisher__rmw_fastrtps_dynamic_cpp.dir/rcl/test_publisher.cpp.o[0m
[35m[1mScanning dependencies of target test_node__rmw_cyclonedds_cpp[0m
[ 42%] [32mBuilding CXX object test/CMakeFiles/test_node__rmw_cyclonedds_cpp.dir/rcl/test_node.cpp.o[0m
[ 43%] [32m[1mLinking CXX executable test_graph__rmw_fastrtps_cpp[0m
[ 43%] Built target test_graph__rmw_fastrtps_cpp
[35m[1mScanning dependencies of target test_service__rmw_fastrtps_dynamic_cpp[0m
[35m[1mScanning dependencies of target test_subscription__rmw_fastrtps_dynamic_cpp[0m
[ 43%] [32mBuilding CXX object test/CMakeFiles/test_service__rmw_fastrtps_dynamic_cpp.dir/rcl/test_service.cpp.o[0m
[ 44%] [32mBuilding CXX object test/CMakeFiles/test_subscription__rmw_fastrtps_dynamic_cpp.dir/rcl/test_subscription.cpp.o[0m
[ 44%] [32m[1mLinking CXX executable test_publisher__rmw_fastrtps_dynamic_cpp[0m
[ 44%] Built target test_publisher__rmw_fastrtps_dynamic_cpp
[ 44%] [32mBuilding CXX object test/CMakeFiles/test_subscription__rmw_fastrtps_dynamic_cpp.dir/rcl/wait_for_entity_helpers.cpp.o[0m
[35m[1mScanning dependencies of target test_service__rmw_cyclonedds_cpp[0m
[ 44%] [32mBuilding CXX object test/CMakeFiles/test_service__rmw_cyclonedds_cpp.dir/rcl/test_service.cpp.o[0m
[ 45%] [32mBuilding CXX object test/CMakeFiles/test_service__rmw_cyclonedds_cpp.dir/rcl/wait_for_entity_helpers.cpp.o[0m
[35m[1mScanning dependencies of target test_common[0m
[ 45%] [32mBuilding CXX object test/CMakeFiles/test_common.dir/rcl/test_common.cpp.o[0m
[ 45%] [32mBuilding CXX object test/CMakeFiles/test_service__rmw_fastrtps_dynamic_cpp.dir/rcl/wait_for_entity_helpers.cpp.o[0m
[ 46%] [32m[1mLinking CXX executable test_service__rmw_fastrtps_dynamic_cpp[0m
[ 47%] [32m[1mLinking CXX executable test_subscription__rmw_fastrtps_dynamic_cpp[0m
[ 48%] [32mBuilding C object test/CMakeFiles/test_common.dir/__/src/rcl/common.c.o[0m
[35m[1mScanning dependencies of target test_events__rmw_fastrtps_dynamic_cpp[0m
[ 48%] Built target test_service__rmw_fastrtps_dynamic_cpp
[35m[1mScanning dependencies of target test_wait__rmw_fastrtps_dynamic_cpp[0m
[ 48%] [32m[1mLinking CXX executable test_common[0m
[ 48%] [32mBuilding CXX object test/CMakeFiles/test_events__rmw_fastrtps_dynamic_cpp.dir/rcl/test_events.cpp.o[0m
[ 48%] [32mBuilding CXX object test/CMakeFiles/test_wait__rmw_fastrtps_dynamic_cpp.dir/rcl/test_wait.cpp.o[0m
[ 48%] Built target test_subscription__rmw_fastrtps_dynamic_cpp
[35m[1mScanning dependencies of target test_client__rmw_cyclonedds_cpp[0m
[ 48%] [32mBuilding CXX object test/CMakeFiles/test_client__rmw_cyclonedds_cpp.dir/rcl/test_client.cpp.o[0m
[ 48%] Built target test_common
[35m[1mScanning dependencies of target test_time__rmw_cyclonedds_cpp[0m
[ 48%] [32m[1mLinking CXX executable test_service__rmw_cyclonedds_cpp[0m
[ 48%] [32mBuilding CXX object test/CMakeFiles/test_time__rmw_cyclonedds_cpp.dir/rcl/test_time.cpp.o[0m
[ 48%] Built target test_service__rmw_cyclonedds_cpp
[35m[1mScanning dependencies of target test_rmw_impl_id_check_func__rmw_cyclonedds_cpp[0m
[ 49%] [32mBuilding CXX object test/CMakeFiles/test_rmw_impl_id_check_func__rmw_cyclonedds_cpp.dir/rcl/test_rmw_impl_id_check_func.cpp.o[0m
[ 50%] [32m[1mLinking CXX executable test_node__rmw_cyclonedds_cpp[0m
[ 50%] Built target test_node__rmw_cyclonedds_cpp
[35m[1mScanning dependencies of target test_publisher__rmw_cyclonedds_cpp[0m
[35m[1mScanning dependencies of target test_rmw_impl_id_check_func__rmw_fastrtps_dynamic_cpp[0m
[ 50%] [32mBuilding CXX object test/CMakeFiles/test_publisher__rmw_cyclonedds_cpp.dir/rcl/test_publisher.cpp.o[0m
[ 51%] [32mBuilding CXX object test/CMakeFiles/test_rmw_impl_id_check_func__rmw_fastrtps_dynamic_cpp.dir/rcl/test_rmw_impl_id_check_func.cpp.o[0m
[ 52%] [32m[1mLinking CXX executable test_client__rmw_cyclonedds_cpp[0m
[ 52%] [32m[1mLinking CXX executable test_rmw_impl_id_check_func__rmw_cyclonedds_cpp[0m
[ 52%] Built target test_client__rmw_cyclonedds_cpp
[35m[1mScanning dependencies of target test_rmw_impl_id_check_func__rmw_fastrtps_cpp[0m
[ 53%] [32mBuilding CXX object test/CMakeFiles/test_rmw_impl_id_check_func__rmw_fastrtps_cpp.dir/rcl/test_rmw_impl_id_check_func.cpp.o[0m
[ 53%] Built target test_rmw_impl_id_check_func__rmw_cyclonedds_cpp
[35m[1mScanning dependencies of target test_publisher__rmw_fastrtps_cpp[0m
[35m[1mScanning dependencies of target test_security[0m
[ 54%] [32mBuilding CXX object test/CMakeFiles/test_publisher__rmw_fastrtps_cpp.dir/rcl/test_publisher.cpp.o[0m
[ 55%] [32m[1mLinking CXX executable test_events__rmw_fastrtps_dynamic_cpp[0m
[ 55%] [32mBuilding CXX object test/CMakeFiles/test_security.dir/rcl/test_security.cpp.o[0m
[ 55%] Built target test_events__rmw_fastrtps_dynamic_cpp
[35m[1mScanning dependencies of target test_init__rmw_cyclonedds_cpp[0m
[ 55%] [32mBuilding CXX object test/CMakeFiles/test_init__rmw_cyclonedds_cpp.dir/rcl/test_init.cpp.o[0m
[ 56%] [32m[1mLinking CXX executable test_wait__rmw_fastrtps_dynamic_cpp[0m
[ 56%] [32m[1mLinking CXX executable test_rmw_impl_id_check_func__rmw_fastrtps_dynamic_cpp[0m
[ 57%] [32m[1mLinking CXX executable test_time__rmw_cyclonedds_cpp[0m
[ 57%] [32m[1mLinking CXX executable test_rmw_impl_id_check_func__rmw_fastrtps_cpp[0m
[ 57%] Built target test_wait__rmw_fastrtps_dynamic_cpp
[35m[1mScanning dependencies of target test_get_node_names__rmw_fastrtps_cpp[0m
[ 58%] [32mBuilding CXX object test/CMakeFiles/test_get_node_names__rmw_fastrtps_cpp.dir/rcl/test_get_node_names.cpp.o[0m
[ 58%] Built target test_rmw_impl_id_check_func__rmw_fastrtps_dynamic_cpp
[35m[1mScanning dependencies of target test_lexer_lookahead__rmw_cyclonedds_cpp[0m
[ 59%] [32mBuilding CXX object test/CMakeFiles/test_lexer_lookahead__rmw_cyclonedds_cpp.dir/rcl/test_lexer_lookahead.cpp.o[0m
[ 59%] Built target test_rmw_impl_id_check_func__rmw_fastrtps_cpp
[ 59%] Built target test_time__rmw_cyclonedds_cpp
[35m[1mScanning dependencies of target test_get_actual_qos__rmw_fastrtps_dynamic_cpp[0m
[35m[1mScanning dependencies of target test_domain_id[0m
[35m[1mScanning dependencies of target test_subscription__rmw_cyclonedds_cpp[0m
[ 60%] [32mBuilding CXX object test/CMakeFiles/test_get_actual_qos__rmw_fastrtps_dynamic_cpp.dir/rcl/test_get_actual_qos.cpp.o[0m
[ 61%] [32mBuilding CXX object test/CMakeFiles/test_domain_id.dir/rcl/test_domain_id.cpp.o[0m
[ 61%] [32mBuilding CXX object test/CMakeFiles/test_subscription__rmw_cyclonedds_cpp.dir/rcl/test_subscription.cpp.o[0m
[ 62%] [32m[1mLinking CXX executable test_security[0m
[ 62%] [32m[1mLinking CXX executable test_publisher__rmw_cyclonedds_cpp[0m
[35m[1mScanning dependencies of target test_get_node_names__rmw_cyclonedds_cpp[0m
[ 63%] [32mBuilding CXX object test/CMakeFiles/test_get_node_names__rmw_cyclonedds_cpp.dir/rcl/test_get_node_names.cpp.o[0m
[ 63%] Built target test_security
[35m[1mScanning dependencies of target test_localhost[0m
[ 64%] [32mBuilding CXX object test/CMakeFiles/test_subscription__rmw_cyclonedds_cpp.dir/rcl/wait_for_entity_helpers.cpp.o[0m
[ 64%] [32m[1mLinking CXX executable test_domain_id[0m
[ 64%] [32mBuilding CXX object test/CMakeFiles/test_localhost.dir/rcl/test_localhost.cpp.o[0m
[ 64%] [32m[1mLinking CXX executable test_get_node_names__rmw_fastrtps_cpp[0m
[ 64%] Built target test_publisher__rmw_cyclonedds_cpp
[35m[1mScanning dependencies of target test_logging[0m
[ 64%] Built target test_domain_id
[ 64%] [32mBuilding CXX object test/CMakeFiles/test_logging.dir/rcl/test_logging.cpp.o[0m
[35m[1mScanning dependencies of target test_remap_integration__rmw_cyclonedds_cpp[0m
[ 64%] [32m[1mLinking CXX executable test_get_actual_qos__rmw_fastrtps_dynamic_cpp[0m
[35m[1mScanning dependencies of target test_init__rmw_fastrtps_dynamic_cpp[0m
[ 64%] Built target test_get_node_names__rmw_fastrtps_cpp
[ 64%] Built target test_get_actual_qos__rmw_fastrtps_dynamic_cpp
[ 64%] [32mBuilding CXX object test/CMakeFiles/test_remap_integration__rmw_cyclonedds_cpp.dir/rcl/test_remap_integration.cpp.o[0m
[35m[1mScanning dependencies of target test_context__rmw_cyclonedds_cpp[0m
[35m[1mScanning dependencies of target test_lexer__rmw_cyclonedds_cpp[0m
[ 64%] [32mBuilding CXX object test/CMakeFiles/test_init__rmw_fastrtps_dynamic_cpp.dir/rcl/test_init.cpp.o[0m
[ 64%] [32m[1mLinking CXX executable test_publisher__rmw_fastrtps_cpp[0m
[ 65%] [32m[1mLinking CXX executable test_localhost[0m
[ 65%] [32mBuilding CXX object test/CMakeFiles/test_lexer__rmw_cyclonedds_cpp.dir/rcl/test_lexer.cpp.o[0m
[ 65%] [32mBuilding CXX object test/CMakeFiles/test_context__rmw_cyclonedds_cpp.dir/rcl/test_context.cpp.o[0m
[ 65%] Built target test_localhost
[ 65%] Built target test_publisher__rmw_fastrtps_cpp
[35m[1mScanning dependencies of target test_info_by_topic__rmw_cyclonedds_cpp[0m
[ 65%] [32m[1mLinking CXX executable test_get_node_names__rmw_cyclonedds_cpp[0m
[35m[1mScanning dependencies of target test_lexer_lookahead__rmw_fastrtps_cpp[0m
[ 65%] [32m[1mLinking CXX executable test_lexer_lookahead__rmw_cyclonedds_cpp[0m
[ 65%] Built target test_get_node_names__rmw_cyclonedds_cpp
[ 66%] [32mBuilding CXX object test/CMakeFiles/test_info_by_topic__rmw_cyclonedds_cpp.dir/rcl/test_info_by_topic.cpp.o[0m
[ 67%] [32mBuilding CXX object test/CMakeFiles/test_lexer_lookahead__rmw_fastrtps_cpp.dir/rcl/test_lexer_lookahead.cpp.o[0m
[ 68%] [32m[1mLinking CXX executable test_logging[0m
[ 69%] [32m[1mLinking CXX executable test_remap_integration__rmw_cyclonedds_cpp[0m
[ 70%] [32m[1mLinking CXX executable test_init__rmw_cyclonedds_cpp[0m
[ 70%] Built target test_lexer_lookahead__rmw_cyclonedds_cpp
[ 70%] [32m[1mLinking CXX executable test_subscription__rmw_cyclonedds_cpp[0m
[ 70%] Built target test_remap_integration__rmw_cyclonedds_cpp
[ 70%] Built target test_logging
[ 70%] Built target test_init__rmw_cyclonedds_cpp
[ 70%] Built target test_subscription__rmw_cyclonedds_cpp
[ 71%] [32m[1mLinking CXX executable test_context__rmw_cyclonedds_cpp[0m
[ 71%] [32m[1mLinking CXX executable test_info_by_topic__rmw_cyclonedds_cpp[0m
[ 71%] [32m[1mLinking CXX executable test_lexer__rmw_cyclonedds_cpp[0m
[ 72%] [32m[1mLinking CXX executable test_init__rmw_fastrtps_dynamic_cpp[0m
[ 72%] Built target test_lexer__rmw_cyclonedds_cpp
[ 72%] Built target test_init__rmw_fastrtps_dynamic_cpp
[ 72%] Built target test_info_by_topic__rmw_cyclonedds_cpp
[ 72%] Built target test_context__rmw_cyclonedds_cpp
[ 72%] [32m[1mLinking CXX executable test_lexer_lookahead__rmw_fastrtps_cpp[0m
[ 72%] Built target test_lexer_lookahead__rmw_fastrtps_cpp
[35m[1mScanning dependencies of target test_info_by_topic__rmw_fastrtps_cpp[0m
[ 73%] [32mBuilding CXX object test/CMakeFiles/test_info_by_topic__rmw_fastrtps_cpp.dir/rcl/test_info_by_topic.cpp.o[0m
[ 73%] [32m[1mLinking CXX executable test_info_by_topic__rmw_fastrtps_cpp[0m
[ 73%] Built target test_info_by_topic__rmw_fastrtps_cpp
[35m[1mScanning dependencies of target test_get_actual_qos__rmw_fastrtps_cpp[0m
[35m[1mScanning dependencies of target test_logging_rosout__rmw_fastrtps_cpp[0m
[35m[1mScanning dependencies of target test_node__rmw_fastrtps_cpp[0m
[ 73%] [32mBuilding CXX object test/CMakeFiles/test_get_actual_qos__rmw_fastrtps_cpp.dir/rcl/test_get_actual_qos.cpp.o[0m
[ 74%] [32mBuilding CXX object test/CMakeFiles/test_logging_rosout__rmw_fastrtps_cpp.dir/rcl/test_logging_rosout.cpp.o[0m
[ 74%] [32mBuilding CXX object test/CMakeFiles/test_node__rmw_fastrtps_cpp.dir/rcl/test_node.cpp.o[0m
[35m[1mScanning dependencies of target test_context__rmw_fastrtps_cpp[0m
[35m[1mScanning dependencies of target test_lexer__rmw_fastrtps_cpp[0m
[ 74%] [32mBuilding CXX object test/CMakeFiles/test_context__rmw_fastrtps_cpp.dir/rcl/test_context.cpp.o[0m
[ 75%] [32mBuilding CXX object test/CMakeFiles/test_lexer__rmw_fastrtps_cpp.dir/rcl/test_lexer.cpp.o[0m
[ 75%] [32m[1mLinking CXX executable test_logging_rosout__rmw_fastrtps_cpp[0m
[ 75%] [32m[1mLinking CXX executable test_get_actual_qos__rmw_fastrtps_cpp[0m
[35m[1mScanning dependencies of target test_timer__rmw_fastrtps_cpp[0m
[35m[1mScanning dependencies of target test_graph__rmw_cyclonedds_cpp[0m
[ 75%] Built target test_logging_rosout__rmw_fastrtps_cpp
[ 75%] Built target test_get_actual_qos__rmw_fastrtps_cpp
[35m[1mScanning dependencies of target test_namespace__rmw_fastrtps_dynamic_cpp[0m
[ 76%] [32mBuilding CXX object test/CMakeFiles/test_timer__rmw_fastrtps_cpp.dir/rcl/test_timer.cpp.o[0m
[35m[1mScanning dependencies of target test_namespace__rmw_fastrtps_cpp[0m
[ 76%] [32mBuilding CXX object test/CMakeFiles/test_graph__rmw_cyclonedds_cpp.dir/rcl/test_graph.cpp.o[0m
[ 76%] [32mBuilding CXX object test/CMakeFiles/test_namespace__rmw_fastrtps_dynamic_cpp.dir/test_namespace.cpp.o[0m
[35m[1mScanning dependencies of target test_init__rmw_fastrtps_cpp[0m
[ 77%] [32mBuilding CXX object test/CMakeFiles/test_namespace__rmw_fastrtps_cpp.dir/test_namespace.cpp.o[0m
[35m[1mScanning dependencies of target test_get_actual_qos__rmw_cyclonedds_cpp[0m
[ 77%] [32mBuilding CXX object test/CMakeFiles/test_get_actual_qos__rmw_cyclonedds_cpp.dir/rcl/test_get_actual_qos.cpp.o[0m
[ 77%] [32mBuilding CXX object test/CMakeFiles/test_init__rmw_fastrtps_cpp.dir/rcl/test_init.cpp.o[0m
[ 78%] [32m[1mLinking CXX executable test_context__rmw_fastrtps_cpp[0m
[ 78%] Built target test_context__rmw_fastrtps_cpp
[35m[1mScanning dependencies of target test_logging_rosout__rmw_cyclonedds_cpp[0m
[35m[1mScanning dependencies of target test_time__rmw_fastrtps_dynamic_cpp[0m
[ 78%] [32m[1mLinking CXX executable test_namespace__rmw_fastrtps_cpp[0m
[ 79%] [32m[1mLinking CXX executable test_namespace__rmw_fastrtps_dynamic_cpp[0m
[ 79%] [32m[1mLinking CXX executable test_lexer__rmw_fastrtps_cpp[0m
[ 79%] [32mBuilding CXX object test/CMakeFiles/test_time__rmw_fastrtps_dynamic_cpp.dir/rcl/test_time.cpp.o[0m
[ 79%] [32mBuilding CXX object test/CMakeFiles/test_logging_rosout__rmw_cyclonedds_cpp.dir/rcl/test_logging_rosout.cpp.o[0m
[ 79%] Built target test_namespace__rmw_fastrtps_dynamic_cpp
[ 79%] Built target test_namespace__rmw_fastrtps_cpp
[35m[1mScanning dependencies of target test_node__rmw_fastrtps_dynamic_cpp[0m
[35m[1mScanning dependencies of target test_validate_enclave_name[0m
[35m[1mScanning dependencies of target test_arguments__rmw_fastrtps_cpp[0m
[ 79%] [32m[1mLinking CXX executable test_timer__rmw_fastrtps_cpp[0m
[35m[1mScanning dependencies of target test_arguments__rmw_cyclonedds_cpp[0m
[ 79%] Built target test_lexer__rmw_fastrtps_cpp
[ 80%] [32mBuilding CXX object test/CMakeFiles/test_arguments__rmw_fastrtps_cpp.dir/rcl/test_arguments.cpp.o[0m
[ 81%] [32mBuilding CXX object test/CMakeFiles/test_validate_enclave_name.dir/rcl/test_validate_enclave_name.cpp.o[0m
[ 81%] [32mBuilding CXX object test/CMakeFiles/test_node__rmw_fastrtps_dynamic_cpp.dir/rcl/test_node.cpp.o[0m
[ 82%] [32mBuilding CXX object test/CMakeFiles/test_arguments__rmw_cyclonedds_cpp.dir/rcl/test_arguments.cpp.o[0m
[ 82%] Built target test_timer__rmw_fastrtps_cpp
[ 83%] [32m[1mLinking CXX executable test_get_actual_qos__rmw_cyclonedds_cpp[0m
[ 84%] [32m[1mLinking CXX executable test_graph__rmw_cyclonedds_cpp[0m
[ 85%] [32m[1mLinking CXX executable test_init__rmw_fastrtps_cpp[0m
[ 85%] [32m[1mLinking CXX executable test_logging_rosout__rmw_cyclonedds_cpp[0m
[ 85%] Built target test_get_actual_qos__rmw_cyclonedds_cpp
[ 85%] Built target test_graph__rmw_cyclonedds_cpp
[ 85%] Built target test_init__rmw_fastrtps_cpp
[ 86%] [32m[1mLinking CXX executable test_node__rmw_fastrtps_cpp[0m
[ 86%] Built target test_logging_rosout__rmw_cyclonedds_cpp
[ 86%] [32m[1mLinking CXX executable test_validate_enclave_name[0m
[ 86%] Built target test_node__rmw_fastrtps_cpp
[ 86%] [32m[1mLinking CXX executable test_time__rmw_fastrtps_dynamic_cpp[0m
[ 86%] Built target test_validate_enclave_name
[ 86%] Built target test_time__rmw_fastrtps_dynamic_cpp
[ 86%] [32m[1mLinking CXX executable test_arguments__rmw_cyclonedds_cpp[0m
[ 86%] [32m[1mLinking CXX executable test_arguments__rmw_fastrtps_cpp[0m
[ 86%] Built target test_arguments__rmw_cyclonedds_cpp
[ 86%] Built target test_arguments__rmw_fastrtps_cpp
[ 87%] [32m[1mLinking CXX executable test_node__rmw_fastrtps_dynamic_cpp[0m
[ 87%] Built target test_node__rmw_fastrtps_dynamic_cpp
[35m[1mScanning dependencies of target test_client__rmw_fastrtps_dynamic_cpp[0m
[ 87%] [32mBuilding CXX object test/CMakeFiles/test_client__rmw_fastrtps_dynamic_cpp.dir/rcl/test_client.cpp.o[0m
[ 88%] [32m[1mLinking CXX executable test_client__rmw_fastrtps_dynamic_cpp[0m
[ 88%] Built target test_client__rmw_fastrtps_dynamic_cpp
[35m[1mScanning dependencies of target test_service__rmw_fastrtps_cpp[0m
[ 89%] [32mBuilding CXX object test/CMakeFiles/test_service__rmw_fastrtps_cpp.dir/rcl/test_service.cpp.o[0m
[ 89%] [32mBuilding CXX object test/CMakeFiles/test_service__rmw_fastrtps_cpp.dir/rcl/wait_for_entity_helpers.cpp.o[0m
[ 90%] [32m[1mLinking CXX executable test_service__rmw_fastrtps_cpp[0m
[ 90%] Built target test_service__rmw_fastrtps_cpp
[35m[1mScanning dependencies of target test_context__rmw_fastrtps_dynamic_cpp[0m
[ 90%] [32mBuilding CXX object test/CMakeFiles/test_context__rmw_fastrtps_dynamic_cpp.dir/rcl/test_context.cpp.o[0m
[ 91%] [32m[1mLinking CXX executable test_context__rmw_fastrtps_dynamic_cpp[0m
[ 91%] Built target test_context__rmw_fastrtps_dynamic_cpp
[35m[1mScanning dependencies of target test_timer__rmw_cyclonedds_cpp[0m
[ 92%] [32mBuilding CXX object test/CMakeFiles/test_timer__rmw_cyclonedds_cpp.dir/rcl/test_timer.cpp.o[0m
[ 92%] [32m[1mLinking CXX executable test_timer__rmw_cyclonedds_cpp[0m
[ 92%] Built target test_timer__rmw_cyclonedds_cpp
[35m[1mScanning dependencies of target test_wait__rmw_fastrtps_cpp[0m
[ 92%] [32mBuilding CXX object test/CMakeFiles/test_wait__rmw_fastrtps_cpp.dir/rcl/test_wait.cpp.o[0m
[ 93%] [32m[1mLinking CXX executable test_wait__rmw_fastrtps_cpp[0m
[ 93%] Built target test_wait__rmw_fastrtps_cpp
[35m[1mScanning dependencies of target test_timer__rmw_fastrtps_dynamic_cpp[0m
[35m[1mScanning dependencies of target test_logging_rosout__rmw_fastrtps_dynamic_cpp[0m
[35m[1mScanning dependencies of target test_events__rmw_fastrtps_cpp[0m
[35m[1mScanning dependencies of target test_wait__rmw_cyclonedds_cpp[0m
[ 94%] [32mBuilding CXX object test/CMakeFiles/test_timer__rmw_fastrtps_dynamic_cpp.dir/rcl/test_timer.cpp.o[0m
[ 95%] [32mBuilding CXX object test/CMakeFiles/test_events__rmw_fastrtps_cpp.dir/rcl/test_events.cpp.o[0m
[ 96%] [32mBuilding CXX object test/CMakeFiles/test_logging_rosout__rmw_fastrtps_dynamic_cpp.dir/rcl/test_logging_rosout.cpp.o[0m
[ 96%] [32mBuilding CXX object test/CMakeFiles/test_wait__rmw_cyclonedds_cpp.dir/rcl/test_wait.cpp.o[0m
[ 96%] [32m[1mLinking CXX executable test_logging_rosout__rmw_fastrtps_dynamic_cpp[0m
[ 96%] [32m[1mLinking CXX executable test_timer__rmw_fastrtps_dynamic_cpp[0m
[ 96%] [32m[1mLinking CXX executable test_events__rmw_fastrtps_cpp[0m
[ 96%] Built target test_logging_rosout__rmw_fastrtps_dynamic_cpp
[35m[1mScanning dependencies of target test_guard_condition__rmw_fastrtps_cpp[0m
[35m[1mScanning dependencies of target test_remap_integration__rmw_fastrtps_cpp[0m
[35m[1mScanning dependencies of target test_count_matched__rmw_cyclonedds_cpp[0m
[ 96%] [32mBuilding CXX object test/CMakeFiles/test_guard_condition__rmw_fastrtps_cpp.dir/rcl/test_guard_condition.cpp.o[0m
[ 96%] [32mBuilding CXX object test/CMakeFiles/test_count_matched__rmw_cyclonedds_cpp.dir/rcl/test_count_matched.cpp.o[0m
[ 96%] [32mBuilding CXX object test/CMakeFiles/test_remap_integration__rmw_fastrtps_cpp.dir/rcl/test_remap_integration.cpp.o[0m
[ 96%] Built target test_timer__rmw_fastrtps_dynamic_cpp
[35m[1mScanning dependencies of target test_remap__rmw_fastrtps_cpp[0m
[ 96%] Built target test_events__rmw_fastrtps_cpp
[ 97%] [32mBuilding CXX object test/CMakeFiles/test_remap__rmw_fastrtps_cpp.dir/rcl/test_remap.cpp.o[0m
[ 98%] [32m[1mLinking CXX executable test_wait__rmw_cyclonedds_cpp[0m
[ 98%] Built target test_wait__rmw_cyclonedds_cpp
[ 99%] [32m[1mLinking CXX executable test_count_matched__rmw_cyclonedds_cpp[0m
[100%] [32m[1mLinking CXX executable test_remap_integration__rmw_fastrtps_cpp[0m
[100%] Built target test_remap_integration__rmw_fastrtps_cpp
[100%] Built target test_count_matched__rmw_cyclonedds_cpp
[100%] [32m[1mLinking CXX executable test_guard_condition__rmw_fastrtps_cpp[0m
[100%] [32m[1mLinking CXX executable test_remap__rmw_fastrtps_cpp[0m
[100%] Built target test_remap__rmw_fastrtps_cpp
[100%] Built target test_guard_condition__rmw_fastrtps_cpp
-- Install configuration: ""
-- Installing: /home/saitama1/ros2_foxy/install/rcl/lib/librcl.so
-- Set runtime path of "/home/saitama1/ros2_foxy/install/rcl/lib/librcl.so" to ""
-- Installing: /home/saitama1/ros2_foxy/install/rcl/share/rcl/environment/library_path.sh
-- Installing: /home/saitama1/ros2_foxy/install/rcl/share/rcl/environment/library_path.dsv
-- Installing: /home/saitama1/ros2_foxy/install/rcl/share/ament_index/resource_index/package_run_dependencies/rcl
-- Installing: /home/saitama1/ros2_foxy/install/rcl/share/ament_index/resource_index/parent_prefix_path/rcl
-- Installing: /home/saitama1/ros2_foxy/install/rcl/share/rcl/environment/ament_prefix_path.sh
-- Installing: /home/saitama1/ros2_foxy/install/rcl/share/rcl/environment/ament_prefix_path.dsv
-- Installing: /home/saitama1/ros2_foxy/install/rcl/share/rcl/environment/path.sh
-- Installing: /home/saitama1/ros2_foxy/install/rcl/share/rcl/environment/path.dsv
-- Installing: /home/saitama1/ros2_foxy/install/rcl/share/rcl/local_setup.bash
-- Installing: /home/saitama1/ros2_foxy/install/rcl/share/rcl/local_setup.sh
-- Installing: /home/saitama1/ros2_foxy/install/rcl/share/rcl/local_setup.zsh
-- Installing: /home/saitama1/ros2_foxy/install/rcl/share/rcl/local_setup.dsv
-- Installing: /home/saitama1/ros2_foxy/install/rcl/share/rcl/package.dsv
-- Installing: /home/saitama1/ros2_foxy/install/rcl/share/ament_index/resource_index/packages/rcl
-- Installing: /home/saitama1/ros2_foxy/install/rcl/share/rcl/cmake/rclExport.cmake
-- Installing: /home/saitama1/ros2_foxy/install/rcl/share/rcl/cmake/rclExport-noconfig.cmake
-- Installing: /home/saitama1/ros2_foxy/install/rcl/share/rcl/cmake/rcl-extras.cmake
-- Installing: /home/saitama1/ros2_foxy/install/rcl/share/rcl/cmake/ament_cmake_export_include_directories-extras.cmake
-- Installing: /home/saitama1/ros2_foxy/install/rcl/share/rcl/cmake/ament_cmake_export_libraries-extras.cmake
-- Installing: /home/saitama1/ros2_foxy/install/rcl/share/rcl/cmake/ament_cmake_export_targets-extras.cmake
-- Installing: /home/saitama1/ros2_foxy/install/rcl/share/rcl/cmake/ament_cmake_export_dependencies-extras.cmake
-- Installing: /home/saitama1/ros2_foxy/install/rcl/share/rcl/cmake/rclConfig.cmake
-- Installing: /home/saitama1/ros2_foxy/install/rcl/share/rcl/cmake/rclConfig-version.cmake
-- Installing: /home/saitama1/ros2_foxy/install/rcl/share/rcl/package.xml
-- Up-to-date: /home/saitama1/ros2_foxy/install/rcl/share/rcl/cmake
-- Installing: /home/saitama1/ros2_foxy/install/rcl/share/rcl/cmake/get_default_rcl_logging_implementation.cmake
-- Installing: /home/saitama1/ros2_foxy/install/rcl/share/rcl/cmake/rcl_set_symbol_visibility_hidden.cmake
-- Installing: /home/saitama1/ros2_foxy/install/rcl/include
-- Installing: /home/saitama1/ros2_foxy/install/rcl/include/rcl
-- Installing: /home/saitama1/ros2_foxy/install/rcl/include/rcl/lexer.h
-- Installing: /home/saitama1/ros2_foxy/install/rcl/include/rcl/types.h
-- Installing: /home/saitama1/ros2_foxy/install/rcl/include/rcl/validate_enclave_name.h
-- Installing: /home/saitama1/ros2_foxy/install/rcl/include/rcl/service.h
-- Installing: /home/saitama1/ros2_foxy/install/rcl/include/rcl/macros.h
-- Installing: /home/saitama1/ros2_foxy/install/rcl/include/rcl/localhost.h
-- Installing: /home/saitama1/ros2_foxy/install/rcl/include/rcl/remap.h
-- Installing: /home/saitama1/ros2_foxy/install/rcl/include/rcl/rcl.h
-- Installing: /home/saitama1/ros2_foxy/install/rcl/include/rcl/timer.h
-- Installing: /home/saitama1/ros2_foxy/install/rcl/include/rcl/init_options.h
-- Installing: /home/saitama1/ros2_foxy/install/rcl/include/rcl/wait.h
-- Installing: /home/saitama1/ros2_foxy/install/rcl/include/rcl/lexer_lookahead.h
-- Installing: /home/saitama1/ros2_foxy/install/rcl/include/rcl/domain_id.h
-- Installing: /home/saitama1/ros2_foxy/install/rcl/include/rcl/context.h
-- Installing: /home/saitama1/ros2_foxy/install/rcl/include/rcl/expand_topic_name.h
-- Installing: /home/saitama1/ros2_foxy/install/rcl/include/rcl/publisher.h
-- Installing: /home/saitama1/ros2_foxy/install/rcl/include/rcl/logging_rosout.h
-- Installing: /home/saitama1/ros2_foxy/install/rcl/include/rcl/rmw_implementation_identifier_check.h
-- Installing: /home/saitama1/ros2_foxy/install/rcl/include/rcl/guard_condition.h
-- Installing: /home/saitama1/ros2_foxy/install/rcl/include/rcl/graph.h
-- Installing: /home/saitama1/ros2_foxy/install/rcl/include/rcl/security.h
-- Installing: /home/saitama1/ros2_foxy/install/rcl/include/rcl/error_handling.h
-- Installing: /home/saitama1/ros2_foxy/install/rcl/include/rcl/logging.h
-- Installing: /home/saitama1/ros2_foxy/install/rcl/include/rcl/allocator.h
-- Installing: /home/saitama1/ros2_foxy/install/rcl/include/rcl/event.h
-- Installing: /home/saitama1/ros2_foxy/install/rcl/include/rcl/logging_external_interface.h
-- Installing: /home/saitama1/ros2_foxy/install/rcl/include/rcl/node_options.h
-- Installing: /home/saitama1/ros2_foxy/install/rcl/include/rcl/subscription.h
-- Installing: /home/saitama1/ros2_foxy/install/rcl/include/rcl/init.h
-- Installing: /home/saitama1/ros2_foxy/install/rcl/include/rcl/validate_topic_name.h
-- Installing: /home/saitama1/ros2_foxy/install/rcl/include/rcl/node.h
-- Installing: /home/saitama1/ros2_foxy/install/rcl/include/rcl/visibility_control.h
-- Installing: /home/saitama1/ros2_foxy/install/rcl/include/rcl/arguments.h
-- Installing: /home/saitama1/ros2_foxy/install/rcl/include/rcl/client.h
-- Installing: /home/saitama1/ros2_foxy/install/rcl/include/rcl/time.h
-- Installing: /home/saitama1/ros2_foxy/build/rcl/test/resources
-- Installing: /home/saitama1/ros2_foxy/build/rcl/test/resources/test_arguments
-- Installing: /home/saitama1/ros2_foxy/build/rcl/test/resources/test_arguments/test_parameters.2.yaml
-- Installing: /home/saitama1/ros2_foxy/build/rcl/test/resources/test_arguments/test_parameters.1.yaml
-- Installing: /home/saitama1/ros2_foxy/build/rcl/test/resources/test_security_directory
-- Installing: /home/saitama1/ros2_foxy/build/rcl/test/resources/test_security_directory/enclaves
-- Installing: /home/saitama1/ros2_foxy/build/rcl/test/resources/test_security_directory/enclaves/dummy_enclave
-- Installing: /home/saitama1/ros2_foxy/build/rcl/test/resources/test_security_directory/enclaves/dummy_enclave/.gitkeep
-- Installing: /home/saitama1/ros2_foxy/build/rcl/test/resources/test_security_directory/enclaves/group1
-- Installing: /home/saitama1/ros2_foxy/build/rcl/test/resources/test_security_directory/enclaves/group1/dummy_enclave
-- Installing: /home/saitama1/ros2_foxy/build/rcl/test/resources/test_security_directory/enclaves/group1/dummy_enclave/.gitkeep
