running egg_info
creating ../../../build/rpyutils/rpyutils.egg-info
writing ../../../build/rpyutils/rpyutils.egg-info/PKG-INFO
writing dependency_links to ../../../build/rpyutils/rpyutils.egg-info/dependency_links.txt
writing top-level names to ../../../build/rpyutils/rpyutils.egg-info/top_level.txt
writing manifest file '../../../build/rpyutils/rpyutils.egg-info/SOURCES.txt'
reading manifest file '../../../build/rpyutils/rpyutils.egg-info/SOURCES.txt'
writing manifest file '../../../build/rpyutils/rpyutils.egg-info/SOURCES.txt'
running build
running build_py
creating /home/saitama1/Pictures/ros2-picas/ros2_foxy/build/rpyutils/build
creating /home/saitama1/Pictures/ros2-picas/ros2_foxy/build/rpyutils/build/lib
creating /home/saitama1/Pictures/ros2-picas/ros2_foxy/build/rpyutils/build/lib/rpyutils
copying rpyutils/import_c_library.py -> /home/saitama1/Pictures/ros2-picas/ros2_foxy/build/rpyutils/build/lib/rpyutils
copying rpyutils/add_dll_directories.py -> /home/saitama1/Pictures/ros2-picas/ros2_foxy/build/rpyutils/build/lib/rpyutils
copying rpyutils/__init__.py -> /home/saitama1/Pictures/ros2-picas/ros2_foxy/build/rpyutils/build/lib/rpyutils
running install
running install_lib
creating /home/saitama1/Pictures/ros2-picas/ros2_foxy/install/rpyutils/lib/python3.8/site-packages/rpyutils
copying /home/saitama1/Pictures/ros2-picas/ros2_foxy/build/rpyutils/build/lib/rpyutils/import_c_library.py -> /home/saitama1/Pictures/ros2-picas/ros2_foxy/install/rpyutils/lib/python3.8/site-packages/rpyutils
copying /home/saitama1/Pictures/ros2-picas/ros2_foxy/build/rpyutils/build/lib/rpyutils/add_dll_directories.py -> /home/saitama1/Pictures/ros2-picas/ros2_foxy/install/rpyutils/lib/python3.8/site-packages/rpyutils
copying /home/saitama1/Pictures/ros2-picas/ros2_foxy/build/rpyutils/build/lib/rpyutils/__init__.py -> /home/saitama1/Pictures/ros2-picas/ros2_foxy/install/rpyutils/lib/python3.8/site-packages/rpyutils
byte-compiling /home/saitama1/Pictures/ros2-picas/ros2_foxy/install/rpyutils/lib/python3.8/site-packages/rpyutils/import_c_library.py to import_c_library.cpython-38.pyc
byte-compiling /home/saitama1/Pictures/ros2-picas/ros2_foxy/install/rpyutils/lib/python3.8/site-packages/rpyutils/add_dll_directories.py to add_dll_directories.cpython-38.pyc
byte-compiling /home/saitama1/Pictures/ros2-picas/ros2_foxy/install/rpyutils/lib/python3.8/site-packages/rpyutils/__init__.py to __init__.cpython-38.pyc
running install_data
running install_egg_info
Copying ../../../build/rpyutils/rpyutils.egg-info to /home/saitama1/Pictures/ros2-picas/ros2_foxy/install/rpyutils/lib/python3.8/site-packages/rpyutils-0.2.0-py3.8.egg-info
running install_scripts
writing list of installed files to '/home/saitama1/Pictures/ros2-picas/ros2_foxy/build/rpyutils/install.log'
