-- Install configuration: ""
-- Execute custom install script
-- Up-to-date symlink: /home/saitama1/ros2_foxy/install/ament_cmake_cppcheck/share/ament_index/resource_index/package_run_dependencies/ament_cmake_cppcheck
-- Up-to-date symlink: /home/saitama1/ros2_foxy/install/ament_cmake_cppcheck/share/ament_index/resource_index/parent_prefix_path/ament_cmake_cppcheck
-- Up-to-date symlink: /home/saitama1/ros2_foxy/install/ament_cmake_cppcheck/share/ament_cmake_cppcheck/environment/ament_prefix_path.sh
-- Up-to-date symlink: /home/saitama1/ros2_foxy/install/ament_cmake_cppcheck/share/ament_cmake_cppcheck/environment/ament_prefix_path.dsv
-- Up-to-date symlink: /home/saitama1/ros2_foxy/install/ament_cmake_cppcheck/share/ament_cmake_cppcheck/environment/path.sh
-- Up-to-date symlink: /home/saitama1/ros2_foxy/install/ament_cmake_cppcheck/share/ament_cmake_cppcheck/environment/path.dsv
-- Up-to-date symlink: /home/saitama1/ros2_foxy/install/ament_cmake_cppcheck/share/ament_cmake_cppcheck/local_setup.bash
-- Up-to-date symlink: /home/saitama1/ros2_foxy/install/ament_cmake_cppcheck/share/ament_cmake_cppcheck/local_setup.sh
-- Up-to-date symlink: /home/saitama1/ros2_foxy/install/ament_cmake_cppcheck/share/ament_cmake_cppcheck/local_setup.zsh
-- Up-to-date symlink: /home/saitama1/ros2_foxy/install/ament_cmake_cppcheck/share/ament_cmake_cppcheck/local_setup.dsv
-- Symlinking: /home/saitama1/ros2_foxy/install/ament_cmake_cppcheck/share/ament_cmake_cppcheck/package.dsv
-- Up-to-date symlink: /home/saitama1/ros2_foxy/install/ament_cmake_cppcheck/share/ament_index/resource_index/packages/ament_cmake_cppcheck
-- Up-to-date symlink: /home/saitama1/ros2_foxy/install/ament_cmake_cppcheck/share/ament_cmake_cppcheck/cmake/ament_cmake_cppcheck-extras.cmake
-- Up-to-date symlink: /home/saitama1/ros2_foxy/install/ament_cmake_cppcheck/share/ament_cmake_cppcheck/cmake/ament_cmake_cppcheckConfig.cmake
-- Up-to-date symlink: /home/saitama1/ros2_foxy/install/ament_cmake_cppcheck/share/ament_cmake_cppcheck/cmake/ament_cmake_cppcheckConfig-version.cmake
-- Up-to-date symlink: /home/saitama1/ros2_foxy/install/ament_cmake_cppcheck/share/ament_cmake_cppcheck/package.xml
-- Up-to-date symlink: /home/saitama1/ros2_foxy/install/ament_cmake_cppcheck/share/ament_cmake_cppcheck/cmake/ament_cmake_cppcheck_lint_hook.cmake
-- Up-to-date symlink: /home/saitama1/ros2_foxy/install/ament_cmake_cppcheck/share/ament_cmake_cppcheck/cmake/ament_cppcheck.cmake
