-- The C compiler identification is GNU 9.3.0
-- The CXX compiler identification is GNU 9.3.0
-- Check for working C compiler: /usr/bin/cc
-- Check for working C compiler: /usr/bin/cc -- works
-- Detecting C compiler ABI info
-- Detecting C compiler ABI info - done
-- Detecting C compile features
-- Detecting C compile features - done
-- Check for working CXX compiler: /usr/bin/c++
-- Check for working CXX compiler: /usr/bin/c++ -- works
-- Detecting CXX compiler ABI info
-- Detecting CXX compiler ABI info - done
-- Detecting CXX compile features
-- Detecting CXX compile features - done
-- Found ament_cmake: 0.9.8 (/home/saitama1/Pictures/ros2-picas/ros2_foxy/install/ament_cmake/share/ament_cmake/cmake)
-- Found PythonInterp: /usr/bin/python3 (found suitable version "3.8.10", minimum required is "3") 
-- Using PYTHON_EXECUTABLE: /usr/bin/python3
-- Found rclcpp: 2.3.1 (/home/saitama1/Pictures/ros2-picas/ros2_foxy/install/rclcpp/share/rclcpp/cmake)
-- Using all available rosidl_typesupport_c: rosidl_typesupport_fastrtps_c;rosidl_typesupport_introspection_c
-- Found rosidl_adapter: 1.2.1 (/home/saitama1/Pictures/ros2-picas/ros2_foxy/install/rosidl_adapter/share/rosidl_adapter/cmake)
-- Found OpenSSL: /usr/lib/x86_64-linux-gnu/libcrypto.so (found version "1.1.1f")  
-- Found FastRTPS: /home/saitama1/Pictures/ros2-picas/ros2_foxy/install/fastrtps/include  
-- Using all available rosidl_typesupport_cpp: rosidl_typesupport_introspection_cpp;rosidl_typesupport_fastrtps_cpp
-- Found rmw_implementation_cmake: 1.0.3 (/home/saitama1/Pictures/ros2-picas/ros2_foxy/install/rmw_implementation_cmake/share/rmw_implementation_cmake/cmake)
-- Using RMW implementation 'rmw_fastrtps_cpp' as default
-- Looking for pthread.h
-- Looking for pthread.h - found
-- Performing Test CMAKE_HAVE_LIBC_PTHREAD
-- Performing Test CMAKE_HAVE_LIBC_PTHREAD - Failed
-- Looking for pthread_create in pthreads
-- Looking for pthread_create in pthreads - not found
-- Looking for pthread_create in pthread
-- Looking for pthread_create in pthread - found
-- Found Threads: TRUE  
-- Found sensor_msgs: 2.0.4 (/home/saitama1/Pictures/ros2-picas/ros2_foxy/install/sensor_msgs/share/sensor_msgs/cmake)
-- Found ament_lint_auto: 0.9.6 (/home/saitama1/Pictures/ros2-picas/ros2_foxy/install/ament_lint_auto/share/ament_lint_auto/cmake)
-- Added test 'copyright' to check source files copyright and LICENSE
-- Added test 'cppcheck' to perform static code analysis on C / C++ code
-- Configured cppcheck include dirs: 
-- Configured cppcheck exclude dirs and/or files: 
-- Added test 'cpplint' to check C / C++ code against the Google style
-- Configured cpplint exclude dirs and/or files: 
-- Added test 'lint_cmake' to check CMake code style
-- Added test 'uncrustify' to check C / C++ code style
-- Configured uncrustify additional arguments: 
-- Added test 'xmllint' to check XML markup files
-- Configuring done
-- Generating done
-- Build files have been written to: /home/saitama1/Pictures/ros2-picas/ros2_foxy/build/dummy_sensors
[35m[1mScanning dependencies of target dummy_joint_states[0m
[ 25%] [32mBuilding CXX object CMakeFiles/dummy_joint_states.dir/src/dummy_joint_states.cpp.o[0m
[ 50%] [32m[1mLinking CXX executable dummy_joint_states[0m
[ 50%] Built target dummy_joint_states
[35m[1mScanning dependencies of target dummy_laser[0m
[ 75%] [32mBuilding CXX object CMakeFiles/dummy_laser.dir/src/dummy_laser.cpp.o[0m
[100%] [32m[1mLinking CXX executable dummy_laser[0m
[100%] Built target dummy_laser
-- Install configuration: ""
-- Installing: /home/saitama1/Pictures/ros2-picas/ros2_foxy/install/dummy_sensors/lib/dummy_sensors/dummy_joint_states
-- Set runtime path of "/home/saitama1/Pictures/ros2-picas/ros2_foxy/install/dummy_sensors/lib/dummy_sensors/dummy_joint_states" to ""
-- Installing: /home/saitama1/Pictures/ros2-picas/ros2_foxy/install/dummy_sensors/lib/dummy_sensors/dummy_laser
-- Set runtime path of "/home/saitama1/Pictures/ros2-picas/ros2_foxy/install/dummy_sensors/lib/dummy_sensors/dummy_laser" to ""
-- Installing: /home/saitama1/Pictures/ros2-picas/ros2_foxy/install/dummy_sensors/share/ament_index/resource_index/package_run_dependencies/dummy_sensors
-- Installing: /home/saitama1/Pictures/ros2-picas/ros2_foxy/install/dummy_sensors/share/ament_index/resource_index/parent_prefix_path/dummy_sensors
-- Installing: /home/saitama1/Pictures/ros2-picas/ros2_foxy/install/dummy_sensors/share/dummy_sensors/environment/ament_prefix_path.sh
-- Installing: /home/saitama1/Pictures/ros2-picas/ros2_foxy/install/dummy_sensors/share/dummy_sensors/environment/ament_prefix_path.dsv
-- Installing: /home/saitama1/Pictures/ros2-picas/ros2_foxy/install/dummy_sensors/share/dummy_sensors/environment/path.sh
-- Installing: /home/saitama1/Pictures/ros2-picas/ros2_foxy/install/dummy_sensors/share/dummy_sensors/environment/path.dsv
-- Installing: /home/saitama1/Pictures/ros2-picas/ros2_foxy/install/dummy_sensors/share/dummy_sensors/local_setup.bash
-- Installing: /home/saitama1/Pictures/ros2-picas/ros2_foxy/install/dummy_sensors/share/dummy_sensors/local_setup.sh
-- Installing: /home/saitama1/Pictures/ros2-picas/ros2_foxy/install/dummy_sensors/share/dummy_sensors/local_setup.zsh
-- Installing: /home/saitama1/Pictures/ros2-picas/ros2_foxy/install/dummy_sensors/share/dummy_sensors/local_setup.dsv
-- Installing: /home/saitama1/Pictures/ros2-picas/ros2_foxy/install/dummy_sensors/share/dummy_sensors/package.dsv
-- Installing: /home/saitama1/Pictures/ros2-picas/ros2_foxy/install/dummy_sensors/share/ament_index/resource_index/packages/dummy_sensors
-- Installing: /home/saitama1/Pictures/ros2-picas/ros2_foxy/install/dummy_sensors/share/dummy_sensors/cmake/dummy_sensorsConfig.cmake
-- Installing: /home/saitama1/Pictures/ros2-picas/ros2_foxy/install/dummy_sensors/share/dummy_sensors/cmake/dummy_sensorsConfig-version.cmake
-- Installing: /home/saitama1/Pictures/ros2-picas/ros2_foxy/install/dummy_sensors/share/dummy_sensors/package.xml
