-- Found ament_cmake: 0.9.8 (/home/saitama1/ros2_foxy/install/ament_cmake/share/ament_cmake/cmake)
-- Found PythonInterp: /usr/bin/python3 (found suitable version "3.8.10", minimum required is "3") 
-- Using PYTHON_EXECUTABLE: /usr/bin/python3
-- Override CMake install command with custom implementation using symlinks instead of copying resources
-- Found action_msgs: 1.0.0 (/home/saitama1/ros2_foxy/install/action_msgs/share/action_msgs/cmake)
-- Using all available rosidl_typesupport_c: rosidl_typesupport_introspection_c;rosidl_typesupport_fastrtps_c
-- Found rosidl_adapter: 1.2.1 (/home/saitama1/ros2_foxy/install/rosidl_adapter/share/rosidl_adapter/cmake)
-- Using all available rosidl_typesupport_cpp: rosidl_typesupport_introspection_cpp;rosidl_typesupport_fastrtps_cpp
-- Found geometry_msgs: 2.0.4 (/home/saitama1/ros2_foxy/install/geometry_msgs/share/geometry_msgs/cmake)
-- Found rosidl_default_generators: 1.0.1 (/home/saitama1/ros2_foxy/install/rosidl_default_generators/share/rosidl_default_generators/cmake)
-- Found PythonInterp: /usr/bin/python3 (found version "3.8.10") 
-- Found ament_cmake_ros: 0.9.2 (/home/saitama1/ros2_foxy/install/ament_cmake_ros/share/ament_cmake_ros/cmake)
-- Using all available rosidl_typesupport_c: rosidl_typesupport_introspection_c;rosidl_typesupport_fastrtps_c
-- Using all available rosidl_typesupport_cpp: rosidl_typesupport_introspection_cpp;rosidl_typesupport_fastrtps_cpp
-- Found PythonInterp: /usr/bin/python3 (found suitable version "3.8.10", minimum required is "3.5") 
-- Found python_cmake_module: 0.8.1 (/home/saitama1/ros2_foxy/install/python_cmake_module/share/python_cmake_module/cmake)
-- Using PYTHON_EXECUTABLE: /usr/bin/python3
-- Using PYTHON_INCLUDE_DIRS: /usr/include/python3.8
-- Using PYTHON_LIBRARIES: /usr/lib/x86_64-linux-gnu/libpython3.8.so
-- Configuring done
-- Generating done
-- Build files have been written to: /home/saitama1/ros2_foxy/build/move_base_msgs
[  3%] [32m[1mLinking C shared library libmove_base_msgs__rosidl_generator_c.so[0m
[  9%] Built target move_base_msgs__rosidl_generator_c
[ 12%] Built target move_base_msgs__cpp
[ 16%] [34m[1mGenerating C type support dispatch for ROS interfaces[0m
[35m[1mScanning dependencies of target move_base_msgs__rosidl_typesupport_c[0m
[ 19%] [32mBuilding CXX object CMakeFiles/move_base_msgs__rosidl_typesupport_c.dir/rosidl_typesupport_c/move_base_msgs/action/move_base__type_support.cpp.o[0m
[ 22%] [32m[1mLinking CXX shared library libmove_base_msgs__rosidl_typesupport_c.so[0m
[ 22%] Built target move_base_msgs__rosidl_typesupport_c
[ 25%] [32m[1mLinking CXX shared library libmove_base_msgs__rosidl_typesupport_introspection_cpp.so[0m
[ 32%] Built target move_base_msgs__rosidl_typesupport_introspection_cpp
[35m[1mScanning dependencies of target move_base_msgs__rosidl_typesupport_cpp[0m
[ 35%] [32mBuilding CXX object CMakeFiles/move_base_msgs__rosidl_typesupport_cpp.dir/rosidl_typesupport_cpp/move_base_msgs/action/move_base__type_support.cpp.o[0m
[ 38%] [32m[1mLinking CXX shared library libmove_base_msgs__rosidl_typesupport_cpp.so[0m
[ 41%] Built target move_base_msgs__rosidl_typesupport_cpp
[ 45%] [32m[1mLinking CXX shared library libmove_base_msgs__rosidl_typesupport_fastrtps_cpp.so[0m
[ 51%] Built target move_base_msgs__rosidl_typesupport_fastrtps_cpp
[ 54%] [32m[1mLinking C shared library libmove_base_msgs__rosidl_typesupport_introspection_c.so[0m
[ 61%] Built target move_base_msgs__rosidl_typesupport_introspection_c
[ 64%] [32m[1mLinking CXX shared library libmove_base_msgs__rosidl_typesupport_fastrtps_c.so[0m
[ 70%] Built target move_base_msgs__rosidl_typesupport_fastrtps_c
[ 70%] Built target move_base_msgs
[35m[1mScanning dependencies of target move_base_msgs__py[0m
[ 74%] Built target move_base_msgs__py
[ 77%] [32m[1mLinking C shared library rosidl_generator_py/move_base_msgs/libmove_base_msgs__python.so[0m
[ 80%] Built target move_base_msgs__python
[ 83%] [32m[1mLinking C shared library rosidl_generator_py/move_base_msgs/move_base_msgs_s__rosidl_typesupport_c.cpython-38-x86_64-linux-gnu.so[0m
[ 87%] Built target move_base_msgs__rosidl_typesupport_c__pyext
[ 90%] [32m[1mLinking C shared library rosidl_generator_py/move_base_msgs/move_base_msgs_s__rosidl_typesupport_introspection_c.cpython-38-x86_64-linux-gnu.so[0m
[ 93%] Built target move_base_msgs__rosidl_typesupport_introspection_c__pyext
[35m[1mScanning dependencies of target move_base_msgs__rosidl_typesupport_fastrtps_c__pyext[0m
[ 96%] [32mBuilding C object CMakeFiles/move_base_msgs__rosidl_typesupport_fastrtps_c__pyext.dir/rosidl_generator_py/move_base_msgs/_move_base_msgs_s.ep.rosidl_typesupport_fastrtps_c.c.o[0m
[100%] [32m[1mLinking CXX shared library rosidl_generator_py/move_base_msgs/move_base_msgs_s__rosidl_typesupport_fastrtps_c.cpython-38-x86_64-linux-gnu.so[0m
[100%] Built target move_base_msgs__rosidl_typesupport_fastrtps_c__pyext
-- Install configuration: ""
-- Execute custom install script
-- Symlinking: /home/saitama1/ros2_foxy/install/move_base_msgs/share/ament_index/resource_index/rosidl_interfaces/move_base_msgs
-- Symlinking: /home/saitama1/ros2_foxy/install/move_base_msgs/include/move_base_msgs/action/detail/move_base__functions.h
-- Symlinking: /home/saitama1/ros2_foxy/install/move_base_msgs/include/move_base_msgs/action/detail/move_base__struct.h
-- Symlinking: /home/saitama1/ros2_foxy/install/move_base_msgs/include/move_base_msgs/action/detail/move_base__type_support.h
-- Symlinking: /home/saitama1/ros2_foxy/install/move_base_msgs/include/move_base_msgs/action/move_base.h
-- Symlinking: /home/saitama1/ros2_foxy/install/move_base_msgs/include/move_base_msgs/msg/rosidl_generator_c__visibility_control.h
-- Symlinking: /home/saitama1/ros2_foxy/install/move_base_msgs/share/move_base_msgs/environment/library_path.sh
-- Symlinking: /home/saitama1/ros2_foxy/install/move_base_msgs/share/move_base_msgs/environment/library_path.dsv
-- Symlinking: /home/saitama1/ros2_foxy/install/move_base_msgs/include/move_base_msgs/action/detail/move_base__rosidl_typesupport_introspection_c.h
-- Symlinking: /home/saitama1/ros2_foxy/install/move_base_msgs/include/move_base_msgs/msg/rosidl_typesupport_introspection_c__visibility_control.h
-- Symlinking: /home/saitama1/ros2_foxy/install/move_base_msgs/include/move_base_msgs/action/detail/move_base__rosidl_typesupport_fastrtps_c.h
-- Symlinking: /home/saitama1/ros2_foxy/install/move_base_msgs/include/move_base_msgs/msg/rosidl_typesupport_fastrtps_c__visibility_control.h
-- Symlinking: /home/saitama1/ros2_foxy/install/move_base_msgs/lib/libmove_base_msgs__rosidl_typesupport_fastrtps_c.so
-- Symlinking: /home/saitama1/ros2_foxy/install/move_base_msgs/include/move_base_msgs/action/detail/move_base__rosidl_typesupport_fastrtps_cpp.hpp
-- Symlinking: /home/saitama1/ros2_foxy/install/move_base_msgs/include/move_base_msgs/msg/rosidl_typesupport_fastrtps_cpp__visibility_control.h
-- Symlinking: /home/saitama1/ros2_foxy/install/move_base_msgs/lib/libmove_base_msgs__rosidl_typesupport_fastrtps_cpp.so
-- Symlinking: /home/saitama1/ros2_foxy/install/move_base_msgs/include/move_base_msgs/action/detail/move_base__builder.hpp
-- Symlinking: /home/saitama1/ros2_foxy/install/move_base_msgs/include/move_base_msgs/action/detail/move_base__struct.hpp
-- Symlinking: /home/saitama1/ros2_foxy/install/move_base_msgs/include/move_base_msgs/action/detail/move_base__traits.hpp
-- Symlinking: /home/saitama1/ros2_foxy/install/move_base_msgs/include/move_base_msgs/action/move_base.hpp
-- Symlinking: /home/saitama1/ros2_foxy/install/move_base_msgs/include/move_base_msgs/action/detail/move_base__rosidl_typesupport_introspection_cpp.hpp
-- Symlinking: /home/saitama1/ros2_foxy/install/move_base_msgs/share/move_base_msgs/environment/pythonpath.sh
-- Symlinking: /home/saitama1/ros2_foxy/install/move_base_msgs/share/move_base_msgs/environment/pythonpath.dsv
-- Symlinking: /home/saitama1/ros2_foxy/install/move_base_msgs/lib/python3.8/site-packages/move_base_msgs/__init__.py
-- Symlinking: /home/saitama1/ros2_foxy/install/move_base_msgs/lib/python3.8/site-packages/move_base_msgs/action/__init__.py
-- Symlinking: /home/saitama1/ros2_foxy/install/move_base_msgs/lib/python3.8/site-packages/move_base_msgs/action/_move_base.py
-- Symlinking: /home/saitama1/ros2_foxy/install/move_base_msgs/lib/python3.8/site-packages/move_base_msgs/move_base_msgs_s__rosidl_typesupport_introspection_c.cpython-38-x86_64-linux-gnu.so
-- Symlinking: /home/saitama1/ros2_foxy/install/move_base_msgs/lib/python3.8/site-packages/move_base_msgs/move_base_msgs_s__rosidl_typesupport_fastrtps_c.cpython-38-x86_64-linux-gnu.so
-- Symlinking: /home/saitama1/ros2_foxy/install/move_base_msgs/lib/python3.8/site-packages/move_base_msgs/move_base_msgs_s__rosidl_typesupport_c.cpython-38-x86_64-linux-gnu.so
-- Symlinking: /home/saitama1/ros2_foxy/install/move_base_msgs/lib/libmove_base_msgs__python.so
-- Symlinking: /home/saitama1/ros2_foxy/install/move_base_msgs/share/move_base_msgs/action/MoveBase.idl
-- Symlinking: /home/saitama1/ros2_foxy/install/move_base_msgs/share/move_base_msgs/action/MoveBase.action
-- Symlinking: /home/saitama1/ros2_foxy/install/move_base_msgs/share/ament_index/resource_index/package_run_dependencies/move_base_msgs
-- Symlinking: /home/saitama1/ros2_foxy/install/move_base_msgs/share/ament_index/resource_index/parent_prefix_path/move_base_msgs
-- Symlinking: /home/saitama1/ros2_foxy/install/move_base_msgs/share/move_base_msgs/environment/ament_prefix_path.sh
-- Symlinking: /home/saitama1/ros2_foxy/install/move_base_msgs/share/move_base_msgs/environment/ament_prefix_path.dsv
-- Symlinking: /home/saitama1/ros2_foxy/install/move_base_msgs/share/move_base_msgs/environment/path.sh
-- Symlinking: /home/saitama1/ros2_foxy/install/move_base_msgs/share/move_base_msgs/environment/path.dsv
-- Symlinking: /home/saitama1/ros2_foxy/install/move_base_msgs/share/move_base_msgs/local_setup.bash
-- Symlinking: /home/saitama1/ros2_foxy/install/move_base_msgs/share/move_base_msgs/local_setup.sh
-- Symlinking: /home/saitama1/ros2_foxy/install/move_base_msgs/share/move_base_msgs/local_setup.zsh
-- Symlinking: /home/saitama1/ros2_foxy/install/move_base_msgs/share/move_base_msgs/local_setup.dsv
-- Symlinking: /home/saitama1/ros2_foxy/install/move_base_msgs/share/move_base_msgs/package.dsv
-- Symlinking: /home/saitama1/ros2_foxy/install/move_base_msgs/share/ament_index/resource_index/packages/move_base_msgs
-- Symlinking: /home/saitama1/ros2_foxy/install/move_base_msgs/share/move_base_msgs/cmake/rosidl_cmake-extras.cmake
-- Symlinking: /home/saitama1/ros2_foxy/install/move_base_msgs/share/move_base_msgs/cmake/ament_cmake_export_dependencies-extras.cmake
-- Symlinking: /home/saitama1/ros2_foxy/install/move_base_msgs/share/move_base_msgs/cmake/ament_cmake_export_libraries-extras.cmake
-- Symlinking: /home/saitama1/ros2_foxy/install/move_base_msgs/share/move_base_msgs/cmake/ament_cmake_export_targets-extras.cmake
-- Symlinking: /home/saitama1/ros2_foxy/install/move_base_msgs/share/move_base_msgs/cmake/ament_cmake_export_include_directories-extras.cmake
-- Symlinking: /home/saitama1/ros2_foxy/install/move_base_msgs/share/move_base_msgs/cmake/rosidl_cmake_export_typesupport_targets-extras.cmake
-- Symlinking: /home/saitama1/ros2_foxy/install/move_base_msgs/share/move_base_msgs/cmake/rosidl_cmake_export_typesupport_libraries-extras.cmake
-- Symlinking: /home/saitama1/ros2_foxy/install/move_base_msgs/share/move_base_msgs/cmake/move_base_msgsConfig.cmake
-- Symlinking: /home/saitama1/ros2_foxy/install/move_base_msgs/share/move_base_msgs/cmake/move_base_msgsConfig-version.cmake
-- Symlinking: /home/saitama1/ros2_foxy/install/move_base_msgs/share/move_base_msgs/package.xml
-- Installing: /home/saitama1/ros2_foxy/install/move_base_msgs/lib/libmove_base_msgs__rosidl_generator_c.so
-- Set runtime path of "/home/saitama1/ros2_foxy/install/move_base_msgs/lib/libmove_base_msgs__rosidl_generator_c.so" to ""
-- Installing: /home/saitama1/ros2_foxy/install/move_base_msgs/lib/libmove_base_msgs__rosidl_typesupport_introspection_c.so
-- Set runtime path of "/home/saitama1/ros2_foxy/install/move_base_msgs/lib/libmove_base_msgs__rosidl_typesupport_introspection_c.so" to ""
-- Installing: /home/saitama1/ros2_foxy/install/move_base_msgs/lib/libmove_base_msgs__rosidl_typesupport_c.so
-- Set runtime path of "/home/saitama1/ros2_foxy/install/move_base_msgs/lib/libmove_base_msgs__rosidl_typesupport_c.so" to ""
-- Installing: /home/saitama1/ros2_foxy/install/move_base_msgs/lib/libmove_base_msgs__rosidl_typesupport_introspection_cpp.so
-- Set runtime path of "/home/saitama1/ros2_foxy/install/move_base_msgs/lib/libmove_base_msgs__rosidl_typesupport_introspection_cpp.so" to ""
-- Installing: /home/saitama1/ros2_foxy/install/move_base_msgs/lib/libmove_base_msgs__rosidl_typesupport_cpp.so
-- Set runtime path of "/home/saitama1/ros2_foxy/install/move_base_msgs/lib/libmove_base_msgs__rosidl_typesupport_cpp.so" to ""
Compiling '/home/saitama1/ros2_foxy/install/move_base_msgs/lib/python3.8/site-packages/move_base_msgs/__init__.py'...
-- Up-to-date: /home/saitama1/ros2_foxy/install/move_base_msgs/share/move_base_msgs/cmake/move_base_msgs__rosidl_generator_cExport.cmake
-- Installing: /home/saitama1/ros2_foxy/install/move_base_msgs/share/move_base_msgs/cmake/move_base_msgs__rosidl_generator_cExport-noconfig.cmake
-- Up-to-date: /home/saitama1/ros2_foxy/install/move_base_msgs/share/move_base_msgs/cmake/move_base_msgs__rosidl_typesupport_introspection_cExport.cmake
-- Installing: /home/saitama1/ros2_foxy/install/move_base_msgs/share/move_base_msgs/cmake/move_base_msgs__rosidl_typesupport_introspection_cExport-noconfig.cmake
-- Up-to-date: /home/saitama1/ros2_foxy/install/move_base_msgs/share/move_base_msgs/cmake/move_base_msgs__rosidl_typesupport_cExport.cmake
-- Installing: /home/saitama1/ros2_foxy/install/move_base_msgs/share/move_base_msgs/cmake/move_base_msgs__rosidl_typesupport_cExport-noconfig.cmake
-- Up-to-date: /home/saitama1/ros2_foxy/install/move_base_msgs/share/move_base_msgs/cmake/move_base_msgs__rosidl_generator_cppExport.cmake
-- Up-to-date: /home/saitama1/ros2_foxy/install/move_base_msgs/share/move_base_msgs/cmake/move_base_msgs__rosidl_typesupport_introspection_cppExport.cmake
-- Installing: /home/saitama1/ros2_foxy/install/move_base_msgs/share/move_base_msgs/cmake/move_base_msgs__rosidl_typesupport_introspection_cppExport-noconfig.cmake
-- Up-to-date: /home/saitama1/ros2_foxy/install/move_base_msgs/share/move_base_msgs/cmake/move_base_msgs__rosidl_typesupport_cppExport.cmake
-- Installing: /home/saitama1/ros2_foxy/install/move_base_msgs/share/move_base_msgs/cmake/move_base_msgs__rosidl_typesupport_cppExport-noconfig.cmake
