-- The C compiler identification is GNU 9.3.0
-- Check for working C compiler: /usr/bin/cc
-- Check for working C compiler: /usr/bin/cc -- works
-- Detecting C compiler ABI info
-- Detecting C compiler ABI info - done
-- Detecting C compile features
-- Detecting C compile features - done
-- Found ament_cmake_python: 0.9.8 (/home/saitama1/ros2_foxy/install/ament_cmake_python/share/ament_cmake_python/cmake)
-- Found ament_cmake_ros: 0.9.2 (/home/saitama1/ros2_foxy/install/ament_cmake_ros/share/ament_cmake_ros/cmake)
-- Found PythonInterp: /usr/bin/python3 (found suitable version "3.8.10", minimum required is "3") 
-- Using PYTHON_EXECUTABLE: /usr/bin/python3
-- Found ament_lint_auto: 0.9.6 (/home/saitama1/ros2_foxy/install/ament_lint_auto/share/ament_lint_auto/cmake)
-- Found test_interface_files: 0.8.1 (/home/saitama1/ros2_foxy/install/test_interface_files/share/test_interface_files/cmake)
-- Found rosidl_runtime_c: 1.2.1 (/home/saitama1/ros2_foxy/install/rosidl_runtime_c/share/rosidl_runtime_c/cmake)
-- Found rosidl_adapter: 1.2.1 (/home/saitama1/ros2_foxy/install/rosidl_adapter/share/rosidl_adapter/cmake)
-- Found PythonInterp: /usr/bin/python3 (found version "3.8.10") 
-- Added test 'copyright' to check source files copyright and LICENSE
-- Added test 'cppcheck' to perform static code analysis on C / C++ code
-- Configured cppcheck include dirs: 
-- Configured cppcheck exclude dirs and/or files: 
-- Added test 'cpplint' to check C / C++ code against the Google style
-- Configured cpplint exclude dirs and/or files: 
-- Added test 'flake8' to check Python code syntax and style conventions
-- Added test 'lint_cmake' to check CMake code style
-- Added test 'pep257' to check Python code against some of the style conventions in PEP 257
-- Added test 'uncrustify' to check C / C++ code style
-- Configured uncrustify additional arguments: 
-- Added test 'xmllint' to check XML markup files
-- Configuring done
-- Generating done
-- Build files have been written to: /home/saitama1/ros2_foxy/build/rosidl_generator_c
[  5%] [34m[1mGenerating C code for ROS interfaces[0m
[35m[1mScanning dependencies of target rosidl_generator_c_interfaces__rosidl_generator_c[0m
[ 10%] [32mBuilding C object CMakeFiles/rosidl_generator_c_interfaces__rosidl_generator_c.dir/rosidl_generator_c/rosidl_generator_c/msg/detail/arrays__functions.c.o[0m
[ 15%] [32mBuilding C object CMakeFiles/rosidl_generator_c_interfaces__rosidl_generator_c.dir/rosidl_generator_c/rosidl_generator_c/msg/detail/w_strings__functions.c.o[0m
[ 20%] [32mBuilding C object CMakeFiles/rosidl_generator_c_interfaces__rosidl_generator_c.dir/rosidl_generator_c/rosidl_generator_c/msg/detail/unbounded_sequences__functions.c.o[0m
[ 25%] [32mBuilding C object CMakeFiles/rosidl_generator_c_interfaces__rosidl_generator_c.dir/rosidl_generator_c/rosidl_generator_c/msg/detail/strings__functions.c.o[0m
[ 30%] [32mBuilding C object CMakeFiles/rosidl_generator_c_interfaces__rosidl_generator_c.dir/rosidl_generator_c/rosidl_generator_c/msg/detail/nested__functions.c.o[0m
[ 35%] [32mBuilding C object CMakeFiles/rosidl_generator_c_interfaces__rosidl_generator_c.dir/rosidl_generator_c/rosidl_generator_c/msg/detail/multi_nested__functions.c.o[0m
[ 40%] [32mBuilding C object CMakeFiles/rosidl_generator_c_interfaces__rosidl_generator_c.dir/rosidl_generator_c/rosidl_generator_c/msg/detail/empty__functions.c.o[0m
[ 45%] [32mBuilding C object CMakeFiles/rosidl_generator_c_interfaces__rosidl_generator_c.dir/rosidl_generator_c/rosidl_generator_c/msg/detail/defaults__functions.c.o[0m
[ 50%] [32mBuilding C object CMakeFiles/rosidl_generator_c_interfaces__rosidl_generator_c.dir/rosidl_generator_c/rosidl_generator_c/msg/detail/constants__functions.c.o[0m
[ 55%] [32mBuilding C object CMakeFiles/rosidl_generator_c_interfaces__rosidl_generator_c.dir/rosidl_generator_c/rosidl_generator_c/msg/detail/bounded_sequences__functions.c.o[0m
[ 60%] [32mBuilding C object CMakeFiles/rosidl_generator_c_interfaces__rosidl_generator_c.dir/rosidl_generator_c/rosidl_generator_c/msg/detail/basic_types__functions.c.o[0m
[ 65%] [32m[1mLinking C shared library librosidl_generator_c_interfaces__rosidl_generator_c.so[0m
[ 65%] Built target rosidl_generator_c_interfaces__rosidl_generator_c
[35m[1mScanning dependencies of target test_interfaces_c[0m
[ 70%] [32mBuilding C object CMakeFiles/test_interfaces_c.dir/test/test_interfaces.c.o[0m
[ 75%] [32m[1mLinking C executable test_interfaces_c[0m
[ 75%] Built target test_interfaces_c
[35m[1mScanning dependencies of target test_compilation_c[0m
[ 80%] [32mBuilding C object CMakeFiles/test_compilation_c.dir/test/test_compilation.c.o[0m
[ 85%] [32mBuilding C object CMakeFiles/test_compilation_c.dir/test/separate_compilation.c.o[0m
[ 90%] [32m[1mLinking C executable test_compilation_c[0m
[ 90%] Built target test_compilation_c
[35m[1mScanning dependencies of target test_invalid_initialization_c[0m
[ 95%] [32mBuilding C object CMakeFiles/test_invalid_initialization_c.dir/test/test_invalid_initialization.c.o[0m
[100%] [32m[1mLinking C executable test_invalid_initialization_c[0m
[100%] Built target test_invalid_initialization_c
[35m[1mScanning dependencies of target rosidl_generator_c_interfaces[0m
[100%] Built target rosidl_generator_c_interfaces
-- Install configuration: ""
-- Installing: /home/saitama1/ros2_foxy/install/rosidl_generator_c/share/ament_index/resource_index/rosidl_generator_packages/rosidl_generator_c
-- Installing: /home/saitama1/ros2_foxy/install/rosidl_generator_c/share/rosidl_generator_c/environment/pythonpath.sh
-- Installing: /home/saitama1/ros2_foxy/install/rosidl_generator_c/share/rosidl_generator_c/environment/pythonpath.dsv
-- Installing: /home/saitama1/ros2_foxy/install/rosidl_generator_c/lib/python3.8/site-packages/rosidl_generator_c
-- Installing: /home/saitama1/ros2_foxy/install/rosidl_generator_c/lib/python3.8/site-packages/rosidl_generator_c/__init__.py
Listing '/home/saitama1/ros2_foxy/install/rosidl_generator_c/lib/python3.8/site-packages/rosidl_generator_c'...
Compiling '/home/saitama1/ros2_foxy/install/rosidl_generator_c/lib/python3.8/site-packages/rosidl_generator_c/__init__.py'...
-- Installing: /home/saitama1/ros2_foxy/install/rosidl_generator_c/share/ament_index/resource_index/package_run_dependencies/rosidl_generator_c
-- Installing: /home/saitama1/ros2_foxy/install/rosidl_generator_c/share/ament_index/resource_index/parent_prefix_path/rosidl_generator_c
-- Installing: /home/saitama1/ros2_foxy/install/rosidl_generator_c/share/rosidl_generator_c/environment/ament_prefix_path.sh
-- Installing: /home/saitama1/ros2_foxy/install/rosidl_generator_c/share/rosidl_generator_c/environment/ament_prefix_path.dsv
-- Installing: /home/saitama1/ros2_foxy/install/rosidl_generator_c/share/rosidl_generator_c/environment/path.sh
-- Installing: /home/saitama1/ros2_foxy/install/rosidl_generator_c/share/rosidl_generator_c/environment/path.dsv
-- Installing: /home/saitama1/ros2_foxy/install/rosidl_generator_c/share/rosidl_generator_c/local_setup.bash
-- Installing: /home/saitama1/ros2_foxy/install/rosidl_generator_c/share/rosidl_generator_c/local_setup.sh
-- Installing: /home/saitama1/ros2_foxy/install/rosidl_generator_c/share/rosidl_generator_c/local_setup.zsh
-- Installing: /home/saitama1/ros2_foxy/install/rosidl_generator_c/share/rosidl_generator_c/local_setup.dsv
-- Installing: /home/saitama1/ros2_foxy/install/rosidl_generator_c/share/rosidl_generator_c/package.dsv
-- Installing: /home/saitama1/ros2_foxy/install/rosidl_generator_c/share/ament_index/resource_index/packages/rosidl_generator_c
-- Installing: /home/saitama1/ros2_foxy/install/rosidl_generator_c/share/rosidl_generator_c/cmake/rosidl_generator_c-extras.cmake
-- Installing: /home/saitama1/ros2_foxy/install/rosidl_generator_c/share/rosidl_generator_c/cmake/ament_cmake_export_dependencies-extras.cmake
-- Installing: /home/saitama1/ros2_foxy/install/rosidl_generator_c/share/rosidl_generator_c/cmake/rosidl_cmake-extras.cmake
-- Installing: /home/saitama1/ros2_foxy/install/rosidl_generator_c/share/rosidl_generator_c/cmake/rosidl_generator_cConfig.cmake
-- Installing: /home/saitama1/ros2_foxy/install/rosidl_generator_c/share/rosidl_generator_c/cmake/rosidl_generator_cConfig-version.cmake
-- Installing: /home/saitama1/ros2_foxy/install/rosidl_generator_c/share/rosidl_generator_c/package.xml
-- Installing: /home/saitama1/ros2_foxy/install/rosidl_generator_c/lib/rosidl_generator_c/rosidl_generator_c
-- Up-to-date: /home/saitama1/ros2_foxy/install/rosidl_generator_c/share/rosidl_generator_c/cmake
-- Installing: /home/saitama1/ros2_foxy/install/rosidl_generator_c/share/rosidl_generator_c/cmake/rosidl_generator_c_generate_interfaces.cmake
-- Installing: /home/saitama1/ros2_foxy/install/rosidl_generator_c/share/rosidl_generator_c/cmake/register_c.cmake
-- Installing: /home/saitama1/ros2_foxy/install/rosidl_generator_c/share/rosidl_generator_c/resource
-- Installing: /home/saitama1/ros2_foxy/install/rosidl_generator_c/share/rosidl_generator_c/resource/msg__functions.h.em
-- Installing: /home/saitama1/ros2_foxy/install/rosidl_generator_c/share/rosidl_generator_c/resource/idl__functions.c.em
-- Installing: /home/saitama1/ros2_foxy/install/rosidl_generator_c/share/rosidl_generator_c/resource/idl__functions.h.em
-- Installing: /home/saitama1/ros2_foxy/install/rosidl_generator_c/share/rosidl_generator_c/resource/idl.h.em
-- Installing: /home/saitama1/ros2_foxy/install/rosidl_generator_c/share/rosidl_generator_c/resource/srv__type_support.h.em
-- Installing: /home/saitama1/ros2_foxy/install/rosidl_generator_c/share/rosidl_generator_c/resource/msg__functions.c.em
-- Installing: /home/saitama1/ros2_foxy/install/rosidl_generator_c/share/rosidl_generator_c/resource/idl__struct.h.em
-- Installing: /home/saitama1/ros2_foxy/install/rosidl_generator_c/share/rosidl_generator_c/resource/idl__type_support.h.em
-- Installing: /home/saitama1/ros2_foxy/install/rosidl_generator_c/share/rosidl_generator_c/resource/rosidl_generator_c__visibility_control.h.in
-- Installing: /home/saitama1/ros2_foxy/install/rosidl_generator_c/share/rosidl_generator_c/resource/msg__struct.h.em
-- Installing: /home/saitama1/ros2_foxy/install/rosidl_generator_c/share/rosidl_generator_c/resource/action__type_support.h.em
-- Installing: /home/saitama1/ros2_foxy/install/rosidl_generator_c/share/rosidl_generator_c/resource/msg__type_support.h.em
