-- The C compiler identification is GNU 9.3.0
-- The CXX compiler identification is GNU 9.3.0
-- Check for working C compiler: /usr/bin/cc
-- Check for working C compiler: /usr/bin/cc -- works
-- Detecting C compiler ABI info
-- Detecting C compiler ABI info - done
-- Detecting C compile features
-- Detecting C compile features - done
-- Check for working CXX compiler: /usr/bin/c++
-- Check for working CXX compiler: /usr/bin/c++ -- works
-- Detecting CXX compiler ABI info
-- Detecting CXX compiler ABI info - done
-- Detecting CXX compile features
-- Detecting CXX compile features - done
-- Found mrt_cmake_modules: 1.0.8 (/home/saitama1/ros2_foxy/install/mrt_cmake_modules/share/mrt_cmake_modules/cmake)
-- Found ament_cmake_core: 0.9.8 (/home/saitama1/ros2_foxy/install/ament_cmake_core/share/ament_cmake_core/cmake)
-- Found PythonInterp: /usr/bin/python3 (found suitable version "3.8.10", minimum required is "3") 
-- Using PYTHON_EXECUTABLE: /usr/bin/python3
-- Found OpenMP_C: -fopenmp (found version "4.5") 
-- Found OpenMP_CXX: -fopenmp (found version "4.5") 
-- Found OpenMP: TRUE (found version "4.5")  
called: /home/saitama1/ros2_foxy/install/mrt_cmake_modules/share/mrt_cmake_modules/cmake/../scripts/generate_cmake_dependency_file.py /home/saitama1/ros2_foxy/src/autoware_build_parts/lanelet2/lanelet2_routing/package.xml /home/saitama1/ros2_foxy/install/mrt_cmake_modules/share/mrt_cmake_modules/cmake/../yaml/cmake.yaml /home/saitama1/ros2_foxy/build/lanelet2_routing/CMakeFiles/auto_dep_vars.cmake
-- Found Boost: /usr/lib/x86_64-linux-gnu/cmake/Boost-1.71.0/BoostConfig.cmake (found version "1.71.0") found components: wserialization thread random serialization log_setup prg_exec_monitor wave system chrono filesystem locale timer date_time regex graph program_options unit_test_framework log atomic iostreams 
-- Adding library "lanelet2_routing" with source src/LaneletPath.cpp;src/Route.cpp;src/RouteBuilder.cpp;src/RoutingCost.cpp;src/RoutingGraph.cpp;src/RoutingGraphBuilder.cpp, includes include/lanelet2_routing/Exceptions.h;include/lanelet2_routing/Forward.h;include/lanelet2_routing/LaneletPath.h;include/lanelet2_routing/Route.h;include/lanelet2_routing/RoutingCost.h;include/lanelet2_routing/RoutingGraph.h;include/lanelet2_routing/RoutingGraphContainer.h;include/lanelet2_routing/Types.h;include/lanelet2_routing/internal/Graph.h;include/lanelet2_routing/internal/GraphUtils.h;include/lanelet2_routing/internal/RouteBuilder.h;include/lanelet2_routing/internal/RoutingGraphBuilder.h;include/lanelet2_routing/internal/RoutingGraphVisualization.h;include/lanelet2_routing/internal/ShortestPath.h
-- Marking libraries "lanelet2_routing" of package "lanelet2_routing" for installation
-- Marking HEADER FILES in "include/lanelet2_routing" folder of package "lanelet2_routing" for installation
-- Marking SHARED CONTENT FOLDER "res" of package "lanelet2_routing" for installation
-- Generating cmake exports for lanelet2_routing to /home/saitama1/ros2_foxy/build/lanelet2_routing/devel/share
-- Adding gtest unittest "lanelet2_routing-gtest-test_lanelet_or_area_path" with working dir /home/saitama1/ros2_foxy/src/autoware_build_parts/lanelet2/lanelet2_routing/test
-- Creating gtest 'lanelet2_routing-gtest-test_lanelet_or_area_path' from test/test_lanelet_or_area_path.cpp
-- Adding gtest unittest "lanelet2_routing-gtest-test_relations" with working dir /home/saitama1/ros2_foxy/src/autoware_build_parts/lanelet2/lanelet2_routing/test
-- Creating gtest 'lanelet2_routing-gtest-test_relations' from test/test_relations.cpp
-- Adding gtest unittest "lanelet2_routing-gtest-test_route" with working dir /home/saitama1/ros2_foxy/src/autoware_build_parts/lanelet2/lanelet2_routing/test
-- Creating gtest 'lanelet2_routing-gtest-test_route' from test/test_route.cpp
-- Adding gtest unittest "lanelet2_routing-gtest-test_routing" with working dir /home/saitama1/ros2_foxy/src/autoware_build_parts/lanelet2/lanelet2_routing/test
-- Creating gtest 'lanelet2_routing-gtest-test_routing' from test/test_routing.cpp
-- Adding gtest unittest "lanelet2_routing-gtest-test_routing_graph_container" with working dir /home/saitama1/ros2_foxy/src/autoware_build_parts/lanelet2/lanelet2_routing/test
-- Creating gtest 'lanelet2_routing-gtest-test_routing_graph_container' from test/test_routing_graph_container.cpp
-- Adding gtest unittest "lanelet2_routing-gtest-test_routing_visualization" with working dir /home/saitama1/ros2_foxy/src/autoware_build_parts/lanelet2/lanelet2_routing/test
-- Creating gtest 'lanelet2_routing-gtest-test_routing_visualization' from test/test_routing_visualization.cpp
-- Adding nosetests in folder /home/saitama1/ros2_foxy/src/autoware_build_parts/lanelet2/lanelet2_routing/test
-- Using Python nosetests: /usr/bin/nosetests3
-- Adding nosetest nosetests-lanelet2_routing-test
-- Configuring done
-- Generating done
-- Build files have been written to: /home/saitama1/ros2_foxy/build/lanelet2_routing
[35m[1mScanning dependencies of target gtest[0m
[  4%] [32mBuilding CXX object gtest/CMakeFiles/gtest.dir/src/gtest-all.cc.o[0m
[  8%] [32m[1mLinking CXX static library libgtest.a[0m
[  8%] Built target gtest
[35m[1mScanning dependencies of target gtest_main[0m
[ 13%] [32mBuilding CXX object gtest/CMakeFiles/gtest_main.dir/src/gtest_main.cc.o[0m
[ 17%] [32m[1mLinking CXX static library libgtest_main.a[0m
[ 17%] Built target gtest_main
[35m[1mScanning dependencies of target lanelet2_routing[0m
[ 21%] [32mBuilding CXX object CMakeFiles/lanelet2_routing.dir/src/LaneletPath.cpp.o[0m
[ 26%] [32mBuilding CXX object CMakeFiles/lanelet2_routing.dir/src/RoutingGraphBuilder.cpp.o[0m
[ 30%] [32mBuilding CXX object CMakeFiles/lanelet2_routing.dir/src/RoutingGraph.cpp.o[0m
[ 34%] [32mBuilding CXX object CMakeFiles/lanelet2_routing.dir/src/RoutingCost.cpp.o[0m
[ 39%] [32mBuilding CXX object CMakeFiles/lanelet2_routing.dir/src/RouteBuilder.cpp.o[0m
[ 43%] [32mBuilding CXX object CMakeFiles/lanelet2_routing.dir/src/Route.cpp.o[0m
[ 47%] [32m[1mLinking CXX shared library liblanelet2_routing.so[0m
[ 47%] Built target lanelet2_routing
[35m[1mScanning dependencies of target lanelet2_routing-gtest-test_routing_visualization[0m
[ 52%] [32mBuilding CXX object CMakeFiles/lanelet2_routing-gtest-test_routing_visualization.dir/test/test_routing_visualization.cpp.o[0m
[ 56%] [32m[1mLinking CXX executable lanelet2_routing-gtest-test_routing_visualization[0m
[ 56%] Built target lanelet2_routing-gtest-test_routing_visualization
[35m[1mScanning dependencies of target lanelet2_routing-gtest-test_route[0m
[ 60%] [32mBuilding CXX object CMakeFiles/lanelet2_routing-gtest-test_route.dir/test/test_route.cpp.o[0m
[ 65%] [32m[1mLinking CXX executable lanelet2_routing-gtest-test_route[0m
[ 65%] Built target lanelet2_routing-gtest-test_route
[35m[1mScanning dependencies of target lanelet2_routing-gtest-test_lanelet_or_area_path[0m
[ 69%] [32mBuilding CXX object CMakeFiles/lanelet2_routing-gtest-test_lanelet_or_area_path.dir/test/test_lanelet_or_area_path.cpp.o[0m
[ 73%] [32m[1mLinking CXX executable lanelet2_routing-gtest-test_lanelet_or_area_path[0m
[ 73%] Built target lanelet2_routing-gtest-test_lanelet_or_area_path
[35m[1mScanning dependencies of target lanelet2_routing-gtest-test_relations[0m
[ 78%] [32mBuilding CXX object CMakeFiles/lanelet2_routing-gtest-test_relations.dir/test/test_relations.cpp.o[0m
[ 82%] [32m[1mLinking CXX executable lanelet2_routing-gtest-test_relations[0m
[ 82%] Built target lanelet2_routing-gtest-test_relations
[35m[1mScanning dependencies of target lanelet2_routing-gtest-test_routing_graph_container[0m
[ 86%] [32mBuilding CXX object CMakeFiles/lanelet2_routing-gtest-test_routing_graph_container.dir/test/test_routing_graph_container.cpp.o[0m
[ 91%] [32m[1mLinking CXX executable lanelet2_routing-gtest-test_routing_graph_container[0m
[ 91%] Built target lanelet2_routing-gtest-test_routing_graph_container
[35m[1mScanning dependencies of target lanelet2_routing-gtest-test_routing[0m
[ 95%] [32mBuilding CXX object CMakeFiles/lanelet2_routing-gtest-test_routing.dir/test/test_routing.cpp.o[0m
[100%] [32m[1mLinking CXX executable lanelet2_routing-gtest-test_routing[0m
[100%] Built target lanelet2_routing-gtest-test_routing
[35m[1mScanning dependencies of target tests_lanelet2_routing[0m
[100%] Built target tests_lanelet2_routing
[35m[1mScanning dependencies of target tests[0m
[100%] Built target tests
-- Install configuration: ""
-- Installing: /home/saitama1/ros2_foxy/install/lanelet2_routing/lib/liblanelet2_routing.so.1.1.1
-- Installing: /home/saitama1/ros2_foxy/install/lanelet2_routing/lib/liblanelet2_routing.so.1
-- Set runtime path of "/home/saitama1/ros2_foxy/install/lanelet2_routing/lib/liblanelet2_routing.so.1.1.1" to ""
-- Installing: /home/saitama1/ros2_foxy/install/lanelet2_routing/lib/liblanelet2_routing.so
-- Installing: /home/saitama1/ros2_foxy/install/lanelet2_routing/include/lanelet2_routing
-- Installing: /home/saitama1/ros2_foxy/install/lanelet2_routing/include/lanelet2_routing/Exceptions.h
-- Installing: /home/saitama1/ros2_foxy/install/lanelet2_routing/include/lanelet2_routing/RoutingGraphContainer.h
-- Installing: /home/saitama1/ros2_foxy/install/lanelet2_routing/include/lanelet2_routing/RoutingCost.h
-- Installing: /home/saitama1/ros2_foxy/install/lanelet2_routing/include/lanelet2_routing/LaneletPath.h
-- Installing: /home/saitama1/ros2_foxy/install/lanelet2_routing/include/lanelet2_routing/Types.h
-- Installing: /home/saitama1/ros2_foxy/install/lanelet2_routing/include/lanelet2_routing/Route.h
-- Installing: /home/saitama1/ros2_foxy/install/lanelet2_routing/include/lanelet2_routing/Forward.h
-- Installing: /home/saitama1/ros2_foxy/install/lanelet2_routing/include/lanelet2_routing/internal
-- Installing: /home/saitama1/ros2_foxy/install/lanelet2_routing/include/lanelet2_routing/internal/RoutingGraphVisualization.h
-- Installing: /home/saitama1/ros2_foxy/install/lanelet2_routing/include/lanelet2_routing/internal/GraphUtils.h
-- Installing: /home/saitama1/ros2_foxy/install/lanelet2_routing/include/lanelet2_routing/internal/ShortestPath.h
-- Installing: /home/saitama1/ros2_foxy/install/lanelet2_routing/include/lanelet2_routing/internal/RouteBuilder.h
-- Installing: /home/saitama1/ros2_foxy/install/lanelet2_routing/include/lanelet2_routing/internal/Graph.h
-- Installing: /home/saitama1/ros2_foxy/install/lanelet2_routing/include/lanelet2_routing/internal/RoutingGraphBuilder.h
-- Installing: /home/saitama1/ros2_foxy/install/lanelet2_routing/include/lanelet2_routing/RoutingGraph.h
-- Installing: /home/saitama1/ros2_foxy/install/lanelet2_routing/share/lanelet2_routing/res
-- Installing: /home/saitama1/ros2_foxy/install/lanelet2_routing/share/lanelet2_routing/res/routing.mapcss
-- Installing: /home/saitama1/ros2_foxy/install/lanelet2_routing/share/lanelet2_routing/cmake/lanelet2_routingTargets.cmake
-- Installing: /home/saitama1/ros2_foxy/install/lanelet2_routing/share/lanelet2_routing/cmake/lanelet2_routingTargets-noconfig.cmake
-- Installing: /home/saitama1/ros2_foxy/install/lanelet2_routing/share/lanelet2_routing/cmake/lanelet2_routingConfigVersion.cmake
-- Installing: /home/saitama1/ros2_foxy/install/lanelet2_routing/share/lanelet2_routing/cmake/lanelet2_routingConfig.cmake
-- Installing: /home/saitama1/ros2_foxy/install/lanelet2_routing/share/lanelet2_routing/cmake/auto_dep_vars.cmake
-- Installing: /home/saitama1/ros2_foxy/install/lanelet2_routing/share/lanelet2_routing/cmake/lanelet2_routingAutoDepsConfig.cmake
-- Installing: /home/saitama1/ros2_foxy/install/lanelet2_routing/share/lanelet2_routing/package.xml
-- Installing: /home/saitama1/ros2_foxy/install/lanelet2_routing/share/ament_index/resource_index/package_run_dependencies/lanelet2_routing
-- Installing: /home/saitama1/ros2_foxy/install/lanelet2_routing/share/ament_index/resource_index/parent_prefix_path/lanelet2_routing
-- Installing: /home/saitama1/ros2_foxy/install/lanelet2_routing/share/lanelet2_routing/environment/ament_prefix_path.sh
-- Installing: /home/saitama1/ros2_foxy/install/lanelet2_routing/share/lanelet2_routing/environment/ament_prefix_path.dsv
-- Installing: /home/saitama1/ros2_foxy/install/lanelet2_routing/share/lanelet2_routing/environment/path.sh
-- Installing: /home/saitama1/ros2_foxy/install/lanelet2_routing/share/lanelet2_routing/environment/path.dsv
-- Installing: /home/saitama1/ros2_foxy/install/lanelet2_routing/share/lanelet2_routing/local_setup.bash
-- Installing: /home/saitama1/ros2_foxy/install/lanelet2_routing/share/lanelet2_routing/local_setup.sh
-- Installing: /home/saitama1/ros2_foxy/install/lanelet2_routing/share/lanelet2_routing/local_setup.zsh
-- Installing: /home/saitama1/ros2_foxy/install/lanelet2_routing/share/lanelet2_routing/local_setup.dsv
-- Installing: /home/saitama1/ros2_foxy/install/lanelet2_routing/share/lanelet2_routing/package.dsv
-- Installing: /home/saitama1/ros2_foxy/install/lanelet2_routing/share/ament_index/resource_index/packages/lanelet2_routing
