-- Install configuration: ""
-- Execute custom install script
-- Up-to-date symlink: /home/saitama1/ros2_foxy/install/ament_cmake_pycodestyle/share/ament_index/resource_index/package_run_dependencies/ament_cmake_pycodestyle
-- Up-to-date symlink: /home/saitama1/ros2_foxy/install/ament_cmake_pycodestyle/share/ament_index/resource_index/parent_prefix_path/ament_cmake_pycodestyle
-- Up-to-date symlink: /home/saitama1/ros2_foxy/install/ament_cmake_pycodestyle/share/ament_cmake_pycodestyle/environment/ament_prefix_path.sh
-- Up-to-date symlink: /home/saitama1/ros2_foxy/install/ament_cmake_pycodestyle/share/ament_cmake_pycodestyle/environment/ament_prefix_path.dsv
-- Up-to-date symlink: /home/saitama1/ros2_foxy/install/ament_cmake_pycodestyle/share/ament_cmake_pycodestyle/environment/path.sh
-- Up-to-date symlink: /home/saitama1/ros2_foxy/install/ament_cmake_pycodestyle/share/ament_cmake_pycodestyle/environment/path.dsv
-- Up-to-date symlink: /home/saitama1/ros2_foxy/install/ament_cmake_pycodestyle/share/ament_cmake_pycodestyle/local_setup.bash
-- Up-to-date symlink: /home/saitama1/ros2_foxy/install/ament_cmake_pycodestyle/share/ament_cmake_pycodestyle/local_setup.sh
-- Up-to-date symlink: /home/saitama1/ros2_foxy/install/ament_cmake_pycodestyle/share/ament_cmake_pycodestyle/local_setup.zsh
-- Up-to-date symlink: /home/saitama1/ros2_foxy/install/ament_cmake_pycodestyle/share/ament_cmake_pycodestyle/local_setup.dsv
-- Symlinking: /home/saitama1/ros2_foxy/install/ament_cmake_pycodestyle/share/ament_cmake_pycodestyle/package.dsv
-- Up-to-date symlink: /home/saitama1/ros2_foxy/install/ament_cmake_pycodestyle/share/ament_index/resource_index/packages/ament_cmake_pycodestyle
-- Up-to-date symlink: /home/saitama1/ros2_foxy/install/ament_cmake_pycodestyle/share/ament_cmake_pycodestyle/cmake/ament_cmake_pycodestyle-extras.cmake
-- Up-to-date symlink: /home/saitama1/ros2_foxy/install/ament_cmake_pycodestyle/share/ament_cmake_pycodestyle/cmake/ament_cmake_pycodestyleConfig.cmake
-- Up-to-date symlink: /home/saitama1/ros2_foxy/install/ament_cmake_pycodestyle/share/ament_cmake_pycodestyle/cmake/ament_cmake_pycodestyleConfig-version.cmake
-- Up-to-date symlink: /home/saitama1/ros2_foxy/install/ament_cmake_pycodestyle/share/ament_cmake_pycodestyle/package.xml
-- Up-to-date symlink: /home/saitama1/ros2_foxy/install/ament_cmake_pycodestyle/share/ament_cmake_pycodestyle/cmake/ament_cmake_pycodestyle_lint_hook.cmake
-- Up-to-date symlink: /home/saitama1/ros2_foxy/install/ament_cmake_pycodestyle/share/ament_cmake_pycodestyle/cmake/ament_pycodestyle.cmake
