-- Found ament_cmake: 0.9.8 (/home/saitama1/ros2_foxy/install/ament_cmake/share/ament_cmake/cmake)
-- Found PythonInterp: /usr/bin/python3 (found suitable version "3.8.10", minimum required is "3") 
-- Using PYTHON_EXECUTABLE: /usr/bin/python3
-- Override CMake install command with custom implementation using symlinks instead of copying resources
-- Found ament_lint_auto: 0.9.6 (/home/saitama1/ros2_foxy/install/ament_lint_auto/share/ament_lint_auto/cmake)
-- Found rosidl_runtime_c: 1.2.1 (/home/saitama1/ros2_foxy/install/rosidl_runtime_c/share/rosidl_runtime_c/cmake)
-- Found rosidl_runtime_cpp: 1.2.1 (/home/saitama1/ros2_foxy/install/rosidl_runtime_cpp/share/rosidl_runtime_cpp/cmake)
-- Found test_interface_files: 0.8.1 (/home/saitama1/ros2_foxy/install/test_interface_files/share/test_interface_files/cmake)
-- Found rosidl_adapter: 1.2.1 (/home/saitama1/ros2_foxy/install/rosidl_adapter/share/rosidl_adapter/cmake)
-- Found PythonInterp: /usr/bin/python3 (found version "3.8.10") 
-- Found gtest sources under '/home/saitama1/ros2_foxy/install/gtest_vendor/src/gtest_vendor': C++ tests using 'Google Test' will be built
-- Added test 'copyright' to check source files copyright and LICENSE
-- Added test 'cppcheck' to perform static code analysis on C / C++ code
-- Configured cppcheck include dirs: 
-- Configured cppcheck exclude dirs and/or files: 
-- Added test 'cpplint' to check C / C++ code against the Google style
-- Configured cpplint exclude dirs and/or files: 
-- Added test 'flake8' to check Python code syntax and style conventions
-- Added test 'lint_cmake' to check CMake code style
-- Added test 'pep257' to check Python code against some of the style conventions in PEP 257
-- Added test 'uncrustify' to check C / C++ code style
-- Configured uncrustify additional arguments: 
-- Added test 'xmllint' to check XML markup files
-- Configuring done
-- Generating done
-- Build files have been written to: /home/saitama1/ros2_foxy/build/rosidl_generator_cpp
[  5%] Built target rosidl_generator_cpp__cpp
[ 26%] Built target gtest_main
[ 26%] Built target gtest
[ 26%] Built target rosidl_generator_cpp
[ 36%] [32m[1mLinking CXX executable test_traits[0m
[ 36%] [32m[1mLinking CXX executable test_srv_initialization[0m
[ 42%] [32m[1mLinking CXX executable test_msg_builder[0m
[ 47%] [32m[1mLinking CXX executable test_msg_datatype[0m
[ 57%] [32m[1mLinking CXX executable test_name[0m
[ 57%] [32m[1mLinking CXX executable test_msg_initialization[0m
[ 63%] [32m[1mLinking CXX executable test_interfaces_cpp[0m
[ 68%] Built target test_name
[100%] Built target test_traits
[100%] Built target test_msg_builder
[100%] Built target test_msg_initialization
[100%] Built target test_interfaces_cpp
[100%] Built target test_srv_initialization
[100%] Built target test_msg_datatype
-- Install configuration: ""
-- Execute custom install script
-- Symlinking: /home/saitama1/ros2_foxy/install/rosidl_generator_cpp/share/ament_index/resource_index/rosidl_generator_packages/rosidl_generator_cpp
-- Symlinking: /home/saitama1/ros2_foxy/install/rosidl_generator_cpp/share/rosidl_generator_cpp/environment/pythonpath.sh
-- Symlinking: /home/saitama1/ros2_foxy/install/rosidl_generator_cpp/share/rosidl_generator_cpp/environment/pythonpath.dsv
-- Symlinking: /home/saitama1/ros2_foxy/install/rosidl_generator_cpp/lib/python3.8/site-packages/rosidl_generator_cpp/__init__.py
-- Symlinking: /home/saitama1/ros2_foxy/install/rosidl_generator_cpp/share/ament_index/resource_index/package_run_dependencies/rosidl_generator_cpp
-- Symlinking: /home/saitama1/ros2_foxy/install/rosidl_generator_cpp/share/ament_index/resource_index/parent_prefix_path/rosidl_generator_cpp
-- Symlinking: /home/saitama1/ros2_foxy/install/rosidl_generator_cpp/share/rosidl_generator_cpp/environment/ament_prefix_path.sh
-- Symlinking: /home/saitama1/ros2_foxy/install/rosidl_generator_cpp/share/rosidl_generator_cpp/environment/ament_prefix_path.dsv
-- Symlinking: /home/saitama1/ros2_foxy/install/rosidl_generator_cpp/share/rosidl_generator_cpp/environment/path.sh
-- Symlinking: /home/saitama1/ros2_foxy/install/rosidl_generator_cpp/share/rosidl_generator_cpp/environment/path.dsv
-- Symlinking: /home/saitama1/ros2_foxy/install/rosidl_generator_cpp/share/rosidl_generator_cpp/local_setup.bash
-- Symlinking: /home/saitama1/ros2_foxy/install/rosidl_generator_cpp/share/rosidl_generator_cpp/local_setup.sh
-- Symlinking: /home/saitama1/ros2_foxy/install/rosidl_generator_cpp/share/rosidl_generator_cpp/local_setup.zsh
-- Symlinking: /home/saitama1/ros2_foxy/install/rosidl_generator_cpp/share/rosidl_generator_cpp/local_setup.dsv
-- Symlinking: /home/saitama1/ros2_foxy/install/rosidl_generator_cpp/share/rosidl_generator_cpp/package.dsv
-- Symlinking: /home/saitama1/ros2_foxy/install/rosidl_generator_cpp/share/ament_index/resource_index/packages/rosidl_generator_cpp
-- Symlinking: /home/saitama1/ros2_foxy/install/rosidl_generator_cpp/share/rosidl_generator_cpp/cmake/rosidl_generator_cpp-extras.cmake
-- Symlinking: /home/saitama1/ros2_foxy/install/rosidl_generator_cpp/share/rosidl_generator_cpp/cmake/ament_cmake_export_dependencies-extras.cmake
-- Symlinking: /home/saitama1/ros2_foxy/install/rosidl_generator_cpp/share/rosidl_generator_cpp/cmake/rosidl_cmake-extras.cmake
-- Symlinking: /home/saitama1/ros2_foxy/install/rosidl_generator_cpp/share/rosidl_generator_cpp/cmake/rosidl_generator_cppConfig.cmake
-- Symlinking: /home/saitama1/ros2_foxy/install/rosidl_generator_cpp/share/rosidl_generator_cpp/cmake/rosidl_generator_cppConfig-version.cmake
-- Symlinking: /home/saitama1/ros2_foxy/install/rosidl_generator_cpp/share/rosidl_generator_cpp/package.xml
-- Symlinking: /home/saitama1/ros2_foxy/install/rosidl_generator_cpp/lib/rosidl_generator_cpp/rosidl_generator_cpp
-- Symlinking: /home/saitama1/ros2_foxy/install/rosidl_generator_cpp/share/rosidl_generator_cpp/cmake/register_cpp.cmake
-- Symlinking: /home/saitama1/ros2_foxy/install/rosidl_generator_cpp/share/rosidl_generator_cpp/cmake/rosidl_generator_cpp_generate_interfaces.cmake
-- Symlinking: /home/saitama1/ros2_foxy/install/rosidl_generator_cpp/share/rosidl_generator_cpp/resource/action__builder.hpp.em
-- Symlinking: /home/saitama1/ros2_foxy/install/rosidl_generator_cpp/share/rosidl_generator_cpp/resource/action__struct.hpp.em
-- Symlinking: /home/saitama1/ros2_foxy/install/rosidl_generator_cpp/share/rosidl_generator_cpp/resource/action__traits.hpp.em
-- Symlinking: /home/saitama1/ros2_foxy/install/rosidl_generator_cpp/share/rosidl_generator_cpp/resource/idl.hpp.em
-- Symlinking: /home/saitama1/ros2_foxy/install/rosidl_generator_cpp/share/rosidl_generator_cpp/resource/idl__builder.hpp.em
-- Symlinking: /home/saitama1/ros2_foxy/install/rosidl_generator_cpp/share/rosidl_generator_cpp/resource/idl__struct.hpp.em
-- Symlinking: /home/saitama1/ros2_foxy/install/rosidl_generator_cpp/share/rosidl_generator_cpp/resource/idl__traits.hpp.em
-- Symlinking: /home/saitama1/ros2_foxy/install/rosidl_generator_cpp/share/rosidl_generator_cpp/resource/msg__builder.hpp.em
-- Symlinking: /home/saitama1/ros2_foxy/install/rosidl_generator_cpp/share/rosidl_generator_cpp/resource/msg__struct.hpp.em
-- Symlinking: /home/saitama1/ros2_foxy/install/rosidl_generator_cpp/share/rosidl_generator_cpp/resource/msg__traits.hpp.em
-- Symlinking: /home/saitama1/ros2_foxy/install/rosidl_generator_cpp/share/rosidl_generator_cpp/resource/srv__builder.hpp.em
-- Symlinking: /home/saitama1/ros2_foxy/install/rosidl_generator_cpp/share/rosidl_generator_cpp/resource/srv__struct.hpp.em
-- Symlinking: /home/saitama1/ros2_foxy/install/rosidl_generator_cpp/share/rosidl_generator_cpp/resource/srv__traits.hpp.em
Listing '/home/saitama1/ros2_foxy/install/rosidl_generator_cpp/lib/python3.8/site-packages/rosidl_generator_cpp'...
