-- The C compiler identification is GNU 9.3.0
-- The CXX compiler identification is GNU 9.3.0
-- Check for working C compiler: /usr/bin/cc
-- Check for working C compiler: /usr/bin/cc -- works
-- Detecting C compiler ABI info
-- Detecting C compiler ABI info - done
-- Detecting C compile features
-- Detecting C compile features - done
-- Check for working CXX compiler: /usr/bin/c++
-- Check for working CXX compiler: /usr/bin/c++ -- works
-- Detecting CXX compiler ABI info
-- Detecting CXX compiler ABI info - done
-- Detecting CXX compile features
-- Detecting CXX compile features - done
-- Found ament_cmake: 0.9.8 (/home/saitama1/Pictures/ros2-picas/ros2_foxy/install/ament_cmake/share/ament_cmake/cmake)
-- Found PythonInterp: /usr/bin/python3 (found suitable version "3.8.10", minimum required is "3") 
-- Using PYTHON_EXECUTABLE: /usr/bin/python3
-- Configuring done
-- Generating done
-- Build files have been written to: /home/saitama1/Pictures/ros2-picas/ros2_foxy/build/tf2_tools
-- Install configuration: ""
-- Installing: /home/saitama1/Pictures/ros2-picas/ros2_foxy/install/tf2_tools/lib/tf2_tools/view_frames.py
-- Installing: /home/saitama1/Pictures/ros2-picas/ros2_foxy/install/tf2_tools/share/ament_index/resource_index/package_run_dependencies/tf2_tools
-- Installing: /home/saitama1/Pictures/ros2-picas/ros2_foxy/install/tf2_tools/share/ament_index/resource_index/parent_prefix_path/tf2_tools
-- Installing: /home/saitama1/Pictures/ros2-picas/ros2_foxy/install/tf2_tools/share/tf2_tools/environment/ament_prefix_path.sh
-- Installing: /home/saitama1/Pictures/ros2-picas/ros2_foxy/install/tf2_tools/share/tf2_tools/environment/ament_prefix_path.dsv
-- Installing: /home/saitama1/Pictures/ros2-picas/ros2_foxy/install/tf2_tools/share/tf2_tools/environment/path.sh
-- Installing: /home/saitama1/Pictures/ros2-picas/ros2_foxy/install/tf2_tools/share/tf2_tools/environment/path.dsv
-- Installing: /home/saitama1/Pictures/ros2-picas/ros2_foxy/install/tf2_tools/share/tf2_tools/local_setup.bash
-- Installing: /home/saitama1/Pictures/ros2-picas/ros2_foxy/install/tf2_tools/share/tf2_tools/local_setup.sh
-- Installing: /home/saitama1/Pictures/ros2-picas/ros2_foxy/install/tf2_tools/share/tf2_tools/local_setup.zsh
-- Installing: /home/saitama1/Pictures/ros2-picas/ros2_foxy/install/tf2_tools/share/tf2_tools/local_setup.dsv
-- Installing: /home/saitama1/Pictures/ros2-picas/ros2_foxy/install/tf2_tools/share/tf2_tools/package.dsv
-- Installing: /home/saitama1/Pictures/ros2-picas/ros2_foxy/install/tf2_tools/share/ament_index/resource_index/packages/tf2_tools
-- Installing: /home/saitama1/Pictures/ros2-picas/ros2_foxy/install/tf2_tools/share/tf2_tools/cmake/tf2_toolsConfig.cmake
-- Installing: /home/saitama1/Pictures/ros2-picas/ros2_foxy/install/tf2_tools/share/tf2_tools/cmake/tf2_toolsConfig-version.cmake
-- Installing: /home/saitama1/Pictures/ros2-picas/ros2_foxy/install/tf2_tools/share/tf2_tools/package.xml
