[0.384s] Invoking command in '/home/saitama1/ros2_foxy/build/ament_cmake_export_interfaces': AMENT_PREFIX_PATH=/home/saitama1/ros2_foxy/install/ament_cmake_export_libraries:/home/saitama1/ros2_foxy/install/ament_cmake_core:/home/saitama1/ros2_foxy/install/ament_package CMAKE_PREFIX_PATH=/home/saitama1/ros2_foxy/install/ament_cmake_export_libraries:/home/saitama1/ros2_foxy/install/ament_cmake_core PYTHONPATH=/home/saitama1/ros2_foxy/install/ament_package/lib/python3.8/site-packages /usr/bin/cmake /home/saitama1/ros2_foxy/src/ament/ament_cmake/ament_cmake_export_interfaces -DCMAKE_INSTALL_PREFIX=/home/saitama1/ros2_foxy/install/ament_cmake_export_interfaces
[0.506s] -- Found ament_cmake_core: 0.9.8 (/home/saitama1/ros2_foxy/install/ament_cmake_core/share/ament_cmake_core/cmake)
[0.556s] -- Found PythonInterp: /usr/bin/python3 (found suitable version "3.8.10", minimum required is "3") 
[0.556s] -- Using PYTHON_EXECUTABLE: /usr/bin/python3
[1.000s] -- Configuring done
[1.002s] -- Generating done
[1.045s] -- Build files have been written to: /home/saitama1/ros2_foxy/build/ament_cmake_export_interfaces
[1.550s] Invoked command in '/home/saitama1/ros2_foxy/build/ament_cmake_export_interfaces' returned '0': AMENT_PREFIX_PATH=/home/saitama1/ros2_foxy/install/ament_cmake_export_libraries:/home/saitama1/ros2_foxy/install/ament_cmake_core:/home/saitama1/ros2_foxy/install/ament_package CMAKE_PREFIX_PATH=/home/saitama1/ros2_foxy/install/ament_cmake_export_libraries:/home/saitama1/ros2_foxy/install/ament_cmake_core PYTHONPATH=/home/saitama1/ros2_foxy/install/ament_package/lib/python3.8/site-packages /usr/bin/cmake /home/saitama1/ros2_foxy/src/ament/ament_cmake/ament_cmake_export_interfaces -DCMAKE_INSTALL_PREFIX=/home/saitama1/ros2_foxy/install/ament_cmake_export_interfaces
[1.557s] Invoking command in '/home/saitama1/ros2_foxy/build/ament_cmake_export_interfaces': AMENT_PREFIX_PATH=/home/saitama1/ros2_foxy/install/ament_cmake_export_libraries:/home/saitama1/ros2_foxy/install/ament_cmake_core:/home/saitama1/ros2_foxy/install/ament_package CMAKE_PREFIX_PATH=/home/saitama1/ros2_foxy/install/ament_cmake_export_libraries:/home/saitama1/ros2_foxy/install/ament_cmake_core PYTHONPATH=/home/saitama1/ros2_foxy/install/ament_package/lib/python3.8/site-packages /usr/bin/cmake --build /home/saitama1/ros2_foxy/build/ament_cmake_export_interfaces -- -j12 -l12
[1.968s] Invoked command in '/home/saitama1/ros2_foxy/build/ament_cmake_export_interfaces' returned '0': AMENT_PREFIX_PATH=/home/saitama1/ros2_foxy/install/ament_cmake_export_libraries:/home/saitama1/ros2_foxy/install/ament_cmake_core:/home/saitama1/ros2_foxy/install/ament_package CMAKE_PREFIX_PATH=/home/saitama1/ros2_foxy/install/ament_cmake_export_libraries:/home/saitama1/ros2_foxy/install/ament_cmake_core PYTHONPATH=/home/saitama1/ros2_foxy/install/ament_package/lib/python3.8/site-packages /usr/bin/cmake --build /home/saitama1/ros2_foxy/build/ament_cmake_export_interfaces -- -j12 -l12
[2.259s] Invoking command in '/home/saitama1/ros2_foxy/build/ament_cmake_export_interfaces': AMENT_PREFIX_PATH=/home/saitama1/ros2_foxy/install/ament_cmake_export_libraries:/home/saitama1/ros2_foxy/install/ament_cmake_core:/home/saitama1/ros2_foxy/install/ament_package CMAKE_PREFIX_PATH=/home/saitama1/ros2_foxy/install/ament_cmake_export_libraries:/home/saitama1/ros2_foxy/install/ament_cmake_core PYTHONPATH=/home/saitama1/ros2_foxy/install/ament_package/lib/python3.8/site-packages /usr/bin/cmake --install /home/saitama1/ros2_foxy/build/ament_cmake_export_interfaces
[2.281s] -- Install configuration: ""
[2.281s] -- Installing: /home/saitama1/ros2_foxy/install/ament_cmake_export_interfaces/share/ament_index/resource_index/package_run_dependencies/ament_cmake_export_interfaces
[2.281s] -- Installing: /home/saitama1/ros2_foxy/install/ament_cmake_export_interfaces/share/ament_index/resource_index/parent_prefix_path/ament_cmake_export_interfaces
[2.281s] -- Installing: /home/saitama1/ros2_foxy/install/ament_cmake_export_interfaces/share/ament_cmake_export_interfaces/environment/ament_prefix_path.sh
[2.281s] -- Installing: /home/saitama1/ros2_foxy/install/ament_cmake_export_interfaces/share/ament_cmake_export_interfaces/environment/ament_prefix_path.dsv
[2.281s] -- Installing: /home/saitama1/ros2_foxy/install/ament_cmake_export_interfaces/share/ament_cmake_export_interfaces/environment/path.sh
[2.281s] -- Installing: /home/saitama1/ros2_foxy/install/ament_cmake_export_interfaces/share/ament_cmake_export_interfaces/environment/path.dsv
[2.281s] -- Installing: /home/saitama1/ros2_foxy/install/ament_cmake_export_interfaces/share/ament_cmake_export_interfaces/local_setup.bash
[2.281s] -- Installing: /home/saitama1/ros2_foxy/install/ament_cmake_export_interfaces/share/ament_cmake_export_interfaces/local_setup.sh
[2.282s] -- Installing: /home/saitama1/ros2_foxy/install/ament_cmake_export_interfaces/share/ament_cmake_export_interfaces/local_setup.zsh
[2.282s] -- Installing: /home/saitama1/ros2_foxy/install/ament_cmake_export_interfaces/share/ament_cmake_export_interfaces/local_setup.dsv
[2.282s] -- Installing: /home/saitama1/ros2_foxy/install/ament_cmake_export_interfaces/share/ament_cmake_export_interfaces/package.dsv
[2.282s] -- Installing: /home/saitama1/ros2_foxy/install/ament_cmake_export_interfaces/share/ament_index/resource_index/packages/ament_cmake_export_interfaces
[2.282s] -- Installing: /home/saitama1/ros2_foxy/install/ament_cmake_export_interfaces/share/ament_cmake_export_interfaces/cmake/ament_cmake_export_interfaces-extras.cmake
[2.282s] -- Installing: /home/saitama1/ros2_foxy/install/ament_cmake_export_interfaces/share/ament_cmake_export_interfaces/cmake/ament_cmake_export_interfacesConfig.cmake
[2.282s] -- Installing: /home/saitama1/ros2_foxy/install/ament_cmake_export_interfaces/share/ament_cmake_export_interfaces/cmake/ament_cmake_export_interfacesConfig-version.cmake
[2.282s] -- Installing: /home/saitama1/ros2_foxy/install/ament_cmake_export_interfaces/share/ament_cmake_export_interfaces/package.xml
[2.282s] -- Up-to-date: /home/saitama1/ros2_foxy/install/ament_cmake_export_interfaces/share/ament_cmake_export_interfaces/cmake
[2.282s] -- Installing: /home/saitama1/ros2_foxy/install/ament_cmake_export_interfaces/share/ament_cmake_export_interfaces/cmake/ament_export_interfaces.cmake
[2.282s] -- Installing: /home/saitama1/ros2_foxy/install/ament_cmake_export_interfaces/share/ament_cmake_export_interfaces/cmake/ament_cmake_export_interfaces_package_hook.cmake
[2.282s] -- Installing: /home/saitama1/ros2_foxy/install/ament_cmake_export_interfaces/share/ament_cmake_export_interfaces/cmake/ament_cmake_export_interfaces-extras.cmake.in
[2.361s] Invoked command in '/home/saitama1/ros2_foxy/build/ament_cmake_export_interfaces' returned '0': AMENT_PREFIX_PATH=/home/saitama1/ros2_foxy/install/ament_cmake_export_libraries:/home/saitama1/ros2_foxy/install/ament_cmake_core:/home/saitama1/ros2_foxy/install/ament_package CMAKE_PREFIX_PATH=/home/saitama1/ros2_foxy/install/ament_cmake_export_libraries:/home/saitama1/ros2_foxy/install/ament_cmake_core PYTHONPATH=/home/saitama1/ros2_foxy/install/ament_package/lib/python3.8/site-packages /usr/bin/cmake --install /home/saitama1/ros2_foxy/build/ament_cmake_export_interfaces
