-- Found ament_cmake: 0.9.8 (/home/saitama1/ros2_foxy/install/ament_cmake/share/ament_cmake/cmake)
-- Using PYTHON_EXECUTABLE: /usr/bin/python3
-- Override CMake install command with custom implementation using symlinks instead of copying resources
-- Found ament_lint_auto: 0.9.6 (/home/saitama1/ros2_foxy/install/ament_lint_auto/share/ament_lint_auto/cmake)
-- Added test 'copyright' to check source files copyright and LICENSE
-- Added test 'lint_cmake' to check CMake code style
-- Added test 'xmllint' to check XML markup files
-- Configuring done
-- Generating done
-- Build files have been written to: /home/saitama1/ros2_foxy/build/sros2_cmake
-- Install configuration: ""
-- Execute custom install script
-- Symlinking: /home/saitama1/ros2_foxy/install/sros2_cmake/share/ament_index/resource_index/package_run_dependencies/sros2_cmake
-- Symlinking: /home/saitama1/ros2_foxy/install/sros2_cmake/share/ament_index/resource_index/parent_prefix_path/sros2_cmake
-- Symlinking: /home/saitama1/ros2_foxy/install/sros2_cmake/share/sros2_cmake/environment/ament_prefix_path.sh
-- Symlinking: /home/saitama1/ros2_foxy/install/sros2_cmake/share/sros2_cmake/environment/ament_prefix_path.dsv
-- Symlinking: /home/saitama1/ros2_foxy/install/sros2_cmake/share/sros2_cmake/environment/path.sh
-- Symlinking: /home/saitama1/ros2_foxy/install/sros2_cmake/share/sros2_cmake/environment/path.dsv
-- Symlinking: /home/saitama1/ros2_foxy/install/sros2_cmake/share/sros2_cmake/local_setup.bash
-- Symlinking: /home/saitama1/ros2_foxy/install/sros2_cmake/share/sros2_cmake/local_setup.sh
-- Symlinking: /home/saitama1/ros2_foxy/install/sros2_cmake/share/sros2_cmake/local_setup.zsh
-- Symlinking: /home/saitama1/ros2_foxy/install/sros2_cmake/share/sros2_cmake/local_setup.dsv
-- Symlinking: /home/saitama1/ros2_foxy/install/sros2_cmake/share/sros2_cmake/package.dsv
-- Symlinking: /home/saitama1/ros2_foxy/install/sros2_cmake/share/ament_index/resource_index/packages/sros2_cmake
-- Symlinking: /home/saitama1/ros2_foxy/install/sros2_cmake/share/sros2_cmake/cmake/sros2_cmake-extras.cmake
-- Symlinking: /home/saitama1/ros2_foxy/install/sros2_cmake/share/sros2_cmake/cmake/sros2_cmakeConfig.cmake
-- Symlinking: /home/saitama1/ros2_foxy/install/sros2_cmake/share/sros2_cmake/cmake/sros2_cmakeConfig-version.cmake
-- Symlinking: /home/saitama1/ros2_foxy/install/sros2_cmake/share/sros2_cmake/package.xml
-- Symlinking: /home/saitama1/ros2_foxy/install/sros2_cmake/share/sros2_cmake/cmake/sros2_generate_artifacts.cmake
