[0.057s] Invoking command in '/home/saitama1/ros2_foxy/build/ament_cmake_export_libraries': AMENT_PREFIX_PATH=/home/saitama1/ros2_foxy/install/ament_cmake_core:/home/saitama1/ros2_foxy/install/ament_package CMAKE_PREFIX_PATH=/home/saitama1/ros2_foxy/install/ament_cmake_core PYTHONPATH=/home/saitama1/ros2_foxy/install/ament_package/lib/python3.8/site-packages /usr/bin/cmake /home/saitama1/ros2_foxy/src/ament/ament_cmake/ament_cmake_export_libraries -DCMAKE_INSTALL_PREFIX=/home/saitama1/ros2_foxy/install/ament_cmake_export_libraries
[0.121s] -- Found ament_cmake_core: 0.9.8 (/home/saitama1/ros2_foxy/install/ament_cmake_core/share/ament_cmake_core/cmake)
[0.121s] -- Found PythonInterp: /usr/bin/python3 (found suitable version "3.8.10", minimum required is "3") 
[0.122s] -- Using PYTHON_EXECUTABLE: /usr/bin/python3
[0.477s] -- Configuring done
[0.479s] -- Generating done
[0.480s] -- Build files have been written to: /home/saitama1/ros2_foxy/build/ament_cmake_export_libraries
[0.580s] Invoked command in '/home/saitama1/ros2_foxy/build/ament_cmake_export_libraries' returned '0': AMENT_PREFIX_PATH=/home/saitama1/ros2_foxy/install/ament_cmake_core:/home/saitama1/ros2_foxy/install/ament_package CMAKE_PREFIX_PATH=/home/saitama1/ros2_foxy/install/ament_cmake_core PYTHONPATH=/home/saitama1/ros2_foxy/install/ament_package/lib/python3.8/site-packages /usr/bin/cmake /home/saitama1/ros2_foxy/src/ament/ament_cmake/ament_cmake_export_libraries -DCMAKE_INSTALL_PREFIX=/home/saitama1/ros2_foxy/install/ament_cmake_export_libraries
[0.583s] Invoking command in '/home/saitama1/ros2_foxy/build/ament_cmake_export_libraries': AMENT_PREFIX_PATH=/home/saitama1/ros2_foxy/install/ament_cmake_core:/home/saitama1/ros2_foxy/install/ament_package CMAKE_PREFIX_PATH=/home/saitama1/ros2_foxy/install/ament_cmake_core PYTHONPATH=/home/saitama1/ros2_foxy/install/ament_package/lib/python3.8/site-packages /usr/bin/cmake --build /home/saitama1/ros2_foxy/build/ament_cmake_export_libraries -- -j12 -l12
[0.918s] Invoked command in '/home/saitama1/ros2_foxy/build/ament_cmake_export_libraries' returned '0': AMENT_PREFIX_PATH=/home/saitama1/ros2_foxy/install/ament_cmake_core:/home/saitama1/ros2_foxy/install/ament_package CMAKE_PREFIX_PATH=/home/saitama1/ros2_foxy/install/ament_cmake_core PYTHONPATH=/home/saitama1/ros2_foxy/install/ament_package/lib/python3.8/site-packages /usr/bin/cmake --build /home/saitama1/ros2_foxy/build/ament_cmake_export_libraries -- -j12 -l12
[1.109s] Invoking command in '/home/saitama1/ros2_foxy/build/ament_cmake_export_libraries': AMENT_PREFIX_PATH=/home/saitama1/ros2_foxy/install/ament_cmake_core:/home/saitama1/ros2_foxy/install/ament_package CMAKE_PREFIX_PATH=/home/saitama1/ros2_foxy/install/ament_cmake_core PYTHONPATH=/home/saitama1/ros2_foxy/install/ament_package/lib/python3.8/site-packages /usr/bin/cmake --install /home/saitama1/ros2_foxy/build/ament_cmake_export_libraries
[1.212s] -- Install configuration: ""
[1.213s] -- Installing: /home/saitama1/ros2_foxy/install/ament_cmake_export_libraries/share/ament_index/resource_index/package_run_dependencies/ament_cmake_export_libraries
[1.213s] -- Installing: /home/saitama1/ros2_foxy/install/ament_cmake_export_libraries/share/ament_index/resource_index/parent_prefix_path/ament_cmake_export_libraries
[1.213s] -- Installing: /home/saitama1/ros2_foxy/install/ament_cmake_export_libraries/share/ament_cmake_export_libraries/environment/ament_prefix_path.sh
[1.213s] -- Installing: /home/saitama1/ros2_foxy/install/ament_cmake_export_libraries/share/ament_cmake_export_libraries/environment/ament_prefix_path.dsv
[1.213s] -- Installing: /home/saitama1/ros2_foxy/install/ament_cmake_export_libraries/share/ament_cmake_export_libraries/environment/path.sh
[1.213s] -- Installing: /home/saitama1/ros2_foxy/install/ament_cmake_export_libraries/share/ament_cmake_export_libraries/environment/path.dsv
[1.213s] -- Installing: /home/saitama1/ros2_foxy/install/ament_cmake_export_libraries/share/ament_cmake_export_libraries/local_setup.bash
[1.213s] -- Installing: /home/saitama1/ros2_foxy/install/ament_cmake_export_libraries/share/ament_cmake_export_libraries/local_setup.sh
[1.213s] -- Installing: /home/saitama1/ros2_foxy/install/ament_cmake_export_libraries/share/ament_cmake_export_libraries/local_setup.zsh
[1.213s] -- Installing: /home/saitama1/ros2_foxy/install/ament_cmake_export_libraries/share/ament_cmake_export_libraries/local_setup.dsv
[1.214s] -- Installing: /home/saitama1/ros2_foxy/install/ament_cmake_export_libraries/share/ament_cmake_export_libraries/package.dsv
[1.214s] -- Installing: /home/saitama1/ros2_foxy/install/ament_cmake_export_libraries/share/ament_index/resource_index/packages/ament_cmake_export_libraries
[1.214s] -- Installing: /home/saitama1/ros2_foxy/install/ament_cmake_export_libraries/share/ament_cmake_export_libraries/cmake/ament_cmake_export_libraries-extras.cmake
[1.214s] -- Installing: /home/saitama1/ros2_foxy/install/ament_cmake_export_libraries/share/ament_cmake_export_libraries/cmake/ament_cmake_export_librariesConfig.cmake
[1.214s] -- Installing: /home/saitama1/ros2_foxy/install/ament_cmake_export_libraries/share/ament_cmake_export_libraries/cmake/ament_cmake_export_librariesConfig-version.cmake
[1.214s] -- Installing: /home/saitama1/ros2_foxy/install/ament_cmake_export_libraries/share/ament_cmake_export_libraries/package.xml
[1.214s] -- Up-to-date: /home/saitama1/ros2_foxy/install/ament_cmake_export_libraries/share/ament_cmake_export_libraries/cmake
[1.214s] -- Installing: /home/saitama1/ros2_foxy/install/ament_cmake_export_libraries/share/ament_cmake_export_libraries/cmake/ament_cmake_export_libraries_package_hook.cmake
[1.214s] -- Installing: /home/saitama1/ros2_foxy/install/ament_cmake_export_libraries/share/ament_cmake_export_libraries/cmake/ament_export_library_names.cmake
[1.214s] -- Installing: /home/saitama1/ros2_foxy/install/ament_cmake_export_libraries/share/ament_cmake_export_libraries/cmake/ament_export_libraries.cmake
[1.214s] -- Installing: /home/saitama1/ros2_foxy/install/ament_cmake_export_libraries/share/ament_cmake_export_libraries/cmake/ament_cmake_export_libraries-extras.cmake.in
[1.271s] Invoked command in '/home/saitama1/ros2_foxy/build/ament_cmake_export_libraries' returned '0': AMENT_PREFIX_PATH=/home/saitama1/ros2_foxy/install/ament_cmake_core:/home/saitama1/ros2_foxy/install/ament_package CMAKE_PREFIX_PATH=/home/saitama1/ros2_foxy/install/ament_cmake_core PYTHONPATH=/home/saitama1/ros2_foxy/install/ament_package/lib/python3.8/site-packages /usr/bin/cmake --install /home/saitama1/ros2_foxy/build/ament_cmake_export_libraries
