-- Found ament_cmake: 0.9.8 (/home/saitama1/ros2_foxy/install/ament_cmake/share/ament_cmake/cmake)
-- Using PYTHON_EXECUTABLE: /usr/bin/python3
-- Override CMake install command with custom implementation using symlinks instead of copying resources
-- Found ament_lint_auto: 0.9.6 (/home/saitama1/ros2_foxy/install/ament_lint_auto/share/ament_lint_auto/cmake)
-- Added test 'copyright' to check source files copyright and LICENSE
-- Added test 'flake8' to check Python code syntax and style conventions
-- Added test 'lint_cmake' to check CMake code style
-- Added test 'pep257' to check Python code against some of the style conventions in PEP 257
-- Added test 'xmllint' to check XML markup files
CMake Warning at /home/saitama1/ros2_foxy/install/ament_cmake_pytest/share/ament_cmake_pytest/cmake/ament_add_pytest_test.cmake:77 (message):
  The Python module 'pytest' was not found, pytests can not be run (e.g.  on
  Ubuntu/Debian install the package 'python3-pytest')
Call Stack (most recent call first):
  CMakeLists.txt:19 (ament_add_pytest_test)


-- Configuring done
-- Generating done
-- Build files have been written to: /home/saitama1/ros2_foxy/build/rosidl_parser
-- Install configuration: ""
-- Execute custom install script
-- Symlinking: /home/saitama1/ros2_foxy/install/rosidl_parser/share/rosidl_parser/environment/pythonpath.sh
-- Symlinking: /home/saitama1/ros2_foxy/install/rosidl_parser/share/rosidl_parser/environment/pythonpath.dsv
-- Symlinking: /home/saitama1/ros2_foxy/install/rosidl_parser/lib/python3.8/site-packages/rosidl_parser/__init__.py
-- Symlinking: /home/saitama1/ros2_foxy/install/rosidl_parser/lib/python3.8/site-packages/rosidl_parser/definition.py
-- Symlinking: /home/saitama1/ros2_foxy/install/rosidl_parser/lib/python3.8/site-packages/rosidl_parser/grammar.lark
-- Symlinking: /home/saitama1/ros2_foxy/install/rosidl_parser/lib/python3.8/site-packages/rosidl_parser/parser.py
-- Symlinking: /home/saitama1/ros2_foxy/install/rosidl_parser/share/ament_index/resource_index/package_run_dependencies/rosidl_parser
-- Symlinking: /home/saitama1/ros2_foxy/install/rosidl_parser/share/ament_index/resource_index/parent_prefix_path/rosidl_parser
-- Symlinking: /home/saitama1/ros2_foxy/install/rosidl_parser/share/rosidl_parser/environment/ament_prefix_path.sh
-- Symlinking: /home/saitama1/ros2_foxy/install/rosidl_parser/share/rosidl_parser/environment/ament_prefix_path.dsv
-- Symlinking: /home/saitama1/ros2_foxy/install/rosidl_parser/share/rosidl_parser/environment/path.sh
-- Symlinking: /home/saitama1/ros2_foxy/install/rosidl_parser/share/rosidl_parser/environment/path.dsv
-- Symlinking: /home/saitama1/ros2_foxy/install/rosidl_parser/share/rosidl_parser/local_setup.bash
-- Symlinking: /home/saitama1/ros2_foxy/install/rosidl_parser/share/rosidl_parser/local_setup.sh
-- Symlinking: /home/saitama1/ros2_foxy/install/rosidl_parser/share/rosidl_parser/local_setup.zsh
-- Symlinking: /home/saitama1/ros2_foxy/install/rosidl_parser/share/rosidl_parser/local_setup.dsv
-- Symlinking: /home/saitama1/ros2_foxy/install/rosidl_parser/share/rosidl_parser/package.dsv
-- Symlinking: /home/saitama1/ros2_foxy/install/rosidl_parser/share/ament_index/resource_index/packages/rosidl_parser
-- Symlinking: /home/saitama1/ros2_foxy/install/rosidl_parser/share/rosidl_parser/cmake/rosidl_parserConfig.cmake
-- Symlinking: /home/saitama1/ros2_foxy/install/rosidl_parser/share/rosidl_parser/cmake/rosidl_parserConfig-version.cmake
-- Symlinking: /home/saitama1/ros2_foxy/install/rosidl_parser/share/rosidl_parser/package.xml
-- Symlinking: /home/saitama1/ros2_foxy/install/rosidl_parser/lib/rosidl_parser/idl2png
Listing '/home/saitama1/ros2_foxy/install/rosidl_parser/lib/python3.8/site-packages/rosidl_parser'...
