-- The C compiler identification is GNU 9.3.0
-- The CXX compiler identification is GNU 9.3.0
-- Check for working C compiler: /usr/bin/cc
-- Check for working C compiler: /usr/bin/cc -- works
-- Detecting C compiler ABI info
-- Detecting C compiler ABI info - done
-- Detecting C compile features
-- Detecting C compile features - done
-- Check for working CXX compiler: /usr/bin/c++
-- Check for working CXX compiler: /usr/bin/c++ -- works
-- Detecting CXX compiler ABI info
-- Detecting CXX compiler ABI info - done
-- Detecting CXX compile features
-- Detecting CXX compile features - done
-- Found foonathan_memory 0.6.2
-- Found PythonInterp: /usr/bin/python3 (found suitable version "3.8.10", minimum required is "3") 
-- Using PYTHON_EXECUTABLE: /usr/bin/python3
-- Configuring done
-- Generating done
-- Build files have been written to: /home/saitama1/Pictures/ros2-picas/ros2_foxy/build/foonathan_memory_vendor
-- Install configuration: ""
-- Installing: /home/saitama1/Pictures/ros2-picas/ros2_foxy/install/foonathan_memory_vendor/share/foonathan_memory_vendor/package.xml
-- Installing: /home/saitama1/Pictures/ros2-picas/ros2_foxy/install/foonathan_memory_vendor/share/foonathan_memory_vendor/cmake/foonathan_memory_vendorConfig.cmake
-- Installing: /home/saitama1/Pictures/ros2-picas/ros2_foxy/install/foonathan_memory_vendor/share/foonathan_memory_vendor/cmake/foonathan_memory_vendorConfig-version.cmake
