-- Found ament_cmake: 0.9.8 (/home/saitama1/ros2_foxy/install/ament_cmake/share/ament_cmake/cmake)
-- Found PythonInterp: /usr/bin/python3 (found suitable version "3.8.10", minimum required is "3") 
-- Using PYTHON_EXECUTABLE: /usr/bin/python3
-- Override CMake install command with custom implementation using symlinks instead of copying resources
-- Found rcpputils: 1.3.1 (/home/saitama1/ros2_foxy/install/rcpputils/share/rcpputils/cmake)
-- Found rmw: 1.0.3 (/home/saitama1/ros2_foxy/install/rmw/share/rmw/cmake)
-- Found rosidl_default_generators: 1.0.1 (/home/saitama1/ros2_foxy/install/rosidl_default_generators/share/rosidl_default_generators/cmake)
-- Using all available rosidl_typesupport_c: rosidl_typesupport_introspection_c;rosidl_typesupport_fastrtps_c
-- Found rosidl_adapter: 1.2.1 (/home/saitama1/ros2_foxy/install/rosidl_adapter/share/rosidl_adapter/cmake)
-- Using all available rosidl_typesupport_cpp: rosidl_typesupport_introspection_cpp;rosidl_typesupport_fastrtps_cpp
-- Found PythonInterp: /usr/bin/python3 (found version "3.8.10") 
-- Found ament_cmake_ros: 0.9.2 (/home/saitama1/ros2_foxy/install/ament_cmake_ros/share/ament_cmake_ros/cmake)
-- Using all available rosidl_typesupport_c: rosidl_typesupport_introspection_c;rosidl_typesupport_fastrtps_c
-- Using all available rosidl_typesupport_cpp: rosidl_typesupport_introspection_cpp;rosidl_typesupport_fastrtps_cpp
-- Found PythonInterp: /usr/bin/python3 (found suitable version "3.8.10", minimum required is "3.5") 
-- Found python_cmake_module: 0.8.1 (/home/saitama1/ros2_foxy/install/python_cmake_module/share/python_cmake_module/cmake)
-- Using PYTHON_EXECUTABLE: /usr/bin/python3
-- Using PYTHON_INCLUDE_DIRS: /usr/include/python3.8
-- Using PYTHON_LIBRARIES: /usr/lib/x86_64-linux-gnu/libpython3.8.so
-- Found ament_lint_auto: 0.9.6 (/home/saitama1/ros2_foxy/install/ament_lint_auto/share/ament_lint_auto/cmake)
-- Found gmock sources under '/home/saitama1/ros2_foxy/install/gmock_vendor/src/gmock_vendor': C++ tests using 'Google Mock' will be built
-- Found gtest sources under '/home/saitama1/ros2_foxy/install/gtest_vendor/src/gtest_vendor': C++ tests using 'Google Test' will be built
-- Performance tests are disabled by default, so Google Benchmark tests will be skipped. To enable these tests, set the CMake variable 'AMENT_RUN_PERFORMANCE_TESTS'.
-- Added test 'copyright' to check source files copyright and LICENSE
-- Added test 'cppcheck' to perform static code analysis on C / C++ code
-- Configured cppcheck include dirs: /home/saitama1/ros2_foxy/install/performance_test_fixture/include;$<BUILD_INTERFACE:/home/saitama1/ros2_foxy/src/ros2/rmw_dds_common/rmw_dds_common/include>
-- Configured cppcheck exclude dirs and/or files: 
-- Added test 'cpplint' to check C / C++ code against the Google style
-- Configured cpplint exclude dirs and/or files: 
-- Added test 'lint_cmake' to check CMake code style
-- Added test 'uncrustify' to check C / C++ code style
-- Configured uncrustify additional arguments: 
-- Added test 'xmllint' to check XML markup files
-- Configuring done
-- Generating done
-- Build files have been written to: /home/saitama1/ros2_foxy/build/rmw_dds_common
[  1%] [32m[1mLinking C shared library librmw_dds_common__rosidl_generator_c.so[0m
[  4%] Built target gmock_main
[  9%] Built target gmock
[ 11%] Built target rmw_dds_common__cpp
[35m[1mScanning dependencies of target rmw_dds_common__rosidl_typesupport_cpp[0m
[ 13%] [32mBuilding CXX object CMakeFiles/rmw_dds_common__rosidl_typesupport_cpp.dir/rosidl_typesupport_cpp/rmw_dds_common/msg/node_entities_info__type_support.cpp.o[0m
[ 19%] Built target rmw_dds_common__rosidl_generator_c
[ 21%] [32mBuilding CXX object CMakeFiles/rmw_dds_common__rosidl_typesupport_cpp.dir/rosidl_typesupport_cpp/rmw_dds_common/msg/gid__type_support.cpp.o[0m
[ 22%] [32m[1mLinking CXX shared library librmw_dds_common__rosidl_typesupport_fastrtps_cpp.so[0m
[ 24%] [32m[1mLinking CXX shared library librmw_dds_common__rosidl_typesupport_introspection_cpp.so[0m
[ 26%] [32mBuilding CXX object CMakeFiles/rmw_dds_common__rosidl_typesupport_cpp.dir/rosidl_typesupport_cpp/rmw_dds_common/msg/participant_entities_info__type_support.cpp.o[0m
[ 27%] [34m[1mGenerating C type support dispatch for ROS interfaces[0m
[ 29%] [32m[1mLinking C shared library librmw_dds_common__rosidl_typesupport_introspection_c.so[0m
[ 36%] Built target rmw_dds_common__rosidl_typesupport_introspection_c
[ 42%] Built target rmw_dds_common__rosidl_typesupport_fastrtps_cpp
[ 49%] Built target rmw_dds_common__rosidl_typesupport_introspection_cpp
[ 50%] [32m[1mLinking CXX shared library librmw_dds_common__rosidl_typesupport_fastrtps_c.so[0m
[ 52%] [32m[1mLinking CXX shared library librmw_dds_common__rosidl_typesupport_cpp.so[0m
[ 59%] Built target rmw_dds_common__rosidl_typesupport_fastrtps_c
[ 60%] Built target rmw_dds_common__rosidl_typesupport_cpp
[35m[1mScanning dependencies of target rmw_dds_common__rosidl_typesupport_c[0m
[ 62%] [32mBuilding CXX object CMakeFiles/rmw_dds_common__rosidl_typesupport_c.dir/rosidl_typesupport_c/rmw_dds_common/msg/participant_entities_info__type_support.cpp.o[0m
[ 63%] [32mBuilding CXX object CMakeFiles/rmw_dds_common__rosidl_typesupport_c.dir/rosidl_typesupport_c/rmw_dds_common/msg/node_entities_info__type_support.cpp.o[0m
[ 65%] [32mBuilding CXX object CMakeFiles/rmw_dds_common__rosidl_typesupport_c.dir/rosidl_typesupport_c/rmw_dds_common/msg/gid__type_support.cpp.o[0m
[ 67%] [32m[1mLinking CXX shared library librmw_dds_common__rosidl_typesupport_c.so[0m
[ 67%] Built target rmw_dds_common__rosidl_typesupport_c
[ 67%] Built target rmw_dds_common
[35m[1mScanning dependencies of target rmw_dds_common_library[0m
[35m[1mScanning dependencies of target rmw_dds_common__py[0m
[ 68%] [32mBuilding CXX object CMakeFiles/rmw_dds_common_library.dir/src/graph_cache.cpp.o[0m
[ 70%] [32mBuilding CXX object CMakeFiles/rmw_dds_common_library.dir/src/gid_utils.cpp.o[0m
[ 72%] Built target rmw_dds_common__py
[ 73%] [32m[1mLinking C shared library rosidl_generator_py/rmw_dds_common/librmw_dds_common__python.so[0m
[ 78%] Built target rmw_dds_common__python
[35m[1mScanning dependencies of target rmw_dds_common__rosidl_typesupport_fastrtps_c__pyext[0m
[ 80%] [32m[1mLinking C shared library rosidl_generator_py/rmw_dds_common/rmw_dds_common_s__rosidl_typesupport_c.cpython-38-x86_64-linux-gnu.so[0m
[ 81%] [32m[1mLinking C shared library rosidl_generator_py/rmw_dds_common/rmw_dds_common_s__rosidl_typesupport_introspection_c.cpython-38-x86_64-linux-gnu.so[0m
[ 83%] [32mBuilding C object CMakeFiles/rmw_dds_common__rosidl_typesupport_fastrtps_c__pyext.dir/rosidl_generator_py/rmw_dds_common/_rmw_dds_common_s.ep.rosidl_typesupport_fastrtps_c.c.o[0m
[ 85%] Built target rmw_dds_common__rosidl_typesupport_c__pyext
[ 86%] Built target rmw_dds_common__rosidl_typesupport_introspection_c__pyext
[ 88%] [32m[1mLinking CXX shared library rosidl_generator_py/rmw_dds_common/rmw_dds_common_s__rosidl_typesupport_fastrtps_c.cpython-38-x86_64-linux-gnu.so[0m
[ 88%] Built target rmw_dds_common__rosidl_typesupport_fastrtps_c__pyext
[ 90%] [32m[1mLinking CXX shared library librmw_dds_common.so[0m
[ 90%] Built target rmw_dds_common_library
[ 91%] [32m[1mLinking CXX executable benchmark_graph_cache[0m
[ 93%] [32m[1mLinking CXX executable test_gid_utils[0m
[ 95%] [32m[1mLinking CXX executable test_graph_cache[0m
[ 96%] Built target benchmark_graph_cache
[ 98%] Built target test_gid_utils
[100%] Built target test_graph_cache
-- Install configuration: ""
-- Execute custom install script
-- Symlinking: /home/saitama1/ros2_foxy/install/rmw_dds_common/share/ament_index/resource_index/rosidl_interfaces/rmw_dds_common
-- Symlinking: /home/saitama1/ros2_foxy/install/rmw_dds_common/include/rmw_dds_common/msg/detail/gid__functions.h
-- Symlinking: /home/saitama1/ros2_foxy/install/rmw_dds_common/include/rmw_dds_common/msg/detail/gid__struct.h
-- Symlinking: /home/saitama1/ros2_foxy/install/rmw_dds_common/include/rmw_dds_common/msg/detail/gid__type_support.h
-- Symlinking: /home/saitama1/ros2_foxy/install/rmw_dds_common/include/rmw_dds_common/msg/detail/node_entities_info__functions.h
-- Symlinking: /home/saitama1/ros2_foxy/install/rmw_dds_common/include/rmw_dds_common/msg/detail/node_entities_info__struct.h
-- Symlinking: /home/saitama1/ros2_foxy/install/rmw_dds_common/include/rmw_dds_common/msg/detail/node_entities_info__type_support.h
-- Symlinking: /home/saitama1/ros2_foxy/install/rmw_dds_common/include/rmw_dds_common/msg/detail/participant_entities_info__functions.h
-- Symlinking: /home/saitama1/ros2_foxy/install/rmw_dds_common/include/rmw_dds_common/msg/detail/participant_entities_info__struct.h
-- Symlinking: /home/saitama1/ros2_foxy/install/rmw_dds_common/include/rmw_dds_common/msg/detail/participant_entities_info__type_support.h
-- Symlinking: /home/saitama1/ros2_foxy/install/rmw_dds_common/include/rmw_dds_common/msg/gid.h
-- Symlinking: /home/saitama1/ros2_foxy/install/rmw_dds_common/include/rmw_dds_common/msg/node_entities_info.h
-- Symlinking: /home/saitama1/ros2_foxy/install/rmw_dds_common/include/rmw_dds_common/msg/participant_entities_info.h
-- Symlinking: /home/saitama1/ros2_foxy/install/rmw_dds_common/include/rmw_dds_common/msg/rosidl_generator_c__visibility_control.h
-- Symlinking: /home/saitama1/ros2_foxy/install/rmw_dds_common/share/rmw_dds_common/environment/library_path.sh
-- Symlinking: /home/saitama1/ros2_foxy/install/rmw_dds_common/share/rmw_dds_common/environment/library_path.dsv
-- Symlinking: /home/saitama1/ros2_foxy/install/rmw_dds_common/include/rmw_dds_common/msg/detail/gid__rosidl_typesupport_introspection_c.h
-- Symlinking: /home/saitama1/ros2_foxy/install/rmw_dds_common/include/rmw_dds_common/msg/detail/node_entities_info__rosidl_typesupport_introspection_c.h
-- Symlinking: /home/saitama1/ros2_foxy/install/rmw_dds_common/include/rmw_dds_common/msg/detail/participant_entities_info__rosidl_typesupport_introspection_c.h
-- Symlinking: /home/saitama1/ros2_foxy/install/rmw_dds_common/include/rmw_dds_common/msg/rosidl_typesupport_introspection_c__visibility_control.h
-- Symlinking: /home/saitama1/ros2_foxy/install/rmw_dds_common/include/rmw_dds_common/msg/detail/gid__rosidl_typesupport_fastrtps_c.h
-- Symlinking: /home/saitama1/ros2_foxy/install/rmw_dds_common/include/rmw_dds_common/msg/detail/node_entities_info__rosidl_typesupport_fastrtps_c.h
-- Symlinking: /home/saitama1/ros2_foxy/install/rmw_dds_common/include/rmw_dds_common/msg/detail/participant_entities_info__rosidl_typesupport_fastrtps_c.h
-- Symlinking: /home/saitama1/ros2_foxy/install/rmw_dds_common/include/rmw_dds_common/msg/rosidl_typesupport_fastrtps_c__visibility_control.h
-- Symlinking: /home/saitama1/ros2_foxy/install/rmw_dds_common/lib/librmw_dds_common__rosidl_typesupport_fastrtps_c.so
-- Symlinking: /home/saitama1/ros2_foxy/install/rmw_dds_common/include/rmw_dds_common/msg/detail/gid__rosidl_typesupport_fastrtps_cpp.hpp
-- Symlinking: /home/saitama1/ros2_foxy/install/rmw_dds_common/include/rmw_dds_common/msg/detail/node_entities_info__rosidl_typesupport_fastrtps_cpp.hpp
-- Symlinking: /home/saitama1/ros2_foxy/install/rmw_dds_common/include/rmw_dds_common/msg/detail/participant_entities_info__rosidl_typesupport_fastrtps_cpp.hpp
-- Symlinking: /home/saitama1/ros2_foxy/install/rmw_dds_common/include/rmw_dds_common/msg/rosidl_typesupport_fastrtps_cpp__visibility_control.h
-- Symlinking: /home/saitama1/ros2_foxy/install/rmw_dds_common/lib/librmw_dds_common__rosidl_typesupport_fastrtps_cpp.so
-- Symlinking: /home/saitama1/ros2_foxy/install/rmw_dds_common/include/rmw_dds_common/msg/detail/gid__builder.hpp
-- Symlinking: /home/saitama1/ros2_foxy/install/rmw_dds_common/include/rmw_dds_common/msg/detail/gid__struct.hpp
-- Symlinking: /home/saitama1/ros2_foxy/install/rmw_dds_common/include/rmw_dds_common/msg/detail/gid__traits.hpp
-- Symlinking: /home/saitama1/ros2_foxy/install/rmw_dds_common/include/rmw_dds_common/msg/detail/node_entities_info__builder.hpp
-- Symlinking: /home/saitama1/ros2_foxy/install/rmw_dds_common/include/rmw_dds_common/msg/detail/node_entities_info__struct.hpp
-- Symlinking: /home/saitama1/ros2_foxy/install/rmw_dds_common/include/rmw_dds_common/msg/detail/node_entities_info__traits.hpp
-- Symlinking: /home/saitama1/ros2_foxy/install/rmw_dds_common/include/rmw_dds_common/msg/detail/participant_entities_info__builder.hpp
-- Symlinking: /home/saitama1/ros2_foxy/install/rmw_dds_common/include/rmw_dds_common/msg/detail/participant_entities_info__struct.hpp
-- Symlinking: /home/saitama1/ros2_foxy/install/rmw_dds_common/include/rmw_dds_common/msg/detail/participant_entities_info__traits.hpp
-- Symlinking: /home/saitama1/ros2_foxy/install/rmw_dds_common/include/rmw_dds_common/msg/gid.hpp
-- Symlinking: /home/saitama1/ros2_foxy/install/rmw_dds_common/include/rmw_dds_common/msg/node_entities_info.hpp
-- Symlinking: /home/saitama1/ros2_foxy/install/rmw_dds_common/include/rmw_dds_common/msg/participant_entities_info.hpp
-- Symlinking: /home/saitama1/ros2_foxy/install/rmw_dds_common/include/rmw_dds_common/msg/detail/gid__rosidl_typesupport_introspection_cpp.hpp
-- Symlinking: /home/saitama1/ros2_foxy/install/rmw_dds_common/include/rmw_dds_common/msg/detail/node_entities_info__rosidl_typesupport_introspection_cpp.hpp
-- Symlinking: /home/saitama1/ros2_foxy/install/rmw_dds_common/include/rmw_dds_common/msg/detail/participant_entities_info__rosidl_typesupport_introspection_cpp.hpp
-- Symlinking: /home/saitama1/ros2_foxy/install/rmw_dds_common/share/rmw_dds_common/environment/pythonpath.sh
-- Symlinking: /home/saitama1/ros2_foxy/install/rmw_dds_common/share/rmw_dds_common/environment/pythonpath.dsv
-- Symlinking: /home/saitama1/ros2_foxy/install/rmw_dds_common/lib/python3.8/site-packages/rmw_dds_common/__init__.py
-- Symlinking: /home/saitama1/ros2_foxy/install/rmw_dds_common/lib/python3.8/site-packages/rmw_dds_common/msg/__init__.py
-- Symlinking: /home/saitama1/ros2_foxy/install/rmw_dds_common/lib/python3.8/site-packages/rmw_dds_common/msg/_gid.py
-- Symlinking: /home/saitama1/ros2_foxy/install/rmw_dds_common/lib/python3.8/site-packages/rmw_dds_common/msg/_node_entities_info.py
-- Symlinking: /home/saitama1/ros2_foxy/install/rmw_dds_common/lib/python3.8/site-packages/rmw_dds_common/msg/_participant_entities_info.py
-- Symlinking: /home/saitama1/ros2_foxy/install/rmw_dds_common/lib/python3.8/site-packages/rmw_dds_common/rmw_dds_common_s__rosidl_typesupport_introspection_c.cpython-38-x86_64-linux-gnu.so
-- Symlinking: /home/saitama1/ros2_foxy/install/rmw_dds_common/lib/python3.8/site-packages/rmw_dds_common/rmw_dds_common_s__rosidl_typesupport_fastrtps_c.cpython-38-x86_64-linux-gnu.so
-- Symlinking: /home/saitama1/ros2_foxy/install/rmw_dds_common/lib/python3.8/site-packages/rmw_dds_common/rmw_dds_common_s__rosidl_typesupport_c.cpython-38-x86_64-linux-gnu.so
-- Symlinking: /home/saitama1/ros2_foxy/install/rmw_dds_common/lib/librmw_dds_common__python.so
-- Symlinking: /home/saitama1/ros2_foxy/install/rmw_dds_common/share/rmw_dds_common/msg/Gid.idl
-- Symlinking: /home/saitama1/ros2_foxy/install/rmw_dds_common/share/rmw_dds_common/msg/NodeEntitiesInfo.idl
-- Symlinking: /home/saitama1/ros2_foxy/install/rmw_dds_common/share/rmw_dds_common/msg/ParticipantEntitiesInfo.idl
-- Symlinking: /home/saitama1/ros2_foxy/install/rmw_dds_common/share/rmw_dds_common/msg/Gid.msg
-- Symlinking: /home/saitama1/ros2_foxy/install/rmw_dds_common/share/rmw_dds_common/msg/NodeEntitiesInfo.msg
-- Symlinking: /home/saitama1/ros2_foxy/install/rmw_dds_common/share/rmw_dds_common/msg/ParticipantEntitiesInfo.msg
-- Symlinking: /home/saitama1/ros2_foxy/install/rmw_dds_common/include/rmw_dds_common/context.hpp
-- Symlinking: /home/saitama1/ros2_foxy/install/rmw_dds_common/include/rmw_dds_common/gid_utils.hpp
-- Symlinking: /home/saitama1/ros2_foxy/install/rmw_dds_common/include/rmw_dds_common/graph_cache.hpp
-- Symlinking: /home/saitama1/ros2_foxy/install/rmw_dds_common/include/rmw_dds_common/visibility_control.h
-- Symlinking: /home/saitama1/ros2_foxy/install/rmw_dds_common/share/ament_index/resource_index/package_run_dependencies/rmw_dds_common
-- Symlinking: /home/saitama1/ros2_foxy/install/rmw_dds_common/share/ament_index/resource_index/parent_prefix_path/rmw_dds_common
-- Symlinking: /home/saitama1/ros2_foxy/install/rmw_dds_common/share/rmw_dds_common/environment/ament_prefix_path.sh
-- Symlinking: /home/saitama1/ros2_foxy/install/rmw_dds_common/share/rmw_dds_common/environment/ament_prefix_path.dsv
-- Symlinking: /home/saitama1/ros2_foxy/install/rmw_dds_common/share/rmw_dds_common/environment/path.sh
-- Symlinking: /home/saitama1/ros2_foxy/install/rmw_dds_common/share/rmw_dds_common/environment/path.dsv
-- Symlinking: /home/saitama1/ros2_foxy/install/rmw_dds_common/share/rmw_dds_common/local_setup.bash
-- Symlinking: /home/saitama1/ros2_foxy/install/rmw_dds_common/share/rmw_dds_common/local_setup.sh
-- Symlinking: /home/saitama1/ros2_foxy/install/rmw_dds_common/share/rmw_dds_common/local_setup.zsh
-- Symlinking: /home/saitama1/ros2_foxy/install/rmw_dds_common/share/rmw_dds_common/local_setup.dsv
-- Symlinking: /home/saitama1/ros2_foxy/install/rmw_dds_common/share/rmw_dds_common/package.dsv
-- Symlinking: /home/saitama1/ros2_foxy/install/rmw_dds_common/share/ament_index/resource_index/packages/rmw_dds_common
-- Symlinking: /home/saitama1/ros2_foxy/install/rmw_dds_common/share/rmw_dds_common/cmake/ament_cmake_export_dependencies-extras.cmake
-- Symlinking: /home/saitama1/ros2_foxy/install/rmw_dds_common/share/rmw_dds_common/cmake/rosidl_cmake-extras.cmake
-- Symlinking: /home/saitama1/ros2_foxy/install/rmw_dds_common/share/rmw_dds_common/cmake/ament_cmake_export_libraries-extras.cmake
-- Symlinking: /home/saitama1/ros2_foxy/install/rmw_dds_common/share/rmw_dds_common/cmake/ament_cmake_export_targets-extras.cmake
-- Symlinking: /home/saitama1/ros2_foxy/install/rmw_dds_common/share/rmw_dds_common/cmake/ament_cmake_export_include_directories-extras.cmake
-- Symlinking: /home/saitama1/ros2_foxy/install/rmw_dds_common/share/rmw_dds_common/cmake/rosidl_cmake_export_typesupport_targets-extras.cmake
-- Symlinking: /home/saitama1/ros2_foxy/install/rmw_dds_common/share/rmw_dds_common/cmake/rosidl_cmake_export_typesupport_libraries-extras.cmake
-- Symlinking: /home/saitama1/ros2_foxy/install/rmw_dds_common/share/rmw_dds_common/cmake/rmw_dds_commonConfig.cmake
-- Symlinking: /home/saitama1/ros2_foxy/install/rmw_dds_common/share/rmw_dds_common/cmake/rmw_dds_commonConfig-version.cmake
-- Symlinking: /home/saitama1/ros2_foxy/install/rmw_dds_common/share/rmw_dds_common/package.xml
-- Installing: /home/saitama1/ros2_foxy/install/rmw_dds_common/lib/librmw_dds_common__rosidl_generator_c.so
-- Set runtime path of "/home/saitama1/ros2_foxy/install/rmw_dds_common/lib/librmw_dds_common__rosidl_generator_c.so" to ""
-- Installing: /home/saitama1/ros2_foxy/install/rmw_dds_common/lib/librmw_dds_common__rosidl_typesupport_introspection_c.so
-- Set runtime path of "/home/saitama1/ros2_foxy/install/rmw_dds_common/lib/librmw_dds_common__rosidl_typesupport_introspection_c.so" to ""
-- Installing: /home/saitama1/ros2_foxy/install/rmw_dds_common/lib/librmw_dds_common__rosidl_typesupport_c.so
-- Set runtime path of "/home/saitama1/ros2_foxy/install/rmw_dds_common/lib/librmw_dds_common__rosidl_typesupport_c.so" to ""
-- Installing: /home/saitama1/ros2_foxy/install/rmw_dds_common/lib/librmw_dds_common__rosidl_typesupport_introspection_cpp.so
-- Set runtime path of "/home/saitama1/ros2_foxy/install/rmw_dds_common/lib/librmw_dds_common__rosidl_typesupport_introspection_cpp.so" to ""
-- Installing: /home/saitama1/ros2_foxy/install/rmw_dds_common/lib/librmw_dds_common__rosidl_typesupport_cpp.so
-- Set runtime path of "/home/saitama1/ros2_foxy/install/rmw_dds_common/lib/librmw_dds_common__rosidl_typesupport_cpp.so" to ""
Compiling '/home/saitama1/ros2_foxy/install/rmw_dds_common/lib/python3.8/site-packages/rmw_dds_common/__init__.py'...
-- Installing: /home/saitama1/ros2_foxy/install/rmw_dds_common/lib/librmw_dds_common.so
-- Set runtime path of "/home/saitama1/ros2_foxy/install/rmw_dds_common/lib/librmw_dds_common.so" to ""
-- Up-to-date: /home/saitama1/ros2_foxy/install/rmw_dds_common/share/rmw_dds_common/cmake/rmw_dds_common__rosidl_generator_cExport.cmake
-- Installing: /home/saitama1/ros2_foxy/install/rmw_dds_common/share/rmw_dds_common/cmake/rmw_dds_common__rosidl_generator_cExport-noconfig.cmake
-- Up-to-date: /home/saitama1/ros2_foxy/install/rmw_dds_common/share/rmw_dds_common/cmake/rmw_dds_common__rosidl_typesupport_introspection_cExport.cmake
-- Installing: /home/saitama1/ros2_foxy/install/rmw_dds_common/share/rmw_dds_common/cmake/rmw_dds_common__rosidl_typesupport_introspection_cExport-noconfig.cmake
-- Up-to-date: /home/saitama1/ros2_foxy/install/rmw_dds_common/share/rmw_dds_common/cmake/rmw_dds_common__rosidl_typesupport_cExport.cmake
-- Installing: /home/saitama1/ros2_foxy/install/rmw_dds_common/share/rmw_dds_common/cmake/rmw_dds_common__rosidl_typesupport_cExport-noconfig.cmake
-- Up-to-date: /home/saitama1/ros2_foxy/install/rmw_dds_common/share/rmw_dds_common/cmake/rmw_dds_common__rosidl_generator_cppExport.cmake
-- Up-to-date: /home/saitama1/ros2_foxy/install/rmw_dds_common/share/rmw_dds_common/cmake/rmw_dds_common__rosidl_typesupport_introspection_cppExport.cmake
-- Installing: /home/saitama1/ros2_foxy/install/rmw_dds_common/share/rmw_dds_common/cmake/rmw_dds_common__rosidl_typesupport_introspection_cppExport-noconfig.cmake
-- Up-to-date: /home/saitama1/ros2_foxy/install/rmw_dds_common/share/rmw_dds_common/cmake/rmw_dds_common__rosidl_typesupport_cppExport.cmake
-- Installing: /home/saitama1/ros2_foxy/install/rmw_dds_common/share/rmw_dds_common/cmake/rmw_dds_common__rosidl_typesupport_cppExport-noconfig.cmake
-- Up-to-date: /home/saitama1/ros2_foxy/install/rmw_dds_common/share/rmw_dds_common/cmake/rmw_dds_common_libraryExport.cmake
-- Installing: /home/saitama1/ros2_foxy/install/rmw_dds_common/share/rmw_dds_common/cmake/rmw_dds_common_libraryExport-noconfig.cmake
