-- Found ament_cmake_ros: 0.9.2 (/home/saitama1/ros2_foxy/install/ament_cmake_ros/share/ament_cmake_ros/cmake)
-- Using PYTHON_EXECUTABLE: /usr/bin/python3
-- Override CMake install command with custom implementation using symlinks instead of copying resources
-- Found rcutils: 1.1.3 (/home/saitama1/ros2_foxy/install/rcutils/share/rcutils/cmake)
-- Found spdlog_vendor: 1.1.3 (/home/saitama1/ros2_foxy/install/spdlog_vendor/share/spdlog_vendor/cmake)
-- Found rcpputils: 1.3.1 (/home/saitama1/ros2_foxy/install/rcpputils/share/rcpputils/cmake)
-- Found ament_lint_auto: 0.9.6 (/home/saitama1/ros2_foxy/install/ament_lint_auto/share/ament_lint_auto/cmake)
-- Found gtest sources under '/home/saitama1/ros2_foxy/install/gtest_vendor/src/gtest_vendor': C++ tests using 'Google Test' will be built
-- Performance tests are disabled by default, so Google Benchmark tests will be skipped. To enable these tests, set the CMake variable 'AMENT_RUN_PERFORMANCE_TESTS'.
-- Added test 'copyright' to check source files copyright and LICENSE
-- Added test 'cppcheck' to perform static code analysis on C / C++ code
-- Configured cppcheck include dirs: /home/saitama1/ros2_foxy/install/performance_test_fixture/include;$<BUILD_INTERFACE:/home/saitama1/ros2_foxy/src/ros2/rcl_logging/rcl_logging_spdlog/include>
-- Configured cppcheck exclude dirs and/or files: 
-- Added test 'cpplint' to check C / C++ code against the Google style
-- Configured cpplint exclude dirs and/or files: 
-- Added test 'lint_cmake' to check CMake code style
-- Added test 'uncrustify' to check C / C++ code style
-- Configured uncrustify additional arguments: 
-- Added test 'xmllint' to check XML markup files
-- Configuring done
-- Generating done
-- Build files have been written to: /home/saitama1/ros2_foxy/build/rcl_logging_spdlog
[ 20%] Built target gtest_main
[ 30%] [32mBuilding CXX object CMakeFiles/rcl_logging_spdlog.dir/src/rcl_logging_spdlog.cpp.o[0m
[ 50%] Built target gtest
[ 60%] [32m[1mLinking CXX shared library librcl_logging_spdlog.so[0m
[ 60%] Built target rcl_logging_spdlog
[ 70%] [32mBuilding CXX object CMakeFiles/benchmark_logging_interface.dir/test/benchmark/benchmark_logging_interface.cpp.o[0m
[ 80%] [32mBuilding CXX object CMakeFiles/test_logging_interface.dir/test/test_logging_interface.cpp.o[0m
[ 90%] [32m[1mLinking CXX executable benchmark_logging_interface[0m
[100%] [32m[1mLinking CXX executable test_logging_interface[0m
[100%] Built target benchmark_logging_interface
[100%] Built target test_logging_interface
-- Install configuration: ""
-- Execute custom install script
-- Symlinking: /home/saitama1/ros2_foxy/install/rcl_logging_spdlog/include/rcl_logging_spdlog/logging_interface.h
-- Symlinking: /home/saitama1/ros2_foxy/install/rcl_logging_spdlog/include/rcl_logging_spdlog/visibility_control.h
-- Symlinking: /home/saitama1/ros2_foxy/install/rcl_logging_spdlog/share/rcl_logging_spdlog/environment/library_path.sh
-- Symlinking: /home/saitama1/ros2_foxy/install/rcl_logging_spdlog/share/rcl_logging_spdlog/environment/library_path.dsv
-- Symlinking: /home/saitama1/ros2_foxy/install/rcl_logging_spdlog/share/ament_index/resource_index/package_run_dependencies/rcl_logging_spdlog
-- Symlinking: /home/saitama1/ros2_foxy/install/rcl_logging_spdlog/share/ament_index/resource_index/parent_prefix_path/rcl_logging_spdlog
-- Symlinking: /home/saitama1/ros2_foxy/install/rcl_logging_spdlog/share/rcl_logging_spdlog/environment/ament_prefix_path.sh
-- Symlinking: /home/saitama1/ros2_foxy/install/rcl_logging_spdlog/share/rcl_logging_spdlog/environment/ament_prefix_path.dsv
-- Symlinking: /home/saitama1/ros2_foxy/install/rcl_logging_spdlog/share/rcl_logging_spdlog/environment/path.sh
-- Symlinking: /home/saitama1/ros2_foxy/install/rcl_logging_spdlog/share/rcl_logging_spdlog/environment/path.dsv
-- Symlinking: /home/saitama1/ros2_foxy/install/rcl_logging_spdlog/share/rcl_logging_spdlog/local_setup.bash
-- Symlinking: /home/saitama1/ros2_foxy/install/rcl_logging_spdlog/share/rcl_logging_spdlog/local_setup.sh
-- Symlinking: /home/saitama1/ros2_foxy/install/rcl_logging_spdlog/share/rcl_logging_spdlog/local_setup.zsh
-- Symlinking: /home/saitama1/ros2_foxy/install/rcl_logging_spdlog/share/rcl_logging_spdlog/local_setup.dsv
-- Symlinking: /home/saitama1/ros2_foxy/install/rcl_logging_spdlog/share/rcl_logging_spdlog/package.dsv
-- Symlinking: /home/saitama1/ros2_foxy/install/rcl_logging_spdlog/share/ament_index/resource_index/packages/rcl_logging_spdlog
-- Symlinking: /home/saitama1/ros2_foxy/install/rcl_logging_spdlog/share/rcl_logging_spdlog/cmake/ament_cmake_export_include_directories-extras.cmake
-- Symlinking: /home/saitama1/ros2_foxy/install/rcl_logging_spdlog/share/rcl_logging_spdlog/cmake/ament_cmake_export_dependencies-extras.cmake
-- Symlinking: /home/saitama1/ros2_foxy/install/rcl_logging_spdlog/share/rcl_logging_spdlog/cmake/ament_cmake_export_libraries-extras.cmake
-- Symlinking: /home/saitama1/ros2_foxy/install/rcl_logging_spdlog/share/rcl_logging_spdlog/cmake/ament_cmake_export_targets-extras.cmake
-- Symlinking: /home/saitama1/ros2_foxy/install/rcl_logging_spdlog/share/rcl_logging_spdlog/cmake/rcl_logging_spdlogConfig.cmake
-- Symlinking: /home/saitama1/ros2_foxy/install/rcl_logging_spdlog/share/rcl_logging_spdlog/cmake/rcl_logging_spdlogConfig-version.cmake
-- Symlinking: /home/saitama1/ros2_foxy/install/rcl_logging_spdlog/share/rcl_logging_spdlog/package.xml
-- Installing: /home/saitama1/ros2_foxy/install/rcl_logging_spdlog/lib/librcl_logging_spdlog.so
-- Set runtime path of "/home/saitama1/ros2_foxy/install/rcl_logging_spdlog/lib/librcl_logging_spdlog.so" to ""
-- Up-to-date: /home/saitama1/ros2_foxy/install/rcl_logging_spdlog/share/rcl_logging_spdlog/cmake/rcl_logging_spdlogExport.cmake
-- Installing: /home/saitama1/ros2_foxy/install/rcl_logging_spdlog/share/rcl_logging_spdlog/cmake/rcl_logging_spdlogExport-noconfig.cmake
