[0.886s] Invoking command in '/home/saitama1/ros2_foxy/src/ros2/launch/launch_xml': AMENT_PREFIX_PATH=/home/saitama1/ros2_foxy/install/launch:/home/saitama1/ros2_foxy/install/ament_index_python:/home/saitama1/ros2_foxy/install/ament_copyright:/home/saitama1/ros2_foxy/install/ament_pep257:/home/saitama1/ros2_foxy/install/ament_flake8:/home/saitama1/ros2_foxy/install/osrf_pycommon:/home/saitama1/ros2_foxy/install/ament_lint:/home/saitama1/ros2_foxy/install/test_interface_files:/home/saitama1/ros2_foxy/install/ros_environment:/home/saitama1/ros2_foxy/install/ament_pyflakes:/home/saitama1/ros2_foxy/install/ament_pycodestyle:/home/saitama1/ros2_foxy/install/ament_cmake_version:/home/saitama1/ros2_foxy/install/ament_cmake_test:/home/saitama1/ros2_foxy/install/ament_cmake_target_dependencies:/home/saitama1/ros2_foxy/install/ament_cmake_python:/home/saitama1/ros2_foxy/install/ament_cmake_export_dependencies:/home/saitama1/ros2_foxy/install/ament_cmake_libraries:/home/saitama1/ros2_foxy/install/ament_cmake_include_directories:/home/saitama1/ros2_foxy/install/ament_cmake_export_targets:/home/saitama1/ros2_foxy/install/ament_cmake_export_link_flags:/home/saitama1/ros2_foxy/install/ament_cmake_export_interfaces:/home/saitama1/ros2_foxy/install/ament_cmake_export_libraries:/home/saitama1/ros2_foxy/install/ament_cmake_export_include_directories:/home/saitama1/ros2_foxy/install/ament_cmake_export_definitions:/home/saitama1/ros2_foxy/install/ament_cmake_core:/home/saitama1/ros2_foxy/install/ament_package:/home/saitama1/ros2_foxy/install/ament_mypy:/home/saitama1/ros2_foxy/install/ament_cppcheck PATH=/home/saitama1/ros2_foxy/install/ament_index_python/bin:/home/saitama1/ros2_foxy/install/ament_copyright/bin:/home/saitama1/ros2_foxy/install/ament_pep257/bin:/home/saitama1/ros2_foxy/install/ament_flake8/bin:/home/saitama1/ros2_foxy/install/ament_pyflakes/bin:/home/saitama1/ros2_foxy/install/ament_pycodestyle/bin:/home/saitama1/ros2_foxy/install/ament_mypy/bin:/home/saitama1/ros2_foxy/install/ament_cppcheck/bin:/home/saitama1/.local/bin:/usr/local/sbin:/usr/local/bin:/usr/sbin:/usr/bin:/sbin:/bin:/usr/games:/usr/local/games:/snap/bin PYTHONPATH=/home/saitama1/ros2_foxy/install/launch_xml/lib/python3.8/site-packages:/home/saitama1/ros2_foxy/install/launch/lib/python3.8/site-packages:/home/saitama1/ros2_foxy/install/ament_index_python/lib/python3.8/site-packages:/home/saitama1/ros2_foxy/install/ament_copyright/lib/python3.8/site-packages:/home/saitama1/ros2_foxy/install/ament_pep257/lib/python3.8/site-packages:/home/saitama1/ros2_foxy/install/ament_flake8/lib/python3.8/site-packages:/home/saitama1/ros2_foxy/install/osrf_pycommon/lib/python3.8/site-packages:/home/saitama1/ros2_foxy/install/ament_lint/lib/python3.8/site-packages:/home/saitama1/ros2_foxy/install/ament_pyflakes/lib/python3.8/site-packages:/home/saitama1/ros2_foxy/install/ament_pycodestyle/lib/python3.8/site-packages:/home/saitama1/ros2_foxy/install/ament_cmake_test/lib/python3.8/site-packages:/home/saitama1/ros2_foxy/install/ament_package/lib/python3.8/site-packages:/home/saitama1/ros2_foxy/install/ament_mypy/lib/python3.8/site-packages:/home/saitama1/ros2_foxy/install/ament_cppcheck/lib/python3.8/site-packages /usr/bin/python3 setup.py egg_info --egg-base ../../../../build/launch_xml build --build-base /home/saitama1/ros2_foxy/build/launch_xml/build install --prefix /home/saitama1/ros2_foxy/install/launch_xml --record /home/saitama1/ros2_foxy/build/launch_xml/install.log --single-version-externally-managed
[1.238s] running egg_info
[1.239s] creating ../../../../build/launch_xml/launch_xml.egg-info
[1.239s] writing ../../../../build/launch_xml/launch_xml.egg-info/PKG-INFO
[1.239s] writing dependency_links to ../../../../build/launch_xml/launch_xml.egg-info/dependency_links.txt
[1.239s] writing entry points to ../../../../build/launch_xml/launch_xml.egg-info/entry_points.txt
[1.239s] writing requirements to ../../../../build/launch_xml/launch_xml.egg-info/requires.txt
[1.239s] writing top-level names to ../../../../build/launch_xml/launch_xml.egg-info/top_level.txt
[1.239s] writing manifest file '../../../../build/launch_xml/launch_xml.egg-info/SOURCES.txt'
[1.239s] reading manifest file '../../../../build/launch_xml/launch_xml.egg-info/SOURCES.txt'
[1.239s] writing manifest file '../../../../build/launch_xml/launch_xml.egg-info/SOURCES.txt'
[1.240s] running build
[1.240s] running build_py
[1.240s] creating /home/saitama1/ros2_foxy/build/launch_xml/build
[1.240s] creating /home/saitama1/ros2_foxy/build/launch_xml/build/lib
[1.240s] creating /home/saitama1/ros2_foxy/build/launch_xml/build/lib/launch_xml
[1.240s] copying launch_xml/__init__.py -> /home/saitama1/ros2_foxy/build/launch_xml/build/lib/launch_xml
[1.240s] copying launch_xml/parser.py -> /home/saitama1/ros2_foxy/build/launch_xml/build/lib/launch_xml
[1.240s] copying launch_xml/entity.py -> /home/saitama1/ros2_foxy/build/launch_xml/build/lib/launch_xml
[1.240s] creating /home/saitama1/ros2_foxy/build/launch_xml/build/lib/launch_xml/launch_description_sources
[1.240s] copying launch_xml/launch_description_sources/__init__.py -> /home/saitama1/ros2_foxy/build/launch_xml/build/lib/launch_xml/launch_description_sources
[1.240s] copying launch_xml/launch_description_sources/xml_launch_description_source.py -> /home/saitama1/ros2_foxy/build/launch_xml/build/lib/launch_xml/launch_description_sources
[1.240s] running install
[1.240s] running install_lib
[1.240s] creating /home/saitama1/ros2_foxy/install/launch_xml/lib/python3.8/site-packages/launch_xml
[1.241s] copying /home/saitama1/ros2_foxy/build/launch_xml/build/lib/launch_xml/__init__.py -> /home/saitama1/ros2_foxy/install/launch_xml/lib/python3.8/site-packages/launch_xml
[1.241s] copying /home/saitama1/ros2_foxy/build/launch_xml/build/lib/launch_xml/parser.py -> /home/saitama1/ros2_foxy/install/launch_xml/lib/python3.8/site-packages/launch_xml
[1.241s] creating /home/saitama1/ros2_foxy/install/launch_xml/lib/python3.8/site-packages/launch_xml/launch_description_sources
[1.241s] copying /home/saitama1/ros2_foxy/build/launch_xml/build/lib/launch_xml/launch_description_sources/__init__.py -> /home/saitama1/ros2_foxy/install/launch_xml/lib/python3.8/site-packages/launch_xml/launch_description_sources
[1.241s] copying /home/saitama1/ros2_foxy/build/launch_xml/build/lib/launch_xml/launch_description_sources/xml_launch_description_source.py -> /home/saitama1/ros2_foxy/install/launch_xml/lib/python3.8/site-packages/launch_xml/launch_description_sources
[1.241s] copying /home/saitama1/ros2_foxy/build/launch_xml/build/lib/launch_xml/entity.py -> /home/saitama1/ros2_foxy/install/launch_xml/lib/python3.8/site-packages/launch_xml
[1.241s] byte-compiling /home/saitama1/ros2_foxy/install/launch_xml/lib/python3.8/site-packages/launch_xml/__init__.py to __init__.cpython-38.pyc
[1.241s] byte-compiling /home/saitama1/ros2_foxy/install/launch_xml/lib/python3.8/site-packages/launch_xml/parser.py to parser.cpython-38.pyc
[1.241s] byte-compiling /home/saitama1/ros2_foxy/install/launch_xml/lib/python3.8/site-packages/launch_xml/launch_description_sources/__init__.py to __init__.cpython-38.pyc
[1.241s] byte-compiling /home/saitama1/ros2_foxy/install/launch_xml/lib/python3.8/site-packages/launch_xml/launch_description_sources/xml_launch_description_source.py to xml_launch_description_source.cpython-38.pyc
[1.241s] byte-compiling /home/saitama1/ros2_foxy/install/launch_xml/lib/python3.8/site-packages/launch_xml/entity.py to entity.cpython-38.pyc
[1.241s] running install_data
[1.242s] copying package.xml -> /home/saitama1/ros2_foxy/install/launch_xml/share/launch_xml
[1.242s] creating /home/saitama1/ros2_foxy/install/launch_xml/share/ament_index
[1.242s] creating /home/saitama1/ros2_foxy/install/launch_xml/share/ament_index/resource_index
[1.242s] creating /home/saitama1/ros2_foxy/install/launch_xml/share/ament_index/resource_index/packages
[1.242s] copying resource/launch_xml -> /home/saitama1/ros2_foxy/install/launch_xml/share/ament_index/resource_index/packages
[1.242s] running install_egg_info
[1.242s] Copying ../../../../build/launch_xml/launch_xml.egg-info to /home/saitama1/ros2_foxy/install/launch_xml/lib/python3.8/site-packages/launch_xml-0.10.5-py3.8.egg-info
[1.243s] running install_scripts
[1.267s] writing list of installed files to '/home/saitama1/ros2_foxy/build/launch_xml/install.log'
[1.343s] Invoked command in '/home/saitama1/ros2_foxy/src/ros2/launch/launch_xml' returned '0': AMENT_PREFIX_PATH=/home/saitama1/ros2_foxy/install/launch:/home/saitama1/ros2_foxy/install/ament_index_python:/home/saitama1/ros2_foxy/install/ament_copyright:/home/saitama1/ros2_foxy/install/ament_pep257:/home/saitama1/ros2_foxy/install/ament_flake8:/home/saitama1/ros2_foxy/install/osrf_pycommon:/home/saitama1/ros2_foxy/install/ament_lint:/home/saitama1/ros2_foxy/install/test_interface_files:/home/saitama1/ros2_foxy/install/ros_environment:/home/saitama1/ros2_foxy/install/ament_pyflakes:/home/saitama1/ros2_foxy/install/ament_pycodestyle:/home/saitama1/ros2_foxy/install/ament_cmake_version:/home/saitama1/ros2_foxy/install/ament_cmake_test:/home/saitama1/ros2_foxy/install/ament_cmake_target_dependencies:/home/saitama1/ros2_foxy/install/ament_cmake_python:/home/saitama1/ros2_foxy/install/ament_cmake_export_dependencies:/home/saitama1/ros2_foxy/install/ament_cmake_libraries:/home/saitama1/ros2_foxy/install/ament_cmake_include_directories:/home/saitama1/ros2_foxy/install/ament_cmake_export_targets:/home/saitama1/ros2_foxy/install/ament_cmake_export_link_flags:/home/saitama1/ros2_foxy/install/ament_cmake_export_interfaces:/home/saitama1/ros2_foxy/install/ament_cmake_export_libraries:/home/saitama1/ros2_foxy/install/ament_cmake_export_include_directories:/home/saitama1/ros2_foxy/install/ament_cmake_export_definitions:/home/saitama1/ros2_foxy/install/ament_cmake_core:/home/saitama1/ros2_foxy/install/ament_package:/home/saitama1/ros2_foxy/install/ament_mypy:/home/saitama1/ros2_foxy/install/ament_cppcheck PATH=/home/saitama1/ros2_foxy/install/ament_index_python/bin:/home/saitama1/ros2_foxy/install/ament_copyright/bin:/home/saitama1/ros2_foxy/install/ament_pep257/bin:/home/saitama1/ros2_foxy/install/ament_flake8/bin:/home/saitama1/ros2_foxy/install/ament_pyflakes/bin:/home/saitama1/ros2_foxy/install/ament_pycodestyle/bin:/home/saitama1/ros2_foxy/install/ament_mypy/bin:/home/saitama1/ros2_foxy/install/ament_cppcheck/bin:/home/saitama1/.local/bin:/usr/local/sbin:/usr/local/bin:/usr/sbin:/usr/bin:/sbin:/bin:/usr/games:/usr/local/games:/snap/bin PYTHONPATH=/home/saitama1/ros2_foxy/install/launch_xml/lib/python3.8/site-packages:/home/saitama1/ros2_foxy/install/launch/lib/python3.8/site-packages:/home/saitama1/ros2_foxy/install/ament_index_python/lib/python3.8/site-packages:/home/saitama1/ros2_foxy/install/ament_copyright/lib/python3.8/site-packages:/home/saitama1/ros2_foxy/install/ament_pep257/lib/python3.8/site-packages:/home/saitama1/ros2_foxy/install/ament_flake8/lib/python3.8/site-packages:/home/saitama1/ros2_foxy/install/osrf_pycommon/lib/python3.8/site-packages:/home/saitama1/ros2_foxy/install/ament_lint/lib/python3.8/site-packages:/home/saitama1/ros2_foxy/install/ament_pyflakes/lib/python3.8/site-packages:/home/saitama1/ros2_foxy/install/ament_pycodestyle/lib/python3.8/site-packages:/home/saitama1/ros2_foxy/install/ament_cmake_test/lib/python3.8/site-packages:/home/saitama1/ros2_foxy/install/ament_package/lib/python3.8/site-packages:/home/saitama1/ros2_foxy/install/ament_mypy/lib/python3.8/site-packages:/home/saitama1/ros2_foxy/install/ament_cppcheck/lib/python3.8/site-packages /usr/bin/python3 setup.py egg_info --egg-base ../../../../build/launch_xml build --build-base /home/saitama1/ros2_foxy/build/launch_xml/build install --prefix /home/saitama1/ros2_foxy/install/launch_xml --record /home/saitama1/ros2_foxy/build/launch_xml/install.log --single-version-externally-managed
