[  0%] Built target rcl_interfaces__cpp
[ 12%] Built target rcl_interfaces__rosidl_generator_c
[ 24%] Built target rcl_interfaces__rosidl_typesupport_introspection_cpp
[ 36%] Built target rcl_interfaces__rosidl_typesupport_c
[ 48%] Built target rcl_interfaces__rosidl_typesupport_introspection_c
[ 60%] Built target rcl_interfaces__rosidl_typesupport_cpp
[ 72%] Built target rcl_interfaces__rosidl_typesupport_fastrtps_cpp
[ 84%] Built target rcl_interfaces__rosidl_typesupport_fastrtps_c
[ 84%] Built target rcl_interfaces
[ 85%] Built target rcl_interfaces__py
[ 96%] Built target rcl_interfaces__python
[ 97%] Built target rcl_interfaces__rosidl_typesupport_c__pyext
[ 98%] Built target rcl_interfaces__rosidl_typesupport_fastrtps_c__pyext
[100%] Built target rcl_interfaces__rosidl_typesupport_introspection_c__pyext
-- Install configuration: ""
-- Execute custom install script
-- Up-to-date symlink: /home/saitama1/ros2_foxy/install/rcl_interfaces/share/ament_index/resource_index/rosidl_interfaces/rcl_interfaces
-- Up-to-date symlink: /home/saitama1/ros2_foxy/install/rcl_interfaces/include/rcl_interfaces/msg/detail/floating_point_range__functions.h
-- Up-to-date symlink: /home/saitama1/ros2_foxy/install/rcl_interfaces/include/rcl_interfaces/msg/detail/floating_point_range__struct.h
-- Up-to-date symlink: /home/saitama1/ros2_foxy/install/rcl_interfaces/include/rcl_interfaces/msg/detail/floating_point_range__type_support.h
-- Up-to-date symlink: /home/saitama1/ros2_foxy/install/rcl_interfaces/include/rcl_interfaces/msg/detail/integer_range__functions.h
-- Up-to-date symlink: /home/saitama1/ros2_foxy/install/rcl_interfaces/include/rcl_interfaces/msg/detail/integer_range__struct.h
-- Up-to-date symlink: /home/saitama1/ros2_foxy/install/rcl_interfaces/include/rcl_interfaces/msg/detail/integer_range__type_support.h
-- Up-to-date symlink: /home/saitama1/ros2_foxy/install/rcl_interfaces/include/rcl_interfaces/msg/detail/list_parameters_result__functions.h
-- Up-to-date symlink: /home/saitama1/ros2_foxy/install/rcl_interfaces/include/rcl_interfaces/msg/detail/list_parameters_result__struct.h
-- Up-to-date symlink: /home/saitama1/ros2_foxy/install/rcl_interfaces/include/rcl_interfaces/msg/detail/list_parameters_result__type_support.h
-- Up-to-date symlink: /home/saitama1/ros2_foxy/install/rcl_interfaces/include/rcl_interfaces/msg/detail/log__functions.h
-- Up-to-date symlink: /home/saitama1/ros2_foxy/install/rcl_interfaces/include/rcl_interfaces/msg/detail/log__struct.h
-- Up-to-date symlink: /home/saitama1/ros2_foxy/install/rcl_interfaces/include/rcl_interfaces/msg/detail/log__type_support.h
-- Up-to-date symlink: /home/saitama1/ros2_foxy/install/rcl_interfaces/include/rcl_interfaces/msg/detail/parameter__functions.h
-- Up-to-date symlink: /home/saitama1/ros2_foxy/install/rcl_interfaces/include/rcl_interfaces/msg/detail/parameter__struct.h
-- Up-to-date symlink: /home/saitama1/ros2_foxy/install/rcl_interfaces/include/rcl_interfaces/msg/detail/parameter__type_support.h
-- Up-to-date symlink: /home/saitama1/ros2_foxy/install/rcl_interfaces/include/rcl_interfaces/msg/detail/parameter_descriptor__functions.h
-- Up-to-date symlink: /home/saitama1/ros2_foxy/install/rcl_interfaces/include/rcl_interfaces/msg/detail/parameter_descriptor__struct.h
-- Up-to-date symlink: /home/saitama1/ros2_foxy/install/rcl_interfaces/include/rcl_interfaces/msg/detail/parameter_descriptor__type_support.h
-- Up-to-date symlink: /home/saitama1/ros2_foxy/install/rcl_interfaces/include/rcl_interfaces/msg/detail/parameter_event__functions.h
-- Up-to-date symlink: /home/saitama1/ros2_foxy/install/rcl_interfaces/include/rcl_interfaces/msg/detail/parameter_event__struct.h
-- Up-to-date symlink: /home/saitama1/ros2_foxy/install/rcl_interfaces/include/rcl_interfaces/msg/detail/parameter_event__type_support.h
-- Up-to-date symlink: /home/saitama1/ros2_foxy/install/rcl_interfaces/include/rcl_interfaces/msg/detail/parameter_event_descriptors__functions.h
-- Up-to-date symlink: /home/saitama1/ros2_foxy/install/rcl_interfaces/include/rcl_interfaces/msg/detail/parameter_event_descriptors__struct.h
-- Up-to-date symlink: /home/saitama1/ros2_foxy/install/rcl_interfaces/include/rcl_interfaces/msg/detail/parameter_event_descriptors__type_support.h
-- Up-to-date symlink: /home/saitama1/ros2_foxy/install/rcl_interfaces/include/rcl_interfaces/msg/detail/parameter_type__functions.h
-- Up-to-date symlink: /home/saitama1/ros2_foxy/install/rcl_interfaces/include/rcl_interfaces/msg/detail/parameter_type__struct.h
-- Up-to-date symlink: /home/saitama1/ros2_foxy/install/rcl_interfaces/include/rcl_interfaces/msg/detail/parameter_type__type_support.h
-- Up-to-date symlink: /home/saitama1/ros2_foxy/install/rcl_interfaces/include/rcl_interfaces/msg/detail/parameter_value__functions.h
-- Up-to-date symlink: /home/saitama1/ros2_foxy/install/rcl_interfaces/include/rcl_interfaces/msg/detail/parameter_value__struct.h
-- Up-to-date symlink: /home/saitama1/ros2_foxy/install/rcl_interfaces/include/rcl_interfaces/msg/detail/parameter_value__type_support.h
-- Up-to-date symlink: /home/saitama1/ros2_foxy/install/rcl_interfaces/include/rcl_interfaces/msg/detail/set_parameters_result__functions.h
-- Up-to-date symlink: /home/saitama1/ros2_foxy/install/rcl_interfaces/include/rcl_interfaces/msg/detail/set_parameters_result__struct.h
-- Up-to-date symlink: /home/saitama1/ros2_foxy/install/rcl_interfaces/include/rcl_interfaces/msg/detail/set_parameters_result__type_support.h
-- Up-to-date symlink: /home/saitama1/ros2_foxy/install/rcl_interfaces/include/rcl_interfaces/msg/floating_point_range.h
-- Up-to-date symlink: /home/saitama1/ros2_foxy/install/rcl_interfaces/include/rcl_interfaces/msg/integer_range.h
-- Up-to-date symlink: /home/saitama1/ros2_foxy/install/rcl_interfaces/include/rcl_interfaces/msg/list_parameters_result.h
-- Up-to-date symlink: /home/saitama1/ros2_foxy/install/rcl_interfaces/include/rcl_interfaces/msg/log.h
-- Up-to-date symlink: /home/saitama1/ros2_foxy/install/rcl_interfaces/include/rcl_interfaces/msg/parameter.h
-- Up-to-date symlink: /home/saitama1/ros2_foxy/install/rcl_interfaces/include/rcl_interfaces/msg/parameter_descriptor.h
-- Up-to-date symlink: /home/saitama1/ros2_foxy/install/rcl_interfaces/include/rcl_interfaces/msg/parameter_event.h
-- Up-to-date symlink: /home/saitama1/ros2_foxy/install/rcl_interfaces/include/rcl_interfaces/msg/parameter_event_descriptors.h
-- Up-to-date symlink: /home/saitama1/ros2_foxy/install/rcl_interfaces/include/rcl_interfaces/msg/parameter_type.h
-- Up-to-date symlink: /home/saitama1/ros2_foxy/install/rcl_interfaces/include/rcl_interfaces/msg/parameter_value.h
-- Up-to-date symlink: /home/saitama1/ros2_foxy/install/rcl_interfaces/include/rcl_interfaces/msg/rosidl_generator_c__visibility_control.h
-- Up-to-date symlink: /home/saitama1/ros2_foxy/install/rcl_interfaces/include/rcl_interfaces/msg/set_parameters_result.h
-- Up-to-date symlink: /home/saitama1/ros2_foxy/install/rcl_interfaces/include/rcl_interfaces/srv/describe_parameters.h
-- Up-to-date symlink: /home/saitama1/ros2_foxy/install/rcl_interfaces/include/rcl_interfaces/srv/detail/describe_parameters__functions.h
-- Up-to-date symlink: /home/saitama1/ros2_foxy/install/rcl_interfaces/include/rcl_interfaces/srv/detail/describe_parameters__struct.h
-- Up-to-date symlink: /home/saitama1/ros2_foxy/install/rcl_interfaces/include/rcl_interfaces/srv/detail/describe_parameters__type_support.h
-- Up-to-date symlink: /home/saitama1/ros2_foxy/install/rcl_interfaces/include/rcl_interfaces/srv/detail/get_parameter_types__functions.h
-- Up-to-date symlink: /home/saitama1/ros2_foxy/install/rcl_interfaces/include/rcl_interfaces/srv/detail/get_parameter_types__struct.h
-- Up-to-date symlink: /home/saitama1/ros2_foxy/install/rcl_interfaces/include/rcl_interfaces/srv/detail/get_parameter_types__type_support.h
-- Up-to-date symlink: /home/saitama1/ros2_foxy/install/rcl_interfaces/include/rcl_interfaces/srv/detail/get_parameters__functions.h
-- Up-to-date symlink: /home/saitama1/ros2_foxy/install/rcl_interfaces/include/rcl_interfaces/srv/detail/get_parameters__struct.h
-- Up-to-date symlink: /home/saitama1/ros2_foxy/install/rcl_interfaces/include/rcl_interfaces/srv/detail/get_parameters__type_support.h
-- Up-to-date symlink: /home/saitama1/ros2_foxy/install/rcl_interfaces/include/rcl_interfaces/srv/detail/list_parameters__functions.h
-- Up-to-date symlink: /home/saitama1/ros2_foxy/install/rcl_interfaces/include/rcl_interfaces/srv/detail/list_parameters__struct.h
-- Up-to-date symlink: /home/saitama1/ros2_foxy/install/rcl_interfaces/include/rcl_interfaces/srv/detail/list_parameters__type_support.h
-- Up-to-date symlink: /home/saitama1/ros2_foxy/install/rcl_interfaces/include/rcl_interfaces/srv/detail/set_parameters__functions.h
-- Up-to-date symlink: /home/saitama1/ros2_foxy/install/rcl_interfaces/include/rcl_interfaces/srv/detail/set_parameters__struct.h
-- Up-to-date symlink: /home/saitama1/ros2_foxy/install/rcl_interfaces/include/rcl_interfaces/srv/detail/set_parameters__type_support.h
-- Up-to-date symlink: /home/saitama1/ros2_foxy/install/rcl_interfaces/include/rcl_interfaces/srv/detail/set_parameters_atomically__functions.h
-- Up-to-date symlink: /home/saitama1/ros2_foxy/install/rcl_interfaces/include/rcl_interfaces/srv/detail/set_parameters_atomically__struct.h
-- Up-to-date symlink: /home/saitama1/ros2_foxy/install/rcl_interfaces/include/rcl_interfaces/srv/detail/set_parameters_atomically__type_support.h
-- Up-to-date symlink: /home/saitama1/ros2_foxy/install/rcl_interfaces/include/rcl_interfaces/srv/get_parameter_types.h
-- Up-to-date symlink: /home/saitama1/ros2_foxy/install/rcl_interfaces/include/rcl_interfaces/srv/get_parameters.h
-- Up-to-date symlink: /home/saitama1/ros2_foxy/install/rcl_interfaces/include/rcl_interfaces/srv/list_parameters.h
-- Up-to-date symlink: /home/saitama1/ros2_foxy/install/rcl_interfaces/include/rcl_interfaces/srv/set_parameters.h
-- Up-to-date symlink: /home/saitama1/ros2_foxy/install/rcl_interfaces/include/rcl_interfaces/srv/set_parameters_atomically.h
-- Up-to-date symlink: /home/saitama1/ros2_foxy/install/rcl_interfaces/share/rcl_interfaces/environment/library_path.sh
-- Up-to-date symlink: /home/saitama1/ros2_foxy/install/rcl_interfaces/share/rcl_interfaces/environment/library_path.dsv
-- Up-to-date symlink: /home/saitama1/ros2_foxy/install/rcl_interfaces/include/rcl_interfaces/msg/detail/floating_point_range__rosidl_typesupport_introspection_c.h
-- Up-to-date symlink: /home/saitama1/ros2_foxy/install/rcl_interfaces/include/rcl_interfaces/msg/detail/integer_range__rosidl_typesupport_introspection_c.h
-- Up-to-date symlink: /home/saitama1/ros2_foxy/install/rcl_interfaces/include/rcl_interfaces/msg/detail/list_parameters_result__rosidl_typesupport_introspection_c.h
-- Up-to-date symlink: /home/saitama1/ros2_foxy/install/rcl_interfaces/include/rcl_interfaces/msg/detail/log__rosidl_typesupport_introspection_c.h
-- Up-to-date symlink: /home/saitama1/ros2_foxy/install/rcl_interfaces/include/rcl_interfaces/msg/detail/parameter__rosidl_typesupport_introspection_c.h
-- Up-to-date symlink: /home/saitama1/ros2_foxy/install/rcl_interfaces/include/rcl_interfaces/msg/detail/parameter_descriptor__rosidl_typesupport_introspection_c.h
-- Up-to-date symlink: /home/saitama1/ros2_foxy/install/rcl_interfaces/include/rcl_interfaces/msg/detail/parameter_event__rosidl_typesupport_introspection_c.h
-- Up-to-date symlink: /home/saitama1/ros2_foxy/install/rcl_interfaces/include/rcl_interfaces/msg/detail/parameter_event_descriptors__rosidl_typesupport_introspection_c.h
-- Up-to-date symlink: /home/saitama1/ros2_foxy/install/rcl_interfaces/include/rcl_interfaces/msg/detail/parameter_type__rosidl_typesupport_introspection_c.h
-- Up-to-date symlink: /home/saitama1/ros2_foxy/install/rcl_interfaces/include/rcl_interfaces/msg/detail/parameter_value__rosidl_typesupport_introspection_c.h
-- Up-to-date symlink: /home/saitama1/ros2_foxy/install/rcl_interfaces/include/rcl_interfaces/msg/detail/set_parameters_result__rosidl_typesupport_introspection_c.h
-- Up-to-date symlink: /home/saitama1/ros2_foxy/install/rcl_interfaces/include/rcl_interfaces/msg/rosidl_typesupport_introspection_c__visibility_control.h
-- Up-to-date symlink: /home/saitama1/ros2_foxy/install/rcl_interfaces/include/rcl_interfaces/srv/detail/describe_parameters__rosidl_typesupport_introspection_c.h
-- Up-to-date symlink: /home/saitama1/ros2_foxy/install/rcl_interfaces/include/rcl_interfaces/srv/detail/get_parameter_types__rosidl_typesupport_introspection_c.h
-- Up-to-date symlink: /home/saitama1/ros2_foxy/install/rcl_interfaces/include/rcl_interfaces/srv/detail/get_parameters__rosidl_typesupport_introspection_c.h
-- Up-to-date symlink: /home/saitama1/ros2_foxy/install/rcl_interfaces/include/rcl_interfaces/srv/detail/list_parameters__rosidl_typesupport_introspection_c.h
-- Up-to-date symlink: /home/saitama1/ros2_foxy/install/rcl_interfaces/include/rcl_interfaces/srv/detail/set_parameters__rosidl_typesupport_introspection_c.h
-- Up-to-date symlink: /home/saitama1/ros2_foxy/install/rcl_interfaces/include/rcl_interfaces/srv/detail/set_parameters_atomically__rosidl_typesupport_introspection_c.h
-- Up-to-date symlink: /home/saitama1/ros2_foxy/install/rcl_interfaces/include/rcl_interfaces/msg/detail/floating_point_range__rosidl_typesupport_fastrtps_c.h
-- Up-to-date symlink: /home/saitama1/ros2_foxy/install/rcl_interfaces/include/rcl_interfaces/msg/detail/integer_range__rosidl_typesupport_fastrtps_c.h
-- Up-to-date symlink: /home/saitama1/ros2_foxy/install/rcl_interfaces/include/rcl_interfaces/msg/detail/list_parameters_result__rosidl_typesupport_fastrtps_c.h
-- Up-to-date symlink: /home/saitama1/ros2_foxy/install/rcl_interfaces/include/rcl_interfaces/msg/detail/log__rosidl_typesupport_fastrtps_c.h
-- Up-to-date symlink: /home/saitama1/ros2_foxy/install/rcl_interfaces/include/rcl_interfaces/msg/detail/parameter__rosidl_typesupport_fastrtps_c.h
-- Up-to-date symlink: /home/saitama1/ros2_foxy/install/rcl_interfaces/include/rcl_interfaces/msg/detail/parameter_descriptor__rosidl_typesupport_fastrtps_c.h
-- Up-to-date symlink: /home/saitama1/ros2_foxy/install/rcl_interfaces/include/rcl_interfaces/msg/detail/parameter_event__rosidl_typesupport_fastrtps_c.h
-- Up-to-date symlink: /home/saitama1/ros2_foxy/install/rcl_interfaces/include/rcl_interfaces/msg/detail/parameter_event_descriptors__rosidl_typesupport_fastrtps_c.h
-- Up-to-date symlink: /home/saitama1/ros2_foxy/install/rcl_interfaces/include/rcl_interfaces/msg/detail/parameter_type__rosidl_typesupport_fastrtps_c.h
-- Up-to-date symlink: /home/saitama1/ros2_foxy/install/rcl_interfaces/include/rcl_interfaces/msg/detail/parameter_value__rosidl_typesupport_fastrtps_c.h
-- Up-to-date symlink: /home/saitama1/ros2_foxy/install/rcl_interfaces/include/rcl_interfaces/msg/detail/set_parameters_result__rosidl_typesupport_fastrtps_c.h
-- Up-to-date symlink: /home/saitama1/ros2_foxy/install/rcl_interfaces/include/rcl_interfaces/msg/rosidl_typesupport_fastrtps_c__visibility_control.h
-- Up-to-date symlink: /home/saitama1/ros2_foxy/install/rcl_interfaces/include/rcl_interfaces/srv/detail/describe_parameters__rosidl_typesupport_fastrtps_c.h
-- Up-to-date symlink: /home/saitama1/ros2_foxy/install/rcl_interfaces/include/rcl_interfaces/srv/detail/get_parameter_types__rosidl_typesupport_fastrtps_c.h
-- Up-to-date symlink: /home/saitama1/ros2_foxy/install/rcl_interfaces/include/rcl_interfaces/srv/detail/get_parameters__rosidl_typesupport_fastrtps_c.h
-- Up-to-date symlink: /home/saitama1/ros2_foxy/install/rcl_interfaces/include/rcl_interfaces/srv/detail/list_parameters__rosidl_typesupport_fastrtps_c.h
-- Up-to-date symlink: /home/saitama1/ros2_foxy/install/rcl_interfaces/include/rcl_interfaces/srv/detail/set_parameters__rosidl_typesupport_fastrtps_c.h
-- Up-to-date symlink: /home/saitama1/ros2_foxy/install/rcl_interfaces/include/rcl_interfaces/srv/detail/set_parameters_atomically__rosidl_typesupport_fastrtps_c.h
-- Up-to-date symlink: /home/saitama1/ros2_foxy/install/rcl_interfaces/lib/librcl_interfaces__rosidl_typesupport_fastrtps_c.so
-- Up-to-date symlink: /home/saitama1/ros2_foxy/install/rcl_interfaces/include/rcl_interfaces/msg/detail/floating_point_range__rosidl_typesupport_fastrtps_cpp.hpp
-- Up-to-date symlink: /home/saitama1/ros2_foxy/install/rcl_interfaces/include/rcl_interfaces/msg/detail/integer_range__rosidl_typesupport_fastrtps_cpp.hpp
-- Up-to-date symlink: /home/saitama1/ros2_foxy/install/rcl_interfaces/include/rcl_interfaces/msg/detail/list_parameters_result__rosidl_typesupport_fastrtps_cpp.hpp
-- Up-to-date symlink: /home/saitama1/ros2_foxy/install/rcl_interfaces/include/rcl_interfaces/msg/detail/log__rosidl_typesupport_fastrtps_cpp.hpp
-- Up-to-date symlink: /home/saitama1/ros2_foxy/install/rcl_interfaces/include/rcl_interfaces/msg/detail/parameter__rosidl_typesupport_fastrtps_cpp.hpp
-- Up-to-date symlink: /home/saitama1/ros2_foxy/install/rcl_interfaces/include/rcl_interfaces/msg/detail/parameter_descriptor__rosidl_typesupport_fastrtps_cpp.hpp
-- Up-to-date symlink: /home/saitama1/ros2_foxy/install/rcl_interfaces/include/rcl_interfaces/msg/detail/parameter_event__rosidl_typesupport_fastrtps_cpp.hpp
-- Up-to-date symlink: /home/saitama1/ros2_foxy/install/rcl_interfaces/include/rcl_interfaces/msg/detail/parameter_event_descriptors__rosidl_typesupport_fastrtps_cpp.hpp
-- Up-to-date symlink: /home/saitama1/ros2_foxy/install/rcl_interfaces/include/rcl_interfaces/msg/detail/parameter_type__rosidl_typesupport_fastrtps_cpp.hpp
-- Up-to-date symlink: /home/saitama1/ros2_foxy/install/rcl_interfaces/include/rcl_interfaces/msg/detail/parameter_value__rosidl_typesupport_fastrtps_cpp.hpp
-- Up-to-date symlink: /home/saitama1/ros2_foxy/install/rcl_interfaces/include/rcl_interfaces/msg/detail/set_parameters_result__rosidl_typesupport_fastrtps_cpp.hpp
-- Up-to-date symlink: /home/saitama1/ros2_foxy/install/rcl_interfaces/include/rcl_interfaces/msg/rosidl_typesupport_fastrtps_cpp__visibility_control.h
-- Up-to-date symlink: /home/saitama1/ros2_foxy/install/rcl_interfaces/include/rcl_interfaces/srv/detail/describe_parameters__rosidl_typesupport_fastrtps_cpp.hpp
-- Up-to-date symlink: /home/saitama1/ros2_foxy/install/rcl_interfaces/include/rcl_interfaces/srv/detail/get_parameter_types__rosidl_typesupport_fastrtps_cpp.hpp
-- Up-to-date symlink: /home/saitama1/ros2_foxy/install/rcl_interfaces/include/rcl_interfaces/srv/detail/get_parameters__rosidl_typesupport_fastrtps_cpp.hpp
-- Up-to-date symlink: /home/saitama1/ros2_foxy/install/rcl_interfaces/include/rcl_interfaces/srv/detail/list_parameters__rosidl_typesupport_fastrtps_cpp.hpp
-- Up-to-date symlink: /home/saitama1/ros2_foxy/install/rcl_interfaces/include/rcl_interfaces/srv/detail/set_parameters__rosidl_typesupport_fastrtps_cpp.hpp
-- Up-to-date symlink: /home/saitama1/ros2_foxy/install/rcl_interfaces/include/rcl_interfaces/srv/detail/set_parameters_atomically__rosidl_typesupport_fastrtps_cpp.hpp
-- Up-to-date symlink: /home/saitama1/ros2_foxy/install/rcl_interfaces/lib/librcl_interfaces__rosidl_typesupport_fastrtps_cpp.so
-- Up-to-date symlink: /home/saitama1/ros2_foxy/install/rcl_interfaces/include/rcl_interfaces/msg/detail/floating_point_range__builder.hpp
-- Up-to-date symlink: /home/saitama1/ros2_foxy/install/rcl_interfaces/include/rcl_interfaces/msg/detail/floating_point_range__struct.hpp
-- Up-to-date symlink: /home/saitama1/ros2_foxy/install/rcl_interfaces/include/rcl_interfaces/msg/detail/floating_point_range__traits.hpp
-- Up-to-date symlink: /home/saitama1/ros2_foxy/install/rcl_interfaces/include/rcl_interfaces/msg/detail/integer_range__builder.hpp
-- Up-to-date symlink: /home/saitama1/ros2_foxy/install/rcl_interfaces/include/rcl_interfaces/msg/detail/integer_range__struct.hpp
-- Up-to-date symlink: /home/saitama1/ros2_foxy/install/rcl_interfaces/include/rcl_interfaces/msg/detail/integer_range__traits.hpp
-- Up-to-date symlink: /home/saitama1/ros2_foxy/install/rcl_interfaces/include/rcl_interfaces/msg/detail/list_parameters_result__builder.hpp
-- Up-to-date symlink: /home/saitama1/ros2_foxy/install/rcl_interfaces/include/rcl_interfaces/msg/detail/list_parameters_result__struct.hpp
-- Up-to-date symlink: /home/saitama1/ros2_foxy/install/rcl_interfaces/include/rcl_interfaces/msg/detail/list_parameters_result__traits.hpp
-- Up-to-date symlink: /home/saitama1/ros2_foxy/install/rcl_interfaces/include/rcl_interfaces/msg/detail/log__builder.hpp
-- Up-to-date symlink: /home/saitama1/ros2_foxy/install/rcl_interfaces/include/rcl_interfaces/msg/detail/log__struct.hpp
-- Up-to-date symlink: /home/saitama1/ros2_foxy/install/rcl_interfaces/include/rcl_interfaces/msg/detail/log__traits.hpp
-- Up-to-date symlink: /home/saitama1/ros2_foxy/install/rcl_interfaces/include/rcl_interfaces/msg/detail/parameter__builder.hpp
-- Up-to-date symlink: /home/saitama1/ros2_foxy/install/rcl_interfaces/include/rcl_interfaces/msg/detail/parameter__struct.hpp
-- Up-to-date symlink: /home/saitama1/ros2_foxy/install/rcl_interfaces/include/rcl_interfaces/msg/detail/parameter__traits.hpp
-- Up-to-date symlink: /home/saitama1/ros2_foxy/install/rcl_interfaces/include/rcl_interfaces/msg/detail/parameter_descriptor__builder.hpp
-- Up-to-date symlink: /home/saitama1/ros2_foxy/install/rcl_interfaces/include/rcl_interfaces/msg/detail/parameter_descriptor__struct.hpp
-- Up-to-date symlink: /home/saitama1/ros2_foxy/install/rcl_interfaces/include/rcl_interfaces/msg/detail/parameter_descriptor__traits.hpp
-- Up-to-date symlink: /home/saitama1/ros2_foxy/install/rcl_interfaces/include/rcl_interfaces/msg/detail/parameter_event__builder.hpp
-- Up-to-date symlink: /home/saitama1/ros2_foxy/install/rcl_interfaces/include/rcl_interfaces/msg/detail/parameter_event__struct.hpp
-- Up-to-date symlink: /home/saitama1/ros2_foxy/install/rcl_interfaces/include/rcl_interfaces/msg/detail/parameter_event__traits.hpp
-- Up-to-date symlink: /home/saitama1/ros2_foxy/install/rcl_interfaces/include/rcl_interfaces/msg/detail/parameter_event_descriptors__builder.hpp
-- Up-to-date symlink: /home/saitama1/ros2_foxy/install/rcl_interfaces/include/rcl_interfaces/msg/detail/parameter_event_descriptors__struct.hpp
-- Up-to-date symlink: /home/saitama1/ros2_foxy/install/rcl_interfaces/include/rcl_interfaces/msg/detail/parameter_event_descriptors__traits.hpp
-- Up-to-date symlink: /home/saitama1/ros2_foxy/install/rcl_interfaces/include/rcl_interfaces/msg/detail/parameter_type__builder.hpp
-- Up-to-date symlink: /home/saitama1/ros2_foxy/install/rcl_interfaces/include/rcl_interfaces/msg/detail/parameter_type__struct.hpp
-- Up-to-date symlink: /home/saitama1/ros2_foxy/install/rcl_interfaces/include/rcl_interfaces/msg/detail/parameter_type__traits.hpp
-- Up-to-date symlink: /home/saitama1/ros2_foxy/install/rcl_interfaces/include/rcl_interfaces/msg/detail/parameter_value__builder.hpp
-- Up-to-date symlink: /home/saitama1/ros2_foxy/install/rcl_interfaces/include/rcl_interfaces/msg/detail/parameter_value__struct.hpp
-- Up-to-date symlink: /home/saitama1/ros2_foxy/install/rcl_interfaces/include/rcl_interfaces/msg/detail/parameter_value__traits.hpp
-- Up-to-date symlink: /home/saitama1/ros2_foxy/install/rcl_interfaces/include/rcl_interfaces/msg/detail/set_parameters_result__builder.hpp
-- Up-to-date symlink: /home/saitama1/ros2_foxy/install/rcl_interfaces/include/rcl_interfaces/msg/detail/set_parameters_result__struct.hpp
-- Up-to-date symlink: /home/saitama1/ros2_foxy/install/rcl_interfaces/include/rcl_interfaces/msg/detail/set_parameters_result__traits.hpp
-- Up-to-date symlink: /home/saitama1/ros2_foxy/install/rcl_interfaces/include/rcl_interfaces/msg/floating_point_range.hpp
-- Up-to-date symlink: /home/saitama1/ros2_foxy/install/rcl_interfaces/include/rcl_interfaces/msg/integer_range.hpp
-- Up-to-date symlink: /home/saitama1/ros2_foxy/install/rcl_interfaces/include/rcl_interfaces/msg/list_parameters_result.hpp
-- Up-to-date symlink: /home/saitama1/ros2_foxy/install/rcl_interfaces/include/rcl_interfaces/msg/log.hpp
-- Up-to-date symlink: /home/saitama1/ros2_foxy/install/rcl_interfaces/include/rcl_interfaces/msg/parameter.hpp
-- Up-to-date symlink: /home/saitama1/ros2_foxy/install/rcl_interfaces/include/rcl_interfaces/msg/parameter_descriptor.hpp
-- Up-to-date symlink: /home/saitama1/ros2_foxy/install/rcl_interfaces/include/rcl_interfaces/msg/parameter_event.hpp
-- Up-to-date symlink: /home/saitama1/ros2_foxy/install/rcl_interfaces/include/rcl_interfaces/msg/parameter_event_descriptors.hpp
-- Up-to-date symlink: /home/saitama1/ros2_foxy/install/rcl_interfaces/include/rcl_interfaces/msg/parameter_type.hpp
-- Up-to-date symlink: /home/saitama1/ros2_foxy/install/rcl_interfaces/include/rcl_interfaces/msg/parameter_value.hpp
-- Up-to-date symlink: /home/saitama1/ros2_foxy/install/rcl_interfaces/include/rcl_interfaces/msg/set_parameters_result.hpp
-- Up-to-date symlink: /home/saitama1/ros2_foxy/install/rcl_interfaces/include/rcl_interfaces/srv/describe_parameters.hpp
-- Up-to-date symlink: /home/saitama1/ros2_foxy/install/rcl_interfaces/include/rcl_interfaces/srv/detail/describe_parameters__builder.hpp
-- Up-to-date symlink: /home/saitama1/ros2_foxy/install/rcl_interfaces/include/rcl_interfaces/srv/detail/describe_parameters__struct.hpp
-- Up-to-date symlink: /home/saitama1/ros2_foxy/install/rcl_interfaces/include/rcl_interfaces/srv/detail/describe_parameters__traits.hpp
-- Up-to-date symlink: /home/saitama1/ros2_foxy/install/rcl_interfaces/include/rcl_interfaces/srv/detail/get_parameter_types__builder.hpp
-- Up-to-date symlink: /home/saitama1/ros2_foxy/install/rcl_interfaces/include/rcl_interfaces/srv/detail/get_parameter_types__struct.hpp
-- Up-to-date symlink: /home/saitama1/ros2_foxy/install/rcl_interfaces/include/rcl_interfaces/srv/detail/get_parameter_types__traits.hpp
-- Up-to-date symlink: /home/saitama1/ros2_foxy/install/rcl_interfaces/include/rcl_interfaces/srv/detail/get_parameters__builder.hpp
-- Up-to-date symlink: /home/saitama1/ros2_foxy/install/rcl_interfaces/include/rcl_interfaces/srv/detail/get_parameters__struct.hpp
-- Up-to-date symlink: /home/saitama1/ros2_foxy/install/rcl_interfaces/include/rcl_interfaces/srv/detail/get_parameters__traits.hpp
-- Up-to-date symlink: /home/saitama1/ros2_foxy/install/rcl_interfaces/include/rcl_interfaces/srv/detail/list_parameters__builder.hpp
-- Up-to-date symlink: /home/saitama1/ros2_foxy/install/rcl_interfaces/include/rcl_interfaces/srv/detail/list_parameters__struct.hpp
-- Up-to-date symlink: /home/saitama1/ros2_foxy/install/rcl_interfaces/include/rcl_interfaces/srv/detail/list_parameters__traits.hpp
-- Up-to-date symlink: /home/saitama1/ros2_foxy/install/rcl_interfaces/include/rcl_interfaces/srv/detail/set_parameters__builder.hpp
-- Up-to-date symlink: /home/saitama1/ros2_foxy/install/rcl_interfaces/include/rcl_interfaces/srv/detail/set_parameters__struct.hpp
-- Up-to-date symlink: /home/saitama1/ros2_foxy/install/rcl_interfaces/include/rcl_interfaces/srv/detail/set_parameters__traits.hpp
-- Up-to-date symlink: /home/saitama1/ros2_foxy/install/rcl_interfaces/include/rcl_interfaces/srv/detail/set_parameters_atomically__builder.hpp
-- Up-to-date symlink: /home/saitama1/ros2_foxy/install/rcl_interfaces/include/rcl_interfaces/srv/detail/set_parameters_atomically__struct.hpp
-- Up-to-date symlink: /home/saitama1/ros2_foxy/install/rcl_interfaces/include/rcl_interfaces/srv/detail/set_parameters_atomically__traits.hpp
-- Up-to-date symlink: /home/saitama1/ros2_foxy/install/rcl_interfaces/include/rcl_interfaces/srv/get_parameter_types.hpp
-- Up-to-date symlink: /home/saitama1/ros2_foxy/install/rcl_interfaces/include/rcl_interfaces/srv/get_parameters.hpp
-- Up-to-date symlink: /home/saitama1/ros2_foxy/install/rcl_interfaces/include/rcl_interfaces/srv/list_parameters.hpp
-- Up-to-date symlink: /home/saitama1/ros2_foxy/install/rcl_interfaces/include/rcl_interfaces/srv/set_parameters.hpp
-- Up-to-date symlink: /home/saitama1/ros2_foxy/install/rcl_interfaces/include/rcl_interfaces/srv/set_parameters_atomically.hpp
-- Up-to-date symlink: /home/saitama1/ros2_foxy/install/rcl_interfaces/include/rcl_interfaces/msg/detail/floating_point_range__rosidl_typesupport_introspection_cpp.hpp
-- Up-to-date symlink: /home/saitama1/ros2_foxy/install/rcl_interfaces/include/rcl_interfaces/msg/detail/integer_range__rosidl_typesupport_introspection_cpp.hpp
-- Up-to-date symlink: /home/saitama1/ros2_foxy/install/rcl_interfaces/include/rcl_interfaces/msg/detail/list_parameters_result__rosidl_typesupport_introspection_cpp.hpp
-- Up-to-date symlink: /home/saitama1/ros2_foxy/install/rcl_interfaces/include/rcl_interfaces/msg/detail/log__rosidl_typesupport_introspection_cpp.hpp
-- Up-to-date symlink: /home/saitama1/ros2_foxy/install/rcl_interfaces/include/rcl_interfaces/msg/detail/parameter__rosidl_typesupport_introspection_cpp.hpp
-- Up-to-date symlink: /home/saitama1/ros2_foxy/install/rcl_interfaces/include/rcl_interfaces/msg/detail/parameter_descriptor__rosidl_typesupport_introspection_cpp.hpp
-- Up-to-date symlink: /home/saitama1/ros2_foxy/install/rcl_interfaces/include/rcl_interfaces/msg/detail/parameter_event__rosidl_typesupport_introspection_cpp.hpp
-- Up-to-date symlink: /home/saitama1/ros2_foxy/install/rcl_interfaces/include/rcl_interfaces/msg/detail/parameter_event_descriptors__rosidl_typesupport_introspection_cpp.hpp
-- Up-to-date symlink: /home/saitama1/ros2_foxy/install/rcl_interfaces/include/rcl_interfaces/msg/detail/parameter_type__rosidl_typesupport_introspection_cpp.hpp
-- Up-to-date symlink: /home/saitama1/ros2_foxy/install/rcl_interfaces/include/rcl_interfaces/msg/detail/parameter_value__rosidl_typesupport_introspection_cpp.hpp
-- Up-to-date symlink: /home/saitama1/ros2_foxy/install/rcl_interfaces/include/rcl_interfaces/msg/detail/set_parameters_result__rosidl_typesupport_introspection_cpp.hpp
-- Up-to-date symlink: /home/saitama1/ros2_foxy/install/rcl_interfaces/include/rcl_interfaces/srv/detail/describe_parameters__rosidl_typesupport_introspection_cpp.hpp
-- Up-to-date symlink: /home/saitama1/ros2_foxy/install/rcl_interfaces/include/rcl_interfaces/srv/detail/get_parameter_types__rosidl_typesupport_introspection_cpp.hpp
-- Up-to-date symlink: /home/saitama1/ros2_foxy/install/rcl_interfaces/include/rcl_interfaces/srv/detail/get_parameters__rosidl_typesupport_introspection_cpp.hpp
-- Up-to-date symlink: /home/saitama1/ros2_foxy/install/rcl_interfaces/include/rcl_interfaces/srv/detail/list_parameters__rosidl_typesupport_introspection_cpp.hpp
-- Up-to-date symlink: /home/saitama1/ros2_foxy/install/rcl_interfaces/include/rcl_interfaces/srv/detail/set_parameters__rosidl_typesupport_introspection_cpp.hpp
-- Up-to-date symlink: /home/saitama1/ros2_foxy/install/rcl_interfaces/include/rcl_interfaces/srv/detail/set_parameters_atomically__rosidl_typesupport_introspection_cpp.hpp
-- Up-to-date symlink: /home/saitama1/ros2_foxy/install/rcl_interfaces/share/rcl_interfaces/environment/pythonpath.sh
-- Up-to-date symlink: /home/saitama1/ros2_foxy/install/rcl_interfaces/share/rcl_interfaces/environment/pythonpath.dsv
-- Up-to-date symlink: /home/saitama1/ros2_foxy/install/rcl_interfaces/lib/python3.8/site-packages/rcl_interfaces/__init__.py
-- Up-to-date symlink: /home/saitama1/ros2_foxy/install/rcl_interfaces/lib/python3.8/site-packages/rcl_interfaces/msg/__init__.py
-- Up-to-date symlink: /home/saitama1/ros2_foxy/install/rcl_interfaces/lib/python3.8/site-packages/rcl_interfaces/msg/_floating_point_range.py
-- Up-to-date symlink: /home/saitama1/ros2_foxy/install/rcl_interfaces/lib/python3.8/site-packages/rcl_interfaces/msg/_integer_range.py
-- Up-to-date symlink: /home/saitama1/ros2_foxy/install/rcl_interfaces/lib/python3.8/site-packages/rcl_interfaces/msg/_list_parameters_result.py
-- Up-to-date symlink: /home/saitama1/ros2_foxy/install/rcl_interfaces/lib/python3.8/site-packages/rcl_interfaces/msg/_log.py
-- Up-to-date symlink: /home/saitama1/ros2_foxy/install/rcl_interfaces/lib/python3.8/site-packages/rcl_interfaces/msg/_parameter.py
-- Up-to-date symlink: /home/saitama1/ros2_foxy/install/rcl_interfaces/lib/python3.8/site-packages/rcl_interfaces/msg/_parameter_descriptor.py
-- Up-to-date symlink: /home/saitama1/ros2_foxy/install/rcl_interfaces/lib/python3.8/site-packages/rcl_interfaces/msg/_parameter_event.py
-- Up-to-date symlink: /home/saitama1/ros2_foxy/install/rcl_interfaces/lib/python3.8/site-packages/rcl_interfaces/msg/_parameter_event_descriptors.py
-- Up-to-date symlink: /home/saitama1/ros2_foxy/install/rcl_interfaces/lib/python3.8/site-packages/rcl_interfaces/msg/_parameter_type.py
-- Up-to-date symlink: /home/saitama1/ros2_foxy/install/rcl_interfaces/lib/python3.8/site-packages/rcl_interfaces/msg/_parameter_value.py
-- Up-to-date symlink: /home/saitama1/ros2_foxy/install/rcl_interfaces/lib/python3.8/site-packages/rcl_interfaces/msg/_set_parameters_result.py
-- Up-to-date symlink: /home/saitama1/ros2_foxy/install/rcl_interfaces/lib/python3.8/site-packages/rcl_interfaces/srv/__init__.py
-- Up-to-date symlink: /home/saitama1/ros2_foxy/install/rcl_interfaces/lib/python3.8/site-packages/rcl_interfaces/srv/_describe_parameters.py
-- Up-to-date symlink: /home/saitama1/ros2_foxy/install/rcl_interfaces/lib/python3.8/site-packages/rcl_interfaces/srv/_get_parameter_types.py
-- Up-to-date symlink: /home/saitama1/ros2_foxy/install/rcl_interfaces/lib/python3.8/site-packages/rcl_interfaces/srv/_get_parameters.py
-- Up-to-date symlink: /home/saitama1/ros2_foxy/install/rcl_interfaces/lib/python3.8/site-packages/rcl_interfaces/srv/_list_parameters.py
-- Up-to-date symlink: /home/saitama1/ros2_foxy/install/rcl_interfaces/lib/python3.8/site-packages/rcl_interfaces/srv/_set_parameters.py
-- Up-to-date symlink: /home/saitama1/ros2_foxy/install/rcl_interfaces/lib/python3.8/site-packages/rcl_interfaces/srv/_set_parameters_atomically.py
-- Up-to-date symlink: /home/saitama1/ros2_foxy/install/rcl_interfaces/lib/python3.8/site-packages/rcl_interfaces/rcl_interfaces_s__rosidl_typesupport_introspection_c.cpython-38-x86_64-linux-gnu.so
-- Up-to-date symlink: /home/saitama1/ros2_foxy/install/rcl_interfaces/lib/python3.8/site-packages/rcl_interfaces/rcl_interfaces_s__rosidl_typesupport_fastrtps_c.cpython-38-x86_64-linux-gnu.so
-- Up-to-date symlink: /home/saitama1/ros2_foxy/install/rcl_interfaces/lib/python3.8/site-packages/rcl_interfaces/rcl_interfaces_s__rosidl_typesupport_c.cpython-38-x86_64-linux-gnu.so
-- Up-to-date symlink: /home/saitama1/ros2_foxy/install/rcl_interfaces/lib/librcl_interfaces__python.so
-- Up-to-date symlink: /home/saitama1/ros2_foxy/install/rcl_interfaces/share/rcl_interfaces/msg/FloatingPointRange.idl
-- Up-to-date symlink: /home/saitama1/ros2_foxy/install/rcl_interfaces/share/rcl_interfaces/msg/IntegerRange.idl
-- Up-to-date symlink: /home/saitama1/ros2_foxy/install/rcl_interfaces/share/rcl_interfaces/msg/ListParametersResult.idl
-- Up-to-date symlink: /home/saitama1/ros2_foxy/install/rcl_interfaces/share/rcl_interfaces/msg/Log.idl
-- Up-to-date symlink: /home/saitama1/ros2_foxy/install/rcl_interfaces/share/rcl_interfaces/msg/ParameterDescriptor.idl
-- Up-to-date symlink: /home/saitama1/ros2_foxy/install/rcl_interfaces/share/rcl_interfaces/msg/ParameterEventDescriptors.idl
-- Up-to-date symlink: /home/saitama1/ros2_foxy/install/rcl_interfaces/share/rcl_interfaces/msg/ParameterEvent.idl
-- Up-to-date symlink: /home/saitama1/ros2_foxy/install/rcl_interfaces/share/rcl_interfaces/msg/Parameter.idl
-- Up-to-date symlink: /home/saitama1/ros2_foxy/install/rcl_interfaces/share/rcl_interfaces/msg/ParameterType.idl
-- Up-to-date symlink: /home/saitama1/ros2_foxy/install/rcl_interfaces/share/rcl_interfaces/msg/ParameterValue.idl
-- Up-to-date symlink: /home/saitama1/ros2_foxy/install/rcl_interfaces/share/rcl_interfaces/msg/SetParametersResult.idl
-- Up-to-date symlink: /home/saitama1/ros2_foxy/install/rcl_interfaces/share/rcl_interfaces/srv/DescribeParameters.idl
-- Up-to-date symlink: /home/saitama1/ros2_foxy/install/rcl_interfaces/share/rcl_interfaces/srv/GetParameters.idl
-- Up-to-date symlink: /home/saitama1/ros2_foxy/install/rcl_interfaces/share/rcl_interfaces/srv/GetParameterTypes.idl
-- Up-to-date symlink: /home/saitama1/ros2_foxy/install/rcl_interfaces/share/rcl_interfaces/srv/ListParameters.idl
-- Up-to-date symlink: /home/saitama1/ros2_foxy/install/rcl_interfaces/share/rcl_interfaces/srv/SetParametersAtomically.idl
-- Up-to-date symlink: /home/saitama1/ros2_foxy/install/rcl_interfaces/share/rcl_interfaces/srv/SetParameters.idl
-- Up-to-date symlink: /home/saitama1/ros2_foxy/install/rcl_interfaces/share/rcl_interfaces/msg/FloatingPointRange.msg
-- Up-to-date symlink: /home/saitama1/ros2_foxy/install/rcl_interfaces/share/rcl_interfaces/msg/IntegerRange.msg
-- Up-to-date symlink: /home/saitama1/ros2_foxy/install/rcl_interfaces/share/rcl_interfaces/msg/ListParametersResult.msg
-- Up-to-date symlink: /home/saitama1/ros2_foxy/install/rcl_interfaces/share/rcl_interfaces/msg/Log.msg
-- Up-to-date symlink: /home/saitama1/ros2_foxy/install/rcl_interfaces/share/rcl_interfaces/msg/ParameterDescriptor.msg
-- Up-to-date symlink: /home/saitama1/ros2_foxy/install/rcl_interfaces/share/rcl_interfaces/msg/ParameterEventDescriptors.msg
-- Up-to-date symlink: /home/saitama1/ros2_foxy/install/rcl_interfaces/share/rcl_interfaces/msg/ParameterEvent.msg
-- Up-to-date symlink: /home/saitama1/ros2_foxy/install/rcl_interfaces/share/rcl_interfaces/msg/Parameter.msg
-- Up-to-date symlink: /home/saitama1/ros2_foxy/install/rcl_interfaces/share/rcl_interfaces/msg/ParameterType.msg
-- Up-to-date symlink: /home/saitama1/ros2_foxy/install/rcl_interfaces/share/rcl_interfaces/msg/ParameterValue.msg
-- Up-to-date symlink: /home/saitama1/ros2_foxy/install/rcl_interfaces/share/rcl_interfaces/msg/SetParametersResult.msg
-- Up-to-date symlink: /home/saitama1/ros2_foxy/install/rcl_interfaces/share/rcl_interfaces/srv/DescribeParameters.srv
-- Up-to-date symlink: /home/saitama1/ros2_foxy/install/rcl_interfaces/share/rcl_interfaces/srv/DescribeParameters_Request.msg
-- Up-to-date symlink: /home/saitama1/ros2_foxy/install/rcl_interfaces/share/rcl_interfaces/srv/DescribeParameters_Response.msg
-- Up-to-date symlink: /home/saitama1/ros2_foxy/install/rcl_interfaces/share/rcl_interfaces/srv/GetParameters.srv
-- Up-to-date symlink: /home/saitama1/ros2_foxy/install/rcl_interfaces/share/rcl_interfaces/srv/GetParameters_Request.msg
-- Up-to-date symlink: /home/saitama1/ros2_foxy/install/rcl_interfaces/share/rcl_interfaces/srv/GetParameters_Response.msg
-- Up-to-date symlink: /home/saitama1/ros2_foxy/install/rcl_interfaces/share/rcl_interfaces/srv/GetParameterTypes.srv
-- Up-to-date symlink: /home/saitama1/ros2_foxy/install/rcl_interfaces/share/rcl_interfaces/srv/GetParameterTypes_Request.msg
-- Up-to-date symlink: /home/saitama1/ros2_foxy/install/rcl_interfaces/share/rcl_interfaces/srv/GetParameterTypes_Response.msg
-- Up-to-date symlink: /home/saitama1/ros2_foxy/install/rcl_interfaces/share/rcl_interfaces/srv/ListParameters.srv
-- Up-to-date symlink: /home/saitama1/ros2_foxy/install/rcl_interfaces/share/rcl_interfaces/srv/ListParameters_Request.msg
-- Up-to-date symlink: /home/saitama1/ros2_foxy/install/rcl_interfaces/share/rcl_interfaces/srv/ListParameters_Response.msg
-- Up-to-date symlink: /home/saitama1/ros2_foxy/install/rcl_interfaces/share/rcl_interfaces/srv/SetParametersAtomically.srv
-- Up-to-date symlink: /home/saitama1/ros2_foxy/install/rcl_interfaces/share/rcl_interfaces/srv/SetParametersAtomically_Request.msg
-- Up-to-date symlink: /home/saitama1/ros2_foxy/install/rcl_interfaces/share/rcl_interfaces/srv/SetParametersAtomically_Response.msg
-- Up-to-date symlink: /home/saitama1/ros2_foxy/install/rcl_interfaces/share/rcl_interfaces/srv/SetParameters.srv
-- Up-to-date symlink: /home/saitama1/ros2_foxy/install/rcl_interfaces/share/rcl_interfaces/srv/SetParameters_Request.msg
-- Up-to-date symlink: /home/saitama1/ros2_foxy/install/rcl_interfaces/share/rcl_interfaces/srv/SetParameters_Response.msg
-- Up-to-date symlink: /home/saitama1/ros2_foxy/install/rcl_interfaces/share/rcl_interfaces/mapping_rules.yaml
-- Up-to-date symlink: /home/saitama1/ros2_foxy/install/rcl_interfaces/share/ament_index/resource_index/package_run_dependencies/rcl_interfaces
-- Up-to-date symlink: /home/saitama1/ros2_foxy/install/rcl_interfaces/share/ament_index/resource_index/parent_prefix_path/rcl_interfaces
-- Up-to-date symlink: /home/saitama1/ros2_foxy/install/rcl_interfaces/share/rcl_interfaces/environment/ament_prefix_path.sh
-- Up-to-date symlink: /home/saitama1/ros2_foxy/install/rcl_interfaces/share/rcl_interfaces/environment/ament_prefix_path.dsv
-- Up-to-date symlink: /home/saitama1/ros2_foxy/install/rcl_interfaces/share/rcl_interfaces/environment/path.sh
-- Up-to-date symlink: /home/saitama1/ros2_foxy/install/rcl_interfaces/share/rcl_interfaces/environment/path.dsv
-- Up-to-date symlink: /home/saitama1/ros2_foxy/install/rcl_interfaces/share/rcl_interfaces/local_setup.bash
-- Up-to-date symlink: /home/saitama1/ros2_foxy/install/rcl_interfaces/share/rcl_interfaces/local_setup.sh
-- Up-to-date symlink: /home/saitama1/ros2_foxy/install/rcl_interfaces/share/rcl_interfaces/local_setup.zsh
-- Up-to-date symlink: /home/saitama1/ros2_foxy/install/rcl_interfaces/share/rcl_interfaces/local_setup.dsv
-- Symlinking: /home/saitama1/ros2_foxy/install/rcl_interfaces/share/rcl_interfaces/package.dsv
-- Up-to-date symlink: /home/saitama1/ros2_foxy/install/rcl_interfaces/share/ament_index/resource_index/packages/rcl_interfaces
-- Up-to-date symlink: /home/saitama1/ros2_foxy/install/rcl_interfaces/share/rcl_interfaces/cmake/rosidl_cmake-extras.cmake
-- Up-to-date symlink: /home/saitama1/ros2_foxy/install/rcl_interfaces/share/rcl_interfaces/cmake/ament_cmake_export_dependencies-extras.cmake
-- Up-to-date symlink: /home/saitama1/ros2_foxy/install/rcl_interfaces/share/rcl_interfaces/cmake/ament_cmake_export_libraries-extras.cmake
-- Up-to-date symlink: /home/saitama1/ros2_foxy/install/rcl_interfaces/share/rcl_interfaces/cmake/ament_cmake_export_targets-extras.cmake
-- Up-to-date symlink: /home/saitama1/ros2_foxy/install/rcl_interfaces/share/rcl_interfaces/cmake/ament_cmake_export_include_directories-extras.cmake
-- Up-to-date symlink: /home/saitama1/ros2_foxy/install/rcl_interfaces/share/rcl_interfaces/cmake/rosidl_cmake_export_typesupport_targets-extras.cmake
-- Up-to-date symlink: /home/saitama1/ros2_foxy/install/rcl_interfaces/share/rcl_interfaces/cmake/rosidl_cmake_export_typesupport_libraries-extras.cmake
-- Up-to-date symlink: /home/saitama1/ros2_foxy/install/rcl_interfaces/share/rcl_interfaces/cmake/rcl_interfacesConfig.cmake
-- Up-to-date symlink: /home/saitama1/ros2_foxy/install/rcl_interfaces/share/rcl_interfaces/cmake/rcl_interfacesConfig-version.cmake
-- Up-to-date symlink: /home/saitama1/ros2_foxy/install/rcl_interfaces/share/rcl_interfaces/package.xml
-- Up-to-date: /home/saitama1/ros2_foxy/install/rcl_interfaces/lib/librcl_interfaces__rosidl_generator_c.so
-- Up-to-date: /home/saitama1/ros2_foxy/install/rcl_interfaces/lib/librcl_interfaces__rosidl_typesupport_introspection_c.so
-- Up-to-date: /home/saitama1/ros2_foxy/install/rcl_interfaces/lib/librcl_interfaces__rosidl_typesupport_c.so
-- Up-to-date: /home/saitama1/ros2_foxy/install/rcl_interfaces/lib/librcl_interfaces__rosidl_typesupport_introspection_cpp.so
-- Up-to-date: /home/saitama1/ros2_foxy/install/rcl_interfaces/lib/librcl_interfaces__rosidl_typesupport_cpp.so
-- Up-to-date: /home/saitama1/ros2_foxy/install/rcl_interfaces/share/rcl_interfaces/cmake/rcl_interfaces__rosidl_generator_cExport.cmake
-- Up-to-date: /home/saitama1/ros2_foxy/install/rcl_interfaces/share/rcl_interfaces/cmake/rcl_interfaces__rosidl_generator_cExport-noconfig.cmake
-- Up-to-date: /home/saitama1/ros2_foxy/install/rcl_interfaces/share/rcl_interfaces/cmake/rcl_interfaces__rosidl_typesupport_introspection_cExport.cmake
-- Up-to-date: /home/saitama1/ros2_foxy/install/rcl_interfaces/share/rcl_interfaces/cmake/rcl_interfaces__rosidl_typesupport_introspection_cExport-noconfig.cmake
-- Up-to-date: /home/saitama1/ros2_foxy/install/rcl_interfaces/share/rcl_interfaces/cmake/rcl_interfaces__rosidl_typesupport_cExport.cmake
-- Up-to-date: /home/saitama1/ros2_foxy/install/rcl_interfaces/share/rcl_interfaces/cmake/rcl_interfaces__rosidl_typesupport_cExport-noconfig.cmake
-- Up-to-date: /home/saitama1/ros2_foxy/install/rcl_interfaces/share/rcl_interfaces/cmake/rcl_interfaces__rosidl_generator_cppExport.cmake
-- Up-to-date: /home/saitama1/ros2_foxy/install/rcl_interfaces/share/rcl_interfaces/cmake/rcl_interfaces__rosidl_typesupport_introspection_cppExport.cmake
-- Up-to-date: /home/saitama1/ros2_foxy/install/rcl_interfaces/share/rcl_interfaces/cmake/rcl_interfaces__rosidl_typesupport_introspection_cppExport-noconfig.cmake
-- Up-to-date: /home/saitama1/ros2_foxy/install/rcl_interfaces/share/rcl_interfaces/cmake/rcl_interfaces__rosidl_typesupport_cppExport.cmake
-- Up-to-date: /home/saitama1/ros2_foxy/install/rcl_interfaces/share/rcl_interfaces/cmake/rcl_interfaces__rosidl_typesupport_cppExport-noconfig.cmake
