-- Found ament_cmake_ros: 0.9.2 (/home/saitama1/ros2_foxy/install/ament_cmake_ros/share/ament_cmake_ros/cmake)
-- Using PYTHON_EXECUTABLE: /usr/bin/python3
-- Override CMake install command with custom implementation using symlinks instead of copying resources
-- Found ament_index_cpp: 1.1.0 (/home/saitama1/ros2_foxy/install/ament_index_cpp/share/ament_index_cpp/cmake)
-- Found class_loader: 2.0.2 (/home/saitama1/ros2_foxy/install/class_loader/share/class_loader/cmake)
-- Found composition_interfaces: 1.0.0 (/home/saitama1/ros2_foxy/install/composition_interfaces/share/composition_interfaces/cmake)
-- Using all available rosidl_typesupport_c: rosidl_typesupport_introspection_c;rosidl_typesupport_fastrtps_c
-- Found rosidl_adapter: 1.2.1 (/home/saitama1/ros2_foxy/install/rosidl_adapter/share/rosidl_adapter/cmake)
-- Using all available rosidl_typesupport_cpp: rosidl_typesupport_introspection_cpp;rosidl_typesupport_fastrtps_cpp
-- Found rclcpp: 2.3.1 (/home/saitama1/ros2_foxy/install/rclcpp/share/rclcpp/cmake)
-- Found rmw_implementation_cmake: 1.0.3 (/home/saitama1/ros2_foxy/install/rmw_implementation_cmake/share/rmw_implementation_cmake/cmake)
-- Using RMW implementation 'rmw_fastrtps_cpp' as default
-- Found ament_lint_auto: 0.9.6 (/home/saitama1/ros2_foxy/install/ament_lint_auto/share/ament_lint_auto/cmake)
-- Found ament_cmake_google_benchmark: 0.9.8 (/home/saitama1/ros2_foxy/install/ament_cmake_google_benchmark/share/ament_cmake_google_benchmark/cmake)
-- Found gtest sources under '/home/saitama1/ros2_foxy/install/gtest_vendor/src/gtest_vendor': C++ tests using 'Google Test' will be built
-- Performance tests are disabled by default, so Google Benchmark tests will be skipped. To enable these tests, set the CMake variable 'AMENT_RUN_PERFORMANCE_TESTS'.
-- Added test 'copyright' to check source files copyright and LICENSE
-- Added test 'cppcheck' to perform static code analysis on C / C++ code
-- Configured cppcheck include dirs: /home/saitama1/ros2_foxy/install/google_benchmark_vendor/include;$<BUILD_INTERFACE:/home/saitama1/ros2_foxy/src/ros2/rclcpp/rclcpp_components/include>;/home/saitama1/ros2_foxy/src/ros2/rclcpp/rclcpp_components/include
-- Configured cppcheck exclude dirs and/or files: 
-- Added test 'cpplint' to check C / C++ code against the Google style
-- Configured cpplint exclude dirs and/or files: 
-- Added test 'lint_cmake' to check CMake code style
-- Added test 'uncrustify' to check C / C++ code style
-- Configured uncrustify additional arguments: 
-- Added test 'xmllint' to check XML markup files
-- Configuring done
-- Generating done
-- Build files have been written to: /home/saitama1/ros2_foxy/build/rclcpp_components
[35m[1mScanning dependencies of target component_manager[0m
[35m[1mScanning dependencies of target test_component[0m
[  5%] [32mBuilding CXX object CMakeFiles/component_manager.dir/src/component_manager.cpp.o[0m
[ 11%] [32mBuilding CXX object CMakeFiles/test_component.dir/test/components/test_component.cpp.o[0m
[ 16%] [32m[1mLinking CXX shared library libtest_component.so[0m
[ 16%] Built target test_component
[ 22%] [32m[1mLinking CXX shared library libcomponent_manager.so[0m
[ 22%] Built target component_manager
[ 33%] Built target gtest_main
[35m[1mScanning dependencies of target benchmark_components[0m
[ 38%] [32mBuilding CXX object CMakeFiles/benchmark_components.dir/test/benchmark/benchmark_components.cpp.o[0m
[ 44%] [32m[1mLinking CXX executable benchmark_components[0m
[ 44%] Built target benchmark_components
[35m[1mScanning dependencies of target component_container_mt[0m
[ 50%] [32mBuilding CXX object CMakeFiles/component_container_mt.dir/src/component_container_mt.cpp.o[0m
[ 55%] [32m[1mLinking CXX executable component_container_mt[0m
[ 55%] Built target component_container_mt
[35m[1mScanning dependencies of target component_container[0m
[ 61%] [32mBuilding CXX object CMakeFiles/component_container.dir/src/component_container.cpp.o[0m
[ 66%] [32m[1mLinking CXX executable component_container[0m
[ 66%] Built target component_container
[ 77%] Built target gtest
[35m[1mScanning dependencies of target test_component_manager[0m
[ 83%] [32mBuilding CXX object CMakeFiles/test_component_manager.dir/test/test_component_manager.cpp.o[0m
[ 88%] [32m[1mLinking CXX executable test_component_manager[0m
[ 88%] Built target test_component_manager
[35m[1mScanning dependencies of target test_component_manager_api[0m
[ 94%] [32mBuilding CXX object CMakeFiles/test_component_manager_api.dir/test/test_component_manager_api.cpp.o[0m
[100%] [32m[1mLinking CXX executable test_component_manager_api[0m
[100%] Built target test_component_manager_api
-- Install configuration: ""
-- Execute custom install script
-- Symlinking: /home/saitama1/ros2_foxy/install/rclcpp_components/share/rclcpp_components/node_main.cpp.in
-- Symlinking: /home/saitama1/ros2_foxy/install/rclcpp_components/lib/rclcpp_components/component_container
-- Symlinking: /home/saitama1/ros2_foxy/install/rclcpp_components/lib/rclcpp_components/component_container_mt
-- Symlinking: /home/saitama1/ros2_foxy/install/rclcpp_components/include/rclcpp_components/component_manager.hpp
-- Symlinking: /home/saitama1/ros2_foxy/install/rclcpp_components/include/rclcpp_components/node_factory.hpp
-- Symlinking: /home/saitama1/ros2_foxy/install/rclcpp_components/include/rclcpp_components/node_factory_template.hpp
-- Symlinking: /home/saitama1/ros2_foxy/install/rclcpp_components/include/rclcpp_components/node_instance_wrapper.hpp
-- Symlinking: /home/saitama1/ros2_foxy/install/rclcpp_components/include/rclcpp_components/register_node_macro.hpp
-- Symlinking: /home/saitama1/ros2_foxy/install/rclcpp_components/include/rclcpp_components/visibility_control.hpp
-- Symlinking: /home/saitama1/ros2_foxy/install/rclcpp_components/share/rclcpp_components/cmake/rclcpp_components_package_hook.cmake
-- Symlinking: /home/saitama1/ros2_foxy/install/rclcpp_components/share/rclcpp_components/cmake/rclcpp_components_register_node.cmake
-- Symlinking: /home/saitama1/ros2_foxy/install/rclcpp_components/share/rclcpp_components/cmake/rclcpp_components_register_nodes.cmake
-- Symlinking: /home/saitama1/ros2_foxy/install/rclcpp_components/share/rclcpp_components/environment/library_path.sh
-- Symlinking: /home/saitama1/ros2_foxy/install/rclcpp_components/share/rclcpp_components/environment/library_path.dsv
-- Symlinking: /home/saitama1/ros2_foxy/install/rclcpp_components/share/ament_index/resource_index/package_run_dependencies/rclcpp_components
-- Symlinking: /home/saitama1/ros2_foxy/install/rclcpp_components/share/ament_index/resource_index/parent_prefix_path/rclcpp_components
-- Symlinking: /home/saitama1/ros2_foxy/install/rclcpp_components/share/rclcpp_components/environment/ament_prefix_path.sh
-- Symlinking: /home/saitama1/ros2_foxy/install/rclcpp_components/share/rclcpp_components/environment/ament_prefix_path.dsv
-- Symlinking: /home/saitama1/ros2_foxy/install/rclcpp_components/share/rclcpp_components/environment/path.sh
-- Symlinking: /home/saitama1/ros2_foxy/install/rclcpp_components/share/rclcpp_components/environment/path.dsv
-- Symlinking: /home/saitama1/ros2_foxy/install/rclcpp_components/share/rclcpp_components/local_setup.bash
-- Symlinking: /home/saitama1/ros2_foxy/install/rclcpp_components/share/rclcpp_components/local_setup.sh
-- Symlinking: /home/saitama1/ros2_foxy/install/rclcpp_components/share/rclcpp_components/local_setup.zsh
-- Symlinking: /home/saitama1/ros2_foxy/install/rclcpp_components/share/rclcpp_components/local_setup.dsv
-- Symlinking: /home/saitama1/ros2_foxy/install/rclcpp_components/share/rclcpp_components/package.dsv
-- Symlinking: /home/saitama1/ros2_foxy/install/rclcpp_components/share/ament_index/resource_index/packages/rclcpp_components
-- Symlinking: /home/saitama1/ros2_foxy/install/rclcpp_components/share/rclcpp_components/cmake/rclcpp_components-extras.cmake
-- Symlinking: /home/saitama1/ros2_foxy/install/rclcpp_components/share/rclcpp_components/cmake/ament_cmake_export_include_directories-extras.cmake
-- Symlinking: /home/saitama1/ros2_foxy/install/rclcpp_components/share/rclcpp_components/cmake/ament_cmake_export_libraries-extras.cmake
-- Symlinking: /home/saitama1/ros2_foxy/install/rclcpp_components/share/rclcpp_components/cmake/ament_cmake_export_targets-extras.cmake
-- Symlinking: /home/saitama1/ros2_foxy/install/rclcpp_components/share/rclcpp_components/cmake/ament_cmake_export_dependencies-extras.cmake
-- Symlinking: /home/saitama1/ros2_foxy/install/rclcpp_components/share/rclcpp_components/cmake/rclcpp_componentsConfig.cmake
-- Symlinking: /home/saitama1/ros2_foxy/install/rclcpp_components/share/rclcpp_components/cmake/rclcpp_componentsConfig-version.cmake
-- Symlinking: /home/saitama1/ros2_foxy/install/rclcpp_components/share/rclcpp_components/package.xml
-- Installing: /home/saitama1/ros2_foxy/install/rclcpp_components/lib/libcomponent_manager.so
-- Set runtime path of "/home/saitama1/ros2_foxy/install/rclcpp_components/lib/libcomponent_manager.so" to ""
-- Up-to-date: /home/saitama1/ros2_foxy/install/rclcpp_components/share/rclcpp_components/cmake/component_managerExport.cmake
-- Installing: /home/saitama1/ros2_foxy/install/rclcpp_components/share/rclcpp_components/cmake/component_managerExport-noconfig.cmake
