[0.017s] Invoking command in '/home/saitama1/Pictures/ros2-picas/ros2_foxy/build/lanelet2_projection': AMENT_PREFIX_PATH=/home/saitama1/Pictures/ros2-picas/ros2_foxy/install/lanelet2_io:/home/saitama1/Pictures/ros2-picas/ros2_foxy/install/lanelet2_core:/home/saitama1/Pictures/ros2-picas/ros2_foxy/install/ros_environment:/home/saitama1/Pictures/ros2-picas/ros2_foxy/install/ament_cmake_core:/home/saitama1/Pictures/ros2-picas/ros2_foxy/install/ament_package:${AMENT_PREFIX_PATH} CMAKE_PREFIX_PATH=/home/saitama1/Pictures/ros2-picas/ros2_foxy/install/lanelet2_io:/opt/ros/foxy:/home/saitama1/Pictures/ros2-picas/ros2_foxy/install/lanelet2_core:/home/saitama1/Pictures/ros2-picas/ros2_foxy/install/mrt_cmake_modules:/home/saitama1/Pictures/ros2-picas/ros2_foxy/install/ros_environment:/home/saitama1/Pictures/ros2-picas/ros2_foxy/install/ament_cmake_core:/home/saitama1/Pictures/ros2-picas/ros2_foxy/install/gtest_vendor LD_LIBRARY_PATH=/home/saitama1/Pictures/ros2-picas/ros2_foxy/install/lanelet2_io/lib:/home/saitama1/Pictures/ros2-picas/ros2_foxy/install/lanelet2_core/lib:${LD_LIBRARY_PATH} PATH=/home/saitama1/Pictures/ros2-picas/ros2_foxy/install/mrt_cmake_modules/bin:${PATH} PKG_CONFIG_PATH=/home/saitama1/Pictures/ros2-picas/ros2_foxy/install/mrt_cmake_modules/lib/x86_64-linux-gnu/pkgconfig:/home/saitama1/Pictures/ros2-picas/ros2_foxy/install/mrt_cmake_modules/lib/pkgconfig:/home/saitama1/Pictures/ros2-picas/ros2_foxy/install/gtest_vendor/lib/x86_64-linux-gnu/pkgconfig:/home/saitama1/Pictures/ros2-picas/ros2_foxy/install/gtest_vendor/lib/pkgconfig PYTHONPATH=/home/saitama1/Pictures/ros2-picas/ros2_foxy/install/ament_package/lib/python3.8/site-packages:${PYTHONPATH} ROS_PACKAGE_PATH=/home/saitama1/Pictures/ros2-picas/ros2_foxy/install/mrt_cmake_modules/share /usr/bin/cmake /home/saitama1/Pictures/ros2-picas/ros2_foxy/src/autoware_build_parts/lanelet2/lanelet2_projection -DCMAKE_INSTALL_PREFIX=/home/saitama1/Pictures/ros2-picas/ros2_foxy/install/lanelet2_projection
[0.083s] -- The C compiler identification is GNU 9.3.0
[0.146s] -- The CXX compiler identification is GNU 9.3.0
[0.151s] -- Check for working C compiler: /usr/bin/cc
[0.225s] -- Check for working C compiler: /usr/bin/cc -- works
[0.226s] -- Detecting C compiler ABI info
[0.299s] -- Detecting C compiler ABI info - done
[0.314s] -- Detecting C compile features
[0.314s] -- Detecting C compile features - done
[0.317s] -- Check for working CXX compiler: /usr/bin/c++
[0.404s] -- Check for working CXX compiler: /usr/bin/c++ -- works
[0.405s] -- Detecting CXX compiler ABI info
[0.527s] -- Detecting CXX compiler ABI info - done
[0.543s] -- Detecting CXX compile features
[0.543s] -- Detecting CXX compile features - done
[0.546s] -- Found mrt_cmake_modules: 1.0.8 (/home/saitama1/Pictures/ros2-picas/ros2_foxy/install/mrt_cmake_modules/share/mrt_cmake_modules/cmake)
[0.551s] -- Found ament_cmake_core: 0.9.8 (/opt/ros/foxy/share/ament_cmake_core/cmake)
[0.579s] -- Found PythonInterp: /usr/bin/python3 (found suitable version "3.8.10", minimum required is "3") 
[0.579s] -- Using PYTHON_EXECUTABLE: /usr/bin/python3
[1.381s] -- Found OpenMP_C: -fopenmp (found version "4.5") 
[1.633s] -- Found OpenMP_CXX: -fopenmp (found version "4.5") 
[1.636s] -- Found OpenMP: TRUE (found version "4.5")  
[1.801s] called: /home/saitama1/Pictures/ros2-picas/ros2_foxy/install/mrt_cmake_modules/share/mrt_cmake_modules/cmake/../scripts/generate_cmake_dependency_file.py /home/saitama1/Pictures/ros2-picas/ros2_foxy/src/autoware_build_parts/lanelet2/lanelet2_projection/package.xml /home/saitama1/Pictures/ros2-picas/ros2_foxy/install/mrt_cmake_modules/share/mrt_cmake_modules/cmake/../yaml/cmake.yaml /home/saitama1/Pictures/ros2-picas/ros2_foxy/build/lanelet2_projection/CMakeFiles/auto_dep_vars.cmake
[2.685s] -- Found Boost: /usr/lib/x86_64-linux-gnu/cmake/Boost-1.71.0/BoostConfig.cmake (found version "1.71.0") found components: wserialization thread random serialization log_setup prg_exec_monitor wave system chrono filesystem locale timer date_time regex graph program_options unit_test_framework log atomic iostreams 
[2.706s] -- Found pugixml: /usr/lib/x86_64-linux-gnu/libpugixml.so  
[2.712s] -- Found PkgConfig: /usr/bin/pkg-config (found version "0.29.1") 
[2.715s] -- Found GeographicLib: /usr/lib/x86_64-linux-gnu/libGeographic.so  
[2.779s] -- Adding library "lanelet2_projection" with source src/UTM.cpp, includes include/lanelet2_projection/Mercator.h;include/lanelet2_projection/UTM.h
[2.780s] -- Marking libraries "lanelet2_projection" of package "lanelet2_projection" for installation
[2.780s] -- Marking HEADER FILES in "include/lanelet2_projection" folder of package "lanelet2_projection" for installation
[2.780s] -- Generating cmake exports for lanelet2_projection to /home/saitama1/Pictures/ros2-picas/ros2_foxy/build/lanelet2_projection/devel/share
[2.805s] -- Adding gtest unittest "lanelet2_projection-gtest-test_Mercator" with working dir /home/saitama1/Pictures/ros2-picas/ros2_foxy/src/autoware_build_parts/lanelet2/lanelet2_projection/test
[2.808s] -- Creating gtest 'lanelet2_projection-gtest-test_Mercator' from test/test_Mercator.cpp
[2.808s] -- Adding gtest unittest "lanelet2_projection-gtest-test_UTM" with working dir /home/saitama1/Pictures/ros2-picas/ros2_foxy/src/autoware_build_parts/lanelet2/lanelet2_projection/test
[2.809s] -- Creating gtest 'lanelet2_projection-gtest-test_UTM' from test/test_UTM.cpp
[2.809s] -- Adding nosetests in folder /home/saitama1/Pictures/ros2-picas/ros2_foxy/src/autoware_build_parts/lanelet2/lanelet2_projection/test
[2.809s] -- Using Python nosetests: /usr/bin/nosetests3
[2.809s] -- Adding nosetest nosetests-lanelet2_projection-test
[2.810s] -- Configuring done
[2.834s] -- Generating done
[2.836s] -- Build files have been written to: /home/saitama1/Pictures/ros2-picas/ros2_foxy/build/lanelet2_projection
[2.841s] Invoked command in '/home/saitama1/Pictures/ros2-picas/ros2_foxy/build/lanelet2_projection' returned '0': AMENT_PREFIX_PATH=/home/saitama1/Pictures/ros2-picas/ros2_foxy/install/lanelet2_io:/home/saitama1/Pictures/ros2-picas/ros2_foxy/install/lanelet2_core:/home/saitama1/Pictures/ros2-picas/ros2_foxy/install/ros_environment:/home/saitama1/Pictures/ros2-picas/ros2_foxy/install/ament_cmake_core:/home/saitama1/Pictures/ros2-picas/ros2_foxy/install/ament_package:${AMENT_PREFIX_PATH} CMAKE_PREFIX_PATH=/home/saitama1/Pictures/ros2-picas/ros2_foxy/install/lanelet2_io:/opt/ros/foxy:/home/saitama1/Pictures/ros2-picas/ros2_foxy/install/lanelet2_core:/home/saitama1/Pictures/ros2-picas/ros2_foxy/install/mrt_cmake_modules:/home/saitama1/Pictures/ros2-picas/ros2_foxy/install/ros_environment:/home/saitama1/Pictures/ros2-picas/ros2_foxy/install/ament_cmake_core:/home/saitama1/Pictures/ros2-picas/ros2_foxy/install/gtest_vendor LD_LIBRARY_PATH=/home/saitama1/Pictures/ros2-picas/ros2_foxy/install/lanelet2_io/lib:/home/saitama1/Pictures/ros2-picas/ros2_foxy/install/lanelet2_core/lib:${LD_LIBRARY_PATH} PATH=/home/saitama1/Pictures/ros2-picas/ros2_foxy/install/mrt_cmake_modules/bin:${PATH} PKG_CONFIG_PATH=/home/saitama1/Pictures/ros2-picas/ros2_foxy/install/mrt_cmake_modules/lib/x86_64-linux-gnu/pkgconfig:/home/saitama1/Pictures/ros2-picas/ros2_foxy/install/mrt_cmake_modules/lib/pkgconfig:/home/saitama1/Pictures/ros2-picas/ros2_foxy/install/gtest_vendor/lib/x86_64-linux-gnu/pkgconfig:/home/saitama1/Pictures/ros2-picas/ros2_foxy/install/gtest_vendor/lib/pkgconfig PYTHONPATH=/home/saitama1/Pictures/ros2-picas/ros2_foxy/install/ament_package/lib/python3.8/site-packages:${PYTHONPATH} ROS_PACKAGE_PATH=/home/saitama1/Pictures/ros2-picas/ros2_foxy/install/mrt_cmake_modules/share /usr/bin/cmake /home/saitama1/Pictures/ros2-picas/ros2_foxy/src/autoware_build_parts/lanelet2/lanelet2_projection -DCMAKE_INSTALL_PREFIX=/home/saitama1/Pictures/ros2-picas/ros2_foxy/install/lanelet2_projection
[2.845s] Invoking command in '/home/saitama1/Pictures/ros2-picas/ros2_foxy/build/lanelet2_projection': AMENT_PREFIX_PATH=/home/saitama1/Pictures/ros2-picas/ros2_foxy/install/lanelet2_io:/home/saitama1/Pictures/ros2-picas/ros2_foxy/install/lanelet2_core:/home/saitama1/Pictures/ros2-picas/ros2_foxy/install/ros_environment:/home/saitama1/Pictures/ros2-picas/ros2_foxy/install/ament_cmake_core:/home/saitama1/Pictures/ros2-picas/ros2_foxy/install/ament_package:${AMENT_PREFIX_PATH} CMAKE_PREFIX_PATH=/home/saitama1/Pictures/ros2-picas/ros2_foxy/install/lanelet2_io:/opt/ros/foxy:/home/saitama1/Pictures/ros2-picas/ros2_foxy/install/lanelet2_core:/home/saitama1/Pictures/ros2-picas/ros2_foxy/install/mrt_cmake_modules:/home/saitama1/Pictures/ros2-picas/ros2_foxy/install/ros_environment:/home/saitama1/Pictures/ros2-picas/ros2_foxy/install/ament_cmake_core:/home/saitama1/Pictures/ros2-picas/ros2_foxy/install/gtest_vendor LD_LIBRARY_PATH=/home/saitama1/Pictures/ros2-picas/ros2_foxy/install/lanelet2_io/lib:/home/saitama1/Pictures/ros2-picas/ros2_foxy/install/lanelet2_core/lib:${LD_LIBRARY_PATH} PATH=/home/saitama1/Pictures/ros2-picas/ros2_foxy/install/mrt_cmake_modules/bin:${PATH} PKG_CONFIG_PATH=/home/saitama1/Pictures/ros2-picas/ros2_foxy/install/mrt_cmake_modules/lib/x86_64-linux-gnu/pkgconfig:/home/saitama1/Pictures/ros2-picas/ros2_foxy/install/mrt_cmake_modules/lib/pkgconfig:/home/saitama1/Pictures/ros2-picas/ros2_foxy/install/gtest_vendor/lib/x86_64-linux-gnu/pkgconfig:/home/saitama1/Pictures/ros2-picas/ros2_foxy/install/gtest_vendor/lib/pkgconfig PYTHONPATH=/home/saitama1/Pictures/ros2-picas/ros2_foxy/install/ament_package/lib/python3.8/site-packages:${PYTHONPATH} ROS_PACKAGE_PATH=/home/saitama1/Pictures/ros2-picas/ros2_foxy/install/mrt_cmake_modules/share /usr/bin/cmake --build /home/saitama1/Pictures/ros2-picas/ros2_foxy/build/lanelet2_projection -- -j12 -l12
[2.902s] [35m[1mScanning dependencies of target lanelet2_projection[0m
[2.931s] [ 10%] [32mBuilding CXX object CMakeFiles/lanelet2_projection.dir/src/UTM.cpp.o[0m
[4.325s] [ 20%] [32m[1mLinking CXX shared library liblanelet2_projection.so[0m
[4.440s] [ 20%] Built target lanelet2_projection
[4.449s] [35m[1mScanning dependencies of target gtest_main[0m
[4.463s] [ 30%] [32mBuilding CXX object gtest/CMakeFiles/gtest_main.dir/src/gtest_main.cc.o[0m
[5.012s] [ 40%] [32m[1mLinking CXX static library libgtest_main.a[0m
[5.052s] [ 40%] Built target gtest_main
[5.063s] [35m[1mScanning dependencies of target gtest[0m
[5.084s] [ 50%] [32mBuilding CXX object gtest/CMakeFiles/gtest.dir/src/gtest-all.cc.o[0m
[7.953s] [ 60%] [32m[1mLinking CXX static library libgtest.a[0m
[8.108s] [ 60%] Built target gtest
[8.118s] [35m[1mScanning dependencies of target lanelet2_projection-gtest-test_UTM[0m
[8.182s] [ 70%] [32mBuilding CXX object CMakeFiles/lanelet2_projection-gtest-test_UTM.dir/test/test_UTM.cpp.o[0m
[10.002s] [ 80%] [32m[1mLinking CXX executable lanelet2_projection-gtest-test_UTM[0m
[10.156s] [ 80%] Built target lanelet2_projection-gtest-test_UTM
[10.166s] [35m[1mScanning dependencies of target lanelet2_projection-gtest-test_Mercator[0m
[10.201s] [ 90%] [32mBuilding CXX object CMakeFiles/lanelet2_projection-gtest-test_Mercator.dir/test/test_Mercator.cpp.o[0m
[11.780s] [100%] [32m[1mLinking CXX executable lanelet2_projection-gtest-test_Mercator[0m
[11.939s] [100%] Built target lanelet2_projection-gtest-test_Mercator
[11.952s] [35m[1mScanning dependencies of target tests_lanelet2_projection[0m
[11.964s] [100%] Built target tests_lanelet2_projection
[11.976s] [35m[1mScanning dependencies of target tests[0m
[11.988s] [100%] Built target tests
[12.002s] Invoked command in '/home/saitama1/Pictures/ros2-picas/ros2_foxy/build/lanelet2_projection' returned '0': AMENT_PREFIX_PATH=/home/saitama1/Pictures/ros2-picas/ros2_foxy/install/lanelet2_io:/home/saitama1/Pictures/ros2-picas/ros2_foxy/install/lanelet2_core:/home/saitama1/Pictures/ros2-picas/ros2_foxy/install/ros_environment:/home/saitama1/Pictures/ros2-picas/ros2_foxy/install/ament_cmake_core:/home/saitama1/Pictures/ros2-picas/ros2_foxy/install/ament_package:${AMENT_PREFIX_PATH} CMAKE_PREFIX_PATH=/home/saitama1/Pictures/ros2-picas/ros2_foxy/install/lanelet2_io:/opt/ros/foxy:/home/saitama1/Pictures/ros2-picas/ros2_foxy/install/lanelet2_core:/home/saitama1/Pictures/ros2-picas/ros2_foxy/install/mrt_cmake_modules:/home/saitama1/Pictures/ros2-picas/ros2_foxy/install/ros_environment:/home/saitama1/Pictures/ros2-picas/ros2_foxy/install/ament_cmake_core:/home/saitama1/Pictures/ros2-picas/ros2_foxy/install/gtest_vendor LD_LIBRARY_PATH=/home/saitama1/Pictures/ros2-picas/ros2_foxy/install/lanelet2_io/lib:/home/saitama1/Pictures/ros2-picas/ros2_foxy/install/lanelet2_core/lib:${LD_LIBRARY_PATH} PATH=/home/saitama1/Pictures/ros2-picas/ros2_foxy/install/mrt_cmake_modules/bin:${PATH} PKG_CONFIG_PATH=/home/saitama1/Pictures/ros2-picas/ros2_foxy/install/mrt_cmake_modules/lib/x86_64-linux-gnu/pkgconfig:/home/saitama1/Pictures/ros2-picas/ros2_foxy/install/mrt_cmake_modules/lib/pkgconfig:/home/saitama1/Pictures/ros2-picas/ros2_foxy/install/gtest_vendor/lib/x86_64-linux-gnu/pkgconfig:/home/saitama1/Pictures/ros2-picas/ros2_foxy/install/gtest_vendor/lib/pkgconfig PYTHONPATH=/home/saitama1/Pictures/ros2-picas/ros2_foxy/install/ament_package/lib/python3.8/site-packages:${PYTHONPATH} ROS_PACKAGE_PATH=/home/saitama1/Pictures/ros2-picas/ros2_foxy/install/mrt_cmake_modules/share /usr/bin/cmake --build /home/saitama1/Pictures/ros2-picas/ros2_foxy/build/lanelet2_projection -- -j12 -l12
[12.040s] Invoking command in '/home/saitama1/Pictures/ros2-picas/ros2_foxy/build/lanelet2_projection': AMENT_PREFIX_PATH=/home/saitama1/Pictures/ros2-picas/ros2_foxy/install/lanelet2_io:/home/saitama1/Pictures/ros2-picas/ros2_foxy/install/lanelet2_core:/home/saitama1/Pictures/ros2-picas/ros2_foxy/install/ros_environment:/home/saitama1/Pictures/ros2-picas/ros2_foxy/install/ament_cmake_core:/home/saitama1/Pictures/ros2-picas/ros2_foxy/install/ament_package:${AMENT_PREFIX_PATH} CMAKE_PREFIX_PATH=/home/saitama1/Pictures/ros2-picas/ros2_foxy/install/lanelet2_io:/opt/ros/foxy:/home/saitama1/Pictures/ros2-picas/ros2_foxy/install/lanelet2_core:/home/saitama1/Pictures/ros2-picas/ros2_foxy/install/mrt_cmake_modules:/home/saitama1/Pictures/ros2-picas/ros2_foxy/install/ros_environment:/home/saitama1/Pictures/ros2-picas/ros2_foxy/install/ament_cmake_core:/home/saitama1/Pictures/ros2-picas/ros2_foxy/install/gtest_vendor LD_LIBRARY_PATH=/home/saitama1/Pictures/ros2-picas/ros2_foxy/install/lanelet2_io/lib:/home/saitama1/Pictures/ros2-picas/ros2_foxy/install/lanelet2_core/lib:${LD_LIBRARY_PATH} PATH=/home/saitama1/Pictures/ros2-picas/ros2_foxy/install/mrt_cmake_modules/bin:${PATH} PKG_CONFIG_PATH=/home/saitama1/Pictures/ros2-picas/ros2_foxy/install/mrt_cmake_modules/lib/x86_64-linux-gnu/pkgconfig:/home/saitama1/Pictures/ros2-picas/ros2_foxy/install/mrt_cmake_modules/lib/pkgconfig:/home/saitama1/Pictures/ros2-picas/ros2_foxy/install/gtest_vendor/lib/x86_64-linux-gnu/pkgconfig:/home/saitama1/Pictures/ros2-picas/ros2_foxy/install/gtest_vendor/lib/pkgconfig PYTHONPATH=/home/saitama1/Pictures/ros2-picas/ros2_foxy/install/ament_package/lib/python3.8/site-packages:${PYTHONPATH} ROS_PACKAGE_PATH=/home/saitama1/Pictures/ros2-picas/ros2_foxy/install/mrt_cmake_modules/share /usr/bin/cmake --install /home/saitama1/Pictures/ros2-picas/ros2_foxy/build/lanelet2_projection
[12.051s] -- Install configuration: ""
[12.051s] -- Installing: /home/saitama1/Pictures/ros2-picas/ros2_foxy/install/lanelet2_projection/lib/liblanelet2_projection.so.1.1.1
[12.052s] -- Up-to-date: /home/saitama1/Pictures/ros2-picas/ros2_foxy/install/lanelet2_projection/lib/liblanelet2_projection.so.1
[12.052s] -- Set runtime path of "/home/saitama1/Pictures/ros2-picas/ros2_foxy/install/lanelet2_projection/lib/liblanelet2_projection.so.1.1.1" to ""
[12.052s] -- Up-to-date: /home/saitama1/Pictures/ros2-picas/ros2_foxy/install/lanelet2_projection/lib/liblanelet2_projection.so
[12.052s] -- Up-to-date: /home/saitama1/Pictures/ros2-picas/ros2_foxy/install/lanelet2_projection/include/lanelet2_projection
[12.052s] -- Installing: /home/saitama1/Pictures/ros2-picas/ros2_foxy/install/lanelet2_projection/include/lanelet2_projection/Mercator.h
[12.053s] -- Up-to-date: /home/saitama1/Pictures/ros2-picas/ros2_foxy/install/lanelet2_projection/include/lanelet2_projection/internal
[12.053s] -- Installing: /home/saitama1/Pictures/ros2-picas/ros2_foxy/install/lanelet2_projection/include/lanelet2_projection/UTM.h
[12.053s] -- Installing: /home/saitama1/Pictures/ros2-picas/ros2_foxy/install/lanelet2_projection/share/lanelet2_projection/cmake/lanelet2_projectionTargets.cmake
[12.053s] -- Installing: /home/saitama1/Pictures/ros2-picas/ros2_foxy/install/lanelet2_projection/share/lanelet2_projection/cmake/lanelet2_projectionTargets-noconfig.cmake
[12.053s] -- Installing: /home/saitama1/Pictures/ros2-picas/ros2_foxy/install/lanelet2_projection/share/lanelet2_projection/cmake/lanelet2_projectionConfigVersion.cmake
[12.054s] -- Installing: /home/saitama1/Pictures/ros2-picas/ros2_foxy/install/lanelet2_projection/share/lanelet2_projection/cmake/lanelet2_projectionConfig.cmake
[12.054s] -- Installing: /home/saitama1/Pictures/ros2-picas/ros2_foxy/install/lanelet2_projection/share/lanelet2_projection/cmake/auto_dep_vars.cmake
[12.054s] -- Installing: /home/saitama1/Pictures/ros2-picas/ros2_foxy/install/lanelet2_projection/share/lanelet2_projection/cmake/lanelet2_projectionAutoDepsConfig.cmake
[12.054s] -- Installing: /home/saitama1/Pictures/ros2-picas/ros2_foxy/install/lanelet2_projection/share/lanelet2_projection/package.xml
[12.054s] -- Installing: /home/saitama1/Pictures/ros2-picas/ros2_foxy/install/lanelet2_projection/share/ament_index/resource_index/package_run_dependencies/lanelet2_projection
[12.055s] -- Installing: /home/saitama1/Pictures/ros2-picas/ros2_foxy/install/lanelet2_projection/share/ament_index/resource_index/parent_prefix_path/lanelet2_projection
[12.055s] -- Installing: /home/saitama1/Pictures/ros2-picas/ros2_foxy/install/lanelet2_projection/share/lanelet2_projection/environment/ament_prefix_path.sh
[12.055s] -- Installing: /home/saitama1/Pictures/ros2-picas/ros2_foxy/install/lanelet2_projection/share/lanelet2_projection/environment/ament_prefix_path.dsv
[12.055s] -- Installing: /home/saitama1/Pictures/ros2-picas/ros2_foxy/install/lanelet2_projection/share/lanelet2_projection/environment/path.sh
[12.055s] -- Installing: /home/saitama1/Pictures/ros2-picas/ros2_foxy/install/lanelet2_projection/share/lanelet2_projection/environment/path.dsv
[12.056s] -- Installing: /home/saitama1/Pictures/ros2-picas/ros2_foxy/install/lanelet2_projection/share/lanelet2_projection/local_setup.bash
[12.056s] -- Installing: /home/saitama1/Pictures/ros2-picas/ros2_foxy/install/lanelet2_projection/share/lanelet2_projection/local_setup.sh
[12.056s] -- Installing: /home/saitama1/Pictures/ros2-picas/ros2_foxy/install/lanelet2_projection/share/lanelet2_projection/local_setup.zsh
[12.056s] -- Installing: /home/saitama1/Pictures/ros2-picas/ros2_foxy/install/lanelet2_projection/share/lanelet2_projection/local_setup.dsv
[12.057s] -- Installing: /home/saitama1/Pictures/ros2-picas/ros2_foxy/install/lanelet2_projection/share/lanelet2_projection/package.dsv
[12.057s] -- Installing: /home/saitama1/Pictures/ros2-picas/ros2_foxy/install/lanelet2_projection/share/ament_index/resource_index/packages/lanelet2_projection
[12.060s] Invoked command in '/home/saitama1/Pictures/ros2-picas/ros2_foxy/build/lanelet2_projection' returned '0': AMENT_PREFIX_PATH=/home/saitama1/Pictures/ros2-picas/ros2_foxy/install/lanelet2_io:/home/saitama1/Pictures/ros2-picas/ros2_foxy/install/lanelet2_core:/home/saitama1/Pictures/ros2-picas/ros2_foxy/install/ros_environment:/home/saitama1/Pictures/ros2-picas/ros2_foxy/install/ament_cmake_core:/home/saitama1/Pictures/ros2-picas/ros2_foxy/install/ament_package:${AMENT_PREFIX_PATH} CMAKE_PREFIX_PATH=/home/saitama1/Pictures/ros2-picas/ros2_foxy/install/lanelet2_io:/opt/ros/foxy:/home/saitama1/Pictures/ros2-picas/ros2_foxy/install/lanelet2_core:/home/saitama1/Pictures/ros2-picas/ros2_foxy/install/mrt_cmake_modules:/home/saitama1/Pictures/ros2-picas/ros2_foxy/install/ros_environment:/home/saitama1/Pictures/ros2-picas/ros2_foxy/install/ament_cmake_core:/home/saitama1/Pictures/ros2-picas/ros2_foxy/install/gtest_vendor LD_LIBRARY_PATH=/home/saitama1/Pictures/ros2-picas/ros2_foxy/install/lanelet2_io/lib:/home/saitama1/Pictures/ros2-picas/ros2_foxy/install/lanelet2_core/lib:${LD_LIBRARY_PATH} PATH=/home/saitama1/Pictures/ros2-picas/ros2_foxy/install/mrt_cmake_modules/bin:${PATH} PKG_CONFIG_PATH=/home/saitama1/Pictures/ros2-picas/ros2_foxy/install/mrt_cmake_modules/lib/x86_64-linux-gnu/pkgconfig:/home/saitama1/Pictures/ros2-picas/ros2_foxy/install/mrt_cmake_modules/lib/pkgconfig:/home/saitama1/Pictures/ros2-picas/ros2_foxy/install/gtest_vendor/lib/x86_64-linux-gnu/pkgconfig:/home/saitama1/Pictures/ros2-picas/ros2_foxy/install/gtest_vendor/lib/pkgconfig PYTHONPATH=/home/saitama1/Pictures/ros2-picas/ros2_foxy/install/ament_package/lib/python3.8/site-packages:${PYTHONPATH} ROS_PACKAGE_PATH=/home/saitama1/Pictures/ros2-picas/ros2_foxy/install/mrt_cmake_modules/share /usr/bin/cmake --install /home/saitama1/Pictures/ros2-picas/ros2_foxy/build/lanelet2_projection
