-- Found mrt_cmake_modules: 1.0.8 (/home/saitama1/ros2_foxy/install/mrt_cmake_modules/share/mrt_cmake_modules/cmake)
-- Found ament_cmake_core: 0.9.8 (/home/saitama1/ros2_foxy/install/ament_cmake_core/share/ament_cmake_core/cmake)
-- Using PYTHON_EXECUTABLE: /usr/bin/python3
Traceback (most recent call last):
  File "/home/saitama1/ros2_foxy/install/ament_cmake_core/share/ament_cmake_core/cmake/package_templates/templates_2_cmake.py", line 21, in <module>
    from ament_package.templates import get_environment_hook_template_path
ModuleNotFoundError: No module named 'ament_package'
CMake Error at /home/saitama1/ros2_foxy/install/ament_cmake_core/share/ament_cmake_core/cmake/ament_cmake_package_templates-extras.cmake:41 (message):
  execute_process(/usr/bin/python3
  /home/saitama1/ros2_foxy/install/ament_cmake_core/share/ament_cmake_core/cmake/package_templates/templates_2_cmake.py
  /home/saitama1/ros2_foxy/build/lanelet2_core/ament_cmake_package_templates/templates.cmake)
  returned error code 1
Call Stack (most recent call first):
  /home/saitama1/ros2_foxy/install/ament_cmake_core/share/ament_cmake_core/cmake/ament_cmake_coreConfig.cmake:41 (include)
  /home/saitama1/ros2_foxy/install/mrt_cmake_modules/share/mrt_cmake_modules/cmake/mrt_cmake_modules-macros.cmake:94 (find_package)
  /home/saitama1/ros2_foxy/install/mrt_cmake_modules/share/mrt_cmake_modules/cmake/mrt_cmake_modules-extras.cmake:26 (include)
  /home/saitama1/ros2_foxy/install/mrt_cmake_modules/share/mrt_cmake_modules/cmake/mrt_cmake_modulesConfig.cmake:41 (include)
  CMakeLists.txt:9 (find_package)


-- Configuring incomplete, errors occurred!
See also "/home/saitama1/ros2_foxy/build/lanelet2_core/CMakeFiles/CMakeOutput.log".
See also "/home/saitama1/ros2_foxy/build/lanelet2_core/CMakeFiles/CMakeError.log".
