-- Found mrt_cmake_modules: 1.0.8 (/home/saitama1/ros2_foxy/install/mrt_cmake_modules/share/mrt_cmake_modules/cmake)
-- Found ament_cmake_core: 0.9.8 (/home/saitama1/ros2_foxy/install/ament_cmake_core/share/ament_cmake_core/cmake)
-- Using PYTHON_EXECUTABLE: /usr/bin/python3
-- Override CMake install command with custom implementation using symlinks instead of copying resources
-- Found OpenMP_C: -fopenmp  
-- Found OpenMP_CXX: -fopenmp  
-- Found OpenMP: TRUE   
called: /home/saitama1/ros2_foxy/install/mrt_cmake_modules/share/mrt_cmake_modules/cmake/../scripts/generate_cmake_dependency_file.py /home/saitama1/ros2_foxy/src/autoware_build_parts/lanelet2/lanelet2_examples/package.xml /home/saitama1/ros2_foxy/install/mrt_cmake_modules/share/mrt_cmake_modules/cmake/../yaml/cmake.yaml /home/saitama1/ros2_foxy/build/lanelet2_examples/CMakeFiles/auto_dep_vars.cmake
-- Found Boost: /usr/lib/x86_64-linux-gnu/cmake/Boost-1.71.0/BoostConfig.cmake (found version "1.71.0") found components: wserialization thread random serialization log_setup prg_exec_monitor wave system chrono filesystem locale timer date_time regex graph program_options unit_test_framework log atomic iostreams 
-- Found Python3: /usr/bin/python3.8 (found version "3.8.10") found components: Interpreter 
-- Could NOT find Boost: missing: python3.8.10 numpy3.8.10 (found /usr/lib/x86_64-linux-gnu/cmake/Boost-1.71.0/BoostConfig.cmake (found version "1.71.0"))
-- Found Boost: /usr/lib/x86_64-linux-gnu/cmake/Boost-1.71.0/BoostConfig.cmake (found version "1.71.0") found components: python numpy 
-- Found Python3: /usr/lib/x86_64-linux-gnu/libpython3.8.so (found version "3.8") found components: Development 
-- Adding executable "01_dealing_with_lanelet_primitives" with source: src/01_dealing_with_lanelet_primitives/main.cpp
-- Adding executable "02_regulatory_elements" with source: src/02_regulatory_elements/main.cpp
-- Adding executable "03_lanelet_map" with source: src/03_lanelet_map/main.cpp
-- Adding executable "04_reading_and_writing" with source: src/04_reading_and_writing/main.cpp
-- Adding executable "05_traffic_rules" with source: src/05_traffic_rules/main.cpp
-- Adding executable "06_routing" with source: src/06_routing/main.cpp
-- Marking targets "lanelet2_examples-01_dealing_with_lanelet_primitives-exec;lanelet2_examples-02_regulatory_elements-exec;lanelet2_examples-03_lanelet_map-exec;lanelet2_examples-04_reading_and_writing-exec;lanelet2_examples-05_traffic_rules-exec;lanelet2_examples-06_routing-exec" of package "lanelet2_examples" for installation
-- Marking HEADER FILES in "include/lanelet2_examples" folder of package "lanelet2_examples" for installation
-- Marking PYTHON PROGRAM "tutorial.py" of package "lanelet2_examples" for installation
-- Generating cmake exports for lanelet2_examples to /home/saitama1/ros2_foxy/build/lanelet2_examples/devel/share
-- Adding nosetests in folder /home/saitama1/ros2_foxy/src/autoware_build_parts/lanelet2/lanelet2_examples/test
-- Using Python nosetests: /usr/bin/nosetests3
-- Adding nosetest nosetests-lanelet2_examples-test
-- Configuring done
-- Generating done
-- Build files have been written to: /home/saitama1/ros2_foxy/build/lanelet2_examples
[  8%] [32m[1mLinking CXX executable 04_reading_and_writing[0m
[ 16%] [32m[1mLinking CXX executable 06_routing[0m
[ 25%] [32m[1mLinking CXX executable 05_traffic_rules[0m
[ 33%] Built target lanelet2_examples-05_traffic_rules-exec
[ 41%] Built target lanelet2_examples-04_reading_and_writing-exec
[ 41%] Built target tests_lanelet2_examples
[ 50%] [32m[1mLinking CXX executable 03_lanelet_map[0m
[ 58%] [32m[1mLinking CXX executable 02_regulatory_elements[0m
[ 66%] Built target lanelet2_examples-06_routing-exec
[ 75%] [32m[1mLinking CXX executable 01_dealing_with_lanelet_primitives[0m
[ 83%] Built target lanelet2_examples-03_lanelet_map-exec
[ 91%] Built target lanelet2_examples-02_regulatory_elements-exec
[100%] Built target lanelet2_examples-01_dealing_with_lanelet_primitives-exec
[100%] Built target tests
-- Install configuration: ""
-- Execute custom install script
-- Symlinking: /home/saitama1/ros2_foxy/install/lanelet2_examples/lib/lanelet2_examples/01_dealing_with_lanelet_primitives
-- Symlinking: /home/saitama1/ros2_foxy/install/lanelet2_examples/lib/lanelet2_examples/02_regulatory_elements
-- Symlinking: /home/saitama1/ros2_foxy/install/lanelet2_examples/lib/lanelet2_examples/03_lanelet_map
-- Symlinking: /home/saitama1/ros2_foxy/install/lanelet2_examples/lib/lanelet2_examples/04_reading_and_writing
-- Symlinking: /home/saitama1/ros2_foxy/install/lanelet2_examples/lib/lanelet2_examples/05_traffic_rules
-- Symlinking: /home/saitama1/ros2_foxy/install/lanelet2_examples/lib/lanelet2_examples/06_routing
-- Symlinking: /home/saitama1/ros2_foxy/install/lanelet2_examples/lib/lanelet2_examples/tutorial.py
-- Symlinking: /home/saitama1/ros2_foxy/install/lanelet2_examples/share/lanelet2_examples/cmake/lanelet2_examplesConfigVersion.cmake
-- Symlinking: /home/saitama1/ros2_foxy/install/lanelet2_examples/share/lanelet2_examples/cmake/lanelet2_examplesConfig.cmake
-- Symlinking: /home/saitama1/ros2_foxy/install/lanelet2_examples/share/lanelet2_examples/cmake/auto_dep_vars.cmake
-- Symlinking: /home/saitama1/ros2_foxy/install/lanelet2_examples/share/lanelet2_examples/cmake/lanelet2_examplesAutoDepsConfig.cmake
-- Symlinking: /home/saitama1/ros2_foxy/install/lanelet2_examples/share/lanelet2_examples/package.xml
-- Symlinking: /home/saitama1/ros2_foxy/install/lanelet2_examples/share/ament_index/resource_index/package_run_dependencies/lanelet2_examples
-- Symlinking: /home/saitama1/ros2_foxy/install/lanelet2_examples/share/ament_index/resource_index/parent_prefix_path/lanelet2_examples
-- Symlinking: /home/saitama1/ros2_foxy/install/lanelet2_examples/share/lanelet2_examples/environment/ament_prefix_path.sh
-- Symlinking: /home/saitama1/ros2_foxy/install/lanelet2_examples/share/lanelet2_examples/environment/ament_prefix_path.dsv
-- Symlinking: /home/saitama1/ros2_foxy/install/lanelet2_examples/share/lanelet2_examples/environment/path.sh
-- Symlinking: /home/saitama1/ros2_foxy/install/lanelet2_examples/share/lanelet2_examples/environment/path.dsv
-- Symlinking: /home/saitama1/ros2_foxy/install/lanelet2_examples/share/lanelet2_examples/local_setup.bash
-- Symlinking: /home/saitama1/ros2_foxy/install/lanelet2_examples/share/lanelet2_examples/local_setup.sh
-- Symlinking: /home/saitama1/ros2_foxy/install/lanelet2_examples/share/lanelet2_examples/local_setup.zsh
-- Symlinking: /home/saitama1/ros2_foxy/install/lanelet2_examples/share/lanelet2_examples/local_setup.dsv
-- Symlinking: /home/saitama1/ros2_foxy/install/lanelet2_examples/share/lanelet2_examples/package.dsv
-- Symlinking: /home/saitama1/ros2_foxy/install/lanelet2_examples/share/ament_index/resource_index/packages/lanelet2_examples
-- Up-to-date: /home/saitama1/ros2_foxy/install/lanelet2_examples/include/lanelet2_examples
-- Up-to-date: /home/saitama1/ros2_foxy/install/lanelet2_examples/include/lanelet2_examples/internal
-- Up-to-date: /home/saitama1/ros2_foxy/install/lanelet2_examples/include/lanelet2_examples/internal/ExampleHelpers.h
