running egg_info
creating ../../../../build/ament_index_python/ament_index_python.egg-info
writing ../../../../build/ament_index_python/ament_index_python.egg-info/PKG-INFO
writing dependency_links to ../../../../build/ament_index_python/ament_index_python.egg-info/dependency_links.txt
writing entry points to ../../../../build/ament_index_python/ament_index_python.egg-info/entry_points.txt
writing requirements to ../../../../build/ament_index_python/ament_index_python.egg-info/requires.txt
writing top-level names to ../../../../build/ament_index_python/ament_index_python.egg-info/top_level.txt
writing manifest file '../../../../build/ament_index_python/ament_index_python.egg-info/SOURCES.txt'
reading manifest file '../../../../build/ament_index_python/ament_index_python.egg-info/SOURCES.txt'
writing manifest file '../../../../build/ament_index_python/ament_index_python.egg-info/SOURCES.txt'
running build
running build_py
creating /home/saitama1/ros2_foxy/build/ament_index_python/build
creating /home/saitama1/ros2_foxy/build/ament_index_python/build/lib
creating /home/saitama1/ros2_foxy/build/ament_index_python/build/lib/ament_index_python
copying ament_index_python/resources.py -> /home/saitama1/ros2_foxy/build/ament_index_python/build/lib/ament_index_python
copying ament_index_python/constants.py -> /home/saitama1/ros2_foxy/build/ament_index_python/build/lib/ament_index_python
copying ament_index_python/__init__.py -> /home/saitama1/ros2_foxy/build/ament_index_python/build/lib/ament_index_python
copying ament_index_python/packages.py -> /home/saitama1/ros2_foxy/build/ament_index_python/build/lib/ament_index_python
copying ament_index_python/search_paths.py -> /home/saitama1/ros2_foxy/build/ament_index_python/build/lib/ament_index_python
copying ament_index_python/cli.py -> /home/saitama1/ros2_foxy/build/ament_index_python/build/lib/ament_index_python
running install
running install_lib
creating /home/saitama1/ros2_foxy/install/ament_index_python/lib/python3.8/site-packages/ament_index_python
copying /home/saitama1/ros2_foxy/build/ament_index_python/build/lib/ament_index_python/resources.py -> /home/saitama1/ros2_foxy/install/ament_index_python/lib/python3.8/site-packages/ament_index_python
copying /home/saitama1/ros2_foxy/build/ament_index_python/build/lib/ament_index_python/constants.py -> /home/saitama1/ros2_foxy/install/ament_index_python/lib/python3.8/site-packages/ament_index_python
copying /home/saitama1/ros2_foxy/build/ament_index_python/build/lib/ament_index_python/__init__.py -> /home/saitama1/ros2_foxy/install/ament_index_python/lib/python3.8/site-packages/ament_index_python
copying /home/saitama1/ros2_foxy/build/ament_index_python/build/lib/ament_index_python/packages.py -> /home/saitama1/ros2_foxy/install/ament_index_python/lib/python3.8/site-packages/ament_index_python
copying /home/saitama1/ros2_foxy/build/ament_index_python/build/lib/ament_index_python/search_paths.py -> /home/saitama1/ros2_foxy/install/ament_index_python/lib/python3.8/site-packages/ament_index_python
copying /home/saitama1/ros2_foxy/build/ament_index_python/build/lib/ament_index_python/cli.py -> /home/saitama1/ros2_foxy/install/ament_index_python/lib/python3.8/site-packages/ament_index_python
byte-compiling /home/saitama1/ros2_foxy/install/ament_index_python/lib/python3.8/site-packages/ament_index_python/resources.py to resources.cpython-38.pyc
byte-compiling /home/saitama1/ros2_foxy/install/ament_index_python/lib/python3.8/site-packages/ament_index_python/constants.py to constants.cpython-38.pyc
byte-compiling /home/saitama1/ros2_foxy/install/ament_index_python/lib/python3.8/site-packages/ament_index_python/__init__.py to __init__.cpython-38.pyc
byte-compiling /home/saitama1/ros2_foxy/install/ament_index_python/lib/python3.8/site-packages/ament_index_python/packages.py to packages.cpython-38.pyc
byte-compiling /home/saitama1/ros2_foxy/install/ament_index_python/lib/python3.8/site-packages/ament_index_python/search_paths.py to search_paths.cpython-38.pyc
byte-compiling /home/saitama1/ros2_foxy/install/ament_index_python/lib/python3.8/site-packages/ament_index_python/cli.py to cli.cpython-38.pyc
running install_data
copying package.xml -> /home/saitama1/ros2_foxy/install/ament_index_python/share/ament_index_python
creating /home/saitama1/ros2_foxy/install/ament_index_python/share/ament_index_python/environment
copying completion/ament_index-argcomplete.bash -> /home/saitama1/ros2_foxy/install/ament_index_python/share/ament_index_python/environment
copying completion/ament_index-argcomplete.zsh -> /home/saitama1/ros2_foxy/install/ament_index_python/share/ament_index_python/environment
creating /home/saitama1/ros2_foxy/install/ament_index_python/share/ament_index
creating /home/saitama1/ros2_foxy/install/ament_index_python/share/ament_index/resource_index
creating /home/saitama1/ros2_foxy/install/ament_index_python/share/ament_index/resource_index/packages
copying resource/ament_index_python -> /home/saitama1/ros2_foxy/install/ament_index_python/share/ament_index/resource_index/packages
running install_egg_info
Copying ../../../../build/ament_index_python/ament_index_python.egg-info to /home/saitama1/ros2_foxy/install/ament_index_python/lib/python3.8/site-packages/ament_index_python-1.1.0-py3.8.egg-info
running install_scripts
Installing ament_index script to /home/saitama1/ros2_foxy/install/ament_index_python/bin
writing list of installed files to '/home/saitama1/ros2_foxy/build/ament_index_python/install.log'
