[0.848s] Invoking command in '/home/saitama1/ros2_foxy/src/ament/ament_index/ament_index_python': AMENT_PREFIX_PATH=/home/saitama1/ros2_foxy/install/ament_copyright:/home/saitama1/ros2_foxy/install/ament_pep257:/home/saitama1/ros2_foxy/install/ament_flake8:/home/saitama1/ros2_foxy/install/ament_lint PATH=/home/saitama1/ros2_foxy/install/ament_copyright/bin:/home/saitama1/ros2_foxy/install/ament_pep257/bin:/home/saitama1/ros2_foxy/install/ament_flake8/bin:${PATH} PYTHONPATH=/home/saitama1/ros2_foxy/install/ament_index_python/lib/python3.8/site-packages:/home/saitama1/ros2_foxy/install/ament_copyright/lib/python3.8/site-packages:/home/saitama1/ros2_foxy/install/ament_pep257/lib/python3.8/site-packages:/home/saitama1/ros2_foxy/install/ament_flake8/lib/python3.8/site-packages:/home/saitama1/ros2_foxy/install/ament_lint/lib/python3.8/site-packages /usr/bin/python3 setup.py egg_info --egg-base ../../../../build/ament_index_python build --build-base /home/saitama1/ros2_foxy/build/ament_index_python/build install --prefix /home/saitama1/ros2_foxy/install/ament_index_python --record /home/saitama1/ros2_foxy/build/ament_index_python/install.log --single-version-externally-managed
[1.058s] running egg_info
[1.060s] creating ../../../../build/ament_index_python/ament_index_python.egg-info
[1.060s] writing ../../../../build/ament_index_python/ament_index_python.egg-info/PKG-INFO
[1.060s] writing dependency_links to ../../../../build/ament_index_python/ament_index_python.egg-info/dependency_links.txt
[1.060s] writing entry points to ../../../../build/ament_index_python/ament_index_python.egg-info/entry_points.txt
[1.060s] writing requirements to ../../../../build/ament_index_python/ament_index_python.egg-info/requires.txt
[1.060s] writing top-level names to ../../../../build/ament_index_python/ament_index_python.egg-info/top_level.txt
[1.062s] writing manifest file '../../../../build/ament_index_python/ament_index_python.egg-info/SOURCES.txt'
[1.102s] reading manifest file '../../../../build/ament_index_python/ament_index_python.egg-info/SOURCES.txt'
[1.103s] writing manifest file '../../../../build/ament_index_python/ament_index_python.egg-info/SOURCES.txt'
[1.103s] running build
[1.103s] running build_py
[1.103s] creating /home/saitama1/ros2_foxy/build/ament_index_python/build
[1.103s] creating /home/saitama1/ros2_foxy/build/ament_index_python/build/lib
[1.104s] creating /home/saitama1/ros2_foxy/build/ament_index_python/build/lib/ament_index_python
[1.104s] copying ament_index_python/resources.py -> /home/saitama1/ros2_foxy/build/ament_index_python/build/lib/ament_index_python
[1.104s] copying ament_index_python/constants.py -> /home/saitama1/ros2_foxy/build/ament_index_python/build/lib/ament_index_python
[1.104s] copying ament_index_python/__init__.py -> /home/saitama1/ros2_foxy/build/ament_index_python/build/lib/ament_index_python
[1.104s] copying ament_index_python/packages.py -> /home/saitama1/ros2_foxy/build/ament_index_python/build/lib/ament_index_python
[1.104s] copying ament_index_python/search_paths.py -> /home/saitama1/ros2_foxy/build/ament_index_python/build/lib/ament_index_python
[1.104s] copying ament_index_python/cli.py -> /home/saitama1/ros2_foxy/build/ament_index_python/build/lib/ament_index_python
[1.104s] running install
[1.105s] running install_lib
[1.106s] creating /home/saitama1/ros2_foxy/install/ament_index_python/lib/python3.8/site-packages/ament_index_python
[1.106s] copying /home/saitama1/ros2_foxy/build/ament_index_python/build/lib/ament_index_python/resources.py -> /home/saitama1/ros2_foxy/install/ament_index_python/lib/python3.8/site-packages/ament_index_python
[1.106s] copying /home/saitama1/ros2_foxy/build/ament_index_python/build/lib/ament_index_python/constants.py -> /home/saitama1/ros2_foxy/install/ament_index_python/lib/python3.8/site-packages/ament_index_python
[1.106s] copying /home/saitama1/ros2_foxy/build/ament_index_python/build/lib/ament_index_python/__init__.py -> /home/saitama1/ros2_foxy/install/ament_index_python/lib/python3.8/site-packages/ament_index_python
[1.106s] copying /home/saitama1/ros2_foxy/build/ament_index_python/build/lib/ament_index_python/packages.py -> /home/saitama1/ros2_foxy/install/ament_index_python/lib/python3.8/site-packages/ament_index_python
[1.106s] copying /home/saitama1/ros2_foxy/build/ament_index_python/build/lib/ament_index_python/search_paths.py -> /home/saitama1/ros2_foxy/install/ament_index_python/lib/python3.8/site-packages/ament_index_python
[1.106s] copying /home/saitama1/ros2_foxy/build/ament_index_python/build/lib/ament_index_python/cli.py -> /home/saitama1/ros2_foxy/install/ament_index_python/lib/python3.8/site-packages/ament_index_python
[1.107s] byte-compiling /home/saitama1/ros2_foxy/install/ament_index_python/lib/python3.8/site-packages/ament_index_python/resources.py to resources.cpython-38.pyc
[1.109s] byte-compiling /home/saitama1/ros2_foxy/install/ament_index_python/lib/python3.8/site-packages/ament_index_python/constants.py to constants.cpython-38.pyc
[1.109s] byte-compiling /home/saitama1/ros2_foxy/install/ament_index_python/lib/python3.8/site-packages/ament_index_python/__init__.py to __init__.cpython-38.pyc
[1.109s] byte-compiling /home/saitama1/ros2_foxy/install/ament_index_python/lib/python3.8/site-packages/ament_index_python/packages.py to packages.cpython-38.pyc
[1.109s] byte-compiling /home/saitama1/ros2_foxy/install/ament_index_python/lib/python3.8/site-packages/ament_index_python/search_paths.py to search_paths.cpython-38.pyc
[1.110s] byte-compiling /home/saitama1/ros2_foxy/install/ament_index_python/lib/python3.8/site-packages/ament_index_python/cli.py to cli.cpython-38.pyc
[1.110s] running install_data
[1.111s] copying package.xml -> /home/saitama1/ros2_foxy/install/ament_index_python/share/ament_index_python
[1.111s] creating /home/saitama1/ros2_foxy/install/ament_index_python/share/ament_index_python/environment
[1.112s] copying completion/ament_index-argcomplete.bash -> /home/saitama1/ros2_foxy/install/ament_index_python/share/ament_index_python/environment
[1.112s] copying completion/ament_index-argcomplete.zsh -> /home/saitama1/ros2_foxy/install/ament_index_python/share/ament_index_python/environment
[1.112s] creating /home/saitama1/ros2_foxy/install/ament_index_python/share/ament_index
[1.112s] creating /home/saitama1/ros2_foxy/install/ament_index_python/share/ament_index/resource_index
[1.112s] creating /home/saitama1/ros2_foxy/install/ament_index_python/share/ament_index/resource_index/packages
[1.112s] copying resource/ament_index_python -> /home/saitama1/ros2_foxy/install/ament_index_python/share/ament_index/resource_index/packages
[1.112s] running install_egg_info
[1.113s] Copying ../../../../build/ament_index_python/ament_index_python.egg-info to /home/saitama1/ros2_foxy/install/ament_index_python/lib/python3.8/site-packages/ament_index_python-1.1.0-py3.8.egg-info
[1.114s] running install_scripts
[1.131s] Installing ament_index script to /home/saitama1/ros2_foxy/install/ament_index_python/bin
[1.131s] writing list of installed files to '/home/saitama1/ros2_foxy/build/ament_index_python/install.log'
