[0.515s] Invoking command in '/home/saitama1/ros2_foxy/build/cyclonedds': /usr/bin/cmake --build /home/saitama1/ros2_foxy/build/cyclonedds -- -j12 -l12
[0.867s] [ 81%] Built target ddsc
[0.867s] [ 84%] Built target ddsls
[0.867s] [ 85%] Built target ddsconf
[0.868s] [ 88%] Built target pubsub
[0.868s] [ 90%] Built target dds_security_auth
[0.868s] [ 93%] Built target dds_security_ac
[0.868s] [ 99%] Built target dds_security_crypto
[0.869s] [100%] Built target schema
[0.876s] Invoked command in '/home/saitama1/ros2_foxy/build/cyclonedds' returned '0': /usr/bin/cmake --build /home/saitama1/ros2_foxy/build/cyclonedds -- -j12 -l12
[0.940s] Invoking command in '/home/saitama1/ros2_foxy/build/cyclonedds': /usr/bin/cmake --install /home/saitama1/ros2_foxy/build/cyclonedds
[0.966s] -- Install configuration: "RelWithDebInfo"
[0.967s] -- Up-to-date: /home/saitama1/ros2_foxy/install/cyclonedds/lib/cmake/CycloneDDS/CycloneDDSConfig.cmake
[0.968s] -- Up-to-date: /home/saitama1/ros2_foxy/install/cyclonedds/lib/cmake/CycloneDDS/CycloneDDSVersion.cmake
[0.970s] -- Up-to-date: /home/saitama1/ros2_foxy/install/cyclonedds/lib/cmake/CycloneDDS/CycloneDDSTargets.cmake
[0.971s] -- Up-to-date: /home/saitama1/ros2_foxy/install/cyclonedds/lib/cmake/CycloneDDS/CycloneDDSTargets-relwithdebinfo.cmake
[0.971s] -- Up-to-date: /home/saitama1/ros2_foxy/install/cyclonedds/include
[0.971s] -- Up-to-date: /home/saitama1/ros2_foxy/install/cyclonedds/include/dds
[0.971s] -- Up-to-date: /home/saitama1/ros2_foxy/install/cyclonedds/include/dds/ddsrt
[0.971s] -- Up-to-date: /home/saitama1/ros2_foxy/install/cyclonedds/include/dds/ddsrt/fibheap.h
[0.971s] -- Up-to-date: /home/saitama1/ros2_foxy/install/cyclonedds/include/dds/ddsrt/md5.h
[0.971s] -- Up-to-date: /home/saitama1/ros2_foxy/install/cyclonedds/include/dds/ddsrt/rusage.h
[0.971s] -- Up-to-date: /home/saitama1/ros2_foxy/install/cyclonedds/include/dds/ddsrt/types.h
[0.972s] -- Up-to-date: /home/saitama1/ros2_foxy/install/cyclonedds/include/dds/ddsrt/log.h
[0.972s] -- Up-to-date: /home/saitama1/ros2_foxy/install/cyclonedds/include/dds/ddsrt/atomics
[0.972s] -- Up-to-date: /home/saitama1/ros2_foxy/install/cyclonedds/include/dds/ddsrt/atomics/sun.h
[0.972s] -- Up-to-date: /home/saitama1/ros2_foxy/install/cyclonedds/include/dds/ddsrt/atomics/msvc.h
[0.973s] -- Up-to-date: /home/saitama1/ros2_foxy/install/cyclonedds/include/dds/ddsrt/atomics/gcc.h
[0.973s] -- Up-to-date: /home/saitama1/ros2_foxy/install/cyclonedds/include/dds/ddsrt/atomics/arm.h
[0.973s] -- Up-to-date: /home/saitama1/ros2_foxy/install/cyclonedds/include/dds/ddsrt/time
[0.976s] -- Up-to-date: /home/saitama1/ros2_foxy/install/cyclonedds/include/dds/ddsrt/time/freertos.h
[0.976s] -- Up-to-date: /home/saitama1/ros2_foxy/install/cyclonedds/include/dds/ddsrt/sockets
[0.976s] -- Up-to-date: /home/saitama1/ros2_foxy/install/cyclonedds/include/dds/ddsrt/sockets/windows.h
[0.976s] -- Up-to-date: /home/saitama1/ros2_foxy/install/cyclonedds/include/dds/ddsrt/sockets/posix.h
[0.976s] -- Up-to-date: /home/saitama1/ros2_foxy/install/cyclonedds/include/dds/ddsrt/static_assert.h
[0.976s] -- Up-to-date: /home/saitama1/ros2_foxy/install/cyclonedds/include/dds/ddsrt/arch.h
[0.976s] -- Up-to-date: /home/saitama1/ros2_foxy/install/cyclonedds/include/dds/ddsrt/sockets.h
[0.976s] -- Up-to-date: /home/saitama1/ros2_foxy/install/cyclonedds/include/dds/ddsrt/circlist.h
[0.976s] -- Up-to-date: /home/saitama1/ros2_foxy/install/cyclonedds/include/dds/ddsrt/strtol.h
[0.976s] -- Up-to-date: /home/saitama1/ros2_foxy/install/cyclonedds/include/dds/ddsrt/attributes.h
[0.976s] -- Up-to-date: /home/saitama1/ros2_foxy/install/cyclonedds/include/dds/ddsrt/retcode.h
[0.976s] -- Up-to-date: /home/saitama1/ros2_foxy/install/cyclonedds/include/dds/ddsrt/threads
[0.977s] -- Up-to-date: /home/saitama1/ros2_foxy/install/cyclonedds/include/dds/ddsrt/threads/windows.h
[0.977s] -- Up-to-date: /home/saitama1/ros2_foxy/install/cyclonedds/include/dds/ddsrt/threads/freertos.h
[0.977s] -- Up-to-date: /home/saitama1/ros2_foxy/install/cyclonedds/include/dds/ddsrt/threads/posix.h
[0.977s] -- Up-to-date: /home/saitama1/ros2_foxy/install/cyclonedds/include/dds/ddsrt/filesystem
[0.977s] -- Up-to-date: /home/saitama1/ros2_foxy/install/cyclonedds/include/dds/ddsrt/filesystem/windows.h
[0.977s] -- Up-to-date: /home/saitama1/ros2_foxy/install/cyclonedds/include/dds/ddsrt/filesystem/posix.h
[0.977s] -- Up-to-date: /home/saitama1/ros2_foxy/install/cyclonedds/include/dds/ddsrt/environ.h
[0.977s] -- Up-to-date: /home/saitama1/ros2_foxy/install/cyclonedds/include/dds/ddsrt/heap.h
[0.977s] -- Up-to-date: /home/saitama1/ros2_foxy/install/cyclonedds/include/dds/ddsrt/sync
[0.978s] -- Up-to-date: /home/saitama1/ros2_foxy/install/cyclonedds/include/dds/ddsrt/sync/windows.h
[0.978s] -- Up-to-date: /home/saitama1/ros2_foxy/install/cyclonedds/include/dds/ddsrt/sync/freertos.h
[0.978s] -- Up-to-date: /home/saitama1/ros2_foxy/install/cyclonedds/include/dds/ddsrt/sync/posix.h
[0.978s] -- Up-to-date: /home/saitama1/ros2_foxy/install/cyclonedds/include/dds/ddsrt/sync/solaris2.6.h
[0.979s] -- Up-to-date: /home/saitama1/ros2_foxy/install/cyclonedds/include/dds/ddsrt/atomics.h
[0.980s] -- Up-to-date: /home/saitama1/ros2_foxy/install/cyclonedds/include/dds/ddsrt/expand_vars.h
[0.980s] -- Up-to-date: /home/saitama1/ros2_foxy/install/cyclonedds/include/dds/ddsrt/countargs.h
[0.980s] -- Up-to-date: /home/saitama1/ros2_foxy/install/cyclonedds/include/dds/ddsrt/thread_pool.h
[0.980s] -- Up-to-date: /home/saitama1/ros2_foxy/install/cyclonedds/include/dds/ddsrt/process.h
[0.980s] -- Up-to-date: /home/saitama1/ros2_foxy/install/cyclonedds/include/dds/ddsrt/random.h
[0.980s] -- Up-to-date: /home/saitama1/ros2_foxy/install/cyclonedds/include/dds/ddsrt/misc.h
[0.981s] -- Up-to-date: /home/saitama1/ros2_foxy/install/cyclonedds/include/dds/ddsrt/bswap.h
[0.981s] -- Up-to-date: /home/saitama1/ros2_foxy/install/cyclonedds/include/dds/ddsrt/sync.h
[0.981s] -- Up-to-date: /home/saitama1/ros2_foxy/install/cyclonedds/include/dds/ddsrt/hopscotch.h
[0.981s] -- Up-to-date: /home/saitama1/ros2_foxy/install/cyclonedds/include/dds/ddsrt/cdtors.h
[0.982s] -- Up-to-date: /home/saitama1/ros2_foxy/install/cyclonedds/include/dds/ddsrt/mh3.h
[0.982s] -- Up-to-date: /home/saitama1/ros2_foxy/install/cyclonedds/include/dds/ddsrt/netstat.h
[0.982s] -- Up-to-date: /home/saitama1/ros2_foxy/install/cyclonedds/include/dds/ddsrt/io.h
[0.982s] -- Up-to-date: /home/saitama1/ros2_foxy/install/cyclonedds/include/dds/ddsrt/strtod.h
[0.982s] -- Up-to-date: /home/saitama1/ros2_foxy/install/cyclonedds/include/dds/ddsrt/threads.h
[0.983s] -- Up-to-date: /home/saitama1/ros2_foxy/install/cyclonedds/include/dds/ddsrt/ifaddrs.h
[0.983s] -- Up-to-date: /home/saitama1/ros2_foxy/install/cyclonedds/include/dds/ddsrt/xmlparser.h
[0.984s] -- Up-to-date: /home/saitama1/ros2_foxy/install/cyclonedds/include/dds/ddsrt/avl.h
[0.984s] -- Up-to-date: /home/saitama1/ros2_foxy/install/cyclonedds/include/dds/ddsrt/filesystem.h
[0.984s] -- Up-to-date: /home/saitama1/ros2_foxy/install/cyclonedds/include/dds/ddsrt/string.h
[0.984s] -- Up-to-date: /home/saitama1/ros2_foxy/install/cyclonedds/include/dds/ddsrt/endian.h
[0.985s] -- Up-to-date: /home/saitama1/ros2_foxy/install/cyclonedds/include/dds/ddsrt/types
[0.987s] -- Up-to-date: /home/saitama1/ros2_foxy/install/cyclonedds/include/dds/ddsrt/types/windows.h
[0.990s] -- Up-to-date: /home/saitama1/ros2_foxy/install/cyclonedds/include/dds/ddsrt/types/vxworks.h
[0.990s] -- Up-to-date: /home/saitama1/ros2_foxy/install/cyclonedds/include/dds/ddsrt/types/posix.h
[0.990s] -- Up-to-date: /home/saitama1/ros2_foxy/install/cyclonedds/include/dds/ddsrt/dynlib.h
[0.990s] -- Up-to-date: /home/saitama1/ros2_foxy/install/cyclonedds/include/dds/ddsrt/time.h
[0.990s] -- Up-to-date: /home/saitama1/ros2_foxy/install/cyclonedds/include
[0.991s] -- Up-to-date: /home/saitama1/ros2_foxy/install/cyclonedds/include/dds
[0.991s] -- Up-to-date: /home/saitama1/ros2_foxy/install/cyclonedds/include/dds/version.h
[0.991s] -- Up-to-date: /home/saitama1/ros2_foxy/install/cyclonedds/include
[0.992s] -- Up-to-date: /home/saitama1/ros2_foxy/install/cyclonedds/include/dds
[0.992s] -- Up-to-date: /home/saitama1/ros2_foxy/install/cyclonedds/include/dds/security
[0.992s] -- Up-to-date: /home/saitama1/ros2_foxy/install/cyclonedds/include/dds/security/dds_security_api_defs.h
[0.992s] -- Up-to-date: /home/saitama1/ros2_foxy/install/cyclonedds/include/dds/security/dds_security_api.h
[0.992s] -- Up-to-date: /home/saitama1/ros2_foxy/install/cyclonedds/include/dds/security/dds_security_api_access_control.h
[0.992s] -- Up-to-date: /home/saitama1/ros2_foxy/install/cyclonedds/include/dds/security/dds_security_api_err.h
[0.992s] -- Up-to-date: /home/saitama1/ros2_foxy/install/cyclonedds/include/dds/security/dds_security_api_authentication.h
[0.992s] -- Up-to-date: /home/saitama1/ros2_foxy/install/cyclonedds/include/dds/security/dds_security_api_types.h
[0.992s] -- Up-to-date: /home/saitama1/ros2_foxy/install/cyclonedds/include/dds/security/dds_security_api_cryptography.h
[0.992s] -- Up-to-date: /home/saitama1/ros2_foxy/install/cyclonedds/include/dds/security/core/
[0.992s] -- Up-to-date: /home/saitama1/ros2_foxy/install/cyclonedds/include/dds/security/core//dds_security_serialize.h
[0.993s] -- Up-to-date: /home/saitama1/ros2_foxy/install/cyclonedds/include/dds/security/core//dds_security_utils.h
[0.993s] -- Up-to-date: /home/saitama1/ros2_foxy/install/cyclonedds/include/dds/security/core//dds_security_timed_cb.h
[0.993s] -- Up-to-date: /home/saitama1/ros2_foxy/install/cyclonedds/include/dds/security/core//dds_security_plugins.h
[0.993s] -- Up-to-date: /home/saitama1/ros2_foxy/install/cyclonedds/include/dds/security/core//dds_security_fsm.h
[0.993s] -- Up-to-date: /home/saitama1/ros2_foxy/install/cyclonedds/include/dds/security/core//dds_security_types.h
[0.993s] -- Up-to-date: /home/saitama1/ros2_foxy/install/cyclonedds/include/dds/security/core//shared_secret.h
[0.994s] -- Up-to-date: /home/saitama1/ros2_foxy/install/cyclonedds/lib/libdds_security_ac.so
[0.994s] -- Up-to-date: /home/saitama1/ros2_foxy/install/cyclonedds/lib/libdds_security_auth.so
[0.999s] -- Up-to-date: /home/saitama1/ros2_foxy/install/cyclonedds/lib/libdds_security_crypto.so
[0.999s] -- Up-to-date: /home/saitama1/ros2_foxy/install/cyclonedds/include
[0.999s] -- Up-to-date: /home/saitama1/ros2_foxy/install/cyclonedds/include/dds
[0.999s] -- Up-to-date: /home/saitama1/ros2_foxy/install/cyclonedds/include/dds/ddsi
[0.999s] -- Up-to-date: /home/saitama1/ros2_foxy/install/cyclonedds/include/dds/ddsi/q_gc.h
[0.999s] -- Up-to-date: /home/saitama1/ros2_foxy/install/cyclonedds/include/dds/ddsi/q_feature_check.h
[1.000s] -- Up-to-date: /home/saitama1/ros2_foxy/install/cyclonedds/include/dds/ddsi/ddsi_cfgunits.h
[1.000s] -- Up-to-date: /home/saitama1/ros2_foxy/install/cyclonedds/include/dds/ddsi/q_misc.h
[1.000s] -- Up-to-date: /home/saitama1/ros2_foxy/install/cyclonedds/include/dds/ddsi/ddsi_tcp.h
[1.001s] -- Up-to-date: /home/saitama1/ros2_foxy/install/cyclonedds/include/dds/ddsi/ddsi_domaingv.h
[1.001s] -- Up-to-date: /home/saitama1/ros2_foxy/install/cyclonedds/include/dds/ddsi/q_config.h
[1.001s] -- Up-to-date: /home/saitama1/ros2_foxy/install/cyclonedds/include/dds/ddsi/q_pcap.h
[1.002s] -- Up-to-date: /home/saitama1/ros2_foxy/install/cyclonedds/include/dds/ddsi/ddsi_ownip.h
[1.002s] -- Up-to-date: /home/saitama1/ros2_foxy/install/cyclonedds/include/dds/ddsi/ddsi_acknack.h
[1.002s] -- Up-to-date: /home/saitama1/ros2_foxy/install/cyclonedds/include/dds/ddsi/ddsi_udp.h
[1.002s] -- Up-to-date: /home/saitama1/ros2_foxy/install/cyclonedds/include/dds/ddsi/q_receive.h
[1.003s] -- Up-to-date: /home/saitama1/ros2_foxy/install/cyclonedds/include/dds/ddsi/ddsi_rhc.h
[1.003s] -- Up-to-date: /home/saitama1/ros2_foxy/install/cyclonedds/include/dds/ddsi/ddsi_ssl.h
[1.003s] -- Up-to-date: /home/saitama1/ros2_foxy/install/cyclonedds/include/dds/ddsi/ddsi_plist_generic.h
[1.004s] -- Up-to-date: /home/saitama1/ros2_foxy/install/cyclonedds/include/dds/ddsi/ddsi_serdata_default.h
[1.004s] -- Up-to-date: /home/saitama1/ros2_foxy/install/cyclonedds/include/dds/ddsi/ddsi_vendor.h
[1.005s] -- Up-to-date: /home/saitama1/ros2_foxy/install/cyclonedds/include/dds/ddsi/q_qosmatch.h
[1.005s] -- Up-to-date: /home/saitama1/ros2_foxy/install/cyclonedds/include/dds/ddsi/q_bitset.h
[1.005s] -- Up-to-date: /home/saitama1/ros2_foxy/install/cyclonedds/include/dds/ddsi/q_log.h
[1.005s] -- Up-to-date: /home/saitama1/ros2_foxy/install/cyclonedds/include/dds/ddsi/q_xevent.h
[1.006s] -- Up-to-date: /home/saitama1/ros2_foxy/install/cyclonedds/include/dds/ddsi/ddsi_deliver_locally.h
[1.006s] -- Up-to-date: /home/saitama1/ros2_foxy/install/cyclonedds/include/dds/ddsi/ddsi_security_exchange.h
[1.006s] -- Up-to-date: /home/saitama1/ros2_foxy/install/cyclonedds/include/dds/ddsi/q_lease.h
[1.006s] -- Up-to-date: /home/saitama1/ros2_foxy/install/cyclonedds/include/dds/ddsi/q_bswap.h
[1.006s] -- Up-to-date: /home/saitama1/ros2_foxy/install/cyclonedds/include/dds/ddsi/ddsi_tkmap.h
[1.006s] -- Up-to-date: /home/saitama1/ros2_foxy/install/cyclonedds/include/dds/ddsi/ddsi_guid.h
[1.007s] -- Up-to-date: /home/saitama1/ros2_foxy/install/cyclonedds/include/dds/ddsi/ddsi_lifespan.h
[1.007s] -- Up-to-date: /home/saitama1/ros2_foxy/install/cyclonedds/include/dds/ddsi/q_protocol.h
[1.008s] -- Up-to-date: /home/saitama1/ros2_foxy/install/cyclonedds/include/dds/ddsi/q_inverse_uint32_set.h
[1.008s] -- Up-to-date: /home/saitama1/ros2_foxy/install/cyclonedds/include/dds/ddsi/q_radmin.h
[1.008s] -- Up-to-date: /home/saitama1/ros2_foxy/install/cyclonedds/include/dds/ddsi/ddsi_security_omg.h
[1.009s] -- Up-to-date: /home/saitama1/ros2_foxy/install/cyclonedds/include/dds/ddsi/ddsi_iid.h
[1.009s] -- Up-to-date: /home/saitama1/ros2_foxy/install/cyclonedds/include/dds/ddsi/q_entity.h
[1.009s] -- Up-to-date: /home/saitama1/ros2_foxy/install/cyclonedds/include/dds/ddsi/ddsi_raweth.h
[1.009s] -- Up-to-date: /home/saitama1/ros2_foxy/install/cyclonedds/include/dds/ddsi/ddsi_xqos.h
[1.010s] -- Up-to-date: /home/saitama1/ros2_foxy/install/cyclonedds/include/dds/ddsi/q_sockwaitset.h
[1.010s] -- Up-to-date: /home/saitama1/ros2_foxy/install/cyclonedds/include/dds/ddsi/ddsi_cdrstream.h
[1.011s] -- Up-to-date: /home/saitama1/ros2_foxy/install/cyclonedds/include/dds/ddsi/q_xmsg.h
[1.011s] -- Up-to-date: /home/saitama1/ros2_foxy/install/cyclonedds/include/dds/ddsi/ddsi_serdata_pserop.h
[1.011s] -- Up-to-date: /home/saitama1/ros2_foxy/install/cyclonedds/include/dds/ddsi/ddsi_serdata_plist.h
[1.011s] -- Up-to-date: /home/saitama1/ros2_foxy/install/cyclonedds/include/dds/ddsi/q_unused.h
[1.011s] -- Up-to-date: /home/saitama1/ros2_foxy/install/cyclonedds/include/dds/ddsi/q_thread.h
[1.011s] -- Up-to-date: /home/saitama1/ros2_foxy/install/cyclonedds/include/dds/ddsi/q_rtps.h
[1.012s] -- Up-to-date: /home/saitama1/ros2_foxy/install/cyclonedds/include/dds/ddsi/ddsi_time.h
[1.012s] -- Up-to-date: /home/saitama1/ros2_foxy/install/cyclonedds/include/dds/ddsi/q_freelist.h
[1.012s] -- Up-to-date: /home/saitama1/ros2_foxy/install/cyclonedds/include/dds/ddsi/ddsi_portmapping.h
[1.012s] -- Up-to-date: /home/saitama1/ros2_foxy/install/cyclonedds/include/dds/ddsi/q_hbcontrol.h
[1.021s] -- Up-to-date: /home/saitama1/ros2_foxy/install/cyclonedds/include/dds/ddsi/q_transmit.h
[1.021s] -- Up-to-date: /home/saitama1/ros2_foxy/install/cyclonedds/include/dds/ddsi/ddsi_handshake.h
[1.021s] -- Up-to-date: /home/saitama1/ros2_foxy/install/cyclonedds/include/dds/ddsi/ddsi_builtin_topic_if.h
[1.023s] -- Up-to-date: /home/saitama1/ros2_foxy/install/cyclonedds/include/dds/ddsi/sysdeps.h
[1.023s] -- Up-to-date: /home/saitama1/ros2_foxy/install/cyclonedds/include/dds/ddsi/ddsi_statistics.h
[1.023s] -- Up-to-date: /home/saitama1/ros2_foxy/install/cyclonedds/include/dds/ddsi/ddsi_security_util.h
[1.023s] -- Up-to-date: /home/saitama1/ros2_foxy/install/cyclonedds/include/dds/ddsi/q_addrset.h
[1.023s] -- Up-to-date: /home/saitama1/ros2_foxy/install/cyclonedds/include/dds/ddsi/ddsi_pmd.h
[1.023s] -- Up-to-date: /home/saitama1/ros2_foxy/install/cyclonedds/include/dds/ddsi/ddsi_sertopic.h
[1.023s] -- Up-to-date: /home/saitama1/ros2_foxy/install/cyclonedds/include/dds/ddsi/q_debmon.h
[1.023s] -- Up-to-date: /home/saitama1/ros2_foxy/install/cyclonedds/include/dds/ddsi/q_ddsi_discovery.h
[1.023s] -- Up-to-date: /home/saitama1/ros2_foxy/install/cyclonedds/include/dds/ddsi/ddsi_mcgroup.h
[1.023s] -- Up-to-date: /home/saitama1/ros2_foxy/install/cyclonedds/include/dds/ddsi/ddsi_plist.h
[1.023s] -- Up-to-date: /home/saitama1/ros2_foxy/install/cyclonedds/include/dds/ddsi/ddsi_serdata.h
[1.024s] -- Up-to-date: /home/saitama1/ros2_foxy/install/cyclonedds/include/dds/ddsi/ddsi_tran.h
[1.024s] -- Up-to-date: /home/saitama1/ros2_foxy/install/cyclonedds/include/dds/ddsi/ddsi_deadline.h
[1.024s] -- Up-to-date: /home/saitama1/ros2_foxy/install/cyclonedds/include/dds/ddsi/ddsi_keyhash.h
[1.024s] -- Up-to-date: /home/saitama1/ros2_foxy/install/cyclonedds/include/dds/ddsi/q_lat_estim.h
[1.024s] -- Up-to-date: /home/saitama1/ros2_foxy/install/cyclonedds/include/dds/ddsi/ddsi_cfgelems.h
[1.025s] -- Up-to-date: /home/saitama1/ros2_foxy/install/cyclonedds/include/dds/ddsi/q_init.h
[1.026s] -- Up-to-date: /home/saitama1/ros2_foxy/install/cyclonedds/include/dds/ddsi/ddsi_security_msg.h
[1.026s] -- Up-to-date: /home/saitama1/ros2_foxy/install/cyclonedds/include/dds/ddsi/ddsi_threadmon.h
[1.026s] -- Up-to-date: /home/saitama1/ros2_foxy/install/cyclonedds/include/dds/ddsi/ddsi_ipaddr.h
[1.026s] -- Up-to-date: /home/saitama1/ros2_foxy/install/cyclonedds/include/dds/ddsi/ddsi_entity_index.h
[1.026s] -- Up-to-date: /home/saitama1/ros2_foxy/install/cyclonedds/include/dds/ddsi/q_whc.h
[1.026s] -- Up-to-date: /home/saitama1/ros2_foxy/install/cyclonedds/include
[1.026s] -- Up-to-date: /home/saitama1/ros2_foxy/install/cyclonedds/include/dds
[1.026s] -- Up-to-date: /home/saitama1/ros2_foxy/install/cyclonedds/include/dds/dds.h
[1.026s] -- Up-to-date: /home/saitama1/ros2_foxy/install/cyclonedds/include/dds/ddsc
[1.027s] -- Up-to-date: /home/saitama1/ros2_foxy/install/cyclonedds/include/dds/ddsc/dds_public_status.h
[1.027s] -- Up-to-date: /home/saitama1/ros2_foxy/install/cyclonedds/include/dds/ddsc/dds_public_qosdefs.h
[1.027s] -- Up-to-date: /home/saitama1/ros2_foxy/install/cyclonedds/include/dds/ddsc/dds_public_alloc.h
[1.027s] -- Up-to-date: /home/saitama1/ros2_foxy/install/cyclonedds/include/dds/ddsc/dds_public_listener.h
[1.027s] -- Up-to-date: /home/saitama1/ros2_foxy/install/cyclonedds/include/dds/ddsc/dds_rhc.h
[1.027s] -- Up-to-date: /home/saitama1/ros2_foxy/install/cyclonedds/include/dds/ddsc/dds_public_qos.h
[1.027s] -- Up-to-date: /home/saitama1/ros2_foxy/install/cyclonedds/include/dds/ddsc/dds_statistics.h
[1.027s] -- Up-to-date: /home/saitama1/ros2_foxy/install/cyclonedds/include/dds/ddsc/dds_public_impl.h
[1.027s] -- Up-to-date: /home/saitama1/ros2_foxy/install/cyclonedds/include/dds/ddsc/dds_public_error.h
[1.027s] -- Up-to-date: /home/saitama1/ros2_foxy/install/cyclonedds/include/dds/ddsc/dds_internal_api.h
[1.028s] -- Up-to-date: /home/saitama1/ros2_foxy/install/cyclonedds/include/ddsc
[1.028s] -- Up-to-date: /home/saitama1/ros2_foxy/install/cyclonedds/include/ddsc/dds.h
[1.028s] -- Up-to-date: /home/saitama1/ros2_foxy/install/cyclonedds/include
[1.028s] -- Up-to-date: /home/saitama1/ros2_foxy/install/cyclonedds/include/dds
[1.028s] -- Up-to-date: /home/saitama1/ros2_foxy/install/cyclonedds/include/dds/features.h
[1.028s] -- Up-to-date: /home/saitama1/ros2_foxy/install/cyclonedds/include/dds/export.h
[1.028s] -- Up-to-date: /home/saitama1/ros2_foxy/install/cyclonedds/lib/libddsc.so.0.7.0
[1.029s] -- Up-to-date: /home/saitama1/ros2_foxy/install/cyclonedds/lib/libddsc.so.0
[1.029s] -- Up-to-date: /home/saitama1/ros2_foxy/install/cyclonedds/lib/libddsc.so
[1.029s] -- Up-to-date: /home/saitama1/ros2_foxy/install/cyclonedds/bin/pubsub
[1.030s] -- Up-to-date: /home/saitama1/ros2_foxy/install/cyclonedds/bin/ddsls
[1.058s] Invoked command in '/home/saitama1/ros2_foxy/build/cyclonedds' returned '0': /usr/bin/cmake --install /home/saitama1/ros2_foxy/build/cyclonedds
