-- The C compiler identification is GNU 9.3.0
-- The CXX compiler identification is GNU 9.3.0
-- Check for working C compiler: /usr/bin/cc
-- Check for working C compiler: /usr/bin/cc -- works
-- Detecting C compiler ABI info
-- Detecting C compiler ABI info - done
-- Detecting C compile features
-- Detecting C compile features - done
-- Check for working CXX compiler: /usr/bin/c++
-- Check for working CXX compiler: /usr/bin/c++ -- works
-- Detecting CXX compiler ABI info
-- Detecting CXX compiler ABI info - done
-- Detecting CXX compile features
-- Detecting CXX compile features - done
-- Found ament_cmake: 0.9.8 (/home/saitama1/Pictures/ros2-picas/ros2_foxy/install/ament_cmake/share/ament_cmake/cmake)
-- Found PythonInterp: /usr/bin/python3 (found suitable version "3.8.10", minimum required is "3") 
-- Using PYTHON_EXECUTABLE: /usr/bin/python3
-- Found rosidl_default_generators: 1.0.1 (/home/saitama1/Pictures/ros2-picas/ros2_foxy/install/rosidl_default_generators/share/rosidl_default_generators/cmake)
-- Using all available rosidl_typesupport_c: rosidl_typesupport_fastrtps_c;rosidl_typesupport_introspection_c
-- Found rosidl_adapter: 1.2.1 (/home/saitama1/Pictures/ros2-picas/ros2_foxy/install/rosidl_adapter/share/rosidl_adapter/cmake)
-- Found OpenSSL: /usr/lib/x86_64-linux-gnu/libcrypto.so (found version "1.1.1f")  
-- Found FastRTPS: /home/saitama1/Pictures/ros2-picas/ros2_foxy/install/fastrtps/include  
-- Using all available rosidl_typesupport_cpp: rosidl_typesupport_introspection_cpp;rosidl_typesupport_fastrtps_cpp
-- Found ament_cmake_pytest: 0.9.8 (/home/saitama1/Pictures/ros2-picas/ros2_foxy/install/ament_cmake_pytest/share/ament_cmake_pytest/cmake)
-- Found python_cmake_module: 0.8.1 (/home/saitama1/Pictures/ros2-picas/ros2_foxy/install/python_cmake_module/share/python_cmake_module/cmake)
-- Found PythonInterp: /usr/bin/python3 (found suitable version "3.8.10", minimum required is "3.5") 
-- Found PythonLibs: /usr/lib/x86_64-linux-gnu/libpython3.8.so (found suitable version "3.8.10", minimum required is "3.5") 
-- Using PYTHON_EXECUTABLE: /usr/bin/python3
-- Using PYTHON_INCLUDE_DIRS: /usr/include/python3.8
-- Using PYTHON_LIBRARIES: /usr/lib/x86_64-linux-gnu/libpython3.8.so
-- Found PythonExtra: .so  
-- Found PythonInterp: /usr/bin/python3 (found version "3.8.10") 
-- Found ament_cmake_ros: 0.9.2 (/home/saitama1/Pictures/ros2-picas/ros2_foxy/install/ament_cmake_ros/share/ament_cmake_ros/cmake)
-- Using all available rosidl_typesupport_c: rosidl_typesupport_fastrtps_c;rosidl_typesupport_introspection_c
-- Using all available rosidl_typesupport_cpp: rosidl_typesupport_introspection_cpp;rosidl_typesupport_fastrtps_cpp
-- Found PythonInterp: /usr/bin/python3 (found suitable version "3.8.10", minimum required is "3.5") 
-- Using PYTHON_EXECUTABLE: /usr/bin/python3
-- Using PYTHON_INCLUDE_DIRS: /usr/include/python3.8
-- Using PYTHON_LIBRARIES: /usr/lib/x86_64-linux-gnu/libpython3.8.so
-- Configuring done
-- Generating done
-- Build files have been written to: /home/saitama1/Pictures/ros2-picas/ros2_foxy/build/rqt_py_common
[35m[1mScanning dependencies of target rqt_py_common_test_interfaces__cpp[0m
[  2%] [34m[1mGenerating C++ code for ROS interfaces[0m
[  2%] Built target rqt_py_common_test_interfaces__cpp
[  4%] [34m[1mGenerating C code for ROS interfaces[0m
[35m[1mScanning dependencies of target rqt_py_common_test_interfaces__rosidl_generator_c[0m
[  6%] [32mBuilding C object CMakeFiles/rqt_py_common_test_interfaces__rosidl_generator_c.dir/rosidl_generator_c/rqt_py_common_test_interfaces/msg/detail/val__functions.c.o[0m
[  8%] [32mBuilding C object CMakeFiles/rqt_py_common_test_interfaces__rosidl_generator_c.dir/rosidl_generator_c/rqt_py_common_test_interfaces/srv/detail/add_two_ints__functions.c.o[0m
[ 10%] [32mBuilding C object CMakeFiles/rqt_py_common_test_interfaces__rosidl_generator_c.dir/rosidl_generator_c/rqt_py_common_test_interfaces/msg/detail/array_val__functions.c.o[0m
[ 12%] [32m[1mLinking C shared library librqt_py_common_test_interfaces__rosidl_generator_c.so[0m
[ 12%] Built target rqt_py_common_test_interfaces__rosidl_generator_c
[ 14%] [34m[1mGenerating C++ introspection for ROS interfaces[0m
[ 17%] [34m[1mGenerating C++ type support dispatch for ROS interfaces[0m
[35m[1mScanning dependencies of target rqt_py_common_test_interfaces__rosidl_typesupport_cpp[0m
[35m[1mScanning dependencies of target rqt_py_common_test_interfaces__rosidl_typesupport_introspection_cpp[0m
[ 19%] [32mBuilding CXX object CMakeFiles/rqt_py_common_test_interfaces__rosidl_typesupport_cpp.dir/rosidl_typesupport_cpp/rqt_py_common_test_interfaces/msg/val__type_support.cpp.o[0m
[ 23%] [32mBuilding CXX object CMakeFiles/rqt_py_common_test_interfaces__rosidl_typesupport_cpp.dir/rosidl_typesupport_cpp/rqt_py_common_test_interfaces/msg/array_val__type_support.cpp.o[0m
[ 23%] [32mBuilding CXX object CMakeFiles/rqt_py_common_test_interfaces__rosidl_typesupport_introspection_cpp.dir/rosidl_typesupport_introspection_cpp/rqt_py_common_test_interfaces/msg/detail/array_val__type_support.cpp.o[0m
[ 25%] [32mBuilding CXX object CMakeFiles/rqt_py_common_test_interfaces__rosidl_typesupport_introspection_cpp.dir/rosidl_typesupport_introspection_cpp/rqt_py_common_test_interfaces/msg/detail/val__type_support.cpp.o[0m
[ 27%] [32mBuilding CXX object CMakeFiles/rqt_py_common_test_interfaces__rosidl_typesupport_cpp.dir/rosidl_typesupport_cpp/rqt_py_common_test_interfaces/srv/add_two_ints__type_support.cpp.o[0m
[ 29%] [32mBuilding CXX object CMakeFiles/rqt_py_common_test_interfaces__rosidl_typesupport_introspection_cpp.dir/rosidl_typesupport_introspection_cpp/rqt_py_common_test_interfaces/srv/detail/add_two_ints__type_support.cpp.o[0m
[ 31%] [32m[1mLinking CXX shared library librqt_py_common_test_interfaces__rosidl_typesupport_cpp.so[0m
[ 34%] [32m[1mLinking CXX shared library librqt_py_common_test_interfaces__rosidl_typesupport_introspection_cpp.so[0m
[ 34%] Built target rqt_py_common_test_interfaces__rosidl_typesupport_cpp
[ 36%] [34m[1mGenerating C type support dispatch for ROS interfaces[0m
[ 36%] Built target rqt_py_common_test_interfaces__rosidl_typesupport_introspection_cpp
[ 38%] [34m[1mGenerating C introspection for ROS interfaces[0m
[35m[1mScanning dependencies of target rqt_py_common_test_interfaces__rosidl_typesupport_c[0m
[ 40%] [32mBuilding CXX object CMakeFiles/rqt_py_common_test_interfaces__rosidl_typesupport_c.dir/rosidl_typesupport_c/rqt_py_common_test_interfaces/msg/val__type_support.cpp.o[0m
[ 42%] [32mBuilding CXX object CMakeFiles/rqt_py_common_test_interfaces__rosidl_typesupport_c.dir/rosidl_typesupport_c/rqt_py_common_test_interfaces/msg/array_val__type_support.cpp.o[0m
[ 44%] [32mBuilding CXX object CMakeFiles/rqt_py_common_test_interfaces__rosidl_typesupport_c.dir/rosidl_typesupport_c/rqt_py_common_test_interfaces/srv/add_two_ints__type_support.cpp.o[0m
[ 46%] [32m[1mLinking CXX shared library librqt_py_common_test_interfaces__rosidl_typesupport_c.so[0m
[ 46%] Built target rqt_py_common_test_interfaces__rosidl_typesupport_c
[35m[1mScanning dependencies of target rqt_py_common_test_interfaces__rosidl_typesupport_introspection_c[0m
[ 48%] [34m[1mGenerating C++ type support for eProsima Fast-RTPS[0m
[ 51%] [32mBuilding C object CMakeFiles/rqt_py_common_test_interfaces__rosidl_typesupport_introspection_c.dir/rosidl_typesupport_introspection_c/rqt_py_common_test_interfaces/msg/detail/val__type_support.c.o[0m
[ 53%] [32mBuilding C object CMakeFiles/rqt_py_common_test_interfaces__rosidl_typesupport_introspection_c.dir/rosidl_typesupport_introspection_c/rqt_py_common_test_interfaces/msg/detail/array_val__type_support.c.o[0m
[ 55%] [32mBuilding C object CMakeFiles/rqt_py_common_test_interfaces__rosidl_typesupport_introspection_c.dir/rosidl_typesupport_introspection_c/rqt_py_common_test_interfaces/srv/detail/add_two_ints__type_support.c.o[0m
[ 57%] [32m[1mLinking C shared library librqt_py_common_test_interfaces__rosidl_typesupport_introspection_c.so[0m
[ 57%] Built target rqt_py_common_test_interfaces__rosidl_typesupport_introspection_c
[35m[1mScanning dependencies of target rqt_py_common_test_interfaces__rosidl_typesupport_fastrtps_cpp[0m
[ 59%] [32mBuilding CXX object CMakeFiles/rqt_py_common_test_interfaces__rosidl_typesupport_fastrtps_cpp.dir/rosidl_typesupport_fastrtps_cpp/rqt_py_common_test_interfaces/msg/detail/dds_fastrtps/array_val__type_support.cpp.o[0m
[ 61%] [32mBuilding CXX object CMakeFiles/rqt_py_common_test_interfaces__rosidl_typesupport_fastrtps_cpp.dir/rosidl_typesupport_fastrtps_cpp/rqt_py_common_test_interfaces/msg/detail/dds_fastrtps/val__type_support.cpp.o[0m
[ 63%] [32mBuilding CXX object CMakeFiles/rqt_py_common_test_interfaces__rosidl_typesupport_fastrtps_cpp.dir/rosidl_typesupport_fastrtps_cpp/rqt_py_common_test_interfaces/srv/detail/dds_fastrtps/add_two_ints__type_support.cpp.o[0m
[ 65%] [32m[1mLinking CXX shared library librqt_py_common_test_interfaces__rosidl_typesupport_fastrtps_cpp.so[0m
[ 65%] Built target rqt_py_common_test_interfaces__rosidl_typesupport_fastrtps_cpp
[ 68%] [34m[1mGenerating C type support for eProsima Fast-RTPS[0m
[35m[1mScanning dependencies of target rqt_py_common_test_interfaces__rosidl_typesupport_fastrtps_c[0m
[ 70%] [32mBuilding CXX object CMakeFiles/rqt_py_common_test_interfaces__rosidl_typesupport_fastrtps_c.dir/rosidl_typesupport_fastrtps_c/rqt_py_common_test_interfaces/msg/detail/array_val__type_support_c.cpp.o[0m
[ 72%] [32mBuilding CXX object CMakeFiles/rqt_py_common_test_interfaces__rosidl_typesupport_fastrtps_c.dir/rosidl_typesupport_fastrtps_c/rqt_py_common_test_interfaces/msg/detail/val__type_support_c.cpp.o[0m
[ 74%] [32mBuilding CXX object CMakeFiles/rqt_py_common_test_interfaces__rosidl_typesupport_fastrtps_c.dir/rosidl_typesupport_fastrtps_c/rqt_py_common_test_interfaces/srv/detail/add_two_ints__type_support_c.cpp.o[0m
[ 76%] [32m[1mLinking CXX shared library librqt_py_common_test_interfaces__rosidl_typesupport_fastrtps_c.so[0m
[ 76%] Built target rqt_py_common_test_interfaces__rosidl_typesupport_fastrtps_c
[35m[1mScanning dependencies of target rqt_py_common_test_interfaces[0m
[ 76%] Built target rqt_py_common_test_interfaces
[35m[1mScanning dependencies of target rqt_py_common_test_interfaces__py[0m
[ 78%] [34m[1mGenerating Python code for ROS interfaces[0m
[ 78%] Built target rqt_py_common_test_interfaces__py
[35m[1mScanning dependencies of target rqt_py_common_test_interfaces__python[0m
[ 80%] [32mBuilding C object CMakeFiles/rqt_py_common_test_interfaces__python.dir/rosidl_generator_py/rqt_py_common_test_interfaces/msg/_val_s.c.o[0m
[ 82%] [32mBuilding C object CMakeFiles/rqt_py_common_test_interfaces__python.dir/rosidl_generator_py/rqt_py_common_test_interfaces/srv/_add_two_ints_s.c.o[0m
[ 85%] [32mBuilding C object CMakeFiles/rqt_py_common_test_interfaces__python.dir/rosidl_generator_py/rqt_py_common_test_interfaces/msg/_array_val_s.c.o[0m
[ 87%] [32m[1mLinking C shared library rosidl_generator_py/rqt_py_common_test_interfaces/librqt_py_common_test_interfaces__python.so[0m
[ 87%] Built target rqt_py_common_test_interfaces__python
[35m[1mScanning dependencies of target rqt_py_common_test_interfaces__rosidl_typesupport_fastrtps_c__pyext[0m
[ 89%] [32mBuilding C object CMakeFiles/rqt_py_common_test_interfaces__rosidl_typesupport_fastrtps_c__pyext.dir/rosidl_generator_py/rqt_py_common_test_interfaces/_rqt_py_common_test_interfaces_s.ep.rosidl_typesupport_fastrtps_c.c.o[0m
[ 91%] [32m[1mLinking CXX shared library rosidl_generator_py/rqt_py_common_test_interfaces/rqt_py_common_test_interfaces_s__rosidl_typesupport_fastrtps_c.cpython-38-x86_64-linux-gnu.so[0m
[ 91%] Built target rqt_py_common_test_interfaces__rosidl_typesupport_fastrtps_c__pyext
[35m[1mScanning dependencies of target rqt_py_common_test_interfaces__rosidl_typesupport_introspection_c__pyext[0m
[ 93%] [32mBuilding C object CMakeFiles/rqt_py_common_test_interfaces__rosidl_typesupport_introspection_c__pyext.dir/rosidl_generator_py/rqt_py_common_test_interfaces/_rqt_py_common_test_interfaces_s.ep.rosidl_typesupport_introspection_c.c.o[0m
[ 95%] [32m[1mLinking C shared library rosidl_generator_py/rqt_py_common_test_interfaces/rqt_py_common_test_interfaces_s__rosidl_typesupport_introspection_c.cpython-38-x86_64-linux-gnu.so[0m
[ 95%] Built target rqt_py_common_test_interfaces__rosidl_typesupport_introspection_c__pyext
[35m[1mScanning dependencies of target rqt_py_common_test_interfaces__rosidl_typesupport_c__pyext[0m
[ 97%] [32mBuilding C object CMakeFiles/rqt_py_common_test_interfaces__rosidl_typesupport_c__pyext.dir/rosidl_generator_py/rqt_py_common_test_interfaces/_rqt_py_common_test_interfaces_s.ep.rosidl_typesupport_c.c.o[0m
[100%] [32m[1mLinking C shared library rosidl_generator_py/rqt_py_common_test_interfaces/rqt_py_common_test_interfaces_s__rosidl_typesupport_c.cpython-38-x86_64-linux-gnu.so[0m
[100%] Built target rqt_py_common_test_interfaces__rosidl_typesupport_c__pyext
-- Install configuration: ""
-- Installing: /home/saitama1/Pictures/ros2-picas/ros2_foxy/install/rqt_py_common/share/rqt_py_common/environment/pythonpath.sh
-- Installing: /home/saitama1/Pictures/ros2-picas/ros2_foxy/install/rqt_py_common/share/rqt_py_common/environment/pythonpath.dsv
-- Up-to-date: /home/saitama1/Pictures/ros2-picas/ros2_foxy/install/rqt_py_common/lib/python3.8/site-packages/rqt_py_common
-- Installing: /home/saitama1/Pictures/ros2-picas/ros2_foxy/install/rqt_py_common/lib/python3.8/site-packages/rqt_py_common/plugin_container_widget.py
-- Installing: /home/saitama1/Pictures/ros2-picas/ros2_foxy/install/rqt_py_common/lib/python3.8/site-packages/rqt_py_common/topic_tree_model.py
-- Installing: /home/saitama1/Pictures/ros2-picas/ros2_foxy/install/rqt_py_common/lib/python3.8/site-packages/rqt_py_common/data_items.py
-- Installing: /home/saitama1/Pictures/ros2-picas/ros2_foxy/install/rqt_py_common/lib/python3.8/site-packages/rqt_py_common/__init__.py
-- Installing: /home/saitama1/Pictures/ros2-picas/ros2_foxy/install/rqt_py_common/lib/python3.8/site-packages/rqt_py_common/message_tree_model.py
-- Installing: /home/saitama1/Pictures/ros2-picas/ros2_foxy/install/rqt_py_common/lib/python3.8/site-packages/rqt_py_common/ini_helper.py
-- Installing: /home/saitama1/Pictures/ros2-picas/ros2_foxy/install/rqt_py_common/lib/python3.8/site-packages/rqt_py_common/message_tree_widget.py
-- Installing: /home/saitama1/Pictures/ros2-picas/ros2_foxy/install/rqt_py_common/lib/python3.8/site-packages/rqt_py_common/layout_util.py
-- Installing: /home/saitama1/Pictures/ros2-picas/ros2_foxy/install/rqt_py_common/lib/python3.8/site-packages/rqt_py_common/message_helpers.py
-- Installing: /home/saitama1/Pictures/ros2-picas/ros2_foxy/install/rqt_py_common/lib/python3.8/site-packages/rqt_py_common/topic_completer.py
-- Installing: /home/saitama1/Pictures/ros2-picas/ros2_foxy/install/rqt_py_common/lib/python3.8/site-packages/rqt_py_common/topic_helpers.py
-- Installing: /home/saitama1/Pictures/ros2-picas/ros2_foxy/install/rqt_py_common/lib/python3.8/site-packages/rqt_py_common/rqt_ros_graph.py
-- Installing: /home/saitama1/Pictures/ros2-picas/ros2_foxy/install/rqt_py_common/lib/python3.8/site-packages/rqt_py_common/topic_dict.py
-- Installing: /home/saitama1/Pictures/ros2-picas/ros2_foxy/install/rqt_py_common/lib/python3.8/site-packages/rqt_py_common/tree_model_completer.py
-- Installing: /home/saitama1/Pictures/ros2-picas/ros2_foxy/install/rqt_py_common/lib/python3.8/site-packages/rqt_py_common/item_delegates.py
-- Installing: /home/saitama1/Pictures/ros2-picas/ros2_foxy/install/rqt_py_common/lib/python3.8/site-packages/rqt_py_common/extended_combo_box.py
-- Installing: /home/saitama1/Pictures/ros2-picas/ros2_foxy/install/rqt_py_common/lib/python3.8/site-packages/rqt_py_common/rqt_roscomm_util.py
Listing '/home/saitama1/Pictures/ros2-picas/ros2_foxy/install/rqt_py_common/lib/python3.8/site-packages/rqt_py_common'...
Compiling '/home/saitama1/Pictures/ros2-picas/ros2_foxy/install/rqt_py_common/lib/python3.8/site-packages/rqt_py_common/__init__.py'...
Compiling '/home/saitama1/Pictures/ros2-picas/ros2_foxy/install/rqt_py_common/lib/python3.8/site-packages/rqt_py_common/data_items.py'...
Compiling '/home/saitama1/Pictures/ros2-picas/ros2_foxy/install/rqt_py_common/lib/python3.8/site-packages/rqt_py_common/extended_combo_box.py'...
Compiling '/home/saitama1/Pictures/ros2-picas/ros2_foxy/install/rqt_py_common/lib/python3.8/site-packages/rqt_py_common/ini_helper.py'...
Compiling '/home/saitama1/Pictures/ros2-picas/ros2_foxy/install/rqt_py_common/lib/python3.8/site-packages/rqt_py_common/item_delegates.py'...
Compiling '/home/saitama1/Pictures/ros2-picas/ros2_foxy/install/rqt_py_common/lib/python3.8/site-packages/rqt_py_common/layout_util.py'...
Compiling '/home/saitama1/Pictures/ros2-picas/ros2_foxy/install/rqt_py_common/lib/python3.8/site-packages/rqt_py_common/message_helpers.py'...
Compiling '/home/saitama1/Pictures/ros2-picas/ros2_foxy/install/rqt_py_common/lib/python3.8/site-packages/rqt_py_common/message_tree_model.py'...
Compiling '/home/saitama1/Pictures/ros2-picas/ros2_foxy/install/rqt_py_common/lib/python3.8/site-packages/rqt_py_common/message_tree_widget.py'...
Compiling '/home/saitama1/Pictures/ros2-picas/ros2_foxy/install/rqt_py_common/lib/python3.8/site-packages/rqt_py_common/plugin_container_widget.py'...
Compiling '/home/saitama1/Pictures/ros2-picas/ros2_foxy/install/rqt_py_common/lib/python3.8/site-packages/rqt_py_common/rqt_ros_graph.py'...
Compiling '/home/saitama1/Pictures/ros2-picas/ros2_foxy/install/rqt_py_common/lib/python3.8/site-packages/rqt_py_common/rqt_roscomm_util.py'...
Compiling '/home/saitama1/Pictures/ros2-picas/ros2_foxy/install/rqt_py_common/lib/python3.8/site-packages/rqt_py_common/topic_completer.py'...
Compiling '/home/saitama1/Pictures/ros2-picas/ros2_foxy/install/rqt_py_common/lib/python3.8/site-packages/rqt_py_common/topic_dict.py'...
Compiling '/home/saitama1/Pictures/ros2-picas/ros2_foxy/install/rqt_py_common/lib/python3.8/site-packages/rqt_py_common/topic_helpers.py'...
Compiling '/home/saitama1/Pictures/ros2-picas/ros2_foxy/install/rqt_py_common/lib/python3.8/site-packages/rqt_py_common/topic_tree_model.py'...
Compiling '/home/saitama1/Pictures/ros2-picas/ros2_foxy/install/rqt_py_common/lib/python3.8/site-packages/rqt_py_common/tree_model_completer.py'...
-- Up-to-date: /home/saitama1/Pictures/ros2-picas/ros2_foxy/install/rqt_py_common/share/rqt_py_common/resource
-- Installing: /home/saitama1/Pictures/ros2-picas/ros2_foxy/install/rqt_py_common/share/rqt_py_common/resource/plugin_container.ui
-- Installing: /home/saitama1/Pictures/ros2-picas/ros2_foxy/install/rqt_py_common/share/ament_index/resource_index/package_run_dependencies/rqt_py_common
-- Installing: /home/saitama1/Pictures/ros2-picas/ros2_foxy/install/rqt_py_common/share/ament_index/resource_index/parent_prefix_path/rqt_py_common
-- Installing: /home/saitama1/Pictures/ros2-picas/ros2_foxy/install/rqt_py_common/share/rqt_py_common/environment/ament_prefix_path.sh
-- Installing: /home/saitama1/Pictures/ros2-picas/ros2_foxy/install/rqt_py_common/share/rqt_py_common/environment/ament_prefix_path.dsv
-- Installing: /home/saitama1/Pictures/ros2-picas/ros2_foxy/install/rqt_py_common/share/rqt_py_common/environment/path.sh
-- Installing: /home/saitama1/Pictures/ros2-picas/ros2_foxy/install/rqt_py_common/share/rqt_py_common/environment/path.dsv
-- Installing: /home/saitama1/Pictures/ros2-picas/ros2_foxy/install/rqt_py_common/share/rqt_py_common/local_setup.bash
-- Installing: /home/saitama1/Pictures/ros2-picas/ros2_foxy/install/rqt_py_common/share/rqt_py_common/local_setup.sh
-- Installing: /home/saitama1/Pictures/ros2-picas/ros2_foxy/install/rqt_py_common/share/rqt_py_common/local_setup.zsh
-- Installing: /home/saitama1/Pictures/ros2-picas/ros2_foxy/install/rqt_py_common/share/rqt_py_common/local_setup.dsv
-- Installing: /home/saitama1/Pictures/ros2-picas/ros2_foxy/install/rqt_py_common/share/rqt_py_common/package.dsv
-- Installing: /home/saitama1/Pictures/ros2-picas/ros2_foxy/install/rqt_py_common/share/ament_index/resource_index/packages/rqt_py_common
-- Installing: /home/saitama1/Pictures/ros2-picas/ros2_foxy/install/rqt_py_common/share/rqt_py_common/cmake/rosidl_cmake-extras.cmake
-- Installing: /home/saitama1/Pictures/ros2-picas/ros2_foxy/install/rqt_py_common/share/rqt_py_common/cmake/ament_cmake_export_dependencies-extras.cmake
-- Installing: /home/saitama1/Pictures/ros2-picas/ros2_foxy/install/rqt_py_common/share/rqt_py_common/cmake/rqt_py_commonConfig.cmake
-- Installing: /home/saitama1/Pictures/ros2-picas/ros2_foxy/install/rqt_py_common/share/rqt_py_common/cmake/rqt_py_commonConfig-version.cmake
-- Installing: /home/saitama1/Pictures/ros2-picas/ros2_foxy/install/rqt_py_common/share/rqt_py_common/package.xml
