[0.397s] Invoking command in '/home/saitama1/ros2_foxy/build/ament_cmake_export_dependencies': AMENT_PREFIX_PATH=/home/saitama1/ros2_foxy/install/ament_cmake_libraries:/home/saitama1/ros2_foxy/install/ament_cmake_core:/home/saitama1/ros2_foxy/install/ament_package CMAKE_PREFIX_PATH=/home/saitama1/ros2_foxy/install/ament_cmake_libraries:/home/saitama1/ros2_foxy/install/ament_cmake_core PYTHONPATH=/home/saitama1/ros2_foxy/install/ament_package/lib/python3.8/site-packages /usr/bin/cmake /home/saitama1/ros2_foxy/src/ament/ament_cmake/ament_cmake_export_dependencies -DCMAKE_INSTALL_PREFIX=/home/saitama1/ros2_foxy/install/ament_cmake_export_dependencies
[0.479s] -- Found ament_cmake_core: 0.9.8 (/home/saitama1/ros2_foxy/install/ament_cmake_core/share/ament_cmake_core/cmake)
[0.555s] -- Found PythonInterp: /usr/bin/python3 (found suitable version "3.8.10", minimum required is "3") 
[0.555s] -- Using PYTHON_EXECUTABLE: /usr/bin/python3
[1.027s] -- Configuring done
[1.029s] -- Generating done
[1.046s] -- Build files have been written to: /home/saitama1/ros2_foxy/build/ament_cmake_export_dependencies
[1.790s] Invoked command in '/home/saitama1/ros2_foxy/build/ament_cmake_export_dependencies' returned '0': AMENT_PREFIX_PATH=/home/saitama1/ros2_foxy/install/ament_cmake_libraries:/home/saitama1/ros2_foxy/install/ament_cmake_core:/home/saitama1/ros2_foxy/install/ament_package CMAKE_PREFIX_PATH=/home/saitama1/ros2_foxy/install/ament_cmake_libraries:/home/saitama1/ros2_foxy/install/ament_cmake_core PYTHONPATH=/home/saitama1/ros2_foxy/install/ament_package/lib/python3.8/site-packages /usr/bin/cmake /home/saitama1/ros2_foxy/src/ament/ament_cmake/ament_cmake_export_dependencies -DCMAKE_INSTALL_PREFIX=/home/saitama1/ros2_foxy/install/ament_cmake_export_dependencies
[1.791s] Invoking command in '/home/saitama1/ros2_foxy/build/ament_cmake_export_dependencies': AMENT_PREFIX_PATH=/home/saitama1/ros2_foxy/install/ament_cmake_libraries:/home/saitama1/ros2_foxy/install/ament_cmake_core:/home/saitama1/ros2_foxy/install/ament_package CMAKE_PREFIX_PATH=/home/saitama1/ros2_foxy/install/ament_cmake_libraries:/home/saitama1/ros2_foxy/install/ament_cmake_core PYTHONPATH=/home/saitama1/ros2_foxy/install/ament_package/lib/python3.8/site-packages /usr/bin/cmake --build /home/saitama1/ros2_foxy/build/ament_cmake_export_dependencies -- -j12 -l12
[2.277s] Invoked command in '/home/saitama1/ros2_foxy/build/ament_cmake_export_dependencies' returned '0': AMENT_PREFIX_PATH=/home/saitama1/ros2_foxy/install/ament_cmake_libraries:/home/saitama1/ros2_foxy/install/ament_cmake_core:/home/saitama1/ros2_foxy/install/ament_package CMAKE_PREFIX_PATH=/home/saitama1/ros2_foxy/install/ament_cmake_libraries:/home/saitama1/ros2_foxy/install/ament_cmake_core PYTHONPATH=/home/saitama1/ros2_foxy/install/ament_package/lib/python3.8/site-packages /usr/bin/cmake --build /home/saitama1/ros2_foxy/build/ament_cmake_export_dependencies -- -j12 -l12
[2.480s] Invoking command in '/home/saitama1/ros2_foxy/build/ament_cmake_export_dependencies': AMENT_PREFIX_PATH=/home/saitama1/ros2_foxy/install/ament_cmake_libraries:/home/saitama1/ros2_foxy/install/ament_cmake_core:/home/saitama1/ros2_foxy/install/ament_package CMAKE_PREFIX_PATH=/home/saitama1/ros2_foxy/install/ament_cmake_libraries:/home/saitama1/ros2_foxy/install/ament_cmake_core PYTHONPATH=/home/saitama1/ros2_foxy/install/ament_package/lib/python3.8/site-packages /usr/bin/cmake --install /home/saitama1/ros2_foxy/build/ament_cmake_export_dependencies
[2.536s] -- Install configuration: ""
[2.537s] -- Installing: /home/saitama1/ros2_foxy/install/ament_cmake_export_dependencies/share/ament_index/resource_index/package_run_dependencies/ament_cmake_export_dependencies
[2.543s] -- Installing: /home/saitama1/ros2_foxy/install/ament_cmake_export_dependencies/share/ament_index/resource_index/parent_prefix_path/ament_cmake_export_dependencies
[2.544s] -- Installing: /home/saitama1/ros2_foxy/install/ament_cmake_export_dependencies/share/ament_cmake_export_dependencies/environment/ament_prefix_path.sh
[2.544s] -- Installing: /home/saitama1/ros2_foxy/install/ament_cmake_export_dependencies/share/ament_cmake_export_dependencies/environment/ament_prefix_path.dsv
[2.544s] -- Installing: /home/saitama1/ros2_foxy/install/ament_cmake_export_dependencies/share/ament_cmake_export_dependencies/environment/path.sh
[2.544s] -- Installing: /home/saitama1/ros2_foxy/install/ament_cmake_export_dependencies/share/ament_cmake_export_dependencies/environment/path.dsv
[2.544s] -- Installing: /home/saitama1/ros2_foxy/install/ament_cmake_export_dependencies/share/ament_cmake_export_dependencies/local_setup.bash
[2.544s] -- Installing: /home/saitama1/ros2_foxy/install/ament_cmake_export_dependencies/share/ament_cmake_export_dependencies/local_setup.sh
[2.544s] -- Installing: /home/saitama1/ros2_foxy/install/ament_cmake_export_dependencies/share/ament_cmake_export_dependencies/local_setup.zsh
[2.544s] -- Installing: /home/saitama1/ros2_foxy/install/ament_cmake_export_dependencies/share/ament_cmake_export_dependencies/local_setup.dsv
[2.545s] -- Installing: /home/saitama1/ros2_foxy/install/ament_cmake_export_dependencies/share/ament_cmake_export_dependencies/package.dsv
[2.545s] -- Installing: /home/saitama1/ros2_foxy/install/ament_cmake_export_dependencies/share/ament_index/resource_index/packages/ament_cmake_export_dependencies
[2.545s] -- Installing: /home/saitama1/ros2_foxy/install/ament_cmake_export_dependencies/share/ament_cmake_export_dependencies/cmake/ament_cmake_export_dependencies-extras.cmake
[2.545s] -- Installing: /home/saitama1/ros2_foxy/install/ament_cmake_export_dependencies/share/ament_cmake_export_dependencies/cmake/ament_cmake_export_dependenciesConfig.cmake
[2.545s] -- Installing: /home/saitama1/ros2_foxy/install/ament_cmake_export_dependencies/share/ament_cmake_export_dependencies/cmake/ament_cmake_export_dependenciesConfig-version.cmake
[2.545s] -- Installing: /home/saitama1/ros2_foxy/install/ament_cmake_export_dependencies/share/ament_cmake_export_dependencies/package.xml
[2.545s] -- Up-to-date: /home/saitama1/ros2_foxy/install/ament_cmake_export_dependencies/share/ament_cmake_export_dependencies/cmake
[2.545s] -- Installing: /home/saitama1/ros2_foxy/install/ament_cmake_export_dependencies/share/ament_cmake_export_dependencies/cmake/ament_cmake_export_dependencies-extras.cmake.in
[2.545s] -- Installing: /home/saitama1/ros2_foxy/install/ament_cmake_export_dependencies/share/ament_cmake_export_dependencies/cmake/ament_export_dependencies.cmake
[2.545s] -- Installing: /home/saitama1/ros2_foxy/install/ament_cmake_export_dependencies/share/ament_cmake_export_dependencies/cmake/ament_cmake_export_dependencies_package_hook.cmake
[2.555s] Invoked command in '/home/saitama1/ros2_foxy/build/ament_cmake_export_dependencies' returned '0': AMENT_PREFIX_PATH=/home/saitama1/ros2_foxy/install/ament_cmake_libraries:/home/saitama1/ros2_foxy/install/ament_cmake_core:/home/saitama1/ros2_foxy/install/ament_package CMAKE_PREFIX_PATH=/home/saitama1/ros2_foxy/install/ament_cmake_libraries:/home/saitama1/ros2_foxy/install/ament_cmake_core PYTHONPATH=/home/saitama1/ros2_foxy/install/ament_package/lib/python3.8/site-packages /usr/bin/cmake --install /home/saitama1/ros2_foxy/build/ament_cmake_export_dependencies
