-- Found ament_cmake: 0.9.8 (/home/saitama1/ros2_foxy/install/ament_cmake/share/ament_cmake/cmake)
-- Using PYTHON_EXECUTABLE: /usr/bin/python3
-- Override CMake install command with custom implementation using symlinks instead of copying resources
-- Found ament_lint_auto: 0.9.6 (/home/saitama1/ros2_foxy/install/ament_lint_auto/share/ament_lint_auto/cmake)
-- Added test 'copyright' to check source files copyright and LICENSE
-- Added test 'flake8' to check Python code syntax and style conventions
-- Added test 'lint_cmake' to check CMake code style
-- Added test 'pep257' to check Python code against some of the style conventions in PEP 257
-- Added test 'xmllint' to check XML markup files
-- Configuring done
-- Generating done
-- Build files have been written to: /home/saitama1/ros2_foxy/build/rosidl_cmake
-- Install configuration: ""
-- Execute custom install script
-- Symlinking: /home/saitama1/ros2_foxy/install/rosidl_cmake/share/rosidl_cmake/environment/pythonpath.sh
-- Symlinking: /home/saitama1/ros2_foxy/install/rosidl_cmake/share/rosidl_cmake/environment/pythonpath.dsv
-- Symlinking: /home/saitama1/ros2_foxy/install/rosidl_cmake/lib/python3.8/site-packages/rosidl_cmake/__init__.py
-- Symlinking: /home/saitama1/ros2_foxy/install/rosidl_cmake/share/ament_index/resource_index/package_run_dependencies/rosidl_cmake
-- Symlinking: /home/saitama1/ros2_foxy/install/rosidl_cmake/share/ament_index/resource_index/parent_prefix_path/rosidl_cmake
-- Symlinking: /home/saitama1/ros2_foxy/install/rosidl_cmake/share/rosidl_cmake/environment/ament_prefix_path.sh
-- Symlinking: /home/saitama1/ros2_foxy/install/rosidl_cmake/share/rosidl_cmake/environment/ament_prefix_path.dsv
-- Symlinking: /home/saitama1/ros2_foxy/install/rosidl_cmake/share/rosidl_cmake/environment/path.sh
-- Symlinking: /home/saitama1/ros2_foxy/install/rosidl_cmake/share/rosidl_cmake/environment/path.dsv
-- Symlinking: /home/saitama1/ros2_foxy/install/rosidl_cmake/share/rosidl_cmake/local_setup.bash
-- Symlinking: /home/saitama1/ros2_foxy/install/rosidl_cmake/share/rosidl_cmake/local_setup.sh
-- Symlinking: /home/saitama1/ros2_foxy/install/rosidl_cmake/share/rosidl_cmake/local_setup.zsh
-- Symlinking: /home/saitama1/ros2_foxy/install/rosidl_cmake/share/rosidl_cmake/local_setup.dsv
-- Symlinking: /home/saitama1/ros2_foxy/install/rosidl_cmake/share/rosidl_cmake/package.dsv
-- Symlinking: /home/saitama1/ros2_foxy/install/rosidl_cmake/share/ament_index/resource_index/packages/rosidl_cmake
-- Symlinking: /home/saitama1/ros2_foxy/install/rosidl_cmake/share/rosidl_cmake/cmake/rosidl_cmake-extras.cmake
-- Symlinking: /home/saitama1/ros2_foxy/install/rosidl_cmake/share/rosidl_cmake/cmake/rosidl_cmakeConfig.cmake
-- Symlinking: /home/saitama1/ros2_foxy/install/rosidl_cmake/share/rosidl_cmake/cmake/rosidl_cmakeConfig-version.cmake
-- Symlinking: /home/saitama1/ros2_foxy/install/rosidl_cmake/share/rosidl_cmake/package.xml
-- Symlinking: /home/saitama1/ros2_foxy/install/rosidl_cmake/share/rosidl_cmake/cmake/rosidl_cmake-extras.cmake.in
-- Symlinking: /home/saitama1/ros2_foxy/install/rosidl_cmake/share/rosidl_cmake/cmake/rosidl_cmake_export_typesupport_libraries-extras.cmake.in
-- Symlinking: /home/saitama1/ros2_foxy/install/rosidl_cmake/share/rosidl_cmake/cmake/rosidl_cmake_export_typesupport_libraries_package_hook.cmake
-- Symlinking: /home/saitama1/ros2_foxy/install/rosidl_cmake/share/rosidl_cmake/cmake/rosidl_cmake_export_typesupport_targets-extras.cmake.in
-- Symlinking: /home/saitama1/ros2_foxy/install/rosidl_cmake/share/rosidl_cmake/cmake/rosidl_cmake_export_typesupport_targets_package_hook.cmake
-- Symlinking: /home/saitama1/ros2_foxy/install/rosidl_cmake/share/rosidl_cmake/cmake/rosidl_cmake_package_hook.cmake
-- Symlinking: /home/saitama1/ros2_foxy/install/rosidl_cmake/share/rosidl_cmake/cmake/rosidl_export_typesupport_libraries.cmake
-- Symlinking: /home/saitama1/ros2_foxy/install/rosidl_cmake/share/rosidl_cmake/cmake/rosidl_export_typesupport_targets.cmake
-- Symlinking: /home/saitama1/ros2_foxy/install/rosidl_cmake/share/rosidl_cmake/cmake/rosidl_generate_interfaces.cmake
-- Symlinking: /home/saitama1/ros2_foxy/install/rosidl_cmake/share/rosidl_cmake/cmake/rosidl_target_interfaces.cmake
-- Symlinking: /home/saitama1/ros2_foxy/install/rosidl_cmake/share/rosidl_cmake/cmake/rosidl_write_generator_arguments.cmake
-- Symlinking: /home/saitama1/ros2_foxy/install/rosidl_cmake/share/rosidl_cmake/cmake/string_camel_case_to_lower_case_underscore.cmake
Listing '/home/saitama1/ros2_foxy/install/rosidl_cmake/lib/python3.8/site-packages/rosidl_cmake'...
