[0.980s] Invoking command in '/home/saitama1/ros2_foxy/build/shared_queues_vendor': AMENT_PREFIX_PATH=/home/saitama1/ros2_foxy/install/ament_cmake:/home/saitama1/ros2_foxy/install/ament_package:/home/saitama1/ros2_foxy/install/test_interface_files:/home/saitama1/ros2_foxy/install/ros_environment:/home/saitama1/ros2_foxy/install/osrf_pycommon:/home/saitama1/ros2_foxy/install/ament_pyflakes:/home/saitama1/ros2_foxy/install/ament_pycodestyle:/home/saitama1/ros2_foxy/install/ament_pep257:/home/saitama1/ros2_foxy/install/ament_cmake_version:/home/saitama1/ros2_foxy/install/ament_cmake_test:/home/saitama1/ros2_foxy/install/ament_cmake_target_dependencies:/home/saitama1/ros2_foxy/install/ament_cmake_python:/home/saitama1/ros2_foxy/install/ament_cmake_export_dependencies:/home/saitama1/ros2_foxy/install/ament_cmake_libraries:/home/saitama1/ros2_foxy/install/ament_cmake_include_directories:/home/saitama1/ros2_foxy/install/ament_cmake_export_targets:/home/saitama1/ros2_foxy/install/ament_cmake_export_link_flags:/home/saitama1/ros2_foxy/install/ament_cmake_export_interfaces:/home/saitama1/ros2_foxy/install/ament_cmake_export_libraries:/home/saitama1/ros2_foxy/install/ament_cmake_export_include_directories:/home/saitama1/ros2_foxy/install/ament_cmake_export_definitions:/home/saitama1/ros2_foxy/install/ament_cmake_core:/home/saitama1/ros2_foxy/install/ament_mypy:/home/saitama1/ros2_foxy/install/ament_flake8:/home/saitama1/ros2_foxy/install/ament_copyright:/home/saitama1/ros2_foxy/install/ament_lint:/home/saitama1/ros2_foxy/install/ament_cppcheck CMAKE_PREFIX_PATH=/home/saitama1/ros2_foxy/install/ament_cmake:/home/saitama1/ros2_foxy/install/ament_cmake_test:/home/saitama1/ros2_foxy/install/ament_cmake_target_dependencies:/home/saitama1/ros2_foxy/install/ament_cmake_export_targets:/home/saitama1/ros2_foxy/install/ament_cmake_export_interfaces:/home/saitama1/ros2_foxy/install/ament_cmake_export_dependencies:/home/saitama1/ros2_foxy/install/ament_cmake_version:/home/saitama1/ros2_foxy/install/ament_cmake_python:/home/saitama1/ros2_foxy/install/ament_cmake_libraries:/home/saitama1/ros2_foxy/install/ament_cmake_include_directories:/home/saitama1/ros2_foxy/install/ament_cmake_export_link_flags:/home/saitama1/ros2_foxy/install/ament_cmake_export_libraries:/home/saitama1/ros2_foxy/install/ament_cmake_export_include_directories:/home/saitama1/ros2_foxy/install/ament_cmake_export_definitions:/home/saitama1/ros2_foxy/install/ament_cmake_core:/home/saitama1/ros2_foxy/install/urdfdom_headers:/home/saitama1/ros2_foxy/install/test_interface_files:/home/saitama1/ros2_foxy/install/ros_environment:/home/saitama1/ros2_foxy/install/gmock_vendor:/home/saitama1/ros2_foxy/install/ament_cmake_gtest:/home/saitama1/ros2_foxy/install/gtest_vendor:/home/saitama1/ros2_foxy/install/fastcdr:/home/saitama1/ros2_foxy/install/ament_lint_auto:/home/saitama1/ros2_foxy/install/ament_cmake_pytest:/home/saitama1/ros2_foxy/install/ament_cmake_nose:/home/saitama1/ros2_foxy/install/osrf_pycommon:/home/saitama1/ros2_foxy/install/ament_pyflakes:/home/saitama1/ros2_foxy/install/ament_pycodestyle:/home/saitama1/ros2_foxy/install/ament_pep257:/home/saitama1/ros2_foxy/install/ament_package:/home/saitama1/ros2_foxy/install/ament_mypy:/home/saitama1/ros2_foxy/install/ament_flake8:/home/saitama1/ros2_foxy/install/ament_copyright:/home/saitama1/ros2_foxy/install/ament_lint:/home/saitama1/ros2_foxy/install/ament_cppcheck PYTHONPATH=/home/saitama1/ros2_foxy/install/ament_cmake_test/lib/python3.8/site-packages:/home/saitama1/ros2_foxy/install/ament_package/lib/python3.8/site-packages:/home/saitama1/ros2_foxy/install/osrf_pycommon/lib/python3.8/site-packages:/home/saitama1/ros2_foxy/install/ament_pyflakes/lib/python3.8/site-packages:/home/saitama1/ros2_foxy/install/ament_pycodestyle/lib/python3.8/site-packages:/home/saitama1/ros2_foxy/install/ament_pep257/lib/python3.8/site-packages:/home/saitama1/ros2_foxy/install/ament_mypy/lib/python3.8/site-packages:/home/saitama1/ros2_foxy/install/ament_flake8/lib/python3.8/site-packages:/home/saitama1/ros2_foxy/install/ament_copyright/lib/python3.8/site-packages:/home/saitama1/ros2_foxy/install/ament_lint/lib/python3.8/site-packages:/home/saitama1/ros2_foxy/install/ament_cppcheck/lib/python3.8/site-packages /usr/bin/cmake /home/saitama1/ros2_foxy/src/ros2/rosbag2/shared_queues_vendor -DCMAKE_INSTALL_PREFIX=/home/saitama1/ros2_foxy/install/shared_queues_vendor
[1.244s] -- The C compiler identification is GNU 9.3.0
[1.512s] -- The CXX compiler identification is GNU 9.3.0
[1.525s] -- Check for working C compiler: /usr/bin/cc
[2.037s] -- Check for working C compiler: /usr/bin/cc -- works
[2.039s] -- Detecting C compiler ABI info
[2.592s] -- Detecting C compiler ABI info - done
[2.611s] -- Detecting C compile features
[2.611s] -- Detecting C compile features - done
[2.623s] -- Check for working CXX compiler: /usr/bin/c++
[3.285s] -- Check for working CXX compiler: /usr/bin/c++ -- works
[3.286s] -- Detecting CXX compiler ABI info
[4.916s] -- Detecting CXX compiler ABI info - done
[4.930s] -- Detecting CXX compile features
[4.930s] -- Detecting CXX compile features - done
[4.931s] -- Found ament_cmake: 0.9.8 (/home/saitama1/ros2_foxy/install/ament_cmake/share/ament_cmake/cmake)
[4.964s] -- Found PythonInterp: /usr/bin/python3 (found suitable version "3.8.10", minimum required is "3") 
[4.964s] -- Using PYTHON_EXECUTABLE: /usr/bin/python3
[5.236s] -- Configuring done
[5.241s] -- Generating done
[5.818s] -- Build files have been written to: /home/saitama1/ros2_foxy/build/shared_queues_vendor
[14.796s] Invoked command in '/home/saitama1/ros2_foxy/build/shared_queues_vendor' returned '0': AMENT_PREFIX_PATH=/home/saitama1/ros2_foxy/install/ament_cmake:/home/saitama1/ros2_foxy/install/ament_package:/home/saitama1/ros2_foxy/install/test_interface_files:/home/saitama1/ros2_foxy/install/ros_environment:/home/saitama1/ros2_foxy/install/osrf_pycommon:/home/saitama1/ros2_foxy/install/ament_pyflakes:/home/saitama1/ros2_foxy/install/ament_pycodestyle:/home/saitama1/ros2_foxy/install/ament_pep257:/home/saitama1/ros2_foxy/install/ament_cmake_version:/home/saitama1/ros2_foxy/install/ament_cmake_test:/home/saitama1/ros2_foxy/install/ament_cmake_target_dependencies:/home/saitama1/ros2_foxy/install/ament_cmake_python:/home/saitama1/ros2_foxy/install/ament_cmake_export_dependencies:/home/saitama1/ros2_foxy/install/ament_cmake_libraries:/home/saitama1/ros2_foxy/install/ament_cmake_include_directories:/home/saitama1/ros2_foxy/install/ament_cmake_export_targets:/home/saitama1/ros2_foxy/install/ament_cmake_export_link_flags:/home/saitama1/ros2_foxy/install/ament_cmake_export_interfaces:/home/saitama1/ros2_foxy/install/ament_cmake_export_libraries:/home/saitama1/ros2_foxy/install/ament_cmake_export_include_directories:/home/saitama1/ros2_foxy/install/ament_cmake_export_definitions:/home/saitama1/ros2_foxy/install/ament_cmake_core:/home/saitama1/ros2_foxy/install/ament_mypy:/home/saitama1/ros2_foxy/install/ament_flake8:/home/saitama1/ros2_foxy/install/ament_copyright:/home/saitama1/ros2_foxy/install/ament_lint:/home/saitama1/ros2_foxy/install/ament_cppcheck CMAKE_PREFIX_PATH=/home/saitama1/ros2_foxy/install/ament_cmake:/home/saitama1/ros2_foxy/install/ament_cmake_test:/home/saitama1/ros2_foxy/install/ament_cmake_target_dependencies:/home/saitama1/ros2_foxy/install/ament_cmake_export_targets:/home/saitama1/ros2_foxy/install/ament_cmake_export_interfaces:/home/saitama1/ros2_foxy/install/ament_cmake_export_dependencies:/home/saitama1/ros2_foxy/install/ament_cmake_version:/home/saitama1/ros2_foxy/install/ament_cmake_python:/home/saitama1/ros2_foxy/install/ament_cmake_libraries:/home/saitama1/ros2_foxy/install/ament_cmake_include_directories:/home/saitama1/ros2_foxy/install/ament_cmake_export_link_flags:/home/saitama1/ros2_foxy/install/ament_cmake_export_libraries:/home/saitama1/ros2_foxy/install/ament_cmake_export_include_directories:/home/saitama1/ros2_foxy/install/ament_cmake_export_definitions:/home/saitama1/ros2_foxy/install/ament_cmake_core:/home/saitama1/ros2_foxy/install/urdfdom_headers:/home/saitama1/ros2_foxy/install/test_interface_files:/home/saitama1/ros2_foxy/install/ros_environment:/home/saitama1/ros2_foxy/install/gmock_vendor:/home/saitama1/ros2_foxy/install/ament_cmake_gtest:/home/saitama1/ros2_foxy/install/gtest_vendor:/home/saitama1/ros2_foxy/install/fastcdr:/home/saitama1/ros2_foxy/install/ament_lint_auto:/home/saitama1/ros2_foxy/install/ament_cmake_pytest:/home/saitama1/ros2_foxy/install/ament_cmake_nose:/home/saitama1/ros2_foxy/install/osrf_pycommon:/home/saitama1/ros2_foxy/install/ament_pyflakes:/home/saitama1/ros2_foxy/install/ament_pycodestyle:/home/saitama1/ros2_foxy/install/ament_pep257:/home/saitama1/ros2_foxy/install/ament_package:/home/saitama1/ros2_foxy/install/ament_mypy:/home/saitama1/ros2_foxy/install/ament_flake8:/home/saitama1/ros2_foxy/install/ament_copyright:/home/saitama1/ros2_foxy/install/ament_lint:/home/saitama1/ros2_foxy/install/ament_cppcheck PYTHONPATH=/home/saitama1/ros2_foxy/install/ament_cmake_test/lib/python3.8/site-packages:/home/saitama1/ros2_foxy/install/ament_package/lib/python3.8/site-packages:/home/saitama1/ros2_foxy/install/osrf_pycommon/lib/python3.8/site-packages:/home/saitama1/ros2_foxy/install/ament_pyflakes/lib/python3.8/site-packages:/home/saitama1/ros2_foxy/install/ament_pycodestyle/lib/python3.8/site-packages:/home/saitama1/ros2_foxy/install/ament_pep257/lib/python3.8/site-packages:/home/saitama1/ros2_foxy/install/ament_mypy/lib/python3.8/site-packages:/home/saitama1/ros2_foxy/install/ament_flake8/lib/python3.8/site-packages:/home/saitama1/ros2_foxy/install/ament_copyright/lib/python3.8/site-packages:/home/saitama1/ros2_foxy/install/ament_lint/lib/python3.8/site-packages:/home/saitama1/ros2_foxy/install/ament_cppcheck/lib/python3.8/site-packages /usr/bin/cmake /home/saitama1/ros2_foxy/src/ros2/rosbag2/shared_queues_vendor -DCMAKE_INSTALL_PREFIX=/home/saitama1/ros2_foxy/install/shared_queues_vendor
[14.799s] Invoking command in '/home/saitama1/ros2_foxy/build/shared_queues_vendor': AMENT_PREFIX_PATH=/home/saitama1/ros2_foxy/install/ament_cmake:/home/saitama1/ros2_foxy/install/ament_package:/home/saitama1/ros2_foxy/install/test_interface_files:/home/saitama1/ros2_foxy/install/ros_environment:/home/saitama1/ros2_foxy/install/osrf_pycommon:/home/saitama1/ros2_foxy/install/ament_pyflakes:/home/saitama1/ros2_foxy/install/ament_pycodestyle:/home/saitama1/ros2_foxy/install/ament_pep257:/home/saitama1/ros2_foxy/install/ament_cmake_version:/home/saitama1/ros2_foxy/install/ament_cmake_test:/home/saitama1/ros2_foxy/install/ament_cmake_target_dependencies:/home/saitama1/ros2_foxy/install/ament_cmake_python:/home/saitama1/ros2_foxy/install/ament_cmake_export_dependencies:/home/saitama1/ros2_foxy/install/ament_cmake_libraries:/home/saitama1/ros2_foxy/install/ament_cmake_include_directories:/home/saitama1/ros2_foxy/install/ament_cmake_export_targets:/home/saitama1/ros2_foxy/install/ament_cmake_export_link_flags:/home/saitama1/ros2_foxy/install/ament_cmake_export_interfaces:/home/saitama1/ros2_foxy/install/ament_cmake_export_libraries:/home/saitama1/ros2_foxy/install/ament_cmake_export_include_directories:/home/saitama1/ros2_foxy/install/ament_cmake_export_definitions:/home/saitama1/ros2_foxy/install/ament_cmake_core:/home/saitama1/ros2_foxy/install/ament_mypy:/home/saitama1/ros2_foxy/install/ament_flake8:/home/saitama1/ros2_foxy/install/ament_copyright:/home/saitama1/ros2_foxy/install/ament_lint:/home/saitama1/ros2_foxy/install/ament_cppcheck CMAKE_PREFIX_PATH=/home/saitama1/ros2_foxy/install/ament_cmake:/home/saitama1/ros2_foxy/install/ament_cmake_test:/home/saitama1/ros2_foxy/install/ament_cmake_target_dependencies:/home/saitama1/ros2_foxy/install/ament_cmake_export_targets:/home/saitama1/ros2_foxy/install/ament_cmake_export_interfaces:/home/saitama1/ros2_foxy/install/ament_cmake_export_dependencies:/home/saitama1/ros2_foxy/install/ament_cmake_version:/home/saitama1/ros2_foxy/install/ament_cmake_python:/home/saitama1/ros2_foxy/install/ament_cmake_libraries:/home/saitama1/ros2_foxy/install/ament_cmake_include_directories:/home/saitama1/ros2_foxy/install/ament_cmake_export_link_flags:/home/saitama1/ros2_foxy/install/ament_cmake_export_libraries:/home/saitama1/ros2_foxy/install/ament_cmake_export_include_directories:/home/saitama1/ros2_foxy/install/ament_cmake_export_definitions:/home/saitama1/ros2_foxy/install/ament_cmake_core:/home/saitama1/ros2_foxy/install/urdfdom_headers:/home/saitama1/ros2_foxy/install/test_interface_files:/home/saitama1/ros2_foxy/install/ros_environment:/home/saitama1/ros2_foxy/install/gmock_vendor:/home/saitama1/ros2_foxy/install/ament_cmake_gtest:/home/saitama1/ros2_foxy/install/gtest_vendor:/home/saitama1/ros2_foxy/install/fastcdr:/home/saitama1/ros2_foxy/install/ament_lint_auto:/home/saitama1/ros2_foxy/install/ament_cmake_pytest:/home/saitama1/ros2_foxy/install/ament_cmake_nose:/home/saitama1/ros2_foxy/install/osrf_pycommon:/home/saitama1/ros2_foxy/install/ament_pyflakes:/home/saitama1/ros2_foxy/install/ament_pycodestyle:/home/saitama1/ros2_foxy/install/ament_pep257:/home/saitama1/ros2_foxy/install/ament_package:/home/saitama1/ros2_foxy/install/ament_mypy:/home/saitama1/ros2_foxy/install/ament_flake8:/home/saitama1/ros2_foxy/install/ament_copyright:/home/saitama1/ros2_foxy/install/ament_lint:/home/saitama1/ros2_foxy/install/ament_cppcheck PYTHONPATH=/home/saitama1/ros2_foxy/install/ament_cmake_test/lib/python3.8/site-packages:/home/saitama1/ros2_foxy/install/ament_package/lib/python3.8/site-packages:/home/saitama1/ros2_foxy/install/osrf_pycommon/lib/python3.8/site-packages:/home/saitama1/ros2_foxy/install/ament_pyflakes/lib/python3.8/site-packages:/home/saitama1/ros2_foxy/install/ament_pycodestyle/lib/python3.8/site-packages:/home/saitama1/ros2_foxy/install/ament_pep257/lib/python3.8/site-packages:/home/saitama1/ros2_foxy/install/ament_mypy/lib/python3.8/site-packages:/home/saitama1/ros2_foxy/install/ament_flake8/lib/python3.8/site-packages:/home/saitama1/ros2_foxy/install/ament_copyright/lib/python3.8/site-packages:/home/saitama1/ros2_foxy/install/ament_lint/lib/python3.8/site-packages:/home/saitama1/ros2_foxy/install/ament_cppcheck/lib/python3.8/site-packages /usr/bin/cmake --build /home/saitama1/ros2_foxy/build/shared_queues_vendor -- -j12 -l12
[15.525s] [35m[1mScanning dependencies of target ext-concurrentqueue[0m
[15.526s] [35m[1mScanning dependencies of target ext-singleproducerconsumer[0m
[15.526s] [  6%] [34m[1mCreating directories for 'ext-singleproducerconsumer'[0m
[15.527s] [ 12%] [34m[1mCreating directories for 'ext-concurrentqueue'[0m
[15.528s] [ 18%] [34m[1mPerforming download step (download, verify and extract) for 'ext-singleproducerconsumer'[0m
[15.528s] [ 25%] [34m[1mPerforming download step (download, verify and extract) for 'ext-concurrentqueue'[0m
[15.528s] -- Downloading...
[15.529s]    dst='/home/saitama1/ros2_foxy/build/shared_queues_vendor/download/ef7dfbf553288064347d51b8ac335f1ca489032a.zip'
[15.529s]    timeout='60 seconds'
[15.529s] -- Using src='https://github.com/cameron314/readerwriterqueue/archive/ef7dfbf553288064347d51b8ac335f1ca489032a.zip'
[15.529s] -- Downloading...
[15.529s]    dst='/home/saitama1/ros2_foxy/build/shared_queues_vendor/download/8f65a8734d77c3cc00d74c0532efca872931d3ce.zip'
[15.530s]    timeout='60 seconds'
[15.530s] -- Using src='https://github.com/cameron314/concurrentqueue/archive/8f65a8734d77c3cc00d74c0532efca872931d3ce.zip'
[15.530s] -- [download 100% complete]
[15.530s] -- [download 100% complete]
[15.530s] -- [download 23% complete]
[15.530s] -- [download 25% complete]
[15.533s] -- [download 69% complete]
[15.534s] -- [download 100% complete]
[15.534s] -- verifying file...
[15.534s]        file='/home/saitama1/ros2_foxy/build/shared_queues_vendor/download/ef7dfbf553288064347d51b8ac335f1ca489032a.zip'
[15.534s] -- Downloading... done
[15.549s] -- extracting...
[15.549s]      src='/home/saitama1/ros2_foxy/build/shared_queues_vendor/download/ef7dfbf553288064347d51b8ac335f1ca489032a.zip'
[15.549s]      dst='/home/saitama1/ros2_foxy/build/shared_queues_vendor/singleproducerconsumer/src/ext-singleproducerconsumer'
[15.549s] -- extracting... [tar xfz]
[15.559s] -- extracting... [analysis]
[15.559s] -- extracting... [rename]
[15.559s] -- extracting... [clean up]
[15.559s] -- extracting... done
[15.573s] [ 31%] [34m[1mNo update step for 'ext-singleproducerconsumer'[0m
[15.574s] [ 37%] [34m[1mNo patch step for 'ext-singleproducerconsumer'[0m
[15.595s] [ 43%] [34m[1mNo configure step for 'ext-singleproducerconsumer'[0m
[15.618s] [ 50%] [34m[1mNo build step for 'ext-singleproducerconsumer'[0m
[15.640s] [ 56%] [34m[1mNo install step for 'ext-singleproducerconsumer'[0m
[15.658s] [ 62%] [34m[1mCompleted 'ext-singleproducerconsumer'[0m
[15.740s] -- [download 0% complete]
[15.787s] [ 62%] Built target ext-singleproducerconsumer
[15.810s] -- [download 1% complete]
[15.953s] -- [download 2% complete]
[16.025s] -- [download 4% complete]
[16.166s] -- [download 5% complete]
[16.167s] -- [download 6% complete]
[16.173s] -- [download 7% complete]
[16.177s] -- [download 8% complete]
[16.237s] -- [download 9% complete]
[16.238s] -- [download 10% complete]
[16.309s] -- [download 11% complete]
[16.315s] -- [download 12% complete]
[16.315s] -- [download 13% complete]
[16.322s] -- [download 15% complete]
[16.322s] -- [download 16% complete]
[16.379s] -- [download 17% complete]
[16.389s] -- [download 18% complete]
[16.390s] -- [download 20% complete]
[16.450s] -- [download 21% complete]
[16.450s] -- [download 22% complete]
[16.456s] -- [download 23% complete]
[16.462s] -- [download 25% complete]
[16.467s] -- [download 27% complete]
[16.477s] -- [download 28% complete]
[16.480s] -- [download 29% complete]
[16.483s] -- [download 30% complete]
[16.485s] -- [download 31% complete]
[16.500s] -- [download 32% complete]
[16.500s] -- [download 34% complete]
[16.534s] -- [download 36% complete]
[16.540s] -- [download 37% complete]
[16.547s] -- [download 38% complete]
[16.553s] -- [download 39% complete]
[16.559s] -- [download 40% complete]
[16.570s] -- [download 41% complete]
[16.592s] -- [download 42% complete]
[16.600s] -- [download 43% complete]
[16.611s] -- [download 44% complete]
[16.617s] -- [download 45% complete]
[16.623s] -- [download 46% complete]
[16.633s] -- [download 47% complete]
[16.642s] -- [download 48% complete]
[16.667s] -- [download 49% complete]
[16.672s] -- [download 50% complete]
[16.682s] -- [download 51% complete]
[16.682s] -- [download 52% complete]
[16.683s] -- [download 53% complete]
[16.683s] -- [download 54% complete]
[16.687s] -- [download 55% complete]
[16.693s] -- [download 56% complete]
[16.704s] -- [download 57% complete]
[16.705s] -- [download 58% complete]
[16.732s] -- [download 59% complete]
[16.733s] -- [download 60% complete]
[16.733s] -- [download 61% complete]
[16.734s] -- [download 62% complete]
[16.739s] -- [download 63% complete]
[16.755s] -- [download 64% complete]
[16.756s] -- [download 65% complete]
[16.760s] -- [download 66% complete]
[16.768s] -- [download 67% complete]
[16.775s] -- [download 68% complete]
[16.780s] -- [download 69% complete]
[16.786s] -- [download 70% complete]
[16.793s] -- [download 71% complete]
[16.798s] -- [download 72% complete]
[16.799s] -- [download 73% complete]
[16.804s] -- [download 74% complete]
[16.810s] -- [download 75% complete]
[16.821s] -- [download 76% complete]
[16.823s] -- [download 77% complete]
[16.829s] -- [download 79% complete]
[16.834s] -- [download 80% complete]
[16.845s] -- [download 81% complete]
[16.850s] -- [download 82% complete]
[16.856s] -- [download 83% complete]
[16.862s] -- [download 84% complete]
[16.868s] -- [download 85% complete]
[16.874s] -- [download 86% complete]
[16.884s] -- [download 87% complete]
[16.886s] -- [download 88% complete]
[16.898s] -- [download 89% complete]
[16.904s] -- [download 90% complete]
[16.910s] -- [download 91% complete]
[16.920s] -- [download 92% complete]
[16.926s] -- [download 93% complete]
[16.932s] -- [download 94% complete]
[16.937s] -- [download 95% complete]
[16.947s] -- [download 96% complete]
[16.954s] -- [download 97% complete]
[16.960s] -- [download 98% complete]
[16.966s] -- [download 99% complete]
[16.972s] -- [download 100% complete]
[16.975s] -- verifying file...
[16.976s]        file='/home/saitama1/ros2_foxy/build/shared_queues_vendor/download/8f65a8734d77c3cc00d74c0532efca872931d3ce.zip'
[16.980s] -- Downloading... done
[16.996s] -- extracting...
[16.996s]      src='/home/saitama1/ros2_foxy/build/shared_queues_vendor/download/8f65a8734d77c3cc00d74c0532efca872931d3ce.zip'
[16.996s]      dst='/home/saitama1/ros2_foxy/build/shared_queues_vendor/concurrentqueue/src/ext-concurrentqueue'
[16.996s] -- extracting... [tar xfz]
[17.110s] -- extracting... [analysis]
[17.110s] -- extracting... [rename]
[17.110s] -- extracting... [clean up]
[17.110s] -- extracting... done
[17.126s] [ 68%] [34m[1mNo update step for 'ext-concurrentqueue'[0m
[17.127s] [ 75%] [34m[1mNo patch step for 'ext-concurrentqueue'[0m
[17.149s] [ 81%] [34m[1mNo configure step for 'ext-concurrentqueue'[0m
[17.169s] [ 87%] [34m[1mNo build step for 'ext-concurrentqueue'[0m
[17.195s] [ 93%] [34m[1mNo install step for 'ext-concurrentqueue'[0m
[17.256s] [100%] [34m[1mCompleted 'ext-concurrentqueue'[0m
[17.305s] [100%] Built target ext-concurrentqueue
[17.666s] Invoked command in '/home/saitama1/ros2_foxy/build/shared_queues_vendor' returned '0': AMENT_PREFIX_PATH=/home/saitama1/ros2_foxy/install/ament_cmake:/home/saitama1/ros2_foxy/install/ament_package:/home/saitama1/ros2_foxy/install/test_interface_files:/home/saitama1/ros2_foxy/install/ros_environment:/home/saitama1/ros2_foxy/install/osrf_pycommon:/home/saitama1/ros2_foxy/install/ament_pyflakes:/home/saitama1/ros2_foxy/install/ament_pycodestyle:/home/saitama1/ros2_foxy/install/ament_pep257:/home/saitama1/ros2_foxy/install/ament_cmake_version:/home/saitama1/ros2_foxy/install/ament_cmake_test:/home/saitama1/ros2_foxy/install/ament_cmake_target_dependencies:/home/saitama1/ros2_foxy/install/ament_cmake_python:/home/saitama1/ros2_foxy/install/ament_cmake_export_dependencies:/home/saitama1/ros2_foxy/install/ament_cmake_libraries:/home/saitama1/ros2_foxy/install/ament_cmake_include_directories:/home/saitama1/ros2_foxy/install/ament_cmake_export_targets:/home/saitama1/ros2_foxy/install/ament_cmake_export_link_flags:/home/saitama1/ros2_foxy/install/ament_cmake_export_interfaces:/home/saitama1/ros2_foxy/install/ament_cmake_export_libraries:/home/saitama1/ros2_foxy/install/ament_cmake_export_include_directories:/home/saitama1/ros2_foxy/install/ament_cmake_export_definitions:/home/saitama1/ros2_foxy/install/ament_cmake_core:/home/saitama1/ros2_foxy/install/ament_mypy:/home/saitama1/ros2_foxy/install/ament_flake8:/home/saitama1/ros2_foxy/install/ament_copyright:/home/saitama1/ros2_foxy/install/ament_lint:/home/saitama1/ros2_foxy/install/ament_cppcheck CMAKE_PREFIX_PATH=/home/saitama1/ros2_foxy/install/ament_cmake:/home/saitama1/ros2_foxy/install/ament_cmake_test:/home/saitama1/ros2_foxy/install/ament_cmake_target_dependencies:/home/saitama1/ros2_foxy/install/ament_cmake_export_targets:/home/saitama1/ros2_foxy/install/ament_cmake_export_interfaces:/home/saitama1/ros2_foxy/install/ament_cmake_export_dependencies:/home/saitama1/ros2_foxy/install/ament_cmake_version:/home/saitama1/ros2_foxy/install/ament_cmake_python:/home/saitama1/ros2_foxy/install/ament_cmake_libraries:/home/saitama1/ros2_foxy/install/ament_cmake_include_directories:/home/saitama1/ros2_foxy/install/ament_cmake_export_link_flags:/home/saitama1/ros2_foxy/install/ament_cmake_export_libraries:/home/saitama1/ros2_foxy/install/ament_cmake_export_include_directories:/home/saitama1/ros2_foxy/install/ament_cmake_export_definitions:/home/saitama1/ros2_foxy/install/ament_cmake_core:/home/saitama1/ros2_foxy/install/urdfdom_headers:/home/saitama1/ros2_foxy/install/test_interface_files:/home/saitama1/ros2_foxy/install/ros_environment:/home/saitama1/ros2_foxy/install/gmock_vendor:/home/saitama1/ros2_foxy/install/ament_cmake_gtest:/home/saitama1/ros2_foxy/install/gtest_vendor:/home/saitama1/ros2_foxy/install/fastcdr:/home/saitama1/ros2_foxy/install/ament_lint_auto:/home/saitama1/ros2_foxy/install/ament_cmake_pytest:/home/saitama1/ros2_foxy/install/ament_cmake_nose:/home/saitama1/ros2_foxy/install/osrf_pycommon:/home/saitama1/ros2_foxy/install/ament_pyflakes:/home/saitama1/ros2_foxy/install/ament_pycodestyle:/home/saitama1/ros2_foxy/install/ament_pep257:/home/saitama1/ros2_foxy/install/ament_package:/home/saitama1/ros2_foxy/install/ament_mypy:/home/saitama1/ros2_foxy/install/ament_flake8:/home/saitama1/ros2_foxy/install/ament_copyright:/home/saitama1/ros2_foxy/install/ament_lint:/home/saitama1/ros2_foxy/install/ament_cppcheck PYTHONPATH=/home/saitama1/ros2_foxy/install/ament_cmake_test/lib/python3.8/site-packages:/home/saitama1/ros2_foxy/install/ament_package/lib/python3.8/site-packages:/home/saitama1/ros2_foxy/install/osrf_pycommon/lib/python3.8/site-packages:/home/saitama1/ros2_foxy/install/ament_pyflakes/lib/python3.8/site-packages:/home/saitama1/ros2_foxy/install/ament_pycodestyle/lib/python3.8/site-packages:/home/saitama1/ros2_foxy/install/ament_pep257/lib/python3.8/site-packages:/home/saitama1/ros2_foxy/install/ament_mypy/lib/python3.8/site-packages:/home/saitama1/ros2_foxy/install/ament_flake8/lib/python3.8/site-packages:/home/saitama1/ros2_foxy/install/ament_copyright/lib/python3.8/site-packages:/home/saitama1/ros2_foxy/install/ament_lint/lib/python3.8/site-packages:/home/saitama1/ros2_foxy/install/ament_cppcheck/lib/python3.8/site-packages /usr/bin/cmake --build /home/saitama1/ros2_foxy/build/shared_queues_vendor -- -j12 -l12
[18.083s] Invoking command in '/home/saitama1/ros2_foxy/build/shared_queues_vendor': AMENT_PREFIX_PATH=/home/saitama1/ros2_foxy/install/ament_cmake:/home/saitama1/ros2_foxy/install/ament_package:/home/saitama1/ros2_foxy/install/test_interface_files:/home/saitama1/ros2_foxy/install/ros_environment:/home/saitama1/ros2_foxy/install/osrf_pycommon:/home/saitama1/ros2_foxy/install/ament_pyflakes:/home/saitama1/ros2_foxy/install/ament_pycodestyle:/home/saitama1/ros2_foxy/install/ament_pep257:/home/saitama1/ros2_foxy/install/ament_cmake_version:/home/saitama1/ros2_foxy/install/ament_cmake_test:/home/saitama1/ros2_foxy/install/ament_cmake_target_dependencies:/home/saitama1/ros2_foxy/install/ament_cmake_python:/home/saitama1/ros2_foxy/install/ament_cmake_export_dependencies:/home/saitama1/ros2_foxy/install/ament_cmake_libraries:/home/saitama1/ros2_foxy/install/ament_cmake_include_directories:/home/saitama1/ros2_foxy/install/ament_cmake_export_targets:/home/saitama1/ros2_foxy/install/ament_cmake_export_link_flags:/home/saitama1/ros2_foxy/install/ament_cmake_export_interfaces:/home/saitama1/ros2_foxy/install/ament_cmake_export_libraries:/home/saitama1/ros2_foxy/install/ament_cmake_export_include_directories:/home/saitama1/ros2_foxy/install/ament_cmake_export_definitions:/home/saitama1/ros2_foxy/install/ament_cmake_core:/home/saitama1/ros2_foxy/install/ament_mypy:/home/saitama1/ros2_foxy/install/ament_flake8:/home/saitama1/ros2_foxy/install/ament_copyright:/home/saitama1/ros2_foxy/install/ament_lint:/home/saitama1/ros2_foxy/install/ament_cppcheck CMAKE_PREFIX_PATH=/home/saitama1/ros2_foxy/install/ament_cmake:/home/saitama1/ros2_foxy/install/ament_cmake_test:/home/saitama1/ros2_foxy/install/ament_cmake_target_dependencies:/home/saitama1/ros2_foxy/install/ament_cmake_export_targets:/home/saitama1/ros2_foxy/install/ament_cmake_export_interfaces:/home/saitama1/ros2_foxy/install/ament_cmake_export_dependencies:/home/saitama1/ros2_foxy/install/ament_cmake_version:/home/saitama1/ros2_foxy/install/ament_cmake_python:/home/saitama1/ros2_foxy/install/ament_cmake_libraries:/home/saitama1/ros2_foxy/install/ament_cmake_include_directories:/home/saitama1/ros2_foxy/install/ament_cmake_export_link_flags:/home/saitama1/ros2_foxy/install/ament_cmake_export_libraries:/home/saitama1/ros2_foxy/install/ament_cmake_export_include_directories:/home/saitama1/ros2_foxy/install/ament_cmake_export_definitions:/home/saitama1/ros2_foxy/install/ament_cmake_core:/home/saitama1/ros2_foxy/install/urdfdom_headers:/home/saitama1/ros2_foxy/install/test_interface_files:/home/saitama1/ros2_foxy/install/ros_environment:/home/saitama1/ros2_foxy/install/gmock_vendor:/home/saitama1/ros2_foxy/install/ament_cmake_gtest:/home/saitama1/ros2_foxy/install/gtest_vendor:/home/saitama1/ros2_foxy/install/fastcdr:/home/saitama1/ros2_foxy/install/ament_lint_auto:/home/saitama1/ros2_foxy/install/ament_cmake_pytest:/home/saitama1/ros2_foxy/install/ament_cmake_nose:/home/saitama1/ros2_foxy/install/osrf_pycommon:/home/saitama1/ros2_foxy/install/ament_pyflakes:/home/saitama1/ros2_foxy/install/ament_pycodestyle:/home/saitama1/ros2_foxy/install/ament_pep257:/home/saitama1/ros2_foxy/install/ament_package:/home/saitama1/ros2_foxy/install/ament_mypy:/home/saitama1/ros2_foxy/install/ament_flake8:/home/saitama1/ros2_foxy/install/ament_copyright:/home/saitama1/ros2_foxy/install/ament_lint:/home/saitama1/ros2_foxy/install/ament_cppcheck PYTHONPATH=/home/saitama1/ros2_foxy/install/ament_cmake_test/lib/python3.8/site-packages:/home/saitama1/ros2_foxy/install/ament_package/lib/python3.8/site-packages:/home/saitama1/ros2_foxy/install/osrf_pycommon/lib/python3.8/site-packages:/home/saitama1/ros2_foxy/install/ament_pyflakes/lib/python3.8/site-packages:/home/saitama1/ros2_foxy/install/ament_pycodestyle/lib/python3.8/site-packages:/home/saitama1/ros2_foxy/install/ament_pep257/lib/python3.8/site-packages:/home/saitama1/ros2_foxy/install/ament_mypy/lib/python3.8/site-packages:/home/saitama1/ros2_foxy/install/ament_flake8/lib/python3.8/site-packages:/home/saitama1/ros2_foxy/install/ament_copyright/lib/python3.8/site-packages:/home/saitama1/ros2_foxy/install/ament_lint/lib/python3.8/site-packages:/home/saitama1/ros2_foxy/install/ament_cppcheck/lib/python3.8/site-packages /usr/bin/cmake --install /home/saitama1/ros2_foxy/build/shared_queues_vendor
[18.095s] -- Install configuration: ""
[18.096s] -- Installing: /home/saitama1/ros2_foxy/install/shared_queues_vendor/include/moodycamel/atomicops.h
[18.096s] -- Installing: /home/saitama1/ros2_foxy/install/shared_queues_vendor/include/moodycamel/readerwriterqueue.h
[18.096s] -- Installing: /home/saitama1/ros2_foxy/install/shared_queues_vendor/include/moodycamel/concurrentqueue.h
[18.096s] -- Installing: /home/saitama1/ros2_foxy/install/shared_queues_vendor/include/moodycamel/blockingconcurrentqueue.h
[18.096s] -- Installing: /home/saitama1/ros2_foxy/install/shared_queues_vendor/share/ament_index/resource_index/package_run_dependencies/shared_queues_vendor
[18.096s] -- Installing: /home/saitama1/ros2_foxy/install/shared_queues_vendor/share/ament_index/resource_index/parent_prefix_path/shared_queues_vendor
[18.096s] -- Installing: /home/saitama1/ros2_foxy/install/shared_queues_vendor/share/shared_queues_vendor/environment/ament_prefix_path.sh
[18.096s] -- Installing: /home/saitama1/ros2_foxy/install/shared_queues_vendor/share/shared_queues_vendor/environment/ament_prefix_path.dsv
[18.096s] -- Installing: /home/saitama1/ros2_foxy/install/shared_queues_vendor/share/shared_queues_vendor/environment/path.sh
[18.096s] -- Installing: /home/saitama1/ros2_foxy/install/shared_queues_vendor/share/shared_queues_vendor/environment/path.dsv
[18.097s] -- Installing: /home/saitama1/ros2_foxy/install/shared_queues_vendor/share/shared_queues_vendor/local_setup.bash
[18.097s] -- Installing: /home/saitama1/ros2_foxy/install/shared_queues_vendor/share/shared_queues_vendor/local_setup.sh
[18.097s] -- Installing: /home/saitama1/ros2_foxy/install/shared_queues_vendor/share/shared_queues_vendor/local_setup.zsh
[18.097s] -- Installing: /home/saitama1/ros2_foxy/install/shared_queues_vendor/share/shared_queues_vendor/local_setup.dsv
[18.097s] -- Installing: /home/saitama1/ros2_foxy/install/shared_queues_vendor/share/shared_queues_vendor/package.dsv
[18.097s] -- Installing: /home/saitama1/ros2_foxy/install/shared_queues_vendor/share/ament_index/resource_index/packages/shared_queues_vendor
[18.097s] -- Installing: /home/saitama1/ros2_foxy/install/shared_queues_vendor/share/shared_queues_vendor/cmake/export_shared_queues_vendorExport.cmake
[18.097s] -- Installing: /home/saitama1/ros2_foxy/install/shared_queues_vendor/share/shared_queues_vendor/cmake/ament_cmake_export_include_directories-extras.cmake
[18.097s] -- Installing: /home/saitama1/ros2_foxy/install/shared_queues_vendor/share/shared_queues_vendor/cmake/ament_cmake_export_targets-extras.cmake
[18.098s] -- Installing: /home/saitama1/ros2_foxy/install/shared_queues_vendor/share/shared_queues_vendor/cmake/shared_queues_vendorConfig.cmake
[18.098s] -- Installing: /home/saitama1/ros2_foxy/install/shared_queues_vendor/share/shared_queues_vendor/cmake/shared_queues_vendorConfig-version.cmake
[18.098s] -- Installing: /home/saitama1/ros2_foxy/install/shared_queues_vendor/share/shared_queues_vendor/package.xml
[18.429s] Invoked command in '/home/saitama1/ros2_foxy/build/shared_queues_vendor' returned '0': AMENT_PREFIX_PATH=/home/saitama1/ros2_foxy/install/ament_cmake:/home/saitama1/ros2_foxy/install/ament_package:/home/saitama1/ros2_foxy/install/test_interface_files:/home/saitama1/ros2_foxy/install/ros_environment:/home/saitama1/ros2_foxy/install/osrf_pycommon:/home/saitama1/ros2_foxy/install/ament_pyflakes:/home/saitama1/ros2_foxy/install/ament_pycodestyle:/home/saitama1/ros2_foxy/install/ament_pep257:/home/saitama1/ros2_foxy/install/ament_cmake_version:/home/saitama1/ros2_foxy/install/ament_cmake_test:/home/saitama1/ros2_foxy/install/ament_cmake_target_dependencies:/home/saitama1/ros2_foxy/install/ament_cmake_python:/home/saitama1/ros2_foxy/install/ament_cmake_export_dependencies:/home/saitama1/ros2_foxy/install/ament_cmake_libraries:/home/saitama1/ros2_foxy/install/ament_cmake_include_directories:/home/saitama1/ros2_foxy/install/ament_cmake_export_targets:/home/saitama1/ros2_foxy/install/ament_cmake_export_link_flags:/home/saitama1/ros2_foxy/install/ament_cmake_export_interfaces:/home/saitama1/ros2_foxy/install/ament_cmake_export_libraries:/home/saitama1/ros2_foxy/install/ament_cmake_export_include_directories:/home/saitama1/ros2_foxy/install/ament_cmake_export_definitions:/home/saitama1/ros2_foxy/install/ament_cmake_core:/home/saitama1/ros2_foxy/install/ament_mypy:/home/saitama1/ros2_foxy/install/ament_flake8:/home/saitama1/ros2_foxy/install/ament_copyright:/home/saitama1/ros2_foxy/install/ament_lint:/home/saitama1/ros2_foxy/install/ament_cppcheck CMAKE_PREFIX_PATH=/home/saitama1/ros2_foxy/install/ament_cmake:/home/saitama1/ros2_foxy/install/ament_cmake_test:/home/saitama1/ros2_foxy/install/ament_cmake_target_dependencies:/home/saitama1/ros2_foxy/install/ament_cmake_export_targets:/home/saitama1/ros2_foxy/install/ament_cmake_export_interfaces:/home/saitama1/ros2_foxy/install/ament_cmake_export_dependencies:/home/saitama1/ros2_foxy/install/ament_cmake_version:/home/saitama1/ros2_foxy/install/ament_cmake_python:/home/saitama1/ros2_foxy/install/ament_cmake_libraries:/home/saitama1/ros2_foxy/install/ament_cmake_include_directories:/home/saitama1/ros2_foxy/install/ament_cmake_export_link_flags:/home/saitama1/ros2_foxy/install/ament_cmake_export_libraries:/home/saitama1/ros2_foxy/install/ament_cmake_export_include_directories:/home/saitama1/ros2_foxy/install/ament_cmake_export_definitions:/home/saitama1/ros2_foxy/install/ament_cmake_core:/home/saitama1/ros2_foxy/install/urdfdom_headers:/home/saitama1/ros2_foxy/install/test_interface_files:/home/saitama1/ros2_foxy/install/ros_environment:/home/saitama1/ros2_foxy/install/gmock_vendor:/home/saitama1/ros2_foxy/install/ament_cmake_gtest:/home/saitama1/ros2_foxy/install/gtest_vendor:/home/saitama1/ros2_foxy/install/fastcdr:/home/saitama1/ros2_foxy/install/ament_lint_auto:/home/saitama1/ros2_foxy/install/ament_cmake_pytest:/home/saitama1/ros2_foxy/install/ament_cmake_nose:/home/saitama1/ros2_foxy/install/osrf_pycommon:/home/saitama1/ros2_foxy/install/ament_pyflakes:/home/saitama1/ros2_foxy/install/ament_pycodestyle:/home/saitama1/ros2_foxy/install/ament_pep257:/home/saitama1/ros2_foxy/install/ament_package:/home/saitama1/ros2_foxy/install/ament_mypy:/home/saitama1/ros2_foxy/install/ament_flake8:/home/saitama1/ros2_foxy/install/ament_copyright:/home/saitama1/ros2_foxy/install/ament_lint:/home/saitama1/ros2_foxy/install/ament_cppcheck PYTHONPATH=/home/saitama1/ros2_foxy/install/ament_cmake_test/lib/python3.8/site-packages:/home/saitama1/ros2_foxy/install/ament_package/lib/python3.8/site-packages:/home/saitama1/ros2_foxy/install/osrf_pycommon/lib/python3.8/site-packages:/home/saitama1/ros2_foxy/install/ament_pyflakes/lib/python3.8/site-packages:/home/saitama1/ros2_foxy/install/ament_pycodestyle/lib/python3.8/site-packages:/home/saitama1/ros2_foxy/install/ament_pep257/lib/python3.8/site-packages:/home/saitama1/ros2_foxy/install/ament_mypy/lib/python3.8/site-packages:/home/saitama1/ros2_foxy/install/ament_flake8/lib/python3.8/site-packages:/home/saitama1/ros2_foxy/install/ament_copyright/lib/python3.8/site-packages:/home/saitama1/ros2_foxy/install/ament_lint/lib/python3.8/site-packages:/home/saitama1/ros2_foxy/install/ament_cppcheck/lib/python3.8/site-packages /usr/bin/cmake --install /home/saitama1/ros2_foxy/build/shared_queues_vendor
