-- Found mrt_cmake_modules: 1.0.8 (/home/saitama1/ros2_foxy/install/mrt_cmake_modules/share/mrt_cmake_modules/cmake)
-- Found ament_cmake_core: 0.9.8 (/home/saitama1/ros2_foxy/install/ament_cmake_core/share/ament_cmake_core/cmake)
-- Using PYTHON_EXECUTABLE: /usr/bin/python3
-- Override CMake install command with custom implementation using symlinks instead of copying resources
-- Found OpenMP_C: -fopenmp  
-- Found OpenMP_CXX: -fopenmp  
-- Found OpenMP: TRUE   
called: /home/saitama1/ros2_foxy/install/mrt_cmake_modules/share/mrt_cmake_modules/cmake/../scripts/generate_cmake_dependency_file.py /home/saitama1/ros2_foxy/src/autoware_build_parts/lanelet2/lanelet2_io/package.xml /home/saitama1/ros2_foxy/install/mrt_cmake_modules/share/mrt_cmake_modules/cmake/../yaml/cmake.yaml /home/saitama1/ros2_foxy/build/lanelet2_io/CMakeFiles/auto_dep_vars.cmake
-- Adding library "lanelet2_io" with source src/BinHandler.cpp;src/Factory.cpp;src/Io.cpp;src/OsmFile.cpp;src/OsmHandlerLoad.cpp;src/OsmHandlerWrite.cpp, includes include/lanelet2_io/Configuration.h;include/lanelet2_io/Exceptions.h;include/lanelet2_io/Io.h;include/lanelet2_io/Projection.h;include/lanelet2_io/io_handlers/BinHandler.h;include/lanelet2_io/io_handlers/Factory.h;include/lanelet2_io/io_handlers/IoHandler.h;include/lanelet2_io/io_handlers/OsmFile.h;include/lanelet2_io/io_handlers/OsmHandler.h;include/lanelet2_io/io_handlers/Parser.h;include/lanelet2_io/io_handlers/Serialize.h;include/lanelet2_io/io_handlers/Writer.h
-- Marking libraries "lanelet2_io" of package "lanelet2_io" for installation
-- Marking HEADER FILES in "include/lanelet2_io" folder of package "lanelet2_io" for installation
-- Generating cmake exports for lanelet2_io to /home/saitama1/ros2_foxy/build/lanelet2_io/devel/share
-- Adding gtest unittest "lanelet2_io-gtest-TestBinHandler" with working dir /home/saitama1/ros2_foxy/src/autoware_build_parts/lanelet2/lanelet2_io/test
-- Creating gtest 'lanelet2_io-gtest-TestBinHandler' from test/TestBinHandler.cpp
-- Adding gtest unittest "lanelet2_io-gtest-TestLanelet2Io" with working dir /home/saitama1/ros2_foxy/src/autoware_build_parts/lanelet2/lanelet2_io/test
-- Creating gtest 'lanelet2_io-gtest-TestLanelet2Io' from test/TestLanelet2Io.cpp
-- Adding gtest unittest "lanelet2_io-gtest-TestOsmFile" with working dir /home/saitama1/ros2_foxy/src/autoware_build_parts/lanelet2/lanelet2_io/test
-- Creating gtest 'lanelet2_io-gtest-TestOsmFile' from test/TestOsmFile.cpp
-- Adding gtest unittest "lanelet2_io-gtest-TestOsmHandler" with working dir /home/saitama1/ros2_foxy/src/autoware_build_parts/lanelet2/lanelet2_io/test
-- Creating gtest 'lanelet2_io-gtest-TestOsmHandler' from test/TestOsmHandler.cpp
-- Adding gtest unittest "lanelet2_io-gtest-TestSimpleUsage" with working dir /home/saitama1/ros2_foxy/src/autoware_build_parts/lanelet2/lanelet2_io/test
-- Creating gtest 'lanelet2_io-gtest-TestSimpleUsage' from test/TestSimpleUsage.cpp
-- Adding nosetests in folder /home/saitama1/ros2_foxy/src/autoware_build_parts/lanelet2/lanelet2_io/test
-- Using Python nosetests: /usr/bin/nosetests3
-- Adding nosetest nosetests-lanelet2_io-test
-- Configuring done
-- Generating done
-- Build files have been written to: /home/saitama1/ros2_foxy/build/lanelet2_io
[  9%] Built target gtest
[ 19%] Built target gtest_main
[ 52%] Built target lanelet2_io
[ 80%] Built target lanelet2_io-gtest-TestBinHandler
[ 80%] Built target lanelet2_io-gtest-TestLanelet2Io
[ 80%] Built target lanelet2_io-gtest-TestOsmFile
[100%] Built target lanelet2_io-gtest-TestSimpleUsage
[100%] Built target lanelet2_io-gtest-TestOsmHandler
[100%] Built target tests_lanelet2_io
[100%] Built target tests
-- Install configuration: ""
-- Execute custom install script
-- Symlinking: /home/saitama1/ros2_foxy/install/lanelet2_io/share/lanelet2_io/cmake/lanelet2_ioConfigVersion.cmake
-- Symlinking: /home/saitama1/ros2_foxy/install/lanelet2_io/share/lanelet2_io/cmake/lanelet2_ioConfig.cmake
-- Symlinking: /home/saitama1/ros2_foxy/install/lanelet2_io/share/lanelet2_io/cmake/auto_dep_vars.cmake
-- Symlinking: /home/saitama1/ros2_foxy/install/lanelet2_io/share/lanelet2_io/cmake/lanelet2_ioAutoDepsConfig.cmake
-- Symlinking: /home/saitama1/ros2_foxy/install/lanelet2_io/share/lanelet2_io/package.xml
-- Symlinking: /home/saitama1/ros2_foxy/install/lanelet2_io/share/ament_index/resource_index/package_run_dependencies/lanelet2_io
-- Symlinking: /home/saitama1/ros2_foxy/install/lanelet2_io/share/ament_index/resource_index/parent_prefix_path/lanelet2_io
-- Symlinking: /home/saitama1/ros2_foxy/install/lanelet2_io/share/lanelet2_io/environment/ament_prefix_path.sh
-- Symlinking: /home/saitama1/ros2_foxy/install/lanelet2_io/share/lanelet2_io/environment/ament_prefix_path.dsv
-- Symlinking: /home/saitama1/ros2_foxy/install/lanelet2_io/share/lanelet2_io/environment/path.sh
-- Symlinking: /home/saitama1/ros2_foxy/install/lanelet2_io/share/lanelet2_io/environment/path.dsv
-- Symlinking: /home/saitama1/ros2_foxy/install/lanelet2_io/share/lanelet2_io/local_setup.bash
-- Symlinking: /home/saitama1/ros2_foxy/install/lanelet2_io/share/lanelet2_io/local_setup.sh
-- Symlinking: /home/saitama1/ros2_foxy/install/lanelet2_io/share/lanelet2_io/local_setup.zsh
-- Symlinking: /home/saitama1/ros2_foxy/install/lanelet2_io/share/lanelet2_io/local_setup.dsv
-- Symlinking: /home/saitama1/ros2_foxy/install/lanelet2_io/share/lanelet2_io/package.dsv
-- Symlinking: /home/saitama1/ros2_foxy/install/lanelet2_io/share/ament_index/resource_index/packages/lanelet2_io
-- Up-to-date: /home/saitama1/ros2_foxy/install/lanelet2_io/lib/liblanelet2_io.so.1.1.1
-- Up-to-date: /home/saitama1/ros2_foxy/install/lanelet2_io/lib/liblanelet2_io.so.1
-- Up-to-date: /home/saitama1/ros2_foxy/install/lanelet2_io/lib/liblanelet2_io.so
-- Up-to-date: /home/saitama1/ros2_foxy/install/lanelet2_io/include/lanelet2_io
-- Up-to-date: /home/saitama1/ros2_foxy/install/lanelet2_io/include/lanelet2_io/Exceptions.h
-- Up-to-date: /home/saitama1/ros2_foxy/install/lanelet2_io/include/lanelet2_io/Io.h
-- Up-to-date: /home/saitama1/ros2_foxy/install/lanelet2_io/include/lanelet2_io/Projection.h
-- Up-to-date: /home/saitama1/ros2_foxy/install/lanelet2_io/include/lanelet2_io/internal
-- Up-to-date: /home/saitama1/ros2_foxy/install/lanelet2_io/include/lanelet2_io/io_handlers
-- Up-to-date: /home/saitama1/ros2_foxy/install/lanelet2_io/include/lanelet2_io/io_handlers/Factory.h
-- Up-to-date: /home/saitama1/ros2_foxy/install/lanelet2_io/include/lanelet2_io/io_handlers/IoHandler.h
-- Up-to-date: /home/saitama1/ros2_foxy/install/lanelet2_io/include/lanelet2_io/io_handlers/BinHandler.h
-- Up-to-date: /home/saitama1/ros2_foxy/install/lanelet2_io/include/lanelet2_io/io_handlers/Serialize.h
-- Up-to-date: /home/saitama1/ros2_foxy/install/lanelet2_io/include/lanelet2_io/io_handlers/Parser.h
-- Up-to-date: /home/saitama1/ros2_foxy/install/lanelet2_io/include/lanelet2_io/io_handlers/OsmHandler.h
-- Up-to-date: /home/saitama1/ros2_foxy/install/lanelet2_io/include/lanelet2_io/io_handlers/Writer.h
-- Up-to-date: /home/saitama1/ros2_foxy/install/lanelet2_io/include/lanelet2_io/io_handlers/OsmFile.h
-- Up-to-date: /home/saitama1/ros2_foxy/install/lanelet2_io/include/lanelet2_io/Configuration.h
-- Up-to-date: /home/saitama1/ros2_foxy/install/lanelet2_io/share/lanelet2_io/cmake/lanelet2_ioTargets.cmake
-- Installing: /home/saitama1/ros2_foxy/install/lanelet2_io/share/lanelet2_io/cmake/lanelet2_ioTargets-noconfig.cmake
