[0.917s] Invoking command in '/home/saitama1/Pictures/ros2-picas/ros2_foxy/src/ament/ament_lint/ament_copyright': AMENT_PREFIX_PATH=/home/saitama1/Pictures/ros2-picas/ros2_foxy/install/ament_pep257:/home/saitama1/Pictures/ros2-picas/ros2_foxy/install/ament_flake8:/home/saitama1/Pictures/ros2-picas/ros2_foxy/install/ament_lint PATH=/home/saitama1/Pictures/ros2-picas/ros2_foxy/install/ament_pep257/bin:/home/saitama1/Pictures/ros2-picas/ros2_foxy/install/ament_flake8/bin:${PATH} PYTHONPATH=/home/saitama1/Pictures/ros2-picas/ros2_foxy/install/ament_copyright/lib/python3.8/site-packages:/home/saitama1/Pictures/ros2-picas/ros2_foxy/install/ament_pep257/lib/python3.8/site-packages:/home/saitama1/Pictures/ros2-picas/ros2_foxy/install/ament_flake8/lib/python3.8/site-packages:/home/saitama1/Pictures/ros2-picas/ros2_foxy/install/ament_lint/lib/python3.8/site-packages /usr/bin/python3 setup.py egg_info --egg-base ../../../../build/ament_copyright build --build-base /home/saitama1/Pictures/ros2-picas/ros2_foxy/build/ament_copyright/build install --prefix /home/saitama1/Pictures/ros2-picas/ros2_foxy/install/ament_copyright --record /home/saitama1/Pictures/ros2-picas/ros2_foxy/build/ament_copyright/install.log --single-version-externally-managed
[1.444s] running egg_info
[1.444s] creating ../../../../build/ament_copyright/ament_copyright.egg-info
[1.444s] writing ../../../../build/ament_copyright/ament_copyright.egg-info/PKG-INFO
[1.445s] writing dependency_links to ../../../../build/ament_copyright/ament_copyright.egg-info/dependency_links.txt
[1.445s] writing entry points to ../../../../build/ament_copyright/ament_copyright.egg-info/entry_points.txt
[1.445s] writing requirements to ../../../../build/ament_copyright/ament_copyright.egg-info/requires.txt
[1.445s] writing top-level names to ../../../../build/ament_copyright/ament_copyright.egg-info/top_level.txt
[1.447s] writing manifest file '../../../../build/ament_copyright/ament_copyright.egg-info/SOURCES.txt'
[1.487s] reading manifest file '../../../../build/ament_copyright/ament_copyright.egg-info/SOURCES.txt'
[1.488s] writing manifest file '../../../../build/ament_copyright/ament_copyright.egg-info/SOURCES.txt'
[1.489s] running build
[1.489s] running build_py
[1.489s] creating /home/saitama1/Pictures/ros2-picas/ros2_foxy/build/ament_copyright/build
[1.489s] creating /home/saitama1/Pictures/ros2-picas/ros2_foxy/build/ament_copyright/build/lib
[1.489s] creating /home/saitama1/Pictures/ros2-picas/ros2_foxy/build/ament_copyright/build/lib/ament_copyright
[1.489s] copying ament_copyright/pytest_marker.py -> /home/saitama1/Pictures/ros2-picas/ros2_foxy/build/ament_copyright/build/lib/ament_copyright
[1.500s] copying ament_copyright/licenses.py -> /home/saitama1/Pictures/ros2-picas/ros2_foxy/build/ament_copyright/build/lib/ament_copyright
[1.500s] copying ament_copyright/copyright_names.py -> /home/saitama1/Pictures/ros2-picas/ros2_foxy/build/ament_copyright/build/lib/ament_copyright
[1.500s] copying ament_copyright/__init__.py -> /home/saitama1/Pictures/ros2-picas/ros2_foxy/build/ament_copyright/build/lib/ament_copyright
[1.500s] copying ament_copyright/parser.py -> /home/saitama1/Pictures/ros2-picas/ros2_foxy/build/ament_copyright/build/lib/ament_copyright
[1.501s] copying ament_copyright/main.py -> /home/saitama1/Pictures/ros2-picas/ros2_foxy/build/ament_copyright/build/lib/ament_copyright
[1.501s] copying ament_copyright/crawler.py -> /home/saitama1/Pictures/ros2-picas/ros2_foxy/build/ament_copyright/build/lib/ament_copyright
[1.501s] creating /home/saitama1/Pictures/ros2-picas/ros2_foxy/build/ament_copyright/build/lib/ament_copyright/template
[1.501s] copying ament_copyright/template/apache2_license.txt -> /home/saitama1/Pictures/ros2-picas/ros2_foxy/build/ament_copyright/build/lib/ament_copyright/template
[1.501s] copying ament_copyright/template/bsd2_contributing.txt -> /home/saitama1/Pictures/ros2-picas/ros2_foxy/build/ament_copyright/build/lib/ament_copyright/template
[1.502s] copying ament_copyright/template/mit_header.txt -> /home/saitama1/Pictures/ros2-picas/ros2_foxy/build/ament_copyright/build/lib/ament_copyright/template
[1.502s] copying ament_copyright/template/gplv3_license.txt -> /home/saitama1/Pictures/ros2-picas/ros2_foxy/build/ament_copyright/build/lib/ament_copyright/template
[1.504s] copying ament_copyright/template/apache2_header.txt -> /home/saitama1/Pictures/ros2-picas/ros2_foxy/build/ament_copyright/build/lib/ament_copyright/template
[1.505s] copying ament_copyright/template/bsd2_header.txt -> /home/saitama1/Pictures/ros2-picas/ros2_foxy/build/ament_copyright/build/lib/ament_copyright/template
[1.505s] copying ament_copyright/template/boost1_header.txt -> /home/saitama1/Pictures/ros2-picas/ros2_foxy/build/ament_copyright/build/lib/ament_copyright/template
[1.505s] copying ament_copyright/template/bsd_3clause_header.txt -> /home/saitama1/Pictures/ros2-picas/ros2_foxy/build/ament_copyright/build/lib/ament_copyright/template
[1.506s] copying ament_copyright/template/gplv3_header.txt -> /home/saitama1/Pictures/ros2-picas/ros2_foxy/build/ament_copyright/build/lib/ament_copyright/template
[1.506s] copying ament_copyright/template/lgplv3_license.txt -> /home/saitama1/Pictures/ros2-picas/ros2_foxy/build/ament_copyright/build/lib/ament_copyright/template
[1.507s] copying ament_copyright/template/boost1_contributing.txt -> /home/saitama1/Pictures/ros2-picas/ros2_foxy/build/ament_copyright/build/lib/ament_copyright/template
[1.508s] copying ament_copyright/template/mit_license.txt -> /home/saitama1/Pictures/ros2-picas/ros2_foxy/build/ament_copyright/build/lib/ament_copyright/template
[1.508s] copying ament_copyright/template/bsd2_license.txt -> /home/saitama1/Pictures/ros2-picas/ros2_foxy/build/ament_copyright/build/lib/ament_copyright/template
[1.509s] copying ament_copyright/template/gplv3_contributing.txt -> /home/saitama1/Pictures/ros2-picas/ros2_foxy/build/ament_copyright/build/lib/ament_copyright/template
[1.509s] copying ament_copyright/template/apache2_contributing.txt -> /home/saitama1/Pictures/ros2-picas/ros2_foxy/build/ament_copyright/build/lib/ament_copyright/template
[1.510s] copying ament_copyright/template/lgplv3_contributing.txt -> /home/saitama1/Pictures/ros2-picas/ros2_foxy/build/ament_copyright/build/lib/ament_copyright/template
[1.510s] copying ament_copyright/template/mit_contributing.txt -> /home/saitama1/Pictures/ros2-picas/ros2_foxy/build/ament_copyright/build/lib/ament_copyright/template
[1.511s] copying ament_copyright/template/lgplv3_header.txt -> /home/saitama1/Pictures/ros2-picas/ros2_foxy/build/ament_copyright/build/lib/ament_copyright/template
[1.512s] copying ament_copyright/template/boost1_license.txt -> /home/saitama1/Pictures/ros2-picas/ros2_foxy/build/ament_copyright/build/lib/ament_copyright/template
[1.512s] copying ament_copyright/template/bsd_3clause_contributing.txt -> /home/saitama1/Pictures/ros2-picas/ros2_foxy/build/ament_copyright/build/lib/ament_copyright/template
[1.513s] copying ament_copyright/template/bsd_3clause_license.txt -> /home/saitama1/Pictures/ros2-picas/ros2_foxy/build/ament_copyright/build/lib/ament_copyright/template
[1.513s] running install
[1.514s] running install_lib
[1.515s] copying /home/saitama1/Pictures/ros2-picas/ros2_foxy/build/ament_copyright/build/lib/ament_copyright/pytest_marker.py -> /home/saitama1/Pictures/ros2-picas/ros2_foxy/install/ament_copyright/lib/python3.8/site-packages/ament_copyright
[1.516s] copying /home/saitama1/Pictures/ros2-picas/ros2_foxy/build/ament_copyright/build/lib/ament_copyright/licenses.py -> /home/saitama1/Pictures/ros2-picas/ros2_foxy/install/ament_copyright/lib/python3.8/site-packages/ament_copyright
[1.516s] copying /home/saitama1/Pictures/ros2-picas/ros2_foxy/build/ament_copyright/build/lib/ament_copyright/copyright_names.py -> /home/saitama1/Pictures/ros2-picas/ros2_foxy/install/ament_copyright/lib/python3.8/site-packages/ament_copyright
[1.516s] creating /home/saitama1/Pictures/ros2-picas/ros2_foxy/install/ament_copyright/lib/python3.8/site-packages/ament_copyright/template
[1.516s] copying /home/saitama1/Pictures/ros2-picas/ros2_foxy/build/ament_copyright/build/lib/ament_copyright/template/apache2_license.txt -> /home/saitama1/Pictures/ros2-picas/ros2_foxy/install/ament_copyright/lib/python3.8/site-packages/ament_copyright/template
[1.516s] copying /home/saitama1/Pictures/ros2-picas/ros2_foxy/build/ament_copyright/build/lib/ament_copyright/template/bsd2_contributing.txt -> /home/saitama1/Pictures/ros2-picas/ros2_foxy/install/ament_copyright/lib/python3.8/site-packages/ament_copyright/template
[1.516s] copying /home/saitama1/Pictures/ros2-picas/ros2_foxy/build/ament_copyright/build/lib/ament_copyright/template/mit_header.txt -> /home/saitama1/Pictures/ros2-picas/ros2_foxy/install/ament_copyright/lib/python3.8/site-packages/ament_copyright/template
[1.517s] copying /home/saitama1/Pictures/ros2-picas/ros2_foxy/build/ament_copyright/build/lib/ament_copyright/template/gplv3_license.txt -> /home/saitama1/Pictures/ros2-picas/ros2_foxy/install/ament_copyright/lib/python3.8/site-packages/ament_copyright/template
[1.517s] copying /home/saitama1/Pictures/ros2-picas/ros2_foxy/build/ament_copyright/build/lib/ament_copyright/template/apache2_header.txt -> /home/saitama1/Pictures/ros2-picas/ros2_foxy/install/ament_copyright/lib/python3.8/site-packages/ament_copyright/template
[1.517s] copying /home/saitama1/Pictures/ros2-picas/ros2_foxy/build/ament_copyright/build/lib/ament_copyright/template/bsd2_header.txt -> /home/saitama1/Pictures/ros2-picas/ros2_foxy/install/ament_copyright/lib/python3.8/site-packages/ament_copyright/template
[1.517s] copying /home/saitama1/Pictures/ros2-picas/ros2_foxy/build/ament_copyright/build/lib/ament_copyright/template/boost1_header.txt -> /home/saitama1/Pictures/ros2-picas/ros2_foxy/install/ament_copyright/lib/python3.8/site-packages/ament_copyright/template
[1.517s] copying /home/saitama1/Pictures/ros2-picas/ros2_foxy/build/ament_copyright/build/lib/ament_copyright/template/bsd_3clause_header.txt -> /home/saitama1/Pictures/ros2-picas/ros2_foxy/install/ament_copyright/lib/python3.8/site-packages/ament_copyright/template
[1.517s] copying /home/saitama1/Pictures/ros2-picas/ros2_foxy/build/ament_copyright/build/lib/ament_copyright/template/gplv3_header.txt -> /home/saitama1/Pictures/ros2-picas/ros2_foxy/install/ament_copyright/lib/python3.8/site-packages/ament_copyright/template
[1.517s] copying /home/saitama1/Pictures/ros2-picas/ros2_foxy/build/ament_copyright/build/lib/ament_copyright/template/lgplv3_license.txt -> /home/saitama1/Pictures/ros2-picas/ros2_foxy/install/ament_copyright/lib/python3.8/site-packages/ament_copyright/template
[1.517s] copying /home/saitama1/Pictures/ros2-picas/ros2_foxy/build/ament_copyright/build/lib/ament_copyright/template/boost1_contributing.txt -> /home/saitama1/Pictures/ros2-picas/ros2_foxy/install/ament_copyright/lib/python3.8/site-packages/ament_copyright/template
[1.517s] copying /home/saitama1/Pictures/ros2-picas/ros2_foxy/build/ament_copyright/build/lib/ament_copyright/template/mit_license.txt -> /home/saitama1/Pictures/ros2-picas/ros2_foxy/install/ament_copyright/lib/python3.8/site-packages/ament_copyright/template
[1.517s] copying /home/saitama1/Pictures/ros2-picas/ros2_foxy/build/ament_copyright/build/lib/ament_copyright/template/bsd2_license.txt -> /home/saitama1/Pictures/ros2-picas/ros2_foxy/install/ament_copyright/lib/python3.8/site-packages/ament_copyright/template
[1.518s] copying /home/saitama1/Pictures/ros2-picas/ros2_foxy/build/ament_copyright/build/lib/ament_copyright/template/gplv3_contributing.txt -> /home/saitama1/Pictures/ros2-picas/ros2_foxy/install/ament_copyright/lib/python3.8/site-packages/ament_copyright/template
[1.518s] copying /home/saitama1/Pictures/ros2-picas/ros2_foxy/build/ament_copyright/build/lib/ament_copyright/template/apache2_contributing.txt -> /home/saitama1/Pictures/ros2-picas/ros2_foxy/install/ament_copyright/lib/python3.8/site-packages/ament_copyright/template
[1.518s] copying /home/saitama1/Pictures/ros2-picas/ros2_foxy/build/ament_copyright/build/lib/ament_copyright/template/lgplv3_contributing.txt -> /home/saitama1/Pictures/ros2-picas/ros2_foxy/install/ament_copyright/lib/python3.8/site-packages/ament_copyright/template
[1.518s] copying /home/saitama1/Pictures/ros2-picas/ros2_foxy/build/ament_copyright/build/lib/ament_copyright/template/mit_contributing.txt -> /home/saitama1/Pictures/ros2-picas/ros2_foxy/install/ament_copyright/lib/python3.8/site-packages/ament_copyright/template
[1.518s] copying /home/saitama1/Pictures/ros2-picas/ros2_foxy/build/ament_copyright/build/lib/ament_copyright/template/lgplv3_header.txt -> /home/saitama1/Pictures/ros2-picas/ros2_foxy/install/ament_copyright/lib/python3.8/site-packages/ament_copyright/template
[1.519s] copying /home/saitama1/Pictures/ros2-picas/ros2_foxy/build/ament_copyright/build/lib/ament_copyright/template/boost1_license.txt -> /home/saitama1/Pictures/ros2-picas/ros2_foxy/install/ament_copyright/lib/python3.8/site-packages/ament_copyright/template
[1.519s] copying /home/saitama1/Pictures/ros2-picas/ros2_foxy/build/ament_copyright/build/lib/ament_copyright/template/bsd_3clause_contributing.txt -> /home/saitama1/Pictures/ros2-picas/ros2_foxy/install/ament_copyright/lib/python3.8/site-packages/ament_copyright/template
[1.519s] copying /home/saitama1/Pictures/ros2-picas/ros2_foxy/build/ament_copyright/build/lib/ament_copyright/template/bsd_3clause_license.txt -> /home/saitama1/Pictures/ros2-picas/ros2_foxy/install/ament_copyright/lib/python3.8/site-packages/ament_copyright/template
[1.519s] copying /home/saitama1/Pictures/ros2-picas/ros2_foxy/build/ament_copyright/build/lib/ament_copyright/__init__.py -> /home/saitama1/Pictures/ros2-picas/ros2_foxy/install/ament_copyright/lib/python3.8/site-packages/ament_copyright
[1.519s] copying /home/saitama1/Pictures/ros2-picas/ros2_foxy/build/ament_copyright/build/lib/ament_copyright/parser.py -> /home/saitama1/Pictures/ros2-picas/ros2_foxy/install/ament_copyright/lib/python3.8/site-packages/ament_copyright
[1.519s] copying /home/saitama1/Pictures/ros2-picas/ros2_foxy/build/ament_copyright/build/lib/ament_copyright/main.py -> /home/saitama1/Pictures/ros2-picas/ros2_foxy/install/ament_copyright/lib/python3.8/site-packages/ament_copyright
[1.519s] copying /home/saitama1/Pictures/ros2-picas/ros2_foxy/build/ament_copyright/build/lib/ament_copyright/crawler.py -> /home/saitama1/Pictures/ros2-picas/ros2_foxy/install/ament_copyright/lib/python3.8/site-packages/ament_copyright
[1.520s] byte-compiling /home/saitama1/Pictures/ros2-picas/ros2_foxy/install/ament_copyright/lib/python3.8/site-packages/ament_copyright/pytest_marker.py to pytest_marker.cpython-38.pyc
[1.520s] byte-compiling /home/saitama1/Pictures/ros2-picas/ros2_foxy/install/ament_copyright/lib/python3.8/site-packages/ament_copyright/licenses.py to licenses.cpython-38.pyc
[1.520s] byte-compiling /home/saitama1/Pictures/ros2-picas/ros2_foxy/install/ament_copyright/lib/python3.8/site-packages/ament_copyright/copyright_names.py to copyright_names.cpython-38.pyc
[1.520s] byte-compiling /home/saitama1/Pictures/ros2-picas/ros2_foxy/install/ament_copyright/lib/python3.8/site-packages/ament_copyright/__init__.py to __init__.cpython-38.pyc
[1.521s] byte-compiling /home/saitama1/Pictures/ros2-picas/ros2_foxy/install/ament_copyright/lib/python3.8/site-packages/ament_copyright/parser.py to parser.cpython-38.pyc
[1.523s] byte-compiling /home/saitama1/Pictures/ros2-picas/ros2_foxy/install/ament_copyright/lib/python3.8/site-packages/ament_copyright/main.py to main.cpython-38.pyc
[1.529s] byte-compiling /home/saitama1/Pictures/ros2-picas/ros2_foxy/install/ament_copyright/lib/python3.8/site-packages/ament_copyright/crawler.py to crawler.cpython-38.pyc
[1.530s] running install_data
[1.531s] running install_egg_info
[1.535s] Copying ../../../../build/ament_copyright/ament_copyright.egg-info to /home/saitama1/Pictures/ros2-picas/ros2_foxy/install/ament_copyright/lib/python3.8/site-packages/ament_copyright-0.9.6-py3.8.egg-info
[1.537s] running install_scripts
[1.583s] Installing ament_copyright script to /home/saitama1/Pictures/ros2-picas/ros2_foxy/install/ament_copyright/bin
[1.583s] writing list of installed files to '/home/saitama1/Pictures/ros2-picas/ros2_foxy/build/ament_copyright/install.log'
[1.772s] Invoked command in '/home/saitama1/Pictures/ros2-picas/ros2_foxy/src/ament/ament_lint/ament_copyright' returned '0': AMENT_PREFIX_PATH=/home/saitama1/Pictures/ros2-picas/ros2_foxy/install/ament_pep257:/home/saitama1/Pictures/ros2-picas/ros2_foxy/install/ament_flake8:/home/saitama1/Pictures/ros2-picas/ros2_foxy/install/ament_lint PATH=/home/saitama1/Pictures/ros2-picas/ros2_foxy/install/ament_pep257/bin:/home/saitama1/Pictures/ros2-picas/ros2_foxy/install/ament_flake8/bin:${PATH} PYTHONPATH=/home/saitama1/Pictures/ros2-picas/ros2_foxy/install/ament_copyright/lib/python3.8/site-packages:/home/saitama1/Pictures/ros2-picas/ros2_foxy/install/ament_pep257/lib/python3.8/site-packages:/home/saitama1/Pictures/ros2-picas/ros2_foxy/install/ament_flake8/lib/python3.8/site-packages:/home/saitama1/Pictures/ros2-picas/ros2_foxy/install/ament_lint/lib/python3.8/site-packages /usr/bin/python3 setup.py egg_info --egg-base ../../../../build/ament_copyright build --build-base /home/saitama1/Pictures/ros2-picas/ros2_foxy/build/ament_copyright/build install --prefix /home/saitama1/Pictures/ros2-picas/ros2_foxy/install/ament_copyright --record /home/saitama1/Pictures/ros2-picas/ros2_foxy/build/ament_copyright/install.log --single-version-externally-managed
