-- The C compiler identification is GNU 9.3.0
-- The CXX compiler identification is GNU 9.3.0
-- Check for working C compiler: /usr/bin/cc
-- Check for working C compiler: /usr/bin/cc -- works
-- Detecting C compiler ABI info
-- Detecting C compiler ABI info - done
-- Detecting C compile features
-- Detecting C compile features - done
-- Check for working CXX compiler: /usr/bin/c++
-- Check for working CXX compiler: /usr/bin/c++ -- works
-- Detecting CXX compiler ABI info
-- Detecting CXX compiler ABI info - done
-- Detecting CXX compile features
-- Detecting CXX compile features - done
-- Found ament_cmake: 0.9.8 (/home/saitama1/Pictures/ros2-picas/ros2_foxy/install/ament_cmake/share/ament_cmake/cmake)
-- Found PythonInterp: /usr/bin/python3 (found suitable version "3.8.10", minimum required is "3") 
-- Using PYTHON_EXECUTABLE: /usr/bin/python3
-- Configuring done
-- Generating done
-- Build files have been written to: /home/saitama1/Pictures/ros2-picas/ros2_foxy/build/yaml_cpp_vendor
[35m[1mScanning dependencies of target yaml_cpp-0f9a586[0m
[ 12%] [34m[1mCreating directories for 'yaml_cpp-0f9a586'[0m
[ 25%] [34m[1mPerforming download step (download, verify and extract) for 'yaml_cpp-0f9a586'[0m
-- Downloading...
   dst='/home/saitama1/Pictures/ros2-picas/ros2_foxy/build/yaml_cpp_vendor/yaml_cpp-0f9a586-prefix/src/0f9a586ca1dc29c2ecb8dd715a315b93e3f40f79.zip'
   timeout='600 seconds'
-- Using src='https://github.com/jbeder/yaml-cpp/archive/0f9a586ca1dc29c2ecb8dd715a315b93e3f40f79.zip'
-- [download 100% complete]
-- verifying file...
       file='/home/saitama1/Pictures/ros2-picas/ros2_foxy/build/yaml_cpp_vendor/yaml_cpp-0f9a586-prefix/src/0f9a586ca1dc29c2ecb8dd715a315b93e3f40f79.zip'
-- Downloading... done
-- extracting...
     src='/home/saitama1/Pictures/ros2-picas/ros2_foxy/build/yaml_cpp_vendor/yaml_cpp-0f9a586-prefix/src/0f9a586ca1dc29c2ecb8dd715a315b93e3f40f79.zip'
     dst='/home/saitama1/Pictures/ros2-picas/ros2_foxy/build/yaml_cpp_vendor/yaml_cpp-0f9a586-prefix/src/yaml_cpp-0f9a586'
-- extracting... [tar xfz]
-- extracting... [analysis]
-- extracting... [rename]
-- extracting... [clean up]
-- extracting... done
[ 37%] [34m[1mNo update step for 'yaml_cpp-0f9a586'[0m
[ 50%] [34m[1mNo patch step for 'yaml_cpp-0f9a586'[0m
[ 62%] [34m[1mPerforming configure step for 'yaml_cpp-0f9a586'[0m
-- The C compiler identification is GNU 9.3.0
-- The CXX compiler identification is GNU 9.3.0
-- Check for working C compiler: /usr/bin/cc
-- Check for working C compiler: /usr/bin/cc -- works
-- Detecting C compiler ABI info
-- Detecting C compiler ABI info - done
-- Detecting C compile features
-- Detecting C compile features - done
-- Check for working CXX compiler: /usr/bin/c++
-- Check for working CXX compiler: /usr/bin/c++ -- works
-- Detecting CXX compiler ABI info
-- Detecting CXX compiler ABI info - done
-- Detecting CXX compile features
-- Detecting CXX compile features - done
-- Performing Test FLAG_WEXTRA
-- Performing Test FLAG_WEXTRA - Success
-- Configuring done
-- Generating done
-- Build files have been written to: /home/saitama1/Pictures/ros2-picas/ros2_foxy/build/yaml_cpp_vendor/yaml_cpp-0f9a586-prefix/src/yaml_cpp-0f9a586-build
[ 75%] [34m[1mPerforming build step for 'yaml_cpp-0f9a586'[0m
[35m[1mScanning dependencies of target yaml-cpp[0m
[  3%] [32mBuilding CXX object CMakeFiles/yaml-cpp.dir/src/binary.cpp.o[0m
[  6%] [32mBuilding CXX object CMakeFiles/yaml-cpp.dir/src/convert.cpp.o[0m
[ 10%] [32mBuilding CXX object CMakeFiles/yaml-cpp.dir/src/directives.cpp.o[0m
[ 13%] [32mBuilding CXX object CMakeFiles/yaml-cpp.dir/src/emitter.cpp.o[0m
[ 17%] [32mBuilding CXX object CMakeFiles/yaml-cpp.dir/src/emit.cpp.o[0m
[ 20%] [32mBuilding CXX object CMakeFiles/yaml-cpp.dir/src/emitterutils.cpp.o[0m
[ 24%] [32mBuilding CXX object CMakeFiles/yaml-cpp.dir/src/emitfromevents.cpp.o[0m
[ 27%] [32mBuilding CXX object CMakeFiles/yaml-cpp.dir/src/emitterstate.cpp.o[0m
[ 31%] [32mBuilding CXX object CMakeFiles/yaml-cpp.dir/src/exceptions.cpp.o[0m
[ 34%] [32mBuilding CXX object CMakeFiles/yaml-cpp.dir/src/memory.cpp.o[0m
[ 37%] [32mBuilding CXX object CMakeFiles/yaml-cpp.dir/src/exp.cpp.o[0m
[ 41%] [32mBuilding CXX object CMakeFiles/yaml-cpp.dir/src/node.cpp.o[0m
[ 44%] [32mBuilding CXX object CMakeFiles/yaml-cpp.dir/src/node_data.cpp.o[0m
[ 48%] [32mBuilding CXX object CMakeFiles/yaml-cpp.dir/src/nodebuilder.cpp.o[0m
[ 51%] [32mBuilding CXX object CMakeFiles/yaml-cpp.dir/src/nodeevents.cpp.o[0m
[ 55%] [32mBuilding CXX object CMakeFiles/yaml-cpp.dir/src/null.cpp.o[0m
[ 58%] [32mBuilding CXX object CMakeFiles/yaml-cpp.dir/src/ostream_wrapper.cpp.o[0m
[ 62%] [32mBuilding CXX object CMakeFiles/yaml-cpp.dir/src/parse.cpp.o[0m
[ 65%] [32mBuilding CXX object CMakeFiles/yaml-cpp.dir/src/parser.cpp.o[0m
[ 68%] [32mBuilding CXX object CMakeFiles/yaml-cpp.dir/src/regex_yaml.cpp.o[0m
[ 72%] [32mBuilding CXX object CMakeFiles/yaml-cpp.dir/src/scanner.cpp.o[0m
[ 75%] [32mBuilding CXX object CMakeFiles/yaml-cpp.dir/src/scanscalar.cpp.o[0m
[ 79%] [32mBuilding CXX object CMakeFiles/yaml-cpp.dir/src/scantag.cpp.o[0m
[ 82%] [32mBuilding CXX object CMakeFiles/yaml-cpp.dir/src/scantoken.cpp.o[0m
[ 86%] [32mBuilding CXX object CMakeFiles/yaml-cpp.dir/src/simplekey.cpp.o[0m
[ 89%] [32mBuilding CXX object CMakeFiles/yaml-cpp.dir/src/singledocparser.cpp.o[0m
[ 93%] [32mBuilding CXX object CMakeFiles/yaml-cpp.dir/src/stream.cpp.o[0m
[ 96%] [32mBuilding CXX object CMakeFiles/yaml-cpp.dir/src/tag.cpp.o[0m
[100%] [32m[1mLinking CXX shared library libyaml-cpp.so[0m
[100%] Built target yaml-cpp
[ 87%] [34m[1mPerforming install step for 'yaml_cpp-0f9a586'[0m
[100%] Built target yaml-cpp
[36mInstall the project...[0m
-- Install configuration: "Release"
-- Installing: /home/saitama1/Pictures/ros2-picas/ros2_foxy/build/yaml_cpp_vendor/yaml_cpp_install/lib/libyaml-cpp.so.0.6.2
-- Installing: /home/saitama1/Pictures/ros2-picas/ros2_foxy/build/yaml_cpp_vendor/yaml_cpp_install/lib/libyaml-cpp.so.0.6
-- Installing: /home/saitama1/Pictures/ros2-picas/ros2_foxy/build/yaml_cpp_vendor/yaml_cpp_install/lib/libyaml-cpp.so
-- Installing: /home/saitama1/Pictures/ros2-picas/ros2_foxy/build/yaml_cpp_vendor/yaml_cpp_install/include/yaml-cpp
-- Installing: /home/saitama1/Pictures/ros2-picas/ros2_foxy/build/yaml_cpp_vendor/yaml_cpp_install/include/yaml-cpp/emitterstyle.h
-- Installing: /home/saitama1/Pictures/ros2-picas/ros2_foxy/build/yaml_cpp_vendor/yaml_cpp_install/include/yaml-cpp/node
-- Installing: /home/saitama1/Pictures/ros2-picas/ros2_foxy/build/yaml_cpp_vendor/yaml_cpp_install/include/yaml-cpp/node/parse.h
-- Installing: /home/saitama1/Pictures/ros2-picas/ros2_foxy/build/yaml_cpp_vendor/yaml_cpp_install/include/yaml-cpp/node/impl.h
-- Installing: /home/saitama1/Pictures/ros2-picas/ros2_foxy/build/yaml_cpp_vendor/yaml_cpp_install/include/yaml-cpp/node/type.h
-- Installing: /home/saitama1/Pictures/ros2-picas/ros2_foxy/build/yaml_cpp_vendor/yaml_cpp_install/include/yaml-cpp/node/emit.h
-- Installing: /home/saitama1/Pictures/ros2-picas/ros2_foxy/build/yaml_cpp_vendor/yaml_cpp_install/include/yaml-cpp/node/iterator.h
-- Installing: /home/saitama1/Pictures/ros2-picas/ros2_foxy/build/yaml_cpp_vendor/yaml_cpp_install/include/yaml-cpp/node/ptr.h
-- Installing: /home/saitama1/Pictures/ros2-picas/ros2_foxy/build/yaml_cpp_vendor/yaml_cpp_install/include/yaml-cpp/node/node.h
-- Installing: /home/saitama1/Pictures/ros2-picas/ros2_foxy/build/yaml_cpp_vendor/yaml_cpp_install/include/yaml-cpp/node/convert.h
-- Installing: /home/saitama1/Pictures/ros2-picas/ros2_foxy/build/yaml_cpp_vendor/yaml_cpp_install/include/yaml-cpp/node/detail
-- Installing: /home/saitama1/Pictures/ros2-picas/ros2_foxy/build/yaml_cpp_vendor/yaml_cpp_install/include/yaml-cpp/node/detail/bool_type.h
-- Installing: /home/saitama1/Pictures/ros2-picas/ros2_foxy/build/yaml_cpp_vendor/yaml_cpp_install/include/yaml-cpp/node/detail/iterator_fwd.h
-- Installing: /home/saitama1/Pictures/ros2-picas/ros2_foxy/build/yaml_cpp_vendor/yaml_cpp_install/include/yaml-cpp/node/detail/node_ref.h
-- Installing: /home/saitama1/Pictures/ros2-picas/ros2_foxy/build/yaml_cpp_vendor/yaml_cpp_install/include/yaml-cpp/node/detail/memory.h
-- Installing: /home/saitama1/Pictures/ros2-picas/ros2_foxy/build/yaml_cpp_vendor/yaml_cpp_install/include/yaml-cpp/node/detail/impl.h
-- Installing: /home/saitama1/Pictures/ros2-picas/ros2_foxy/build/yaml_cpp_vendor/yaml_cpp_install/include/yaml-cpp/node/detail/node_data.h
-- Installing: /home/saitama1/Pictures/ros2-picas/ros2_foxy/build/yaml_cpp_vendor/yaml_cpp_install/include/yaml-cpp/node/detail/iterator.h
-- Installing: /home/saitama1/Pictures/ros2-picas/ros2_foxy/build/yaml_cpp_vendor/yaml_cpp_install/include/yaml-cpp/node/detail/node_iterator.h
-- Installing: /home/saitama1/Pictures/ros2-picas/ros2_foxy/build/yaml_cpp_vendor/yaml_cpp_install/include/yaml-cpp/node/detail/node.h
-- Installing: /home/saitama1/Pictures/ros2-picas/ros2_foxy/build/yaml_cpp_vendor/yaml_cpp_install/include/yaml-cpp/anchor.h
-- Installing: /home/saitama1/Pictures/ros2-picas/ros2_foxy/build/yaml_cpp_vendor/yaml_cpp_install/include/yaml-cpp/emitfromevents.h
-- Installing: /home/saitama1/Pictures/ros2-picas/ros2_foxy/build/yaml_cpp_vendor/yaml_cpp_install/include/yaml-cpp/null.h
-- Installing: /home/saitama1/Pictures/ros2-picas/ros2_foxy/build/yaml_cpp_vendor/yaml_cpp_install/include/yaml-cpp/dll.h
-- Installing: /home/saitama1/Pictures/ros2-picas/ros2_foxy/build/yaml_cpp_vendor/yaml_cpp_install/include/yaml-cpp/binary.h
-- Installing: /home/saitama1/Pictures/ros2-picas/ros2_foxy/build/yaml_cpp_vendor/yaml_cpp_install/include/yaml-cpp/noncopyable.h
-- Installing: /home/saitama1/Pictures/ros2-picas/ros2_foxy/build/yaml_cpp_vendor/yaml_cpp_install/include/yaml-cpp/emitterdef.h
-- Installing: /home/saitama1/Pictures/ros2-picas/ros2_foxy/build/yaml_cpp_vendor/yaml_cpp_install/include/yaml-cpp/contrib
-- Installing: /home/saitama1/Pictures/ros2-picas/ros2_foxy/build/yaml_cpp_vendor/yaml_cpp_install/include/yaml-cpp/contrib/anchordict.h
-- Installing: /home/saitama1/Pictures/ros2-picas/ros2_foxy/build/yaml_cpp_vendor/yaml_cpp_install/include/yaml-cpp/contrib/graphbuilder.h
-- Installing: /home/saitama1/Pictures/ros2-picas/ros2_foxy/build/yaml_cpp_vendor/yaml_cpp_install/include/yaml-cpp/exceptions.h
-- Installing: /home/saitama1/Pictures/ros2-picas/ros2_foxy/build/yaml_cpp_vendor/yaml_cpp_install/include/yaml-cpp/eventhandler.h
-- Installing: /home/saitama1/Pictures/ros2-picas/ros2_foxy/build/yaml_cpp_vendor/yaml_cpp_install/include/yaml-cpp/mark.h
-- Installing: /home/saitama1/Pictures/ros2-picas/ros2_foxy/build/yaml_cpp_vendor/yaml_cpp_install/include/yaml-cpp/stlemitter.h
-- Installing: /home/saitama1/Pictures/ros2-picas/ros2_foxy/build/yaml_cpp_vendor/yaml_cpp_install/include/yaml-cpp/emitter.h
-- Installing: /home/saitama1/Pictures/ros2-picas/ros2_foxy/build/yaml_cpp_vendor/yaml_cpp_install/include/yaml-cpp/yaml.h
-- Installing: /home/saitama1/Pictures/ros2-picas/ros2_foxy/build/yaml_cpp_vendor/yaml_cpp_install/include/yaml-cpp/emittermanip.h
-- Installing: /home/saitama1/Pictures/ros2-picas/ros2_foxy/build/yaml_cpp_vendor/yaml_cpp_install/include/yaml-cpp/traits.h
-- Installing: /home/saitama1/Pictures/ros2-picas/ros2_foxy/build/yaml_cpp_vendor/yaml_cpp_install/include/yaml-cpp/ostream_wrapper.h
-- Installing: /home/saitama1/Pictures/ros2-picas/ros2_foxy/build/yaml_cpp_vendor/yaml_cpp_install/include/yaml-cpp/parser.h
-- Installing: /home/saitama1/Pictures/ros2-picas/ros2_foxy/build/yaml_cpp_vendor/yaml_cpp_install/lib/cmake/yaml-cpp/yaml-cpp-config.cmake
-- Installing: /home/saitama1/Pictures/ros2-picas/ros2_foxy/build/yaml_cpp_vendor/yaml_cpp_install/lib/cmake/yaml-cpp/yaml-cpp-config-version.cmake
-- Installing: /home/saitama1/Pictures/ros2-picas/ros2_foxy/build/yaml_cpp_vendor/yaml_cpp_install/lib/cmake/yaml-cpp/yaml-cpp-targets.cmake
-- Installing: /home/saitama1/Pictures/ros2-picas/ros2_foxy/build/yaml_cpp_vendor/yaml_cpp_install/lib/cmake/yaml-cpp/yaml-cpp-targets-release.cmake
-- Installing: /home/saitama1/Pictures/ros2-picas/ros2_foxy/build/yaml_cpp_vendor/yaml_cpp_install/lib/pkgconfig/yaml-cpp.pc
[100%] [34m[1mCompleted 'yaml_cpp-0f9a586'[0m
[100%] Built target yaml_cpp-0f9a586
-- Install configuration: ""
-- Up-to-date: /home/saitama1/Pictures/ros2-picas/ros2_foxy/install/yaml_cpp_vendor/opt/yaml_cpp_vendor
-- Up-to-date: /home/saitama1/Pictures/ros2-picas/ros2_foxy/install/yaml_cpp_vendor/opt/yaml_cpp_vendor/include
-- Up-to-date: /home/saitama1/Pictures/ros2-picas/ros2_foxy/install/yaml_cpp_vendor/opt/yaml_cpp_vendor/include/yaml-cpp
-- Up-to-date: /home/saitama1/Pictures/ros2-picas/ros2_foxy/install/yaml_cpp_vendor/opt/yaml_cpp_vendor/include/yaml-cpp/emitterstyle.h
-- Up-to-date: /home/saitama1/Pictures/ros2-picas/ros2_foxy/install/yaml_cpp_vendor/opt/yaml_cpp_vendor/include/yaml-cpp/node
-- Up-to-date: /home/saitama1/Pictures/ros2-picas/ros2_foxy/install/yaml_cpp_vendor/opt/yaml_cpp_vendor/include/yaml-cpp/node/parse.h
-- Up-to-date: /home/saitama1/Pictures/ros2-picas/ros2_foxy/install/yaml_cpp_vendor/opt/yaml_cpp_vendor/include/yaml-cpp/node/impl.h
-- Up-to-date: /home/saitama1/Pictures/ros2-picas/ros2_foxy/install/yaml_cpp_vendor/opt/yaml_cpp_vendor/include/yaml-cpp/node/type.h
-- Up-to-date: /home/saitama1/Pictures/ros2-picas/ros2_foxy/install/yaml_cpp_vendor/opt/yaml_cpp_vendor/include/yaml-cpp/node/emit.h
-- Up-to-date: /home/saitama1/Pictures/ros2-picas/ros2_foxy/install/yaml_cpp_vendor/opt/yaml_cpp_vendor/include/yaml-cpp/node/iterator.h
-- Up-to-date: /home/saitama1/Pictures/ros2-picas/ros2_foxy/install/yaml_cpp_vendor/opt/yaml_cpp_vendor/include/yaml-cpp/node/ptr.h
-- Up-to-date: /home/saitama1/Pictures/ros2-picas/ros2_foxy/install/yaml_cpp_vendor/opt/yaml_cpp_vendor/include/yaml-cpp/node/node.h
-- Up-to-date: /home/saitama1/Pictures/ros2-picas/ros2_foxy/install/yaml_cpp_vendor/opt/yaml_cpp_vendor/include/yaml-cpp/node/convert.h
-- Up-to-date: /home/saitama1/Pictures/ros2-picas/ros2_foxy/install/yaml_cpp_vendor/opt/yaml_cpp_vendor/include/yaml-cpp/node/detail
-- Up-to-date: /home/saitama1/Pictures/ros2-picas/ros2_foxy/install/yaml_cpp_vendor/opt/yaml_cpp_vendor/include/yaml-cpp/node/detail/bool_type.h
-- Up-to-date: /home/saitama1/Pictures/ros2-picas/ros2_foxy/install/yaml_cpp_vendor/opt/yaml_cpp_vendor/include/yaml-cpp/node/detail/iterator_fwd.h
-- Up-to-date: /home/saitama1/Pictures/ros2-picas/ros2_foxy/install/yaml_cpp_vendor/opt/yaml_cpp_vendor/include/yaml-cpp/node/detail/node_ref.h
-- Up-to-date: /home/saitama1/Pictures/ros2-picas/ros2_foxy/install/yaml_cpp_vendor/opt/yaml_cpp_vendor/include/yaml-cpp/node/detail/memory.h
-- Up-to-date: /home/saitama1/Pictures/ros2-picas/ros2_foxy/install/yaml_cpp_vendor/opt/yaml_cpp_vendor/include/yaml-cpp/node/detail/impl.h
-- Up-to-date: /home/saitama1/Pictures/ros2-picas/ros2_foxy/install/yaml_cpp_vendor/opt/yaml_cpp_vendor/include/yaml-cpp/node/detail/node_data.h
-- Up-to-date: /home/saitama1/Pictures/ros2-picas/ros2_foxy/install/yaml_cpp_vendor/opt/yaml_cpp_vendor/include/yaml-cpp/node/detail/iterator.h
-- Up-to-date: /home/saitama1/Pictures/ros2-picas/ros2_foxy/install/yaml_cpp_vendor/opt/yaml_cpp_vendor/include/yaml-cpp/node/detail/node_iterator.h
-- Up-to-date: /home/saitama1/Pictures/ros2-picas/ros2_foxy/install/yaml_cpp_vendor/opt/yaml_cpp_vendor/include/yaml-cpp/node/detail/node.h
-- Up-to-date: /home/saitama1/Pictures/ros2-picas/ros2_foxy/install/yaml_cpp_vendor/opt/yaml_cpp_vendor/include/yaml-cpp/anchor.h
-- Up-to-date: /home/saitama1/Pictures/ros2-picas/ros2_foxy/install/yaml_cpp_vendor/opt/yaml_cpp_vendor/include/yaml-cpp/emitfromevents.h
-- Up-to-date: /home/saitama1/Pictures/ros2-picas/ros2_foxy/install/yaml_cpp_vendor/opt/yaml_cpp_vendor/include/yaml-cpp/null.h
-- Up-to-date: /home/saitama1/Pictures/ros2-picas/ros2_foxy/install/yaml_cpp_vendor/opt/yaml_cpp_vendor/include/yaml-cpp/dll.h
-- Up-to-date: /home/saitama1/Pictures/ros2-picas/ros2_foxy/install/yaml_cpp_vendor/opt/yaml_cpp_vendor/include/yaml-cpp/binary.h
-- Up-to-date: /home/saitama1/Pictures/ros2-picas/ros2_foxy/install/yaml_cpp_vendor/opt/yaml_cpp_vendor/include/yaml-cpp/noncopyable.h
-- Up-to-date: /home/saitama1/Pictures/ros2-picas/ros2_foxy/install/yaml_cpp_vendor/opt/yaml_cpp_vendor/include/yaml-cpp/emitterdef.h
-- Up-to-date: /home/saitama1/Pictures/ros2-picas/ros2_foxy/install/yaml_cpp_vendor/opt/yaml_cpp_vendor/include/yaml-cpp/contrib
-- Up-to-date: /home/saitama1/Pictures/ros2-picas/ros2_foxy/install/yaml_cpp_vendor/opt/yaml_cpp_vendor/include/yaml-cpp/contrib/anchordict.h
-- Up-to-date: /home/saitama1/Pictures/ros2-picas/ros2_foxy/install/yaml_cpp_vendor/opt/yaml_cpp_vendor/include/yaml-cpp/contrib/graphbuilder.h
-- Up-to-date: /home/saitama1/Pictures/ros2-picas/ros2_foxy/install/yaml_cpp_vendor/opt/yaml_cpp_vendor/include/yaml-cpp/exceptions.h
-- Up-to-date: /home/saitama1/Pictures/ros2-picas/ros2_foxy/install/yaml_cpp_vendor/opt/yaml_cpp_vendor/include/yaml-cpp/eventhandler.h
-- Up-to-date: /home/saitama1/Pictures/ros2-picas/ros2_foxy/install/yaml_cpp_vendor/opt/yaml_cpp_vendor/include/yaml-cpp/mark.h
-- Up-to-date: /home/saitama1/Pictures/ros2-picas/ros2_foxy/install/yaml_cpp_vendor/opt/yaml_cpp_vendor/include/yaml-cpp/stlemitter.h
-- Up-to-date: /home/saitama1/Pictures/ros2-picas/ros2_foxy/install/yaml_cpp_vendor/opt/yaml_cpp_vendor/include/yaml-cpp/emitter.h
-- Up-to-date: /home/saitama1/Pictures/ros2-picas/ros2_foxy/install/yaml_cpp_vendor/opt/yaml_cpp_vendor/include/yaml-cpp/yaml.h
-- Up-to-date: /home/saitama1/Pictures/ros2-picas/ros2_foxy/install/yaml_cpp_vendor/opt/yaml_cpp_vendor/include/yaml-cpp/emittermanip.h
-- Up-to-date: /home/saitama1/Pictures/ros2-picas/ros2_foxy/install/yaml_cpp_vendor/opt/yaml_cpp_vendor/include/yaml-cpp/traits.h
-- Up-to-date: /home/saitama1/Pictures/ros2-picas/ros2_foxy/install/yaml_cpp_vendor/opt/yaml_cpp_vendor/include/yaml-cpp/ostream_wrapper.h
-- Up-to-date: /home/saitama1/Pictures/ros2-picas/ros2_foxy/install/yaml_cpp_vendor/opt/yaml_cpp_vendor/include/yaml-cpp/parser.h
-- Up-to-date: /home/saitama1/Pictures/ros2-picas/ros2_foxy/install/yaml_cpp_vendor/opt/yaml_cpp_vendor/lib
-- Installing: /home/saitama1/Pictures/ros2-picas/ros2_foxy/install/yaml_cpp_vendor/opt/yaml_cpp_vendor/lib/libyaml-cpp.so.0.6.2
-- Installing: /home/saitama1/Pictures/ros2-picas/ros2_foxy/install/yaml_cpp_vendor/opt/yaml_cpp_vendor/lib/libyaml-cpp.so.0.6
-- Installing: /home/saitama1/Pictures/ros2-picas/ros2_foxy/install/yaml_cpp_vendor/opt/yaml_cpp_vendor/lib/libyaml-cpp.so
-- Up-to-date: /home/saitama1/Pictures/ros2-picas/ros2_foxy/install/yaml_cpp_vendor/opt/yaml_cpp_vendor/lib/cmake
-- Up-to-date: /home/saitama1/Pictures/ros2-picas/ros2_foxy/install/yaml_cpp_vendor/opt/yaml_cpp_vendor/lib/cmake/yaml-cpp
-- Installing: /home/saitama1/Pictures/ros2-picas/ros2_foxy/install/yaml_cpp_vendor/opt/yaml_cpp_vendor/lib/cmake/yaml-cpp/yaml-cpp-config-version.cmake
-- Installing: /home/saitama1/Pictures/ros2-picas/ros2_foxy/install/yaml_cpp_vendor/opt/yaml_cpp_vendor/lib/cmake/yaml-cpp/yaml-cpp-targets.cmake
-- Installing: /home/saitama1/Pictures/ros2-picas/ros2_foxy/install/yaml_cpp_vendor/opt/yaml_cpp_vendor/lib/cmake/yaml-cpp/yaml-cpp-config.cmake
-- Installing: /home/saitama1/Pictures/ros2-picas/ros2_foxy/install/yaml_cpp_vendor/opt/yaml_cpp_vendor/lib/cmake/yaml-cpp/yaml-cpp-targets-release.cmake
-- Up-to-date: /home/saitama1/Pictures/ros2-picas/ros2_foxy/install/yaml_cpp_vendor/opt/yaml_cpp_vendor/lib/pkgconfig
-- Installing: /home/saitama1/Pictures/ros2-picas/ros2_foxy/install/yaml_cpp_vendor/opt/yaml_cpp_vendor/lib/pkgconfig/yaml-cpp.pc
-- Installing: /home/saitama1/Pictures/ros2-picas/ros2_foxy/install/yaml_cpp_vendor/share/yaml_cpp_vendor/environment/yaml_cpp_vendor_library_path.sh
-- Installing: /home/saitama1/Pictures/ros2-picas/ros2_foxy/install/yaml_cpp_vendor/share/yaml_cpp_vendor/environment/yaml_cpp_vendor_library_path.dsv
-- Installing: /home/saitama1/Pictures/ros2-picas/ros2_foxy/install/yaml_cpp_vendor/share/ament_index/resource_index/package_run_dependencies/yaml_cpp_vendor
-- Installing: /home/saitama1/Pictures/ros2-picas/ros2_foxy/install/yaml_cpp_vendor/share/ament_index/resource_index/parent_prefix_path/yaml_cpp_vendor
-- Installing: /home/saitama1/Pictures/ros2-picas/ros2_foxy/install/yaml_cpp_vendor/share/yaml_cpp_vendor/environment/ament_prefix_path.sh
-- Installing: /home/saitama1/Pictures/ros2-picas/ros2_foxy/install/yaml_cpp_vendor/share/yaml_cpp_vendor/environment/ament_prefix_path.dsv
-- Installing: /home/saitama1/Pictures/ros2-picas/ros2_foxy/install/yaml_cpp_vendor/share/yaml_cpp_vendor/environment/path.sh
-- Installing: /home/saitama1/Pictures/ros2-picas/ros2_foxy/install/yaml_cpp_vendor/share/yaml_cpp_vendor/environment/path.dsv
-- Installing: /home/saitama1/Pictures/ros2-picas/ros2_foxy/install/yaml_cpp_vendor/share/yaml_cpp_vendor/local_setup.bash
-- Installing: /home/saitama1/Pictures/ros2-picas/ros2_foxy/install/yaml_cpp_vendor/share/yaml_cpp_vendor/local_setup.sh
-- Installing: /home/saitama1/Pictures/ros2-picas/ros2_foxy/install/yaml_cpp_vendor/share/yaml_cpp_vendor/local_setup.zsh
-- Installing: /home/saitama1/Pictures/ros2-picas/ros2_foxy/install/yaml_cpp_vendor/share/yaml_cpp_vendor/local_setup.dsv
-- Installing: /home/saitama1/Pictures/ros2-picas/ros2_foxy/install/yaml_cpp_vendor/share/yaml_cpp_vendor/package.dsv
-- Installing: /home/saitama1/Pictures/ros2-picas/ros2_foxy/install/yaml_cpp_vendor/share/ament_index/resource_index/packages/yaml_cpp_vendor
-- Installing: /home/saitama1/Pictures/ros2-picas/ros2_foxy/install/yaml_cpp_vendor/share/yaml_cpp_vendor/cmake/yaml_cpp_vendor-extras.cmake
-- Installing: /home/saitama1/Pictures/ros2-picas/ros2_foxy/install/yaml_cpp_vendor/share/yaml_cpp_vendor/cmake/yaml_cpp_vendorConfig.cmake
-- Installing: /home/saitama1/Pictures/ros2-picas/ros2_foxy/install/yaml_cpp_vendor/share/yaml_cpp_vendor/cmake/yaml_cpp_vendorConfig-version.cmake
-- Installing: /home/saitama1/Pictures/ros2-picas/ros2_foxy/install/yaml_cpp_vendor/share/yaml_cpp_vendor/package.xml
