[1.294s] Invoking command in '/home/saitama1/Pictures/ros2-picas/ros2_foxy/build/lanelet2_routing': AMENT_PREFIX_PATH=/home/saitama1/Pictures/ros2-picas/ros2_foxy/install/lanelet2_traffic_rules:/home/saitama1/Pictures/ros2-picas/ros2_foxy/install/lanelet2_core:/home/saitama1/Pictures/ros2-picas/ros2_foxy/install/ros_environment:/home/saitama1/Pictures/ros2-picas/ros2_foxy/install/ament_cmake_core:/home/saitama1/Pictures/ros2-picas/ros2_foxy/install/ament_package:${AMENT_PREFIX_PATH} CMAKE_PREFIX_PATH=/home/saitama1/Pictures/ros2-picas/ros2_foxy/install/lanelet2_traffic_rules:/opt/ros/foxy:/home/saitama1/Pictures/ros2-picas/ros2_foxy/install/lanelet2_core:/home/saitama1/Pictures/ros2-picas/ros2_foxy/install/mrt_cmake_modules:/home/saitama1/Pictures/ros2-picas/ros2_foxy/install/ros_environment:/home/saitama1/Pictures/ros2-picas/ros2_foxy/install/ament_cmake_core:/home/saitama1/Pictures/ros2-picas/ros2_foxy/install/gtest_vendor LD_LIBRARY_PATH=/home/saitama1/Pictures/ros2-picas/ros2_foxy/install/lanelet2_traffic_rules/lib:/home/saitama1/Pictures/ros2-picas/ros2_foxy/install/lanelet2_core/lib:${LD_LIBRARY_PATH} PATH=/home/saitama1/Pictures/ros2-picas/ros2_foxy/install/mrt_cmake_modules/bin:${PATH} PKG_CONFIG_PATH=/home/saitama1/Pictures/ros2-picas/ros2_foxy/install/mrt_cmake_modules/lib/x86_64-linux-gnu/pkgconfig:/home/saitama1/Pictures/ros2-picas/ros2_foxy/install/mrt_cmake_modules/lib/pkgconfig:/home/saitama1/Pictures/ros2-picas/ros2_foxy/install/gtest_vendor/lib/x86_64-linux-gnu/pkgconfig:/home/saitama1/Pictures/ros2-picas/ros2_foxy/install/gtest_vendor/lib/pkgconfig PYTHONPATH=/home/saitama1/Pictures/ros2-picas/ros2_foxy/install/ament_package/lib/python3.8/site-packages:${PYTHONPATH} ROS_PACKAGE_PATH=/home/saitama1/Pictures/ros2-picas/ros2_foxy/install/mrt_cmake_modules/share /usr/bin/cmake /home/saitama1/Pictures/ros2-picas/ros2_foxy/src/autoware_build_parts/lanelet2/lanelet2_routing -DCMAKE_INSTALL_PREFIX=/home/saitama1/Pictures/ros2-picas/ros2_foxy/install/lanelet2_routing
[1.402s] -- The C compiler identification is GNU 9.3.0
[1.556s] -- The CXX compiler identification is GNU 9.3.0
[1.562s] -- Check for working C compiler: /usr/bin/cc
[1.725s] -- Check for working C compiler: /usr/bin/cc -- works
[1.726s] -- Detecting C compiler ABI info
[1.892s] -- Detecting C compiler ABI info - done
[1.902s] -- Detecting C compile features
[1.903s] -- Detecting C compile features - done
[1.905s] -- Check for working CXX compiler: /usr/bin/c++
[2.026s] -- Check for working CXX compiler: /usr/bin/c++ -- works
[2.026s] -- Detecting CXX compiler ABI info
[2.147s] -- Detecting CXX compiler ABI info - done
[2.161s] -- Detecting CXX compile features
[2.162s] -- Detecting CXX compile features - done
[2.164s] -- Found mrt_cmake_modules: 1.0.8 (/home/saitama1/Pictures/ros2-picas/ros2_foxy/install/mrt_cmake_modules/share/mrt_cmake_modules/cmake)
[2.169s] -- Found ament_cmake_core: 0.9.8 (/opt/ros/foxy/share/ament_cmake_core/cmake)
[2.196s] -- Found PythonInterp: /usr/bin/python3 (found suitable version "3.8.10", minimum required is "3") 
[2.196s] -- Using PYTHON_EXECUTABLE: /usr/bin/python3
[2.672s] -- Found OpenMP_C: -fopenmp (found version "4.5") 
[2.751s] -- Found OpenMP_CXX: -fopenmp (found version "4.5") 
[2.751s] -- Found OpenMP: TRUE (found version "4.5")  
[2.941s] called: /home/saitama1/Pictures/ros2-picas/ros2_foxy/install/mrt_cmake_modules/share/mrt_cmake_modules/cmake/../scripts/generate_cmake_dependency_file.py /home/saitama1/Pictures/ros2-picas/ros2_foxy/src/autoware_build_parts/lanelet2/lanelet2_routing/package.xml /home/saitama1/Pictures/ros2-picas/ros2_foxy/install/mrt_cmake_modules/share/mrt_cmake_modules/cmake/../yaml/cmake.yaml /home/saitama1/Pictures/ros2-picas/ros2_foxy/build/lanelet2_routing/CMakeFiles/auto_dep_vars.cmake
[3.328s] -- Found Boost: /usr/lib/x86_64-linux-gnu/cmake/Boost-1.71.0/BoostConfig.cmake (found version "1.71.0") found components: wserialization thread random serialization log_setup prg_exec_monitor wave system chrono filesystem locale timer date_time regex graph program_options unit_test_framework log atomic iostreams 
[3.405s] -- Adding library "lanelet2_routing" with source src/LaneletPath.cpp;src/Route.cpp;src/RouteBuilder.cpp;src/RoutingCost.cpp;src/RoutingGraph.cpp;src/RoutingGraphBuilder.cpp, includes include/lanelet2_routing/Exceptions.h;include/lanelet2_routing/Forward.h;include/lanelet2_routing/LaneletPath.h;include/lanelet2_routing/Route.h;include/lanelet2_routing/RoutingCost.h;include/lanelet2_routing/RoutingGraph.h;include/lanelet2_routing/RoutingGraphContainer.h;include/lanelet2_routing/Types.h;include/lanelet2_routing/internal/Graph.h;include/lanelet2_routing/internal/GraphUtils.h;include/lanelet2_routing/internal/RouteBuilder.h;include/lanelet2_routing/internal/RoutingGraphBuilder.h;include/lanelet2_routing/internal/RoutingGraphVisualization.h;include/lanelet2_routing/internal/ShortestPath.h
[3.406s] -- Marking libraries "lanelet2_routing" of package "lanelet2_routing" for installation
[3.406s] -- Marking HEADER FILES in "include/lanelet2_routing" folder of package "lanelet2_routing" for installation
[3.406s] -- Marking SHARED CONTENT FOLDER "res" of package "lanelet2_routing" for installation
[3.407s] -- Generating cmake exports for lanelet2_routing to /home/saitama1/Pictures/ros2-picas/ros2_foxy/build/lanelet2_routing/devel/share
[3.418s] -- Adding gtest unittest "lanelet2_routing-gtest-test_lanelet_or_area_path" with working dir /home/saitama1/Pictures/ros2-picas/ros2_foxy/src/autoware_build_parts/lanelet2/lanelet2_routing/test
[3.422s] -- Creating gtest 'lanelet2_routing-gtest-test_lanelet_or_area_path' from test/test_lanelet_or_area_path.cpp
[3.423s] -- Adding gtest unittest "lanelet2_routing-gtest-test_relations" with working dir /home/saitama1/Pictures/ros2-picas/ros2_foxy/src/autoware_build_parts/lanelet2/lanelet2_routing/test
[3.423s] -- Creating gtest 'lanelet2_routing-gtest-test_relations' from test/test_relations.cpp
[3.423s] -- Adding gtest unittest "lanelet2_routing-gtest-test_route" with working dir /home/saitama1/Pictures/ros2-picas/ros2_foxy/src/autoware_build_parts/lanelet2/lanelet2_routing/test
[3.423s] -- Creating gtest 'lanelet2_routing-gtest-test_route' from test/test_route.cpp
[3.424s] -- Adding gtest unittest "lanelet2_routing-gtest-test_routing" with working dir /home/saitama1/Pictures/ros2-picas/ros2_foxy/src/autoware_build_parts/lanelet2/lanelet2_routing/test
[3.424s] -- Creating gtest 'lanelet2_routing-gtest-test_routing' from test/test_routing.cpp
[3.425s] -- Adding gtest unittest "lanelet2_routing-gtest-test_routing_graph_container" with working dir /home/saitama1/Pictures/ros2-picas/ros2_foxy/src/autoware_build_parts/lanelet2/lanelet2_routing/test
[3.425s] -- Creating gtest 'lanelet2_routing-gtest-test_routing_graph_container' from test/test_routing_graph_container.cpp
[3.425s] -- Adding gtest unittest "lanelet2_routing-gtest-test_routing_visualization" with working dir /home/saitama1/Pictures/ros2-picas/ros2_foxy/src/autoware_build_parts/lanelet2/lanelet2_routing/test
[3.425s] -- Creating gtest 'lanelet2_routing-gtest-test_routing_visualization' from test/test_routing_visualization.cpp
[3.426s] -- Adding nosetests in folder /home/saitama1/Pictures/ros2-picas/ros2_foxy/src/autoware_build_parts/lanelet2/lanelet2_routing/test
[3.426s] -- Using Python nosetests: /usr/bin/nosetests3
[3.426s] -- Adding nosetest nosetests-lanelet2_routing-test
[3.428s] -- Configuring done
[3.465s] -- Generating done
[3.468s] -- Build files have been written to: /home/saitama1/Pictures/ros2-picas/ros2_foxy/build/lanelet2_routing
[3.474s] Invoked command in '/home/saitama1/Pictures/ros2-picas/ros2_foxy/build/lanelet2_routing' returned '0': AMENT_PREFIX_PATH=/home/saitama1/Pictures/ros2-picas/ros2_foxy/install/lanelet2_traffic_rules:/home/saitama1/Pictures/ros2-picas/ros2_foxy/install/lanelet2_core:/home/saitama1/Pictures/ros2-picas/ros2_foxy/install/ros_environment:/home/saitama1/Pictures/ros2-picas/ros2_foxy/install/ament_cmake_core:/home/saitama1/Pictures/ros2-picas/ros2_foxy/install/ament_package:${AMENT_PREFIX_PATH} CMAKE_PREFIX_PATH=/home/saitama1/Pictures/ros2-picas/ros2_foxy/install/lanelet2_traffic_rules:/opt/ros/foxy:/home/saitama1/Pictures/ros2-picas/ros2_foxy/install/lanelet2_core:/home/saitama1/Pictures/ros2-picas/ros2_foxy/install/mrt_cmake_modules:/home/saitama1/Pictures/ros2-picas/ros2_foxy/install/ros_environment:/home/saitama1/Pictures/ros2-picas/ros2_foxy/install/ament_cmake_core:/home/saitama1/Pictures/ros2-picas/ros2_foxy/install/gtest_vendor LD_LIBRARY_PATH=/home/saitama1/Pictures/ros2-picas/ros2_foxy/install/lanelet2_traffic_rules/lib:/home/saitama1/Pictures/ros2-picas/ros2_foxy/install/lanelet2_core/lib:${LD_LIBRARY_PATH} PATH=/home/saitama1/Pictures/ros2-picas/ros2_foxy/install/mrt_cmake_modules/bin:${PATH} PKG_CONFIG_PATH=/home/saitama1/Pictures/ros2-picas/ros2_foxy/install/mrt_cmake_modules/lib/x86_64-linux-gnu/pkgconfig:/home/saitama1/Pictures/ros2-picas/ros2_foxy/install/mrt_cmake_modules/lib/pkgconfig:/home/saitama1/Pictures/ros2-picas/ros2_foxy/install/gtest_vendor/lib/x86_64-linux-gnu/pkgconfig:/home/saitama1/Pictures/ros2-picas/ros2_foxy/install/gtest_vendor/lib/pkgconfig PYTHONPATH=/home/saitama1/Pictures/ros2-picas/ros2_foxy/install/ament_package/lib/python3.8/site-packages:${PYTHONPATH} ROS_PACKAGE_PATH=/home/saitama1/Pictures/ros2-picas/ros2_foxy/install/mrt_cmake_modules/share /usr/bin/cmake /home/saitama1/Pictures/ros2-picas/ros2_foxy/src/autoware_build_parts/lanelet2/lanelet2_routing -DCMAKE_INSTALL_PREFIX=/home/saitama1/Pictures/ros2-picas/ros2_foxy/install/lanelet2_routing
[3.479s] Invoking command in '/home/saitama1/Pictures/ros2-picas/ros2_foxy/build/lanelet2_routing': AMENT_PREFIX_PATH=/home/saitama1/Pictures/ros2-picas/ros2_foxy/install/lanelet2_traffic_rules:/home/saitama1/Pictures/ros2-picas/ros2_foxy/install/lanelet2_core:/home/saitama1/Pictures/ros2-picas/ros2_foxy/install/ros_environment:/home/saitama1/Pictures/ros2-picas/ros2_foxy/install/ament_cmake_core:/home/saitama1/Pictures/ros2-picas/ros2_foxy/install/ament_package:${AMENT_PREFIX_PATH} CMAKE_PREFIX_PATH=/home/saitama1/Pictures/ros2-picas/ros2_foxy/install/lanelet2_traffic_rules:/opt/ros/foxy:/home/saitama1/Pictures/ros2-picas/ros2_foxy/install/lanelet2_core:/home/saitama1/Pictures/ros2-picas/ros2_foxy/install/mrt_cmake_modules:/home/saitama1/Pictures/ros2-picas/ros2_foxy/install/ros_environment:/home/saitama1/Pictures/ros2-picas/ros2_foxy/install/ament_cmake_core:/home/saitama1/Pictures/ros2-picas/ros2_foxy/install/gtest_vendor LD_LIBRARY_PATH=/home/saitama1/Pictures/ros2-picas/ros2_foxy/install/lanelet2_traffic_rules/lib:/home/saitama1/Pictures/ros2-picas/ros2_foxy/install/lanelet2_core/lib:${LD_LIBRARY_PATH} PATH=/home/saitama1/Pictures/ros2-picas/ros2_foxy/install/mrt_cmake_modules/bin:${PATH} PKG_CONFIG_PATH=/home/saitama1/Pictures/ros2-picas/ros2_foxy/install/mrt_cmake_modules/lib/x86_64-linux-gnu/pkgconfig:/home/saitama1/Pictures/ros2-picas/ros2_foxy/install/mrt_cmake_modules/lib/pkgconfig:/home/saitama1/Pictures/ros2-picas/ros2_foxy/install/gtest_vendor/lib/x86_64-linux-gnu/pkgconfig:/home/saitama1/Pictures/ros2-picas/ros2_foxy/install/gtest_vendor/lib/pkgconfig PYTHONPATH=/home/saitama1/Pictures/ros2-picas/ros2_foxy/install/ament_package/lib/python3.8/site-packages:${PYTHONPATH} ROS_PACKAGE_PATH=/home/saitama1/Pictures/ros2-picas/ros2_foxy/install/mrt_cmake_modules/share /usr/bin/cmake --build /home/saitama1/Pictures/ros2-picas/ros2_foxy/build/lanelet2_routing -- -j12 -l12
[3.546s] [35m[1mScanning dependencies of target gtest[0m
[3.571s] [  4%] [32mBuilding CXX object gtest/CMakeFiles/gtest.dir/src/gtest-all.cc.o[0m
[6.636s] [  8%] [32m[1mLinking CXX static library libgtest.a[0m
[6.797s] [  8%] Built target gtest
[6.809s] [35m[1mScanning dependencies of target gtest_main[0m
[6.825s] [ 13%] [32mBuilding CXX object gtest/CMakeFiles/gtest_main.dir/src/gtest_main.cc.o[0m
[7.567s] [ 17%] [32m[1mLinking CXX static library libgtest_main.a[0m
[7.770s] [ 17%] Built target gtest_main
[7.783s] [35m[1mScanning dependencies of target lanelet2_routing[0m
[7.971s] [ 21%] [32mBuilding CXX object CMakeFiles/lanelet2_routing.dir/src/LaneletPath.cpp.o[0m
[13.412s] [ 26%] [32mBuilding CXX object CMakeFiles/lanelet2_routing.dir/src/RoutingGraphBuilder.cpp.o[0m
[24.463s] [ 30%] [32mBuilding CXX object CMakeFiles/lanelet2_routing.dir/src/RoutingGraph.cpp.o[0m
[43.840s] [ 34%] [32mBuilding CXX object CMakeFiles/lanelet2_routing.dir/src/RoutingCost.cpp.o[0m
[49.203s] [ 39%] [32mBuilding CXX object CMakeFiles/lanelet2_routing.dir/src/RouteBuilder.cpp.o[0m
[55.630s] [ 43%] [32mBuilding CXX object CMakeFiles/lanelet2_routing.dir/src/Route.cpp.o[0m
[82.822s] [ 47%] [32m[1mLinking CXX shared library liblanelet2_routing.so[0m
[84.551s] [ 47%] Built target lanelet2_routing
[84.563s] [35m[1mScanning dependencies of target lanelet2_routing-gtest-test_routing_visualization[0m
[86.820s] [ 52%] [32mBuilding CXX object CMakeFiles/lanelet2_routing-gtest-test_routing_visualization.dir/test/test_routing_visualization.cpp.o[0m
[96.825s] [ 56%] [32m[1mLinking CXX executable lanelet2_routing-gtest-test_routing_visualization[0m
[98.904s] [ 56%] Built target lanelet2_routing-gtest-test_routing_visualization
[98.914s] [35m[1mScanning dependencies of target lanelet2_routing-gtest-test_route[0m
[99.332s] [ 60%] [32mBuilding CXX object CMakeFiles/lanelet2_routing-gtest-test_route.dir/test/test_route.cpp.o[0m
[111.540s] [ 65%] [32m[1mLinking CXX executable lanelet2_routing-gtest-test_route[0m
[112.659s] [ 65%] Built target lanelet2_routing-gtest-test_route
[112.671s] [35m[1mScanning dependencies of target lanelet2_routing-gtest-test_lanelet_or_area_path[0m
[113.010s] [ 69%] [32mBuilding CXX object CMakeFiles/lanelet2_routing-gtest-test_lanelet_or_area_path.dir/test/test_lanelet_or_area_path.cpp.o[0m
[119.585s] [ 73%] [32m[1mLinking CXX executable lanelet2_routing-gtest-test_lanelet_or_area_path[0m
[119.863s] [ 73%] Built target lanelet2_routing-gtest-test_lanelet_or_area_path
[119.875s] [35m[1mScanning dependencies of target lanelet2_routing-gtest-test_relations[0m
[119.927s] [ 78%] [32mBuilding CXX object CMakeFiles/lanelet2_routing-gtest-test_relations.dir/test/test_relations.cpp.o[0m
[125.506s] [ 82%] [32m[1mLinking CXX executable lanelet2_routing-gtest-test_relations[0m
[125.961s] [ 82%] Built target lanelet2_routing-gtest-test_relations
[125.972s] [35m[1mScanning dependencies of target lanelet2_routing-gtest-test_routing_graph_container[0m
[126.014s] [ 86%] [32mBuilding CXX object CMakeFiles/lanelet2_routing-gtest-test_routing_graph_container.dir/test/test_routing_graph_container.cpp.o[0m
[133.976s] [ 91%] [32m[1mLinking CXX executable lanelet2_routing-gtest-test_routing_graph_container[0m
[135.081s] [ 91%] Built target lanelet2_routing-gtest-test_routing_graph_container
[135.176s] [35m[1mScanning dependencies of target lanelet2_routing-gtest-test_routing[0m
[135.310s] [ 95%] [32mBuilding CXX object CMakeFiles/lanelet2_routing-gtest-test_routing.dir/test/test_routing.cpp.o[0m
[147.512s] [100%] [32m[1mLinking CXX executable lanelet2_routing-gtest-test_routing[0m
[148.018s] [100%] Built target lanelet2_routing-gtest-test_routing
[148.027s] [35m[1mScanning dependencies of target tests_lanelet2_routing[0m
[148.035s] [100%] Built target tests_lanelet2_routing
[148.045s] [35m[1mScanning dependencies of target tests[0m
[148.054s] [100%] Built target tests
[148.065s] Invoked command in '/home/saitama1/Pictures/ros2-picas/ros2_foxy/build/lanelet2_routing' returned '0': AMENT_PREFIX_PATH=/home/saitama1/Pictures/ros2-picas/ros2_foxy/install/lanelet2_traffic_rules:/home/saitama1/Pictures/ros2-picas/ros2_foxy/install/lanelet2_core:/home/saitama1/Pictures/ros2-picas/ros2_foxy/install/ros_environment:/home/saitama1/Pictures/ros2-picas/ros2_foxy/install/ament_cmake_core:/home/saitama1/Pictures/ros2-picas/ros2_foxy/install/ament_package:${AMENT_PREFIX_PATH} CMAKE_PREFIX_PATH=/home/saitama1/Pictures/ros2-picas/ros2_foxy/install/lanelet2_traffic_rules:/opt/ros/foxy:/home/saitama1/Pictures/ros2-picas/ros2_foxy/install/lanelet2_core:/home/saitama1/Pictures/ros2-picas/ros2_foxy/install/mrt_cmake_modules:/home/saitama1/Pictures/ros2-picas/ros2_foxy/install/ros_environment:/home/saitama1/Pictures/ros2-picas/ros2_foxy/install/ament_cmake_core:/home/saitama1/Pictures/ros2-picas/ros2_foxy/install/gtest_vendor LD_LIBRARY_PATH=/home/saitama1/Pictures/ros2-picas/ros2_foxy/install/lanelet2_traffic_rules/lib:/home/saitama1/Pictures/ros2-picas/ros2_foxy/install/lanelet2_core/lib:${LD_LIBRARY_PATH} PATH=/home/saitama1/Pictures/ros2-picas/ros2_foxy/install/mrt_cmake_modules/bin:${PATH} PKG_CONFIG_PATH=/home/saitama1/Pictures/ros2-picas/ros2_foxy/install/mrt_cmake_modules/lib/x86_64-linux-gnu/pkgconfig:/home/saitama1/Pictures/ros2-picas/ros2_foxy/install/mrt_cmake_modules/lib/pkgconfig:/home/saitama1/Pictures/ros2-picas/ros2_foxy/install/gtest_vendor/lib/x86_64-linux-gnu/pkgconfig:/home/saitama1/Pictures/ros2-picas/ros2_foxy/install/gtest_vendor/lib/pkgconfig PYTHONPATH=/home/saitama1/Pictures/ros2-picas/ros2_foxy/install/ament_package/lib/python3.8/site-packages:${PYTHONPATH} ROS_PACKAGE_PATH=/home/saitama1/Pictures/ros2-picas/ros2_foxy/install/mrt_cmake_modules/share /usr/bin/cmake --build /home/saitama1/Pictures/ros2-picas/ros2_foxy/build/lanelet2_routing -- -j12 -l12
[148.119s] Invoking command in '/home/saitama1/Pictures/ros2-picas/ros2_foxy/build/lanelet2_routing': AMENT_PREFIX_PATH=/home/saitama1/Pictures/ros2-picas/ros2_foxy/install/lanelet2_traffic_rules:/home/saitama1/Pictures/ros2-picas/ros2_foxy/install/lanelet2_core:/home/saitama1/Pictures/ros2-picas/ros2_foxy/install/ros_environment:/home/saitama1/Pictures/ros2-picas/ros2_foxy/install/ament_cmake_core:/home/saitama1/Pictures/ros2-picas/ros2_foxy/install/ament_package:${AMENT_PREFIX_PATH} CMAKE_PREFIX_PATH=/home/saitama1/Pictures/ros2-picas/ros2_foxy/install/lanelet2_traffic_rules:/opt/ros/foxy:/home/saitama1/Pictures/ros2-picas/ros2_foxy/install/lanelet2_core:/home/saitama1/Pictures/ros2-picas/ros2_foxy/install/mrt_cmake_modules:/home/saitama1/Pictures/ros2-picas/ros2_foxy/install/ros_environment:/home/saitama1/Pictures/ros2-picas/ros2_foxy/install/ament_cmake_core:/home/saitama1/Pictures/ros2-picas/ros2_foxy/install/gtest_vendor LD_LIBRARY_PATH=/home/saitama1/Pictures/ros2-picas/ros2_foxy/install/lanelet2_traffic_rules/lib:/home/saitama1/Pictures/ros2-picas/ros2_foxy/install/lanelet2_core/lib:${LD_LIBRARY_PATH} PATH=/home/saitama1/Pictures/ros2-picas/ros2_foxy/install/mrt_cmake_modules/bin:${PATH} PKG_CONFIG_PATH=/home/saitama1/Pictures/ros2-picas/ros2_foxy/install/mrt_cmake_modules/lib/x86_64-linux-gnu/pkgconfig:/home/saitama1/Pictures/ros2-picas/ros2_foxy/install/mrt_cmake_modules/lib/pkgconfig:/home/saitama1/Pictures/ros2-picas/ros2_foxy/install/gtest_vendor/lib/x86_64-linux-gnu/pkgconfig:/home/saitama1/Pictures/ros2-picas/ros2_foxy/install/gtest_vendor/lib/pkgconfig PYTHONPATH=/home/saitama1/Pictures/ros2-picas/ros2_foxy/install/ament_package/lib/python3.8/site-packages:${PYTHONPATH} ROS_PACKAGE_PATH=/home/saitama1/Pictures/ros2-picas/ros2_foxy/install/mrt_cmake_modules/share /usr/bin/cmake --install /home/saitama1/Pictures/ros2-picas/ros2_foxy/build/lanelet2_routing
[148.126s] -- Install configuration: ""
[148.127s] -- Installing: /home/saitama1/Pictures/ros2-picas/ros2_foxy/install/lanelet2_routing/lib/liblanelet2_routing.so.1.1.1
[148.142s] -- Up-to-date: /home/saitama1/Pictures/ros2-picas/ros2_foxy/install/lanelet2_routing/lib/liblanelet2_routing.so.1
[148.142s] -- Set runtime path of "/home/saitama1/Pictures/ros2-picas/ros2_foxy/install/lanelet2_routing/lib/liblanelet2_routing.so.1.1.1" to ""
[148.142s] -- Up-to-date: /home/saitama1/Pictures/ros2-picas/ros2_foxy/install/lanelet2_routing/lib/liblanelet2_routing.so
[148.142s] -- Up-to-date: /home/saitama1/Pictures/ros2-picas/ros2_foxy/install/lanelet2_routing/include/lanelet2_routing
[148.142s] -- Installing: /home/saitama1/Pictures/ros2-picas/ros2_foxy/install/lanelet2_routing/include/lanelet2_routing/Exceptions.h
[148.142s] -- Installing: /home/saitama1/Pictures/ros2-picas/ros2_foxy/install/lanelet2_routing/include/lanelet2_routing/RoutingGraphContainer.h
[148.142s] -- Installing: /home/saitama1/Pictures/ros2-picas/ros2_foxy/install/lanelet2_routing/include/lanelet2_routing/RoutingCost.h
[148.142s] -- Installing: /home/saitama1/Pictures/ros2-picas/ros2_foxy/install/lanelet2_routing/include/lanelet2_routing/LaneletPath.h
[148.143s] -- Installing: /home/saitama1/Pictures/ros2-picas/ros2_foxy/install/lanelet2_routing/include/lanelet2_routing/Types.h
[148.143s] -- Installing: /home/saitama1/Pictures/ros2-picas/ros2_foxy/install/lanelet2_routing/include/lanelet2_routing/Route.h
[148.143s] -- Installing: /home/saitama1/Pictures/ros2-picas/ros2_foxy/install/lanelet2_routing/include/lanelet2_routing/Forward.h
[148.143s] -- Up-to-date: /home/saitama1/Pictures/ros2-picas/ros2_foxy/install/lanelet2_routing/include/lanelet2_routing/internal
[148.143s] -- Installing: /home/saitama1/Pictures/ros2-picas/ros2_foxy/install/lanelet2_routing/include/lanelet2_routing/internal/RoutingGraphVisualization.h
[148.143s] -- Installing: /home/saitama1/Pictures/ros2-picas/ros2_foxy/install/lanelet2_routing/include/lanelet2_routing/internal/GraphUtils.h
[148.143s] -- Installing: /home/saitama1/Pictures/ros2-picas/ros2_foxy/install/lanelet2_routing/include/lanelet2_routing/internal/ShortestPath.h
[148.143s] -- Installing: /home/saitama1/Pictures/ros2-picas/ros2_foxy/install/lanelet2_routing/include/lanelet2_routing/internal/RouteBuilder.h
[148.143s] -- Installing: /home/saitama1/Pictures/ros2-picas/ros2_foxy/install/lanelet2_routing/include/lanelet2_routing/internal/Graph.h
[148.144s] -- Installing: /home/saitama1/Pictures/ros2-picas/ros2_foxy/install/lanelet2_routing/include/lanelet2_routing/internal/RoutingGraphBuilder.h
[148.144s] -- Installing: /home/saitama1/Pictures/ros2-picas/ros2_foxy/install/lanelet2_routing/include/lanelet2_routing/RoutingGraph.h
[148.144s] -- Up-to-date: /home/saitama1/Pictures/ros2-picas/ros2_foxy/install/lanelet2_routing/share/lanelet2_routing/res
[148.144s] -- Installing: /home/saitama1/Pictures/ros2-picas/ros2_foxy/install/lanelet2_routing/share/lanelet2_routing/res/routing.mapcss
[148.144s] -- Installing: /home/saitama1/Pictures/ros2-picas/ros2_foxy/install/lanelet2_routing/share/lanelet2_routing/cmake/lanelet2_routingTargets.cmake
[148.145s] -- Installing: /home/saitama1/Pictures/ros2-picas/ros2_foxy/install/lanelet2_routing/share/lanelet2_routing/cmake/lanelet2_routingTargets-noconfig.cmake
[148.145s] -- Installing: /home/saitama1/Pictures/ros2-picas/ros2_foxy/install/lanelet2_routing/share/lanelet2_routing/cmake/lanelet2_routingConfigVersion.cmake
[148.145s] -- Installing: /home/saitama1/Pictures/ros2-picas/ros2_foxy/install/lanelet2_routing/share/lanelet2_routing/cmake/lanelet2_routingConfig.cmake
[148.145s] -- Installing: /home/saitama1/Pictures/ros2-picas/ros2_foxy/install/lanelet2_routing/share/lanelet2_routing/cmake/auto_dep_vars.cmake
[148.145s] -- Installing: /home/saitama1/Pictures/ros2-picas/ros2_foxy/install/lanelet2_routing/share/lanelet2_routing/cmake/lanelet2_routingAutoDepsConfig.cmake
[148.145s] -- Installing: /home/saitama1/Pictures/ros2-picas/ros2_foxy/install/lanelet2_routing/share/lanelet2_routing/package.xml
[148.146s] -- Installing: /home/saitama1/Pictures/ros2-picas/ros2_foxy/install/lanelet2_routing/share/ament_index/resource_index/package_run_dependencies/lanelet2_routing
[148.146s] -- Installing: /home/saitama1/Pictures/ros2-picas/ros2_foxy/install/lanelet2_routing/share/ament_index/resource_index/parent_prefix_path/lanelet2_routing
[148.146s] -- Installing: /home/saitama1/Pictures/ros2-picas/ros2_foxy/install/lanelet2_routing/share/lanelet2_routing/environment/ament_prefix_path.sh
[148.146s] -- Installing: /home/saitama1/Pictures/ros2-picas/ros2_foxy/install/lanelet2_routing/share/lanelet2_routing/environment/ament_prefix_path.dsv
[148.146s] -- Installing: /home/saitama1/Pictures/ros2-picas/ros2_foxy/install/lanelet2_routing/share/lanelet2_routing/environment/path.sh
[148.147s] -- Installing: /home/saitama1/Pictures/ros2-picas/ros2_foxy/install/lanelet2_routing/share/lanelet2_routing/environment/path.dsv
[148.147s] -- Installing: /home/saitama1/Pictures/ros2-picas/ros2_foxy/install/lanelet2_routing/share/lanelet2_routing/local_setup.bash
[148.147s] -- Installing: /home/saitama1/Pictures/ros2-picas/ros2_foxy/install/lanelet2_routing/share/lanelet2_routing/local_setup.sh
[148.147s] -- Installing: /home/saitama1/Pictures/ros2-picas/ros2_foxy/install/lanelet2_routing/share/lanelet2_routing/local_setup.zsh
[148.147s] -- Installing: /home/saitama1/Pictures/ros2-picas/ros2_foxy/install/lanelet2_routing/share/lanelet2_routing/local_setup.dsv
[148.147s] -- Installing: /home/saitama1/Pictures/ros2-picas/ros2_foxy/install/lanelet2_routing/share/lanelet2_routing/package.dsv
[148.148s] -- Installing: /home/saitama1/Pictures/ros2-picas/ros2_foxy/install/lanelet2_routing/share/ament_index/resource_index/packages/lanelet2_routing
[148.150s] Invoked command in '/home/saitama1/Pictures/ros2-picas/ros2_foxy/build/lanelet2_routing' returned '0': AMENT_PREFIX_PATH=/home/saitama1/Pictures/ros2-picas/ros2_foxy/install/lanelet2_traffic_rules:/home/saitama1/Pictures/ros2-picas/ros2_foxy/install/lanelet2_core:/home/saitama1/Pictures/ros2-picas/ros2_foxy/install/ros_environment:/home/saitama1/Pictures/ros2-picas/ros2_foxy/install/ament_cmake_core:/home/saitama1/Pictures/ros2-picas/ros2_foxy/install/ament_package:${AMENT_PREFIX_PATH} CMAKE_PREFIX_PATH=/home/saitama1/Pictures/ros2-picas/ros2_foxy/install/lanelet2_traffic_rules:/opt/ros/foxy:/home/saitama1/Pictures/ros2-picas/ros2_foxy/install/lanelet2_core:/home/saitama1/Pictures/ros2-picas/ros2_foxy/install/mrt_cmake_modules:/home/saitama1/Pictures/ros2-picas/ros2_foxy/install/ros_environment:/home/saitama1/Pictures/ros2-picas/ros2_foxy/install/ament_cmake_core:/home/saitama1/Pictures/ros2-picas/ros2_foxy/install/gtest_vendor LD_LIBRARY_PATH=/home/saitama1/Pictures/ros2-picas/ros2_foxy/install/lanelet2_traffic_rules/lib:/home/saitama1/Pictures/ros2-picas/ros2_foxy/install/lanelet2_core/lib:${LD_LIBRARY_PATH} PATH=/home/saitama1/Pictures/ros2-picas/ros2_foxy/install/mrt_cmake_modules/bin:${PATH} PKG_CONFIG_PATH=/home/saitama1/Pictures/ros2-picas/ros2_foxy/install/mrt_cmake_modules/lib/x86_64-linux-gnu/pkgconfig:/home/saitama1/Pictures/ros2-picas/ros2_foxy/install/mrt_cmake_modules/lib/pkgconfig:/home/saitama1/Pictures/ros2-picas/ros2_foxy/install/gtest_vendor/lib/x86_64-linux-gnu/pkgconfig:/home/saitama1/Pictures/ros2-picas/ros2_foxy/install/gtest_vendor/lib/pkgconfig PYTHONPATH=/home/saitama1/Pictures/ros2-picas/ros2_foxy/install/ament_package/lib/python3.8/site-packages:${PYTHONPATH} ROS_PACKAGE_PATH=/home/saitama1/Pictures/ros2-picas/ros2_foxy/install/mrt_cmake_modules/share /usr/bin/cmake --install /home/saitama1/Pictures/ros2-picas/ros2_foxy/build/lanelet2_routing
