-- Found ament_cmake_ros: 0.9.2 (/home/saitama1/ros2_foxy/install/ament_cmake_ros/share/ament_cmake_ros/cmake)
-- Found PythonInterp: /usr/bin/python3 (found suitable version "3.8.10", minimum required is "3") 
-- Using PYTHON_EXECUTABLE: /usr/bin/python3
-- Override CMake install command with custom implementation using symlinks instead of copying resources
-- Found ament_index_cpp: 1.1.0 (/home/saitama1/ros2_foxy/install/ament_index_cpp/share/ament_index_cpp/cmake)
-- Found libcurl_vendor: 2.3.4 (/home/saitama1/ros2_foxy/install/libcurl_vendor/share/libcurl_vendor/cmake)
-- library: /usr/lib/x86_64-linux-gnu/libcurl.so
-- Found ament_lint_auto: 0.9.6 (/home/saitama1/ros2_foxy/install/ament_lint_auto/share/ament_lint_auto/cmake)
-- Found gtest sources under '/home/saitama1/ros2_foxy/install/gtest_vendor/src/gtest_vendor': C++ tests using 'Google Test' will be built
-- Found PythonInterp: /usr/bin/python3 (found suitable version "3.8.10", minimum required is "3.5") 
-- Using PYTHON_EXECUTABLE: /usr/bin/python3
-- Using PYTHON_INCLUDE_DIRS: /usr/include/python3.8
-- Using PYTHON_LIBRARIES: /usr/lib/x86_64-linux-gnu/libpython3.8.so
-- Added test 'copyright' to check source files copyright and LICENSE
-- Added test 'cpplint' to check C / C++ code against the Google style
-- Configured cpplint exclude dirs and/or files: 
-- Added test 'flake8' to check Python code syntax and style conventions
-- Added test 'lint_cmake' to check CMake code style
-- Added test 'pep257' to check Python code against some of the style conventions in PEP 257
-- Added test 'xmllint' to check XML markup files
-- Configuring done
-- Generating done
-- Build files have been written to: /home/saitama1/ros2_foxy/build/resource_retriever
[ 25%] Built target gtest
[ 50%] Built target gtest_main
[ 75%] Built target resource_retriever
[100%] Built target resource_retriever_test
-- Install configuration: ""
-- Execute custom install script
-- Symlinking: /home/saitama1/ros2_foxy/install/resource_retriever/share/resource_retriever/environment/library_path.sh
-- Symlinking: /home/saitama1/ros2_foxy/install/resource_retriever/share/resource_retriever/environment/library_path.dsv
-- Symlinking: /home/saitama1/ros2_foxy/install/resource_retriever/share/resource_retriever/environment/pythonpath.sh
-- Symlinking: /home/saitama1/ros2_foxy/install/resource_retriever/share/resource_retriever/environment/pythonpath.dsv
-- Symlinking: /home/saitama1/ros2_foxy/install/resource_retriever/lib/python3.8/site-packages/resource_retriever/__init__.py
-- Symlinking: /home/saitama1/ros2_foxy/install/resource_retriever/share/resource_retriever/test/test.txt
-- Symlinking: /home/saitama1/ros2_foxy/install/resource_retriever/include/resource_retriever/retriever.h
-- Symlinking: /home/saitama1/ros2_foxy/install/resource_retriever/include/resource_retriever/visibility_control.hpp
-- Symlinking: /home/saitama1/ros2_foxy/install/resource_retriever/share/ament_index/resource_index/package_run_dependencies/resource_retriever
-- Symlinking: /home/saitama1/ros2_foxy/install/resource_retriever/share/ament_index/resource_index/parent_prefix_path/resource_retriever
-- Symlinking: /home/saitama1/ros2_foxy/install/resource_retriever/share/resource_retriever/environment/ament_prefix_path.sh
-- Symlinking: /home/saitama1/ros2_foxy/install/resource_retriever/share/resource_retriever/environment/ament_prefix_path.dsv
-- Symlinking: /home/saitama1/ros2_foxy/install/resource_retriever/share/resource_retriever/environment/path.sh
-- Symlinking: /home/saitama1/ros2_foxy/install/resource_retriever/share/resource_retriever/environment/path.dsv
-- Symlinking: /home/saitama1/ros2_foxy/install/resource_retriever/share/resource_retriever/local_setup.bash
-- Symlinking: /home/saitama1/ros2_foxy/install/resource_retriever/share/resource_retriever/local_setup.sh
-- Symlinking: /home/saitama1/ros2_foxy/install/resource_retriever/share/resource_retriever/local_setup.zsh
-- Symlinking: /home/saitama1/ros2_foxy/install/resource_retriever/share/resource_retriever/local_setup.dsv
-- Symlinking: /home/saitama1/ros2_foxy/install/resource_retriever/share/resource_retriever/package.dsv
-- Symlinking: /home/saitama1/ros2_foxy/install/resource_retriever/share/ament_index/resource_index/packages/resource_retriever
-- Symlinking: /home/saitama1/ros2_foxy/install/resource_retriever/share/resource_retriever/cmake/ament_cmake_export_include_directories-extras.cmake
-- Symlinking: /home/saitama1/ros2_foxy/install/resource_retriever/share/resource_retriever/cmake/ament_cmake_export_targets-extras.cmake
-- Symlinking: /home/saitama1/ros2_foxy/install/resource_retriever/share/resource_retriever/cmake/ament_cmake_export_dependencies-extras.cmake
-- Symlinking: /home/saitama1/ros2_foxy/install/resource_retriever/share/resource_retriever/cmake/resource_retrieverConfig.cmake
-- Symlinking: /home/saitama1/ros2_foxy/install/resource_retriever/share/resource_retriever/cmake/resource_retrieverConfig-version.cmake
-- Symlinking: /home/saitama1/ros2_foxy/install/resource_retriever/share/resource_retriever/package.xml
Listing '/home/saitama1/ros2_foxy/install/resource_retriever/lib/python3.8/site-packages/resource_retriever'...
-- Up-to-date: /home/saitama1/ros2_foxy/install/resource_retriever/lib/libresource_retriever.so
-- Up-to-date: /home/saitama1/ros2_foxy/install/resource_retriever/share/resource_retriever/cmake/resource_retrieverExport.cmake
-- Installing: /home/saitama1/ros2_foxy/install/resource_retriever/share/resource_retriever/cmake/resource_retrieverExport-noconfig.cmake
