-- Found ament_cmake_core: 0.9.8 (/home/saitama1/ros2_foxy/install/ament_cmake_core/share/ament_cmake_core/cmake)
-- Using PYTHON_EXECUTABLE: /usr/bin/python3
-- Override CMake install command with custom implementation using symlinks instead of copying resources
-- Configuring done
-- Generating done
-- Build files have been written to: /home/saitama1/ros2_foxy/build/ament_cmake_nose
-- Install configuration: ""
-- Execute custom install script
-- Symlinking: /home/saitama1/ros2_foxy/install/ament_cmake_nose/share/ament_index/resource_index/package_run_dependencies/ament_cmake_nose
-- Symlinking: /home/saitama1/ros2_foxy/install/ament_cmake_nose/share/ament_index/resource_index/parent_prefix_path/ament_cmake_nose
-- Symlinking: /home/saitama1/ros2_foxy/install/ament_cmake_nose/share/ament_cmake_nose/environment/ament_prefix_path.sh
-- Symlinking: /home/saitama1/ros2_foxy/install/ament_cmake_nose/share/ament_cmake_nose/environment/ament_prefix_path.dsv
-- Symlinking: /home/saitama1/ros2_foxy/install/ament_cmake_nose/share/ament_cmake_nose/environment/path.sh
-- Symlinking: /home/saitama1/ros2_foxy/install/ament_cmake_nose/share/ament_cmake_nose/environment/path.dsv
-- Symlinking: /home/saitama1/ros2_foxy/install/ament_cmake_nose/share/ament_cmake_nose/local_setup.bash
-- Symlinking: /home/saitama1/ros2_foxy/install/ament_cmake_nose/share/ament_cmake_nose/local_setup.sh
-- Symlinking: /home/saitama1/ros2_foxy/install/ament_cmake_nose/share/ament_cmake_nose/local_setup.zsh
-- Symlinking: /home/saitama1/ros2_foxy/install/ament_cmake_nose/share/ament_cmake_nose/local_setup.dsv
-- Symlinking: /home/saitama1/ros2_foxy/install/ament_cmake_nose/share/ament_cmake_nose/package.dsv
-- Symlinking: /home/saitama1/ros2_foxy/install/ament_cmake_nose/share/ament_index/resource_index/packages/ament_cmake_nose
-- Symlinking: /home/saitama1/ros2_foxy/install/ament_cmake_nose/share/ament_cmake_nose/cmake/ament_cmake_nose-extras.cmake
-- Symlinking: /home/saitama1/ros2_foxy/install/ament_cmake_nose/share/ament_cmake_nose/cmake/ament_cmake_noseConfig.cmake
-- Symlinking: /home/saitama1/ros2_foxy/install/ament_cmake_nose/share/ament_cmake_nose/cmake/ament_cmake_noseConfig-version.cmake
-- Symlinking: /home/saitama1/ros2_foxy/install/ament_cmake_nose/share/ament_cmake_nose/package.xml
-- Symlinking: /home/saitama1/ros2_foxy/install/ament_cmake_nose/share/ament_cmake_nose/cmake/ament_add_nose_test.cmake
-- Symlinking: /home/saitama1/ros2_foxy/install/ament_cmake_nose/share/ament_cmake_nose/cmake/ament_find_nosetests.cmake
