-- Found ament_cmake: 0.9.8 (/home/saitama1/ros2_foxy/install/ament_cmake/share/ament_cmake/cmake)
-- Using PYTHON_EXECUTABLE: /usr/bin/python3
-- Override CMake install command with custom implementation using symlinks instead of copying resources
-- Found rcpputils: 1.3.1 (/home/saitama1/ros2_foxy/install/rcpputils/share/rcpputils/cmake)
-- Found rosbag2_cpp: 0.3.8 (/home/saitama1/ros2_foxy/install/rosbag2_cpp/share/rosbag2_cpp/cmake)
-- Setting yaml-cpp_DIR to: '/home/saitama1/ros2_foxy/install/yaml_cpp_vendor/share/yaml_cpp_vendor/cmake/../../../opt/yaml_cpp_vendor/lib/cmake/yaml-cpp'
-- Using all available rosidl_typesupport_c: rosidl_typesupport_introspection_c;rosidl_typesupport_fastrtps_c
-- Found rosidl_adapter: 1.2.1 (/home/saitama1/ros2_foxy/install/rosidl_adapter/share/rosidl_adapter/cmake)
-- Using all available rosidl_typesupport_cpp: rosidl_typesupport_introspection_cpp;rosidl_typesupport_fastrtps_cpp
-- Found zstd_vendor: 0.3.8 (/home/saitama1/ros2_foxy/install/zstd_vendor/share/zstd_vendor/cmake)
-- Found ament_cmake_gmock: 0.9.8 (/home/saitama1/ros2_foxy/install/ament_cmake_gmock/share/ament_cmake_gmock/cmake)
-- Found ament_lint_auto: 0.9.6 (/home/saitama1/ros2_foxy/install/ament_lint_auto/share/ament_lint_auto/cmake)
-- Found rclcpp: 2.3.1 (/home/saitama1/ros2_foxy/install/rclcpp/share/rclcpp/cmake)
-- Found rmw_implementation_cmake: 1.0.3 (/home/saitama1/ros2_foxy/install/rmw_implementation_cmake/share/rmw_implementation_cmake/cmake)
-- Using RMW implementation 'rmw_fastrtps_cpp' as default
-- Found rosbag2_test_common: 0.3.8 (/home/saitama1/ros2_foxy/install/rosbag2_test_common/share/rosbag2_test_common/cmake)
-- Found gmock sources under '/home/saitama1/ros2_foxy/install/gmock_vendor/src/gmock_vendor': C++ tests using 'Google Mock' will be built
-- Found ament_cmake_gtest: 0.9.8 (/home/saitama1/ros2_foxy/install/ament_cmake_gtest/share/ament_cmake_gtest/cmake)
-- Found gtest sources under '/home/saitama1/ros2_foxy/install/gtest_vendor/src/gtest_vendor': C++ tests using 'Google Test' will be built
-- Added test 'copyright' to check source files copyright and LICENSE
-- Added test 'cppcheck' to perform static code analysis on C / C++ code
-- Configured cppcheck include dirs: $<BUILD_INTERFACE:/home/saitama1/ros2_foxy/src/ros2/rosbag2/rosbag2_compression/include>;/home/saitama1/ros2_foxy/src/ros2/rosbag2/rosbag2_compression/include
-- Configured cppcheck exclude dirs and/or files: 
-- Added test 'cpplint' to check C / C++ code against the Google style
-- Configured cpplint exclude dirs and/or files: 
-- Added test 'lint_cmake' to check CMake code style
-- Added test 'uncrustify' to check C / C++ code style
-- Configured uncrustify additional arguments: 
-- Added test 'xmllint' to check XML markup files
-- Configuring done
-- Generating done
-- Build files have been written to: /home/saitama1/ros2_foxy/build/rosbag2_compression
[  9%] Built target rosbag2_compression_zstd
[ 16%] Built target fake_decompressor
[ 32%] Built target rosbag2_compression
[ 38%] Built target fake_compressor
[ 45%] Built target gmock_main
[ 54%] Built target gmock
[ 61%] Built target test_compression_factory
[ 67%] Built target test_compression_options
[ 74%] Built target test_decompressor
[ 80%] Built target test_sequential_compression_writer
[35m[1mScanning dependencies of target test_zstd_compressor[0m
[ 83%] [32mBuilding CXX object CMakeFiles/test_zstd_compressor.dir/test/rosbag2_compression/test_zstd_compressor.cpp.o[0m
[ 87%] [32m[1mLinking CXX executable test_zstd_compressor[0m
[ 87%] Built target test_zstd_compressor
[ 93%] Built target test_sequential_compression_reader
[100%] Built target test_compressor
-- Install configuration: ""
-- Execute custom install script
-- Up-to-date symlink: /home/saitama1/ros2_foxy/install/rosbag2_compression/include/rosbag2_compression/base_compressor_interface.hpp
-- Up-to-date symlink: /home/saitama1/ros2_foxy/install/rosbag2_compression/include/rosbag2_compression/base_decompressor_interface.hpp
-- Up-to-date symlink: /home/saitama1/ros2_foxy/install/rosbag2_compression/include/rosbag2_compression/compression_factory.hpp
-- Up-to-date symlink: /home/saitama1/ros2_foxy/install/rosbag2_compression/include/rosbag2_compression/compression_options.hpp
-- Up-to-date symlink: /home/saitama1/ros2_foxy/install/rosbag2_compression/include/rosbag2_compression/sequential_compression_reader.hpp
-- Up-to-date symlink: /home/saitama1/ros2_foxy/install/rosbag2_compression/include/rosbag2_compression/sequential_compression_writer.hpp
-- Up-to-date symlink: /home/saitama1/ros2_foxy/install/rosbag2_compression/include/rosbag2_compression/visibility_control.hpp
-- Up-to-date symlink: /home/saitama1/ros2_foxy/install/rosbag2_compression/include/rosbag2_compression/zstd_compressor.hpp
-- Up-to-date symlink: /home/saitama1/ros2_foxy/install/rosbag2_compression/include/rosbag2_compression/zstd_decompressor.hpp
-- Up-to-date symlink: /home/saitama1/ros2_foxy/install/rosbag2_compression/share/rosbag2_compression/environment/library_path.sh
-- Up-to-date symlink: /home/saitama1/ros2_foxy/install/rosbag2_compression/share/rosbag2_compression/environment/library_path.dsv
-- Up-to-date symlink: /home/saitama1/ros2_foxy/install/rosbag2_compression/share/ament_index/resource_index/package_run_dependencies/rosbag2_compression
-- Up-to-date symlink: /home/saitama1/ros2_foxy/install/rosbag2_compression/share/ament_index/resource_index/parent_prefix_path/rosbag2_compression
-- Up-to-date symlink: /home/saitama1/ros2_foxy/install/rosbag2_compression/share/rosbag2_compression/environment/ament_prefix_path.sh
-- Up-to-date symlink: /home/saitama1/ros2_foxy/install/rosbag2_compression/share/rosbag2_compression/environment/ament_prefix_path.dsv
-- Up-to-date symlink: /home/saitama1/ros2_foxy/install/rosbag2_compression/share/rosbag2_compression/environment/path.sh
-- Up-to-date symlink: /home/saitama1/ros2_foxy/install/rosbag2_compression/share/rosbag2_compression/environment/path.dsv
-- Up-to-date symlink: /home/saitama1/ros2_foxy/install/rosbag2_compression/share/rosbag2_compression/local_setup.bash
-- Up-to-date symlink: /home/saitama1/ros2_foxy/install/rosbag2_compression/share/rosbag2_compression/local_setup.sh
-- Up-to-date symlink: /home/saitama1/ros2_foxy/install/rosbag2_compression/share/rosbag2_compression/local_setup.zsh
-- Up-to-date symlink: /home/saitama1/ros2_foxy/install/rosbag2_compression/share/rosbag2_compression/local_setup.dsv
-- Symlinking: /home/saitama1/ros2_foxy/install/rosbag2_compression/share/rosbag2_compression/package.dsv
-- Up-to-date symlink: /home/saitama1/ros2_foxy/install/rosbag2_compression/share/ament_index/resource_index/packages/rosbag2_compression
-- Up-to-date symlink: /home/saitama1/ros2_foxy/install/rosbag2_compression/share/rosbag2_compression/cmake/ament_cmake_export_include_directories-extras.cmake
-- Up-to-date symlink: /home/saitama1/ros2_foxy/install/rosbag2_compression/share/rosbag2_compression/cmake/ament_cmake_export_libraries-extras.cmake
-- Up-to-date symlink: /home/saitama1/ros2_foxy/install/rosbag2_compression/share/rosbag2_compression/cmake/ament_cmake_export_targets-extras.cmake
-- Up-to-date symlink: /home/saitama1/ros2_foxy/install/rosbag2_compression/share/rosbag2_compression/cmake/ament_cmake_export_dependencies-extras.cmake
-- Up-to-date symlink: /home/saitama1/ros2_foxy/install/rosbag2_compression/share/rosbag2_compression/cmake/rosbag2_compressionConfig.cmake
-- Up-to-date symlink: /home/saitama1/ros2_foxy/install/rosbag2_compression/share/rosbag2_compression/cmake/rosbag2_compressionConfig-version.cmake
-- Up-to-date symlink: /home/saitama1/ros2_foxy/install/rosbag2_compression/share/rosbag2_compression/package.xml
-- Up-to-date: /home/saitama1/ros2_foxy/install/rosbag2_compression/lib/librosbag2_compression.so
-- Up-to-date: /home/saitama1/ros2_foxy/install/rosbag2_compression/lib/librosbag2_compression_zstd.so
-- Up-to-date: /home/saitama1/ros2_foxy/install/rosbag2_compression/share/rosbag2_compression/cmake/export_rosbag2_compressionExport.cmake
-- Installing: /home/saitama1/ros2_foxy/install/rosbag2_compression/share/rosbag2_compression/cmake/export_rosbag2_compressionExport-noconfig.cmake
