-- Found ament_cmake: 0.9.8 (/home/saitama1/ros2_foxy/install/ament_cmake/share/ament_cmake/cmake)
-- Found PythonInterp: /usr/bin/python3 (found suitable version "3.8.10", minimum required is "3") 
-- Using PYTHON_EXECUTABLE: /usr/bin/python3
-- Override CMake install command with custom implementation using symlinks instead of copying resources
-- Found rosidl_default_generators: 1.0.1 (/home/saitama1/ros2_foxy/install/rosidl_default_generators/share/rosidl_default_generators/cmake)
-- Using all available rosidl_typesupport_c: rosidl_typesupport_introspection_c;rosidl_typesupport_fastrtps_c
-- Found rosidl_adapter: 1.2.1 (/home/saitama1/ros2_foxy/install/rosidl_adapter/share/rosidl_adapter/cmake)
-- Using all available rosidl_typesupport_cpp: rosidl_typesupport_introspection_cpp;rosidl_typesupport_fastrtps_cpp
-- Found std_msgs: 2.0.4 (/home/saitama1/ros2_foxy/install/std_msgs/share/std_msgs/cmake)
-- Found PythonInterp: /usr/bin/python3 (found version "3.8.10") 
-- Found ament_cmake_cppcheck: 0.9.6 (/home/saitama1/ros2_foxy/install/ament_cmake_cppcheck/share/ament_cmake_cppcheck/cmake)
-- Found ament_cmake_cpplint: 0.9.6 (/home/saitama1/ros2_foxy/install/ament_cmake_cpplint/share/ament_cmake_cpplint/cmake)
-- Found ament_cmake_uncrustify: 0.9.6 (/home/saitama1/ros2_foxy/install/ament_cmake_uncrustify/share/ament_cmake_uncrustify/cmake)
-- Found ament_cmake_ros: 0.9.2 (/home/saitama1/ros2_foxy/install/ament_cmake_ros/share/ament_cmake_ros/cmake)
-- Using all available rosidl_typesupport_c: rosidl_typesupport_introspection_c;rosidl_typesupport_fastrtps_c
-- Using all available rosidl_typesupport_cpp: rosidl_typesupport_introspection_cpp;rosidl_typesupport_fastrtps_cpp
-- Found PythonInterp: /usr/bin/python3 (found suitable version "3.8.10", minimum required is "3.5") 
-- Found python_cmake_module: 0.8.1 (/home/saitama1/ros2_foxy/install/python_cmake_module/share/python_cmake_module/cmake)
-- Using PYTHON_EXECUTABLE: /usr/bin/python3
-- Using PYTHON_INCLUDE_DIRS: /usr/include/python3.8
-- Using PYTHON_LIBRARIES: /usr/lib/x86_64-linux-gnu/libpython3.8.so
-- Found ament_cmake_flake8: 0.9.6 (/home/saitama1/ros2_foxy/install/ament_cmake_flake8/share/ament_cmake_flake8/cmake)
-- Found ament_cmake_pep257: 0.9.6 (/home/saitama1/ros2_foxy/install/ament_cmake_pep257/share/ament_cmake_pep257/cmake)
-- Configuring done
-- Generating done
-- Build files have been written to: /home/saitama1/ros2_foxy/build/diagnostic_msgs
[  1%] [32m[1mLinking C shared library libdiagnostic_msgs__rosidl_generator_c.so[0m
[ 11%] Built target diagnostic_msgs__rosidl_generator_c
[ 12%] Built target diagnostic_msgs__cpp
[ 14%] [32m[1mLinking C shared library libdiagnostic_msgs__rosidl_typesupport_introspection_c.so[0m
[ 23%] Built target diagnostic_msgs__rosidl_typesupport_introspection_c
[35m[1mScanning dependencies of target diagnostic_msgs__rosidl_typesupport_cpp[0m
[ 25%] [32mBuilding CXX object CMakeFiles/diagnostic_msgs__rosidl_typesupport_cpp.dir/rosidl_typesupport_cpp/diagnostic_msgs/msg/diagnostic_array__type_support.cpp.o[0m
[ 26%] [32mBuilding CXX object CMakeFiles/diagnostic_msgs__rosidl_typesupport_cpp.dir/rosidl_typesupport_cpp/diagnostic_msgs/srv/self_test__type_support.cpp.o[0m
[ 28%] [32mBuilding CXX object CMakeFiles/diagnostic_msgs__rosidl_typesupport_cpp.dir/rosidl_typesupport_cpp/diagnostic_msgs/srv/add_diagnostics__type_support.cpp.o[0m
[ 30%] [32mBuilding CXX object CMakeFiles/diagnostic_msgs__rosidl_typesupport_cpp.dir/rosidl_typesupport_cpp/diagnostic_msgs/msg/key_value__type_support.cpp.o[0m
[ 31%] [32mBuilding CXX object CMakeFiles/diagnostic_msgs__rosidl_typesupport_cpp.dir/rosidl_typesupport_cpp/diagnostic_msgs/msg/diagnostic_status__type_support.cpp.o[0m
[ 33%] [32m[1mLinking CXX shared library libdiagnostic_msgs__rosidl_typesupport_cpp.so[0m
[ 34%] Built target diagnostic_msgs__rosidl_typesupport_cpp
[ 36%] [32m[1mLinking CXX shared library libdiagnostic_msgs__rosidl_typesupport_fastrtps_cpp.so[0m
[ 46%] Built target diagnostic_msgs__rosidl_typesupport_fastrtps_cpp
[ 47%] [32m[1mLinking CXX shared library libdiagnostic_msgs__rosidl_typesupport_introspection_cpp.so[0m
[ 57%] Built target diagnostic_msgs__rosidl_typesupport_introspection_cpp
[ 58%] [32m[1mLinking CXX shared library libdiagnostic_msgs__rosidl_typesupport_fastrtps_c.so[0m
[ 68%] Built target diagnostic_msgs__rosidl_typesupport_fastrtps_c
[ 69%] [34m[1mGenerating C type support dispatch for ROS interfaces[0m
[35m[1mScanning dependencies of target diagnostic_msgs__rosidl_typesupport_c[0m
[ 71%] [32mBuilding CXX object CMakeFiles/diagnostic_msgs__rosidl_typesupport_c.dir/rosidl_typesupport_c/diagnostic_msgs/msg/diagnostic_array__type_support.cpp.o[0m
[ 73%] [32mBuilding CXX object CMakeFiles/diagnostic_msgs__rosidl_typesupport_c.dir/rosidl_typesupport_c/diagnostic_msgs/srv/self_test__type_support.cpp.o[0m
[ 74%] [32mBuilding CXX object CMakeFiles/diagnostic_msgs__rosidl_typesupport_c.dir/rosidl_typesupport_c/diagnostic_msgs/srv/add_diagnostics__type_support.cpp.o[0m
[ 76%] [32mBuilding CXX object CMakeFiles/diagnostic_msgs__rosidl_typesupport_c.dir/rosidl_typesupport_c/diagnostic_msgs/msg/key_value__type_support.cpp.o[0m
[ 77%] [32mBuilding CXX object CMakeFiles/diagnostic_msgs__rosidl_typesupport_c.dir/rosidl_typesupport_c/diagnostic_msgs/msg/diagnostic_status__type_support.cpp.o[0m
[ 79%] [32m[1mLinking CXX shared library libdiagnostic_msgs__rosidl_typesupport_c.so[0m
[ 79%] Built target diagnostic_msgs__rosidl_typesupport_c
[ 79%] Built target diagnostic_msgs
[35m[1mScanning dependencies of target diagnostic_msgs__py[0m
[ 80%] Built target diagnostic_msgs__py
[ 82%] [32m[1mLinking C shared library rosidl_generator_py/diagnostic_msgs/libdiagnostic_msgs__python.so[0m
[ 90%] Built target diagnostic_msgs__python
[ 92%] [32m[1mLinking C shared library rosidl_generator_py/diagnostic_msgs/diagnostic_msgs_s__rosidl_typesupport_c.cpython-38-x86_64-linux-gnu.so[0m
[ 93%] Built target diagnostic_msgs__rosidl_typesupport_c__pyext
[ 95%] [32m[1mLinking C shared library rosidl_generator_py/diagnostic_msgs/diagnostic_msgs_s__rosidl_typesupport_introspection_c.cpython-38-x86_64-linux-gnu.so[0m
[ 96%] Built target diagnostic_msgs__rosidl_typesupport_introspection_c__pyext
[35m[1mScanning dependencies of target diagnostic_msgs__rosidl_typesupport_fastrtps_c__pyext[0m
[ 98%] [32mBuilding C object CMakeFiles/diagnostic_msgs__rosidl_typesupport_fastrtps_c__pyext.dir/rosidl_generator_py/diagnostic_msgs/_diagnostic_msgs_s.ep.rosidl_typesupport_fastrtps_c.c.o[0m
[100%] [32m[1mLinking CXX shared library rosidl_generator_py/diagnostic_msgs/diagnostic_msgs_s__rosidl_typesupport_fastrtps_c.cpython-38-x86_64-linux-gnu.so[0m
[100%] Built target diagnostic_msgs__rosidl_typesupport_fastrtps_c__pyext
-- Install configuration: ""
-- Execute custom install script
-- Symlinking: /home/saitama1/ros2_foxy/install/diagnostic_msgs/share/ament_index/resource_index/rosidl_interfaces/diagnostic_msgs
-- Symlinking: /home/saitama1/ros2_foxy/install/diagnostic_msgs/include/diagnostic_msgs/msg/detail/diagnostic_array__functions.h
-- Symlinking: /home/saitama1/ros2_foxy/install/diagnostic_msgs/include/diagnostic_msgs/msg/detail/diagnostic_array__struct.h
-- Symlinking: /home/saitama1/ros2_foxy/install/diagnostic_msgs/include/diagnostic_msgs/msg/detail/diagnostic_array__type_support.h
-- Symlinking: /home/saitama1/ros2_foxy/install/diagnostic_msgs/include/diagnostic_msgs/msg/detail/diagnostic_status__functions.h
-- Symlinking: /home/saitama1/ros2_foxy/install/diagnostic_msgs/include/diagnostic_msgs/msg/detail/diagnostic_status__struct.h
-- Symlinking: /home/saitama1/ros2_foxy/install/diagnostic_msgs/include/diagnostic_msgs/msg/detail/diagnostic_status__type_support.h
-- Symlinking: /home/saitama1/ros2_foxy/install/diagnostic_msgs/include/diagnostic_msgs/msg/detail/key_value__functions.h
-- Symlinking: /home/saitama1/ros2_foxy/install/diagnostic_msgs/include/diagnostic_msgs/msg/detail/key_value__struct.h
-- Symlinking: /home/saitama1/ros2_foxy/install/diagnostic_msgs/include/diagnostic_msgs/msg/detail/key_value__type_support.h
-- Symlinking: /home/saitama1/ros2_foxy/install/diagnostic_msgs/include/diagnostic_msgs/msg/diagnostic_array.h
-- Symlinking: /home/saitama1/ros2_foxy/install/diagnostic_msgs/include/diagnostic_msgs/msg/diagnostic_status.h
-- Symlinking: /home/saitama1/ros2_foxy/install/diagnostic_msgs/include/diagnostic_msgs/msg/key_value.h
-- Symlinking: /home/saitama1/ros2_foxy/install/diagnostic_msgs/include/diagnostic_msgs/msg/rosidl_generator_c__visibility_control.h
-- Symlinking: /home/saitama1/ros2_foxy/install/diagnostic_msgs/include/diagnostic_msgs/srv/add_diagnostics.h
-- Symlinking: /home/saitama1/ros2_foxy/install/diagnostic_msgs/include/diagnostic_msgs/srv/detail/add_diagnostics__functions.h
-- Symlinking: /home/saitama1/ros2_foxy/install/diagnostic_msgs/include/diagnostic_msgs/srv/detail/add_diagnostics__struct.h
-- Symlinking: /home/saitama1/ros2_foxy/install/diagnostic_msgs/include/diagnostic_msgs/srv/detail/add_diagnostics__type_support.h
-- Symlinking: /home/saitama1/ros2_foxy/install/diagnostic_msgs/include/diagnostic_msgs/srv/detail/self_test__functions.h
-- Symlinking: /home/saitama1/ros2_foxy/install/diagnostic_msgs/include/diagnostic_msgs/srv/detail/self_test__struct.h
-- Symlinking: /home/saitama1/ros2_foxy/install/diagnostic_msgs/include/diagnostic_msgs/srv/detail/self_test__type_support.h
-- Symlinking: /home/saitama1/ros2_foxy/install/diagnostic_msgs/include/diagnostic_msgs/srv/self_test.h
-- Symlinking: /home/saitama1/ros2_foxy/install/diagnostic_msgs/share/diagnostic_msgs/environment/library_path.sh
-- Symlinking: /home/saitama1/ros2_foxy/install/diagnostic_msgs/share/diagnostic_msgs/environment/library_path.dsv
-- Symlinking: /home/saitama1/ros2_foxy/install/diagnostic_msgs/include/diagnostic_msgs/msg/detail/diagnostic_array__rosidl_typesupport_introspection_c.h
-- Symlinking: /home/saitama1/ros2_foxy/install/diagnostic_msgs/include/diagnostic_msgs/msg/detail/diagnostic_status__rosidl_typesupport_introspection_c.h
-- Symlinking: /home/saitama1/ros2_foxy/install/diagnostic_msgs/include/diagnostic_msgs/msg/detail/key_value__rosidl_typesupport_introspection_c.h
-- Symlinking: /home/saitama1/ros2_foxy/install/diagnostic_msgs/include/diagnostic_msgs/msg/rosidl_typesupport_introspection_c__visibility_control.h
-- Symlinking: /home/saitama1/ros2_foxy/install/diagnostic_msgs/include/diagnostic_msgs/srv/detail/add_diagnostics__rosidl_typesupport_introspection_c.h
-- Symlinking: /home/saitama1/ros2_foxy/install/diagnostic_msgs/include/diagnostic_msgs/srv/detail/self_test__rosidl_typesupport_introspection_c.h
-- Symlinking: /home/saitama1/ros2_foxy/install/diagnostic_msgs/include/diagnostic_msgs/msg/detail/diagnostic_array__rosidl_typesupport_fastrtps_c.h
-- Symlinking: /home/saitama1/ros2_foxy/install/diagnostic_msgs/include/diagnostic_msgs/msg/detail/diagnostic_status__rosidl_typesupport_fastrtps_c.h
-- Symlinking: /home/saitama1/ros2_foxy/install/diagnostic_msgs/include/diagnostic_msgs/msg/detail/key_value__rosidl_typesupport_fastrtps_c.h
-- Symlinking: /home/saitama1/ros2_foxy/install/diagnostic_msgs/include/diagnostic_msgs/msg/rosidl_typesupport_fastrtps_c__visibility_control.h
-- Symlinking: /home/saitama1/ros2_foxy/install/diagnostic_msgs/include/diagnostic_msgs/srv/detail/add_diagnostics__rosidl_typesupport_fastrtps_c.h
-- Symlinking: /home/saitama1/ros2_foxy/install/diagnostic_msgs/include/diagnostic_msgs/srv/detail/self_test__rosidl_typesupport_fastrtps_c.h
-- Symlinking: /home/saitama1/ros2_foxy/install/diagnostic_msgs/lib/libdiagnostic_msgs__rosidl_typesupport_fastrtps_c.so
-- Symlinking: /home/saitama1/ros2_foxy/install/diagnostic_msgs/include/diagnostic_msgs/msg/detail/diagnostic_array__rosidl_typesupport_fastrtps_cpp.hpp
-- Symlinking: /home/saitama1/ros2_foxy/install/diagnostic_msgs/include/diagnostic_msgs/msg/detail/diagnostic_status__rosidl_typesupport_fastrtps_cpp.hpp
-- Symlinking: /home/saitama1/ros2_foxy/install/diagnostic_msgs/include/diagnostic_msgs/msg/detail/key_value__rosidl_typesupport_fastrtps_cpp.hpp
-- Symlinking: /home/saitama1/ros2_foxy/install/diagnostic_msgs/include/diagnostic_msgs/msg/rosidl_typesupport_fastrtps_cpp__visibility_control.h
-- Symlinking: /home/saitama1/ros2_foxy/install/diagnostic_msgs/include/diagnostic_msgs/srv/detail/add_diagnostics__rosidl_typesupport_fastrtps_cpp.hpp
-- Symlinking: /home/saitama1/ros2_foxy/install/diagnostic_msgs/include/diagnostic_msgs/srv/detail/self_test__rosidl_typesupport_fastrtps_cpp.hpp
-- Symlinking: /home/saitama1/ros2_foxy/install/diagnostic_msgs/lib/libdiagnostic_msgs__rosidl_typesupport_fastrtps_cpp.so
-- Symlinking: /home/saitama1/ros2_foxy/install/diagnostic_msgs/include/diagnostic_msgs/msg/detail/diagnostic_array__builder.hpp
-- Symlinking: /home/saitama1/ros2_foxy/install/diagnostic_msgs/include/diagnostic_msgs/msg/detail/diagnostic_array__struct.hpp
-- Symlinking: /home/saitama1/ros2_foxy/install/diagnostic_msgs/include/diagnostic_msgs/msg/detail/diagnostic_array__traits.hpp
-- Symlinking: /home/saitama1/ros2_foxy/install/diagnostic_msgs/include/diagnostic_msgs/msg/detail/diagnostic_status__builder.hpp
-- Symlinking: /home/saitama1/ros2_foxy/install/diagnostic_msgs/include/diagnostic_msgs/msg/detail/diagnostic_status__struct.hpp
-- Symlinking: /home/saitama1/ros2_foxy/install/diagnostic_msgs/include/diagnostic_msgs/msg/detail/diagnostic_status__traits.hpp
-- Symlinking: /home/saitama1/ros2_foxy/install/diagnostic_msgs/include/diagnostic_msgs/msg/detail/key_value__builder.hpp
-- Symlinking: /home/saitama1/ros2_foxy/install/diagnostic_msgs/include/diagnostic_msgs/msg/detail/key_value__struct.hpp
-- Symlinking: /home/saitama1/ros2_foxy/install/diagnostic_msgs/include/diagnostic_msgs/msg/detail/key_value__traits.hpp
-- Symlinking: /home/saitama1/ros2_foxy/install/diagnostic_msgs/include/diagnostic_msgs/msg/diagnostic_array.hpp
-- Symlinking: /home/saitama1/ros2_foxy/install/diagnostic_msgs/include/diagnostic_msgs/msg/diagnostic_status.hpp
-- Symlinking: /home/saitama1/ros2_foxy/install/diagnostic_msgs/include/diagnostic_msgs/msg/key_value.hpp
-- Symlinking: /home/saitama1/ros2_foxy/install/diagnostic_msgs/include/diagnostic_msgs/srv/add_diagnostics.hpp
-- Symlinking: /home/saitama1/ros2_foxy/install/diagnostic_msgs/include/diagnostic_msgs/srv/detail/add_diagnostics__builder.hpp
-- Symlinking: /home/saitama1/ros2_foxy/install/diagnostic_msgs/include/diagnostic_msgs/srv/detail/add_diagnostics__struct.hpp
-- Symlinking: /home/saitama1/ros2_foxy/install/diagnostic_msgs/include/diagnostic_msgs/srv/detail/add_diagnostics__traits.hpp
-- Symlinking: /home/saitama1/ros2_foxy/install/diagnostic_msgs/include/diagnostic_msgs/srv/detail/self_test__builder.hpp
-- Symlinking: /home/saitama1/ros2_foxy/install/diagnostic_msgs/include/diagnostic_msgs/srv/detail/self_test__struct.hpp
-- Symlinking: /home/saitama1/ros2_foxy/install/diagnostic_msgs/include/diagnostic_msgs/srv/detail/self_test__traits.hpp
-- Symlinking: /home/saitama1/ros2_foxy/install/diagnostic_msgs/include/diagnostic_msgs/srv/self_test.hpp
-- Symlinking: /home/saitama1/ros2_foxy/install/diagnostic_msgs/include/diagnostic_msgs/msg/detail/diagnostic_array__rosidl_typesupport_introspection_cpp.hpp
-- Symlinking: /home/saitama1/ros2_foxy/install/diagnostic_msgs/include/diagnostic_msgs/msg/detail/diagnostic_status__rosidl_typesupport_introspection_cpp.hpp
-- Symlinking: /home/saitama1/ros2_foxy/install/diagnostic_msgs/include/diagnostic_msgs/msg/detail/key_value__rosidl_typesupport_introspection_cpp.hpp
-- Symlinking: /home/saitama1/ros2_foxy/install/diagnostic_msgs/include/diagnostic_msgs/srv/detail/add_diagnostics__rosidl_typesupport_introspection_cpp.hpp
-- Symlinking: /home/saitama1/ros2_foxy/install/diagnostic_msgs/include/diagnostic_msgs/srv/detail/self_test__rosidl_typesupport_introspection_cpp.hpp
-- Symlinking: /home/saitama1/ros2_foxy/install/diagnostic_msgs/share/diagnostic_msgs/environment/pythonpath.sh
-- Symlinking: /home/saitama1/ros2_foxy/install/diagnostic_msgs/share/diagnostic_msgs/environment/pythonpath.dsv
-- Symlinking: /home/saitama1/ros2_foxy/install/diagnostic_msgs/lib/python3.8/site-packages/diagnostic_msgs/__init__.py
-- Symlinking: /home/saitama1/ros2_foxy/install/diagnostic_msgs/lib/python3.8/site-packages/diagnostic_msgs/msg/__init__.py
-- Symlinking: /home/saitama1/ros2_foxy/install/diagnostic_msgs/lib/python3.8/site-packages/diagnostic_msgs/msg/_diagnostic_array.py
-- Symlinking: /home/saitama1/ros2_foxy/install/diagnostic_msgs/lib/python3.8/site-packages/diagnostic_msgs/msg/_diagnostic_status.py
-- Symlinking: /home/saitama1/ros2_foxy/install/diagnostic_msgs/lib/python3.8/site-packages/diagnostic_msgs/msg/_key_value.py
-- Symlinking: /home/saitama1/ros2_foxy/install/diagnostic_msgs/lib/python3.8/site-packages/diagnostic_msgs/srv/__init__.py
-- Symlinking: /home/saitama1/ros2_foxy/install/diagnostic_msgs/lib/python3.8/site-packages/diagnostic_msgs/srv/_add_diagnostics.py
-- Symlinking: /home/saitama1/ros2_foxy/install/diagnostic_msgs/lib/python3.8/site-packages/diagnostic_msgs/srv/_self_test.py
-- Symlinking: /home/saitama1/ros2_foxy/install/diagnostic_msgs/lib/python3.8/site-packages/diagnostic_msgs/diagnostic_msgs_s__rosidl_typesupport_introspection_c.cpython-38-x86_64-linux-gnu.so
-- Symlinking: /home/saitama1/ros2_foxy/install/diagnostic_msgs/lib/python3.8/site-packages/diagnostic_msgs/diagnostic_msgs_s__rosidl_typesupport_fastrtps_c.cpython-38-x86_64-linux-gnu.so
-- Symlinking: /home/saitama1/ros2_foxy/install/diagnostic_msgs/lib/python3.8/site-packages/diagnostic_msgs/diagnostic_msgs_s__rosidl_typesupport_c.cpython-38-x86_64-linux-gnu.so
-- Symlinking: /home/saitama1/ros2_foxy/install/diagnostic_msgs/lib/libdiagnostic_msgs__python.so
-- Symlinking: /home/saitama1/ros2_foxy/install/diagnostic_msgs/share/diagnostic_msgs/msg/DiagnosticArray.idl
-- Symlinking: /home/saitama1/ros2_foxy/install/diagnostic_msgs/share/diagnostic_msgs/msg/DiagnosticStatus.idl
-- Symlinking: /home/saitama1/ros2_foxy/install/diagnostic_msgs/share/diagnostic_msgs/msg/KeyValue.idl
-- Symlinking: /home/saitama1/ros2_foxy/install/diagnostic_msgs/share/diagnostic_msgs/srv/AddDiagnostics.idl
-- Symlinking: /home/saitama1/ros2_foxy/install/diagnostic_msgs/share/diagnostic_msgs/srv/SelfTest.idl
-- Symlinking: /home/saitama1/ros2_foxy/install/diagnostic_msgs/share/diagnostic_msgs/msg/DiagnosticArray.msg
-- Symlinking: /home/saitama1/ros2_foxy/install/diagnostic_msgs/share/diagnostic_msgs/msg/DiagnosticStatus.msg
-- Symlinking: /home/saitama1/ros2_foxy/install/diagnostic_msgs/share/diagnostic_msgs/msg/KeyValue.msg
-- Symlinking: /home/saitama1/ros2_foxy/install/diagnostic_msgs/share/diagnostic_msgs/srv/AddDiagnostics.srv
-- Symlinking: /home/saitama1/ros2_foxy/install/diagnostic_msgs/share/diagnostic_msgs/srv/AddDiagnostics_Request.msg
-- Symlinking: /home/saitama1/ros2_foxy/install/diagnostic_msgs/share/diagnostic_msgs/srv/AddDiagnostics_Response.msg
-- Symlinking: /home/saitama1/ros2_foxy/install/diagnostic_msgs/share/diagnostic_msgs/srv/SelfTest.srv
-- Symlinking: /home/saitama1/ros2_foxy/install/diagnostic_msgs/share/diagnostic_msgs/srv/SelfTest_Request.msg
-- Symlinking: /home/saitama1/ros2_foxy/install/diagnostic_msgs/share/diagnostic_msgs/srv/SelfTest_Response.msg
-- Symlinking: /home/saitama1/ros2_foxy/install/diagnostic_msgs/share/ament_index/resource_index/package_run_dependencies/diagnostic_msgs
-- Symlinking: /home/saitama1/ros2_foxy/install/diagnostic_msgs/share/ament_index/resource_index/parent_prefix_path/diagnostic_msgs
-- Symlinking: /home/saitama1/ros2_foxy/install/diagnostic_msgs/share/diagnostic_msgs/environment/ament_prefix_path.sh
-- Symlinking: /home/saitama1/ros2_foxy/install/diagnostic_msgs/share/diagnostic_msgs/environment/ament_prefix_path.dsv
-- Symlinking: /home/saitama1/ros2_foxy/install/diagnostic_msgs/share/diagnostic_msgs/environment/path.sh
-- Symlinking: /home/saitama1/ros2_foxy/install/diagnostic_msgs/share/diagnostic_msgs/environment/path.dsv
-- Symlinking: /home/saitama1/ros2_foxy/install/diagnostic_msgs/share/diagnostic_msgs/local_setup.bash
-- Symlinking: /home/saitama1/ros2_foxy/install/diagnostic_msgs/share/diagnostic_msgs/local_setup.sh
-- Symlinking: /home/saitama1/ros2_foxy/install/diagnostic_msgs/share/diagnostic_msgs/local_setup.zsh
-- Symlinking: /home/saitama1/ros2_foxy/install/diagnostic_msgs/share/diagnostic_msgs/local_setup.dsv
-- Symlinking: /home/saitama1/ros2_foxy/install/diagnostic_msgs/share/diagnostic_msgs/package.dsv
-- Symlinking: /home/saitama1/ros2_foxy/install/diagnostic_msgs/share/ament_index/resource_index/packages/diagnostic_msgs
-- Symlinking: /home/saitama1/ros2_foxy/install/diagnostic_msgs/share/diagnostic_msgs/cmake/rosidl_cmake-extras.cmake
-- Symlinking: /home/saitama1/ros2_foxy/install/diagnostic_msgs/share/diagnostic_msgs/cmake/ament_cmake_export_dependencies-extras.cmake
-- Symlinking: /home/saitama1/ros2_foxy/install/diagnostic_msgs/share/diagnostic_msgs/cmake/ament_cmake_export_libraries-extras.cmake
-- Symlinking: /home/saitama1/ros2_foxy/install/diagnostic_msgs/share/diagnostic_msgs/cmake/ament_cmake_export_targets-extras.cmake
-- Symlinking: /home/saitama1/ros2_foxy/install/diagnostic_msgs/share/diagnostic_msgs/cmake/ament_cmake_export_include_directories-extras.cmake
-- Symlinking: /home/saitama1/ros2_foxy/install/diagnostic_msgs/share/diagnostic_msgs/cmake/rosidl_cmake_export_typesupport_targets-extras.cmake
-- Symlinking: /home/saitama1/ros2_foxy/install/diagnostic_msgs/share/diagnostic_msgs/cmake/rosidl_cmake_export_typesupport_libraries-extras.cmake
-- Symlinking: /home/saitama1/ros2_foxy/install/diagnostic_msgs/share/diagnostic_msgs/cmake/diagnostic_msgsConfig.cmake
-- Symlinking: /home/saitama1/ros2_foxy/install/diagnostic_msgs/share/diagnostic_msgs/cmake/diagnostic_msgsConfig-version.cmake
-- Symlinking: /home/saitama1/ros2_foxy/install/diagnostic_msgs/share/diagnostic_msgs/package.xml
-- Installing: /home/saitama1/ros2_foxy/install/diagnostic_msgs/lib/libdiagnostic_msgs__rosidl_generator_c.so
-- Set runtime path of "/home/saitama1/ros2_foxy/install/diagnostic_msgs/lib/libdiagnostic_msgs__rosidl_generator_c.so" to ""
-- Installing: /home/saitama1/ros2_foxy/install/diagnostic_msgs/lib/libdiagnostic_msgs__rosidl_typesupport_introspection_c.so
-- Set runtime path of "/home/saitama1/ros2_foxy/install/diagnostic_msgs/lib/libdiagnostic_msgs__rosidl_typesupport_introspection_c.so" to ""
-- Installing: /home/saitama1/ros2_foxy/install/diagnostic_msgs/lib/libdiagnostic_msgs__rosidl_typesupport_c.so
-- Set runtime path of "/home/saitama1/ros2_foxy/install/diagnostic_msgs/lib/libdiagnostic_msgs__rosidl_typesupport_c.so" to ""
-- Installing: /home/saitama1/ros2_foxy/install/diagnostic_msgs/lib/libdiagnostic_msgs__rosidl_typesupport_introspection_cpp.so
-- Set runtime path of "/home/saitama1/ros2_foxy/install/diagnostic_msgs/lib/libdiagnostic_msgs__rosidl_typesupport_introspection_cpp.so" to ""
-- Installing: /home/saitama1/ros2_foxy/install/diagnostic_msgs/lib/libdiagnostic_msgs__rosidl_typesupport_cpp.so
-- Set runtime path of "/home/saitama1/ros2_foxy/install/diagnostic_msgs/lib/libdiagnostic_msgs__rosidl_typesupport_cpp.so" to ""
Compiling '/home/saitama1/ros2_foxy/install/diagnostic_msgs/lib/python3.8/site-packages/diagnostic_msgs/__init__.py'...
-- Up-to-date: /home/saitama1/ros2_foxy/install/diagnostic_msgs/share/diagnostic_msgs/cmake/diagnostic_msgs__rosidl_generator_cExport.cmake
-- Installing: /home/saitama1/ros2_foxy/install/diagnostic_msgs/share/diagnostic_msgs/cmake/diagnostic_msgs__rosidl_generator_cExport-noconfig.cmake
-- Up-to-date: /home/saitama1/ros2_foxy/install/diagnostic_msgs/share/diagnostic_msgs/cmake/diagnostic_msgs__rosidl_typesupport_introspection_cExport.cmake
-- Installing: /home/saitama1/ros2_foxy/install/diagnostic_msgs/share/diagnostic_msgs/cmake/diagnostic_msgs__rosidl_typesupport_introspection_cExport-noconfig.cmake
-- Up-to-date: /home/saitama1/ros2_foxy/install/diagnostic_msgs/share/diagnostic_msgs/cmake/diagnostic_msgs__rosidl_typesupport_cExport.cmake
-- Installing: /home/saitama1/ros2_foxy/install/diagnostic_msgs/share/diagnostic_msgs/cmake/diagnostic_msgs__rosidl_typesupport_cExport-noconfig.cmake
-- Up-to-date: /home/saitama1/ros2_foxy/install/diagnostic_msgs/share/diagnostic_msgs/cmake/diagnostic_msgs__rosidl_generator_cppExport.cmake
-- Up-to-date: /home/saitama1/ros2_foxy/install/diagnostic_msgs/share/diagnostic_msgs/cmake/diagnostic_msgs__rosidl_typesupport_introspection_cppExport.cmake
-- Installing: /home/saitama1/ros2_foxy/install/diagnostic_msgs/share/diagnostic_msgs/cmake/diagnostic_msgs__rosidl_typesupport_introspection_cppExport-noconfig.cmake
-- Up-to-date: /home/saitama1/ros2_foxy/install/diagnostic_msgs/share/diagnostic_msgs/cmake/diagnostic_msgs__rosidl_typesupport_cppExport.cmake
-- Installing: /home/saitama1/ros2_foxy/install/diagnostic_msgs/share/diagnostic_msgs/cmake/diagnostic_msgs__rosidl_typesupport_cppExport-noconfig.cmake
