[0.895s] Invoking command in '/home/saitama1/ros2_foxy/src/ament/ament_package': PYTHONPATH=/home/saitama1/ros2_foxy/install/ament_package/lib/python3.8/site-packages: /usr/bin/python3 setup.py egg_info --egg-base ../../../build/ament_package build --build-base /home/saitama1/ros2_foxy/build/ament_package/build install --prefix /home/saitama1/ros2_foxy/install/ament_package --record /home/saitama1/ros2_foxy/build/ament_package/install.log --single-version-externally-managed
[1.066s] running egg_info
[1.067s] creating ../../../build/ament_package/ament_package.egg-info
[1.067s] writing ../../../build/ament_package/ament_package.egg-info/PKG-INFO
[1.067s] writing dependency_links to ../../../build/ament_package/ament_package.egg-info/dependency_links.txt
[1.067s] writing top-level names to ../../../build/ament_package/ament_package.egg-info/top_level.txt
[1.069s] writing manifest file '../../../build/ament_package/ament_package.egg-info/SOURCES.txt'
[1.104s] reading manifest file '../../../build/ament_package/ament_package.egg-info/SOURCES.txt'
[1.104s] writing manifest file '../../../build/ament_package/ament_package.egg-info/SOURCES.txt'
[1.104s] running build
[1.104s] running build_py
[1.105s] creating /home/saitama1/ros2_foxy/build/ament_package/build
[1.105s] creating /home/saitama1/ros2_foxy/build/ament_package/build/lib
[1.105s] creating /home/saitama1/ros2_foxy/build/ament_package/build/lib/ament_package
[1.105s] copying ament_package/__init__.py -> /home/saitama1/ros2_foxy/build/ament_package/build/lib/ament_package
[1.105s] copying ament_package/templates.py -> /home/saitama1/ros2_foxy/build/ament_package/build/lib/ament_package
[1.105s] creating /home/saitama1/ros2_foxy/build/ament_package/build/lib/ament_package/template
[1.105s] creating /home/saitama1/ros2_foxy/build/ament_package/build/lib/ament_package/template/environment_hook
[1.105s] copying ament_package/template/environment_hook/pythonpath.bat.in -> /home/saitama1/ros2_foxy/build/ament_package/build/lib/ament_package/template/environment_hook
[1.106s] copying ament_package/template/environment_hook/ament_prefix_path.sh -> /home/saitama1/ros2_foxy/build/ament_package/build/lib/ament_package/template/environment_hook
[1.106s] copying ament_package/template/environment_hook/path.bat -> /home/saitama1/ros2_foxy/build/ament_package/build/lib/ament_package/template/environment_hook
[1.106s] copying ament_package/template/environment_hook/path.sh -> /home/saitama1/ros2_foxy/build/ament_package/build/lib/ament_package/template/environment_hook
[1.106s] copying ament_package/template/environment_hook/ament_prefix_path.bat -> /home/saitama1/ros2_foxy/build/ament_package/build/lib/ament_package/template/environment_hook
[1.106s] copying ament_package/template/environment_hook/pkg_config_path.sh -> /home/saitama1/ros2_foxy/build/ament_package/build/lib/ament_package/template/environment_hook
[1.106s] copying ament_package/template/environment_hook/library_path.sh -> /home/saitama1/ros2_foxy/build/ament_package/build/lib/ament_package/template/environment_hook
[1.106s] copying ament_package/template/environment_hook/pythonpath.sh.in -> /home/saitama1/ros2_foxy/build/ament_package/build/lib/ament_package/template/environment_hook
[1.106s] copying ament_package/template/environment_hook/pkg_config_path.bat -> /home/saitama1/ros2_foxy/build/ament_package/build/lib/ament_package/template/environment_hook
[1.107s] creating /home/saitama1/ros2_foxy/build/ament_package/build/lib/ament_package/template/isolated_prefix_level
[1.107s] copying ament_package/template/isolated_prefix_level/_order_isolated_packages.py -> /home/saitama1/ros2_foxy/build/ament_package/build/lib/ament_package/template/isolated_prefix_level
[1.107s] copying ament_package/template/isolated_prefix_level/local_setup.bat.in -> /home/saitama1/ros2_foxy/build/ament_package/build/lib/ament_package/template/isolated_prefix_level
[1.107s] copying ament_package/template/isolated_prefix_level/local_setup.sh.in -> /home/saitama1/ros2_foxy/build/ament_package/build/lib/ament_package/template/isolated_prefix_level
[1.107s] copying ament_package/template/isolated_prefix_level/local_setup.bash -> /home/saitama1/ros2_foxy/build/ament_package/build/lib/ament_package/template/isolated_prefix_level
[1.107s] copying ament_package/template/isolated_prefix_level/local_setup.zsh -> /home/saitama1/ros2_foxy/build/ament_package/build/lib/ament_package/template/isolated_prefix_level
[1.107s] creating /home/saitama1/ros2_foxy/build/ament_package/build/lib/ament_package/template/package_level
[1.107s] copying ament_package/template/package_level/local_setup.bat.in -> /home/saitama1/ros2_foxy/build/ament_package/build/lib/ament_package/template/package_level
[1.108s] copying ament_package/template/package_level/local_setup.sh.in -> /home/saitama1/ros2_foxy/build/ament_package/build/lib/ament_package/template/package_level
[1.108s] copying ament_package/template/package_level/local_setup.bash.in -> /home/saitama1/ros2_foxy/build/ament_package/build/lib/ament_package/template/package_level
[1.108s] copying ament_package/template/package_level/local_setup.zsh.in -> /home/saitama1/ros2_foxy/build/ament_package/build/lib/ament_package/template/package_level
[1.108s] creating /home/saitama1/ros2_foxy/build/ament_package/build/lib/ament_package/template/prefix_level
[1.108s] copying ament_package/template/prefix_level/local_setup.bat.in -> /home/saitama1/ros2_foxy/build/ament_package/build/lib/ament_package/template/prefix_level
[1.108s] copying ament_package/template/prefix_level/setup.sh.in -> /home/saitama1/ros2_foxy/build/ament_package/build/lib/ament_package/template/prefix_level
[1.108s] copying ament_package/template/prefix_level/local_setup.sh.in -> /home/saitama1/ros2_foxy/build/ament_package/build/lib/ament_package/template/prefix_level
[1.108s] copying ament_package/template/prefix_level/_local_setup_util.py -> /home/saitama1/ros2_foxy/build/ament_package/build/lib/ament_package/template/prefix_level
[1.108s] copying ament_package/template/prefix_level/local_setup.bash -> /home/saitama1/ros2_foxy/build/ament_package/build/lib/ament_package/template/prefix_level
[1.108s] copying ament_package/template/prefix_level/local_setup.zsh -> /home/saitama1/ros2_foxy/build/ament_package/build/lib/ament_package/template/prefix_level
[1.108s] copying ament_package/template/prefix_level/setup.bash -> /home/saitama1/ros2_foxy/build/ament_package/build/lib/ament_package/template/prefix_level
[1.108s] copying ament_package/template/prefix_level/setup.bat.in -> /home/saitama1/ros2_foxy/build/ament_package/build/lib/ament_package/template/prefix_level
[1.109s] copying ament_package/template/prefix_level/setup.zsh -> /home/saitama1/ros2_foxy/build/ament_package/build/lib/ament_package/template/prefix_level
[1.109s] running install
[1.109s] running install_lib
[1.109s] creating /home/saitama1/ros2_foxy/install/ament_package/lib/python3.8/site-packages/ament_package
[1.109s] creating /home/saitama1/ros2_foxy/install/ament_package/lib/python3.8/site-packages/ament_package/template
[1.109s] creating /home/saitama1/ros2_foxy/install/ament_package/lib/python3.8/site-packages/ament_package/template/environment_hook
[1.109s] copying /home/saitama1/ros2_foxy/build/ament_package/build/lib/ament_package/template/environment_hook/pythonpath.bat.in -> /home/saitama1/ros2_foxy/install/ament_package/lib/python3.8/site-packages/ament_package/template/environment_hook
[1.110s] copying /home/saitama1/ros2_foxy/build/ament_package/build/lib/ament_package/template/environment_hook/ament_prefix_path.sh -> /home/saitama1/ros2_foxy/install/ament_package/lib/python3.8/site-packages/ament_package/template/environment_hook
[1.110s] copying /home/saitama1/ros2_foxy/build/ament_package/build/lib/ament_package/template/environment_hook/path.bat -> /home/saitama1/ros2_foxy/install/ament_package/lib/python3.8/site-packages/ament_package/template/environment_hook
[1.110s] copying /home/saitama1/ros2_foxy/build/ament_package/build/lib/ament_package/template/environment_hook/path.sh -> /home/saitama1/ros2_foxy/install/ament_package/lib/python3.8/site-packages/ament_package/template/environment_hook
[1.110s] copying /home/saitama1/ros2_foxy/build/ament_package/build/lib/ament_package/template/environment_hook/ament_prefix_path.bat -> /home/saitama1/ros2_foxy/install/ament_package/lib/python3.8/site-packages/ament_package/template/environment_hook
[1.110s] copying /home/saitama1/ros2_foxy/build/ament_package/build/lib/ament_package/template/environment_hook/pkg_config_path.sh -> /home/saitama1/ros2_foxy/install/ament_package/lib/python3.8/site-packages/ament_package/template/environment_hook
[1.110s] copying /home/saitama1/ros2_foxy/build/ament_package/build/lib/ament_package/template/environment_hook/library_path.sh -> /home/saitama1/ros2_foxy/install/ament_package/lib/python3.8/site-packages/ament_package/template/environment_hook
[1.110s] copying /home/saitama1/ros2_foxy/build/ament_package/build/lib/ament_package/template/environment_hook/pythonpath.sh.in -> /home/saitama1/ros2_foxy/install/ament_package/lib/python3.8/site-packages/ament_package/template/environment_hook
[1.110s] copying /home/saitama1/ros2_foxy/build/ament_package/build/lib/ament_package/template/environment_hook/pkg_config_path.bat -> /home/saitama1/ros2_foxy/install/ament_package/lib/python3.8/site-packages/ament_package/template/environment_hook
[1.110s] creating /home/saitama1/ros2_foxy/install/ament_package/lib/python3.8/site-packages/ament_package/template/package_level
[1.111s] copying /home/saitama1/ros2_foxy/build/ament_package/build/lib/ament_package/template/package_level/local_setup.bat.in -> /home/saitama1/ros2_foxy/install/ament_package/lib/python3.8/site-packages/ament_package/template/package_level
[1.111s] copying /home/saitama1/ros2_foxy/build/ament_package/build/lib/ament_package/template/package_level/local_setup.sh.in -> /home/saitama1/ros2_foxy/install/ament_package/lib/python3.8/site-packages/ament_package/template/package_level
[1.111s] copying /home/saitama1/ros2_foxy/build/ament_package/build/lib/ament_package/template/package_level/local_setup.bash.in -> /home/saitama1/ros2_foxy/install/ament_package/lib/python3.8/site-packages/ament_package/template/package_level
[1.111s] copying /home/saitama1/ros2_foxy/build/ament_package/build/lib/ament_package/template/package_level/local_setup.zsh.in -> /home/saitama1/ros2_foxy/install/ament_package/lib/python3.8/site-packages/ament_package/template/package_level
[1.111s] creating /home/saitama1/ros2_foxy/install/ament_package/lib/python3.8/site-packages/ament_package/template/prefix_level
[1.111s] copying /home/saitama1/ros2_foxy/build/ament_package/build/lib/ament_package/template/prefix_level/local_setup.bat.in -> /home/saitama1/ros2_foxy/install/ament_package/lib/python3.8/site-packages/ament_package/template/prefix_level
[1.111s] copying /home/saitama1/ros2_foxy/build/ament_package/build/lib/ament_package/template/prefix_level/setup.sh.in -> /home/saitama1/ros2_foxy/install/ament_package/lib/python3.8/site-packages/ament_package/template/prefix_level
[1.111s] copying /home/saitama1/ros2_foxy/build/ament_package/build/lib/ament_package/template/prefix_level/local_setup.sh.in -> /home/saitama1/ros2_foxy/install/ament_package/lib/python3.8/site-packages/ament_package/template/prefix_level
[1.111s] copying /home/saitama1/ros2_foxy/build/ament_package/build/lib/ament_package/template/prefix_level/_local_setup_util.py -> /home/saitama1/ros2_foxy/install/ament_package/lib/python3.8/site-packages/ament_package/template/prefix_level
[1.112s] copying /home/saitama1/ros2_foxy/build/ament_package/build/lib/ament_package/template/prefix_level/local_setup.bash -> /home/saitama1/ros2_foxy/install/ament_package/lib/python3.8/site-packages/ament_package/template/prefix_level
[1.112s] copying /home/saitama1/ros2_foxy/build/ament_package/build/lib/ament_package/template/prefix_level/local_setup.zsh -> /home/saitama1/ros2_foxy/install/ament_package/lib/python3.8/site-packages/ament_package/template/prefix_level
[1.112s] copying /home/saitama1/ros2_foxy/build/ament_package/build/lib/ament_package/template/prefix_level/setup.bash -> /home/saitama1/ros2_foxy/install/ament_package/lib/python3.8/site-packages/ament_package/template/prefix_level
[1.112s] copying /home/saitama1/ros2_foxy/build/ament_package/build/lib/ament_package/template/prefix_level/setup.bat.in -> /home/saitama1/ros2_foxy/install/ament_package/lib/python3.8/site-packages/ament_package/template/prefix_level
[1.112s] copying /home/saitama1/ros2_foxy/build/ament_package/build/lib/ament_package/template/prefix_level/setup.zsh -> /home/saitama1/ros2_foxy/install/ament_package/lib/python3.8/site-packages/ament_package/template/prefix_level
[1.112s] creating /home/saitama1/ros2_foxy/install/ament_package/lib/python3.8/site-packages/ament_package/template/isolated_prefix_level
[1.112s] copying /home/saitama1/ros2_foxy/build/ament_package/build/lib/ament_package/template/isolated_prefix_level/_order_isolated_packages.py -> /home/saitama1/ros2_foxy/install/ament_package/lib/python3.8/site-packages/ament_package/template/isolated_prefix_level
[1.112s] copying /home/saitama1/ros2_foxy/build/ament_package/build/lib/ament_package/template/isolated_prefix_level/local_setup.bat.in -> /home/saitama1/ros2_foxy/install/ament_package/lib/python3.8/site-packages/ament_package/template/isolated_prefix_level
[1.112s] copying /home/saitama1/ros2_foxy/build/ament_package/build/lib/ament_package/template/isolated_prefix_level/local_setup.sh.in -> /home/saitama1/ros2_foxy/install/ament_package/lib/python3.8/site-packages/ament_package/template/isolated_prefix_level
[1.112s] copying /home/saitama1/ros2_foxy/build/ament_package/build/lib/ament_package/template/isolated_prefix_level/local_setup.bash -> /home/saitama1/ros2_foxy/install/ament_package/lib/python3.8/site-packages/ament_package/template/isolated_prefix_level
[1.112s] copying /home/saitama1/ros2_foxy/build/ament_package/build/lib/ament_package/template/isolated_prefix_level/local_setup.zsh -> /home/saitama1/ros2_foxy/install/ament_package/lib/python3.8/site-packages/ament_package/template/isolated_prefix_level
[1.113s] copying /home/saitama1/ros2_foxy/build/ament_package/build/lib/ament_package/__init__.py -> /home/saitama1/ros2_foxy/install/ament_package/lib/python3.8/site-packages/ament_package
[1.113s] copying /home/saitama1/ros2_foxy/build/ament_package/build/lib/ament_package/templates.py -> /home/saitama1/ros2_foxy/install/ament_package/lib/python3.8/site-packages/ament_package
[1.113s] byte-compiling /home/saitama1/ros2_foxy/install/ament_package/lib/python3.8/site-packages/ament_package/template/prefix_level/_local_setup_util.py to _local_setup_util.cpython-38.pyc
[1.116s] byte-compiling /home/saitama1/ros2_foxy/install/ament_package/lib/python3.8/site-packages/ament_package/template/isolated_prefix_level/_order_isolated_packages.py to _order_isolated_packages.cpython-38.pyc
[1.116s] byte-compiling /home/saitama1/ros2_foxy/install/ament_package/lib/python3.8/site-packages/ament_package/__init__.py to __init__.cpython-38.pyc
[1.116s] byte-compiling /home/saitama1/ros2_foxy/install/ament_package/lib/python3.8/site-packages/ament_package/templates.py to templates.cpython-38.pyc
[1.116s] running install_data
[1.117s] copying package.xml -> /home/saitama1/ros2_foxy/install/ament_package/share/ament_package
[1.117s] creating /home/saitama1/ros2_foxy/install/ament_package/share/ament_index
[1.117s] creating /home/saitama1/ros2_foxy/install/ament_package/share/ament_index/resource_index
[1.117s] creating /home/saitama1/ros2_foxy/install/ament_package/share/ament_index/resource_index/packages
[1.117s] copying resource/ament_package -> /home/saitama1/ros2_foxy/install/ament_package/share/ament_index/resource_index/packages
[1.117s] running install_egg_info
[1.119s] Copying ../../../build/ament_package/ament_package.egg-info to /home/saitama1/ros2_foxy/install/ament_package/lib/python3.8/site-packages/ament_package-0.9.5-py3.8.egg-info
[1.119s] running install_scripts
[1.135s] writing list of installed files to '/home/saitama1/ros2_foxy/build/ament_package/install.log'
[1.169s] Invoked command in '/home/saitama1/ros2_foxy/src/ament/ament_package' returned '0': PYTHONPATH=/home/saitama1/ros2_foxy/install/ament_package/lib/python3.8/site-packages: /usr/bin/python3 setup.py egg_info --egg-base ../../../build/ament_package build --build-base /home/saitama1/ros2_foxy/build/ament_package/build install --prefix /home/saitama1/ros2_foxy/install/ament_package --record /home/saitama1/ros2_foxy/build/ament_package/install.log --single-version-externally-managed
