-- The C compiler identification is GNU 9.3.0
-- The CXX compiler identification is GNU 9.3.0
-- Check for working C compiler: /usr/bin/cc
-- Check for working C compiler: /usr/bin/cc -- works
-- Detecting C compiler ABI info
-- Detecting C compiler ABI info - done
-- Detecting C compile features
-- Detecting C compile features - done
-- Check for working CXX compiler: /usr/bin/c++
-- Check for working CXX compiler: /usr/bin/c++ -- works
-- Detecting CXX compiler ABI info
-- Detecting CXX compiler ABI info - done
-- Detecting CXX compile features
-- Detecting CXX compile features - done
-- Found ament_cmake_ros: 0.9.2 (/home/saitama1/ros2_foxy/install/ament_cmake_ros/share/ament_cmake_ros/cmake)
-- Found PythonInterp: /usr/bin/python3 (found suitable version "3.8.10", minimum required is "3") 
-- Using PYTHON_EXECUTABLE: /usr/bin/python3
-- Found rcpputils: 1.3.1 (/home/saitama1/ros2_foxy/install/rcpputils/share/rcpputils/cmake)
-- Found rmw_dds_common: 1.0.3 (/home/saitama1/ros2_foxy/install/rmw_dds_common/share/rmw_dds_common/cmake)
-- Using all available rosidl_typesupport_c: rosidl_typesupport_fastrtps_c;rosidl_typesupport_introspection_c
-- Found rosidl_adapter: 1.2.1 (/home/saitama1/ros2_foxy/install/rosidl_adapter/share/rosidl_adapter/cmake)
-- Found OpenSSL: /usr/lib/x86_64-linux-gnu/libcrypto.so (found version "1.1.1f")  
-- Found FastRTPS: /home/saitama1/ros2_foxy/install/fastrtps/include  
-- Using all available rosidl_typesupport_cpp: rosidl_typesupport_introspection_cpp;rosidl_typesupport_fastrtps_cpp
-- Found rmw_fastrtps_shared_cpp: 1.2.5 (/home/saitama1/ros2_foxy/install/rmw_fastrtps_shared_cpp/share/rmw_fastrtps_shared_cpp/cmake)
-- Found ament_lint_auto: 0.9.6 (/home/saitama1/ros2_foxy/install/ament_lint_auto/share/ament_lint_auto/cmake)
-- Found gtest sources under '/home/saitama1/ros2_foxy/install/gtest_vendor/src/gtest_vendor': C++ tests using 'Google Test' will be built
-- Looking for pthread.h
-- Looking for pthread.h - found
-- Performing Test CMAKE_HAVE_LIBC_PTHREAD
-- Performing Test CMAKE_HAVE_LIBC_PTHREAD - Failed
-- Check if compiler accepts -pthread
-- Check if compiler accepts -pthread - yes
-- Found Threads: TRUE  
-- Added test 'copyright' to check source files copyright and LICENSE
-- Added test 'cppcheck' to perform static code analysis on C / C++ code
-- Configured cppcheck include dirs: /home/saitama1/ros2_foxy/src/ros2/rmw_fastrtps/rmw_fastrtps_dynamic_cpp/include
-- Configured cppcheck exclude dirs and/or files: 
-- Added test 'cpplint' to check C / C++ code against the Google style
-- Configured cpplint exclude dirs and/or files: 
-- Added test 'lint_cmake' to check CMake code style
-- Added test 'uncrustify' to check C / C++ code style
-- Configured uncrustify additional arguments: 
-- Added test 'xmllint' to check XML markup files
-- Configuring done
-- Generating done
-- Build files have been written to: /home/saitama1/ros2_foxy/build/rmw_fastrtps_dynamic_cpp
[35m[1mScanning dependencies of target rmw_fastrtps_dynamic_cpp[0m
[  1%] [32mBuilding CXX object CMakeFiles/rmw_fastrtps_dynamic_cpp.dir/src/client_service_common.cpp.o[0m
[  3%] [32mBuilding CXX object CMakeFiles/rmw_fastrtps_dynamic_cpp.dir/src/rmw_client.cpp.o[0m
[  5%] [32mBuilding CXX object CMakeFiles/rmw_fastrtps_dynamic_cpp.dir/src/rmw_compare_gids_equal.cpp.o[0m
[  7%] [32mBuilding CXX object CMakeFiles/rmw_fastrtps_dynamic_cpp.dir/src/rmw_count.cpp.o[0m
[  9%] [32mBuilding CXX object CMakeFiles/rmw_fastrtps_dynamic_cpp.dir/src/rmw_event.cpp.o[0m
[ 11%] [32mBuilding CXX object CMakeFiles/rmw_fastrtps_dynamic_cpp.dir/src/rmw_get_gid_for_publisher.cpp.o[0m
[ 13%] [32mBuilding CXX object CMakeFiles/rmw_fastrtps_dynamic_cpp.dir/src/rmw_get_implementation_identifier.cpp.o[0m
[ 15%] [32mBuilding CXX object CMakeFiles/rmw_fastrtps_dynamic_cpp.dir/src/rmw_get_serialization_format.cpp.o[0m
[ 17%] [32mBuilding CXX object CMakeFiles/rmw_fastrtps_dynamic_cpp.dir/src/rmw_get_topic_endpoint_info.cpp.o[0m
[ 19%] [32mBuilding CXX object CMakeFiles/rmw_fastrtps_dynamic_cpp.dir/src/rmw_guard_condition.cpp.o[0m
[ 21%] [32mBuilding CXX object CMakeFiles/rmw_fastrtps_dynamic_cpp.dir/src/rmw_init.cpp.o[0m
[ 23%] [32mBuilding CXX object CMakeFiles/rmw_fastrtps_dynamic_cpp.dir/src/rmw_logging.cpp.o[0m
[ 25%] [32mBuilding CXX object CMakeFiles/rmw_fastrtps_dynamic_cpp.dir/src/rmw_node.cpp.o[0m
[ 27%] [32mBuilding CXX object CMakeFiles/rmw_fastrtps_dynamic_cpp.dir/src/rmw_node_info_and_types.cpp.o[0m
[ 29%] [32mBuilding CXX object CMakeFiles/rmw_fastrtps_dynamic_cpp.dir/src/rmw_node_names.cpp.o[0m
[ 31%] [32mBuilding CXX object CMakeFiles/rmw_fastrtps_dynamic_cpp.dir/src/rmw_publish.cpp.o[0m
[ 33%] [32mBuilding CXX object CMakeFiles/rmw_fastrtps_dynamic_cpp.dir/src/rmw_publisher.cpp.o[0m
[ 35%] [32mBuilding CXX object CMakeFiles/rmw_fastrtps_dynamic_cpp.dir/src/rmw_request.cpp.o[0m
[ 37%] [32mBuilding CXX object CMakeFiles/rmw_fastrtps_dynamic_cpp.dir/src/rmw_response.cpp.o[0m
[ 39%] [32mBuilding CXX object CMakeFiles/rmw_fastrtps_dynamic_cpp.dir/src/rmw_serialize.cpp.o[0m
[ 41%] [32mBuilding CXX object CMakeFiles/rmw_fastrtps_dynamic_cpp.dir/src/rmw_service.cpp.o[0m
[ 43%] [32mBuilding CXX object CMakeFiles/rmw_fastrtps_dynamic_cpp.dir/src/rmw_service_names_and_types.cpp.o[0m
[ 45%] [32mBuilding CXX object CMakeFiles/rmw_fastrtps_dynamic_cpp.dir/src/rmw_service_server_is_available.cpp.o[0m
[ 47%] [32mBuilding CXX object CMakeFiles/rmw_fastrtps_dynamic_cpp.dir/src/rmw_subscription.cpp.o[0m
[ 49%] [32mBuilding CXX object CMakeFiles/rmw_fastrtps_dynamic_cpp.dir/src/rmw_take.cpp.o[0m
[ 50%] [32mBuilding CXX object CMakeFiles/rmw_fastrtps_dynamic_cpp.dir/src/rmw_topic_names_and_types.cpp.o[0m
[ 52%] [32mBuilding CXX object CMakeFiles/rmw_fastrtps_dynamic_cpp.dir/src/rmw_trigger_guard_condition.cpp.o[0m
[ 54%] [32mBuilding CXX object CMakeFiles/rmw_fastrtps_dynamic_cpp.dir/src/rmw_wait.cpp.o[0m
[ 56%] [32mBuilding CXX object CMakeFiles/rmw_fastrtps_dynamic_cpp.dir/src/rmw_wait_set.cpp.o[0m
[ 58%] [32mBuilding CXX object CMakeFiles/rmw_fastrtps_dynamic_cpp.dir/src/serialization_format.cpp.o[0m
[ 60%] [32mBuilding CXX object CMakeFiles/rmw_fastrtps_dynamic_cpp.dir/src/subscription.cpp.o[0m
[ 62%] [32mBuilding CXX object CMakeFiles/rmw_fastrtps_dynamic_cpp.dir/src/type_support_common.cpp.o[0m
[ 64%] [32mBuilding CXX object CMakeFiles/rmw_fastrtps_dynamic_cpp.dir/src/publisher.cpp.o[0m
[ 66%] [32mBuilding CXX object CMakeFiles/rmw_fastrtps_dynamic_cpp.dir/src/type_support_proxy.cpp.o[0m
[ 68%] [32mBuilding CXX object CMakeFiles/rmw_fastrtps_dynamic_cpp.dir/src/type_support_registry.cpp.o[0m
[ 70%] [32mBuilding CXX object CMakeFiles/rmw_fastrtps_dynamic_cpp.dir/src/init_rmw_context_impl.cpp.o[0m
[ 72%] [32mBuilding CXX object CMakeFiles/rmw_fastrtps_dynamic_cpp.dir/src/identifier.cpp.o[0m
[ 74%] [32mBuilding CXX object CMakeFiles/rmw_fastrtps_dynamic_cpp.dir/src/get_subscriber.cpp.o[0m
[ 76%] [32mBuilding CXX object CMakeFiles/rmw_fastrtps_dynamic_cpp.dir/src/get_service.cpp.o[0m
[ 78%] [32mBuilding CXX object CMakeFiles/rmw_fastrtps_dynamic_cpp.dir/src/get_publisher.cpp.o[0m
[ 80%] [32mBuilding CXX object CMakeFiles/rmw_fastrtps_dynamic_cpp.dir/src/get_participant.cpp.o[0m
[ 82%] [32mBuilding CXX object CMakeFiles/rmw_fastrtps_dynamic_cpp.dir/src/get_client.cpp.o[0m
[ 84%] [32m[1mLinking CXX shared library librmw_fastrtps_dynamic_cpp.so[0m
[ 84%] Built target rmw_fastrtps_dynamic_cpp
[35m[1mScanning dependencies of target gtest[0m
[ 86%] [32mBuilding CXX object gtest/CMakeFiles/gtest.dir/src/gtest-all.cc.o[0m
[ 88%] [32m[1mLinking CXX static library libgtest.a[0m
[ 88%] Built target gtest
[35m[1mScanning dependencies of target gtest_main[0m
[ 90%] [32mBuilding CXX object gtest/CMakeFiles/gtest_main.dir/src/gtest_main.cc.o[0m
[ 92%] [32m[1mLinking CXX static library libgtest_main.a[0m
[ 92%] Built target gtest_main
[35m[1mScanning dependencies of target test_get_native_entities[0m
[ 94%] [32mBuilding CXX object CMakeFiles/test_get_native_entities.dir/test/test_get_native_entities.cpp.o[0m
[ 96%] [32m[1mLinking CXX executable test_get_native_entities[0m
[ 96%] Built target test_get_native_entities
[35m[1mScanning dependencies of target test_logging[0m
[ 98%] [32mBuilding CXX object CMakeFiles/test_logging.dir/test/test_logging.cpp.o[0m
[100%] [32m[1mLinking CXX executable test_logging[0m
[100%] Built target test_logging
-- Install configuration: ""
-- Installing: /home/saitama1/ros2_foxy/install/rmw_fastrtps_dynamic_cpp/share/rmw_fastrtps_dynamic_cpp/environment/library_path.sh
-- Installing: /home/saitama1/ros2_foxy/install/rmw_fastrtps_dynamic_cpp/share/rmw_fastrtps_dynamic_cpp/environment/library_path.dsv
-- Installing: /home/saitama1/ros2_foxy/install/rmw_fastrtps_dynamic_cpp/share/ament_index/resource_index/rmw_typesupport_c/rmw_fastrtps_dynamic_cpp
-- Installing: /home/saitama1/ros2_foxy/install/rmw_fastrtps_dynamic_cpp/share/ament_index/resource_index/rmw_typesupport_cpp/rmw_fastrtps_dynamic_cpp
-- Installing: /home/saitama1/ros2_foxy/install/rmw_fastrtps_dynamic_cpp/share/ament_index/resource_index/rmw_typesupport/rmw_fastrtps_dynamic_cpp
-- Installing: /home/saitama1/ros2_foxy/install/rmw_fastrtps_dynamic_cpp/share/ament_index/resource_index/package_run_dependencies/rmw_fastrtps_dynamic_cpp
-- Installing: /home/saitama1/ros2_foxy/install/rmw_fastrtps_dynamic_cpp/share/ament_index/resource_index/parent_prefix_path/rmw_fastrtps_dynamic_cpp
-- Installing: /home/saitama1/ros2_foxy/install/rmw_fastrtps_dynamic_cpp/share/rmw_fastrtps_dynamic_cpp/environment/ament_prefix_path.sh
-- Installing: /home/saitama1/ros2_foxy/install/rmw_fastrtps_dynamic_cpp/share/rmw_fastrtps_dynamic_cpp/environment/ament_prefix_path.dsv
-- Installing: /home/saitama1/ros2_foxy/install/rmw_fastrtps_dynamic_cpp/share/rmw_fastrtps_dynamic_cpp/environment/path.sh
-- Installing: /home/saitama1/ros2_foxy/install/rmw_fastrtps_dynamic_cpp/share/rmw_fastrtps_dynamic_cpp/environment/path.dsv
-- Installing: /home/saitama1/ros2_foxy/install/rmw_fastrtps_dynamic_cpp/share/rmw_fastrtps_dynamic_cpp/local_setup.bash
-- Installing: /home/saitama1/ros2_foxy/install/rmw_fastrtps_dynamic_cpp/share/rmw_fastrtps_dynamic_cpp/local_setup.sh
-- Installing: /home/saitama1/ros2_foxy/install/rmw_fastrtps_dynamic_cpp/share/rmw_fastrtps_dynamic_cpp/local_setup.zsh
-- Installing: /home/saitama1/ros2_foxy/install/rmw_fastrtps_dynamic_cpp/share/rmw_fastrtps_dynamic_cpp/local_setup.dsv
-- Installing: /home/saitama1/ros2_foxy/install/rmw_fastrtps_dynamic_cpp/share/rmw_fastrtps_dynamic_cpp/package.dsv
-- Installing: /home/saitama1/ros2_foxy/install/rmw_fastrtps_dynamic_cpp/share/ament_index/resource_index/packages/rmw_fastrtps_dynamic_cpp
-- Installing: /home/saitama1/ros2_foxy/install/rmw_fastrtps_dynamic_cpp/share/rmw_fastrtps_dynamic_cpp/cmake/ament_cmake_export_include_directories-extras.cmake
-- Installing: /home/saitama1/ros2_foxy/install/rmw_fastrtps_dynamic_cpp/share/rmw_fastrtps_dynamic_cpp/cmake/ament_cmake_export_libraries-extras.cmake
-- Installing: /home/saitama1/ros2_foxy/install/rmw_fastrtps_dynamic_cpp/share/rmw_fastrtps_dynamic_cpp/cmake/ament_cmake_export_dependencies-extras.cmake
-- Installing: /home/saitama1/ros2_foxy/install/rmw_fastrtps_dynamic_cpp/share/rmw_fastrtps_dynamic_cpp/cmake/rmw_fastrtps_dynamic_cpp-extras.cmake
-- Installing: /home/saitama1/ros2_foxy/install/rmw_fastrtps_dynamic_cpp/share/rmw_fastrtps_dynamic_cpp/cmake/rmw_fastrtps_dynamic_cppConfig.cmake
-- Installing: /home/saitama1/ros2_foxy/install/rmw_fastrtps_dynamic_cpp/share/rmw_fastrtps_dynamic_cpp/cmake/rmw_fastrtps_dynamic_cppConfig-version.cmake
-- Installing: /home/saitama1/ros2_foxy/install/rmw_fastrtps_dynamic_cpp/share/rmw_fastrtps_dynamic_cpp/package.xml
-- Installing: /home/saitama1/ros2_foxy/install/rmw_fastrtps_dynamic_cpp/include
-- Installing: /home/saitama1/ros2_foxy/install/rmw_fastrtps_dynamic_cpp/include/rmw_fastrtps_dynamic_cpp
-- Installing: /home/saitama1/ros2_foxy/install/rmw_fastrtps_dynamic_cpp/include/rmw_fastrtps_dynamic_cpp/get_client.hpp
-- Installing: /home/saitama1/ros2_foxy/install/rmw_fastrtps_dynamic_cpp/include/rmw_fastrtps_dynamic_cpp/TypeSupport_impl.hpp
-- Installing: /home/saitama1/ros2_foxy/install/rmw_fastrtps_dynamic_cpp/include/rmw_fastrtps_dynamic_cpp/MessageTypeSupport.hpp
-- Installing: /home/saitama1/ros2_foxy/install/rmw_fastrtps_dynamic_cpp/include/rmw_fastrtps_dynamic_cpp/get_service.hpp
-- Installing: /home/saitama1/ros2_foxy/install/rmw_fastrtps_dynamic_cpp/include/rmw_fastrtps_dynamic_cpp/get_publisher.hpp
-- Installing: /home/saitama1/ros2_foxy/install/rmw_fastrtps_dynamic_cpp/include/rmw_fastrtps_dynamic_cpp/serialization_format.hpp
-- Installing: /home/saitama1/ros2_foxy/install/rmw_fastrtps_dynamic_cpp/include/rmw_fastrtps_dynamic_cpp/TypeSupport.hpp
-- Installing: /home/saitama1/ros2_foxy/install/rmw_fastrtps_dynamic_cpp/include/rmw_fastrtps_dynamic_cpp/ServiceTypeSupport.hpp
-- Installing: /home/saitama1/ros2_foxy/install/rmw_fastrtps_dynamic_cpp/include/rmw_fastrtps_dynamic_cpp/publisher.hpp
-- Installing: /home/saitama1/ros2_foxy/install/rmw_fastrtps_dynamic_cpp/include/rmw_fastrtps_dynamic_cpp/identifier.hpp
-- Installing: /home/saitama1/ros2_foxy/install/rmw_fastrtps_dynamic_cpp/include/rmw_fastrtps_dynamic_cpp/MessageTypeSupport_impl.hpp
-- Installing: /home/saitama1/ros2_foxy/install/rmw_fastrtps_dynamic_cpp/include/rmw_fastrtps_dynamic_cpp/ServiceTypeSupport_impl.hpp
-- Installing: /home/saitama1/ros2_foxy/install/rmw_fastrtps_dynamic_cpp/include/rmw_fastrtps_dynamic_cpp/init_rmw_context_impl.hpp
-- Installing: /home/saitama1/ros2_foxy/install/rmw_fastrtps_dynamic_cpp/include/rmw_fastrtps_dynamic_cpp/subscription.hpp
-- Installing: /home/saitama1/ros2_foxy/install/rmw_fastrtps_dynamic_cpp/include/rmw_fastrtps_dynamic_cpp/visibility_control.h
-- Installing: /home/saitama1/ros2_foxy/install/rmw_fastrtps_dynamic_cpp/include/rmw_fastrtps_dynamic_cpp/get_participant.hpp
-- Installing: /home/saitama1/ros2_foxy/install/rmw_fastrtps_dynamic_cpp/include/rmw_fastrtps_dynamic_cpp/macros.hpp
-- Installing: /home/saitama1/ros2_foxy/install/rmw_fastrtps_dynamic_cpp/include/rmw_fastrtps_dynamic_cpp/get_subscriber.hpp
-- Installing: /home/saitama1/ros2_foxy/install/rmw_fastrtps_dynamic_cpp/lib/librmw_fastrtps_dynamic_cpp.so
-- Set runtime path of "/home/saitama1/ros2_foxy/install/rmw_fastrtps_dynamic_cpp/lib/librmw_fastrtps_dynamic_cpp.so" to ""
