[0.039s] Invoking command in '/home/saitama1/Pictures/ros2-picas/ros2_foxy/build/mrt_cmake_modules': AMENT_PREFIX_PATH=/home/saitama1/Pictures/ros2-picas/ros2_foxy/install/ros_environment CMAKE_PREFIX_PATH=/home/saitama1/Pictures/ros2-picas/ros2_foxy/install/ros_environment ROS_DISTRO=foxy ROS_PYTHON_VERSION=3 ROS_VERSION=2 /usr/bin/cmake /home/saitama1/Pictures/ros2-picas/ros2_foxy/src/autoware_build_parts/mrt_cmake_modules -DCATKIN_INSTALL_INTO_PREFIX_ROOT=0 -DCMAKE_INSTALL_PREFIX=/home/saitama1/Pictures/ros2-picas/ros2_foxy/install/mrt_cmake_modules
[0.156s] -- The C compiler identification is GNU 9.3.0
[0.239s] -- The CXX compiler identification is GNU 9.3.0
[0.246s] -- Check for working C compiler: /usr/bin/cc
[0.308s] -- Check for working C compiler: /usr/bin/cc -- works
[0.309s] -- Detecting C compiler ABI info
[0.373s] -- Detecting C compiler ABI info - done
[0.385s] -- Detecting C compile features
[0.386s] -- Detecting C compile features - done
[0.390s] -- Check for working CXX compiler: /usr/bin/c++
[0.458s] -- Check for working CXX compiler: /usr/bin/c++ -- works
[0.460s] -- Detecting CXX compiler ABI info
[0.527s] -- Detecting CXX compiler ABI info - done
[0.543s] -- Detecting CXX compile features
[0.543s] -- Detecting CXX compile features - done
[0.554s] CMake Error at CMakeLists.txt:11 (find_package):
[0.555s]   By not providing "Findament_cmake_core.cmake" in CMAKE_MODULE_PATH this
[0.555s]   project has asked CMake to find a package configuration file provided by
[0.555s]   "ament_cmake_core", but CMake did not find one.
[0.555s] 
[0.555s]   Could not find a package configuration file provided by "ament_cmake_core"
[0.555s]   with any of the following names:
[0.555s] 
[0.556s]     ament_cmake_coreConfig.cmake
[0.556s]     ament_cmake_core-config.cmake
[0.556s] 
[0.556s]   Add the installation prefix of "ament_cmake_core" to CMAKE_PREFIX_PATH or
[0.556s]   set "ament_cmake_core_DIR" to a directory containing one of the above
[0.556s]   files.  If "ament_cmake_core" provides a separate development package or
[0.556s]   SDK, be sure it has been installed.
[0.556s] 
[0.556s] 
[0.557s] -- Configuring incomplete, errors occurred!
[0.557s] See also "/home/saitama1/Pictures/ros2-picas/ros2_foxy/build/mrt_cmake_modules/CMakeFiles/CMakeOutput.log".
[0.859s] Invoked command in '/home/saitama1/Pictures/ros2-picas/ros2_foxy/build/mrt_cmake_modules' returned '1': AMENT_PREFIX_PATH=/home/saitama1/Pictures/ros2-picas/ros2_foxy/install/ros_environment CMAKE_PREFIX_PATH=/home/saitama1/Pictures/ros2-picas/ros2_foxy/install/ros_environment ROS_DISTRO=foxy ROS_PYTHON_VERSION=3 ROS_VERSION=2 /usr/bin/cmake /home/saitama1/Pictures/ros2-picas/ros2_foxy/src/autoware_build_parts/mrt_cmake_modules -DCATKIN_INSTALL_INTO_PREFIX_ROOT=0 -DCMAKE_INSTALL_PREFIX=/home/saitama1/Pictures/ros2-picas/ros2_foxy/install/mrt_cmake_modules
