-- The C compiler identification is GNU 9.3.0
-- The CXX compiler identification is GNU 9.3.0
-- Check for working C compiler: /usr/bin/cc
-- Check for working C compiler: /usr/bin/cc -- works
-- Detecting C compiler ABI info
-- Detecting C compiler ABI info - done
-- Detecting C compile features
-- Detecting C compile features - done
-- Check for working CXX compiler: /usr/bin/c++
-- Check for working CXX compiler: /usr/bin/c++ -- works
-- Detecting CXX compiler ABI info
-- Detecting CXX compiler ABI info - done
-- Detecting CXX compile features
-- Detecting CXX compile features - done
-- Found ament_cmake: 0.9.8 (/home/saitama1/ros2_foxy/install/ament_cmake/share/ament_cmake/cmake)
-- Found PythonInterp: /usr/bin/python3 (found suitable version "3.8.10", minimum required is "3") 
-- Using PYTHON_EXECUTABLE: /usr/bin/python3
-- Found rosidl_default_generators: 1.0.1 (/home/saitama1/ros2_foxy/install/rosidl_default_generators/share/rosidl_default_generators/cmake)
-- Using all available rosidl_typesupport_c: rosidl_typesupport_fastrtps_c;rosidl_typesupport_introspection_c
-- Found rosidl_adapter: 1.2.1 (/home/saitama1/ros2_foxy/install/rosidl_adapter/share/rosidl_adapter/cmake)
-- Found OpenSSL: /usr/lib/x86_64-linux-gnu/libcrypto.so (found version "1.1.1f")  
-- Found FastRTPS: /home/saitama1/ros2_foxy/install/fastrtps/include  
-- Using all available rosidl_typesupport_cpp: rosidl_typesupport_introspection_cpp;rosidl_typesupport_fastrtps_cpp
-- Found nav_msgs: 2.0.4 (/home/saitama1/ros2_foxy/install/nav_msgs/share/nav_msgs/cmake)
-- Found sensor_msgs: 2.0.4 (/home/saitama1/ros2_foxy/install/sensor_msgs/share/sensor_msgs/cmake)
-- Found PythonInterp: /usr/bin/python3 (found version "3.8.10") 
-- Found ament_cmake_cppcheck: 0.9.6 (/home/saitama1/ros2_foxy/install/ament_cmake_cppcheck/share/ament_cmake_cppcheck/cmake)
-- Found ament_cmake_cpplint: 0.9.6 (/home/saitama1/ros2_foxy/install/ament_cmake_cpplint/share/ament_cmake_cpplint/cmake)
-- Found ament_cmake_uncrustify: 0.9.6 (/home/saitama1/ros2_foxy/install/ament_cmake_uncrustify/share/ament_cmake_uncrustify/cmake)
-- Found ament_cmake_ros: 0.9.2 (/home/saitama1/ros2_foxy/install/ament_cmake_ros/share/ament_cmake_ros/cmake)
-- Using all available rosidl_typesupport_c: rosidl_typesupport_fastrtps_c;rosidl_typesupport_introspection_c
-- Using all available rosidl_typesupport_cpp: rosidl_typesupport_introspection_cpp;rosidl_typesupport_fastrtps_cpp
-- Found PythonInterp: /usr/bin/python3 (found suitable version "3.8.10", minimum required is "3.5") 
-- Found python_cmake_module: 0.8.1 (/home/saitama1/ros2_foxy/install/python_cmake_module/share/python_cmake_module/cmake)
-- Found PythonLibs: /usr/lib/x86_64-linux-gnu/libpython3.8.so (found suitable version "3.8.10", minimum required is "3.5") 
-- Using PYTHON_EXECUTABLE: /usr/bin/python3
-- Using PYTHON_INCLUDE_DIRS: /usr/include/python3.8
-- Using PYTHON_LIBRARIES: /usr/lib/x86_64-linux-gnu/libpython3.8.so
-- Found PythonExtra: .so  
-- Found ament_cmake_flake8: 0.9.6 (/home/saitama1/ros2_foxy/install/ament_cmake_flake8/share/ament_cmake_flake8/cmake)
-- Found ament_cmake_pep257: 0.9.6 (/home/saitama1/ros2_foxy/install/ament_cmake_pep257/share/ament_cmake_pep257/cmake)
-- Configuring done
-- Generating done
-- Build files have been written to: /home/saitama1/ros2_foxy/build/map_msgs
[35m[1mScanning dependencies of target map_msgs__cpp[0m
[  1%] [34m[1mGenerating C code for ROS interfaces[0m
[  1%] [34m[1mGenerating C++ code for ROS interfaces[0m
[  1%] Built target map_msgs__cpp
[  2%] [34m[1mGenerating C++ type support dispatch for ROS interfaces[0m
[  3%] [34m[1mGenerating C++ type support for eProsima Fast-RTPS[0m
[  4%] [34m[1mGenerating C++ introspection for ROS interfaces[0m
[35m[1mScanning dependencies of target map_msgs__rosidl_generator_c[0m
[  5%] [32mBuilding C object CMakeFiles/map_msgs__rosidl_generator_c.dir/rosidl_generator_c/map_msgs/msg/detail/point_cloud2_update__functions.c.o[0m
[  6%] [32mBuilding C object CMakeFiles/map_msgs__rosidl_generator_c.dir/rosidl_generator_c/map_msgs/msg/detail/occupancy_grid_update__functions.c.o[0m
[  7%] [32mBuilding C object CMakeFiles/map_msgs__rosidl_generator_c.dir/rosidl_generator_c/map_msgs/msg/detail/projected_map_info__functions.c.o[0m
[  8%] [32mBuilding C object CMakeFiles/map_msgs__rosidl_generator_c.dir/rosidl_generator_c/map_msgs/msg/detail/projected_map__functions.c.o[0m
[  9%] [32mBuilding C object CMakeFiles/map_msgs__rosidl_generator_c.dir/rosidl_generator_c/map_msgs/srv/detail/get_map_roi__functions.c.o[0m
[ 11%] [32mBuilding C object CMakeFiles/map_msgs__rosidl_generator_c.dir/rosidl_generator_c/map_msgs/srv/detail/set_map_projections__functions.c.o[0m
[ 10%] [32mBuilding C object CMakeFiles/map_msgs__rosidl_generator_c.dir/rosidl_generator_c/map_msgs/srv/detail/save_map__functions.c.o[0m
[ 12%] [32mBuilding C object CMakeFiles/map_msgs__rosidl_generator_c.dir/rosidl_generator_c/map_msgs/srv/detail/projected_maps_info__functions.c.o[0m
[ 13%] [32mBuilding C object CMakeFiles/map_msgs__rosidl_generator_c.dir/rosidl_generator_c/map_msgs/srv/detail/get_point_map__functions.c.o[0m
[ 14%] [32mBuilding C object CMakeFiles/map_msgs__rosidl_generator_c.dir/rosidl_generator_c/map_msgs/srv/detail/get_point_map_roi__functions.c.o[0m
[ 15%] [32m[1mLinking C shared library libmap_msgs__rosidl_generator_c.so[0m
[ 15%] Built target map_msgs__rosidl_generator_c
[ 16%] [34m[1mGenerating C introspection for ROS interfaces[0m
[ 17%] [34m[1mGenerating C type support dispatch for ROS interfaces[0m
[35m[1mScanning dependencies of target map_msgs__rosidl_typesupport_cpp[0m
[ 18%] [32mBuilding CXX object CMakeFiles/map_msgs__rosidl_typesupport_cpp.dir/rosidl_typesupport_cpp/map_msgs/msg/occupancy_grid_update__type_support.cpp.o[0m
[ 19%] [32mBuilding CXX object CMakeFiles/map_msgs__rosidl_typesupport_cpp.dir/rosidl_typesupport_cpp/map_msgs/msg/point_cloud2_update__type_support.cpp.o[0m
[ 20%] [32mBuilding CXX object CMakeFiles/map_msgs__rosidl_typesupport_cpp.dir/rosidl_typesupport_cpp/map_msgs/msg/projected_map_info__type_support.cpp.o[0m
[ 21%] [32mBuilding CXX object CMakeFiles/map_msgs__rosidl_typesupport_cpp.dir/rosidl_typesupport_cpp/map_msgs/msg/projected_map__type_support.cpp.o[0m
[ 22%] [32mBuilding CXX object CMakeFiles/map_msgs__rosidl_typesupport_cpp.dir/rosidl_typesupport_cpp/map_msgs/srv/get_map_roi__type_support.cpp.o[0m
[35m[1mScanning dependencies of target map_msgs__rosidl_typesupport_introspection_cpp[0m
[35m[1mScanning dependencies of target map_msgs__rosidl_typesupport_fastrtps_cpp[0m
[ 23%] [32mBuilding CXX object CMakeFiles/map_msgs__rosidl_typesupport_introspection_cpp.dir/rosidl_typesupport_introspection_cpp/map_msgs/msg/detail/occupancy_grid_update__type_support.cpp.o[0m
[ 24%] [32mBuilding CXX object CMakeFiles/map_msgs__rosidl_typesupport_fastrtps_cpp.dir/rosidl_typesupport_fastrtps_cpp/map_msgs/msg/detail/dds_fastrtps/occupancy_grid_update__type_support.cpp.o[0m
[ 25%] [32mBuilding CXX object CMakeFiles/map_msgs__rosidl_typesupport_cpp.dir/rosidl_typesupport_cpp/map_msgs/srv/projected_maps_info__type_support.cpp.o[0m
[ 26%] [32mBuilding CXX object CMakeFiles/map_msgs__rosidl_typesupport_cpp.dir/rosidl_typesupport_cpp/map_msgs/srv/get_point_map__type_support.cpp.o[0m
[ 27%] [32mBuilding CXX object CMakeFiles/map_msgs__rosidl_typesupport_cpp.dir/rosidl_typesupport_cpp/map_msgs/srv/get_point_map_roi__type_support.cpp.o[0m
[ 28%] [32mBuilding CXX object CMakeFiles/map_msgs__rosidl_typesupport_fastrtps_cpp.dir/rosidl_typesupport_fastrtps_cpp/map_msgs/msg/detail/dds_fastrtps/point_cloud2_update__type_support.cpp.o[0m
[ 28%] [32mBuilding CXX object CMakeFiles/map_msgs__rosidl_typesupport_fastrtps_cpp.dir/rosidl_typesupport_fastrtps_cpp/map_msgs/msg/detail/dds_fastrtps/projected_map_info__type_support.cpp.o[0m
[ 29%] [32mBuilding CXX object CMakeFiles/map_msgs__rosidl_typesupport_fastrtps_cpp.dir/rosidl_typesupport_fastrtps_cpp/map_msgs/msg/detail/dds_fastrtps/projected_map__type_support.cpp.o[0m
[ 30%] [32mBuilding CXX object CMakeFiles/map_msgs__rosidl_typesupport_cpp.dir/rosidl_typesupport_cpp/map_msgs/srv/save_map__type_support.cpp.o[0m
[35m[1mScanning dependencies of target map_msgs__rosidl_typesupport_c[0m
[ 31%] [32mBuilding CXX object CMakeFiles/map_msgs__rosidl_typesupport_introspection_cpp.dir/rosidl_typesupport_introspection_cpp/map_msgs/msg/detail/point_cloud2_update__type_support.cpp.o[0m
[ 32%] [32mBuilding CXX object CMakeFiles/map_msgs__rosidl_typesupport_fastrtps_cpp.dir/rosidl_typesupport_fastrtps_cpp/map_msgs/srv/detail/dds_fastrtps/get_map_roi__type_support.cpp.o[0m
[ 33%] [32mBuilding CXX object CMakeFiles/map_msgs__rosidl_typesupport_cpp.dir/rosidl_typesupport_cpp/map_msgs/srv/set_map_projections__type_support.cpp.o[0m
[ 34%] [32mBuilding CXX object CMakeFiles/map_msgs__rosidl_typesupport_c.dir/rosidl_typesupport_c/map_msgs/msg/occupancy_grid_update__type_support.cpp.o[0m
[35m[1mScanning dependencies of target map_msgs__rosidl_typesupport_introspection_c[0m
[ 35%] [32mBuilding CXX object CMakeFiles/map_msgs__rosidl_typesupport_c.dir/rosidl_typesupport_c/map_msgs/msg/point_cloud2_update__type_support.cpp.o[0m
[ 36%] [32mBuilding C object CMakeFiles/map_msgs__rosidl_typesupport_introspection_c.dir/rosidl_typesupport_introspection_c/map_msgs/msg/detail/occupancy_grid_update__type_support.c.o[0m
[ 37%] [32mBuilding CXX object CMakeFiles/map_msgs__rosidl_typesupport_c.dir/rosidl_typesupport_c/map_msgs/msg/projected_map__type_support.cpp.o[0m
[ 38%] [32mBuilding CXX object CMakeFiles/map_msgs__rosidl_typesupport_c.dir/rosidl_typesupport_c/map_msgs/msg/projected_map_info__type_support.cpp.o[0m
[ 39%] [32mBuilding CXX object CMakeFiles/map_msgs__rosidl_typesupport_c.dir/rosidl_typesupport_c/map_msgs/srv/get_map_roi__type_support.cpp.o[0m
[ 40%] [32mBuilding CXX object CMakeFiles/map_msgs__rosidl_typesupport_introspection_cpp.dir/rosidl_typesupport_introspection_cpp/map_msgs/msg/detail/projected_map_info__type_support.cpp.o[0m
[ 41%] [32mBuilding CXX object CMakeFiles/map_msgs__rosidl_typesupport_fastrtps_cpp.dir/rosidl_typesupport_fastrtps_cpp/map_msgs/srv/detail/dds_fastrtps/get_point_map_roi__type_support.cpp.o[0m
[ 42%] [32mBuilding C object CMakeFiles/map_msgs__rosidl_typesupport_introspection_c.dir/rosidl_typesupport_introspection_c/map_msgs/msg/detail/point_cloud2_update__type_support.c.o[0m
[ 43%] [32mBuilding CXX object CMakeFiles/map_msgs__rosidl_typesupport_introspection_cpp.dir/rosidl_typesupport_introspection_cpp/map_msgs/msg/detail/projected_map__type_support.cpp.o[0m
[ 44%] [32mBuilding CXX object CMakeFiles/map_msgs__rosidl_typesupport_c.dir/rosidl_typesupport_c/map_msgs/srv/get_point_map_roi__type_support.cpp.o[0m
[ 45%] [32mBuilding C object CMakeFiles/map_msgs__rosidl_typesupport_introspection_c.dir/rosidl_typesupport_introspection_c/map_msgs/msg/detail/projected_map__type_support.c.o[0m
[ 46%] [32mBuilding CXX object CMakeFiles/map_msgs__rosidl_typesupport_c.dir/rosidl_typesupport_c/map_msgs/srv/get_point_map__type_support.cpp.o[0m
[ 47%] [32m[1mLinking CXX shared library libmap_msgs__rosidl_typesupport_cpp.so[0m
[ 48%] [32mBuilding C object CMakeFiles/map_msgs__rosidl_typesupport_introspection_c.dir/rosidl_typesupport_introspection_c/map_msgs/srv/detail/get_map_roi__type_support.c.o[0m
[ 48%] [32mBuilding CXX object CMakeFiles/map_msgs__rosidl_typesupport_c.dir/rosidl_typesupport_c/map_msgs/srv/save_map__type_support.cpp.o[0m
[ 48%] Built target map_msgs__rosidl_typesupport_cpp
[ 49%] [32mBuilding C object CMakeFiles/map_msgs__rosidl_typesupport_introspection_c.dir/rosidl_typesupport_introspection_c/map_msgs/srv/detail/get_point_map_roi__type_support.c.o[0m
[ 50%] [32mBuilding CXX object CMakeFiles/map_msgs__rosidl_typesupport_c.dir/rosidl_typesupport_c/map_msgs/srv/projected_maps_info__type_support.cpp.o[0m
[ 51%] [32mBuilding C object CMakeFiles/map_msgs__rosidl_typesupport_introspection_c.dir/rosidl_typesupport_introspection_c/map_msgs/srv/detail/projected_maps_info__type_support.c.o[0m
[ 52%] [32mBuilding CXX object CMakeFiles/map_msgs__rosidl_typesupport_c.dir/rosidl_typesupport_c/map_msgs/srv/set_map_projections__type_support.cpp.o[0m
[ 53%] [32m[1mLinking CXX shared library libmap_msgs__rosidl_typesupport_c.so[0m
[ 54%] [32mBuilding C object CMakeFiles/map_msgs__rosidl_typesupport_introspection_c.dir/rosidl_typesupport_introspection_c/map_msgs/srv/detail/get_point_map__type_support.c.o[0m
[ 55%] [32mBuilding CXX object CMakeFiles/map_msgs__rosidl_typesupport_introspection_cpp.dir/rosidl_typesupport_introspection_cpp/map_msgs/srv/detail/get_point_map__type_support.cpp.o[0m
[ 56%] [32mBuilding C object CMakeFiles/map_msgs__rosidl_typesupport_introspection_c.dir/rosidl_typesupport_introspection_c/map_msgs/srv/detail/save_map__type_support.c.o[0m
[ 56%] Built target map_msgs__rosidl_typesupport_c
[ 57%] [32mBuilding CXX object CMakeFiles/map_msgs__rosidl_typesupport_fastrtps_cpp.dir/rosidl_typesupport_fastrtps_cpp/map_msgs/srv/detail/dds_fastrtps/set_map_projections__type_support.cpp.o[0m
[ 58%] [32mBuilding C object CMakeFiles/map_msgs__rosidl_typesupport_introspection_c.dir/rosidl_typesupport_introspection_c/map_msgs/srv/detail/set_map_projections__type_support.c.o[0m
[ 59%] [32mBuilding C object CMakeFiles/map_msgs__rosidl_typesupport_introspection_c.dir/rosidl_typesupport_introspection_c/map_msgs/msg/detail/projected_map_info__type_support.c.o[0m
[ 60%] [32m[1mLinking C shared library libmap_msgs__rosidl_typesupport_introspection_c.so[0m
[ 60%] Built target map_msgs__rosidl_typesupport_introspection_c
[ 61%] [32mBuilding CXX object CMakeFiles/map_msgs__rosidl_typesupport_introspection_cpp.dir/rosidl_typesupport_introspection_cpp/map_msgs/srv/detail/set_map_projections__type_support.cpp.o[0m
[ 62%] [32mBuilding CXX object CMakeFiles/map_msgs__rosidl_typesupport_fastrtps_cpp.dir/rosidl_typesupport_fastrtps_cpp/map_msgs/srv/detail/dds_fastrtps/save_map__type_support.cpp.o[0m
[ 63%] [32mBuilding CXX object CMakeFiles/map_msgs__rosidl_typesupport_introspection_cpp.dir/rosidl_typesupport_introspection_cpp/map_msgs/srv/detail/save_map__type_support.cpp.o[0m
[ 64%] [32mBuilding CXX object CMakeFiles/map_msgs__rosidl_typesupport_introspection_cpp.dir/rosidl_typesupport_introspection_cpp/map_msgs/srv/detail/projected_maps_info__type_support.cpp.o[0m
[ 65%] [32mBuilding CXX object CMakeFiles/map_msgs__rosidl_typesupport_fastrtps_cpp.dir/rosidl_typesupport_fastrtps_cpp/map_msgs/srv/detail/dds_fastrtps/projected_maps_info__type_support.cpp.o[0m
[ 66%] [32mBuilding CXX object CMakeFiles/map_msgs__rosidl_typesupport_introspection_cpp.dir/rosidl_typesupport_introspection_cpp/map_msgs/srv/detail/get_point_map_roi__type_support.cpp.o[0m
[ 67%] [32mBuilding CXX object CMakeFiles/map_msgs__rosidl_typesupport_fastrtps_cpp.dir/rosidl_typesupport_fastrtps_cpp/map_msgs/srv/detail/dds_fastrtps/get_point_map__type_support.cpp.o[0m
[ 68%] [32mBuilding CXX object CMakeFiles/map_msgs__rosidl_typesupport_introspection_cpp.dir/rosidl_typesupport_introspection_cpp/map_msgs/srv/detail/get_map_roi__type_support.cpp.o[0m
[ 69%] [32m[1mLinking CXX shared library libmap_msgs__rosidl_typesupport_fastrtps_cpp.so[0m
[ 69%] Built target map_msgs__rosidl_typesupport_fastrtps_cpp
[ 70%] [32m[1mLinking CXX shared library libmap_msgs__rosidl_typesupport_introspection_cpp.so[0m
[ 70%] Built target map_msgs__rosidl_typesupport_introspection_cpp
[ 71%] [34m[1mGenerating C type support for eProsima Fast-RTPS[0m
[35m[1mScanning dependencies of target map_msgs__rosidl_typesupport_fastrtps_c[0m
[ 72%] [32mBuilding CXX object CMakeFiles/map_msgs__rosidl_typesupport_fastrtps_c.dir/rosidl_typesupport_fastrtps_c/map_msgs/msg/detail/occupancy_grid_update__type_support_c.cpp.o[0m
[ 73%] [32mBuilding CXX object CMakeFiles/map_msgs__rosidl_typesupport_fastrtps_c.dir/rosidl_typesupport_fastrtps_c/map_msgs/srv/detail/set_map_projections__type_support_c.cpp.o[0m
[ 74%] [32mBuilding CXX object CMakeFiles/map_msgs__rosidl_typesupport_fastrtps_c.dir/rosidl_typesupport_fastrtps_c/map_msgs/srv/detail/save_map__type_support_c.cpp.o[0m
[ 75%] [32mBuilding CXX object CMakeFiles/map_msgs__rosidl_typesupport_fastrtps_c.dir/rosidl_typesupport_fastrtps_c/map_msgs/srv/detail/projected_maps_info__type_support_c.cpp.o[0m
[ 76%] [32mBuilding CXX object CMakeFiles/map_msgs__rosidl_typesupport_fastrtps_c.dir/rosidl_typesupport_fastrtps_c/map_msgs/srv/detail/get_point_map__type_support_c.cpp.o[0m
[ 77%] [32mBuilding CXX object CMakeFiles/map_msgs__rosidl_typesupport_fastrtps_c.dir/rosidl_typesupport_fastrtps_c/map_msgs/srv/detail/get_point_map_roi__type_support_c.cpp.o[0m
[ 78%] [32mBuilding CXX object CMakeFiles/map_msgs__rosidl_typesupport_fastrtps_c.dir/rosidl_typesupport_fastrtps_c/map_msgs/srv/detail/get_map_roi__type_support_c.cpp.o[0m
[ 79%] [32mBuilding CXX object CMakeFiles/map_msgs__rosidl_typesupport_fastrtps_c.dir/rosidl_typesupport_fastrtps_c/map_msgs/msg/detail/projected_map__type_support_c.cpp.o[0m
[ 80%] [32mBuilding CXX object CMakeFiles/map_msgs__rosidl_typesupport_fastrtps_c.dir/rosidl_typesupport_fastrtps_c/map_msgs/msg/detail/projected_map_info__type_support_c.cpp.o[0m
[ 81%] [32mBuilding CXX object CMakeFiles/map_msgs__rosidl_typesupport_fastrtps_c.dir/rosidl_typesupport_fastrtps_c/map_msgs/msg/detail/point_cloud2_update__type_support_c.cpp.o[0m
[ 82%] [32m[1mLinking CXX shared library libmap_msgs__rosidl_typesupport_fastrtps_c.so[0m
[ 82%] Built target map_msgs__rosidl_typesupport_fastrtps_c
[35m[1mScanning dependencies of target map_msgs[0m
[ 82%] Built target map_msgs
[35m[1mScanning dependencies of target map_msgs__py[0m
[ 83%] [34m[1mGenerating Python code for ROS interfaces[0m
[ 83%] Built target map_msgs__py
[35m[1mScanning dependencies of target map_msgs__python[0m
[ 84%] [32mBuilding C object CMakeFiles/map_msgs__python.dir/rosidl_generator_py/map_msgs/msg/_occupancy_grid_update_s.c.o[0m
[ 85%] [32mBuilding C object CMakeFiles/map_msgs__python.dir/rosidl_generator_py/map_msgs/srv/_set_map_projections_s.c.o[0m
[ 86%] [32mBuilding C object CMakeFiles/map_msgs__python.dir/rosidl_generator_py/map_msgs/srv/_save_map_s.c.o[0m
[ 87%] [32mBuilding C object CMakeFiles/map_msgs__python.dir/rosidl_generator_py/map_msgs/srv/_projected_maps_info_s.c.o[0m
[ 88%] [32mBuilding C object CMakeFiles/map_msgs__python.dir/rosidl_generator_py/map_msgs/srv/_get_point_map_s.c.o[0m
[ 89%] [32mBuilding C object CMakeFiles/map_msgs__python.dir/rosidl_generator_py/map_msgs/srv/_get_point_map_roi_s.c.o[0m
[ 90%] [32mBuilding C object CMakeFiles/map_msgs__python.dir/rosidl_generator_py/map_msgs/srv/_get_map_roi_s.c.o[0m
[ 91%] [32mBuilding C object CMakeFiles/map_msgs__python.dir/rosidl_generator_py/map_msgs/msg/_projected_map_s.c.o[0m
[ 92%] [32mBuilding C object CMakeFiles/map_msgs__python.dir/rosidl_generator_py/map_msgs/msg/_projected_map_info_s.c.o[0m
[ 93%] [32mBuilding C object CMakeFiles/map_msgs__python.dir/rosidl_generator_py/map_msgs/msg/_point_cloud2_update_s.c.o[0m
[ 94%] [32m[1mLinking C shared library rosidl_generator_py/map_msgs/libmap_msgs__python.so[0m
[ 94%] Built target map_msgs__python
[35m[1mScanning dependencies of target map_msgs__rosidl_typesupport_introspection_c__pyext[0m
[ 95%] [32mBuilding C object CMakeFiles/map_msgs__rosidl_typesupport_introspection_c__pyext.dir/rosidl_generator_py/map_msgs/_map_msgs_s.ep.rosidl_typesupport_introspection_c.c.o[0m
[ 96%] [32m[1mLinking C shared library rosidl_generator_py/map_msgs/map_msgs_s__rosidl_typesupport_introspection_c.cpython-38-x86_64-linux-gnu.so[0m
[ 96%] Built target map_msgs__rosidl_typesupport_introspection_c__pyext
[35m[1mScanning dependencies of target map_msgs__rosidl_typesupport_c__pyext[0m
[ 97%] [32mBuilding C object CMakeFiles/map_msgs__rosidl_typesupport_c__pyext.dir/rosidl_generator_py/map_msgs/_map_msgs_s.ep.rosidl_typesupport_c.c.o[0m
[ 98%] [32m[1mLinking C shared library rosidl_generator_py/map_msgs/map_msgs_s__rosidl_typesupport_c.cpython-38-x86_64-linux-gnu.so[0m
[ 98%] Built target map_msgs__rosidl_typesupport_c__pyext
[35m[1mScanning dependencies of target map_msgs__rosidl_typesupport_fastrtps_c__pyext[0m
[ 99%] [32mBuilding C object CMakeFiles/map_msgs__rosidl_typesupport_fastrtps_c__pyext.dir/rosidl_generator_py/map_msgs/_map_msgs_s.ep.rosidl_typesupport_fastrtps_c.c.o[0m
[100%] [32m[1mLinking CXX shared library rosidl_generator_py/map_msgs/map_msgs_s__rosidl_typesupport_fastrtps_c.cpython-38-x86_64-linux-gnu.so[0m
[100%] Built target map_msgs__rosidl_typesupport_fastrtps_c__pyext
-- Install configuration: ""
-- Installing: /home/saitama1/ros2_foxy/install/map_msgs/share/ament_index/resource_index/rosidl_interfaces/map_msgs
-- Installing: /home/saitama1/ros2_foxy/install/map_msgs/include/map_msgs
-- Installing: /home/saitama1/ros2_foxy/install/map_msgs/include/map_msgs/srv
-- Installing: /home/saitama1/ros2_foxy/install/map_msgs/include/map_msgs/srv/save_map.h
-- Installing: /home/saitama1/ros2_foxy/install/map_msgs/include/map_msgs/srv/projected_maps_info.h
-- Installing: /home/saitama1/ros2_foxy/install/map_msgs/include/map_msgs/srv/get_map_roi.h
-- Installing: /home/saitama1/ros2_foxy/install/map_msgs/include/map_msgs/srv/get_point_map.h
-- Installing: /home/saitama1/ros2_foxy/install/map_msgs/include/map_msgs/srv/get_point_map_roi.h
-- Installing: /home/saitama1/ros2_foxy/install/map_msgs/include/map_msgs/srv/set_map_projections.h
-- Installing: /home/saitama1/ros2_foxy/install/map_msgs/include/map_msgs/srv/detail
-- Installing: /home/saitama1/ros2_foxy/install/map_msgs/include/map_msgs/srv/detail/get_point_map__struct.h
-- Installing: /home/saitama1/ros2_foxy/install/map_msgs/include/map_msgs/srv/detail/get_point_map_roi__functions.c
-- Installing: /home/saitama1/ros2_foxy/install/map_msgs/include/map_msgs/srv/detail/save_map__functions.h
-- Installing: /home/saitama1/ros2_foxy/install/map_msgs/include/map_msgs/srv/detail/save_map__struct.h
-- Installing: /home/saitama1/ros2_foxy/install/map_msgs/include/map_msgs/srv/detail/projected_maps_info__functions.h
-- Installing: /home/saitama1/ros2_foxy/install/map_msgs/include/map_msgs/srv/detail/get_point_map__type_support.h
-- Installing: /home/saitama1/ros2_foxy/install/map_msgs/include/map_msgs/srv/detail/set_map_projections__struct.h
-- Installing: /home/saitama1/ros2_foxy/install/map_msgs/include/map_msgs/srv/detail/get_map_roi__functions.h
-- Installing: /home/saitama1/ros2_foxy/install/map_msgs/include/map_msgs/srv/detail/save_map__functions.c
-- Installing: /home/saitama1/ros2_foxy/install/map_msgs/include/map_msgs/srv/detail/get_map_roi__functions.c
-- Installing: /home/saitama1/ros2_foxy/install/map_msgs/include/map_msgs/srv/detail/get_point_map_roi__functions.h
-- Installing: /home/saitama1/ros2_foxy/install/map_msgs/include/map_msgs/srv/detail/projected_maps_info__type_support.h
-- Installing: /home/saitama1/ros2_foxy/install/map_msgs/include/map_msgs/srv/detail/save_map__type_support.h
-- Installing: /home/saitama1/ros2_foxy/install/map_msgs/include/map_msgs/srv/detail/get_point_map_roi__type_support.h
-- Installing: /home/saitama1/ros2_foxy/install/map_msgs/include/map_msgs/srv/detail/projected_maps_info__functions.c
-- Installing: /home/saitama1/ros2_foxy/install/map_msgs/include/map_msgs/srv/detail/set_map_projections__functions.c
-- Installing: /home/saitama1/ros2_foxy/install/map_msgs/include/map_msgs/srv/detail/get_map_roi__struct.h
-- Installing: /home/saitama1/ros2_foxy/install/map_msgs/include/map_msgs/srv/detail/set_map_projections__type_support.h
-- Installing: /home/saitama1/ros2_foxy/install/map_msgs/include/map_msgs/srv/detail/get_point_map_roi__struct.h
-- Installing: /home/saitama1/ros2_foxy/install/map_msgs/include/map_msgs/srv/detail/get_map_roi__type_support.h
-- Installing: /home/saitama1/ros2_foxy/install/map_msgs/include/map_msgs/srv/detail/get_point_map__functions.c
-- Installing: /home/saitama1/ros2_foxy/install/map_msgs/include/map_msgs/srv/detail/projected_maps_info__struct.h
-- Installing: /home/saitama1/ros2_foxy/install/map_msgs/include/map_msgs/srv/detail/set_map_projections__functions.h
-- Installing: /home/saitama1/ros2_foxy/install/map_msgs/include/map_msgs/srv/detail/get_point_map__functions.h
-- Installing: /home/saitama1/ros2_foxy/install/map_msgs/include/map_msgs/msg
-- Installing: /home/saitama1/ros2_foxy/install/map_msgs/include/map_msgs/msg/projected_map.h
-- Installing: /home/saitama1/ros2_foxy/install/map_msgs/include/map_msgs/msg/projected_map_info.h
-- Installing: /home/saitama1/ros2_foxy/install/map_msgs/include/map_msgs/msg/rosidl_generator_c__visibility_control.h
-- Installing: /home/saitama1/ros2_foxy/install/map_msgs/include/map_msgs/msg/occupancy_grid_update.h
-- Installing: /home/saitama1/ros2_foxy/install/map_msgs/include/map_msgs/msg/detail
-- Installing: /home/saitama1/ros2_foxy/install/map_msgs/include/map_msgs/msg/detail/projected_map__functions.c
-- Installing: /home/saitama1/ros2_foxy/install/map_msgs/include/map_msgs/msg/detail/occupancy_grid_update__type_support.h
-- Installing: /home/saitama1/ros2_foxy/install/map_msgs/include/map_msgs/msg/detail/occupancy_grid_update__functions.h
-- Installing: /home/saitama1/ros2_foxy/install/map_msgs/include/map_msgs/msg/detail/occupancy_grid_update__struct.h
-- Installing: /home/saitama1/ros2_foxy/install/map_msgs/include/map_msgs/msg/detail/projected_map__functions.h
-- Installing: /home/saitama1/ros2_foxy/install/map_msgs/include/map_msgs/msg/detail/point_cloud2_update__struct.h
-- Installing: /home/saitama1/ros2_foxy/install/map_msgs/include/map_msgs/msg/detail/projected_map_info__type_support.h
-- Installing: /home/saitama1/ros2_foxy/install/map_msgs/include/map_msgs/msg/detail/projected_map_info__functions.c
-- Installing: /home/saitama1/ros2_foxy/install/map_msgs/include/map_msgs/msg/detail/point_cloud2_update__functions.h
-- Installing: /home/saitama1/ros2_foxy/install/map_msgs/include/map_msgs/msg/detail/projected_map__struct.h
-- Installing: /home/saitama1/ros2_foxy/install/map_msgs/include/map_msgs/msg/detail/projected_map_info__functions.h
-- Installing: /home/saitama1/ros2_foxy/install/map_msgs/include/map_msgs/msg/detail/projected_map_info__struct.h
-- Installing: /home/saitama1/ros2_foxy/install/map_msgs/include/map_msgs/msg/detail/point_cloud2_update__functions.c
-- Installing: /home/saitama1/ros2_foxy/install/map_msgs/include/map_msgs/msg/detail/occupancy_grid_update__functions.c
-- Installing: /home/saitama1/ros2_foxy/install/map_msgs/include/map_msgs/msg/detail/projected_map__type_support.h
-- Installing: /home/saitama1/ros2_foxy/install/map_msgs/include/map_msgs/msg/detail/point_cloud2_update__type_support.h
-- Installing: /home/saitama1/ros2_foxy/install/map_msgs/include/map_msgs/msg/point_cloud2_update.h
-- Installing: /home/saitama1/ros2_foxy/install/map_msgs/share/map_msgs/environment/library_path.sh
-- Installing: /home/saitama1/ros2_foxy/install/map_msgs/share/map_msgs/environment/library_path.dsv
-- Installing: /home/saitama1/ros2_foxy/install/map_msgs/lib/libmap_msgs__rosidl_generator_c.so
-- Set runtime path of "/home/saitama1/ros2_foxy/install/map_msgs/lib/libmap_msgs__rosidl_generator_c.so" to ""
-- Up-to-date: /home/saitama1/ros2_foxy/install/map_msgs/include/map_msgs
-- Up-to-date: /home/saitama1/ros2_foxy/install/map_msgs/include/map_msgs/srv
-- Up-to-date: /home/saitama1/ros2_foxy/install/map_msgs/include/map_msgs/srv/detail
-- Installing: /home/saitama1/ros2_foxy/install/map_msgs/include/map_msgs/srv/detail/get_point_map_roi__rosidl_typesupport_fastrtps_c.h
-- Installing: /home/saitama1/ros2_foxy/install/map_msgs/include/map_msgs/srv/detail/projected_maps_info__rosidl_typesupport_fastrtps_c.h
-- Installing: /home/saitama1/ros2_foxy/install/map_msgs/include/map_msgs/srv/detail/get_map_roi__rosidl_typesupport_fastrtps_c.h
-- Installing: /home/saitama1/ros2_foxy/install/map_msgs/include/map_msgs/srv/detail/get_point_map__rosidl_typesupport_fastrtps_c.h
-- Installing: /home/saitama1/ros2_foxy/install/map_msgs/include/map_msgs/srv/detail/set_map_projections__rosidl_typesupport_fastrtps_c.h
-- Installing: /home/saitama1/ros2_foxy/install/map_msgs/include/map_msgs/srv/detail/save_map__rosidl_typesupport_fastrtps_c.h
-- Up-to-date: /home/saitama1/ros2_foxy/install/map_msgs/include/map_msgs/msg
-- Installing: /home/saitama1/ros2_foxy/install/map_msgs/include/map_msgs/msg/rosidl_typesupport_fastrtps_c__visibility_control.h
-- Up-to-date: /home/saitama1/ros2_foxy/install/map_msgs/include/map_msgs/msg/detail
-- Installing: /home/saitama1/ros2_foxy/install/map_msgs/include/map_msgs/msg/detail/projected_map__rosidl_typesupport_fastrtps_c.h
-- Installing: /home/saitama1/ros2_foxy/install/map_msgs/include/map_msgs/msg/detail/occupancy_grid_update__rosidl_typesupport_fastrtps_c.h
-- Installing: /home/saitama1/ros2_foxy/install/map_msgs/include/map_msgs/msg/detail/point_cloud2_update__rosidl_typesupport_fastrtps_c.h
-- Installing: /home/saitama1/ros2_foxy/install/map_msgs/include/map_msgs/msg/detail/projected_map_info__rosidl_typesupport_fastrtps_c.h
-- Installing: /home/saitama1/ros2_foxy/install/map_msgs/lib/libmap_msgs__rosidl_typesupport_fastrtps_c.so
-- Set runtime path of "/home/saitama1/ros2_foxy/install/map_msgs/lib/libmap_msgs__rosidl_typesupport_fastrtps_c.so" to ""
-- Up-to-date: /home/saitama1/ros2_foxy/install/map_msgs/include/map_msgs
-- Up-to-date: /home/saitama1/ros2_foxy/install/map_msgs/include/map_msgs/srv
-- Up-to-date: /home/saitama1/ros2_foxy/install/map_msgs/include/map_msgs/srv/detail
-- Installing: /home/saitama1/ros2_foxy/install/map_msgs/include/map_msgs/srv/detail/dds_fastrtps
-- Installing: /home/saitama1/ros2_foxy/install/map_msgs/include/map_msgs/srv/detail/get_point_map_roi__rosidl_typesupport_fastrtps_cpp.hpp
-- Installing: /home/saitama1/ros2_foxy/install/map_msgs/include/map_msgs/srv/detail/get_map_roi__rosidl_typesupport_fastrtps_cpp.hpp
-- Installing: /home/saitama1/ros2_foxy/install/map_msgs/include/map_msgs/srv/detail/set_map_projections__rosidl_typesupport_fastrtps_cpp.hpp
-- Installing: /home/saitama1/ros2_foxy/install/map_msgs/include/map_msgs/srv/detail/save_map__rosidl_typesupport_fastrtps_cpp.hpp
-- Installing: /home/saitama1/ros2_foxy/install/map_msgs/include/map_msgs/srv/detail/get_point_map__rosidl_typesupport_fastrtps_cpp.hpp
-- Installing: /home/saitama1/ros2_foxy/install/map_msgs/include/map_msgs/srv/detail/projected_maps_info__rosidl_typesupport_fastrtps_cpp.hpp
-- Up-to-date: /home/saitama1/ros2_foxy/install/map_msgs/include/map_msgs/msg
-- Installing: /home/saitama1/ros2_foxy/install/map_msgs/include/map_msgs/msg/rosidl_typesupport_fastrtps_cpp__visibility_control.h
-- Up-to-date: /home/saitama1/ros2_foxy/install/map_msgs/include/map_msgs/msg/detail
-- Installing: /home/saitama1/ros2_foxy/install/map_msgs/include/map_msgs/msg/detail/occupancy_grid_update__rosidl_typesupport_fastrtps_cpp.hpp
-- Installing: /home/saitama1/ros2_foxy/install/map_msgs/include/map_msgs/msg/detail/dds_fastrtps
-- Installing: /home/saitama1/ros2_foxy/install/map_msgs/include/map_msgs/msg/detail/point_cloud2_update__rosidl_typesupport_fastrtps_cpp.hpp
-- Installing: /home/saitama1/ros2_foxy/install/map_msgs/include/map_msgs/msg/detail/projected_map__rosidl_typesupport_fastrtps_cpp.hpp
-- Installing: /home/saitama1/ros2_foxy/install/map_msgs/include/map_msgs/msg/detail/projected_map_info__rosidl_typesupport_fastrtps_cpp.hpp
-- Installing: /home/saitama1/ros2_foxy/install/map_msgs/lib/libmap_msgs__rosidl_typesupport_fastrtps_cpp.so
-- Set runtime path of "/home/saitama1/ros2_foxy/install/map_msgs/lib/libmap_msgs__rosidl_typesupport_fastrtps_cpp.so" to ""
-- Up-to-date: /home/saitama1/ros2_foxy/install/map_msgs/include/map_msgs
-- Up-to-date: /home/saitama1/ros2_foxy/install/map_msgs/include/map_msgs/srv
-- Up-to-date: /home/saitama1/ros2_foxy/install/map_msgs/include/map_msgs/srv/detail
-- Installing: /home/saitama1/ros2_foxy/install/map_msgs/include/map_msgs/srv/detail/get_map_roi__type_support.c
-- Installing: /home/saitama1/ros2_foxy/install/map_msgs/include/map_msgs/srv/detail/set_map_projections__type_support.c
-- Installing: /home/saitama1/ros2_foxy/install/map_msgs/include/map_msgs/srv/detail/get_point_map_roi__rosidl_typesupport_introspection_c.h
-- Installing: /home/saitama1/ros2_foxy/install/map_msgs/include/map_msgs/srv/detail/set_map_projections__rosidl_typesupport_introspection_c.h
-- Installing: /home/saitama1/ros2_foxy/install/map_msgs/include/map_msgs/srv/detail/get_point_map_roi__type_support.c
-- Installing: /home/saitama1/ros2_foxy/install/map_msgs/include/map_msgs/srv/detail/projected_maps_info__rosidl_typesupport_introspection_c.h
-- Installing: /home/saitama1/ros2_foxy/install/map_msgs/include/map_msgs/srv/detail/get_point_map__type_support.c
-- Installing: /home/saitama1/ros2_foxy/install/map_msgs/include/map_msgs/srv/detail/get_map_roi__rosidl_typesupport_introspection_c.h
-- Installing: /home/saitama1/ros2_foxy/install/map_msgs/include/map_msgs/srv/detail/get_point_map__rosidl_typesupport_introspection_c.h
-- Installing: /home/saitama1/ros2_foxy/install/map_msgs/include/map_msgs/srv/detail/projected_maps_info__type_support.c
-- Installing: /home/saitama1/ros2_foxy/install/map_msgs/include/map_msgs/srv/detail/save_map__rosidl_typesupport_introspection_c.h
-- Installing: /home/saitama1/ros2_foxy/install/map_msgs/include/map_msgs/srv/detail/save_map__type_support.c
-- Up-to-date: /home/saitama1/ros2_foxy/install/map_msgs/include/map_msgs/msg
-- Installing: /home/saitama1/ros2_foxy/install/map_msgs/include/map_msgs/msg/rosidl_typesupport_introspection_c__visibility_control.h
-- Up-to-date: /home/saitama1/ros2_foxy/install/map_msgs/include/map_msgs/msg/detail
-- Installing: /home/saitama1/ros2_foxy/install/map_msgs/include/map_msgs/msg/detail/projected_map__rosidl_typesupport_introspection_c.h
-- Installing: /home/saitama1/ros2_foxy/install/map_msgs/include/map_msgs/msg/detail/projected_map__type_support.c
-- Installing: /home/saitama1/ros2_foxy/install/map_msgs/include/map_msgs/msg/detail/occupancy_grid_update__rosidl_typesupport_introspection_c.h
-- Installing: /home/saitama1/ros2_foxy/install/map_msgs/include/map_msgs/msg/detail/projected_map_info__rosidl_typesupport_introspection_c.h
-- Installing: /home/saitama1/ros2_foxy/install/map_msgs/include/map_msgs/msg/detail/point_cloud2_update__type_support.c
-- Installing: /home/saitama1/ros2_foxy/install/map_msgs/include/map_msgs/msg/detail/projected_map_info__type_support.c
-- Installing: /home/saitama1/ros2_foxy/install/map_msgs/include/map_msgs/msg/detail/occupancy_grid_update__type_support.c
-- Installing: /home/saitama1/ros2_foxy/install/map_msgs/include/map_msgs/msg/detail/point_cloud2_update__rosidl_typesupport_introspection_c.h
-- Installing: /home/saitama1/ros2_foxy/install/map_msgs/lib/libmap_msgs__rosidl_typesupport_introspection_c.so
-- Set runtime path of "/home/saitama1/ros2_foxy/install/map_msgs/lib/libmap_msgs__rosidl_typesupport_introspection_c.so" to ""
-- Installing: /home/saitama1/ros2_foxy/install/map_msgs/lib/libmap_msgs__rosidl_typesupport_c.so
-- Set runtime path of "/home/saitama1/ros2_foxy/install/map_msgs/lib/libmap_msgs__rosidl_typesupport_c.so" to ""
-- Up-to-date: /home/saitama1/ros2_foxy/install/map_msgs/include/map_msgs
-- Up-to-date: /home/saitama1/ros2_foxy/install/map_msgs/include/map_msgs/srv
-- Installing: /home/saitama1/ros2_foxy/install/map_msgs/include/map_msgs/srv/save_map.hpp
-- Installing: /home/saitama1/ros2_foxy/install/map_msgs/include/map_msgs/srv/get_map_roi.hpp
-- Installing: /home/saitama1/ros2_foxy/install/map_msgs/include/map_msgs/srv/get_point_map_roi.hpp
-- Installing: /home/saitama1/ros2_foxy/install/map_msgs/include/map_msgs/srv/projected_maps_info.hpp
-- Installing: /home/saitama1/ros2_foxy/install/map_msgs/include/map_msgs/srv/get_point_map.hpp
-- Up-to-date: /home/saitama1/ros2_foxy/install/map_msgs/include/map_msgs/srv/detail
-- Installing: /home/saitama1/ros2_foxy/install/map_msgs/include/map_msgs/srv/detail/save_map__struct.hpp
-- Installing: /home/saitama1/ros2_foxy/install/map_msgs/include/map_msgs/srv/detail/set_map_projections__struct.hpp
-- Installing: /home/saitama1/ros2_foxy/install/map_msgs/include/map_msgs/srv/detail/get_map_roi__traits.hpp
-- Installing: /home/saitama1/ros2_foxy/install/map_msgs/include/map_msgs/srv/detail/get_point_map_roi__traits.hpp
-- Installing: /home/saitama1/ros2_foxy/install/map_msgs/include/map_msgs/srv/detail/save_map__builder.hpp
-- Installing: /home/saitama1/ros2_foxy/install/map_msgs/include/map_msgs/srv/detail/get_point_map__traits.hpp
-- Installing: /home/saitama1/ros2_foxy/install/map_msgs/include/map_msgs/srv/detail/get_point_map__builder.hpp
-- Installing: /home/saitama1/ros2_foxy/install/map_msgs/include/map_msgs/srv/detail/get_point_map_roi__builder.hpp
-- Installing: /home/saitama1/ros2_foxy/install/map_msgs/include/map_msgs/srv/detail/set_map_projections__traits.hpp
-- Installing: /home/saitama1/ros2_foxy/install/map_msgs/include/map_msgs/srv/detail/get_map_roi__struct.hpp
-- Installing: /home/saitama1/ros2_foxy/install/map_msgs/include/map_msgs/srv/detail/projected_maps_info__struct.hpp
-- Installing: /home/saitama1/ros2_foxy/install/map_msgs/include/map_msgs/srv/detail/save_map__traits.hpp
-- Installing: /home/saitama1/ros2_foxy/install/map_msgs/include/map_msgs/srv/detail/get_map_roi__builder.hpp
-- Installing: /home/saitama1/ros2_foxy/install/map_msgs/include/map_msgs/srv/detail/get_point_map_roi__struct.hpp
-- Installing: /home/saitama1/ros2_foxy/install/map_msgs/include/map_msgs/srv/detail/get_point_map__struct.hpp
-- Installing: /home/saitama1/ros2_foxy/install/map_msgs/include/map_msgs/srv/detail/projected_maps_info__traits.hpp
-- Installing: /home/saitama1/ros2_foxy/install/map_msgs/include/map_msgs/srv/detail/projected_maps_info__builder.hpp
-- Installing: /home/saitama1/ros2_foxy/install/map_msgs/include/map_msgs/srv/detail/set_map_projections__builder.hpp
-- Installing: /home/saitama1/ros2_foxy/install/map_msgs/include/map_msgs/srv/set_map_projections.hpp
-- Up-to-date: /home/saitama1/ros2_foxy/install/map_msgs/include/map_msgs/msg
-- Installing: /home/saitama1/ros2_foxy/install/map_msgs/include/map_msgs/msg/point_cloud2_update.hpp
-- Installing: /home/saitama1/ros2_foxy/install/map_msgs/include/map_msgs/msg/projected_map_info.hpp
-- Installing: /home/saitama1/ros2_foxy/install/map_msgs/include/map_msgs/msg/occupancy_grid_update.hpp
-- Installing: /home/saitama1/ros2_foxy/install/map_msgs/include/map_msgs/msg/projected_map.hpp
-- Up-to-date: /home/saitama1/ros2_foxy/install/map_msgs/include/map_msgs/msg/detail
-- Installing: /home/saitama1/ros2_foxy/install/map_msgs/include/map_msgs/msg/detail/projected_map__builder.hpp
-- Installing: /home/saitama1/ros2_foxy/install/map_msgs/include/map_msgs/msg/detail/point_cloud2_update__builder.hpp
-- Installing: /home/saitama1/ros2_foxy/install/map_msgs/include/map_msgs/msg/detail/occupancy_grid_update__builder.hpp
-- Installing: /home/saitama1/ros2_foxy/install/map_msgs/include/map_msgs/msg/detail/occupancy_grid_update__struct.hpp
-- Installing: /home/saitama1/ros2_foxy/install/map_msgs/include/map_msgs/msg/detail/occupancy_grid_update__traits.hpp
-- Installing: /home/saitama1/ros2_foxy/install/map_msgs/include/map_msgs/msg/detail/projected_map_info__builder.hpp
-- Installing: /home/saitama1/ros2_foxy/install/map_msgs/include/map_msgs/msg/detail/projected_map_info__traits.hpp
-- Installing: /home/saitama1/ros2_foxy/install/map_msgs/include/map_msgs/msg/detail/point_cloud2_update__traits.hpp
-- Installing: /home/saitama1/ros2_foxy/install/map_msgs/include/map_msgs/msg/detail/projected_map__traits.hpp
-- Installing: /home/saitama1/ros2_foxy/install/map_msgs/include/map_msgs/msg/detail/projected_map_info__struct.hpp
-- Installing: /home/saitama1/ros2_foxy/install/map_msgs/include/map_msgs/msg/detail/point_cloud2_update__struct.hpp
-- Installing: /home/saitama1/ros2_foxy/install/map_msgs/include/map_msgs/msg/detail/projected_map__struct.hpp
-- Up-to-date: /home/saitama1/ros2_foxy/install/map_msgs/include/map_msgs
-- Up-to-date: /home/saitama1/ros2_foxy/install/map_msgs/include/map_msgs/srv
-- Up-to-date: /home/saitama1/ros2_foxy/install/map_msgs/include/map_msgs/srv/detail
-- Installing: /home/saitama1/ros2_foxy/install/map_msgs/include/map_msgs/srv/detail/get_map_roi__type_support.cpp
-- Installing: /home/saitama1/ros2_foxy/install/map_msgs/include/map_msgs/srv/detail/get_map_roi__rosidl_typesupport_introspection_cpp.hpp
-- Installing: /home/saitama1/ros2_foxy/install/map_msgs/include/map_msgs/srv/detail/set_map_projections__type_support.cpp
-- Installing: /home/saitama1/ros2_foxy/install/map_msgs/include/map_msgs/srv/detail/get_point_map_roi__type_support.cpp
-- Installing: /home/saitama1/ros2_foxy/install/map_msgs/include/map_msgs/srv/detail/get_point_map_roi__rosidl_typesupport_introspection_cpp.hpp
-- Installing: /home/saitama1/ros2_foxy/install/map_msgs/include/map_msgs/srv/detail/save_map__rosidl_typesupport_introspection_cpp.hpp
-- Installing: /home/saitama1/ros2_foxy/install/map_msgs/include/map_msgs/srv/detail/projected_maps_info__type_support.cpp
-- Installing: /home/saitama1/ros2_foxy/install/map_msgs/include/map_msgs/srv/detail/projected_maps_info__rosidl_typesupport_introspection_cpp.hpp
-- Installing: /home/saitama1/ros2_foxy/install/map_msgs/include/map_msgs/srv/detail/get_point_map__type_support.cpp
-- Installing: /home/saitama1/ros2_foxy/install/map_msgs/include/map_msgs/srv/detail/get_point_map__rosidl_typesupport_introspection_cpp.hpp
-- Installing: /home/saitama1/ros2_foxy/install/map_msgs/include/map_msgs/srv/detail/set_map_projections__rosidl_typesupport_introspection_cpp.hpp
-- Installing: /home/saitama1/ros2_foxy/install/map_msgs/include/map_msgs/srv/detail/save_map__type_support.cpp
-- Up-to-date: /home/saitama1/ros2_foxy/install/map_msgs/include/map_msgs/msg
-- Up-to-date: /home/saitama1/ros2_foxy/install/map_msgs/include/map_msgs/msg/detail
-- Installing: /home/saitama1/ros2_foxy/install/map_msgs/include/map_msgs/msg/detail/projected_map__rosidl_typesupport_introspection_cpp.hpp
-- Installing: /home/saitama1/ros2_foxy/install/map_msgs/include/map_msgs/msg/detail/projected_map_info__type_support.cpp
-- Installing: /home/saitama1/ros2_foxy/install/map_msgs/include/map_msgs/msg/detail/occupancy_grid_update__type_support.cpp
-- Installing: /home/saitama1/ros2_foxy/install/map_msgs/include/map_msgs/msg/detail/projected_map__type_support.cpp
-- Installing: /home/saitama1/ros2_foxy/install/map_msgs/include/map_msgs/msg/detail/projected_map_info__rosidl_typesupport_introspection_cpp.hpp
-- Installing: /home/saitama1/ros2_foxy/install/map_msgs/include/map_msgs/msg/detail/occupancy_grid_update__rosidl_typesupport_introspection_cpp.hpp
-- Installing: /home/saitama1/ros2_foxy/install/map_msgs/include/map_msgs/msg/detail/point_cloud2_update__type_support.cpp
-- Installing: /home/saitama1/ros2_foxy/install/map_msgs/include/map_msgs/msg/detail/point_cloud2_update__rosidl_typesupport_introspection_cpp.hpp
-- Installing: /home/saitama1/ros2_foxy/install/map_msgs/lib/libmap_msgs__rosidl_typesupport_introspection_cpp.so
-- Set runtime path of "/home/saitama1/ros2_foxy/install/map_msgs/lib/libmap_msgs__rosidl_typesupport_introspection_cpp.so" to ""
-- Installing: /home/saitama1/ros2_foxy/install/map_msgs/lib/libmap_msgs__rosidl_typesupport_cpp.so
-- Set runtime path of "/home/saitama1/ros2_foxy/install/map_msgs/lib/libmap_msgs__rosidl_typesupport_cpp.so" to ""
-- Installing: /home/saitama1/ros2_foxy/install/map_msgs/share/map_msgs/environment/pythonpath.sh
-- Installing: /home/saitama1/ros2_foxy/install/map_msgs/share/map_msgs/environment/pythonpath.dsv
-- Installing: /home/saitama1/ros2_foxy/install/map_msgs/lib/python3.8/site-packages/map_msgs/__init__.py
Compiling '/home/saitama1/ros2_foxy/install/map_msgs/lib/python3.8/site-packages/map_msgs/__init__.py'...
-- Installing: /home/saitama1/ros2_foxy/install/map_msgs/lib/python3.8/site-packages/map_msgs/msg
-- Installing: /home/saitama1/ros2_foxy/install/map_msgs/lib/python3.8/site-packages/map_msgs/msg/_point_cloud2_update_s.c
-- Installing: /home/saitama1/ros2_foxy/install/map_msgs/lib/python3.8/site-packages/map_msgs/msg/_occupancy_grid_update.py
-- Installing: /home/saitama1/ros2_foxy/install/map_msgs/lib/python3.8/site-packages/map_msgs/msg/_occupancy_grid_update_s.c
-- Installing: /home/saitama1/ros2_foxy/install/map_msgs/lib/python3.8/site-packages/map_msgs/msg/_point_cloud2_update.py
-- Installing: /home/saitama1/ros2_foxy/install/map_msgs/lib/python3.8/site-packages/map_msgs/msg/__init__.py
-- Installing: /home/saitama1/ros2_foxy/install/map_msgs/lib/python3.8/site-packages/map_msgs/msg/_projected_map_s.c
-- Installing: /home/saitama1/ros2_foxy/install/map_msgs/lib/python3.8/site-packages/map_msgs/msg/_projected_map_info_s.c
-- Installing: /home/saitama1/ros2_foxy/install/map_msgs/lib/python3.8/site-packages/map_msgs/msg/_projected_map_info.py
-- Installing: /home/saitama1/ros2_foxy/install/map_msgs/lib/python3.8/site-packages/map_msgs/msg/_projected_map.py
-- Installing: /home/saitama1/ros2_foxy/install/map_msgs/lib/python3.8/site-packages/map_msgs/srv
-- Installing: /home/saitama1/ros2_foxy/install/map_msgs/lib/python3.8/site-packages/map_msgs/srv/_set_map_projections_s.c
-- Installing: /home/saitama1/ros2_foxy/install/map_msgs/lib/python3.8/site-packages/map_msgs/srv/_get_point_map_roi.py
-- Installing: /home/saitama1/ros2_foxy/install/map_msgs/lib/python3.8/site-packages/map_msgs/srv/_save_map.py
-- Installing: /home/saitama1/ros2_foxy/install/map_msgs/lib/python3.8/site-packages/map_msgs/srv/_projected_maps_info_s.c
-- Installing: /home/saitama1/ros2_foxy/install/map_msgs/lib/python3.8/site-packages/map_msgs/srv/_projected_maps_info.py
-- Installing: /home/saitama1/ros2_foxy/install/map_msgs/lib/python3.8/site-packages/map_msgs/srv/_get_point_map.py
-- Installing: /home/saitama1/ros2_foxy/install/map_msgs/lib/python3.8/site-packages/map_msgs/srv/_get_point_map_s.c
-- Installing: /home/saitama1/ros2_foxy/install/map_msgs/lib/python3.8/site-packages/map_msgs/srv/__init__.py
-- Installing: /home/saitama1/ros2_foxy/install/map_msgs/lib/python3.8/site-packages/map_msgs/srv/_get_point_map_roi_s.c
-- Installing: /home/saitama1/ros2_foxy/install/map_msgs/lib/python3.8/site-packages/map_msgs/srv/_set_map_projections.py
-- Installing: /home/saitama1/ros2_foxy/install/map_msgs/lib/python3.8/site-packages/map_msgs/srv/_get_map_roi.py
-- Installing: /home/saitama1/ros2_foxy/install/map_msgs/lib/python3.8/site-packages/map_msgs/srv/_save_map_s.c
-- Installing: /home/saitama1/ros2_foxy/install/map_msgs/lib/python3.8/site-packages/map_msgs/srv/_get_map_roi_s.c
-- Installing: /home/saitama1/ros2_foxy/install/map_msgs/lib/python3.8/site-packages/map_msgs/map_msgs_s__rosidl_typesupport_fastrtps_c.cpython-38-x86_64-linux-gnu.so
-- Set runtime path of "/home/saitama1/ros2_foxy/install/map_msgs/lib/python3.8/site-packages/map_msgs/map_msgs_s__rosidl_typesupport_fastrtps_c.cpython-38-x86_64-linux-gnu.so" to ""
-- Installing: /home/saitama1/ros2_foxy/install/map_msgs/lib/python3.8/site-packages/map_msgs/map_msgs_s__rosidl_typesupport_introspection_c.cpython-38-x86_64-linux-gnu.so
-- Set runtime path of "/home/saitama1/ros2_foxy/install/map_msgs/lib/python3.8/site-packages/map_msgs/map_msgs_s__rosidl_typesupport_introspection_c.cpython-38-x86_64-linux-gnu.so" to ""
-- Installing: /home/saitama1/ros2_foxy/install/map_msgs/lib/python3.8/site-packages/map_msgs/map_msgs_s__rosidl_typesupport_c.cpython-38-x86_64-linux-gnu.so
-- Set runtime path of "/home/saitama1/ros2_foxy/install/map_msgs/lib/python3.8/site-packages/map_msgs/map_msgs_s__rosidl_typesupport_c.cpython-38-x86_64-linux-gnu.so" to ""
-- Installing: /home/saitama1/ros2_foxy/install/map_msgs/lib/libmap_msgs__python.so
-- Set runtime path of "/home/saitama1/ros2_foxy/install/map_msgs/lib/libmap_msgs__python.so" to ""
-- Installing: /home/saitama1/ros2_foxy/install/map_msgs/share/map_msgs/msg/OccupancyGridUpdate.idl
-- Installing: /home/saitama1/ros2_foxy/install/map_msgs/share/map_msgs/msg/PointCloud2Update.idl
-- Installing: /home/saitama1/ros2_foxy/install/map_msgs/share/map_msgs/msg/ProjectedMapInfo.idl
-- Installing: /home/saitama1/ros2_foxy/install/map_msgs/share/map_msgs/msg/ProjectedMap.idl
-- Installing: /home/saitama1/ros2_foxy/install/map_msgs/share/map_msgs/srv/GetMapROI.idl
-- Installing: /home/saitama1/ros2_foxy/install/map_msgs/share/map_msgs/srv/GetPointMapROI.idl
-- Installing: /home/saitama1/ros2_foxy/install/map_msgs/share/map_msgs/srv/GetPointMap.idl
-- Installing: /home/saitama1/ros2_foxy/install/map_msgs/share/map_msgs/srv/ProjectedMapsInfo.idl
-- Installing: /home/saitama1/ros2_foxy/install/map_msgs/share/map_msgs/srv/SaveMap.idl
-- Installing: /home/saitama1/ros2_foxy/install/map_msgs/share/map_msgs/srv/SetMapProjections.idl
-- Installing: /home/saitama1/ros2_foxy/install/map_msgs/share/map_msgs/msg/OccupancyGridUpdate.msg
-- Installing: /home/saitama1/ros2_foxy/install/map_msgs/share/map_msgs/msg/PointCloud2Update.msg
-- Installing: /home/saitama1/ros2_foxy/install/map_msgs/share/map_msgs/msg/ProjectedMapInfo.msg
-- Installing: /home/saitama1/ros2_foxy/install/map_msgs/share/map_msgs/msg/ProjectedMap.msg
-- Installing: /home/saitama1/ros2_foxy/install/map_msgs/share/map_msgs/srv/GetMapROI.srv
-- Installing: /home/saitama1/ros2_foxy/install/map_msgs/share/map_msgs/srv/GetMapROI_Request.msg
-- Installing: /home/saitama1/ros2_foxy/install/map_msgs/share/map_msgs/srv/GetMapROI_Response.msg
-- Installing: /home/saitama1/ros2_foxy/install/map_msgs/share/map_msgs/srv/GetPointMapROI.srv
-- Installing: /home/saitama1/ros2_foxy/install/map_msgs/share/map_msgs/srv/GetPointMapROI_Request.msg
-- Installing: /home/saitama1/ros2_foxy/install/map_msgs/share/map_msgs/srv/GetPointMapROI_Response.msg
-- Installing: /home/saitama1/ros2_foxy/install/map_msgs/share/map_msgs/srv/GetPointMap.srv
-- Installing: /home/saitama1/ros2_foxy/install/map_msgs/share/map_msgs/srv/GetPointMap_Request.msg
-- Installing: /home/saitama1/ros2_foxy/install/map_msgs/share/map_msgs/srv/GetPointMap_Response.msg
-- Installing: /home/saitama1/ros2_foxy/install/map_msgs/share/map_msgs/srv/ProjectedMapsInfo.srv
-- Installing: /home/saitama1/ros2_foxy/install/map_msgs/share/map_msgs/srv/ProjectedMapsInfo_Request.msg
-- Installing: /home/saitama1/ros2_foxy/install/map_msgs/share/map_msgs/srv/ProjectedMapsInfo_Response.msg
-- Installing: /home/saitama1/ros2_foxy/install/map_msgs/share/map_msgs/srv/SaveMap.srv
-- Installing: /home/saitama1/ros2_foxy/install/map_msgs/share/map_msgs/srv/SaveMap_Request.msg
-- Installing: /home/saitama1/ros2_foxy/install/map_msgs/share/map_msgs/srv/SaveMap_Response.msg
-- Installing: /home/saitama1/ros2_foxy/install/map_msgs/share/map_msgs/srv/SetMapProjections.srv
-- Installing: /home/saitama1/ros2_foxy/install/map_msgs/share/map_msgs/srv/SetMapProjections_Request.msg
-- Installing: /home/saitama1/ros2_foxy/install/map_msgs/share/map_msgs/srv/SetMapProjections_Response.msg
-- Installing: /home/saitama1/ros2_foxy/install/map_msgs/share/ament_index/resource_index/package_run_dependencies/map_msgs
-- Installing: /home/saitama1/ros2_foxy/install/map_msgs/share/ament_index/resource_index/parent_prefix_path/map_msgs
-- Installing: /home/saitama1/ros2_foxy/install/map_msgs/share/map_msgs/environment/ament_prefix_path.sh
-- Installing: /home/saitama1/ros2_foxy/install/map_msgs/share/map_msgs/environment/ament_prefix_path.dsv
-- Installing: /home/saitama1/ros2_foxy/install/map_msgs/share/map_msgs/environment/path.sh
-- Installing: /home/saitama1/ros2_foxy/install/map_msgs/share/map_msgs/environment/path.dsv
-- Installing: /home/saitama1/ros2_foxy/install/map_msgs/share/map_msgs/local_setup.bash
-- Installing: /home/saitama1/ros2_foxy/install/map_msgs/share/map_msgs/local_setup.sh
-- Installing: /home/saitama1/ros2_foxy/install/map_msgs/share/map_msgs/local_setup.zsh
-- Installing: /home/saitama1/ros2_foxy/install/map_msgs/share/map_msgs/local_setup.dsv
-- Installing: /home/saitama1/ros2_foxy/install/map_msgs/share/map_msgs/package.dsv
-- Installing: /home/saitama1/ros2_foxy/install/map_msgs/share/ament_index/resource_index/packages/map_msgs
-- Installing: /home/saitama1/ros2_foxy/install/map_msgs/share/map_msgs/cmake/map_msgs__rosidl_generator_cExport.cmake
-- Installing: /home/saitama1/ros2_foxy/install/map_msgs/share/map_msgs/cmake/map_msgs__rosidl_generator_cExport-noconfig.cmake
-- Installing: /home/saitama1/ros2_foxy/install/map_msgs/share/map_msgs/cmake/map_msgs__rosidl_typesupport_introspection_cExport.cmake
-- Installing: /home/saitama1/ros2_foxy/install/map_msgs/share/map_msgs/cmake/map_msgs__rosidl_typesupport_introspection_cExport-noconfig.cmake
-- Installing: /home/saitama1/ros2_foxy/install/map_msgs/share/map_msgs/cmake/map_msgs__rosidl_typesupport_cExport.cmake
-- Installing: /home/saitama1/ros2_foxy/install/map_msgs/share/map_msgs/cmake/map_msgs__rosidl_typesupport_cExport-noconfig.cmake
-- Installing: /home/saitama1/ros2_foxy/install/map_msgs/share/map_msgs/cmake/map_msgs__rosidl_generator_cppExport.cmake
-- Installing: /home/saitama1/ros2_foxy/install/map_msgs/share/map_msgs/cmake/map_msgs__rosidl_typesupport_introspection_cppExport.cmake
-- Installing: /home/saitama1/ros2_foxy/install/map_msgs/share/map_msgs/cmake/map_msgs__rosidl_typesupport_introspection_cppExport-noconfig.cmake
-- Installing: /home/saitama1/ros2_foxy/install/map_msgs/share/map_msgs/cmake/map_msgs__rosidl_typesupport_cppExport.cmake
-- Installing: /home/saitama1/ros2_foxy/install/map_msgs/share/map_msgs/cmake/map_msgs__rosidl_typesupport_cppExport-noconfig.cmake
-- Installing: /home/saitama1/ros2_foxy/install/map_msgs/share/map_msgs/cmake/rosidl_cmake-extras.cmake
-- Installing: /home/saitama1/ros2_foxy/install/map_msgs/share/map_msgs/cmake/ament_cmake_export_dependencies-extras.cmake
-- Installing: /home/saitama1/ros2_foxy/install/map_msgs/share/map_msgs/cmake/ament_cmake_export_libraries-extras.cmake
-- Installing: /home/saitama1/ros2_foxy/install/map_msgs/share/map_msgs/cmake/ament_cmake_export_targets-extras.cmake
-- Installing: /home/saitama1/ros2_foxy/install/map_msgs/share/map_msgs/cmake/ament_cmake_export_include_directories-extras.cmake
-- Installing: /home/saitama1/ros2_foxy/install/map_msgs/share/map_msgs/cmake/rosidl_cmake_export_typesupport_libraries-extras.cmake
-- Installing: /home/saitama1/ros2_foxy/install/map_msgs/share/map_msgs/cmake/rosidl_cmake_export_typesupport_targets-extras.cmake
-- Installing: /home/saitama1/ros2_foxy/install/map_msgs/share/map_msgs/cmake/map_msgsConfig.cmake
-- Installing: /home/saitama1/ros2_foxy/install/map_msgs/share/map_msgs/cmake/map_msgsConfig-version.cmake
-- Installing: /home/saitama1/ros2_foxy/install/map_msgs/share/map_msgs/package.xml
