[1.256s] Invoking command in '/home/saitama1/ros2_foxy/build/fastcdr': /usr/bin/cmake --build /home/saitama1/ros2_foxy/build/fastcdr -- -j12 -l12
[2.342s] [100%] Built target fastcdr
[2.347s] Invoked command in '/home/saitama1/ros2_foxy/build/fastcdr' returned '0': /usr/bin/cmake --build /home/saitama1/ros2_foxy/build/fastcdr -- -j12 -l12
[2.979s] Invoking command in '/home/saitama1/ros2_foxy/build/fastcdr': /usr/bin/cmake --install /home/saitama1/ros2_foxy/build/fastcdr
[3.024s] -- Install configuration: "Release"
[3.025s] -- Up-to-date: /home/saitama1/ros2_foxy/install/fastcdr/share/fastcdr/LICENSE
[3.025s] -- Up-to-date: /home/saitama1/ros2_foxy/install/fastcdr/include/fastcdr
[3.025s] -- Up-to-date: /home/saitama1/ros2_foxy/install/fastcdr/include/fastcdr/Cdr.h
[3.025s] -- Up-to-date: /home/saitama1/ros2_foxy/install/fastcdr/include/fastcdr/fastcdr_dll.h
[3.025s] -- Up-to-date: /home/saitama1/ros2_foxy/install/fastcdr/include/fastcdr/FastBuffer.h
[3.025s] -- Up-to-date: /home/saitama1/ros2_foxy/install/fastcdr/include/fastcdr/eProsima_auto_link.h
[3.025s] -- Up-to-date: /home/saitama1/ros2_foxy/install/fastcdr/include/fastcdr/exceptions
[3.025s] -- Up-to-date: /home/saitama1/ros2_foxy/install/fastcdr/include/fastcdr/exceptions/Exception.h
[3.025s] -- Up-to-date: /home/saitama1/ros2_foxy/install/fastcdr/include/fastcdr/exceptions/NotEnoughMemoryException.h
[3.026s] -- Up-to-date: /home/saitama1/ros2_foxy/install/fastcdr/include/fastcdr/exceptions/BadParamException.h
[3.026s] -- Up-to-date: /home/saitama1/ros2_foxy/install/fastcdr/include/fastcdr/FastCdr.h
[3.026s] -- Up-to-date: /home/saitama1/ros2_foxy/install/fastcdr/include/fastcdr/config.h
[3.026s] -- Up-to-date: /home/saitama1/ros2_foxy/install/fastcdr/lib/libfastcdr.so.1.0.13
[3.026s] -- Up-to-date: /home/saitama1/ros2_foxy/install/fastcdr/lib/libfastcdr.so.1
[3.026s] -- Up-to-date: /home/saitama1/ros2_foxy/install/fastcdr/lib/libfastcdr.so
[3.026s] -- Up-to-date: /home/saitama1/ros2_foxy/install/fastcdr/lib/cmake/fastcdr/fastcdr-targets.cmake
[3.026s] -- Up-to-date: /home/saitama1/ros2_foxy/install/fastcdr/lib/cmake/fastcdr/fastcdr-targets-release.cmake
[3.026s] -- Up-to-date: /home/saitama1/ros2_foxy/install/fastcdr/lib/cmake/fastcdr/fastcdr-config.cmake
[3.026s] -- Up-to-date: /home/saitama1/ros2_foxy/install/fastcdr/lib/cmake/fastcdr/fastcdr-config-version.cmake
[3.046s] Invoked command in '/home/saitama1/ros2_foxy/build/fastcdr' returned '0': /usr/bin/cmake --install /home/saitama1/ros2_foxy/build/fastcdr
