-- Found ament_cmake: 0.9.8 (/home/saitama1/ros2_foxy/install/ament_cmake/share/ament_cmake/cmake)
-- Using PYTHON_EXECUTABLE: /usr/bin/python3
-- Override CMake install command with custom implementation using symlinks instead of copying resources
-- Configuring done
-- Generating done
-- Build files have been written to: /home/saitama1/ros2_foxy/build/tlsf
[100%] Built target tlsf
-- Install configuration: ""
-- Execute custom install script
-- Symlinking: /home/saitama1/ros2_foxy/install/tlsf/share/tlsf/environment/library_path.sh
-- Symlinking: /home/saitama1/ros2_foxy/install/tlsf/share/tlsf/environment/library_path.dsv
-- Symlinking: /home/saitama1/ros2_foxy/install/tlsf/share/ament_index/resource_index/package_run_dependencies/tlsf
-- Symlinking: /home/saitama1/ros2_foxy/install/tlsf/share/ament_index/resource_index/parent_prefix_path/tlsf
-- Symlinking: /home/saitama1/ros2_foxy/install/tlsf/share/tlsf/environment/ament_prefix_path.sh
-- Symlinking: /home/saitama1/ros2_foxy/install/tlsf/share/tlsf/environment/ament_prefix_path.dsv
-- Symlinking: /home/saitama1/ros2_foxy/install/tlsf/share/tlsf/environment/path.sh
-- Symlinking: /home/saitama1/ros2_foxy/install/tlsf/share/tlsf/environment/path.dsv
-- Symlinking: /home/saitama1/ros2_foxy/install/tlsf/share/tlsf/local_setup.bash
-- Symlinking: /home/saitama1/ros2_foxy/install/tlsf/share/tlsf/local_setup.sh
-- Symlinking: /home/saitama1/ros2_foxy/install/tlsf/share/tlsf/local_setup.zsh
-- Symlinking: /home/saitama1/ros2_foxy/install/tlsf/share/tlsf/local_setup.dsv
-- Symlinking: /home/saitama1/ros2_foxy/install/tlsf/share/tlsf/package.dsv
-- Symlinking: /home/saitama1/ros2_foxy/install/tlsf/share/ament_index/resource_index/packages/tlsf
-- Symlinking: /home/saitama1/ros2_foxy/install/tlsf/share/tlsf/cmake/ament_cmake_export_include_directories-extras.cmake
-- Symlinking: /home/saitama1/ros2_foxy/install/tlsf/share/tlsf/cmake/ament_cmake_export_libraries-extras.cmake
-- Symlinking: /home/saitama1/ros2_foxy/install/tlsf/share/tlsf/cmake/tlsfConfig.cmake
-- Symlinking: /home/saitama1/ros2_foxy/install/tlsf/share/tlsf/cmake/tlsfConfig-version.cmake
-- Symlinking: /home/saitama1/ros2_foxy/install/tlsf/share/tlsf/package.xml
-- Symlinking: /home/saitama1/ros2_foxy/install/tlsf/include/tlsf/tlsf.h
-- Symlinking: /home/saitama1/ros2_foxy/install/tlsf/lib/libtlsf.a
