-- Performing Test R-Wno-error=cast-align
-- Performing Test R-Wno-error=cast-align - Success
-- Found ament_cmake: 0.9.8 (/home/saitama1/ros2_foxy/install/ament_cmake/share/ament_cmake/cmake)
-- Found PythonInterp: /usr/bin/python3 (found suitable version "3.8.10", minimum required is "3") 
-- Using PYTHON_EXECUTABLE: /usr/bin/python3
-- Override CMake install command with custom implementation using symlinks instead of copying resources
-- Found ament_cmake_ros: 0.9.2 (/home/saitama1/ros2_foxy/install/ament_cmake_ros/share/ament_cmake_ros/cmake)
-- Found rcl: 1.1.11 (/home/saitama1/ros2_foxy/install/rcl/share/rcl/cmake)
-- Using all available rosidl_typesupport_c: rosidl_typesupport_introspection_c;rosidl_typesupport_fastrtps_c
-- Found rosidl_adapter: 1.2.1 (/home/saitama1/ros2_foxy/install/rosidl_adapter/share/rosidl_adapter/cmake)
-- Using all available rosidl_typesupport_cpp: rosidl_typesupport_introspection_cpp;rosidl_typesupport_fastrtps_cpp
-- Found rmw_implementation_cmake: 1.0.3 (/home/saitama1/ros2_foxy/install/rmw_implementation_cmake/share/rmw_implementation_cmake/cmake)
-- Using RMW implementation 'rmw_fastrtps_cpp' as default
-- Found rosidl_default_generators: 1.0.1 (/home/saitama1/ros2_foxy/install/rosidl_default_generators/share/rosidl_default_generators/cmake)
-- Found statistics_msgs: 1.0.0 (/home/saitama1/ros2_foxy/install/statistics_msgs/share/statistics_msgs/cmake)
-- Found std_msgs: 2.0.4 (/home/saitama1/ros2_foxy/install/std_msgs/share/std_msgs/cmake)
-- Found ament_lint_auto: 0.9.6 (/home/saitama1/ros2_foxy/install/ament_lint_auto/share/ament_lint_auto/cmake)
-- Found performance_test_fixture: 0.0.7 (/home/saitama1/ros2_foxy/install/performance_test_fixture/share/performance_test_fixture/cmake)
-- Found gtest sources under '/home/saitama1/ros2_foxy/install/gtest_vendor/src/gtest_vendor': C++ tests using 'Google Test' will be built
-- Found PythonInterp: /usr/bin/python3 (found version "3.8.10") 
-- Using all available rosidl_typesupport_c: rosidl_typesupport_introspection_c;rosidl_typesupport_fastrtps_c
-- Using all available rosidl_typesupport_cpp: rosidl_typesupport_introspection_cpp;rosidl_typesupport_fastrtps_cpp
-- Found PythonInterp: /usr/bin/python3 (found suitable version "3.8.10", minimum required is "3.5") 
-- Found python_cmake_module: 0.8.1 (/home/saitama1/ros2_foxy/install/python_cmake_module/share/python_cmake_module/cmake)
-- Using PYTHON_EXECUTABLE: /usr/bin/python3
-- Using PYTHON_INCLUDE_DIRS: /usr/include/python3.8
-- Using PYTHON_LIBRARIES: /usr/lib/x86_64-linux-gnu/libpython3.8.so
-- Performance tests are disabled by default, so Google Benchmark tests will be skipped. To enable these tests, set the CMake variable 'AMENT_RUN_PERFORMANCE_TESTS'.
-- Added test 'copyright' to check source files copyright and LICENSE
-- Added test 'cppcheck' to perform static code analysis on C / C++ code
-- Configured cppcheck include dirs: $<BUILD_INTERFACE:/home/saitama1/ros2_foxy/src/ros-tooling/libstatistics_collector/include>
-- Configured cppcheck exclude dirs and/or files: 
-- Added test 'cpplint' to check C / C++ code against the Google style
-- Configured cpplint exclude dirs and/or files: 
-- Added test 'lint_cmake' to check CMake code style
-- Added test 'uncrustify' to check C / C++ code style
-- Configured uncrustify additional arguments: 
-- Added test 'xmllint' to check XML markup files
-- Configuring done
-- Generating done
-- Build files have been written to: /home/saitama1/ros2_foxy/build/libstatistics_collector
[  2%] Built target libstatistics_collector_test_msgs__cpp
[  4%] [32m[1mLinking C shared library liblibstatistics_collector_test_msgs__rosidl_generator_c.so[0m
[  8%] [32mBuilding CXX object CMakeFiles/libstatistics_collector.dir/src/libstatistics_collector/collector/collector.cpp.o[0m
[  8%] [32mBuilding CXX object CMakeFiles/libstatistics_collector.dir/src/libstatistics_collector/collector/generate_statistics_message.cpp.o[0m
[ 10%] [32mBuilding CXX object CMakeFiles/libstatistics_collector.dir/src/libstatistics_collector/moving_average_statistics/moving_average.cpp.o[0m
[ 12%] [32mBuilding CXX object CMakeFiles/libstatistics_collector.dir/src/libstatistics_collector/moving_average_statistics/types.cpp.o[0m
[ 16%] Built target gtest_main
[ 20%] Built target gtest
[35m[1mScanning dependencies of target libstatistics_collector_test_msgs__rosidl_typesupport_cpp[0m
[ 24%] Built target libstatistics_collector_test_msgs__rosidl_generator_c
[ 26%] [32m[1mLinking CXX shared library liblibstatistics_collector_test_msgs__rosidl_typesupport_fastrtps_cpp.so[0m
[ 28%] [32m[1mLinking CXX shared library liblibstatistics_collector_test_msgs__rosidl_typesupport_introspection_cpp.so[0m
[ 30%] [32mBuilding CXX object CMakeFiles/libstatistics_collector_test_msgs__rosidl_typesupport_cpp.dir/rosidl_typesupport_cpp/libstatistics_collector/msg/dummy_message__type_support.cpp.o[0m
[ 32%] [34m[1mGenerating C type support dispatch for ROS interfaces[0m
[ 36%] Built target libstatistics_collector_test_msgs__rosidl_typesupport_introspection_cpp
[ 40%] Built target libstatistics_collector_test_msgs__rosidl_typesupport_fastrtps_cpp
[ 42%] [32m[1mLinking C shared library liblibstatistics_collector_test_msgs__rosidl_typesupport_introspection_c.so[0m
[ 44%] [32m[1mLinking CXX shared library liblibstatistics_collector.so[0m
[ 46%] [32m[1mLinking CXX shared library liblibstatistics_collector_test_msgs__rosidl_typesupport_fastrtps_c.so[0m
[ 50%] Built target libstatistics_collector_test_msgs__rosidl_typesupport_introspection_c
[ 52%] [32m[1mLinking CXX shared library liblibstatistics_collector_test_msgs__rosidl_typesupport_cpp.so[0m
[ 54%] Built target libstatistics_collector_test_msgs__rosidl_typesupport_cpp
[ 54%] Built target libstatistics_collector
[ 58%] Built target libstatistics_collector_test_msgs__rosidl_typesupport_fastrtps_c
[ 60%] [32mBuilding CXX object CMakeFiles/test_collector.dir/test/collector/test_collector.cpp.o[0m
[ 62%] [32mBuilding CXX object CMakeFiles/benchmark_iterative.dir/test/benchmark/benchmark_iterative.cpp.o[0m
[35m[1mScanning dependencies of target libstatistics_collector_test_msgs__rosidl_typesupport_c[0m
[ 64%] [32mBuilding CXX object CMakeFiles/test_moving_average_statistics.dir/test/moving_average_statistics/test_moving_average_statistics.cpp.o[0m
[ 66%] [32mBuilding CXX object CMakeFiles/test_received_message_period.dir/test/topic_statistics_collector/test_received_message_period.cpp.o[0m
[ 68%] [32mBuilding CXX object CMakeFiles/libstatistics_collector_test_msgs__rosidl_typesupport_c.dir/rosidl_typesupport_c/libstatistics_collector/msg/dummy_message__type_support.cpp.o[0m
[ 70%] [32m[1mLinking CXX shared library liblibstatistics_collector_test_msgs__rosidl_typesupport_c.so[0m
[ 70%] Built target libstatistics_collector_test_msgs__rosidl_typesupport_c
[ 70%] Built target libstatistics_collector_test_msgs
[35m[1mScanning dependencies of target libstatistics_collector_test_msgs__py[0m
[ 72%] Built target libstatistics_collector_test_msgs__py
[ 74%] [32mBuilding CXX object CMakeFiles/test_received_message_age.dir/test/topic_statistics_collector/test_received_message_age.cpp.o[0m
[ 76%] [32m[1mLinking C shared library rosidl_generator_py/libstatistics_collector/liblibstatistics_collector_test_msgs__python.so[0m
[ 78%] Built target libstatistics_collector_test_msgs__python
[ 80%] [32m[1mLinking C shared library rosidl_generator_py/libstatistics_collector/libstatistics_collector_s__rosidl_typesupport_c.cpython-38-x86_64-linux-gnu.so[0m
[ 82%] Built target libstatistics_collector__rosidl_typesupport_c__pyext
[35m[1mScanning dependencies of target libstatistics_collector__rosidl_typesupport_fastrtps_c__pyext[0m
[ 84%] [32mBuilding C object CMakeFiles/libstatistics_collector__rosidl_typesupport_fastrtps_c__pyext.dir/rosidl_generator_py/libstatistics_collector/_libstatistics_collector_s.ep.rosidl_typesupport_fastrtps_c.c.o[0m
[ 86%] [32m[1mLinking CXX executable benchmark_iterative[0m
[ 88%] [32m[1mLinking CXX shared library rosidl_generator_py/libstatistics_collector/libstatistics_collector_s__rosidl_typesupport_fastrtps_c.cpython-38-x86_64-linux-gnu.so[0m
[ 88%] Built target benchmark_iterative
[ 90%] [32m[1mLinking CXX executable test_received_message_period[0m
[ 90%] Built target libstatistics_collector__rosidl_typesupport_fastrtps_c__pyext
[ 92%] [32m[1mLinking C shared library rosidl_generator_py/libstatistics_collector/libstatistics_collector_s__rosidl_typesupport_introspection_c.cpython-38-x86_64-linux-gnu.so[0m
[ 94%] [32m[1mLinking CXX executable test_collector[0m
[ 96%] Built target libstatistics_collector__rosidl_typesupport_introspection_c__pyext
[ 96%] Built target test_received_message_period
[ 98%] [32m[1mLinking CXX executable test_moving_average_statistics[0m
[ 98%] Built target test_collector
[100%] [32m[1mLinking CXX executable test_received_message_age[0m
[100%] Built target test_moving_average_statistics
[100%] Built target test_received_message_age
-- Install configuration: ""
-- Execute custom install script
-- Symlinking: /home/saitama1/ros2_foxy/install/libstatistics_collector/share/libstatistics_collector/environment/library_path.sh
-- Symlinking: /home/saitama1/ros2_foxy/install/libstatistics_collector/share/libstatistics_collector/environment/library_path.dsv
-- Symlinking: /home/saitama1/ros2_foxy/install/libstatistics_collector/share/ament_index/resource_index/rosidl_interfaces/libstatistics_collector
-- Symlinking: /home/saitama1/ros2_foxy/install/libstatistics_collector/include/libstatistics_collector/msg/detail/dummy_message__functions.h
-- Symlinking: /home/saitama1/ros2_foxy/install/libstatistics_collector/include/libstatistics_collector/msg/detail/dummy_message__struct.h
-- Symlinking: /home/saitama1/ros2_foxy/install/libstatistics_collector/include/libstatistics_collector/msg/detail/dummy_message__type_support.h
-- Symlinking: /home/saitama1/ros2_foxy/install/libstatistics_collector/include/libstatistics_collector/msg/dummy_message.h
-- Symlinking: /home/saitama1/ros2_foxy/install/libstatistics_collector/include/libstatistics_collector/msg/rosidl_generator_c__visibility_control.h
-- Symlinking: /home/saitama1/ros2_foxy/install/libstatistics_collector/include/libstatistics_collector/msg/detail/dummy_message__rosidl_typesupport_introspection_c.h
-- Symlinking: /home/saitama1/ros2_foxy/install/libstatistics_collector/include/libstatistics_collector/msg/rosidl_typesupport_introspection_c__visibility_control.h
-- Symlinking: /home/saitama1/ros2_foxy/install/libstatistics_collector/include/libstatistics_collector/msg/detail/dummy_message__rosidl_typesupport_fastrtps_c.h
-- Symlinking: /home/saitama1/ros2_foxy/install/libstatistics_collector/include/libstatistics_collector/msg/rosidl_typesupport_fastrtps_c__visibility_control.h
-- Symlinking: /home/saitama1/ros2_foxy/install/libstatistics_collector/lib/liblibstatistics_collector_test_msgs__rosidl_typesupport_fastrtps_c.so
-- Symlinking: /home/saitama1/ros2_foxy/install/libstatistics_collector/include/libstatistics_collector/msg/detail/dummy_message__rosidl_typesupport_fastrtps_cpp.hpp
-- Symlinking: /home/saitama1/ros2_foxy/install/libstatistics_collector/include/libstatistics_collector/msg/rosidl_typesupport_fastrtps_cpp__visibility_control.h
-- Symlinking: /home/saitama1/ros2_foxy/install/libstatistics_collector/lib/liblibstatistics_collector_test_msgs__rosidl_typesupport_fastrtps_cpp.so
-- Symlinking: /home/saitama1/ros2_foxy/install/libstatistics_collector/include/libstatistics_collector/msg/detail/dummy_message__builder.hpp
-- Symlinking: /home/saitama1/ros2_foxy/install/libstatistics_collector/include/libstatistics_collector/msg/detail/dummy_message__struct.hpp
-- Symlinking: /home/saitama1/ros2_foxy/install/libstatistics_collector/include/libstatistics_collector/msg/detail/dummy_message__traits.hpp
-- Symlinking: /home/saitama1/ros2_foxy/install/libstatistics_collector/include/libstatistics_collector/msg/dummy_message.hpp
-- Symlinking: /home/saitama1/ros2_foxy/install/libstatistics_collector/include/libstatistics_collector/msg/detail/dummy_message__rosidl_typesupport_introspection_cpp.hpp
-- Symlinking: /home/saitama1/ros2_foxy/install/libstatistics_collector/share/libstatistics_collector/environment/pythonpath.sh
-- Symlinking: /home/saitama1/ros2_foxy/install/libstatistics_collector/share/libstatistics_collector/environment/pythonpath.dsv
-- Symlinking: /home/saitama1/ros2_foxy/install/libstatistics_collector/lib/python3.8/site-packages/libstatistics_collector/__init__.py
-- Symlinking: /home/saitama1/ros2_foxy/install/libstatistics_collector/lib/python3.8/site-packages/libstatistics_collector/msg/__init__.py
-- Symlinking: /home/saitama1/ros2_foxy/install/libstatistics_collector/lib/python3.8/site-packages/libstatistics_collector/msg/_dummy_message.py
-- Symlinking: /home/saitama1/ros2_foxy/install/libstatistics_collector/lib/python3.8/site-packages/libstatistics_collector/libstatistics_collector_s__rosidl_typesupport_introspection_c.cpython-38-x86_64-linux-gnu.so
-- Symlinking: /home/saitama1/ros2_foxy/install/libstatistics_collector/lib/python3.8/site-packages/libstatistics_collector/libstatistics_collector_s__rosidl_typesupport_fastrtps_c.cpython-38-x86_64-linux-gnu.so
-- Symlinking: /home/saitama1/ros2_foxy/install/libstatistics_collector/lib/python3.8/site-packages/libstatistics_collector/libstatistics_collector_s__rosidl_typesupport_c.cpython-38-x86_64-linux-gnu.so
-- Symlinking: /home/saitama1/ros2_foxy/install/libstatistics_collector/lib/liblibstatistics_collector_test_msgs__python.so
-- Symlinking: /home/saitama1/ros2_foxy/install/libstatistics_collector/share/libstatistics_collector/msg/DummyMessage.idl
-- Symlinking: /home/saitama1/ros2_foxy/install/libstatistics_collector/share/libstatistics_collector/msg/DummyMessage.msg
-- Symlinking: /home/saitama1/ros2_foxy/install/libstatistics_collector/include/libstatistics_collector/collector/collector.hpp
-- Symlinking: /home/saitama1/ros2_foxy/install/libstatistics_collector/include/libstatistics_collector/collector/generate_statistics_message.hpp
-- Symlinking: /home/saitama1/ros2_foxy/install/libstatistics_collector/include/libstatistics_collector/collector/metric_details_interface.hpp
-- Symlinking: /home/saitama1/ros2_foxy/install/libstatistics_collector/include/libstatistics_collector/moving_average_statistics/moving_average.hpp
-- Symlinking: /home/saitama1/ros2_foxy/install/libstatistics_collector/include/libstatistics_collector/moving_average_statistics/types.hpp
-- Symlinking: /home/saitama1/ros2_foxy/install/libstatistics_collector/include/libstatistics_collector/topic_statistics_collector/constants.hpp
-- Symlinking: /home/saitama1/ros2_foxy/install/libstatistics_collector/include/libstatistics_collector/topic_statistics_collector/received_message_age.hpp
-- Symlinking: /home/saitama1/ros2_foxy/install/libstatistics_collector/include/libstatistics_collector/topic_statistics_collector/received_message_period.hpp
-- Symlinking: /home/saitama1/ros2_foxy/install/libstatistics_collector/include/libstatistics_collector/topic_statistics_collector/topic_statistics_collector.hpp
-- Symlinking: /home/saitama1/ros2_foxy/install/libstatistics_collector/include/libstatistics_collector/visibility_control.hpp
-- Symlinking: /home/saitama1/ros2_foxy/install/libstatistics_collector/share/ament_index/resource_index/package_run_dependencies/libstatistics_collector
-- Symlinking: /home/saitama1/ros2_foxy/install/libstatistics_collector/share/ament_index/resource_index/parent_prefix_path/libstatistics_collector
-- Symlinking: /home/saitama1/ros2_foxy/install/libstatistics_collector/share/libstatistics_collector/environment/ament_prefix_path.sh
-- Symlinking: /home/saitama1/ros2_foxy/install/libstatistics_collector/share/libstatistics_collector/environment/ament_prefix_path.dsv
-- Symlinking: /home/saitama1/ros2_foxy/install/libstatistics_collector/share/libstatistics_collector/environment/path.sh
-- Symlinking: /home/saitama1/ros2_foxy/install/libstatistics_collector/share/libstatistics_collector/environment/path.dsv
-- Symlinking: /home/saitama1/ros2_foxy/install/libstatistics_collector/share/libstatistics_collector/local_setup.bash
-- Symlinking: /home/saitama1/ros2_foxy/install/libstatistics_collector/share/libstatistics_collector/local_setup.sh
-- Symlinking: /home/saitama1/ros2_foxy/install/libstatistics_collector/share/libstatistics_collector/local_setup.zsh
-- Symlinking: /home/saitama1/ros2_foxy/install/libstatistics_collector/share/libstatistics_collector/local_setup.dsv
-- Symlinking: /home/saitama1/ros2_foxy/install/libstatistics_collector/share/libstatistics_collector/package.dsv
-- Symlinking: /home/saitama1/ros2_foxy/install/libstatistics_collector/share/ament_index/resource_index/packages/libstatistics_collector
-- Symlinking: /home/saitama1/ros2_foxy/install/libstatistics_collector/share/libstatistics_collector/cmake/ament_cmake_export_include_directories-extras.cmake
-- Symlinking: /home/saitama1/ros2_foxy/install/libstatistics_collector/share/libstatistics_collector/cmake/ament_cmake_export_libraries-extras.cmake
-- Symlinking: /home/saitama1/ros2_foxy/install/libstatistics_collector/share/libstatistics_collector/cmake/ament_cmake_export_targets-extras.cmake
-- Symlinking: /home/saitama1/ros2_foxy/install/libstatistics_collector/share/libstatistics_collector/cmake/ament_cmake_export_dependencies-extras.cmake
-- Symlinking: /home/saitama1/ros2_foxy/install/libstatistics_collector/share/libstatistics_collector/cmake/rosidl_cmake-extras.cmake
-- Symlinking: /home/saitama1/ros2_foxy/install/libstatistics_collector/share/libstatistics_collector/cmake/rosidl_cmake_export_typesupport_targets-extras.cmake
-- Symlinking: /home/saitama1/ros2_foxy/install/libstatistics_collector/share/libstatistics_collector/cmake/rosidl_cmake_export_typesupport_libraries-extras.cmake
-- Symlinking: /home/saitama1/ros2_foxy/install/libstatistics_collector/share/libstatistics_collector/cmake/libstatistics_collectorConfig.cmake
-- Symlinking: /home/saitama1/ros2_foxy/install/libstatistics_collector/share/libstatistics_collector/cmake/libstatistics_collectorConfig-version.cmake
-- Symlinking: /home/saitama1/ros2_foxy/install/libstatistics_collector/share/libstatistics_collector/package.xml
-- Installing: /home/saitama1/ros2_foxy/install/libstatistics_collector/lib/liblibstatistics_collector.so
-- Set runtime path of "/home/saitama1/ros2_foxy/install/libstatistics_collector/lib/liblibstatistics_collector.so" to ""
-- Installing: /home/saitama1/ros2_foxy/install/libstatistics_collector/lib/liblibstatistics_collector_test_msgs__rosidl_generator_c.so
-- Set runtime path of "/home/saitama1/ros2_foxy/install/libstatistics_collector/lib/liblibstatistics_collector_test_msgs__rosidl_generator_c.so" to ""
-- Installing: /home/saitama1/ros2_foxy/install/libstatistics_collector/lib/liblibstatistics_collector_test_msgs__rosidl_typesupport_introspection_c.so
-- Set runtime path of "/home/saitama1/ros2_foxy/install/libstatistics_collector/lib/liblibstatistics_collector_test_msgs__rosidl_typesupport_introspection_c.so" to ""
-- Installing: /home/saitama1/ros2_foxy/install/libstatistics_collector/lib/liblibstatistics_collector_test_msgs__rosidl_typesupport_c.so
-- Set runtime path of "/home/saitama1/ros2_foxy/install/libstatistics_collector/lib/liblibstatistics_collector_test_msgs__rosidl_typesupport_c.so" to ""
-- Installing: /home/saitama1/ros2_foxy/install/libstatistics_collector/lib/liblibstatistics_collector_test_msgs__rosidl_typesupport_introspection_cpp.so
-- Set runtime path of "/home/saitama1/ros2_foxy/install/libstatistics_collector/lib/liblibstatistics_collector_test_msgs__rosidl_typesupport_introspection_cpp.so" to ""
-- Installing: /home/saitama1/ros2_foxy/install/libstatistics_collector/lib/liblibstatistics_collector_test_msgs__rosidl_typesupport_cpp.so
-- Set runtime path of "/home/saitama1/ros2_foxy/install/libstatistics_collector/lib/liblibstatistics_collector_test_msgs__rosidl_typesupport_cpp.so" to ""
Compiling '/home/saitama1/ros2_foxy/install/libstatistics_collector/lib/python3.8/site-packages/libstatistics_collector/__init__.py'...
-- Up-to-date: /home/saitama1/ros2_foxy/install/libstatistics_collector/share/libstatistics_collector/cmake/libstatistics_collectorExport.cmake
-- Installing: /home/saitama1/ros2_foxy/install/libstatistics_collector/share/libstatistics_collector/cmake/libstatistics_collectorExport-noconfig.cmake
-- Up-to-date: /home/saitama1/ros2_foxy/install/libstatistics_collector/share/libstatistics_collector/cmake/libstatistics_collector_test_msgs__rosidl_generator_cExport.cmake
-- Installing: /home/saitama1/ros2_foxy/install/libstatistics_collector/share/libstatistics_collector/cmake/libstatistics_collector_test_msgs__rosidl_generator_cExport-noconfig.cmake
-- Up-to-date: /home/saitama1/ros2_foxy/install/libstatistics_collector/share/libstatistics_collector/cmake/libstatistics_collector_test_msgs__rosidl_typesupport_introspection_cExport.cmake
-- Installing: /home/saitama1/ros2_foxy/install/libstatistics_collector/share/libstatistics_collector/cmake/libstatistics_collector_test_msgs__rosidl_typesupport_introspection_cExport-noconfig.cmake
-- Up-to-date: /home/saitama1/ros2_foxy/install/libstatistics_collector/share/libstatistics_collector/cmake/libstatistics_collector_test_msgs__rosidl_typesupport_cExport.cmake
-- Installing: /home/saitama1/ros2_foxy/install/libstatistics_collector/share/libstatistics_collector/cmake/libstatistics_collector_test_msgs__rosidl_typesupport_cExport-noconfig.cmake
-- Up-to-date: /home/saitama1/ros2_foxy/install/libstatistics_collector/share/libstatistics_collector/cmake/libstatistics_collector_test_msgs__rosidl_generator_cppExport.cmake
-- Up-to-date: /home/saitama1/ros2_foxy/install/libstatistics_collector/share/libstatistics_collector/cmake/libstatistics_collector_test_msgs__rosidl_typesupport_introspection_cppExport.cmake
-- Installing: /home/saitama1/ros2_foxy/install/libstatistics_collector/share/libstatistics_collector/cmake/libstatistics_collector_test_msgs__rosidl_typesupport_introspection_cppExport-noconfig.cmake
-- Up-to-date: /home/saitama1/ros2_foxy/install/libstatistics_collector/share/libstatistics_collector/cmake/libstatistics_collector_test_msgs__rosidl_typesupport_cppExport.cmake
-- Installing: /home/saitama1/ros2_foxy/install/libstatistics_collector/share/libstatistics_collector/cmake/libstatistics_collector_test_msgs__rosidl_typesupport_cppExport-noconfig.cmake
