-- Found ament_cmake: 0.9.8 (/home/saitama1/ros2_foxy/install/ament_cmake/share/ament_cmake/cmake)
-- Found PythonInterp: /usr/bin/python3 (found suitable version "3.8.10", minimum required is "3") 
-- Using PYTHON_EXECUTABLE: /usr/bin/python3
-- Override CMake install command with custom implementation using symlinks instead of copying resources
-- Found rosidl_default_generators: 1.0.1 (/home/saitama1/ros2_foxy/install/rosidl_default_generators/share/rosidl_default_generators/cmake)
-- Using all available rosidl_typesupport_c: rosidl_typesupport_introspection_c;rosidl_typesupport_fastrtps_c
-- Found rosidl_adapter: 1.2.1 (/home/saitama1/ros2_foxy/install/rosidl_adapter/share/rosidl_adapter/cmake)
-- Using all available rosidl_typesupport_cpp: rosidl_typesupport_introspection_cpp;rosidl_typesupport_fastrtps_cpp
-- Found PythonInterp: /usr/bin/python3 (found version "3.8.10") 
-- Found ament_cmake_cppcheck: 0.9.6 (/home/saitama1/ros2_foxy/install/ament_cmake_cppcheck/share/ament_cmake_cppcheck/cmake)
-- Found ament_cmake_cpplint: 0.9.6 (/home/saitama1/ros2_foxy/install/ament_cmake_cpplint/share/ament_cmake_cpplint/cmake)
-- Found ament_cmake_uncrustify: 0.9.6 (/home/saitama1/ros2_foxy/install/ament_cmake_uncrustify/share/ament_cmake_uncrustify/cmake)
-- Found ament_cmake_ros: 0.9.2 (/home/saitama1/ros2_foxy/install/ament_cmake_ros/share/ament_cmake_ros/cmake)
-- Using all available rosidl_typesupport_c: rosidl_typesupport_introspection_c;rosidl_typesupport_fastrtps_c
-- Using all available rosidl_typesupport_cpp: rosidl_typesupport_introspection_cpp;rosidl_typesupport_fastrtps_cpp
-- Found PythonInterp: /usr/bin/python3 (found suitable version "3.8.10", minimum required is "3.5") 
-- Found python_cmake_module: 0.8.1 (/home/saitama1/ros2_foxy/install/python_cmake_module/share/python_cmake_module/cmake)
-- Using PYTHON_EXECUTABLE: /usr/bin/python3
-- Using PYTHON_INCLUDE_DIRS: /usr/include/python3.8
-- Using PYTHON_LIBRARIES: /usr/lib/x86_64-linux-gnu/libpython3.8.so
-- Found ament_cmake_flake8: 0.9.6 (/home/saitama1/ros2_foxy/install/ament_cmake_flake8/share/ament_cmake_flake8/cmake)
-- Found ament_cmake_pep257: 0.9.6 (/home/saitama1/ros2_foxy/install/ament_cmake_pep257/share/ament_cmake_pep257/cmake)
-- Configuring done
-- Generating done
-- Build files have been written to: /home/saitama1/ros2_foxy/build/std_srvs
[  2%] [32m[1mLinking C shared library libstd_srvs__rosidl_generator_c.so[0m
[  4%] Built target std_srvs__cpp
[35m[1mScanning dependencies of target std_srvs__rosidl_typesupport_cpp[0m
[  6%] [32mBuilding CXX object CMakeFiles/std_srvs__rosidl_typesupport_cpp.dir/rosidl_typesupport_cpp/std_srvs/srv/empty__type_support.cpp.o[0m
[  8%] [32m[1mLinking CXX shared library libstd_srvs__rosidl_typesupport_introspection_cpp.so[0m
[ 10%] [32mBuilding CXX object CMakeFiles/std_srvs__rosidl_typesupport_cpp.dir/rosidl_typesupport_cpp/std_srvs/srv/set_bool__type_support.cpp.o[0m
[ 12%] [32mBuilding CXX object CMakeFiles/std_srvs__rosidl_typesupport_cpp.dir/rosidl_typesupport_cpp/std_srvs/srv/trigger__type_support.cpp.o[0m
[ 21%] Built target std_srvs__rosidl_generator_c
[ 23%] [32m[1mLinking CXX shared library libstd_srvs__rosidl_typesupport_fastrtps_cpp.so[0m
[ 25%] [34m[1mGenerating C type support dispatch for ROS interfaces[0m
[ 27%] [32m[1mLinking C shared library libstd_srvs__rosidl_typesupport_introspection_c.so[0m
[ 36%] Built target std_srvs__rosidl_typesupport_introspection_cpp
[ 44%] Built target std_srvs__rosidl_typesupport_fastrtps_cpp
[ 53%] Built target std_srvs__rosidl_typesupport_introspection_c
[ 55%] [32m[1mLinking CXX shared library libstd_srvs__rosidl_typesupport_fastrtps_c.so[0m
[ 57%] [32m[1mLinking CXX shared library libstd_srvs__rosidl_typesupport_cpp.so[0m
[ 59%] Built target std_srvs__rosidl_typesupport_cpp
[ 68%] Built target std_srvs__rosidl_typesupport_fastrtps_c
[35m[1mScanning dependencies of target std_srvs__rosidl_typesupport_c[0m
[ 70%] [32mBuilding CXX object CMakeFiles/std_srvs__rosidl_typesupport_c.dir/rosidl_typesupport_c/std_srvs/srv/empty__type_support.cpp.o[0m
[ 72%] [32mBuilding CXX object CMakeFiles/std_srvs__rosidl_typesupport_c.dir/rosidl_typesupport_c/std_srvs/srv/set_bool__type_support.cpp.o[0m
[ 74%] [32mBuilding CXX object CMakeFiles/std_srvs__rosidl_typesupport_c.dir/rosidl_typesupport_c/std_srvs/srv/trigger__type_support.cpp.o[0m
[ 76%] [32m[1mLinking CXX shared library libstd_srvs__rosidl_typesupport_c.so[0m
[ 76%] Built target std_srvs__rosidl_typesupport_c
[ 76%] Built target std_srvs
[35m[1mScanning dependencies of target std_srvs__py[0m
[ 78%] Built target std_srvs__py
[ 80%] [32m[1mLinking C shared library rosidl_generator_py/std_srvs/libstd_srvs__python.so[0m
[ 87%] Built target std_srvs__python
[35m[1mScanning dependencies of target std_srvs__rosidl_typesupport_fastrtps_c__pyext[0m
[ 89%] [32m[1mLinking C shared library rosidl_generator_py/std_srvs/std_srvs_s__rosidl_typesupport_c.cpython-38-x86_64-linux-gnu.so[0m
[ 91%] [32mBuilding C object CMakeFiles/std_srvs__rosidl_typesupport_fastrtps_c__pyext.dir/rosidl_generator_py/std_srvs/_std_srvs_s.ep.rosidl_typesupport_fastrtps_c.c.o[0m
[ 93%] [32m[1mLinking C shared library rosidl_generator_py/std_srvs/std_srvs_s__rosidl_typesupport_introspection_c.cpython-38-x86_64-linux-gnu.so[0m
[ 95%] Built target std_srvs__rosidl_typesupport_c__pyext
[ 97%] Built target std_srvs__rosidl_typesupport_introspection_c__pyext
[100%] [32m[1mLinking CXX shared library rosidl_generator_py/std_srvs/std_srvs_s__rosidl_typesupport_fastrtps_c.cpython-38-x86_64-linux-gnu.so[0m
[100%] Built target std_srvs__rosidl_typesupport_fastrtps_c__pyext
-- Install configuration: ""
-- Execute custom install script
-- Symlinking: /home/saitama1/ros2_foxy/install/std_srvs/share/ament_index/resource_index/rosidl_interfaces/std_srvs
-- Symlinking: /home/saitama1/ros2_foxy/install/std_srvs/include/std_srvs/msg/rosidl_generator_c__visibility_control.h
-- Symlinking: /home/saitama1/ros2_foxy/install/std_srvs/include/std_srvs/srv/detail/empty__functions.h
-- Symlinking: /home/saitama1/ros2_foxy/install/std_srvs/include/std_srvs/srv/detail/empty__struct.h
-- Symlinking: /home/saitama1/ros2_foxy/install/std_srvs/include/std_srvs/srv/detail/empty__type_support.h
-- Symlinking: /home/saitama1/ros2_foxy/install/std_srvs/include/std_srvs/srv/detail/set_bool__functions.h
-- Symlinking: /home/saitama1/ros2_foxy/install/std_srvs/include/std_srvs/srv/detail/set_bool__struct.h
-- Symlinking: /home/saitama1/ros2_foxy/install/std_srvs/include/std_srvs/srv/detail/set_bool__type_support.h
-- Symlinking: /home/saitama1/ros2_foxy/install/std_srvs/include/std_srvs/srv/detail/trigger__functions.h
-- Symlinking: /home/saitama1/ros2_foxy/install/std_srvs/include/std_srvs/srv/detail/trigger__struct.h
-- Symlinking: /home/saitama1/ros2_foxy/install/std_srvs/include/std_srvs/srv/detail/trigger__type_support.h
-- Symlinking: /home/saitama1/ros2_foxy/install/std_srvs/include/std_srvs/srv/empty.h
-- Symlinking: /home/saitama1/ros2_foxy/install/std_srvs/include/std_srvs/srv/set_bool.h
-- Symlinking: /home/saitama1/ros2_foxy/install/std_srvs/include/std_srvs/srv/trigger.h
-- Symlinking: /home/saitama1/ros2_foxy/install/std_srvs/share/std_srvs/environment/library_path.sh
-- Symlinking: /home/saitama1/ros2_foxy/install/std_srvs/share/std_srvs/environment/library_path.dsv
-- Symlinking: /home/saitama1/ros2_foxy/install/std_srvs/include/std_srvs/msg/rosidl_typesupport_introspection_c__visibility_control.h
-- Symlinking: /home/saitama1/ros2_foxy/install/std_srvs/include/std_srvs/srv/detail/empty__rosidl_typesupport_introspection_c.h
-- Symlinking: /home/saitama1/ros2_foxy/install/std_srvs/include/std_srvs/srv/detail/set_bool__rosidl_typesupport_introspection_c.h
-- Symlinking: /home/saitama1/ros2_foxy/install/std_srvs/include/std_srvs/srv/detail/trigger__rosidl_typesupport_introspection_c.h
-- Symlinking: /home/saitama1/ros2_foxy/install/std_srvs/include/std_srvs/msg/rosidl_typesupport_fastrtps_c__visibility_control.h
-- Symlinking: /home/saitama1/ros2_foxy/install/std_srvs/include/std_srvs/srv/detail/empty__rosidl_typesupport_fastrtps_c.h
-- Symlinking: /home/saitama1/ros2_foxy/install/std_srvs/include/std_srvs/srv/detail/set_bool__rosidl_typesupport_fastrtps_c.h
-- Symlinking: /home/saitama1/ros2_foxy/install/std_srvs/include/std_srvs/srv/detail/trigger__rosidl_typesupport_fastrtps_c.h
-- Symlinking: /home/saitama1/ros2_foxy/install/std_srvs/lib/libstd_srvs__rosidl_typesupport_fastrtps_c.so
-- Symlinking: /home/saitama1/ros2_foxy/install/std_srvs/include/std_srvs/msg/rosidl_typesupport_fastrtps_cpp__visibility_control.h
-- Symlinking: /home/saitama1/ros2_foxy/install/std_srvs/include/std_srvs/srv/detail/empty__rosidl_typesupport_fastrtps_cpp.hpp
-- Symlinking: /home/saitama1/ros2_foxy/install/std_srvs/include/std_srvs/srv/detail/set_bool__rosidl_typesupport_fastrtps_cpp.hpp
-- Symlinking: /home/saitama1/ros2_foxy/install/std_srvs/include/std_srvs/srv/detail/trigger__rosidl_typesupport_fastrtps_cpp.hpp
-- Symlinking: /home/saitama1/ros2_foxy/install/std_srvs/lib/libstd_srvs__rosidl_typesupport_fastrtps_cpp.so
-- Symlinking: /home/saitama1/ros2_foxy/install/std_srvs/include/std_srvs/srv/detail/empty__builder.hpp
-- Symlinking: /home/saitama1/ros2_foxy/install/std_srvs/include/std_srvs/srv/detail/empty__struct.hpp
-- Symlinking: /home/saitama1/ros2_foxy/install/std_srvs/include/std_srvs/srv/detail/empty__traits.hpp
-- Symlinking: /home/saitama1/ros2_foxy/install/std_srvs/include/std_srvs/srv/detail/set_bool__builder.hpp
-- Symlinking: /home/saitama1/ros2_foxy/install/std_srvs/include/std_srvs/srv/detail/set_bool__struct.hpp
-- Symlinking: /home/saitama1/ros2_foxy/install/std_srvs/include/std_srvs/srv/detail/set_bool__traits.hpp
-- Symlinking: /home/saitama1/ros2_foxy/install/std_srvs/include/std_srvs/srv/detail/trigger__builder.hpp
-- Symlinking: /home/saitama1/ros2_foxy/install/std_srvs/include/std_srvs/srv/detail/trigger__struct.hpp
-- Symlinking: /home/saitama1/ros2_foxy/install/std_srvs/include/std_srvs/srv/detail/trigger__traits.hpp
-- Symlinking: /home/saitama1/ros2_foxy/install/std_srvs/include/std_srvs/srv/empty.hpp
-- Symlinking: /home/saitama1/ros2_foxy/install/std_srvs/include/std_srvs/srv/set_bool.hpp
-- Symlinking: /home/saitama1/ros2_foxy/install/std_srvs/include/std_srvs/srv/trigger.hpp
-- Symlinking: /home/saitama1/ros2_foxy/install/std_srvs/include/std_srvs/srv/detail/empty__rosidl_typesupport_introspection_cpp.hpp
-- Symlinking: /home/saitama1/ros2_foxy/install/std_srvs/include/std_srvs/srv/detail/set_bool__rosidl_typesupport_introspection_cpp.hpp
-- Symlinking: /home/saitama1/ros2_foxy/install/std_srvs/include/std_srvs/srv/detail/trigger__rosidl_typesupport_introspection_cpp.hpp
-- Symlinking: /home/saitama1/ros2_foxy/install/std_srvs/share/std_srvs/environment/pythonpath.sh
-- Symlinking: /home/saitama1/ros2_foxy/install/std_srvs/share/std_srvs/environment/pythonpath.dsv
-- Symlinking: /home/saitama1/ros2_foxy/install/std_srvs/lib/python3.8/site-packages/std_srvs/__init__.py
-- Symlinking: /home/saitama1/ros2_foxy/install/std_srvs/lib/python3.8/site-packages/std_srvs/srv/__init__.py
-- Symlinking: /home/saitama1/ros2_foxy/install/std_srvs/lib/python3.8/site-packages/std_srvs/srv/_empty.py
-- Symlinking: /home/saitama1/ros2_foxy/install/std_srvs/lib/python3.8/site-packages/std_srvs/srv/_set_bool.py
-- Symlinking: /home/saitama1/ros2_foxy/install/std_srvs/lib/python3.8/site-packages/std_srvs/srv/_trigger.py
-- Symlinking: /home/saitama1/ros2_foxy/install/std_srvs/lib/python3.8/site-packages/std_srvs/std_srvs_s__rosidl_typesupport_introspection_c.cpython-38-x86_64-linux-gnu.so
-- Symlinking: /home/saitama1/ros2_foxy/install/std_srvs/lib/python3.8/site-packages/std_srvs/std_srvs_s__rosidl_typesupport_fastrtps_c.cpython-38-x86_64-linux-gnu.so
-- Symlinking: /home/saitama1/ros2_foxy/install/std_srvs/lib/python3.8/site-packages/std_srvs/std_srvs_s__rosidl_typesupport_c.cpython-38-x86_64-linux-gnu.so
-- Symlinking: /home/saitama1/ros2_foxy/install/std_srvs/lib/libstd_srvs__python.so
-- Symlinking: /home/saitama1/ros2_foxy/install/std_srvs/share/std_srvs/srv/Empty.idl
-- Symlinking: /home/saitama1/ros2_foxy/install/std_srvs/share/std_srvs/srv/SetBool.idl
-- Symlinking: /home/saitama1/ros2_foxy/install/std_srvs/share/std_srvs/srv/Trigger.idl
-- Symlinking: /home/saitama1/ros2_foxy/install/std_srvs/share/std_srvs/srv/Empty.srv
-- Symlinking: /home/saitama1/ros2_foxy/install/std_srvs/share/std_srvs/srv/Empty_Request.msg
-- Symlinking: /home/saitama1/ros2_foxy/install/std_srvs/share/std_srvs/srv/Empty_Response.msg
-- Symlinking: /home/saitama1/ros2_foxy/install/std_srvs/share/std_srvs/srv/SetBool.srv
-- Symlinking: /home/saitama1/ros2_foxy/install/std_srvs/share/std_srvs/srv/SetBool_Request.msg
-- Symlinking: /home/saitama1/ros2_foxy/install/std_srvs/share/std_srvs/srv/SetBool_Response.msg
-- Symlinking: /home/saitama1/ros2_foxy/install/std_srvs/share/std_srvs/srv/Trigger.srv
-- Symlinking: /home/saitama1/ros2_foxy/install/std_srvs/share/std_srvs/srv/Trigger_Request.msg
-- Symlinking: /home/saitama1/ros2_foxy/install/std_srvs/share/std_srvs/srv/Trigger_Response.msg
-- Symlinking: /home/saitama1/ros2_foxy/install/std_srvs/share/ament_index/resource_index/package_run_dependencies/std_srvs
-- Symlinking: /home/saitama1/ros2_foxy/install/std_srvs/share/ament_index/resource_index/parent_prefix_path/std_srvs
-- Symlinking: /home/saitama1/ros2_foxy/install/std_srvs/share/std_srvs/environment/ament_prefix_path.sh
-- Symlinking: /home/saitama1/ros2_foxy/install/std_srvs/share/std_srvs/environment/ament_prefix_path.dsv
-- Symlinking: /home/saitama1/ros2_foxy/install/std_srvs/share/std_srvs/environment/path.sh
-- Symlinking: /home/saitama1/ros2_foxy/install/std_srvs/share/std_srvs/environment/path.dsv
-- Symlinking: /home/saitama1/ros2_foxy/install/std_srvs/share/std_srvs/local_setup.bash
-- Symlinking: /home/saitama1/ros2_foxy/install/std_srvs/share/std_srvs/local_setup.sh
-- Symlinking: /home/saitama1/ros2_foxy/install/std_srvs/share/std_srvs/local_setup.zsh
-- Symlinking: /home/saitama1/ros2_foxy/install/std_srvs/share/std_srvs/local_setup.dsv
-- Symlinking: /home/saitama1/ros2_foxy/install/std_srvs/share/std_srvs/package.dsv
-- Symlinking: /home/saitama1/ros2_foxy/install/std_srvs/share/ament_index/resource_index/packages/std_srvs
-- Symlinking: /home/saitama1/ros2_foxy/install/std_srvs/share/std_srvs/cmake/rosidl_cmake-extras.cmake
-- Symlinking: /home/saitama1/ros2_foxy/install/std_srvs/share/std_srvs/cmake/ament_cmake_export_dependencies-extras.cmake
-- Symlinking: /home/saitama1/ros2_foxy/install/std_srvs/share/std_srvs/cmake/ament_cmake_export_libraries-extras.cmake
-- Symlinking: /home/saitama1/ros2_foxy/install/std_srvs/share/std_srvs/cmake/ament_cmake_export_targets-extras.cmake
-- Symlinking: /home/saitama1/ros2_foxy/install/std_srvs/share/std_srvs/cmake/ament_cmake_export_include_directories-extras.cmake
-- Symlinking: /home/saitama1/ros2_foxy/install/std_srvs/share/std_srvs/cmake/rosidl_cmake_export_typesupport_targets-extras.cmake
-- Symlinking: /home/saitama1/ros2_foxy/install/std_srvs/share/std_srvs/cmake/rosidl_cmake_export_typesupport_libraries-extras.cmake
-- Symlinking: /home/saitama1/ros2_foxy/install/std_srvs/share/std_srvs/cmake/std_srvsConfig.cmake
-- Symlinking: /home/saitama1/ros2_foxy/install/std_srvs/share/std_srvs/cmake/std_srvsConfig-version.cmake
-- Symlinking: /home/saitama1/ros2_foxy/install/std_srvs/share/std_srvs/package.xml
-- Installing: /home/saitama1/ros2_foxy/install/std_srvs/lib/libstd_srvs__rosidl_generator_c.so
-- Set runtime path of "/home/saitama1/ros2_foxy/install/std_srvs/lib/libstd_srvs__rosidl_generator_c.so" to ""
-- Installing: /home/saitama1/ros2_foxy/install/std_srvs/lib/libstd_srvs__rosidl_typesupport_introspection_c.so
-- Set runtime path of "/home/saitama1/ros2_foxy/install/std_srvs/lib/libstd_srvs__rosidl_typesupport_introspection_c.so" to ""
-- Installing: /home/saitama1/ros2_foxy/install/std_srvs/lib/libstd_srvs__rosidl_typesupport_c.so
-- Set runtime path of "/home/saitama1/ros2_foxy/install/std_srvs/lib/libstd_srvs__rosidl_typesupport_c.so" to ""
-- Installing: /home/saitama1/ros2_foxy/install/std_srvs/lib/libstd_srvs__rosidl_typesupport_introspection_cpp.so
-- Set runtime path of "/home/saitama1/ros2_foxy/install/std_srvs/lib/libstd_srvs__rosidl_typesupport_introspection_cpp.so" to ""
-- Installing: /home/saitama1/ros2_foxy/install/std_srvs/lib/libstd_srvs__rosidl_typesupport_cpp.so
-- Set runtime path of "/home/saitama1/ros2_foxy/install/std_srvs/lib/libstd_srvs__rosidl_typesupport_cpp.so" to ""
Compiling '/home/saitama1/ros2_foxy/install/std_srvs/lib/python3.8/site-packages/std_srvs/__init__.py'...
-- Up-to-date: /home/saitama1/ros2_foxy/install/std_srvs/share/std_srvs/cmake/std_srvs__rosidl_generator_cExport.cmake
-- Installing: /home/saitama1/ros2_foxy/install/std_srvs/share/std_srvs/cmake/std_srvs__rosidl_generator_cExport-noconfig.cmake
-- Up-to-date: /home/saitama1/ros2_foxy/install/std_srvs/share/std_srvs/cmake/std_srvs__rosidl_typesupport_introspection_cExport.cmake
-- Installing: /home/saitama1/ros2_foxy/install/std_srvs/share/std_srvs/cmake/std_srvs__rosidl_typesupport_introspection_cExport-noconfig.cmake
-- Up-to-date: /home/saitama1/ros2_foxy/install/std_srvs/share/std_srvs/cmake/std_srvs__rosidl_typesupport_cExport.cmake
-- Installing: /home/saitama1/ros2_foxy/install/std_srvs/share/std_srvs/cmake/std_srvs__rosidl_typesupport_cExport-noconfig.cmake
-- Up-to-date: /home/saitama1/ros2_foxy/install/std_srvs/share/std_srvs/cmake/std_srvs__rosidl_generator_cppExport.cmake
-- Up-to-date: /home/saitama1/ros2_foxy/install/std_srvs/share/std_srvs/cmake/std_srvs__rosidl_typesupport_introspection_cppExport.cmake
-- Installing: /home/saitama1/ros2_foxy/install/std_srvs/share/std_srvs/cmake/std_srvs__rosidl_typesupport_introspection_cppExport-noconfig.cmake
-- Up-to-date: /home/saitama1/ros2_foxy/install/std_srvs/share/std_srvs/cmake/std_srvs__rosidl_typesupport_cppExport.cmake
-- Installing: /home/saitama1/ros2_foxy/install/std_srvs/share/std_srvs/cmake/std_srvs__rosidl_typesupport_cppExport-noconfig.cmake
