running egg_info
creating ../../../../build/ament_flake8/ament_flake8.egg-info
writing ../../../../build/ament_flake8/ament_flake8.egg-info/PKG-INFO
writing dependency_links to ../../../../build/ament_flake8/ament_flake8.egg-info/dependency_links.txt
writing entry points to ../../../../build/ament_flake8/ament_flake8.egg-info/entry_points.txt
writing requirements to ../../../../build/ament_flake8/ament_flake8.egg-info/requires.txt
writing top-level names to ../../../../build/ament_flake8/ament_flake8.egg-info/top_level.txt
writing manifest file '../../../../build/ament_flake8/ament_flake8.egg-info/SOURCES.txt'
reading manifest file '../../../../build/ament_flake8/ament_flake8.egg-info/SOURCES.txt'
writing manifest file '../../../../build/ament_flake8/ament_flake8.egg-info/SOURCES.txt'
running build
running build_py
creating /home/saitama1/Pictures/ros2-picas/ros2_foxy/build/ament_flake8/build
creating /home/saitama1/Pictures/ros2-picas/ros2_foxy/build/ament_flake8/build/lib
creating /home/saitama1/Pictures/ros2-picas/ros2_foxy/build/ament_flake8/build/lib/ament_flake8
copying ament_flake8/pytest_marker.py -> /home/saitama1/Pictures/ros2-picas/ros2_foxy/build/ament_flake8/build/lib/ament_flake8
copying ament_flake8/legacy.py -> /home/saitama1/Pictures/ros2-picas/ros2_foxy/build/ament_flake8/build/lib/ament_flake8
copying ament_flake8/__init__.py -> /home/saitama1/Pictures/ros2-picas/ros2_foxy/build/ament_flake8/build/lib/ament_flake8
copying ament_flake8/main.py -> /home/saitama1/Pictures/ros2-picas/ros2_foxy/build/ament_flake8/build/lib/ament_flake8
creating /home/saitama1/Pictures/ros2-picas/ros2_foxy/build/ament_flake8/build/lib/ament_flake8/configuration
copying ament_flake8/configuration/ament_flake8.ini -> /home/saitama1/Pictures/ros2-picas/ros2_foxy/build/ament_flake8/build/lib/ament_flake8/configuration
running install
running install_lib
copying /home/saitama1/Pictures/ros2-picas/ros2_foxy/build/ament_flake8/build/lib/ament_flake8/pytest_marker.py -> /home/saitama1/Pictures/ros2-picas/ros2_foxy/install/ament_flake8/lib/python3.8/site-packages/ament_flake8
copying /home/saitama1/Pictures/ros2-picas/ros2_foxy/build/ament_flake8/build/lib/ament_flake8/legacy.py -> /home/saitama1/Pictures/ros2-picas/ros2_foxy/install/ament_flake8/lib/python3.8/site-packages/ament_flake8
copying /home/saitama1/Pictures/ros2-picas/ros2_foxy/build/ament_flake8/build/lib/ament_flake8/__init__.py -> /home/saitama1/Pictures/ros2-picas/ros2_foxy/install/ament_flake8/lib/python3.8/site-packages/ament_flake8
copying /home/saitama1/Pictures/ros2-picas/ros2_foxy/build/ament_flake8/build/lib/ament_flake8/main.py -> /home/saitama1/Pictures/ros2-picas/ros2_foxy/install/ament_flake8/lib/python3.8/site-packages/ament_flake8
creating /home/saitama1/Pictures/ros2-picas/ros2_foxy/install/ament_flake8/lib/python3.8/site-packages/ament_flake8/configuration
copying /home/saitama1/Pictures/ros2-picas/ros2_foxy/build/ament_flake8/build/lib/ament_flake8/configuration/ament_flake8.ini -> /home/saitama1/Pictures/ros2-picas/ros2_foxy/install/ament_flake8/lib/python3.8/site-packages/ament_flake8/configuration
byte-compiling /home/saitama1/Pictures/ros2-picas/ros2_foxy/install/ament_flake8/lib/python3.8/site-packages/ament_flake8/pytest_marker.py to pytest_marker.cpython-38.pyc
byte-compiling /home/saitama1/Pictures/ros2-picas/ros2_foxy/install/ament_flake8/lib/python3.8/site-packages/ament_flake8/legacy.py to legacy.cpython-38.pyc
byte-compiling /home/saitama1/Pictures/ros2-picas/ros2_foxy/install/ament_flake8/lib/python3.8/site-packages/ament_flake8/__init__.py to __init__.cpython-38.pyc
byte-compiling /home/saitama1/Pictures/ros2-picas/ros2_foxy/install/ament_flake8/lib/python3.8/site-packages/ament_flake8/main.py to main.cpython-38.pyc
running install_data
running install_egg_info
Copying ../../../../build/ament_flake8/ament_flake8.egg-info to /home/saitama1/Pictures/ros2-picas/ros2_foxy/install/ament_flake8/lib/python3.8/site-packages/ament_flake8-0.9.6-py3.8.egg-info
running install_scripts
Installing ament_flake8 script to /home/saitama1/Pictures/ros2-picas/ros2_foxy/install/ament_flake8/bin
writing list of installed files to '/home/saitama1/Pictures/ros2-picas/ros2_foxy/build/ament_flake8/install.log'
