[0.670s] Invoking command in '/home/saitama1/ros2_foxy/build/urdfdom_headers': /usr/bin/cmake /home/saitama1/ros2_foxy/src/ros/urdfdom_headers -DCMAKE_INSTALL_PREFIX=/home/saitama1/ros2_foxy/install/urdfdom_headers
[0.874s] -- The C compiler identification is GNU 9.3.0
[0.874s] -- The CXX compiler identification is GNU 9.3.0
[0.874s] -- Check for working C compiler: /usr/bin/cc
[0.874s] -- Check for working C compiler: /usr/bin/cc -- works
[0.874s] -- Detecting C compiler ABI info
[0.975s] -- Detecting C compiler ABI info - done
[0.986s] -- Detecting C compile features
[0.987s] -- Detecting C compile features - done
[0.991s] -- Check for working CXX compiler: /usr/bin/c++
[1.079s] -- Check for working CXX compiler: /usr/bin/c++ -- works
[1.081s] -- Detecting CXX compiler ABI info
[1.186s] -- Detecting CXX compiler ABI info - done
[1.196s] -- Detecting CXX compile features
[1.197s] -- Detecting CXX compile features - done
[1.200s] -- urdfdom_headers version 1.0.5
[1.212s] -- Configuration successful. Type make install to install urdfdom_headers.
[1.213s] -- Configuring done
[1.213s] -- Generating done
[1.214s] -- Build files have been written to: /home/saitama1/ros2_foxy/build/urdfdom_headers
[1.259s] Invoked command in '/home/saitama1/ros2_foxy/build/urdfdom_headers' returned '0': /usr/bin/cmake /home/saitama1/ros2_foxy/src/ros/urdfdom_headers -DCMAKE_INSTALL_PREFIX=/home/saitama1/ros2_foxy/install/urdfdom_headers
[1.259s] Invoking command in '/home/saitama1/ros2_foxy/build/urdfdom_headers': /usr/bin/cmake --build /home/saitama1/ros2_foxy/build/urdfdom_headers -- -j12 -l12
[1.622s] Invoked command in '/home/saitama1/ros2_foxy/build/urdfdom_headers' returned '0': /usr/bin/cmake --build /home/saitama1/ros2_foxy/build/urdfdom_headers -- -j12 -l12
[1.656s] Invoking command in '/home/saitama1/ros2_foxy/build/urdfdom_headers': /usr/bin/cmake --install /home/saitama1/ros2_foxy/build/urdfdom_headers
[1.671s] -- Install configuration: ""
[1.672s] -- Installing: /home/saitama1/ros2_foxy/install/urdfdom_headers/lib/urdfdom_headers/cmake/urdfdom_headers-config.cmake
[1.672s] -- Installing: /home/saitama1/ros2_foxy/install/urdfdom_headers/lib/urdfdom_headers/cmake/urdfdom_headers-config-version.cmake
[1.674s] -- Installing: /home/saitama1/ros2_foxy/install/urdfdom_headers/lib/pkgconfig/urdfdom_headers.pc
[1.674s] -- Installing: /home/saitama1/ros2_foxy/install/urdfdom_headers/lib/urdfdom_headers/cmake/urdfdom_headersExport.cmake
[1.674s] -- Installing: /home/saitama1/ros2_foxy/install/urdfdom_headers/include/urdf_sensor
[1.675s] -- Installing: /home/saitama1/ros2_foxy/install/urdfdom_headers/include/urdf_sensor/types.h
[1.675s] -- Installing: /home/saitama1/ros2_foxy/install/urdfdom_headers/include/urdf_sensor/sensor.h
[1.675s] -- Installing: /home/saitama1/ros2_foxy/install/urdfdom_headers/include/urdf_model
[1.675s] -- Installing: /home/saitama1/ros2_foxy/install/urdfdom_headers/include/urdf_model/types.h
[1.675s] -- Installing: /home/saitama1/ros2_foxy/install/urdfdom_headers/include/urdf_model/model.h
[1.675s] -- Installing: /home/saitama1/ros2_foxy/install/urdfdom_headers/include/urdf_model/joint.h
[1.675s] -- Installing: /home/saitama1/ros2_foxy/install/urdfdom_headers/include/urdf_model/utils.h
[1.675s] -- Installing: /home/saitama1/ros2_foxy/install/urdfdom_headers/include/urdf_model/color.h
[1.675s] -- Installing: /home/saitama1/ros2_foxy/install/urdfdom_headers/include/urdf_model/pose.h
[1.675s] -- Installing: /home/saitama1/ros2_foxy/install/urdfdom_headers/include/urdf_model/twist.h
[1.675s] -- Installing: /home/saitama1/ros2_foxy/install/urdfdom_headers/include/urdf_model/link.h
[1.676s] -- Installing: /home/saitama1/ros2_foxy/install/urdfdom_headers/include/urdf_model_state
[1.676s] -- Installing: /home/saitama1/ros2_foxy/install/urdfdom_headers/include/urdf_model_state/types.h
[1.676s] -- Installing: /home/saitama1/ros2_foxy/install/urdfdom_headers/include/urdf_model_state/twist.h
[1.676s] -- Installing: /home/saitama1/ros2_foxy/install/urdfdom_headers/include/urdf_model_state/model_state.h
[1.676s] -- Installing: /home/saitama1/ros2_foxy/install/urdfdom_headers/include/urdf_world
[1.676s] -- Installing: /home/saitama1/ros2_foxy/install/urdfdom_headers/include/urdf_world/world.h
[1.676s] -- Installing: /home/saitama1/ros2_foxy/install/urdfdom_headers/include/urdf_world/types.h
[1.676s] -- Installing: /home/saitama1/ros2_foxy/install/urdfdom_headers/include/urdf_exception
[1.676s] -- Installing: /home/saitama1/ros2_foxy/install/urdfdom_headers/include/urdf_exception/exception.h
[1.682s] Invoked command in '/home/saitama1/ros2_foxy/build/urdfdom_headers' returned '0': /usr/bin/cmake --install /home/saitama1/ros2_foxy/build/urdfdom_headers
