-- Found ament_cmake: 0.9.8 (/home/saitama1/ros2_foxy/install/ament_cmake/share/ament_cmake/cmake)
-- Using PYTHON_EXECUTABLE: /usr/bin/python3
-- Override CMake install command with custom implementation using symlinks instead of copying resources
-- Configuring done
-- Generating done
-- Build files have been written to: /home/saitama1/ros2_foxy/build/rviz_ogre_vendor
[100%] Built target ogre-v1.12.1
-- Install configuration: ""
-- Execute custom install script
-- Symlinking: /home/saitama1/ros2_foxy/install/rviz_ogre_vendor/opt/rviz_ogre_vendor/bin/OgreMeshUpgrader
-- Symlinking: /home/saitama1/ros2_foxy/install/rviz_ogre_vendor/opt/rviz_ogre_vendor/bin/OgreXMLConverter
-- Symlinking: /home/saitama1/ros2_foxy/install/rviz_ogre_vendor/opt/rviz_ogre_vendor/bin/VRMLConverter
-- Symlinking: /home/saitama1/ros2_foxy/install/rviz_ogre_vendor/opt/rviz_ogre_vendor/include/OGRE/DefaultSamplesPlugin.h
-- Symlinking: /home/saitama1/ros2_foxy/install/rviz_ogre_vendor/opt/rviz_ogre_vendor/include/OGRE/HLMS/OgreHlmsDatablock.h
-- Symlinking: /home/saitama1/ros2_foxy/install/rviz_ogre_vendor/opt/rviz_ogre_vendor/include/OGRE/HLMS/OgreHlmsManager.h
-- Symlinking: /home/saitama1/ros2_foxy/install/rviz_ogre_vendor/opt/rviz_ogre_vendor/include/OGRE/HLMS/OgreHlmsMaterialBase.h
-- Symlinking: /home/saitama1/ros2_foxy/install/rviz_ogre_vendor/opt/rviz_ogre_vendor/include/OGRE/HLMS/OgreHlmsPbsMaterial.h
-- Symlinking: /home/saitama1/ros2_foxy/install/rviz_ogre_vendor/opt/rviz_ogre_vendor/include/OGRE/HLMS/OgreHlmsPrerequisites.h
-- Symlinking: /home/saitama1/ros2_foxy/install/rviz_ogre_vendor/opt/rviz_ogre_vendor/include/OGRE/HLMS/OgreHlmsPropertyHelper.h
-- Symlinking: /home/saitama1/ros2_foxy/install/rviz_ogre_vendor/opt/rviz_ogre_vendor/include/OGRE/HLMS/OgreHlmsPropertyMap.h
-- Symlinking: /home/saitama1/ros2_foxy/install/rviz_ogre_vendor/opt/rviz_ogre_vendor/include/OGRE/HLMS/OgreHlmsShaderCommon.h
-- Symlinking: /home/saitama1/ros2_foxy/install/rviz_ogre_vendor/opt/rviz_ogre_vendor/include/OGRE/HLMS/OgreHlmsShaderGenerator.h
-- Symlinking: /home/saitama1/ros2_foxy/install/rviz_ogre_vendor/opt/rviz_ogre_vendor/include/OGRE/HLMS/OgreHlmsShaderManager.h
-- Symlinking: /home/saitama1/ros2_foxy/install/rviz_ogre_vendor/opt/rviz_ogre_vendor/include/OGRE/HLMS/OgreHlmsShaderPiecesManager.h
-- Symlinking: /home/saitama1/ros2_foxy/install/rviz_ogre_vendor/opt/rviz_ogre_vendor/include/OGRE/HLMS/OgreHlmsShaderTemplate.h
-- Symlinking: /home/saitama1/ros2_foxy/install/rviz_ogre_vendor/opt/rviz_ogre_vendor/include/OGRE/HLMS/OgreId.h
-- Symlinking: /home/saitama1/ros2_foxy/install/rviz_ogre_vendor/opt/rviz_ogre_vendor/include/OGRE/HLMS/OgreIdString.h
-- Symlinking: /home/saitama1/ros2_foxy/install/rviz_ogre_vendor/opt/rviz_ogre_vendor/include/OGRE/ListenerFactoryLogic.h
-- Symlinking: /home/saitama1/ros2_foxy/install/rviz_ogre_vendor/opt/rviz_ogre_vendor/include/OGRE/MeshLodGenerator/OgreLod0Stripifier.h
-- Symlinking: /home/saitama1/ros2_foxy/install/rviz_ogre_vendor/opt/rviz_ogre_vendor/include/OGRE/MeshLodGenerator/OgreLodBuffer.h
-- Symlinking: /home/saitama1/ros2_foxy/install/rviz_ogre_vendor/opt/rviz_ogre_vendor/include/OGRE/MeshLodGenerator/OgreLodCollapseCost.h
-- Symlinking: /home/saitama1/ros2_foxy/install/rviz_ogre_vendor/opt/rviz_ogre_vendor/include/OGRE/MeshLodGenerator/OgreLodCollapseCostCurvature.h
-- Symlinking: /home/saitama1/ros2_foxy/install/rviz_ogre_vendor/opt/rviz_ogre_vendor/include/OGRE/MeshLodGenerator/OgreLodCollapseCostOutside.h
-- Symlinking: /home/saitama1/ros2_foxy/install/rviz_ogre_vendor/opt/rviz_ogre_vendor/include/OGRE/MeshLodGenerator/OgreLodCollapseCostProfiler.h
-- Symlinking: /home/saitama1/ros2_foxy/install/rviz_ogre_vendor/opt/rviz_ogre_vendor/include/OGRE/MeshLodGenerator/OgreLodCollapseCostQuadric.h
-- Symlinking: /home/saitama1/ros2_foxy/install/rviz_ogre_vendor/opt/rviz_ogre_vendor/include/OGRE/MeshLodGenerator/OgreLodCollapser.h
-- Symlinking: /home/saitama1/ros2_foxy/install/rviz_ogre_vendor/opt/rviz_ogre_vendor/include/OGRE/MeshLodGenerator/OgreLodConfig.h
-- Symlinking: /home/saitama1/ros2_foxy/install/rviz_ogre_vendor/opt/rviz_ogre_vendor/include/OGRE/MeshLodGenerator/OgreLodConfigSerializer.h
-- Symlinking: /home/saitama1/ros2_foxy/install/rviz_ogre_vendor/opt/rviz_ogre_vendor/include/OGRE/MeshLodGenerator/OgreLodData.h
-- Symlinking: /home/saitama1/ros2_foxy/install/rviz_ogre_vendor/opt/rviz_ogre_vendor/include/OGRE/MeshLodGenerator/OgreLodInputProvider.h
-- Symlinking: /home/saitama1/ros2_foxy/install/rviz_ogre_vendor/opt/rviz_ogre_vendor/include/OGRE/MeshLodGenerator/OgreLodInputProviderBuffer.h
-- Symlinking: /home/saitama1/ros2_foxy/install/rviz_ogre_vendor/opt/rviz_ogre_vendor/include/OGRE/MeshLodGenerator/OgreLodInputProviderMesh.h
-- Symlinking: /home/saitama1/ros2_foxy/install/rviz_ogre_vendor/opt/rviz_ogre_vendor/include/OGRE/MeshLodGenerator/OgreLodOutputProvider.h
-- Symlinking: /home/saitama1/ros2_foxy/install/rviz_ogre_vendor/opt/rviz_ogre_vendor/include/OGRE/MeshLodGenerator/OgreLodOutputProviderBuffer.h
-- Symlinking: /home/saitama1/ros2_foxy/install/rviz_ogre_vendor/opt/rviz_ogre_vendor/include/OGRE/MeshLodGenerator/OgreLodOutputProviderCompressedBuffer.h
-- Symlinking: /home/saitama1/ros2_foxy/install/rviz_ogre_vendor/opt/rviz_ogre_vendor/include/OGRE/MeshLodGenerator/OgreLodOutputProviderCompressedMesh.h
-- Symlinking: /home/saitama1/ros2_foxy/install/rviz_ogre_vendor/opt/rviz_ogre_vendor/include/OGRE/MeshLodGenerator/OgreLodOutputProviderMesh.h
-- Symlinking: /home/saitama1/ros2_foxy/install/rviz_ogre_vendor/opt/rviz_ogre_vendor/include/OGRE/MeshLodGenerator/OgreLodOutsideMarker.h
-- Symlinking: /home/saitama1/ros2_foxy/install/rviz_ogre_vendor/opt/rviz_ogre_vendor/include/OGRE/MeshLodGenerator/OgreLodPrerequisites.h
-- Symlinking: /home/saitama1/ros2_foxy/install/rviz_ogre_vendor/opt/rviz_ogre_vendor/include/OGRE/MeshLodGenerator/OgreLodWorkQueueInjector.h
-- Symlinking: /home/saitama1/ros2_foxy/install/rviz_ogre_vendor/opt/rviz_ogre_vendor/include/OGRE/MeshLodGenerator/OgreLodWorkQueueInjectorListener.h
-- Symlinking: /home/saitama1/ros2_foxy/install/rviz_ogre_vendor/opt/rviz_ogre_vendor/include/OGRE/MeshLodGenerator/OgreLodWorkQueueRequest.h
-- Symlinking: /home/saitama1/ros2_foxy/install/rviz_ogre_vendor/opt/rviz_ogre_vendor/include/OGRE/MeshLodGenerator/OgreLodWorkQueueWorker.h
-- Symlinking: /home/saitama1/ros2_foxy/install/rviz_ogre_vendor/opt/rviz_ogre_vendor/include/OGRE/MeshLodGenerator/OgreMeshLodGenerator.h
-- Symlinking: /home/saitama1/ros2_foxy/install/rviz_ogre_vendor/opt/rviz_ogre_vendor/include/OGRE/MeshLodGenerator/OgreSmallVector.h
-- Symlinking: /home/saitama1/ros2_foxy/install/rviz_ogre_vendor/opt/rviz_ogre_vendor/include/OGRE/MeshLodGenerator/OgreVectorSet.h
-- Symlinking: /home/saitama1/ros2_foxy/install/rviz_ogre_vendor/opt/rviz_ogre_vendor/include/OGRE/MeshLodGenerator/OgreVectorSetImpl.h
-- Symlinking: /home/saitama1/ros2_foxy/install/rviz_ogre_vendor/opt/rviz_ogre_vendor/include/OGRE/Ogre.h
-- Symlinking: /home/saitama1/ros2_foxy/install/rviz_ogre_vendor/opt/rviz_ogre_vendor/include/OGRE/Ogre.i
-- Symlinking: /home/saitama1/ros2_foxy/install/rviz_ogre_vendor/opt/rviz_ogre_vendor/include/OGRE/OgreASTCCodec.h
-- Symlinking: /home/saitama1/ros2_foxy/install/rviz_ogre_vendor/opt/rviz_ogre_vendor/include/OGRE/OgreAlignedAllocator.h
-- Symlinking: /home/saitama1/ros2_foxy/install/rviz_ogre_vendor/opt/rviz_ogre_vendor/include/OGRE/OgreAnimable.h
-- Symlinking: /home/saitama1/ros2_foxy/install/rviz_ogre_vendor/opt/rviz_ogre_vendor/include/OGRE/OgreAnimation.h
-- Symlinking: /home/saitama1/ros2_foxy/install/rviz_ogre_vendor/opt/rviz_ogre_vendor/include/OGRE/OgreAnimationState.h
-- Symlinking: /home/saitama1/ros2_foxy/install/rviz_ogre_vendor/opt/rviz_ogre_vendor/include/OGRE/OgreAnimationTrack.h
-- Symlinking: /home/saitama1/ros2_foxy/install/rviz_ogre_vendor/opt/rviz_ogre_vendor/include/OGRE/OgreAny.h
-- Symlinking: /home/saitama1/ros2_foxy/install/rviz_ogre_vendor/opt/rviz_ogre_vendor/include/OGRE/OgreArchive.h
-- Symlinking: /home/saitama1/ros2_foxy/install/rviz_ogre_vendor/opt/rviz_ogre_vendor/include/OGRE/OgreArchiveFactory.h
-- Symlinking: /home/saitama1/ros2_foxy/install/rviz_ogre_vendor/opt/rviz_ogre_vendor/include/OGRE/OgreArchiveManager.h
-- Symlinking: /home/saitama1/ros2_foxy/install/rviz_ogre_vendor/opt/rviz_ogre_vendor/include/OGRE/OgreAtomicScalar.h
-- Symlinking: /home/saitama1/ros2_foxy/install/rviz_ogre_vendor/opt/rviz_ogre_vendor/include/OGRE/OgreAutoParamDataSource.h
-- Symlinking: /home/saitama1/ros2_foxy/install/rviz_ogre_vendor/opt/rviz_ogre_vendor/include/OGRE/OgreAxisAlignedBox.h
-- Symlinking: /home/saitama1/ros2_foxy/install/rviz_ogre_vendor/opt/rviz_ogre_vendor/include/OGRE/OgreBillboard.h
-- Symlinking: /home/saitama1/ros2_foxy/install/rviz_ogre_vendor/opt/rviz_ogre_vendor/include/OGRE/OgreBillboardChain.h
-- Symlinking: /home/saitama1/ros2_foxy/install/rviz_ogre_vendor/opt/rviz_ogre_vendor/include/OGRE/OgreBillboardParticleRenderer.h
-- Symlinking: /home/saitama1/ros2_foxy/install/rviz_ogre_vendor/opt/rviz_ogre_vendor/include/OGRE/OgreBillboardSet.h
-- Symlinking: /home/saitama1/ros2_foxy/install/rviz_ogre_vendor/opt/rviz_ogre_vendor/include/OGRE/OgreBitwise.h
-- Symlinking: /home/saitama1/ros2_foxy/install/rviz_ogre_vendor/opt/rviz_ogre_vendor/include/OGRE/OgreBlendMode.h
-- Symlinking: /home/saitama1/ros2_foxy/install/rviz_ogre_vendor/opt/rviz_ogre_vendor/include/OGRE/OgreBone.h
-- Symlinking: /home/saitama1/ros2_foxy/install/rviz_ogre_vendor/opt/rviz_ogre_vendor/include/OGRE/OgreBuildSettings.h
-- Symlinking: /home/saitama1/ros2_foxy/install/rviz_ogre_vendor/opt/rviz_ogre_vendor/include/OGRE/OgreCamera.h
-- Symlinking: /home/saitama1/ros2_foxy/install/rviz_ogre_vendor/opt/rviz_ogre_vendor/include/OGRE/OgreCodec.h
-- Symlinking: /home/saitama1/ros2_foxy/install/rviz_ogre_vendor/opt/rviz_ogre_vendor/include/OGRE/OgreColourValue.h
-- Symlinking: /home/saitama1/ros2_foxy/install/rviz_ogre_vendor/opt/rviz_ogre_vendor/include/OGRE/OgreCommon.h
-- Symlinking: /home/saitama1/ros2_foxy/install/rviz_ogre_vendor/opt/rviz_ogre_vendor/include/OGRE/OgreComponents.h
-- Symlinking: /home/saitama1/ros2_foxy/install/rviz_ogre_vendor/opt/rviz_ogre_vendor/include/OGRE/OgreCompositionPass.h
-- Symlinking: /home/saitama1/ros2_foxy/install/rviz_ogre_vendor/opt/rviz_ogre_vendor/include/OGRE/OgreCompositionTargetPass.h
-- Symlinking: /home/saitama1/ros2_foxy/install/rviz_ogre_vendor/opt/rviz_ogre_vendor/include/OGRE/OgreCompositionTechnique.h
-- Symlinking: /home/saitama1/ros2_foxy/install/rviz_ogre_vendor/opt/rviz_ogre_vendor/include/OGRE/OgreCompositor.h
-- Symlinking: /home/saitama1/ros2_foxy/install/rviz_ogre_vendor/opt/rviz_ogre_vendor/include/OGRE/OgreCompositorChain.h
-- Symlinking: /home/saitama1/ros2_foxy/install/rviz_ogre_vendor/opt/rviz_ogre_vendor/include/OGRE/OgreCompositorInstance.h
-- Symlinking: /home/saitama1/ros2_foxy/install/rviz_ogre_vendor/opt/rviz_ogre_vendor/include/OGRE/OgreCompositorLogic.h
-- Symlinking: /home/saitama1/ros2_foxy/install/rviz_ogre_vendor/opt/rviz_ogre_vendor/include/OGRE/OgreCompositorManager.h
-- Symlinking: /home/saitama1/ros2_foxy/install/rviz_ogre_vendor/opt/rviz_ogre_vendor/include/OGRE/OgreConfig.h
-- Symlinking: /home/saitama1/ros2_foxy/install/rviz_ogre_vendor/opt/rviz_ogre_vendor/include/OGRE/OgreConfigDialog.h
-- Symlinking: /home/saitama1/ros2_foxy/install/rviz_ogre_vendor/opt/rviz_ogre_vendor/include/OGRE/OgreConfigFile.h
-- Symlinking: /home/saitama1/ros2_foxy/install/rviz_ogre_vendor/opt/rviz_ogre_vendor/include/OGRE/OgreConfigOptionMap.h
-- Symlinking: /home/saitama1/ros2_foxy/install/rviz_ogre_vendor/opt/rviz_ogre_vendor/include/OGRE/OgreController.h
-- Symlinking: /home/saitama1/ros2_foxy/install/rviz_ogre_vendor/opt/rviz_ogre_vendor/include/OGRE/OgreControllerManager.h
-- Symlinking: /home/saitama1/ros2_foxy/install/rviz_ogre_vendor/opt/rviz_ogre_vendor/include/OGRE/OgreConvexBody.h
-- Symlinking: /home/saitama1/ros2_foxy/install/rviz_ogre_vendor/opt/rviz_ogre_vendor/include/OGRE/OgreCustomCompositionPass.h
-- Symlinking: /home/saitama1/ros2_foxy/install/rviz_ogre_vendor/opt/rviz_ogre_vendor/include/OGRE/OgreDDSCodec.h
-- Symlinking: /home/saitama1/ros2_foxy/install/rviz_ogre_vendor/opt/rviz_ogre_vendor/include/OGRE/OgreDataStream.h
-- Symlinking: /home/saitama1/ros2_foxy/install/rviz_ogre_vendor/opt/rviz_ogre_vendor/include/OGRE/OgreDefaultHardwareBufferManager.h
-- Symlinking: /home/saitama1/ros2_foxy/install/rviz_ogre_vendor/opt/rviz_ogre_vendor/include/OGRE/OgreDefaultWorkQueue.h
-- Symlinking: /home/saitama1/ros2_foxy/install/rviz_ogre_vendor/opt/rviz_ogre_vendor/include/OGRE/OgreDefaultWorkQueueStandard.h
-- Symlinking: /home/saitama1/ros2_foxy/install/rviz_ogre_vendor/opt/rviz_ogre_vendor/include/OGRE/OgreDefaultWorkQueueTBB.h
-- Symlinking: /home/saitama1/ros2_foxy/install/rviz_ogre_vendor/opt/rviz_ogre_vendor/include/OGRE/OgreDeflate.h
-- Symlinking: /home/saitama1/ros2_foxy/install/rviz_ogre_vendor/opt/rviz_ogre_vendor/include/OGRE/OgreDepthBuffer.h
-- Symlinking: /home/saitama1/ros2_foxy/install/rviz_ogre_vendor/opt/rviz_ogre_vendor/include/OGRE/OgreDistanceLodStrategy.h
-- Symlinking: /home/saitama1/ros2_foxy/install/rviz_ogre_vendor/opt/rviz_ogre_vendor/include/OGRE/OgreDualQuaternion.h
-- Symlinking: /home/saitama1/ros2_foxy/install/rviz_ogre_vendor/opt/rviz_ogre_vendor/include/OGRE/OgreDynLib.h
-- Symlinking: /home/saitama1/ros2_foxy/install/rviz_ogre_vendor/opt/rviz_ogre_vendor/include/OGRE/OgreDynLibManager.h
-- Symlinking: /home/saitama1/ros2_foxy/install/rviz_ogre_vendor/opt/rviz_ogre_vendor/include/OGRE/OgreETCCodec.h
-- Symlinking: /home/saitama1/ros2_foxy/install/rviz_ogre_vendor/opt/rviz_ogre_vendor/include/OGRE/OgreEdgeListBuilder.h
-- Symlinking: /home/saitama1/ros2_foxy/install/rviz_ogre_vendor/opt/rviz_ogre_vendor/include/OGRE/OgreEntity.h
-- Symlinking: /home/saitama1/ros2_foxy/install/rviz_ogre_vendor/opt/rviz_ogre_vendor/include/OGRE/OgreException.h
-- Symlinking: /home/saitama1/ros2_foxy/install/rviz_ogre_vendor/opt/rviz_ogre_vendor/include/OGRE/OgreExports.h
-- Symlinking: /home/saitama1/ros2_foxy/install/rviz_ogre_vendor/opt/rviz_ogre_vendor/include/OGRE/OgreExternalTextureSource.h
-- Symlinking: /home/saitama1/ros2_foxy/install/rviz_ogre_vendor/opt/rviz_ogre_vendor/include/OGRE/OgreExternalTextureSourceManager.h
-- Symlinking: /home/saitama1/ros2_foxy/install/rviz_ogre_vendor/opt/rviz_ogre_vendor/include/OGRE/OgreFactoryObj.h
-- Symlinking: /home/saitama1/ros2_foxy/install/rviz_ogre_vendor/opt/rviz_ogre_vendor/include/OGRE/OgreFileSystem.h
-- Symlinking: /home/saitama1/ros2_foxy/install/rviz_ogre_vendor/opt/rviz_ogre_vendor/include/OGRE/OgreFileSystemLayer.h
-- Symlinking: /home/saitama1/ros2_foxy/install/rviz_ogre_vendor/opt/rviz_ogre_vendor/include/OGRE/OgreFrameListener.h
-- Symlinking: /home/saitama1/ros2_foxy/install/rviz_ogre_vendor/opt/rviz_ogre_vendor/include/OGRE/OgreFrustum.h
-- Symlinking: /home/saitama1/ros2_foxy/install/rviz_ogre_vendor/opt/rviz_ogre_vendor/include/OGRE/OgreGpuProgram.h
-- Symlinking: /home/saitama1/ros2_foxy/install/rviz_ogre_vendor/opt/rviz_ogre_vendor/include/OGRE/OgreGpuProgramManager.h
-- Symlinking: /home/saitama1/ros2_foxy/install/rviz_ogre_vendor/opt/rviz_ogre_vendor/include/OGRE/OgreGpuProgramParams.h
-- Symlinking: /home/saitama1/ros2_foxy/install/rviz_ogre_vendor/opt/rviz_ogre_vendor/include/OGRE/OgreGpuProgramUsage.h
-- Symlinking: /home/saitama1/ros2_foxy/install/rviz_ogre_vendor/opt/rviz_ogre_vendor/include/OGRE/OgreHardwareBuffer.h
-- Symlinking: /home/saitama1/ros2_foxy/install/rviz_ogre_vendor/opt/rviz_ogre_vendor/include/OGRE/OgreHardwareBufferManager.h
-- Symlinking: /home/saitama1/ros2_foxy/install/rviz_ogre_vendor/opt/rviz_ogre_vendor/include/OGRE/OgreHardwareCounterBuffer.h
-- Symlinking: /home/saitama1/ros2_foxy/install/rviz_ogre_vendor/opt/rviz_ogre_vendor/include/OGRE/OgreHardwareIndexBuffer.h
-- Symlinking: /home/saitama1/ros2_foxy/install/rviz_ogre_vendor/opt/rviz_ogre_vendor/include/OGRE/OgreHardwareOcclusionQuery.h
-- Symlinking: /home/saitama1/ros2_foxy/install/rviz_ogre_vendor/opt/rviz_ogre_vendor/include/OGRE/OgreHardwarePixelBuffer.h
-- Symlinking: /home/saitama1/ros2_foxy/install/rviz_ogre_vendor/opt/rviz_ogre_vendor/include/OGRE/OgreHardwareUniformBuffer.h
-- Symlinking: /home/saitama1/ros2_foxy/install/rviz_ogre_vendor/opt/rviz_ogre_vendor/include/OGRE/OgreHardwareVertexBuffer.h
-- Symlinking: /home/saitama1/ros2_foxy/install/rviz_ogre_vendor/opt/rviz_ogre_vendor/include/OGRE/OgreHeaderPrefix.h
-- Symlinking: /home/saitama1/ros2_foxy/install/rviz_ogre_vendor/opt/rviz_ogre_vendor/include/OGRE/OgreHeaderSuffix.h
-- Symlinking: /home/saitama1/ros2_foxy/install/rviz_ogre_vendor/opt/rviz_ogre_vendor/include/OGRE/OgreHighLevelGpuProgram.h
-- Symlinking: /home/saitama1/ros2_foxy/install/rviz_ogre_vendor/opt/rviz_ogre_vendor/include/OGRE/OgreHighLevelGpuProgramManager.h
-- Symlinking: /home/saitama1/ros2_foxy/install/rviz_ogre_vendor/opt/rviz_ogre_vendor/include/OGRE/OgreImage.h
-- Symlinking: /home/saitama1/ros2_foxy/install/rviz_ogre_vendor/opt/rviz_ogre_vendor/include/OGRE/OgreImageCodec.h
-- Symlinking: /home/saitama1/ros2_foxy/install/rviz_ogre_vendor/opt/rviz_ogre_vendor/include/OGRE/OgreInstanceBatch.h
-- Symlinking: /home/saitama1/ros2_foxy/install/rviz_ogre_vendor/opt/rviz_ogre_vendor/include/OGRE/OgreInstanceBatchHW.h
-- Symlinking: /home/saitama1/ros2_foxy/install/rviz_ogre_vendor/opt/rviz_ogre_vendor/include/OGRE/OgreInstanceBatchHW_VTF.h
-- Symlinking: /home/saitama1/ros2_foxy/install/rviz_ogre_vendor/opt/rviz_ogre_vendor/include/OGRE/OgreInstanceBatchShader.h
-- Symlinking: /home/saitama1/ros2_foxy/install/rviz_ogre_vendor/opt/rviz_ogre_vendor/include/OGRE/OgreInstanceBatchVTF.h
-- Symlinking: /home/saitama1/ros2_foxy/install/rviz_ogre_vendor/opt/rviz_ogre_vendor/include/OGRE/OgreInstanceManager.h
-- Symlinking: /home/saitama1/ros2_foxy/install/rviz_ogre_vendor/opt/rviz_ogre_vendor/include/OGRE/OgreInstancedEntity.h
-- Symlinking: /home/saitama1/ros2_foxy/install/rviz_ogre_vendor/opt/rviz_ogre_vendor/include/OGRE/OgreIteratorWrapper.h
-- Symlinking: /home/saitama1/ros2_foxy/install/rviz_ogre_vendor/opt/rviz_ogre_vendor/include/OGRE/OgreIteratorWrappers.h
-- Symlinking: /home/saitama1/ros2_foxy/install/rviz_ogre_vendor/opt/rviz_ogre_vendor/include/OGRE/OgreKeyFrame.h
-- Symlinking: /home/saitama1/ros2_foxy/install/rviz_ogre_vendor/opt/rviz_ogre_vendor/include/OGRE/OgreLight.h
-- Symlinking: /home/saitama1/ros2_foxy/install/rviz_ogre_vendor/opt/rviz_ogre_vendor/include/OGRE/OgreLodListener.h
-- Symlinking: /home/saitama1/ros2_foxy/install/rviz_ogre_vendor/opt/rviz_ogre_vendor/include/OGRE/OgreLodStrategy.h
-- Symlinking: /home/saitama1/ros2_foxy/install/rviz_ogre_vendor/opt/rviz_ogre_vendor/include/OGRE/OgreLodStrategyManager.h
-- Symlinking: /home/saitama1/ros2_foxy/install/rviz_ogre_vendor/opt/rviz_ogre_vendor/include/OGRE/OgreLog.h
-- Symlinking: /home/saitama1/ros2_foxy/install/rviz_ogre_vendor/opt/rviz_ogre_vendor/include/OGRE/OgreLogManager.h
-- Symlinking: /home/saitama1/ros2_foxy/install/rviz_ogre_vendor/opt/rviz_ogre_vendor/include/OGRE/OgreManualObject.h
-- Symlinking: /home/saitama1/ros2_foxy/install/rviz_ogre_vendor/opt/rviz_ogre_vendor/include/OGRE/OgreMaterial.h
-- Symlinking: /home/saitama1/ros2_foxy/install/rviz_ogre_vendor/opt/rviz_ogre_vendor/include/OGRE/OgreMaterialManager.h
-- Symlinking: /home/saitama1/ros2_foxy/install/rviz_ogre_vendor/opt/rviz_ogre_vendor/include/OGRE/OgreMaterialSerializer.h
-- Symlinking: /home/saitama1/ros2_foxy/install/rviz_ogre_vendor/opt/rviz_ogre_vendor/include/OGRE/OgreMath.h
-- Symlinking: /home/saitama1/ros2_foxy/install/rviz_ogre_vendor/opt/rviz_ogre_vendor/include/OGRE/OgreMatrix3.h
-- Symlinking: /home/saitama1/ros2_foxy/install/rviz_ogre_vendor/opt/rviz_ogre_vendor/include/OGRE/OgreMatrix4.h
-- Symlinking: /home/saitama1/ros2_foxy/install/rviz_ogre_vendor/opt/rviz_ogre_vendor/include/OGRE/OgreMemoryAllocatorConfig.h
-- Symlinking: /home/saitama1/ros2_foxy/install/rviz_ogre_vendor/opt/rviz_ogre_vendor/include/OGRE/OgreMesh.h
-- Symlinking: /home/saitama1/ros2_foxy/install/rviz_ogre_vendor/opt/rviz_ogre_vendor/include/OGRE/OgreMeshFileFormat.h
-- Symlinking: /home/saitama1/ros2_foxy/install/rviz_ogre_vendor/opt/rviz_ogre_vendor/include/OGRE/OgreMeshManager.h
-- Symlinking: /home/saitama1/ros2_foxy/install/rviz_ogre_vendor/opt/rviz_ogre_vendor/include/OGRE/OgreMeshSerializer.h
-- Symlinking: /home/saitama1/ros2_foxy/install/rviz_ogre_vendor/opt/rviz_ogre_vendor/include/OGRE/OgreMovableObject.h
-- Symlinking: /home/saitama1/ros2_foxy/install/rviz_ogre_vendor/opt/rviz_ogre_vendor/include/OGRE/OgreMovablePlane.h
-- Symlinking: /home/saitama1/ros2_foxy/install/rviz_ogre_vendor/opt/rviz_ogre_vendor/include/OGRE/OgreMurmurHash3.h
-- Symlinking: /home/saitama1/ros2_foxy/install/rviz_ogre_vendor/opt/rviz_ogre_vendor/include/OGRE/OgreNameGenerator.h
-- Symlinking: /home/saitama1/ros2_foxy/install/rviz_ogre_vendor/opt/rviz_ogre_vendor/include/OGRE/OgreNode.h
-- Symlinking: /home/saitama1/ros2_foxy/install/rviz_ogre_vendor/opt/rviz_ogre_vendor/include/OGRE/OgreNumerics.h
-- Symlinking: /home/saitama1/ros2_foxy/install/rviz_ogre_vendor/opt/rviz_ogre_vendor/include/OGRE/OgreOptimisedUtil.h
-- Symlinking: /home/saitama1/ros2_foxy/install/rviz_ogre_vendor/opt/rviz_ogre_vendor/include/OGRE/OgreParticle.h
-- Symlinking: /home/saitama1/ros2_foxy/install/rviz_ogre_vendor/opt/rviz_ogre_vendor/include/OGRE/OgreParticleAffector.h
-- Symlinking: /home/saitama1/ros2_foxy/install/rviz_ogre_vendor/opt/rviz_ogre_vendor/include/OGRE/OgreParticleAffectorFactory.h
-- Symlinking: /home/saitama1/ros2_foxy/install/rviz_ogre_vendor/opt/rviz_ogre_vendor/include/OGRE/OgreParticleEmitter.h
-- Symlinking: /home/saitama1/ros2_foxy/install/rviz_ogre_vendor/opt/rviz_ogre_vendor/include/OGRE/OgreParticleEmitterFactory.h
-- Symlinking: /home/saitama1/ros2_foxy/install/rviz_ogre_vendor/opt/rviz_ogre_vendor/include/OGRE/OgreParticleIterator.h
-- Symlinking: /home/saitama1/ros2_foxy/install/rviz_ogre_vendor/opt/rviz_ogre_vendor/include/OGRE/OgreParticleSystem.h
-- Symlinking: /home/saitama1/ros2_foxy/install/rviz_ogre_vendor/opt/rviz_ogre_vendor/include/OGRE/OgreParticleSystemManager.h
-- Symlinking: /home/saitama1/ros2_foxy/install/rviz_ogre_vendor/opt/rviz_ogre_vendor/include/OGRE/OgreParticleSystemRenderer.h
-- Symlinking: /home/saitama1/ros2_foxy/install/rviz_ogre_vendor/opt/rviz_ogre_vendor/include/OGRE/OgrePass.h
-- Symlinking: /home/saitama1/ros2_foxy/install/rviz_ogre_vendor/opt/rviz_ogre_vendor/include/OGRE/OgrePatchMesh.h
-- Symlinking: /home/saitama1/ros2_foxy/install/rviz_ogre_vendor/opt/rviz_ogre_vendor/include/OGRE/OgrePatchSurface.h
-- Symlinking: /home/saitama1/ros2_foxy/install/rviz_ogre_vendor/opt/rviz_ogre_vendor/include/OGRE/OgrePixelCountLodStrategy.h
-- Symlinking: /home/saitama1/ros2_foxy/install/rviz_ogre_vendor/opt/rviz_ogre_vendor/include/OGRE/OgrePixelFormat.h
-- Symlinking: /home/saitama1/ros2_foxy/install/rviz_ogre_vendor/opt/rviz_ogre_vendor/include/OGRE/OgrePlane.h
-- Symlinking: /home/saitama1/ros2_foxy/install/rviz_ogre_vendor/opt/rviz_ogre_vendor/include/OGRE/OgrePlaneBoundedVolume.h
-- Symlinking: /home/saitama1/ros2_foxy/install/rviz_ogre_vendor/opt/rviz_ogre_vendor/include/OGRE/OgrePlatform.h
-- Symlinking: /home/saitama1/ros2_foxy/install/rviz_ogre_vendor/opt/rviz_ogre_vendor/include/OGRE/OgrePlatformInformation.h
-- Symlinking: /home/saitama1/ros2_foxy/install/rviz_ogre_vendor/opt/rviz_ogre_vendor/include/OGRE/OgrePlugin.h
-- Symlinking: /home/saitama1/ros2_foxy/install/rviz_ogre_vendor/opt/rviz_ogre_vendor/include/OGRE/OgrePolygon.h
-- Symlinking: /home/saitama1/ros2_foxy/install/rviz_ogre_vendor/opt/rviz_ogre_vendor/include/OGRE/OgrePose.h
-- Symlinking: /home/saitama1/ros2_foxy/install/rviz_ogre_vendor/opt/rviz_ogre_vendor/include/OGRE/OgrePredefinedControllers.h
-- Symlinking: /home/saitama1/ros2_foxy/install/rviz_ogre_vendor/opt/rviz_ogre_vendor/include/OGRE/OgrePrerequisites.h
-- Symlinking: /home/saitama1/ros2_foxy/install/rviz_ogre_vendor/opt/rviz_ogre_vendor/include/OGRE/OgreProfiler.h
-- Symlinking: /home/saitama1/ros2_foxy/install/rviz_ogre_vendor/opt/rviz_ogre_vendor/include/OGRE/OgreQuaternion.h
-- Symlinking: /home/saitama1/ros2_foxy/install/rviz_ogre_vendor/opt/rviz_ogre_vendor/include/OGRE/OgreRadixSort.h
-- Symlinking: /home/saitama1/ros2_foxy/install/rviz_ogre_vendor/opt/rviz_ogre_vendor/include/OGRE/OgreRay.h
-- Symlinking: /home/saitama1/ros2_foxy/install/rviz_ogre_vendor/opt/rviz_ogre_vendor/include/OGRE/OgreRectangle2D.h
-- Symlinking: /home/saitama1/ros2_foxy/install/rviz_ogre_vendor/opt/rviz_ogre_vendor/include/OGRE/OgreRenderObjectListener.h
-- Symlinking: /home/saitama1/ros2_foxy/install/rviz_ogre_vendor/opt/rviz_ogre_vendor/include/OGRE/OgreRenderOperation.h
-- Symlinking: /home/saitama1/ros2_foxy/install/rviz_ogre_vendor/opt/rviz_ogre_vendor/include/OGRE/OgreRenderQueue.h
-- Symlinking: /home/saitama1/ros2_foxy/install/rviz_ogre_vendor/opt/rviz_ogre_vendor/include/OGRE/OgreRenderQueueInvocation.h
-- Symlinking: /home/saitama1/ros2_foxy/install/rviz_ogre_vendor/opt/rviz_ogre_vendor/include/OGRE/OgreRenderQueueListener.h
-- Symlinking: /home/saitama1/ros2_foxy/install/rviz_ogre_vendor/opt/rviz_ogre_vendor/include/OGRE/OgreRenderQueueSortingGrouping.h
-- Symlinking: /home/saitama1/ros2_foxy/install/rviz_ogre_vendor/opt/rviz_ogre_vendor/include/OGRE/OgreRenderSystem.h
-- Symlinking: /home/saitama1/ros2_foxy/install/rviz_ogre_vendor/opt/rviz_ogre_vendor/include/OGRE/OgreRenderSystemCapabilities.h
-- Symlinking: /home/saitama1/ros2_foxy/install/rviz_ogre_vendor/opt/rviz_ogre_vendor/include/OGRE/OgreRenderSystemCapabilitiesManager.h
-- Symlinking: /home/saitama1/ros2_foxy/install/rviz_ogre_vendor/opt/rviz_ogre_vendor/include/OGRE/OgreRenderSystemCapabilitiesSerializer.h
-- Symlinking: /home/saitama1/ros2_foxy/install/rviz_ogre_vendor/opt/rviz_ogre_vendor/include/OGRE/OgreRenderTarget.h
-- Symlinking: /home/saitama1/ros2_foxy/install/rviz_ogre_vendor/opt/rviz_ogre_vendor/include/OGRE/OgreRenderTargetListener.h
-- Symlinking: /home/saitama1/ros2_foxy/install/rviz_ogre_vendor/opt/rviz_ogre_vendor/include/OGRE/OgreRenderTexture.h
-- Symlinking: /home/saitama1/ros2_foxy/install/rviz_ogre_vendor/opt/rviz_ogre_vendor/include/OGRE/OgreRenderToVertexBuffer.h
-- Symlinking: /home/saitama1/ros2_foxy/install/rviz_ogre_vendor/opt/rviz_ogre_vendor/include/OGRE/OgreRenderWindow.h
-- Symlinking: /home/saitama1/ros2_foxy/install/rviz_ogre_vendor/opt/rviz_ogre_vendor/include/OGRE/OgreRenderable.h
-- Symlinking: /home/saitama1/ros2_foxy/install/rviz_ogre_vendor/opt/rviz_ogre_vendor/include/OGRE/OgreResource.h
-- Symlinking: /home/saitama1/ros2_foxy/install/rviz_ogre_vendor/opt/rviz_ogre_vendor/include/OGRE/OgreResourceBackgroundQueue.h
-- Symlinking: /home/saitama1/ros2_foxy/install/rviz_ogre_vendor/opt/rviz_ogre_vendor/include/OGRE/OgreResourceGroupManager.h
-- Symlinking: /home/saitama1/ros2_foxy/install/rviz_ogre_vendor/opt/rviz_ogre_vendor/include/OGRE/OgreResourceManager.h
-- Symlinking: /home/saitama1/ros2_foxy/install/rviz_ogre_vendor/opt/rviz_ogre_vendor/include/OGRE/OgreRibbonTrail.h
-- Symlinking: /home/saitama1/ros2_foxy/install/rviz_ogre_vendor/opt/rviz_ogre_vendor/include/OGRE/OgreRoot.h
-- Symlinking: /home/saitama1/ros2_foxy/install/rviz_ogre_vendor/opt/rviz_ogre_vendor/include/OGRE/OgreRotationalSpline.h
-- Symlinking: /home/saitama1/ros2_foxy/install/rviz_ogre_vendor/opt/rviz_ogre_vendor/include/OGRE/OgreSceneLoader.h
-- Symlinking: /home/saitama1/ros2_foxy/install/rviz_ogre_vendor/opt/rviz_ogre_vendor/include/OGRE/OgreSceneLoaderManager.h
-- Symlinking: /home/saitama1/ros2_foxy/install/rviz_ogre_vendor/opt/rviz_ogre_vendor/include/OGRE/OgreSceneManager.h
-- Symlinking: /home/saitama1/ros2_foxy/install/rviz_ogre_vendor/opt/rviz_ogre_vendor/include/OGRE/OgreSceneManagerEnumerator.h
-- Symlinking: /home/saitama1/ros2_foxy/install/rviz_ogre_vendor/opt/rviz_ogre_vendor/include/OGRE/OgreSceneNode.h
-- Symlinking: /home/saitama1/ros2_foxy/install/rviz_ogre_vendor/opt/rviz_ogre_vendor/include/OGRE/OgreSceneQuery.h
-- Symlinking: /home/saitama1/ros2_foxy/install/rviz_ogre_vendor/opt/rviz_ogre_vendor/include/OGRE/OgreScriptCompiler.h
-- Symlinking: /home/saitama1/ros2_foxy/install/rviz_ogre_vendor/opt/rviz_ogre_vendor/include/OGRE/OgreScriptLoader.h
-- Symlinking: /home/saitama1/ros2_foxy/install/rviz_ogre_vendor/opt/rviz_ogre_vendor/include/OGRE/OgreScriptTranslator.h
-- Symlinking: /home/saitama1/ros2_foxy/install/rviz_ogre_vendor/opt/rviz_ogre_vendor/include/OGRE/OgreSearchOps.h
-- Symlinking: /home/saitama1/ros2_foxy/install/rviz_ogre_vendor/opt/rviz_ogre_vendor/include/OGRE/OgreSerializer.h
-- Symlinking: /home/saitama1/ros2_foxy/install/rviz_ogre_vendor/opt/rviz_ogre_vendor/include/OGRE/OgreShadowCameraSetup.h
-- Symlinking: /home/saitama1/ros2_foxy/install/rviz_ogre_vendor/opt/rviz_ogre_vendor/include/OGRE/OgreShadowCameraSetupFocused.h
-- Symlinking: /home/saitama1/ros2_foxy/install/rviz_ogre_vendor/opt/rviz_ogre_vendor/include/OGRE/OgreShadowCameraSetupLiSPSM.h
-- Symlinking: /home/saitama1/ros2_foxy/install/rviz_ogre_vendor/opt/rviz_ogre_vendor/include/OGRE/OgreShadowCameraSetupPSSM.h
-- Symlinking: /home/saitama1/ros2_foxy/install/rviz_ogre_vendor/opt/rviz_ogre_vendor/include/OGRE/OgreShadowCameraSetupPlaneOptimal.h
-- Symlinking: /home/saitama1/ros2_foxy/install/rviz_ogre_vendor/opt/rviz_ogre_vendor/include/OGRE/OgreShadowCaster.h
-- Symlinking: /home/saitama1/ros2_foxy/install/rviz_ogre_vendor/opt/rviz_ogre_vendor/include/OGRE/OgreSharedPtr.h
-- Symlinking: /home/saitama1/ros2_foxy/install/rviz_ogre_vendor/opt/rviz_ogre_vendor/include/OGRE/OgreSimpleRenderable.h
-- Symlinking: /home/saitama1/ros2_foxy/install/rviz_ogre_vendor/opt/rviz_ogre_vendor/include/OGRE/OgreSimpleSpline.h
-- Symlinking: /home/saitama1/ros2_foxy/install/rviz_ogre_vendor/opt/rviz_ogre_vendor/include/OGRE/OgreSingleton.h
-- Symlinking: /home/saitama1/ros2_foxy/install/rviz_ogre_vendor/opt/rviz_ogre_vendor/include/OGRE/OgreSkeleton.h
-- Symlinking: /home/saitama1/ros2_foxy/install/rviz_ogre_vendor/opt/rviz_ogre_vendor/include/OGRE/OgreSkeletonFileFormat.h
-- Symlinking: /home/saitama1/ros2_foxy/install/rviz_ogre_vendor/opt/rviz_ogre_vendor/include/OGRE/OgreSkeletonInstance.h
-- Symlinking: /home/saitama1/ros2_foxy/install/rviz_ogre_vendor/opt/rviz_ogre_vendor/include/OGRE/OgreSkeletonManager.h
-- Symlinking: /home/saitama1/ros2_foxy/install/rviz_ogre_vendor/opt/rviz_ogre_vendor/include/OGRE/OgreSkeletonSerializer.h
-- Symlinking: /home/saitama1/ros2_foxy/install/rviz_ogre_vendor/opt/rviz_ogre_vendor/include/OGRE/OgreSphere.h
-- Symlinking: /home/saitama1/ros2_foxy/install/rviz_ogre_vendor/opt/rviz_ogre_vendor/include/OGRE/OgreStaticFaceGroup.h
-- Symlinking: /home/saitama1/ros2_foxy/install/rviz_ogre_vendor/opt/rviz_ogre_vendor/include/OGRE/OgreStaticGeometry.h
-- Symlinking: /home/saitama1/ros2_foxy/install/rviz_ogre_vendor/opt/rviz_ogre_vendor/include/OGRE/OgreStdHeaders.h
-- Symlinking: /home/saitama1/ros2_foxy/install/rviz_ogre_vendor/opt/rviz_ogre_vendor/include/OGRE/OgreStreamSerialiser.h
-- Symlinking: /home/saitama1/ros2_foxy/install/rviz_ogre_vendor/opt/rviz_ogre_vendor/include/OGRE/OgreString.h
-- Symlinking: /home/saitama1/ros2_foxy/install/rviz_ogre_vendor/opt/rviz_ogre_vendor/include/OGRE/OgreStringConverter.h
-- Symlinking: /home/saitama1/ros2_foxy/install/rviz_ogre_vendor/opt/rviz_ogre_vendor/include/OGRE/OgreStringInterface.h
-- Symlinking: /home/saitama1/ros2_foxy/install/rviz_ogre_vendor/opt/rviz_ogre_vendor/include/OGRE/OgreStringVector.h
-- Symlinking: /home/saitama1/ros2_foxy/install/rviz_ogre_vendor/opt/rviz_ogre_vendor/include/OGRE/OgreSubEntity.h
-- Symlinking: /home/saitama1/ros2_foxy/install/rviz_ogre_vendor/opt/rviz_ogre_vendor/include/OGRE/OgreSubMesh.h
-- Symlinking: /home/saitama1/ros2_foxy/install/rviz_ogre_vendor/opt/rviz_ogre_vendor/include/OGRE/OgreTagPoint.h
-- Symlinking: /home/saitama1/ros2_foxy/install/rviz_ogre_vendor/opt/rviz_ogre_vendor/include/OGRE/OgreTangentSpaceCalc.h
-- Symlinking: /home/saitama1/ros2_foxy/install/rviz_ogre_vendor/opt/rviz_ogre_vendor/include/OGRE/OgreTechnique.h
-- Symlinking: /home/saitama1/ros2_foxy/install/rviz_ogre_vendor/opt/rviz_ogre_vendor/include/OGRE/OgreTexture.h
-- Symlinking: /home/saitama1/ros2_foxy/install/rviz_ogre_vendor/opt/rviz_ogre_vendor/include/OGRE/OgreTextureManager.h
-- Symlinking: /home/saitama1/ros2_foxy/install/rviz_ogre_vendor/opt/rviz_ogre_vendor/include/OGRE/OgreTextureUnitState.h
-- Symlinking: /home/saitama1/ros2_foxy/install/rviz_ogre_vendor/opt/rviz_ogre_vendor/include/OGRE/OgreThreadDefines.h
-- Symlinking: /home/saitama1/ros2_foxy/install/rviz_ogre_vendor/opt/rviz_ogre_vendor/include/OGRE/OgreThreadDefinesBoost.h
-- Symlinking: /home/saitama1/ros2_foxy/install/rviz_ogre_vendor/opt/rviz_ogre_vendor/include/OGRE/OgreThreadDefinesNone.h
-- Symlinking: /home/saitama1/ros2_foxy/install/rviz_ogre_vendor/opt/rviz_ogre_vendor/include/OGRE/OgreThreadDefinesPoco.h
-- Symlinking: /home/saitama1/ros2_foxy/install/rviz_ogre_vendor/opt/rviz_ogre_vendor/include/OGRE/OgreThreadDefinesSTD.h
-- Symlinking: /home/saitama1/ros2_foxy/install/rviz_ogre_vendor/opt/rviz_ogre_vendor/include/OGRE/OgreThreadDefinesTBB.h
-- Symlinking: /home/saitama1/ros2_foxy/install/rviz_ogre_vendor/opt/rviz_ogre_vendor/include/OGRE/OgreThreadHeaders.h
-- Symlinking: /home/saitama1/ros2_foxy/install/rviz_ogre_vendor/opt/rviz_ogre_vendor/include/OGRE/OgreThreadHeadersBoost.h
-- Symlinking: /home/saitama1/ros2_foxy/install/rviz_ogre_vendor/opt/rviz_ogre_vendor/include/OGRE/OgreThreadHeadersPoco.h
-- Symlinking: /home/saitama1/ros2_foxy/install/rviz_ogre_vendor/opt/rviz_ogre_vendor/include/OGRE/OgreThreadHeadersSTD.h
-- Symlinking: /home/saitama1/ros2_foxy/install/rviz_ogre_vendor/opt/rviz_ogre_vendor/include/OGRE/OgreThreadHeadersTBB.h
-- Symlinking: /home/saitama1/ros2_foxy/install/rviz_ogre_vendor/opt/rviz_ogre_vendor/include/OGRE/OgreTimer.h
-- Symlinking: /home/saitama1/ros2_foxy/install/rviz_ogre_vendor/opt/rviz_ogre_vendor/include/OGRE/OgreUnifiedHighLevelGpuProgram.h
-- Symlinking: /home/saitama1/ros2_foxy/install/rviz_ogre_vendor/opt/rviz_ogre_vendor/include/OGRE/OgreUserObjectBindings.h
-- Symlinking: /home/saitama1/ros2_foxy/install/rviz_ogre_vendor/opt/rviz_ogre_vendor/include/OGRE/OgreVector.h
-- Symlinking: /home/saitama1/ros2_foxy/install/rviz_ogre_vendor/opt/rviz_ogre_vendor/include/OGRE/OgreVector2.h
-- Symlinking: /home/saitama1/ros2_foxy/install/rviz_ogre_vendor/opt/rviz_ogre_vendor/include/OGRE/OgreVector3.h
-- Symlinking: /home/saitama1/ros2_foxy/install/rviz_ogre_vendor/opt/rviz_ogre_vendor/include/OGRE/OgreVector4.h
-- Symlinking: /home/saitama1/ros2_foxy/install/rviz_ogre_vendor/opt/rviz_ogre_vendor/include/OGRE/OgreVertexBoneAssignment.h
-- Symlinking: /home/saitama1/ros2_foxy/install/rviz_ogre_vendor/opt/rviz_ogre_vendor/include/OGRE/OgreVertexIndexData.h
-- Symlinking: /home/saitama1/ros2_foxy/install/rviz_ogre_vendor/opt/rviz_ogre_vendor/include/OGRE/OgreViewport.h
-- Symlinking: /home/saitama1/ros2_foxy/install/rviz_ogre_vendor/opt/rviz_ogre_vendor/include/OGRE/OgreWireBoundingBox.h
-- Symlinking: /home/saitama1/ros2_foxy/install/rviz_ogre_vendor/opt/rviz_ogre_vendor/include/OGRE/OgreWorkQueue.h
-- Symlinking: /home/saitama1/ros2_foxy/install/rviz_ogre_vendor/opt/rviz_ogre_vendor/include/OGRE/Overlay/OgreBorderPanelOverlayElement.h
-- Symlinking: /home/saitama1/ros2_foxy/install/rviz_ogre_vendor/opt/rviz_ogre_vendor/include/OGRE/Overlay/OgreFont.h
-- Symlinking: /home/saitama1/ros2_foxy/install/rviz_ogre_vendor/opt/rviz_ogre_vendor/include/OGRE/Overlay/OgreFontManager.h
-- Symlinking: /home/saitama1/ros2_foxy/install/rviz_ogre_vendor/opt/rviz_ogre_vendor/include/OGRE/Overlay/OgreOverlay.h
-- Symlinking: /home/saitama1/ros2_foxy/install/rviz_ogre_vendor/opt/rviz_ogre_vendor/include/OGRE/Overlay/OgreOverlay.i
-- Symlinking: /home/saitama1/ros2_foxy/install/rviz_ogre_vendor/opt/rviz_ogre_vendor/include/OGRE/Overlay/OgreOverlayContainer.h
-- Symlinking: /home/saitama1/ros2_foxy/install/rviz_ogre_vendor/opt/rviz_ogre_vendor/include/OGRE/Overlay/OgreOverlayElement.h
-- Symlinking: /home/saitama1/ros2_foxy/install/rviz_ogre_vendor/opt/rviz_ogre_vendor/include/OGRE/Overlay/OgreOverlayElementFactory.h
-- Symlinking: /home/saitama1/ros2_foxy/install/rviz_ogre_vendor/opt/rviz_ogre_vendor/include/OGRE/Overlay/OgreOverlayManager.h
-- Symlinking: /home/saitama1/ros2_foxy/install/rviz_ogre_vendor/opt/rviz_ogre_vendor/include/OGRE/Overlay/OgreOverlayPrerequisites.h
-- Symlinking: /home/saitama1/ros2_foxy/install/rviz_ogre_vendor/opt/rviz_ogre_vendor/include/OGRE/Overlay/OgreOverlayProfileSessionListener.h
-- Symlinking: /home/saitama1/ros2_foxy/install/rviz_ogre_vendor/opt/rviz_ogre_vendor/include/OGRE/Overlay/OgreOverlaySystem.h
-- Symlinking: /home/saitama1/ros2_foxy/install/rviz_ogre_vendor/opt/rviz_ogre_vendor/include/OGRE/Overlay/OgrePanelOverlayElement.h
-- Symlinking: /home/saitama1/ros2_foxy/install/rviz_ogre_vendor/opt/rviz_ogre_vendor/include/OGRE/Overlay/OgreTextAreaOverlayElement.h
-- Symlinking: /home/saitama1/ros2_foxy/install/rviz_ogre_vendor/opt/rviz_ogre_vendor/include/OGRE/Overlay/OgreUTFString.h
-- Symlinking: /home/saitama1/ros2_foxy/install/rviz_ogre_vendor/opt/rviz_ogre_vendor/include/OGRE/Paging/OgreGrid2DPageStrategy.h
-- Symlinking: /home/saitama1/ros2_foxy/install/rviz_ogre_vendor/opt/rviz_ogre_vendor/include/OGRE/Paging/OgreGrid3DPageStrategy.h
-- Symlinking: /home/saitama1/ros2_foxy/install/rviz_ogre_vendor/opt/rviz_ogre_vendor/include/OGRE/Paging/OgrePage.h
-- Symlinking: /home/saitama1/ros2_foxy/install/rviz_ogre_vendor/opt/rviz_ogre_vendor/include/OGRE/Paging/OgrePageConnection.h
-- Symlinking: /home/saitama1/ros2_foxy/install/rviz_ogre_vendor/opt/rviz_ogre_vendor/include/OGRE/Paging/OgrePageContent.h
-- Symlinking: /home/saitama1/ros2_foxy/install/rviz_ogre_vendor/opt/rviz_ogre_vendor/include/OGRE/Paging/OgrePageContentCollection.h
-- Symlinking: /home/saitama1/ros2_foxy/install/rviz_ogre_vendor/opt/rviz_ogre_vendor/include/OGRE/Paging/OgrePageContentCollectionFactory.h
-- Symlinking: /home/saitama1/ros2_foxy/install/rviz_ogre_vendor/opt/rviz_ogre_vendor/include/OGRE/Paging/OgrePageContentFactory.h
-- Symlinking: /home/saitama1/ros2_foxy/install/rviz_ogre_vendor/opt/rviz_ogre_vendor/include/OGRE/Paging/OgrePageFileFormats.h
-- Symlinking: /home/saitama1/ros2_foxy/install/rviz_ogre_vendor/opt/rviz_ogre_vendor/include/OGRE/Paging/OgrePageManager.h
-- Symlinking: /home/saitama1/ros2_foxy/install/rviz_ogre_vendor/opt/rviz_ogre_vendor/include/OGRE/Paging/OgrePageStrategy.h
-- Symlinking: /home/saitama1/ros2_foxy/install/rviz_ogre_vendor/opt/rviz_ogre_vendor/include/OGRE/Paging/OgrePagedWorld.h
-- Symlinking: /home/saitama1/ros2_foxy/install/rviz_ogre_vendor/opt/rviz_ogre_vendor/include/OGRE/Paging/OgrePagedWorldSection.h
-- Symlinking: /home/saitama1/ros2_foxy/install/rviz_ogre_vendor/opt/rviz_ogre_vendor/include/OGRE/Paging/OgrePaging.h
-- Symlinking: /home/saitama1/ros2_foxy/install/rviz_ogre_vendor/opt/rviz_ogre_vendor/include/OGRE/Paging/OgrePagingPrerequisites.h
-- Symlinking: /home/saitama1/ros2_foxy/install/rviz_ogre_vendor/opt/rviz_ogre_vendor/include/OGRE/Paging/OgreSimplePageContentCollection.h
-- Symlinking: /home/saitama1/ros2_foxy/install/rviz_ogre_vendor/opt/rviz_ogre_vendor/include/OGRE/Plugins/BSPSceneManager/OgreBspLevel.h
-- Symlinking: /home/saitama1/ros2_foxy/install/rviz_ogre_vendor/opt/rviz_ogre_vendor/include/OGRE/Plugins/BSPSceneManager/OgreBspNode.h
-- Symlinking: /home/saitama1/ros2_foxy/install/rviz_ogre_vendor/opt/rviz_ogre_vendor/include/OGRE/Plugins/BSPSceneManager/OgreBspPrerequisites.h
-- Symlinking: /home/saitama1/ros2_foxy/install/rviz_ogre_vendor/opt/rviz_ogre_vendor/include/OGRE/Plugins/BSPSceneManager/OgreBspSceneLoader.h
-- Symlinking: /home/saitama1/ros2_foxy/install/rviz_ogre_vendor/opt/rviz_ogre_vendor/include/OGRE/Plugins/BSPSceneManager/OgreBspSceneManager.h
-- Symlinking: /home/saitama1/ros2_foxy/install/rviz_ogre_vendor/opt/rviz_ogre_vendor/include/OGRE/Plugins/BSPSceneManager/OgreBspSceneManagerPlugin.h
-- Symlinking: /home/saitama1/ros2_foxy/install/rviz_ogre_vendor/opt/rviz_ogre_vendor/include/OGRE/Plugins/BSPSceneManager/OgreBspSceneNode.h
-- Symlinking: /home/saitama1/ros2_foxy/install/rviz_ogre_vendor/opt/rviz_ogre_vendor/include/OGRE/Plugins/BSPSceneManager/OgreQuake3Level.h
-- Symlinking: /home/saitama1/ros2_foxy/install/rviz_ogre_vendor/opt/rviz_ogre_vendor/include/OGRE/Plugins/BSPSceneManager/OgreQuake3Shader.h
-- Symlinking: /home/saitama1/ros2_foxy/install/rviz_ogre_vendor/opt/rviz_ogre_vendor/include/OGRE/Plugins/BSPSceneManager/OgreQuake3ShaderManager.h
-- Symlinking: /home/saitama1/ros2_foxy/install/rviz_ogre_vendor/opt/rviz_ogre_vendor/include/OGRE/Plugins/BSPSceneManager/OgreQuake3Types.h
-- Symlinking: /home/saitama1/ros2_foxy/install/rviz_ogre_vendor/opt/rviz_ogre_vendor/include/OGRE/Plugins/EXRCodec/OgreEXRCodec.h
-- Symlinking: /home/saitama1/ros2_foxy/install/rviz_ogre_vendor/opt/rviz_ogre_vendor/include/OGRE/Plugins/EXRCodec/OgreEXRCodecExports.h
-- Symlinking: /home/saitama1/ros2_foxy/install/rviz_ogre_vendor/opt/rviz_ogre_vendor/include/OGRE/Plugins/OctreeSceneManager/OgreOctree.h
-- Symlinking: /home/saitama1/ros2_foxy/install/rviz_ogre_vendor/opt/rviz_ogre_vendor/include/OGRE/Plugins/OctreeSceneManager/OgreOctreeCamera.h
-- Symlinking: /home/saitama1/ros2_foxy/install/rviz_ogre_vendor/opt/rviz_ogre_vendor/include/OGRE/Plugins/OctreeSceneManager/OgreOctreeNode.h
-- Symlinking: /home/saitama1/ros2_foxy/install/rviz_ogre_vendor/opt/rviz_ogre_vendor/include/OGRE/Plugins/OctreeSceneManager/OgreOctreePlugin.h
-- Symlinking: /home/saitama1/ros2_foxy/install/rviz_ogre_vendor/opt/rviz_ogre_vendor/include/OGRE/Plugins/OctreeSceneManager/OgreOctreePrerequisites.h
-- Symlinking: /home/saitama1/ros2_foxy/install/rviz_ogre_vendor/opt/rviz_ogre_vendor/include/OGRE/Plugins/OctreeSceneManager/OgreOctreeSceneManager.h
-- Symlinking: /home/saitama1/ros2_foxy/install/rviz_ogre_vendor/opt/rviz_ogre_vendor/include/OGRE/Plugins/OctreeSceneManager/OgreOctreeSceneQuery.h
-- Symlinking: /home/saitama1/ros2_foxy/install/rviz_ogre_vendor/opt/rviz_ogre_vendor/include/OGRE/Plugins/OctreeZone/OgreOctreeZone.h
-- Symlinking: /home/saitama1/ros2_foxy/install/rviz_ogre_vendor/opt/rviz_ogre_vendor/include/OGRE/Plugins/OctreeZone/OgreOctreeZoneOctree.h
-- Symlinking: /home/saitama1/ros2_foxy/install/rviz_ogre_vendor/opt/rviz_ogre_vendor/include/OGRE/Plugins/OctreeZone/OgreOctreeZonePlugin.h
-- Symlinking: /home/saitama1/ros2_foxy/install/rviz_ogre_vendor/opt/rviz_ogre_vendor/include/OGRE/Plugins/OctreeZone/OgreOctreeZonePrerequisites.h
-- Symlinking: /home/saitama1/ros2_foxy/install/rviz_ogre_vendor/opt/rviz_ogre_vendor/include/OGRE/Plugins/PCZSceneManager/OgreAntiPortal.h
-- Symlinking: /home/saitama1/ros2_foxy/install/rviz_ogre_vendor/opt/rviz_ogre_vendor/include/OGRE/Plugins/PCZSceneManager/OgreCapsule.h
-- Symlinking: /home/saitama1/ros2_foxy/install/rviz_ogre_vendor/opt/rviz_ogre_vendor/include/OGRE/Plugins/PCZSceneManager/OgreDefaultZone.h
-- Symlinking: /home/saitama1/ros2_foxy/install/rviz_ogre_vendor/opt/rviz_ogre_vendor/include/OGRE/Plugins/PCZSceneManager/OgrePCPlane.h
-- Symlinking: /home/saitama1/ros2_foxy/install/rviz_ogre_vendor/opt/rviz_ogre_vendor/include/OGRE/Plugins/PCZSceneManager/OgrePCZCamera.h
-- Symlinking: /home/saitama1/ros2_foxy/install/rviz_ogre_vendor/opt/rviz_ogre_vendor/include/OGRE/Plugins/PCZSceneManager/OgrePCZFrustum.h
-- Symlinking: /home/saitama1/ros2_foxy/install/rviz_ogre_vendor/opt/rviz_ogre_vendor/include/OGRE/Plugins/PCZSceneManager/OgrePCZLight.h
-- Symlinking: /home/saitama1/ros2_foxy/install/rviz_ogre_vendor/opt/rviz_ogre_vendor/include/OGRE/Plugins/PCZSceneManager/OgrePCZPlugin.h
-- Symlinking: /home/saitama1/ros2_foxy/install/rviz_ogre_vendor/opt/rviz_ogre_vendor/include/OGRE/Plugins/PCZSceneManager/OgrePCZPrerequisites.h
-- Symlinking: /home/saitama1/ros2_foxy/install/rviz_ogre_vendor/opt/rviz_ogre_vendor/include/OGRE/Plugins/PCZSceneManager/OgrePCZSceneManager.h
-- Symlinking: /home/saitama1/ros2_foxy/install/rviz_ogre_vendor/opt/rviz_ogre_vendor/include/OGRE/Plugins/PCZSceneManager/OgrePCZSceneNode.h
-- Symlinking: /home/saitama1/ros2_foxy/install/rviz_ogre_vendor/opt/rviz_ogre_vendor/include/OGRE/Plugins/PCZSceneManager/OgrePCZSceneQuery.h
-- Symlinking: /home/saitama1/ros2_foxy/install/rviz_ogre_vendor/opt/rviz_ogre_vendor/include/OGRE/Plugins/PCZSceneManager/OgrePCZone.h
-- Symlinking: /home/saitama1/ros2_foxy/install/rviz_ogre_vendor/opt/rviz_ogre_vendor/include/OGRE/Plugins/PCZSceneManager/OgrePCZoneFactory.h
-- Symlinking: /home/saitama1/ros2_foxy/install/rviz_ogre_vendor/opt/rviz_ogre_vendor/include/OGRE/Plugins/PCZSceneManager/OgrePortal.h
-- Symlinking: /home/saitama1/ros2_foxy/install/rviz_ogre_vendor/opt/rviz_ogre_vendor/include/OGRE/Plugins/PCZSceneManager/OgrePortalBase.h
-- Symlinking: /home/saitama1/ros2_foxy/install/rviz_ogre_vendor/opt/rviz_ogre_vendor/include/OGRE/Plugins/PCZSceneManager/OgreSegment.h
-- Symlinking: /home/saitama1/ros2_foxy/install/rviz_ogre_vendor/opt/rviz_ogre_vendor/include/OGRE/Plugins/ParticleFX/OgreAreaEmitter.h
-- Symlinking: /home/saitama1/ros2_foxy/install/rviz_ogre_vendor/opt/rviz_ogre_vendor/include/OGRE/Plugins/ParticleFX/OgreBoxEmitter.h
-- Symlinking: /home/saitama1/ros2_foxy/install/rviz_ogre_vendor/opt/rviz_ogre_vendor/include/OGRE/Plugins/ParticleFX/OgreBoxEmitterFactory.h
-- Symlinking: /home/saitama1/ros2_foxy/install/rviz_ogre_vendor/opt/rviz_ogre_vendor/include/OGRE/Plugins/ParticleFX/OgreColourFaderAffector.h
-- Symlinking: /home/saitama1/ros2_foxy/install/rviz_ogre_vendor/opt/rviz_ogre_vendor/include/OGRE/Plugins/ParticleFX/OgreColourFaderAffector2.h
-- Symlinking: /home/saitama1/ros2_foxy/install/rviz_ogre_vendor/opt/rviz_ogre_vendor/include/OGRE/Plugins/ParticleFX/OgreColourFaderAffectorFactory.h
-- Symlinking: /home/saitama1/ros2_foxy/install/rviz_ogre_vendor/opt/rviz_ogre_vendor/include/OGRE/Plugins/ParticleFX/OgreColourFaderAffectorFactory2.h
-- Symlinking: /home/saitama1/ros2_foxy/install/rviz_ogre_vendor/opt/rviz_ogre_vendor/include/OGRE/Plugins/ParticleFX/OgreColourImageAffector.h
-- Symlinking: /home/saitama1/ros2_foxy/install/rviz_ogre_vendor/opt/rviz_ogre_vendor/include/OGRE/Plugins/ParticleFX/OgreColourImageAffectorFactory.h
-- Symlinking: /home/saitama1/ros2_foxy/install/rviz_ogre_vendor/opt/rviz_ogre_vendor/include/OGRE/Plugins/ParticleFX/OgreColourInterpolatorAffector.h
-- Symlinking: /home/saitama1/ros2_foxy/install/rviz_ogre_vendor/opt/rviz_ogre_vendor/include/OGRE/Plugins/ParticleFX/OgreColourInterpolatorAffectorFactory.h
-- Symlinking: /home/saitama1/ros2_foxy/install/rviz_ogre_vendor/opt/rviz_ogre_vendor/include/OGRE/Plugins/ParticleFX/OgreCylinderEmitter.h
-- Symlinking: /home/saitama1/ros2_foxy/install/rviz_ogre_vendor/opt/rviz_ogre_vendor/include/OGRE/Plugins/ParticleFX/OgreCylinderEmitterFactory.h
-- Symlinking: /home/saitama1/ros2_foxy/install/rviz_ogre_vendor/opt/rviz_ogre_vendor/include/OGRE/Plugins/ParticleFX/OgreDeflectorPlaneAffector.h
-- Symlinking: /home/saitama1/ros2_foxy/install/rviz_ogre_vendor/opt/rviz_ogre_vendor/include/OGRE/Plugins/ParticleFX/OgreDeflectorPlaneAffectorFactory.h
-- Symlinking: /home/saitama1/ros2_foxy/install/rviz_ogre_vendor/opt/rviz_ogre_vendor/include/OGRE/Plugins/ParticleFX/OgreDirectionRandomiserAffector.h
-- Symlinking: /home/saitama1/ros2_foxy/install/rviz_ogre_vendor/opt/rviz_ogre_vendor/include/OGRE/Plugins/ParticleFX/OgreDirectionRandomiserAffectorFactory.h
-- Symlinking: /home/saitama1/ros2_foxy/install/rviz_ogre_vendor/opt/rviz_ogre_vendor/include/OGRE/Plugins/ParticleFX/OgreEllipsoidEmitter.h
-- Symlinking: /home/saitama1/ros2_foxy/install/rviz_ogre_vendor/opt/rviz_ogre_vendor/include/OGRE/Plugins/ParticleFX/OgreEllipsoidEmitterFactory.h
-- Symlinking: /home/saitama1/ros2_foxy/install/rviz_ogre_vendor/opt/rviz_ogre_vendor/include/OGRE/Plugins/ParticleFX/OgreHollowEllipsoidEmitter.h
-- Symlinking: /home/saitama1/ros2_foxy/install/rviz_ogre_vendor/opt/rviz_ogre_vendor/include/OGRE/Plugins/ParticleFX/OgreHollowEllipsoidEmitterFactory.h
-- Symlinking: /home/saitama1/ros2_foxy/install/rviz_ogre_vendor/opt/rviz_ogre_vendor/include/OGRE/Plugins/ParticleFX/OgreLinearForceAffector.h
-- Symlinking: /home/saitama1/ros2_foxy/install/rviz_ogre_vendor/opt/rviz_ogre_vendor/include/OGRE/Plugins/ParticleFX/OgreLinearForceAffectorFactory.h
-- Symlinking: /home/saitama1/ros2_foxy/install/rviz_ogre_vendor/opt/rviz_ogre_vendor/include/OGRE/Plugins/ParticleFX/OgreParticleFXPlugin.h
-- Symlinking: /home/saitama1/ros2_foxy/install/rviz_ogre_vendor/opt/rviz_ogre_vendor/include/OGRE/Plugins/ParticleFX/OgreParticleFXPrerequisites.h
-- Symlinking: /home/saitama1/ros2_foxy/install/rviz_ogre_vendor/opt/rviz_ogre_vendor/include/OGRE/Plugins/ParticleFX/OgrePointEmitter.h
-- Symlinking: /home/saitama1/ros2_foxy/install/rviz_ogre_vendor/opt/rviz_ogre_vendor/include/OGRE/Plugins/ParticleFX/OgrePointEmitterFactory.h
-- Symlinking: /home/saitama1/ros2_foxy/install/rviz_ogre_vendor/opt/rviz_ogre_vendor/include/OGRE/Plugins/ParticleFX/OgreRingEmitter.h
-- Symlinking: /home/saitama1/ros2_foxy/install/rviz_ogre_vendor/opt/rviz_ogre_vendor/include/OGRE/Plugins/ParticleFX/OgreRingEmitterFactory.h
-- Symlinking: /home/saitama1/ros2_foxy/install/rviz_ogre_vendor/opt/rviz_ogre_vendor/include/OGRE/Plugins/ParticleFX/OgreRotationAffector.h
-- Symlinking: /home/saitama1/ros2_foxy/install/rviz_ogre_vendor/opt/rviz_ogre_vendor/include/OGRE/Plugins/ParticleFX/OgreRotationAffectorFactory.h
-- Symlinking: /home/saitama1/ros2_foxy/install/rviz_ogre_vendor/opt/rviz_ogre_vendor/include/OGRE/Plugins/ParticleFX/OgreScaleAffector.h
-- Symlinking: /home/saitama1/ros2_foxy/install/rviz_ogre_vendor/opt/rviz_ogre_vendor/include/OGRE/Plugins/ParticleFX/OgreScaleAffectorFactory.h
-- Symlinking: /home/saitama1/ros2_foxy/install/rviz_ogre_vendor/opt/rviz_ogre_vendor/include/OGRE/Plugins/STBICodec/OgreSTBICodec.h
-- Symlinking: /home/saitama1/ros2_foxy/install/rviz_ogre_vendor/opt/rviz_ogre_vendor/include/OGRE/Plugins/STBICodec/OgreSTBICodecExports.h
-- Symlinking: /home/saitama1/ros2_foxy/install/rviz_ogre_vendor/opt/rviz_ogre_vendor/include/OGRE/Property/OgreProperty.h
-- Symlinking: /home/saitama1/ros2_foxy/install/rviz_ogre_vendor/opt/rviz_ogre_vendor/include/OGRE/Property/OgrePropertyPrerequisites.h
-- Symlinking: /home/saitama1/ros2_foxy/install/rviz_ogre_vendor/opt/rviz_ogre_vendor/include/OGRE/RTShaderSystem/OgreRTShader.i
-- Symlinking: /home/saitama1/ros2_foxy/install/rviz_ogre_vendor/opt/rviz_ogre_vendor/include/OGRE/RTShaderSystem/OgreRTShaderConfig.h
-- Symlinking: /home/saitama1/ros2_foxy/install/rviz_ogre_vendor/opt/rviz_ogre_vendor/include/OGRE/RTShaderSystem/OgreRTShaderExports.h
-- Symlinking: /home/saitama1/ros2_foxy/install/rviz_ogre_vendor/opt/rviz_ogre_vendor/include/OGRE/RTShaderSystem/OgreRTShaderSystem.h
-- Symlinking: /home/saitama1/ros2_foxy/install/rviz_ogre_vendor/opt/rviz_ogre_vendor/include/OGRE/RTShaderSystem/OgreShaderCGProgramProcessor.h
-- Symlinking: /home/saitama1/ros2_foxy/install/rviz_ogre_vendor/opt/rviz_ogre_vendor/include/OGRE/RTShaderSystem/OgreShaderCGProgramWriter.h
-- Symlinking: /home/saitama1/ros2_foxy/install/rviz_ogre_vendor/opt/rviz_ogre_vendor/include/OGRE/RTShaderSystem/OgreShaderExDualQuaternionSkinning.h
-- Symlinking: /home/saitama1/ros2_foxy/install/rviz_ogre_vendor/opt/rviz_ogre_vendor/include/OGRE/RTShaderSystem/OgreShaderExHardwareSkinning.h
-- Symlinking: /home/saitama1/ros2_foxy/install/rviz_ogre_vendor/opt/rviz_ogre_vendor/include/OGRE/RTShaderSystem/OgreShaderExHardwareSkinningTechnique.h
-- Symlinking: /home/saitama1/ros2_foxy/install/rviz_ogre_vendor/opt/rviz_ogre_vendor/include/OGRE/RTShaderSystem/OgreShaderExIntegratedPSSM3.h
-- Symlinking: /home/saitama1/ros2_foxy/install/rviz_ogre_vendor/opt/rviz_ogre_vendor/include/OGRE/RTShaderSystem/OgreShaderExLayeredBlending.h
-- Symlinking: /home/saitama1/ros2_foxy/install/rviz_ogre_vendor/opt/rviz_ogre_vendor/include/OGRE/RTShaderSystem/OgreShaderExLinearSkinning.h
-- Symlinking: /home/saitama1/ros2_foxy/install/rviz_ogre_vendor/opt/rviz_ogre_vendor/include/OGRE/RTShaderSystem/OgreShaderExNormalMapLighting.h
-- Symlinking: /home/saitama1/ros2_foxy/install/rviz_ogre_vendor/opt/rviz_ogre_vendor/include/OGRE/RTShaderSystem/OgreShaderExPerPixelLighting.h
-- Symlinking: /home/saitama1/ros2_foxy/install/rviz_ogre_vendor/opt/rviz_ogre_vendor/include/OGRE/RTShaderSystem/OgreShaderExTextureAtlasSampler.h
-- Symlinking: /home/saitama1/ros2_foxy/install/rviz_ogre_vendor/opt/rviz_ogre_vendor/include/OGRE/RTShaderSystem/OgreShaderExTriplanarTexturing.h
-- Symlinking: /home/saitama1/ros2_foxy/install/rviz_ogre_vendor/opt/rviz_ogre_vendor/include/OGRE/RTShaderSystem/OgreShaderFFPAlphaTest.h
-- Symlinking: /home/saitama1/ros2_foxy/install/rviz_ogre_vendor/opt/rviz_ogre_vendor/include/OGRE/RTShaderSystem/OgreShaderFFPColour.h
-- Symlinking: /home/saitama1/ros2_foxy/install/rviz_ogre_vendor/opt/rviz_ogre_vendor/include/OGRE/RTShaderSystem/OgreShaderFFPFog.h
-- Symlinking: /home/saitama1/ros2_foxy/install/rviz_ogre_vendor/opt/rviz_ogre_vendor/include/OGRE/RTShaderSystem/OgreShaderFFPLighting.h
-- Symlinking: /home/saitama1/ros2_foxy/install/rviz_ogre_vendor/opt/rviz_ogre_vendor/include/OGRE/RTShaderSystem/OgreShaderFFPRenderState.h
-- Symlinking: /home/saitama1/ros2_foxy/install/rviz_ogre_vendor/opt/rviz_ogre_vendor/include/OGRE/RTShaderSystem/OgreShaderFFPRenderStateBuilder.h
-- Symlinking: /home/saitama1/ros2_foxy/install/rviz_ogre_vendor/opt/rviz_ogre_vendor/include/OGRE/RTShaderSystem/OgreShaderFFPTexturing.h
-- Symlinking: /home/saitama1/ros2_foxy/install/rviz_ogre_vendor/opt/rviz_ogre_vendor/include/OGRE/RTShaderSystem/OgreShaderFFPTransform.h
-- Symlinking: /home/saitama1/ros2_foxy/install/rviz_ogre_vendor/opt/rviz_ogre_vendor/include/OGRE/RTShaderSystem/OgreShaderFunction.h
-- Symlinking: /home/saitama1/ros2_foxy/install/rviz_ogre_vendor/opt/rviz_ogre_vendor/include/OGRE/RTShaderSystem/OgreShaderFunctionAtom.h
-- Symlinking: /home/saitama1/ros2_foxy/install/rviz_ogre_vendor/opt/rviz_ogre_vendor/include/OGRE/RTShaderSystem/OgreShaderGLSLESProgramProcessor.h
-- Symlinking: /home/saitama1/ros2_foxy/install/rviz_ogre_vendor/opt/rviz_ogre_vendor/include/OGRE/RTShaderSystem/OgreShaderGLSLESProgramWriter.h
-- Symlinking: /home/saitama1/ros2_foxy/install/rviz_ogre_vendor/opt/rviz_ogre_vendor/include/OGRE/RTShaderSystem/OgreShaderGLSLProgramProcessor.h
-- Symlinking: /home/saitama1/ros2_foxy/install/rviz_ogre_vendor/opt/rviz_ogre_vendor/include/OGRE/RTShaderSystem/OgreShaderGLSLProgramWriter.h
-- Symlinking: /home/saitama1/ros2_foxy/install/rviz_ogre_vendor/opt/rviz_ogre_vendor/include/OGRE/RTShaderSystem/OgreShaderGenerator.h
-- Symlinking: /home/saitama1/ros2_foxy/install/rviz_ogre_vendor/opt/rviz_ogre_vendor/include/OGRE/RTShaderSystem/OgreShaderHLSLProgramProcessor.h
-- Symlinking: /home/saitama1/ros2_foxy/install/rviz_ogre_vendor/opt/rviz_ogre_vendor/include/OGRE/RTShaderSystem/OgreShaderHLSLProgramWriter.h
-- Symlinking: /home/saitama1/ros2_foxy/install/rviz_ogre_vendor/opt/rviz_ogre_vendor/include/OGRE/RTShaderSystem/OgreShaderParameter.h
-- Symlinking: /home/saitama1/ros2_foxy/install/rviz_ogre_vendor/opt/rviz_ogre_vendor/include/OGRE/RTShaderSystem/OgreShaderPrerequisites.h
-- Symlinking: /home/saitama1/ros2_foxy/install/rviz_ogre_vendor/opt/rviz_ogre_vendor/include/OGRE/RTShaderSystem/OgreShaderProgram.h
-- Symlinking: /home/saitama1/ros2_foxy/install/rviz_ogre_vendor/opt/rviz_ogre_vendor/include/OGRE/RTShaderSystem/OgreShaderProgramManager.h
-- Symlinking: /home/saitama1/ros2_foxy/install/rviz_ogre_vendor/opt/rviz_ogre_vendor/include/OGRE/RTShaderSystem/OgreShaderProgramProcessor.h
-- Symlinking: /home/saitama1/ros2_foxy/install/rviz_ogre_vendor/opt/rviz_ogre_vendor/include/OGRE/RTShaderSystem/OgreShaderProgramSet.h
-- Symlinking: /home/saitama1/ros2_foxy/install/rviz_ogre_vendor/opt/rviz_ogre_vendor/include/OGRE/RTShaderSystem/OgreShaderProgramWriter.h
-- Symlinking: /home/saitama1/ros2_foxy/install/rviz_ogre_vendor/opt/rviz_ogre_vendor/include/OGRE/RTShaderSystem/OgreShaderProgramWriterManager.h
-- Symlinking: /home/saitama1/ros2_foxy/install/rviz_ogre_vendor/opt/rviz_ogre_vendor/include/OGRE/RTShaderSystem/OgreShaderRenderState.h
-- Symlinking: /home/saitama1/ros2_foxy/install/rviz_ogre_vendor/opt/rviz_ogre_vendor/include/OGRE/RTShaderSystem/OgreShaderScriptTranslator.h
-- Symlinking: /home/saitama1/ros2_foxy/install/rviz_ogre_vendor/opt/rviz_ogre_vendor/include/OGRE/RTShaderSystem/OgreShaderSubRenderState.h
-- Symlinking: /home/saitama1/ros2_foxy/install/rviz_ogre_vendor/opt/rviz_ogre_vendor/include/OGRE/RenderSystems/GL/GL/gl.h
-- Symlinking: /home/saitama1/ros2_foxy/install/rviz_ogre_vendor/opt/rviz_ogre_vendor/include/OGRE/RenderSystems/GL/GL/glew.h
-- Symlinking: /home/saitama1/ros2_foxy/install/rviz_ogre_vendor/opt/rviz_ogre_vendor/include/OGRE/RenderSystems/GL/GL/glext.h
-- Symlinking: /home/saitama1/ros2_foxy/install/rviz_ogre_vendor/opt/rviz_ogre_vendor/include/OGRE/RenderSystems/GL/GL/glxew.h
-- Symlinking: /home/saitama1/ros2_foxy/install/rviz_ogre_vendor/opt/rviz_ogre_vendor/include/OGRE/RenderSystems/GL/GL/wglew.h
-- Symlinking: /home/saitama1/ros2_foxy/install/rviz_ogre_vendor/opt/rviz_ogre_vendor/include/OGRE/RenderSystems/GL/OgreGLContext.h
-- Symlinking: /home/saitama1/ros2_foxy/install/rviz_ogre_vendor/opt/rviz_ogre_vendor/include/OGRE/RenderSystems/GL/OgreGLCopyingRenderTexture.h
-- Symlinking: /home/saitama1/ros2_foxy/install/rviz_ogre_vendor/opt/rviz_ogre_vendor/include/OGRE/RenderSystems/GL/OgreGLDepthBuffer.h
-- Symlinking: /home/saitama1/ros2_foxy/install/rviz_ogre_vendor/opt/rviz_ogre_vendor/include/OGRE/RenderSystems/GL/OgreGLDepthBufferCommon.h
-- Symlinking: /home/saitama1/ros2_foxy/install/rviz_ogre_vendor/opt/rviz_ogre_vendor/include/OGRE/RenderSystems/GL/OgreGLFBOMultiRenderTarget.h
-- Symlinking: /home/saitama1/ros2_foxy/install/rviz_ogre_vendor/opt/rviz_ogre_vendor/include/OGRE/RenderSystems/GL/OgreGLFBORenderTexture.h
-- Symlinking: /home/saitama1/ros2_foxy/install/rviz_ogre_vendor/opt/rviz_ogre_vendor/include/OGRE/RenderSystems/GL/OgreGLFrameBufferObject.h
-- Symlinking: /home/saitama1/ros2_foxy/install/rviz_ogre_vendor/opt/rviz_ogre_vendor/include/OGRE/RenderSystems/GL/OgreGLGpuNvparseProgram.h
-- Symlinking: /home/saitama1/ros2_foxy/install/rviz_ogre_vendor/opt/rviz_ogre_vendor/include/OGRE/RenderSystems/GL/OgreGLGpuProgram.h
-- Symlinking: /home/saitama1/ros2_foxy/install/rviz_ogre_vendor/opt/rviz_ogre_vendor/include/OGRE/RenderSystems/GL/OgreGLGpuProgramManager.h
-- Symlinking: /home/saitama1/ros2_foxy/install/rviz_ogre_vendor/opt/rviz_ogre_vendor/include/OGRE/RenderSystems/GL/OgreGLHardwareBufferManager.h
-- Symlinking: /home/saitama1/ros2_foxy/install/rviz_ogre_vendor/opt/rviz_ogre_vendor/include/OGRE/RenderSystems/GL/OgreGLHardwareIndexBuffer.h
-- Symlinking: /home/saitama1/ros2_foxy/install/rviz_ogre_vendor/opt/rviz_ogre_vendor/include/OGRE/RenderSystems/GL/OgreGLHardwareOcclusionQuery.h
-- Symlinking: /home/saitama1/ros2_foxy/install/rviz_ogre_vendor/opt/rviz_ogre_vendor/include/OGRE/RenderSystems/GL/OgreGLHardwarePixelBuffer.h
-- Symlinking: /home/saitama1/ros2_foxy/install/rviz_ogre_vendor/opt/rviz_ogre_vendor/include/OGRE/RenderSystems/GL/OgreGLHardwarePixelBufferCommon.h
-- Symlinking: /home/saitama1/ros2_foxy/install/rviz_ogre_vendor/opt/rviz_ogre_vendor/include/OGRE/RenderSystems/GL/OgreGLHardwareVertexBuffer.h
-- Symlinking: /home/saitama1/ros2_foxy/install/rviz_ogre_vendor/opt/rviz_ogre_vendor/include/OGRE/RenderSystems/GL/OgreGLNativeSupport.h
-- Symlinking: /home/saitama1/ros2_foxy/install/rviz_ogre_vendor/opt/rviz_ogre_vendor/include/OGRE/RenderSystems/GL/OgreGLPBRenderTexture.h
-- Symlinking: /home/saitama1/ros2_foxy/install/rviz_ogre_vendor/opt/rviz_ogre_vendor/include/OGRE/RenderSystems/GL/OgreGLPBuffer.h
-- Symlinking: /home/saitama1/ros2_foxy/install/rviz_ogre_vendor/opt/rviz_ogre_vendor/include/OGRE/RenderSystems/GL/OgreGLPixelFormat.h
-- Symlinking: /home/saitama1/ros2_foxy/install/rviz_ogre_vendor/opt/rviz_ogre_vendor/include/OGRE/RenderSystems/GL/OgreGLPlugin.h
-- Symlinking: /home/saitama1/ros2_foxy/install/rviz_ogre_vendor/opt/rviz_ogre_vendor/include/OGRE/RenderSystems/GL/OgreGLPrerequisites.h
-- Symlinking: /home/saitama1/ros2_foxy/install/rviz_ogre_vendor/opt/rviz_ogre_vendor/include/OGRE/RenderSystems/GL/OgreGLRenderSystem.h
-- Symlinking: /home/saitama1/ros2_foxy/install/rviz_ogre_vendor/opt/rviz_ogre_vendor/include/OGRE/RenderSystems/GL/OgreGLRenderSystemCommon.h
-- Symlinking: /home/saitama1/ros2_foxy/install/rviz_ogre_vendor/opt/rviz_ogre_vendor/include/OGRE/RenderSystems/GL/OgreGLRenderTarget.h
-- Symlinking: /home/saitama1/ros2_foxy/install/rviz_ogre_vendor/opt/rviz_ogre_vendor/include/OGRE/RenderSystems/GL/OgreGLRenderTexture.h
-- Symlinking: /home/saitama1/ros2_foxy/install/rviz_ogre_vendor/opt/rviz_ogre_vendor/include/OGRE/RenderSystems/GL/OgreGLRenderToVertexBuffer.h
-- Symlinking: /home/saitama1/ros2_foxy/install/rviz_ogre_vendor/opt/rviz_ogre_vendor/include/OGRE/RenderSystems/GL/OgreGLSLExtSupport.h
-- Symlinking: /home/saitama1/ros2_foxy/install/rviz_ogre_vendor/opt/rviz_ogre_vendor/include/OGRE/RenderSystems/GL/OgreGLSLGpuProgram.h
-- Symlinking: /home/saitama1/ros2_foxy/install/rviz_ogre_vendor/opt/rviz_ogre_vendor/include/OGRE/RenderSystems/GL/OgreGLSLLinkProgram.h
-- Symlinking: /home/saitama1/ros2_foxy/install/rviz_ogre_vendor/opt/rviz_ogre_vendor/include/OGRE/RenderSystems/GL/OgreGLSLLinkProgramManager.h
-- Symlinking: /home/saitama1/ros2_foxy/install/rviz_ogre_vendor/opt/rviz_ogre_vendor/include/OGRE/RenderSystems/GL/OgreGLSLProgram.h
-- Symlinking: /home/saitama1/ros2_foxy/install/rviz_ogre_vendor/opt/rviz_ogre_vendor/include/OGRE/RenderSystems/GL/OgreGLSLProgramFactory.h
-- Symlinking: /home/saitama1/ros2_foxy/install/rviz_ogre_vendor/opt/rviz_ogre_vendor/include/OGRE/RenderSystems/GL/OgreGLStateCacheManager.h
-- Symlinking: /home/saitama1/ros2_foxy/install/rviz_ogre_vendor/opt/rviz_ogre_vendor/include/OGRE/RenderSystems/GL/OgreGLStateCacheManagerCommon.h
-- Symlinking: /home/saitama1/ros2_foxy/install/rviz_ogre_vendor/opt/rviz_ogre_vendor/include/OGRE/RenderSystems/GL/OgreGLSupportPrerequisites.h
-- Symlinking: /home/saitama1/ros2_foxy/install/rviz_ogre_vendor/opt/rviz_ogre_vendor/include/OGRE/RenderSystems/GL/OgreGLTexture.h
-- Symlinking: /home/saitama1/ros2_foxy/install/rviz_ogre_vendor/opt/rviz_ogre_vendor/include/OGRE/RenderSystems/GL/OgreGLTextureCommon.h
-- Symlinking: /home/saitama1/ros2_foxy/install/rviz_ogre_vendor/opt/rviz_ogre_vendor/include/OGRE/RenderSystems/GL/OgreGLTextureManager.h
-- Symlinking: /home/saitama1/ros2_foxy/install/rviz_ogre_vendor/opt/rviz_ogre_vendor/include/OGRE/RenderSystems/GL/OgreGLUniformCache.h
-- Symlinking: /home/saitama1/ros2_foxy/install/rviz_ogre_vendor/opt/rviz_ogre_vendor/include/OGRE/RenderSystems/GL/OgreGLUtil.h
-- Symlinking: /home/saitama1/ros2_foxy/install/rviz_ogre_vendor/opt/rviz_ogre_vendor/include/OGRE/RenderSystems/GL/OgreGLVertexArrayObject.h
-- Symlinking: /home/saitama1/ros2_foxy/install/rviz_ogre_vendor/opt/rviz_ogre_vendor/include/OGRE/RenderSystems/GL/_ps1.0_parser.h
-- Symlinking: /home/saitama1/ros2_foxy/install/rviz_ogre_vendor/opt/rviz_ogre_vendor/include/OGRE/RenderSystems/GL/_rc1.0_parser.h
-- Symlinking: /home/saitama1/ros2_foxy/install/rviz_ogre_vendor/opt/rviz_ogre_vendor/include/OGRE/RenderSystems/GL/_ts1.0_parser.h
-- Symlinking: /home/saitama1/ros2_foxy/install/rviz_ogre_vendor/opt/rviz_ogre_vendor/include/OGRE/RenderSystems/GL/_vs1.0_parser.h
-- Symlinking: /home/saitama1/ros2_foxy/install/rviz_ogre_vendor/opt/rviz_ogre_vendor/include/OGRE/RenderSystems/GL/macro.h
-- Symlinking: /home/saitama1/ros2_foxy/install/rviz_ogre_vendor/opt/rviz_ogre_vendor/include/OGRE/RenderSystems/GL/nvparse.h
-- Symlinking: /home/saitama1/ros2_foxy/install/rviz_ogre_vendor/opt/rviz_ogre_vendor/include/OGRE/RenderSystems/GL/nvparse_errors.h
-- Symlinking: /home/saitama1/ros2_foxy/install/rviz_ogre_vendor/opt/rviz_ogre_vendor/include/OGRE/RenderSystems/GL/nvparse_externs.h
-- Symlinking: /home/saitama1/ros2_foxy/install/rviz_ogre_vendor/opt/rviz_ogre_vendor/include/OGRE/RenderSystems/GL/ps1.0_program.h
-- Symlinking: /home/saitama1/ros2_foxy/install/rviz_ogre_vendor/opt/rviz_ogre_vendor/include/OGRE/RenderSystems/GL/rc1.0_combiners.h
-- Symlinking: /home/saitama1/ros2_foxy/install/rviz_ogre_vendor/opt/rviz_ogre_vendor/include/OGRE/RenderSystems/GL/rc1.0_final.h
-- Symlinking: /home/saitama1/ros2_foxy/install/rviz_ogre_vendor/opt/rviz_ogre_vendor/include/OGRE/RenderSystems/GL/rc1.0_general.h
-- Symlinking: /home/saitama1/ros2_foxy/install/rviz_ogre_vendor/opt/rviz_ogre_vendor/include/OGRE/RenderSystems/GL/rc1.0_register.h
-- Symlinking: /home/saitama1/ros2_foxy/install/rviz_ogre_vendor/opt/rviz_ogre_vendor/include/OGRE/RenderSystems/GL/ts1.0_inst.h
-- Symlinking: /home/saitama1/ros2_foxy/install/rviz_ogre_vendor/opt/rviz_ogre_vendor/include/OGRE/RenderSystems/GL/ts1.0_inst_list.h
-- Symlinking: /home/saitama1/ros2_foxy/install/rviz_ogre_vendor/opt/rviz_ogre_vendor/include/OGRE/RenderSystems/GL/vs1.0_inst.h
-- Symlinking: /home/saitama1/ros2_foxy/install/rviz_ogre_vendor/opt/rviz_ogre_vendor/include/OGRE/RenderSystems/GL/vs1.0_inst_list.h
-- Symlinking: /home/saitama1/ros2_foxy/install/rviz_ogre_vendor/opt/rviz_ogre_vendor/include/OGRE/RenderSystems/GL3Plus/GL/gl3w.h
-- Symlinking: /home/saitama1/ros2_foxy/install/rviz_ogre_vendor/opt/rviz_ogre_vendor/include/OGRE/RenderSystems/GL3Plus/GL/glcorearb.h
-- Symlinking: /home/saitama1/ros2_foxy/install/rviz_ogre_vendor/opt/rviz_ogre_vendor/include/OGRE/RenderSystems/GL3Plus/OgreGL3PlusDepthBuffer.h
-- Symlinking: /home/saitama1/ros2_foxy/install/rviz_ogre_vendor/opt/rviz_ogre_vendor/include/OGRE/RenderSystems/GL3Plus/OgreGL3PlusFBOMultiRenderTarget.h
-- Symlinking: /home/saitama1/ros2_foxy/install/rviz_ogre_vendor/opt/rviz_ogre_vendor/include/OGRE/RenderSystems/GL3Plus/OgreGL3PlusFBORenderTexture.h
-- Symlinking: /home/saitama1/ros2_foxy/install/rviz_ogre_vendor/opt/rviz_ogre_vendor/include/OGRE/RenderSystems/GL3Plus/OgreGL3PlusFrameBufferObject.h
-- Symlinking: /home/saitama1/ros2_foxy/install/rviz_ogre_vendor/opt/rviz_ogre_vendor/include/OGRE/RenderSystems/GL3Plus/OgreGL3PlusHardwareBuffer.h
-- Symlinking: /home/saitama1/ros2_foxy/install/rviz_ogre_vendor/opt/rviz_ogre_vendor/include/OGRE/RenderSystems/GL3Plus/OgreGL3PlusHardwareBufferManager.h
-- Symlinking: /home/saitama1/ros2_foxy/install/rviz_ogre_vendor/opt/rviz_ogre_vendor/include/OGRE/RenderSystems/GL3Plus/OgreGL3PlusHardwareCounterBuffer.h
-- Symlinking: /home/saitama1/ros2_foxy/install/rviz_ogre_vendor/opt/rviz_ogre_vendor/include/OGRE/RenderSystems/GL3Plus/OgreGL3PlusHardwareIndexBuffer.h
-- Symlinking: /home/saitama1/ros2_foxy/install/rviz_ogre_vendor/opt/rviz_ogre_vendor/include/OGRE/RenderSystems/GL3Plus/OgreGL3PlusHardwareOcclusionQuery.h
-- Symlinking: /home/saitama1/ros2_foxy/install/rviz_ogre_vendor/opt/rviz_ogre_vendor/include/OGRE/RenderSystems/GL3Plus/OgreGL3PlusHardwarePixelBuffer.h
-- Symlinking: /home/saitama1/ros2_foxy/install/rviz_ogre_vendor/opt/rviz_ogre_vendor/include/OGRE/RenderSystems/GL3Plus/OgreGL3PlusHardwareShaderStorageBuffer.h
-- Symlinking: /home/saitama1/ros2_foxy/install/rviz_ogre_vendor/opt/rviz_ogre_vendor/include/OGRE/RenderSystems/GL3Plus/OgreGL3PlusHardwareUniformBuffer.h
-- Symlinking: /home/saitama1/ros2_foxy/install/rviz_ogre_vendor/opt/rviz_ogre_vendor/include/OGRE/RenderSystems/GL3Plus/OgreGL3PlusHardwareVertexBuffer.h
-- Symlinking: /home/saitama1/ros2_foxy/install/rviz_ogre_vendor/opt/rviz_ogre_vendor/include/OGRE/RenderSystems/GL3Plus/OgreGL3PlusPixelFormat.h
-- Symlinking: /home/saitama1/ros2_foxy/install/rviz_ogre_vendor/opt/rviz_ogre_vendor/include/OGRE/RenderSystems/GL3Plus/OgreGL3PlusPlugin.h
-- Symlinking: /home/saitama1/ros2_foxy/install/rviz_ogre_vendor/opt/rviz_ogre_vendor/include/OGRE/RenderSystems/GL3Plus/OgreGL3PlusPrerequisites.h
-- Symlinking: /home/saitama1/ros2_foxy/install/rviz_ogre_vendor/opt/rviz_ogre_vendor/include/OGRE/RenderSystems/GL3Plus/OgreGL3PlusRenderSystem.h
-- Symlinking: /home/saitama1/ros2_foxy/install/rviz_ogre_vendor/opt/rviz_ogre_vendor/include/OGRE/RenderSystems/GL3Plus/OgreGL3PlusRenderToVertexBuffer.h
-- Symlinking: /home/saitama1/ros2_foxy/install/rviz_ogre_vendor/opt/rviz_ogre_vendor/include/OGRE/RenderSystems/GL3Plus/OgreGL3PlusStateCacheManager.h
-- Symlinking: /home/saitama1/ros2_foxy/install/rviz_ogre_vendor/opt/rviz_ogre_vendor/include/OGRE/RenderSystems/GL3Plus/OgreGL3PlusTexture.h
-- Symlinking: /home/saitama1/ros2_foxy/install/rviz_ogre_vendor/opt/rviz_ogre_vendor/include/OGRE/RenderSystems/GL3Plus/OgreGL3PlusTextureBuffer.h
-- Symlinking: /home/saitama1/ros2_foxy/install/rviz_ogre_vendor/opt/rviz_ogre_vendor/include/OGRE/RenderSystems/GL3Plus/OgreGL3PlusTextureManager.h
-- Symlinking: /home/saitama1/ros2_foxy/install/rviz_ogre_vendor/opt/rviz_ogre_vendor/include/OGRE/RenderSystems/GL3Plus/OgreGLContext.h
-- Symlinking: /home/saitama1/ros2_foxy/install/rviz_ogre_vendor/opt/rviz_ogre_vendor/include/OGRE/RenderSystems/GL3Plus/OgreGLDepthBufferCommon.h
-- Symlinking: /home/saitama1/ros2_foxy/install/rviz_ogre_vendor/opt/rviz_ogre_vendor/include/OGRE/RenderSystems/GL3Plus/OgreGLHardwarePixelBufferCommon.h
-- Symlinking: /home/saitama1/ros2_foxy/install/rviz_ogre_vendor/opt/rviz_ogre_vendor/include/OGRE/RenderSystems/GL3Plus/OgreGLNativeSupport.h
-- Symlinking: /home/saitama1/ros2_foxy/install/rviz_ogre_vendor/opt/rviz_ogre_vendor/include/OGRE/RenderSystems/GL3Plus/OgreGLPBuffer.h
-- Symlinking: /home/saitama1/ros2_foxy/install/rviz_ogre_vendor/opt/rviz_ogre_vendor/include/OGRE/RenderSystems/GL3Plus/OgreGLRenderSystemCommon.h
-- Symlinking: /home/saitama1/ros2_foxy/install/rviz_ogre_vendor/opt/rviz_ogre_vendor/include/OGRE/RenderSystems/GL3Plus/OgreGLRenderTarget.h
-- Symlinking: /home/saitama1/ros2_foxy/install/rviz_ogre_vendor/opt/rviz_ogre_vendor/include/OGRE/RenderSystems/GL3Plus/OgreGLRenderTexture.h
-- Symlinking: /home/saitama1/ros2_foxy/install/rviz_ogre_vendor/opt/rviz_ogre_vendor/include/OGRE/RenderSystems/GL3Plus/OgreGLStateCacheManagerCommon.h
-- Symlinking: /home/saitama1/ros2_foxy/install/rviz_ogre_vendor/opt/rviz_ogre_vendor/include/OGRE/RenderSystems/GL3Plus/OgreGLSupportPrerequisites.h
-- Symlinking: /home/saitama1/ros2_foxy/install/rviz_ogre_vendor/opt/rviz_ogre_vendor/include/OGRE/RenderSystems/GL3Plus/OgreGLTextureCommon.h
-- Symlinking: /home/saitama1/ros2_foxy/install/rviz_ogre_vendor/opt/rviz_ogre_vendor/include/OGRE/RenderSystems/GL3Plus/OgreGLUniformCache.h
-- Symlinking: /home/saitama1/ros2_foxy/install/rviz_ogre_vendor/opt/rviz_ogre_vendor/include/OGRE/RenderSystems/GL3Plus/OgreGLUtil.h
-- Symlinking: /home/saitama1/ros2_foxy/install/rviz_ogre_vendor/opt/rviz_ogre_vendor/include/OGRE/RenderSystems/GL3Plus/OgreGLVertexArrayObject.h
-- Symlinking: /home/saitama1/ros2_foxy/install/rviz_ogre_vendor/opt/rviz_ogre_vendor/include/OGRE/Sample.h
-- Symlinking: /home/saitama1/ros2_foxy/install/rviz_ogre_vendor/opt/rviz_ogre_vendor/include/OGRE/SampleContext.h
-- Symlinking: /home/saitama1/ros2_foxy/install/rviz_ogre_vendor/opt/rviz_ogre_vendor/include/OGRE/SamplePlugin.h
-- Symlinking: /home/saitama1/ros2_foxy/install/rviz_ogre_vendor/opt/rviz_ogre_vendor/include/OGRE/SdkSample.h
-- Symlinking: /home/saitama1/ros2_foxy/install/rviz_ogre_vendor/opt/rviz_ogre_vendor/include/OGRE/Terrain/OgreTerrain.h
-- Symlinking: /home/saitama1/ros2_foxy/install/rviz_ogre_vendor/opt/rviz_ogre_vendor/include/OGRE/Terrain/OgreTerrainAutoUpdateLod.h
-- Symlinking: /home/saitama1/ros2_foxy/install/rviz_ogre_vendor/opt/rviz_ogre_vendor/include/OGRE/Terrain/OgreTerrainGroup.h
-- Symlinking: /home/saitama1/ros2_foxy/install/rviz_ogre_vendor/opt/rviz_ogre_vendor/include/OGRE/Terrain/OgreTerrainLayerBlendMap.h
-- Symlinking: /home/saitama1/ros2_foxy/install/rviz_ogre_vendor/opt/rviz_ogre_vendor/include/OGRE/Terrain/OgreTerrainLodManager.h
-- Symlinking: /home/saitama1/ros2_foxy/install/rviz_ogre_vendor/opt/rviz_ogre_vendor/include/OGRE/Terrain/OgreTerrainMaterialGenerator.h
-- Symlinking: /home/saitama1/ros2_foxy/install/rviz_ogre_vendor/opt/rviz_ogre_vendor/include/OGRE/Terrain/OgreTerrainMaterialGeneratorA.h
-- Symlinking: /home/saitama1/ros2_foxy/install/rviz_ogre_vendor/opt/rviz_ogre_vendor/include/OGRE/Terrain/OgreTerrainPagedWorldSection.h
-- Symlinking: /home/saitama1/ros2_foxy/install/rviz_ogre_vendor/opt/rviz_ogre_vendor/include/OGRE/Terrain/OgreTerrainPaging.h
-- Symlinking: /home/saitama1/ros2_foxy/install/rviz_ogre_vendor/opt/rviz_ogre_vendor/include/OGRE/Terrain/OgreTerrainPrerequisites.h
-- Symlinking: /home/saitama1/ros2_foxy/install/rviz_ogre_vendor/opt/rviz_ogre_vendor/include/OGRE/Terrain/OgreTerrainQuadTreeNode.h
-- Symlinking: /home/saitama1/ros2_foxy/install/rviz_ogre_vendor/opt/rviz_ogre_vendor/include/OGRE/Threading/OgreDefaultWorkQueue.h
-- Symlinking: /home/saitama1/ros2_foxy/install/rviz_ogre_vendor/opt/rviz_ogre_vendor/include/OGRE/Threading/OgreDefaultWorkQueueStandard.h
-- Symlinking: /home/saitama1/ros2_foxy/install/rviz_ogre_vendor/opt/rviz_ogre_vendor/include/OGRE/Threading/OgreDefaultWorkQueueTBB.h
-- Symlinking: /home/saitama1/ros2_foxy/install/rviz_ogre_vendor/opt/rviz_ogre_vendor/include/OGRE/Threading/OgreThreadDefines.h
-- Symlinking: /home/saitama1/ros2_foxy/install/rviz_ogre_vendor/opt/rviz_ogre_vendor/include/OGRE/Threading/OgreThreadDefinesBoost.h
-- Symlinking: /home/saitama1/ros2_foxy/install/rviz_ogre_vendor/opt/rviz_ogre_vendor/include/OGRE/Threading/OgreThreadDefinesNone.h
-- Symlinking: /home/saitama1/ros2_foxy/install/rviz_ogre_vendor/opt/rviz_ogre_vendor/include/OGRE/Threading/OgreThreadDefinesPoco.h
-- Symlinking: /home/saitama1/ros2_foxy/install/rviz_ogre_vendor/opt/rviz_ogre_vendor/include/OGRE/Threading/OgreThreadDefinesSTD.h
-- Symlinking: /home/saitama1/ros2_foxy/install/rviz_ogre_vendor/opt/rviz_ogre_vendor/include/OGRE/Threading/OgreThreadDefinesTBB.h
-- Symlinking: /home/saitama1/ros2_foxy/install/rviz_ogre_vendor/opt/rviz_ogre_vendor/include/OGRE/Threading/OgreThreadHeaders.h
-- Symlinking: /home/saitama1/ros2_foxy/install/rviz_ogre_vendor/opt/rviz_ogre_vendor/include/OGRE/Threading/OgreThreadHeadersBoost.h
-- Symlinking: /home/saitama1/ros2_foxy/install/rviz_ogre_vendor/opt/rviz_ogre_vendor/include/OGRE/Threading/OgreThreadHeadersPoco.h
-- Symlinking: /home/saitama1/ros2_foxy/install/rviz_ogre_vendor/opt/rviz_ogre_vendor/include/OGRE/Threading/OgreThreadHeadersSTD.h
-- Symlinking: /home/saitama1/ros2_foxy/install/rviz_ogre_vendor/opt/rviz_ogre_vendor/include/OGRE/Threading/OgreThreadHeadersTBB.h
-- Symlinking: /home/saitama1/ros2_foxy/install/rviz_ogre_vendor/opt/rviz_ogre_vendor/include/OGRE/Volume/OgreVolumeCSGSource.h
-- Symlinking: /home/saitama1/ros2_foxy/install/rviz_ogre_vendor/opt/rviz_ogre_vendor/include/OGRE/Volume/OgreVolumeCacheSource.h
-- Symlinking: /home/saitama1/ros2_foxy/install/rviz_ogre_vendor/opt/rviz_ogre_vendor/include/OGRE/Volume/OgreVolumeChunk.h
-- Symlinking: /home/saitama1/ros2_foxy/install/rviz_ogre_vendor/opt/rviz_ogre_vendor/include/OGRE/Volume/OgreVolumeChunkHandler.h
-- Symlinking: /home/saitama1/ros2_foxy/install/rviz_ogre_vendor/opt/rviz_ogre_vendor/include/OGRE/Volume/OgreVolumeDualGridGenerator.h
-- Symlinking: /home/saitama1/ros2_foxy/install/rviz_ogre_vendor/opt/rviz_ogre_vendor/include/OGRE/Volume/OgreVolumeGridSource.h
-- Symlinking: /home/saitama1/ros2_foxy/install/rviz_ogre_vendor/opt/rviz_ogre_vendor/include/OGRE/Volume/OgreVolumeHalfFloatGridSource.h
-- Symlinking: /home/saitama1/ros2_foxy/install/rviz_ogre_vendor/opt/rviz_ogre_vendor/include/OGRE/Volume/OgreVolumeIsoSurface.h
-- Symlinking: /home/saitama1/ros2_foxy/install/rviz_ogre_vendor/opt/rviz_ogre_vendor/include/OGRE/Volume/OgreVolumeIsoSurfaceMC.h
-- Symlinking: /home/saitama1/ros2_foxy/install/rviz_ogre_vendor/opt/rviz_ogre_vendor/include/OGRE/Volume/OgreVolumeIsoSurfaceTablesMC.h
-- Symlinking: /home/saitama1/ros2_foxy/install/rviz_ogre_vendor/opt/rviz_ogre_vendor/include/OGRE/Volume/OgreVolumeMeshBuilder.h
-- Symlinking: /home/saitama1/ros2_foxy/install/rviz_ogre_vendor/opt/rviz_ogre_vendor/include/OGRE/Volume/OgreVolumeOctreeNode.h
-- Symlinking: /home/saitama1/ros2_foxy/install/rviz_ogre_vendor/opt/rviz_ogre_vendor/include/OGRE/Volume/OgreVolumeOctreeNodeSplitPolicy.h
-- Symlinking: /home/saitama1/ros2_foxy/install/rviz_ogre_vendor/opt/rviz_ogre_vendor/include/OGRE/Volume/OgreVolumePrerequisites.h
-- Symlinking: /home/saitama1/ros2_foxy/install/rviz_ogre_vendor/opt/rviz_ogre_vendor/include/OGRE/Volume/OgreVolumeSimplexNoise.h
-- Symlinking: /home/saitama1/ros2_foxy/install/rviz_ogre_vendor/opt/rviz_ogre_vendor/include/OGRE/Volume/OgreVolumeSource.h
-- Symlinking: /home/saitama1/ros2_foxy/install/rviz_ogre_vendor/opt/rviz_ogre_vendor/include/OGRE/Volume/OgreVolumeTextureSource.h
-- Symlinking: /home/saitama1/ros2_foxy/install/rviz_ogre_vendor/opt/rviz_ogre_vendor/lib/OGRE/Codec_EXR.so
-- Symlinking: /home/saitama1/ros2_foxy/install/rviz_ogre_vendor/opt/rviz_ogre_vendor/lib/OGRE/Codec_EXR.so.1.12.1
-- Symlinking: /home/saitama1/ros2_foxy/install/rviz_ogre_vendor/opt/rviz_ogre_vendor/lib/OGRE/Codec_STBI.so
-- Symlinking: /home/saitama1/ros2_foxy/install/rviz_ogre_vendor/opt/rviz_ogre_vendor/lib/OGRE/Codec_STBI.so.1.12.1
-- Symlinking: /home/saitama1/ros2_foxy/install/rviz_ogre_vendor/opt/rviz_ogre_vendor/lib/OGRE/Plugin_BSPSceneManager.so
-- Symlinking: /home/saitama1/ros2_foxy/install/rviz_ogre_vendor/opt/rviz_ogre_vendor/lib/OGRE/Plugin_BSPSceneManager.so.1.12.1
-- Symlinking: /home/saitama1/ros2_foxy/install/rviz_ogre_vendor/opt/rviz_ogre_vendor/lib/OGRE/Plugin_OctreeSceneManager.so
-- Symlinking: /home/saitama1/ros2_foxy/install/rviz_ogre_vendor/opt/rviz_ogre_vendor/lib/OGRE/Plugin_OctreeSceneManager.so.1.12.1
-- Symlinking: /home/saitama1/ros2_foxy/install/rviz_ogre_vendor/opt/rviz_ogre_vendor/lib/OGRE/Plugin_OctreeZone.so
-- Symlinking: /home/saitama1/ros2_foxy/install/rviz_ogre_vendor/opt/rviz_ogre_vendor/lib/OGRE/Plugin_OctreeZone.so.1.12.1
-- Symlinking: /home/saitama1/ros2_foxy/install/rviz_ogre_vendor/opt/rviz_ogre_vendor/lib/OGRE/Plugin_PCZSceneManager.so
-- Symlinking: /home/saitama1/ros2_foxy/install/rviz_ogre_vendor/opt/rviz_ogre_vendor/lib/OGRE/Plugin_PCZSceneManager.so.1.12.1
-- Symlinking: /home/saitama1/ros2_foxy/install/rviz_ogre_vendor/opt/rviz_ogre_vendor/lib/OGRE/Plugin_ParticleFX.so
-- Symlinking: /home/saitama1/ros2_foxy/install/rviz_ogre_vendor/opt/rviz_ogre_vendor/lib/OGRE/Plugin_ParticleFX.so.1.12.1
-- Symlinking: /home/saitama1/ros2_foxy/install/rviz_ogre_vendor/opt/rviz_ogre_vendor/lib/OGRE/RenderSystem_GL.so
-- Symlinking: /home/saitama1/ros2_foxy/install/rviz_ogre_vendor/opt/rviz_ogre_vendor/lib/OGRE/RenderSystem_GL.so.1.12.1
-- Symlinking: /home/saitama1/ros2_foxy/install/rviz_ogre_vendor/opt/rviz_ogre_vendor/lib/OGRE/RenderSystem_GL3Plus.so
-- Symlinking: /home/saitama1/ros2_foxy/install/rviz_ogre_vendor/opt/rviz_ogre_vendor/lib/OGRE/RenderSystem_GL3Plus.so.1.12.1
-- Symlinking: /home/saitama1/ros2_foxy/install/rviz_ogre_vendor/opt/rviz_ogre_vendor/lib/OGRE/cmake/FindPkgMacros.cmake
-- Symlinking: /home/saitama1/ros2_foxy/install/rviz_ogre_vendor/opt/rviz_ogre_vendor/lib/OGRE/cmake/OGREConfig.cmake
-- Symlinking: /home/saitama1/ros2_foxy/install/rviz_ogre_vendor/opt/rviz_ogre_vendor/lib/OGRE/cmake/OGREConfigVersion.cmake
-- Symlinking: /home/saitama1/ros2_foxy/install/rviz_ogre_vendor/opt/rviz_ogre_vendor/lib/OGRE/cmake/OgreTargets-relwithdebinfo.cmake
-- Symlinking: /home/saitama1/ros2_foxy/install/rviz_ogre_vendor/opt/rviz_ogre_vendor/lib/OGRE/cmake/OgreTargets.cmake
-- Symlinking: /home/saitama1/ros2_foxy/install/rviz_ogre_vendor/opt/rviz_ogre_vendor/lib/libOgreGLSupport.a
-- Symlinking: /home/saitama1/ros2_foxy/install/rviz_ogre_vendor/opt/rviz_ogre_vendor/lib/libOgreHLMS.so
-- Symlinking: /home/saitama1/ros2_foxy/install/rviz_ogre_vendor/opt/rviz_ogre_vendor/lib/libOgreHLMS.so.1.12.1
-- Symlinking: /home/saitama1/ros2_foxy/install/rviz_ogre_vendor/opt/rviz_ogre_vendor/lib/libOgreMain.so
-- Symlinking: /home/saitama1/ros2_foxy/install/rviz_ogre_vendor/opt/rviz_ogre_vendor/lib/libOgreMain.so.1.12.1
-- Symlinking: /home/saitama1/ros2_foxy/install/rviz_ogre_vendor/opt/rviz_ogre_vendor/lib/libOgreMeshLodGenerator.so
-- Symlinking: /home/saitama1/ros2_foxy/install/rviz_ogre_vendor/opt/rviz_ogre_vendor/lib/libOgreMeshLodGenerator.so.1.12.1
-- Symlinking: /home/saitama1/ros2_foxy/install/rviz_ogre_vendor/opt/rviz_ogre_vendor/lib/libOgreOverlay.so
-- Symlinking: /home/saitama1/ros2_foxy/install/rviz_ogre_vendor/opt/rviz_ogre_vendor/lib/libOgreOverlay.so.1.12.1
-- Symlinking: /home/saitama1/ros2_foxy/install/rviz_ogre_vendor/opt/rviz_ogre_vendor/lib/libOgrePaging.so
-- Symlinking: /home/saitama1/ros2_foxy/install/rviz_ogre_vendor/opt/rviz_ogre_vendor/lib/libOgrePaging.so.1.12.1
-- Symlinking: /home/saitama1/ros2_foxy/install/rviz_ogre_vendor/opt/rviz_ogre_vendor/lib/libOgreProperty.so
-- Symlinking: /home/saitama1/ros2_foxy/install/rviz_ogre_vendor/opt/rviz_ogre_vendor/lib/libOgreProperty.so.1.12.1
-- Symlinking: /home/saitama1/ros2_foxy/install/rviz_ogre_vendor/opt/rviz_ogre_vendor/lib/libOgreRTShaderSystem.so
-- Symlinking: /home/saitama1/ros2_foxy/install/rviz_ogre_vendor/opt/rviz_ogre_vendor/lib/libOgreRTShaderSystem.so.1.12.1
-- Symlinking: /home/saitama1/ros2_foxy/install/rviz_ogre_vendor/opt/rviz_ogre_vendor/lib/libOgreTerrain.so
-- Symlinking: /home/saitama1/ros2_foxy/install/rviz_ogre_vendor/opt/rviz_ogre_vendor/lib/libOgreTerrain.so.1.12.1
-- Symlinking: /home/saitama1/ros2_foxy/install/rviz_ogre_vendor/opt/rviz_ogre_vendor/lib/libOgreVolume.so
-- Symlinking: /home/saitama1/ros2_foxy/install/rviz_ogre_vendor/opt/rviz_ogre_vendor/lib/libOgreVolume.so.1.12.1
-- Symlinking: /home/saitama1/ros2_foxy/install/rviz_ogre_vendor/opt/rviz_ogre_vendor/lib/pkgconfig/OGRE-HLMS.pc
-- Symlinking: /home/saitama1/ros2_foxy/install/rviz_ogre_vendor/opt/rviz_ogre_vendor/lib/pkgconfig/OGRE-MeshLodGenerator.pc
-- Symlinking: /home/saitama1/ros2_foxy/install/rviz_ogre_vendor/opt/rviz_ogre_vendor/lib/pkgconfig/OGRE-Overlay.pc
-- Symlinking: /home/saitama1/ros2_foxy/install/rviz_ogre_vendor/opt/rviz_ogre_vendor/lib/pkgconfig/OGRE-PCZ.pc
-- Symlinking: /home/saitama1/ros2_foxy/install/rviz_ogre_vendor/opt/rviz_ogre_vendor/lib/pkgconfig/OGRE-Paging.pc
-- Symlinking: /home/saitama1/ros2_foxy/install/rviz_ogre_vendor/opt/rviz_ogre_vendor/lib/pkgconfig/OGRE-Property.pc
-- Symlinking: /home/saitama1/ros2_foxy/install/rviz_ogre_vendor/opt/rviz_ogre_vendor/lib/pkgconfig/OGRE-RTShaderSystem.pc
-- Symlinking: /home/saitama1/ros2_foxy/install/rviz_ogre_vendor/opt/rviz_ogre_vendor/lib/pkgconfig/OGRE-Terrain.pc
-- Symlinking: /home/saitama1/ros2_foxy/install/rviz_ogre_vendor/opt/rviz_ogre_vendor/lib/pkgconfig/OGRE-Volume.pc
-- Symlinking: /home/saitama1/ros2_foxy/install/rviz_ogre_vendor/opt/rviz_ogre_vendor/lib/pkgconfig/OGRE.pc
-- Symlinking: /home/saitama1/ros2_foxy/install/rviz_ogre_vendor/opt/rviz_ogre_vendor/share/OGRE/Media/HLMS/Blendfunctions_piece_fs.glslt
-- Symlinking: /home/saitama1/ros2_foxy/install/rviz_ogre_vendor/opt/rviz_ogre_vendor/share/OGRE/Media/HLMS/Blendfunctions_piece_fs.hlslt
-- Symlinking: /home/saitama1/ros2_foxy/install/rviz_ogre_vendor/opt/rviz_ogre_vendor/share/OGRE/Media/HLMS/PBS_fs.glslt
-- Symlinking: /home/saitama1/ros2_foxy/install/rviz_ogre_vendor/opt/rviz_ogre_vendor/share/OGRE/Media/HLMS/PBS_fs.hlslt
-- Symlinking: /home/saitama1/ros2_foxy/install/rviz_ogre_vendor/opt/rviz_ogre_vendor/share/OGRE/Media/HLMS/PBS_vs.glslt
-- Symlinking: /home/saitama1/ros2_foxy/install/rviz_ogre_vendor/opt/rviz_ogre_vendor/share/OGRE/Media/HLMS/PBS_vs.hlslt
-- Symlinking: /home/saitama1/ros2_foxy/install/rviz_ogre_vendor/opt/rviz_ogre_vendor/share/OGRE/Media/RTShaderLib/GLSL/DualQuaternionSkinning_ShadowCasterTwoPhaseTwoWeights.glsl
-- Symlinking: /home/saitama1/ros2_foxy/install/rviz_ogre_vendor/opt/rviz_ogre_vendor/share/OGRE/Media/RTShaderLib/GLSL/DualQuaternionSkinning_ShadowFourWeights.glsl
-- Symlinking: /home/saitama1/ros2_foxy/install/rviz_ogre_vendor/opt/rviz_ogre_vendor/share/OGRE/Media/RTShaderLib/GLSL/DualQuaternionSkinning_ShadowOneWeight.glsl
-- Symlinking: /home/saitama1/ros2_foxy/install/rviz_ogre_vendor/opt/rviz_ogre_vendor/share/OGRE/Media/RTShaderLib/GLSL/DualQuaternionSkinning_ShadowPassThrough_ps.glsl
-- Symlinking: /home/saitama1/ros2_foxy/install/rviz_ogre_vendor/opt/rviz_ogre_vendor/share/OGRE/Media/RTShaderLib/GLSL/DualQuaternionSkinning_ShadowThreeWeights.glsl
-- Symlinking: /home/saitama1/ros2_foxy/install/rviz_ogre_vendor/opt/rviz_ogre_vendor/share/OGRE/Media/RTShaderLib/GLSL/DualQuaternionSkinning_ShadowTwoWeights.glsl
-- Symlinking: /home/saitama1/ros2_foxy/install/rviz_ogre_vendor/opt/rviz_ogre_vendor/share/OGRE/Media/RTShaderLib/GLSL/DualQuaternion_Common.glsl
-- Symlinking: /home/saitama1/ros2_foxy/install/rviz_ogre_vendor/opt/rviz_ogre_vendor/share/OGRE/Media/RTShaderLib/GLSL/FFPLib_AlphaTest.glsl
-- Symlinking: /home/saitama1/ros2_foxy/install/rviz_ogre_vendor/opt/rviz_ogre_vendor/share/OGRE/Media/RTShaderLib/GLSL/FFPLib_Common.glsl
-- Symlinking: /home/saitama1/ros2_foxy/install/rviz_ogre_vendor/opt/rviz_ogre_vendor/share/OGRE/Media/RTShaderLib/GLSL/FFPLib_Fog.glsl
-- Symlinking: /home/saitama1/ros2_foxy/install/rviz_ogre_vendor/opt/rviz_ogre_vendor/share/OGRE/Media/RTShaderLib/GLSL/FFPLib_Texturing.glsl
-- Symlinking: /home/saitama1/ros2_foxy/install/rviz_ogre_vendor/opt/rviz_ogre_vendor/share/OGRE/Media/RTShaderLib/GLSL/FFPLib_Transform.glsl
-- Symlinking: /home/saitama1/ros2_foxy/install/rviz_ogre_vendor/opt/rviz_ogre_vendor/share/OGRE/Media/RTShaderLib/GLSL/HardwareSkinningShadow_Fragment.glsl
-- Symlinking: /home/saitama1/ros2_foxy/install/rviz_ogre_vendor/opt/rviz_ogre_vendor/share/OGRE/Media/RTShaderLib/GLSL/HardwareSkinningShadow_TwoWeights.glsl
-- Symlinking: /home/saitama1/ros2_foxy/install/rviz_ogre_vendor/opt/rviz_ogre_vendor/share/OGRE/Media/RTShaderLib/GLSL/SGXLib_DualQuaternion.glsl
-- Symlinking: /home/saitama1/ros2_foxy/install/rviz_ogre_vendor/opt/rviz_ogre_vendor/share/OGRE/Media/RTShaderLib/GLSL/SGXLib_IntegratedPSSM.glsl
-- Symlinking: /home/saitama1/ros2_foxy/install/rviz_ogre_vendor/opt/rviz_ogre_vendor/share/OGRE/Media/RTShaderLib/GLSL/SGXLib_LayeredBlending.glsl
-- Symlinking: /home/saitama1/ros2_foxy/install/rviz_ogre_vendor/opt/rviz_ogre_vendor/share/OGRE/Media/RTShaderLib/GLSL/SGXLib_NormalMap.glsl
-- Symlinking: /home/saitama1/ros2_foxy/install/rviz_ogre_vendor/opt/rviz_ogre_vendor/share/OGRE/Media/RTShaderLib/GLSL/SGXLib_PerPixelLighting.glsl
-- Symlinking: /home/saitama1/ros2_foxy/install/rviz_ogre_vendor/opt/rviz_ogre_vendor/share/OGRE/Media/RTShaderLib/GLSL/SGXLib_TextureAtlas.glsl
-- Symlinking: /home/saitama1/ros2_foxy/install/rviz_ogre_vendor/opt/rviz_ogre_vendor/share/OGRE/Media/RTShaderLib/GLSL/SGXLib_TriplanarTexturing.glsl
-- Symlinking: /home/saitama1/ros2_foxy/install/rviz_ogre_vendor/opt/rviz_ogre_vendor/share/OGRE/Media/RTShaderLib/HLSL_Cg/DualQuaternionSkinning_Shadow.cg
-- Symlinking: /home/saitama1/ros2_foxy/install/rviz_ogre_vendor/opt/rviz_ogre_vendor/share/OGRE/Media/RTShaderLib/HLSL_Cg/FFPLib_AlphaTest.cg
-- Symlinking: /home/saitama1/ros2_foxy/install/rviz_ogre_vendor/opt/rviz_ogre_vendor/share/OGRE/Media/RTShaderLib/HLSL_Cg/FFPLib_Common.cg
-- Symlinking: /home/saitama1/ros2_foxy/install/rviz_ogre_vendor/opt/rviz_ogre_vendor/share/OGRE/Media/RTShaderLib/HLSL_Cg/FFPLib_Fog.cg
-- Symlinking: /home/saitama1/ros2_foxy/install/rviz_ogre_vendor/opt/rviz_ogre_vendor/share/OGRE/Media/RTShaderLib/HLSL_Cg/FFPLib_Texturing.cg
-- Symlinking: /home/saitama1/ros2_foxy/install/rviz_ogre_vendor/opt/rviz_ogre_vendor/share/OGRE/Media/RTShaderLib/HLSL_Cg/FFPLib_Transform.cg
-- Symlinking: /home/saitama1/ros2_foxy/install/rviz_ogre_vendor/opt/rviz_ogre_vendor/share/OGRE/Media/RTShaderLib/HLSL_Cg/HardwareSkinningShadow.cg
-- Symlinking: /home/saitama1/ros2_foxy/install/rviz_ogre_vendor/opt/rviz_ogre_vendor/share/OGRE/Media/RTShaderLib/HLSL_Cg/SGXLib_DualQuaternion.cg
-- Symlinking: /home/saitama1/ros2_foxy/install/rviz_ogre_vendor/opt/rviz_ogre_vendor/share/OGRE/Media/RTShaderLib/HLSL_Cg/SGXLib_IntegratedPSSM.cg
-- Symlinking: /home/saitama1/ros2_foxy/install/rviz_ogre_vendor/opt/rviz_ogre_vendor/share/OGRE/Media/RTShaderLib/HLSL_Cg/SGXLib_LayeredBlending.cg
-- Symlinking: /home/saitama1/ros2_foxy/install/rviz_ogre_vendor/opt/rviz_ogre_vendor/share/OGRE/Media/RTShaderLib/HLSL_Cg/SGXLib_NormalMap.cg
-- Symlinking: /home/saitama1/ros2_foxy/install/rviz_ogre_vendor/opt/rviz_ogre_vendor/share/OGRE/Media/RTShaderLib/HLSL_Cg/SGXLib_PerPixelLighting.cg
-- Symlinking: /home/saitama1/ros2_foxy/install/rviz_ogre_vendor/opt/rviz_ogre_vendor/share/OGRE/Media/RTShaderLib/HLSL_Cg/SGXLib_TextureAtlas.cg
-- Symlinking: /home/saitama1/ros2_foxy/install/rviz_ogre_vendor/opt/rviz_ogre_vendor/share/OGRE/Media/RTShaderLib/HLSL_Cg/SGXLib_TriplanarTexturing.cg
-- Symlinking: /home/saitama1/ros2_foxy/install/rviz_ogre_vendor/opt/rviz_ogre_vendor/share/OGRE/Media/RTShaderLib/materials/DualQuaternionSkinning_Shadow.material
-- Symlinking: /home/saitama1/ros2_foxy/install/rviz_ogre_vendor/opt/rviz_ogre_vendor/share/OGRE/Media/RTShaderLib/materials/HardwareSkinningShadow.material
-- Symlinking: /home/saitama1/ros2_foxy/install/rviz_ogre_vendor/opt/rviz_ogre_vendor/share/OGRE/Media/RTShaderLib/materials/RTShaderSystem.material
-- Symlinking: /home/saitama1/ros2_foxy/install/rviz_ogre_vendor/opt/rviz_ogre_vendor/share/OGRE/Media/RTShaderLib/materials/TriplanarTexturing.material
-- Symlinking: /home/saitama1/ros2_foxy/install/rviz_ogre_vendor/opt/rviz_ogre_vendor/share/OGRE/Media/ShadowVolume/ShadowBlend.cg
-- Symlinking: /home/saitama1/ros2_foxy/install/rviz_ogre_vendor/opt/rviz_ogre_vendor/share/OGRE/Media/ShadowVolume/ShadowBlend.frag
-- Symlinking: /home/saitama1/ros2_foxy/install/rviz_ogre_vendor/opt/rviz_ogre_vendor/share/OGRE/Media/ShadowVolume/ShadowBlend.vert
-- Symlinking: /home/saitama1/ros2_foxy/install/rviz_ogre_vendor/opt/rviz_ogre_vendor/share/OGRE/Media/ShadowVolume/ShadowExtrudeDirLight.vert
-- Symlinking: /home/saitama1/ros2_foxy/install/rviz_ogre_vendor/opt/rviz_ogre_vendor/share/OGRE/Media/ShadowVolume/ShadowExtrudeDirLightFinite.vert
-- Symlinking: /home/saitama1/ros2_foxy/install/rviz_ogre_vendor/opt/rviz_ogre_vendor/share/OGRE/Media/ShadowVolume/ShadowExtrudePointLight.vert
-- Symlinking: /home/saitama1/ros2_foxy/install/rviz_ogre_vendor/opt/rviz_ogre_vendor/share/OGRE/Media/ShadowVolume/ShadowExtrudePointLightFinite.vert
-- Symlinking: /home/saitama1/ros2_foxy/install/rviz_ogre_vendor/opt/rviz_ogre_vendor/share/OGRE/Media/ShadowVolume/ShadowVolumeExtrude.cg
-- Symlinking: /home/saitama1/ros2_foxy/install/rviz_ogre_vendor/opt/rviz_ogre_vendor/share/OGRE/Media/ShadowVolume/ShadowVolumeExtude.program
-- Symlinking: /home/saitama1/ros2_foxy/install/rviz_ogre_vendor/opt/rviz_ogre_vendor/share/OGRE/Media/Terrain/TerrainHelpers.cg
-- Symlinking: /home/saitama1/ros2_foxy/install/rviz_ogre_vendor/opt/rviz_ogre_vendor/share/OGRE/Media/Terrain/TerrainHelpers.glsl
-- Symlinking: /home/saitama1/ros2_foxy/install/rviz_ogre_vendor/opt/rviz_ogre_vendor/share/OGRE/Media/packs/profiler.zip
-- Symlinking: /home/saitama1/ros2_foxy/install/rviz_ogre_vendor/opt/rviz_ogre_vendor/share/OGRE/plugins.cfg
-- Symlinking: /home/saitama1/ros2_foxy/install/rviz_ogre_vendor/opt/rviz_ogre_vendor/share/OGRE/quakemap.cfg
-- Symlinking: /home/saitama1/ros2_foxy/install/rviz_ogre_vendor/opt/rviz_ogre_vendor/share/OGRE/resources.cfg
-- Symlinking: /home/saitama1/ros2_foxy/install/rviz_ogre_vendor/opt/rviz_ogre_vendor/share/OGRE/samples.cfg
-- Symlinking: /home/saitama1/ros2_foxy/install/rviz_ogre_vendor/opt/rviz_ogre_vendor/share/OGRE/tests.cfg
-- Symlinking: /home/saitama1/ros2_foxy/install/rviz_ogre_vendor/share/rviz_ogre_vendor/environment/rviz_ogre_vendor_library_path.sh
-- Symlinking: /home/saitama1/ros2_foxy/install/rviz_ogre_vendor/share/rviz_ogre_vendor/environment/rviz_ogre_vendor_library_path.dsv
-- Symlinking: /home/saitama1/ros2_foxy/install/rviz_ogre_vendor/share/ament_index/resource_index/package_run_dependencies/rviz_ogre_vendor
-- Symlinking: /home/saitama1/ros2_foxy/install/rviz_ogre_vendor/share/ament_index/resource_index/parent_prefix_path/rviz_ogre_vendor
-- Symlinking: /home/saitama1/ros2_foxy/install/rviz_ogre_vendor/share/rviz_ogre_vendor/environment/ament_prefix_path.sh
-- Symlinking: /home/saitama1/ros2_foxy/install/rviz_ogre_vendor/share/rviz_ogre_vendor/environment/ament_prefix_path.dsv
-- Symlinking: /home/saitama1/ros2_foxy/install/rviz_ogre_vendor/share/rviz_ogre_vendor/environment/path.sh
-- Symlinking: /home/saitama1/ros2_foxy/install/rviz_ogre_vendor/share/rviz_ogre_vendor/environment/path.dsv
-- Symlinking: /home/saitama1/ros2_foxy/install/rviz_ogre_vendor/share/rviz_ogre_vendor/local_setup.bash
-- Symlinking: /home/saitama1/ros2_foxy/install/rviz_ogre_vendor/share/rviz_ogre_vendor/local_setup.sh
-- Symlinking: /home/saitama1/ros2_foxy/install/rviz_ogre_vendor/share/rviz_ogre_vendor/local_setup.zsh
-- Symlinking: /home/saitama1/ros2_foxy/install/rviz_ogre_vendor/share/rviz_ogre_vendor/local_setup.dsv
-- Symlinking: /home/saitama1/ros2_foxy/install/rviz_ogre_vendor/share/rviz_ogre_vendor/package.dsv
-- Symlinking: /home/saitama1/ros2_foxy/install/rviz_ogre_vendor/share/ament_index/resource_index/packages/rviz_ogre_vendor
-- Symlinking: /home/saitama1/ros2_foxy/install/rviz_ogre_vendor/share/rviz_ogre_vendor/cmake/rviz_ogre_vendor-extras.cmake
-- Symlinking: /home/saitama1/ros2_foxy/install/rviz_ogre_vendor/share/rviz_ogre_vendor/cmake/rviz_ogre_vendorConfig.cmake
-- Symlinking: /home/saitama1/ros2_foxy/install/rviz_ogre_vendor/share/rviz_ogre_vendor/cmake/rviz_ogre_vendorConfig-version.cmake
-- Symlinking: /home/saitama1/ros2_foxy/install/rviz_ogre_vendor/share/rviz_ogre_vendor/package.xml
