-- The C compiler identification is GNU 9.3.0
-- The CXX compiler identification is GNU 9.3.0
-- Check for working C compiler: /usr/bin/cc
-- Check for working C compiler: /usr/bin/cc -- works
-- Detecting C compiler ABI info
-- Detecting C compiler ABI info - done
-- Detecting C compile features
-- Detecting C compile features - done
-- Check for working CXX compiler: /usr/bin/c++
-- Check for working CXX compiler: /usr/bin/c++ -- works
-- Detecting CXX compiler ABI info
-- Detecting CXX compiler ABI info - done
-- Detecting CXX compile features
-- Detecting CXX compile features - done
-- Found ament_cmake_ros: 0.9.2 (/home/saitama1/ros2_foxy/install/ament_cmake_ros/share/ament_cmake_ros/cmake)
-- Found PythonInterp: /usr/bin/python3 (found suitable version "3.8.10", minimum required is "3") 
-- Using PYTHON_EXECUTABLE: /usr/bin/python3
-- Found lifecycle_msgs: 1.0.0 (/home/saitama1/ros2_foxy/install/lifecycle_msgs/share/lifecycle_msgs/cmake)
-- Using all available rosidl_typesupport_c: rosidl_typesupport_fastrtps_c;rosidl_typesupport_introspection_c
-- Found rosidl_adapter: 1.2.1 (/home/saitama1/ros2_foxy/install/rosidl_adapter/share/rosidl_adapter/cmake)
-- Found OpenSSL: /usr/lib/x86_64-linux-gnu/libcrypto.so (found version "1.1.1f")  
-- Found FastRTPS: /home/saitama1/ros2_foxy/install/fastrtps/include  
-- Using all available rosidl_typesupport_cpp: rosidl_typesupport_introspection_cpp;rosidl_typesupport_fastrtps_cpp
-- Found rcl: 1.1.11 (/home/saitama1/ros2_foxy/install/rcl/share/rcl/cmake)
-- Found rmw_implementation_cmake: 1.0.3 (/home/saitama1/ros2_foxy/install/rmw_implementation_cmake/share/rmw_implementation_cmake/cmake)
-- Using RMW implementation 'rmw_fastrtps_cpp' as default
-- Looking for pthread.h
-- Looking for pthread.h - found
-- Performing Test CMAKE_HAVE_LIBC_PTHREAD
-- Performing Test CMAKE_HAVE_LIBC_PTHREAD - Failed
-- Looking for pthread_create in pthreads
-- Looking for pthread_create in pthreads - not found
-- Looking for pthread_create in pthread
-- Looking for pthread_create in pthread - found
-- Found Threads: TRUE  
-- Found ament_lint_auto: 0.9.6 (/home/saitama1/ros2_foxy/install/ament_lint_auto/share/ament_lint_auto/cmake)
-- Found gtest sources under '/home/saitama1/ros2_foxy/install/gtest_vendor/src/gtest_vendor': C++ tests using 'Google Test' will be built
-- Check if compiler accepts -pthread
-- Check if compiler accepts -pthread - yes
-- Added test 'copyright' to check source files copyright and LICENSE
-- Added test 'cppcheck' to perform static code analysis on C / C++ code
-- Configured cppcheck include dirs: $<BUILD_INTERFACE:/home/saitama1/ros2_foxy/src/ros2/rcl/rcl_lifecycle/include>
-- Configured cppcheck exclude dirs and/or files: 
-- Added test 'cpplint' to check C / C++ code against the Google style
-- Configured cpplint exclude dirs and/or files: 
-- Added test 'lint_cmake' to check CMake code style
-- Added test 'uncrustify' to check C / C++ code style
-- Configured uncrustify additional arguments: 
-- Added test 'xmllint' to check XML markup files
-- Configuring done
-- Generating done
-- Build files have been written to: /home/saitama1/ros2_foxy/build/rcl_lifecycle
[35m[1mScanning dependencies of target rcl_lifecycle[0m
[35m[1mScanning dependencies of target gtest[0m
[35m[1mScanning dependencies of target gtest_main[0m
[  5%] [32mBuilding C object CMakeFiles/rcl_lifecycle.dir/src/com_interface.c.o[0m
[ 11%] [32mBuilding C object CMakeFiles/rcl_lifecycle.dir/src/default_state_machine.c.o[0m
[ 17%] [32mBuilding C object CMakeFiles/rcl_lifecycle.dir/src/rcl_lifecycle.c.o[0m
[ 23%] [32mBuilding CXX object gtest/CMakeFiles/gtest.dir/src/gtest-all.cc.o[0m
[ 29%] [32mBuilding C object CMakeFiles/rcl_lifecycle.dir/src/transition_map.c.o[0m
[ 35%] [32mBuilding CXX object gtest/CMakeFiles/gtest_main.dir/src/gtest_main.cc.o[0m
[ 41%] [32m[1mLinking C shared library librcl_lifecycle.so[0m
[ 41%] Built target rcl_lifecycle
[ 47%] [32m[1mLinking CXX static library libgtest_main.a[0m
[ 47%] Built target gtest_main
[ 52%] [32m[1mLinking CXX static library libgtest.a[0m
[ 52%] Built target gtest
[35m[1mScanning dependencies of target test_multiple_instances[0m
[ 58%] [32mBuilding CXX object CMakeFiles/test_multiple_instances.dir/test/test_multiple_instances.cpp.o[0m
[ 64%] [32m[1mLinking CXX executable test_multiple_instances[0m
[ 64%] Built target test_multiple_instances
[35m[1mScanning dependencies of target test_default_state_machine[0m
[ 70%] [32mBuilding CXX object CMakeFiles/test_default_state_machine.dir/test/test_default_state_machine.cpp.o[0m
[ 76%] [32m[1mLinking CXX executable test_default_state_machine[0m
[ 76%] Built target test_default_state_machine
[35m[1mScanning dependencies of target test_transition_map[0m
[ 82%] [32mBuilding CXX object CMakeFiles/test_transition_map.dir/test/test_transition_map.cpp.o[0m
[ 88%] [32m[1mLinking CXX executable test_transition_map[0m
[ 88%] Built target test_transition_map
[35m[1mScanning dependencies of target test_rcl_lifecycle[0m
[ 94%] [32mBuilding CXX object CMakeFiles/test_rcl_lifecycle.dir/test/test_rcl_lifecycle.cpp.o[0m
[100%] [32m[1mLinking CXX executable test_rcl_lifecycle[0m
[100%] Built target test_rcl_lifecycle
-- Install configuration: ""
-- Installing: /home/saitama1/ros2_foxy/install/rcl_lifecycle/lib/librcl_lifecycle.so
-- Set runtime path of "/home/saitama1/ros2_foxy/install/rcl_lifecycle/lib/librcl_lifecycle.so" to ""
-- Installing: /home/saitama1/ros2_foxy/install/rcl_lifecycle/share/rcl_lifecycle/environment/library_path.sh
-- Installing: /home/saitama1/ros2_foxy/install/rcl_lifecycle/share/rcl_lifecycle/environment/library_path.dsv
-- Installing: /home/saitama1/ros2_foxy/install/rcl_lifecycle/share/ament_index/resource_index/package_run_dependencies/rcl_lifecycle
-- Installing: /home/saitama1/ros2_foxy/install/rcl_lifecycle/share/ament_index/resource_index/parent_prefix_path/rcl_lifecycle
-- Installing: /home/saitama1/ros2_foxy/install/rcl_lifecycle/share/rcl_lifecycle/environment/ament_prefix_path.sh
-- Installing: /home/saitama1/ros2_foxy/install/rcl_lifecycle/share/rcl_lifecycle/environment/ament_prefix_path.dsv
-- Installing: /home/saitama1/ros2_foxy/install/rcl_lifecycle/share/rcl_lifecycle/environment/path.sh
-- Installing: /home/saitama1/ros2_foxy/install/rcl_lifecycle/share/rcl_lifecycle/environment/path.dsv
-- Installing: /home/saitama1/ros2_foxy/install/rcl_lifecycle/share/rcl_lifecycle/local_setup.bash
-- Installing: /home/saitama1/ros2_foxy/install/rcl_lifecycle/share/rcl_lifecycle/local_setup.sh
-- Installing: /home/saitama1/ros2_foxy/install/rcl_lifecycle/share/rcl_lifecycle/local_setup.zsh
-- Installing: /home/saitama1/ros2_foxy/install/rcl_lifecycle/share/rcl_lifecycle/local_setup.dsv
-- Installing: /home/saitama1/ros2_foxy/install/rcl_lifecycle/share/rcl_lifecycle/package.dsv
-- Installing: /home/saitama1/ros2_foxy/install/rcl_lifecycle/share/ament_index/resource_index/packages/rcl_lifecycle
-- Installing: /home/saitama1/ros2_foxy/install/rcl_lifecycle/share/rcl_lifecycle/cmake/rcl_lifecycleExport.cmake
-- Installing: /home/saitama1/ros2_foxy/install/rcl_lifecycle/share/rcl_lifecycle/cmake/rcl_lifecycleExport-noconfig.cmake
-- Installing: /home/saitama1/ros2_foxy/install/rcl_lifecycle/share/rcl_lifecycle/cmake/ament_cmake_export_include_directories-extras.cmake
-- Installing: /home/saitama1/ros2_foxy/install/rcl_lifecycle/share/rcl_lifecycle/cmake/ament_cmake_export_libraries-extras.cmake
-- Installing: /home/saitama1/ros2_foxy/install/rcl_lifecycle/share/rcl_lifecycle/cmake/ament_cmake_export_targets-extras.cmake
-- Installing: /home/saitama1/ros2_foxy/install/rcl_lifecycle/share/rcl_lifecycle/cmake/ament_cmake_export_dependencies-extras.cmake
-- Installing: /home/saitama1/ros2_foxy/install/rcl_lifecycle/share/rcl_lifecycle/cmake/rcl_lifecycleConfig.cmake
-- Installing: /home/saitama1/ros2_foxy/install/rcl_lifecycle/share/rcl_lifecycle/cmake/rcl_lifecycleConfig-version.cmake
-- Installing: /home/saitama1/ros2_foxy/install/rcl_lifecycle/share/rcl_lifecycle/package.xml
-- Installing: /home/saitama1/ros2_foxy/install/rcl_lifecycle/include
-- Installing: /home/saitama1/ros2_foxy/install/rcl_lifecycle/include/rcl_lifecycle
-- Installing: /home/saitama1/ros2_foxy/install/rcl_lifecycle/include/rcl_lifecycle/default_state_machine.h
-- Installing: /home/saitama1/ros2_foxy/install/rcl_lifecycle/include/rcl_lifecycle/transition_map.h
-- Installing: /home/saitama1/ros2_foxy/install/rcl_lifecycle/include/rcl_lifecycle/data_types.h
-- Installing: /home/saitama1/ros2_foxy/install/rcl_lifecycle/include/rcl_lifecycle/rcl_lifecycle.h
-- Installing: /home/saitama1/ros2_foxy/install/rcl_lifecycle/include/rcl_lifecycle/visibility_control.h
