[0.097s] Invoking command in '/home/saitama1/Pictures/ros2-picas/ros2_foxy/build/lanelet2_core': AMENT_PREFIX_PATH=/home/saitama1/Pictures/ros2-picas/ros2_foxy/install/ros_environment:/home/saitama1/Pictures/ros2-picas/ros2_foxy/install/ament_cmake_core:/home/saitama1/Pictures/ros2-picas/ros2_foxy/install/ament_package:${AMENT_PREFIX_PATH} CMAKE_PREFIX_PATH=/opt/ros/foxy:/home/saitama1/Pictures/ros2-picas/ros2_foxy/install/mrt_cmake_modules:/home/saitama1/Pictures/ros2-picas/ros2_foxy/install/ros_environment:/home/saitama1/Pictures/ros2-picas/ros2_foxy/install/ament_cmake_core:/home/saitama1/Pictures/ros2-picas/ros2_foxy/install/gtest_vendor PATH=/home/saitama1/Pictures/ros2-picas/ros2_foxy/install/mrt_cmake_modules/bin:${PATH} PKG_CONFIG_PATH=/home/saitama1/Pictures/ros2-picas/ros2_foxy/install/mrt_cmake_modules/lib/x86_64-linux-gnu/pkgconfig:/home/saitama1/Pictures/ros2-picas/ros2_foxy/install/mrt_cmake_modules/lib/pkgconfig:/home/saitama1/Pictures/ros2-picas/ros2_foxy/install/gtest_vendor/lib/x86_64-linux-gnu/pkgconfig:/home/saitama1/Pictures/ros2-picas/ros2_foxy/install/gtest_vendor/lib/pkgconfig PYTHONPATH=/home/saitama1/Pictures/ros2-picas/ros2_foxy/install/ament_package/lib/python3.8/site-packages:${PYTHONPATH} ROS_PACKAGE_PATH=/home/saitama1/Pictures/ros2-picas/ros2_foxy/install/mrt_cmake_modules/share /usr/bin/cmake /home/saitama1/Pictures/ros2-picas/ros2_foxy/src/autoware_build_parts/lanelet2/lanelet2_core -DCMAKE_INSTALL_PREFIX=/home/saitama1/Pictures/ros2-picas/ros2_foxy/install/lanelet2_core
[0.372s] -- The C compiler identification is GNU 9.3.0
[0.373s] -- The CXX compiler identification is GNU 9.3.0
[0.373s] -- Check for working C compiler: /usr/bin/cc
[0.475s] -- Check for working C compiler: /usr/bin/cc -- works
[0.475s] -- Detecting C compiler ABI info
[0.614s] -- Detecting C compiler ABI info - done
[0.624s] -- Detecting C compile features
[0.624s] -- Detecting C compile features - done
[0.626s] -- Check for working CXX compiler: /usr/bin/c++
[0.727s] -- Check for working CXX compiler: /usr/bin/c++ -- works
[0.727s] -- Detecting CXX compiler ABI info
[0.834s] -- Detecting CXX compiler ABI info - done
[0.849s] -- Detecting CXX compile features
[0.850s] -- Detecting CXX compile features - done
[0.852s] -- Found mrt_cmake_modules: 1.0.8 (/home/saitama1/Pictures/ros2-picas/ros2_foxy/install/mrt_cmake_modules/share/mrt_cmake_modules/cmake)
[0.858s] -- Found ament_cmake_core: 0.9.8 (/opt/ros/foxy/share/ament_cmake_core/cmake)
[0.892s] -- Found PythonInterp: /usr/bin/python3 (found suitable version "3.8.10", minimum required is "3") 
[0.893s] -- Using PYTHON_EXECUTABLE: /usr/bin/python3
[1.547s] -- Found OpenMP_C: -fopenmp (found version "4.5") 
[1.688s] -- Found OpenMP_CXX: -fopenmp (found version "4.5") 
[1.688s] -- Found OpenMP: TRUE (found version "4.5")  
[3.022s] called: /home/saitama1/Pictures/ros2-picas/ros2_foxy/install/mrt_cmake_modules/share/mrt_cmake_modules/cmake/../scripts/generate_cmake_dependency_file.py /home/saitama1/Pictures/ros2-picas/ros2_foxy/src/autoware_build_parts/lanelet2/lanelet2_core/package.xml /home/saitama1/Pictures/ros2-picas/ros2_foxy/install/mrt_cmake_modules/share/mrt_cmake_modules/cmake/../yaml/cmake.yaml /home/saitama1/Pictures/ros2-picas/ros2_foxy/build/lanelet2_core/CMakeFiles/auto_dep_vars.cmake
[3.560s] -- Found Boost: /usr/lib/x86_64-linux-gnu/cmake/Boost-1.71.0/BoostConfig.cmake (found version "1.71.0") found components: wserialization thread random serialization log_setup prg_exec_monitor wave system chrono filesystem locale timer date_time regex graph program_options unit_test_framework log atomic iostreams 
[3.634s] -- Adding library "lanelet2_core" with source src/Attribute.cpp;src/BasicRegulatoryElements.cpp;src/Lanelet.cpp;src/LaneletMap.cpp;src/LaneletSequence.cpp;src/LineStringGeometry.cpp;src/PolygonTriangulationGeometry.cpp;src/RegulatoryElement.cpp;src/RegulatoryElementGeometry.cpp, includes include/lanelet2_core/Attribute.h;include/lanelet2_core/Exceptions.h;include/lanelet2_core/Forward.h;include/lanelet2_core/LaneletMap.h;include/lanelet2_core/geometry/Area.h;include/lanelet2_core/geometry/BoundingBox.h;include/lanelet2_core/geometry/GeometryHelper.h;include/lanelet2_core/geometry/Lanelet.h;include/lanelet2_core/geometry/LaneletMap.h;include/lanelet2_core/geometry/LineString.h;include/lanelet2_core/geometry/Point.h;include/lanelet2_core/geometry/Polygon.h;include/lanelet2_core/geometry/RegulatoryElement.h;include/lanelet2_core/geometry/impl/Area.h;include/lanelet2_core/geometry/impl/Lanelet.h;include/lanelet2_core/geometry/impl/LaneletMap.h;include/lanelet2_core/geometry/impl/LineString.h;include/lanelet2_core/geometry/impl/Polygon.h;include/lanelet2_core/primitives/Area.h;include/lanelet2_core/primitives/BasicRegulatoryElements.h;include/lanelet2_core/primitives/BoundingBox.h;include/lanelet2_core/primitives/CompoundLineString.h;include/lanelet2_core/primitives/CompoundPolygon.h;include/lanelet2_core/primitives/GPSPoint.h;include/lanelet2_core/primitives/Lanelet.h;include/lanelet2_core/primitives/LaneletOrArea.h;include/lanelet2_core/primitives/LaneletSequence.h;include/lanelet2_core/primitives/LineString.h;include/lanelet2_core/primitives/LineStringOrPolygon.h;include/lanelet2_core/primitives/Point.h;include/lanelet2_core/primitives/Polygon.h;include/lanelet2_core/primitives/Primitive.h;include/lanelet2_core/primitives/RegulatoryElement.h;include/lanelet2_core/primitives/Traits.h;include/lanelet2_core/utility/CompoundIterator.h;include/lanelet2_core/utility/HybridMap.h;include/lanelet2_core/utility/Optional.h;include/lanelet2_core/utility/ReverseAndForwardIterator.h;include/lanelet2_core/utility/TransformIterator.h;include/lanelet2_core/utility/Units.h;include/lanelet2_core/utility/Utilities.h
[3.635s] -- Marking libraries "lanelet2_core" of package "lanelet2_core" for installation
[3.635s] -- Marking HEADER FILES in "include/lanelet2_core" folder of package "lanelet2_core" for installation
[3.635s] -- Marking SHARED CONTENT FOLDER "res" of package "lanelet2_core" for installation
[3.635s] -- Generating cmake exports for lanelet2_core to /home/saitama1/Pictures/ros2-picas/ros2_foxy/build/lanelet2_core/devel/share
[3.657s] -- Adding gtest unittest "lanelet2_core-gtest-test_area" with working dir /home/saitama1/Pictures/ros2-picas/ros2_foxy/src/autoware_build_parts/lanelet2/lanelet2_core/test
[3.660s] -- Creating gtest 'lanelet2_core-gtest-test_area' from test/test_area.cpp
[3.661s] -- Adding gtest unittest "lanelet2_core-gtest-test_attribute" with working dir /home/saitama1/Pictures/ros2-picas/ros2_foxy/src/autoware_build_parts/lanelet2/lanelet2_core/test
[3.661s] -- Creating gtest 'lanelet2_core-gtest-test_attribute' from test/test_attribute.cpp
[3.662s] -- Adding gtest unittest "lanelet2_core-gtest-test_lanelet" with working dir /home/saitama1/Pictures/ros2-picas/ros2_foxy/src/autoware_build_parts/lanelet2/lanelet2_core/test
[3.662s] -- Creating gtest 'lanelet2_core-gtest-test_lanelet' from test/test_lanelet.cpp
[3.662s] -- Adding gtest unittest "lanelet2_core-gtest-test_lanelet_map" with working dir /home/saitama1/Pictures/ros2-picas/ros2_foxy/src/autoware_build_parts/lanelet2/lanelet2_core/test
[3.662s] -- Creating gtest 'lanelet2_core-gtest-test_lanelet_map' from test/test_lanelet_map.cpp
[3.663s] -- Adding gtest unittest "lanelet2_core-gtest-test_lanelet_map_geometry" with working dir /home/saitama1/Pictures/ros2-picas/ros2_foxy/src/autoware_build_parts/lanelet2/lanelet2_core/test
[3.663s] -- Creating gtest 'lanelet2_core-gtest-test_lanelet_map_geometry' from test/test_lanelet_map_geometry.cpp
[3.663s] -- Adding gtest unittest "lanelet2_core-gtest-test_lanelet_or_area" with working dir /home/saitama1/Pictures/ros2-picas/ros2_foxy/src/autoware_build_parts/lanelet2/lanelet2_core/test
[3.663s] -- Creating gtest 'lanelet2_core-gtest-test_lanelet_or_area' from test/test_lanelet_or_area.cpp
[3.664s] -- Adding gtest unittest "lanelet2_core-gtest-test_lanelet_sequence" with working dir /home/saitama1/Pictures/ros2-picas/ros2_foxy/src/autoware_build_parts/lanelet2/lanelet2_core/test
[3.664s] -- Creating gtest 'lanelet2_core-gtest-test_lanelet_sequence' from test/test_lanelet_sequence.cpp
[3.664s] -- Adding gtest unittest "lanelet2_core-gtest-test_linestring" with working dir /home/saitama1/Pictures/ros2-picas/ros2_foxy/src/autoware_build_parts/lanelet2/lanelet2_core/test
[3.665s] -- Creating gtest 'lanelet2_core-gtest-test_linestring' from test/test_linestring.cpp
[3.665s] -- Adding gtest unittest "lanelet2_core-gtest-test_point" with working dir /home/saitama1/Pictures/ros2-picas/ros2_foxy/src/autoware_build_parts/lanelet2/lanelet2_core/test
[3.665s] -- Creating gtest 'lanelet2_core-gtest-test_point' from test/test_point.cpp
[3.666s] -- Adding gtest unittest "lanelet2_core-gtest-test_polygon" with working dir /home/saitama1/Pictures/ros2-picas/ros2_foxy/src/autoware_build_parts/lanelet2/lanelet2_core/test
[3.666s] -- Creating gtest 'lanelet2_core-gtest-test_polygon' from test/test_polygon.cpp
[3.666s] -- Adding gtest unittest "lanelet2_core-gtest-test_regulatory_element" with working dir /home/saitama1/Pictures/ros2-picas/ros2_foxy/src/autoware_build_parts/lanelet2/lanelet2_core/test
[3.666s] -- Creating gtest 'lanelet2_core-gtest-test_regulatory_element' from test/test_regulatory_element.cpp
[3.667s] -- Adding nosetests in folder /home/saitama1/Pictures/ros2-picas/ros2_foxy/src/autoware_build_parts/lanelet2/lanelet2_core/test
[3.667s] -- Using Python nosetests: /usr/bin/nosetests3
[3.667s] -- Adding nosetest nosetests-lanelet2_core-test
[3.669s] -- Configuring done
[3.778s] -- Generating done
[3.784s] -- Build files have been written to: /home/saitama1/Pictures/ros2-picas/ros2_foxy/build/lanelet2_core
[3.806s] Invoked command in '/home/saitama1/Pictures/ros2-picas/ros2_foxy/build/lanelet2_core' returned '0': AMENT_PREFIX_PATH=/home/saitama1/Pictures/ros2-picas/ros2_foxy/install/ros_environment:/home/saitama1/Pictures/ros2-picas/ros2_foxy/install/ament_cmake_core:/home/saitama1/Pictures/ros2-picas/ros2_foxy/install/ament_package:${AMENT_PREFIX_PATH} CMAKE_PREFIX_PATH=/opt/ros/foxy:/home/saitama1/Pictures/ros2-picas/ros2_foxy/install/mrt_cmake_modules:/home/saitama1/Pictures/ros2-picas/ros2_foxy/install/ros_environment:/home/saitama1/Pictures/ros2-picas/ros2_foxy/install/ament_cmake_core:/home/saitama1/Pictures/ros2-picas/ros2_foxy/install/gtest_vendor PATH=/home/saitama1/Pictures/ros2-picas/ros2_foxy/install/mrt_cmake_modules/bin:${PATH} PKG_CONFIG_PATH=/home/saitama1/Pictures/ros2-picas/ros2_foxy/install/mrt_cmake_modules/lib/x86_64-linux-gnu/pkgconfig:/home/saitama1/Pictures/ros2-picas/ros2_foxy/install/mrt_cmake_modules/lib/pkgconfig:/home/saitama1/Pictures/ros2-picas/ros2_foxy/install/gtest_vendor/lib/x86_64-linux-gnu/pkgconfig:/home/saitama1/Pictures/ros2-picas/ros2_foxy/install/gtest_vendor/lib/pkgconfig PYTHONPATH=/home/saitama1/Pictures/ros2-picas/ros2_foxy/install/ament_package/lib/python3.8/site-packages:${PYTHONPATH} ROS_PACKAGE_PATH=/home/saitama1/Pictures/ros2-picas/ros2_foxy/install/mrt_cmake_modules/share /usr/bin/cmake /home/saitama1/Pictures/ros2-picas/ros2_foxy/src/autoware_build_parts/lanelet2/lanelet2_core -DCMAKE_INSTALL_PREFIX=/home/saitama1/Pictures/ros2-picas/ros2_foxy/install/lanelet2_core
[3.810s] Invoking command in '/home/saitama1/Pictures/ros2-picas/ros2_foxy/build/lanelet2_core': AMENT_PREFIX_PATH=/home/saitama1/Pictures/ros2-picas/ros2_foxy/install/ros_environment:/home/saitama1/Pictures/ros2-picas/ros2_foxy/install/ament_cmake_core:/home/saitama1/Pictures/ros2-picas/ros2_foxy/install/ament_package:${AMENT_PREFIX_PATH} CMAKE_PREFIX_PATH=/opt/ros/foxy:/home/saitama1/Pictures/ros2-picas/ros2_foxy/install/mrt_cmake_modules:/home/saitama1/Pictures/ros2-picas/ros2_foxy/install/ros_environment:/home/saitama1/Pictures/ros2-picas/ros2_foxy/install/ament_cmake_core:/home/saitama1/Pictures/ros2-picas/ros2_foxy/install/gtest_vendor PATH=/home/saitama1/Pictures/ros2-picas/ros2_foxy/install/mrt_cmake_modules/bin:${PATH} PKG_CONFIG_PATH=/home/saitama1/Pictures/ros2-picas/ros2_foxy/install/mrt_cmake_modules/lib/x86_64-linux-gnu/pkgconfig:/home/saitama1/Pictures/ros2-picas/ros2_foxy/install/mrt_cmake_modules/lib/pkgconfig:/home/saitama1/Pictures/ros2-picas/ros2_foxy/install/gtest_vendor/lib/x86_64-linux-gnu/pkgconfig:/home/saitama1/Pictures/ros2-picas/ros2_foxy/install/gtest_vendor/lib/pkgconfig PYTHONPATH=/home/saitama1/Pictures/ros2-picas/ros2_foxy/install/ament_package/lib/python3.8/site-packages:${PYTHONPATH} ROS_PACKAGE_PATH=/home/saitama1/Pictures/ros2-picas/ros2_foxy/install/mrt_cmake_modules/share /usr/bin/cmake --build /home/saitama1/Pictures/ros2-picas/ros2_foxy/build/lanelet2_core -- -j12 -l12
[3.875s] [35m[1mScanning dependencies of target gtest[0m
[3.875s] [35m[1mScanning dependencies of target gtest_main[0m
[3.876s] [35m[1mScanning dependencies of target lanelet2_core[0m
[3.942s] [  2%] [32mBuilding CXX object gtest/CMakeFiles/gtest_main.dir/src/gtest_main.cc.o[0m
[3.955s] [  5%] [32mBuilding CXX object gtest/CMakeFiles/gtest.dir/src/gtest-all.cc.o[0m
[4.271s] [  8%] [32mBuilding CXX object CMakeFiles/lanelet2_core.dir/src/BasicRegulatoryElements.cpp.o[0m
[4.291s] [ 11%] [32mBuilding CXX object CMakeFiles/lanelet2_core.dir/src/Attribute.cpp.o[0m
[4.297s] [ 13%] [32mBuilding CXX object CMakeFiles/lanelet2_core.dir/src/LaneletMap.cpp.o[0m
[4.303s] [ 16%] [32mBuilding CXX object CMakeFiles/lanelet2_core.dir/src/LineStringGeometry.cpp.o[0m
[4.305s] [ 19%] [32mBuilding CXX object CMakeFiles/lanelet2_core.dir/src/LaneletSequence.cpp.o[0m
[4.311s] [ 22%] [32mBuilding CXX object CMakeFiles/lanelet2_core.dir/src/Lanelet.cpp.o[0m
[4.331s] [ 25%] [32mBuilding CXX object CMakeFiles/lanelet2_core.dir/src/PolygonTriangulationGeometry.cpp.o[0m
[4.352s] [ 27%] [32mBuilding CXX object CMakeFiles/lanelet2_core.dir/src/RegulatoryElement.cpp.o[0m
[4.376s] [ 30%] [32mBuilding CXX object CMakeFiles/lanelet2_core.dir/src/RegulatoryElementGeometry.cpp.o[0m
[5.587s] [ 33%] [32m[1mLinking CXX static library libgtest_main.a[0m
[5.873s] [ 33%] Built target gtest_main
[19.507s] [ 36%] [32m[1mLinking CXX static library libgtest.a[0m
[26.706s] [ 36%] Built target gtest
[45.388s] [ 38%] [32m[1mLinking CXX shared library liblanelet2_core.so[0m
[47.317s] [ 38%] Built target lanelet2_core
[47.326s] [35m[1mScanning dependencies of target lanelet2_core-gtest-test_lanelet_sequence[0m
[47.418s] [ 41%] [32mBuilding CXX object CMakeFiles/lanelet2_core-gtest-test_lanelet_sequence.dir/test/test_lanelet_sequence.cpp.o[0m
[55.760s] [ 44%] [32m[1mLinking CXX executable lanelet2_core-gtest-test_lanelet_sequence[0m
[56.447s] [ 44%] Built target lanelet2_core-gtest-test_lanelet_sequence
[56.460s] [35m[1mScanning dependencies of target lanelet2_core-gtest-test_lanelet_or_area[0m
[56.523s] [ 47%] [32mBuilding CXX object CMakeFiles/lanelet2_core-gtest-test_lanelet_or_area.dir/test/test_lanelet_or_area.cpp.o[0m
[60.917s] [ 50%] [32m[1mLinking CXX executable lanelet2_core-gtest-test_lanelet_or_area[0m
[61.423s] [ 50%] Built target lanelet2_core-gtest-test_lanelet_or_area
[61.434s] [35m[1mScanning dependencies of target lanelet2_core-gtest-test_lanelet_map_geometry[0m
[61.552s] [ 52%] [32mBuilding CXX object CMakeFiles/lanelet2_core-gtest-test_lanelet_map_geometry.dir/test/test_lanelet_map_geometry.cpp.o[0m
[80.125s] [ 55%] [32m[1mLinking CXX executable lanelet2_core-gtest-test_lanelet_map_geometry[0m
[80.759s] [ 55%] Built target lanelet2_core-gtest-test_lanelet_map_geometry
[80.769s] [35m[1mScanning dependencies of target lanelet2_core-gtest-test_lanelet_map[0m
[80.853s] [ 58%] [32mBuilding CXX object CMakeFiles/lanelet2_core-gtest-test_lanelet_map.dir/test/test_lanelet_map.cpp.o[0m
[88.416s] [ 61%] [32m[1mLinking CXX executable lanelet2_core-gtest-test_lanelet_map[0m
[88.848s] [ 61%] Built target lanelet2_core-gtest-test_lanelet_map
[88.859s] [35m[1mScanning dependencies of target lanelet2_core-gtest-test_linestring[0m
[89.033s] [ 63%] [32mBuilding CXX object CMakeFiles/lanelet2_core-gtest-test_linestring.dir/test/test_linestring.cpp.o[0m
[121.606s] [ 66%] [32m[1mLinking CXX executable lanelet2_core-gtest-test_linestring[0m
[123.178s] [ 66%] Built target lanelet2_core-gtest-test_linestring
[123.190s] [35m[1mScanning dependencies of target lanelet2_core-gtest-test_point[0m
[123.190s] [35m[1mScanning dependencies of target lanelet2_core-gtest-test_lanelet[0m
[123.438s] [ 69%] [32mBuilding CXX object CMakeFiles/lanelet2_core-gtest-test_point.dir/test/test_point.cpp.o[0m
[123.543s] [ 72%] [32mBuilding CXX object CMakeFiles/lanelet2_core-gtest-test_lanelet.dir/test/test_lanelet.cpp.o[0m
[127.608s] [ 75%] [32m[1mLinking CXX executable lanelet2_core-gtest-test_point[0m
[128.799s] [ 75%] Built target lanelet2_core-gtest-test_point
[132.948s] [ 77%] [32m[1mLinking CXX executable lanelet2_core-gtest-test_lanelet[0m
[133.548s] [ 77%] Built target lanelet2_core-gtest-test_lanelet
[133.559s] [35m[1mScanning dependencies of target lanelet2_core-gtest-test_area[0m
[133.727s] [ 80%] [32mBuilding CXX object CMakeFiles/lanelet2_core-gtest-test_area.dir/test/test_area.cpp.o[0m
[167.976s] [ 83%] [32m[1mLinking CXX executable lanelet2_core-gtest-test_area[0m
[168.849s] [ 83%] Built target lanelet2_core-gtest-test_area
[168.858s] [35m[1mScanning dependencies of target lanelet2_core-gtest-test_polygon[0m
[169.118s] [ 86%] [32mBuilding CXX object CMakeFiles/lanelet2_core-gtest-test_polygon.dir/test/test_polygon.cpp.o[0m
[184.453s] [ 88%] [32m[1mLinking CXX executable lanelet2_core-gtest-test_polygon[0m
[185.001s] [ 88%] Built target lanelet2_core-gtest-test_polygon
[185.009s] [35m[1mScanning dependencies of target lanelet2_core-gtest-test_attribute[0m
[185.143s] [ 91%] [32mBuilding CXX object CMakeFiles/lanelet2_core-gtest-test_attribute.dir/test/test_attribute.cpp.o[0m
[186.806s] [ 94%] [32m[1mLinking CXX executable lanelet2_core-gtest-test_attribute[0m
[187.227s] [ 94%] Built target lanelet2_core-gtest-test_attribute
[187.237s] [35m[1mScanning dependencies of target lanelet2_core-gtest-test_regulatory_element[0m
[187.338s] [ 97%] [32mBuilding CXX object CMakeFiles/lanelet2_core-gtest-test_regulatory_element.dir/test/test_regulatory_element.cpp.o[0m
[192.321s] [100%] [32m[1mLinking CXX executable lanelet2_core-gtest-test_regulatory_element[0m
[192.657s] [100%] Built target lanelet2_core-gtest-test_regulatory_element
[192.668s] [35m[1mScanning dependencies of target tests_lanelet2_core[0m
[192.678s] [100%] Built target tests_lanelet2_core
[192.689s] [35m[1mScanning dependencies of target tests[0m
[192.698s] [100%] Built target tests
[192.712s] Invoked command in '/home/saitama1/Pictures/ros2-picas/ros2_foxy/build/lanelet2_core' returned '0': AMENT_PREFIX_PATH=/home/saitama1/Pictures/ros2-picas/ros2_foxy/install/ros_environment:/home/saitama1/Pictures/ros2-picas/ros2_foxy/install/ament_cmake_core:/home/saitama1/Pictures/ros2-picas/ros2_foxy/install/ament_package:${AMENT_PREFIX_PATH} CMAKE_PREFIX_PATH=/opt/ros/foxy:/home/saitama1/Pictures/ros2-picas/ros2_foxy/install/mrt_cmake_modules:/home/saitama1/Pictures/ros2-picas/ros2_foxy/install/ros_environment:/home/saitama1/Pictures/ros2-picas/ros2_foxy/install/ament_cmake_core:/home/saitama1/Pictures/ros2-picas/ros2_foxy/install/gtest_vendor PATH=/home/saitama1/Pictures/ros2-picas/ros2_foxy/install/mrt_cmake_modules/bin:${PATH} PKG_CONFIG_PATH=/home/saitama1/Pictures/ros2-picas/ros2_foxy/install/mrt_cmake_modules/lib/x86_64-linux-gnu/pkgconfig:/home/saitama1/Pictures/ros2-picas/ros2_foxy/install/mrt_cmake_modules/lib/pkgconfig:/home/saitama1/Pictures/ros2-picas/ros2_foxy/install/gtest_vendor/lib/x86_64-linux-gnu/pkgconfig:/home/saitama1/Pictures/ros2-picas/ros2_foxy/install/gtest_vendor/lib/pkgconfig PYTHONPATH=/home/saitama1/Pictures/ros2-picas/ros2_foxy/install/ament_package/lib/python3.8/site-packages:${PYTHONPATH} ROS_PACKAGE_PATH=/home/saitama1/Pictures/ros2-picas/ros2_foxy/install/mrt_cmake_modules/share /usr/bin/cmake --build /home/saitama1/Pictures/ros2-picas/ros2_foxy/build/lanelet2_core -- -j12 -l12
[192.783s] Invoking command in '/home/saitama1/Pictures/ros2-picas/ros2_foxy/build/lanelet2_core': AMENT_PREFIX_PATH=/home/saitama1/Pictures/ros2-picas/ros2_foxy/install/ros_environment:/home/saitama1/Pictures/ros2-picas/ros2_foxy/install/ament_cmake_core:/home/saitama1/Pictures/ros2-picas/ros2_foxy/install/ament_package:${AMENT_PREFIX_PATH} CMAKE_PREFIX_PATH=/opt/ros/foxy:/home/saitama1/Pictures/ros2-picas/ros2_foxy/install/mrt_cmake_modules:/home/saitama1/Pictures/ros2-picas/ros2_foxy/install/ros_environment:/home/saitama1/Pictures/ros2-picas/ros2_foxy/install/ament_cmake_core:/home/saitama1/Pictures/ros2-picas/ros2_foxy/install/gtest_vendor PATH=/home/saitama1/Pictures/ros2-picas/ros2_foxy/install/mrt_cmake_modules/bin:${PATH} PKG_CONFIG_PATH=/home/saitama1/Pictures/ros2-picas/ros2_foxy/install/mrt_cmake_modules/lib/x86_64-linux-gnu/pkgconfig:/home/saitama1/Pictures/ros2-picas/ros2_foxy/install/mrt_cmake_modules/lib/pkgconfig:/home/saitama1/Pictures/ros2-picas/ros2_foxy/install/gtest_vendor/lib/x86_64-linux-gnu/pkgconfig:/home/saitama1/Pictures/ros2-picas/ros2_foxy/install/gtest_vendor/lib/pkgconfig PYTHONPATH=/home/saitama1/Pictures/ros2-picas/ros2_foxy/install/ament_package/lib/python3.8/site-packages:${PYTHONPATH} ROS_PACKAGE_PATH=/home/saitama1/Pictures/ros2-picas/ros2_foxy/install/mrt_cmake_modules/share /usr/bin/cmake --install /home/saitama1/Pictures/ros2-picas/ros2_foxy/build/lanelet2_core
[192.793s] -- Install configuration: ""
[192.793s] -- Installing: /home/saitama1/Pictures/ros2-picas/ros2_foxy/install/lanelet2_core/lib/liblanelet2_core.so.1.1.1
[192.839s] -- Up-to-date: /home/saitama1/Pictures/ros2-picas/ros2_foxy/install/lanelet2_core/lib/liblanelet2_core.so.1
[192.839s] -- Up-to-date: /home/saitama1/Pictures/ros2-picas/ros2_foxy/install/lanelet2_core/lib/liblanelet2_core.so
[192.840s] -- Up-to-date: /home/saitama1/Pictures/ros2-picas/ros2_foxy/install/lanelet2_core/include/lanelet2_core
[192.840s] -- Installing: /home/saitama1/Pictures/ros2-picas/ros2_foxy/install/lanelet2_core/include/lanelet2_core/Exceptions.h
[192.840s] -- Installing: /home/saitama1/Pictures/ros2-picas/ros2_foxy/install/lanelet2_core/include/lanelet2_core/Attribute.h
[192.840s] -- Installing: /home/saitama1/Pictures/ros2-picas/ros2_foxy/install/lanelet2_core/include/lanelet2_core/LaneletMap.h
[192.840s] -- Installing: /home/saitama1/Pictures/ros2-picas/ros2_foxy/install/lanelet2_core/include/lanelet2_core/Forward.h
[192.840s] -- Up-to-date: /home/saitama1/Pictures/ros2-picas/ros2_foxy/install/lanelet2_core/include/lanelet2_core/utility
[192.840s] -- Installing: /home/saitama1/Pictures/ros2-picas/ros2_foxy/install/lanelet2_core/include/lanelet2_core/utility/TransformIterator.h
[192.840s] -- Installing: /home/saitama1/Pictures/ros2-picas/ros2_foxy/install/lanelet2_core/include/lanelet2_core/utility/Optional.h
[192.840s] -- Installing: /home/saitama1/Pictures/ros2-picas/ros2_foxy/install/lanelet2_core/include/lanelet2_core/utility/Utilities.h
[192.841s] -- Installing: /home/saitama1/Pictures/ros2-picas/ros2_foxy/install/lanelet2_core/include/lanelet2_core/utility/CompoundIterator.h
[192.841s] -- Installing: /home/saitama1/Pictures/ros2-picas/ros2_foxy/install/lanelet2_core/include/lanelet2_core/utility/Units.h
[192.841s] -- Installing: /home/saitama1/Pictures/ros2-picas/ros2_foxy/install/lanelet2_core/include/lanelet2_core/utility/ReverseAndForwardIterator.h
[192.841s] -- Installing: /home/saitama1/Pictures/ros2-picas/ros2_foxy/install/lanelet2_core/include/lanelet2_core/utility/HybridMap.h
[192.841s] -- Up-to-date: /home/saitama1/Pictures/ros2-picas/ros2_foxy/install/lanelet2_core/include/lanelet2_core/primitives
[192.841s] -- Installing: /home/saitama1/Pictures/ros2-picas/ros2_foxy/install/lanelet2_core/include/lanelet2_core/primitives/Lanelet.h
[192.841s] -- Installing: /home/saitama1/Pictures/ros2-picas/ros2_foxy/install/lanelet2_core/include/lanelet2_core/primitives/CompoundLineString.h
[192.841s] -- Installing: /home/saitama1/Pictures/ros2-picas/ros2_foxy/install/lanelet2_core/include/lanelet2_core/primitives/RegulatoryElement.h
[192.842s] -- Installing: /home/saitama1/Pictures/ros2-picas/ros2_foxy/install/lanelet2_core/include/lanelet2_core/primitives/BasicRegulatoryElements.h
[192.842s] -- Installing: /home/saitama1/Pictures/ros2-picas/ros2_foxy/install/lanelet2_core/include/lanelet2_core/primitives/Area.h
[192.842s] -- Installing: /home/saitama1/Pictures/ros2-picas/ros2_foxy/install/lanelet2_core/include/lanelet2_core/primitives/LaneletSequence.h
[192.842s] -- Installing: /home/saitama1/Pictures/ros2-picas/ros2_foxy/install/lanelet2_core/include/lanelet2_core/primitives/CompoundPolygon.h
[192.842s] -- Installing: /home/saitama1/Pictures/ros2-picas/ros2_foxy/install/lanelet2_core/include/lanelet2_core/primitives/Primitive.h
[192.842s] -- Installing: /home/saitama1/Pictures/ros2-picas/ros2_foxy/install/lanelet2_core/include/lanelet2_core/primitives/LineString.h
[192.843s] -- Installing: /home/saitama1/Pictures/ros2-picas/ros2_foxy/install/lanelet2_core/include/lanelet2_core/primitives/LineStringOrPolygon.h
[192.843s] -- Installing: /home/saitama1/Pictures/ros2-picas/ros2_foxy/install/lanelet2_core/include/lanelet2_core/primitives/LaneletOrArea.h
[192.843s] -- Installing: /home/saitama1/Pictures/ros2-picas/ros2_foxy/install/lanelet2_core/include/lanelet2_core/primitives/Point.h
[192.843s] -- Installing: /home/saitama1/Pictures/ros2-picas/ros2_foxy/install/lanelet2_core/include/lanelet2_core/primitives/BoundingBox.h
[192.843s] -- Installing: /home/saitama1/Pictures/ros2-picas/ros2_foxy/install/lanelet2_core/include/lanelet2_core/primitives/GPSPoint.h
[192.844s] -- Installing: /home/saitama1/Pictures/ros2-picas/ros2_foxy/install/lanelet2_core/include/lanelet2_core/primitives/Traits.h
[192.844s] -- Installing: /home/saitama1/Pictures/ros2-picas/ros2_foxy/install/lanelet2_core/include/lanelet2_core/primitives/Polygon.h
[192.844s] -- Up-to-date: /home/saitama1/Pictures/ros2-picas/ros2_foxy/install/lanelet2_core/include/lanelet2_core/geometry
[192.844s] -- Installing: /home/saitama1/Pictures/ros2-picas/ros2_foxy/install/lanelet2_core/include/lanelet2_core/geometry/Lanelet.h
[192.844s] -- Installing: /home/saitama1/Pictures/ros2-picas/ros2_foxy/install/lanelet2_core/include/lanelet2_core/geometry/GeometryHelper.h
[192.844s] -- Up-to-date: /home/saitama1/Pictures/ros2-picas/ros2_foxy/install/lanelet2_core/include/lanelet2_core/geometry/impl
[192.845s] -- Installing: /home/saitama1/Pictures/ros2-picas/ros2_foxy/install/lanelet2_core/include/lanelet2_core/geometry/impl/Lanelet.h
[192.845s] -- Installing: /home/saitama1/Pictures/ros2-picas/ros2_foxy/install/lanelet2_core/include/lanelet2_core/geometry/impl/Area.h
[192.845s] -- Installing: /home/saitama1/Pictures/ros2-picas/ros2_foxy/install/lanelet2_core/include/lanelet2_core/geometry/impl/LineString.h
[192.845s] -- Installing: /home/saitama1/Pictures/ros2-picas/ros2_foxy/install/lanelet2_core/include/lanelet2_core/geometry/impl/LaneletMap.h
[192.845s] -- Installing: /home/saitama1/Pictures/ros2-picas/ros2_foxy/install/lanelet2_core/include/lanelet2_core/geometry/impl/Polygon.h
[192.845s] -- Installing: /home/saitama1/Pictures/ros2-picas/ros2_foxy/install/lanelet2_core/include/lanelet2_core/geometry/RegulatoryElement.h
[192.846s] -- Installing: /home/saitama1/Pictures/ros2-picas/ros2_foxy/install/lanelet2_core/include/lanelet2_core/geometry/Area.h
[192.846s] -- Installing: /home/saitama1/Pictures/ros2-picas/ros2_foxy/install/lanelet2_core/include/lanelet2_core/geometry/LineString.h
[192.846s] -- Installing: /home/saitama1/Pictures/ros2-picas/ros2_foxy/install/lanelet2_core/include/lanelet2_core/geometry/LaneletMap.h
[192.846s] -- Installing: /home/saitama1/Pictures/ros2-picas/ros2_foxy/install/lanelet2_core/include/lanelet2_core/geometry/Point.h
[192.846s] -- Installing: /home/saitama1/Pictures/ros2-picas/ros2_foxy/install/lanelet2_core/include/lanelet2_core/geometry/BoundingBox.h
[192.846s] -- Installing: /home/saitama1/Pictures/ros2-picas/ros2_foxy/install/lanelet2_core/include/lanelet2_core/geometry/Polygon.h
[192.847s] -- Up-to-date: /home/saitama1/Pictures/ros2-picas/ros2_foxy/install/lanelet2_core/share/lanelet2_core/res
[192.847s] -- Installing: /home/saitama1/Pictures/ros2-picas/ros2_foxy/install/lanelet2_core/share/lanelet2_core/res/lanelet_gdb.py
[192.848s] -- Installing: /home/saitama1/Pictures/ros2-picas/ros2_foxy/install/lanelet2_core/share/lanelet2_core/res/qtcreator_debugging_helpers.py
[192.848s] -- Installing: /home/saitama1/Pictures/ros2-picas/ros2_foxy/install/lanelet2_core/share/lanelet2_core/cmake/lanelet2_coreTargets.cmake
[192.849s] -- Installing: /home/saitama1/Pictures/ros2-picas/ros2_foxy/install/lanelet2_core/share/lanelet2_core/cmake/lanelet2_coreTargets-noconfig.cmake
[192.849s] -- Installing: /home/saitama1/Pictures/ros2-picas/ros2_foxy/install/lanelet2_core/share/lanelet2_core/cmake/lanelet2_coreConfigVersion.cmake
[192.849s] -- Installing: /home/saitama1/Pictures/ros2-picas/ros2_foxy/install/lanelet2_core/share/lanelet2_core/cmake/lanelet2_coreConfig.cmake
[192.849s] -- Installing: /home/saitama1/Pictures/ros2-picas/ros2_foxy/install/lanelet2_core/share/lanelet2_core/cmake/auto_dep_vars.cmake
[192.849s] -- Installing: /home/saitama1/Pictures/ros2-picas/ros2_foxy/install/lanelet2_core/share/lanelet2_core/cmake/lanelet2_coreAutoDepsConfig.cmake
[192.849s] -- Installing: /home/saitama1/Pictures/ros2-picas/ros2_foxy/install/lanelet2_core/share/lanelet2_core/package.xml
[192.850s] -- Installing: /home/saitama1/Pictures/ros2-picas/ros2_foxy/install/lanelet2_core/share/ament_index/resource_index/package_run_dependencies/lanelet2_core
[192.850s] -- Installing: /home/saitama1/Pictures/ros2-picas/ros2_foxy/install/lanelet2_core/share/ament_index/resource_index/parent_prefix_path/lanelet2_core
[192.850s] -- Installing: /home/saitama1/Pictures/ros2-picas/ros2_foxy/install/lanelet2_core/share/lanelet2_core/environment/ament_prefix_path.sh
[192.850s] -- Installing: /home/saitama1/Pictures/ros2-picas/ros2_foxy/install/lanelet2_core/share/lanelet2_core/environment/ament_prefix_path.dsv
[192.851s] -- Installing: /home/saitama1/Pictures/ros2-picas/ros2_foxy/install/lanelet2_core/share/lanelet2_core/environment/path.sh
[192.851s] -- Installing: /home/saitama1/Pictures/ros2-picas/ros2_foxy/install/lanelet2_core/share/lanelet2_core/environment/path.dsv
[192.851s] -- Installing: /home/saitama1/Pictures/ros2-picas/ros2_foxy/install/lanelet2_core/share/lanelet2_core/local_setup.bash
[192.851s] -- Installing: /home/saitama1/Pictures/ros2-picas/ros2_foxy/install/lanelet2_core/share/lanelet2_core/local_setup.sh
[192.851s] -- Installing: /home/saitama1/Pictures/ros2-picas/ros2_foxy/install/lanelet2_core/share/lanelet2_core/local_setup.zsh
[192.852s] -- Installing: /home/saitama1/Pictures/ros2-picas/ros2_foxy/install/lanelet2_core/share/lanelet2_core/local_setup.dsv
[192.852s] -- Installing: /home/saitama1/Pictures/ros2-picas/ros2_foxy/install/lanelet2_core/share/lanelet2_core/package.dsv
[192.852s] -- Installing: /home/saitama1/Pictures/ros2-picas/ros2_foxy/install/lanelet2_core/share/ament_index/resource_index/packages/lanelet2_core
[192.856s] Invoked command in '/home/saitama1/Pictures/ros2-picas/ros2_foxy/build/lanelet2_core' returned '0': AMENT_PREFIX_PATH=/home/saitama1/Pictures/ros2-picas/ros2_foxy/install/ros_environment:/home/saitama1/Pictures/ros2-picas/ros2_foxy/install/ament_cmake_core:/home/saitama1/Pictures/ros2-picas/ros2_foxy/install/ament_package:${AMENT_PREFIX_PATH} CMAKE_PREFIX_PATH=/opt/ros/foxy:/home/saitama1/Pictures/ros2-picas/ros2_foxy/install/mrt_cmake_modules:/home/saitama1/Pictures/ros2-picas/ros2_foxy/install/ros_environment:/home/saitama1/Pictures/ros2-picas/ros2_foxy/install/ament_cmake_core:/home/saitama1/Pictures/ros2-picas/ros2_foxy/install/gtest_vendor PATH=/home/saitama1/Pictures/ros2-picas/ros2_foxy/install/mrt_cmake_modules/bin:${PATH} PKG_CONFIG_PATH=/home/saitama1/Pictures/ros2-picas/ros2_foxy/install/mrt_cmake_modules/lib/x86_64-linux-gnu/pkgconfig:/home/saitama1/Pictures/ros2-picas/ros2_foxy/install/mrt_cmake_modules/lib/pkgconfig:/home/saitama1/Pictures/ros2-picas/ros2_foxy/install/gtest_vendor/lib/x86_64-linux-gnu/pkgconfig:/home/saitama1/Pictures/ros2-picas/ros2_foxy/install/gtest_vendor/lib/pkgconfig PYTHONPATH=/home/saitama1/Pictures/ros2-picas/ros2_foxy/install/ament_package/lib/python3.8/site-packages:${PYTHONPATH} ROS_PACKAGE_PATH=/home/saitama1/Pictures/ros2-picas/ros2_foxy/install/mrt_cmake_modules/share /usr/bin/cmake --install /home/saitama1/Pictures/ros2-picas/ros2_foxy/build/lanelet2_core
