[0.111s] Invoking command in '/home/saitama1/Pictures/ros2-picas/ros2_foxy/build/ament_cmake_export_include_directories': AMENT_PREFIX_PATH=/home/saitama1/Pictures/ros2-picas/ros2_foxy/install/ament_cmake_core:/home/saitama1/Pictures/ros2-picas/ros2_foxy/install/ament_package:${AMENT_PREFIX_PATH} CMAKE_PREFIX_PATH=/home/saitama1/Pictures/ros2-picas/ros2_foxy/install/ament_cmake_core:/opt/ros/foxy PYTHONPATH=/home/saitama1/Pictures/ros2-picas/ros2_foxy/install/ament_package/lib/python3.8/site-packages:${PYTHONPATH} /usr/bin/cmake /home/saitama1/Pictures/ros2-picas/ros2_foxy/src/ament/ament_cmake/ament_cmake_export_include_directories -DCMAKE_INSTALL_PREFIX=/home/saitama1/Pictures/ros2-picas/ros2_foxy/install/ament_cmake_export_include_directories
[0.144s] -- Found ament_cmake_core: 0.9.8 (/home/saitama1/Pictures/ros2-picas/ros2_foxy/install/ament_cmake_core/share/ament_cmake_core/cmake)
[0.172s] -- Found PythonInterp: /usr/bin/python3 (found suitable version "3.8.10", minimum required is "3") 
[0.173s] -- Using PYTHON_EXECUTABLE: /usr/bin/python3
[0.440s] -- Configuring done
[0.442s] -- Generating done
[0.443s] -- Build files have been written to: /home/saitama1/Pictures/ros2-picas/ros2_foxy/build/ament_cmake_export_include_directories
[0.586s] Invoked command in '/home/saitama1/Pictures/ros2-picas/ros2_foxy/build/ament_cmake_export_include_directories' returned '0': AMENT_PREFIX_PATH=/home/saitama1/Pictures/ros2-picas/ros2_foxy/install/ament_cmake_core:/home/saitama1/Pictures/ros2-picas/ros2_foxy/install/ament_package:${AMENT_PREFIX_PATH} CMAKE_PREFIX_PATH=/home/saitama1/Pictures/ros2-picas/ros2_foxy/install/ament_cmake_core:/opt/ros/foxy PYTHONPATH=/home/saitama1/Pictures/ros2-picas/ros2_foxy/install/ament_package/lib/python3.8/site-packages:${PYTHONPATH} /usr/bin/cmake /home/saitama1/Pictures/ros2-picas/ros2_foxy/src/ament/ament_cmake/ament_cmake_export_include_directories -DCMAKE_INSTALL_PREFIX=/home/saitama1/Pictures/ros2-picas/ros2_foxy/install/ament_cmake_export_include_directories
[0.589s] Invoking command in '/home/saitama1/Pictures/ros2-picas/ros2_foxy/build/ament_cmake_export_include_directories': AMENT_PREFIX_PATH=/home/saitama1/Pictures/ros2-picas/ros2_foxy/install/ament_cmake_core:/home/saitama1/Pictures/ros2-picas/ros2_foxy/install/ament_package:${AMENT_PREFIX_PATH} CMAKE_PREFIX_PATH=/home/saitama1/Pictures/ros2-picas/ros2_foxy/install/ament_cmake_core:/opt/ros/foxy PYTHONPATH=/home/saitama1/Pictures/ros2-picas/ros2_foxy/install/ament_package/lib/python3.8/site-packages:${PYTHONPATH} /usr/bin/cmake --build /home/saitama1/Pictures/ros2-picas/ros2_foxy/build/ament_cmake_export_include_directories -- -j12 -l12
[0.657s] Invoked command in '/home/saitama1/Pictures/ros2-picas/ros2_foxy/build/ament_cmake_export_include_directories' returned '0': AMENT_PREFIX_PATH=/home/saitama1/Pictures/ros2-picas/ros2_foxy/install/ament_cmake_core:/home/saitama1/Pictures/ros2-picas/ros2_foxy/install/ament_package:${AMENT_PREFIX_PATH} CMAKE_PREFIX_PATH=/home/saitama1/Pictures/ros2-picas/ros2_foxy/install/ament_cmake_core:/opt/ros/foxy PYTHONPATH=/home/saitama1/Pictures/ros2-picas/ros2_foxy/install/ament_package/lib/python3.8/site-packages:${PYTHONPATH} /usr/bin/cmake --build /home/saitama1/Pictures/ros2-picas/ros2_foxy/build/ament_cmake_export_include_directories -- -j12 -l12
[0.719s] Invoking command in '/home/saitama1/Pictures/ros2-picas/ros2_foxy/build/ament_cmake_export_include_directories': AMENT_PREFIX_PATH=/home/saitama1/Pictures/ros2-picas/ros2_foxy/install/ament_cmake_core:/home/saitama1/Pictures/ros2-picas/ros2_foxy/install/ament_package:${AMENT_PREFIX_PATH} CMAKE_PREFIX_PATH=/home/saitama1/Pictures/ros2-picas/ros2_foxy/install/ament_cmake_core:/opt/ros/foxy PYTHONPATH=/home/saitama1/Pictures/ros2-picas/ros2_foxy/install/ament_package/lib/python3.8/site-packages:${PYTHONPATH} /usr/bin/cmake --install /home/saitama1/Pictures/ros2-picas/ros2_foxy/build/ament_cmake_export_include_directories
[0.735s] -- Install configuration: ""
[0.736s] -- Up-to-date: /home/saitama1/Pictures/ros2-picas/ros2_foxy/install/ament_cmake_export_include_directories/share/ament_index/resource_index/package_run_dependencies/ament_cmake_export_include_directories
[0.736s] -- Installing: /home/saitama1/Pictures/ros2-picas/ros2_foxy/install/ament_cmake_export_include_directories/share/ament_index/resource_index/parent_prefix_path/ament_cmake_export_include_directories
[0.736s] -- Up-to-date: /home/saitama1/Pictures/ros2-picas/ros2_foxy/install/ament_cmake_export_include_directories/share/ament_cmake_export_include_directories/environment/ament_prefix_path.sh
[0.736s] -- Installing: /home/saitama1/Pictures/ros2-picas/ros2_foxy/install/ament_cmake_export_include_directories/share/ament_cmake_export_include_directories/environment/ament_prefix_path.dsv
[0.736s] -- Up-to-date: /home/saitama1/Pictures/ros2-picas/ros2_foxy/install/ament_cmake_export_include_directories/share/ament_cmake_export_include_directories/environment/path.sh
[0.736s] -- Installing: /home/saitama1/Pictures/ros2-picas/ros2_foxy/install/ament_cmake_export_include_directories/share/ament_cmake_export_include_directories/environment/path.dsv
[0.736s] -- Up-to-date: /home/saitama1/Pictures/ros2-picas/ros2_foxy/install/ament_cmake_export_include_directories/share/ament_cmake_export_include_directories/local_setup.bash
[0.736s] -- Up-to-date: /home/saitama1/Pictures/ros2-picas/ros2_foxy/install/ament_cmake_export_include_directories/share/ament_cmake_export_include_directories/local_setup.sh
[0.737s] -- Up-to-date: /home/saitama1/Pictures/ros2-picas/ros2_foxy/install/ament_cmake_export_include_directories/share/ament_cmake_export_include_directories/local_setup.zsh
[0.737s] -- Installing: /home/saitama1/Pictures/ros2-picas/ros2_foxy/install/ament_cmake_export_include_directories/share/ament_cmake_export_include_directories/local_setup.dsv
[0.737s] -- Installing: /home/saitama1/Pictures/ros2-picas/ros2_foxy/install/ament_cmake_export_include_directories/share/ament_cmake_export_include_directories/package.dsv
[0.738s] -- Up-to-date: /home/saitama1/Pictures/ros2-picas/ros2_foxy/install/ament_cmake_export_include_directories/share/ament_index/resource_index/packages/ament_cmake_export_include_directories
[0.738s] -- Up-to-date: /home/saitama1/Pictures/ros2-picas/ros2_foxy/install/ament_cmake_export_include_directories/share/ament_cmake_export_include_directories/cmake/ament_cmake_export_include_directories-extras.cmake
[0.738s] -- Up-to-date: /home/saitama1/Pictures/ros2-picas/ros2_foxy/install/ament_cmake_export_include_directories/share/ament_cmake_export_include_directories/cmake/ament_cmake_export_include_directoriesConfig.cmake
[0.738s] -- Up-to-date: /home/saitama1/Pictures/ros2-picas/ros2_foxy/install/ament_cmake_export_include_directories/share/ament_cmake_export_include_directories/cmake/ament_cmake_export_include_directoriesConfig-version.cmake
[0.739s] -- Up-to-date: /home/saitama1/Pictures/ros2-picas/ros2_foxy/install/ament_cmake_export_include_directories/share/ament_cmake_export_include_directories/package.xml
[0.739s] -- Up-to-date: /home/saitama1/Pictures/ros2-picas/ros2_foxy/install/ament_cmake_export_include_directories/share/ament_cmake_export_include_directories/cmake
[0.739s] -- Up-to-date: /home/saitama1/Pictures/ros2-picas/ros2_foxy/install/ament_cmake_export_include_directories/share/ament_cmake_export_include_directories/cmake/ament_export_include_directories.cmake
[0.739s] -- Up-to-date: /home/saitama1/Pictures/ros2-picas/ros2_foxy/install/ament_cmake_export_include_directories/share/ament_cmake_export_include_directories/cmake/ament_cmake_export_include_directories_package_hook.cmake
[0.739s] -- Up-to-date: /home/saitama1/Pictures/ros2-picas/ros2_foxy/install/ament_cmake_export_include_directories/share/ament_cmake_export_include_directories/cmake/ament_cmake_export_include_directories-extras.cmake.in
[0.814s] Invoked command in '/home/saitama1/Pictures/ros2-picas/ros2_foxy/build/ament_cmake_export_include_directories' returned '0': AMENT_PREFIX_PATH=/home/saitama1/Pictures/ros2-picas/ros2_foxy/install/ament_cmake_core:/home/saitama1/Pictures/ros2-picas/ros2_foxy/install/ament_package:${AMENT_PREFIX_PATH} CMAKE_PREFIX_PATH=/home/saitama1/Pictures/ros2-picas/ros2_foxy/install/ament_cmake_core:/opt/ros/foxy PYTHONPATH=/home/saitama1/Pictures/ros2-picas/ros2_foxy/install/ament_package/lib/python3.8/site-packages:${PYTHONPATH} /usr/bin/cmake --install /home/saitama1/Pictures/ros2-picas/ros2_foxy/build/ament_cmake_export_include_directories
