-- Install configuration: ""
-- Execute custom install script
-- Up-to-date symlink: /home/saitama1/ros2_foxy/install/connext_cmake_module/share/ament_index/resource_index/package_run_dependencies/connext_cmake_module
-- Up-to-date symlink: /home/saitama1/ros2_foxy/install/connext_cmake_module/share/ament_index/resource_index/parent_prefix_path/connext_cmake_module
-- Up-to-date symlink: /home/saitama1/ros2_foxy/install/connext_cmake_module/share/connext_cmake_module/environment/ament_prefix_path.sh
-- Up-to-date symlink: /home/saitama1/ros2_foxy/install/connext_cmake_module/share/connext_cmake_module/environment/ament_prefix_path.dsv
-- Up-to-date symlink: /home/saitama1/ros2_foxy/install/connext_cmake_module/share/connext_cmake_module/environment/path.sh
-- Up-to-date symlink: /home/saitama1/ros2_foxy/install/connext_cmake_module/share/connext_cmake_module/environment/path.dsv
-- Up-to-date symlink: /home/saitama1/ros2_foxy/install/connext_cmake_module/share/connext_cmake_module/local_setup.bash
-- Up-to-date symlink: /home/saitama1/ros2_foxy/install/connext_cmake_module/share/connext_cmake_module/local_setup.sh
-- Up-to-date symlink: /home/saitama1/ros2_foxy/install/connext_cmake_module/share/connext_cmake_module/local_setup.zsh
-- Up-to-date symlink: /home/saitama1/ros2_foxy/install/connext_cmake_module/share/connext_cmake_module/local_setup.dsv
-- Symlinking: /home/saitama1/ros2_foxy/install/connext_cmake_module/share/connext_cmake_module/package.dsv
-- Up-to-date symlink: /home/saitama1/ros2_foxy/install/connext_cmake_module/share/ament_index/resource_index/packages/connext_cmake_module
-- Up-to-date symlink: /home/saitama1/ros2_foxy/install/connext_cmake_module/share/connext_cmake_module/cmake/connext_cmake_module-extras.cmake
-- Up-to-date symlink: /home/saitama1/ros2_foxy/install/connext_cmake_module/share/connext_cmake_module/cmake/connext_cmake_moduleConfig.cmake
-- Up-to-date symlink: /home/saitama1/ros2_foxy/install/connext_cmake_module/share/connext_cmake_module/cmake/connext_cmake_moduleConfig-version.cmake
-- Up-to-date symlink: /home/saitama1/ros2_foxy/install/connext_cmake_module/share/connext_cmake_module/package.xml
-- Up-to-date symlink: /home/saitama1/ros2_foxy/install/connext_cmake_module/share/connext_cmake_module/cmake/Modules/FindConnext.cmake
-- Up-to-date symlink: /home/saitama1/ros2_foxy/install/connext_cmake_module/share/connext_cmake_module/cmake/check_abi.cmake
-- Up-to-date symlink: /home/saitama1/ros2_foxy/install/connext_cmake_module/share/connext_cmake_module/cmake/check_abi.cpp
