[  0%] Built target example_interfaces__cpp
[ 12%] Built target example_interfaces__rosidl_generator_c
[ 25%] Built target example_interfaces__rosidl_typesupport_introspection_cpp
[ 37%] Built target example_interfaces__rosidl_typesupport_cpp
[ 49%] Built target example_interfaces__rosidl_typesupport_c
[ 61%] Built target example_interfaces__rosidl_typesupport_fastrtps_cpp
[ 74%] Built target example_interfaces__rosidl_typesupport_introspection_c
[ 87%] Built target example_interfaces__rosidl_typesupport_fastrtps_c
[ 87%] Built target example_interfaces
[ 87%] Built target example_interfaces__py
[ 99%] Built target example_interfaces__python
[100%] Built target example_interfaces__rosidl_typesupport_fastrtps_c__pyext
[100%] Built target example_interfaces__rosidl_typesupport_c__pyext
[100%] Built target example_interfaces__rosidl_typesupport_introspection_c__pyext
-- Install configuration: ""
-- Execute custom install script
-- Up-to-date symlink: /home/saitama1/ros2_foxy/install/example_interfaces/share/ament_index/resource_index/rosidl_interfaces/example_interfaces
-- Up-to-date symlink: /home/saitama1/ros2_foxy/install/example_interfaces/include/example_interfaces/action/detail/fibonacci__functions.h
-- Up-to-date symlink: /home/saitama1/ros2_foxy/install/example_interfaces/include/example_interfaces/action/detail/fibonacci__struct.h
-- Up-to-date symlink: /home/saitama1/ros2_foxy/install/example_interfaces/include/example_interfaces/action/detail/fibonacci__type_support.h
-- Up-to-date symlink: /home/saitama1/ros2_foxy/install/example_interfaces/include/example_interfaces/action/fibonacci.h
-- Up-to-date symlink: /home/saitama1/ros2_foxy/install/example_interfaces/include/example_interfaces/msg/bool.h
-- Up-to-date symlink: /home/saitama1/ros2_foxy/install/example_interfaces/include/example_interfaces/msg/byte.h
-- Up-to-date symlink: /home/saitama1/ros2_foxy/install/example_interfaces/include/example_interfaces/msg/byte_multi_array.h
-- Up-to-date symlink: /home/saitama1/ros2_foxy/install/example_interfaces/include/example_interfaces/msg/char.h
-- Up-to-date symlink: /home/saitama1/ros2_foxy/install/example_interfaces/include/example_interfaces/msg/detail/bool__functions.h
-- Up-to-date symlink: /home/saitama1/ros2_foxy/install/example_interfaces/include/example_interfaces/msg/detail/bool__struct.h
-- Up-to-date symlink: /home/saitama1/ros2_foxy/install/example_interfaces/include/example_interfaces/msg/detail/bool__type_support.h
-- Up-to-date symlink: /home/saitama1/ros2_foxy/install/example_interfaces/include/example_interfaces/msg/detail/byte__functions.h
-- Up-to-date symlink: /home/saitama1/ros2_foxy/install/example_interfaces/include/example_interfaces/msg/detail/byte__struct.h
-- Up-to-date symlink: /home/saitama1/ros2_foxy/install/example_interfaces/include/example_interfaces/msg/detail/byte__type_support.h
-- Up-to-date symlink: /home/saitama1/ros2_foxy/install/example_interfaces/include/example_interfaces/msg/detail/byte_multi_array__functions.h
-- Up-to-date symlink: /home/saitama1/ros2_foxy/install/example_interfaces/include/example_interfaces/msg/detail/byte_multi_array__struct.h
-- Up-to-date symlink: /home/saitama1/ros2_foxy/install/example_interfaces/include/example_interfaces/msg/detail/byte_multi_array__type_support.h
-- Up-to-date symlink: /home/saitama1/ros2_foxy/install/example_interfaces/include/example_interfaces/msg/detail/char__functions.h
-- Up-to-date symlink: /home/saitama1/ros2_foxy/install/example_interfaces/include/example_interfaces/msg/detail/char__struct.h
-- Up-to-date symlink: /home/saitama1/ros2_foxy/install/example_interfaces/include/example_interfaces/msg/detail/char__type_support.h
-- Up-to-date symlink: /home/saitama1/ros2_foxy/install/example_interfaces/include/example_interfaces/msg/detail/empty__functions.h
-- Up-to-date symlink: /home/saitama1/ros2_foxy/install/example_interfaces/include/example_interfaces/msg/detail/empty__struct.h
-- Up-to-date symlink: /home/saitama1/ros2_foxy/install/example_interfaces/include/example_interfaces/msg/detail/empty__type_support.h
-- Up-to-date symlink: /home/saitama1/ros2_foxy/install/example_interfaces/include/example_interfaces/msg/detail/float32__functions.h
-- Up-to-date symlink: /home/saitama1/ros2_foxy/install/example_interfaces/include/example_interfaces/msg/detail/float32__struct.h
-- Up-to-date symlink: /home/saitama1/ros2_foxy/install/example_interfaces/include/example_interfaces/msg/detail/float32__type_support.h
-- Up-to-date symlink: /home/saitama1/ros2_foxy/install/example_interfaces/include/example_interfaces/msg/detail/float32_multi_array__functions.h
-- Up-to-date symlink: /home/saitama1/ros2_foxy/install/example_interfaces/include/example_interfaces/msg/detail/float32_multi_array__struct.h
-- Up-to-date symlink: /home/saitama1/ros2_foxy/install/example_interfaces/include/example_interfaces/msg/detail/float32_multi_array__type_support.h
-- Up-to-date symlink: /home/saitama1/ros2_foxy/install/example_interfaces/include/example_interfaces/msg/detail/float64__functions.h
-- Up-to-date symlink: /home/saitama1/ros2_foxy/install/example_interfaces/include/example_interfaces/msg/detail/float64__struct.h
-- Up-to-date symlink: /home/saitama1/ros2_foxy/install/example_interfaces/include/example_interfaces/msg/detail/float64__type_support.h
-- Up-to-date symlink: /home/saitama1/ros2_foxy/install/example_interfaces/include/example_interfaces/msg/detail/float64_multi_array__functions.h
-- Up-to-date symlink: /home/saitama1/ros2_foxy/install/example_interfaces/include/example_interfaces/msg/detail/float64_multi_array__struct.h
-- Up-to-date symlink: /home/saitama1/ros2_foxy/install/example_interfaces/include/example_interfaces/msg/detail/float64_multi_array__type_support.h
-- Up-to-date symlink: /home/saitama1/ros2_foxy/install/example_interfaces/include/example_interfaces/msg/detail/int16__functions.h
-- Up-to-date symlink: /home/saitama1/ros2_foxy/install/example_interfaces/include/example_interfaces/msg/detail/int16__struct.h
-- Up-to-date symlink: /home/saitama1/ros2_foxy/install/example_interfaces/include/example_interfaces/msg/detail/int16__type_support.h
-- Up-to-date symlink: /home/saitama1/ros2_foxy/install/example_interfaces/include/example_interfaces/msg/detail/int16_multi_array__functions.h
-- Up-to-date symlink: /home/saitama1/ros2_foxy/install/example_interfaces/include/example_interfaces/msg/detail/int16_multi_array__struct.h
-- Up-to-date symlink: /home/saitama1/ros2_foxy/install/example_interfaces/include/example_interfaces/msg/detail/int16_multi_array__type_support.h
-- Up-to-date symlink: /home/saitama1/ros2_foxy/install/example_interfaces/include/example_interfaces/msg/detail/int32__functions.h
-- Up-to-date symlink: /home/saitama1/ros2_foxy/install/example_interfaces/include/example_interfaces/msg/detail/int32__struct.h
-- Up-to-date symlink: /home/saitama1/ros2_foxy/install/example_interfaces/include/example_interfaces/msg/detail/int32__type_support.h
-- Up-to-date symlink: /home/saitama1/ros2_foxy/install/example_interfaces/include/example_interfaces/msg/detail/int32_multi_array__functions.h
-- Up-to-date symlink: /home/saitama1/ros2_foxy/install/example_interfaces/include/example_interfaces/msg/detail/int32_multi_array__struct.h
-- Up-to-date symlink: /home/saitama1/ros2_foxy/install/example_interfaces/include/example_interfaces/msg/detail/int32_multi_array__type_support.h
-- Up-to-date symlink: /home/saitama1/ros2_foxy/install/example_interfaces/include/example_interfaces/msg/detail/int64__functions.h
-- Up-to-date symlink: /home/saitama1/ros2_foxy/install/example_interfaces/include/example_interfaces/msg/detail/int64__struct.h
-- Up-to-date symlink: /home/saitama1/ros2_foxy/install/example_interfaces/include/example_interfaces/msg/detail/int64__type_support.h
-- Up-to-date symlink: /home/saitama1/ros2_foxy/install/example_interfaces/include/example_interfaces/msg/detail/int64_multi_array__functions.h
-- Up-to-date symlink: /home/saitama1/ros2_foxy/install/example_interfaces/include/example_interfaces/msg/detail/int64_multi_array__struct.h
-- Up-to-date symlink: /home/saitama1/ros2_foxy/install/example_interfaces/include/example_interfaces/msg/detail/int64_multi_array__type_support.h
-- Up-to-date symlink: /home/saitama1/ros2_foxy/install/example_interfaces/include/example_interfaces/msg/detail/int8__functions.h
-- Up-to-date symlink: /home/saitama1/ros2_foxy/install/example_interfaces/include/example_interfaces/msg/detail/int8__struct.h
-- Up-to-date symlink: /home/saitama1/ros2_foxy/install/example_interfaces/include/example_interfaces/msg/detail/int8__type_support.h
-- Up-to-date symlink: /home/saitama1/ros2_foxy/install/example_interfaces/include/example_interfaces/msg/detail/int8_multi_array__functions.h
-- Up-to-date symlink: /home/saitama1/ros2_foxy/install/example_interfaces/include/example_interfaces/msg/detail/int8_multi_array__struct.h
-- Up-to-date symlink: /home/saitama1/ros2_foxy/install/example_interfaces/include/example_interfaces/msg/detail/int8_multi_array__type_support.h
-- Up-to-date symlink: /home/saitama1/ros2_foxy/install/example_interfaces/include/example_interfaces/msg/detail/multi_array_dimension__functions.h
-- Up-to-date symlink: /home/saitama1/ros2_foxy/install/example_interfaces/include/example_interfaces/msg/detail/multi_array_dimension__struct.h
-- Up-to-date symlink: /home/saitama1/ros2_foxy/install/example_interfaces/include/example_interfaces/msg/detail/multi_array_dimension__type_support.h
-- Up-to-date symlink: /home/saitama1/ros2_foxy/install/example_interfaces/include/example_interfaces/msg/detail/multi_array_layout__functions.h
-- Up-to-date symlink: /home/saitama1/ros2_foxy/install/example_interfaces/include/example_interfaces/msg/detail/multi_array_layout__struct.h
-- Up-to-date symlink: /home/saitama1/ros2_foxy/install/example_interfaces/include/example_interfaces/msg/detail/multi_array_layout__type_support.h
-- Up-to-date symlink: /home/saitama1/ros2_foxy/install/example_interfaces/include/example_interfaces/msg/detail/string__functions.h
-- Up-to-date symlink: /home/saitama1/ros2_foxy/install/example_interfaces/include/example_interfaces/msg/detail/string__struct.h
-- Up-to-date symlink: /home/saitama1/ros2_foxy/install/example_interfaces/include/example_interfaces/msg/detail/string__type_support.h
-- Up-to-date symlink: /home/saitama1/ros2_foxy/install/example_interfaces/include/example_interfaces/msg/detail/u_int16__functions.h
-- Up-to-date symlink: /home/saitama1/ros2_foxy/install/example_interfaces/include/example_interfaces/msg/detail/u_int16__struct.h
-- Up-to-date symlink: /home/saitama1/ros2_foxy/install/example_interfaces/include/example_interfaces/msg/detail/u_int16__type_support.h
-- Up-to-date symlink: /home/saitama1/ros2_foxy/install/example_interfaces/include/example_interfaces/msg/detail/u_int16_multi_array__functions.h
-- Up-to-date symlink: /home/saitama1/ros2_foxy/install/example_interfaces/include/example_interfaces/msg/detail/u_int16_multi_array__struct.h
-- Up-to-date symlink: /home/saitama1/ros2_foxy/install/example_interfaces/include/example_interfaces/msg/detail/u_int16_multi_array__type_support.h
-- Up-to-date symlink: /home/saitama1/ros2_foxy/install/example_interfaces/include/example_interfaces/msg/detail/u_int32__functions.h
-- Up-to-date symlink: /home/saitama1/ros2_foxy/install/example_interfaces/include/example_interfaces/msg/detail/u_int32__struct.h
-- Up-to-date symlink: /home/saitama1/ros2_foxy/install/example_interfaces/include/example_interfaces/msg/detail/u_int32__type_support.h
-- Up-to-date symlink: /home/saitama1/ros2_foxy/install/example_interfaces/include/example_interfaces/msg/detail/u_int32_multi_array__functions.h
-- Up-to-date symlink: /home/saitama1/ros2_foxy/install/example_interfaces/include/example_interfaces/msg/detail/u_int32_multi_array__struct.h
-- Up-to-date symlink: /home/saitama1/ros2_foxy/install/example_interfaces/include/example_interfaces/msg/detail/u_int32_multi_array__type_support.h
-- Up-to-date symlink: /home/saitama1/ros2_foxy/install/example_interfaces/include/example_interfaces/msg/detail/u_int64__functions.h
-- Up-to-date symlink: /home/saitama1/ros2_foxy/install/example_interfaces/include/example_interfaces/msg/detail/u_int64__struct.h
-- Up-to-date symlink: /home/saitama1/ros2_foxy/install/example_interfaces/include/example_interfaces/msg/detail/u_int64__type_support.h
-- Up-to-date symlink: /home/saitama1/ros2_foxy/install/example_interfaces/include/example_interfaces/msg/detail/u_int64_multi_array__functions.h
-- Up-to-date symlink: /home/saitama1/ros2_foxy/install/example_interfaces/include/example_interfaces/msg/detail/u_int64_multi_array__struct.h
-- Up-to-date symlink: /home/saitama1/ros2_foxy/install/example_interfaces/include/example_interfaces/msg/detail/u_int64_multi_array__type_support.h
-- Up-to-date symlink: /home/saitama1/ros2_foxy/install/example_interfaces/include/example_interfaces/msg/detail/u_int8__functions.h
-- Up-to-date symlink: /home/saitama1/ros2_foxy/install/example_interfaces/include/example_interfaces/msg/detail/u_int8__struct.h
-- Up-to-date symlink: /home/saitama1/ros2_foxy/install/example_interfaces/include/example_interfaces/msg/detail/u_int8__type_support.h
-- Up-to-date symlink: /home/saitama1/ros2_foxy/install/example_interfaces/include/example_interfaces/msg/detail/u_int8_multi_array__functions.h
-- Up-to-date symlink: /home/saitama1/ros2_foxy/install/example_interfaces/include/example_interfaces/msg/detail/u_int8_multi_array__struct.h
-- Up-to-date symlink: /home/saitama1/ros2_foxy/install/example_interfaces/include/example_interfaces/msg/detail/u_int8_multi_array__type_support.h
-- Up-to-date symlink: /home/saitama1/ros2_foxy/install/example_interfaces/include/example_interfaces/msg/detail/w_string__functions.h
-- Up-to-date symlink: /home/saitama1/ros2_foxy/install/example_interfaces/include/example_interfaces/msg/detail/w_string__struct.h
-- Up-to-date symlink: /home/saitama1/ros2_foxy/install/example_interfaces/include/example_interfaces/msg/detail/w_string__type_support.h
-- Up-to-date symlink: /home/saitama1/ros2_foxy/install/example_interfaces/include/example_interfaces/msg/empty.h
-- Up-to-date symlink: /home/saitama1/ros2_foxy/install/example_interfaces/include/example_interfaces/msg/float32.h
-- Up-to-date symlink: /home/saitama1/ros2_foxy/install/example_interfaces/include/example_interfaces/msg/float32_multi_array.h
-- Up-to-date symlink: /home/saitama1/ros2_foxy/install/example_interfaces/include/example_interfaces/msg/float64.h
-- Up-to-date symlink: /home/saitama1/ros2_foxy/install/example_interfaces/include/example_interfaces/msg/float64_multi_array.h
-- Up-to-date symlink: /home/saitama1/ros2_foxy/install/example_interfaces/include/example_interfaces/msg/int16.h
-- Up-to-date symlink: /home/saitama1/ros2_foxy/install/example_interfaces/include/example_interfaces/msg/int16_multi_array.h
-- Up-to-date symlink: /home/saitama1/ros2_foxy/install/example_interfaces/include/example_interfaces/msg/int32.h
-- Up-to-date symlink: /home/saitama1/ros2_foxy/install/example_interfaces/include/example_interfaces/msg/int32_multi_array.h
-- Up-to-date symlink: /home/saitama1/ros2_foxy/install/example_interfaces/include/example_interfaces/msg/int64.h
-- Up-to-date symlink: /home/saitama1/ros2_foxy/install/example_interfaces/include/example_interfaces/msg/int64_multi_array.h
-- Up-to-date symlink: /home/saitama1/ros2_foxy/install/example_interfaces/include/example_interfaces/msg/int8.h
-- Up-to-date symlink: /home/saitama1/ros2_foxy/install/example_interfaces/include/example_interfaces/msg/int8_multi_array.h
-- Up-to-date symlink: /home/saitama1/ros2_foxy/install/example_interfaces/include/example_interfaces/msg/multi_array_dimension.h
-- Up-to-date symlink: /home/saitama1/ros2_foxy/install/example_interfaces/include/example_interfaces/msg/multi_array_layout.h
-- Up-to-date symlink: /home/saitama1/ros2_foxy/install/example_interfaces/include/example_interfaces/msg/rosidl_generator_c__visibility_control.h
-- Up-to-date symlink: /home/saitama1/ros2_foxy/install/example_interfaces/include/example_interfaces/msg/string.h
-- Up-to-date symlink: /home/saitama1/ros2_foxy/install/example_interfaces/include/example_interfaces/msg/u_int16.h
-- Up-to-date symlink: /home/saitama1/ros2_foxy/install/example_interfaces/include/example_interfaces/msg/u_int16_multi_array.h
-- Up-to-date symlink: /home/saitama1/ros2_foxy/install/example_interfaces/include/example_interfaces/msg/u_int32.h
-- Up-to-date symlink: /home/saitama1/ros2_foxy/install/example_interfaces/include/example_interfaces/msg/u_int32_multi_array.h
-- Up-to-date symlink: /home/saitama1/ros2_foxy/install/example_interfaces/include/example_interfaces/msg/u_int64.h
-- Up-to-date symlink: /home/saitama1/ros2_foxy/install/example_interfaces/include/example_interfaces/msg/u_int64_multi_array.h
-- Up-to-date symlink: /home/saitama1/ros2_foxy/install/example_interfaces/include/example_interfaces/msg/u_int8.h
-- Up-to-date symlink: /home/saitama1/ros2_foxy/install/example_interfaces/include/example_interfaces/msg/u_int8_multi_array.h
-- Up-to-date symlink: /home/saitama1/ros2_foxy/install/example_interfaces/include/example_interfaces/msg/w_string.h
-- Up-to-date symlink: /home/saitama1/ros2_foxy/install/example_interfaces/include/example_interfaces/srv/add_two_ints.h
-- Up-to-date symlink: /home/saitama1/ros2_foxy/install/example_interfaces/include/example_interfaces/srv/detail/add_two_ints__functions.h
-- Up-to-date symlink: /home/saitama1/ros2_foxy/install/example_interfaces/include/example_interfaces/srv/detail/add_two_ints__struct.h
-- Up-to-date symlink: /home/saitama1/ros2_foxy/install/example_interfaces/include/example_interfaces/srv/detail/add_two_ints__type_support.h
-- Up-to-date symlink: /home/saitama1/ros2_foxy/install/example_interfaces/include/example_interfaces/srv/detail/set_bool__functions.h
-- Up-to-date symlink: /home/saitama1/ros2_foxy/install/example_interfaces/include/example_interfaces/srv/detail/set_bool__struct.h
-- Up-to-date symlink: /home/saitama1/ros2_foxy/install/example_interfaces/include/example_interfaces/srv/detail/set_bool__type_support.h
-- Up-to-date symlink: /home/saitama1/ros2_foxy/install/example_interfaces/include/example_interfaces/srv/detail/trigger__functions.h
-- Up-to-date symlink: /home/saitama1/ros2_foxy/install/example_interfaces/include/example_interfaces/srv/detail/trigger__struct.h
-- Up-to-date symlink: /home/saitama1/ros2_foxy/install/example_interfaces/include/example_interfaces/srv/detail/trigger__type_support.h
-- Up-to-date symlink: /home/saitama1/ros2_foxy/install/example_interfaces/include/example_interfaces/srv/set_bool.h
-- Up-to-date symlink: /home/saitama1/ros2_foxy/install/example_interfaces/include/example_interfaces/srv/trigger.h
-- Up-to-date symlink: /home/saitama1/ros2_foxy/install/example_interfaces/share/example_interfaces/environment/library_path.sh
-- Up-to-date symlink: /home/saitama1/ros2_foxy/install/example_interfaces/share/example_interfaces/environment/library_path.dsv
-- Up-to-date symlink: /home/saitama1/ros2_foxy/install/example_interfaces/include/example_interfaces/action/detail/fibonacci__rosidl_typesupport_introspection_c.h
-- Up-to-date symlink: /home/saitama1/ros2_foxy/install/example_interfaces/include/example_interfaces/msg/detail/bool__rosidl_typesupport_introspection_c.h
-- Up-to-date symlink: /home/saitama1/ros2_foxy/install/example_interfaces/include/example_interfaces/msg/detail/byte__rosidl_typesupport_introspection_c.h
-- Up-to-date symlink: /home/saitama1/ros2_foxy/install/example_interfaces/include/example_interfaces/msg/detail/byte_multi_array__rosidl_typesupport_introspection_c.h
-- Up-to-date symlink: /home/saitama1/ros2_foxy/install/example_interfaces/include/example_interfaces/msg/detail/char__rosidl_typesupport_introspection_c.h
-- Up-to-date symlink: /home/saitama1/ros2_foxy/install/example_interfaces/include/example_interfaces/msg/detail/empty__rosidl_typesupport_introspection_c.h
-- Up-to-date symlink: /home/saitama1/ros2_foxy/install/example_interfaces/include/example_interfaces/msg/detail/float32__rosidl_typesupport_introspection_c.h
-- Up-to-date symlink: /home/saitama1/ros2_foxy/install/example_interfaces/include/example_interfaces/msg/detail/float32_multi_array__rosidl_typesupport_introspection_c.h
-- Up-to-date symlink: /home/saitama1/ros2_foxy/install/example_interfaces/include/example_interfaces/msg/detail/float64__rosidl_typesupport_introspection_c.h
-- Up-to-date symlink: /home/saitama1/ros2_foxy/install/example_interfaces/include/example_interfaces/msg/detail/float64_multi_array__rosidl_typesupport_introspection_c.h
-- Up-to-date symlink: /home/saitama1/ros2_foxy/install/example_interfaces/include/example_interfaces/msg/detail/int16__rosidl_typesupport_introspection_c.h
-- Up-to-date symlink: /home/saitama1/ros2_foxy/install/example_interfaces/include/example_interfaces/msg/detail/int16_multi_array__rosidl_typesupport_introspection_c.h
-- Up-to-date symlink: /home/saitama1/ros2_foxy/install/example_interfaces/include/example_interfaces/msg/detail/int32__rosidl_typesupport_introspection_c.h
-- Up-to-date symlink: /home/saitama1/ros2_foxy/install/example_interfaces/include/example_interfaces/msg/detail/int32_multi_array__rosidl_typesupport_introspection_c.h
-- Up-to-date symlink: /home/saitama1/ros2_foxy/install/example_interfaces/include/example_interfaces/msg/detail/int64__rosidl_typesupport_introspection_c.h
-- Up-to-date symlink: /home/saitama1/ros2_foxy/install/example_interfaces/include/example_interfaces/msg/detail/int64_multi_array__rosidl_typesupport_introspection_c.h
-- Up-to-date symlink: /home/saitama1/ros2_foxy/install/example_interfaces/include/example_interfaces/msg/detail/int8__rosidl_typesupport_introspection_c.h
-- Up-to-date symlink: /home/saitama1/ros2_foxy/install/example_interfaces/include/example_interfaces/msg/detail/int8_multi_array__rosidl_typesupport_introspection_c.h
-- Up-to-date symlink: /home/saitama1/ros2_foxy/install/example_interfaces/include/example_interfaces/msg/detail/multi_array_dimension__rosidl_typesupport_introspection_c.h
-- Up-to-date symlink: /home/saitama1/ros2_foxy/install/example_interfaces/include/example_interfaces/msg/detail/multi_array_layout__rosidl_typesupport_introspection_c.h
-- Up-to-date symlink: /home/saitama1/ros2_foxy/install/example_interfaces/include/example_interfaces/msg/detail/string__rosidl_typesupport_introspection_c.h
-- Up-to-date symlink: /home/saitama1/ros2_foxy/install/example_interfaces/include/example_interfaces/msg/detail/u_int16__rosidl_typesupport_introspection_c.h
-- Up-to-date symlink: /home/saitama1/ros2_foxy/install/example_interfaces/include/example_interfaces/msg/detail/u_int16_multi_array__rosidl_typesupport_introspection_c.h
-- Up-to-date symlink: /home/saitama1/ros2_foxy/install/example_interfaces/include/example_interfaces/msg/detail/u_int32__rosidl_typesupport_introspection_c.h
-- Up-to-date symlink: /home/saitama1/ros2_foxy/install/example_interfaces/include/example_interfaces/msg/detail/u_int32_multi_array__rosidl_typesupport_introspection_c.h
-- Up-to-date symlink: /home/saitama1/ros2_foxy/install/example_interfaces/include/example_interfaces/msg/detail/u_int64__rosidl_typesupport_introspection_c.h
-- Up-to-date symlink: /home/saitama1/ros2_foxy/install/example_interfaces/include/example_interfaces/msg/detail/u_int64_multi_array__rosidl_typesupport_introspection_c.h
-- Up-to-date symlink: /home/saitama1/ros2_foxy/install/example_interfaces/include/example_interfaces/msg/detail/u_int8__rosidl_typesupport_introspection_c.h
-- Up-to-date symlink: /home/saitama1/ros2_foxy/install/example_interfaces/include/example_interfaces/msg/detail/u_int8_multi_array__rosidl_typesupport_introspection_c.h
-- Up-to-date symlink: /home/saitama1/ros2_foxy/install/example_interfaces/include/example_interfaces/msg/detail/w_string__rosidl_typesupport_introspection_c.h
-- Up-to-date symlink: /home/saitama1/ros2_foxy/install/example_interfaces/include/example_interfaces/msg/rosidl_typesupport_introspection_c__visibility_control.h
-- Up-to-date symlink: /home/saitama1/ros2_foxy/install/example_interfaces/include/example_interfaces/srv/detail/add_two_ints__rosidl_typesupport_introspection_c.h
-- Up-to-date symlink: /home/saitama1/ros2_foxy/install/example_interfaces/include/example_interfaces/srv/detail/set_bool__rosidl_typesupport_introspection_c.h
-- Up-to-date symlink: /home/saitama1/ros2_foxy/install/example_interfaces/include/example_interfaces/srv/detail/trigger__rosidl_typesupport_introspection_c.h
-- Up-to-date symlink: /home/saitama1/ros2_foxy/install/example_interfaces/include/example_interfaces/action/detail/fibonacci__rosidl_typesupport_fastrtps_c.h
-- Up-to-date symlink: /home/saitama1/ros2_foxy/install/example_interfaces/include/example_interfaces/msg/detail/bool__rosidl_typesupport_fastrtps_c.h
-- Up-to-date symlink: /home/saitama1/ros2_foxy/install/example_interfaces/include/example_interfaces/msg/detail/byte__rosidl_typesupport_fastrtps_c.h
-- Up-to-date symlink: /home/saitama1/ros2_foxy/install/example_interfaces/include/example_interfaces/msg/detail/byte_multi_array__rosidl_typesupport_fastrtps_c.h
-- Up-to-date symlink: /home/saitama1/ros2_foxy/install/example_interfaces/include/example_interfaces/msg/detail/char__rosidl_typesupport_fastrtps_c.h
-- Up-to-date symlink: /home/saitama1/ros2_foxy/install/example_interfaces/include/example_interfaces/msg/detail/empty__rosidl_typesupport_fastrtps_c.h
-- Up-to-date symlink: /home/saitama1/ros2_foxy/install/example_interfaces/include/example_interfaces/msg/detail/float32__rosidl_typesupport_fastrtps_c.h
-- Up-to-date symlink: /home/saitama1/ros2_foxy/install/example_interfaces/include/example_interfaces/msg/detail/float32_multi_array__rosidl_typesupport_fastrtps_c.h
-- Up-to-date symlink: /home/saitama1/ros2_foxy/install/example_interfaces/include/example_interfaces/msg/detail/float64__rosidl_typesupport_fastrtps_c.h
-- Up-to-date symlink: /home/saitama1/ros2_foxy/install/example_interfaces/include/example_interfaces/msg/detail/float64_multi_array__rosidl_typesupport_fastrtps_c.h
-- Up-to-date symlink: /home/saitama1/ros2_foxy/install/example_interfaces/include/example_interfaces/msg/detail/int16__rosidl_typesupport_fastrtps_c.h
-- Up-to-date symlink: /home/saitama1/ros2_foxy/install/example_interfaces/include/example_interfaces/msg/detail/int16_multi_array__rosidl_typesupport_fastrtps_c.h
-- Up-to-date symlink: /home/saitama1/ros2_foxy/install/example_interfaces/include/example_interfaces/msg/detail/int32__rosidl_typesupport_fastrtps_c.h
-- Up-to-date symlink: /home/saitama1/ros2_foxy/install/example_interfaces/include/example_interfaces/msg/detail/int32_multi_array__rosidl_typesupport_fastrtps_c.h
-- Up-to-date symlink: /home/saitama1/ros2_foxy/install/example_interfaces/include/example_interfaces/msg/detail/int64__rosidl_typesupport_fastrtps_c.h
-- Up-to-date symlink: /home/saitama1/ros2_foxy/install/example_interfaces/include/example_interfaces/msg/detail/int64_multi_array__rosidl_typesupport_fastrtps_c.h
-- Up-to-date symlink: /home/saitama1/ros2_foxy/install/example_interfaces/include/example_interfaces/msg/detail/int8__rosidl_typesupport_fastrtps_c.h
-- Up-to-date symlink: /home/saitama1/ros2_foxy/install/example_interfaces/include/example_interfaces/msg/detail/int8_multi_array__rosidl_typesupport_fastrtps_c.h
-- Up-to-date symlink: /home/saitama1/ros2_foxy/install/example_interfaces/include/example_interfaces/msg/detail/multi_array_dimension__rosidl_typesupport_fastrtps_c.h
-- Up-to-date symlink: /home/saitama1/ros2_foxy/install/example_interfaces/include/example_interfaces/msg/detail/multi_array_layout__rosidl_typesupport_fastrtps_c.h
-- Up-to-date symlink: /home/saitama1/ros2_foxy/install/example_interfaces/include/example_interfaces/msg/detail/string__rosidl_typesupport_fastrtps_c.h
-- Up-to-date symlink: /home/saitama1/ros2_foxy/install/example_interfaces/include/example_interfaces/msg/detail/u_int16__rosidl_typesupport_fastrtps_c.h
-- Up-to-date symlink: /home/saitama1/ros2_foxy/install/example_interfaces/include/example_interfaces/msg/detail/u_int16_multi_array__rosidl_typesupport_fastrtps_c.h
-- Up-to-date symlink: /home/saitama1/ros2_foxy/install/example_interfaces/include/example_interfaces/msg/detail/u_int32__rosidl_typesupport_fastrtps_c.h
-- Up-to-date symlink: /home/saitama1/ros2_foxy/install/example_interfaces/include/example_interfaces/msg/detail/u_int32_multi_array__rosidl_typesupport_fastrtps_c.h
-- Up-to-date symlink: /home/saitama1/ros2_foxy/install/example_interfaces/include/example_interfaces/msg/detail/u_int64__rosidl_typesupport_fastrtps_c.h
-- Up-to-date symlink: /home/saitama1/ros2_foxy/install/example_interfaces/include/example_interfaces/msg/detail/u_int64_multi_array__rosidl_typesupport_fastrtps_c.h
-- Up-to-date symlink: /home/saitama1/ros2_foxy/install/example_interfaces/include/example_interfaces/msg/detail/u_int8__rosidl_typesupport_fastrtps_c.h
-- Up-to-date symlink: /home/saitama1/ros2_foxy/install/example_interfaces/include/example_interfaces/msg/detail/u_int8_multi_array__rosidl_typesupport_fastrtps_c.h
-- Up-to-date symlink: /home/saitama1/ros2_foxy/install/example_interfaces/include/example_interfaces/msg/detail/w_string__rosidl_typesupport_fastrtps_c.h
-- Up-to-date symlink: /home/saitama1/ros2_foxy/install/example_interfaces/include/example_interfaces/msg/rosidl_typesupport_fastrtps_c__visibility_control.h
-- Up-to-date symlink: /home/saitama1/ros2_foxy/install/example_interfaces/include/example_interfaces/srv/detail/add_two_ints__rosidl_typesupport_fastrtps_c.h
-- Up-to-date symlink: /home/saitama1/ros2_foxy/install/example_interfaces/include/example_interfaces/srv/detail/set_bool__rosidl_typesupport_fastrtps_c.h
-- Up-to-date symlink: /home/saitama1/ros2_foxy/install/example_interfaces/include/example_interfaces/srv/detail/trigger__rosidl_typesupport_fastrtps_c.h
-- Up-to-date symlink: /home/saitama1/ros2_foxy/install/example_interfaces/lib/libexample_interfaces__rosidl_typesupport_fastrtps_c.so
-- Up-to-date symlink: /home/saitama1/ros2_foxy/install/example_interfaces/include/example_interfaces/action/detail/fibonacci__rosidl_typesupport_fastrtps_cpp.hpp
-- Up-to-date symlink: /home/saitama1/ros2_foxy/install/example_interfaces/include/example_interfaces/msg/detail/bool__rosidl_typesupport_fastrtps_cpp.hpp
-- Up-to-date symlink: /home/saitama1/ros2_foxy/install/example_interfaces/include/example_interfaces/msg/detail/byte__rosidl_typesupport_fastrtps_cpp.hpp
-- Up-to-date symlink: /home/saitama1/ros2_foxy/install/example_interfaces/include/example_interfaces/msg/detail/byte_multi_array__rosidl_typesupport_fastrtps_cpp.hpp
-- Up-to-date symlink: /home/saitama1/ros2_foxy/install/example_interfaces/include/example_interfaces/msg/detail/char__rosidl_typesupport_fastrtps_cpp.hpp
-- Up-to-date symlink: /home/saitama1/ros2_foxy/install/example_interfaces/include/example_interfaces/msg/detail/empty__rosidl_typesupport_fastrtps_cpp.hpp
-- Up-to-date symlink: /home/saitama1/ros2_foxy/install/example_interfaces/include/example_interfaces/msg/detail/float32__rosidl_typesupport_fastrtps_cpp.hpp
-- Up-to-date symlink: /home/saitama1/ros2_foxy/install/example_interfaces/include/example_interfaces/msg/detail/float32_multi_array__rosidl_typesupport_fastrtps_cpp.hpp
-- Up-to-date symlink: /home/saitama1/ros2_foxy/install/example_interfaces/include/example_interfaces/msg/detail/float64__rosidl_typesupport_fastrtps_cpp.hpp
-- Up-to-date symlink: /home/saitama1/ros2_foxy/install/example_interfaces/include/example_interfaces/msg/detail/float64_multi_array__rosidl_typesupport_fastrtps_cpp.hpp
-- Up-to-date symlink: /home/saitama1/ros2_foxy/install/example_interfaces/include/example_interfaces/msg/detail/int16__rosidl_typesupport_fastrtps_cpp.hpp
-- Up-to-date symlink: /home/saitama1/ros2_foxy/install/example_interfaces/include/example_interfaces/msg/detail/int16_multi_array__rosidl_typesupport_fastrtps_cpp.hpp
-- Up-to-date symlink: /home/saitama1/ros2_foxy/install/example_interfaces/include/example_interfaces/msg/detail/int32__rosidl_typesupport_fastrtps_cpp.hpp
-- Up-to-date symlink: /home/saitama1/ros2_foxy/install/example_interfaces/include/example_interfaces/msg/detail/int32_multi_array__rosidl_typesupport_fastrtps_cpp.hpp
-- Up-to-date symlink: /home/saitama1/ros2_foxy/install/example_interfaces/include/example_interfaces/msg/detail/int64__rosidl_typesupport_fastrtps_cpp.hpp
-- Up-to-date symlink: /home/saitama1/ros2_foxy/install/example_interfaces/include/example_interfaces/msg/detail/int64_multi_array__rosidl_typesupport_fastrtps_cpp.hpp
-- Up-to-date symlink: /home/saitama1/ros2_foxy/install/example_interfaces/include/example_interfaces/msg/detail/int8__rosidl_typesupport_fastrtps_cpp.hpp
-- Up-to-date symlink: /home/saitama1/ros2_foxy/install/example_interfaces/include/example_interfaces/msg/detail/int8_multi_array__rosidl_typesupport_fastrtps_cpp.hpp
-- Up-to-date symlink: /home/saitama1/ros2_foxy/install/example_interfaces/include/example_interfaces/msg/detail/multi_array_dimension__rosidl_typesupport_fastrtps_cpp.hpp
-- Up-to-date symlink: /home/saitama1/ros2_foxy/install/example_interfaces/include/example_interfaces/msg/detail/multi_array_layout__rosidl_typesupport_fastrtps_cpp.hpp
-- Up-to-date symlink: /home/saitama1/ros2_foxy/install/example_interfaces/include/example_interfaces/msg/detail/string__rosidl_typesupport_fastrtps_cpp.hpp
-- Up-to-date symlink: /home/saitama1/ros2_foxy/install/example_interfaces/include/example_interfaces/msg/detail/u_int16__rosidl_typesupport_fastrtps_cpp.hpp
-- Up-to-date symlink: /home/saitama1/ros2_foxy/install/example_interfaces/include/example_interfaces/msg/detail/u_int16_multi_array__rosidl_typesupport_fastrtps_cpp.hpp
-- Up-to-date symlink: /home/saitama1/ros2_foxy/install/example_interfaces/include/example_interfaces/msg/detail/u_int32__rosidl_typesupport_fastrtps_cpp.hpp
-- Up-to-date symlink: /home/saitama1/ros2_foxy/install/example_interfaces/include/example_interfaces/msg/detail/u_int32_multi_array__rosidl_typesupport_fastrtps_cpp.hpp
-- Up-to-date symlink: /home/saitama1/ros2_foxy/install/example_interfaces/include/example_interfaces/msg/detail/u_int64__rosidl_typesupport_fastrtps_cpp.hpp
-- Up-to-date symlink: /home/saitama1/ros2_foxy/install/example_interfaces/include/example_interfaces/msg/detail/u_int64_multi_array__rosidl_typesupport_fastrtps_cpp.hpp
-- Up-to-date symlink: /home/saitama1/ros2_foxy/install/example_interfaces/include/example_interfaces/msg/detail/u_int8__rosidl_typesupport_fastrtps_cpp.hpp
-- Up-to-date symlink: /home/saitama1/ros2_foxy/install/example_interfaces/include/example_interfaces/msg/detail/u_int8_multi_array__rosidl_typesupport_fastrtps_cpp.hpp
-- Up-to-date symlink: /home/saitama1/ros2_foxy/install/example_interfaces/include/example_interfaces/msg/detail/w_string__rosidl_typesupport_fastrtps_cpp.hpp
-- Up-to-date symlink: /home/saitama1/ros2_foxy/install/example_interfaces/include/example_interfaces/msg/rosidl_typesupport_fastrtps_cpp__visibility_control.h
-- Up-to-date symlink: /home/saitama1/ros2_foxy/install/example_interfaces/include/example_interfaces/srv/detail/add_two_ints__rosidl_typesupport_fastrtps_cpp.hpp
-- Up-to-date symlink: /home/saitama1/ros2_foxy/install/example_interfaces/include/example_interfaces/srv/detail/set_bool__rosidl_typesupport_fastrtps_cpp.hpp
-- Up-to-date symlink: /home/saitama1/ros2_foxy/install/example_interfaces/include/example_interfaces/srv/detail/trigger__rosidl_typesupport_fastrtps_cpp.hpp
-- Up-to-date symlink: /home/saitama1/ros2_foxy/install/example_interfaces/lib/libexample_interfaces__rosidl_typesupport_fastrtps_cpp.so
-- Up-to-date symlink: /home/saitama1/ros2_foxy/install/example_interfaces/include/example_interfaces/action/detail/fibonacci__builder.hpp
-- Up-to-date symlink: /home/saitama1/ros2_foxy/install/example_interfaces/include/example_interfaces/action/detail/fibonacci__struct.hpp
-- Up-to-date symlink: /home/saitama1/ros2_foxy/install/example_interfaces/include/example_interfaces/action/detail/fibonacci__traits.hpp
-- Up-to-date symlink: /home/saitama1/ros2_foxy/install/example_interfaces/include/example_interfaces/action/fibonacci.hpp
-- Up-to-date symlink: /home/saitama1/ros2_foxy/install/example_interfaces/include/example_interfaces/msg/bool.hpp
-- Up-to-date symlink: /home/saitama1/ros2_foxy/install/example_interfaces/include/example_interfaces/msg/byte.hpp
-- Up-to-date symlink: /home/saitama1/ros2_foxy/install/example_interfaces/include/example_interfaces/msg/byte_multi_array.hpp
-- Up-to-date symlink: /home/saitama1/ros2_foxy/install/example_interfaces/include/example_interfaces/msg/char.hpp
-- Up-to-date symlink: /home/saitama1/ros2_foxy/install/example_interfaces/include/example_interfaces/msg/detail/bool__builder.hpp
-- Up-to-date symlink: /home/saitama1/ros2_foxy/install/example_interfaces/include/example_interfaces/msg/detail/bool__struct.hpp
-- Up-to-date symlink: /home/saitama1/ros2_foxy/install/example_interfaces/include/example_interfaces/msg/detail/bool__traits.hpp
-- Up-to-date symlink: /home/saitama1/ros2_foxy/install/example_interfaces/include/example_interfaces/msg/detail/byte__builder.hpp
-- Up-to-date symlink: /home/saitama1/ros2_foxy/install/example_interfaces/include/example_interfaces/msg/detail/byte__struct.hpp
-- Up-to-date symlink: /home/saitama1/ros2_foxy/install/example_interfaces/include/example_interfaces/msg/detail/byte__traits.hpp
-- Up-to-date symlink: /home/saitama1/ros2_foxy/install/example_interfaces/include/example_interfaces/msg/detail/byte_multi_array__builder.hpp
-- Up-to-date symlink: /home/saitama1/ros2_foxy/install/example_interfaces/include/example_interfaces/msg/detail/byte_multi_array__struct.hpp
-- Up-to-date symlink: /home/saitama1/ros2_foxy/install/example_interfaces/include/example_interfaces/msg/detail/byte_multi_array__traits.hpp
-- Up-to-date symlink: /home/saitama1/ros2_foxy/install/example_interfaces/include/example_interfaces/msg/detail/char__builder.hpp
-- Up-to-date symlink: /home/saitama1/ros2_foxy/install/example_interfaces/include/example_interfaces/msg/detail/char__struct.hpp
-- Up-to-date symlink: /home/saitama1/ros2_foxy/install/example_interfaces/include/example_interfaces/msg/detail/char__traits.hpp
-- Up-to-date symlink: /home/saitama1/ros2_foxy/install/example_interfaces/include/example_interfaces/msg/detail/empty__builder.hpp
-- Up-to-date symlink: /home/saitama1/ros2_foxy/install/example_interfaces/include/example_interfaces/msg/detail/empty__struct.hpp
-- Up-to-date symlink: /home/saitama1/ros2_foxy/install/example_interfaces/include/example_interfaces/msg/detail/empty__traits.hpp
-- Up-to-date symlink: /home/saitama1/ros2_foxy/install/example_interfaces/include/example_interfaces/msg/detail/float32__builder.hpp
-- Up-to-date symlink: /home/saitama1/ros2_foxy/install/example_interfaces/include/example_interfaces/msg/detail/float32__struct.hpp
-- Up-to-date symlink: /home/saitama1/ros2_foxy/install/example_interfaces/include/example_interfaces/msg/detail/float32__traits.hpp
-- Up-to-date symlink: /home/saitama1/ros2_foxy/install/example_interfaces/include/example_interfaces/msg/detail/float32_multi_array__builder.hpp
-- Up-to-date symlink: /home/saitama1/ros2_foxy/install/example_interfaces/include/example_interfaces/msg/detail/float32_multi_array__struct.hpp
-- Up-to-date symlink: /home/saitama1/ros2_foxy/install/example_interfaces/include/example_interfaces/msg/detail/float32_multi_array__traits.hpp
-- Up-to-date symlink: /home/saitama1/ros2_foxy/install/example_interfaces/include/example_interfaces/msg/detail/float64__builder.hpp
-- Up-to-date symlink: /home/saitama1/ros2_foxy/install/example_interfaces/include/example_interfaces/msg/detail/float64__struct.hpp
-- Up-to-date symlink: /home/saitama1/ros2_foxy/install/example_interfaces/include/example_interfaces/msg/detail/float64__traits.hpp
-- Up-to-date symlink: /home/saitama1/ros2_foxy/install/example_interfaces/include/example_interfaces/msg/detail/float64_multi_array__builder.hpp
-- Up-to-date symlink: /home/saitama1/ros2_foxy/install/example_interfaces/include/example_interfaces/msg/detail/float64_multi_array__struct.hpp
-- Up-to-date symlink: /home/saitama1/ros2_foxy/install/example_interfaces/include/example_interfaces/msg/detail/float64_multi_array__traits.hpp
-- Up-to-date symlink: /home/saitama1/ros2_foxy/install/example_interfaces/include/example_interfaces/msg/detail/int16__builder.hpp
-- Up-to-date symlink: /home/saitama1/ros2_foxy/install/example_interfaces/include/example_interfaces/msg/detail/int16__struct.hpp
-- Up-to-date symlink: /home/saitama1/ros2_foxy/install/example_interfaces/include/example_interfaces/msg/detail/int16__traits.hpp
-- Up-to-date symlink: /home/saitama1/ros2_foxy/install/example_interfaces/include/example_interfaces/msg/detail/int16_multi_array__builder.hpp
-- Up-to-date symlink: /home/saitama1/ros2_foxy/install/example_interfaces/include/example_interfaces/msg/detail/int16_multi_array__struct.hpp
-- Up-to-date symlink: /home/saitama1/ros2_foxy/install/example_interfaces/include/example_interfaces/msg/detail/int16_multi_array__traits.hpp
-- Up-to-date symlink: /home/saitama1/ros2_foxy/install/example_interfaces/include/example_interfaces/msg/detail/int32__builder.hpp
-- Up-to-date symlink: /home/saitama1/ros2_foxy/install/example_interfaces/include/example_interfaces/msg/detail/int32__struct.hpp
-- Up-to-date symlink: /home/saitama1/ros2_foxy/install/example_interfaces/include/example_interfaces/msg/detail/int32__traits.hpp
-- Up-to-date symlink: /home/saitama1/ros2_foxy/install/example_interfaces/include/example_interfaces/msg/detail/int32_multi_array__builder.hpp
-- Up-to-date symlink: /home/saitama1/ros2_foxy/install/example_interfaces/include/example_interfaces/msg/detail/int32_multi_array__struct.hpp
-- Up-to-date symlink: /home/saitama1/ros2_foxy/install/example_interfaces/include/example_interfaces/msg/detail/int32_multi_array__traits.hpp
-- Up-to-date symlink: /home/saitama1/ros2_foxy/install/example_interfaces/include/example_interfaces/msg/detail/int64__builder.hpp
-- Up-to-date symlink: /home/saitama1/ros2_foxy/install/example_interfaces/include/example_interfaces/msg/detail/int64__struct.hpp
-- Up-to-date symlink: /home/saitama1/ros2_foxy/install/example_interfaces/include/example_interfaces/msg/detail/int64__traits.hpp
-- Up-to-date symlink: /home/saitama1/ros2_foxy/install/example_interfaces/include/example_interfaces/msg/detail/int64_multi_array__builder.hpp
-- Up-to-date symlink: /home/saitama1/ros2_foxy/install/example_interfaces/include/example_interfaces/msg/detail/int64_multi_array__struct.hpp
-- Up-to-date symlink: /home/saitama1/ros2_foxy/install/example_interfaces/include/example_interfaces/msg/detail/int64_multi_array__traits.hpp
-- Up-to-date symlink: /home/saitama1/ros2_foxy/install/example_interfaces/include/example_interfaces/msg/detail/int8__builder.hpp
-- Up-to-date symlink: /home/saitama1/ros2_foxy/install/example_interfaces/include/example_interfaces/msg/detail/int8__struct.hpp
-- Up-to-date symlink: /home/saitama1/ros2_foxy/install/example_interfaces/include/example_interfaces/msg/detail/int8__traits.hpp
-- Up-to-date symlink: /home/saitama1/ros2_foxy/install/example_interfaces/include/example_interfaces/msg/detail/int8_multi_array__builder.hpp
-- Up-to-date symlink: /home/saitama1/ros2_foxy/install/example_interfaces/include/example_interfaces/msg/detail/int8_multi_array__struct.hpp
-- Up-to-date symlink: /home/saitama1/ros2_foxy/install/example_interfaces/include/example_interfaces/msg/detail/int8_multi_array__traits.hpp
-- Up-to-date symlink: /home/saitama1/ros2_foxy/install/example_interfaces/include/example_interfaces/msg/detail/multi_array_dimension__builder.hpp
-- Up-to-date symlink: /home/saitama1/ros2_foxy/install/example_interfaces/include/example_interfaces/msg/detail/multi_array_dimension__struct.hpp
-- Up-to-date symlink: /home/saitama1/ros2_foxy/install/example_interfaces/include/example_interfaces/msg/detail/multi_array_dimension__traits.hpp
-- Up-to-date symlink: /home/saitama1/ros2_foxy/install/example_interfaces/include/example_interfaces/msg/detail/multi_array_layout__builder.hpp
-- Up-to-date symlink: /home/saitama1/ros2_foxy/install/example_interfaces/include/example_interfaces/msg/detail/multi_array_layout__struct.hpp
-- Up-to-date symlink: /home/saitama1/ros2_foxy/install/example_interfaces/include/example_interfaces/msg/detail/multi_array_layout__traits.hpp
-- Up-to-date symlink: /home/saitama1/ros2_foxy/install/example_interfaces/include/example_interfaces/msg/detail/string__builder.hpp
-- Up-to-date symlink: /home/saitama1/ros2_foxy/install/example_interfaces/include/example_interfaces/msg/detail/string__struct.hpp
-- Up-to-date symlink: /home/saitama1/ros2_foxy/install/example_interfaces/include/example_interfaces/msg/detail/string__traits.hpp
-- Up-to-date symlink: /home/saitama1/ros2_foxy/install/example_interfaces/include/example_interfaces/msg/detail/u_int16__builder.hpp
-- Up-to-date symlink: /home/saitama1/ros2_foxy/install/example_interfaces/include/example_interfaces/msg/detail/u_int16__struct.hpp
-- Up-to-date symlink: /home/saitama1/ros2_foxy/install/example_interfaces/include/example_interfaces/msg/detail/u_int16__traits.hpp
-- Up-to-date symlink: /home/saitama1/ros2_foxy/install/example_interfaces/include/example_interfaces/msg/detail/u_int16_multi_array__builder.hpp
-- Up-to-date symlink: /home/saitama1/ros2_foxy/install/example_interfaces/include/example_interfaces/msg/detail/u_int16_multi_array__struct.hpp
-- Up-to-date symlink: /home/saitama1/ros2_foxy/install/example_interfaces/include/example_interfaces/msg/detail/u_int16_multi_array__traits.hpp
-- Up-to-date symlink: /home/saitama1/ros2_foxy/install/example_interfaces/include/example_interfaces/msg/detail/u_int32__builder.hpp
-- Up-to-date symlink: /home/saitama1/ros2_foxy/install/example_interfaces/include/example_interfaces/msg/detail/u_int32__struct.hpp
-- Up-to-date symlink: /home/saitama1/ros2_foxy/install/example_interfaces/include/example_interfaces/msg/detail/u_int32__traits.hpp
-- Up-to-date symlink: /home/saitama1/ros2_foxy/install/example_interfaces/include/example_interfaces/msg/detail/u_int32_multi_array__builder.hpp
-- Up-to-date symlink: /home/saitama1/ros2_foxy/install/example_interfaces/include/example_interfaces/msg/detail/u_int32_multi_array__struct.hpp
-- Up-to-date symlink: /home/saitama1/ros2_foxy/install/example_interfaces/include/example_interfaces/msg/detail/u_int32_multi_array__traits.hpp
-- Up-to-date symlink: /home/saitama1/ros2_foxy/install/example_interfaces/include/example_interfaces/msg/detail/u_int64__builder.hpp
-- Up-to-date symlink: /home/saitama1/ros2_foxy/install/example_interfaces/include/example_interfaces/msg/detail/u_int64__struct.hpp
-- Up-to-date symlink: /home/saitama1/ros2_foxy/install/example_interfaces/include/example_interfaces/msg/detail/u_int64__traits.hpp
-- Up-to-date symlink: /home/saitama1/ros2_foxy/install/example_interfaces/include/example_interfaces/msg/detail/u_int64_multi_array__builder.hpp
-- Up-to-date symlink: /home/saitama1/ros2_foxy/install/example_interfaces/include/example_interfaces/msg/detail/u_int64_multi_array__struct.hpp
-- Up-to-date symlink: /home/saitama1/ros2_foxy/install/example_interfaces/include/example_interfaces/msg/detail/u_int64_multi_array__traits.hpp
-- Up-to-date symlink: /home/saitama1/ros2_foxy/install/example_interfaces/include/example_interfaces/msg/detail/u_int8__builder.hpp
-- Up-to-date symlink: /home/saitama1/ros2_foxy/install/example_interfaces/include/example_interfaces/msg/detail/u_int8__struct.hpp
-- Up-to-date symlink: /home/saitama1/ros2_foxy/install/example_interfaces/include/example_interfaces/msg/detail/u_int8__traits.hpp
-- Up-to-date symlink: /home/saitama1/ros2_foxy/install/example_interfaces/include/example_interfaces/msg/detail/u_int8_multi_array__builder.hpp
-- Up-to-date symlink: /home/saitama1/ros2_foxy/install/example_interfaces/include/example_interfaces/msg/detail/u_int8_multi_array__struct.hpp
-- Up-to-date symlink: /home/saitama1/ros2_foxy/install/example_interfaces/include/example_interfaces/msg/detail/u_int8_multi_array__traits.hpp
-- Up-to-date symlink: /home/saitama1/ros2_foxy/install/example_interfaces/include/example_interfaces/msg/detail/w_string__builder.hpp
-- Up-to-date symlink: /home/saitama1/ros2_foxy/install/example_interfaces/include/example_interfaces/msg/detail/w_string__struct.hpp
-- Up-to-date symlink: /home/saitama1/ros2_foxy/install/example_interfaces/include/example_interfaces/msg/detail/w_string__traits.hpp
-- Up-to-date symlink: /home/saitama1/ros2_foxy/install/example_interfaces/include/example_interfaces/msg/empty.hpp
-- Up-to-date symlink: /home/saitama1/ros2_foxy/install/example_interfaces/include/example_interfaces/msg/float32.hpp
-- Up-to-date symlink: /home/saitama1/ros2_foxy/install/example_interfaces/include/example_interfaces/msg/float32_multi_array.hpp
-- Up-to-date symlink: /home/saitama1/ros2_foxy/install/example_interfaces/include/example_interfaces/msg/float64.hpp
-- Up-to-date symlink: /home/saitama1/ros2_foxy/install/example_interfaces/include/example_interfaces/msg/float64_multi_array.hpp
-- Up-to-date symlink: /home/saitama1/ros2_foxy/install/example_interfaces/include/example_interfaces/msg/int16.hpp
-- Up-to-date symlink: /home/saitama1/ros2_foxy/install/example_interfaces/include/example_interfaces/msg/int16_multi_array.hpp
-- Up-to-date symlink: /home/saitama1/ros2_foxy/install/example_interfaces/include/example_interfaces/msg/int32.hpp
-- Up-to-date symlink: /home/saitama1/ros2_foxy/install/example_interfaces/include/example_interfaces/msg/int32_multi_array.hpp
-- Up-to-date symlink: /home/saitama1/ros2_foxy/install/example_interfaces/include/example_interfaces/msg/int64.hpp
-- Up-to-date symlink: /home/saitama1/ros2_foxy/install/example_interfaces/include/example_interfaces/msg/int64_multi_array.hpp
-- Up-to-date symlink: /home/saitama1/ros2_foxy/install/example_interfaces/include/example_interfaces/msg/int8.hpp
-- Up-to-date symlink: /home/saitama1/ros2_foxy/install/example_interfaces/include/example_interfaces/msg/int8_multi_array.hpp
-- Up-to-date symlink: /home/saitama1/ros2_foxy/install/example_interfaces/include/example_interfaces/msg/multi_array_dimension.hpp
-- Up-to-date symlink: /home/saitama1/ros2_foxy/install/example_interfaces/include/example_interfaces/msg/multi_array_layout.hpp
-- Up-to-date symlink: /home/saitama1/ros2_foxy/install/example_interfaces/include/example_interfaces/msg/string.hpp
-- Up-to-date symlink: /home/saitama1/ros2_foxy/install/example_interfaces/include/example_interfaces/msg/u_int16.hpp
-- Up-to-date symlink: /home/saitama1/ros2_foxy/install/example_interfaces/include/example_interfaces/msg/u_int16_multi_array.hpp
-- Up-to-date symlink: /home/saitama1/ros2_foxy/install/example_interfaces/include/example_interfaces/msg/u_int32.hpp
-- Up-to-date symlink: /home/saitama1/ros2_foxy/install/example_interfaces/include/example_interfaces/msg/u_int32_multi_array.hpp
-- Up-to-date symlink: /home/saitama1/ros2_foxy/install/example_interfaces/include/example_interfaces/msg/u_int64.hpp
-- Up-to-date symlink: /home/saitama1/ros2_foxy/install/example_interfaces/include/example_interfaces/msg/u_int64_multi_array.hpp
-- Up-to-date symlink: /home/saitama1/ros2_foxy/install/example_interfaces/include/example_interfaces/msg/u_int8.hpp
-- Up-to-date symlink: /home/saitama1/ros2_foxy/install/example_interfaces/include/example_interfaces/msg/u_int8_multi_array.hpp
-- Up-to-date symlink: /home/saitama1/ros2_foxy/install/example_interfaces/include/example_interfaces/msg/w_string.hpp
-- Up-to-date symlink: /home/saitama1/ros2_foxy/install/example_interfaces/include/example_interfaces/srv/add_two_ints.hpp
-- Up-to-date symlink: /home/saitama1/ros2_foxy/install/example_interfaces/include/example_interfaces/srv/detail/add_two_ints__builder.hpp
-- Up-to-date symlink: /home/saitama1/ros2_foxy/install/example_interfaces/include/example_interfaces/srv/detail/add_two_ints__struct.hpp
-- Up-to-date symlink: /home/saitama1/ros2_foxy/install/example_interfaces/include/example_interfaces/srv/detail/add_two_ints__traits.hpp
-- Up-to-date symlink: /home/saitama1/ros2_foxy/install/example_interfaces/include/example_interfaces/srv/detail/set_bool__builder.hpp
-- Up-to-date symlink: /home/saitama1/ros2_foxy/install/example_interfaces/include/example_interfaces/srv/detail/set_bool__struct.hpp
-- Up-to-date symlink: /home/saitama1/ros2_foxy/install/example_interfaces/include/example_interfaces/srv/detail/set_bool__traits.hpp
-- Up-to-date symlink: /home/saitama1/ros2_foxy/install/example_interfaces/include/example_interfaces/srv/detail/trigger__builder.hpp
-- Up-to-date symlink: /home/saitama1/ros2_foxy/install/example_interfaces/include/example_interfaces/srv/detail/trigger__struct.hpp
-- Up-to-date symlink: /home/saitama1/ros2_foxy/install/example_interfaces/include/example_interfaces/srv/detail/trigger__traits.hpp
-- Up-to-date symlink: /home/saitama1/ros2_foxy/install/example_interfaces/include/example_interfaces/srv/set_bool.hpp
-- Up-to-date symlink: /home/saitama1/ros2_foxy/install/example_interfaces/include/example_interfaces/srv/trigger.hpp
-- Up-to-date symlink: /home/saitama1/ros2_foxy/install/example_interfaces/include/example_interfaces/action/detail/fibonacci__rosidl_typesupport_introspection_cpp.hpp
-- Up-to-date symlink: /home/saitama1/ros2_foxy/install/example_interfaces/include/example_interfaces/msg/detail/bool__rosidl_typesupport_introspection_cpp.hpp
-- Up-to-date symlink: /home/saitama1/ros2_foxy/install/example_interfaces/include/example_interfaces/msg/detail/byte__rosidl_typesupport_introspection_cpp.hpp
-- Up-to-date symlink: /home/saitama1/ros2_foxy/install/example_interfaces/include/example_interfaces/msg/detail/byte_multi_array__rosidl_typesupport_introspection_cpp.hpp
-- Up-to-date symlink: /home/saitama1/ros2_foxy/install/example_interfaces/include/example_interfaces/msg/detail/char__rosidl_typesupport_introspection_cpp.hpp
-- Up-to-date symlink: /home/saitama1/ros2_foxy/install/example_interfaces/include/example_interfaces/msg/detail/empty__rosidl_typesupport_introspection_cpp.hpp
-- Up-to-date symlink: /home/saitama1/ros2_foxy/install/example_interfaces/include/example_interfaces/msg/detail/float32__rosidl_typesupport_introspection_cpp.hpp
-- Up-to-date symlink: /home/saitama1/ros2_foxy/install/example_interfaces/include/example_interfaces/msg/detail/float32_multi_array__rosidl_typesupport_introspection_cpp.hpp
-- Up-to-date symlink: /home/saitama1/ros2_foxy/install/example_interfaces/include/example_interfaces/msg/detail/float64__rosidl_typesupport_introspection_cpp.hpp
-- Up-to-date symlink: /home/saitama1/ros2_foxy/install/example_interfaces/include/example_interfaces/msg/detail/float64_multi_array__rosidl_typesupport_introspection_cpp.hpp
-- Up-to-date symlink: /home/saitama1/ros2_foxy/install/example_interfaces/include/example_interfaces/msg/detail/int16__rosidl_typesupport_introspection_cpp.hpp
-- Up-to-date symlink: /home/saitama1/ros2_foxy/install/example_interfaces/include/example_interfaces/msg/detail/int16_multi_array__rosidl_typesupport_introspection_cpp.hpp
-- Up-to-date symlink: /home/saitama1/ros2_foxy/install/example_interfaces/include/example_interfaces/msg/detail/int32__rosidl_typesupport_introspection_cpp.hpp
-- Up-to-date symlink: /home/saitama1/ros2_foxy/install/example_interfaces/include/example_interfaces/msg/detail/int32_multi_array__rosidl_typesupport_introspection_cpp.hpp
-- Up-to-date symlink: /home/saitama1/ros2_foxy/install/example_interfaces/include/example_interfaces/msg/detail/int64__rosidl_typesupport_introspection_cpp.hpp
-- Up-to-date symlink: /home/saitama1/ros2_foxy/install/example_interfaces/include/example_interfaces/msg/detail/int64_multi_array__rosidl_typesupport_introspection_cpp.hpp
-- Up-to-date symlink: /home/saitama1/ros2_foxy/install/example_interfaces/include/example_interfaces/msg/detail/int8__rosidl_typesupport_introspection_cpp.hpp
-- Up-to-date symlink: /home/saitama1/ros2_foxy/install/example_interfaces/include/example_interfaces/msg/detail/int8_multi_array__rosidl_typesupport_introspection_cpp.hpp
-- Up-to-date symlink: /home/saitama1/ros2_foxy/install/example_interfaces/include/example_interfaces/msg/detail/multi_array_dimension__rosidl_typesupport_introspection_cpp.hpp
-- Up-to-date symlink: /home/saitama1/ros2_foxy/install/example_interfaces/include/example_interfaces/msg/detail/multi_array_layout__rosidl_typesupport_introspection_cpp.hpp
-- Up-to-date symlink: /home/saitama1/ros2_foxy/install/example_interfaces/include/example_interfaces/msg/detail/string__rosidl_typesupport_introspection_cpp.hpp
-- Up-to-date symlink: /home/saitama1/ros2_foxy/install/example_interfaces/include/example_interfaces/msg/detail/u_int16__rosidl_typesupport_introspection_cpp.hpp
-- Up-to-date symlink: /home/saitama1/ros2_foxy/install/example_interfaces/include/example_interfaces/msg/detail/u_int16_multi_array__rosidl_typesupport_introspection_cpp.hpp
-- Up-to-date symlink: /home/saitama1/ros2_foxy/install/example_interfaces/include/example_interfaces/msg/detail/u_int32__rosidl_typesupport_introspection_cpp.hpp
-- Up-to-date symlink: /home/saitama1/ros2_foxy/install/example_interfaces/include/example_interfaces/msg/detail/u_int32_multi_array__rosidl_typesupport_introspection_cpp.hpp
-- Up-to-date symlink: /home/saitama1/ros2_foxy/install/example_interfaces/include/example_interfaces/msg/detail/u_int64__rosidl_typesupport_introspection_cpp.hpp
-- Up-to-date symlink: /home/saitama1/ros2_foxy/install/example_interfaces/include/example_interfaces/msg/detail/u_int64_multi_array__rosidl_typesupport_introspection_cpp.hpp
-- Up-to-date symlink: /home/saitama1/ros2_foxy/install/example_interfaces/include/example_interfaces/msg/detail/u_int8__rosidl_typesupport_introspection_cpp.hpp
-- Up-to-date symlink: /home/saitama1/ros2_foxy/install/example_interfaces/include/example_interfaces/msg/detail/u_int8_multi_array__rosidl_typesupport_introspection_cpp.hpp
-- Up-to-date symlink: /home/saitama1/ros2_foxy/install/example_interfaces/include/example_interfaces/msg/detail/w_string__rosidl_typesupport_introspection_cpp.hpp
-- Up-to-date symlink: /home/saitama1/ros2_foxy/install/example_interfaces/include/example_interfaces/srv/detail/add_two_ints__rosidl_typesupport_introspection_cpp.hpp
-- Up-to-date symlink: /home/saitama1/ros2_foxy/install/example_interfaces/include/example_interfaces/srv/detail/set_bool__rosidl_typesupport_introspection_cpp.hpp
-- Up-to-date symlink: /home/saitama1/ros2_foxy/install/example_interfaces/include/example_interfaces/srv/detail/trigger__rosidl_typesupport_introspection_cpp.hpp
-- Up-to-date symlink: /home/saitama1/ros2_foxy/install/example_interfaces/share/example_interfaces/environment/pythonpath.sh
-- Up-to-date symlink: /home/saitama1/ros2_foxy/install/example_interfaces/share/example_interfaces/environment/pythonpath.dsv
-- Up-to-date symlink: /home/saitama1/ros2_foxy/install/example_interfaces/lib/python3.8/site-packages/example_interfaces/__init__.py
-- Up-to-date symlink: /home/saitama1/ros2_foxy/install/example_interfaces/lib/python3.8/site-packages/example_interfaces/action/__init__.py
-- Up-to-date symlink: /home/saitama1/ros2_foxy/install/example_interfaces/lib/python3.8/site-packages/example_interfaces/action/_fibonacci.py
-- Up-to-date symlink: /home/saitama1/ros2_foxy/install/example_interfaces/lib/python3.8/site-packages/example_interfaces/msg/__init__.py
-- Up-to-date symlink: /home/saitama1/ros2_foxy/install/example_interfaces/lib/python3.8/site-packages/example_interfaces/msg/_bool.py
-- Up-to-date symlink: /home/saitama1/ros2_foxy/install/example_interfaces/lib/python3.8/site-packages/example_interfaces/msg/_byte.py
-- Up-to-date symlink: /home/saitama1/ros2_foxy/install/example_interfaces/lib/python3.8/site-packages/example_interfaces/msg/_byte_multi_array.py
-- Up-to-date symlink: /home/saitama1/ros2_foxy/install/example_interfaces/lib/python3.8/site-packages/example_interfaces/msg/_char.py
-- Up-to-date symlink: /home/saitama1/ros2_foxy/install/example_interfaces/lib/python3.8/site-packages/example_interfaces/msg/_empty.py
-- Up-to-date symlink: /home/saitama1/ros2_foxy/install/example_interfaces/lib/python3.8/site-packages/example_interfaces/msg/_float32.py
-- Up-to-date symlink: /home/saitama1/ros2_foxy/install/example_interfaces/lib/python3.8/site-packages/example_interfaces/msg/_float32_multi_array.py
-- Up-to-date symlink: /home/saitama1/ros2_foxy/install/example_interfaces/lib/python3.8/site-packages/example_interfaces/msg/_float64.py
-- Up-to-date symlink: /home/saitama1/ros2_foxy/install/example_interfaces/lib/python3.8/site-packages/example_interfaces/msg/_float64_multi_array.py
-- Up-to-date symlink: /home/saitama1/ros2_foxy/install/example_interfaces/lib/python3.8/site-packages/example_interfaces/msg/_int16.py
-- Up-to-date symlink: /home/saitama1/ros2_foxy/install/example_interfaces/lib/python3.8/site-packages/example_interfaces/msg/_int16_multi_array.py
-- Up-to-date symlink: /home/saitama1/ros2_foxy/install/example_interfaces/lib/python3.8/site-packages/example_interfaces/msg/_int32.py
-- Up-to-date symlink: /home/saitama1/ros2_foxy/install/example_interfaces/lib/python3.8/site-packages/example_interfaces/msg/_int32_multi_array.py
-- Up-to-date symlink: /home/saitama1/ros2_foxy/install/example_interfaces/lib/python3.8/site-packages/example_interfaces/msg/_int64.py
-- Up-to-date symlink: /home/saitama1/ros2_foxy/install/example_interfaces/lib/python3.8/site-packages/example_interfaces/msg/_int64_multi_array.py
-- Up-to-date symlink: /home/saitama1/ros2_foxy/install/example_interfaces/lib/python3.8/site-packages/example_interfaces/msg/_int8.py
-- Up-to-date symlink: /home/saitama1/ros2_foxy/install/example_interfaces/lib/python3.8/site-packages/example_interfaces/msg/_int8_multi_array.py
-- Up-to-date symlink: /home/saitama1/ros2_foxy/install/example_interfaces/lib/python3.8/site-packages/example_interfaces/msg/_multi_array_dimension.py
-- Up-to-date symlink: /home/saitama1/ros2_foxy/install/example_interfaces/lib/python3.8/site-packages/example_interfaces/msg/_multi_array_layout.py
-- Up-to-date symlink: /home/saitama1/ros2_foxy/install/example_interfaces/lib/python3.8/site-packages/example_interfaces/msg/_string.py
-- Up-to-date symlink: /home/saitama1/ros2_foxy/install/example_interfaces/lib/python3.8/site-packages/example_interfaces/msg/_u_int16.py
-- Up-to-date symlink: /home/saitama1/ros2_foxy/install/example_interfaces/lib/python3.8/site-packages/example_interfaces/msg/_u_int16_multi_array.py
-- Up-to-date symlink: /home/saitama1/ros2_foxy/install/example_interfaces/lib/python3.8/site-packages/example_interfaces/msg/_u_int32.py
-- Up-to-date symlink: /home/saitama1/ros2_foxy/install/example_interfaces/lib/python3.8/site-packages/example_interfaces/msg/_u_int32_multi_array.py
-- Up-to-date symlink: /home/saitama1/ros2_foxy/install/example_interfaces/lib/python3.8/site-packages/example_interfaces/msg/_u_int64.py
-- Up-to-date symlink: /home/saitama1/ros2_foxy/install/example_interfaces/lib/python3.8/site-packages/example_interfaces/msg/_u_int64_multi_array.py
-- Up-to-date symlink: /home/saitama1/ros2_foxy/install/example_interfaces/lib/python3.8/site-packages/example_interfaces/msg/_u_int8.py
-- Up-to-date symlink: /home/saitama1/ros2_foxy/install/example_interfaces/lib/python3.8/site-packages/example_interfaces/msg/_u_int8_multi_array.py
-- Up-to-date symlink: /home/saitama1/ros2_foxy/install/example_interfaces/lib/python3.8/site-packages/example_interfaces/msg/_w_string.py
-- Up-to-date symlink: /home/saitama1/ros2_foxy/install/example_interfaces/lib/python3.8/site-packages/example_interfaces/srv/__init__.py
-- Up-to-date symlink: /home/saitama1/ros2_foxy/install/example_interfaces/lib/python3.8/site-packages/example_interfaces/srv/_add_two_ints.py
-- Up-to-date symlink: /home/saitama1/ros2_foxy/install/example_interfaces/lib/python3.8/site-packages/example_interfaces/srv/_set_bool.py
-- Up-to-date symlink: /home/saitama1/ros2_foxy/install/example_interfaces/lib/python3.8/site-packages/example_interfaces/srv/_trigger.py
-- Up-to-date symlink: /home/saitama1/ros2_foxy/install/example_interfaces/lib/python3.8/site-packages/example_interfaces/example_interfaces_s__rosidl_typesupport_introspection_c.cpython-38-x86_64-linux-gnu.so
-- Up-to-date symlink: /home/saitama1/ros2_foxy/install/example_interfaces/lib/python3.8/site-packages/example_interfaces/example_interfaces_s__rosidl_typesupport_fastrtps_c.cpython-38-x86_64-linux-gnu.so
-- Up-to-date symlink: /home/saitama1/ros2_foxy/install/example_interfaces/lib/python3.8/site-packages/example_interfaces/example_interfaces_s__rosidl_typesupport_c.cpython-38-x86_64-linux-gnu.so
-- Up-to-date symlink: /home/saitama1/ros2_foxy/install/example_interfaces/lib/libexample_interfaces__python.so
-- Up-to-date symlink: /home/saitama1/ros2_foxy/install/example_interfaces/share/example_interfaces/action/Fibonacci.idl
-- Up-to-date symlink: /home/saitama1/ros2_foxy/install/example_interfaces/share/example_interfaces/msg/Bool.idl
-- Up-to-date symlink: /home/saitama1/ros2_foxy/install/example_interfaces/share/example_interfaces/msg/Byte.idl
-- Up-to-date symlink: /home/saitama1/ros2_foxy/install/example_interfaces/share/example_interfaces/msg/ByteMultiArray.idl
-- Up-to-date symlink: /home/saitama1/ros2_foxy/install/example_interfaces/share/example_interfaces/msg/Char.idl
-- Up-to-date symlink: /home/saitama1/ros2_foxy/install/example_interfaces/share/example_interfaces/msg/Empty.idl
-- Up-to-date symlink: /home/saitama1/ros2_foxy/install/example_interfaces/share/example_interfaces/msg/Float32.idl
-- Up-to-date symlink: /home/saitama1/ros2_foxy/install/example_interfaces/share/example_interfaces/msg/Float32MultiArray.idl
-- Up-to-date symlink: /home/saitama1/ros2_foxy/install/example_interfaces/share/example_interfaces/msg/Float64.idl
-- Up-to-date symlink: /home/saitama1/ros2_foxy/install/example_interfaces/share/example_interfaces/msg/Float64MultiArray.idl
-- Up-to-date symlink: /home/saitama1/ros2_foxy/install/example_interfaces/share/example_interfaces/msg/Int16.idl
-- Up-to-date symlink: /home/saitama1/ros2_foxy/install/example_interfaces/share/example_interfaces/msg/Int16MultiArray.idl
-- Up-to-date symlink: /home/saitama1/ros2_foxy/install/example_interfaces/share/example_interfaces/msg/Int32.idl
-- Up-to-date symlink: /home/saitama1/ros2_foxy/install/example_interfaces/share/example_interfaces/msg/Int32MultiArray.idl
-- Up-to-date symlink: /home/saitama1/ros2_foxy/install/example_interfaces/share/example_interfaces/msg/Int64.idl
-- Up-to-date symlink: /home/saitama1/ros2_foxy/install/example_interfaces/share/example_interfaces/msg/Int64MultiArray.idl
-- Up-to-date symlink: /home/saitama1/ros2_foxy/install/example_interfaces/share/example_interfaces/msg/Int8.idl
-- Up-to-date symlink: /home/saitama1/ros2_foxy/install/example_interfaces/share/example_interfaces/msg/Int8MultiArray.idl
-- Up-to-date symlink: /home/saitama1/ros2_foxy/install/example_interfaces/share/example_interfaces/msg/MultiArrayDimension.idl
-- Up-to-date symlink: /home/saitama1/ros2_foxy/install/example_interfaces/share/example_interfaces/msg/MultiArrayLayout.idl
-- Up-to-date symlink: /home/saitama1/ros2_foxy/install/example_interfaces/share/example_interfaces/msg/String.idl
-- Up-to-date symlink: /home/saitama1/ros2_foxy/install/example_interfaces/share/example_interfaces/msg/UInt16.idl
-- Up-to-date symlink: /home/saitama1/ros2_foxy/install/example_interfaces/share/example_interfaces/msg/UInt16MultiArray.idl
-- Up-to-date symlink: /home/saitama1/ros2_foxy/install/example_interfaces/share/example_interfaces/msg/UInt32.idl
-- Up-to-date symlink: /home/saitama1/ros2_foxy/install/example_interfaces/share/example_interfaces/msg/UInt32MultiArray.idl
-- Up-to-date symlink: /home/saitama1/ros2_foxy/install/example_interfaces/share/example_interfaces/msg/UInt64.idl
-- Up-to-date symlink: /home/saitama1/ros2_foxy/install/example_interfaces/share/example_interfaces/msg/UInt64MultiArray.idl
-- Up-to-date symlink: /home/saitama1/ros2_foxy/install/example_interfaces/share/example_interfaces/msg/UInt8.idl
-- Up-to-date symlink: /home/saitama1/ros2_foxy/install/example_interfaces/share/example_interfaces/msg/UInt8MultiArray.idl
-- Up-to-date symlink: /home/saitama1/ros2_foxy/install/example_interfaces/share/example_interfaces/msg/WString.idl
-- Up-to-date symlink: /home/saitama1/ros2_foxy/install/example_interfaces/share/example_interfaces/srv/AddTwoInts.idl
-- Up-to-date symlink: /home/saitama1/ros2_foxy/install/example_interfaces/share/example_interfaces/srv/SetBool.idl
-- Up-to-date symlink: /home/saitama1/ros2_foxy/install/example_interfaces/share/example_interfaces/srv/Trigger.idl
-- Up-to-date symlink: /home/saitama1/ros2_foxy/install/example_interfaces/share/example_interfaces/action/Fibonacci.action
-- Up-to-date symlink: /home/saitama1/ros2_foxy/install/example_interfaces/share/example_interfaces/msg/Bool.msg
-- Up-to-date symlink: /home/saitama1/ros2_foxy/install/example_interfaces/share/example_interfaces/msg/Byte.msg
-- Up-to-date symlink: /home/saitama1/ros2_foxy/install/example_interfaces/share/example_interfaces/msg/ByteMultiArray.msg
-- Up-to-date symlink: /home/saitama1/ros2_foxy/install/example_interfaces/share/example_interfaces/msg/Char.msg
-- Up-to-date symlink: /home/saitama1/ros2_foxy/install/example_interfaces/share/example_interfaces/msg/Empty.msg
-- Up-to-date symlink: /home/saitama1/ros2_foxy/install/example_interfaces/share/example_interfaces/msg/Float32.msg
-- Up-to-date symlink: /home/saitama1/ros2_foxy/install/example_interfaces/share/example_interfaces/msg/Float32MultiArray.msg
-- Up-to-date symlink: /home/saitama1/ros2_foxy/install/example_interfaces/share/example_interfaces/msg/Float64.msg
-- Up-to-date symlink: /home/saitama1/ros2_foxy/install/example_interfaces/share/example_interfaces/msg/Float64MultiArray.msg
-- Up-to-date symlink: /home/saitama1/ros2_foxy/install/example_interfaces/share/example_interfaces/msg/Int16.msg
-- Up-to-date symlink: /home/saitama1/ros2_foxy/install/example_interfaces/share/example_interfaces/msg/Int16MultiArray.msg
-- Up-to-date symlink: /home/saitama1/ros2_foxy/install/example_interfaces/share/example_interfaces/msg/Int32.msg
-- Up-to-date symlink: /home/saitama1/ros2_foxy/install/example_interfaces/share/example_interfaces/msg/Int32MultiArray.msg
-- Up-to-date symlink: /home/saitama1/ros2_foxy/install/example_interfaces/share/example_interfaces/msg/Int64.msg
-- Up-to-date symlink: /home/saitama1/ros2_foxy/install/example_interfaces/share/example_interfaces/msg/Int64MultiArray.msg
-- Up-to-date symlink: /home/saitama1/ros2_foxy/install/example_interfaces/share/example_interfaces/msg/Int8.msg
-- Up-to-date symlink: /home/saitama1/ros2_foxy/install/example_interfaces/share/example_interfaces/msg/Int8MultiArray.msg
-- Up-to-date symlink: /home/saitama1/ros2_foxy/install/example_interfaces/share/example_interfaces/msg/MultiArrayDimension.msg
-- Up-to-date symlink: /home/saitama1/ros2_foxy/install/example_interfaces/share/example_interfaces/msg/MultiArrayLayout.msg
-- Up-to-date symlink: /home/saitama1/ros2_foxy/install/example_interfaces/share/example_interfaces/msg/String.msg
-- Up-to-date symlink: /home/saitama1/ros2_foxy/install/example_interfaces/share/example_interfaces/msg/UInt16.msg
-- Up-to-date symlink: /home/saitama1/ros2_foxy/install/example_interfaces/share/example_interfaces/msg/UInt16MultiArray.msg
-- Up-to-date symlink: /home/saitama1/ros2_foxy/install/example_interfaces/share/example_interfaces/msg/UInt32.msg
-- Up-to-date symlink: /home/saitama1/ros2_foxy/install/example_interfaces/share/example_interfaces/msg/UInt32MultiArray.msg
-- Up-to-date symlink: /home/saitama1/ros2_foxy/install/example_interfaces/share/example_interfaces/msg/UInt64.msg
-- Up-to-date symlink: /home/saitama1/ros2_foxy/install/example_interfaces/share/example_interfaces/msg/UInt64MultiArray.msg
-- Up-to-date symlink: /home/saitama1/ros2_foxy/install/example_interfaces/share/example_interfaces/msg/UInt8.msg
-- Up-to-date symlink: /home/saitama1/ros2_foxy/install/example_interfaces/share/example_interfaces/msg/UInt8MultiArray.msg
-- Up-to-date symlink: /home/saitama1/ros2_foxy/install/example_interfaces/share/example_interfaces/msg/WString.msg
-- Up-to-date symlink: /home/saitama1/ros2_foxy/install/example_interfaces/share/example_interfaces/srv/AddTwoInts.srv
-- Up-to-date symlink: /home/saitama1/ros2_foxy/install/example_interfaces/share/example_interfaces/srv/AddTwoInts_Request.msg
-- Up-to-date symlink: /home/saitama1/ros2_foxy/install/example_interfaces/share/example_interfaces/srv/AddTwoInts_Response.msg
-- Up-to-date symlink: /home/saitama1/ros2_foxy/install/example_interfaces/share/example_interfaces/srv/SetBool.srv
-- Up-to-date symlink: /home/saitama1/ros2_foxy/install/example_interfaces/share/example_interfaces/srv/SetBool_Request.msg
-- Up-to-date symlink: /home/saitama1/ros2_foxy/install/example_interfaces/share/example_interfaces/srv/SetBool_Response.msg
-- Up-to-date symlink: /home/saitama1/ros2_foxy/install/example_interfaces/share/example_interfaces/srv/Trigger.srv
-- Up-to-date symlink: /home/saitama1/ros2_foxy/install/example_interfaces/share/example_interfaces/srv/Trigger_Request.msg
-- Up-to-date symlink: /home/saitama1/ros2_foxy/install/example_interfaces/share/example_interfaces/srv/Trigger_Response.msg
-- Up-to-date symlink: /home/saitama1/ros2_foxy/install/example_interfaces/share/example_interfaces/mapping_rules.yaml
-- Up-to-date symlink: /home/saitama1/ros2_foxy/install/example_interfaces/share/ament_index/resource_index/package_run_dependencies/example_interfaces
-- Up-to-date symlink: /home/saitama1/ros2_foxy/install/example_interfaces/share/ament_index/resource_index/parent_prefix_path/example_interfaces
-- Up-to-date symlink: /home/saitama1/ros2_foxy/install/example_interfaces/share/example_interfaces/environment/ament_prefix_path.sh
-- Up-to-date symlink: /home/saitama1/ros2_foxy/install/example_interfaces/share/example_interfaces/environment/ament_prefix_path.dsv
-- Up-to-date symlink: /home/saitama1/ros2_foxy/install/example_interfaces/share/example_interfaces/environment/path.sh
-- Up-to-date symlink: /home/saitama1/ros2_foxy/install/example_interfaces/share/example_interfaces/environment/path.dsv
-- Up-to-date symlink: /home/saitama1/ros2_foxy/install/example_interfaces/share/example_interfaces/local_setup.bash
-- Up-to-date symlink: /home/saitama1/ros2_foxy/install/example_interfaces/share/example_interfaces/local_setup.sh
-- Up-to-date symlink: /home/saitama1/ros2_foxy/install/example_interfaces/share/example_interfaces/local_setup.zsh
-- Up-to-date symlink: /home/saitama1/ros2_foxy/install/example_interfaces/share/example_interfaces/local_setup.dsv
-- Symlinking: /home/saitama1/ros2_foxy/install/example_interfaces/share/example_interfaces/package.dsv
-- Up-to-date symlink: /home/saitama1/ros2_foxy/install/example_interfaces/share/ament_index/resource_index/packages/example_interfaces
-- Up-to-date symlink: /home/saitama1/ros2_foxy/install/example_interfaces/share/example_interfaces/cmake/rosidl_cmake-extras.cmake
-- Up-to-date symlink: /home/saitama1/ros2_foxy/install/example_interfaces/share/example_interfaces/cmake/ament_cmake_export_dependencies-extras.cmake
-- Up-to-date symlink: /home/saitama1/ros2_foxy/install/example_interfaces/share/example_interfaces/cmake/ament_cmake_export_libraries-extras.cmake
-- Up-to-date symlink: /home/saitama1/ros2_foxy/install/example_interfaces/share/example_interfaces/cmake/ament_cmake_export_targets-extras.cmake
-- Up-to-date symlink: /home/saitama1/ros2_foxy/install/example_interfaces/share/example_interfaces/cmake/ament_cmake_export_include_directories-extras.cmake
-- Up-to-date symlink: /home/saitama1/ros2_foxy/install/example_interfaces/share/example_interfaces/cmake/rosidl_cmake_export_typesupport_targets-extras.cmake
-- Up-to-date symlink: /home/saitama1/ros2_foxy/install/example_interfaces/share/example_interfaces/cmake/rosidl_cmake_export_typesupport_libraries-extras.cmake
-- Up-to-date symlink: /home/saitama1/ros2_foxy/install/example_interfaces/share/example_interfaces/cmake/example_interfacesConfig.cmake
-- Up-to-date symlink: /home/saitama1/ros2_foxy/install/example_interfaces/share/example_interfaces/cmake/example_interfacesConfig-version.cmake
-- Up-to-date symlink: /home/saitama1/ros2_foxy/install/example_interfaces/share/example_interfaces/package.xml
-- Up-to-date: /home/saitama1/ros2_foxy/install/example_interfaces/lib/libexample_interfaces__rosidl_generator_c.so
-- Up-to-date: /home/saitama1/ros2_foxy/install/example_interfaces/lib/libexample_interfaces__rosidl_typesupport_introspection_c.so
-- Up-to-date: /home/saitama1/ros2_foxy/install/example_interfaces/lib/libexample_interfaces__rosidl_typesupport_c.so
-- Up-to-date: /home/saitama1/ros2_foxy/install/example_interfaces/lib/libexample_interfaces__rosidl_typesupport_introspection_cpp.so
-- Up-to-date: /home/saitama1/ros2_foxy/install/example_interfaces/lib/libexample_interfaces__rosidl_typesupport_cpp.so
-- Up-to-date: /home/saitama1/ros2_foxy/install/example_interfaces/share/example_interfaces/cmake/example_interfaces__rosidl_generator_cExport.cmake
-- Up-to-date: /home/saitama1/ros2_foxy/install/example_interfaces/share/example_interfaces/cmake/example_interfaces__rosidl_generator_cExport-noconfig.cmake
-- Up-to-date: /home/saitama1/ros2_foxy/install/example_interfaces/share/example_interfaces/cmake/example_interfaces__rosidl_typesupport_introspection_cExport.cmake
-- Up-to-date: /home/saitama1/ros2_foxy/install/example_interfaces/share/example_interfaces/cmake/example_interfaces__rosidl_typesupport_introspection_cExport-noconfig.cmake
-- Up-to-date: /home/saitama1/ros2_foxy/install/example_interfaces/share/example_interfaces/cmake/example_interfaces__rosidl_typesupport_cExport.cmake
-- Up-to-date: /home/saitama1/ros2_foxy/install/example_interfaces/share/example_interfaces/cmake/example_interfaces__rosidl_typesupport_cExport-noconfig.cmake
-- Up-to-date: /home/saitama1/ros2_foxy/install/example_interfaces/share/example_interfaces/cmake/example_interfaces__rosidl_generator_cppExport.cmake
-- Up-to-date: /home/saitama1/ros2_foxy/install/example_interfaces/share/example_interfaces/cmake/example_interfaces__rosidl_typesupport_introspection_cppExport.cmake
-- Up-to-date: /home/saitama1/ros2_foxy/install/example_interfaces/share/example_interfaces/cmake/example_interfaces__rosidl_typesupport_introspection_cppExport-noconfig.cmake
-- Up-to-date: /home/saitama1/ros2_foxy/install/example_interfaces/share/example_interfaces/cmake/example_interfaces__rosidl_typesupport_cppExport.cmake
-- Up-to-date: /home/saitama1/ros2_foxy/install/example_interfaces/share/example_interfaces/cmake/example_interfaces__rosidl_typesupport_cppExport-noconfig.cmake
