-- Found ament_cmake: 0.9.8 (/home/saitama1/ros2_foxy/install/ament_cmake/share/ament_cmake/cmake)
-- Found PythonInterp: /usr/bin/python3 (found suitable version "3.8.10", minimum required is "3") 
-- Using PYTHON_EXECUTABLE: /usr/bin/python3
-- Override CMake install command with custom implementation using symlinks instead of copying resources
-- Found rosidl_default_generators: 1.0.1 (/home/saitama1/ros2_foxy/install/rosidl_default_generators/share/rosidl_default_generators/cmake)
-- Using all available rosidl_typesupport_c: rosidl_typesupport_introspection_c;rosidl_typesupport_fastrtps_c
-- Found rosidl_adapter: 1.2.1 (/home/saitama1/ros2_foxy/install/rosidl_adapter/share/rosidl_adapter/cmake)
-- Using all available rosidl_typesupport_cpp: rosidl_typesupport_introspection_cpp;rosidl_typesupport_fastrtps_cpp
-- Found nav_msgs: 2.0.4 (/home/saitama1/ros2_foxy/install/nav_msgs/share/nav_msgs/cmake)
-- Found sensor_msgs: 2.0.4 (/home/saitama1/ros2_foxy/install/sensor_msgs/share/sensor_msgs/cmake)
-- Found PythonInterp: /usr/bin/python3 (found version "3.8.10") 
-- Found ament_cmake_cppcheck: 0.9.6 (/home/saitama1/ros2_foxy/install/ament_cmake_cppcheck/share/ament_cmake_cppcheck/cmake)
-- Found ament_cmake_cpplint: 0.9.6 (/home/saitama1/ros2_foxy/install/ament_cmake_cpplint/share/ament_cmake_cpplint/cmake)
-- Found ament_cmake_uncrustify: 0.9.6 (/home/saitama1/ros2_foxy/install/ament_cmake_uncrustify/share/ament_cmake_uncrustify/cmake)
-- Found ament_cmake_ros: 0.9.2 (/home/saitama1/ros2_foxy/install/ament_cmake_ros/share/ament_cmake_ros/cmake)
-- Using all available rosidl_typesupport_c: rosidl_typesupport_introspection_c;rosidl_typesupport_fastrtps_c
-- Using all available rosidl_typesupport_cpp: rosidl_typesupport_introspection_cpp;rosidl_typesupport_fastrtps_cpp
-- Found PythonInterp: /usr/bin/python3 (found suitable version "3.8.10", minimum required is "3.5") 
-- Found python_cmake_module: 0.8.1 (/home/saitama1/ros2_foxy/install/python_cmake_module/share/python_cmake_module/cmake)
-- Using PYTHON_EXECUTABLE: /usr/bin/python3
-- Using PYTHON_INCLUDE_DIRS: /usr/include/python3.8
-- Using PYTHON_LIBRARIES: /usr/lib/x86_64-linux-gnu/libpython3.8.so
-- Found ament_cmake_flake8: 0.9.6 (/home/saitama1/ros2_foxy/install/ament_cmake_flake8/share/ament_cmake_flake8/cmake)
-- Found ament_cmake_pep257: 0.9.6 (/home/saitama1/ros2_foxy/install/ament_cmake_pep257/share/ament_cmake_pep257/cmake)
-- Configuring done
-- Generating done
-- Build files have been written to: /home/saitama1/ros2_foxy/build/map_msgs
[  1%] [32m[1mLinking C shared library libmap_msgs__rosidl_generator_c.so[0m
[ 12%] Built target map_msgs__rosidl_generator_c
[ 12%] Built target map_msgs__cpp
[ 13%] [32m[1mLinking C shared library libmap_msgs__rosidl_typesupport_introspection_c.so[0m
[ 24%] Built target map_msgs__rosidl_typesupport_introspection_c
[35m[1mScanning dependencies of target map_msgs__rosidl_typesupport_cpp[0m
[ 25%] [32mBuilding CXX object CMakeFiles/map_msgs__rosidl_typesupport_cpp.dir/rosidl_typesupport_cpp/map_msgs/msg/occupancy_grid_update__type_support.cpp.o[0m
[ 26%] [32mBuilding CXX object CMakeFiles/map_msgs__rosidl_typesupport_cpp.dir/rosidl_typesupport_cpp/map_msgs/srv/save_map__type_support.cpp.o[0m
[ 27%] [32mBuilding CXX object CMakeFiles/map_msgs__rosidl_typesupport_cpp.dir/rosidl_typesupport_cpp/map_msgs/srv/set_map_projections__type_support.cpp.o[0m
[ 28%] [32mBuilding CXX object CMakeFiles/map_msgs__rosidl_typesupport_cpp.dir/rosidl_typesupport_cpp/map_msgs/srv/projected_maps_info__type_support.cpp.o[0m
[ 29%] [32mBuilding CXX object CMakeFiles/map_msgs__rosidl_typesupport_cpp.dir/rosidl_typesupport_cpp/map_msgs/srv/get_point_map__type_support.cpp.o[0m
[ 30%] [32mBuilding CXX object CMakeFiles/map_msgs__rosidl_typesupport_cpp.dir/rosidl_typesupport_cpp/map_msgs/srv/get_point_map_roi__type_support.cpp.o[0m
[ 31%] [32mBuilding CXX object CMakeFiles/map_msgs__rosidl_typesupport_cpp.dir/rosidl_typesupport_cpp/map_msgs/srv/get_map_roi__type_support.cpp.o[0m
[ 32%] [32mBuilding CXX object CMakeFiles/map_msgs__rosidl_typesupport_cpp.dir/rosidl_typesupport_cpp/map_msgs/msg/projected_map__type_support.cpp.o[0m
[ 33%] [32mBuilding CXX object CMakeFiles/map_msgs__rosidl_typesupport_cpp.dir/rosidl_typesupport_cpp/map_msgs/msg/projected_map_info__type_support.cpp.o[0m
[ 34%] [32mBuilding CXX object CMakeFiles/map_msgs__rosidl_typesupport_cpp.dir/rosidl_typesupport_cpp/map_msgs/msg/point_cloud2_update__type_support.cpp.o[0m
[ 35%] [32m[1mLinking CXX shared library libmap_msgs__rosidl_typesupport_cpp.so[0m
[ 36%] Built target map_msgs__rosidl_typesupport_cpp
[ 37%] [32m[1mLinking CXX shared library libmap_msgs__rosidl_typesupport_introspection_cpp.so[0m
[ 48%] Built target map_msgs__rosidl_typesupport_introspection_cpp
[ 49%] [32m[1mLinking CXX shared library libmap_msgs__rosidl_typesupport_fastrtps_cpp.so[0m
[ 59%] Built target map_msgs__rosidl_typesupport_fastrtps_cpp
[ 60%] [34m[1mGenerating C type support dispatch for ROS interfaces[0m
[35m[1mScanning dependencies of target map_msgs__rosidl_typesupport_c[0m
[ 61%] [32mBuilding CXX object CMakeFiles/map_msgs__rosidl_typesupport_c.dir/rosidl_typesupport_c/map_msgs/msg/occupancy_grid_update__type_support.cpp.o[0m
[ 62%] [32mBuilding CXX object CMakeFiles/map_msgs__rosidl_typesupport_c.dir/rosidl_typesupport_c/map_msgs/srv/set_map_projections__type_support.cpp.o[0m
[ 62%] [32mBuilding CXX object CMakeFiles/map_msgs__rosidl_typesupport_c.dir/rosidl_typesupport_c/map_msgs/srv/save_map__type_support.cpp.o[0m
[ 63%] [32mBuilding CXX object CMakeFiles/map_msgs__rosidl_typesupport_c.dir/rosidl_typesupport_c/map_msgs/srv/projected_maps_info__type_support.cpp.o[0m
[ 64%] [32mBuilding CXX object CMakeFiles/map_msgs__rosidl_typesupport_c.dir/rosidl_typesupport_c/map_msgs/srv/get_point_map__type_support.cpp.o[0m
[ 65%] [32mBuilding CXX object CMakeFiles/map_msgs__rosidl_typesupport_c.dir/rosidl_typesupport_c/map_msgs/srv/get_point_map_roi__type_support.cpp.o[0m
[ 66%] [32mBuilding CXX object CMakeFiles/map_msgs__rosidl_typesupport_c.dir/rosidl_typesupport_c/map_msgs/srv/get_map_roi__type_support.cpp.o[0m
[ 67%] [32mBuilding CXX object CMakeFiles/map_msgs__rosidl_typesupport_c.dir/rosidl_typesupport_c/map_msgs/msg/projected_map__type_support.cpp.o[0m
[ 68%] [32mBuilding CXX object CMakeFiles/map_msgs__rosidl_typesupport_c.dir/rosidl_typesupport_c/map_msgs/msg/projected_map_info__type_support.cpp.o[0m
[ 69%] [32mBuilding CXX object CMakeFiles/map_msgs__rosidl_typesupport_c.dir/rosidl_typesupport_c/map_msgs/msg/point_cloud2_update__type_support.cpp.o[0m
[ 70%] [32m[1mLinking CXX shared library libmap_msgs__rosidl_typesupport_c.so[0m
[ 70%] Built target map_msgs__rosidl_typesupport_c
[ 71%] [32m[1mLinking CXX shared library libmap_msgs__rosidl_typesupport_fastrtps_c.so[0m
[ 82%] Built target map_msgs__rosidl_typesupport_fastrtps_c
[ 82%] Built target map_msgs
[35m[1mScanning dependencies of target map_msgs__py[0m
[ 83%] Built target map_msgs__py
[ 84%] [32m[1mLinking C shared library rosidl_generator_py/map_msgs/libmap_msgs__python.so[0m
[ 94%] Built target map_msgs__python
[35m[1mScanning dependencies of target map_msgs__rosidl_typesupport_fastrtps_c__pyext[0m
[ 95%] [32mBuilding C object CMakeFiles/map_msgs__rosidl_typesupport_fastrtps_c__pyext.dir/rosidl_generator_py/map_msgs/_map_msgs_s.ep.rosidl_typesupport_fastrtps_c.c.o[0m
[ 96%] [32m[1mLinking CXX shared library rosidl_generator_py/map_msgs/map_msgs_s__rosidl_typesupport_fastrtps_c.cpython-38-x86_64-linux-gnu.so[0m
[ 96%] Built target map_msgs__rosidl_typesupport_fastrtps_c__pyext
[ 97%] [32m[1mLinking C shared library rosidl_generator_py/map_msgs/map_msgs_s__rosidl_typesupport_c.cpython-38-x86_64-linux-gnu.so[0m
[ 98%] Built target map_msgs__rosidl_typesupport_c__pyext
[ 99%] [32m[1mLinking C shared library rosidl_generator_py/map_msgs/map_msgs_s__rosidl_typesupport_introspection_c.cpython-38-x86_64-linux-gnu.so[0m
[100%] Built target map_msgs__rosidl_typesupport_introspection_c__pyext
-- Install configuration: ""
-- Execute custom install script
-- Symlinking: /home/saitama1/ros2_foxy/install/map_msgs/share/ament_index/resource_index/rosidl_interfaces/map_msgs
-- Symlinking: /home/saitama1/ros2_foxy/install/map_msgs/include/map_msgs/msg/detail/occupancy_grid_update__functions.h
-- Symlinking: /home/saitama1/ros2_foxy/install/map_msgs/include/map_msgs/msg/detail/occupancy_grid_update__struct.h
-- Symlinking: /home/saitama1/ros2_foxy/install/map_msgs/include/map_msgs/msg/detail/occupancy_grid_update__type_support.h
-- Symlinking: /home/saitama1/ros2_foxy/install/map_msgs/include/map_msgs/msg/detail/point_cloud2_update__functions.h
-- Symlinking: /home/saitama1/ros2_foxy/install/map_msgs/include/map_msgs/msg/detail/point_cloud2_update__struct.h
-- Symlinking: /home/saitama1/ros2_foxy/install/map_msgs/include/map_msgs/msg/detail/point_cloud2_update__type_support.h
-- Symlinking: /home/saitama1/ros2_foxy/install/map_msgs/include/map_msgs/msg/detail/projected_map__functions.h
-- Symlinking: /home/saitama1/ros2_foxy/install/map_msgs/include/map_msgs/msg/detail/projected_map__struct.h
-- Symlinking: /home/saitama1/ros2_foxy/install/map_msgs/include/map_msgs/msg/detail/projected_map__type_support.h
-- Symlinking: /home/saitama1/ros2_foxy/install/map_msgs/include/map_msgs/msg/detail/projected_map_info__functions.h
-- Symlinking: /home/saitama1/ros2_foxy/install/map_msgs/include/map_msgs/msg/detail/projected_map_info__struct.h
-- Symlinking: /home/saitama1/ros2_foxy/install/map_msgs/include/map_msgs/msg/detail/projected_map_info__type_support.h
-- Symlinking: /home/saitama1/ros2_foxy/install/map_msgs/include/map_msgs/msg/occupancy_grid_update.h
-- Symlinking: /home/saitama1/ros2_foxy/install/map_msgs/include/map_msgs/msg/point_cloud2_update.h
-- Symlinking: /home/saitama1/ros2_foxy/install/map_msgs/include/map_msgs/msg/projected_map.h
-- Symlinking: /home/saitama1/ros2_foxy/install/map_msgs/include/map_msgs/msg/projected_map_info.h
-- Symlinking: /home/saitama1/ros2_foxy/install/map_msgs/include/map_msgs/msg/rosidl_generator_c__visibility_control.h
-- Symlinking: /home/saitama1/ros2_foxy/install/map_msgs/include/map_msgs/srv/detail/get_map_roi__functions.h
-- Symlinking: /home/saitama1/ros2_foxy/install/map_msgs/include/map_msgs/srv/detail/get_map_roi__struct.h
-- Symlinking: /home/saitama1/ros2_foxy/install/map_msgs/include/map_msgs/srv/detail/get_map_roi__type_support.h
-- Symlinking: /home/saitama1/ros2_foxy/install/map_msgs/include/map_msgs/srv/detail/get_point_map__functions.h
-- Symlinking: /home/saitama1/ros2_foxy/install/map_msgs/include/map_msgs/srv/detail/get_point_map__struct.h
-- Symlinking: /home/saitama1/ros2_foxy/install/map_msgs/include/map_msgs/srv/detail/get_point_map__type_support.h
-- Symlinking: /home/saitama1/ros2_foxy/install/map_msgs/include/map_msgs/srv/detail/get_point_map_roi__functions.h
-- Symlinking: /home/saitama1/ros2_foxy/install/map_msgs/include/map_msgs/srv/detail/get_point_map_roi__struct.h
-- Symlinking: /home/saitama1/ros2_foxy/install/map_msgs/include/map_msgs/srv/detail/get_point_map_roi__type_support.h
-- Symlinking: /home/saitama1/ros2_foxy/install/map_msgs/include/map_msgs/srv/detail/projected_maps_info__functions.h
-- Symlinking: /home/saitama1/ros2_foxy/install/map_msgs/include/map_msgs/srv/detail/projected_maps_info__struct.h
-- Symlinking: /home/saitama1/ros2_foxy/install/map_msgs/include/map_msgs/srv/detail/projected_maps_info__type_support.h
-- Symlinking: /home/saitama1/ros2_foxy/install/map_msgs/include/map_msgs/srv/detail/save_map__functions.h
-- Symlinking: /home/saitama1/ros2_foxy/install/map_msgs/include/map_msgs/srv/detail/save_map__struct.h
-- Symlinking: /home/saitama1/ros2_foxy/install/map_msgs/include/map_msgs/srv/detail/save_map__type_support.h
-- Symlinking: /home/saitama1/ros2_foxy/install/map_msgs/include/map_msgs/srv/detail/set_map_projections__functions.h
-- Symlinking: /home/saitama1/ros2_foxy/install/map_msgs/include/map_msgs/srv/detail/set_map_projections__struct.h
-- Symlinking: /home/saitama1/ros2_foxy/install/map_msgs/include/map_msgs/srv/detail/set_map_projections__type_support.h
-- Symlinking: /home/saitama1/ros2_foxy/install/map_msgs/include/map_msgs/srv/get_map_roi.h
-- Symlinking: /home/saitama1/ros2_foxy/install/map_msgs/include/map_msgs/srv/get_point_map.h
-- Symlinking: /home/saitama1/ros2_foxy/install/map_msgs/include/map_msgs/srv/get_point_map_roi.h
-- Symlinking: /home/saitama1/ros2_foxy/install/map_msgs/include/map_msgs/srv/projected_maps_info.h
-- Symlinking: /home/saitama1/ros2_foxy/install/map_msgs/include/map_msgs/srv/save_map.h
-- Symlinking: /home/saitama1/ros2_foxy/install/map_msgs/include/map_msgs/srv/set_map_projections.h
-- Symlinking: /home/saitama1/ros2_foxy/install/map_msgs/share/map_msgs/environment/library_path.sh
-- Symlinking: /home/saitama1/ros2_foxy/install/map_msgs/share/map_msgs/environment/library_path.dsv
-- Symlinking: /home/saitama1/ros2_foxy/install/map_msgs/include/map_msgs/msg/detail/occupancy_grid_update__rosidl_typesupport_introspection_c.h
-- Symlinking: /home/saitama1/ros2_foxy/install/map_msgs/include/map_msgs/msg/detail/point_cloud2_update__rosidl_typesupport_introspection_c.h
-- Symlinking: /home/saitama1/ros2_foxy/install/map_msgs/include/map_msgs/msg/detail/projected_map__rosidl_typesupport_introspection_c.h
-- Symlinking: /home/saitama1/ros2_foxy/install/map_msgs/include/map_msgs/msg/detail/projected_map_info__rosidl_typesupport_introspection_c.h
-- Symlinking: /home/saitama1/ros2_foxy/install/map_msgs/include/map_msgs/msg/rosidl_typesupport_introspection_c__visibility_control.h
-- Symlinking: /home/saitama1/ros2_foxy/install/map_msgs/include/map_msgs/srv/detail/get_map_roi__rosidl_typesupport_introspection_c.h
-- Symlinking: /home/saitama1/ros2_foxy/install/map_msgs/include/map_msgs/srv/detail/get_point_map__rosidl_typesupport_introspection_c.h
-- Symlinking: /home/saitama1/ros2_foxy/install/map_msgs/include/map_msgs/srv/detail/get_point_map_roi__rosidl_typesupport_introspection_c.h
-- Symlinking: /home/saitama1/ros2_foxy/install/map_msgs/include/map_msgs/srv/detail/projected_maps_info__rosidl_typesupport_introspection_c.h
-- Symlinking: /home/saitama1/ros2_foxy/install/map_msgs/include/map_msgs/srv/detail/save_map__rosidl_typesupport_introspection_c.h
-- Symlinking: /home/saitama1/ros2_foxy/install/map_msgs/include/map_msgs/srv/detail/set_map_projections__rosidl_typesupport_introspection_c.h
-- Symlinking: /home/saitama1/ros2_foxy/install/map_msgs/include/map_msgs/msg/detail/occupancy_grid_update__rosidl_typesupport_fastrtps_c.h
-- Symlinking: /home/saitama1/ros2_foxy/install/map_msgs/include/map_msgs/msg/detail/point_cloud2_update__rosidl_typesupport_fastrtps_c.h
-- Symlinking: /home/saitama1/ros2_foxy/install/map_msgs/include/map_msgs/msg/detail/projected_map__rosidl_typesupport_fastrtps_c.h
-- Symlinking: /home/saitama1/ros2_foxy/install/map_msgs/include/map_msgs/msg/detail/projected_map_info__rosidl_typesupport_fastrtps_c.h
-- Symlinking: /home/saitama1/ros2_foxy/install/map_msgs/include/map_msgs/msg/rosidl_typesupport_fastrtps_c__visibility_control.h
-- Symlinking: /home/saitama1/ros2_foxy/install/map_msgs/include/map_msgs/srv/detail/get_map_roi__rosidl_typesupport_fastrtps_c.h
-- Symlinking: /home/saitama1/ros2_foxy/install/map_msgs/include/map_msgs/srv/detail/get_point_map__rosidl_typesupport_fastrtps_c.h
-- Symlinking: /home/saitama1/ros2_foxy/install/map_msgs/include/map_msgs/srv/detail/get_point_map_roi__rosidl_typesupport_fastrtps_c.h
-- Symlinking: /home/saitama1/ros2_foxy/install/map_msgs/include/map_msgs/srv/detail/projected_maps_info__rosidl_typesupport_fastrtps_c.h
-- Symlinking: /home/saitama1/ros2_foxy/install/map_msgs/include/map_msgs/srv/detail/save_map__rosidl_typesupport_fastrtps_c.h
-- Symlinking: /home/saitama1/ros2_foxy/install/map_msgs/include/map_msgs/srv/detail/set_map_projections__rosidl_typesupport_fastrtps_c.h
-- Symlinking: /home/saitama1/ros2_foxy/install/map_msgs/lib/libmap_msgs__rosidl_typesupport_fastrtps_c.so
-- Symlinking: /home/saitama1/ros2_foxy/install/map_msgs/include/map_msgs/msg/detail/occupancy_grid_update__rosidl_typesupport_fastrtps_cpp.hpp
-- Symlinking: /home/saitama1/ros2_foxy/install/map_msgs/include/map_msgs/msg/detail/point_cloud2_update__rosidl_typesupport_fastrtps_cpp.hpp
-- Symlinking: /home/saitama1/ros2_foxy/install/map_msgs/include/map_msgs/msg/detail/projected_map__rosidl_typesupport_fastrtps_cpp.hpp
-- Symlinking: /home/saitama1/ros2_foxy/install/map_msgs/include/map_msgs/msg/detail/projected_map_info__rosidl_typesupport_fastrtps_cpp.hpp
-- Symlinking: /home/saitama1/ros2_foxy/install/map_msgs/include/map_msgs/msg/rosidl_typesupport_fastrtps_cpp__visibility_control.h
-- Symlinking: /home/saitama1/ros2_foxy/install/map_msgs/include/map_msgs/srv/detail/get_map_roi__rosidl_typesupport_fastrtps_cpp.hpp
-- Symlinking: /home/saitama1/ros2_foxy/install/map_msgs/include/map_msgs/srv/detail/get_point_map__rosidl_typesupport_fastrtps_cpp.hpp
-- Symlinking: /home/saitama1/ros2_foxy/install/map_msgs/include/map_msgs/srv/detail/get_point_map_roi__rosidl_typesupport_fastrtps_cpp.hpp
-- Symlinking: /home/saitama1/ros2_foxy/install/map_msgs/include/map_msgs/srv/detail/projected_maps_info__rosidl_typesupport_fastrtps_cpp.hpp
-- Symlinking: /home/saitama1/ros2_foxy/install/map_msgs/include/map_msgs/srv/detail/save_map__rosidl_typesupport_fastrtps_cpp.hpp
-- Symlinking: /home/saitama1/ros2_foxy/install/map_msgs/include/map_msgs/srv/detail/set_map_projections__rosidl_typesupport_fastrtps_cpp.hpp
-- Symlinking: /home/saitama1/ros2_foxy/install/map_msgs/lib/libmap_msgs__rosidl_typesupport_fastrtps_cpp.so
-- Symlinking: /home/saitama1/ros2_foxy/install/map_msgs/include/map_msgs/msg/detail/occupancy_grid_update__builder.hpp
-- Symlinking: /home/saitama1/ros2_foxy/install/map_msgs/include/map_msgs/msg/detail/occupancy_grid_update__struct.hpp
-- Symlinking: /home/saitama1/ros2_foxy/install/map_msgs/include/map_msgs/msg/detail/occupancy_grid_update__traits.hpp
-- Symlinking: /home/saitama1/ros2_foxy/install/map_msgs/include/map_msgs/msg/detail/point_cloud2_update__builder.hpp
-- Symlinking: /home/saitama1/ros2_foxy/install/map_msgs/include/map_msgs/msg/detail/point_cloud2_update__struct.hpp
-- Symlinking: /home/saitama1/ros2_foxy/install/map_msgs/include/map_msgs/msg/detail/point_cloud2_update__traits.hpp
-- Symlinking: /home/saitama1/ros2_foxy/install/map_msgs/include/map_msgs/msg/detail/projected_map__builder.hpp
-- Symlinking: /home/saitama1/ros2_foxy/install/map_msgs/include/map_msgs/msg/detail/projected_map__struct.hpp
-- Symlinking: /home/saitama1/ros2_foxy/install/map_msgs/include/map_msgs/msg/detail/projected_map__traits.hpp
-- Symlinking: /home/saitama1/ros2_foxy/install/map_msgs/include/map_msgs/msg/detail/projected_map_info__builder.hpp
-- Symlinking: /home/saitama1/ros2_foxy/install/map_msgs/include/map_msgs/msg/detail/projected_map_info__struct.hpp
-- Symlinking: /home/saitama1/ros2_foxy/install/map_msgs/include/map_msgs/msg/detail/projected_map_info__traits.hpp
-- Symlinking: /home/saitama1/ros2_foxy/install/map_msgs/include/map_msgs/msg/occupancy_grid_update.hpp
-- Symlinking: /home/saitama1/ros2_foxy/install/map_msgs/include/map_msgs/msg/point_cloud2_update.hpp
-- Symlinking: /home/saitama1/ros2_foxy/install/map_msgs/include/map_msgs/msg/projected_map.hpp
-- Symlinking: /home/saitama1/ros2_foxy/install/map_msgs/include/map_msgs/msg/projected_map_info.hpp
-- Symlinking: /home/saitama1/ros2_foxy/install/map_msgs/include/map_msgs/srv/detail/get_map_roi__builder.hpp
-- Symlinking: /home/saitama1/ros2_foxy/install/map_msgs/include/map_msgs/srv/detail/get_map_roi__struct.hpp
-- Symlinking: /home/saitama1/ros2_foxy/install/map_msgs/include/map_msgs/srv/detail/get_map_roi__traits.hpp
-- Symlinking: /home/saitama1/ros2_foxy/install/map_msgs/include/map_msgs/srv/detail/get_point_map__builder.hpp
-- Symlinking: /home/saitama1/ros2_foxy/install/map_msgs/include/map_msgs/srv/detail/get_point_map__struct.hpp
-- Symlinking: /home/saitama1/ros2_foxy/install/map_msgs/include/map_msgs/srv/detail/get_point_map__traits.hpp
-- Symlinking: /home/saitama1/ros2_foxy/install/map_msgs/include/map_msgs/srv/detail/get_point_map_roi__builder.hpp
-- Symlinking: /home/saitama1/ros2_foxy/install/map_msgs/include/map_msgs/srv/detail/get_point_map_roi__struct.hpp
-- Symlinking: /home/saitama1/ros2_foxy/install/map_msgs/include/map_msgs/srv/detail/get_point_map_roi__traits.hpp
-- Symlinking: /home/saitama1/ros2_foxy/install/map_msgs/include/map_msgs/srv/detail/projected_maps_info__builder.hpp
-- Symlinking: /home/saitama1/ros2_foxy/install/map_msgs/include/map_msgs/srv/detail/projected_maps_info__struct.hpp
-- Symlinking: /home/saitama1/ros2_foxy/install/map_msgs/include/map_msgs/srv/detail/projected_maps_info__traits.hpp
-- Symlinking: /home/saitama1/ros2_foxy/install/map_msgs/include/map_msgs/srv/detail/save_map__builder.hpp
-- Symlinking: /home/saitama1/ros2_foxy/install/map_msgs/include/map_msgs/srv/detail/save_map__struct.hpp
-- Symlinking: /home/saitama1/ros2_foxy/install/map_msgs/include/map_msgs/srv/detail/save_map__traits.hpp
-- Symlinking: /home/saitama1/ros2_foxy/install/map_msgs/include/map_msgs/srv/detail/set_map_projections__builder.hpp
-- Symlinking: /home/saitama1/ros2_foxy/install/map_msgs/include/map_msgs/srv/detail/set_map_projections__struct.hpp
-- Symlinking: /home/saitama1/ros2_foxy/install/map_msgs/include/map_msgs/srv/detail/set_map_projections__traits.hpp
-- Symlinking: /home/saitama1/ros2_foxy/install/map_msgs/include/map_msgs/srv/get_map_roi.hpp
-- Symlinking: /home/saitama1/ros2_foxy/install/map_msgs/include/map_msgs/srv/get_point_map.hpp
-- Symlinking: /home/saitama1/ros2_foxy/install/map_msgs/include/map_msgs/srv/get_point_map_roi.hpp
-- Symlinking: /home/saitama1/ros2_foxy/install/map_msgs/include/map_msgs/srv/projected_maps_info.hpp
-- Symlinking: /home/saitama1/ros2_foxy/install/map_msgs/include/map_msgs/srv/save_map.hpp
-- Symlinking: /home/saitama1/ros2_foxy/install/map_msgs/include/map_msgs/srv/set_map_projections.hpp
-- Symlinking: /home/saitama1/ros2_foxy/install/map_msgs/include/map_msgs/msg/detail/occupancy_grid_update__rosidl_typesupport_introspection_cpp.hpp
-- Symlinking: /home/saitama1/ros2_foxy/install/map_msgs/include/map_msgs/msg/detail/point_cloud2_update__rosidl_typesupport_introspection_cpp.hpp
-- Symlinking: /home/saitama1/ros2_foxy/install/map_msgs/include/map_msgs/msg/detail/projected_map__rosidl_typesupport_introspection_cpp.hpp
-- Symlinking: /home/saitama1/ros2_foxy/install/map_msgs/include/map_msgs/msg/detail/projected_map_info__rosidl_typesupport_introspection_cpp.hpp
-- Symlinking: /home/saitama1/ros2_foxy/install/map_msgs/include/map_msgs/srv/detail/get_map_roi__rosidl_typesupport_introspection_cpp.hpp
-- Symlinking: /home/saitama1/ros2_foxy/install/map_msgs/include/map_msgs/srv/detail/get_point_map__rosidl_typesupport_introspection_cpp.hpp
-- Symlinking: /home/saitama1/ros2_foxy/install/map_msgs/include/map_msgs/srv/detail/get_point_map_roi__rosidl_typesupport_introspection_cpp.hpp
-- Symlinking: /home/saitama1/ros2_foxy/install/map_msgs/include/map_msgs/srv/detail/projected_maps_info__rosidl_typesupport_introspection_cpp.hpp
-- Symlinking: /home/saitama1/ros2_foxy/install/map_msgs/include/map_msgs/srv/detail/save_map__rosidl_typesupport_introspection_cpp.hpp
-- Symlinking: /home/saitama1/ros2_foxy/install/map_msgs/include/map_msgs/srv/detail/set_map_projections__rosidl_typesupport_introspection_cpp.hpp
-- Symlinking: /home/saitama1/ros2_foxy/install/map_msgs/share/map_msgs/environment/pythonpath.sh
-- Symlinking: /home/saitama1/ros2_foxy/install/map_msgs/share/map_msgs/environment/pythonpath.dsv
-- Symlinking: /home/saitama1/ros2_foxy/install/map_msgs/lib/python3.8/site-packages/map_msgs/__init__.py
-- Symlinking: /home/saitama1/ros2_foxy/install/map_msgs/lib/python3.8/site-packages/map_msgs/msg/__init__.py
-- Symlinking: /home/saitama1/ros2_foxy/install/map_msgs/lib/python3.8/site-packages/map_msgs/msg/_occupancy_grid_update.py
-- Symlinking: /home/saitama1/ros2_foxy/install/map_msgs/lib/python3.8/site-packages/map_msgs/msg/_point_cloud2_update.py
-- Symlinking: /home/saitama1/ros2_foxy/install/map_msgs/lib/python3.8/site-packages/map_msgs/msg/_projected_map.py
-- Symlinking: /home/saitama1/ros2_foxy/install/map_msgs/lib/python3.8/site-packages/map_msgs/msg/_projected_map_info.py
-- Symlinking: /home/saitama1/ros2_foxy/install/map_msgs/lib/python3.8/site-packages/map_msgs/srv/__init__.py
-- Symlinking: /home/saitama1/ros2_foxy/install/map_msgs/lib/python3.8/site-packages/map_msgs/srv/_get_map_roi.py
-- Symlinking: /home/saitama1/ros2_foxy/install/map_msgs/lib/python3.8/site-packages/map_msgs/srv/_get_point_map.py
-- Symlinking: /home/saitama1/ros2_foxy/install/map_msgs/lib/python3.8/site-packages/map_msgs/srv/_get_point_map_roi.py
-- Symlinking: /home/saitama1/ros2_foxy/install/map_msgs/lib/python3.8/site-packages/map_msgs/srv/_projected_maps_info.py
-- Symlinking: /home/saitama1/ros2_foxy/install/map_msgs/lib/python3.8/site-packages/map_msgs/srv/_save_map.py
-- Symlinking: /home/saitama1/ros2_foxy/install/map_msgs/lib/python3.8/site-packages/map_msgs/srv/_set_map_projections.py
-- Symlinking: /home/saitama1/ros2_foxy/install/map_msgs/lib/python3.8/site-packages/map_msgs/map_msgs_s__rosidl_typesupport_introspection_c.cpython-38-x86_64-linux-gnu.so
-- Symlinking: /home/saitama1/ros2_foxy/install/map_msgs/lib/python3.8/site-packages/map_msgs/map_msgs_s__rosidl_typesupport_fastrtps_c.cpython-38-x86_64-linux-gnu.so
-- Symlinking: /home/saitama1/ros2_foxy/install/map_msgs/lib/python3.8/site-packages/map_msgs/map_msgs_s__rosidl_typesupport_c.cpython-38-x86_64-linux-gnu.so
-- Symlinking: /home/saitama1/ros2_foxy/install/map_msgs/lib/libmap_msgs__python.so
-- Symlinking: /home/saitama1/ros2_foxy/install/map_msgs/share/map_msgs/msg/OccupancyGridUpdate.idl
-- Symlinking: /home/saitama1/ros2_foxy/install/map_msgs/share/map_msgs/msg/PointCloud2Update.idl
-- Symlinking: /home/saitama1/ros2_foxy/install/map_msgs/share/map_msgs/msg/ProjectedMapInfo.idl
-- Symlinking: /home/saitama1/ros2_foxy/install/map_msgs/share/map_msgs/msg/ProjectedMap.idl
-- Symlinking: /home/saitama1/ros2_foxy/install/map_msgs/share/map_msgs/srv/GetMapROI.idl
-- Symlinking: /home/saitama1/ros2_foxy/install/map_msgs/share/map_msgs/srv/GetPointMapROI.idl
-- Symlinking: /home/saitama1/ros2_foxy/install/map_msgs/share/map_msgs/srv/GetPointMap.idl
-- Symlinking: /home/saitama1/ros2_foxy/install/map_msgs/share/map_msgs/srv/ProjectedMapsInfo.idl
-- Symlinking: /home/saitama1/ros2_foxy/install/map_msgs/share/map_msgs/srv/SaveMap.idl
-- Symlinking: /home/saitama1/ros2_foxy/install/map_msgs/share/map_msgs/srv/SetMapProjections.idl
-- Symlinking: /home/saitama1/ros2_foxy/install/map_msgs/share/map_msgs/msg/OccupancyGridUpdate.msg
-- Symlinking: /home/saitama1/ros2_foxy/install/map_msgs/share/map_msgs/msg/PointCloud2Update.msg
-- Symlinking: /home/saitama1/ros2_foxy/install/map_msgs/share/map_msgs/msg/ProjectedMapInfo.msg
-- Symlinking: /home/saitama1/ros2_foxy/install/map_msgs/share/map_msgs/msg/ProjectedMap.msg
-- Symlinking: /home/saitama1/ros2_foxy/install/map_msgs/share/map_msgs/srv/GetMapROI.srv
-- Symlinking: /home/saitama1/ros2_foxy/install/map_msgs/share/map_msgs/srv/GetMapROI_Request.msg
-- Symlinking: /home/saitama1/ros2_foxy/install/map_msgs/share/map_msgs/srv/GetMapROI_Response.msg
-- Symlinking: /home/saitama1/ros2_foxy/install/map_msgs/share/map_msgs/srv/GetPointMapROI.srv
-- Symlinking: /home/saitama1/ros2_foxy/install/map_msgs/share/map_msgs/srv/GetPointMapROI_Request.msg
-- Symlinking: /home/saitama1/ros2_foxy/install/map_msgs/share/map_msgs/srv/GetPointMapROI_Response.msg
-- Symlinking: /home/saitama1/ros2_foxy/install/map_msgs/share/map_msgs/srv/GetPointMap.srv
-- Symlinking: /home/saitama1/ros2_foxy/install/map_msgs/share/map_msgs/srv/GetPointMap_Request.msg
-- Symlinking: /home/saitama1/ros2_foxy/install/map_msgs/share/map_msgs/srv/GetPointMap_Response.msg
-- Symlinking: /home/saitama1/ros2_foxy/install/map_msgs/share/map_msgs/srv/ProjectedMapsInfo.srv
-- Symlinking: /home/saitama1/ros2_foxy/install/map_msgs/share/map_msgs/srv/ProjectedMapsInfo_Request.msg
-- Symlinking: /home/saitama1/ros2_foxy/install/map_msgs/share/map_msgs/srv/ProjectedMapsInfo_Response.msg
-- Symlinking: /home/saitama1/ros2_foxy/install/map_msgs/share/map_msgs/srv/SaveMap.srv
-- Symlinking: /home/saitama1/ros2_foxy/install/map_msgs/share/map_msgs/srv/SaveMap_Request.msg
-- Symlinking: /home/saitama1/ros2_foxy/install/map_msgs/share/map_msgs/srv/SaveMap_Response.msg
-- Symlinking: /home/saitama1/ros2_foxy/install/map_msgs/share/map_msgs/srv/SetMapProjections.srv
-- Symlinking: /home/saitama1/ros2_foxy/install/map_msgs/share/map_msgs/srv/SetMapProjections_Request.msg
-- Symlinking: /home/saitama1/ros2_foxy/install/map_msgs/share/map_msgs/srv/SetMapProjections_Response.msg
-- Symlinking: /home/saitama1/ros2_foxy/install/map_msgs/share/ament_index/resource_index/package_run_dependencies/map_msgs
-- Symlinking: /home/saitama1/ros2_foxy/install/map_msgs/share/ament_index/resource_index/parent_prefix_path/map_msgs
-- Symlinking: /home/saitama1/ros2_foxy/install/map_msgs/share/map_msgs/environment/ament_prefix_path.sh
-- Symlinking: /home/saitama1/ros2_foxy/install/map_msgs/share/map_msgs/environment/ament_prefix_path.dsv
-- Symlinking: /home/saitama1/ros2_foxy/install/map_msgs/share/map_msgs/environment/path.sh
-- Symlinking: /home/saitama1/ros2_foxy/install/map_msgs/share/map_msgs/environment/path.dsv
-- Symlinking: /home/saitama1/ros2_foxy/install/map_msgs/share/map_msgs/local_setup.bash
-- Symlinking: /home/saitama1/ros2_foxy/install/map_msgs/share/map_msgs/local_setup.sh
-- Symlinking: /home/saitama1/ros2_foxy/install/map_msgs/share/map_msgs/local_setup.zsh
-- Symlinking: /home/saitama1/ros2_foxy/install/map_msgs/share/map_msgs/local_setup.dsv
-- Symlinking: /home/saitama1/ros2_foxy/install/map_msgs/share/map_msgs/package.dsv
-- Symlinking: /home/saitama1/ros2_foxy/install/map_msgs/share/ament_index/resource_index/packages/map_msgs
-- Symlinking: /home/saitama1/ros2_foxy/install/map_msgs/share/map_msgs/cmake/rosidl_cmake-extras.cmake
-- Symlinking: /home/saitama1/ros2_foxy/install/map_msgs/share/map_msgs/cmake/ament_cmake_export_dependencies-extras.cmake
-- Symlinking: /home/saitama1/ros2_foxy/install/map_msgs/share/map_msgs/cmake/ament_cmake_export_libraries-extras.cmake
-- Symlinking: /home/saitama1/ros2_foxy/install/map_msgs/share/map_msgs/cmake/ament_cmake_export_targets-extras.cmake
-- Symlinking: /home/saitama1/ros2_foxy/install/map_msgs/share/map_msgs/cmake/ament_cmake_export_include_directories-extras.cmake
-- Symlinking: /home/saitama1/ros2_foxy/install/map_msgs/share/map_msgs/cmake/rosidl_cmake_export_typesupport_targets-extras.cmake
-- Symlinking: /home/saitama1/ros2_foxy/install/map_msgs/share/map_msgs/cmake/rosidl_cmake_export_typesupport_libraries-extras.cmake
-- Symlinking: /home/saitama1/ros2_foxy/install/map_msgs/share/map_msgs/cmake/map_msgsConfig.cmake
-- Symlinking: /home/saitama1/ros2_foxy/install/map_msgs/share/map_msgs/cmake/map_msgsConfig-version.cmake
-- Symlinking: /home/saitama1/ros2_foxy/install/map_msgs/share/map_msgs/package.xml
-- Installing: /home/saitama1/ros2_foxy/install/map_msgs/lib/libmap_msgs__rosidl_generator_c.so
-- Set runtime path of "/home/saitama1/ros2_foxy/install/map_msgs/lib/libmap_msgs__rosidl_generator_c.so" to ""
-- Installing: /home/saitama1/ros2_foxy/install/map_msgs/lib/libmap_msgs__rosidl_typesupport_introspection_c.so
-- Set runtime path of "/home/saitama1/ros2_foxy/install/map_msgs/lib/libmap_msgs__rosidl_typesupport_introspection_c.so" to ""
-- Installing: /home/saitama1/ros2_foxy/install/map_msgs/lib/libmap_msgs__rosidl_typesupport_c.so
-- Set runtime path of "/home/saitama1/ros2_foxy/install/map_msgs/lib/libmap_msgs__rosidl_typesupport_c.so" to ""
-- Installing: /home/saitama1/ros2_foxy/install/map_msgs/lib/libmap_msgs__rosidl_typesupport_introspection_cpp.so
-- Set runtime path of "/home/saitama1/ros2_foxy/install/map_msgs/lib/libmap_msgs__rosidl_typesupport_introspection_cpp.so" to ""
-- Installing: /home/saitama1/ros2_foxy/install/map_msgs/lib/libmap_msgs__rosidl_typesupport_cpp.so
-- Set runtime path of "/home/saitama1/ros2_foxy/install/map_msgs/lib/libmap_msgs__rosidl_typesupport_cpp.so" to ""
Compiling '/home/saitama1/ros2_foxy/install/map_msgs/lib/python3.8/site-packages/map_msgs/__init__.py'...
-- Up-to-date: /home/saitama1/ros2_foxy/install/map_msgs/share/map_msgs/cmake/map_msgs__rosidl_generator_cExport.cmake
-- Installing: /home/saitama1/ros2_foxy/install/map_msgs/share/map_msgs/cmake/map_msgs__rosidl_generator_cExport-noconfig.cmake
-- Up-to-date: /home/saitama1/ros2_foxy/install/map_msgs/share/map_msgs/cmake/map_msgs__rosidl_typesupport_introspection_cExport.cmake
-- Installing: /home/saitama1/ros2_foxy/install/map_msgs/share/map_msgs/cmake/map_msgs__rosidl_typesupport_introspection_cExport-noconfig.cmake
-- Up-to-date: /home/saitama1/ros2_foxy/install/map_msgs/share/map_msgs/cmake/map_msgs__rosidl_typesupport_cExport.cmake
-- Installing: /home/saitama1/ros2_foxy/install/map_msgs/share/map_msgs/cmake/map_msgs__rosidl_typesupport_cExport-noconfig.cmake
-- Up-to-date: /home/saitama1/ros2_foxy/install/map_msgs/share/map_msgs/cmake/map_msgs__rosidl_generator_cppExport.cmake
-- Up-to-date: /home/saitama1/ros2_foxy/install/map_msgs/share/map_msgs/cmake/map_msgs__rosidl_typesupport_introspection_cppExport.cmake
-- Installing: /home/saitama1/ros2_foxy/install/map_msgs/share/map_msgs/cmake/map_msgs__rosidl_typesupport_introspection_cppExport-noconfig.cmake
-- Up-to-date: /home/saitama1/ros2_foxy/install/map_msgs/share/map_msgs/cmake/map_msgs__rosidl_typesupport_cppExport.cmake
-- Installing: /home/saitama1/ros2_foxy/install/map_msgs/share/map_msgs/cmake/map_msgs__rosidl_typesupport_cppExport-noconfig.cmake
