[0.077s] Invoking command in '/home/saitama1/ros2_foxy/build/ament_cmake_export_include_directories': AMENT_PREFIX_PATH=/home/saitama1/ros2_foxy/install/ament_cmake_core:/home/saitama1/ros2_foxy/install/ament_package CMAKE_PREFIX_PATH=/home/saitama1/ros2_foxy/install/ament_cmake_core PYTHONPATH=/home/saitama1/ros2_foxy/build/ament_package:/home/saitama1/ros2_foxy/install/ament_package/lib/python3.8/site-packages /usr/bin/cmake --build /home/saitama1/ros2_foxy/build/ament_cmake_export_include_directories -- -j12 -l12
[0.155s] Invoked command in '/home/saitama1/ros2_foxy/build/ament_cmake_export_include_directories' returned '0': AMENT_PREFIX_PATH=/home/saitama1/ros2_foxy/install/ament_cmake_core:/home/saitama1/ros2_foxy/install/ament_package CMAKE_PREFIX_PATH=/home/saitama1/ros2_foxy/install/ament_cmake_core PYTHONPATH=/home/saitama1/ros2_foxy/build/ament_package:/home/saitama1/ros2_foxy/install/ament_package/lib/python3.8/site-packages /usr/bin/cmake --build /home/saitama1/ros2_foxy/build/ament_cmake_export_include_directories -- -j12 -l12
[0.217s] Invoking command in '/home/saitama1/ros2_foxy/build/ament_cmake_export_include_directories': AMENT_PREFIX_PATH=/home/saitama1/ros2_foxy/install/ament_cmake_core:/home/saitama1/ros2_foxy/install/ament_package CMAKE_PREFIX_PATH=/home/saitama1/ros2_foxy/install/ament_cmake_core PYTHONPATH=/home/saitama1/ros2_foxy/build/ament_package:/home/saitama1/ros2_foxy/install/ament_package/lib/python3.8/site-packages /usr/bin/cmake --install /home/saitama1/ros2_foxy/build/ament_cmake_export_include_directories
[0.229s] -- Install configuration: ""
[0.229s] -- Execute custom install script
[0.230s] -- Up-to-date symlink: /home/saitama1/ros2_foxy/install/ament_cmake_export_include_directories/share/ament_index/resource_index/package_run_dependencies/ament_cmake_export_include_directories
[0.231s] -- Up-to-date symlink: /home/saitama1/ros2_foxy/install/ament_cmake_export_include_directories/share/ament_index/resource_index/parent_prefix_path/ament_cmake_export_include_directories
[0.231s] -- Up-to-date symlink: /home/saitama1/ros2_foxy/install/ament_cmake_export_include_directories/share/ament_cmake_export_include_directories/environment/ament_prefix_path.sh
[0.231s] -- Up-to-date symlink: /home/saitama1/ros2_foxy/install/ament_cmake_export_include_directories/share/ament_cmake_export_include_directories/environment/ament_prefix_path.dsv
[0.232s] -- Up-to-date symlink: /home/saitama1/ros2_foxy/install/ament_cmake_export_include_directories/share/ament_cmake_export_include_directories/environment/path.sh
[0.232s] -- Up-to-date symlink: /home/saitama1/ros2_foxy/install/ament_cmake_export_include_directories/share/ament_cmake_export_include_directories/environment/path.dsv
[0.232s] -- Up-to-date symlink: /home/saitama1/ros2_foxy/install/ament_cmake_export_include_directories/share/ament_cmake_export_include_directories/local_setup.bash
[0.232s] -- Up-to-date symlink: /home/saitama1/ros2_foxy/install/ament_cmake_export_include_directories/share/ament_cmake_export_include_directories/local_setup.sh
[0.232s] -- Up-to-date symlink: /home/saitama1/ros2_foxy/install/ament_cmake_export_include_directories/share/ament_cmake_export_include_directories/local_setup.zsh
[0.233s] -- Up-to-date symlink: /home/saitama1/ros2_foxy/install/ament_cmake_export_include_directories/share/ament_cmake_export_include_directories/local_setup.dsv
[0.233s] -- Symlinking: /home/saitama1/ros2_foxy/install/ament_cmake_export_include_directories/share/ament_cmake_export_include_directories/package.dsv
[0.242s] -- Up-to-date symlink: /home/saitama1/ros2_foxy/install/ament_cmake_export_include_directories/share/ament_index/resource_index/packages/ament_cmake_export_include_directories
[0.242s] -- Up-to-date symlink: /home/saitama1/ros2_foxy/install/ament_cmake_export_include_directories/share/ament_cmake_export_include_directories/cmake/ament_cmake_export_include_directories-extras.cmake
[0.242s] -- Up-to-date symlink: /home/saitama1/ros2_foxy/install/ament_cmake_export_include_directories/share/ament_cmake_export_include_directories/cmake/ament_cmake_export_include_directoriesConfig.cmake
[0.243s] -- Up-to-date symlink: /home/saitama1/ros2_foxy/install/ament_cmake_export_include_directories/share/ament_cmake_export_include_directories/cmake/ament_cmake_export_include_directoriesConfig-version.cmake
[0.243s] -- Up-to-date symlink: /home/saitama1/ros2_foxy/install/ament_cmake_export_include_directories/share/ament_cmake_export_include_directories/package.xml
[0.243s] -- Up-to-date symlink: /home/saitama1/ros2_foxy/install/ament_cmake_export_include_directories/share/ament_cmake_export_include_directories/cmake/ament_cmake_export_include_directories-extras.cmake.in
[0.244s] -- Up-to-date symlink: /home/saitama1/ros2_foxy/install/ament_cmake_export_include_directories/share/ament_cmake_export_include_directories/cmake/ament_cmake_export_include_directories_package_hook.cmake
[0.244s] -- Up-to-date symlink: /home/saitama1/ros2_foxy/install/ament_cmake_export_include_directories/share/ament_cmake_export_include_directories/cmake/ament_export_include_directories.cmake
[0.326s] Invoked command in '/home/saitama1/ros2_foxy/build/ament_cmake_export_include_directories' returned '0': AMENT_PREFIX_PATH=/home/saitama1/ros2_foxy/install/ament_cmake_core:/home/saitama1/ros2_foxy/install/ament_package CMAKE_PREFIX_PATH=/home/saitama1/ros2_foxy/install/ament_cmake_core PYTHONPATH=/home/saitama1/ros2_foxy/build/ament_package:/home/saitama1/ros2_foxy/install/ament_package/lib/python3.8/site-packages /usr/bin/cmake --install /home/saitama1/ros2_foxy/build/ament_cmake_export_include_directories
