[0.019s] Invoking command in '/home/saitama1/Pictures/ros2-picas/ros2_foxy/build/urdfdom': AMENT_PREFIX_PATH=/home/saitama1/Pictures/ros2-picas/ros2_foxy/install/console_bridge_vendor:/home/saitama1/Pictures/ros2-picas/ros2_foxy/install/tinyxml_vendor:${AMENT_PREFIX_PATH} CMAKE_PREFIX_PATH=/home/saitama1/Pictures/ros2-picas/ros2_foxy/install/console_bridge_vendor:/home/saitama1/Pictures/ros2-picas/ros2_foxy/install/tinyxml_vendor:/home/saitama1/Pictures/ros2-picas/ros2_foxy/install/urdfdom_headers:/opt/ros/foxy LD_LIBRARY_PATH=/home/saitama1/Pictures/ros2-picas/ros2_foxy/install/console_bridge_vendor/lib:${LD_LIBRARY_PATH} PKG_CONFIG_PATH=/home/saitama1/Pictures/ros2-picas/ros2_foxy/install/urdfdom_headers/lib/pkgconfig /usr/bin/cmake /home/saitama1/Pictures/ros2-picas/ros2_foxy/src/ros/urdfdom -DCMAKE_INSTALL_PREFIX=/home/saitama1/Pictures/ros2-picas/ros2_foxy/install/urdfdom
[2.046s] -- The CXX compiler identification is GNU 9.3.0
[2.046s] -- The C compiler identification is GNU 9.3.0
[2.046s] -- Check for working CXX compiler: /usr/bin/c++
[2.046s] -- Check for working CXX compiler: /usr/bin/c++ -- works
[2.046s] -- Detecting CXX compiler ABI info
[2.046s] -- Detecting CXX compiler ABI info - done
[2.046s] -- Detecting CXX compile features
[2.046s] -- Detecting CXX compile features - done
[2.046s] -- Check for working C compiler: /usr/bin/cc
[2.046s] -- Check for working C compiler: /usr/bin/cc -- works
[2.047s] -- Detecting C compiler ABI info
[2.047s] -- Detecting C compiler ABI info - done
[2.047s] -- Detecting C compile features
[2.047s] -- Detecting C compile features - done
[2.047s] -- urdfdom version 1.0.0
[2.047s] -- Performing Test HAS_VISIBILITY
[2.047s] -- Performing Test HAS_VISIBILITY - Success
[2.047s] -- Found tinyxml_vendor: 0.8.2 (/home/saitama1/Pictures/ros2-picas/ros2_foxy/install/tinyxml_vendor/share/tinyxml_vendor/cmake)
[2.047s] -- Found TinyXML: /usr/lib/x86_64-linux-gnu/libtinyxml.so  
[2.047s] -- Found console_bridge_vendor: 1.2.4 (/home/saitama1/Pictures/ros2-picas/ros2_foxy/install/console_bridge_vendor/share/console_bridge_vendor/cmake)
[2.047s] -- Configuration successful. Type make to compile urdfdom
[2.047s] -- Configuring done
[2.047s] -- Generating done
[2.048s] -- Build files have been written to: /home/saitama1/Pictures/ros2-picas/ros2_foxy/build/urdfdom
[2.089s] Invoked command in '/home/saitama1/Pictures/ros2-picas/ros2_foxy/build/urdfdom' returned '0': AMENT_PREFIX_PATH=/home/saitama1/Pictures/ros2-picas/ros2_foxy/install/console_bridge_vendor:/home/saitama1/Pictures/ros2-picas/ros2_foxy/install/tinyxml_vendor:${AMENT_PREFIX_PATH} CMAKE_PREFIX_PATH=/home/saitama1/Pictures/ros2-picas/ros2_foxy/install/console_bridge_vendor:/home/saitama1/Pictures/ros2-picas/ros2_foxy/install/tinyxml_vendor:/home/saitama1/Pictures/ros2-picas/ros2_foxy/install/urdfdom_headers:/opt/ros/foxy LD_LIBRARY_PATH=/home/saitama1/Pictures/ros2-picas/ros2_foxy/install/console_bridge_vendor/lib:${LD_LIBRARY_PATH} PKG_CONFIG_PATH=/home/saitama1/Pictures/ros2-picas/ros2_foxy/install/urdfdom_headers/lib/pkgconfig /usr/bin/cmake /home/saitama1/Pictures/ros2-picas/ros2_foxy/src/ros/urdfdom -DCMAKE_INSTALL_PREFIX=/home/saitama1/Pictures/ros2-picas/ros2_foxy/install/urdfdom
[2.092s] Invoking command in '/home/saitama1/Pictures/ros2-picas/ros2_foxy/build/urdfdom': AMENT_PREFIX_PATH=/home/saitama1/Pictures/ros2-picas/ros2_foxy/install/console_bridge_vendor:/home/saitama1/Pictures/ros2-picas/ros2_foxy/install/tinyxml_vendor:${AMENT_PREFIX_PATH} CMAKE_PREFIX_PATH=/home/saitama1/Pictures/ros2-picas/ros2_foxy/install/console_bridge_vendor:/home/saitama1/Pictures/ros2-picas/ros2_foxy/install/tinyxml_vendor:/home/saitama1/Pictures/ros2-picas/ros2_foxy/install/urdfdom_headers:/opt/ros/foxy LD_LIBRARY_PATH=/home/saitama1/Pictures/ros2-picas/ros2_foxy/install/console_bridge_vendor/lib:${LD_LIBRARY_PATH} PKG_CONFIG_PATH=/home/saitama1/Pictures/ros2-picas/ros2_foxy/install/urdfdom_headers/lib/pkgconfig /usr/bin/cmake --build /home/saitama1/Pictures/ros2-picas/ros2_foxy/build/urdfdom -- -j12 -l12
[4.514s] [35m[1mScanning dependencies of target urdfdom_world[0m
[4.517s] [  3%] [32mBuilding CXX object urdf_parser/CMakeFiles/urdfdom_world.dir/src/pose.cpp.o[0m
[4.517s] [  7%] [32mBuilding CXX object urdf_parser/CMakeFiles/urdfdom_world.dir/src/world.cpp.o[0m
[4.517s] [ 10%] [32mBuilding CXX object urdf_parser/CMakeFiles/urdfdom_world.dir/src/joint.cpp.o[0m
[5.759s] [ 14%] [32mBuilding CXX object urdf_parser/CMakeFiles/urdfdom_world.dir/src/link.cpp.o[0m
[7.537s] [ 17%] [32mBuilding CXX object urdf_parser/CMakeFiles/urdfdom_world.dir/src/model.cpp.o[0m
[9.248s] [ 21%] [32m[1mLinking CXX shared library ../lib/liburdfdom_world.so[0m
[12.870s] [ 21%] Built target urdfdom_world
[12.876s] [35m[1mScanning dependencies of target gtest[0m
[24.296s] [ 25%] [32mBuilding CXX object urdf_parser/test/CMakeFiles/gtest.dir/gtest/src/gtest-all.cc.o[0m
[30.079s] [ 28%] [32m[1mLinking CXX static library ../../lib/libgtest.a[0m
[31.096s] [ 28%] Built target gtest
[31.107s] [35m[1mScanning dependencies of target urdfdom_model_state[0m
[31.319s] [ 32%] [32mBuilding CXX object urdf_parser/CMakeFiles/urdfdom_model_state.dir/src/urdf_model_state.cpp.o[0m
[32.325s] [ 35%] [32mBuilding CXX object urdf_parser/CMakeFiles/urdfdom_model_state.dir/src/twist.cpp.o[0m
[33.447s] [ 39%] [32m[1mLinking CXX shared library ../lib/liburdfdom_model_state.so[0m
[33.740s] [ 39%] Built target urdfdom_model_state
[33.751s] [35m[1mScanning dependencies of target gtest_main[0m
[33.974s] [ 42%] [32mBuilding CXX object urdf_parser/test/CMakeFiles/gtest_main.dir/gtest/src/gtest_main.cc.o[0m
[34.680s] [ 46%] [32m[1mLinking CXX static library ../../lib/libgtest_main.a[0m
[35.337s] [ 46%] Built target gtest_main
[35.348s] [35m[1mScanning dependencies of target urdfdom_model[0m
[35.382s] [ 50%] [32mBuilding CXX object urdf_parser/CMakeFiles/urdfdom_model.dir/src/pose.cpp.o[0m
[36.258s] [ 53%] [32mBuilding CXX object urdf_parser/CMakeFiles/urdfdom_model.dir/src/joint.cpp.o[0m
[38.636s] [ 57%] [32mBuilding CXX object urdf_parser/CMakeFiles/urdfdom_model.dir/src/link.cpp.o[0m
[40.667s] [ 60%] [32mBuilding CXX object urdf_parser/CMakeFiles/urdfdom_model.dir/src/model.cpp.o[0m
[42.589s] [ 64%] [32m[1mLinking CXX shared library ../lib/liburdfdom_model.so[0m
[42.831s] [ 64%] Built target urdfdom_model
[42.845s] [35m[1mScanning dependencies of target check_urdf[0m
[43.011s] [ 67%] [32mBuilding CXX object urdf_parser/CMakeFiles/check_urdf.dir/src/check_urdf.cpp.o[0m
[43.806s] [ 71%] [32m[1mLinking CXX executable ../bin/check_urdf[0m
[43.920s] [ 71%] Built target check_urdf
[43.930s] [35m[1mScanning dependencies of target urdf_unit_test[0m
[44.053s] [ 75%] [32mBuilding CXX object urdf_parser/test/CMakeFiles/urdf_unit_test.dir/urdf_unit_test.cpp.o[0m
[44.826s] [ 78%] [32m[1mLinking CXX executable ../../bin/urdf_unit_test[0m
[44.998s] [ 78%] Built target urdf_unit_test
[45.008s] [35m[1mScanning dependencies of target urdfdom_sensor[0m
[45.055s] [ 82%] [32mBuilding CXX object urdf_parser/CMakeFiles/urdfdom_sensor.dir/src/urdf_sensor.cpp.o[0m
[50.674s] [ 85%] [32m[1mLinking CXX shared library ../lib/liburdfdom_sensor.so[0m
[56.366s] [ 85%] Built target urdfdom_sensor
[56.377s] [35m[1mScanning dependencies of target urdf_mem_test[0m
[60.794s] [ 89%] [32mBuilding CXX object urdf_parser/CMakeFiles/urdf_mem_test.dir/test/memtest.cpp.o[0m
[61.982s] [ 92%] [32m[1mLinking CXX executable ../bin/urdf_mem_test[0m
[62.396s] [ 92%] Built target urdf_mem_test
[62.408s] [35m[1mScanning dependencies of target urdf_to_graphiz[0m
[63.009s] [ 96%] [32mBuilding CXX object urdf_parser/CMakeFiles/urdf_to_graphiz.dir/src/urdf_to_graphiz.cpp.o[0m
[64.041s] [100%] [32m[1mLinking CXX executable ../bin/urdf_to_graphiz[0m
[64.778s] [100%] Built target urdf_to_graphiz
[64.792s] Invoked command in '/home/saitama1/Pictures/ros2-picas/ros2_foxy/build/urdfdom' returned '0': AMENT_PREFIX_PATH=/home/saitama1/Pictures/ros2-picas/ros2_foxy/install/console_bridge_vendor:/home/saitama1/Pictures/ros2-picas/ros2_foxy/install/tinyxml_vendor:${AMENT_PREFIX_PATH} CMAKE_PREFIX_PATH=/home/saitama1/Pictures/ros2-picas/ros2_foxy/install/console_bridge_vendor:/home/saitama1/Pictures/ros2-picas/ros2_foxy/install/tinyxml_vendor:/home/saitama1/Pictures/ros2-picas/ros2_foxy/install/urdfdom_headers:/opt/ros/foxy LD_LIBRARY_PATH=/home/saitama1/Pictures/ros2-picas/ros2_foxy/install/console_bridge_vendor/lib:${LD_LIBRARY_PATH} PKG_CONFIG_PATH=/home/saitama1/Pictures/ros2-picas/ros2_foxy/install/urdfdom_headers/lib/pkgconfig /usr/bin/cmake --build /home/saitama1/Pictures/ros2-picas/ros2_foxy/build/urdfdom -- -j12 -l12
[64.842s] Invoking command in '/home/saitama1/Pictures/ros2-picas/ros2_foxy/build/urdfdom': AMENT_PREFIX_PATH=/home/saitama1/Pictures/ros2-picas/ros2_foxy/install/console_bridge_vendor:/home/saitama1/Pictures/ros2-picas/ros2_foxy/install/tinyxml_vendor:${AMENT_PREFIX_PATH} CMAKE_PREFIX_PATH=/home/saitama1/Pictures/ros2-picas/ros2_foxy/install/console_bridge_vendor:/home/saitama1/Pictures/ros2-picas/ros2_foxy/install/tinyxml_vendor:/home/saitama1/Pictures/ros2-picas/ros2_foxy/install/urdfdom_headers:/opt/ros/foxy LD_LIBRARY_PATH=/home/saitama1/Pictures/ros2-picas/ros2_foxy/install/console_bridge_vendor/lib:${LD_LIBRARY_PATH} PKG_CONFIG_PATH=/home/saitama1/Pictures/ros2-picas/ros2_foxy/install/urdfdom_headers/lib/pkgconfig /usr/bin/cmake --install /home/saitama1/Pictures/ros2-picas/ros2_foxy/build/urdfdom
[64.850s] -- Install configuration: "Release"
[64.850s] -- Installing: /home/saitama1/Pictures/ros2-picas/ros2_foxy/install/urdfdom/share/urdfdom/package.xml
[64.850s] -- Installing: /home/saitama1/Pictures/ros2-picas/ros2_foxy/install/urdfdom/lib/urdfdom/cmake/urdfdom-config.cmake
[64.850s] -- Installing: /home/saitama1/Pictures/ros2-picas/ros2_foxy/install/urdfdom/lib/pkgconfig/urdfdom.pc
[64.851s] -- Installing: /home/saitama1/Pictures/ros2-picas/ros2_foxy/install/urdfdom/bin/check_urdf
[64.851s] -- Set runtime path of "/home/saitama1/Pictures/ros2-picas/ros2_foxy/install/urdfdom/bin/check_urdf" to ""
[64.851s] -- Installing: /home/saitama1/Pictures/ros2-picas/ros2_foxy/install/urdfdom/bin/urdf_to_graphiz
[64.851s] -- Set runtime path of "/home/saitama1/Pictures/ros2-picas/ros2_foxy/install/urdfdom/bin/urdf_to_graphiz" to ""
[64.852s] -- Installing: /home/saitama1/Pictures/ros2-picas/ros2_foxy/install/urdfdom/bin/urdf_mem_test
[64.852s] -- Set runtime path of "/home/saitama1/Pictures/ros2-picas/ros2_foxy/install/urdfdom/bin/urdf_mem_test" to ""
[64.852s] -- Installing: /home/saitama1/Pictures/ros2-picas/ros2_foxy/install/urdfdom/lib/liburdfdom_model.so.1.0
[64.853s] -- Set runtime path of "/home/saitama1/Pictures/ros2-picas/ros2_foxy/install/urdfdom/lib/liburdfdom_model.so.1.0" to ""
[64.853s] -- Up-to-date: /home/saitama1/Pictures/ros2-picas/ros2_foxy/install/urdfdom/lib/liburdfdom_model.so
[64.853s] -- Installing: /home/saitama1/Pictures/ros2-picas/ros2_foxy/install/urdfdom/lib/liburdfdom_world.so.1.0
[64.853s] -- Set runtime path of "/home/saitama1/Pictures/ros2-picas/ros2_foxy/install/urdfdom/lib/liburdfdom_world.so.1.0" to ""
[64.853s] -- Up-to-date: /home/saitama1/Pictures/ros2-picas/ros2_foxy/install/urdfdom/lib/liburdfdom_world.so
[64.854s] -- Installing: /home/saitama1/Pictures/ros2-picas/ros2_foxy/install/urdfdom/lib/liburdfdom_sensor.so.1.0
[64.854s] -- Set runtime path of "/home/saitama1/Pictures/ros2-picas/ros2_foxy/install/urdfdom/lib/liburdfdom_sensor.so.1.0" to ""
[64.854s] -- Up-to-date: /home/saitama1/Pictures/ros2-picas/ros2_foxy/install/urdfdom/lib/liburdfdom_sensor.so
[64.854s] -- Installing: /home/saitama1/Pictures/ros2-picas/ros2_foxy/install/urdfdom/lib/liburdfdom_model_state.so.1.0
[64.854s] -- Set runtime path of "/home/saitama1/Pictures/ros2-picas/ros2_foxy/install/urdfdom/lib/liburdfdom_model_state.so.1.0" to ""
[64.855s] -- Up-to-date: /home/saitama1/Pictures/ros2-picas/ros2_foxy/install/urdfdom/lib/liburdfdom_model_state.so
[64.855s] -- Installing: /home/saitama1/Pictures/ros2-picas/ros2_foxy/install/urdfdom/lib/urdfdom/cmake/urdfdomExport.cmake
[64.855s] -- Installing: /home/saitama1/Pictures/ros2-picas/ros2_foxy/install/urdfdom/lib/urdfdom/cmake/urdfdomExport-release.cmake
[64.855s] -- Up-to-date: /home/saitama1/Pictures/ros2-picas/ros2_foxy/install/urdfdom/include/urdf_parser
[64.855s] -- Installing: /home/saitama1/Pictures/ros2-picas/ros2_foxy/install/urdfdom/include/urdf_parser/urdf_parser.h
[64.855s] -- Installing: /home/saitama1/Pictures/ros2-picas/ros2_foxy/install/urdfdom/include/urdf_parser/exportdecl.h
[64.857s] Invoked command in '/home/saitama1/Pictures/ros2-picas/ros2_foxy/build/urdfdom' returned '0': AMENT_PREFIX_PATH=/home/saitama1/Pictures/ros2-picas/ros2_foxy/install/console_bridge_vendor:/home/saitama1/Pictures/ros2-picas/ros2_foxy/install/tinyxml_vendor:${AMENT_PREFIX_PATH} CMAKE_PREFIX_PATH=/home/saitama1/Pictures/ros2-picas/ros2_foxy/install/console_bridge_vendor:/home/saitama1/Pictures/ros2-picas/ros2_foxy/install/tinyxml_vendor:/home/saitama1/Pictures/ros2-picas/ros2_foxy/install/urdfdom_headers:/opt/ros/foxy LD_LIBRARY_PATH=/home/saitama1/Pictures/ros2-picas/ros2_foxy/install/console_bridge_vendor/lib:${LD_LIBRARY_PATH} PKG_CONFIG_PATH=/home/saitama1/Pictures/ros2-picas/ros2_foxy/install/urdfdom_headers/lib/pkgconfig /usr/bin/cmake --install /home/saitama1/Pictures/ros2-picas/ros2_foxy/build/urdfdom
