[0.884s] Invoking command in '/home/saitama1/ros2_foxy/src/ament/ament_lint/ament_clang_format': AMENT_PREFIX_PATH=/home/saitama1/ros2_foxy/install/ament_copyright:/home/saitama1/ros2_foxy/install/ament_pep257:/home/saitama1/ros2_foxy/install/ament_flake8:/home/saitama1/ros2_foxy/install/ament_lint:/home/saitama1/ros2_foxy/install/test_interface_files:/home/saitama1/ros2_foxy/install/ros_environment:/home/saitama1/ros2_foxy/install/osrf_pycommon:/home/saitama1/ros2_foxy/install/ament_pyflakes:/home/saitama1/ros2_foxy/install/ament_pycodestyle:/home/saitama1/ros2_foxy/install/ament_cmake_version:/home/saitama1/ros2_foxy/install/ament_cmake_test:/home/saitama1/ros2_foxy/install/ament_cmake_target_dependencies:/home/saitama1/ros2_foxy/install/ament_cmake_python:/home/saitama1/ros2_foxy/install/ament_cmake_export_dependencies:/home/saitama1/ros2_foxy/install/ament_cmake_libraries:/home/saitama1/ros2_foxy/install/ament_cmake_include_directories:/home/saitama1/ros2_foxy/install/ament_cmake_export_targets:/home/saitama1/ros2_foxy/install/ament_cmake_export_link_flags:/home/saitama1/ros2_foxy/install/ament_cmake_export_interfaces:/home/saitama1/ros2_foxy/install/ament_cmake_export_libraries:/home/saitama1/ros2_foxy/install/ament_cmake_export_include_directories:/home/saitama1/ros2_foxy/install/ament_cmake_export_definitions:/home/saitama1/ros2_foxy/install/ament_cmake_core:/home/saitama1/ros2_foxy/install/ament_package:/home/saitama1/ros2_foxy/install/ament_mypy:/home/saitama1/ros2_foxy/install/ament_cppcheck PATH=/home/saitama1/ros2_foxy/install/ament_copyright/bin:/home/saitama1/ros2_foxy/install/ament_pep257/bin:/home/saitama1/ros2_foxy/install/ament_flake8/bin:/home/saitama1/ros2_foxy/install/ament_pyflakes/bin:/home/saitama1/ros2_foxy/install/ament_pycodestyle/bin:/home/saitama1/ros2_foxy/install/ament_mypy/bin:/home/saitama1/ros2_foxy/install/ament_cppcheck/bin:/home/saitama1/.local/bin:/usr/local/sbin:/usr/local/bin:/usr/sbin:/usr/bin:/sbin:/bin:/usr/games:/usr/local/games:/snap/bin PYTHONPATH=/home/saitama1/ros2_foxy/install/ament_clang_format/lib/python3.8/site-packages:/home/saitama1/ros2_foxy/install/ament_copyright/lib/python3.8/site-packages:/home/saitama1/ros2_foxy/install/ament_pep257/lib/python3.8/site-packages:/home/saitama1/ros2_foxy/install/ament_flake8/lib/python3.8/site-packages:/home/saitama1/ros2_foxy/install/ament_lint/lib/python3.8/site-packages:/home/saitama1/ros2_foxy/install/osrf_pycommon/lib/python3.8/site-packages:/home/saitama1/ros2_foxy/install/ament_pyflakes/lib/python3.8/site-packages:/home/saitama1/ros2_foxy/install/ament_pycodestyle/lib/python3.8/site-packages:/home/saitama1/ros2_foxy/install/ament_cmake_test/lib/python3.8/site-packages:/home/saitama1/ros2_foxy/install/ament_package/lib/python3.8/site-packages:/home/saitama1/ros2_foxy/install/ament_mypy/lib/python3.8/site-packages:/home/saitama1/ros2_foxy/install/ament_cppcheck/lib/python3.8/site-packages /usr/bin/python3 setup.py egg_info --egg-base ../../../../build/ament_clang_format build --build-base /home/saitama1/ros2_foxy/build/ament_clang_format/build install --prefix /home/saitama1/ros2_foxy/install/ament_clang_format --record /home/saitama1/ros2_foxy/build/ament_clang_format/install.log --single-version-externally-managed
[1.047s] running egg_info
[1.047s] creating ../../../../build/ament_clang_format/ament_clang_format.egg-info
[1.047s] writing ../../../../build/ament_clang_format/ament_clang_format.egg-info/PKG-INFO
[1.048s] writing dependency_links to ../../../../build/ament_clang_format/ament_clang_format.egg-info/dependency_links.txt
[1.048s] writing entry points to ../../../../build/ament_clang_format/ament_clang_format.egg-info/entry_points.txt
[1.048s] writing requirements to ../../../../build/ament_clang_format/ament_clang_format.egg-info/requires.txt
[1.048s] writing top-level names to ../../../../build/ament_clang_format/ament_clang_format.egg-info/top_level.txt
[1.049s] writing manifest file '../../../../build/ament_clang_format/ament_clang_format.egg-info/SOURCES.txt'
[1.085s] reading manifest file '../../../../build/ament_clang_format/ament_clang_format.egg-info/SOURCES.txt'
[1.086s] writing manifest file '../../../../build/ament_clang_format/ament_clang_format.egg-info/SOURCES.txt'
[1.103s] running build
[1.106s] running build_py
[1.107s] creating /home/saitama1/ros2_foxy/build/ament_clang_format/build
[1.107s] creating /home/saitama1/ros2_foxy/build/ament_clang_format/build/lib
[1.108s] creating /home/saitama1/ros2_foxy/build/ament_clang_format/build/lib/ament_clang_format
[1.109s] copying ament_clang_format/__init__.py -> /home/saitama1/ros2_foxy/build/ament_clang_format/build/lib/ament_clang_format
[1.109s] copying ament_clang_format/main.py -> /home/saitama1/ros2_foxy/build/ament_clang_format/build/lib/ament_clang_format
[1.109s] creating /home/saitama1/ros2_foxy/build/ament_clang_format/build/lib/ament_clang_format/configuration
[1.109s] copying ament_clang_format/configuration/.clang-format -> /home/saitama1/ros2_foxy/build/ament_clang_format/build/lib/ament_clang_format/configuration
[1.109s] running install
[1.109s] running install_lib
[1.109s] creating /home/saitama1/ros2_foxy/install/ament_clang_format/lib/python3.8/site-packages/ament_clang_format
[1.110s] copying /home/saitama1/ros2_foxy/build/ament_clang_format/build/lib/ament_clang_format/__init__.py -> /home/saitama1/ros2_foxy/install/ament_clang_format/lib/python3.8/site-packages/ament_clang_format
[1.110s] copying /home/saitama1/ros2_foxy/build/ament_clang_format/build/lib/ament_clang_format/main.py -> /home/saitama1/ros2_foxy/install/ament_clang_format/lib/python3.8/site-packages/ament_clang_format
[1.110s] creating /home/saitama1/ros2_foxy/install/ament_clang_format/lib/python3.8/site-packages/ament_clang_format/configuration
[1.110s] copying /home/saitama1/ros2_foxy/build/ament_clang_format/build/lib/ament_clang_format/configuration/.clang-format -> /home/saitama1/ros2_foxy/install/ament_clang_format/lib/python3.8/site-packages/ament_clang_format/configuration
[1.110s] byte-compiling /home/saitama1/ros2_foxy/install/ament_clang_format/lib/python3.8/site-packages/ament_clang_format/__init__.py to __init__.cpython-38.pyc
[1.110s] byte-compiling /home/saitama1/ros2_foxy/install/ament_clang_format/lib/python3.8/site-packages/ament_clang_format/main.py to main.cpython-38.pyc
[1.111s] running install_data
[1.114s] copying package.xml -> /home/saitama1/ros2_foxy/install/ament_clang_format/share/ament_clang_format
[1.115s] creating /home/saitama1/ros2_foxy/install/ament_clang_format/share/ament_index
[1.115s] creating /home/saitama1/ros2_foxy/install/ament_clang_format/share/ament_index/resource_index
[1.116s] creating /home/saitama1/ros2_foxy/install/ament_clang_format/share/ament_index/resource_index/packages
[1.116s] copying resource/ament_clang_format -> /home/saitama1/ros2_foxy/install/ament_clang_format/share/ament_index/resource_index/packages
[1.116s] running install_egg_info
[1.116s] Copying ../../../../build/ament_clang_format/ament_clang_format.egg-info to /home/saitama1/ros2_foxy/install/ament_clang_format/lib/python3.8/site-packages/ament_clang_format-0.9.6-py3.8.egg-info
[1.116s] running install_scripts
[1.133s] Installing ament_clang_format script to /home/saitama1/ros2_foxy/install/ament_clang_format/bin
[1.133s] writing list of installed files to '/home/saitama1/ros2_foxy/build/ament_clang_format/install.log'
[1.253s] Invoked command in '/home/saitama1/ros2_foxy/src/ament/ament_lint/ament_clang_format' returned '0': AMENT_PREFIX_PATH=/home/saitama1/ros2_foxy/install/ament_copyright:/home/saitama1/ros2_foxy/install/ament_pep257:/home/saitama1/ros2_foxy/install/ament_flake8:/home/saitama1/ros2_foxy/install/ament_lint:/home/saitama1/ros2_foxy/install/test_interface_files:/home/saitama1/ros2_foxy/install/ros_environment:/home/saitama1/ros2_foxy/install/osrf_pycommon:/home/saitama1/ros2_foxy/install/ament_pyflakes:/home/saitama1/ros2_foxy/install/ament_pycodestyle:/home/saitama1/ros2_foxy/install/ament_cmake_version:/home/saitama1/ros2_foxy/install/ament_cmake_test:/home/saitama1/ros2_foxy/install/ament_cmake_target_dependencies:/home/saitama1/ros2_foxy/install/ament_cmake_python:/home/saitama1/ros2_foxy/install/ament_cmake_export_dependencies:/home/saitama1/ros2_foxy/install/ament_cmake_libraries:/home/saitama1/ros2_foxy/install/ament_cmake_include_directories:/home/saitama1/ros2_foxy/install/ament_cmake_export_targets:/home/saitama1/ros2_foxy/install/ament_cmake_export_link_flags:/home/saitama1/ros2_foxy/install/ament_cmake_export_interfaces:/home/saitama1/ros2_foxy/install/ament_cmake_export_libraries:/home/saitama1/ros2_foxy/install/ament_cmake_export_include_directories:/home/saitama1/ros2_foxy/install/ament_cmake_export_definitions:/home/saitama1/ros2_foxy/install/ament_cmake_core:/home/saitama1/ros2_foxy/install/ament_package:/home/saitama1/ros2_foxy/install/ament_mypy:/home/saitama1/ros2_foxy/install/ament_cppcheck PATH=/home/saitama1/ros2_foxy/install/ament_copyright/bin:/home/saitama1/ros2_foxy/install/ament_pep257/bin:/home/saitama1/ros2_foxy/install/ament_flake8/bin:/home/saitama1/ros2_foxy/install/ament_pyflakes/bin:/home/saitama1/ros2_foxy/install/ament_pycodestyle/bin:/home/saitama1/ros2_foxy/install/ament_mypy/bin:/home/saitama1/ros2_foxy/install/ament_cppcheck/bin:/home/saitama1/.local/bin:/usr/local/sbin:/usr/local/bin:/usr/sbin:/usr/bin:/sbin:/bin:/usr/games:/usr/local/games:/snap/bin PYTHONPATH=/home/saitama1/ros2_foxy/install/ament_clang_format/lib/python3.8/site-packages:/home/saitama1/ros2_foxy/install/ament_copyright/lib/python3.8/site-packages:/home/saitama1/ros2_foxy/install/ament_pep257/lib/python3.8/site-packages:/home/saitama1/ros2_foxy/install/ament_flake8/lib/python3.8/site-packages:/home/saitama1/ros2_foxy/install/ament_lint/lib/python3.8/site-packages:/home/saitama1/ros2_foxy/install/osrf_pycommon/lib/python3.8/site-packages:/home/saitama1/ros2_foxy/install/ament_pyflakes/lib/python3.8/site-packages:/home/saitama1/ros2_foxy/install/ament_pycodestyle/lib/python3.8/site-packages:/home/saitama1/ros2_foxy/install/ament_cmake_test/lib/python3.8/site-packages:/home/saitama1/ros2_foxy/install/ament_package/lib/python3.8/site-packages:/home/saitama1/ros2_foxy/install/ament_mypy/lib/python3.8/site-packages:/home/saitama1/ros2_foxy/install/ament_cppcheck/lib/python3.8/site-packages /usr/bin/python3 setup.py egg_info --egg-base ../../../../build/ament_clang_format build --build-base /home/saitama1/ros2_foxy/build/ament_clang_format/build install --prefix /home/saitama1/ros2_foxy/install/ament_clang_format --record /home/saitama1/ros2_foxy/build/ament_clang_format/install.log --single-version-externally-managed
