-- The C compiler identification is GNU 9.3.0
-- The CXX compiler identification is GNU 9.3.0
-- Check for working C compiler: /usr/bin/cc
-- Check for working C compiler: /usr/bin/cc -- works
-- Detecting C compiler ABI info
-- Detecting C compiler ABI info - done
-- Detecting C compile features
-- Detecting C compile features - done
-- Check for working CXX compiler: /usr/bin/c++
-- Check for working CXX compiler: /usr/bin/c++ -- works
-- Detecting CXX compiler ABI info
-- Detecting CXX compiler ABI info - done
-- Detecting CXX compile features
-- Detecting CXX compile features - done
-- Found ament_cmake: 0.9.8 (/home/saitama1/ros2_foxy/install/ament_cmake/share/ament_cmake/cmake)
-- Found PythonInterp: /usr/bin/python3 (found suitable version "3.8.10", minimum required is "3") 
-- Using PYTHON_EXECUTABLE: /usr/bin/python3
-- Found console_bridge_vendor: 1.2.4 (/home/saitama1/ros2_foxy/install/console_bridge_vendor/share/console_bridge_vendor/cmake)
-- Found rcpputils: 1.3.1 (/home/saitama1/ros2_foxy/install/rcpputils/share/rcpputils/cmake)
-- Checking to see if CXX compiler accepts flag -Wl,--version-script,"/home/saitama1/ros2_foxy/build/class_loader/test/class_loader_hide_library_symbols__class_loader_TestPlugins1.script"
-- Checking to see if CXX compiler accepts flag -Wl,--version-script,"/home/saitama1/ros2_foxy/build/class_loader/test/class_loader_hide_library_symbols__class_loader_TestPlugins1.script" - yes
-- Found gtest sources under '/home/saitama1/ros2_foxy/install/gtest_vendor/src/gtest_vendor': C++ tests using 'Google Test' will be built
-- Looking for pthread.h
-- Looking for pthread.h - found
-- Performing Test CMAKE_HAVE_LIBC_PTHREAD
-- Performing Test CMAKE_HAVE_LIBC_PTHREAD - Failed
-- Check if compiler accepts -pthread
-- Check if compiler accepts -pthread - yes
-- Found Threads: TRUE  
-- Added test 'cppcheck' to perform static code analysis on C / C++ code
-- Configured cppcheck include dirs: $<BUILD_INTERFACE:/home/saitama1/ros2_foxy/src/ros/class_loader/include>
-- Configured cppcheck exclude dirs and/or files: 
-- Added test 'cpplint' to check C / C++ code against the Google style
-- Configured cpplint exclude dirs and/or files: 
-- Added test 'lint_cmake' to check CMake code style
-- Added test 'uncrustify' to check C / C++ code style
-- Configured uncrustify additional arguments: 
-- Added test 'xmllint' to check XML markup files
-- Configuring done
-- Generating done
-- Build files have been written to: /home/saitama1/ros2_foxy/build/class_loader
[35m[1mScanning dependencies of target class_loader[0m
[  3%] [32mBuilding CXX object CMakeFiles/class_loader.dir/src/class_loader.cpp.o[0m
[  7%] [32mBuilding CXX object CMakeFiles/class_loader.dir/src/multi_library_class_loader.cpp.o[0m
[ 11%] [32mBuilding CXX object CMakeFiles/class_loader.dir/src/meta_object.cpp.o[0m
[ 14%] [32mBuilding CXX object CMakeFiles/class_loader.dir/src/class_loader_core.cpp.o[0m
[ 18%] [32m[1mLinking CXX shared library libclass_loader.so[0m
[ 18%] Built target class_loader
[35m[1mScanning dependencies of target class_loader_Test_Fviz[0m
[ 22%] [32mBuilding CXX object test/fviz_case_study/CMakeFiles/class_loader_Test_Fviz.dir/fviz.cpp.o[0m
[ 25%] [32m[1mLinking CXX shared library libclass_loader_Test_Fviz.so[0m
[ 25%] Built target class_loader_Test_Fviz
[35m[1mScanning dependencies of target class_loader_TestGlobalPlugins[0m
[ 29%] [32mBuilding CXX object test/CMakeFiles/class_loader_TestGlobalPlugins.dir/global_plugins.cpp.o[0m
[ 33%] [32m[1mLinking CXX shared library libclass_loader_TestGlobalPlugins.so[0m
[ 33%] Built target class_loader_TestGlobalPlugins
[35m[1mScanning dependencies of target class_loader_Test_Fviz_Main[0m
[ 37%] [32mBuilding CXX object test/fviz_case_study/CMakeFiles/class_loader_Test_Fviz_Main.dir/fviz_main.cpp.o[0m
[ 40%] [32m[1mLinking CXX executable class_loader_Test_Fviz_Main[0m
[ 40%] Built target class_loader_Test_Fviz_Main
[35m[1mScanning dependencies of target class_loader_Test_FvizDefaultPlugin[0m
[ 44%] [32mBuilding CXX object test/fviz_case_study/CMakeFiles/class_loader_Test_FvizDefaultPlugin.dir/fviz_default_plugin.cpp.o[0m
[ 48%] [32m[1mLinking CXX shared library libclass_loader_Test_FvizDefaultPlugin.so[0m
[ 48%] Built target class_loader_Test_FvizDefaultPlugin
[35m[1mScanning dependencies of target class_loader_TestPlugins1[0m
[ 51%] [32mBuilding CXX object test/CMakeFiles/class_loader_TestPlugins1.dir/plugins1.cpp.o[0m
[ 55%] [32m[1mLinking CXX shared library libclass_loader_TestPlugins1.so[0m
[ 55%] Built target class_loader_TestPlugins1
[35m[1mScanning dependencies of target class_loader_TestPlugins2[0m
[ 59%] [32mBuilding CXX object test/CMakeFiles/class_loader_TestPlugins2.dir/plugins2.cpp.o[0m
[ 62%] [32m[1mLinking CXX shared library libclass_loader_TestPlugins2.so[0m
[ 62%] Built target class_loader_TestPlugins2
[35m[1mScanning dependencies of target gtest_main[0m
[ 66%] [32mBuilding CXX object gtest/CMakeFiles/gtest_main.dir/src/gtest_main.cc.o[0m
[ 70%] [32m[1mLinking CXX static library libgtest_main.a[0m
[ 70%] Built target gtest_main
[35m[1mScanning dependencies of target gtest[0m
[ 74%] [32mBuilding CXX object gtest/CMakeFiles/gtest.dir/src/gtest-all.cc.o[0m
[ 77%] [32m[1mLinking CXX static library libgtest.a[0m
[ 77%] Built target gtest
[35m[1mScanning dependencies of target class_loader_unique_ptr_test[0m
[ 81%] [32mBuilding CXX object test/CMakeFiles/class_loader_unique_ptr_test.dir/unique_ptr_test.cpp.o[0m
[ 85%] [32m[1mLinking CXX executable class_loader_unique_ptr_test[0m
[ 85%] Built target class_loader_unique_ptr_test
[35m[1mScanning dependencies of target class_loader_fviz_test[0m
[ 88%] [32mBuilding CXX object test/fviz_case_study/CMakeFiles/class_loader_fviz_test.dir/fviz_test.cpp.o[0m
[ 92%] [32m[1mLinking CXX executable class_loader_fviz_test[0m
[ 92%] Built target class_loader_fviz_test
[35m[1mScanning dependencies of target class_loader_utest[0m
[ 96%] [32mBuilding CXX object test/CMakeFiles/class_loader_utest.dir/utest.cpp.o[0m
[100%] [32m[1mLinking CXX executable class_loader_utest[0m
[100%] Built target class_loader_utest
-- Install configuration: ""
-- Installing: /home/saitama1/ros2_foxy/install/class_loader/share/class_loader/environment/library_path.sh
-- Installing: /home/saitama1/ros2_foxy/install/class_loader/share/class_loader/environment/library_path.dsv
-- Installing: /home/saitama1/ros2_foxy/install/class_loader/share/ament_index/resource_index/package_run_dependencies/class_loader
-- Installing: /home/saitama1/ros2_foxy/install/class_loader/share/ament_index/resource_index/parent_prefix_path/class_loader
-- Installing: /home/saitama1/ros2_foxy/install/class_loader/share/class_loader/environment/ament_prefix_path.sh
-- Installing: /home/saitama1/ros2_foxy/install/class_loader/share/class_loader/environment/ament_prefix_path.dsv
-- Installing: /home/saitama1/ros2_foxy/install/class_loader/share/class_loader/environment/path.sh
-- Installing: /home/saitama1/ros2_foxy/install/class_loader/share/class_loader/environment/path.dsv
-- Installing: /home/saitama1/ros2_foxy/install/class_loader/share/class_loader/local_setup.bash
-- Installing: /home/saitama1/ros2_foxy/install/class_loader/share/class_loader/local_setup.sh
-- Installing: /home/saitama1/ros2_foxy/install/class_loader/share/class_loader/local_setup.zsh
-- Installing: /home/saitama1/ros2_foxy/install/class_loader/share/class_loader/local_setup.dsv
-- Installing: /home/saitama1/ros2_foxy/install/class_loader/share/class_loader/package.dsv
-- Installing: /home/saitama1/ros2_foxy/install/class_loader/share/ament_index/resource_index/packages/class_loader
-- Installing: /home/saitama1/ros2_foxy/install/class_loader/share/class_loader/cmake/class_loaderExport.cmake
-- Installing: /home/saitama1/ros2_foxy/install/class_loader/share/class_loader/cmake/class_loaderExport-noconfig.cmake
-- Installing: /home/saitama1/ros2_foxy/install/class_loader/share/class_loader/cmake/class_loader-extras.cmake
-- Installing: /home/saitama1/ros2_foxy/install/class_loader/share/class_loader/cmake/ament_cmake_export_dependencies-extras.cmake
-- Installing: /home/saitama1/ros2_foxy/install/class_loader/share/class_loader/cmake/ament_cmake_export_include_directories-extras.cmake
-- Installing: /home/saitama1/ros2_foxy/install/class_loader/share/class_loader/cmake/ament_cmake_export_libraries-extras.cmake
-- Installing: /home/saitama1/ros2_foxy/install/class_loader/share/class_loader/cmake/ament_cmake_export_targets-extras.cmake
-- Installing: /home/saitama1/ros2_foxy/install/class_loader/share/class_loader/cmake/class_loaderConfig.cmake
-- Installing: /home/saitama1/ros2_foxy/install/class_loader/share/class_loader/cmake/class_loaderConfig-version.cmake
-- Installing: /home/saitama1/ros2_foxy/install/class_loader/share/class_loader/package.xml
-- Installing: /home/saitama1/ros2_foxy/install/class_loader/lib/libclass_loader.so
-- Set runtime path of "/home/saitama1/ros2_foxy/install/class_loader/lib/libclass_loader.so" to ""
-- Up-to-date: /home/saitama1/ros2_foxy/install/class_loader/share/class_loader/cmake
-- Installing: /home/saitama1/ros2_foxy/install/class_loader/share/class_loader/cmake/class_loader_hide_library_symbols.cmake
-- Installing: /home/saitama1/ros2_foxy/install/class_loader/include/class_loader
-- Installing: /home/saitama1/ros2_foxy/install/class_loader/include/class_loader/meta_object.hpp
-- Installing: /home/saitama1/ros2_foxy/install/class_loader/include/class_loader/class_loader.hpp
-- Installing: /home/saitama1/ros2_foxy/install/class_loader/include/class_loader/register_macro.hpp
-- Installing: /home/saitama1/ros2_foxy/install/class_loader/include/class_loader/class_loader_core.hpp
-- Installing: /home/saitama1/ros2_foxy/install/class_loader/include/class_loader/visibility_control.hpp
-- Installing: /home/saitama1/ros2_foxy/install/class_loader/include/class_loader/exceptions.hpp
-- Installing: /home/saitama1/ros2_foxy/install/class_loader/include/class_loader/multi_library_class_loader.hpp
