-- Found ament_cmake: 0.9.8 (/home/saitama1/ros2_foxy/install/ament_cmake/share/ament_cmake/cmake)
-- Found PythonInterp: /usr/bin/python3 (found suitable version "3.8.10", minimum required is "3") 
-- Using PYTHON_EXECUTABLE: /usr/bin/python3
-- Override CMake install command with custom implementation using symlinks instead of copying resources
-- Found builtin_interfaces: 1.0.0 (/home/saitama1/ros2_foxy/install/builtin_interfaces/share/builtin_interfaces/cmake)
-- Using all available rosidl_typesupport_c: rosidl_typesupport_introspection_c;rosidl_typesupport_fastrtps_c
-- Found rosidl_adapter: 1.2.1 (/home/saitama1/ros2_foxy/install/rosidl_adapter/share/rosidl_adapter/cmake)
-- Using all available rosidl_typesupport_cpp: rosidl_typesupport_introspection_cpp;rosidl_typesupport_fastrtps_cpp
-- Found geometry_msgs: 2.0.4 (/home/saitama1/ros2_foxy/install/geometry_msgs/share/geometry_msgs/cmake)
-- Found message_filters: 3.2.5 (/home/saitama1/ros2_foxy/install/message_filters/share/message_filters/cmake)
-- Found rcl_interfaces: 1.0.0 (/home/saitama1/ros2_foxy/install/rcl_interfaces/share/rcl_interfaces/cmake)
-- Found rclcpp: 2.3.1 (/home/saitama1/ros2_foxy/install/rclcpp/share/rclcpp/cmake)
-- Found rmw_implementation_cmake: 1.0.3 (/home/saitama1/ros2_foxy/install/rmw_implementation_cmake/share/rmw_implementation_cmake/cmake)
-- Using RMW implementation 'rmw_fastrtps_cpp' as default
-- Found rclcpp_action: 2.3.1 (/home/saitama1/ros2_foxy/install/rclcpp_action/share/rclcpp_action/cmake)
-- Found rclcpp_components: 2.3.1 (/home/saitama1/ros2_foxy/install/rclcpp_components/share/rclcpp_components/cmake)
-- Found tf2: 0.13.10 (/home/saitama1/ros2_foxy/install/tf2/share/tf2/cmake)
-- Found tf2_msgs: 0.13.10 (/home/saitama1/ros2_foxy/install/tf2_msgs/share/tf2_msgs/cmake)
-- Found ament_cmake_gtest: 0.9.8 (/home/saitama1/ros2_foxy/install/ament_cmake_gtest/share/ament_cmake_gtest/cmake)
-- Found gtest sources under '/home/saitama1/ros2_foxy/install/gtest_vendor/src/gtest_vendor': C++ tests using 'Google Test' will be built
-- Found python_cmake_module: 0.8.1 (/home/saitama1/ros2_foxy/install/python_cmake_module/share/python_cmake_module/cmake)
-- Found PythonInterp: /usr/bin/python3 (found suitable version "3.8.10", minimum required is "3.5") 
-- Using PYTHON_EXECUTABLE: /usr/bin/python3
-- Using PYTHON_INCLUDE_DIRS: /usr/include/python3.8
-- Using PYTHON_LIBRARIES: /usr/lib/x86_64-linux-gnu/libpython3.8.so
-- Found ament_cmake_pytest: 0.9.8 (/home/saitama1/ros2_foxy/install/ament_cmake_pytest/share/ament_cmake_pytest/cmake)
-- Configuring done
-- Generating done
-- Build files have been written to: /home/saitama1/ros2_foxy/build/tf2_ros
[  5%] Built target gtest
[ 10%] Built target gtest_main
[35m[1mScanning dependencies of target tf2_ros[0m
[ 12%] [32mBuilding CXX object CMakeFiles/tf2_ros.dir/src/buffer.cpp.o[0m
[ 15%] [32mBuilding CXX object CMakeFiles/tf2_ros.dir/src/static_transform_broadcaster.cpp.o[0m
[ 17%] [32mBuilding CXX object CMakeFiles/tf2_ros.dir/src/transform_broadcaster.cpp.o[0m
[ 20%] [32mBuilding CXX object CMakeFiles/tf2_ros.dir/src/buffer_server.cpp.o[0m
[ 22%] [32mBuilding CXX object CMakeFiles/tf2_ros.dir/src/buffer_client.cpp.o[0m
[ 25%] [32mBuilding CXX object CMakeFiles/tf2_ros.dir/src/transform_listener.cpp.o[0m
[ 27%] [32mBuilding CXX object CMakeFiles/tf2_ros.dir/src/create_timer_ros.cpp.o[0m
[ 30%] [32m[1mLinking CXX shared library libtf2_ros.so[0m
[ 30%] Built target tf2_ros
[35m[1mScanning dependencies of target tf2_ros_test_listener[0m
[ 32%] [32mBuilding CXX object CMakeFiles/tf2_ros_test_listener.dir/test/listener_unittest.cpp.o[0m
[ 35%] [32m[1mLinking CXX executable tf2_ros_test_listener[0m
[ 35%] Built target tf2_ros_test_listener
[35m[1mScanning dependencies of target tf2_ros_test_message_filter[0m
[ 37%] [32mBuilding CXX object CMakeFiles/tf2_ros_test_message_filter.dir/test/message_filter_test.cpp.o[0m
[ 40%] [32m[1mLinking CXX executable tf2_ros_test_message_filter[0m
[ 40%] Built target tf2_ros_test_message_filter
[35m[1mScanning dependencies of target tf2_ros_test_transform_listener[0m
[ 42%] [32mBuilding CXX object CMakeFiles/tf2_ros_test_transform_listener.dir/test/test_transform_listener.cpp.o[0m
[ 45%] [32m[1mLinking CXX executable tf2_ros_test_transform_listener[0m
[ 45%] Built target tf2_ros_test_transform_listener
[35m[1mScanning dependencies of target tf2_echo[0m
[ 47%] [32mBuilding CXX object CMakeFiles/tf2_echo.dir/src/tf2_echo.cpp.o[0m
[ 50%] [32m[1mLinking CXX executable tf2_echo[0m
[ 50%] Built target tf2_echo
[35m[1mScanning dependencies of target tf2_ros_test_transform_broadcaster[0m
[ 52%] [32mBuilding CXX object CMakeFiles/tf2_ros_test_transform_broadcaster.dir/test/test_transform_broadcaster.cpp.o[0m
[ 55%] [32m[1mLinking CXX executable tf2_ros_test_transform_broadcaster[0m
[ 55%] Built target tf2_ros_test_transform_broadcaster
[35m[1mScanning dependencies of target test_buffer_client[0m
[ 57%] [32mBuilding CXX object CMakeFiles/test_buffer_client.dir/test/test_buffer_client.cpp.o[0m
[ 60%] [32m[1mLinking CXX executable test_buffer_client[0m
[ 60%] Built target test_buffer_client
[35m[1mScanning dependencies of target static_transform_broadcaster_node[0m
[ 62%] [32mBuilding CXX object CMakeFiles/static_transform_broadcaster_node.dir/src/static_transform_broadcaster_node.cpp.o[0m
[ 65%] [32m[1mLinking CXX shared library libstatic_transform_broadcaster_node.so[0m
[ 65%] Built target static_transform_broadcaster_node
[35m[1mScanning dependencies of target test_buffer_server[0m
[ 67%] [32mBuilding CXX object CMakeFiles/test_buffer_server.dir/test/test_buffer_server.cpp.o[0m
[ 70%] [32m[1mLinking CXX executable test_buffer_server[0m
[ 70%] Built target test_buffer_server
[35m[1mScanning dependencies of target static_transform_publisher[0m
[ 72%] [32mBuilding CXX object CMakeFiles/static_transform_publisher.dir/src/static_transform_broadcaster_program.cpp.o[0m
[ 75%] [32m[1mLinking CXX executable static_transform_publisher[0m
[ 75%] Built target static_transform_publisher
[35m[1mScanning dependencies of target buffer_server[0m
[ 77%] [32mBuilding CXX object CMakeFiles/buffer_server.dir/src/buffer_server_main.cpp.o[0m
[ 80%] [32m[1mLinking CXX executable buffer_server[0m
[ 80%] Built target buffer_server
[35m[1mScanning dependencies of target test_buffer[0m
[ 82%] [32mBuilding CXX object CMakeFiles/test_buffer.dir/test/test_buffer.cpp.o[0m
[ 85%] [32m[1mLinking CXX executable test_buffer[0m
[ 85%] Built target test_buffer
[35m[1mScanning dependencies of target tf2_monitor[0m
[ 87%] [32mBuilding CXX object CMakeFiles/tf2_monitor.dir/src/tf2_monitor.cpp.o[0m
[ 90%] [32m[1mLinking CXX executable tf2_monitor[0m
[ 90%] Built target tf2_monitor
[35m[1mScanning dependencies of target tf2_ros_test_time_reset[0m
[35m[1mScanning dependencies of target tf2_ros_test_static_transform_broadcaster[0m
[ 92%] [32mBuilding CXX object CMakeFiles/tf2_ros_test_static_transform_broadcaster.dir/test/test_static_transform_broadcaster.cpp.o[0m
[ 95%] [32mBuilding CXX object CMakeFiles/tf2_ros_test_time_reset.dir/test/time_reset_test.cpp.o[0m
[ 97%] [32m[1mLinking CXX executable tf2_ros_test_static_transform_broadcaster[0m
[ 97%] Built target tf2_ros_test_static_transform_broadcaster
[100%] [32m[1mLinking CXX executable tf2_ros_test_time_reset[0m
[100%] Built target tf2_ros_test_time_reset
-- Install configuration: ""
-- Execute custom install script
-- Symlinking: /home/saitama1/ros2_foxy/install/tf2_ros/share/tf2_ros/environment/pythonpath.sh
-- Symlinking: /home/saitama1/ros2_foxy/install/tf2_ros/share/tf2_ros/environment/pythonpath.dsv
-- Symlinking: /home/saitama1/ros2_foxy/install/tf2_ros/lib/python3.8/site-packages/tf2_ros/__init__.py
-- Symlinking: /home/saitama1/ros2_foxy/install/tf2_ros/lib/python3.8/site-packages/tf2_ros/buffer.py
-- Symlinking: /home/saitama1/ros2_foxy/install/tf2_ros/lib/python3.8/site-packages/tf2_ros/buffer_client.py
-- Symlinking: /home/saitama1/ros2_foxy/install/tf2_ros/lib/python3.8/site-packages/tf2_ros/buffer_interface.py
-- Symlinking: /home/saitama1/ros2_foxy/install/tf2_ros/lib/python3.8/site-packages/tf2_ros/static_transform_broadcaster.py
-- Symlinking: /home/saitama1/ros2_foxy/install/tf2_ros/lib/python3.8/site-packages/tf2_ros/transform_broadcaster.py
-- Symlinking: /home/saitama1/ros2_foxy/install/tf2_ros/lib/python3.8/site-packages/tf2_ros/transform_listener.py
-- Symlinking: /home/saitama1/ros2_foxy/install/tf2_ros/lib/tf2_ros/buffer_server
-- Symlinking: /home/saitama1/ros2_foxy/install/tf2_ros/lib/tf2_ros/static_transform_publisher
-- Symlinking: /home/saitama1/ros2_foxy/install/tf2_ros/lib/tf2_ros/tf2_echo
-- Symlinking: /home/saitama1/ros2_foxy/install/tf2_ros/lib/tf2_ros/tf2_monitor
-- Symlinking: /home/saitama1/ros2_foxy/install/tf2_ros/include/tf2_ros/async_buffer_interface.h
-- Symlinking: /home/saitama1/ros2_foxy/install/tf2_ros/include/tf2_ros/buffer.h
-- Symlinking: /home/saitama1/ros2_foxy/install/tf2_ros/include/tf2_ros/buffer_client.h
-- Symlinking: /home/saitama1/ros2_foxy/install/tf2_ros/include/tf2_ros/buffer_interface.h
-- Symlinking: /home/saitama1/ros2_foxy/install/tf2_ros/include/tf2_ros/buffer_server.h
-- Symlinking: /home/saitama1/ros2_foxy/install/tf2_ros/include/tf2_ros/create_timer_interface.h
-- Symlinking: /home/saitama1/ros2_foxy/install/tf2_ros/include/tf2_ros/create_timer_ros.h
-- Symlinking: /home/saitama1/ros2_foxy/install/tf2_ros/include/tf2_ros/message_filter.h
-- Symlinking: /home/saitama1/ros2_foxy/install/tf2_ros/include/tf2_ros/qos.hpp
-- Symlinking: /home/saitama1/ros2_foxy/install/tf2_ros/include/tf2_ros/static_transform_broadcaster.h
-- Symlinking: /home/saitama1/ros2_foxy/install/tf2_ros/include/tf2_ros/static_transform_broadcaster_node.hpp
-- Symlinking: /home/saitama1/ros2_foxy/install/tf2_ros/include/tf2_ros/static_transform_broadcaster_visibility_control.h
-- Symlinking: /home/saitama1/ros2_foxy/install/tf2_ros/include/tf2_ros/transform_broadcaster.h
-- Symlinking: /home/saitama1/ros2_foxy/install/tf2_ros/include/tf2_ros/transform_listener.h
-- Symlinking: /home/saitama1/ros2_foxy/install/tf2_ros/include/tf2_ros/visibility_control.h
-- Symlinking: /home/saitama1/ros2_foxy/install/tf2_ros/share/tf2_ros/environment/library_path.sh
-- Symlinking: /home/saitama1/ros2_foxy/install/tf2_ros/share/tf2_ros/environment/library_path.dsv
-- Symlinking: /home/saitama1/ros2_foxy/install/tf2_ros/share/ament_index/resource_index/package_run_dependencies/tf2_ros
-- Symlinking: /home/saitama1/ros2_foxy/install/tf2_ros/share/ament_index/resource_index/parent_prefix_path/tf2_ros
-- Symlinking: /home/saitama1/ros2_foxy/install/tf2_ros/share/tf2_ros/environment/ament_prefix_path.sh
-- Symlinking: /home/saitama1/ros2_foxy/install/tf2_ros/share/tf2_ros/environment/ament_prefix_path.dsv
-- Symlinking: /home/saitama1/ros2_foxy/install/tf2_ros/share/tf2_ros/environment/path.sh
-- Symlinking: /home/saitama1/ros2_foxy/install/tf2_ros/share/tf2_ros/environment/path.dsv
-- Symlinking: /home/saitama1/ros2_foxy/install/tf2_ros/share/tf2_ros/local_setup.bash
-- Symlinking: /home/saitama1/ros2_foxy/install/tf2_ros/share/tf2_ros/local_setup.sh
-- Symlinking: /home/saitama1/ros2_foxy/install/tf2_ros/share/tf2_ros/local_setup.zsh
-- Symlinking: /home/saitama1/ros2_foxy/install/tf2_ros/share/tf2_ros/local_setup.dsv
-- Symlinking: /home/saitama1/ros2_foxy/install/tf2_ros/share/tf2_ros/package.dsv
-- Symlinking: /home/saitama1/ros2_foxy/install/tf2_ros/share/ament_index/resource_index/packages/tf2_ros
-- Symlinking: /home/saitama1/ros2_foxy/install/tf2_ros/share/ament_index/resource_index/rclcpp_components/tf2_ros
-- Symlinking: /home/saitama1/ros2_foxy/install/tf2_ros/share/tf2_ros/cmake/ament_cmake_export_include_directories-extras.cmake
-- Symlinking: /home/saitama1/ros2_foxy/install/tf2_ros/share/tf2_ros/cmake/ament_cmake_export_libraries-extras.cmake
-- Symlinking: /home/saitama1/ros2_foxy/install/tf2_ros/share/tf2_ros/cmake/ament_cmake_export_targets-extras.cmake
-- Symlinking: /home/saitama1/ros2_foxy/install/tf2_ros/share/tf2_ros/cmake/ament_cmake_export_dependencies-extras.cmake
-- Symlinking: /home/saitama1/ros2_foxy/install/tf2_ros/share/tf2_ros/cmake/tf2_rosConfig.cmake
-- Symlinking: /home/saitama1/ros2_foxy/install/tf2_ros/share/tf2_ros/cmake/tf2_rosConfig-version.cmake
-- Symlinking: /home/saitama1/ros2_foxy/install/tf2_ros/share/tf2_ros/package.xml
Listing '/home/saitama1/ros2_foxy/install/tf2_ros/lib/python3.8/site-packages/tf2_ros'...
-- Installing: /home/saitama1/ros2_foxy/install/tf2_ros/lib/libtf2_ros.so
-- Set runtime path of "/home/saitama1/ros2_foxy/install/tf2_ros/lib/libtf2_ros.so" to ""
-- Installing: /home/saitama1/ros2_foxy/install/tf2_ros/lib/libstatic_transform_broadcaster_node.so
-- Set runtime path of "/home/saitama1/ros2_foxy/install/tf2_ros/lib/libstatic_transform_broadcaster_node.so" to ""
-- Up-to-date: /home/saitama1/ros2_foxy/install/tf2_ros/share/tf2_ros/cmake/tf2_rosExport.cmake
-- Installing: /home/saitama1/ros2_foxy/install/tf2_ros/share/tf2_ros/cmake/tf2_rosExport-noconfig.cmake
-- Up-to-date: /home/saitama1/ros2_foxy/install/tf2_ros/share/tf2_ros/cmake/static_transform_broadcaster_nodeExport.cmake
-- Installing: /home/saitama1/ros2_foxy/install/tf2_ros/share/tf2_ros/cmake/static_transform_broadcaster_nodeExport-noconfig.cmake
