[0.399s] Invoking command in '/home/saitama1/Pictures/ros2-picas/ros2_foxy/src/ament/ament_lint/ament_flake8': AMENT_PREFIX_PATH=/home/saitama1/Pictures/ros2-picas/ros2_foxy/install/ament_lint:${AMENT_PREFIX_PATH} PYTHONPATH=/home/saitama1/Pictures/ros2-picas/ros2_foxy/install/ament_flake8/lib/python3.8/site-packages:/home/saitama1/Pictures/ros2-picas/ros2_foxy/install/ament_lint/lib/python3.8/site-packages:${PYTHONPATH} /usr/bin/python3 setup.py egg_info --egg-base ../../../../build/ament_flake8 build --build-base /home/saitama1/Pictures/ros2-picas/ros2_foxy/build/ament_flake8/build install --prefix /home/saitama1/Pictures/ros2-picas/ros2_foxy/install/ament_flake8 --record /home/saitama1/Pictures/ros2-picas/ros2_foxy/build/ament_flake8/install.log --single-version-externally-managed
[0.596s] running egg_info
[0.597s] writing ../../../../build/ament_flake8/ament_flake8.egg-info/PKG-INFO
[0.598s] writing dependency_links to ../../../../build/ament_flake8/ament_flake8.egg-info/dependency_links.txt
[0.599s] writing entry points to ../../../../build/ament_flake8/ament_flake8.egg-info/entry_points.txt
[0.599s] writing requirements to ../../../../build/ament_flake8/ament_flake8.egg-info/requires.txt
[0.600s] writing top-level names to ../../../../build/ament_flake8/ament_flake8.egg-info/top_level.txt
[0.600s] reading manifest file '../../../../build/ament_flake8/ament_flake8.egg-info/SOURCES.txt'
[0.600s] writing manifest file '../../../../build/ament_flake8/ament_flake8.egg-info/SOURCES.txt'
[0.601s] running build
[0.601s] running build_py
[0.602s] running install
[0.604s] running install_lib
[0.604s] running install_data
[0.604s] running install_egg_info
[0.605s] removing '/home/saitama1/Pictures/ros2-picas/ros2_foxy/install/ament_flake8/lib/python3.8/site-packages/ament_flake8-0.9.6-py3.8.egg-info' (and everything under it)
[0.605s] Copying ../../../../build/ament_flake8/ament_flake8.egg-info to /home/saitama1/Pictures/ros2-picas/ros2_foxy/install/ament_flake8/lib/python3.8/site-packages/ament_flake8-0.9.6-py3.8.egg-info
[0.605s] running install_scripts
[0.610s] Installing ament_flake8 script to /home/saitama1/Pictures/ros2-picas/ros2_foxy/install/ament_flake8/bin
[0.611s] writing list of installed files to '/home/saitama1/Pictures/ros2-picas/ros2_foxy/build/ament_flake8/install.log'
[0.675s] Invoked command in '/home/saitama1/Pictures/ros2-picas/ros2_foxy/src/ament/ament_lint/ament_flake8' returned '0': AMENT_PREFIX_PATH=/home/saitama1/Pictures/ros2-picas/ros2_foxy/install/ament_lint:${AMENT_PREFIX_PATH} PYTHONPATH=/home/saitama1/Pictures/ros2-picas/ros2_foxy/install/ament_flake8/lib/python3.8/site-packages:/home/saitama1/Pictures/ros2-picas/ros2_foxy/install/ament_lint/lib/python3.8/site-packages:${PYTHONPATH} /usr/bin/python3 setup.py egg_info --egg-base ../../../../build/ament_flake8 build --build-base /home/saitama1/Pictures/ros2-picas/ros2_foxy/build/ament_flake8/build install --prefix /home/saitama1/Pictures/ros2-picas/ros2_foxy/install/ament_flake8 --record /home/saitama1/Pictures/ros2-picas/ros2_foxy/build/ament_flake8/install.log --single-version-externally-managed
