[0.534s] Invoking command in '/home/saitama1/Pictures/ros2-picas/ros2_foxy/build/cyclonedds': CMAKE_PREFIX_PATH=/opt/ros/foxy /usr/bin/cmake /home/saitama1/Pictures/ros2-picas/ros2_foxy/src/eclipse-cyclonedds/cyclonedds -DBUILD_IDLC=AUTO -DCMAKE_INSTALL_PREFIX=/home/saitama1/Pictures/ros2-picas/ros2_foxy/install/cyclonedds
[0.732s] -- The C compiler identification is GNU 9.3.0
[0.732s] -- Check for working C compiler: /usr/bin/cc
[0.732s] -- Check for working C compiler: /usr/bin/cc -- works
[0.732s] -- Detecting C compiler ABI info
[0.732s] -- Detecting C compiler ABI info - done
[0.732s] -- Detecting C compile features
[0.732s] -- Detecting C compile features - done
[0.732s] -- Setting build type to 'RelWithDebInfo' as none was specified.
[0.849s] -- Found OpenSSL: /usr/lib/x86_64-linux-gnu/libcrypto.so (found version "1.1.1f")  
[0.849s] -- Building with OpenSSL support
[1.172s] -- Looking for pthread.h
[1.281s] -- Looking for pthread.h - found
[1.281s] -- Performing Test CMAKE_HAVE_LIBC_PTHREAD
[1.389s] -- Performing Test CMAKE_HAVE_LIBC_PTHREAD - Failed
[1.390s] -- Looking for pthread_create in pthreads
[1.458s] -- Looking for pthread_create in pthreads - not found
[1.458s] -- Looking for pthread_create in pthread
[1.520s] -- Looking for pthread_create in pthread - found
[1.520s] -- Found Threads: TRUE  
[1.520s] -- Looking for clock_gettime in c
[1.586s] -- Looking for clock_gettime in c - found
[1.589s] -- Performing Test COMPILER_HAS_HIDDEN_VISIBILITY
[1.655s] -- Performing Test COMPILER_HAS_HIDDEN_VISIBILITY - Success
[1.655s] -- Performing Test COMPILER_HAS_HIDDEN_INLINE_VISIBILITY
[1.731s] -- Performing Test COMPILER_HAS_HIDDEN_INLINE_VISIBILITY - Failed
[1.731s] -- Performing Test COMPILER_HAS_DEPRECATED_ATTR
[1.802s] -- Performing Test COMPILER_HAS_DEPRECATED_ATTR - Success
[1.825s] -- Configuring done
[1.870s] -- Generating done
[1.876s] -- Build files have been written to: /home/saitama1/Pictures/ros2-picas/ros2_foxy/build/cyclonedds
[1.919s] Invoked command in '/home/saitama1/Pictures/ros2-picas/ros2_foxy/build/cyclonedds' returned '0': CMAKE_PREFIX_PATH=/opt/ros/foxy /usr/bin/cmake /home/saitama1/Pictures/ros2-picas/ros2_foxy/src/eclipse-cyclonedds/cyclonedds -DBUILD_IDLC=AUTO -DCMAKE_INSTALL_PREFIX=/home/saitama1/Pictures/ros2-picas/ros2_foxy/install/cyclonedds
[1.923s] Invoking command in '/home/saitama1/Pictures/ros2-picas/ros2_foxy/build/cyclonedds': CMAKE_PREFIX_PATH=/opt/ros/foxy /usr/bin/cmake --build /home/saitama1/Pictures/ros2-picas/ros2_foxy/build/cyclonedds -- -j12 -l12
[2.070s] [ 81%] Built target ddsc
[2.099s] [ 87%] Built target ddsconf
[2.099s] [ 87%] Built target pubsub
[2.107s] [ 88%] Built target ddsls
[2.110s] [ 94%] Built target dds_security_crypto
[2.111s] [ 97%] Built target dds_security_ac
[2.112s] [ 99%] Built target dds_security_auth
[2.125s] [100%] Built target schema
[2.460s] Invoked command in '/home/saitama1/Pictures/ros2-picas/ros2_foxy/build/cyclonedds' returned '0': CMAKE_PREFIX_PATH=/opt/ros/foxy /usr/bin/cmake --build /home/saitama1/Pictures/ros2-picas/ros2_foxy/build/cyclonedds -- -j12 -l12
[2.554s] Invoking command in '/home/saitama1/Pictures/ros2-picas/ros2_foxy/build/cyclonedds': CMAKE_PREFIX_PATH=/opt/ros/foxy /usr/bin/cmake --install /home/saitama1/Pictures/ros2-picas/ros2_foxy/build/cyclonedds
[2.557s] -- Install configuration: "RelWithDebInfo"
[2.559s] -- Up-to-date: /home/saitama1/Pictures/ros2-picas/ros2_foxy/install/cyclonedds/lib/cmake/CycloneDDS/CycloneDDSConfig.cmake
[2.559s] -- Up-to-date: /home/saitama1/Pictures/ros2-picas/ros2_foxy/install/cyclonedds/lib/cmake/CycloneDDS/CycloneDDSVersion.cmake
[2.559s] -- Up-to-date: /home/saitama1/Pictures/ros2-picas/ros2_foxy/install/cyclonedds/lib/cmake/CycloneDDS/CycloneDDSTargets.cmake
[2.560s] -- Installing: /home/saitama1/Pictures/ros2-picas/ros2_foxy/install/cyclonedds/lib/cmake/CycloneDDS/CycloneDDSTargets-relwithdebinfo.cmake
[2.560s] -- Up-to-date: /home/saitama1/Pictures/ros2-picas/ros2_foxy/install/cyclonedds/include
[2.560s] -- Up-to-date: /home/saitama1/Pictures/ros2-picas/ros2_foxy/install/cyclonedds/include/dds
[2.560s] -- Up-to-date: /home/saitama1/Pictures/ros2-picas/ros2_foxy/install/cyclonedds/include/dds/ddsrt
[2.560s] -- Up-to-date: /home/saitama1/Pictures/ros2-picas/ros2_foxy/install/cyclonedds/include/dds/ddsrt/fibheap.h
[2.560s] -- Up-to-date: /home/saitama1/Pictures/ros2-picas/ros2_foxy/install/cyclonedds/include/dds/ddsrt/md5.h
[2.561s] -- Up-to-date: /home/saitama1/Pictures/ros2-picas/ros2_foxy/install/cyclonedds/include/dds/ddsrt/rusage.h
[2.561s] -- Up-to-date: /home/saitama1/Pictures/ros2-picas/ros2_foxy/install/cyclonedds/include/dds/ddsrt/types.h
[2.561s] -- Up-to-date: /home/saitama1/Pictures/ros2-picas/ros2_foxy/install/cyclonedds/include/dds/ddsrt/log.h
[2.562s] -- Up-to-date: /home/saitama1/Pictures/ros2-picas/ros2_foxy/install/cyclonedds/include/dds/ddsrt/atomics
[2.563s] -- Up-to-date: /home/saitama1/Pictures/ros2-picas/ros2_foxy/install/cyclonedds/include/dds/ddsrt/atomics/sun.h
[2.563s] -- Up-to-date: /home/saitama1/Pictures/ros2-picas/ros2_foxy/install/cyclonedds/include/dds/ddsrt/atomics/msvc.h
[2.563s] -- Up-to-date: /home/saitama1/Pictures/ros2-picas/ros2_foxy/install/cyclonedds/include/dds/ddsrt/atomics/gcc.h
[2.563s] -- Up-to-date: /home/saitama1/Pictures/ros2-picas/ros2_foxy/install/cyclonedds/include/dds/ddsrt/atomics/arm.h
[2.563s] -- Up-to-date: /home/saitama1/Pictures/ros2-picas/ros2_foxy/install/cyclonedds/include/dds/ddsrt/time
[2.564s] -- Up-to-date: /home/saitama1/Pictures/ros2-picas/ros2_foxy/install/cyclonedds/include/dds/ddsrt/time/freertos.h
[2.564s] -- Up-to-date: /home/saitama1/Pictures/ros2-picas/ros2_foxy/install/cyclonedds/include/dds/ddsrt/sockets
[2.564s] -- Up-to-date: /home/saitama1/Pictures/ros2-picas/ros2_foxy/install/cyclonedds/include/dds/ddsrt/sockets/windows.h
[2.564s] -- Up-to-date: /home/saitama1/Pictures/ros2-picas/ros2_foxy/install/cyclonedds/include/dds/ddsrt/sockets/posix.h
[2.564s] -- Up-to-date: /home/saitama1/Pictures/ros2-picas/ros2_foxy/install/cyclonedds/include/dds/ddsrt/static_assert.h
[2.565s] -- Up-to-date: /home/saitama1/Pictures/ros2-picas/ros2_foxy/install/cyclonedds/include/dds/ddsrt/arch.h
[2.565s] -- Up-to-date: /home/saitama1/Pictures/ros2-picas/ros2_foxy/install/cyclonedds/include/dds/ddsrt/sockets.h
[2.565s] -- Up-to-date: /home/saitama1/Pictures/ros2-picas/ros2_foxy/install/cyclonedds/include/dds/ddsrt/circlist.h
[2.565s] -- Up-to-date: /home/saitama1/Pictures/ros2-picas/ros2_foxy/install/cyclonedds/include/dds/ddsrt/strtol.h
[2.565s] -- Up-to-date: /home/saitama1/Pictures/ros2-picas/ros2_foxy/install/cyclonedds/include/dds/ddsrt/attributes.h
[2.565s] -- Up-to-date: /home/saitama1/Pictures/ros2-picas/ros2_foxy/install/cyclonedds/include/dds/ddsrt/retcode.h
[2.566s] -- Up-to-date: /home/saitama1/Pictures/ros2-picas/ros2_foxy/install/cyclonedds/include/dds/ddsrt/threads
[2.566s] -- Up-to-date: /home/saitama1/Pictures/ros2-picas/ros2_foxy/install/cyclonedds/include/dds/ddsrt/threads/windows.h
[2.566s] -- Up-to-date: /home/saitama1/Pictures/ros2-picas/ros2_foxy/install/cyclonedds/include/dds/ddsrt/threads/freertos.h
[2.567s] -- Up-to-date: /home/saitama1/Pictures/ros2-picas/ros2_foxy/install/cyclonedds/include/dds/ddsrt/threads/posix.h
[2.567s] -- Up-to-date: /home/saitama1/Pictures/ros2-picas/ros2_foxy/install/cyclonedds/include/dds/ddsrt/filesystem
[2.567s] -- Up-to-date: /home/saitama1/Pictures/ros2-picas/ros2_foxy/install/cyclonedds/include/dds/ddsrt/filesystem/windows.h
[2.567s] -- Up-to-date: /home/saitama1/Pictures/ros2-picas/ros2_foxy/install/cyclonedds/include/dds/ddsrt/filesystem/posix.h
[2.567s] -- Up-to-date: /home/saitama1/Pictures/ros2-picas/ros2_foxy/install/cyclonedds/include/dds/ddsrt/environ.h
[2.568s] -- Up-to-date: /home/saitama1/Pictures/ros2-picas/ros2_foxy/install/cyclonedds/include/dds/ddsrt/heap.h
[2.568s] -- Up-to-date: /home/saitama1/Pictures/ros2-picas/ros2_foxy/install/cyclonedds/include/dds/ddsrt/sync
[2.568s] -- Up-to-date: /home/saitama1/Pictures/ros2-picas/ros2_foxy/install/cyclonedds/include/dds/ddsrt/sync/windows.h
[2.568s] -- Up-to-date: /home/saitama1/Pictures/ros2-picas/ros2_foxy/install/cyclonedds/include/dds/ddsrt/sync/freertos.h
[2.569s] -- Up-to-date: /home/saitama1/Pictures/ros2-picas/ros2_foxy/install/cyclonedds/include/dds/ddsrt/sync/posix.h
[2.569s] -- Up-to-date: /home/saitama1/Pictures/ros2-picas/ros2_foxy/install/cyclonedds/include/dds/ddsrt/sync/solaris2.6.h
[2.569s] -- Up-to-date: /home/saitama1/Pictures/ros2-picas/ros2_foxy/install/cyclonedds/include/dds/ddsrt/atomics.h
[2.569s] -- Up-to-date: /home/saitama1/Pictures/ros2-picas/ros2_foxy/install/cyclonedds/include/dds/ddsrt/expand_vars.h
[2.569s] -- Up-to-date: /home/saitama1/Pictures/ros2-picas/ros2_foxy/install/cyclonedds/include/dds/ddsrt/countargs.h
[2.569s] -- Up-to-date: /home/saitama1/Pictures/ros2-picas/ros2_foxy/install/cyclonedds/include/dds/ddsrt/thread_pool.h
[2.570s] -- Up-to-date: /home/saitama1/Pictures/ros2-picas/ros2_foxy/install/cyclonedds/include/dds/ddsrt/process.h
[2.570s] -- Up-to-date: /home/saitama1/Pictures/ros2-picas/ros2_foxy/install/cyclonedds/include/dds/ddsrt/random.h
[2.570s] -- Up-to-date: /home/saitama1/Pictures/ros2-picas/ros2_foxy/install/cyclonedds/include/dds/ddsrt/misc.h
[2.570s] -- Up-to-date: /home/saitama1/Pictures/ros2-picas/ros2_foxy/install/cyclonedds/include/dds/ddsrt/bswap.h
[2.570s] -- Up-to-date: /home/saitama1/Pictures/ros2-picas/ros2_foxy/install/cyclonedds/include/dds/ddsrt/sync.h
[2.570s] -- Up-to-date: /home/saitama1/Pictures/ros2-picas/ros2_foxy/install/cyclonedds/include/dds/ddsrt/hopscotch.h
[2.572s] -- Up-to-date: /home/saitama1/Pictures/ros2-picas/ros2_foxy/install/cyclonedds/include/dds/ddsrt/cdtors.h
[2.572s] -- Up-to-date: /home/saitama1/Pictures/ros2-picas/ros2_foxy/install/cyclonedds/include/dds/ddsrt/mh3.h
[2.572s] -- Up-to-date: /home/saitama1/Pictures/ros2-picas/ros2_foxy/install/cyclonedds/include/dds/ddsrt/netstat.h
[2.572s] -- Up-to-date: /home/saitama1/Pictures/ros2-picas/ros2_foxy/install/cyclonedds/include/dds/ddsrt/io.h
[2.572s] -- Up-to-date: /home/saitama1/Pictures/ros2-picas/ros2_foxy/install/cyclonedds/include/dds/ddsrt/strtod.h
[2.572s] -- Up-to-date: /home/saitama1/Pictures/ros2-picas/ros2_foxy/install/cyclonedds/include/dds/ddsrt/threads.h
[2.572s] -- Up-to-date: /home/saitama1/Pictures/ros2-picas/ros2_foxy/install/cyclonedds/include/dds/ddsrt/ifaddrs.h
[2.573s] -- Up-to-date: /home/saitama1/Pictures/ros2-picas/ros2_foxy/install/cyclonedds/include/dds/ddsrt/xmlparser.h
[2.573s] -- Up-to-date: /home/saitama1/Pictures/ros2-picas/ros2_foxy/install/cyclonedds/include/dds/ddsrt/avl.h
[2.573s] -- Up-to-date: /home/saitama1/Pictures/ros2-picas/ros2_foxy/install/cyclonedds/include/dds/ddsrt/filesystem.h
[2.573s] -- Up-to-date: /home/saitama1/Pictures/ros2-picas/ros2_foxy/install/cyclonedds/include/dds/ddsrt/string.h
[2.573s] -- Up-to-date: /home/saitama1/Pictures/ros2-picas/ros2_foxy/install/cyclonedds/include/dds/ddsrt/endian.h
[2.573s] -- Up-to-date: /home/saitama1/Pictures/ros2-picas/ros2_foxy/install/cyclonedds/include/dds/ddsrt/types
[2.573s] -- Up-to-date: /home/saitama1/Pictures/ros2-picas/ros2_foxy/install/cyclonedds/include/dds/ddsrt/types/windows.h
[2.574s] -- Up-to-date: /home/saitama1/Pictures/ros2-picas/ros2_foxy/install/cyclonedds/include/dds/ddsrt/types/vxworks.h
[2.574s] -- Up-to-date: /home/saitama1/Pictures/ros2-picas/ros2_foxy/install/cyclonedds/include/dds/ddsrt/types/posix.h
[2.574s] -- Up-to-date: /home/saitama1/Pictures/ros2-picas/ros2_foxy/install/cyclonedds/include/dds/ddsrt/dynlib.h
[2.574s] -- Up-to-date: /home/saitama1/Pictures/ros2-picas/ros2_foxy/install/cyclonedds/include/dds/ddsrt/time.h
[2.574s] -- Up-to-date: /home/saitama1/Pictures/ros2-picas/ros2_foxy/install/cyclonedds/include
[2.574s] -- Up-to-date: /home/saitama1/Pictures/ros2-picas/ros2_foxy/install/cyclonedds/include/dds
[2.574s] -- Up-to-date: /home/saitama1/Pictures/ros2-picas/ros2_foxy/install/cyclonedds/include/dds/version.h
[2.574s] -- Up-to-date: /home/saitama1/Pictures/ros2-picas/ros2_foxy/install/cyclonedds/include
[2.575s] -- Up-to-date: /home/saitama1/Pictures/ros2-picas/ros2_foxy/install/cyclonedds/include/dds
[2.575s] -- Up-to-date: /home/saitama1/Pictures/ros2-picas/ros2_foxy/install/cyclonedds/include/dds/security
[2.575s] -- Up-to-date: /home/saitama1/Pictures/ros2-picas/ros2_foxy/install/cyclonedds/include/dds/security/dds_security_api_defs.h
[2.576s] -- Up-to-date: /home/saitama1/Pictures/ros2-picas/ros2_foxy/install/cyclonedds/include/dds/security/dds_security_api.h
[2.576s] -- Up-to-date: /home/saitama1/Pictures/ros2-picas/ros2_foxy/install/cyclonedds/include/dds/security/dds_security_api_access_control.h
[2.576s] -- Up-to-date: /home/saitama1/Pictures/ros2-picas/ros2_foxy/install/cyclonedds/include/dds/security/dds_security_api_err.h
[2.576s] -- Up-to-date: /home/saitama1/Pictures/ros2-picas/ros2_foxy/install/cyclonedds/include/dds/security/dds_security_api_authentication.h
[2.576s] -- Up-to-date: /home/saitama1/Pictures/ros2-picas/ros2_foxy/install/cyclonedds/include/dds/security/dds_security_api_types.h
[2.577s] -- Up-to-date: /home/saitama1/Pictures/ros2-picas/ros2_foxy/install/cyclonedds/include/dds/security/dds_security_api_cryptography.h
[2.577s] -- Up-to-date: /home/saitama1/Pictures/ros2-picas/ros2_foxy/install/cyclonedds/include/dds/security/core/
[2.577s] -- Up-to-date: /home/saitama1/Pictures/ros2-picas/ros2_foxy/install/cyclonedds/include/dds/security/core//dds_security_serialize.h
[2.577s] -- Up-to-date: /home/saitama1/Pictures/ros2-picas/ros2_foxy/install/cyclonedds/include/dds/security/core//dds_security_utils.h
[2.577s] -- Up-to-date: /home/saitama1/Pictures/ros2-picas/ros2_foxy/install/cyclonedds/include/dds/security/core//dds_security_timed_cb.h
[2.578s] -- Up-to-date: /home/saitama1/Pictures/ros2-picas/ros2_foxy/install/cyclonedds/include/dds/security/core//dds_security_plugins.h
[2.578s] -- Up-to-date: /home/saitama1/Pictures/ros2-picas/ros2_foxy/install/cyclonedds/include/dds/security/core//dds_security_fsm.h
[2.579s] -- Up-to-date: /home/saitama1/Pictures/ros2-picas/ros2_foxy/install/cyclonedds/include/dds/security/core//dds_security_types.h
[2.579s] -- Up-to-date: /home/saitama1/Pictures/ros2-picas/ros2_foxy/install/cyclonedds/include/dds/security/core//shared_secret.h
[2.579s] -- Up-to-date: /home/saitama1/Pictures/ros2-picas/ros2_foxy/install/cyclonedds/lib/libdds_security_ac.so
[2.579s] -- Up-to-date: /home/saitama1/Pictures/ros2-picas/ros2_foxy/install/cyclonedds/lib/libdds_security_auth.so
[2.579s] -- Up-to-date: /home/saitama1/Pictures/ros2-picas/ros2_foxy/install/cyclonedds/lib/libdds_security_crypto.so
[2.580s] -- Up-to-date: /home/saitama1/Pictures/ros2-picas/ros2_foxy/install/cyclonedds/include
[2.580s] -- Up-to-date: /home/saitama1/Pictures/ros2-picas/ros2_foxy/install/cyclonedds/include/dds
[2.580s] -- Up-to-date: /home/saitama1/Pictures/ros2-picas/ros2_foxy/install/cyclonedds/include/dds/ddsi
[2.580s] -- Up-to-date: /home/saitama1/Pictures/ros2-picas/ros2_foxy/install/cyclonedds/include/dds/ddsi/q_gc.h
[2.580s] -- Up-to-date: /home/saitama1/Pictures/ros2-picas/ros2_foxy/install/cyclonedds/include/dds/ddsi/q_feature_check.h
[2.580s] -- Up-to-date: /home/saitama1/Pictures/ros2-picas/ros2_foxy/install/cyclonedds/include/dds/ddsi/ddsi_cfgunits.h
[2.581s] -- Up-to-date: /home/saitama1/Pictures/ros2-picas/ros2_foxy/install/cyclonedds/include/dds/ddsi/q_misc.h
[2.581s] -- Up-to-date: /home/saitama1/Pictures/ros2-picas/ros2_foxy/install/cyclonedds/include/dds/ddsi/ddsi_tcp.h
[2.581s] -- Up-to-date: /home/saitama1/Pictures/ros2-picas/ros2_foxy/install/cyclonedds/include/dds/ddsi/ddsi_domaingv.h
[2.581s] -- Up-to-date: /home/saitama1/Pictures/ros2-picas/ros2_foxy/install/cyclonedds/include/dds/ddsi/q_config.h
[2.581s] -- Up-to-date: /home/saitama1/Pictures/ros2-picas/ros2_foxy/install/cyclonedds/include/dds/ddsi/q_pcap.h
[2.581s] -- Up-to-date: /home/saitama1/Pictures/ros2-picas/ros2_foxy/install/cyclonedds/include/dds/ddsi/ddsi_ownip.h
[2.590s] -- Up-to-date: /home/saitama1/Pictures/ros2-picas/ros2_foxy/install/cyclonedds/include/dds/ddsi/ddsi_acknack.h
[2.590s] -- Up-to-date: /home/saitama1/Pictures/ros2-picas/ros2_foxy/install/cyclonedds/include/dds/ddsi/ddsi_udp.h
[2.591s] -- Up-to-date: /home/saitama1/Pictures/ros2-picas/ros2_foxy/install/cyclonedds/include/dds/ddsi/q_receive.h
[2.592s] -- Up-to-date: /home/saitama1/Pictures/ros2-picas/ros2_foxy/install/cyclonedds/include/dds/ddsi/ddsi_rhc.h
[2.592s] -- Up-to-date: /home/saitama1/Pictures/ros2-picas/ros2_foxy/install/cyclonedds/include/dds/ddsi/ddsi_ssl.h
[2.592s] -- Up-to-date: /home/saitama1/Pictures/ros2-picas/ros2_foxy/install/cyclonedds/include/dds/ddsi/ddsi_plist_generic.h
[2.592s] -- Up-to-date: /home/saitama1/Pictures/ros2-picas/ros2_foxy/install/cyclonedds/include/dds/ddsi/ddsi_serdata_default.h
[2.594s] -- Up-to-date: /home/saitama1/Pictures/ros2-picas/ros2_foxy/install/cyclonedds/include/dds/ddsi/ddsi_vendor.h
[2.595s] -- Up-to-date: /home/saitama1/Pictures/ros2-picas/ros2_foxy/install/cyclonedds/include/dds/ddsi/q_qosmatch.h
[2.595s] -- Up-to-date: /home/saitama1/Pictures/ros2-picas/ros2_foxy/install/cyclonedds/include/dds/ddsi/q_bitset.h
[2.595s] -- Up-to-date: /home/saitama1/Pictures/ros2-picas/ros2_foxy/install/cyclonedds/include/dds/ddsi/q_log.h
[2.595s] -- Up-to-date: /home/saitama1/Pictures/ros2-picas/ros2_foxy/install/cyclonedds/include/dds/ddsi/q_xevent.h
[2.596s] -- Up-to-date: /home/saitama1/Pictures/ros2-picas/ros2_foxy/install/cyclonedds/include/dds/ddsi/ddsi_deliver_locally.h
[2.597s] -- Up-to-date: /home/saitama1/Pictures/ros2-picas/ros2_foxy/install/cyclonedds/include/dds/ddsi/ddsi_security_exchange.h
[2.598s] -- Up-to-date: /home/saitama1/Pictures/ros2-picas/ros2_foxy/install/cyclonedds/include/dds/ddsi/q_lease.h
[2.599s] -- Up-to-date: /home/saitama1/Pictures/ros2-picas/ros2_foxy/install/cyclonedds/include/dds/ddsi/q_bswap.h
[2.599s] -- Up-to-date: /home/saitama1/Pictures/ros2-picas/ros2_foxy/install/cyclonedds/include/dds/ddsi/ddsi_tkmap.h
[2.599s] -- Up-to-date: /home/saitama1/Pictures/ros2-picas/ros2_foxy/install/cyclonedds/include/dds/ddsi/ddsi_guid.h
[2.599s] -- Up-to-date: /home/saitama1/Pictures/ros2-picas/ros2_foxy/install/cyclonedds/include/dds/ddsi/ddsi_lifespan.h
[2.601s] -- Up-to-date: /home/saitama1/Pictures/ros2-picas/ros2_foxy/install/cyclonedds/include/dds/ddsi/q_protocol.h
[2.601s] -- Up-to-date: /home/saitama1/Pictures/ros2-picas/ros2_foxy/install/cyclonedds/include/dds/ddsi/q_inverse_uint32_set.h
[2.601s] -- Up-to-date: /home/saitama1/Pictures/ros2-picas/ros2_foxy/install/cyclonedds/include/dds/ddsi/q_radmin.h
[2.601s] -- Up-to-date: /home/saitama1/Pictures/ros2-picas/ros2_foxy/install/cyclonedds/include/dds/ddsi/ddsi_security_omg.h
[2.601s] -- Up-to-date: /home/saitama1/Pictures/ros2-picas/ros2_foxy/install/cyclonedds/include/dds/ddsi/ddsi_iid.h
[2.601s] -- Up-to-date: /home/saitama1/Pictures/ros2-picas/ros2_foxy/install/cyclonedds/include/dds/ddsi/q_entity.h
[2.601s] -- Up-to-date: /home/saitama1/Pictures/ros2-picas/ros2_foxy/install/cyclonedds/include/dds/ddsi/ddsi_raweth.h
[2.602s] -- Up-to-date: /home/saitama1/Pictures/ros2-picas/ros2_foxy/install/cyclonedds/include/dds/ddsi/ddsi_xqos.h
[2.603s] -- Up-to-date: /home/saitama1/Pictures/ros2-picas/ros2_foxy/install/cyclonedds/include/dds/ddsi/q_sockwaitset.h
[2.605s] -- Up-to-date: /home/saitama1/Pictures/ros2-picas/ros2_foxy/install/cyclonedds/include/dds/ddsi/ddsi_cdrstream.h
[2.605s] -- Up-to-date: /home/saitama1/Pictures/ros2-picas/ros2_foxy/install/cyclonedds/include/dds/ddsi/q_xmsg.h
[2.605s] -- Up-to-date: /home/saitama1/Pictures/ros2-picas/ros2_foxy/install/cyclonedds/include/dds/ddsi/ddsi_serdata_pserop.h
[2.607s] -- Up-to-date: /home/saitama1/Pictures/ros2-picas/ros2_foxy/install/cyclonedds/include/dds/ddsi/ddsi_serdata_plist.h
[2.607s] -- Up-to-date: /home/saitama1/Pictures/ros2-picas/ros2_foxy/install/cyclonedds/include/dds/ddsi/q_unused.h
[2.607s] -- Up-to-date: /home/saitama1/Pictures/ros2-picas/ros2_foxy/install/cyclonedds/include/dds/ddsi/q_thread.h
[2.608s] -- Up-to-date: /home/saitama1/Pictures/ros2-picas/ros2_foxy/install/cyclonedds/include/dds/ddsi/q_rtps.h
[2.608s] -- Up-to-date: /home/saitama1/Pictures/ros2-picas/ros2_foxy/install/cyclonedds/include/dds/ddsi/ddsi_time.h
[2.608s] -- Up-to-date: /home/saitama1/Pictures/ros2-picas/ros2_foxy/install/cyclonedds/include/dds/ddsi/q_freelist.h
[2.608s] -- Up-to-date: /home/saitama1/Pictures/ros2-picas/ros2_foxy/install/cyclonedds/include/dds/ddsi/ddsi_portmapping.h
[2.608s] -- Up-to-date: /home/saitama1/Pictures/ros2-picas/ros2_foxy/install/cyclonedds/include/dds/ddsi/q_hbcontrol.h
[2.608s] -- Up-to-date: /home/saitama1/Pictures/ros2-picas/ros2_foxy/install/cyclonedds/include/dds/ddsi/q_transmit.h
[2.608s] -- Up-to-date: /home/saitama1/Pictures/ros2-picas/ros2_foxy/install/cyclonedds/include/dds/ddsi/ddsi_handshake.h
[2.608s] -- Up-to-date: /home/saitama1/Pictures/ros2-picas/ros2_foxy/install/cyclonedds/include/dds/ddsi/ddsi_builtin_topic_if.h
[2.610s] -- Up-to-date: /home/saitama1/Pictures/ros2-picas/ros2_foxy/install/cyclonedds/include/dds/ddsi/sysdeps.h
[2.612s] -- Up-to-date: /home/saitama1/Pictures/ros2-picas/ros2_foxy/install/cyclonedds/include/dds/ddsi/ddsi_statistics.h
[2.612s] -- Up-to-date: /home/saitama1/Pictures/ros2-picas/ros2_foxy/install/cyclonedds/include/dds/ddsi/ddsi_security_util.h
[2.612s] -- Up-to-date: /home/saitama1/Pictures/ros2-picas/ros2_foxy/install/cyclonedds/include/dds/ddsi/q_addrset.h
[2.612s] -- Up-to-date: /home/saitama1/Pictures/ros2-picas/ros2_foxy/install/cyclonedds/include/dds/ddsi/ddsi_pmd.h
[2.613s] -- Up-to-date: /home/saitama1/Pictures/ros2-picas/ros2_foxy/install/cyclonedds/include/dds/ddsi/ddsi_sertopic.h
[2.614s] -- Up-to-date: /home/saitama1/Pictures/ros2-picas/ros2_foxy/install/cyclonedds/include/dds/ddsi/q_debmon.h
[2.614s] -- Up-to-date: /home/saitama1/Pictures/ros2-picas/ros2_foxy/install/cyclonedds/include/dds/ddsi/q_ddsi_discovery.h
[2.614s] -- Up-to-date: /home/saitama1/Pictures/ros2-picas/ros2_foxy/install/cyclonedds/include/dds/ddsi/ddsi_mcgroup.h
[2.614s] -- Up-to-date: /home/saitama1/Pictures/ros2-picas/ros2_foxy/install/cyclonedds/include/dds/ddsi/ddsi_plist.h
[2.614s] -- Up-to-date: /home/saitama1/Pictures/ros2-picas/ros2_foxy/install/cyclonedds/include/dds/ddsi/ddsi_serdata.h
[2.615s] -- Up-to-date: /home/saitama1/Pictures/ros2-picas/ros2_foxy/install/cyclonedds/include/dds/ddsi/ddsi_tran.h
[2.615s] -- Up-to-date: /home/saitama1/Pictures/ros2-picas/ros2_foxy/install/cyclonedds/include/dds/ddsi/ddsi_deadline.h
[2.615s] -- Up-to-date: /home/saitama1/Pictures/ros2-picas/ros2_foxy/install/cyclonedds/include/dds/ddsi/ddsi_keyhash.h
[2.615s] -- Up-to-date: /home/saitama1/Pictures/ros2-picas/ros2_foxy/install/cyclonedds/include/dds/ddsi/q_lat_estim.h
[2.615s] -- Up-to-date: /home/saitama1/Pictures/ros2-picas/ros2_foxy/install/cyclonedds/include/dds/ddsi/ddsi_cfgelems.h
[2.617s] -- Up-to-date: /home/saitama1/Pictures/ros2-picas/ros2_foxy/install/cyclonedds/include/dds/ddsi/q_init.h
[2.618s] -- Up-to-date: /home/saitama1/Pictures/ros2-picas/ros2_foxy/install/cyclonedds/include/dds/ddsi/ddsi_security_msg.h
[2.619s] -- Up-to-date: /home/saitama1/Pictures/ros2-picas/ros2_foxy/install/cyclonedds/include/dds/ddsi/ddsi_threadmon.h
[2.619s] -- Up-to-date: /home/saitama1/Pictures/ros2-picas/ros2_foxy/install/cyclonedds/include/dds/ddsi/ddsi_ipaddr.h
[2.620s] -- Up-to-date: /home/saitama1/Pictures/ros2-picas/ros2_foxy/install/cyclonedds/include/dds/ddsi/ddsi_entity_index.h
[2.621s] -- Up-to-date: /home/saitama1/Pictures/ros2-picas/ros2_foxy/install/cyclonedds/include/dds/ddsi/q_whc.h
[2.621s] -- Up-to-date: /home/saitama1/Pictures/ros2-picas/ros2_foxy/install/cyclonedds/include
[2.621s] -- Up-to-date: /home/saitama1/Pictures/ros2-picas/ros2_foxy/install/cyclonedds/include/dds
[2.621s] -- Up-to-date: /home/saitama1/Pictures/ros2-picas/ros2_foxy/install/cyclonedds/include/dds/dds.h
[2.621s] -- Up-to-date: /home/saitama1/Pictures/ros2-picas/ros2_foxy/install/cyclonedds/include/dds/ddsc
[2.621s] -- Up-to-date: /home/saitama1/Pictures/ros2-picas/ros2_foxy/install/cyclonedds/include/dds/ddsc/dds_public_status.h
[2.622s] -- Up-to-date: /home/saitama1/Pictures/ros2-picas/ros2_foxy/install/cyclonedds/include/dds/ddsc/dds_public_qosdefs.h
[2.622s] -- Up-to-date: /home/saitama1/Pictures/ros2-picas/ros2_foxy/install/cyclonedds/include/dds/ddsc/dds_public_alloc.h
[2.622s] -- Up-to-date: /home/saitama1/Pictures/ros2-picas/ros2_foxy/install/cyclonedds/include/dds/ddsc/dds_public_listener.h
[2.624s] -- Up-to-date: /home/saitama1/Pictures/ros2-picas/ros2_foxy/install/cyclonedds/include/dds/ddsc/dds_rhc.h
[2.625s] -- Up-to-date: /home/saitama1/Pictures/ros2-picas/ros2_foxy/install/cyclonedds/include/dds/ddsc/dds_public_qos.h
[2.625s] -- Up-to-date: /home/saitama1/Pictures/ros2-picas/ros2_foxy/install/cyclonedds/include/dds/ddsc/dds_statistics.h
[2.626s] -- Up-to-date: /home/saitama1/Pictures/ros2-picas/ros2_foxy/install/cyclonedds/include/dds/ddsc/dds_public_impl.h
[2.626s] -- Up-to-date: /home/saitama1/Pictures/ros2-picas/ros2_foxy/install/cyclonedds/include/dds/ddsc/dds_public_error.h
[2.627s] -- Up-to-date: /home/saitama1/Pictures/ros2-picas/ros2_foxy/install/cyclonedds/include/dds/ddsc/dds_internal_api.h
[2.627s] -- Up-to-date: /home/saitama1/Pictures/ros2-picas/ros2_foxy/install/cyclonedds/include/ddsc
[2.627s] -- Up-to-date: /home/saitama1/Pictures/ros2-picas/ros2_foxy/install/cyclonedds/include/ddsc/dds.h
[2.628s] -- Up-to-date: /home/saitama1/Pictures/ros2-picas/ros2_foxy/install/cyclonedds/include
[2.629s] -- Up-to-date: /home/saitama1/Pictures/ros2-picas/ros2_foxy/install/cyclonedds/include/dds
[2.631s] -- Up-to-date: /home/saitama1/Pictures/ros2-picas/ros2_foxy/install/cyclonedds/include/dds/features.h
[2.631s] -- Up-to-date: /home/saitama1/Pictures/ros2-picas/ros2_foxy/install/cyclonedds/include/dds/export.h
[2.631s] -- Up-to-date: /home/saitama1/Pictures/ros2-picas/ros2_foxy/install/cyclonedds/lib/libddsc.so.0.7.0
[2.632s] -- Up-to-date: /home/saitama1/Pictures/ros2-picas/ros2_foxy/install/cyclonedds/lib/libddsc.so.0
[2.632s] -- Up-to-date: /home/saitama1/Pictures/ros2-picas/ros2_foxy/install/cyclonedds/lib/libddsc.so
[2.634s] -- Up-to-date: /home/saitama1/Pictures/ros2-picas/ros2_foxy/install/cyclonedds/bin/pubsub
[2.634s] -- Up-to-date: /home/saitama1/Pictures/ros2-picas/ros2_foxy/install/cyclonedds/bin/ddsls
[2.634s] Invoked command in '/home/saitama1/Pictures/ros2-picas/ros2_foxy/build/cyclonedds' returned '0': CMAKE_PREFIX_PATH=/opt/ros/foxy /usr/bin/cmake --install /home/saitama1/Pictures/ros2-picas/ros2_foxy/build/cyclonedds
