-- Found ament_cmake: 0.9.8 (/home/saitama1/ros2_foxy/install/ament_cmake/share/ament_cmake/cmake)
-- Using PYTHON_EXECUTABLE: /usr/bin/python3
-- Override CMake install command with custom implementation using symlinks instead of copying resources
-- Configuring done
-- Generating done
-- Build files have been written to: /home/saitama1/ros2_foxy/build/perception_pcl
-- Install configuration: ""
-- Execute custom install script
-- Symlinking: /home/saitama1/ros2_foxy/install/perception_pcl/share/ament_index/resource_index/package_run_dependencies/perception_pcl
-- Symlinking: /home/saitama1/ros2_foxy/install/perception_pcl/share/ament_index/resource_index/parent_prefix_path/perception_pcl
-- Symlinking: /home/saitama1/ros2_foxy/install/perception_pcl/share/perception_pcl/environment/ament_prefix_path.sh
-- Symlinking: /home/saitama1/ros2_foxy/install/perception_pcl/share/perception_pcl/environment/ament_prefix_path.dsv
-- Symlinking: /home/saitama1/ros2_foxy/install/perception_pcl/share/perception_pcl/environment/path.sh
-- Symlinking: /home/saitama1/ros2_foxy/install/perception_pcl/share/perception_pcl/environment/path.dsv
-- Symlinking: /home/saitama1/ros2_foxy/install/perception_pcl/share/perception_pcl/local_setup.bash
-- Symlinking: /home/saitama1/ros2_foxy/install/perception_pcl/share/perception_pcl/local_setup.sh
-- Symlinking: /home/saitama1/ros2_foxy/install/perception_pcl/share/perception_pcl/local_setup.zsh
-- Symlinking: /home/saitama1/ros2_foxy/install/perception_pcl/share/perception_pcl/local_setup.dsv
-- Symlinking: /home/saitama1/ros2_foxy/install/perception_pcl/share/perception_pcl/package.dsv
-- Symlinking: /home/saitama1/ros2_foxy/install/perception_pcl/share/ament_index/resource_index/packages/perception_pcl
-- Symlinking: /home/saitama1/ros2_foxy/install/perception_pcl/share/perception_pcl/cmake/perception_pclConfig.cmake
-- Symlinking: /home/saitama1/ros2_foxy/install/perception_pcl/share/perception_pcl/cmake/perception_pclConfig-version.cmake
-- Symlinking: /home/saitama1/ros2_foxy/install/perception_pcl/share/perception_pcl/package.xml
