-- The C compiler identification is GNU 9.3.0
-- The CXX compiler identification is GNU 9.3.0
-- Check for working C compiler: /usr/bin/cc
-- Check for working C compiler: /usr/bin/cc -- works
-- Detecting C compiler ABI info
-- Detecting C compiler ABI info - done
-- Detecting C compile features
-- Detecting C compile features - done
-- Check for working CXX compiler: /usr/bin/c++
-- Check for working CXX compiler: /usr/bin/c++ -- works
-- Detecting CXX compiler ABI info
-- Detecting CXX compiler ABI info - done
-- Detecting CXX compile features
-- Detecting CXX compile features - done
-- Found ament_cmake_ros: 0.9.2 (/home/saitama1/ros2_foxy/install/ament_cmake_ros/share/ament_cmake_ros/cmake)
-- Found PythonInterp: /usr/bin/python3 (found suitable version "3.8.10", minimum required is "3") 
-- Using PYTHON_EXECUTABLE: /usr/bin/python3
-- Found rcutils: 1.1.3 (/home/saitama1/ros2_foxy/install/rcutils/share/rcutils/cmake)
-- Found spdlog_vendor: 1.1.3 (/home/saitama1/ros2_foxy/install/spdlog_vendor/share/spdlog_vendor/cmake)
-- Looking for pthread.h
-- Looking for pthread.h - found
-- Performing Test CMAKE_HAVE_LIBC_PTHREAD
-- Performing Test CMAKE_HAVE_LIBC_PTHREAD - Failed
-- Looking for pthread_create in pthreads
-- Looking for pthread_create in pthreads - not found
-- Looking for pthread_create in pthread
-- Looking for pthread_create in pthread - found
-- Found Threads: TRUE  
-- Found rcpputils: 1.3.1 (/home/saitama1/ros2_foxy/install/rcpputils/share/rcpputils/cmake)
-- Found ament_lint_auto: 0.9.6 (/home/saitama1/ros2_foxy/install/ament_lint_auto/share/ament_lint_auto/cmake)
-- Found gtest sources under '/home/saitama1/ros2_foxy/install/gtest_vendor/src/gtest_vendor': C++ tests using 'Google Test' will be built
-- Check if compiler accepts -pthread
-- Check if compiler accepts -pthread - yes
-- Performance tests are disabled by default, so Google Benchmark tests will be skipped. To enable these tests, set the CMake variable 'AMENT_RUN_PERFORMANCE_TESTS'.
-- Added test 'copyright' to check source files copyright and LICENSE
-- Added test 'cppcheck' to perform static code analysis on C / C++ code
-- Configured cppcheck include dirs: /home/saitama1/ros2_foxy/install/performance_test_fixture/include;$<BUILD_INTERFACE:/home/saitama1/ros2_foxy/src/ros2/rcl_logging/rcl_logging_spdlog/include>
-- Configured cppcheck exclude dirs and/or files: 
-- Added test 'cpplint' to check C / C++ code against the Google style
-- Configured cpplint exclude dirs and/or files: 
-- Added test 'lint_cmake' to check CMake code style
-- Added test 'uncrustify' to check C / C++ code style
-- Configured uncrustify additional arguments: 
-- Added test 'xmllint' to check XML markup files
-- Configuring done
-- Generating done
-- Build files have been written to: /home/saitama1/ros2_foxy/build/rcl_logging_spdlog
[35m[1mScanning dependencies of target rcl_logging_spdlog[0m
[ 10%] [32mBuilding CXX object CMakeFiles/rcl_logging_spdlog.dir/src/rcl_logging_spdlog.cpp.o[0m
[ 20%] [32m[1mLinking CXX shared library librcl_logging_spdlog.so[0m
[ 20%] Built target rcl_logging_spdlog
[35m[1mScanning dependencies of target gtest[0m
[ 30%] [32mBuilding CXX object gtest/CMakeFiles/gtest.dir/src/gtest-all.cc.o[0m
[ 40%] [32m[1mLinking CXX static library libgtest.a[0m
[ 40%] Built target gtest
[35m[1mScanning dependencies of target benchmark_logging_interface[0m
[ 50%] [32mBuilding CXX object CMakeFiles/benchmark_logging_interface.dir/test/benchmark/benchmark_logging_interface.cpp.o[0m
[ 60%] [32m[1mLinking CXX executable benchmark_logging_interface[0m
[ 60%] Built target benchmark_logging_interface
[35m[1mScanning dependencies of target gtest_main[0m
[ 70%] [32mBuilding CXX object gtest/CMakeFiles/gtest_main.dir/src/gtest_main.cc.o[0m
[ 80%] [32m[1mLinking CXX static library libgtest_main.a[0m
[ 80%] Built target gtest_main
[35m[1mScanning dependencies of target test_logging_interface[0m
[ 90%] [32mBuilding CXX object CMakeFiles/test_logging_interface.dir/test/test_logging_interface.cpp.o[0m
[100%] [32m[1mLinking CXX executable test_logging_interface[0m
[100%] Built target test_logging_interface
-- Install configuration: ""
-- Installing: /home/saitama1/ros2_foxy/install/rcl_logging_spdlog/lib/librcl_logging_spdlog.so
-- Set runtime path of "/home/saitama1/ros2_foxy/install/rcl_logging_spdlog/lib/librcl_logging_spdlog.so" to ""
-- Installing: /home/saitama1/ros2_foxy/install/rcl_logging_spdlog/include/rcl_logging_spdlog
-- Installing: /home/saitama1/ros2_foxy/install/rcl_logging_spdlog/include/rcl_logging_spdlog/logging_interface.h
-- Installing: /home/saitama1/ros2_foxy/install/rcl_logging_spdlog/include/rcl_logging_spdlog/visibility_control.h
-- Installing: /home/saitama1/ros2_foxy/install/rcl_logging_spdlog/share/rcl_logging_spdlog/environment/library_path.sh
-- Installing: /home/saitama1/ros2_foxy/install/rcl_logging_spdlog/share/rcl_logging_spdlog/environment/library_path.dsv
-- Installing: /home/saitama1/ros2_foxy/install/rcl_logging_spdlog/share/ament_index/resource_index/package_run_dependencies/rcl_logging_spdlog
-- Installing: /home/saitama1/ros2_foxy/install/rcl_logging_spdlog/share/ament_index/resource_index/parent_prefix_path/rcl_logging_spdlog
-- Installing: /home/saitama1/ros2_foxy/install/rcl_logging_spdlog/share/rcl_logging_spdlog/environment/ament_prefix_path.sh
-- Installing: /home/saitama1/ros2_foxy/install/rcl_logging_spdlog/share/rcl_logging_spdlog/environment/ament_prefix_path.dsv
-- Installing: /home/saitama1/ros2_foxy/install/rcl_logging_spdlog/share/rcl_logging_spdlog/environment/path.sh
-- Installing: /home/saitama1/ros2_foxy/install/rcl_logging_spdlog/share/rcl_logging_spdlog/environment/path.dsv
-- Installing: /home/saitama1/ros2_foxy/install/rcl_logging_spdlog/share/rcl_logging_spdlog/local_setup.bash
-- Installing: /home/saitama1/ros2_foxy/install/rcl_logging_spdlog/share/rcl_logging_spdlog/local_setup.sh
-- Installing: /home/saitama1/ros2_foxy/install/rcl_logging_spdlog/share/rcl_logging_spdlog/local_setup.zsh
-- Installing: /home/saitama1/ros2_foxy/install/rcl_logging_spdlog/share/rcl_logging_spdlog/local_setup.dsv
-- Installing: /home/saitama1/ros2_foxy/install/rcl_logging_spdlog/share/rcl_logging_spdlog/package.dsv
-- Installing: /home/saitama1/ros2_foxy/install/rcl_logging_spdlog/share/ament_index/resource_index/packages/rcl_logging_spdlog
-- Installing: /home/saitama1/ros2_foxy/install/rcl_logging_spdlog/share/rcl_logging_spdlog/cmake/rcl_logging_spdlogExport.cmake
-- Installing: /home/saitama1/ros2_foxy/install/rcl_logging_spdlog/share/rcl_logging_spdlog/cmake/rcl_logging_spdlogExport-noconfig.cmake
-- Installing: /home/saitama1/ros2_foxy/install/rcl_logging_spdlog/share/rcl_logging_spdlog/cmake/ament_cmake_export_include_directories-extras.cmake
-- Installing: /home/saitama1/ros2_foxy/install/rcl_logging_spdlog/share/rcl_logging_spdlog/cmake/ament_cmake_export_dependencies-extras.cmake
-- Installing: /home/saitama1/ros2_foxy/install/rcl_logging_spdlog/share/rcl_logging_spdlog/cmake/ament_cmake_export_libraries-extras.cmake
-- Installing: /home/saitama1/ros2_foxy/install/rcl_logging_spdlog/share/rcl_logging_spdlog/cmake/ament_cmake_export_targets-extras.cmake
-- Installing: /home/saitama1/ros2_foxy/install/rcl_logging_spdlog/share/rcl_logging_spdlog/cmake/rcl_logging_spdlogConfig.cmake
-- Installing: /home/saitama1/ros2_foxy/install/rcl_logging_spdlog/share/rcl_logging_spdlog/cmake/rcl_logging_spdlogConfig-version.cmake
-- Installing: /home/saitama1/ros2_foxy/install/rcl_logging_spdlog/share/rcl_logging_spdlog/package.xml
