running egg_info
creating ../../../../build/ros2run/ros2run.egg-info
writing ../../../../build/ros2run/ros2run.egg-info/PKG-INFO
writing dependency_links to ../../../../build/ros2run/ros2run.egg-info/dependency_links.txt
writing entry points to ../../../../build/ros2run/ros2run.egg-info/entry_points.txt
writing requirements to ../../../../build/ros2run/ros2run.egg-info/requires.txt
writing top-level names to ../../../../build/ros2run/ros2run.egg-info/top_level.txt
writing manifest file '../../../../build/ros2run/ros2run.egg-info/SOURCES.txt'
reading manifest file '../../../../build/ros2run/ros2run.egg-info/SOURCES.txt'
writing manifest file '../../../../build/ros2run/ros2run.egg-info/SOURCES.txt'
running build
running build_py
creating /home/saitama1/Pictures/ros2-picas/ros2_foxy/build/ros2run/build
creating /home/saitama1/Pictures/ros2-picas/ros2_foxy/build/ros2run/build/lib
creating /home/saitama1/Pictures/ros2-picas/ros2_foxy/build/ros2run/build/lib/ros2run
copying ros2run/__init__.py -> /home/saitama1/Pictures/ros2-picas/ros2_foxy/build/ros2run/build/lib/ros2run
creating /home/saitama1/Pictures/ros2-picas/ros2_foxy/build/ros2run/build/lib/ros2run/command
copying ros2run/command/run.py -> /home/saitama1/Pictures/ros2-picas/ros2_foxy/build/ros2run/build/lib/ros2run/command
copying ros2run/command/__init__.py -> /home/saitama1/Pictures/ros2-picas/ros2_foxy/build/ros2run/build/lib/ros2run/command
creating /home/saitama1/Pictures/ros2-picas/ros2_foxy/build/ros2run/build/lib/ros2run/api
copying ros2run/api/__init__.py -> /home/saitama1/Pictures/ros2-picas/ros2_foxy/build/ros2run/build/lib/ros2run/api
running install
running install_lib
creating /home/saitama1/Pictures/ros2-picas/ros2_foxy/install/ros2run/lib/python3.8/site-packages/ros2run
copying /home/saitama1/Pictures/ros2-picas/ros2_foxy/build/ros2run/build/lib/ros2run/__init__.py -> /home/saitama1/Pictures/ros2-picas/ros2_foxy/install/ros2run/lib/python3.8/site-packages/ros2run
creating /home/saitama1/Pictures/ros2-picas/ros2_foxy/install/ros2run/lib/python3.8/site-packages/ros2run/command
copying /home/saitama1/Pictures/ros2-picas/ros2_foxy/build/ros2run/build/lib/ros2run/command/run.py -> /home/saitama1/Pictures/ros2-picas/ros2_foxy/install/ros2run/lib/python3.8/site-packages/ros2run/command
copying /home/saitama1/Pictures/ros2-picas/ros2_foxy/build/ros2run/build/lib/ros2run/command/__init__.py -> /home/saitama1/Pictures/ros2-picas/ros2_foxy/install/ros2run/lib/python3.8/site-packages/ros2run/command
creating /home/saitama1/Pictures/ros2-picas/ros2_foxy/install/ros2run/lib/python3.8/site-packages/ros2run/api
copying /home/saitama1/Pictures/ros2-picas/ros2_foxy/build/ros2run/build/lib/ros2run/api/__init__.py -> /home/saitama1/Pictures/ros2-picas/ros2_foxy/install/ros2run/lib/python3.8/site-packages/ros2run/api
byte-compiling /home/saitama1/Pictures/ros2-picas/ros2_foxy/install/ros2run/lib/python3.8/site-packages/ros2run/__init__.py to __init__.cpython-38.pyc
byte-compiling /home/saitama1/Pictures/ros2-picas/ros2_foxy/install/ros2run/lib/python3.8/site-packages/ros2run/command/run.py to run.cpython-38.pyc
byte-compiling /home/saitama1/Pictures/ros2-picas/ros2_foxy/install/ros2run/lib/python3.8/site-packages/ros2run/command/__init__.py to __init__.cpython-38.pyc
byte-compiling /home/saitama1/Pictures/ros2-picas/ros2_foxy/install/ros2run/lib/python3.8/site-packages/ros2run/api/__init__.py to __init__.cpython-38.pyc
running install_data
running install_egg_info
Copying ../../../../build/ros2run/ros2run.egg-info to /home/saitama1/Pictures/ros2-picas/ros2_foxy/install/ros2run/lib/python3.8/site-packages/ros2run-0.9.9-py3.8.egg-info
running install_scripts
writing list of installed files to '/home/saitama1/Pictures/ros2-picas/ros2_foxy/build/ros2run/install.log'
