-- Found ament_cmake: 0.9.8 (/home/saitama1/ros2_foxy/install/ament_cmake/share/ament_cmake/cmake)
-- Using PYTHON_EXECUTABLE: /usr/bin/python3
-- Override CMake install command with custom implementation using symlinks instead of copying resources
-- Found ament_lint_auto: 0.9.6 (/home/saitama1/ros2_foxy/install/ament_lint_auto/share/ament_lint_auto/cmake)
-- Added test 'copyright' to check source files copyright and LICENSE
-- Added test 'cppcheck' to perform static code analysis on C / C++ code
-- Configured cppcheck include dirs: 
-- Configured cppcheck exclude dirs and/or files: 
-- Added test 'cpplint' to check C / C++ code against the Google style
-- Configured cpplint exclude dirs and/or files: 
-- Added test 'lint_cmake' to check CMake code style
-- Added test 'uncrustify' to check C / C++ code style
-- Configured uncrustify additional arguments: 
-- Added test 'xmllint' to check XML markup files
-- Configuring done
-- Generating done
-- Build files have been written to: /home/saitama1/ros2_foxy/build/connext_cmake_module
-- Install configuration: ""
-- Execute custom install script
-- Symlinking: /home/saitama1/ros2_foxy/install/connext_cmake_module/share/ament_index/resource_index/package_run_dependencies/connext_cmake_module
-- Symlinking: /home/saitama1/ros2_foxy/install/connext_cmake_module/share/ament_index/resource_index/parent_prefix_path/connext_cmake_module
-- Symlinking: /home/saitama1/ros2_foxy/install/connext_cmake_module/share/connext_cmake_module/environment/ament_prefix_path.sh
-- Symlinking: /home/saitama1/ros2_foxy/install/connext_cmake_module/share/connext_cmake_module/environment/ament_prefix_path.dsv
-- Symlinking: /home/saitama1/ros2_foxy/install/connext_cmake_module/share/connext_cmake_module/environment/path.sh
-- Symlinking: /home/saitama1/ros2_foxy/install/connext_cmake_module/share/connext_cmake_module/environment/path.dsv
-- Symlinking: /home/saitama1/ros2_foxy/install/connext_cmake_module/share/connext_cmake_module/local_setup.bash
-- Symlinking: /home/saitama1/ros2_foxy/install/connext_cmake_module/share/connext_cmake_module/local_setup.sh
-- Symlinking: /home/saitama1/ros2_foxy/install/connext_cmake_module/share/connext_cmake_module/local_setup.zsh
-- Symlinking: /home/saitama1/ros2_foxy/install/connext_cmake_module/share/connext_cmake_module/local_setup.dsv
-- Symlinking: /home/saitama1/ros2_foxy/install/connext_cmake_module/share/connext_cmake_module/package.dsv
-- Symlinking: /home/saitama1/ros2_foxy/install/connext_cmake_module/share/ament_index/resource_index/packages/connext_cmake_module
-- Symlinking: /home/saitama1/ros2_foxy/install/connext_cmake_module/share/connext_cmake_module/cmake/connext_cmake_module-extras.cmake
-- Symlinking: /home/saitama1/ros2_foxy/install/connext_cmake_module/share/connext_cmake_module/cmake/connext_cmake_moduleConfig.cmake
-- Symlinking: /home/saitama1/ros2_foxy/install/connext_cmake_module/share/connext_cmake_module/cmake/connext_cmake_moduleConfig-version.cmake
-- Symlinking: /home/saitama1/ros2_foxy/install/connext_cmake_module/share/connext_cmake_module/package.xml
-- Symlinking: /home/saitama1/ros2_foxy/install/connext_cmake_module/share/connext_cmake_module/cmake/Modules/FindConnext.cmake
-- Symlinking: /home/saitama1/ros2_foxy/install/connext_cmake_module/share/connext_cmake_module/cmake/check_abi.cmake
-- Symlinking: /home/saitama1/ros2_foxy/install/connext_cmake_module/share/connext_cmake_module/cmake/check_abi.cpp
