-- Found ament_cmake_core: 0.9.8 (/home/saitama1/ros2_foxy/install/ament_cmake_core/share/ament_cmake_core/cmake)
-- Using PYTHON_EXECUTABLE: /usr/bin/python3
-- Override CMake install command with custom implementation using symlinks instead of copying resources
-- Configuring done
-- Generating done
-- Build files have been written to: /home/saitama1/ros2_foxy/build/ament_cmake_export_libraries
-- Install configuration: ""
-- Execute custom install script
-- Symlinking: /home/saitama1/ros2_foxy/install/ament_cmake_export_libraries/share/ament_index/resource_index/package_run_dependencies/ament_cmake_export_libraries
-- Symlinking: /home/saitama1/ros2_foxy/install/ament_cmake_export_libraries/share/ament_index/resource_index/parent_prefix_path/ament_cmake_export_libraries
-- Symlinking: /home/saitama1/ros2_foxy/install/ament_cmake_export_libraries/share/ament_cmake_export_libraries/environment/ament_prefix_path.sh
-- Symlinking: /home/saitama1/ros2_foxy/install/ament_cmake_export_libraries/share/ament_cmake_export_libraries/environment/ament_prefix_path.dsv
-- Symlinking: /home/saitama1/ros2_foxy/install/ament_cmake_export_libraries/share/ament_cmake_export_libraries/environment/path.sh
-- Symlinking: /home/saitama1/ros2_foxy/install/ament_cmake_export_libraries/share/ament_cmake_export_libraries/environment/path.dsv
-- Symlinking: /home/saitama1/ros2_foxy/install/ament_cmake_export_libraries/share/ament_cmake_export_libraries/local_setup.bash
-- Symlinking: /home/saitama1/ros2_foxy/install/ament_cmake_export_libraries/share/ament_cmake_export_libraries/local_setup.sh
-- Symlinking: /home/saitama1/ros2_foxy/install/ament_cmake_export_libraries/share/ament_cmake_export_libraries/local_setup.zsh
-- Symlinking: /home/saitama1/ros2_foxy/install/ament_cmake_export_libraries/share/ament_cmake_export_libraries/local_setup.dsv
-- Symlinking: /home/saitama1/ros2_foxy/install/ament_cmake_export_libraries/share/ament_cmake_export_libraries/package.dsv
-- Symlinking: /home/saitama1/ros2_foxy/install/ament_cmake_export_libraries/share/ament_index/resource_index/packages/ament_cmake_export_libraries
-- Symlinking: /home/saitama1/ros2_foxy/install/ament_cmake_export_libraries/share/ament_cmake_export_libraries/cmake/ament_cmake_export_libraries-extras.cmake
-- Symlinking: /home/saitama1/ros2_foxy/install/ament_cmake_export_libraries/share/ament_cmake_export_libraries/cmake/ament_cmake_export_librariesConfig.cmake
-- Symlinking: /home/saitama1/ros2_foxy/install/ament_cmake_export_libraries/share/ament_cmake_export_libraries/cmake/ament_cmake_export_librariesConfig-version.cmake
-- Symlinking: /home/saitama1/ros2_foxy/install/ament_cmake_export_libraries/share/ament_cmake_export_libraries/package.xml
-- Symlinking: /home/saitama1/ros2_foxy/install/ament_cmake_export_libraries/share/ament_cmake_export_libraries/cmake/ament_cmake_export_libraries-extras.cmake.in
-- Symlinking: /home/saitama1/ros2_foxy/install/ament_cmake_export_libraries/share/ament_cmake_export_libraries/cmake/ament_cmake_export_libraries_package_hook.cmake
-- Symlinking: /home/saitama1/ros2_foxy/install/ament_cmake_export_libraries/share/ament_cmake_export_libraries/cmake/ament_export_libraries.cmake
-- Symlinking: /home/saitama1/ros2_foxy/install/ament_cmake_export_libraries/share/ament_cmake_export_libraries/cmake/ament_export_library_names.cmake
