-- The C compiler identification is GNU 9.3.0
-- The CXX compiler identification is GNU 9.3.0
-- Check for working C compiler: /usr/bin/cc
-- Check for working C compiler: /usr/bin/cc -- works
-- Detecting C compiler ABI info
-- Detecting C compiler ABI info - done
-- Detecting C compile features
-- Detecting C compile features - done
-- Check for working CXX compiler: /usr/bin/c++
-- Check for working CXX compiler: /usr/bin/c++ -- works
-- Detecting CXX compiler ABI info
-- Detecting CXX compiler ABI info - done
-- Detecting CXX compile features
-- Detecting CXX compile features - done
-- Found ament_cmake: 0.9.8 (/home/saitama1/ros2_foxy/install/ament_cmake/share/ament_cmake/cmake)
-- Found PythonInterp: /usr/bin/python3 (found suitable version "3.8.10", minimum required is "3") 
-- Using PYTHON_EXECUTABLE: /usr/bin/python3
-- Found ament_lint_auto: 0.9.6 (/home/saitama1/ros2_foxy/install/ament_lint_auto/share/ament_lint_auto/cmake)
-- Performance tests are disabled by default, so Google Benchmark tests will be skipped. To enable these tests, set the CMake variable 'AMENT_RUN_PERFORMANCE_TESTS'.
-- Added test 'copyright' to check source files copyright and LICENSE
-- Added test 'cppcheck' to perform static code analysis on C / C++ code
-- Configured cppcheck include dirs: /home/saitama1/ros2_foxy/install/performance_test_fixture/include
-- Configured cppcheck exclude dirs and/or files: 
-- Added test 'cpplint' to check C / C++ code against the Google style
-- Configured cpplint exclude dirs and/or files: 
-- Added test 'lint_cmake' to check CMake code style
-- Added test 'uncrustify' to check C / C++ code style
-- Configured uncrustify additional arguments: 
-- Added test 'xmllint' to check XML markup files
-- Configuring done
-- Generating done
-- Build files have been written to: /home/saitama1/ros2_foxy/build/console_bridge_vendor
[35m[1mScanning dependencies of target console_bridge-1.0.1[0m
[ 10%] [34m[1mCreating directories for 'console_bridge-1.0.1'[0m
[ 20%] [34m[1mPerforming download step (download, verify and extract) for 'console_bridge-1.0.1'[0m
-- Downloading...
   dst='/home/saitama1/ros2_foxy/build/console_bridge_vendor/console_bridge-1.0.1-prefix/src/1.0.1.tar.gz'
   timeout='600 seconds'
-- Using src='https://github.com/ros/console_bridge/archive/1.0.1.tar.gz'
-- [download 100% complete]
-- verifying file...
       file='/home/saitama1/ros2_foxy/build/console_bridge_vendor/console_bridge-1.0.1-prefix/src/1.0.1.tar.gz'
-- Downloading... done
-- extracting...
     src='/home/saitama1/ros2_foxy/build/console_bridge_vendor/console_bridge-1.0.1-prefix/src/1.0.1.tar.gz'
     dst='/home/saitama1/ros2_foxy/build/console_bridge_vendor/console_bridge-1.0.1-prefix/src/console_bridge-1.0.1'
-- extracting... [tar xfz]
-- extracting... [analysis]
-- extracting... [rename]
-- extracting... [clean up]
-- extracting... done
[ 30%] [34m[1mNo patch step for 'console_bridge-1.0.1'[0m
[ 40%] [34m[1mNo update step for 'console_bridge-1.0.1'[0m
[ 50%] [34m[1mPerforming configure step for 'console_bridge-1.0.1'[0m
-- The C compiler identification is GNU 9.3.0
-- The CXX compiler identification is GNU 9.3.0
-- Check for working C compiler: /usr/bin/cc
-- Check for working C compiler: /usr/bin/cc -- works
-- Detecting C compiler ABI info
-- Detecting C compiler ABI info - done
-- Detecting C compile features
-- Detecting C compile features - done
-- Check for working CXX compiler: /usr/bin/c++
-- Check for working CXX compiler: /usr/bin/c++ -- works
-- Detecting CXX compiler ABI info
-- Detecting CXX compiler ABI info - done
-- Detecting CXX compile features
-- Detecting CXX compile features - done
-- console_bridge version 1.0.1
-- Performing Test HAS_VISIBILITY
-- Performing Test HAS_VISIBILITY - Success
-- Performing Test COMPILER_HAS_HIDDEN_VISIBILITY
-- Performing Test COMPILER_HAS_HIDDEN_VISIBILITY - Success
-- Performing Test COMPILER_HAS_HIDDEN_INLINE_VISIBILITY
-- Performing Test COMPILER_HAS_HIDDEN_INLINE_VISIBILITY - Success
-- Performing Test COMPILER_HAS_DEPRECATED_ATTR
-- Performing Test COMPILER_HAS_DEPRECATED_ATTR - Success
-- Configuring done
-- Generating done
-- Build files have been written to: /home/saitama1/ros2_foxy/build/console_bridge_vendor/console_bridge-1.0.1-prefix/src/console_bridge-1.0.1-build
[ 60%] [34m[1mPerforming build step for 'console_bridge-1.0.1'[0m
[35m[1mScanning dependencies of target console_bridge[0m
[ 50%] [32mBuilding CXX object CMakeFiles/console_bridge.dir/src/console.cpp.o[0m
[100%] [32m[1mLinking CXX shared library lib/libconsole_bridge.so[0m
[100%] Built target console_bridge
[ 70%] [34m[1mPerforming install step for 'console_bridge-1.0.1'[0m
[100%] Built target console_bridge
[36mInstall the project...[0m
-- Install configuration: "Release"
-- Installing: /home/saitama1/ros2_foxy/build/console_bridge_vendor/console_bridge_vendor_install/lib/libconsole_bridge.so.1.0
-- Installing: /home/saitama1/ros2_foxy/build/console_bridge_vendor/console_bridge_vendor_install/lib/libconsole_bridge.so
-- Installing: /home/saitama1/ros2_foxy/build/console_bridge_vendor/console_bridge_vendor_install/include
-- Installing: /home/saitama1/ros2_foxy/build/console_bridge_vendor/console_bridge_vendor_install/include/console_bridge
-- Installing: /home/saitama1/ros2_foxy/build/console_bridge_vendor/console_bridge_vendor_install/include/console_bridge/console.h
-- Installing: /home/saitama1/ros2_foxy/build/console_bridge_vendor/console_bridge_vendor_install/include/console_bridge_export.h
-- Installing: /home/saitama1/ros2_foxy/build/console_bridge_vendor/console_bridge_vendor_install/lib/console_bridge/cmake/console_bridge-targets.cmake
-- Installing: /home/saitama1/ros2_foxy/build/console_bridge_vendor/console_bridge_vendor_install/lib/console_bridge/cmake/console_bridge-targets-release.cmake
-- Installing: /home/saitama1/ros2_foxy/build/console_bridge_vendor/console_bridge_vendor_install/lib/console_bridge/cmake/console_bridge-config.cmake
-- Installing: /home/saitama1/ros2_foxy/build/console_bridge_vendor/console_bridge_vendor_install/lib/console_bridge/cmake/console_bridge-config-version.cmake
-- Installing: /home/saitama1/ros2_foxy/build/console_bridge_vendor/console_bridge_vendor_install/lib/pkgconfig/console_bridge.pc
[ 80%] [34m[1mCompleted 'console_bridge-1.0.1'[0m
[ 80%] Built target console_bridge-1.0.1
[35m[1mScanning dependencies of target benchmark_log[0m
[ 90%] [32mBuilding CXX object CMakeFiles/benchmark_log.dir/test/benchmark/benchmark_log.cpp.o[0m
[100%] [32m[1mLinking CXX executable benchmark_log[0m
[100%] Built target benchmark_log
-- Install configuration: ""
-- Installing: /home/saitama1/ros2_foxy/install/console_bridge_vendor
-- Installing: /home/saitama1/ros2_foxy/install/console_bridge_vendor/include
-- Installing: /home/saitama1/ros2_foxy/install/console_bridge_vendor/include/console_bridge_export.h
-- Installing: /home/saitama1/ros2_foxy/install/console_bridge_vendor/include/console_bridge
-- Installing: /home/saitama1/ros2_foxy/install/console_bridge_vendor/include/console_bridge/console.h
-- Installing: /home/saitama1/ros2_foxy/install/console_bridge_vendor/lib
-- Installing: /home/saitama1/ros2_foxy/install/console_bridge_vendor/lib/libconsole_bridge.so.1.0
-- Installing: /home/saitama1/ros2_foxy/install/console_bridge_vendor/lib/console_bridge
-- Installing: /home/saitama1/ros2_foxy/install/console_bridge_vendor/lib/console_bridge/cmake
-- Installing: /home/saitama1/ros2_foxy/install/console_bridge_vendor/lib/console_bridge/cmake/console_bridge-config-version.cmake
-- Installing: /home/saitama1/ros2_foxy/install/console_bridge_vendor/lib/console_bridge/cmake/console_bridge-targets-release.cmake
-- Installing: /home/saitama1/ros2_foxy/install/console_bridge_vendor/lib/console_bridge/cmake/console_bridge-targets.cmake
-- Installing: /home/saitama1/ros2_foxy/install/console_bridge_vendor/lib/console_bridge/cmake/console_bridge-config.cmake
-- Installing: /home/saitama1/ros2_foxy/install/console_bridge_vendor/lib/pkgconfig
-- Installing: /home/saitama1/ros2_foxy/install/console_bridge_vendor/lib/pkgconfig/console_bridge.pc
-- Installing: /home/saitama1/ros2_foxy/install/console_bridge_vendor/lib/libconsole_bridge.so
-- Installing: /home/saitama1/ros2_foxy/install/console_bridge_vendor/share/ament_index/resource_index/package_run_dependencies/console_bridge_vendor
-- Installing: /home/saitama1/ros2_foxy/install/console_bridge_vendor/share/ament_index/resource_index/parent_prefix_path/console_bridge_vendor
-- Installing: /home/saitama1/ros2_foxy/install/console_bridge_vendor/share/console_bridge_vendor/environment/ament_prefix_path.sh
-- Installing: /home/saitama1/ros2_foxy/install/console_bridge_vendor/share/console_bridge_vendor/environment/ament_prefix_path.dsv
-- Installing: /home/saitama1/ros2_foxy/install/console_bridge_vendor/share/console_bridge_vendor/environment/path.sh
-- Installing: /home/saitama1/ros2_foxy/install/console_bridge_vendor/share/console_bridge_vendor/environment/path.dsv
-- Installing: /home/saitama1/ros2_foxy/install/console_bridge_vendor/share/console_bridge_vendor/local_setup.bash
-- Installing: /home/saitama1/ros2_foxy/install/console_bridge_vendor/share/console_bridge_vendor/local_setup.sh
-- Installing: /home/saitama1/ros2_foxy/install/console_bridge_vendor/share/console_bridge_vendor/local_setup.zsh
-- Installing: /home/saitama1/ros2_foxy/install/console_bridge_vendor/share/console_bridge_vendor/local_setup.dsv
-- Installing: /home/saitama1/ros2_foxy/install/console_bridge_vendor/share/console_bridge_vendor/package.dsv
-- Installing: /home/saitama1/ros2_foxy/install/console_bridge_vendor/share/ament_index/resource_index/packages/console_bridge_vendor
-- Installing: /home/saitama1/ros2_foxy/install/console_bridge_vendor/share/console_bridge_vendor/cmake/console_bridge_vendorConfig.cmake
-- Installing: /home/saitama1/ros2_foxy/install/console_bridge_vendor/share/console_bridge_vendor/cmake/console_bridge_vendorConfig-version.cmake
-- Installing: /home/saitama1/ros2_foxy/install/console_bridge_vendor/share/console_bridge_vendor/package.xml
