[0.981s] Invoking command in '/home/saitama1/Pictures/ros2-picas/ros2_foxy/src/ament/ament_lint/ament_lint_cmake': AMENT_PREFIX_PATH=/home/saitama1/Pictures/ros2-picas/ros2_foxy/install/ament_copyright:/home/saitama1/Pictures/ros2-picas/ros2_foxy/install/ament_pep257:/home/saitama1/Pictures/ros2-picas/ros2_foxy/install/ament_flake8:/home/saitama1/Pictures/ros2-picas/ros2_foxy/install/ament_lint PATH=/home/saitama1/Pictures/ros2-picas/ros2_foxy/install/ament_copyright/bin:/home/saitama1/Pictures/ros2-picas/ros2_foxy/install/ament_pep257/bin:/home/saitama1/Pictures/ros2-picas/ros2_foxy/install/ament_flake8/bin:${PATH} PYTHONPATH=/home/saitama1/Pictures/ros2-picas/ros2_foxy/install/ament_lint_cmake/lib/python3.8/site-packages:/home/saitama1/Pictures/ros2-picas/ros2_foxy/install/ament_copyright/lib/python3.8/site-packages:/home/saitama1/Pictures/ros2-picas/ros2_foxy/install/ament_pep257/lib/python3.8/site-packages:/home/saitama1/Pictures/ros2-picas/ros2_foxy/install/ament_flake8/lib/python3.8/site-packages:/home/saitama1/Pictures/ros2-picas/ros2_foxy/install/ament_lint/lib/python3.8/site-packages /usr/bin/python3 setup.py egg_info --egg-base ../../../../build/ament_lint_cmake build --build-base /home/saitama1/Pictures/ros2-picas/ros2_foxy/build/ament_lint_cmake/build install --prefix /home/saitama1/Pictures/ros2-picas/ros2_foxy/install/ament_lint_cmake --record /home/saitama1/Pictures/ros2-picas/ros2_foxy/build/ament_lint_cmake/install.log --single-version-externally-managed
[1.186s] running egg_info
[1.187s] writing ../../../../build/ament_lint_cmake/ament_lint_cmake.egg-info/PKG-INFO
[1.187s] writing dependency_links to ../../../../build/ament_lint_cmake/ament_lint_cmake.egg-info/dependency_links.txt
[1.187s] writing entry points to ../../../../build/ament_lint_cmake/ament_lint_cmake.egg-info/entry_points.txt
[1.187s] writing requirements to ../../../../build/ament_lint_cmake/ament_lint_cmake.egg-info/requires.txt
[1.187s] writing top-level names to ../../../../build/ament_lint_cmake/ament_lint_cmake.egg-info/top_level.txt
[1.226s] reading manifest file '../../../../build/ament_lint_cmake/ament_lint_cmake.egg-info/SOURCES.txt'
[1.226s] writing manifest file '../../../../build/ament_lint_cmake/ament_lint_cmake.egg-info/SOURCES.txt'
[1.227s] running build
[1.227s] running build_py
[1.227s] running install
[1.228s] running install_lib
[1.229s] running install_data
[1.229s] running install_egg_info
[1.230s] removing '/home/saitama1/Pictures/ros2-picas/ros2_foxy/install/ament_lint_cmake/lib/python3.8/site-packages/ament_lint_cmake-0.9.6-py3.8.egg-info' (and everything under it)
[1.230s] Copying ../../../../build/ament_lint_cmake/ament_lint_cmake.egg-info to /home/saitama1/Pictures/ros2-picas/ros2_foxy/install/ament_lint_cmake/lib/python3.8/site-packages/ament_lint_cmake-0.9.6-py3.8.egg-info
[1.231s] running install_scripts
[1.243s] Installing ament_lint_cmake script to /home/saitama1/Pictures/ros2-picas/ros2_foxy/install/ament_lint_cmake/bin
[1.243s] writing list of installed files to '/home/saitama1/Pictures/ros2-picas/ros2_foxy/build/ament_lint_cmake/install.log'
