-- Found ament_cmake: 0.9.8 (/home/saitama1/ros2_foxy/install/ament_cmake/share/ament_cmake/cmake)
-- Using PYTHON_EXECUTABLE: /usr/bin/python3
-- Override CMake install command with custom implementation using symlinks instead of copying resources
-- Found ament_lint_auto: 0.9.6 (/home/saitama1/ros2_foxy/install/ament_lint_auto/share/ament_lint_auto/cmake)
-- Added test 'copyright' to check source files copyright and LICENSE
-- Added test 'lint_cmake' to check CMake code style
-- Added test 'xmllint' to check XML markup files
-- Configuring done
-- Generating done
-- Build files have been written to: /home/saitama1/ros2_foxy/build/common_interfaces
-- Install configuration: ""
-- Execute custom install script
-- Symlinking: /home/saitama1/ros2_foxy/install/common_interfaces/share/ament_index/resource_index/package_run_dependencies/common_interfaces
-- Symlinking: /home/saitama1/ros2_foxy/install/common_interfaces/share/ament_index/resource_index/parent_prefix_path/common_interfaces
-- Symlinking: /home/saitama1/ros2_foxy/install/common_interfaces/share/common_interfaces/environment/ament_prefix_path.sh
-- Symlinking: /home/saitama1/ros2_foxy/install/common_interfaces/share/common_interfaces/environment/ament_prefix_path.dsv
-- Symlinking: /home/saitama1/ros2_foxy/install/common_interfaces/share/common_interfaces/environment/path.sh
-- Symlinking: /home/saitama1/ros2_foxy/install/common_interfaces/share/common_interfaces/environment/path.dsv
-- Symlinking: /home/saitama1/ros2_foxy/install/common_interfaces/share/common_interfaces/local_setup.bash
-- Symlinking: /home/saitama1/ros2_foxy/install/common_interfaces/share/common_interfaces/local_setup.sh
-- Symlinking: /home/saitama1/ros2_foxy/install/common_interfaces/share/common_interfaces/local_setup.zsh
-- Symlinking: /home/saitama1/ros2_foxy/install/common_interfaces/share/common_interfaces/local_setup.dsv
-- Symlinking: /home/saitama1/ros2_foxy/install/common_interfaces/share/common_interfaces/package.dsv
-- Symlinking: /home/saitama1/ros2_foxy/install/common_interfaces/share/ament_index/resource_index/packages/common_interfaces
-- Symlinking: /home/saitama1/ros2_foxy/install/common_interfaces/share/common_interfaces/cmake/common_interfacesConfig.cmake
-- Symlinking: /home/saitama1/ros2_foxy/install/common_interfaces/share/common_interfaces/cmake/common_interfacesConfig-version.cmake
-- Symlinking: /home/saitama1/ros2_foxy/install/common_interfaces/share/common_interfaces/package.xml
