-- Found ament_cmake_ros: 0.9.2 (/home/saitama1/ros2_foxy/install/ament_cmake_ros/share/ament_cmake_ros/cmake)
-- Found PythonInterp: /usr/bin/python3 (found suitable version "3.8.10", minimum required is "3") 
-- Using PYTHON_EXECUTABLE: /usr/bin/python3
-- Override CMake install command with custom implementation using symlinks instead of copying resources
-- Found builtin_interfaces: 1.0.0 (/home/saitama1/ros2_foxy/install/builtin_interfaces/share/builtin_interfaces/cmake)
-- Using all available rosidl_typesupport_c: rosidl_typesupport_introspection_c;rosidl_typesupport_fastrtps_c
-- Found rosidl_adapter: 1.2.1 (/home/saitama1/ros2_foxy/install/rosidl_adapter/share/rosidl_adapter/cmake)
-- Using all available rosidl_typesupport_cpp: rosidl_typesupport_introspection_cpp;rosidl_typesupport_fastrtps_cpp
-- Found libstatistics_collector: 1.0.1 (/home/saitama1/ros2_foxy/install/libstatistics_collector/share/libstatistics_collector/cmake)
-- Found rmw_implementation_cmake: 1.0.3 (/home/saitama1/ros2_foxy/install/rmw_implementation_cmake/share/rmw_implementation_cmake/cmake)
-- Using RMW implementation 'rmw_fastrtps_cpp' as default
-- Found rosgraph_msgs: 1.0.0 (/home/saitama1/ros2_foxy/install/rosgraph_msgs/share/rosgraph_msgs/cmake)
-- Found ament_lint_auto: 0.9.6 (/home/saitama1/ros2_foxy/install/ament_lint_auto/share/ament_lint_auto/cmake)
-- Performance tests are disabled by default, so Google Benchmark tests will be skipped. To enable these tests, set the CMake variable 'AMENT_RUN_PERFORMANCE_TESTS'.
-- Found PythonInterp: /usr/bin/python3 (found version "3.8.10") 
-- Using all available rosidl_typesupport_c: rosidl_typesupport_introspection_c;rosidl_typesupport_fastrtps_c
-- Using all available rosidl_typesupport_cpp: rosidl_typesupport_introspection_cpp;rosidl_typesupport_fastrtps_cpp
-- Found PythonInterp: /usr/bin/python3 (found suitable version "3.8.10", minimum required is "3.5") 
-- Found python_cmake_module: 0.8.1 (/home/saitama1/ros2_foxy/install/python_cmake_module/share/python_cmake_module/cmake)
-- Using PYTHON_EXECUTABLE: /usr/bin/python3
-- Using PYTHON_INCLUDE_DIRS: /usr/include/python3.8
-- Using PYTHON_LIBRARIES: /usr/lib/x86_64-linux-gnu/libpython3.8.so
-- Found gtest sources under '/home/saitama1/ros2_foxy/install/gtest_vendor/src/gtest_vendor': C++ tests using 'Google Test' will be built
-- Found gmock sources under '/home/saitama1/ros2_foxy/install/gmock_vendor/src/gmock_vendor': C++ tests using 'Google Mock' will be built
-- Found gtest sources under '/home/saitama1/ros2_foxy/install/gtest_vendor/src/gtest_vendor': C++ tests using 'Google Test' will be built
-- Added test 'copyright' to check source files copyright and LICENSE
-- Added test 'cppcheck' to perform static code analysis on C / C++ code
-- Configured cppcheck include dirs: $<BUILD_INTERFACE:/home/saitama1/ros2_foxy/src/ros2/rclcpp/rclcpp/include>
-- Configured cppcheck exclude dirs and/or files: 
-- Added test 'cpplint' to check C / C++ code against the Google style
-- Configured cpplint exclude dirs and/or files: 
-- Added test 'lint_cmake' to check CMake code style
-- Added test 'uncrustify' to check C / C++ code style
-- Configured uncrustify additional arguments: 
-- Added test 'xmllint' to check XML markup files
-- Configuring done
-- Generating done
-- Build files have been written to: /home/saitama1/ros2_foxy/build/rclcpp
[  1%] [34m[1mGenerating C code for ROS interfaces[0m
[  2%] Built target gtest
[  2%] [34m[1mGenerating C++ code for ROS interfaces[0m
[  3%] Built target gtest_main
[  3%] Built target gmock_main
[  4%] Built target gmock
[35m[1mScanning dependencies of target rclcpp[0m
[  4%] [32m[1mLinking CXX executable test_function_traits[0m
[  5%] Built target test_function_traits
[  5%] [32mBuilding CXX object CMakeFiles/rclcpp.dir/src/rclcpp/callback_group.cpp.o[0m
[  5%] [32mBuilding CXX object CMakeFiles/rclcpp.dir/src/rclcpp/client.cpp.o[0m
[  6%] [32mBuilding CXX object CMakeFiles/rclcpp.dir/src/rclcpp/any_executable.cpp.o[0m
[  6%] [32mBuilding CXX object CMakeFiles/rclcpp.dir/src/rclcpp/executable_list.cpp.o[0m
[  7%] [32mBuilding CXX object CMakeFiles/rclcpp.dir/src/rclcpp/clock.cpp.o[0m
[  7%] [32mBuilding CXX object CMakeFiles/rclcpp.dir/src/rclcpp/executors.cpp.o[0m
[  7%] [32mBuilding CXX object CMakeFiles/rclcpp.dir/src/rclcpp/duration.cpp.o[0m
[  7%] [32mBuilding CXX object CMakeFiles/rclcpp.dir/src/rclcpp/executors/single_threaded_executor.cpp.o[0m
[  8%] [32mBuilding CXX object CMakeFiles/rclcpp.dir/src/rclcpp/executors/multi_threaded_executor.cpp.o[0m
[  9%] [32mBuilding CXX object CMakeFiles/rclcpp.dir/src/rclcpp/executor.cpp.o[0m
[35m[1mScanning dependencies of target rclcpp_test_msgs__rosidl_generator_c[0m
[  9%] Built target rclcpp_test_msgs__cpp
[  9%] [32mBuilding C object test/rclcpp/CMakeFiles/rclcpp_test_msgs__rosidl_generator_c.dir/rosidl_generator_c/rclcpp/msg/detail/header__functions.c.o[0m
[  9%] [32mBuilding CXX object CMakeFiles/rclcpp.dir/src/rclcpp/executors/static_executor_entities_collector.cpp.o[0m
[  9%] [32mBuilding C object test/rclcpp/CMakeFiles/rclcpp_test_msgs__rosidl_generator_c.dir/rosidl_generator_c/rclcpp/msg/detail/message_with_header__functions.c.o[0m
[ 10%] [32m[1mLinking C shared library librclcpp__rosidl_generator_c.so[0m
[ 10%] Built target rclcpp_test_msgs__rosidl_generator_c
[ 11%] [32mBuilding CXX object CMakeFiles/rclcpp.dir/src/rclcpp/executors/static_single_threaded_executor.cpp.o[0m
[ 11%] [34m[1mGenerating C++ type support dispatch for ROS interfaces[0m
[ 11%] [32mBuilding CXX object CMakeFiles/rclcpp.dir/src/rclcpp/graph_listener.cpp.o[0m
[ 11%] [32mBuilding CXX object CMakeFiles/rclcpp.dir/src/rclcpp/intra_process_manager.cpp.o[0m
[01m[K/home/saitama1/ros2_foxy/src/ros2/rclcpp/rclcpp/src/rclcpp/executors/single_threaded_executor.cpp:[m[K In function ‘[01m[Kint sched_setattr(pid_t, const sched_attr*, unsigned int)[m[K’:
[01m[K/home/saitama1/ros2_foxy/src/ros2/rclcpp/rclcpp/src/rclcpp/executors/single_threaded_executor.cpp:63:17:[m[K [01;35m[Kwarning: [m[Kconversion from ‘[01m[Klong int[m[K’ to ‘[01m[Kint[m[K’ may change value [[01;35m[K-Wconversion[m[K]
   63 |   return [01;35m[Ksyscall(__NR_sched_setattr, pid, attr, flags)[m[K;
      |          [01;35m[K~~~~~~~^~~~~~~~~~~~~~~~~~~~~~~~~~~~~~~~~~~~~~[m[K
[01m[K/home/saitama1/ros2_foxy/src/ros2/rclcpp/rclcpp/src/rclcpp/executors/single_threaded_executor.cpp:[m[K In function ‘[01m[Kint sched_getattr(pid_t, sched_attr*, unsigned int, unsigned int)[m[K’:
[01m[K/home/saitama1/ros2_foxy/src/ros2/rclcpp/rclcpp/src/rclcpp/executors/single_threaded_executor.cpp:68:17:[m[K [01;35m[Kwarning: [m[Kconversion from ‘[01m[Klong int[m[K’ to ‘[01m[Kint[m[K’ may change value [[01;35m[K-Wconversion[m[K]
   68 |   return [01;35m[Ksyscall(__NR_sched_getattr, pid, attr, size, flags)[m[K;
      |          [01;35m[K~~~~~~~^~~~~~~~~~~~~~~~~~~~~~~~~~~~~~~~~~~~~~~~~~~~[m[K
[ 11%] [32mBuilding CXX object CMakeFiles/rclcpp.dir/src/rclcpp/memory_strategies.cpp.o[0m
[01m[K/home/saitama1/ros2_foxy/src/ros2/rclcpp/rclcpp/src/rclcpp/executors/single_threaded_executor.cpp:[m[K In member function ‘[01m[Kvoid rclcpp::executors::SingleThreadedExecutor::spin_cpu(int)[m[K’:
[01m[K/home/saitama1/ros2_foxy/src/ros2/rclcpp/rclcpp/src/rclcpp/executors/single_threaded_executor.cpp:120:37:[m[K [01;35m[Kwarning: [m[K‘[01m[Kusing AnyExecutable = struct rclcpp::AnyExecutable[m[K’ is deprecated: use rclcpp::AnyExecutable instead [[01;35m[K-Wdeprecated-declarations[m[K]
  120 |     rclcpp::executor::AnyExecutable [01;35m[Kany_executable[m[K;
      |                                     [01;35m[K^~~~~~~~~~~~~~[m[K
In file included from [01m[K/home/saitama1/ros2_foxy/src/ros2/rclcpp/rclcpp/include/rclcpp/memory_strategy.hpp:24[m[K,
                 from [01m[K/home/saitama1/ros2_foxy/src/ros2/rclcpp/rclcpp/include/rclcpp/memory_strategies.hpp:18[m[K,
                 from [01m[K/home/saitama1/ros2_foxy/src/ros2/rclcpp/rclcpp/include/rclcpp/executor_options.hpp:20[m[K,
                 from [01m[K/home/saitama1/ros2_foxy/src/ros2/rclcpp/rclcpp/include/rclcpp/executor.hpp:33[m[K,
                 from [01m[K/home/saitama1/ros2_foxy/src/ros2/rclcpp/rclcpp/include/rclcpp/executors/single_threaded_executor.hpp:25[m[K,
                 from [01m[K/home/saitama1/ros2_foxy/src/ros2/rclcpp/rclcpp/src/rclcpp/executors/single_threaded_executor.cpp:15[m[K:
[01m[K/home/saitama1/ros2_foxy/src/ros2/rclcpp/rclcpp/include/rclcpp/any_executable.hpp:55:7:[m[K [01;36m[Knote: [m[Kdeclared here
   55 | using [01;36m[KAnyExecutable[m[K [[deprecated("use rclcpp::AnyExecutable instead")]] = AnyExecutable;
      |       [01;36m[K^~~~~~~~~~~~~[m[K
[01m[K/home/saitama1/ros2_foxy/src/ros2/rclcpp/rclcpp/src/rclcpp/executors/single_threaded_executor.cpp:[m[K In member function ‘[01m[Kvoid rclcpp::executors::SingleThreadedExecutor::spin_rt()[m[K’:
[01m[K/home/saitama1/ros2_foxy/src/ros2/rclcpp/rclcpp/src/rclcpp/executors/single_threaded_executor.cpp:159:37:[m[K [01;35m[Kwarning: [m[K‘[01m[Kusing AnyExecutable = struct rclcpp::AnyExecutable[m[K’ is deprecated: use rclcpp::AnyExecutable instead [[01;35m[K-Wdeprecated-declarations[m[K]
  159 |     rclcpp::executor::AnyExecutable [01;35m[Kany_executable[m[K;
      |                                     [01;35m[K^~~~~~~~~~~~~~[m[K
In file included from [01m[K/home/saitama1/ros2_foxy/src/ros2/rclcpp/rclcpp/include/rclcpp/memory_strategy.hpp:24[m[K,
                 from [01m[K/home/saitama1/ros2_foxy/src/ros2/rclcpp/rclcpp/include/rclcpp/memory_strategies.hpp:18[m[K,
                 from [01m[K/home/saitama1/ros2_foxy/src/ros2/rclcpp/rclcpp/include/rclcpp/executor_options.hpp:20[m[K,
                 from [01m[K/home/saitama1/ros2_foxy/src/ros2/rclcpp/rclcpp/include/rclcpp/executor.hpp:33[m[K,
                 from [01m[K/home/saitama1/ros2_foxy/src/ros2/rclcpp/rclcpp/include/rclcpp/executors/single_threaded_executor.hpp:25[m[K,
                 from [01m[K/home/saitama1/ros2_foxy/src/ros2/rclcpp/rclcpp/src/rclcpp/executors/single_threaded_executor.cpp:15[m[K:
[01m[K/home/saitama1/ros2_foxy/src/ros2/rclcpp/rclcpp/include/rclcpp/any_executable.hpp:55:7:[m[K [01;36m[Knote: [m[Kdeclared here
   55 | using [01;36m[KAnyExecutable[m[K [[deprecated("use rclcpp::AnyExecutable instead")]] = AnyExecutable;
      |       [01;36m[K^~~~~~~~~~~~~[m[K
[01m[K/home/saitama1/ros2_foxy/src/ros2/rclcpp/rclcpp/src/rclcpp/executors/single_threaded_executor.cpp:[m[K In member function ‘[01m[Kvoid rclcpp::executors::SingleThreadedExecutor::spin_deadline(int, int, int)[m[K’:
[01m[K/home/saitama1/ros2_foxy/src/ros2/rclcpp/rclcpp/src/rclcpp/executors/single_threaded_executor.cpp:180:9:[m[K [01;35m[Kwarning: [m[Kunused variable ‘[01m[Kx[m[K’ [[01;35m[K-Wunused-variable[m[K]
  180 |     int [01;35m[Kx[m[K = 0, ret;
      |         [01;35m[K^[m[K
[01m[K/home/saitama1/ros2_foxy/src/ros2/rclcpp/rclcpp/src/rclcpp/executors/single_threaded_executor.cpp:207:37:[m[K [01;35m[Kwarning: [m[K‘[01m[Kusing AnyExecutable = struct rclcpp::AnyExecutable[m[K’ is deprecated: use rclcpp::AnyExecutable instead [[01;35m[K-Wdeprecated-declarations[m[K]
  207 |     rclcpp::executor::AnyExecutable [01;35m[Kany_executable[m[K;
      |                                     [01;35m[K^~~~~~~~~~~~~~[m[K
In file included from [01m[K/home/saitama1/ros2_foxy/src/ros2/rclcpp/rclcpp/include/rclcpp/memory_strategy.hpp:24[m[K,
                 from [01m[K/home/saitama1/ros2_foxy/src/ros2/rclcpp/rclcpp/include/rclcpp/memory_strategies.hpp:18[m[K,
                 from [01m[K/home/saitama1/ros2_foxy/src/ros2/rclcpp/rclcpp/include/rclcpp/executor_options.hpp:20[m[K,
                 from [01m[K/home/saitama1/ros2_foxy/src/ros2/rclcpp/rclcpp/include/rclcpp/executor.hpp:33[m[K,
                 from [01m[K/home/saitama1/ros2_foxy/src/ros2/rclcpp/rclcpp/include/rclcpp/executors/single_threaded_executor.hpp:25[m[K,
                 from [01m[K/home/saitama1/ros2_foxy/src/ros2/rclcpp/rclcpp/src/rclcpp/executors/single_threaded_executor.cpp:15[m[K:
[01m[K/home/saitama1/ros2_foxy/src/ros2/rclcpp/rclcpp/include/rclcpp/any_executable.hpp:55:7:[m[K [01;36m[Knote: [m[Kdeclared here
   55 | using [01;36m[KAnyExecutable[m[K [[deprecated("use rclcpp::AnyExecutable instead")]] = AnyExecutable;
      |       [01;36m[K^~~~~~~~~~~~~[m[K
[35m[1mScanning dependencies of target rclcpp_test_msgs__rosidl_typesupport_cpp[0m
[ 12%] [32mBuilding CXX object CMakeFiles/rclcpp.dir/src/rclcpp/memory_strategy.cpp.o[0m
[ 13%] [32mBuilding CXX object test/rclcpp/CMakeFiles/rclcpp_test_msgs__rosidl_typesupport_cpp.dir/rosidl_typesupport_cpp/rclcpp/msg/header__type_support.cpp.o[0m
[ 13%] [32mBuilding CXX object test/rclcpp/CMakeFiles/rclcpp_test_msgs__rosidl_typesupport_cpp.dir/rosidl_typesupport_cpp/rclcpp/msg/message_with_header__type_support.cpp.o[0m
[ 13%] [34m[1mGenerating C++ type support for eProsima Fast-RTPS[0m
[ 13%] [34m[1mGenerating C introspection for ROS interfaces[0m
[ 13%] [32mBuilding CXX object CMakeFiles/rclcpp.dir/src/rclcpp/node.cpp.o[0m
[ 14%] [32mBuilding CXX object CMakeFiles/rclcpp.dir/src/rclcpp/node_options.cpp.o[0m
[ 14%] [32m[1mLinking CXX shared library librclcpp__rosidl_typesupport_cpp.so[0m
[ 14%] Built target rclcpp_test_msgs__rosidl_typesupport_cpp
[ 14%] [32mBuilding CXX object CMakeFiles/rclcpp.dir/src/rclcpp/node_interfaces/node_base.cpp.o[0m
[ 14%] [32mBuilding CXX object CMakeFiles/rclcpp.dir/src/rclcpp/node_interfaces/node_clock.cpp.o[0m
[ 15%] [34m[1mGenerating C++ introspection for ROS interfaces[0m
[35m[1mScanning dependencies of target rclcpp_test_msgs__rosidl_typesupport_fastrtps_cpp[0m
[ 15%] [32mBuilding CXX object test/rclcpp/CMakeFiles/rclcpp_test_msgs__rosidl_typesupport_fastrtps_cpp.dir/rosidl_typesupport_fastrtps_cpp/rclcpp/msg/detail/dds_fastrtps/header__type_support.cpp.o[0m
[ 16%] [32mBuilding CXX object CMakeFiles/rclcpp.dir/src/rclcpp/node_interfaces/node_graph.cpp.o[0m
[ 17%] [32mBuilding CXX object test/rclcpp/CMakeFiles/rclcpp_test_msgs__rosidl_typesupport_fastrtps_cpp.dir/rosidl_typesupport_fastrtps_cpp/rclcpp/msg/detail/dds_fastrtps/message_with_header__type_support.cpp.o[0m
[35m[1mScanning dependencies of target rclcpp_test_msgs__rosidl_typesupport_introspection_c[0m
[ 18%] [32mBuilding C object test/rclcpp/CMakeFiles/rclcpp_test_msgs__rosidl_typesupport_introspection_c.dir/rosidl_typesupport_introspection_c/rclcpp/msg/detail/header__type_support.c.o[0m
[ 18%] [32mBuilding C object test/rclcpp/CMakeFiles/rclcpp_test_msgs__rosidl_typesupport_introspection_c.dir/rosidl_typesupport_introspection_c/rclcpp/msg/detail/message_with_header__type_support.c.o[0m
[ 18%] [34m[1mGenerating C type support dispatch for ROS interfaces[0m
[ 18%] [32m[1mLinking C shared library librclcpp__rosidl_typesupport_introspection_c.so[0m
[ 18%] [32mBuilding CXX object CMakeFiles/rclcpp.dir/src/rclcpp/node_interfaces/node_logging.cpp.o[0m
[ 18%] Built target rclcpp_test_msgs__rosidl_typesupport_introspection_c
[ 18%] [32mBuilding CXX object CMakeFiles/rclcpp.dir/src/rclcpp/node_interfaces/node_parameters.cpp.o[0m
[ 19%] [32mBuilding CXX object CMakeFiles/rclcpp.dir/src/rclcpp/node_interfaces/node_services.cpp.o[0m
[ 19%] [32mBuilding CXX object CMakeFiles/rclcpp.dir/src/rclcpp/node_interfaces/node_time_source.cpp.o[0m
[35m[1mScanning dependencies of target rclcpp_test_msgs__rosidl_typesupport_introspection_cpp[0m
[ 19%] [32mBuilding CXX object test/rclcpp/CMakeFiles/rclcpp_test_msgs__rosidl_typesupport_introspection_cpp.dir/rosidl_typesupport_introspection_cpp/rclcpp/msg/detail/header__type_support.cpp.o[0m
[ 19%] [32m[1mLinking CXX shared library librclcpp__rosidl_typesupport_fastrtps_cpp.so[0m
[ 19%] Built target rclcpp_test_msgs__rosidl_typesupport_fastrtps_cpp
[35m[1mScanning dependencies of target rclcpp_test_msgs__rosidl_typesupport_c[0m
[ 19%] [32mBuilding CXX object test/rclcpp/CMakeFiles/rclcpp_test_msgs__rosidl_typesupport_c.dir/rosidl_typesupport_c/rclcpp/msg/header__type_support.cpp.o[0m
[ 19%] [32mBuilding CXX object test/rclcpp/CMakeFiles/rclcpp_test_msgs__rosidl_typesupport_introspection_cpp.dir/rosidl_typesupport_introspection_cpp/rclcpp/msg/detail/message_with_header__type_support.cpp.o[0m
[ 20%] [32mBuilding CXX object test/rclcpp/CMakeFiles/rclcpp_test_msgs__rosidl_typesupport_c.dir/rosidl_typesupport_c/rclcpp/msg/message_with_header__type_support.cpp.o[0m
[ 20%] [32m[1mLinking CXX shared library librclcpp__rosidl_typesupport_c.so[0m
[ 21%] [32m[1mLinking CXX shared library librclcpp__rosidl_typesupport_introspection_cpp.so[0m
[ 21%] Built target rclcpp_test_msgs__rosidl_typesupport_c
[ 21%] Built target rclcpp_test_msgs__rosidl_typesupport_introspection_cpp
[ 21%] [32mBuilding CXX object CMakeFiles/rclcpp.dir/src/rclcpp/publisher_base.cpp.o[0m
[ 22%] [32mBuilding CXX object CMakeFiles/rclcpp.dir/src/rclcpp/qos.cpp.o[0m
[ 23%] [32mBuilding CXX object CMakeFiles/rclcpp.dir/src/rclcpp/subscription_base.cpp.o[0m
[ 23%] [32mBuilding CXX object CMakeFiles/rclcpp.dir/src/rclcpp/time.cpp.o[0m
[ 24%] [32mBuilding CXX object CMakeFiles/rclcpp.dir/src/rclcpp/time_source.cpp.o[0m
[ 24%] [32mBuilding CXX object CMakeFiles/rclcpp.dir/src/rclcpp/timer.cpp.o[0m
[ 24%] [32mBuilding CXX object CMakeFiles/rclcpp.dir/src/rclcpp/parameter_service.cpp.o[0m
[ 24%] [32mBuilding CXX object CMakeFiles/rclcpp.dir/src/rclcpp/type_support.cpp.o[0m
[ 25%] [32mBuilding CXX object CMakeFiles/rclcpp.dir/src/rclcpp/parameter_map.cpp.o[0m
[ 25%] [32mBuilding CXX object CMakeFiles/rclcpp.dir/src/rclcpp/parameter_events_filter.cpp.o[0m
[ 25%] [32mBuilding CXX object CMakeFiles/rclcpp.dir/src/rclcpp/parameter_client.cpp.o[0m
[ 26%] [32mBuilding CXX object CMakeFiles/rclcpp.dir/src/rclcpp/parameter_value.cpp.o[0m
[ 26%] [32mBuilding CXX object CMakeFiles/rclcpp.dir/src/rclcpp/parameter.cpp.o[0m
[ 26%] [32mBuilding CXX object CMakeFiles/rclcpp.dir/src/rclcpp/node_interfaces/node_waitables.cpp.o[0m
[ 27%] [32mBuilding CXX object CMakeFiles/rclcpp.dir/src/rclcpp/node_interfaces/node_topics.cpp.o[0m
[ 27%] [32mBuilding CXX object CMakeFiles/rclcpp.dir/src/rclcpp/node_interfaces/node_timers.cpp.o[0m
[ 28%] [32m[1mLinking CXX shared library librclcpp.so[0m
[ 42%] Built target rclcpp
[ 43%] [34m[1mGenerating C type support for eProsima Fast-RTPS[0m
[35m[1mScanning dependencies of target rclcpp_test_msgs__rosidl_typesupport_fastrtps_c[0m
[ 43%] [32mBuilding CXX object test/rclcpp/CMakeFiles/rclcpp_test_msgs__rosidl_typesupport_fastrtps_c.dir/rosidl_typesupport_fastrtps_c/rclcpp/msg/detail/header__type_support_c.cpp.o[0m
[ 43%] [32mBuilding CXX object test/rclcpp/CMakeFiles/rclcpp_test_msgs__rosidl_typesupport_fastrtps_c.dir/rosidl_typesupport_fastrtps_c/rclcpp/msg/detail/message_with_header__type_support_c.cpp.o[0m
[ 44%] [32m[1mLinking CXX shared library librclcpp__rosidl_typesupport_fastrtps_c.so[0m
[ 44%] Built target rclcpp_test_msgs__rosidl_typesupport_fastrtps_c
[35m[1mScanning dependencies of target test_wait_set[0m
[ 44%] [32mBuilding CXX object test/rclcpp/CMakeFiles/test_wait_set.dir/test_wait_set.cpp.o[0m
[ 45%] [32m[1mLinking CXX executable test_wait_set[0m
[ 45%] Built target test_wait_set
[35m[1mScanning dependencies of target test_multi_threaded_executor[0m
[ 46%] [32mBuilding CXX object test/rclcpp/CMakeFiles/test_multi_threaded_executor.dir/executors/test_multi_threaded_executor.cpp.o[0m
[ 46%] [32m[1mLinking CXX executable test_multi_threaded_executor[0m
[ 46%] Built target test_multi_threaded_executor
[35m[1mScanning dependencies of target test_static_single_threaded_executor[0m
[ 46%] [32mBuilding CXX object test/rclcpp/CMakeFiles/test_static_single_threaded_executor.dir/executors/test_static_single_threaded_executor.cpp.o[0m
[ 46%] [32m[1mLinking CXX executable test_static_single_threaded_executor[0m
[ 46%] Built target test_static_single_threaded_executor
[ 46%] [32m[1mLinking CXX executable test_utilities[0m
[ 47%] Built target test_utilities
[35m[1mScanning dependencies of target test_timer[0m
[ 47%] [32mBuilding CXX object test/rclcpp/CMakeFiles/test_timer.dir/test_timer.cpp.o[0m
[ 48%] [32m[1mLinking CXX executable test_timer[0m
[ 48%] Built target test_timer
[35m[1mScanning dependencies of target test_time[0m
[ 48%] [32mBuilding CXX object test/rclcpp/CMakeFiles/test_time.dir/test_time.cpp.o[0m
[ 48%] [32m[1mLinking CXX executable test_time[0m
[ 48%] Built target test_time
[35m[1mScanning dependencies of target test_logger[0m
[ 48%] [32mBuilding CXX object test/rclcpp/CMakeFiles/test_logger.dir/test_logger.cpp.o[0m
[ 49%] [32m[1mLinking CXX executable test_logger[0m
[ 49%] Built target test_logger
[35m[1mScanning dependencies of target test_duration[0m
[ 49%] [32mBuilding CXX object test/rclcpp/CMakeFiles/test_duration.dir/test_duration.cpp.o[0m
[ 50%] [32m[1mLinking CXX executable test_duration[0m
[ 50%] Built target test_duration
[35m[1mScanning dependencies of target test_find_weak_nodes[0m
[ 50%] [32mBuilding CXX object test/rclcpp/CMakeFiles/test_find_weak_nodes.dir/test_find_weak_nodes.cpp.o[0m
[ 50%] [32m[1mLinking CXX executable test_find_weak_nodes[0m
[ 50%] Built target test_find_weak_nodes
[35m[1mScanning dependencies of target test_type_support[0m
[35m[1mScanning dependencies of target test_dynamic_storage[0m
[35m[1mScanning dependencies of target test_thread_safe_synchronization[0m
[35m[1mScanning dependencies of target benchmark_service[0m
[ 50%] [32mBuilding CXX object test/rclcpp/CMakeFiles/test_type_support.dir/test_type_support.cpp.o[0m
[ 50%] [32mBuilding CXX object test/rclcpp/CMakeFiles/test_thread_safe_synchronization.dir/wait_set_policies/test_thread_safe_synchronization.cpp.o[0m
[ 50%] [32mBuilding CXX object test/rclcpp/CMakeFiles/test_dynamic_storage.dir/wait_set_policies/test_dynamic_storage.cpp.o[0m
[ 50%] [32mBuilding CXX object test/benchmark/CMakeFiles/benchmark_service.dir/benchmark_service.cpp.o[0m
[35m[1mScanning dependencies of target benchmark_node_parameters_interface[0m
[35m[1mScanning dependencies of target benchmark_init_shutdown[0m
[35m[1mScanning dependencies of target test_storage_policy_common[0m
[ 51%] [32mBuilding CXX object test/benchmark/CMakeFiles/benchmark_node_parameters_interface.dir/benchmark_node_parameters_interface.cpp.o[0m
[ 51%] [32mBuilding CXX object test/benchmark/CMakeFiles/benchmark_init_shutdown.dir/benchmark_init_shutdown.cpp.o[0m
[ 51%] [32mBuilding CXX object test/rclcpp/CMakeFiles/test_storage_policy_common.dir/wait_set_policies/test_storage_policy_common.cpp.o[0m
[ 51%] [32m[1mLinking CXX executable test_type_support[0m
[35m[1mScanning dependencies of target benchmark_executor[0m
[35m[1mScanning dependencies of target benchmark_node[0m
[35m[1mScanning dependencies of target benchmark_parameter_client[0m
[ 51%] [32mBuilding CXX object test/benchmark/CMakeFiles/benchmark_node.dir/benchmark_node.cpp.o[0m
[ 52%] [32mBuilding CXX object test/benchmark/CMakeFiles/benchmark_parameter_client.dir/benchmark_parameter_client.cpp.o[0m
[ 52%] [32mBuilding CXX object test/benchmark/CMakeFiles/benchmark_executor.dir/benchmark_executor.cpp.o[0m
[ 52%] Built target test_type_support
[35m[1mScanning dependencies of target test_rclcpp_gtest_macros[0m
[35m[1mScanning dependencies of target benchmark_client[0m
[35m[1mScanning dependencies of target test_subscription_traits[0m
[ 52%] [32mBuilding CXX object test/CMakeFiles/test_rclcpp_gtest_macros.dir/utils/test_rclcpp_gtest_macros.cpp.o[0m
[ 52%] [32mBuilding CXX object test/benchmark/CMakeFiles/benchmark_client.dir/benchmark_client.cpp.o[0m
[ 53%] [32mBuilding CXX object test/rclcpp/CMakeFiles/test_subscription_traits.dir/test_subscription_traits.cpp.o[0m
[ 53%] [32m[1mLinking CXX executable benchmark_service[0m
[ 54%] [32m[1mLinking CXX executable benchmark_init_shutdown[0m
[ 54%] [32m[1mLinking CXX executable benchmark_node_parameters_interface[0m
[ 54%] Built target benchmark_service
[35m[1mScanning dependencies of target test_subscription_publisher_count_api[0m
[ 54%] [32mBuilding CXX object test/rclcpp/CMakeFiles/test_subscription_publisher_count_api.dir/test_subscription_publisher_count_api.cpp.o[0m
[ 54%] Built target benchmark_init_shutdown
[35m[1mScanning dependencies of target test_static_executor_entities_collector[0m
[ 54%] [32mBuilding CXX object test/rclcpp/CMakeFiles/test_static_executor_entities_collector.dir/executors/test_static_executor_entities_collector.cpp.o[0m
[ 54%] Built target benchmark_node_parameters_interface
[35m[1mScanning dependencies of target test_node_interfaces__node_waitables[0m
[ 54%] [32m[1mLinking CXX executable test_subscription_traits[0m
[ 54%] [32mBuilding CXX object test/rclcpp/CMakeFiles/test_node_interfaces__node_waitables.dir/node_interfaces/test_node_waitables.cpp.o[0m
[ 54%] Built target test_subscription_traits
[ 54%] [32m[1mLinking CXX executable benchmark_node[0m
[ 55%] [32m[1mLinking CXX executable benchmark_parameter_client[0m
[ 55%] Built target benchmark_node
[ 55%] Built target benchmark_parameter_client
[ 55%] [32m[1mLinking CXX executable test_rclcpp_gtest_macros[0m
[ 55%] [32m[1mLinking CXX executable benchmark_client[0m
[ 55%] Built target test_rclcpp_gtest_macros
[ 55%] Built target benchmark_client
[ 55%] [32m[1mLinking CXX executable test_node_interfaces__node_waitables[0m
[ 55%] Built target test_node_interfaces__node_waitables
[ 55%] [32m[1mLinking CXX executable benchmark_executor[0m
[ 56%] [32m[1mLinking CXX executable test_thread_safe_synchronization[0m
[ 57%] [32m[1mLinking CXX executable test_storage_policy_common[0m
[ 57%] Built target benchmark_executor
[ 57%] Built target test_thread_safe_synchronization
[ 58%] [32m[1mLinking CXX executable test_subscription_publisher_count_api[0m
[ 58%] [32m[1mLinking CXX executable test_dynamic_storage[0m
[ 59%] [32m[1mLinking CXX executable test_static_executor_entities_collector[0m
[ 59%] Built target test_storage_policy_common
[ 59%] Built target test_subscription_publisher_count_api
[ 59%] Built target test_dynamic_storage
[ 59%] Built target test_static_executor_entities_collector
[35m[1mScanning dependencies of target test_qos_event[0m
[ 60%] [32mBuilding CXX object test/rclcpp/CMakeFiles/test_qos_event.dir/test_qos_event.cpp.o[0m
[35m[1mScanning dependencies of target test_subscription_options[0m
[35m[1mScanning dependencies of target test_interface_traits[0m
[35m[1mScanning dependencies of target test_node_interfaces__node_timers[0m
[35m[1mScanning dependencies of target test_any_subscription_callback[0m
[ 60%] [32m[1mLinking CXX executable test_allocator_deleter[0m
[35m[1mScanning dependencies of target test_client[0m
[ 61%] [32mBuilding CXX object test/rclcpp/CMakeFiles/test_interface_traits.dir/test_interface_traits.cpp.o[0m
[ 62%] [32mBuilding CXX object test/rclcpp/CMakeFiles/test_subscription_options.dir/test_subscription_options.cpp.o[0m
[ 63%] [32mBuilding CXX object test/rclcpp/CMakeFiles/test_node_interfaces__node_timers.dir/node_interfaces/test_node_timers.cpp.o[0m
[ 64%] [32m[1mLinking CXX executable test_init[0m
[ 65%] [32mBuilding CXX object test/rclcpp/CMakeFiles/test_any_subscription_callback.dir/test_any_subscription_callback.cpp.o[0m
[ 65%] [32mBuilding CXX object test/rclcpp/CMakeFiles/test_client.dir/test_client.cpp.o[0m
[ 66%] Built target test_allocator_deleter
[35m[1mScanning dependencies of target test_create_timer[0m
[ 66%] Built target test_init
[ 67%] [32mBuilding CXX object test/rclcpp/CMakeFiles/test_create_timer.dir/test_create_timer.cpp.o[0m
[35m[1mScanning dependencies of target test_exceptions[0m
[ 68%] [32mBuilding CXX object test/rclcpp/CMakeFiles/test_exceptions.dir/exceptions/test_exceptions.cpp.o[0m
[ 68%] [32m[1mLinking CXX executable test_qos_event[0m
[ 68%] [32m[1mLinking CXX executable test_any_subscription_callback[0m
[ 68%] [32m[1mLinking CXX executable test_interface_traits[0m
[35m[1mScanning dependencies of target test_node_interfaces__node_services[0m
[35m[1mScanning dependencies of target test_graph_listener[0m
[ 68%] Built target rclcpp_test_msgs
[ 68%] [32mBuilding CXX object test/rclcpp/CMakeFiles/test_node_interfaces__node_services.dir/node_interfaces/test_node_services.cpp.o[0m
[ 68%] [32mBuilding CXX object test/rclcpp/CMakeFiles/test_graph_listener.dir/test_graph_listener.cpp.o[0m
[35m[1mScanning dependencies of target test_create_subscription[0m
[ 68%] [32m[1mLinking CXX executable test_subscription_options[0m
[ 68%] Built target test_any_subscription_callback
[ 68%] Built target test_qos_event
[ 68%] [32mBuilding CXX object test/rclcpp/CMakeFiles/test_create_subscription.dir/test_create_subscription.cpp.o[0m
[35m[1mScanning dependencies of target test_logging[0m
[ 68%] [32mBuilding CXX object test/rclcpp/CMakeFiles/test_logging.dir/test_logging.cpp.o[0m
[ 68%] [34m[1mGenerating Python code for ROS interfaces[0m
[35m[1mScanning dependencies of target test_parameter_service[0m
[ 68%] [32mBuilding CXX object test/rclcpp/CMakeFiles/test_parameter_service.dir/test_parameter_service.cpp.o[0m
[ 68%] Built target test_interface_traits
[35m[1mScanning dependencies of target test_serialized_message[0m
[ 68%] [32mBuilding CXX object test/rclcpp/CMakeFiles/test_serialized_message.dir/test_serialized_message.cpp.o[0m
[ 68%] Built target test_subscription_options
[35m[1mScanning dependencies of target test_allocator_memory_strategy[0m
[ 68%] [32mBuilding CXX object test/rclcpp/CMakeFiles/test_allocator_memory_strategy.dir/strategies/test_allocator_memory_strategy.cpp.o[0m
[ 68%] [32m[1mLinking CXX executable test_node_interfaces__node_timers[0m
[ 68%] Built target rclcpp_test_msgs__py
[35m[1mScanning dependencies of target test_intra_process_manager[0m
[ 68%] Built target test_node_interfaces__node_timers
[ 68%] [32mBuilding CXX object test/rclcpp/CMakeFiles/test_intra_process_manager.dir/test_intra_process_manager.cpp.o[0m
[35m[1mScanning dependencies of target test_node_interfaces__get_node_interfaces[0m
[ 68%] [32m[1mLinking CXX executable test_create_timer[0m
[ 68%] [32m[1mLinking CXX executable test_exceptions[0m
[ 69%] [32mBuilding CXX object test/rclcpp/CMakeFiles/test_node_interfaces__get_node_interfaces.dir/node_interfaces/test_get_node_interfaces.cpp.o[0m
[ 69%] [32m[1mLinking CXX executable test_logging[0m
[ 69%] Built target test_exceptions
[ 69%] Built target test_create_timer
[35m[1mScanning dependencies of target test_loaned_message[0m
[ 69%] [32m[1mLinking CXX executable test_allocator_common[0m
[ 70%] [32mBuilding CXX object test/rclcpp/CMakeFiles/test_loaned_message.dir/test_loaned_message.cpp.o[0m
[ 70%] Built target test_allocator_common
[ 70%] Built target test_logging
[35m[1mScanning dependencies of target test_message_pool_memory_strategy[0m
[ 70%] [32mBuilding CXX object test/rclcpp/CMakeFiles/test_message_pool_memory_strategy.dir/strategies/test_message_pool_memory_strategy.cpp.o[0m
[35m[1mScanning dependencies of target test_node_interfaces__node_parameters[0m
[ 70%] [32mBuilding CXX object test/rclcpp/CMakeFiles/test_node_interfaces__node_parameters.dir/node_interfaces/test_node_parameters.cpp.o[0m
[ 71%] [32m[1mLinking CXX executable test_client[0m
[ 71%] [32m[1mLinking CXX executable test_node_interfaces__node_services[0m
[ 71%] Built target test_node_interfaces__node_services
[ 71%] Built target test_client
[35m[1mScanning dependencies of target test_node_global_args[0m
[35m[1mScanning dependencies of target test_intra_process_buffer[0m
[ 71%] [32m[1mLinking CXX executable test_graph_listener[0m
[ 71%] [32m[1mLinking CXX executable test_parameter_service[0m
[ 71%] [32m[1mLinking CXX executable test_message_pool_memory_strategy[0m
[ 71%] [32mBuilding CXX object test/rclcpp/CMakeFiles/test_node_global_args.dir/test_node_global_args.cpp.o[0m
[ 71%] [32mBuilding CXX object test/rclcpp/CMakeFiles/test_intra_process_buffer.dir/test_intra_process_buffer.cpp.o[0m
[ 71%] [32m[1mLinking CXX executable test_intra_process_manager[0m
[ 71%] [32m[1mLinking CXX executable test_node_interfaces__get_node_interfaces[0m
[ 71%] Built target test_parameter_service
[ 71%] Built target test_graph_listener
[35m[1mScanning dependencies of target test_any_service_callback[0m
[ 71%] [32m[1mLinking CXX executable test_ring_buffer_implementation[0m
[ 71%] Built target test_message_pool_memory_strategy
[ 71%] [32mBuilding CXX object test/rclcpp/CMakeFiles/test_any_service_callback.dir/test_any_service_callback.cpp.o[0m
[35m[1mScanning dependencies of target test_memory_strategy[0m
[ 72%] [32mBuilding CXX object test/rclcpp/CMakeFiles/test_memory_strategy.dir/test_memory_strategy.cpp.o[0m
[ 72%] [32m[1mLinking CXX executable test_create_subscription[0m
[ 72%] Built target test_node_interfaces__get_node_interfaces
[ 72%] Built target test_intra_process_manager
[35m[1mScanning dependencies of target test_message_memory_strategy[0m
[35m[1mScanning dependencies of target test_publisher[0m
[ 72%] [32mBuilding CXX object test/rclcpp/CMakeFiles/test_message_memory_strategy.dir/test_message_memory_strategy.cpp.o[0m
[ 73%] [32mBuilding CXX object test/rclcpp/CMakeFiles/test_publisher.dir/test_publisher.cpp.o[0m
[ 74%] Built target test_ring_buffer_implementation
[35m[1mScanning dependencies of target test_static_storage[0m
[ 75%] [32mBuilding CXX object test/rclcpp/CMakeFiles/test_static_storage.dir/wait_set_policies/test_static_storage.cpp.o[0m
[ 76%] [32m[1mLinking CXX executable test_node_interfaces__node_parameters[0m
[ 76%] Built target test_create_subscription
[ 76%] [32m[1mLinking CXX executable test_any_service_callback[0m
[35m[1mScanning dependencies of target test_guard_condition[0m
[ 77%] [32mBuilding CXX object test/rclcpp/CMakeFiles/test_guard_condition.dir/test_guard_condition.cpp.o[0m
[ 77%] Built target test_any_service_callback
[35m[1mScanning dependencies of target test_node[0m
[ 77%] [32mBuilding CXX object test/rclcpp/CMakeFiles/test_node.dir/test_node.cpp.o[0m
[ 77%] Built target test_node_interfaces__node_parameters
[ 78%] [32m[1mLinking CXX executable test_serialized_message[0m
[35m[1mScanning dependencies of target test_executor[0m
[ 79%] [32m[1mLinking CXX executable test_message_memory_strategy[0m
[ 79%] [32m[1mLinking CXX executable test_loaned_message[0m
[ 79%] [32mBuilding CXX object test/rclcpp/CMakeFiles/test_executor.dir/test_executor.cpp.o[0m
[ 79%] [32m[1mLinking CXX executable test_node_global_args[0m
[ 80%] [32m[1mLinking CXX executable test_intra_process_buffer[0m
[ 80%] Built target test_node_global_args
[35m[1mScanning dependencies of target test_node_interfaces__node_base[0m
[ 80%] Built target test_serialized_message
[35m[1mScanning dependencies of target test_serialized_message_allocator[0m
[ 80%] Built target test_message_memory_strategy
[ 80%] [32mBuilding CXX object test/rclcpp/CMakeFiles/test_node_interfaces__node_base.dir/node_interfaces/test_node_base.cpp.o[0m
[ 80%] [32mBuilding CXX object test/rclcpp/CMakeFiles/test_serialized_message_allocator.dir/test_serialized_message_allocator.cpp.o[0m
[ 80%] Built target test_loaned_message
[ 80%] [32m[1mLinking CXX executable test_expand_topic_or_service_name[0m
[35m[1mScanning dependencies of target test_node_interfaces__node_clock[0m
[ 80%] [32mBuilding CXX object test/rclcpp/CMakeFiles/test_node_interfaces__node_clock.dir/node_interfaces/test_node_clock.cpp.o[0m
[ 80%] Built target test_intra_process_buffer
[35m[1mScanning dependencies of target test_executors[0m
[ 80%] [32mBuilding CXX object test/rclcpp/CMakeFiles/test_executors.dir/executors/test_executors.cpp.o[0m
[ 81%] Built target test_expand_topic_or_service_name
[35m[1mScanning dependencies of target test_node_interfaces__node_topics[0m
[ 81%] [32mBuilding CXX object test/rclcpp/CMakeFiles/test_node_interfaces__node_topics.dir/node_interfaces/test_node_topics.cpp.o[0m
[ 82%] [32m[1mLinking CXX executable test_allocator_memory_strategy[0m
[ 82%] [32m[1mLinking CXX executable test_guard_condition[0m
[ 82%] [32m[1mLinking CXX executable test_node_interfaces__node_clock[0m
[ 82%] Built target test_guard_condition
[35m[1mScanning dependencies of target test_time_source[0m
[ 83%] [32mBuilding CXX object test/rclcpp/CMakeFiles/test_time_source.dir/test_time_source.cpp.o[0m
[ 83%] Built target test_allocator_memory_strategy
[35m[1mScanning dependencies of target test_node_interfaces__node_graph[0m
[ 84%] [32mBuilding CXX object test/rclcpp/CMakeFiles/test_node_interfaces__node_graph.dir/node_interfaces/test_node_graph.cpp.o[0m
[ 84%] Built target test_node_interfaces__node_clock
[35m[1mScanning dependencies of target test_node_options[0m
[ 85%] [32mBuilding CXX object test/rclcpp/CMakeFiles/test_node_options.dir/test_node_options.cpp.o[0m
[ 85%] [32m[1mLinking CXX executable test_publisher[0m
[ 86%] [32m[1mLinking CXX executable test_executor[0m
[ 87%] [32m[1mLinking CXX executable test_node_interfaces__node_base[0m
[ 87%] Built target test_publisher
[ 88%] [32m[1mLinking CXX executable test_node_interfaces__node_topics[0m
[ 88%] Built target test_node_interfaces__node_base
[ 88%] Built target test_executor
[ 88%] [32m[1mLinking CXX executable test_node_options[0m
[ 88%] Built target test_node_interfaces__node_topics
[ 88%] [32m[1mLinking CXX executable test_memory_strategy[0m
[ 88%] Built target test_node_options
[ 88%] Built target test_memory_strategy
[ 88%] [32m[1mLinking CXX executable test_serialized_message_allocator[0m
[ 88%] Built target test_serialized_message_allocator
[ 88%] [32m[1mLinking CXX executable test_time_source[0m
[ 88%] [32m[1mLinking CXX executable test_static_storage[0m
[ 88%] Built target test_time_source
[ 88%] Built target test_static_storage
[ 88%] [32m[1mLinking CXX executable test_executors[0m
[ 88%] Built target test_executors
[35m[1mScanning dependencies of target test_parameter_map[0m
[35m[1mScanning dependencies of target test_service[0m
[ 89%] [32m[1mLinking CXX executable test_rate[0m
[ 89%] [32mBuilding CXX object test/rclcpp/CMakeFiles/test_parameter_map.dir/test_parameter_map.cpp.o[0m
[ 90%] [32mBuilding CXX object test/rclcpp/CMakeFiles/test_service.dir/test_service.cpp.o[0m
[ 90%] Built target test_rate
[35m[1mScanning dependencies of target test_publisher_subscription_count_api[0m
[ 90%] [32mBuilding CXX object test/rclcpp/CMakeFiles/test_publisher_subscription_count_api.dir/test_publisher_subscription_count_api.cpp.o[0m
[ 91%] [32m[1mLinking CXX executable test_node[0m
[ 91%] Built target test_node
[35m[1mScanning dependencies of target test_parameter_events_filter[0m
[35m[1mScanning dependencies of target test_externally_defined_services[0m
[ 92%] [32m[1mLinking CXX executable test_future_return_code[0m
[ 93%] [32mBuilding CXX object test/rclcpp/CMakeFiles/test_parameter_events_filter.dir/test_parameter_events_filter.cpp.o[0m
[35m[1mScanning dependencies of target test_parameter[0m
[ 93%] [32mBuilding CXX object test/rclcpp/CMakeFiles/test_parameter.dir/test_parameter.cpp.o[0m
[ 94%] [32m[1mLinking CXX executable test_parameter_map[0m
[ 94%] [32mBuilding CXX object test/rclcpp/CMakeFiles/test_externally_defined_services.dir/test_externally_defined_services.cpp.o[0m
[ 94%] [32m[1mLinking CXX executable test_node_interfaces__node_graph[0m
[ 94%] Built target test_future_return_code
[35m[1mScanning dependencies of target test_qos[0m
[35m[1mScanning dependencies of target test_subscription[0m
[35m[1mScanning dependencies of target test_parameter_client[0m
[ 94%] [32mBuilding CXX object test/rclcpp/CMakeFiles/test_qos.dir/test_qos.cpp.o[0m
[ 94%] [32mBuilding CXX object test/rclcpp/CMakeFiles/test_parameter_client.dir/test_parameter_client.cpp.o[0m
[ 94%] [32mBuilding CXX object test/rclcpp/CMakeFiles/test_subscription.dir/test_subscription.cpp.o[0m
[ 94%] Built target test_parameter_map
[35m[1mScanning dependencies of target test_subscription_topic_statistics[0m
[ 94%] [32mBuilding CXX object test/rclcpp/CMakeFiles/test_subscription_topic_statistics.dir/topic_statistics/test_subscription_topic_statistics.cpp.o[0m
[ 94%] Built target test_node_interfaces__node_graph
[35m[1mScanning dependencies of target rclcpp_test_msgs__python[0m
[ 95%] [32mBuilding C object test/rclcpp/CMakeFiles/rclcpp_test_msgs__python.dir/rosidl_generator_py/rclcpp/msg/_header_s.c.o[0m
[ 95%] [32mBuilding C object test/rclcpp/CMakeFiles/rclcpp_test_msgs__python.dir/rosidl_generator_py/rclcpp/msg/_message_with_header_s.c.o[0m
[ 95%] [32m[1mLinking C shared library rosidl_generator_py/rclcpp/librclcpp_test_msgs__python.so[0m
[ 95%] [32m[1mLinking CXX executable test_parameter_events_filter[0m
[ 95%] Built target rclcpp_test_msgs__python
[35m[1mScanning dependencies of target rclcpp__rosidl_typesupport_c__pyext[0m
[35m[1mScanning dependencies of target rclcpp__rosidl_typesupport_introspection_c__pyext[0m
[ 95%] [32m[1mLinking CXX executable test_init_options[0m
[ 95%] [32mBuilding C object test/rclcpp/CMakeFiles/rclcpp__rosidl_typesupport_c__pyext.dir/rosidl_generator_py/rclcpp/_rclcpp_s.ep.rosidl_typesupport_c.c.o[0m
[ 95%] [32mBuilding C object test/rclcpp/CMakeFiles/rclcpp__rosidl_typesupport_introspection_c__pyext.dir/rosidl_generator_py/rclcpp/_rclcpp_s.ep.rosidl_typesupport_introspection_c.c.o[0m
[ 95%] [32m[1mLinking CXX executable test_qos[0m
[ 96%] [32m[1mLinking C shared library rosidl_generator_py/rclcpp/rclcpp_s__rosidl_typesupport_introspection_c.cpython-38-x86_64-linux-gnu.so[0m
[ 96%] [32m[1mLinking C shared library rosidl_generator_py/rclcpp/rclcpp_s__rosidl_typesupport_c.cpython-38-x86_64-linux-gnu.so[0m
[ 96%] Built target rclcpp__rosidl_typesupport_introspection_c__pyext
[ 96%] Built target rclcpp__rosidl_typesupport_c__pyext
[35m[1mScanning dependencies of target rclcpp__rosidl_typesupport_fastrtps_c__pyext[0m
[ 97%] [32mBuilding C object test/rclcpp/CMakeFiles/rclcpp__rosidl_typesupport_fastrtps_c__pyext.dir/rosidl_generator_py/rclcpp/_rclcpp_s.ep.rosidl_typesupport_fastrtps_c.c.o[0m
[ 97%] [32m[1mLinking CXX shared library rosidl_generator_py/rclcpp/rclcpp_s__rosidl_typesupport_fastrtps_c.cpython-38-x86_64-linux-gnu.so[0m
[ 97%] Built target test_parameter_events_filter
[ 97%] Built target rclcpp__rosidl_typesupport_fastrtps_c__pyext
[ 97%] Built target test_init_options
[ 97%] Built target test_qos
[ 97%] [32m[1mLinking CXX executable test_service[0m
[ 97%] Built target test_service
[ 98%] [32m[1mLinking CXX executable test_externally_defined_services[0m
[ 98%] Built target test_externally_defined_services
[ 99%] [32m[1mLinking CXX executable test_parameter[0m
[ 99%] Built target test_parameter
[100%] [32m[1mLinking CXX executable test_publisher_subscription_count_api[0m
[100%] Built target test_publisher_subscription_count_api
[100%] [32m[1mLinking CXX executable test_parameter_client[0m
[100%] Built target test_parameter_client
[100%] [32m[1mLinking CXX executable test_subscription_topic_statistics[0m
[100%] Built target test_subscription_topic_statistics
[100%] [32m[1mLinking CXX executable test_subscription[0m
[100%] Built target test_subscription
-- Install configuration: ""
-- Execute custom install script
-- Up-to-date symlink: /home/saitama1/ros2_foxy/install/rclcpp/share/rclcpp/environment/library_path.sh
-- Up-to-date symlink: /home/saitama1/ros2_foxy/install/rclcpp/share/rclcpp/environment/library_path.dsv
-- Up-to-date symlink: /home/saitama1/ros2_foxy/build/rclcpp/test/resources/test_node/test_parameters.yaml
-- Up-to-date symlink: /home/saitama1/ros2_foxy/install/rclcpp/share/ament_index/resource_index/package_run_dependencies/rclcpp
-- Up-to-date symlink: /home/saitama1/ros2_foxy/install/rclcpp/share/ament_index/resource_index/parent_prefix_path/rclcpp
-- Up-to-date symlink: /home/saitama1/ros2_foxy/install/rclcpp/share/rclcpp/environment/ament_prefix_path.sh
-- Up-to-date symlink: /home/saitama1/ros2_foxy/install/rclcpp/share/rclcpp/environment/ament_prefix_path.dsv
-- Up-to-date symlink: /home/saitama1/ros2_foxy/install/rclcpp/share/rclcpp/environment/path.sh
-- Up-to-date symlink: /home/saitama1/ros2_foxy/install/rclcpp/share/rclcpp/environment/path.dsv
-- Up-to-date symlink: /home/saitama1/ros2_foxy/install/rclcpp/share/rclcpp/local_setup.bash
-- Up-to-date symlink: /home/saitama1/ros2_foxy/install/rclcpp/share/rclcpp/local_setup.sh
-- Up-to-date symlink: /home/saitama1/ros2_foxy/install/rclcpp/share/rclcpp/local_setup.zsh
-- Up-to-date symlink: /home/saitama1/ros2_foxy/install/rclcpp/share/rclcpp/local_setup.dsv
-- Symlinking: /home/saitama1/ros2_foxy/install/rclcpp/share/rclcpp/package.dsv
-- Up-to-date symlink: /home/saitama1/ros2_foxy/install/rclcpp/share/ament_index/resource_index/packages/rclcpp
-- Up-to-date symlink: /home/saitama1/ros2_foxy/install/rclcpp/share/rclcpp/cmake/ament_cmake_export_include_directories-extras.cmake
-- Up-to-date symlink: /home/saitama1/ros2_foxy/install/rclcpp/share/rclcpp/cmake/ament_cmake_export_libraries-extras.cmake
-- Up-to-date symlink: /home/saitama1/ros2_foxy/install/rclcpp/share/rclcpp/cmake/ament_cmake_export_targets-extras.cmake
-- Up-to-date symlink: /home/saitama1/ros2_foxy/install/rclcpp/share/rclcpp/cmake/ament_cmake_export_dependencies-extras.cmake
-- Up-to-date symlink: /home/saitama1/ros2_foxy/install/rclcpp/share/rclcpp/cmake/rclcppConfig.cmake
-- Up-to-date symlink: /home/saitama1/ros2_foxy/install/rclcpp/share/rclcpp/cmake/rclcppConfig-version.cmake
-- Up-to-date symlink: /home/saitama1/ros2_foxy/install/rclcpp/share/rclcpp/package.xml
-- Up-to-date symlink: /home/saitama1/ros2_foxy/install/rclcpp/include/rclcpp/allocator/allocator_common.hpp
-- Up-to-date symlink: /home/saitama1/ros2_foxy/install/rclcpp/include/rclcpp/allocator/allocator_deleter.hpp
-- Up-to-date symlink: /home/saitama1/ros2_foxy/install/rclcpp/include/rclcpp/any_executable.hpp
-- Up-to-date symlink: /home/saitama1/ros2_foxy/install/rclcpp/include/rclcpp/any_service_callback.hpp
-- Up-to-date symlink: /home/saitama1/ros2_foxy/install/rclcpp/include/rclcpp/any_subscription_callback.hpp
-- Up-to-date symlink: /home/saitama1/ros2_foxy/install/rclcpp/include/rclcpp/callback_group.hpp
-- Up-to-date symlink: /home/saitama1/ros2_foxy/install/rclcpp/include/rclcpp/cb_sched.hpp
-- Up-to-date symlink: /home/saitama1/ros2_foxy/install/rclcpp/include/rclcpp/client.hpp
-- Up-to-date symlink: /home/saitama1/ros2_foxy/install/rclcpp/include/rclcpp/clock.hpp
-- Up-to-date symlink: /home/saitama1/ros2_foxy/install/rclcpp/include/rclcpp/context.hpp
-- Up-to-date symlink: /home/saitama1/ros2_foxy/install/rclcpp/include/rclcpp/contexts/default_context.hpp
-- Up-to-date symlink: /home/saitama1/ros2_foxy/install/rclcpp/include/rclcpp/create_client.hpp
-- Up-to-date symlink: /home/saitama1/ros2_foxy/install/rclcpp/include/rclcpp/create_publisher.hpp
-- Up-to-date symlink: /home/saitama1/ros2_foxy/install/rclcpp/include/rclcpp/create_service.hpp
-- Up-to-date symlink: /home/saitama1/ros2_foxy/install/rclcpp/include/rclcpp/create_subscription.hpp
-- Up-to-date symlink: /home/saitama1/ros2_foxy/install/rclcpp/include/rclcpp/create_timer.hpp
-- Up-to-date symlink: /home/saitama1/ros2_foxy/install/rclcpp/include/rclcpp/detail/README.md
-- Up-to-date symlink: /home/saitama1/ros2_foxy/install/rclcpp/include/rclcpp/detail/mutex_two_priorities.hpp
-- Up-to-date symlink: /home/saitama1/ros2_foxy/install/rclcpp/include/rclcpp/detail/resolve_enable_topic_statistics.hpp
-- Up-to-date symlink: /home/saitama1/ros2_foxy/install/rclcpp/include/rclcpp/detail/resolve_intra_process_buffer_type.hpp
-- Up-to-date symlink: /home/saitama1/ros2_foxy/install/rclcpp/include/rclcpp/detail/resolve_use_intra_process.hpp
-- Up-to-date symlink: /home/saitama1/ros2_foxy/install/rclcpp/include/rclcpp/detail/rmw_implementation_specific_payload.hpp
-- Up-to-date symlink: /home/saitama1/ros2_foxy/install/rclcpp/include/rclcpp/detail/rmw_implementation_specific_publisher_payload.hpp
-- Up-to-date symlink: /home/saitama1/ros2_foxy/install/rclcpp/include/rclcpp/detail/rmw_implementation_specific_subscription_payload.hpp
-- Up-to-date symlink: /home/saitama1/ros2_foxy/install/rclcpp/include/rclcpp/detail/utilities.hpp
-- Up-to-date symlink: /home/saitama1/ros2_foxy/install/rclcpp/include/rclcpp/duration.hpp
-- Up-to-date symlink: /home/saitama1/ros2_foxy/install/rclcpp/include/rclcpp/event.hpp
-- Up-to-date symlink: /home/saitama1/ros2_foxy/install/rclcpp/include/rclcpp/exceptions.hpp
-- Up-to-date symlink: /home/saitama1/ros2_foxy/install/rclcpp/include/rclcpp/exceptions/exceptions.hpp
-- Up-to-date symlink: /home/saitama1/ros2_foxy/install/rclcpp/include/rclcpp/executor.hpp
-- Up-to-date symlink: /home/saitama1/ros2_foxy/install/rclcpp/include/rclcpp/executor_options.hpp
-- Up-to-date symlink: /home/saitama1/ros2_foxy/install/rclcpp/include/rclcpp/executors.hpp
-- Up-to-date symlink: /home/saitama1/ros2_foxy/install/rclcpp/include/rclcpp/executors/multi_threaded_executor.hpp
-- Up-to-date symlink: /home/saitama1/ros2_foxy/install/rclcpp/include/rclcpp/executors/single_threaded_executor.hpp
-- Up-to-date symlink: /home/saitama1/ros2_foxy/install/rclcpp/include/rclcpp/executors/static_executor_entities_collector.hpp
-- Up-to-date symlink: /home/saitama1/ros2_foxy/install/rclcpp/include/rclcpp/executors/static_single_threaded_executor.hpp
-- Up-to-date symlink: /home/saitama1/ros2_foxy/install/rclcpp/include/rclcpp/expand_topic_or_service_name.hpp
-- Up-to-date symlink: /home/saitama1/ros2_foxy/install/rclcpp/include/rclcpp/experimental/README.md
-- Up-to-date symlink: /home/saitama1/ros2_foxy/install/rclcpp/include/rclcpp/experimental/buffers/buffer_implementation_base.hpp
-- Up-to-date symlink: /home/saitama1/ros2_foxy/install/rclcpp/include/rclcpp/experimental/buffers/intra_process_buffer.hpp
-- Up-to-date symlink: /home/saitama1/ros2_foxy/install/rclcpp/include/rclcpp/experimental/buffers/ring_buffer_implementation.hpp
-- Up-to-date symlink: /home/saitama1/ros2_foxy/install/rclcpp/include/rclcpp/experimental/create_intra_process_buffer.hpp
-- Up-to-date symlink: /home/saitama1/ros2_foxy/install/rclcpp/include/rclcpp/experimental/executable_list.hpp
-- Up-to-date symlink: /home/saitama1/ros2_foxy/install/rclcpp/include/rclcpp/experimental/intra_process_manager.hpp
-- Up-to-date symlink: /home/saitama1/ros2_foxy/install/rclcpp/include/rclcpp/experimental/subscription_intra_process.hpp
-- Up-to-date symlink: /home/saitama1/ros2_foxy/install/rclcpp/include/rclcpp/experimental/subscription_intra_process_base.hpp
-- Up-to-date symlink: /home/saitama1/ros2_foxy/install/rclcpp/include/rclcpp/function_traits.hpp
-- Up-to-date symlink: /home/saitama1/ros2_foxy/install/rclcpp/include/rclcpp/future_return_code.hpp
-- Up-to-date symlink: /home/saitama1/ros2_foxy/install/rclcpp/include/rclcpp/graph_listener.hpp
-- Up-to-date symlink: /home/saitama1/ros2_foxy/install/rclcpp/include/rclcpp/guard_condition.hpp
-- Up-to-date symlink: /home/saitama1/ros2_foxy/install/rclcpp/include/rclcpp/init_options.hpp
-- Up-to-date symlink: /home/saitama1/ros2_foxy/install/rclcpp/include/rclcpp/intra_process_buffer_type.hpp
-- Up-to-date symlink: /home/saitama1/ros2_foxy/install/rclcpp/include/rclcpp/intra_process_setting.hpp
-- Up-to-date symlink: /home/saitama1/ros2_foxy/install/rclcpp/include/rclcpp/loaned_message.hpp
-- Up-to-date symlink: /home/saitama1/ros2_foxy/install/rclcpp/include/rclcpp/logger.hpp
-- Up-to-date symlink: /home/saitama1/ros2_foxy/install/rclcpp/include/rclcpp/macros.hpp
-- Up-to-date symlink: /home/saitama1/ros2_foxy/install/rclcpp/include/rclcpp/memory_strategies.hpp
-- Up-to-date symlink: /home/saitama1/ros2_foxy/install/rclcpp/include/rclcpp/memory_strategy.hpp
-- Up-to-date symlink: /home/saitama1/ros2_foxy/install/rclcpp/include/rclcpp/message_info.hpp
-- Up-to-date symlink: /home/saitama1/ros2_foxy/install/rclcpp/include/rclcpp/message_memory_strategy.hpp
-- Up-to-date symlink: /home/saitama1/ros2_foxy/install/rclcpp/include/rclcpp/node.hpp
-- Up-to-date symlink: /home/saitama1/ros2_foxy/install/rclcpp/include/rclcpp/node_impl.hpp
-- Up-to-date symlink: /home/saitama1/ros2_foxy/install/rclcpp/include/rclcpp/node_interfaces/node_base.hpp
-- Up-to-date symlink: /home/saitama1/ros2_foxy/install/rclcpp/include/rclcpp/node_interfaces/node_base_interface.hpp
-- Up-to-date symlink: /home/saitama1/ros2_foxy/install/rclcpp/include/rclcpp/node_interfaces/node_clock.hpp
-- Up-to-date symlink: /home/saitama1/ros2_foxy/install/rclcpp/include/rclcpp/node_interfaces/node_clock_interface.hpp
-- Up-to-date symlink: /home/saitama1/ros2_foxy/install/rclcpp/include/rclcpp/node_interfaces/node_graph.hpp
-- Up-to-date symlink: /home/saitama1/ros2_foxy/install/rclcpp/include/rclcpp/node_interfaces/node_graph_interface.hpp
-- Up-to-date symlink: /home/saitama1/ros2_foxy/install/rclcpp/include/rclcpp/node_interfaces/node_logging.hpp
-- Up-to-date symlink: /home/saitama1/ros2_foxy/install/rclcpp/include/rclcpp/node_interfaces/node_logging_interface.hpp
-- Up-to-date symlink: /home/saitama1/ros2_foxy/install/rclcpp/include/rclcpp/node_interfaces/node_parameters.hpp
-- Up-to-date symlink: /home/saitama1/ros2_foxy/install/rclcpp/include/rclcpp/node_interfaces/node_parameters_interface.hpp
-- Up-to-date symlink: /home/saitama1/ros2_foxy/install/rclcpp/include/rclcpp/node_interfaces/node_services.hpp
-- Up-to-date symlink: /home/saitama1/ros2_foxy/install/rclcpp/include/rclcpp/node_interfaces/node_services_interface.hpp
-- Up-to-date symlink: /home/saitama1/ros2_foxy/install/rclcpp/include/rclcpp/node_interfaces/node_time_source.hpp
-- Up-to-date symlink: /home/saitama1/ros2_foxy/install/rclcpp/include/rclcpp/node_interfaces/node_time_source_interface.hpp
-- Up-to-date symlink: /home/saitama1/ros2_foxy/install/rclcpp/include/rclcpp/node_interfaces/node_timers.hpp
-- Up-to-date symlink: /home/saitama1/ros2_foxy/install/rclcpp/include/rclcpp/node_interfaces/node_timers_interface.hpp
-- Up-to-date symlink: /home/saitama1/ros2_foxy/install/rclcpp/include/rclcpp/node_interfaces/node_topics.hpp
-- Up-to-date symlink: /home/saitama1/ros2_foxy/install/rclcpp/include/rclcpp/node_interfaces/node_topics_interface.hpp
-- Up-to-date symlink: /home/saitama1/ros2_foxy/install/rclcpp/include/rclcpp/node_interfaces/node_waitables.hpp
-- Up-to-date symlink: /home/saitama1/ros2_foxy/install/rclcpp/include/rclcpp/node_interfaces/node_waitables_interface.hpp
-- Up-to-date symlink: /home/saitama1/ros2_foxy/install/rclcpp/include/rclcpp/node_options.hpp
-- Up-to-date symlink: /home/saitama1/ros2_foxy/install/rclcpp/include/rclcpp/parameter.hpp
-- Up-to-date symlink: /home/saitama1/ros2_foxy/install/rclcpp/include/rclcpp/parameter_client.hpp
-- Up-to-date symlink: /home/saitama1/ros2_foxy/install/rclcpp/include/rclcpp/parameter_events_filter.hpp
-- Up-to-date symlink: /home/saitama1/ros2_foxy/install/rclcpp/include/rclcpp/parameter_map.hpp
-- Up-to-date symlink: /home/saitama1/ros2_foxy/install/rclcpp/include/rclcpp/parameter_service.hpp
-- Up-to-date symlink: /home/saitama1/ros2_foxy/install/rclcpp/include/rclcpp/parameter_value.hpp
-- Up-to-date symlink: /home/saitama1/ros2_foxy/install/rclcpp/include/rclcpp/publisher.hpp
-- Up-to-date symlink: /home/saitama1/ros2_foxy/install/rclcpp/include/rclcpp/publisher_base.hpp
-- Up-to-date symlink: /home/saitama1/ros2_foxy/install/rclcpp/include/rclcpp/publisher_factory.hpp
-- Up-to-date symlink: /home/saitama1/ros2_foxy/install/rclcpp/include/rclcpp/publisher_options.hpp
-- Up-to-date symlink: /home/saitama1/ros2_foxy/install/rclcpp/include/rclcpp/qos.hpp
-- Up-to-date symlink: /home/saitama1/ros2_foxy/install/rclcpp/include/rclcpp/qos_event.hpp
-- Up-to-date symlink: /home/saitama1/ros2_foxy/install/rclcpp/include/rclcpp/rate.hpp
-- Up-to-date symlink: /home/saitama1/ros2_foxy/install/rclcpp/include/rclcpp/rclcpp.hpp
-- Up-to-date symlink: /home/saitama1/ros2_foxy/install/rclcpp/include/rclcpp/scope_exit.hpp
-- Up-to-date symlink: /home/saitama1/ros2_foxy/install/rclcpp/include/rclcpp/serialization.hpp
-- Up-to-date symlink: /home/saitama1/ros2_foxy/install/rclcpp/include/rclcpp/serialized_message.hpp
-- Up-to-date symlink: /home/saitama1/ros2_foxy/install/rclcpp/include/rclcpp/service.hpp
-- Up-to-date symlink: /home/saitama1/ros2_foxy/install/rclcpp/include/rclcpp/strategies/allocator_memory_strategy.hpp
-- Up-to-date symlink: /home/saitama1/ros2_foxy/install/rclcpp/include/rclcpp/strategies/message_pool_memory_strategy.hpp
-- Up-to-date symlink: /home/saitama1/ros2_foxy/install/rclcpp/include/rclcpp/subscription.hpp
-- Up-to-date symlink: /home/saitama1/ros2_foxy/install/rclcpp/include/rclcpp/subscription_base.hpp
-- Up-to-date symlink: /home/saitama1/ros2_foxy/install/rclcpp/include/rclcpp/subscription_factory.hpp
-- Up-to-date symlink: /home/saitama1/ros2_foxy/install/rclcpp/include/rclcpp/subscription_options.hpp
-- Up-to-date symlink: /home/saitama1/ros2_foxy/install/rclcpp/include/rclcpp/subscription_traits.hpp
-- Up-to-date symlink: /home/saitama1/ros2_foxy/install/rclcpp/include/rclcpp/subscription_wait_set_mask.hpp
-- Up-to-date symlink: /home/saitama1/ros2_foxy/install/rclcpp/include/rclcpp/time.hpp
-- Up-to-date symlink: /home/saitama1/ros2_foxy/install/rclcpp/include/rclcpp/time_source.hpp
-- Up-to-date symlink: /home/saitama1/ros2_foxy/install/rclcpp/include/rclcpp/timer.hpp
-- Up-to-date symlink: /home/saitama1/ros2_foxy/install/rclcpp/include/rclcpp/topic_statistics/subscription_topic_statistics.hpp
-- Up-to-date symlink: /home/saitama1/ros2_foxy/install/rclcpp/include/rclcpp/topic_statistics_state.hpp
-- Up-to-date symlink: /home/saitama1/ros2_foxy/install/rclcpp/include/rclcpp/type_support_decl.hpp
-- Up-to-date symlink: /home/saitama1/ros2_foxy/install/rclcpp/include/rclcpp/utilities.hpp
-- Up-to-date symlink: /home/saitama1/ros2_foxy/install/rclcpp/include/rclcpp/visibility_control.hpp
-- Up-to-date symlink: /home/saitama1/ros2_foxy/install/rclcpp/include/rclcpp/wait_result.hpp
-- Up-to-date symlink: /home/saitama1/ros2_foxy/install/rclcpp/include/rclcpp/wait_result_kind.hpp
-- Up-to-date symlink: /home/saitama1/ros2_foxy/install/rclcpp/include/rclcpp/wait_set.hpp
-- Up-to-date symlink: /home/saitama1/ros2_foxy/install/rclcpp/include/rclcpp/wait_set_policies/detail/storage_policy_common.hpp
-- Up-to-date symlink: /home/saitama1/ros2_foxy/install/rclcpp/include/rclcpp/wait_set_policies/detail/synchronization_policy_common.hpp
-- Up-to-date symlink: /home/saitama1/ros2_foxy/install/rclcpp/include/rclcpp/wait_set_policies/detail/write_preferring_read_write_lock.hpp
-- Up-to-date symlink: /home/saitama1/ros2_foxy/install/rclcpp/include/rclcpp/wait_set_policies/dynamic_storage.hpp
-- Up-to-date symlink: /home/saitama1/ros2_foxy/install/rclcpp/include/rclcpp/wait_set_policies/sequential_synchronization.hpp
-- Up-to-date symlink: /home/saitama1/ros2_foxy/install/rclcpp/include/rclcpp/wait_set_policies/static_storage.hpp
-- Up-to-date symlink: /home/saitama1/ros2_foxy/install/rclcpp/include/rclcpp/wait_set_policies/thread_safe_synchronization.hpp
-- Up-to-date symlink: /home/saitama1/ros2_foxy/install/rclcpp/include/rclcpp/wait_set_template.hpp
-- Up-to-date symlink: /home/saitama1/ros2_foxy/install/rclcpp/include/rclcpp/waitable.hpp
-- Up-to-date symlink: /home/saitama1/ros2_foxy/install/rclcpp/include/rclcpp/logging.hpp
-- Up-to-date symlink: /home/saitama1/ros2_foxy/install/rclcpp/include/rclcpp/node_interfaces/get_node_base_interface.hpp
-- Up-to-date symlink: /home/saitama1/ros2_foxy/install/rclcpp/include/rclcpp/node_interfaces/get_node_clock_interface.hpp
-- Up-to-date symlink: /home/saitama1/ros2_foxy/install/rclcpp/include/rclcpp/node_interfaces/get_node_graph_interface.hpp
-- Up-to-date symlink: /home/saitama1/ros2_foxy/install/rclcpp/include/rclcpp/node_interfaces/get_node_logging_interface.hpp
-- Up-to-date symlink: /home/saitama1/ros2_foxy/install/rclcpp/include/rclcpp/node_interfaces/get_node_parameters_interface.hpp
-- Up-to-date symlink: /home/saitama1/ros2_foxy/install/rclcpp/include/rclcpp/node_interfaces/get_node_services_interface.hpp
-- Up-to-date symlink: /home/saitama1/ros2_foxy/install/rclcpp/include/rclcpp/node_interfaces/get_node_time_source_interface.hpp
-- Up-to-date symlink: /home/saitama1/ros2_foxy/install/rclcpp/include/rclcpp/node_interfaces/get_node_timers_interface.hpp
-- Up-to-date symlink: /home/saitama1/ros2_foxy/install/rclcpp/include/rclcpp/node_interfaces/get_node_topics_interface.hpp
-- Up-to-date symlink: /home/saitama1/ros2_foxy/install/rclcpp/include/rclcpp/node_interfaces/get_node_waitables_interface.hpp
-- Up-to-date symlink: /home/saitama1/ros2_foxy/install/rclcpp/include/rclcpp/node_interfaces/node_base_interface_traits.hpp
-- Up-to-date symlink: /home/saitama1/ros2_foxy/install/rclcpp/include/rclcpp/node_interfaces/node_clock_interface_traits.hpp
-- Up-to-date symlink: /home/saitama1/ros2_foxy/install/rclcpp/include/rclcpp/node_interfaces/node_graph_interface_traits.hpp
-- Up-to-date symlink: /home/saitama1/ros2_foxy/install/rclcpp/include/rclcpp/node_interfaces/node_logging_interface_traits.hpp
-- Up-to-date symlink: /home/saitama1/ros2_foxy/install/rclcpp/include/rclcpp/node_interfaces/node_parameters_interface_traits.hpp
-- Up-to-date symlink: /home/saitama1/ros2_foxy/install/rclcpp/include/rclcpp/node_interfaces/node_services_interface_traits.hpp
-- Up-to-date symlink: /home/saitama1/ros2_foxy/install/rclcpp/include/rclcpp/node_interfaces/node_time_source_interface_traits.hpp
-- Up-to-date symlink: /home/saitama1/ros2_foxy/install/rclcpp/include/rclcpp/node_interfaces/node_timers_interface_traits.hpp
-- Up-to-date symlink: /home/saitama1/ros2_foxy/install/rclcpp/include/rclcpp/node_interfaces/node_topics_interface_traits.hpp
-- Up-to-date symlink: /home/saitama1/ros2_foxy/install/rclcpp/include/rclcpp/node_interfaces/node_waitables_interface_traits.hpp
-- Installing: /home/saitama1/ros2_foxy/install/rclcpp/lib/librclcpp.so
-- Set runtime path of "/home/saitama1/ros2_foxy/install/rclcpp/lib/librclcpp.so" to ""
-- Up-to-date: /home/saitama1/ros2_foxy/install/rclcpp/share/rclcpp/cmake/rclcppExport.cmake
-- Installing: /home/saitama1/ros2_foxy/install/rclcpp/share/rclcpp/cmake/rclcppExport-noconfig.cmake
