-- Found rmw: 1.0.3 (/home/saitama1/ros2_foxy/install/rmw/share/rmw/cmake)
-- Using PYTHON_EXECUTABLE: /usr/bin/python3
-- Override CMake install command with custom implementation using symlinks instead of copying resources
-- Found rclcpp: 2.3.1 (/home/saitama1/ros2_foxy/install/rclcpp/share/rclcpp/cmake)
-- Using all available rosidl_typesupport_c: rosidl_typesupport_introspection_c;rosidl_typesupport_fastrtps_c
-- Found rosidl_adapter: 1.2.1 (/home/saitama1/ros2_foxy/install/rosidl_adapter/share/rosidl_adapter/cmake)
-- Using all available rosidl_typesupport_cpp: rosidl_typesupport_introspection_cpp;rosidl_typesupport_fastrtps_cpp
-- Found rmw_implementation_cmake: 1.0.3 (/home/saitama1/ros2_foxy/install/rmw_implementation_cmake/share/rmw_implementation_cmake/cmake)
-- Using RMW implementation 'rmw_fastrtps_cpp' as default
-- Checking for module 'roscpp'
--   No package 'roscpp' found
CMake Warning at CMakeLists.txt:34 (message):
  Failed to find ROS 1 roscpp, skipping...


-- Configuring done
-- Generating done
-- Build files have been written to: /home/saitama1/ros2_foxy/build/ros1_bridge
-- Install configuration: ""
-- Execute custom install script
-- Symlinking: /home/saitama1/ros2_foxy/install/ros1_bridge/share/ament_index/resource_index/package_run_dependencies/ros1_bridge
-- Symlinking: /home/saitama1/ros2_foxy/install/ros1_bridge/share/ament_index/resource_index/parent_prefix_path/ros1_bridge
-- Symlinking: /home/saitama1/ros2_foxy/install/ros1_bridge/share/ros1_bridge/environment/ament_prefix_path.sh
-- Symlinking: /home/saitama1/ros2_foxy/install/ros1_bridge/share/ros1_bridge/environment/ament_prefix_path.dsv
-- Symlinking: /home/saitama1/ros2_foxy/install/ros1_bridge/share/ros1_bridge/environment/path.sh
-- Symlinking: /home/saitama1/ros2_foxy/install/ros1_bridge/share/ros1_bridge/environment/path.dsv
-- Symlinking: /home/saitama1/ros2_foxy/install/ros1_bridge/share/ros1_bridge/local_setup.bash
-- Symlinking: /home/saitama1/ros2_foxy/install/ros1_bridge/share/ros1_bridge/local_setup.sh
-- Symlinking: /home/saitama1/ros2_foxy/install/ros1_bridge/share/ros1_bridge/local_setup.zsh
-- Symlinking: /home/saitama1/ros2_foxy/install/ros1_bridge/share/ros1_bridge/local_setup.dsv
-- Symlinking: /home/saitama1/ros2_foxy/install/ros1_bridge/share/ros1_bridge/package.dsv
-- Symlinking: /home/saitama1/ros2_foxy/install/ros1_bridge/share/ament_index/resource_index/packages/ros1_bridge
-- Symlinking: /home/saitama1/ros2_foxy/install/ros1_bridge/share/ros1_bridge/cmake/find_ros1_package.cmake
-- Symlinking: /home/saitama1/ros2_foxy/install/ros1_bridge/share/ros1_bridge/cmake/find_ros1_interface_packages.cmake
-- Symlinking: /home/saitama1/ros2_foxy/install/ros1_bridge/share/ros1_bridge/cmake/ros1_bridgeConfig.cmake
-- Symlinking: /home/saitama1/ros2_foxy/install/ros1_bridge/share/ros1_bridge/cmake/ros1_bridgeConfig-version.cmake
-- Symlinking: /home/saitama1/ros2_foxy/install/ros1_bridge/share/ros1_bridge/package.xml
