-- Install configuration: ""
-- Execute custom install script
-- Up-to-date symlink: /home/saitama1/ros2_foxy/install/rqt_console/share/rqt_console/environment/pythonpath.sh
-- Up-to-date symlink: /home/saitama1/ros2_foxy/install/rqt_console/share/rqt_console/environment/pythonpath.dsv
-- Up-to-date symlink: /home/saitama1/ros2_foxy/install/rqt_console/lib/python3.8/site-packages/rqt_console/__init__.py
-- Up-to-date symlink: /home/saitama1/ros2_foxy/install/rqt_console/lib/python3.8/site-packages/rqt_console/console.py
-- Up-to-date symlink: /home/saitama1/ros2_foxy/install/rqt_console/lib/python3.8/site-packages/rqt_console/console_settings_dialog.py
-- Up-to-date symlink: /home/saitama1/ros2_foxy/install/rqt_console/lib/python3.8/site-packages/rqt_console/console_widget.py
-- Up-to-date symlink: /home/saitama1/ros2_foxy/install/rqt_console/lib/python3.8/site-packages/rqt_console/filters/__init__.py
-- Up-to-date symlink: /home/saitama1/ros2_foxy/install/rqt_console/lib/python3.8/site-packages/rqt_console/filters/base_filter.py
-- Up-to-date symlink: /home/saitama1/ros2_foxy/install/rqt_console/lib/python3.8/site-packages/rqt_console/filters/custom_filter.py
-- Up-to-date symlink: /home/saitama1/ros2_foxy/install/rqt_console/lib/python3.8/site-packages/rqt_console/filters/custom_filter_widget.py
-- Up-to-date symlink: /home/saitama1/ros2_foxy/install/rqt_console/lib/python3.8/site-packages/rqt_console/filters/filter_collection.py
-- Up-to-date symlink: /home/saitama1/ros2_foxy/install/rqt_console/lib/python3.8/site-packages/rqt_console/filters/filter_wrapper_widget.py
-- Up-to-date symlink: /home/saitama1/ros2_foxy/install/rqt_console/lib/python3.8/site-packages/rqt_console/filters/list_filter_widget.py
-- Up-to-date symlink: /home/saitama1/ros2_foxy/install/rqt_console/lib/python3.8/site-packages/rqt_console/filters/location_filter.py
-- Up-to-date symlink: /home/saitama1/ros2_foxy/install/rqt_console/lib/python3.8/site-packages/rqt_console/filters/message_filter.py
-- Up-to-date symlink: /home/saitama1/ros2_foxy/install/rqt_console/lib/python3.8/site-packages/rqt_console/filters/node_filter.py
-- Up-to-date symlink: /home/saitama1/ros2_foxy/install/rqt_console/lib/python3.8/site-packages/rqt_console/filters/severity_filter.py
-- Up-to-date symlink: /home/saitama1/ros2_foxy/install/rqt_console/lib/python3.8/site-packages/rqt_console/filters/text_filter_widget.py
-- Up-to-date symlink: /home/saitama1/ros2_foxy/install/rqt_console/lib/python3.8/site-packages/rqt_console/filters/time_filter.py
-- Up-to-date symlink: /home/saitama1/ros2_foxy/install/rqt_console/lib/python3.8/site-packages/rqt_console/filters/time_filter_widget.py
-- Up-to-date symlink: /home/saitama1/ros2_foxy/install/rqt_console/lib/python3.8/site-packages/rqt_console/message.py
-- Up-to-date symlink: /home/saitama1/ros2_foxy/install/rqt_console/lib/python3.8/site-packages/rqt_console/message_data_model.py
-- Up-to-date symlink: /home/saitama1/ros2_foxy/install/rqt_console/lib/python3.8/site-packages/rqt_console/message_list.py
-- Up-to-date symlink: /home/saitama1/ros2_foxy/install/rqt_console/lib/python3.8/site-packages/rqt_console/message_proxy_model.py
-- Up-to-date symlink: /home/saitama1/ros2_foxy/install/rqt_console/lib/python3.8/site-packages/rqt_console/text_browse_dialog.py
-- Up-to-date symlink: /home/saitama1/ros2_foxy/install/rqt_console/share/rqt_console/plugin.xml
-- Up-to-date symlink: /home/saitama1/ros2_foxy/install/rqt_console/share/rqt_console/resource/console_settings_dialog.ui
-- Up-to-date symlink: /home/saitama1/ros2_foxy/install/rqt_console/share/rqt_console/resource/console_widget.ui
-- Up-to-date symlink: /home/saitama1/ros2_foxy/install/rqt_console/share/rqt_console/resource/filters/custom_filter_widget.ui
-- Up-to-date symlink: /home/saitama1/ros2_foxy/install/rqt_console/share/rqt_console/resource/filters/filter_wrapper_widget.ui
-- Up-to-date symlink: /home/saitama1/ros2_foxy/install/rqt_console/share/rqt_console/resource/filters/list_filter_widget.ui
-- Up-to-date symlink: /home/saitama1/ros2_foxy/install/rqt_console/share/rqt_console/resource/filters/text_filter_widget.ui
-- Up-to-date symlink: /home/saitama1/ros2_foxy/install/rqt_console/share/rqt_console/resource/filters/time_filter_widget.ui
-- Up-to-date symlink: /home/saitama1/ros2_foxy/install/rqt_console/share/rqt_console/resource/text_browse_dialog.ui
-- Up-to-date symlink: /home/saitama1/ros2_foxy/install/rqt_console/lib/rqt_console/rqt_console
-- Up-to-date symlink: /home/saitama1/ros2_foxy/install/rqt_console/share/ament_index/resource_index/package_run_dependencies/rqt_console
-- Up-to-date symlink: /home/saitama1/ros2_foxy/install/rqt_console/share/ament_index/resource_index/parent_prefix_path/rqt_console
-- Up-to-date symlink: /home/saitama1/ros2_foxy/install/rqt_console/share/rqt_console/environment/ament_prefix_path.sh
-- Up-to-date symlink: /home/saitama1/ros2_foxy/install/rqt_console/share/rqt_console/environment/ament_prefix_path.dsv
-- Up-to-date symlink: /home/saitama1/ros2_foxy/install/rqt_console/share/rqt_console/environment/path.sh
-- Up-to-date symlink: /home/saitama1/ros2_foxy/install/rqt_console/share/rqt_console/environment/path.dsv
-- Up-to-date symlink: /home/saitama1/ros2_foxy/install/rqt_console/share/rqt_console/local_setup.bash
-- Up-to-date symlink: /home/saitama1/ros2_foxy/install/rqt_console/share/rqt_console/local_setup.sh
-- Up-to-date symlink: /home/saitama1/ros2_foxy/install/rqt_console/share/rqt_console/local_setup.zsh
-- Up-to-date symlink: /home/saitama1/ros2_foxy/install/rqt_console/share/rqt_console/local_setup.dsv
-- Symlinking: /home/saitama1/ros2_foxy/install/rqt_console/share/rqt_console/package.dsv
-- Up-to-date symlink: /home/saitama1/ros2_foxy/install/rqt_console/share/ament_index/resource_index/packages/rqt_console
-- Up-to-date symlink: /home/saitama1/ros2_foxy/install/rqt_console/share/rqt_console/cmake/rqt_consoleConfig.cmake
-- Up-to-date symlink: /home/saitama1/ros2_foxy/install/rqt_console/share/rqt_console/cmake/rqt_consoleConfig-version.cmake
-- Up-to-date symlink: /home/saitama1/ros2_foxy/install/rqt_console/share/rqt_console/package.xml
Listing '/home/saitama1/ros2_foxy/install/rqt_console/lib/python3.8/site-packages/rqt_console'...
Listing '/home/saitama1/ros2_foxy/install/rqt_console/lib/python3.8/site-packages/rqt_console/filters'...
