[  4%] Built target gtest
[ 14%] Built target rcpputils
[ 19%] Built target gtest_main
[ 23%] Built target dummy_shared_library
[ 28%] Built target test_library
[ 33%] Built target test_clamp
[ 38%] Built target test_shared_library
[ 42%] Built target test_process
[ 47%] Built target test_endian
[ 52%] Built target test_asserts_debug
[ 57%] Built target test_join
[ 61%] Built target test_get_env
[ 66%] Built target test_split
[ 71%] Built target test_scope_exit
[ 76%] Built target test_find_and_replace
[ 80%] Built target test_asserts_ndebug
[ 85%] Built target test_thread_safety_annotations
[ 90%] Built target test_find_library
[ 95%] Built target test_pointer_traits
[100%] Built target test_filesystem_helper
-- Install configuration: ""
-- Execute custom install script
-- Up-to-date symlink: /home/saitama1/ros2_foxy/install/rcpputils/share/rcpputils/environment/library_path.sh
-- Up-to-date symlink: /home/saitama1/ros2_foxy/install/rcpputils/share/rcpputils/environment/library_path.dsv
-- Up-to-date symlink: /home/saitama1/ros2_foxy/install/rcpputils/share/ament_index/resource_index/package_run_dependencies/rcpputils
-- Up-to-date symlink: /home/saitama1/ros2_foxy/install/rcpputils/share/ament_index/resource_index/parent_prefix_path/rcpputils
-- Up-to-date symlink: /home/saitama1/ros2_foxy/install/rcpputils/share/rcpputils/environment/ament_prefix_path.sh
-- Up-to-date symlink: /home/saitama1/ros2_foxy/install/rcpputils/share/rcpputils/environment/ament_prefix_path.dsv
-- Up-to-date symlink: /home/saitama1/ros2_foxy/install/rcpputils/share/rcpputils/environment/path.sh
-- Up-to-date symlink: /home/saitama1/ros2_foxy/install/rcpputils/share/rcpputils/environment/path.dsv
-- Up-to-date symlink: /home/saitama1/ros2_foxy/install/rcpputils/share/rcpputils/local_setup.bash
-- Up-to-date symlink: /home/saitama1/ros2_foxy/install/rcpputils/share/rcpputils/local_setup.sh
-- Up-to-date symlink: /home/saitama1/ros2_foxy/install/rcpputils/share/rcpputils/local_setup.zsh
-- Up-to-date symlink: /home/saitama1/ros2_foxy/install/rcpputils/share/rcpputils/local_setup.dsv
-- Symlinking: /home/saitama1/ros2_foxy/install/rcpputils/share/rcpputils/package.dsv
-- Up-to-date symlink: /home/saitama1/ros2_foxy/install/rcpputils/share/ament_index/resource_index/packages/rcpputils
-- Up-to-date symlink: /home/saitama1/ros2_foxy/install/rcpputils/share/rcpputils/cmake/ament_cmake_export_include_directories-extras.cmake
-- Up-to-date symlink: /home/saitama1/ros2_foxy/install/rcpputils/share/rcpputils/cmake/ament_cmake_export_libraries-extras.cmake
-- Up-to-date symlink: /home/saitama1/ros2_foxy/install/rcpputils/share/rcpputils/cmake/ament_cmake_export_targets-extras.cmake
-- Up-to-date symlink: /home/saitama1/ros2_foxy/install/rcpputils/share/rcpputils/cmake/ament_cmake_export_dependencies-extras.cmake
-- Up-to-date symlink: /home/saitama1/ros2_foxy/install/rcpputils/share/rcpputils/cmake/rcpputilsConfig.cmake
-- Up-to-date symlink: /home/saitama1/ros2_foxy/install/rcpputils/share/rcpputils/cmake/rcpputilsConfig-version.cmake
-- Up-to-date symlink: /home/saitama1/ros2_foxy/install/rcpputils/share/rcpputils/package.xml
-- Up-to-date symlink: /home/saitama1/ros2_foxy/install/rcpputils/include/rcppmath/clamp.hpp
-- Up-to-date symlink: /home/saitama1/ros2_foxy/install/rcpputils/include/rcpputils/asserts.hpp
-- Up-to-date symlink: /home/saitama1/ros2_foxy/install/rcpputils/include/rcpputils/endian.hpp
-- Up-to-date symlink: /home/saitama1/ros2_foxy/install/rcpputils/include/rcpputils/filesystem_helper.hpp
-- Up-to-date symlink: /home/saitama1/ros2_foxy/install/rcpputils/include/rcpputils/find_and_replace.hpp
-- Up-to-date symlink: /home/saitama1/ros2_foxy/install/rcpputils/include/rcpputils/find_library.hpp
-- Up-to-date symlink: /home/saitama1/ros2_foxy/install/rcpputils/include/rcpputils/get_env.hpp
-- Up-to-date symlink: /home/saitama1/ros2_foxy/install/rcpputils/include/rcpputils/join.hpp
-- Up-to-date symlink: /home/saitama1/ros2_foxy/install/rcpputils/include/rcpputils/pointer_traits.hpp
-- Up-to-date symlink: /home/saitama1/ros2_foxy/install/rcpputils/include/rcpputils/process.hpp
-- Up-to-date symlink: /home/saitama1/ros2_foxy/install/rcpputils/include/rcpputils/scope_exit.hpp
-- Up-to-date symlink: /home/saitama1/ros2_foxy/install/rcpputils/include/rcpputils/shared_library.hpp
-- Up-to-date symlink: /home/saitama1/ros2_foxy/install/rcpputils/include/rcpputils/split.hpp
-- Up-to-date symlink: /home/saitama1/ros2_foxy/install/rcpputils/include/rcpputils/thread_safety_annotations.hpp
-- Up-to-date symlink: /home/saitama1/ros2_foxy/install/rcpputils/include/rcpputils/visibility_control.hpp
-- Up-to-date: /home/saitama1/ros2_foxy/install/rcpputils/share/rcpputils/cmake/rcpputilsExport.cmake
-- Up-to-date: /home/saitama1/ros2_foxy/install/rcpputils/share/rcpputils/cmake/rcpputilsExport-noconfig.cmake
-- Up-to-date: /home/saitama1/ros2_foxy/install/rcpputils/lib/librcpputils.so
