-- Found ament_cmake: 0.9.8 (/home/saitama1/ros2_foxy/install/ament_cmake/share/ament_cmake/cmake)
-- Found PythonInterp: /usr/bin/python3 (found suitable version "3.8.10", minimum required is "3") 
-- Using PYTHON_EXECUTABLE: /usr/bin/python3
-- Override CMake install command with custom implementation using symlinks instead of copying resources
-- Found builtin_interfaces: 1.0.0 (/home/saitama1/ros2_foxy/install/builtin_interfaces/share/builtin_interfaces/cmake)
-- Using all available rosidl_typesupport_c: rosidl_typesupport_introspection_c;rosidl_typesupport_fastrtps_c
-- Found rosidl_adapter: 1.2.1 (/home/saitama1/ros2_foxy/install/rosidl_adapter/share/rosidl_adapter/cmake)
-- Using all available rosidl_typesupport_cpp: rosidl_typesupport_introspection_cpp;rosidl_typesupport_fastrtps_cpp
-- Found geometry_msgs: 2.0.4 (/home/saitama1/ros2_foxy/install/geometry_msgs/share/geometry_msgs/cmake)
-- Found rosidl_default_generators: 1.0.1 (/home/saitama1/ros2_foxy/install/rosidl_default_generators/share/rosidl_default_generators/cmake)
-- Found PythonInterp: /usr/bin/python3 (found version "3.8.10") 
-- Found ament_cmake_cppcheck: 0.9.6 (/home/saitama1/ros2_foxy/install/ament_cmake_cppcheck/share/ament_cmake_cppcheck/cmake)
-- Found ament_cmake_cpplint: 0.9.6 (/home/saitama1/ros2_foxy/install/ament_cmake_cpplint/share/ament_cmake_cpplint/cmake)
-- Found ament_cmake_uncrustify: 0.9.6 (/home/saitama1/ros2_foxy/install/ament_cmake_uncrustify/share/ament_cmake_uncrustify/cmake)
-- Found ament_cmake_ros: 0.9.2 (/home/saitama1/ros2_foxy/install/ament_cmake_ros/share/ament_cmake_ros/cmake)
-- Using all available rosidl_typesupport_c: rosidl_typesupport_introspection_c;rosidl_typesupport_fastrtps_c
-- Using all available rosidl_typesupport_cpp: rosidl_typesupport_introspection_cpp;rosidl_typesupport_fastrtps_cpp
-- Found PythonInterp: /usr/bin/python3 (found suitable version "3.8.10", minimum required is "3.5") 
-- Found python_cmake_module: 0.8.1 (/home/saitama1/ros2_foxy/install/python_cmake_module/share/python_cmake_module/cmake)
-- Using PYTHON_EXECUTABLE: /usr/bin/python3
-- Using PYTHON_INCLUDE_DIRS: /usr/include/python3.8
-- Using PYTHON_LIBRARIES: /usr/lib/x86_64-linux-gnu/libpython3.8.so
-- Found ament_cmake_flake8: 0.9.6 (/home/saitama1/ros2_foxy/install/ament_cmake_flake8/share/ament_cmake_flake8/cmake)
-- Found ament_cmake_pep257: 0.9.6 (/home/saitama1/ros2_foxy/install/ament_cmake_pep257/share/ament_cmake_pep257/cmake)
-- Configuring done
-- Generating done
-- Build files have been written to: /home/saitama1/ros2_foxy/build/nav_msgs
[  1%] Built target nav_msgs__cpp
[  2%] [32m[1mLinking C shared library libnav_msgs__rosidl_generator_c.so[0m
[ 12%] Built target nav_msgs__rosidl_generator_c
[ 13%] [32m[1mLinking CXX shared library libnav_msgs__rosidl_typesupport_introspection_cpp.so[0m
[ 24%] Built target nav_msgs__rosidl_typesupport_introspection_cpp
[ 25%] [32m[1mLinking C shared library libnav_msgs__rosidl_typesupport_introspection_c.so[0m
[ 35%] Built target nav_msgs__rosidl_typesupport_introspection_c
[ 36%] [34m[1mGenerating C type support dispatch for ROS interfaces[0m
[35m[1mScanning dependencies of target nav_msgs__rosidl_typesupport_c[0m
[ 37%] [32mBuilding CXX object CMakeFiles/nav_msgs__rosidl_typesupport_c.dir/rosidl_typesupport_c/nav_msgs/msg/grid_cells__type_support.cpp.o[0m
[ 39%] [32mBuilding CXX object CMakeFiles/nav_msgs__rosidl_typesupport_c.dir/rosidl_typesupport_c/nav_msgs/srv/set_map__type_support.cpp.o[0m
[ 40%] [32mBuilding CXX object CMakeFiles/nav_msgs__rosidl_typesupport_c.dir/rosidl_typesupport_c/nav_msgs/srv/get_plan__type_support.cpp.o[0m
[ 41%] [32mBuilding CXX object CMakeFiles/nav_msgs__rosidl_typesupport_c.dir/rosidl_typesupport_c/nav_msgs/srv/get_map__type_support.cpp.o[0m
[ 42%] [32mBuilding CXX object CMakeFiles/nav_msgs__rosidl_typesupport_c.dir/rosidl_typesupport_c/nav_msgs/msg/path__type_support.cpp.o[0m
[ 43%] [32mBuilding CXX object CMakeFiles/nav_msgs__rosidl_typesupport_c.dir/rosidl_typesupport_c/nav_msgs/msg/odometry__type_support.cpp.o[0m
[ 44%] [32mBuilding CXX object CMakeFiles/nav_msgs__rosidl_typesupport_c.dir/rosidl_typesupport_c/nav_msgs/msg/occupancy_grid__type_support.cpp.o[0m
[ 45%] [32mBuilding CXX object CMakeFiles/nav_msgs__rosidl_typesupport_c.dir/rosidl_typesupport_c/nav_msgs/msg/map_meta_data__type_support.cpp.o[0m
[ 47%] [32m[1mLinking CXX shared library libnav_msgs__rosidl_typesupport_c.so[0m
[ 47%] Built target nav_msgs__rosidl_typesupport_c
[ 48%] [32m[1mLinking CXX shared library libnav_msgs__rosidl_typesupport_fastrtps_cpp.so[0m
[ 58%] Built target nav_msgs__rosidl_typesupport_fastrtps_cpp
[35m[1mScanning dependencies of target nav_msgs__rosidl_typesupport_cpp[0m
[ 59%] [32mBuilding CXX object CMakeFiles/nav_msgs__rosidl_typesupport_cpp.dir/rosidl_typesupport_cpp/nav_msgs/msg/grid_cells__type_support.cpp.o[0m
[ 60%] [32mBuilding CXX object CMakeFiles/nav_msgs__rosidl_typesupport_cpp.dir/rosidl_typesupport_cpp/nav_msgs/srv/set_map__type_support.cpp.o[0m
[ 62%] [32mBuilding CXX object CMakeFiles/nav_msgs__rosidl_typesupport_cpp.dir/rosidl_typesupport_cpp/nav_msgs/srv/get_plan__type_support.cpp.o[0m
[ 63%] [32mBuilding CXX object CMakeFiles/nav_msgs__rosidl_typesupport_cpp.dir/rosidl_typesupport_cpp/nav_msgs/srv/get_map__type_support.cpp.o[0m
[ 64%] [32mBuilding CXX object CMakeFiles/nav_msgs__rosidl_typesupport_cpp.dir/rosidl_typesupport_cpp/nav_msgs/msg/path__type_support.cpp.o[0m
[ 65%] [32mBuilding CXX object CMakeFiles/nav_msgs__rosidl_typesupport_cpp.dir/rosidl_typesupport_cpp/nav_msgs/msg/odometry__type_support.cpp.o[0m
[ 66%] [32mBuilding CXX object CMakeFiles/nav_msgs__rosidl_typesupport_cpp.dir/rosidl_typesupport_cpp/nav_msgs/msg/occupancy_grid__type_support.cpp.o[0m
[ 67%] [32mBuilding CXX object CMakeFiles/nav_msgs__rosidl_typesupport_cpp.dir/rosidl_typesupport_cpp/nav_msgs/msg/map_meta_data__type_support.cpp.o[0m
[ 68%] [32m[1mLinking CXX shared library libnav_msgs__rosidl_typesupport_cpp.so[0m
[ 70%] Built target nav_msgs__rosidl_typesupport_cpp
[ 71%] [32m[1mLinking CXX shared library libnav_msgs__rosidl_typesupport_fastrtps_c.so[0m
[ 81%] Built target nav_msgs__rosidl_typesupport_fastrtps_c
[ 81%] Built target nav_msgs
[35m[1mScanning dependencies of target nav_msgs__py[0m
[ 82%] Built target nav_msgs__py
[ 83%] [32m[1mLinking C shared library rosidl_generator_py/nav_msgs/libnav_msgs__python.so[0m
[ 93%] Built target nav_msgs__python
[ 94%] [32m[1mLinking C shared library rosidl_generator_py/nav_msgs/nav_msgs_s__rosidl_typesupport_c.cpython-38-x86_64-linux-gnu.so[0m
[ 95%] Built target nav_msgs__rosidl_typesupport_c__pyext
[ 96%] [32m[1mLinking C shared library rosidl_generator_py/nav_msgs/nav_msgs_s__rosidl_typesupport_introspection_c.cpython-38-x86_64-linux-gnu.so[0m
[ 97%] Built target nav_msgs__rosidl_typesupport_introspection_c__pyext
[35m[1mScanning dependencies of target nav_msgs__rosidl_typesupport_fastrtps_c__pyext[0m
[ 98%] [32mBuilding C object CMakeFiles/nav_msgs__rosidl_typesupport_fastrtps_c__pyext.dir/rosidl_generator_py/nav_msgs/_nav_msgs_s.ep.rosidl_typesupport_fastrtps_c.c.o[0m
[100%] [32m[1mLinking CXX shared library rosidl_generator_py/nav_msgs/nav_msgs_s__rosidl_typesupport_fastrtps_c.cpython-38-x86_64-linux-gnu.so[0m
[100%] Built target nav_msgs__rosidl_typesupport_fastrtps_c__pyext
-- Install configuration: ""
-- Execute custom install script
-- Symlinking: /home/saitama1/ros2_foxy/install/nav_msgs/share/ament_index/resource_index/rosidl_interfaces/nav_msgs
-- Symlinking: /home/saitama1/ros2_foxy/install/nav_msgs/include/nav_msgs/msg/detail/grid_cells__functions.h
-- Symlinking: /home/saitama1/ros2_foxy/install/nav_msgs/include/nav_msgs/msg/detail/grid_cells__struct.h
-- Symlinking: /home/saitama1/ros2_foxy/install/nav_msgs/include/nav_msgs/msg/detail/grid_cells__type_support.h
-- Symlinking: /home/saitama1/ros2_foxy/install/nav_msgs/include/nav_msgs/msg/detail/map_meta_data__functions.h
-- Symlinking: /home/saitama1/ros2_foxy/install/nav_msgs/include/nav_msgs/msg/detail/map_meta_data__struct.h
-- Symlinking: /home/saitama1/ros2_foxy/install/nav_msgs/include/nav_msgs/msg/detail/map_meta_data__type_support.h
-- Symlinking: /home/saitama1/ros2_foxy/install/nav_msgs/include/nav_msgs/msg/detail/occupancy_grid__functions.h
-- Symlinking: /home/saitama1/ros2_foxy/install/nav_msgs/include/nav_msgs/msg/detail/occupancy_grid__struct.h
-- Symlinking: /home/saitama1/ros2_foxy/install/nav_msgs/include/nav_msgs/msg/detail/occupancy_grid__type_support.h
-- Symlinking: /home/saitama1/ros2_foxy/install/nav_msgs/include/nav_msgs/msg/detail/odometry__functions.h
-- Symlinking: /home/saitama1/ros2_foxy/install/nav_msgs/include/nav_msgs/msg/detail/odometry__struct.h
-- Symlinking: /home/saitama1/ros2_foxy/install/nav_msgs/include/nav_msgs/msg/detail/odometry__type_support.h
-- Symlinking: /home/saitama1/ros2_foxy/install/nav_msgs/include/nav_msgs/msg/detail/path__functions.h
-- Symlinking: /home/saitama1/ros2_foxy/install/nav_msgs/include/nav_msgs/msg/detail/path__struct.h
-- Symlinking: /home/saitama1/ros2_foxy/install/nav_msgs/include/nav_msgs/msg/detail/path__type_support.h
-- Symlinking: /home/saitama1/ros2_foxy/install/nav_msgs/include/nav_msgs/msg/grid_cells.h
-- Symlinking: /home/saitama1/ros2_foxy/install/nav_msgs/include/nav_msgs/msg/map_meta_data.h
-- Symlinking: /home/saitama1/ros2_foxy/install/nav_msgs/include/nav_msgs/msg/occupancy_grid.h
-- Symlinking: /home/saitama1/ros2_foxy/install/nav_msgs/include/nav_msgs/msg/odometry.h
-- Symlinking: /home/saitama1/ros2_foxy/install/nav_msgs/include/nav_msgs/msg/path.h
-- Symlinking: /home/saitama1/ros2_foxy/install/nav_msgs/include/nav_msgs/msg/rosidl_generator_c__visibility_control.h
-- Symlinking: /home/saitama1/ros2_foxy/install/nav_msgs/include/nav_msgs/srv/detail/get_map__functions.h
-- Symlinking: /home/saitama1/ros2_foxy/install/nav_msgs/include/nav_msgs/srv/detail/get_map__struct.h
-- Symlinking: /home/saitama1/ros2_foxy/install/nav_msgs/include/nav_msgs/srv/detail/get_map__type_support.h
-- Symlinking: /home/saitama1/ros2_foxy/install/nav_msgs/include/nav_msgs/srv/detail/get_plan__functions.h
-- Symlinking: /home/saitama1/ros2_foxy/install/nav_msgs/include/nav_msgs/srv/detail/get_plan__struct.h
-- Symlinking: /home/saitama1/ros2_foxy/install/nav_msgs/include/nav_msgs/srv/detail/get_plan__type_support.h
-- Symlinking: /home/saitama1/ros2_foxy/install/nav_msgs/include/nav_msgs/srv/detail/set_map__functions.h
-- Symlinking: /home/saitama1/ros2_foxy/install/nav_msgs/include/nav_msgs/srv/detail/set_map__struct.h
-- Symlinking: /home/saitama1/ros2_foxy/install/nav_msgs/include/nav_msgs/srv/detail/set_map__type_support.h
-- Symlinking: /home/saitama1/ros2_foxy/install/nav_msgs/include/nav_msgs/srv/get_map.h
-- Symlinking: /home/saitama1/ros2_foxy/install/nav_msgs/include/nav_msgs/srv/get_plan.h
-- Symlinking: /home/saitama1/ros2_foxy/install/nav_msgs/include/nav_msgs/srv/set_map.h
-- Symlinking: /home/saitama1/ros2_foxy/install/nav_msgs/share/nav_msgs/environment/library_path.sh
-- Symlinking: /home/saitama1/ros2_foxy/install/nav_msgs/share/nav_msgs/environment/library_path.dsv
-- Symlinking: /home/saitama1/ros2_foxy/install/nav_msgs/include/nav_msgs/msg/detail/grid_cells__rosidl_typesupport_introspection_c.h
-- Symlinking: /home/saitama1/ros2_foxy/install/nav_msgs/include/nav_msgs/msg/detail/map_meta_data__rosidl_typesupport_introspection_c.h
-- Symlinking: /home/saitama1/ros2_foxy/install/nav_msgs/include/nav_msgs/msg/detail/occupancy_grid__rosidl_typesupport_introspection_c.h
-- Symlinking: /home/saitama1/ros2_foxy/install/nav_msgs/include/nav_msgs/msg/detail/odometry__rosidl_typesupport_introspection_c.h
-- Symlinking: /home/saitama1/ros2_foxy/install/nav_msgs/include/nav_msgs/msg/detail/path__rosidl_typesupport_introspection_c.h
-- Symlinking: /home/saitama1/ros2_foxy/install/nav_msgs/include/nav_msgs/msg/rosidl_typesupport_introspection_c__visibility_control.h
-- Symlinking: /home/saitama1/ros2_foxy/install/nav_msgs/include/nav_msgs/srv/detail/get_map__rosidl_typesupport_introspection_c.h
-- Symlinking: /home/saitama1/ros2_foxy/install/nav_msgs/include/nav_msgs/srv/detail/get_plan__rosidl_typesupport_introspection_c.h
-- Symlinking: /home/saitama1/ros2_foxy/install/nav_msgs/include/nav_msgs/srv/detail/set_map__rosidl_typesupport_introspection_c.h
-- Symlinking: /home/saitama1/ros2_foxy/install/nav_msgs/include/nav_msgs/msg/detail/grid_cells__rosidl_typesupport_fastrtps_c.h
-- Symlinking: /home/saitama1/ros2_foxy/install/nav_msgs/include/nav_msgs/msg/detail/map_meta_data__rosidl_typesupport_fastrtps_c.h
-- Symlinking: /home/saitama1/ros2_foxy/install/nav_msgs/include/nav_msgs/msg/detail/occupancy_grid__rosidl_typesupport_fastrtps_c.h
-- Symlinking: /home/saitama1/ros2_foxy/install/nav_msgs/include/nav_msgs/msg/detail/odometry__rosidl_typesupport_fastrtps_c.h
-- Symlinking: /home/saitama1/ros2_foxy/install/nav_msgs/include/nav_msgs/msg/detail/path__rosidl_typesupport_fastrtps_c.h
-- Symlinking: /home/saitama1/ros2_foxy/install/nav_msgs/include/nav_msgs/msg/rosidl_typesupport_fastrtps_c__visibility_control.h
-- Symlinking: /home/saitama1/ros2_foxy/install/nav_msgs/include/nav_msgs/srv/detail/get_map__rosidl_typesupport_fastrtps_c.h
-- Symlinking: /home/saitama1/ros2_foxy/install/nav_msgs/include/nav_msgs/srv/detail/get_plan__rosidl_typesupport_fastrtps_c.h
-- Symlinking: /home/saitama1/ros2_foxy/install/nav_msgs/include/nav_msgs/srv/detail/set_map__rosidl_typesupport_fastrtps_c.h
-- Symlinking: /home/saitama1/ros2_foxy/install/nav_msgs/lib/libnav_msgs__rosidl_typesupport_fastrtps_c.so
-- Symlinking: /home/saitama1/ros2_foxy/install/nav_msgs/include/nav_msgs/msg/detail/grid_cells__rosidl_typesupport_fastrtps_cpp.hpp
-- Symlinking: /home/saitama1/ros2_foxy/install/nav_msgs/include/nav_msgs/msg/detail/map_meta_data__rosidl_typesupport_fastrtps_cpp.hpp
-- Symlinking: /home/saitama1/ros2_foxy/install/nav_msgs/include/nav_msgs/msg/detail/occupancy_grid__rosidl_typesupport_fastrtps_cpp.hpp
-- Symlinking: /home/saitama1/ros2_foxy/install/nav_msgs/include/nav_msgs/msg/detail/odometry__rosidl_typesupport_fastrtps_cpp.hpp
-- Symlinking: /home/saitama1/ros2_foxy/install/nav_msgs/include/nav_msgs/msg/detail/path__rosidl_typesupport_fastrtps_cpp.hpp
-- Symlinking: /home/saitama1/ros2_foxy/install/nav_msgs/include/nav_msgs/msg/rosidl_typesupport_fastrtps_cpp__visibility_control.h
-- Symlinking: /home/saitama1/ros2_foxy/install/nav_msgs/include/nav_msgs/srv/detail/get_map__rosidl_typesupport_fastrtps_cpp.hpp
-- Symlinking: /home/saitama1/ros2_foxy/install/nav_msgs/include/nav_msgs/srv/detail/get_plan__rosidl_typesupport_fastrtps_cpp.hpp
-- Symlinking: /home/saitama1/ros2_foxy/install/nav_msgs/include/nav_msgs/srv/detail/set_map__rosidl_typesupport_fastrtps_cpp.hpp
-- Symlinking: /home/saitama1/ros2_foxy/install/nav_msgs/lib/libnav_msgs__rosidl_typesupport_fastrtps_cpp.so
-- Symlinking: /home/saitama1/ros2_foxy/install/nav_msgs/include/nav_msgs/msg/detail/grid_cells__builder.hpp
-- Symlinking: /home/saitama1/ros2_foxy/install/nav_msgs/include/nav_msgs/msg/detail/grid_cells__struct.hpp
-- Symlinking: /home/saitama1/ros2_foxy/install/nav_msgs/include/nav_msgs/msg/detail/grid_cells__traits.hpp
-- Symlinking: /home/saitama1/ros2_foxy/install/nav_msgs/include/nav_msgs/msg/detail/map_meta_data__builder.hpp
-- Symlinking: /home/saitama1/ros2_foxy/install/nav_msgs/include/nav_msgs/msg/detail/map_meta_data__struct.hpp
-- Symlinking: /home/saitama1/ros2_foxy/install/nav_msgs/include/nav_msgs/msg/detail/map_meta_data__traits.hpp
-- Symlinking: /home/saitama1/ros2_foxy/install/nav_msgs/include/nav_msgs/msg/detail/occupancy_grid__builder.hpp
-- Symlinking: /home/saitama1/ros2_foxy/install/nav_msgs/include/nav_msgs/msg/detail/occupancy_grid__struct.hpp
-- Symlinking: /home/saitama1/ros2_foxy/install/nav_msgs/include/nav_msgs/msg/detail/occupancy_grid__traits.hpp
-- Symlinking: /home/saitama1/ros2_foxy/install/nav_msgs/include/nav_msgs/msg/detail/odometry__builder.hpp
-- Symlinking: /home/saitama1/ros2_foxy/install/nav_msgs/include/nav_msgs/msg/detail/odometry__struct.hpp
-- Symlinking: /home/saitama1/ros2_foxy/install/nav_msgs/include/nav_msgs/msg/detail/odometry__traits.hpp
-- Symlinking: /home/saitama1/ros2_foxy/install/nav_msgs/include/nav_msgs/msg/detail/path__builder.hpp
-- Symlinking: /home/saitama1/ros2_foxy/install/nav_msgs/include/nav_msgs/msg/detail/path__struct.hpp
-- Symlinking: /home/saitama1/ros2_foxy/install/nav_msgs/include/nav_msgs/msg/detail/path__traits.hpp
-- Symlinking: /home/saitama1/ros2_foxy/install/nav_msgs/include/nav_msgs/msg/grid_cells.hpp
-- Symlinking: /home/saitama1/ros2_foxy/install/nav_msgs/include/nav_msgs/msg/map_meta_data.hpp
-- Symlinking: /home/saitama1/ros2_foxy/install/nav_msgs/include/nav_msgs/msg/occupancy_grid.hpp
-- Symlinking: /home/saitama1/ros2_foxy/install/nav_msgs/include/nav_msgs/msg/odometry.hpp
-- Symlinking: /home/saitama1/ros2_foxy/install/nav_msgs/include/nav_msgs/msg/path.hpp
-- Symlinking: /home/saitama1/ros2_foxy/install/nav_msgs/include/nav_msgs/srv/detail/get_map__builder.hpp
-- Symlinking: /home/saitama1/ros2_foxy/install/nav_msgs/include/nav_msgs/srv/detail/get_map__struct.hpp
-- Symlinking: /home/saitama1/ros2_foxy/install/nav_msgs/include/nav_msgs/srv/detail/get_map__traits.hpp
-- Symlinking: /home/saitama1/ros2_foxy/install/nav_msgs/include/nav_msgs/srv/detail/get_plan__builder.hpp
-- Symlinking: /home/saitama1/ros2_foxy/install/nav_msgs/include/nav_msgs/srv/detail/get_plan__struct.hpp
-- Symlinking: /home/saitama1/ros2_foxy/install/nav_msgs/include/nav_msgs/srv/detail/get_plan__traits.hpp
-- Symlinking: /home/saitama1/ros2_foxy/install/nav_msgs/include/nav_msgs/srv/detail/set_map__builder.hpp
-- Symlinking: /home/saitama1/ros2_foxy/install/nav_msgs/include/nav_msgs/srv/detail/set_map__struct.hpp
-- Symlinking: /home/saitama1/ros2_foxy/install/nav_msgs/include/nav_msgs/srv/detail/set_map__traits.hpp
-- Symlinking: /home/saitama1/ros2_foxy/install/nav_msgs/include/nav_msgs/srv/get_map.hpp
-- Symlinking: /home/saitama1/ros2_foxy/install/nav_msgs/include/nav_msgs/srv/get_plan.hpp
-- Symlinking: /home/saitama1/ros2_foxy/install/nav_msgs/include/nav_msgs/srv/set_map.hpp
-- Symlinking: /home/saitama1/ros2_foxy/install/nav_msgs/include/nav_msgs/msg/detail/grid_cells__rosidl_typesupport_introspection_cpp.hpp
-- Symlinking: /home/saitama1/ros2_foxy/install/nav_msgs/include/nav_msgs/msg/detail/map_meta_data__rosidl_typesupport_introspection_cpp.hpp
-- Symlinking: /home/saitama1/ros2_foxy/install/nav_msgs/include/nav_msgs/msg/detail/occupancy_grid__rosidl_typesupport_introspection_cpp.hpp
-- Symlinking: /home/saitama1/ros2_foxy/install/nav_msgs/include/nav_msgs/msg/detail/odometry__rosidl_typesupport_introspection_cpp.hpp
-- Symlinking: /home/saitama1/ros2_foxy/install/nav_msgs/include/nav_msgs/msg/detail/path__rosidl_typesupport_introspection_cpp.hpp
-- Symlinking: /home/saitama1/ros2_foxy/install/nav_msgs/include/nav_msgs/srv/detail/get_map__rosidl_typesupport_introspection_cpp.hpp
-- Symlinking: /home/saitama1/ros2_foxy/install/nav_msgs/include/nav_msgs/srv/detail/get_plan__rosidl_typesupport_introspection_cpp.hpp
-- Symlinking: /home/saitama1/ros2_foxy/install/nav_msgs/include/nav_msgs/srv/detail/set_map__rosidl_typesupport_introspection_cpp.hpp
-- Symlinking: /home/saitama1/ros2_foxy/install/nav_msgs/share/nav_msgs/environment/pythonpath.sh
-- Symlinking: /home/saitama1/ros2_foxy/install/nav_msgs/share/nav_msgs/environment/pythonpath.dsv
-- Symlinking: /home/saitama1/ros2_foxy/install/nav_msgs/lib/python3.8/site-packages/nav_msgs/__init__.py
-- Symlinking: /home/saitama1/ros2_foxy/install/nav_msgs/lib/python3.8/site-packages/nav_msgs/msg/__init__.py
-- Symlinking: /home/saitama1/ros2_foxy/install/nav_msgs/lib/python3.8/site-packages/nav_msgs/msg/_grid_cells.py
-- Symlinking: /home/saitama1/ros2_foxy/install/nav_msgs/lib/python3.8/site-packages/nav_msgs/msg/_map_meta_data.py
-- Symlinking: /home/saitama1/ros2_foxy/install/nav_msgs/lib/python3.8/site-packages/nav_msgs/msg/_occupancy_grid.py
-- Symlinking: /home/saitama1/ros2_foxy/install/nav_msgs/lib/python3.8/site-packages/nav_msgs/msg/_odometry.py
-- Symlinking: /home/saitama1/ros2_foxy/install/nav_msgs/lib/python3.8/site-packages/nav_msgs/msg/_path.py
-- Symlinking: /home/saitama1/ros2_foxy/install/nav_msgs/lib/python3.8/site-packages/nav_msgs/srv/__init__.py
-- Symlinking: /home/saitama1/ros2_foxy/install/nav_msgs/lib/python3.8/site-packages/nav_msgs/srv/_get_map.py
-- Symlinking: /home/saitama1/ros2_foxy/install/nav_msgs/lib/python3.8/site-packages/nav_msgs/srv/_get_plan.py
-- Symlinking: /home/saitama1/ros2_foxy/install/nav_msgs/lib/python3.8/site-packages/nav_msgs/srv/_set_map.py
-- Symlinking: /home/saitama1/ros2_foxy/install/nav_msgs/lib/python3.8/site-packages/nav_msgs/nav_msgs_s__rosidl_typesupport_introspection_c.cpython-38-x86_64-linux-gnu.so
-- Symlinking: /home/saitama1/ros2_foxy/install/nav_msgs/lib/python3.8/site-packages/nav_msgs/nav_msgs_s__rosidl_typesupport_fastrtps_c.cpython-38-x86_64-linux-gnu.so
-- Symlinking: /home/saitama1/ros2_foxy/install/nav_msgs/lib/python3.8/site-packages/nav_msgs/nav_msgs_s__rosidl_typesupport_c.cpython-38-x86_64-linux-gnu.so
-- Symlinking: /home/saitama1/ros2_foxy/install/nav_msgs/lib/libnav_msgs__python.so
-- Symlinking: /home/saitama1/ros2_foxy/install/nav_msgs/share/nav_msgs/msg/GridCells.idl
-- Symlinking: /home/saitama1/ros2_foxy/install/nav_msgs/share/nav_msgs/msg/MapMetaData.idl
-- Symlinking: /home/saitama1/ros2_foxy/install/nav_msgs/share/nav_msgs/msg/OccupancyGrid.idl
-- Symlinking: /home/saitama1/ros2_foxy/install/nav_msgs/share/nav_msgs/msg/Odometry.idl
-- Symlinking: /home/saitama1/ros2_foxy/install/nav_msgs/share/nav_msgs/msg/Path.idl
-- Symlinking: /home/saitama1/ros2_foxy/install/nav_msgs/share/nav_msgs/srv/GetMap.idl
-- Symlinking: /home/saitama1/ros2_foxy/install/nav_msgs/share/nav_msgs/srv/GetPlan.idl
-- Symlinking: /home/saitama1/ros2_foxy/install/nav_msgs/share/nav_msgs/srv/SetMap.idl
-- Symlinking: /home/saitama1/ros2_foxy/install/nav_msgs/share/nav_msgs/msg/GridCells.msg
-- Symlinking: /home/saitama1/ros2_foxy/install/nav_msgs/share/nav_msgs/msg/MapMetaData.msg
-- Symlinking: /home/saitama1/ros2_foxy/install/nav_msgs/share/nav_msgs/msg/OccupancyGrid.msg
-- Symlinking: /home/saitama1/ros2_foxy/install/nav_msgs/share/nav_msgs/msg/Odometry.msg
-- Symlinking: /home/saitama1/ros2_foxy/install/nav_msgs/share/nav_msgs/msg/Path.msg
-- Symlinking: /home/saitama1/ros2_foxy/install/nav_msgs/share/nav_msgs/srv/GetMap.srv
-- Symlinking: /home/saitama1/ros2_foxy/install/nav_msgs/share/nav_msgs/srv/GetMap_Request.msg
-- Symlinking: /home/saitama1/ros2_foxy/install/nav_msgs/share/nav_msgs/srv/GetMap_Response.msg
-- Symlinking: /home/saitama1/ros2_foxy/install/nav_msgs/share/nav_msgs/srv/GetPlan.srv
-- Symlinking: /home/saitama1/ros2_foxy/install/nav_msgs/share/nav_msgs/srv/GetPlan_Request.msg
-- Symlinking: /home/saitama1/ros2_foxy/install/nav_msgs/share/nav_msgs/srv/GetPlan_Response.msg
-- Symlinking: /home/saitama1/ros2_foxy/install/nav_msgs/share/nav_msgs/srv/SetMap.srv
-- Symlinking: /home/saitama1/ros2_foxy/install/nav_msgs/share/nav_msgs/srv/SetMap_Request.msg
-- Symlinking: /home/saitama1/ros2_foxy/install/nav_msgs/share/nav_msgs/srv/SetMap_Response.msg
-- Symlinking: /home/saitama1/ros2_foxy/install/nav_msgs/share/ament_index/resource_index/package_run_dependencies/nav_msgs
-- Symlinking: /home/saitama1/ros2_foxy/install/nav_msgs/share/ament_index/resource_index/parent_prefix_path/nav_msgs
-- Symlinking: /home/saitama1/ros2_foxy/install/nav_msgs/share/nav_msgs/environment/ament_prefix_path.sh
-- Symlinking: /home/saitama1/ros2_foxy/install/nav_msgs/share/nav_msgs/environment/ament_prefix_path.dsv
-- Symlinking: /home/saitama1/ros2_foxy/install/nav_msgs/share/nav_msgs/environment/path.sh
-- Symlinking: /home/saitama1/ros2_foxy/install/nav_msgs/share/nav_msgs/environment/path.dsv
-- Symlinking: /home/saitama1/ros2_foxy/install/nav_msgs/share/nav_msgs/local_setup.bash
-- Symlinking: /home/saitama1/ros2_foxy/install/nav_msgs/share/nav_msgs/local_setup.sh
-- Symlinking: /home/saitama1/ros2_foxy/install/nav_msgs/share/nav_msgs/local_setup.zsh
-- Symlinking: /home/saitama1/ros2_foxy/install/nav_msgs/share/nav_msgs/local_setup.dsv
-- Symlinking: /home/saitama1/ros2_foxy/install/nav_msgs/share/nav_msgs/package.dsv
-- Symlinking: /home/saitama1/ros2_foxy/install/nav_msgs/share/ament_index/resource_index/packages/nav_msgs
-- Symlinking: /home/saitama1/ros2_foxy/install/nav_msgs/share/nav_msgs/cmake/rosidl_cmake-extras.cmake
-- Symlinking: /home/saitama1/ros2_foxy/install/nav_msgs/share/nav_msgs/cmake/ament_cmake_export_dependencies-extras.cmake
-- Symlinking: /home/saitama1/ros2_foxy/install/nav_msgs/share/nav_msgs/cmake/ament_cmake_export_libraries-extras.cmake
-- Symlinking: /home/saitama1/ros2_foxy/install/nav_msgs/share/nav_msgs/cmake/ament_cmake_export_targets-extras.cmake
-- Symlinking: /home/saitama1/ros2_foxy/install/nav_msgs/share/nav_msgs/cmake/ament_cmake_export_include_directories-extras.cmake
-- Symlinking: /home/saitama1/ros2_foxy/install/nav_msgs/share/nav_msgs/cmake/rosidl_cmake_export_typesupport_targets-extras.cmake
-- Symlinking: /home/saitama1/ros2_foxy/install/nav_msgs/share/nav_msgs/cmake/rosidl_cmake_export_typesupport_libraries-extras.cmake
-- Symlinking: /home/saitama1/ros2_foxy/install/nav_msgs/share/nav_msgs/cmake/nav_msgsConfig.cmake
-- Symlinking: /home/saitama1/ros2_foxy/install/nav_msgs/share/nav_msgs/cmake/nav_msgsConfig-version.cmake
-- Symlinking: /home/saitama1/ros2_foxy/install/nav_msgs/share/nav_msgs/package.xml
-- Installing: /home/saitama1/ros2_foxy/install/nav_msgs/lib/libnav_msgs__rosidl_generator_c.so
-- Set runtime path of "/home/saitama1/ros2_foxy/install/nav_msgs/lib/libnav_msgs__rosidl_generator_c.so" to ""
-- Installing: /home/saitama1/ros2_foxy/install/nav_msgs/lib/libnav_msgs__rosidl_typesupport_introspection_c.so
-- Set runtime path of "/home/saitama1/ros2_foxy/install/nav_msgs/lib/libnav_msgs__rosidl_typesupport_introspection_c.so" to ""
-- Installing: /home/saitama1/ros2_foxy/install/nav_msgs/lib/libnav_msgs__rosidl_typesupport_c.so
-- Set runtime path of "/home/saitama1/ros2_foxy/install/nav_msgs/lib/libnav_msgs__rosidl_typesupport_c.so" to ""
-- Installing: /home/saitama1/ros2_foxy/install/nav_msgs/lib/libnav_msgs__rosidl_typesupport_introspection_cpp.so
-- Set runtime path of "/home/saitama1/ros2_foxy/install/nav_msgs/lib/libnav_msgs__rosidl_typesupport_introspection_cpp.so" to ""
-- Installing: /home/saitama1/ros2_foxy/install/nav_msgs/lib/libnav_msgs__rosidl_typesupport_cpp.so
-- Set runtime path of "/home/saitama1/ros2_foxy/install/nav_msgs/lib/libnav_msgs__rosidl_typesupport_cpp.so" to ""
Compiling '/home/saitama1/ros2_foxy/install/nav_msgs/lib/python3.8/site-packages/nav_msgs/__init__.py'...
-- Up-to-date: /home/saitama1/ros2_foxy/install/nav_msgs/share/nav_msgs/cmake/nav_msgs__rosidl_generator_cExport.cmake
-- Installing: /home/saitama1/ros2_foxy/install/nav_msgs/share/nav_msgs/cmake/nav_msgs__rosidl_generator_cExport-noconfig.cmake
-- Up-to-date: /home/saitama1/ros2_foxy/install/nav_msgs/share/nav_msgs/cmake/nav_msgs__rosidl_typesupport_introspection_cExport.cmake
-- Installing: /home/saitama1/ros2_foxy/install/nav_msgs/share/nav_msgs/cmake/nav_msgs__rosidl_typesupport_introspection_cExport-noconfig.cmake
-- Up-to-date: /home/saitama1/ros2_foxy/install/nav_msgs/share/nav_msgs/cmake/nav_msgs__rosidl_typesupport_cExport.cmake
-- Installing: /home/saitama1/ros2_foxy/install/nav_msgs/share/nav_msgs/cmake/nav_msgs__rosidl_typesupport_cExport-noconfig.cmake
-- Up-to-date: /home/saitama1/ros2_foxy/install/nav_msgs/share/nav_msgs/cmake/nav_msgs__rosidl_generator_cppExport.cmake
-- Up-to-date: /home/saitama1/ros2_foxy/install/nav_msgs/share/nav_msgs/cmake/nav_msgs__rosidl_typesupport_introspection_cppExport.cmake
-- Installing: /home/saitama1/ros2_foxy/install/nav_msgs/share/nav_msgs/cmake/nav_msgs__rosidl_typesupport_introspection_cppExport-noconfig.cmake
-- Up-to-date: /home/saitama1/ros2_foxy/install/nav_msgs/share/nav_msgs/cmake/nav_msgs__rosidl_typesupport_cppExport.cmake
-- Installing: /home/saitama1/ros2_foxy/install/nav_msgs/share/nav_msgs/cmake/nav_msgs__rosidl_typesupport_cppExport-noconfig.cmake
