-- Found ament_cmake_ros: 0.9.2 (/home/saitama1/ros2_foxy/install/ament_cmake_ros/share/ament_cmake_ros/cmake)
-- Using PYTHON_EXECUTABLE: /usr/bin/python3
-- Override CMake install command with custom implementation using symlinks instead of copying resources
-- Found rcutils: 1.1.3 (/home/saitama1/ros2_foxy/install/rcutils/share/rcutils/cmake)
-- Found rosidl_typesupport_interface: 1.2.1 (/home/saitama1/ros2_foxy/install/rosidl_typesupport_interface/share/rosidl_typesupport_interface/cmake)
-- Found ament_lint_auto: 0.9.6 (/home/saitama1/ros2_foxy/install/ament_lint_auto/share/ament_lint_auto/cmake)
-- Found performance_test_fixture: 0.0.7 (/home/saitama1/ros2_foxy/install/performance_test_fixture/share/performance_test_fixture/cmake)
-- Found gtest sources under '/home/saitama1/ros2_foxy/install/gtest_vendor/src/gtest_vendor': C++ tests using 'Google Test' will be built
-- Performance tests are disabled by default, so Google Benchmark tests will be skipped. To enable these tests, set the CMake variable 'AMENT_RUN_PERFORMANCE_TESTS'.
-- Added test 'copyright' to check source files copyright and LICENSE
-- Added test 'cppcheck' to perform static code analysis on C / C++ code
-- Configured cppcheck include dirs: /home/saitama1/ros2_foxy/install/performance_test_fixture/include;$<BUILD_INTERFACE:/home/saitama1/ros2_foxy/src/ros2/rosidl/rosidl_runtime_c/include>;/home/saitama1/ros2_foxy/src/ros2/rosidl/rosidl_runtime_c/include
-- Configured cppcheck exclude dirs and/or files: 
-- Added test 'cpplint' to check C / C++ code against the Google style
-- Configured cpplint exclude dirs and/or files: 
-- Added test 'lint_cmake' to check CMake code style
-- Added test 'uncrustify' to check C / C++ code style
-- Configured uncrustify additional arguments: 
-- Added test 'xmllint' to check XML markup files
-- Configuring done
-- Generating done
-- Build files have been written to: /home/saitama1/ros2_foxy/build/rosidl_runtime_c
[35m[1mScanning dependencies of target rosidl_runtime_c[0m
[  8%] Built target gtest
[ 16%] Built target gtest_main
[ 20%] [32mBuilding C object CMakeFiles/rosidl_runtime_c.dir/src/primitives_sequence_functions.c.o[0m
[ 24%] [32mBuilding C object CMakeFiles/rosidl_runtime_c.dir/src/sequence_bound.c.o[0m
[ 28%] [32mBuilding C object CMakeFiles/rosidl_runtime_c.dir/src/message_type_support.c.o[0m
[ 32%] [32mBuilding C object CMakeFiles/rosidl_runtime_c.dir/src/string_functions.c.o[0m
[ 36%] [32mBuilding C object CMakeFiles/rosidl_runtime_c.dir/src/service_type_support.c.o[0m
[ 40%] [32mBuilding C object CMakeFiles/rosidl_runtime_c.dir/src/u16string_functions.c.o[0m
[ 44%] [32m[1mLinking C shared library librosidl_runtime_c.so[0m
[ 44%] Built target rosidl_runtime_c
[ 48%] [32m[1mLinking CXX executable test_u16string_functions[0m
[ 52%] [32m[1mLinking CXX executable test_primitives_sequence_functions[0m
[ 60%] [32m[1mLinking CXX executable test_sequence_bound[0m
[ 60%] [32m[1mLinking CXX executable test_string_functions[0m
[ 64%] [32m[1mLinking CXX executable test_service_type_support[0m
[ 68%] [32m[1mLinking CXX executable test_message_type_support[0m
[ 72%] [32m[1mLinking CXX executable benchmark_string_conversion[0m
[ 76%] Built target benchmark_string_conversion
[ 80%] Built target test_message_type_support
[ 84%] Built target test_u16string_functions
[ 92%] Built target test_sequence_bound
[ 92%] Built target test_string_functions
[ 96%] Built target test_service_type_support
[100%] Built target test_primitives_sequence_functions
-- Install configuration: ""
-- Execute custom install script
-- Symlinking: /home/saitama1/ros2_foxy/install/rosidl_runtime_c/share/rosidl_runtime_c/environment/library_path.sh
-- Symlinking: /home/saitama1/ros2_foxy/install/rosidl_runtime_c/share/rosidl_runtime_c/environment/library_path.dsv
-- Symlinking: /home/saitama1/ros2_foxy/install/rosidl_runtime_c/share/ament_index/resource_index/rosidl_runtime_packages/rosidl_runtime_c
-- Symlinking: /home/saitama1/ros2_foxy/install/rosidl_runtime_c/include/rosidl_runtime_c/action_type_support_struct.h
-- Symlinking: /home/saitama1/ros2_foxy/install/rosidl_runtime_c/include/rosidl_runtime_c/message_initialization.h
-- Symlinking: /home/saitama1/ros2_foxy/install/rosidl_runtime_c/include/rosidl_runtime_c/message_type_support_struct.h
-- Symlinking: /home/saitama1/ros2_foxy/install/rosidl_runtime_c/include/rosidl_runtime_c/primitives_sequence.h
-- Symlinking: /home/saitama1/ros2_foxy/install/rosidl_runtime_c/include/rosidl_runtime_c/primitives_sequence_functions.h
-- Symlinking: /home/saitama1/ros2_foxy/install/rosidl_runtime_c/include/rosidl_runtime_c/sequence_bound.h
-- Symlinking: /home/saitama1/ros2_foxy/install/rosidl_runtime_c/include/rosidl_runtime_c/service_type_support_struct.h
-- Symlinking: /home/saitama1/ros2_foxy/install/rosidl_runtime_c/include/rosidl_runtime_c/string.h
-- Symlinking: /home/saitama1/ros2_foxy/install/rosidl_runtime_c/include/rosidl_runtime_c/string_bound.h
-- Symlinking: /home/saitama1/ros2_foxy/install/rosidl_runtime_c/include/rosidl_runtime_c/string_functions.h
-- Symlinking: /home/saitama1/ros2_foxy/install/rosidl_runtime_c/include/rosidl_runtime_c/u16string.h
-- Symlinking: /home/saitama1/ros2_foxy/install/rosidl_runtime_c/include/rosidl_runtime_c/u16string_functions.h
-- Symlinking: /home/saitama1/ros2_foxy/install/rosidl_runtime_c/include/rosidl_runtime_c/visibility_control.h
-- Symlinking: /home/saitama1/ros2_foxy/install/rosidl_runtime_c/share/ament_index/resource_index/package_run_dependencies/rosidl_runtime_c
-- Symlinking: /home/saitama1/ros2_foxy/install/rosidl_runtime_c/share/ament_index/resource_index/parent_prefix_path/rosidl_runtime_c
-- Symlinking: /home/saitama1/ros2_foxy/install/rosidl_runtime_c/share/rosidl_runtime_c/environment/ament_prefix_path.sh
-- Symlinking: /home/saitama1/ros2_foxy/install/rosidl_runtime_c/share/rosidl_runtime_c/environment/ament_prefix_path.dsv
-- Symlinking: /home/saitama1/ros2_foxy/install/rosidl_runtime_c/share/rosidl_runtime_c/environment/path.sh
-- Symlinking: /home/saitama1/ros2_foxy/install/rosidl_runtime_c/share/rosidl_runtime_c/environment/path.dsv
-- Symlinking: /home/saitama1/ros2_foxy/install/rosidl_runtime_c/share/rosidl_runtime_c/local_setup.bash
-- Symlinking: /home/saitama1/ros2_foxy/install/rosidl_runtime_c/share/rosidl_runtime_c/local_setup.sh
-- Symlinking: /home/saitama1/ros2_foxy/install/rosidl_runtime_c/share/rosidl_runtime_c/local_setup.zsh
-- Symlinking: /home/saitama1/ros2_foxy/install/rosidl_runtime_c/share/rosidl_runtime_c/local_setup.dsv
-- Symlinking: /home/saitama1/ros2_foxy/install/rosidl_runtime_c/share/rosidl_runtime_c/package.dsv
-- Symlinking: /home/saitama1/ros2_foxy/install/rosidl_runtime_c/share/ament_index/resource_index/packages/rosidl_runtime_c
-- Symlinking: /home/saitama1/ros2_foxy/install/rosidl_runtime_c/share/rosidl_runtime_c/cmake/ament_cmake_export_dependencies-extras.cmake
-- Symlinking: /home/saitama1/ros2_foxy/install/rosidl_runtime_c/share/rosidl_runtime_c/cmake/ament_cmake_export_include_directories-extras.cmake
-- Symlinking: /home/saitama1/ros2_foxy/install/rosidl_runtime_c/share/rosidl_runtime_c/cmake/ament_cmake_export_libraries-extras.cmake
-- Symlinking: /home/saitama1/ros2_foxy/install/rosidl_runtime_c/share/rosidl_runtime_c/cmake/ament_cmake_export_targets-extras.cmake
-- Symlinking: /home/saitama1/ros2_foxy/install/rosidl_runtime_c/share/rosidl_runtime_c/cmake/rosidl_runtime_cConfig.cmake
-- Symlinking: /home/saitama1/ros2_foxy/install/rosidl_runtime_c/share/rosidl_runtime_c/cmake/rosidl_runtime_cConfig-version.cmake
-- Symlinking: /home/saitama1/ros2_foxy/install/rosidl_runtime_c/share/rosidl_runtime_c/package.xml
-- Installing: /home/saitama1/ros2_foxy/install/rosidl_runtime_c/lib/librosidl_runtime_c.so
-- Set runtime path of "/home/saitama1/ros2_foxy/install/rosidl_runtime_c/lib/librosidl_runtime_c.so" to ""
-- Up-to-date: /home/saitama1/ros2_foxy/install/rosidl_runtime_c/share/rosidl_runtime_c/cmake/rosidl_runtime_cExport.cmake
-- Installing: /home/saitama1/ros2_foxy/install/rosidl_runtime_c/share/rosidl_runtime_c/cmake/rosidl_runtime_cExport-noconfig.cmake
