[1.032s] Invoking command in '/home/saitama1/ros2_foxy/src/ament/ament_lint/ament_xmllint': AMENT_PREFIX_PATH=/home/saitama1/ros2_foxy/install/ament_copyright:/home/saitama1/ros2_foxy/install/ament_pep257:/home/saitama1/ros2_foxy/install/ament_flake8:/home/saitama1/ros2_foxy/install/ament_lint:/home/saitama1/ros2_foxy/install/test_interface_files:/home/saitama1/ros2_foxy/install/ros_environment:/home/saitama1/ros2_foxy/install/osrf_pycommon:/home/saitama1/ros2_foxy/install/ament_pyflakes:/home/saitama1/ros2_foxy/install/ament_pycodestyle:/home/saitama1/ros2_foxy/install/ament_cmake_version:/home/saitama1/ros2_foxy/install/ament_cmake_test:/home/saitama1/ros2_foxy/install/ament_cmake_target_dependencies:/home/saitama1/ros2_foxy/install/ament_cmake_python:/home/saitama1/ros2_foxy/install/ament_cmake_export_dependencies:/home/saitama1/ros2_foxy/install/ament_cmake_libraries:/home/saitama1/ros2_foxy/install/ament_cmake_include_directories:/home/saitama1/ros2_foxy/install/ament_cmake_export_targets:/home/saitama1/ros2_foxy/install/ament_cmake_export_link_flags:/home/saitama1/ros2_foxy/install/ament_cmake_export_interfaces:/home/saitama1/ros2_foxy/install/ament_cmake_export_libraries:/home/saitama1/ros2_foxy/install/ament_cmake_export_include_directories:/home/saitama1/ros2_foxy/install/ament_cmake_export_definitions:/home/saitama1/ros2_foxy/install/ament_cmake_core:/home/saitama1/ros2_foxy/install/ament_package:/home/saitama1/ros2_foxy/install/ament_mypy:/home/saitama1/ros2_foxy/install/ament_cppcheck PATH=/home/saitama1/ros2_foxy/install/ament_copyright/bin:/home/saitama1/ros2_foxy/install/ament_pep257/bin:/home/saitama1/ros2_foxy/install/ament_flake8/bin:/home/saitama1/ros2_foxy/install/ament_pyflakes/bin:/home/saitama1/ros2_foxy/install/ament_pycodestyle/bin:/home/saitama1/ros2_foxy/install/ament_mypy/bin:/home/saitama1/ros2_foxy/install/ament_cppcheck/bin:/home/saitama1/.local/bin:/usr/local/sbin:/usr/local/bin:/usr/sbin:/usr/bin:/sbin:/bin:/usr/games:/usr/local/games:/snap/bin PYTHONPATH=/home/saitama1/ros2_foxy/install/ament_xmllint/lib/python3.8/site-packages:/home/saitama1/ros2_foxy/install/ament_copyright/lib/python3.8/site-packages:/home/saitama1/ros2_foxy/install/ament_pep257/lib/python3.8/site-packages:/home/saitama1/ros2_foxy/install/ament_flake8/lib/python3.8/site-packages:/home/saitama1/ros2_foxy/install/ament_lint/lib/python3.8/site-packages:/home/saitama1/ros2_foxy/install/osrf_pycommon/lib/python3.8/site-packages:/home/saitama1/ros2_foxy/install/ament_pyflakes/lib/python3.8/site-packages:/home/saitama1/ros2_foxy/install/ament_pycodestyle/lib/python3.8/site-packages:/home/saitama1/ros2_foxy/install/ament_cmake_test/lib/python3.8/site-packages:/home/saitama1/ros2_foxy/install/ament_package/lib/python3.8/site-packages:/home/saitama1/ros2_foxy/install/ament_mypy/lib/python3.8/site-packages:/home/saitama1/ros2_foxy/install/ament_cppcheck/lib/python3.8/site-packages /usr/bin/python3 setup.py egg_info --egg-base ../../../../build/ament_xmllint build --build-base /home/saitama1/ros2_foxy/build/ament_xmllint/build install --prefix /home/saitama1/ros2_foxy/install/ament_xmllint --record /home/saitama1/ros2_foxy/build/ament_xmllint/install.log --single-version-externally-managed
[1.253s] running egg_info
[1.254s] creating ../../../../build/ament_xmllint/ament_xmllint.egg-info
[1.254s] writing ../../../../build/ament_xmllint/ament_xmllint.egg-info/PKG-INFO
[1.254s] writing dependency_links to ../../../../build/ament_xmllint/ament_xmllint.egg-info/dependency_links.txt
[1.254s] writing entry points to ../../../../build/ament_xmllint/ament_xmllint.egg-info/entry_points.txt
[1.255s] writing requirements to ../../../../build/ament_xmllint/ament_xmllint.egg-info/requires.txt
[1.255s] writing top-level names to ../../../../build/ament_xmllint/ament_xmllint.egg-info/top_level.txt
[1.256s] writing manifest file '../../../../build/ament_xmllint/ament_xmllint.egg-info/SOURCES.txt'
[1.289s] reading manifest file '../../../../build/ament_xmllint/ament_xmllint.egg-info/SOURCES.txt'
[1.291s] writing manifest file '../../../../build/ament_xmllint/ament_xmllint.egg-info/SOURCES.txt'
[1.291s] running build
[1.291s] running build_py
[1.291s] creating /home/saitama1/ros2_foxy/build/ament_xmllint/build
[1.291s] creating /home/saitama1/ros2_foxy/build/ament_xmllint/build/lib
[1.291s] creating /home/saitama1/ros2_foxy/build/ament_xmllint/build/lib/ament_xmllint
[1.291s] copying ament_xmllint/pytest_marker.py -> /home/saitama1/ros2_foxy/build/ament_xmllint/build/lib/ament_xmllint
[1.291s] copying ament_xmllint/__init__.py -> /home/saitama1/ros2_foxy/build/ament_xmllint/build/lib/ament_xmllint
[1.291s] copying ament_xmllint/main.py -> /home/saitama1/ros2_foxy/build/ament_xmllint/build/lib/ament_xmllint
[1.291s] running install
[1.292s] running install_lib
[1.297s] creating /home/saitama1/ros2_foxy/install/ament_xmllint/lib/python3.8/site-packages/ament_xmllint
[1.297s] copying /home/saitama1/ros2_foxy/build/ament_xmllint/build/lib/ament_xmllint/pytest_marker.py -> /home/saitama1/ros2_foxy/install/ament_xmllint/lib/python3.8/site-packages/ament_xmllint
[1.298s] copying /home/saitama1/ros2_foxy/build/ament_xmllint/build/lib/ament_xmllint/__init__.py -> /home/saitama1/ros2_foxy/install/ament_xmllint/lib/python3.8/site-packages/ament_xmllint
[1.298s] copying /home/saitama1/ros2_foxy/build/ament_xmllint/build/lib/ament_xmllint/main.py -> /home/saitama1/ros2_foxy/install/ament_xmllint/lib/python3.8/site-packages/ament_xmllint
[1.298s] byte-compiling /home/saitama1/ros2_foxy/install/ament_xmllint/lib/python3.8/site-packages/ament_xmllint/pytest_marker.py to pytest_marker.cpython-38.pyc
[1.298s] byte-compiling /home/saitama1/ros2_foxy/install/ament_xmllint/lib/python3.8/site-packages/ament_xmllint/__init__.py to __init__.cpython-38.pyc
[1.298s] byte-compiling /home/saitama1/ros2_foxy/install/ament_xmllint/lib/python3.8/site-packages/ament_xmllint/main.py to main.cpython-38.pyc
[1.298s] running install_data
[1.298s] copying package.xml -> /home/saitama1/ros2_foxy/install/ament_xmllint/share/ament_xmllint
[1.298s] creating /home/saitama1/ros2_foxy/install/ament_xmllint/share/ament_index
[1.298s] creating /home/saitama1/ros2_foxy/install/ament_xmllint/share/ament_index/resource_index
[1.298s] creating /home/saitama1/ros2_foxy/install/ament_xmllint/share/ament_index/resource_index/packages
[1.298s] copying resource/ament_xmllint -> /home/saitama1/ros2_foxy/install/ament_xmllint/share/ament_index/resource_index/packages
[1.298s] running install_egg_info
[1.299s] Copying ../../../../build/ament_xmllint/ament_xmllint.egg-info to /home/saitama1/ros2_foxy/install/ament_xmllint/lib/python3.8/site-packages/ament_xmllint-0.9.6-py3.8.egg-info
[1.299s] running install_scripts
[1.317s] Installing ament_xmllint script to /home/saitama1/ros2_foxy/install/ament_xmllint/bin
[1.317s] writing list of installed files to '/home/saitama1/ros2_foxy/build/ament_xmllint/install.log'
[1.488s] Invoked command in '/home/saitama1/ros2_foxy/src/ament/ament_lint/ament_xmllint' returned '0': AMENT_PREFIX_PATH=/home/saitama1/ros2_foxy/install/ament_copyright:/home/saitama1/ros2_foxy/install/ament_pep257:/home/saitama1/ros2_foxy/install/ament_flake8:/home/saitama1/ros2_foxy/install/ament_lint:/home/saitama1/ros2_foxy/install/test_interface_files:/home/saitama1/ros2_foxy/install/ros_environment:/home/saitama1/ros2_foxy/install/osrf_pycommon:/home/saitama1/ros2_foxy/install/ament_pyflakes:/home/saitama1/ros2_foxy/install/ament_pycodestyle:/home/saitama1/ros2_foxy/install/ament_cmake_version:/home/saitama1/ros2_foxy/install/ament_cmake_test:/home/saitama1/ros2_foxy/install/ament_cmake_target_dependencies:/home/saitama1/ros2_foxy/install/ament_cmake_python:/home/saitama1/ros2_foxy/install/ament_cmake_export_dependencies:/home/saitama1/ros2_foxy/install/ament_cmake_libraries:/home/saitama1/ros2_foxy/install/ament_cmake_include_directories:/home/saitama1/ros2_foxy/install/ament_cmake_export_targets:/home/saitama1/ros2_foxy/install/ament_cmake_export_link_flags:/home/saitama1/ros2_foxy/install/ament_cmake_export_interfaces:/home/saitama1/ros2_foxy/install/ament_cmake_export_libraries:/home/saitama1/ros2_foxy/install/ament_cmake_export_include_directories:/home/saitama1/ros2_foxy/install/ament_cmake_export_definitions:/home/saitama1/ros2_foxy/install/ament_cmake_core:/home/saitama1/ros2_foxy/install/ament_package:/home/saitama1/ros2_foxy/install/ament_mypy:/home/saitama1/ros2_foxy/install/ament_cppcheck PATH=/home/saitama1/ros2_foxy/install/ament_copyright/bin:/home/saitama1/ros2_foxy/install/ament_pep257/bin:/home/saitama1/ros2_foxy/install/ament_flake8/bin:/home/saitama1/ros2_foxy/install/ament_pyflakes/bin:/home/saitama1/ros2_foxy/install/ament_pycodestyle/bin:/home/saitama1/ros2_foxy/install/ament_mypy/bin:/home/saitama1/ros2_foxy/install/ament_cppcheck/bin:/home/saitama1/.local/bin:/usr/local/sbin:/usr/local/bin:/usr/sbin:/usr/bin:/sbin:/bin:/usr/games:/usr/local/games:/snap/bin PYTHONPATH=/home/saitama1/ros2_foxy/install/ament_xmllint/lib/python3.8/site-packages:/home/saitama1/ros2_foxy/install/ament_copyright/lib/python3.8/site-packages:/home/saitama1/ros2_foxy/install/ament_pep257/lib/python3.8/site-packages:/home/saitama1/ros2_foxy/install/ament_flake8/lib/python3.8/site-packages:/home/saitama1/ros2_foxy/install/ament_lint/lib/python3.8/site-packages:/home/saitama1/ros2_foxy/install/osrf_pycommon/lib/python3.8/site-packages:/home/saitama1/ros2_foxy/install/ament_pyflakes/lib/python3.8/site-packages:/home/saitama1/ros2_foxy/install/ament_pycodestyle/lib/python3.8/site-packages:/home/saitama1/ros2_foxy/install/ament_cmake_test/lib/python3.8/site-packages:/home/saitama1/ros2_foxy/install/ament_package/lib/python3.8/site-packages:/home/saitama1/ros2_foxy/install/ament_mypy/lib/python3.8/site-packages:/home/saitama1/ros2_foxy/install/ament_cppcheck/lib/python3.8/site-packages /usr/bin/python3 setup.py egg_info --egg-base ../../../../build/ament_xmllint build --build-base /home/saitama1/ros2_foxy/build/ament_xmllint/build install --prefix /home/saitama1/ros2_foxy/install/ament_xmllint --record /home/saitama1/ros2_foxy/build/ament_xmllint/install.log --single-version-externally-managed
