-- The C compiler identification is GNU 9.3.0
-- The CXX compiler identification is GNU 9.3.0
-- Check for working C compiler: /usr/bin/cc
-- Check for working C compiler: /usr/bin/cc -- works
-- Detecting C compiler ABI info
-- Detecting C compiler ABI info - done
-- Detecting C compile features
-- Detecting C compile features - done
-- Check for working CXX compiler: /usr/bin/c++
-- Check for working CXX compiler: /usr/bin/c++ -- works
-- Detecting CXX compiler ABI info
-- Detecting CXX compiler ABI info - done
-- Detecting CXX compile features
-- Detecting CXX compile features - done
-- Found ament_cmake: 0.9.8 (/home/saitama1/ros2_foxy/install/ament_cmake/share/ament_cmake/cmake)
-- Found PythonInterp: /usr/bin/python3 (found suitable version "3.8.10", minimum required is "3") 
-- Using PYTHON_EXECUTABLE: /usr/bin/python3
-- Found rosidl_default_generators: 1.0.1 (/home/saitama1/ros2_foxy/install/rosidl_default_generators/share/rosidl_default_generators/cmake)
-- Using all available rosidl_typesupport_c: rosidl_typesupport_fastrtps_c;rosidl_typesupport_introspection_c
-- Found rosidl_adapter: 1.2.1 (/home/saitama1/ros2_foxy/install/rosidl_adapter/share/rosidl_adapter/cmake)
-- Found OpenSSL: /usr/lib/x86_64-linux-gnu/libcrypto.so (found version "1.1.1f")  
-- Found FastRTPS: /home/saitama1/ros2_foxy/install/fastrtps/include  
-- Using all available rosidl_typesupport_cpp: rosidl_typesupport_introspection_cpp;rosidl_typesupport_fastrtps_cpp
-- Found builtin_interfaces: 1.0.0 (/home/saitama1/ros2_foxy/install/builtin_interfaces/share/builtin_interfaces/cmake)
-- Found PythonInterp: /usr/bin/python3 (found version "3.8.10") 
-- Found ament_cmake_ros: 0.9.2 (/home/saitama1/ros2_foxy/install/ament_cmake_ros/share/ament_cmake_ros/cmake)
-- Using all available rosidl_typesupport_c: rosidl_typesupport_fastrtps_c;rosidl_typesupport_introspection_c
-- Using all available rosidl_typesupport_cpp: rosidl_typesupport_introspection_cpp;rosidl_typesupport_fastrtps_cpp
-- Found PythonInterp: /usr/bin/python3 (found suitable version "3.8.10", minimum required is "3.5") 
-- Found python_cmake_module: 0.8.1 (/home/saitama1/ros2_foxy/install/python_cmake_module/share/python_cmake_module/cmake)
-- Found PythonLibs: /usr/lib/x86_64-linux-gnu/libpython3.8.so (found suitable version "3.8.10", minimum required is "3.5") 
-- Using PYTHON_EXECUTABLE: /usr/bin/python3
-- Using PYTHON_INCLUDE_DIRS: /usr/include/python3.8
-- Using PYTHON_LIBRARIES: /usr/lib/x86_64-linux-gnu/libpython3.8.so
-- Found PythonExtra: .so  
-- Found ament_lint_auto: 0.9.6 (/home/saitama1/ros2_foxy/install/ament_lint_auto/share/ament_lint_auto/cmake)
-- Added test 'copyright' to check source files copyright and LICENSE
-- Added test 'lint_cmake' to check CMake code style
-- Added test 'xmllint' to check XML markup files
-- Configuring done
-- Generating done
-- Build files have been written to: /home/saitama1/ros2_foxy/build/rcl_interfaces
[35m[1mScanning dependencies of target rcl_interfaces__cpp[0m
[  0%] [34m[1mGenerating C++ code for ROS interfaces[0m
[  0%] Built target rcl_interfaces__cpp
[  1%] [34m[1mGenerating C code for ROS interfaces[0m
[35m[1mScanning dependencies of target rcl_interfaces__rosidl_generator_c[0m
[  1%] [32mBuilding C object CMakeFiles/rcl_interfaces__rosidl_generator_c.dir/rosidl_generator_c/rcl_interfaces/msg/detail/floating_point_range__functions.c.o[0m
[  1%] [32mBuilding C object CMakeFiles/rcl_interfaces__rosidl_generator_c.dir/rosidl_generator_c/rcl_interfaces/msg/detail/parameter_type__functions.c.o[0m
[  2%] [32mBuilding C object CMakeFiles/rcl_interfaces__rosidl_generator_c.dir/rosidl_generator_c/rcl_interfaces/msg/detail/parameter_value__functions.c.o[0m
[  3%] [32mBuilding C object CMakeFiles/rcl_interfaces__rosidl_generator_c.dir/rosidl_generator_c/rcl_interfaces/msg/detail/set_parameters_result__functions.c.o[0m
[  3%] [32mBuilding C object CMakeFiles/rcl_interfaces__rosidl_generator_c.dir/rosidl_generator_c/rcl_interfaces/srv/detail/describe_parameters__functions.c.o[0m
[  4%] [32mBuilding C object CMakeFiles/rcl_interfaces__rosidl_generator_c.dir/rosidl_generator_c/rcl_interfaces/srv/detail/get_parameters__functions.c.o[0m
[  5%] [32mBuilding C object CMakeFiles/rcl_interfaces__rosidl_generator_c.dir/rosidl_generator_c/rcl_interfaces/srv/detail/get_parameter_types__functions.c.o[0m
[  5%] [32mBuilding C object CMakeFiles/rcl_interfaces__rosidl_generator_c.dir/rosidl_generator_c/rcl_interfaces/srv/detail/list_parameters__functions.c.o[0m
[  6%] [32mBuilding C object CMakeFiles/rcl_interfaces__rosidl_generator_c.dir/rosidl_generator_c/rcl_interfaces/srv/detail/set_parameters_atomically__functions.c.o[0m
[  6%] [32mBuilding C object CMakeFiles/rcl_interfaces__rosidl_generator_c.dir/rosidl_generator_c/rcl_interfaces/srv/detail/set_parameters__functions.c.o[0m
[  7%] [32mBuilding C object CMakeFiles/rcl_interfaces__rosidl_generator_c.dir/rosidl_generator_c/rcl_interfaces/msg/detail/parameter__functions.c.o[0m
[  8%] [32mBuilding C object CMakeFiles/rcl_interfaces__rosidl_generator_c.dir/rosidl_generator_c/rcl_interfaces/msg/detail/parameter_event__functions.c.o[0m
[  8%] [32mBuilding C object CMakeFiles/rcl_interfaces__rosidl_generator_c.dir/rosidl_generator_c/rcl_interfaces/msg/detail/parameter_event_descriptors__functions.c.o[0m
[  9%] [32mBuilding C object CMakeFiles/rcl_interfaces__rosidl_generator_c.dir/rosidl_generator_c/rcl_interfaces/msg/detail/parameter_descriptor__functions.c.o[0m
[  9%] [32mBuilding C object CMakeFiles/rcl_interfaces__rosidl_generator_c.dir/rosidl_generator_c/rcl_interfaces/msg/detail/log__functions.c.o[0m
[ 10%] [32mBuilding C object CMakeFiles/rcl_interfaces__rosidl_generator_c.dir/rosidl_generator_c/rcl_interfaces/msg/detail/list_parameters_result__functions.c.o[0m
[ 11%] [32mBuilding C object CMakeFiles/rcl_interfaces__rosidl_generator_c.dir/rosidl_generator_c/rcl_interfaces/msg/detail/integer_range__functions.c.o[0m
[ 12%] [32m[1mLinking C shared library librcl_interfaces__rosidl_generator_c.so[0m
[ 12%] Built target rcl_interfaces__rosidl_generator_c
[ 12%] [34m[1mGenerating C++ introspection for ROS interfaces[0m
[35m[1mScanning dependencies of target rcl_interfaces__rosidl_typesupport_introspection_cpp[0m
[ 13%] [32mBuilding CXX object CMakeFiles/rcl_interfaces__rosidl_typesupport_introspection_cpp.dir/rosidl_typesupport_introspection_cpp/rcl_interfaces/msg/detail/floating_point_range__type_support.cpp.o[0m
[ 13%] [32mBuilding CXX object CMakeFiles/rcl_interfaces__rosidl_typesupport_introspection_cpp.dir/rosidl_typesupport_introspection_cpp/rcl_interfaces/msg/detail/parameter__type_support.cpp.o[0m
[ 14%] [32mBuilding CXX object CMakeFiles/rcl_interfaces__rosidl_typesupport_introspection_cpp.dir/rosidl_typesupport_introspection_cpp/rcl_interfaces/msg/detail/parameter_type__type_support.cpp.o[0m
[ 14%] [32mBuilding CXX object CMakeFiles/rcl_interfaces__rosidl_typesupport_introspection_cpp.dir/rosidl_typesupport_introspection_cpp/rcl_interfaces/msg/detail/parameter_value__type_support.cpp.o[0m
[ 15%] [32mBuilding CXX object CMakeFiles/rcl_interfaces__rosidl_typesupport_introspection_cpp.dir/rosidl_typesupport_introspection_cpp/rcl_interfaces/msg/detail/set_parameters_result__type_support.cpp.o[0m
[ 16%] [32mBuilding CXX object CMakeFiles/rcl_interfaces__rosidl_typesupport_introspection_cpp.dir/rosidl_typesupport_introspection_cpp/rcl_interfaces/srv/detail/describe_parameters__type_support.cpp.o[0m
[ 16%] [32mBuilding CXX object CMakeFiles/rcl_interfaces__rosidl_typesupport_introspection_cpp.dir/rosidl_typesupport_introspection_cpp/rcl_interfaces/srv/detail/get_parameters__type_support.cpp.o[0m
[ 17%] [32mBuilding CXX object CMakeFiles/rcl_interfaces__rosidl_typesupport_introspection_cpp.dir/rosidl_typesupport_introspection_cpp/rcl_interfaces/srv/detail/get_parameter_types__type_support.cpp.o[0m
[ 18%] [32mBuilding CXX object CMakeFiles/rcl_interfaces__rosidl_typesupport_introspection_cpp.dir/rosidl_typesupport_introspection_cpp/rcl_interfaces/srv/detail/list_parameters__type_support.cpp.o[0m
[ 18%] [32mBuilding CXX object CMakeFiles/rcl_interfaces__rosidl_typesupport_introspection_cpp.dir/rosidl_typesupport_introspection_cpp/rcl_interfaces/srv/detail/set_parameters_atomically__type_support.cpp.o[0m
[ 19%] [32mBuilding CXX object CMakeFiles/rcl_interfaces__rosidl_typesupport_introspection_cpp.dir/rosidl_typesupport_introspection_cpp/rcl_interfaces/srv/detail/set_parameters__type_support.cpp.o[0m
[ 20%] [32mBuilding CXX object CMakeFiles/rcl_interfaces__rosidl_typesupport_introspection_cpp.dir/rosidl_typesupport_introspection_cpp/rcl_interfaces/msg/detail/parameter_event__type_support.cpp.o[0m
[ 21%] [32mBuilding CXX object CMakeFiles/rcl_interfaces__rosidl_typesupport_introspection_cpp.dir/rosidl_typesupport_introspection_cpp/rcl_interfaces/msg/detail/parameter_event_descriptors__type_support.cpp.o[0m
[ 21%] [32mBuilding CXX object CMakeFiles/rcl_interfaces__rosidl_typesupport_introspection_cpp.dir/rosidl_typesupport_introspection_cpp/rcl_interfaces/msg/detail/parameter_descriptor__type_support.cpp.o[0m
[ 22%] [32mBuilding CXX object CMakeFiles/rcl_interfaces__rosidl_typesupport_introspection_cpp.dir/rosidl_typesupport_introspection_cpp/rcl_interfaces/msg/detail/log__type_support.cpp.o[0m
[ 23%] [32mBuilding CXX object CMakeFiles/rcl_interfaces__rosidl_typesupport_introspection_cpp.dir/rosidl_typesupport_introspection_cpp/rcl_interfaces/msg/detail/list_parameters_result__type_support.cpp.o[0m
[ 23%] [32mBuilding CXX object CMakeFiles/rcl_interfaces__rosidl_typesupport_introspection_cpp.dir/rosidl_typesupport_introspection_cpp/rcl_interfaces/msg/detail/integer_range__type_support.cpp.o[0m
[ 24%] [32m[1mLinking CXX shared library librcl_interfaces__rosidl_typesupport_introspection_cpp.so[0m
[ 24%] Built target rcl_interfaces__rosidl_typesupport_introspection_cpp
[ 25%] [34m[1mGenerating C introspection for ROS interfaces[0m
[35m[1mScanning dependencies of target rcl_interfaces__rosidl_typesupport_introspection_c[0m
[ 26%] [32mBuilding C object CMakeFiles/rcl_interfaces__rosidl_typesupport_introspection_c.dir/rosidl_typesupport_introspection_c/rcl_interfaces/msg/detail/floating_point_range__type_support.c.o[0m
[ 27%] [32mBuilding C object CMakeFiles/rcl_interfaces__rosidl_typesupport_introspection_c.dir/rosidl_typesupport_introspection_c/rcl_interfaces/msg/detail/parameter_type__type_support.c.o[0m
[ 27%] [32mBuilding C object CMakeFiles/rcl_interfaces__rosidl_typesupport_introspection_c.dir/rosidl_typesupport_introspection_c/rcl_interfaces/msg/detail/parameter_value__type_support.c.o[0m
[ 28%] [32mBuilding C object CMakeFiles/rcl_interfaces__rosidl_typesupport_introspection_c.dir/rosidl_typesupport_introspection_c/rcl_interfaces/msg/detail/set_parameters_result__type_support.c.o[0m
[ 29%] [32mBuilding C object CMakeFiles/rcl_interfaces__rosidl_typesupport_introspection_c.dir/rosidl_typesupport_introspection_c/rcl_interfaces/srv/detail/describe_parameters__type_support.c.o[0m
[ 29%] [32mBuilding C object CMakeFiles/rcl_interfaces__rosidl_typesupport_introspection_c.dir/rosidl_typesupport_introspection_c/rcl_interfaces/srv/detail/get_parameters__type_support.c.o[0m
[ 30%] [32mBuilding C object CMakeFiles/rcl_interfaces__rosidl_typesupport_introspection_c.dir/rosidl_typesupport_introspection_c/rcl_interfaces/srv/detail/get_parameter_types__type_support.c.o[0m
[ 30%] [32mBuilding C object CMakeFiles/rcl_interfaces__rosidl_typesupport_introspection_c.dir/rosidl_typesupport_introspection_c/rcl_interfaces/srv/detail/list_parameters__type_support.c.o[0m
[ 31%] [32mBuilding C object CMakeFiles/rcl_interfaces__rosidl_typesupport_introspection_c.dir/rosidl_typesupport_introspection_c/rcl_interfaces/srv/detail/set_parameters_atomically__type_support.c.o[0m
[ 32%] [32mBuilding C object CMakeFiles/rcl_interfaces__rosidl_typesupport_introspection_c.dir/rosidl_typesupport_introspection_c/rcl_interfaces/srv/detail/set_parameters__type_support.c.o[0m
[ 33%] [32mBuilding C object CMakeFiles/rcl_interfaces__rosidl_typesupport_introspection_c.dir/rosidl_typesupport_introspection_c/rcl_interfaces/msg/detail/parameter__type_support.c.o[0m
[ 33%] [32mBuilding C object CMakeFiles/rcl_interfaces__rosidl_typesupport_introspection_c.dir/rosidl_typesupport_introspection_c/rcl_interfaces/msg/detail/parameter_event__type_support.c.o[0m
[ 34%] [32mBuilding C object CMakeFiles/rcl_interfaces__rosidl_typesupport_introspection_c.dir/rosidl_typesupport_introspection_c/rcl_interfaces/msg/detail/parameter_event_descriptors__type_support.c.o[0m
[ 35%] [32mBuilding C object CMakeFiles/rcl_interfaces__rosidl_typesupport_introspection_c.dir/rosidl_typesupport_introspection_c/rcl_interfaces/msg/detail/parameter_descriptor__type_support.c.o[0m
[ 35%] [32mBuilding C object CMakeFiles/rcl_interfaces__rosidl_typesupport_introspection_c.dir/rosidl_typesupport_introspection_c/rcl_interfaces/msg/detail/log__type_support.c.o[0m
[ 36%] [32mBuilding C object CMakeFiles/rcl_interfaces__rosidl_typesupport_introspection_c.dir/rosidl_typesupport_introspection_c/rcl_interfaces/msg/detail/list_parameters_result__type_support.c.o[0m
[ 36%] [32mBuilding C object CMakeFiles/rcl_interfaces__rosidl_typesupport_introspection_c.dir/rosidl_typesupport_introspection_c/rcl_interfaces/msg/detail/integer_range__type_support.c.o[0m
[ 36%] [32m[1mLinking C shared library librcl_interfaces__rosidl_typesupport_introspection_c.so[0m
[ 36%] Built target rcl_interfaces__rosidl_typesupport_introspection_c
[ 37%] [34m[1mGenerating C type support dispatch for ROS interfaces[0m
[35m[1mScanning dependencies of target rcl_interfaces__rosidl_typesupport_c[0m
[ 37%] [32mBuilding CXX object CMakeFiles/rcl_interfaces__rosidl_typesupport_c.dir/rosidl_typesupport_c/rcl_interfaces/msg/floating_point_range__type_support.cpp.o[0m
[ 38%] [32mBuilding CXX object CMakeFiles/rcl_interfaces__rosidl_typesupport_c.dir/rosidl_typesupport_c/rcl_interfaces/msg/parameter_value__type_support.cpp.o[0m
[ 39%] [32mBuilding CXX object CMakeFiles/rcl_interfaces__rosidl_typesupport_c.dir/rosidl_typesupport_c/rcl_interfaces/msg/set_parameters_result__type_support.cpp.o[0m
[ 39%] [32mBuilding CXX object CMakeFiles/rcl_interfaces__rosidl_typesupport_c.dir/rosidl_typesupport_c/rcl_interfaces/srv/describe_parameters__type_support.cpp.o[0m
[ 40%] [32mBuilding CXX object CMakeFiles/rcl_interfaces__rosidl_typesupport_c.dir/rosidl_typesupport_c/rcl_interfaces/srv/get_parameters__type_support.cpp.o[0m
[ 40%] [32mBuilding CXX object CMakeFiles/rcl_interfaces__rosidl_typesupport_c.dir/rosidl_typesupport_c/rcl_interfaces/srv/get_parameter_types__type_support.cpp.o[0m
[ 41%] [32mBuilding CXX object CMakeFiles/rcl_interfaces__rosidl_typesupport_c.dir/rosidl_typesupport_c/rcl_interfaces/srv/list_parameters__type_support.cpp.o[0m
[ 42%] [32mBuilding CXX object CMakeFiles/rcl_interfaces__rosidl_typesupport_c.dir/rosidl_typesupport_c/rcl_interfaces/srv/set_parameters_atomically__type_support.cpp.o[0m
[ 42%] [32mBuilding CXX object CMakeFiles/rcl_interfaces__rosidl_typesupport_c.dir/rosidl_typesupport_c/rcl_interfaces/srv/set_parameters__type_support.cpp.o[0m
[ 42%] [32mBuilding CXX object CMakeFiles/rcl_interfaces__rosidl_typesupport_c.dir/rosidl_typesupport_c/rcl_interfaces/msg/parameter_type__type_support.cpp.o[0m
[ 43%] [32mBuilding CXX object CMakeFiles/rcl_interfaces__rosidl_typesupport_c.dir/rosidl_typesupport_c/rcl_interfaces/msg/parameter__type_support.cpp.o[0m
[ 44%] [32mBuilding CXX object CMakeFiles/rcl_interfaces__rosidl_typesupport_c.dir/rosidl_typesupport_c/rcl_interfaces/msg/parameter_event__type_support.cpp.o[0m
[ 44%] [32mBuilding CXX object CMakeFiles/rcl_interfaces__rosidl_typesupport_c.dir/rosidl_typesupport_c/rcl_interfaces/msg/parameter_event_descriptors__type_support.cpp.o[0m
[ 45%] [32mBuilding CXX object CMakeFiles/rcl_interfaces__rosidl_typesupport_c.dir/rosidl_typesupport_c/rcl_interfaces/msg/parameter_descriptor__type_support.cpp.o[0m
[ 45%] [32mBuilding CXX object CMakeFiles/rcl_interfaces__rosidl_typesupport_c.dir/rosidl_typesupport_c/rcl_interfaces/msg/log__type_support.cpp.o[0m
[ 46%] [32mBuilding CXX object CMakeFiles/rcl_interfaces__rosidl_typesupport_c.dir/rosidl_typesupport_c/rcl_interfaces/msg/list_parameters_result__type_support.cpp.o[0m
[ 47%] [32mBuilding CXX object CMakeFiles/rcl_interfaces__rosidl_typesupport_c.dir/rosidl_typesupport_c/rcl_interfaces/msg/integer_range__type_support.cpp.o[0m
[ 48%] [32m[1mLinking CXX shared library librcl_interfaces__rosidl_typesupport_c.so[0m
[ 48%] Built target rcl_interfaces__rosidl_typesupport_c
[ 49%] [34m[1mGenerating C++ type support for eProsima Fast-RTPS[0m
[35m[1mScanning dependencies of target rcl_interfaces__rosidl_typesupport_fastrtps_cpp[0m
[ 50%] [32mBuilding CXX object CMakeFiles/rcl_interfaces__rosidl_typesupport_fastrtps_cpp.dir/rosidl_typesupport_fastrtps_cpp/rcl_interfaces/msg/detail/dds_fastrtps/floating_point_range__type_support.cpp.o[0m
[ 51%] [32mBuilding CXX object CMakeFiles/rcl_interfaces__rosidl_typesupport_fastrtps_cpp.dir/rosidl_typesupport_fastrtps_cpp/rcl_interfaces/msg/detail/dds_fastrtps/set_parameters_result__type_support.cpp.o[0m
[ 52%] [32mBuilding CXX object CMakeFiles/rcl_interfaces__rosidl_typesupport_fastrtps_cpp.dir/rosidl_typesupport_fastrtps_cpp/rcl_interfaces/srv/detail/dds_fastrtps/describe_parameters__type_support.cpp.o[0m
[ 52%] [32mBuilding CXX object CMakeFiles/rcl_interfaces__rosidl_typesupport_fastrtps_cpp.dir/rosidl_typesupport_fastrtps_cpp/rcl_interfaces/srv/detail/dds_fastrtps/get_parameters__type_support.cpp.o[0m
[ 53%] [32mBuilding CXX object CMakeFiles/rcl_interfaces__rosidl_typesupport_fastrtps_cpp.dir/rosidl_typesupport_fastrtps_cpp/rcl_interfaces/srv/detail/dds_fastrtps/get_parameter_types__type_support.cpp.o[0m
[ 53%] [32mBuilding CXX object CMakeFiles/rcl_interfaces__rosidl_typesupport_fastrtps_cpp.dir/rosidl_typesupport_fastrtps_cpp/rcl_interfaces/srv/detail/dds_fastrtps/list_parameters__type_support.cpp.o[0m
[ 54%] [32mBuilding CXX object CMakeFiles/rcl_interfaces__rosidl_typesupport_fastrtps_cpp.dir/rosidl_typesupport_fastrtps_cpp/rcl_interfaces/srv/detail/dds_fastrtps/set_parameters_atomically__type_support.cpp.o[0m
[ 55%] [32mBuilding CXX object CMakeFiles/rcl_interfaces__rosidl_typesupport_fastrtps_cpp.dir/rosidl_typesupport_fastrtps_cpp/rcl_interfaces/srv/detail/dds_fastrtps/set_parameters__type_support.cpp.o[0m
[ 55%] [32mBuilding CXX object CMakeFiles/rcl_interfaces__rosidl_typesupport_fastrtps_cpp.dir/rosidl_typesupport_fastrtps_cpp/rcl_interfaces/msg/detail/dds_fastrtps/parameter_value__type_support.cpp.o[0m
[ 56%] [32mBuilding CXX object CMakeFiles/rcl_interfaces__rosidl_typesupport_fastrtps_cpp.dir/rosidl_typesupport_fastrtps_cpp/rcl_interfaces/msg/detail/dds_fastrtps/parameter_type__type_support.cpp.o[0m
[ 57%] [32mBuilding CXX object CMakeFiles/rcl_interfaces__rosidl_typesupport_fastrtps_cpp.dir/rosidl_typesupport_fastrtps_cpp/rcl_interfaces/msg/detail/dds_fastrtps/parameter__type_support.cpp.o[0m
[ 57%] [32mBuilding CXX object CMakeFiles/rcl_interfaces__rosidl_typesupport_fastrtps_cpp.dir/rosidl_typesupport_fastrtps_cpp/rcl_interfaces/msg/detail/dds_fastrtps/parameter_event__type_support.cpp.o[0m
[ 58%] [32mBuilding CXX object CMakeFiles/rcl_interfaces__rosidl_typesupport_fastrtps_cpp.dir/rosidl_typesupport_fastrtps_cpp/rcl_interfaces/msg/detail/dds_fastrtps/parameter_event_descriptors__type_support.cpp.o[0m
[ 58%] [32mBuilding CXX object CMakeFiles/rcl_interfaces__rosidl_typesupport_fastrtps_cpp.dir/rosidl_typesupport_fastrtps_cpp/rcl_interfaces/msg/detail/dds_fastrtps/parameter_descriptor__type_support.cpp.o[0m
[ 59%] [32mBuilding CXX object CMakeFiles/rcl_interfaces__rosidl_typesupport_fastrtps_cpp.dir/rosidl_typesupport_fastrtps_cpp/rcl_interfaces/msg/detail/dds_fastrtps/log__type_support.cpp.o[0m
[ 60%] [32mBuilding CXX object CMakeFiles/rcl_interfaces__rosidl_typesupport_fastrtps_cpp.dir/rosidl_typesupport_fastrtps_cpp/rcl_interfaces/msg/detail/dds_fastrtps/list_parameters_result__type_support.cpp.o[0m
[ 60%] [32mBuilding CXX object CMakeFiles/rcl_interfaces__rosidl_typesupport_fastrtps_cpp.dir/rosidl_typesupport_fastrtps_cpp/rcl_interfaces/msg/detail/dds_fastrtps/integer_range__type_support.cpp.o[0m
[ 60%] [32m[1mLinking CXX shared library librcl_interfaces__rosidl_typesupport_fastrtps_cpp.so[0m
[ 60%] Built target rcl_interfaces__rosidl_typesupport_fastrtps_cpp
[ 61%] [34m[1mGenerating C++ type support dispatch for ROS interfaces[0m
[35m[1mScanning dependencies of target rcl_interfaces__rosidl_typesupport_cpp[0m
[ 61%] [32mBuilding CXX object CMakeFiles/rcl_interfaces__rosidl_typesupport_cpp.dir/rosidl_typesupport_cpp/rcl_interfaces/msg/floating_point_range__type_support.cpp.o[0m
[ 62%] [32mBuilding CXX object CMakeFiles/rcl_interfaces__rosidl_typesupport_cpp.dir/rosidl_typesupport_cpp/rcl_interfaces/msg/set_parameters_result__type_support.cpp.o[0m
[ 62%] [32mBuilding CXX object CMakeFiles/rcl_interfaces__rosidl_typesupport_cpp.dir/rosidl_typesupport_cpp/rcl_interfaces/srv/describe_parameters__type_support.cpp.o[0m
[ 63%] [32mBuilding CXX object CMakeFiles/rcl_interfaces__rosidl_typesupport_cpp.dir/rosidl_typesupport_cpp/rcl_interfaces/srv/get_parameters__type_support.cpp.o[0m
[ 64%] [32mBuilding CXX object CMakeFiles/rcl_interfaces__rosidl_typesupport_cpp.dir/rosidl_typesupport_cpp/rcl_interfaces/srv/get_parameter_types__type_support.cpp.o[0m
[ 64%] [32mBuilding CXX object CMakeFiles/rcl_interfaces__rosidl_typesupport_cpp.dir/rosidl_typesupport_cpp/rcl_interfaces/srv/list_parameters__type_support.cpp.o[0m
[ 65%] [32mBuilding CXX object CMakeFiles/rcl_interfaces__rosidl_typesupport_cpp.dir/rosidl_typesupport_cpp/rcl_interfaces/srv/set_parameters_atomically__type_support.cpp.o[0m
[ 66%] [32mBuilding CXX object CMakeFiles/rcl_interfaces__rosidl_typesupport_cpp.dir/rosidl_typesupport_cpp/rcl_interfaces/srv/set_parameters__type_support.cpp.o[0m
[ 66%] [32mBuilding CXX object CMakeFiles/rcl_interfaces__rosidl_typesupport_cpp.dir/rosidl_typesupport_cpp/rcl_interfaces/msg/parameter_value__type_support.cpp.o[0m
[ 67%] [32mBuilding CXX object CMakeFiles/rcl_interfaces__rosidl_typesupport_cpp.dir/rosidl_typesupport_cpp/rcl_interfaces/msg/parameter_type__type_support.cpp.o[0m
[ 68%] [32mBuilding CXX object CMakeFiles/rcl_interfaces__rosidl_typesupport_cpp.dir/rosidl_typesupport_cpp/rcl_interfaces/msg/parameter__type_support.cpp.o[0m
[ 68%] [32mBuilding CXX object CMakeFiles/rcl_interfaces__rosidl_typesupport_cpp.dir/rosidl_typesupport_cpp/rcl_interfaces/msg/parameter_event__type_support.cpp.o[0m
[ 69%] [32mBuilding CXX object CMakeFiles/rcl_interfaces__rosidl_typesupport_cpp.dir/rosidl_typesupport_cpp/rcl_interfaces/msg/parameter_event_descriptors__type_support.cpp.o[0m
[ 70%] [32mBuilding CXX object CMakeFiles/rcl_interfaces__rosidl_typesupport_cpp.dir/rosidl_typesupport_cpp/rcl_interfaces/msg/parameter_descriptor__type_support.cpp.o[0m
[ 70%] [32mBuilding CXX object CMakeFiles/rcl_interfaces__rosidl_typesupport_cpp.dir/rosidl_typesupport_cpp/rcl_interfaces/msg/log__type_support.cpp.o[0m
[ 71%] [32mBuilding CXX object CMakeFiles/rcl_interfaces__rosidl_typesupport_cpp.dir/rosidl_typesupport_cpp/rcl_interfaces/msg/list_parameters_result__type_support.cpp.o[0m
[ 72%] [32mBuilding CXX object CMakeFiles/rcl_interfaces__rosidl_typesupport_cpp.dir/rosidl_typesupport_cpp/rcl_interfaces/msg/integer_range__type_support.cpp.o[0m
[ 72%] [32m[1mLinking CXX shared library librcl_interfaces__rosidl_typesupport_cpp.so[0m
[ 72%] Built target rcl_interfaces__rosidl_typesupport_cpp
[ 73%] [34m[1mGenerating C type support for eProsima Fast-RTPS[0m
[35m[1mScanning dependencies of target rcl_interfaces__rosidl_typesupport_fastrtps_c[0m
[ 73%] [32mBuilding CXX object CMakeFiles/rcl_interfaces__rosidl_typesupport_fastrtps_c.dir/rosidl_typesupport_fastrtps_c/rcl_interfaces/msg/detail/floating_point_range__type_support_c.cpp.o[0m
[ 73%] [32mBuilding CXX object CMakeFiles/rcl_interfaces__rosidl_typesupport_fastrtps_c.dir/rosidl_typesupport_fastrtps_c/rcl_interfaces/srv/detail/describe_parameters__type_support_c.cpp.o[0m
[ 74%] [32mBuilding CXX object CMakeFiles/rcl_interfaces__rosidl_typesupport_fastrtps_c.dir/rosidl_typesupport_fastrtps_c/rcl_interfaces/srv/detail/get_parameters__type_support_c.cpp.o[0m
[ 75%] [32mBuilding CXX object CMakeFiles/rcl_interfaces__rosidl_typesupport_fastrtps_c.dir/rosidl_typesupport_fastrtps_c/rcl_interfaces/srv/detail/get_parameter_types__type_support_c.cpp.o[0m
[ 75%] [32mBuilding CXX object CMakeFiles/rcl_interfaces__rosidl_typesupport_fastrtps_c.dir/rosidl_typesupport_fastrtps_c/rcl_interfaces/srv/detail/list_parameters__type_support_c.cpp.o[0m
[ 76%] [32mBuilding CXX object CMakeFiles/rcl_interfaces__rosidl_typesupport_fastrtps_c.dir/rosidl_typesupport_fastrtps_c/rcl_interfaces/srv/detail/set_parameters_atomically__type_support_c.cpp.o[0m
[ 77%] [32mBuilding CXX object CMakeFiles/rcl_interfaces__rosidl_typesupport_fastrtps_c.dir/rosidl_typesupport_fastrtps_c/rcl_interfaces/srv/detail/set_parameters__type_support_c.cpp.o[0m
[ 78%] [32mBuilding CXX object CMakeFiles/rcl_interfaces__rosidl_typesupport_fastrtps_c.dir/rosidl_typesupport_fastrtps_c/rcl_interfaces/msg/detail/set_parameters_result__type_support_c.cpp.o[0m
[ 79%] [32mBuilding CXX object CMakeFiles/rcl_interfaces__rosidl_typesupport_fastrtps_c.dir/rosidl_typesupport_fastrtps_c/rcl_interfaces/msg/detail/parameter_value__type_support_c.cpp.o[0m
[ 79%] [32mBuilding CXX object CMakeFiles/rcl_interfaces__rosidl_typesupport_fastrtps_c.dir/rosidl_typesupport_fastrtps_c/rcl_interfaces/msg/detail/parameter_type__type_support_c.cpp.o[0m
[ 80%] [32mBuilding CXX object CMakeFiles/rcl_interfaces__rosidl_typesupport_fastrtps_c.dir/rosidl_typesupport_fastrtps_c/rcl_interfaces/msg/detail/parameter__type_support_c.cpp.o[0m
[ 80%] [32mBuilding CXX object CMakeFiles/rcl_interfaces__rosidl_typesupport_fastrtps_c.dir/rosidl_typesupport_fastrtps_c/rcl_interfaces/msg/detail/parameter_event__type_support_c.cpp.o[0m
[ 81%] [32mBuilding CXX object CMakeFiles/rcl_interfaces__rosidl_typesupport_fastrtps_c.dir/rosidl_typesupport_fastrtps_c/rcl_interfaces/msg/detail/parameter_event_descriptors__type_support_c.cpp.o[0m
[ 82%] [32mBuilding CXX object CMakeFiles/rcl_interfaces__rosidl_typesupport_fastrtps_c.dir/rosidl_typesupport_fastrtps_c/rcl_interfaces/msg/detail/parameter_descriptor__type_support_c.cpp.o[0m
[ 82%] [32mBuilding CXX object CMakeFiles/rcl_interfaces__rosidl_typesupport_fastrtps_c.dir/rosidl_typesupport_fastrtps_c/rcl_interfaces/msg/detail/log__type_support_c.cpp.o[0m
[ 83%] [32mBuilding CXX object CMakeFiles/rcl_interfaces__rosidl_typesupport_fastrtps_c.dir/rosidl_typesupport_fastrtps_c/rcl_interfaces/msg/detail/list_parameters_result__type_support_c.cpp.o[0m
[ 84%] [32mBuilding CXX object CMakeFiles/rcl_interfaces__rosidl_typesupport_fastrtps_c.dir/rosidl_typesupport_fastrtps_c/rcl_interfaces/msg/detail/integer_range__type_support_c.cpp.o[0m
[ 84%] [32m[1mLinking CXX shared library librcl_interfaces__rosidl_typesupport_fastrtps_c.so[0m
[ 84%] Built target rcl_interfaces__rosidl_typesupport_fastrtps_c
[35m[1mScanning dependencies of target rcl_interfaces[0m
[ 84%] Built target rcl_interfaces
[35m[1mScanning dependencies of target rcl_interfaces__py[0m
[ 85%] [34m[1mGenerating Python code for ROS interfaces[0m
[ 85%] Built target rcl_interfaces__py
[35m[1mScanning dependencies of target rcl_interfaces__python[0m
[ 85%] [32mBuilding C object CMakeFiles/rcl_interfaces__python.dir/rosidl_generator_py/rcl_interfaces/msg/_floating_point_range_s.c.o[0m
[ 85%] [32mBuilding C object CMakeFiles/rcl_interfaces__python.dir/rosidl_generator_py/rcl_interfaces/srv/_describe_parameters_s.c.o[0m
[ 86%] [32mBuilding C object CMakeFiles/rcl_interfaces__python.dir/rosidl_generator_py/rcl_interfaces/srv/_get_parameters_s.c.o[0m
[ 87%] [32mBuilding C object CMakeFiles/rcl_interfaces__python.dir/rosidl_generator_py/rcl_interfaces/srv/_get_parameter_types_s.c.o[0m
[ 87%] [32mBuilding C object CMakeFiles/rcl_interfaces__python.dir/rosidl_generator_py/rcl_interfaces/srv/_list_parameters_s.c.o[0m
[ 88%] [32mBuilding C object CMakeFiles/rcl_interfaces__python.dir/rosidl_generator_py/rcl_interfaces/srv/_set_parameters_atomically_s.c.o[0m
[ 88%] [32mBuilding C object CMakeFiles/rcl_interfaces__python.dir/rosidl_generator_py/rcl_interfaces/srv/_set_parameters_s.c.o[0m
[ 89%] [32mBuilding C object CMakeFiles/rcl_interfaces__python.dir/rosidl_generator_py/rcl_interfaces/msg/_set_parameters_result_s.c.o[0m
[ 90%] [32mBuilding C object CMakeFiles/rcl_interfaces__python.dir/rosidl_generator_py/rcl_interfaces/msg/_parameter_value_s.c.o[0m
[ 90%] [32mBuilding C object CMakeFiles/rcl_interfaces__python.dir/rosidl_generator_py/rcl_interfaces/msg/_parameter_type_s.c.o[0m
[ 91%] [32mBuilding C object CMakeFiles/rcl_interfaces__python.dir/rosidl_generator_py/rcl_interfaces/msg/_parameter_s.c.o[0m
[ 91%] [32mBuilding C object CMakeFiles/rcl_interfaces__python.dir/rosidl_generator_py/rcl_interfaces/msg/_parameter_event_s.c.o[0m
[ 92%] [32mBuilding C object CMakeFiles/rcl_interfaces__python.dir/rosidl_generator_py/rcl_interfaces/msg/_parameter_event_descriptors_s.c.o[0m
[ 93%] [32mBuilding C object CMakeFiles/rcl_interfaces__python.dir/rosidl_generator_py/rcl_interfaces/msg/_parameter_descriptor_s.c.o[0m
[ 93%] [32mBuilding C object CMakeFiles/rcl_interfaces__python.dir/rosidl_generator_py/rcl_interfaces/msg/_log_s.c.o[0m
[ 94%] [32mBuilding C object CMakeFiles/rcl_interfaces__python.dir/rosidl_generator_py/rcl_interfaces/msg/_list_parameters_result_s.c.o[0m
[ 95%] [32mBuilding C object CMakeFiles/rcl_interfaces__python.dir/rosidl_generator_py/rcl_interfaces/msg/_integer_range_s.c.o[0m
[ 96%] [32m[1mLinking C shared library rosidl_generator_py/rcl_interfaces/librcl_interfaces__python.so[0m
[ 96%] Built target rcl_interfaces__python
[35m[1mScanning dependencies of target rcl_interfaces__rosidl_typesupport_c__pyext[0m
[ 97%] [32mBuilding C object CMakeFiles/rcl_interfaces__rosidl_typesupport_c__pyext.dir/rosidl_generator_py/rcl_interfaces/_rcl_interfaces_s.ep.rosidl_typesupport_c.c.o[0m
[ 97%] [32m[1mLinking C shared library rosidl_generator_py/rcl_interfaces/rcl_interfaces_s__rosidl_typesupport_c.cpython-38-x86_64-linux-gnu.so[0m
[ 97%] Built target rcl_interfaces__rosidl_typesupport_c__pyext
[35m[1mScanning dependencies of target rcl_interfaces__rosidl_typesupport_introspection_c__pyext[0m
[ 98%] [32mBuilding C object CMakeFiles/rcl_interfaces__rosidl_typesupport_introspection_c__pyext.dir/rosidl_generator_py/rcl_interfaces/_rcl_interfaces_s.ep.rosidl_typesupport_introspection_c.c.o[0m
[ 99%] [32m[1mLinking C shared library rosidl_generator_py/rcl_interfaces/rcl_interfaces_s__rosidl_typesupport_introspection_c.cpython-38-x86_64-linux-gnu.so[0m
[ 99%] Built target rcl_interfaces__rosidl_typesupport_introspection_c__pyext
[35m[1mScanning dependencies of target rcl_interfaces__rosidl_typesupport_fastrtps_c__pyext[0m
[100%] [32mBuilding C object CMakeFiles/rcl_interfaces__rosidl_typesupport_fastrtps_c__pyext.dir/rosidl_generator_py/rcl_interfaces/_rcl_interfaces_s.ep.rosidl_typesupport_fastrtps_c.c.o[0m
[100%] [32m[1mLinking CXX shared library rosidl_generator_py/rcl_interfaces/rcl_interfaces_s__rosidl_typesupport_fastrtps_c.cpython-38-x86_64-linux-gnu.so[0m
[100%] Built target rcl_interfaces__rosidl_typesupport_fastrtps_c__pyext
-- Install configuration: ""
-- Installing: /home/saitama1/ros2_foxy/install/rcl_interfaces/share/ament_index/resource_index/rosidl_interfaces/rcl_interfaces
-- Installing: /home/saitama1/ros2_foxy/install/rcl_interfaces/include/rcl_interfaces
-- Installing: /home/saitama1/ros2_foxy/install/rcl_interfaces/include/rcl_interfaces/srv
-- Installing: /home/saitama1/ros2_foxy/install/rcl_interfaces/include/rcl_interfaces/srv/set_parameters_atomically.h
-- Installing: /home/saitama1/ros2_foxy/install/rcl_interfaces/include/rcl_interfaces/srv/list_parameters.h
-- Installing: /home/saitama1/ros2_foxy/install/rcl_interfaces/include/rcl_interfaces/srv/get_parameter_types.h
-- Installing: /home/saitama1/ros2_foxy/install/rcl_interfaces/include/rcl_interfaces/srv/describe_parameters.h
-- Installing: /home/saitama1/ros2_foxy/install/rcl_interfaces/include/rcl_interfaces/srv/set_parameters.h
-- Installing: /home/saitama1/ros2_foxy/install/rcl_interfaces/include/rcl_interfaces/srv/get_parameters.h
-- Installing: /home/saitama1/ros2_foxy/install/rcl_interfaces/include/rcl_interfaces/srv/detail
-- Installing: /home/saitama1/ros2_foxy/install/rcl_interfaces/include/rcl_interfaces/srv/detail/describe_parameters__struct.h
-- Installing: /home/saitama1/ros2_foxy/install/rcl_interfaces/include/rcl_interfaces/srv/detail/get_parameters__type_support.h
-- Installing: /home/saitama1/ros2_foxy/install/rcl_interfaces/include/rcl_interfaces/srv/detail/get_parameter_types__struct.h
-- Installing: /home/saitama1/ros2_foxy/install/rcl_interfaces/include/rcl_interfaces/srv/detail/list_parameters__functions.c
-- Installing: /home/saitama1/ros2_foxy/install/rcl_interfaces/include/rcl_interfaces/srv/detail/set_parameters_atomically__type_support.h
-- Installing: /home/saitama1/ros2_foxy/install/rcl_interfaces/include/rcl_interfaces/srv/detail/describe_parameters__type_support.h
-- Installing: /home/saitama1/ros2_foxy/install/rcl_interfaces/include/rcl_interfaces/srv/detail/set_parameters__functions.c
-- Installing: /home/saitama1/ros2_foxy/install/rcl_interfaces/include/rcl_interfaces/srv/detail/get_parameter_types__type_support.h
-- Installing: /home/saitama1/ros2_foxy/install/rcl_interfaces/include/rcl_interfaces/srv/detail/get_parameter_types__functions.c
-- Installing: /home/saitama1/ros2_foxy/install/rcl_interfaces/include/rcl_interfaces/srv/detail/set_parameters__type_support.h
-- Installing: /home/saitama1/ros2_foxy/install/rcl_interfaces/include/rcl_interfaces/srv/detail/set_parameters_atomically__functions.h
-- Installing: /home/saitama1/ros2_foxy/install/rcl_interfaces/include/rcl_interfaces/srv/detail/list_parameters__struct.h
-- Installing: /home/saitama1/ros2_foxy/install/rcl_interfaces/include/rcl_interfaces/srv/detail/list_parameters__functions.h
-- Installing: /home/saitama1/ros2_foxy/install/rcl_interfaces/include/rcl_interfaces/srv/detail/get_parameters__functions.c
-- Installing: /home/saitama1/ros2_foxy/install/rcl_interfaces/include/rcl_interfaces/srv/detail/set_parameters_atomically__functions.c
-- Installing: /home/saitama1/ros2_foxy/install/rcl_interfaces/include/rcl_interfaces/srv/detail/set_parameters_atomically__struct.h
-- Installing: /home/saitama1/ros2_foxy/install/rcl_interfaces/include/rcl_interfaces/srv/detail/get_parameters__functions.h
-- Installing: /home/saitama1/ros2_foxy/install/rcl_interfaces/include/rcl_interfaces/srv/detail/describe_parameters__functions.c
-- Installing: /home/saitama1/ros2_foxy/install/rcl_interfaces/include/rcl_interfaces/srv/detail/set_parameters__functions.h
-- Installing: /home/saitama1/ros2_foxy/install/rcl_interfaces/include/rcl_interfaces/srv/detail/set_parameters__struct.h
-- Installing: /home/saitama1/ros2_foxy/install/rcl_interfaces/include/rcl_interfaces/srv/detail/get_parameter_types__functions.h
-- Installing: /home/saitama1/ros2_foxy/install/rcl_interfaces/include/rcl_interfaces/srv/detail/list_parameters__type_support.h
-- Installing: /home/saitama1/ros2_foxy/install/rcl_interfaces/include/rcl_interfaces/srv/detail/get_parameters__struct.h
-- Installing: /home/saitama1/ros2_foxy/install/rcl_interfaces/include/rcl_interfaces/srv/detail/describe_parameters__functions.h
-- Installing: /home/saitama1/ros2_foxy/install/rcl_interfaces/include/rcl_interfaces/msg
-- Installing: /home/saitama1/ros2_foxy/install/rcl_interfaces/include/rcl_interfaces/msg/floating_point_range.h
-- Installing: /home/saitama1/ros2_foxy/install/rcl_interfaces/include/rcl_interfaces/msg/log.h
-- Installing: /home/saitama1/ros2_foxy/install/rcl_interfaces/include/rcl_interfaces/msg/parameter_event_descriptors.h
-- Installing: /home/saitama1/ros2_foxy/install/rcl_interfaces/include/rcl_interfaces/msg/set_parameters_result.h
-- Installing: /home/saitama1/ros2_foxy/install/rcl_interfaces/include/rcl_interfaces/msg/parameter.h
-- Installing: /home/saitama1/ros2_foxy/install/rcl_interfaces/include/rcl_interfaces/msg/integer_range.h
-- Installing: /home/saitama1/ros2_foxy/install/rcl_interfaces/include/rcl_interfaces/msg/parameter_type.h
-- Installing: /home/saitama1/ros2_foxy/install/rcl_interfaces/include/rcl_interfaces/msg/parameter_event.h
-- Installing: /home/saitama1/ros2_foxy/install/rcl_interfaces/include/rcl_interfaces/msg/parameter_value.h
-- Installing: /home/saitama1/ros2_foxy/install/rcl_interfaces/include/rcl_interfaces/msg/rosidl_generator_c__visibility_control.h
-- Installing: /home/saitama1/ros2_foxy/install/rcl_interfaces/include/rcl_interfaces/msg/parameter_descriptor.h
-- Installing: /home/saitama1/ros2_foxy/install/rcl_interfaces/include/rcl_interfaces/msg/list_parameters_result.h
-- Installing: /home/saitama1/ros2_foxy/install/rcl_interfaces/include/rcl_interfaces/msg/detail
-- Installing: /home/saitama1/ros2_foxy/install/rcl_interfaces/include/rcl_interfaces/msg/detail/parameter_event__struct.h
-- Installing: /home/saitama1/ros2_foxy/install/rcl_interfaces/include/rcl_interfaces/msg/detail/parameter_descriptor__type_support.h
-- Installing: /home/saitama1/ros2_foxy/install/rcl_interfaces/include/rcl_interfaces/msg/detail/parameter_type__type_support.h
-- Installing: /home/saitama1/ros2_foxy/install/rcl_interfaces/include/rcl_interfaces/msg/detail/list_parameters_result__type_support.h
-- Installing: /home/saitama1/ros2_foxy/install/rcl_interfaces/include/rcl_interfaces/msg/detail/set_parameters_result__functions.h
-- Installing: /home/saitama1/ros2_foxy/install/rcl_interfaces/include/rcl_interfaces/msg/detail/parameter_type__struct.h
-- Installing: /home/saitama1/ros2_foxy/install/rcl_interfaces/include/rcl_interfaces/msg/detail/parameter_event_descriptors__functions.h
-- Installing: /home/saitama1/ros2_foxy/install/rcl_interfaces/include/rcl_interfaces/msg/detail/integer_range__functions.c
-- Installing: /home/saitama1/ros2_foxy/install/rcl_interfaces/include/rcl_interfaces/msg/detail/parameter_event_descriptors__struct.h
-- Installing: /home/saitama1/ros2_foxy/install/rcl_interfaces/include/rcl_interfaces/msg/detail/parameter_value__functions.c
-- Installing: /home/saitama1/ros2_foxy/install/rcl_interfaces/include/rcl_interfaces/msg/detail/parameter_event__functions.c
-- Installing: /home/saitama1/ros2_foxy/install/rcl_interfaces/include/rcl_interfaces/msg/detail/parameter_descriptor__functions.c
-- Installing: /home/saitama1/ros2_foxy/install/rcl_interfaces/include/rcl_interfaces/msg/detail/parameter_event_descriptors__type_support.h
-- Installing: /home/saitama1/ros2_foxy/install/rcl_interfaces/include/rcl_interfaces/msg/detail/set_parameters_result__type_support.h
-- Installing: /home/saitama1/ros2_foxy/install/rcl_interfaces/include/rcl_interfaces/msg/detail/set_parameters_result__struct.h
-- Installing: /home/saitama1/ros2_foxy/install/rcl_interfaces/include/rcl_interfaces/msg/detail/parameter_type__functions.h
-- Installing: /home/saitama1/ros2_foxy/install/rcl_interfaces/include/rcl_interfaces/msg/detail/floating_point_range__type_support.h
-- Installing: /home/saitama1/ros2_foxy/install/rcl_interfaces/include/rcl_interfaces/msg/detail/parameter_value__type_support.h
-- Installing: /home/saitama1/ros2_foxy/install/rcl_interfaces/include/rcl_interfaces/msg/detail/list_parameters_result__functions.c
-- Installing: /home/saitama1/ros2_foxy/install/rcl_interfaces/include/rcl_interfaces/msg/detail/list_parameters_result__struct.h
-- Installing: /home/saitama1/ros2_foxy/install/rcl_interfaces/include/rcl_interfaces/msg/detail/parameter_event__type_support.h
-- Installing: /home/saitama1/ros2_foxy/install/rcl_interfaces/include/rcl_interfaces/msg/detail/parameter__type_support.h
-- Installing: /home/saitama1/ros2_foxy/install/rcl_interfaces/include/rcl_interfaces/msg/detail/parameter__functions.c
-- Installing: /home/saitama1/ros2_foxy/install/rcl_interfaces/include/rcl_interfaces/msg/detail/set_parameters_result__functions.c
-- Installing: /home/saitama1/ros2_foxy/install/rcl_interfaces/include/rcl_interfaces/msg/detail/parameter_descriptor__functions.h
-- Installing: /home/saitama1/ros2_foxy/install/rcl_interfaces/include/rcl_interfaces/msg/detail/parameter_event__functions.h
-- Installing: /home/saitama1/ros2_foxy/install/rcl_interfaces/include/rcl_interfaces/msg/detail/log__type_support.h
-- Installing: /home/saitama1/ros2_foxy/install/rcl_interfaces/include/rcl_interfaces/msg/detail/parameter__functions.h
-- Installing: /home/saitama1/ros2_foxy/install/rcl_interfaces/include/rcl_interfaces/msg/detail/parameter__struct.h
-- Installing: /home/saitama1/ros2_foxy/install/rcl_interfaces/include/rcl_interfaces/msg/detail/floating_point_range__struct.h
-- Installing: /home/saitama1/ros2_foxy/install/rcl_interfaces/include/rcl_interfaces/msg/detail/integer_range__type_support.h
-- Installing: /home/saitama1/ros2_foxy/install/rcl_interfaces/include/rcl_interfaces/msg/detail/parameter_event_descriptors__functions.c
-- Installing: /home/saitama1/ros2_foxy/install/rcl_interfaces/include/rcl_interfaces/msg/detail/integer_range__struct.h
-- Installing: /home/saitama1/ros2_foxy/install/rcl_interfaces/include/rcl_interfaces/msg/detail/integer_range__functions.h
-- Installing: /home/saitama1/ros2_foxy/install/rcl_interfaces/include/rcl_interfaces/msg/detail/parameter_value__functions.h
-- Installing: /home/saitama1/ros2_foxy/install/rcl_interfaces/include/rcl_interfaces/msg/detail/log__struct.h
-- Installing: /home/saitama1/ros2_foxy/install/rcl_interfaces/include/rcl_interfaces/msg/detail/parameter_value__struct.h
-- Installing: /home/saitama1/ros2_foxy/install/rcl_interfaces/include/rcl_interfaces/msg/detail/log__functions.c
-- Installing: /home/saitama1/ros2_foxy/install/rcl_interfaces/include/rcl_interfaces/msg/detail/log__functions.h
-- Installing: /home/saitama1/ros2_foxy/install/rcl_interfaces/include/rcl_interfaces/msg/detail/parameter_type__functions.c
-- Installing: /home/saitama1/ros2_foxy/install/rcl_interfaces/include/rcl_interfaces/msg/detail/floating_point_range__functions.h
-- Installing: /home/saitama1/ros2_foxy/install/rcl_interfaces/include/rcl_interfaces/msg/detail/floating_point_range__functions.c
-- Installing: /home/saitama1/ros2_foxy/install/rcl_interfaces/include/rcl_interfaces/msg/detail/list_parameters_result__functions.h
-- Installing: /home/saitama1/ros2_foxy/install/rcl_interfaces/include/rcl_interfaces/msg/detail/parameter_descriptor__struct.h
-- Installing: /home/saitama1/ros2_foxy/install/rcl_interfaces/share/rcl_interfaces/environment/library_path.sh
-- Installing: /home/saitama1/ros2_foxy/install/rcl_interfaces/share/rcl_interfaces/environment/library_path.dsv
-- Installing: /home/saitama1/ros2_foxy/install/rcl_interfaces/lib/librcl_interfaces__rosidl_generator_c.so
-- Set runtime path of "/home/saitama1/ros2_foxy/install/rcl_interfaces/lib/librcl_interfaces__rosidl_generator_c.so" to ""
-- Up-to-date: /home/saitama1/ros2_foxy/install/rcl_interfaces/include/rcl_interfaces
-- Up-to-date: /home/saitama1/ros2_foxy/install/rcl_interfaces/include/rcl_interfaces/srv
-- Up-to-date: /home/saitama1/ros2_foxy/install/rcl_interfaces/include/rcl_interfaces/srv/detail
-- Installing: /home/saitama1/ros2_foxy/install/rcl_interfaces/include/rcl_interfaces/srv/detail/get_parameter_types__rosidl_typesupport_fastrtps_c.h
-- Installing: /home/saitama1/ros2_foxy/install/rcl_interfaces/include/rcl_interfaces/srv/detail/set_parameters_atomically__rosidl_typesupport_fastrtps_c.h
-- Installing: /home/saitama1/ros2_foxy/install/rcl_interfaces/include/rcl_interfaces/srv/detail/get_parameters__rosidl_typesupport_fastrtps_c.h
-- Installing: /home/saitama1/ros2_foxy/install/rcl_interfaces/include/rcl_interfaces/srv/detail/describe_parameters__rosidl_typesupport_fastrtps_c.h
-- Installing: /home/saitama1/ros2_foxy/install/rcl_interfaces/include/rcl_interfaces/srv/detail/set_parameters__rosidl_typesupport_fastrtps_c.h
-- Installing: /home/saitama1/ros2_foxy/install/rcl_interfaces/include/rcl_interfaces/srv/detail/list_parameters__rosidl_typesupport_fastrtps_c.h
-- Up-to-date: /home/saitama1/ros2_foxy/install/rcl_interfaces/include/rcl_interfaces/msg
-- Installing: /home/saitama1/ros2_foxy/install/rcl_interfaces/include/rcl_interfaces/msg/rosidl_typesupport_fastrtps_c__visibility_control.h
-- Up-to-date: /home/saitama1/ros2_foxy/install/rcl_interfaces/include/rcl_interfaces/msg/detail
-- Installing: /home/saitama1/ros2_foxy/install/rcl_interfaces/include/rcl_interfaces/msg/detail/parameter_descriptor__rosidl_typesupport_fastrtps_c.h
-- Installing: /home/saitama1/ros2_foxy/install/rcl_interfaces/include/rcl_interfaces/msg/detail/parameter_event_descriptors__rosidl_typesupport_fastrtps_c.h
-- Installing: /home/saitama1/ros2_foxy/install/rcl_interfaces/include/rcl_interfaces/msg/detail/list_parameters_result__rosidl_typesupport_fastrtps_c.h
-- Installing: /home/saitama1/ros2_foxy/install/rcl_interfaces/include/rcl_interfaces/msg/detail/parameter_value__rosidl_typesupport_fastrtps_c.h
-- Installing: /home/saitama1/ros2_foxy/install/rcl_interfaces/include/rcl_interfaces/msg/detail/parameter_event__rosidl_typesupport_fastrtps_c.h
-- Installing: /home/saitama1/ros2_foxy/install/rcl_interfaces/include/rcl_interfaces/msg/detail/log__rosidl_typesupport_fastrtps_c.h
-- Installing: /home/saitama1/ros2_foxy/install/rcl_interfaces/include/rcl_interfaces/msg/detail/set_parameters_result__rosidl_typesupport_fastrtps_c.h
-- Installing: /home/saitama1/ros2_foxy/install/rcl_interfaces/include/rcl_interfaces/msg/detail/parameter_type__rosidl_typesupport_fastrtps_c.h
-- Installing: /home/saitama1/ros2_foxy/install/rcl_interfaces/include/rcl_interfaces/msg/detail/integer_range__rosidl_typesupport_fastrtps_c.h
-- Installing: /home/saitama1/ros2_foxy/install/rcl_interfaces/include/rcl_interfaces/msg/detail/parameter__rosidl_typesupport_fastrtps_c.h
-- Installing: /home/saitama1/ros2_foxy/install/rcl_interfaces/include/rcl_interfaces/msg/detail/floating_point_range__rosidl_typesupport_fastrtps_c.h
-- Installing: /home/saitama1/ros2_foxy/install/rcl_interfaces/lib/librcl_interfaces__rosidl_typesupport_fastrtps_c.so
-- Set runtime path of "/home/saitama1/ros2_foxy/install/rcl_interfaces/lib/librcl_interfaces__rosidl_typesupport_fastrtps_c.so" to ""
-- Up-to-date: /home/saitama1/ros2_foxy/install/rcl_interfaces/include/rcl_interfaces
-- Up-to-date: /home/saitama1/ros2_foxy/install/rcl_interfaces/include/rcl_interfaces/srv
-- Up-to-date: /home/saitama1/ros2_foxy/install/rcl_interfaces/include/rcl_interfaces/srv/detail
-- Installing: /home/saitama1/ros2_foxy/install/rcl_interfaces/include/rcl_interfaces/srv/detail/get_parameters__rosidl_typesupport_fastrtps_cpp.hpp
-- Installing: /home/saitama1/ros2_foxy/install/rcl_interfaces/include/rcl_interfaces/srv/detail/dds_fastrtps
-- Installing: /home/saitama1/ros2_foxy/install/rcl_interfaces/include/rcl_interfaces/srv/detail/set_parameters_atomically__rosidl_typesupport_fastrtps_cpp.hpp
-- Installing: /home/saitama1/ros2_foxy/install/rcl_interfaces/include/rcl_interfaces/srv/detail/get_parameter_types__rosidl_typesupport_fastrtps_cpp.hpp
-- Installing: /home/saitama1/ros2_foxy/install/rcl_interfaces/include/rcl_interfaces/srv/detail/describe_parameters__rosidl_typesupport_fastrtps_cpp.hpp
-- Installing: /home/saitama1/ros2_foxy/install/rcl_interfaces/include/rcl_interfaces/srv/detail/list_parameters__rosidl_typesupport_fastrtps_cpp.hpp
-- Installing: /home/saitama1/ros2_foxy/install/rcl_interfaces/include/rcl_interfaces/srv/detail/set_parameters__rosidl_typesupport_fastrtps_cpp.hpp
-- Up-to-date: /home/saitama1/ros2_foxy/install/rcl_interfaces/include/rcl_interfaces/msg
-- Installing: /home/saitama1/ros2_foxy/install/rcl_interfaces/include/rcl_interfaces/msg/rosidl_typesupport_fastrtps_cpp__visibility_control.h
-- Up-to-date: /home/saitama1/ros2_foxy/install/rcl_interfaces/include/rcl_interfaces/msg/detail
-- Installing: /home/saitama1/ros2_foxy/install/rcl_interfaces/include/rcl_interfaces/msg/detail/set_parameters_result__rosidl_typesupport_fastrtps_cpp.hpp
-- Installing: /home/saitama1/ros2_foxy/install/rcl_interfaces/include/rcl_interfaces/msg/detail/log__rosidl_typesupport_fastrtps_cpp.hpp
-- Installing: /home/saitama1/ros2_foxy/install/rcl_interfaces/include/rcl_interfaces/msg/detail/integer_range__rosidl_typesupport_fastrtps_cpp.hpp
-- Installing: /home/saitama1/ros2_foxy/install/rcl_interfaces/include/rcl_interfaces/msg/detail/dds_fastrtps
-- Installing: /home/saitama1/ros2_foxy/install/rcl_interfaces/include/rcl_interfaces/msg/detail/parameter_type__rosidl_typesupport_fastrtps_cpp.hpp
-- Installing: /home/saitama1/ros2_foxy/install/rcl_interfaces/include/rcl_interfaces/msg/detail/list_parameters_result__rosidl_typesupport_fastrtps_cpp.hpp
-- Installing: /home/saitama1/ros2_foxy/install/rcl_interfaces/include/rcl_interfaces/msg/detail/floating_point_range__rosidl_typesupport_fastrtps_cpp.hpp
-- Installing: /home/saitama1/ros2_foxy/install/rcl_interfaces/include/rcl_interfaces/msg/detail/parameter_value__rosidl_typesupport_fastrtps_cpp.hpp
-- Installing: /home/saitama1/ros2_foxy/install/rcl_interfaces/include/rcl_interfaces/msg/detail/parameter_descriptor__rosidl_typesupport_fastrtps_cpp.hpp
-- Installing: /home/saitama1/ros2_foxy/install/rcl_interfaces/include/rcl_interfaces/msg/detail/parameter__rosidl_typesupport_fastrtps_cpp.hpp
-- Installing: /home/saitama1/ros2_foxy/install/rcl_interfaces/include/rcl_interfaces/msg/detail/parameter_event_descriptors__rosidl_typesupport_fastrtps_cpp.hpp
-- Installing: /home/saitama1/ros2_foxy/install/rcl_interfaces/include/rcl_interfaces/msg/detail/parameter_event__rosidl_typesupport_fastrtps_cpp.hpp
-- Installing: /home/saitama1/ros2_foxy/install/rcl_interfaces/lib/librcl_interfaces__rosidl_typesupport_fastrtps_cpp.so
-- Set runtime path of "/home/saitama1/ros2_foxy/install/rcl_interfaces/lib/librcl_interfaces__rosidl_typesupport_fastrtps_cpp.so" to ""
-- Up-to-date: /home/saitama1/ros2_foxy/install/rcl_interfaces/include/rcl_interfaces
-- Up-to-date: /home/saitama1/ros2_foxy/install/rcl_interfaces/include/rcl_interfaces/srv
-- Up-to-date: /home/saitama1/ros2_foxy/install/rcl_interfaces/include/rcl_interfaces/srv/detail
-- Installing: /home/saitama1/ros2_foxy/install/rcl_interfaces/include/rcl_interfaces/srv/detail/set_parameters__type_support.c
-- Installing: /home/saitama1/ros2_foxy/install/rcl_interfaces/include/rcl_interfaces/srv/detail/describe_parameters__type_support.c
-- Installing: /home/saitama1/ros2_foxy/install/rcl_interfaces/include/rcl_interfaces/srv/detail/get_parameter_types__type_support.c
-- Installing: /home/saitama1/ros2_foxy/install/rcl_interfaces/include/rcl_interfaces/srv/detail/set_parameters__rosidl_typesupport_introspection_c.h
-- Installing: /home/saitama1/ros2_foxy/install/rcl_interfaces/include/rcl_interfaces/srv/detail/get_parameters__type_support.c
-- Installing: /home/saitama1/ros2_foxy/install/rcl_interfaces/include/rcl_interfaces/srv/detail/get_parameter_types__rosidl_typesupport_introspection_c.h
-- Installing: /home/saitama1/ros2_foxy/install/rcl_interfaces/include/rcl_interfaces/srv/detail/get_parameters__rosidl_typesupport_introspection_c.h
-- Installing: /home/saitama1/ros2_foxy/install/rcl_interfaces/include/rcl_interfaces/srv/detail/describe_parameters__rosidl_typesupport_introspection_c.h
-- Installing: /home/saitama1/ros2_foxy/install/rcl_interfaces/include/rcl_interfaces/srv/detail/list_parameters__type_support.c
-- Installing: /home/saitama1/ros2_foxy/install/rcl_interfaces/include/rcl_interfaces/srv/detail/set_parameters_atomically__type_support.c
-- Installing: /home/saitama1/ros2_foxy/install/rcl_interfaces/include/rcl_interfaces/srv/detail/list_parameters__rosidl_typesupport_introspection_c.h
-- Installing: /home/saitama1/ros2_foxy/install/rcl_interfaces/include/rcl_interfaces/srv/detail/set_parameters_atomically__rosidl_typesupport_introspection_c.h
-- Up-to-date: /home/saitama1/ros2_foxy/install/rcl_interfaces/include/rcl_interfaces/msg
-- Installing: /home/saitama1/ros2_foxy/install/rcl_interfaces/include/rcl_interfaces/msg/rosidl_typesupport_introspection_c__visibility_control.h
-- Up-to-date: /home/saitama1/ros2_foxy/install/rcl_interfaces/include/rcl_interfaces/msg/detail
-- Installing: /home/saitama1/ros2_foxy/install/rcl_interfaces/include/rcl_interfaces/msg/detail/parameter_value__type_support.c
-- Installing: /home/saitama1/ros2_foxy/install/rcl_interfaces/include/rcl_interfaces/msg/detail/parameter_event__rosidl_typesupport_introspection_c.h
-- Installing: /home/saitama1/ros2_foxy/install/rcl_interfaces/include/rcl_interfaces/msg/detail/set_parameters_result__type_support.c
-- Installing: /home/saitama1/ros2_foxy/install/rcl_interfaces/include/rcl_interfaces/msg/detail/parameter_descriptor__rosidl_typesupport_introspection_c.h
-- Installing: /home/saitama1/ros2_foxy/install/rcl_interfaces/include/rcl_interfaces/msg/detail/parameter_value__rosidl_typesupport_introspection_c.h
-- Installing: /home/saitama1/ros2_foxy/install/rcl_interfaces/include/rcl_interfaces/msg/detail/parameter_event__type_support.c
-- Installing: /home/saitama1/ros2_foxy/install/rcl_interfaces/include/rcl_interfaces/msg/detail/parameter_event_descriptors__type_support.c
-- Installing: /home/saitama1/ros2_foxy/install/rcl_interfaces/include/rcl_interfaces/msg/detail/log__rosidl_typesupport_introspection_c.h
-- Installing: /home/saitama1/ros2_foxy/install/rcl_interfaces/include/rcl_interfaces/msg/detail/floating_point_range__rosidl_typesupport_introspection_c.h
-- Installing: /home/saitama1/ros2_foxy/install/rcl_interfaces/include/rcl_interfaces/msg/detail/integer_range__rosidl_typesupport_introspection_c.h
-- Installing: /home/saitama1/ros2_foxy/install/rcl_interfaces/include/rcl_interfaces/msg/detail/floating_point_range__type_support.c
-- Installing: /home/saitama1/ros2_foxy/install/rcl_interfaces/include/rcl_interfaces/msg/detail/set_parameters_result__rosidl_typesupport_introspection_c.h
-- Installing: /home/saitama1/ros2_foxy/install/rcl_interfaces/include/rcl_interfaces/msg/detail/parameter_descriptor__type_support.c
-- Installing: /home/saitama1/ros2_foxy/install/rcl_interfaces/include/rcl_interfaces/msg/detail/list_parameters_result__type_support.c
-- Installing: /home/saitama1/ros2_foxy/install/rcl_interfaces/include/rcl_interfaces/msg/detail/parameter_type__type_support.c
-- Installing: /home/saitama1/ros2_foxy/install/rcl_interfaces/include/rcl_interfaces/msg/detail/parameter__rosidl_typesupport_introspection_c.h
-- Installing: /home/saitama1/ros2_foxy/install/rcl_interfaces/include/rcl_interfaces/msg/detail/parameter__type_support.c
-- Installing: /home/saitama1/ros2_foxy/install/rcl_interfaces/include/rcl_interfaces/msg/detail/list_parameters_result__rosidl_typesupport_introspection_c.h
-- Installing: /home/saitama1/ros2_foxy/install/rcl_interfaces/include/rcl_interfaces/msg/detail/log__type_support.c
-- Installing: /home/saitama1/ros2_foxy/install/rcl_interfaces/include/rcl_interfaces/msg/detail/parameter_type__rosidl_typesupport_introspection_c.h
-- Installing: /home/saitama1/ros2_foxy/install/rcl_interfaces/include/rcl_interfaces/msg/detail/integer_range__type_support.c
-- Installing: /home/saitama1/ros2_foxy/install/rcl_interfaces/include/rcl_interfaces/msg/detail/parameter_event_descriptors__rosidl_typesupport_introspection_c.h
-- Installing: /home/saitama1/ros2_foxy/install/rcl_interfaces/lib/librcl_interfaces__rosidl_typesupport_introspection_c.so
-- Set runtime path of "/home/saitama1/ros2_foxy/install/rcl_interfaces/lib/librcl_interfaces__rosidl_typesupport_introspection_c.so" to ""
-- Installing: /home/saitama1/ros2_foxy/install/rcl_interfaces/lib/librcl_interfaces__rosidl_typesupport_c.so
-- Set runtime path of "/home/saitama1/ros2_foxy/install/rcl_interfaces/lib/librcl_interfaces__rosidl_typesupport_c.so" to ""
-- Up-to-date: /home/saitama1/ros2_foxy/install/rcl_interfaces/include/rcl_interfaces
-- Up-to-date: /home/saitama1/ros2_foxy/install/rcl_interfaces/include/rcl_interfaces/srv
-- Installing: /home/saitama1/ros2_foxy/install/rcl_interfaces/include/rcl_interfaces/srv/list_parameters.hpp
-- Installing: /home/saitama1/ros2_foxy/install/rcl_interfaces/include/rcl_interfaces/srv/set_parameters_atomically.hpp
-- Installing: /home/saitama1/ros2_foxy/install/rcl_interfaces/include/rcl_interfaces/srv/get_parameter_types.hpp
-- Installing: /home/saitama1/ros2_foxy/install/rcl_interfaces/include/rcl_interfaces/srv/get_parameters.hpp
-- Installing: /home/saitama1/ros2_foxy/install/rcl_interfaces/include/rcl_interfaces/srv/set_parameters.hpp
-- Up-to-date: /home/saitama1/ros2_foxy/install/rcl_interfaces/include/rcl_interfaces/srv/detail
-- Installing: /home/saitama1/ros2_foxy/install/rcl_interfaces/include/rcl_interfaces/srv/detail/describe_parameters__traits.hpp
-- Installing: /home/saitama1/ros2_foxy/install/rcl_interfaces/include/rcl_interfaces/srv/detail/get_parameter_types__traits.hpp
-- Installing: /home/saitama1/ros2_foxy/install/rcl_interfaces/include/rcl_interfaces/srv/detail/describe_parameters__builder.hpp
-- Installing: /home/saitama1/ros2_foxy/install/rcl_interfaces/include/rcl_interfaces/srv/detail/set_parameters_atomically__builder.hpp
-- Installing: /home/saitama1/ros2_foxy/install/rcl_interfaces/include/rcl_interfaces/srv/detail/set_parameters__struct.hpp
-- Installing: /home/saitama1/ros2_foxy/install/rcl_interfaces/include/rcl_interfaces/srv/detail/get_parameters__struct.hpp
-- Installing: /home/saitama1/ros2_foxy/install/rcl_interfaces/include/rcl_interfaces/srv/detail/set_parameters_atomically__traits.hpp
-- Installing: /home/saitama1/ros2_foxy/install/rcl_interfaces/include/rcl_interfaces/srv/detail/get_parameter_types__struct.hpp
-- Installing: /home/saitama1/ros2_foxy/install/rcl_interfaces/include/rcl_interfaces/srv/detail/list_parameters__builder.hpp
-- Installing: /home/saitama1/ros2_foxy/install/rcl_interfaces/include/rcl_interfaces/srv/detail/get_parameter_types__builder.hpp
-- Installing: /home/saitama1/ros2_foxy/install/rcl_interfaces/include/rcl_interfaces/srv/detail/get_parameters__traits.hpp
-- Installing: /home/saitama1/ros2_foxy/install/rcl_interfaces/include/rcl_interfaces/srv/detail/get_parameters__builder.hpp
-- Installing: /home/saitama1/ros2_foxy/install/rcl_interfaces/include/rcl_interfaces/srv/detail/describe_parameters__struct.hpp
-- Installing: /home/saitama1/ros2_foxy/install/rcl_interfaces/include/rcl_interfaces/srv/detail/set_parameters_atomically__struct.hpp
-- Installing: /home/saitama1/ros2_foxy/install/rcl_interfaces/include/rcl_interfaces/srv/detail/list_parameters__struct.hpp
-- Installing: /home/saitama1/ros2_foxy/install/rcl_interfaces/include/rcl_interfaces/srv/detail/set_parameters__builder.hpp
-- Installing: /home/saitama1/ros2_foxy/install/rcl_interfaces/include/rcl_interfaces/srv/detail/list_parameters__traits.hpp
-- Installing: /home/saitama1/ros2_foxy/install/rcl_interfaces/include/rcl_interfaces/srv/detail/set_parameters__traits.hpp
-- Installing: /home/saitama1/ros2_foxy/install/rcl_interfaces/include/rcl_interfaces/srv/describe_parameters.hpp
-- Up-to-date: /home/saitama1/ros2_foxy/install/rcl_interfaces/include/rcl_interfaces/msg
-- Installing: /home/saitama1/ros2_foxy/install/rcl_interfaces/include/rcl_interfaces/msg/parameter_event_descriptors.hpp
-- Installing: /home/saitama1/ros2_foxy/install/rcl_interfaces/include/rcl_interfaces/msg/set_parameters_result.hpp
-- Installing: /home/saitama1/ros2_foxy/install/rcl_interfaces/include/rcl_interfaces/msg/log.hpp
-- Installing: /home/saitama1/ros2_foxy/install/rcl_interfaces/include/rcl_interfaces/msg/parameter_event.hpp
-- Installing: /home/saitama1/ros2_foxy/install/rcl_interfaces/include/rcl_interfaces/msg/parameter_value.hpp
-- Installing: /home/saitama1/ros2_foxy/install/rcl_interfaces/include/rcl_interfaces/msg/parameter_descriptor.hpp
-- Installing: /home/saitama1/ros2_foxy/install/rcl_interfaces/include/rcl_interfaces/msg/parameter_type.hpp
-- Installing: /home/saitama1/ros2_foxy/install/rcl_interfaces/include/rcl_interfaces/msg/list_parameters_result.hpp
-- Installing: /home/saitama1/ros2_foxy/install/rcl_interfaces/include/rcl_interfaces/msg/integer_range.hpp
-- Installing: /home/saitama1/ros2_foxy/install/rcl_interfaces/include/rcl_interfaces/msg/floating_point_range.hpp
-- Up-to-date: /home/saitama1/ros2_foxy/install/rcl_interfaces/include/rcl_interfaces/msg/detail
-- Installing: /home/saitama1/ros2_foxy/install/rcl_interfaces/include/rcl_interfaces/msg/detail/parameter_event_descriptors__struct.hpp
-- Installing: /home/saitama1/ros2_foxy/install/rcl_interfaces/include/rcl_interfaces/msg/detail/floating_point_range__struct.hpp
-- Installing: /home/saitama1/ros2_foxy/install/rcl_interfaces/include/rcl_interfaces/msg/detail/parameter_descriptor__struct.hpp
-- Installing: /home/saitama1/ros2_foxy/install/rcl_interfaces/include/rcl_interfaces/msg/detail/integer_range__struct.hpp
-- Installing: /home/saitama1/ros2_foxy/install/rcl_interfaces/include/rcl_interfaces/msg/detail/parameter_type__struct.hpp
-- Installing: /home/saitama1/ros2_foxy/install/rcl_interfaces/include/rcl_interfaces/msg/detail/parameter_event__builder.hpp
-- Installing: /home/saitama1/ros2_foxy/install/rcl_interfaces/include/rcl_interfaces/msg/detail/log__builder.hpp
-- Installing: /home/saitama1/ros2_foxy/install/rcl_interfaces/include/rcl_interfaces/msg/detail/set_parameters_result__struct.hpp
-- Installing: /home/saitama1/ros2_foxy/install/rcl_interfaces/include/rcl_interfaces/msg/detail/parameter__traits.hpp
-- Installing: /home/saitama1/ros2_foxy/install/rcl_interfaces/include/rcl_interfaces/msg/detail/integer_range__builder.hpp
-- Installing: /home/saitama1/ros2_foxy/install/rcl_interfaces/include/rcl_interfaces/msg/detail/parameter_event__traits.hpp
-- Installing: /home/saitama1/ros2_foxy/install/rcl_interfaces/include/rcl_interfaces/msg/detail/parameter_event_descriptors__traits.hpp
-- Installing: /home/saitama1/ros2_foxy/install/rcl_interfaces/include/rcl_interfaces/msg/detail/parameter_value__struct.hpp
-- Installing: /home/saitama1/ros2_foxy/install/rcl_interfaces/include/rcl_interfaces/msg/detail/list_parameters_result__builder.hpp
-- Installing: /home/saitama1/ros2_foxy/install/rcl_interfaces/include/rcl_interfaces/msg/detail/floating_point_range__builder.hpp
-- Installing: /home/saitama1/ros2_foxy/install/rcl_interfaces/include/rcl_interfaces/msg/detail/parameter_value__traits.hpp
-- Installing: /home/saitama1/ros2_foxy/install/rcl_interfaces/include/rcl_interfaces/msg/detail/set_parameters_result__traits.hpp
-- Installing: /home/saitama1/ros2_foxy/install/rcl_interfaces/include/rcl_interfaces/msg/detail/parameter_descriptor__traits.hpp
-- Installing: /home/saitama1/ros2_foxy/install/rcl_interfaces/include/rcl_interfaces/msg/detail/parameter_event__struct.hpp
-- Installing: /home/saitama1/ros2_foxy/install/rcl_interfaces/include/rcl_interfaces/msg/detail/log__traits.hpp
-- Installing: /home/saitama1/ros2_foxy/install/rcl_interfaces/include/rcl_interfaces/msg/detail/parameter__builder.hpp
-- Installing: /home/saitama1/ros2_foxy/install/rcl_interfaces/include/rcl_interfaces/msg/detail/parameter_type__traits.hpp
-- Installing: /home/saitama1/ros2_foxy/install/rcl_interfaces/include/rcl_interfaces/msg/detail/log__struct.hpp
-- Installing: /home/saitama1/ros2_foxy/install/rcl_interfaces/include/rcl_interfaces/msg/detail/set_parameters_result__builder.hpp
-- Installing: /home/saitama1/ros2_foxy/install/rcl_interfaces/include/rcl_interfaces/msg/detail/parameter_descriptor__builder.hpp
-- Installing: /home/saitama1/ros2_foxy/install/rcl_interfaces/include/rcl_interfaces/msg/detail/parameter_value__builder.hpp
-- Installing: /home/saitama1/ros2_foxy/install/rcl_interfaces/include/rcl_interfaces/msg/detail/list_parameters_result__struct.hpp
-- Installing: /home/saitama1/ros2_foxy/install/rcl_interfaces/include/rcl_interfaces/msg/detail/parameter_event_descriptors__builder.hpp
-- Installing: /home/saitama1/ros2_foxy/install/rcl_interfaces/include/rcl_interfaces/msg/detail/floating_point_range__traits.hpp
-- Installing: /home/saitama1/ros2_foxy/install/rcl_interfaces/include/rcl_interfaces/msg/detail/list_parameters_result__traits.hpp
-- Installing: /home/saitama1/ros2_foxy/install/rcl_interfaces/include/rcl_interfaces/msg/detail/integer_range__traits.hpp
-- Installing: /home/saitama1/ros2_foxy/install/rcl_interfaces/include/rcl_interfaces/msg/detail/parameter_type__builder.hpp
-- Installing: /home/saitama1/ros2_foxy/install/rcl_interfaces/include/rcl_interfaces/msg/detail/parameter__struct.hpp
-- Installing: /home/saitama1/ros2_foxy/install/rcl_interfaces/include/rcl_interfaces/msg/parameter.hpp
-- Up-to-date: /home/saitama1/ros2_foxy/install/rcl_interfaces/include/rcl_interfaces
-- Up-to-date: /home/saitama1/ros2_foxy/install/rcl_interfaces/include/rcl_interfaces/srv
-- Up-to-date: /home/saitama1/ros2_foxy/install/rcl_interfaces/include/rcl_interfaces/srv/detail
-- Installing: /home/saitama1/ros2_foxy/install/rcl_interfaces/include/rcl_interfaces/srv/detail/list_parameters__rosidl_typesupport_introspection_cpp.hpp
-- Installing: /home/saitama1/ros2_foxy/install/rcl_interfaces/include/rcl_interfaces/srv/detail/set_parameters_atomically__rosidl_typesupport_introspection_cpp.hpp
-- Installing: /home/saitama1/ros2_foxy/install/rcl_interfaces/include/rcl_interfaces/srv/detail/set_parameters__type_support.cpp
-- Installing: /home/saitama1/ros2_foxy/install/rcl_interfaces/include/rcl_interfaces/srv/detail/get_parameters__rosidl_typesupport_introspection_cpp.hpp
-- Installing: /home/saitama1/ros2_foxy/install/rcl_interfaces/include/rcl_interfaces/srv/detail/get_parameters__type_support.cpp
-- Installing: /home/saitama1/ros2_foxy/install/rcl_interfaces/include/rcl_interfaces/srv/detail/describe_parameters__type_support.cpp
-- Installing: /home/saitama1/ros2_foxy/install/rcl_interfaces/include/rcl_interfaces/srv/detail/list_parameters__type_support.cpp
-- Installing: /home/saitama1/ros2_foxy/install/rcl_interfaces/include/rcl_interfaces/srv/detail/set_parameters__rosidl_typesupport_introspection_cpp.hpp
-- Installing: /home/saitama1/ros2_foxy/install/rcl_interfaces/include/rcl_interfaces/srv/detail/set_parameters_atomically__type_support.cpp
-- Installing: /home/saitama1/ros2_foxy/install/rcl_interfaces/include/rcl_interfaces/srv/detail/get_parameter_types__rosidl_typesupport_introspection_cpp.hpp
-- Installing: /home/saitama1/ros2_foxy/install/rcl_interfaces/include/rcl_interfaces/srv/detail/describe_parameters__rosidl_typesupport_introspection_cpp.hpp
-- Installing: /home/saitama1/ros2_foxy/install/rcl_interfaces/include/rcl_interfaces/srv/detail/get_parameter_types__type_support.cpp
-- Up-to-date: /home/saitama1/ros2_foxy/install/rcl_interfaces/include/rcl_interfaces/msg
-- Up-to-date: /home/saitama1/ros2_foxy/install/rcl_interfaces/include/rcl_interfaces/msg/detail
-- Installing: /home/saitama1/ros2_foxy/install/rcl_interfaces/include/rcl_interfaces/msg/detail/integer_range__rosidl_typesupport_introspection_cpp.hpp
-- Installing: /home/saitama1/ros2_foxy/install/rcl_interfaces/include/rcl_interfaces/msg/detail/parameter_type__type_support.cpp
-- Installing: /home/saitama1/ros2_foxy/install/rcl_interfaces/include/rcl_interfaces/msg/detail/parameter_value__type_support.cpp
-- Installing: /home/saitama1/ros2_foxy/install/rcl_interfaces/include/rcl_interfaces/msg/detail/integer_range__type_support.cpp
-- Installing: /home/saitama1/ros2_foxy/install/rcl_interfaces/include/rcl_interfaces/msg/detail/list_parameters_result__rosidl_typesupport_introspection_cpp.hpp
-- Installing: /home/saitama1/ros2_foxy/install/rcl_interfaces/include/rcl_interfaces/msg/detail/parameter_event__type_support.cpp
-- Installing: /home/saitama1/ros2_foxy/install/rcl_interfaces/include/rcl_interfaces/msg/detail/floating_point_range__type_support.cpp
-- Installing: /home/saitama1/ros2_foxy/install/rcl_interfaces/include/rcl_interfaces/msg/detail/set_parameters_result__rosidl_typesupport_introspection_cpp.hpp
-- Installing: /home/saitama1/ros2_foxy/install/rcl_interfaces/include/rcl_interfaces/msg/detail/list_parameters_result__type_support.cpp
-- Installing: /home/saitama1/ros2_foxy/install/rcl_interfaces/include/rcl_interfaces/msg/detail/parameter_event_descriptors__type_support.cpp
-- Installing: /home/saitama1/ros2_foxy/install/rcl_interfaces/include/rcl_interfaces/msg/detail/parameter_value__rosidl_typesupport_introspection_cpp.hpp
-- Installing: /home/saitama1/ros2_foxy/install/rcl_interfaces/include/rcl_interfaces/msg/detail/parameter_event__rosidl_typesupport_introspection_cpp.hpp
-- Installing: /home/saitama1/ros2_foxy/install/rcl_interfaces/include/rcl_interfaces/msg/detail/parameter_descriptor__rosidl_typesupport_introspection_cpp.hpp
-- Installing: /home/saitama1/ros2_foxy/install/rcl_interfaces/include/rcl_interfaces/msg/detail/log__type_support.cpp
-- Installing: /home/saitama1/ros2_foxy/install/rcl_interfaces/include/rcl_interfaces/msg/detail/floating_point_range__rosidl_typesupport_introspection_cpp.hpp
-- Installing: /home/saitama1/ros2_foxy/install/rcl_interfaces/include/rcl_interfaces/msg/detail/log__rosidl_typesupport_introspection_cpp.hpp
-- Installing: /home/saitama1/ros2_foxy/install/rcl_interfaces/include/rcl_interfaces/msg/detail/parameter__type_support.cpp
-- Installing: /home/saitama1/ros2_foxy/install/rcl_interfaces/include/rcl_interfaces/msg/detail/parameter_event_descriptors__rosidl_typesupport_introspection_cpp.hpp
-- Installing: /home/saitama1/ros2_foxy/install/rcl_interfaces/include/rcl_interfaces/msg/detail/set_parameters_result__type_support.cpp
-- Installing: /home/saitama1/ros2_foxy/install/rcl_interfaces/include/rcl_interfaces/msg/detail/parameter_type__rosidl_typesupport_introspection_cpp.hpp
-- Installing: /home/saitama1/ros2_foxy/install/rcl_interfaces/include/rcl_interfaces/msg/detail/parameter_descriptor__type_support.cpp
-- Installing: /home/saitama1/ros2_foxy/install/rcl_interfaces/include/rcl_interfaces/msg/detail/parameter__rosidl_typesupport_introspection_cpp.hpp
-- Installing: /home/saitama1/ros2_foxy/install/rcl_interfaces/lib/librcl_interfaces__rosidl_typesupport_introspection_cpp.so
-- Set runtime path of "/home/saitama1/ros2_foxy/install/rcl_interfaces/lib/librcl_interfaces__rosidl_typesupport_introspection_cpp.so" to ""
-- Installing: /home/saitama1/ros2_foxy/install/rcl_interfaces/lib/librcl_interfaces__rosidl_typesupport_cpp.so
-- Set runtime path of "/home/saitama1/ros2_foxy/install/rcl_interfaces/lib/librcl_interfaces__rosidl_typesupport_cpp.so" to ""
-- Installing: /home/saitama1/ros2_foxy/install/rcl_interfaces/share/rcl_interfaces/environment/pythonpath.sh
-- Installing: /home/saitama1/ros2_foxy/install/rcl_interfaces/share/rcl_interfaces/environment/pythonpath.dsv
-- Installing: /home/saitama1/ros2_foxy/install/rcl_interfaces/lib/python3.8/site-packages/rcl_interfaces/__init__.py
Compiling '/home/saitama1/ros2_foxy/install/rcl_interfaces/lib/python3.8/site-packages/rcl_interfaces/__init__.py'...
-- Installing: /home/saitama1/ros2_foxy/install/rcl_interfaces/lib/python3.8/site-packages/rcl_interfaces/msg
-- Installing: /home/saitama1/ros2_foxy/install/rcl_interfaces/lib/python3.8/site-packages/rcl_interfaces/msg/_parameter_descriptor.py
-- Installing: /home/saitama1/ros2_foxy/install/rcl_interfaces/lib/python3.8/site-packages/rcl_interfaces/msg/_parameter_value_s.c
-- Installing: /home/saitama1/ros2_foxy/install/rcl_interfaces/lib/python3.8/site-packages/rcl_interfaces/msg/_floating_point_range_s.c
-- Installing: /home/saitama1/ros2_foxy/install/rcl_interfaces/lib/python3.8/site-packages/rcl_interfaces/msg/_floating_point_range.py
-- Installing: /home/saitama1/ros2_foxy/install/rcl_interfaces/lib/python3.8/site-packages/rcl_interfaces/msg/_parameter_value.py
-- Installing: /home/saitama1/ros2_foxy/install/rcl_interfaces/lib/python3.8/site-packages/rcl_interfaces/msg/_parameter_descriptor_s.c
-- Installing: /home/saitama1/ros2_foxy/install/rcl_interfaces/lib/python3.8/site-packages/rcl_interfaces/msg/_parameter_event_descriptors_s.c
-- Installing: /home/saitama1/ros2_foxy/install/rcl_interfaces/lib/python3.8/site-packages/rcl_interfaces/msg/_parameter_s.c
-- Installing: /home/saitama1/ros2_foxy/install/rcl_interfaces/lib/python3.8/site-packages/rcl_interfaces/msg/__init__.py
-- Installing: /home/saitama1/ros2_foxy/install/rcl_interfaces/lib/python3.8/site-packages/rcl_interfaces/msg/_parameter_event_descriptors.py
-- Installing: /home/saitama1/ros2_foxy/install/rcl_interfaces/lib/python3.8/site-packages/rcl_interfaces/msg/_log_s.c
-- Installing: /home/saitama1/ros2_foxy/install/rcl_interfaces/lib/python3.8/site-packages/rcl_interfaces/msg/_parameter_event_s.c
-- Installing: /home/saitama1/ros2_foxy/install/rcl_interfaces/lib/python3.8/site-packages/rcl_interfaces/msg/_set_parameters_result.py
-- Installing: /home/saitama1/ros2_foxy/install/rcl_interfaces/lib/python3.8/site-packages/rcl_interfaces/msg/_parameter_event.py
-- Installing: /home/saitama1/ros2_foxy/install/rcl_interfaces/lib/python3.8/site-packages/rcl_interfaces/msg/_parameter_type.py
-- Installing: /home/saitama1/ros2_foxy/install/rcl_interfaces/lib/python3.8/site-packages/rcl_interfaces/msg/_parameter.py
-- Installing: /home/saitama1/ros2_foxy/install/rcl_interfaces/lib/python3.8/site-packages/rcl_interfaces/msg/_list_parameters_result.py
-- Installing: /home/saitama1/ros2_foxy/install/rcl_interfaces/lib/python3.8/site-packages/rcl_interfaces/msg/_log.py
-- Installing: /home/saitama1/ros2_foxy/install/rcl_interfaces/lib/python3.8/site-packages/rcl_interfaces/msg/_parameter_type_s.c
-- Installing: /home/saitama1/ros2_foxy/install/rcl_interfaces/lib/python3.8/site-packages/rcl_interfaces/msg/_integer_range_s.c
-- Installing: /home/saitama1/ros2_foxy/install/rcl_interfaces/lib/python3.8/site-packages/rcl_interfaces/msg/_list_parameters_result_s.c
-- Installing: /home/saitama1/ros2_foxy/install/rcl_interfaces/lib/python3.8/site-packages/rcl_interfaces/msg/_set_parameters_result_s.c
-- Installing: /home/saitama1/ros2_foxy/install/rcl_interfaces/lib/python3.8/site-packages/rcl_interfaces/msg/_integer_range.py
-- Installing: /home/saitama1/ros2_foxy/install/rcl_interfaces/lib/python3.8/site-packages/rcl_interfaces/srv
-- Installing: /home/saitama1/ros2_foxy/install/rcl_interfaces/lib/python3.8/site-packages/rcl_interfaces/srv/_list_parameters.py
-- Installing: /home/saitama1/ros2_foxy/install/rcl_interfaces/lib/python3.8/site-packages/rcl_interfaces/srv/_get_parameter_types_s.c
-- Installing: /home/saitama1/ros2_foxy/install/rcl_interfaces/lib/python3.8/site-packages/rcl_interfaces/srv/_get_parameter_types.py
-- Installing: /home/saitama1/ros2_foxy/install/rcl_interfaces/lib/python3.8/site-packages/rcl_interfaces/srv/__init__.py
-- Installing: /home/saitama1/ros2_foxy/install/rcl_interfaces/lib/python3.8/site-packages/rcl_interfaces/srv/_set_parameters_s.c
-- Installing: /home/saitama1/ros2_foxy/install/rcl_interfaces/lib/python3.8/site-packages/rcl_interfaces/srv/_get_parameters.py
-- Installing: /home/saitama1/ros2_foxy/install/rcl_interfaces/lib/python3.8/site-packages/rcl_interfaces/srv/_set_parameters_atomically_s.c
-- Installing: /home/saitama1/ros2_foxy/install/rcl_interfaces/lib/python3.8/site-packages/rcl_interfaces/srv/_get_parameters_s.c
-- Installing: /home/saitama1/ros2_foxy/install/rcl_interfaces/lib/python3.8/site-packages/rcl_interfaces/srv/_list_parameters_s.c
-- Installing: /home/saitama1/ros2_foxy/install/rcl_interfaces/lib/python3.8/site-packages/rcl_interfaces/srv/_describe_parameters_s.c
-- Installing: /home/saitama1/ros2_foxy/install/rcl_interfaces/lib/python3.8/site-packages/rcl_interfaces/srv/_set_parameters.py
-- Installing: /home/saitama1/ros2_foxy/install/rcl_interfaces/lib/python3.8/site-packages/rcl_interfaces/srv/_describe_parameters.py
-- Installing: /home/saitama1/ros2_foxy/install/rcl_interfaces/lib/python3.8/site-packages/rcl_interfaces/srv/_set_parameters_atomically.py
-- Installing: /home/saitama1/ros2_foxy/install/rcl_interfaces/lib/python3.8/site-packages/rcl_interfaces/rcl_interfaces_s__rosidl_typesupport_fastrtps_c.cpython-38-x86_64-linux-gnu.so
-- Set runtime path of "/home/saitama1/ros2_foxy/install/rcl_interfaces/lib/python3.8/site-packages/rcl_interfaces/rcl_interfaces_s__rosidl_typesupport_fastrtps_c.cpython-38-x86_64-linux-gnu.so" to ""
-- Installing: /home/saitama1/ros2_foxy/install/rcl_interfaces/lib/python3.8/site-packages/rcl_interfaces/rcl_interfaces_s__rosidl_typesupport_introspection_c.cpython-38-x86_64-linux-gnu.so
-- Set runtime path of "/home/saitama1/ros2_foxy/install/rcl_interfaces/lib/python3.8/site-packages/rcl_interfaces/rcl_interfaces_s__rosidl_typesupport_introspection_c.cpython-38-x86_64-linux-gnu.so" to ""
-- Installing: /home/saitama1/ros2_foxy/install/rcl_interfaces/lib/python3.8/site-packages/rcl_interfaces/rcl_interfaces_s__rosidl_typesupport_c.cpython-38-x86_64-linux-gnu.so
-- Set runtime path of "/home/saitama1/ros2_foxy/install/rcl_interfaces/lib/python3.8/site-packages/rcl_interfaces/rcl_interfaces_s__rosidl_typesupport_c.cpython-38-x86_64-linux-gnu.so" to ""
-- Installing: /home/saitama1/ros2_foxy/install/rcl_interfaces/lib/librcl_interfaces__python.so
-- Set runtime path of "/home/saitama1/ros2_foxy/install/rcl_interfaces/lib/librcl_interfaces__python.so" to ""
-- Installing: /home/saitama1/ros2_foxy/install/rcl_interfaces/share/rcl_interfaces/msg/FloatingPointRange.idl
-- Installing: /home/saitama1/ros2_foxy/install/rcl_interfaces/share/rcl_interfaces/msg/IntegerRange.idl
-- Installing: /home/saitama1/ros2_foxy/install/rcl_interfaces/share/rcl_interfaces/msg/ListParametersResult.idl
-- Installing: /home/saitama1/ros2_foxy/install/rcl_interfaces/share/rcl_interfaces/msg/Log.idl
-- Installing: /home/saitama1/ros2_foxy/install/rcl_interfaces/share/rcl_interfaces/msg/ParameterDescriptor.idl
-- Installing: /home/saitama1/ros2_foxy/install/rcl_interfaces/share/rcl_interfaces/msg/ParameterEventDescriptors.idl
-- Installing: /home/saitama1/ros2_foxy/install/rcl_interfaces/share/rcl_interfaces/msg/ParameterEvent.idl
-- Installing: /home/saitama1/ros2_foxy/install/rcl_interfaces/share/rcl_interfaces/msg/Parameter.idl
-- Installing: /home/saitama1/ros2_foxy/install/rcl_interfaces/share/rcl_interfaces/msg/ParameterType.idl
-- Installing: /home/saitama1/ros2_foxy/install/rcl_interfaces/share/rcl_interfaces/msg/ParameterValue.idl
-- Installing: /home/saitama1/ros2_foxy/install/rcl_interfaces/share/rcl_interfaces/msg/SetParametersResult.idl
-- Installing: /home/saitama1/ros2_foxy/install/rcl_interfaces/share/rcl_interfaces/srv/DescribeParameters.idl
-- Installing: /home/saitama1/ros2_foxy/install/rcl_interfaces/share/rcl_interfaces/srv/GetParameters.idl
-- Installing: /home/saitama1/ros2_foxy/install/rcl_interfaces/share/rcl_interfaces/srv/GetParameterTypes.idl
-- Installing: /home/saitama1/ros2_foxy/install/rcl_interfaces/share/rcl_interfaces/srv/ListParameters.idl
-- Installing: /home/saitama1/ros2_foxy/install/rcl_interfaces/share/rcl_interfaces/srv/SetParametersAtomically.idl
-- Installing: /home/saitama1/ros2_foxy/install/rcl_interfaces/share/rcl_interfaces/srv/SetParameters.idl
-- Installing: /home/saitama1/ros2_foxy/install/rcl_interfaces/share/rcl_interfaces/msg/FloatingPointRange.msg
-- Installing: /home/saitama1/ros2_foxy/install/rcl_interfaces/share/rcl_interfaces/msg/IntegerRange.msg
-- Installing: /home/saitama1/ros2_foxy/install/rcl_interfaces/share/rcl_interfaces/msg/ListParametersResult.msg
-- Installing: /home/saitama1/ros2_foxy/install/rcl_interfaces/share/rcl_interfaces/msg/Log.msg
-- Installing: /home/saitama1/ros2_foxy/install/rcl_interfaces/share/rcl_interfaces/msg/ParameterDescriptor.msg
-- Installing: /home/saitama1/ros2_foxy/install/rcl_interfaces/share/rcl_interfaces/msg/ParameterEventDescriptors.msg
-- Installing: /home/saitama1/ros2_foxy/install/rcl_interfaces/share/rcl_interfaces/msg/ParameterEvent.msg
-- Installing: /home/saitama1/ros2_foxy/install/rcl_interfaces/share/rcl_interfaces/msg/Parameter.msg
-- Installing: /home/saitama1/ros2_foxy/install/rcl_interfaces/share/rcl_interfaces/msg/ParameterType.msg
-- Installing: /home/saitama1/ros2_foxy/install/rcl_interfaces/share/rcl_interfaces/msg/ParameterValue.msg
-- Installing: /home/saitama1/ros2_foxy/install/rcl_interfaces/share/rcl_interfaces/msg/SetParametersResult.msg
-- Installing: /home/saitama1/ros2_foxy/install/rcl_interfaces/share/rcl_interfaces/srv/DescribeParameters.srv
-- Installing: /home/saitama1/ros2_foxy/install/rcl_interfaces/share/rcl_interfaces/srv/DescribeParameters_Request.msg
-- Installing: /home/saitama1/ros2_foxy/install/rcl_interfaces/share/rcl_interfaces/srv/DescribeParameters_Response.msg
-- Installing: /home/saitama1/ros2_foxy/install/rcl_interfaces/share/rcl_interfaces/srv/GetParameters.srv
-- Installing: /home/saitama1/ros2_foxy/install/rcl_interfaces/share/rcl_interfaces/srv/GetParameters_Request.msg
-- Installing: /home/saitama1/ros2_foxy/install/rcl_interfaces/share/rcl_interfaces/srv/GetParameters_Response.msg
-- Installing: /home/saitama1/ros2_foxy/install/rcl_interfaces/share/rcl_interfaces/srv/GetParameterTypes.srv
-- Installing: /home/saitama1/ros2_foxy/install/rcl_interfaces/share/rcl_interfaces/srv/GetParameterTypes_Request.msg
-- Installing: /home/saitama1/ros2_foxy/install/rcl_interfaces/share/rcl_interfaces/srv/GetParameterTypes_Response.msg
-- Installing: /home/saitama1/ros2_foxy/install/rcl_interfaces/share/rcl_interfaces/srv/ListParameters.srv
-- Installing: /home/saitama1/ros2_foxy/install/rcl_interfaces/share/rcl_interfaces/srv/ListParameters_Request.msg
-- Installing: /home/saitama1/ros2_foxy/install/rcl_interfaces/share/rcl_interfaces/srv/ListParameters_Response.msg
-- Installing: /home/saitama1/ros2_foxy/install/rcl_interfaces/share/rcl_interfaces/srv/SetParametersAtomically.srv
-- Installing: /home/saitama1/ros2_foxy/install/rcl_interfaces/share/rcl_interfaces/srv/SetParametersAtomically_Request.msg
-- Installing: /home/saitama1/ros2_foxy/install/rcl_interfaces/share/rcl_interfaces/srv/SetParametersAtomically_Response.msg
-- Installing: /home/saitama1/ros2_foxy/install/rcl_interfaces/share/rcl_interfaces/srv/SetParameters.srv
-- Installing: /home/saitama1/ros2_foxy/install/rcl_interfaces/share/rcl_interfaces/srv/SetParameters_Request.msg
-- Installing: /home/saitama1/ros2_foxy/install/rcl_interfaces/share/rcl_interfaces/srv/SetParameters_Response.msg
-- Installing: /home/saitama1/ros2_foxy/install/rcl_interfaces/share/rcl_interfaces/mapping_rules.yaml
-- Installing: /home/saitama1/ros2_foxy/install/rcl_interfaces/share/ament_index/resource_index/package_run_dependencies/rcl_interfaces
-- Installing: /home/saitama1/ros2_foxy/install/rcl_interfaces/share/ament_index/resource_index/parent_prefix_path/rcl_interfaces
-- Installing: /home/saitama1/ros2_foxy/install/rcl_interfaces/share/rcl_interfaces/environment/ament_prefix_path.sh
-- Installing: /home/saitama1/ros2_foxy/install/rcl_interfaces/share/rcl_interfaces/environment/ament_prefix_path.dsv
-- Installing: /home/saitama1/ros2_foxy/install/rcl_interfaces/share/rcl_interfaces/environment/path.sh
-- Installing: /home/saitama1/ros2_foxy/install/rcl_interfaces/share/rcl_interfaces/environment/path.dsv
-- Installing: /home/saitama1/ros2_foxy/install/rcl_interfaces/share/rcl_interfaces/local_setup.bash
-- Installing: /home/saitama1/ros2_foxy/install/rcl_interfaces/share/rcl_interfaces/local_setup.sh
-- Installing: /home/saitama1/ros2_foxy/install/rcl_interfaces/share/rcl_interfaces/local_setup.zsh
-- Installing: /home/saitama1/ros2_foxy/install/rcl_interfaces/share/rcl_interfaces/local_setup.dsv
-- Installing: /home/saitama1/ros2_foxy/install/rcl_interfaces/share/rcl_interfaces/package.dsv
-- Installing: /home/saitama1/ros2_foxy/install/rcl_interfaces/share/ament_index/resource_index/packages/rcl_interfaces
-- Installing: /home/saitama1/ros2_foxy/install/rcl_interfaces/share/rcl_interfaces/cmake/rcl_interfaces__rosidl_generator_cExport.cmake
-- Installing: /home/saitama1/ros2_foxy/install/rcl_interfaces/share/rcl_interfaces/cmake/rcl_interfaces__rosidl_generator_cExport-noconfig.cmake
-- Installing: /home/saitama1/ros2_foxy/install/rcl_interfaces/share/rcl_interfaces/cmake/rcl_interfaces__rosidl_typesupport_introspection_cExport.cmake
-- Installing: /home/saitama1/ros2_foxy/install/rcl_interfaces/share/rcl_interfaces/cmake/rcl_interfaces__rosidl_typesupport_introspection_cExport-noconfig.cmake
-- Installing: /home/saitama1/ros2_foxy/install/rcl_interfaces/share/rcl_interfaces/cmake/rcl_interfaces__rosidl_typesupport_cExport.cmake
-- Installing: /home/saitama1/ros2_foxy/install/rcl_interfaces/share/rcl_interfaces/cmake/rcl_interfaces__rosidl_typesupport_cExport-noconfig.cmake
-- Installing: /home/saitama1/ros2_foxy/install/rcl_interfaces/share/rcl_interfaces/cmake/rcl_interfaces__rosidl_generator_cppExport.cmake
-- Installing: /home/saitama1/ros2_foxy/install/rcl_interfaces/share/rcl_interfaces/cmake/rcl_interfaces__rosidl_typesupport_introspection_cppExport.cmake
-- Installing: /home/saitama1/ros2_foxy/install/rcl_interfaces/share/rcl_interfaces/cmake/rcl_interfaces__rosidl_typesupport_introspection_cppExport-noconfig.cmake
-- Installing: /home/saitama1/ros2_foxy/install/rcl_interfaces/share/rcl_interfaces/cmake/rcl_interfaces__rosidl_typesupport_cppExport.cmake
-- Installing: /home/saitama1/ros2_foxy/install/rcl_interfaces/share/rcl_interfaces/cmake/rcl_interfaces__rosidl_typesupport_cppExport-noconfig.cmake
-- Installing: /home/saitama1/ros2_foxy/install/rcl_interfaces/share/rcl_interfaces/cmake/rosidl_cmake-extras.cmake
-- Installing: /home/saitama1/ros2_foxy/install/rcl_interfaces/share/rcl_interfaces/cmake/ament_cmake_export_dependencies-extras.cmake
-- Installing: /home/saitama1/ros2_foxy/install/rcl_interfaces/share/rcl_interfaces/cmake/ament_cmake_export_libraries-extras.cmake
-- Installing: /home/saitama1/ros2_foxy/install/rcl_interfaces/share/rcl_interfaces/cmake/ament_cmake_export_targets-extras.cmake
-- Installing: /home/saitama1/ros2_foxy/install/rcl_interfaces/share/rcl_interfaces/cmake/ament_cmake_export_include_directories-extras.cmake
-- Installing: /home/saitama1/ros2_foxy/install/rcl_interfaces/share/rcl_interfaces/cmake/rosidl_cmake_export_typesupport_libraries-extras.cmake
-- Installing: /home/saitama1/ros2_foxy/install/rcl_interfaces/share/rcl_interfaces/cmake/rosidl_cmake_export_typesupport_targets-extras.cmake
-- Installing: /home/saitama1/ros2_foxy/install/rcl_interfaces/share/rcl_interfaces/cmake/rcl_interfacesConfig.cmake
-- Installing: /home/saitama1/ros2_foxy/install/rcl_interfaces/share/rcl_interfaces/cmake/rcl_interfacesConfig-version.cmake
-- Installing: /home/saitama1/ros2_foxy/install/rcl_interfaces/share/rcl_interfaces/package.xml
