-- Found ament_cmake: 0.9.8 (/home/saitama1/ros2_foxy/install/ament_cmake/share/ament_cmake/cmake)
-- Using PYTHON_EXECUTABLE: /usr/bin/python3
-- Override CMake install command with custom implementation using symlinks instead of copying resources
-- Configuring done
-- Generating done
-- Build files have been written to: /home/saitama1/ros2_foxy/build/zstd_vendor
[100%] Built target zstd-1.4.4
-- Install configuration: ""
-- Execute custom install script
-- Symlinking: /home/saitama1/ros2_foxy/install/zstd_vendor/include/zstd.h
-- Symlinking: /home/saitama1/ros2_foxy/install/zstd_vendor/lib/libzstd.so
-- Symlinking: /home/saitama1/ros2_foxy/install/zstd_vendor/lib/libzstd.so.1
-- Symlinking: /home/saitama1/ros2_foxy/install/zstd_vendor/lib/libzstd.so.1.4.4
-- Symlinking: /home/saitama1/ros2_foxy/install/zstd_vendor/lib/pkgconfig/libzstd.pc
-- Symlinking: /home/saitama1/ros2_foxy/install/zstd_vendor/share/zstd_vendor/cmake/Modules/Findzstd.cmake
-- Symlinking: /home/saitama1/ros2_foxy/install/zstd_vendor/share/ament_index/resource_index/package_run_dependencies/zstd_vendor
-- Symlinking: /home/saitama1/ros2_foxy/install/zstd_vendor/share/ament_index/resource_index/parent_prefix_path/zstd_vendor
-- Symlinking: /home/saitama1/ros2_foxy/install/zstd_vendor/share/zstd_vendor/environment/ament_prefix_path.sh
-- Symlinking: /home/saitama1/ros2_foxy/install/zstd_vendor/share/zstd_vendor/environment/ament_prefix_path.dsv
-- Symlinking: /home/saitama1/ros2_foxy/install/zstd_vendor/share/zstd_vendor/environment/path.sh
-- Symlinking: /home/saitama1/ros2_foxy/install/zstd_vendor/share/zstd_vendor/environment/path.dsv
-- Symlinking: /home/saitama1/ros2_foxy/install/zstd_vendor/share/zstd_vendor/local_setup.bash
-- Symlinking: /home/saitama1/ros2_foxy/install/zstd_vendor/share/zstd_vendor/local_setup.sh
-- Symlinking: /home/saitama1/ros2_foxy/install/zstd_vendor/share/zstd_vendor/local_setup.zsh
-- Symlinking: /home/saitama1/ros2_foxy/install/zstd_vendor/share/zstd_vendor/local_setup.dsv
-- Symlinking: /home/saitama1/ros2_foxy/install/zstd_vendor/share/zstd_vendor/package.dsv
-- Symlinking: /home/saitama1/ros2_foxy/install/zstd_vendor/share/ament_index/resource_index/packages/zstd_vendor
-- Symlinking: /home/saitama1/ros2_foxy/install/zstd_vendor/share/zstd_vendor/cmake/zstd_vendor-extras.cmake
-- Symlinking: /home/saitama1/ros2_foxy/install/zstd_vendor/share/zstd_vendor/cmake/zstd_vendorConfig.cmake
-- Symlinking: /home/saitama1/ros2_foxy/install/zstd_vendor/share/zstd_vendor/cmake/zstd_vendorConfig-version.cmake
-- Symlinking: /home/saitama1/ros2_foxy/install/zstd_vendor/share/zstd_vendor/package.xml
