[1.076s] Invoking command in '/home/saitama1/Pictures/ros2-picas/ros2_foxy/build/mrt_cmake_modules': AMENT_PREFIX_PATH=/home/saitama1/Pictures/ros2-picas/ros2_foxy/install/ros_environment:/home/saitama1/Pictures/ros2-picas/ros2_foxy/install/ament_cmake_core:/home/saitama1/Pictures/ros2-picas/ros2_foxy/install/ament_package:${AMENT_PREFIX_PATH} CMAKE_PREFIX_PATH=/home/saitama1/Pictures/ros2-picas/ros2_foxy/install/ros_environment:/home/saitama1/Pictures/ros2-picas/ros2_foxy/install/ament_cmake_core:/home/saitama1/Pictures/ros2-picas/ros2_foxy/install/gtest_vendor PKG_CONFIG_PATH=/home/saitama1/Pictures/ros2-picas/ros2_foxy/install/gtest_vendor/lib/x86_64-linux-gnu/pkgconfig:/home/saitama1/Pictures/ros2-picas/ros2_foxy/install/gtest_vendor/lib/pkgconfig PYTHONPATH=/home/saitama1/Pictures/ros2-picas/ros2_foxy/install/ament_package/lib/python3.8/site-packages:${PYTHONPATH} /usr/bin/cmake /home/saitama1/Pictures/ros2-picas/ros2_foxy/src/autoware_build_parts/mrt_cmake_modules -DCATKIN_INSTALL_INTO_PREFIX_ROOT=0 -DCMAKE_INSTALL_PREFIX=/home/saitama1/Pictures/ros2-picas/ros2_foxy/install/mrt_cmake_modules
[1.148s] -- The C compiler identification is GNU 9.3.0
[1.217s] -- The CXX compiler identification is GNU 9.3.0
[1.225s] -- Check for working C compiler: /usr/bin/cc
[1.313s] -- Check for working C compiler: /usr/bin/cc -- works
[1.313s] -- Detecting C compiler ABI info
[1.417s] -- Detecting C compiler ABI info - done
[1.428s] -- Detecting C compile features
[1.429s] -- Detecting C compile features - done
[1.430s] -- Check for working CXX compiler: /usr/bin/c++
[1.523s] -- Check for working CXX compiler: /usr/bin/c++ -- works
[1.524s] -- Detecting CXX compiler ABI info
[1.601s] -- Detecting CXX compiler ABI info - done
[1.615s] -- Detecting CXX compile features
[1.616s] -- Detecting CXX compile features - done
[1.617s] -- Found ament_cmake_core: 0.9.8 (/home/saitama1/Pictures/ros2-picas/ros2_foxy/install/ament_cmake_core/share/ament_cmake_core/cmake)
[1.638s] -- Found PythonInterp: /usr/bin/python3 (found suitable version "3.8.10", minimum required is "3") 
[1.638s] -- Using PYTHON_EXECUTABLE: /usr/bin/python3
[1.831s] -- Configuring done
[1.832s] -- Generating done
[1.833s] CMake Warning:
[1.833s]   Manually-specified variables were not used by the project:
[1.833s] 
[1.833s]     CATKIN_INSTALL_INTO_PREFIX_ROOT
[1.833s] 
[1.833s] 
[1.833s] -- Build files have been written to: /home/saitama1/Pictures/ros2-picas/ros2_foxy/build/mrt_cmake_modules
[2.159s] Invoked command in '/home/saitama1/Pictures/ros2-picas/ros2_foxy/build/mrt_cmake_modules' returned '0': AMENT_PREFIX_PATH=/home/saitama1/Pictures/ros2-picas/ros2_foxy/install/ros_environment:/home/saitama1/Pictures/ros2-picas/ros2_foxy/install/ament_cmake_core:/home/saitama1/Pictures/ros2-picas/ros2_foxy/install/ament_package:${AMENT_PREFIX_PATH} CMAKE_PREFIX_PATH=/home/saitama1/Pictures/ros2-picas/ros2_foxy/install/ros_environment:/home/saitama1/Pictures/ros2-picas/ros2_foxy/install/ament_cmake_core:/home/saitama1/Pictures/ros2-picas/ros2_foxy/install/gtest_vendor PKG_CONFIG_PATH=/home/saitama1/Pictures/ros2-picas/ros2_foxy/install/gtest_vendor/lib/x86_64-linux-gnu/pkgconfig:/home/saitama1/Pictures/ros2-picas/ros2_foxy/install/gtest_vendor/lib/pkgconfig PYTHONPATH=/home/saitama1/Pictures/ros2-picas/ros2_foxy/install/ament_package/lib/python3.8/site-packages:${PYTHONPATH} /usr/bin/cmake /home/saitama1/Pictures/ros2-picas/ros2_foxy/src/autoware_build_parts/mrt_cmake_modules -DCATKIN_INSTALL_INTO_PREFIX_ROOT=0 -DCMAKE_INSTALL_PREFIX=/home/saitama1/Pictures/ros2-picas/ros2_foxy/install/mrt_cmake_modules
[2.162s] Invoking command in '/home/saitama1/Pictures/ros2-picas/ros2_foxy/build/mrt_cmake_modules': AMENT_PREFIX_PATH=/home/saitama1/Pictures/ros2-picas/ros2_foxy/install/ros_environment:/home/saitama1/Pictures/ros2-picas/ros2_foxy/install/ament_cmake_core:/home/saitama1/Pictures/ros2-picas/ros2_foxy/install/ament_package:${AMENT_PREFIX_PATH} CMAKE_PREFIX_PATH=/home/saitama1/Pictures/ros2-picas/ros2_foxy/install/ros_environment:/home/saitama1/Pictures/ros2-picas/ros2_foxy/install/ament_cmake_core:/home/saitama1/Pictures/ros2-picas/ros2_foxy/install/gtest_vendor PKG_CONFIG_PATH=/home/saitama1/Pictures/ros2-picas/ros2_foxy/install/gtest_vendor/lib/x86_64-linux-gnu/pkgconfig:/home/saitama1/Pictures/ros2-picas/ros2_foxy/install/gtest_vendor/lib/pkgconfig PYTHONPATH=/home/saitama1/Pictures/ros2-picas/ros2_foxy/install/ament_package/lib/python3.8/site-packages:${PYTHONPATH} /usr/bin/cmake --build /home/saitama1/Pictures/ros2-picas/ros2_foxy/build/mrt_cmake_modules -- -j12 -l12
[2.781s] Invoked command in '/home/saitama1/Pictures/ros2-picas/ros2_foxy/build/mrt_cmake_modules' returned '0': AMENT_PREFIX_PATH=/home/saitama1/Pictures/ros2-picas/ros2_foxy/install/ros_environment:/home/saitama1/Pictures/ros2-picas/ros2_foxy/install/ament_cmake_core:/home/saitama1/Pictures/ros2-picas/ros2_foxy/install/ament_package:${AMENT_PREFIX_PATH} CMAKE_PREFIX_PATH=/home/saitama1/Pictures/ros2-picas/ros2_foxy/install/ros_environment:/home/saitama1/Pictures/ros2-picas/ros2_foxy/install/ament_cmake_core:/home/saitama1/Pictures/ros2-picas/ros2_foxy/install/gtest_vendor PKG_CONFIG_PATH=/home/saitama1/Pictures/ros2-picas/ros2_foxy/install/gtest_vendor/lib/x86_64-linux-gnu/pkgconfig:/home/saitama1/Pictures/ros2-picas/ros2_foxy/install/gtest_vendor/lib/pkgconfig PYTHONPATH=/home/saitama1/Pictures/ros2-picas/ros2_foxy/install/ament_package/lib/python3.8/site-packages:${PYTHONPATH} /usr/bin/cmake --build /home/saitama1/Pictures/ros2-picas/ros2_foxy/build/mrt_cmake_modules -- -j12 -l12
[3.363s] Invoking command in '/home/saitama1/Pictures/ros2-picas/ros2_foxy/build/mrt_cmake_modules': AMENT_PREFIX_PATH=/home/saitama1/Pictures/ros2-picas/ros2_foxy/install/ros_environment:/home/saitama1/Pictures/ros2-picas/ros2_foxy/install/ament_cmake_core:/home/saitama1/Pictures/ros2-picas/ros2_foxy/install/ament_package:${AMENT_PREFIX_PATH} CMAKE_PREFIX_PATH=/home/saitama1/Pictures/ros2-picas/ros2_foxy/install/ros_environment:/home/saitama1/Pictures/ros2-picas/ros2_foxy/install/ament_cmake_core:/home/saitama1/Pictures/ros2-picas/ros2_foxy/install/gtest_vendor PKG_CONFIG_PATH=/home/saitama1/Pictures/ros2-picas/ros2_foxy/install/gtest_vendor/lib/x86_64-linux-gnu/pkgconfig:/home/saitama1/Pictures/ros2-picas/ros2_foxy/install/gtest_vendor/lib/pkgconfig PYTHONPATH=/home/saitama1/Pictures/ros2-picas/ros2_foxy/install/ament_package/lib/python3.8/site-packages:${PYTHONPATH} /usr/bin/cmake --install /home/saitama1/Pictures/ros2-picas/ros2_foxy/build/mrt_cmake_modules
[3.398s] -- Install configuration: ""
[3.398s] -- Installing: /home/saitama1/Pictures/ros2-picas/ros2_foxy/install/mrt_cmake_modules/share/ament_index/resource_index/package_run_dependencies/mrt_cmake_modules
[3.398s] -- Installing: /home/saitama1/Pictures/ros2-picas/ros2_foxy/install/mrt_cmake_modules/share/ament_index/resource_index/parent_prefix_path/mrt_cmake_modules
[3.399s] -- Installing: /home/saitama1/Pictures/ros2-picas/ros2_foxy/install/mrt_cmake_modules/share/mrt_cmake_modules/environment/ament_prefix_path.sh
[3.399s] -- Installing: /home/saitama1/Pictures/ros2-picas/ros2_foxy/install/mrt_cmake_modules/share/mrt_cmake_modules/environment/ament_prefix_path.dsv
[3.399s] -- Installing: /home/saitama1/Pictures/ros2-picas/ros2_foxy/install/mrt_cmake_modules/share/mrt_cmake_modules/environment/path.sh
[3.401s] -- Installing: /home/saitama1/Pictures/ros2-picas/ros2_foxy/install/mrt_cmake_modules/share/mrt_cmake_modules/environment/path.dsv
[3.402s] -- Installing: /home/saitama1/Pictures/ros2-picas/ros2_foxy/install/mrt_cmake_modules/share/mrt_cmake_modules/local_setup.bash
[3.402s] -- Installing: /home/saitama1/Pictures/ros2-picas/ros2_foxy/install/mrt_cmake_modules/share/mrt_cmake_modules/local_setup.sh
[3.402s] -- Installing: /home/saitama1/Pictures/ros2-picas/ros2_foxy/install/mrt_cmake_modules/share/mrt_cmake_modules/local_setup.zsh
[3.402s] -- Installing: /home/saitama1/Pictures/ros2-picas/ros2_foxy/install/mrt_cmake_modules/share/mrt_cmake_modules/local_setup.dsv
[3.402s] -- Installing: /home/saitama1/Pictures/ros2-picas/ros2_foxy/install/mrt_cmake_modules/share/mrt_cmake_modules/package.dsv
[3.402s] -- Installing: /home/saitama1/Pictures/ros2-picas/ros2_foxy/install/mrt_cmake_modules/share/ament_index/resource_index/packages/mrt_cmake_modules
[3.402s] -- Installing: /home/saitama1/Pictures/ros2-picas/ros2_foxy/install/mrt_cmake_modules/share/mrt_cmake_modules/cmake/mrt_cmake_modules-extras.cmake
[3.402s] -- Installing: /home/saitama1/Pictures/ros2-picas/ros2_foxy/install/mrt_cmake_modules/share/mrt_cmake_modules/cmake/mrt_cmake_modulesConfig.cmake
[3.402s] -- Installing: /home/saitama1/Pictures/ros2-picas/ros2_foxy/install/mrt_cmake_modules/share/mrt_cmake_modules/cmake/mrt_cmake_modulesConfig-version.cmake
[3.402s] -- Installing: /home/saitama1/Pictures/ros2-picas/ros2_foxy/install/mrt_cmake_modules/share/mrt_cmake_modules/package.xml
[3.403s] -- Up-to-date: /home/saitama1/Pictures/ros2-picas/ros2_foxy/install/mrt_cmake_modules/share/mrt_cmake_modules/cmake
[3.403s] -- Installing: /home/saitama1/Pictures/ros2-picas/ros2_foxy/install/mrt_cmake_modules/share/mrt_cmake_modules/cmake/mrt_cmake_modules-macros.cmake
[3.404s] -- Installing: /home/saitama1/Pictures/ros2-picas/ros2_foxy/install/mrt_cmake_modules/share/mrt_cmake_modules/cmake/mrt_cmake_modules-extras.cmake.in
[3.406s] -- Up-to-date: /home/saitama1/Pictures/ros2-picas/ros2_foxy/install/mrt_cmake_modules/share/mrt_cmake_modules/cmake/Modules
[3.407s] -- Installing: /home/saitama1/Pictures/ros2-picas/ros2_foxy/install/mrt_cmake_modules/share/mrt_cmake_modules/cmake/Modules/FindIGL.cmake
[3.407s] -- Installing: /home/saitama1/Pictures/ros2-picas/ros2_foxy/install/mrt_cmake_modules/share/mrt_cmake_modules/cmake/Modules/FindTensorflow.cmake
[3.407s] -- Installing: /home/saitama1/Pictures/ros2-picas/ros2_foxy/install/mrt_cmake_modules/share/mrt_cmake_modules/cmake/Modules/FindSuiteSparse.cmake
[3.407s] -- Installing: /home/saitama1/Pictures/ros2-picas/ros2_foxy/install/mrt_cmake_modules/share/mrt_cmake_modules/cmake/Modules/FindSDL2.cmake
[3.407s] -- Installing: /home/saitama1/Pictures/ros2-picas/ros2_foxy/install/mrt_cmake_modules/share/mrt_cmake_modules/cmake/Modules/FindCereal.cmake
[3.407s] -- Installing: /home/saitama1/Pictures/ros2-picas/ros2_foxy/install/mrt_cmake_modules/share/mrt_cmake_modules/cmake/Modules/FindGlog.cmake
[3.408s] -- Installing: /home/saitama1/Pictures/ros2-picas/ros2_foxy/install/mrt_cmake_modules/share/mrt_cmake_modules/cmake/Modules/FindMrtPCL.cmake
[3.408s] -- Installing: /home/saitama1/Pictures/ros2-picas/ros2_foxy/install/mrt_cmake_modules/share/mrt_cmake_modules/cmake/Modules/FindBoostPython.cmake
[3.408s] -- Installing: /home/saitama1/Pictures/ros2-picas/ros2_foxy/install/mrt_cmake_modules/share/mrt_cmake_modules/cmake/Modules/Findpugixml.cmake
[3.408s] -- Installing: /home/saitama1/Pictures/ros2-picas/ros2_foxy/install/mrt_cmake_modules/share/mrt_cmake_modules/cmake/Modules/Findnlopt.cmake
[3.408s] -- Installing: /home/saitama1/Pictures/ros2-picas/ros2_foxy/install/mrt_cmake_modules/share/mrt_cmake_modules/cmake/Modules/FindGeographicLib.cmake
[3.408s] -- Installing: /home/saitama1/Pictures/ros2-picas/ros2_foxy/install/mrt_cmake_modules/share/mrt_cmake_modules/cmake/Modules/FindANN.cmake
[3.408s] -- Installing: /home/saitama1/Pictures/ros2-picas/ros2_foxy/install/mrt_cmake_modules/share/mrt_cmake_modules/cmake/Modules/FindAutoDeps.cmake
[3.408s] -- Installing: /home/saitama1/Pictures/ros2-picas/ros2_foxy/install/mrt_cmake_modules/share/mrt_cmake_modules/cmake/Modules/FindMrtQt4.cmake
[3.408s] -- Installing: /home/saitama1/Pictures/ros2-picas/ros2_foxy/install/mrt_cmake_modules/share/mrt_cmake_modules/cmake/Modules/FindLeptonica.cmake
[3.408s] -- Installing: /home/saitama1/Pictures/ros2-picas/ros2_foxy/install/mrt_cmake_modules/share/mrt_cmake_modules/cmake/Modules/FindClangTidy.cmake
[3.408s] -- Installing: /home/saitama1/Pictures/ros2-picas/ros2_foxy/install/mrt_cmake_modules/share/mrt_cmake_modules/cmake/Modules/FindMetis.cmake
[3.409s] -- Installing: /home/saitama1/Pictures/ros2-picas/ros2_foxy/install/mrt_cmake_modules/share/mrt_cmake_modules/cmake/Modules/FindPNG++.cmake
[3.409s] -- Installing: /home/saitama1/Pictures/ros2-picas/ros2_foxy/install/mrt_cmake_modules/share/mrt_cmake_modules/cmake/Modules/FindCTensorflow.cmake
[3.409s] -- Installing: /home/saitama1/Pictures/ros2-picas/ros2_foxy/install/mrt_cmake_modules/share/mrt_cmake_modules/cmake/Modules/FindIpopt.cmake
[3.409s] -- Installing: /home/saitama1/Pictures/ros2-picas/ros2_foxy/install/mrt_cmake_modules/share/mrt_cmake_modules/cmake/Modules/Findgtest.cmake
[3.409s] -- Installing: /home/saitama1/Pictures/ros2-picas/ros2_foxy/install/mrt_cmake_modules/share/mrt_cmake_modules/cmake/Modules/FindAravis.cmake
[3.409s] -- Installing: /home/saitama1/Pictures/ros2-picas/ros2_foxy/install/mrt_cmake_modules/share/mrt_cmake_modules/cmake/Modules/FindSqlite3.cmake
[3.411s] -- Installing: /home/saitama1/Pictures/ros2-picas/ros2_foxy/install/mrt_cmake_modules/share/mrt_cmake_modules/cmake/Modules/FindMrtOpenGL.cmake
[3.411s] -- Installing: /home/saitama1/Pictures/ros2-picas/ros2_foxy/install/mrt_cmake_modules/share/mrt_cmake_modules/cmake/Modules/FindTinyXML.cmake
[3.412s] -- Installing: /home/saitama1/Pictures/ros2-picas/ros2_foxy/install/mrt_cmake_modules/share/mrt_cmake_modules/cmake/Modules/FindMrtQt5.cmake
[3.412s] -- Installing: /home/saitama1/Pictures/ros2-picas/ros2_foxy/install/mrt_cmake_modules/share/mrt_cmake_modules/cmake/Modules/UseMrtStdCompilerFlags.cmake
[3.412s] -- Installing: /home/saitama1/Pictures/ros2-picas/ros2_foxy/install/mrt_cmake_modules/share/mrt_cmake_modules/cmake/Modules/FindJsonCpp.cmake
[3.412s] -- Installing: /home/saitama1/Pictures/ros2-picas/ros2_foxy/install/mrt_cmake_modules/share/mrt_cmake_modules/cmake/Modules/MrtTesting.cmake
[3.413s] -- Installing: /home/saitama1/Pictures/ros2-picas/ros2_foxy/install/mrt_cmake_modules/share/mrt_cmake_modules/cmake/Modules/FindTinyXML2.cmake
[3.413s] -- Installing: /home/saitama1/Pictures/ros2-picas/ros2_foxy/install/mrt_cmake_modules/share/mrt_cmake_modules/cmake/Modules/UseMrtAutoTarget.cmake
[3.413s] -- Installing: /home/saitama1/Pictures/ros2-picas/ros2_foxy/install/mrt_cmake_modules/share/mrt_cmake_modules/cmake/Modules/FindCairo.cmake
[3.413s] -- Installing: /home/saitama1/Pictures/ros2-picas/ros2_foxy/install/mrt_cmake_modules/share/mrt_cmake_modules/cmake/Modules/FindTBB.cmake
[3.413s] -- Installing: /home/saitama1/Pictures/ros2-picas/ros2_foxy/install/mrt_cmake_modules/share/mrt_cmake_modules/cmake/Modules/GatherDeps.cmake
[3.414s] -- Installing: /home/saitama1/Pictures/ros2-picas/ros2_foxy/install/mrt_cmake_modules/share/mrt_cmake_modules/cmake/Modules/FindTesseract.cmake
[3.416s] -- Installing: /home/saitama1/Pictures/ros2-picas/ros2_foxy/install/mrt_cmake_modules/share/mrt_cmake_modules/cmake/Modules/FindMrtCUDA.cmake
[3.416s] -- Installing: /home/saitama1/Pictures/ros2-picas/ros2_foxy/install/mrt_cmake_modules/share/mrt_cmake_modules/cmake/Modules/ExportPackage.cmake
[3.417s] -- Installing: /home/saitama1/Pictures/ros2-picas/ros2_foxy/install/mrt_cmake_modules/share/mrt_cmake_modules/cmake/Modules/FindFlann.cmake
[3.417s] -- Installing: /home/saitama1/Pictures/ros2-picas/ros2_foxy/install/mrt_cmake_modules/share/mrt_cmake_modules/cmake/Modules/CatkinMockForConan.cmake
[3.417s] -- Installing: /home/saitama1/Pictures/ros2-picas/ros2_foxy/install/mrt_cmake_modules/share/mrt_cmake_modules/cmake/Modules/FindMrtVTK.cmake
[3.417s] -- Installing: /home/saitama1/Pictures/ros2-picas/ros2_foxy/install/mrt_cmake_modules/share/mrt_cmake_modules/cmake/Modules/Findebus-sdk.cmake
[3.418s] -- Up-to-date: /home/saitama1/Pictures/ros2-picas/ros2_foxy/install/mrt_cmake_modules/share/mrt_cmake_modules/cmake/Templates
[3.418s] -- Installing: /home/saitama1/Pictures/ros2-picas/ros2_foxy/install/mrt_cmake_modules/share/mrt_cmake_modules/cmake/Templates/python_api_install.py.in
[3.419s] -- Installing: /home/saitama1/Pictures/ros2-picas/ros2_foxy/install/mrt_cmake_modules/share/mrt_cmake_modules/cmake/Templates/test_utility.hpp.in
[3.419s] -- Installing: /home/saitama1/Pictures/ros2-picas/ros2_foxy/install/mrt_cmake_modules/share/mrt_cmake_modules/cmake/Templates/__init__.py.in
[3.419s] -- Installing: /home/saitama1/Pictures/ros2-picas/ros2_foxy/install/mrt_cmake_modules/share/mrt_cmake_modules/cmake/Templates/setup.py.in
[3.420s] -- Installing: /home/saitama1/Pictures/ros2-picas/ros2_foxy/install/mrt_cmake_modules/share/mrt_cmake_modules/cmake/Templates/packageConfig.cmake.in
[3.420s] -- Installing: /home/saitama1/Pictures/ros2-picas/ros2_foxy/install/mrt_cmake_modules/share/mrt_cmake_modules/cmake/Templates/CTestCustom.cmake.in
[3.420s] -- Installing: /home/saitama1/Pictures/ros2-picas/ros2_foxy/install/mrt_cmake_modules/share/mrt_cmake_modules/cmake/README.md
[3.423s] -- Installing: /home/saitama1/Pictures/ros2-picas/ros2_foxy/install/mrt_cmake_modules/share/mrt_cmake_modules/scripts/generate_cmake_dependency_file.py
[3.423s] -- Installing: /home/saitama1/Pictures/ros2-picas/ros2_foxy/install/mrt_cmake_modules/share/mrt_cmake_modules/scripts/init_coverage.py
[3.424s] -- Installing: /home/saitama1/Pictures/ros2-picas/ros2_foxy/install/mrt_cmake_modules/share/mrt_cmake_modules/scripts/eval_coverage.py
[3.425s] -- Installing: /home/saitama1/Pictures/ros2-picas/ros2_foxy/install/mrt_cmake_modules/share/mrt_cmake_modules/scripts/run_test.py
[3.425s] -- Installing: /home/saitama1/Pictures/ros2-picas/ros2_foxy/install/mrt_cmake_modules/bin/generate_cmakelists.py
[3.425s] -- Installing: /home/saitama1/Pictures/ros2-picas/ros2_foxy/install/mrt_cmake_modules/share/mrt_cmake_modules/yaml/cmake.yaml
[3.425s] -- Installing: /home/saitama1/Pictures/ros2-picas/ros2_foxy/install/mrt_cmake_modules/share/mrt_cmake_modules/CMakeLists.txt
[3.492s] Invoked command in '/home/saitama1/Pictures/ros2-picas/ros2_foxy/build/mrt_cmake_modules' returned '0': AMENT_PREFIX_PATH=/home/saitama1/Pictures/ros2-picas/ros2_foxy/install/ros_environment:/home/saitama1/Pictures/ros2-picas/ros2_foxy/install/ament_cmake_core:/home/saitama1/Pictures/ros2-picas/ros2_foxy/install/ament_package:${AMENT_PREFIX_PATH} CMAKE_PREFIX_PATH=/home/saitama1/Pictures/ros2-picas/ros2_foxy/install/ros_environment:/home/saitama1/Pictures/ros2-picas/ros2_foxy/install/ament_cmake_core:/home/saitama1/Pictures/ros2-picas/ros2_foxy/install/gtest_vendor PKG_CONFIG_PATH=/home/saitama1/Pictures/ros2-picas/ros2_foxy/install/gtest_vendor/lib/x86_64-linux-gnu/pkgconfig:/home/saitama1/Pictures/ros2-picas/ros2_foxy/install/gtest_vendor/lib/pkgconfig PYTHONPATH=/home/saitama1/Pictures/ros2-picas/ros2_foxy/install/ament_package/lib/python3.8/site-packages:${PYTHONPATH} /usr/bin/cmake --install /home/saitama1/Pictures/ros2-picas/ros2_foxy/build/mrt_cmake_modules
