-- Found ament_cmake_ros: 0.9.2 (/home/saitama1/ros2_foxy/install/ament_cmake_ros/share/ament_cmake_ros/cmake)
-- Using PYTHON_EXECUTABLE: /usr/bin/python3
-- Override CMake install command with custom implementation using symlinks instead of copying resources
-- Found rcutils: 1.1.3 (/home/saitama1/ros2_foxy/install/rcutils/share/rcutils/cmake)
-- Found rcpputils: 1.3.1 (/home/saitama1/ros2_foxy/install/rcpputils/share/rcpputils/cmake)
-- Found rmw: 1.0.3 (/home/saitama1/ros2_foxy/install/rmw/share/rmw/cmake)
-- Found rmw_dds_common: 1.0.3 (/home/saitama1/ros2_foxy/install/rmw_dds_common/share/rmw_dds_common/cmake)
-- Using all available rosidl_typesupport_c: rosidl_typesupport_introspection_c;rosidl_typesupport_fastrtps_c
-- Found rosidl_adapter: 1.2.1 (/home/saitama1/ros2_foxy/install/rosidl_adapter/share/rosidl_adapter/cmake)
-- Using all available rosidl_typesupport_cpp: rosidl_typesupport_introspection_cpp;rosidl_typesupport_fastrtps_cpp
-- Found ament_lint_auto: 0.9.6 (/home/saitama1/ros2_foxy/install/ament_lint_auto/share/ament_lint_auto/cmake)
-- Added test 'copyright' to check source files copyright and LICENSE
-- Added test 'cppcheck' to perform static code analysis on C / C++ code
-- Configured cppcheck include dirs: $<BUILD_INTERFACE:/home/saitama1/ros2_foxy/src/ros2/rmw_cyclonedds/rmw_cyclonedds_cpp/include>
-- Configured cppcheck exclude dirs and/or files: 
-- Added test 'cpplint' to check C / C++ code against the Google style
-- Configured cpplint exclude dirs and/or files: 
-- Added test 'lint_cmake' to check CMake code style
-- Added test 'uncrustify' to check C / C++ code style
-- Configured uncrustify additional arguments: 
-- Added test 'xmllint' to check XML markup files
-- Configuring done
-- Generating done
-- Build files have been written to: /home/saitama1/ros2_foxy/build/rmw_cyclonedds_cpp
[ 10%] [32m[1mLinking CXX shared library librmw_cyclonedds_cpp.so[0m
[100%] Built target rmw_cyclonedds_cpp
-- Install configuration: ""
-- Execute custom install script
-- Symlinking: /home/saitama1/ros2_foxy/install/rmw_cyclonedds_cpp/share/rmw_cyclonedds_cpp/environment/library_path.sh
-- Symlinking: /home/saitama1/ros2_foxy/install/rmw_cyclonedds_cpp/share/rmw_cyclonedds_cpp/environment/library_path.dsv
-- Symlinking: /home/saitama1/ros2_foxy/install/rmw_cyclonedds_cpp/share/ament_index/resource_index/rmw_typesupport_c/rmw_cyclonedds_cpp
-- Symlinking: /home/saitama1/ros2_foxy/install/rmw_cyclonedds_cpp/share/ament_index/resource_index/rmw_typesupport_cpp/rmw_cyclonedds_cpp
-- Symlinking: /home/saitama1/ros2_foxy/install/rmw_cyclonedds_cpp/share/ament_index/resource_index/rmw_typesupport/rmw_cyclonedds_cpp
-- Symlinking: /home/saitama1/ros2_foxy/install/rmw_cyclonedds_cpp/share/ament_index/resource_index/package_run_dependencies/rmw_cyclonedds_cpp
-- Symlinking: /home/saitama1/ros2_foxy/install/rmw_cyclonedds_cpp/share/ament_index/resource_index/parent_prefix_path/rmw_cyclonedds_cpp
-- Symlinking: /home/saitama1/ros2_foxy/install/rmw_cyclonedds_cpp/share/rmw_cyclonedds_cpp/environment/ament_prefix_path.sh
-- Symlinking: /home/saitama1/ros2_foxy/install/rmw_cyclonedds_cpp/share/rmw_cyclonedds_cpp/environment/ament_prefix_path.dsv
-- Symlinking: /home/saitama1/ros2_foxy/install/rmw_cyclonedds_cpp/share/rmw_cyclonedds_cpp/environment/path.sh
-- Symlinking: /home/saitama1/ros2_foxy/install/rmw_cyclonedds_cpp/share/rmw_cyclonedds_cpp/environment/path.dsv
-- Symlinking: /home/saitama1/ros2_foxy/install/rmw_cyclonedds_cpp/share/rmw_cyclonedds_cpp/local_setup.bash
-- Symlinking: /home/saitama1/ros2_foxy/install/rmw_cyclonedds_cpp/share/rmw_cyclonedds_cpp/local_setup.sh
-- Symlinking: /home/saitama1/ros2_foxy/install/rmw_cyclonedds_cpp/share/rmw_cyclonedds_cpp/local_setup.zsh
-- Symlinking: /home/saitama1/ros2_foxy/install/rmw_cyclonedds_cpp/share/rmw_cyclonedds_cpp/local_setup.dsv
-- Symlinking: /home/saitama1/ros2_foxy/install/rmw_cyclonedds_cpp/share/rmw_cyclonedds_cpp/package.dsv
-- Symlinking: /home/saitama1/ros2_foxy/install/rmw_cyclonedds_cpp/share/ament_index/resource_index/packages/rmw_cyclonedds_cpp
-- Symlinking: /home/saitama1/ros2_foxy/install/rmw_cyclonedds_cpp/share/rmw_cyclonedds_cpp/cmake/ament_cmake_export_dependencies-extras.cmake
-- Symlinking: /home/saitama1/ros2_foxy/install/rmw_cyclonedds_cpp/share/rmw_cyclonedds_cpp/cmake/ament_cmake_export_include_directories-extras.cmake
-- Symlinking: /home/saitama1/ros2_foxy/install/rmw_cyclonedds_cpp/share/rmw_cyclonedds_cpp/cmake/ament_cmake_export_libraries-extras.cmake
-- Symlinking: /home/saitama1/ros2_foxy/install/rmw_cyclonedds_cpp/share/rmw_cyclonedds_cpp/cmake/rmw_cyclonedds_cppConfig.cmake
-- Symlinking: /home/saitama1/ros2_foxy/install/rmw_cyclonedds_cpp/share/rmw_cyclonedds_cpp/cmake/rmw_cyclonedds_cppConfig-version.cmake
-- Symlinking: /home/saitama1/ros2_foxy/install/rmw_cyclonedds_cpp/share/rmw_cyclonedds_cpp/package.xml
-- Symlinking: /home/saitama1/ros2_foxy/install/rmw_cyclonedds_cpp/include/rmw_cyclonedds_cpp/MessageTypeSupport.hpp
-- Symlinking: /home/saitama1/ros2_foxy/install/rmw_cyclonedds_cpp/include/rmw_cyclonedds_cpp/MessageTypeSupport_impl.hpp
-- Symlinking: /home/saitama1/ros2_foxy/install/rmw_cyclonedds_cpp/include/rmw_cyclonedds_cpp/ServiceTypeSupport.hpp
-- Symlinking: /home/saitama1/ros2_foxy/install/rmw_cyclonedds_cpp/include/rmw_cyclonedds_cpp/ServiceTypeSupport_impl.hpp
-- Symlinking: /home/saitama1/ros2_foxy/install/rmw_cyclonedds_cpp/include/rmw_cyclonedds_cpp/TypeSupport.hpp
-- Symlinking: /home/saitama1/ros2_foxy/install/rmw_cyclonedds_cpp/include/rmw_cyclonedds_cpp/TypeSupport_impl.hpp
-- Symlinking: /home/saitama1/ros2_foxy/install/rmw_cyclonedds_cpp/include/rmw_cyclonedds_cpp/deserialization_exception.hpp
-- Symlinking: /home/saitama1/ros2_foxy/install/rmw_cyclonedds_cpp/include/rmw_cyclonedds_cpp/exception.hpp
-- Symlinking: /home/saitama1/ros2_foxy/install/rmw_cyclonedds_cpp/include/rmw_cyclonedds_cpp/macros.hpp
-- Symlinking: /home/saitama1/ros2_foxy/install/rmw_cyclonedds_cpp/include/rmw_cyclonedds_cpp/rmw_version_test.hpp
-- Symlinking: /home/saitama1/ros2_foxy/install/rmw_cyclonedds_cpp/include/rmw_cyclonedds_cpp/serdes.hpp
-- Symlinking: /home/saitama1/ros2_foxy/install/rmw_cyclonedds_cpp/include/rmw_cyclonedds_cpp/u16string.hpp
-- Symlinking: /home/saitama1/ros2_foxy/install/rmw_cyclonedds_cpp/include/rmw_cyclonedds_cpp/visibility_control.h
-- Symlinking: /home/saitama1/ros2_foxy/install/rmw_cyclonedds_cpp/lib/librmw_cyclonedds_cpp.so
-- Symlinking: /home/saitama1/ros2_foxy/install/rmw_cyclonedds_cpp/share/ament_index/resource_index/rmw_output_patterns/rmw_cyclonedds_cpp
