[0.395s] Invoking command in '/home/saitama1/Pictures/ros2-picas/ros2_foxy/src/ament/ament_lint/ament_copyright': AMENT_PREFIX_PATH=/home/saitama1/Pictures/ros2-picas/ros2_foxy/install/ament_pep257:/home/saitama1/Pictures/ros2-picas/ros2_foxy/install/ament_flake8:/home/saitama1/Pictures/ros2-picas/ros2_foxy/install/ament_lint PATH=/home/saitama1/Pictures/ros2-picas/ros2_foxy/install/ament_pep257/bin:/home/saitama1/Pictures/ros2-picas/ros2_foxy/install/ament_flake8/bin:${PATH} PYTHONPATH=/home/saitama1/Pictures/ros2-picas/ros2_foxy/install/ament_copyright/lib/python3.8/site-packages:/home/saitama1/Pictures/ros2-picas/ros2_foxy/install/ament_pep257/lib/python3.8/site-packages:/home/saitama1/Pictures/ros2-picas/ros2_foxy/install/ament_flake8/lib/python3.8/site-packages:/home/saitama1/Pictures/ros2-picas/ros2_foxy/install/ament_lint/lib/python3.8/site-packages /usr/bin/python3 setup.py egg_info --egg-base ../../../../build/ament_copyright build --build-base /home/saitama1/Pictures/ros2-picas/ros2_foxy/build/ament_copyright/build install --prefix /home/saitama1/Pictures/ros2-picas/ros2_foxy/install/ament_copyright --record /home/saitama1/Pictures/ros2-picas/ros2_foxy/build/ament_copyright/install.log --single-version-externally-managed
[0.556s] running egg_info
[0.559s] writing ../../../../build/ament_copyright/ament_copyright.egg-info/PKG-INFO
[0.559s] writing dependency_links to ../../../../build/ament_copyright/ament_copyright.egg-info/dependency_links.txt
[0.559s] writing entry points to ../../../../build/ament_copyright/ament_copyright.egg-info/entry_points.txt
[0.564s] writing requirements to ../../../../build/ament_copyright/ament_copyright.egg-info/requires.txt
[0.564s] writing top-level names to ../../../../build/ament_copyright/ament_copyright.egg-info/top_level.txt
[0.626s] reading manifest file '../../../../build/ament_copyright/ament_copyright.egg-info/SOURCES.txt'
[0.626s] writing manifest file '../../../../build/ament_copyright/ament_copyright.egg-info/SOURCES.txt'
[0.627s] running build
[0.627s] running build_py
[0.627s] running install
[0.627s] running install_lib
[0.627s] running install_data
[0.627s] running install_egg_info
[0.628s] removing '/home/saitama1/Pictures/ros2-picas/ros2_foxy/install/ament_copyright/lib/python3.8/site-packages/ament_copyright-0.9.6-py3.8.egg-info' (and everything under it)
[0.628s] Copying ../../../../build/ament_copyright/ament_copyright.egg-info to /home/saitama1/Pictures/ros2-picas/ros2_foxy/install/ament_copyright/lib/python3.8/site-packages/ament_copyright-0.9.6-py3.8.egg-info
[0.628s] running install_scripts
[0.635s] Installing ament_copyright script to /home/saitama1/Pictures/ros2-picas/ros2_foxy/install/ament_copyright/bin
[0.636s] writing list of installed files to '/home/saitama1/Pictures/ros2-picas/ros2_foxy/build/ament_copyright/install.log'
[0.682s] Invoked command in '/home/saitama1/Pictures/ros2-picas/ros2_foxy/src/ament/ament_lint/ament_copyright' returned '0': AMENT_PREFIX_PATH=/home/saitama1/Pictures/ros2-picas/ros2_foxy/install/ament_pep257:/home/saitama1/Pictures/ros2-picas/ros2_foxy/install/ament_flake8:/home/saitama1/Pictures/ros2-picas/ros2_foxy/install/ament_lint PATH=/home/saitama1/Pictures/ros2-picas/ros2_foxy/install/ament_pep257/bin:/home/saitama1/Pictures/ros2-picas/ros2_foxy/install/ament_flake8/bin:${PATH} PYTHONPATH=/home/saitama1/Pictures/ros2-picas/ros2_foxy/install/ament_copyright/lib/python3.8/site-packages:/home/saitama1/Pictures/ros2-picas/ros2_foxy/install/ament_pep257/lib/python3.8/site-packages:/home/saitama1/Pictures/ros2-picas/ros2_foxy/install/ament_flake8/lib/python3.8/site-packages:/home/saitama1/Pictures/ros2-picas/ros2_foxy/install/ament_lint/lib/python3.8/site-packages /usr/bin/python3 setup.py egg_info --egg-base ../../../../build/ament_copyright build --build-base /home/saitama1/Pictures/ros2-picas/ros2_foxy/build/ament_copyright/build install --prefix /home/saitama1/Pictures/ros2-picas/ros2_foxy/install/ament_copyright --record /home/saitama1/Pictures/ros2-picas/ros2_foxy/build/ament_copyright/install.log --single-version-externally-managed
