-- The C compiler identification is GNU 9.3.0
-- The CXX compiler identification is GNU 9.3.0
-- Check for working C compiler: /usr/bin/cc
-- Check for working C compiler: /usr/bin/cc -- works
-- Detecting C compiler ABI info
-- Detecting C compiler ABI info - done
-- Detecting C compile features
-- Detecting C compile features - done
-- Check for working CXX compiler: /usr/bin/c++
-- Check for working CXX compiler: /usr/bin/c++ -- works
-- Detecting CXX compiler ABI info
-- Detecting CXX compiler ABI info - done
-- Detecting CXX compile features
-- Detecting CXX compile features - done
-- Found mrt_cmake_modules: 1.0.8 (/home/saitama1/ros2_foxy/install/mrt_cmake_modules/share/mrt_cmake_modules/cmake)
-- Found ament_cmake_core: 0.9.8 (/home/saitama1/ros2_foxy/install/ament_cmake_core/share/ament_cmake_core/cmake)
-- Found PythonInterp: /usr/bin/python3 (found suitable version "3.8.10", minimum required is "3") 
-- Using PYTHON_EXECUTABLE: /usr/bin/python3
-- Found OpenMP_C: -fopenmp (found version "4.5") 
-- Found OpenMP_CXX: -fopenmp (found version "4.5") 
-- Found OpenMP: TRUE (found version "4.5")  
called: /home/saitama1/ros2_foxy/install/mrt_cmake_modules/share/mrt_cmake_modules/cmake/../scripts/generate_cmake_dependency_file.py /home/saitama1/ros2_foxy/src/autoware_build_parts/lanelet2/lanelet2_core/package.xml /home/saitama1/ros2_foxy/install/mrt_cmake_modules/share/mrt_cmake_modules/cmake/../yaml/cmake.yaml /home/saitama1/ros2_foxy/build/lanelet2_core/CMakeFiles/auto_dep_vars.cmake
-- Found Boost: /usr/lib/x86_64-linux-gnu/cmake/Boost-1.71.0/BoostConfig.cmake (found version "1.71.0") found components: wserialization thread random serialization log_setup prg_exec_monitor wave system chrono filesystem locale timer date_time regex graph program_options unit_test_framework log atomic iostreams 
-- Adding library "lanelet2_core" with source src/Attribute.cpp;src/BasicRegulatoryElements.cpp;src/Lanelet.cpp;src/LaneletMap.cpp;src/LaneletSequence.cpp;src/LineStringGeometry.cpp;src/PolygonTriangulationGeometry.cpp;src/RegulatoryElement.cpp;src/RegulatoryElementGeometry.cpp, includes include/lanelet2_core/Attribute.h;include/lanelet2_core/Exceptions.h;include/lanelet2_core/Forward.h;include/lanelet2_core/LaneletMap.h;include/lanelet2_core/geometry/Area.h;include/lanelet2_core/geometry/BoundingBox.h;include/lanelet2_core/geometry/GeometryHelper.h;include/lanelet2_core/geometry/Lanelet.h;include/lanelet2_core/geometry/LaneletMap.h;include/lanelet2_core/geometry/LineString.h;include/lanelet2_core/geometry/Point.h;include/lanelet2_core/geometry/Polygon.h;include/lanelet2_core/geometry/RegulatoryElement.h;include/lanelet2_core/geometry/impl/Area.h;include/lanelet2_core/geometry/impl/Lanelet.h;include/lanelet2_core/geometry/impl/LaneletMap.h;include/lanelet2_core/geometry/impl/LineString.h;include/lanelet2_core/geometry/impl/Polygon.h;include/lanelet2_core/primitives/Area.h;include/lanelet2_core/primitives/BasicRegulatoryElements.h;include/lanelet2_core/primitives/BoundingBox.h;include/lanelet2_core/primitives/CompoundLineString.h;include/lanelet2_core/primitives/CompoundPolygon.h;include/lanelet2_core/primitives/GPSPoint.h;include/lanelet2_core/primitives/Lanelet.h;include/lanelet2_core/primitives/LaneletOrArea.h;include/lanelet2_core/primitives/LaneletSequence.h;include/lanelet2_core/primitives/LineString.h;include/lanelet2_core/primitives/LineStringOrPolygon.h;include/lanelet2_core/primitives/Point.h;include/lanelet2_core/primitives/Polygon.h;include/lanelet2_core/primitives/Primitive.h;include/lanelet2_core/primitives/RegulatoryElement.h;include/lanelet2_core/primitives/Traits.h;include/lanelet2_core/utility/CompoundIterator.h;include/lanelet2_core/utility/HybridMap.h;include/lanelet2_core/utility/Optional.h;include/lanelet2_core/utility/ReverseAndForwardIterator.h;include/lanelet2_core/utility/TransformIterator.h;include/lanelet2_core/utility/Units.h;include/lanelet2_core/utility/Utilities.h
-- Marking libraries "lanelet2_core" of package "lanelet2_core" for installation
-- Marking HEADER FILES in "include/lanelet2_core" folder of package "lanelet2_core" for installation
-- Marking SHARED CONTENT FOLDER "res" of package "lanelet2_core" for installation
-- Generating cmake exports for lanelet2_core to /home/saitama1/ros2_foxy/build/lanelet2_core/devel/share
-- Adding gtest unittest "lanelet2_core-gtest-test_area" with working dir /home/saitama1/ros2_foxy/src/autoware_build_parts/lanelet2/lanelet2_core/test
-- Creating gtest 'lanelet2_core-gtest-test_area' from test/test_area.cpp
-- Adding gtest unittest "lanelet2_core-gtest-test_attribute" with working dir /home/saitama1/ros2_foxy/src/autoware_build_parts/lanelet2/lanelet2_core/test
-- Creating gtest 'lanelet2_core-gtest-test_attribute' from test/test_attribute.cpp
-- Adding gtest unittest "lanelet2_core-gtest-test_lanelet" with working dir /home/saitama1/ros2_foxy/src/autoware_build_parts/lanelet2/lanelet2_core/test
-- Creating gtest 'lanelet2_core-gtest-test_lanelet' from test/test_lanelet.cpp
-- Adding gtest unittest "lanelet2_core-gtest-test_lanelet_map" with working dir /home/saitama1/ros2_foxy/src/autoware_build_parts/lanelet2/lanelet2_core/test
-- Creating gtest 'lanelet2_core-gtest-test_lanelet_map' from test/test_lanelet_map.cpp
-- Adding gtest unittest "lanelet2_core-gtest-test_lanelet_map_geometry" with working dir /home/saitama1/ros2_foxy/src/autoware_build_parts/lanelet2/lanelet2_core/test
-- Creating gtest 'lanelet2_core-gtest-test_lanelet_map_geometry' from test/test_lanelet_map_geometry.cpp
-- Adding gtest unittest "lanelet2_core-gtest-test_lanelet_or_area" with working dir /home/saitama1/ros2_foxy/src/autoware_build_parts/lanelet2/lanelet2_core/test
-- Creating gtest 'lanelet2_core-gtest-test_lanelet_or_area' from test/test_lanelet_or_area.cpp
-- Adding gtest unittest "lanelet2_core-gtest-test_lanelet_sequence" with working dir /home/saitama1/ros2_foxy/src/autoware_build_parts/lanelet2/lanelet2_core/test
-- Creating gtest 'lanelet2_core-gtest-test_lanelet_sequence' from test/test_lanelet_sequence.cpp
-- Adding gtest unittest "lanelet2_core-gtest-test_linestring" with working dir /home/saitama1/ros2_foxy/src/autoware_build_parts/lanelet2/lanelet2_core/test
-- Creating gtest 'lanelet2_core-gtest-test_linestring' from test/test_linestring.cpp
-- Adding gtest unittest "lanelet2_core-gtest-test_point" with working dir /home/saitama1/ros2_foxy/src/autoware_build_parts/lanelet2/lanelet2_core/test
-- Creating gtest 'lanelet2_core-gtest-test_point' from test/test_point.cpp
-- Adding gtest unittest "lanelet2_core-gtest-test_polygon" with working dir /home/saitama1/ros2_foxy/src/autoware_build_parts/lanelet2/lanelet2_core/test
-- Creating gtest 'lanelet2_core-gtest-test_polygon' from test/test_polygon.cpp
-- Adding gtest unittest "lanelet2_core-gtest-test_regulatory_element" with working dir /home/saitama1/ros2_foxy/src/autoware_build_parts/lanelet2/lanelet2_core/test
-- Creating gtest 'lanelet2_core-gtest-test_regulatory_element' from test/test_regulatory_element.cpp
-- Adding nosetests in folder /home/saitama1/ros2_foxy/src/autoware_build_parts/lanelet2/lanelet2_core/test
-- Using Python nosetests: /usr/bin/nosetests3
-- Adding nosetest nosetests-lanelet2_core-test
-- Configuring done
-- Generating done
-- Build files have been written to: /home/saitama1/ros2_foxy/build/lanelet2_core
[35m[1mScanning dependencies of target gtest[0m
[35m[1mScanning dependencies of target gtest_main[0m
[35m[1mScanning dependencies of target lanelet2_core[0m
[  2%] [32mBuilding CXX object gtest/CMakeFiles/gtest.dir/src/gtest-all.cc.o[0m
[  5%] [32mBuilding CXX object gtest/CMakeFiles/gtest_main.dir/src/gtest_main.cc.o[0m
[  8%] [32mBuilding CXX object CMakeFiles/lanelet2_core.dir/src/Attribute.cpp.o[0m
[ 13%] [32mBuilding CXX object CMakeFiles/lanelet2_core.dir/src/LaneletMap.cpp.o[0m
[ 13%] [32mBuilding CXX object CMakeFiles/lanelet2_core.dir/src/Lanelet.cpp.o[0m
[ 19%] [32mBuilding CXX object CMakeFiles/lanelet2_core.dir/src/BasicRegulatoryElements.cpp.o[0m
[ 22%] [32mBuilding CXX object CMakeFiles/lanelet2_core.dir/src/LineStringGeometry.cpp.o[0m
[ 22%] [32mBuilding CXX object CMakeFiles/lanelet2_core.dir/src/PolygonTriangulationGeometry.cpp.o[0m
[ 25%] [32mBuilding CXX object CMakeFiles/lanelet2_core.dir/src/LaneletSequence.cpp.o[0m
[ 27%] [32mBuilding CXX object CMakeFiles/lanelet2_core.dir/src/RegulatoryElement.cpp.o[0m
[ 30%] [32mBuilding CXX object CMakeFiles/lanelet2_core.dir/src/RegulatoryElementGeometry.cpp.o[0m
[ 33%] [32m[1mLinking CXX static library libgtest_main.a[0m
[ 33%] Built target gtest_main
[ 36%] [32m[1mLinking CXX static library libgtest.a[0m
[ 36%] Built target gtest
[ 38%] [32m[1mLinking CXX shared library liblanelet2_core.so[0m
[ 38%] Built target lanelet2_core
[35m[1mScanning dependencies of target lanelet2_core-gtest-test_attribute[0m
[35m[1mScanning dependencies of target lanelet2_core-gtest-test_regulatory_element[0m
[35m[1mScanning dependencies of target lanelet2_core-gtest-test_lanelet_sequence[0m
[35m[1mScanning dependencies of target lanelet2_core-gtest-test_lanelet[0m
[35m[1mScanning dependencies of target lanelet2_core-gtest-test_polygon[0m
[35m[1mScanning dependencies of target lanelet2_core-gtest-test_point[0m
[35m[1mScanning dependencies of target lanelet2_core-gtest-test_lanelet_map_geometry[0m
[35m[1mScanning dependencies of target lanelet2_core-gtest-test_lanelet_map[0m
[35m[1mScanning dependencies of target lanelet2_core-gtest-test_linestring[0m
[35m[1mScanning dependencies of target lanelet2_core-gtest-test_lanelet_or_area[0m
[35m[1mScanning dependencies of target lanelet2_core-gtest-test_area[0m
[ 41%] [32mBuilding CXX object CMakeFiles/lanelet2_core-gtest-test_lanelet_sequence.dir/test/test_lanelet_sequence.cpp.o[0m
[ 47%] [32mBuilding CXX object CMakeFiles/lanelet2_core-gtest-test_attribute.dir/test/test_attribute.cpp.o[0m
[ 47%] [32mBuilding CXX object CMakeFiles/lanelet2_core-gtest-test_point.dir/test/test_point.cpp.o[0m
[ 50%] [32mBuilding CXX object CMakeFiles/lanelet2_core-gtest-test_polygon.dir/test/test_polygon.cpp.o[0m
[ 52%] [32mBuilding CXX object CMakeFiles/lanelet2_core-gtest-test_regulatory_element.dir/test/test_regulatory_element.cpp.o[0m
[ 55%] [32mBuilding CXX object CMakeFiles/lanelet2_core-gtest-test_lanelet.dir/test/test_lanelet.cpp.o[0m
[ 61%] [32mBuilding CXX object CMakeFiles/lanelet2_core-gtest-test_lanelet_map.dir/test/test_lanelet_map.cpp.o[0m
[ 61%] [32mBuilding CXX object CMakeFiles/lanelet2_core-gtest-test_linestring.dir/test/test_linestring.cpp.o[0m
[ 63%] [32mBuilding CXX object CMakeFiles/lanelet2_core-gtest-test_area.dir/test/test_area.cpp.o[0m
[ 69%] [32mBuilding CXX object CMakeFiles/lanelet2_core-gtest-test_lanelet_map_geometry.dir/test/test_lanelet_map_geometry.cpp.o[0m
[ 69%] [32mBuilding CXX object CMakeFiles/lanelet2_core-gtest-test_lanelet_or_area.dir/test/test_lanelet_or_area.cpp.o[0m
[ 72%] [32m[1mLinking CXX executable lanelet2_core-gtest-test_attribute[0m
[ 72%] Built target lanelet2_core-gtest-test_attribute
[ 75%] [32m[1mLinking CXX executable lanelet2_core-gtest-test_lanelet_or_area[0m
[ 77%] [32m[1mLinking CXX executable lanelet2_core-gtest-test_point[0m
[ 77%] Built target lanelet2_core-gtest-test_lanelet_or_area
[ 77%] Built target lanelet2_core-gtest-test_point
[ 80%] [32m[1mLinking CXX executable lanelet2_core-gtest-test_regulatory_element[0m
[ 80%] Built target lanelet2_core-gtest-test_regulatory_element
[ 83%] [32m[1mLinking CXX executable lanelet2_core-gtest-test_lanelet_sequence[0m
[ 86%] [32m[1mLinking CXX executable lanelet2_core-gtest-test_lanelet_map[0m
[ 86%] Built target lanelet2_core-gtest-test_lanelet_sequence
[ 86%] Built target lanelet2_core-gtest-test_lanelet_map
[ 88%] [32m[1mLinking CXX executable lanelet2_core-gtest-test_area[0m
[ 91%] [32m[1mLinking CXX executable lanelet2_core-gtest-test_lanelet[0m
[ 91%] Built target lanelet2_core-gtest-test_area
[ 91%] Built target lanelet2_core-gtest-test_lanelet
[ 94%] [32m[1mLinking CXX executable lanelet2_core-gtest-test_polygon[0m
[ 94%] Built target lanelet2_core-gtest-test_polygon
[ 97%] [32m[1mLinking CXX executable lanelet2_core-gtest-test_lanelet_map_geometry[0m
[ 97%] Built target lanelet2_core-gtest-test_lanelet_map_geometry
[100%] [32m[1mLinking CXX executable lanelet2_core-gtest-test_linestring[0m
[100%] Built target lanelet2_core-gtest-test_linestring
[35m[1mScanning dependencies of target tests_lanelet2_core[0m
[100%] Built target tests_lanelet2_core
[35m[1mScanning dependencies of target tests[0m
[100%] Built target tests
-- Install configuration: ""
-- Installing: /home/saitama1/ros2_foxy/install/lanelet2_core/lib/liblanelet2_core.so.1.1.1
-- Installing: /home/saitama1/ros2_foxy/install/lanelet2_core/lib/liblanelet2_core.so.1
-- Installing: /home/saitama1/ros2_foxy/install/lanelet2_core/lib/liblanelet2_core.so
-- Installing: /home/saitama1/ros2_foxy/install/lanelet2_core/include/lanelet2_core
-- Installing: /home/saitama1/ros2_foxy/install/lanelet2_core/include/lanelet2_core/Exceptions.h
-- Installing: /home/saitama1/ros2_foxy/install/lanelet2_core/include/lanelet2_core/Attribute.h
-- Installing: /home/saitama1/ros2_foxy/install/lanelet2_core/include/lanelet2_core/LaneletMap.h
-- Installing: /home/saitama1/ros2_foxy/install/lanelet2_core/include/lanelet2_core/Forward.h
-- Installing: /home/saitama1/ros2_foxy/install/lanelet2_core/include/lanelet2_core/utility
-- Installing: /home/saitama1/ros2_foxy/install/lanelet2_core/include/lanelet2_core/utility/TransformIterator.h
-- Installing: /home/saitama1/ros2_foxy/install/lanelet2_core/include/lanelet2_core/utility/Optional.h
-- Installing: /home/saitama1/ros2_foxy/install/lanelet2_core/include/lanelet2_core/utility/Utilities.h
-- Installing: /home/saitama1/ros2_foxy/install/lanelet2_core/include/lanelet2_core/utility/CompoundIterator.h
-- Installing: /home/saitama1/ros2_foxy/install/lanelet2_core/include/lanelet2_core/utility/Units.h
-- Installing: /home/saitama1/ros2_foxy/install/lanelet2_core/include/lanelet2_core/utility/ReverseAndForwardIterator.h
-- Installing: /home/saitama1/ros2_foxy/install/lanelet2_core/include/lanelet2_core/utility/HybridMap.h
-- Installing: /home/saitama1/ros2_foxy/install/lanelet2_core/include/lanelet2_core/primitives
-- Installing: /home/saitama1/ros2_foxy/install/lanelet2_core/include/lanelet2_core/primitives/Lanelet.h
-- Installing: /home/saitama1/ros2_foxy/install/lanelet2_core/include/lanelet2_core/primitives/CompoundLineString.h
-- Installing: /home/saitama1/ros2_foxy/install/lanelet2_core/include/lanelet2_core/primitives/RegulatoryElement.h
-- Installing: /home/saitama1/ros2_foxy/install/lanelet2_core/include/lanelet2_core/primitives/BasicRegulatoryElements.h
-- Installing: /home/saitama1/ros2_foxy/install/lanelet2_core/include/lanelet2_core/primitives/Area.h
-- Installing: /home/saitama1/ros2_foxy/install/lanelet2_core/include/lanelet2_core/primitives/LaneletSequence.h
-- Installing: /home/saitama1/ros2_foxy/install/lanelet2_core/include/lanelet2_core/primitives/CompoundPolygon.h
-- Installing: /home/saitama1/ros2_foxy/install/lanelet2_core/include/lanelet2_core/primitives/Primitive.h
-- Installing: /home/saitama1/ros2_foxy/install/lanelet2_core/include/lanelet2_core/primitives/LineString.h
-- Installing: /home/saitama1/ros2_foxy/install/lanelet2_core/include/lanelet2_core/primitives/LineStringOrPolygon.h
-- Installing: /home/saitama1/ros2_foxy/install/lanelet2_core/include/lanelet2_core/primitives/LaneletOrArea.h
-- Installing: /home/saitama1/ros2_foxy/install/lanelet2_core/include/lanelet2_core/primitives/Point.h
-- Installing: /home/saitama1/ros2_foxy/install/lanelet2_core/include/lanelet2_core/primitives/BoundingBox.h
-- Installing: /home/saitama1/ros2_foxy/install/lanelet2_core/include/lanelet2_core/primitives/GPSPoint.h
-- Installing: /home/saitama1/ros2_foxy/install/lanelet2_core/include/lanelet2_core/primitives/Traits.h
-- Installing: /home/saitama1/ros2_foxy/install/lanelet2_core/include/lanelet2_core/primitives/Polygon.h
-- Installing: /home/saitama1/ros2_foxy/install/lanelet2_core/include/lanelet2_core/geometry
-- Installing: /home/saitama1/ros2_foxy/install/lanelet2_core/include/lanelet2_core/geometry/Lanelet.h
-- Installing: /home/saitama1/ros2_foxy/install/lanelet2_core/include/lanelet2_core/geometry/GeometryHelper.h
-- Installing: /home/saitama1/ros2_foxy/install/lanelet2_core/include/lanelet2_core/geometry/impl
-- Installing: /home/saitama1/ros2_foxy/install/lanelet2_core/include/lanelet2_core/geometry/impl/Lanelet.h
-- Installing: /home/saitama1/ros2_foxy/install/lanelet2_core/include/lanelet2_core/geometry/impl/Area.h
-- Installing: /home/saitama1/ros2_foxy/install/lanelet2_core/include/lanelet2_core/geometry/impl/LineString.h
-- Installing: /home/saitama1/ros2_foxy/install/lanelet2_core/include/lanelet2_core/geometry/impl/LaneletMap.h
-- Installing: /home/saitama1/ros2_foxy/install/lanelet2_core/include/lanelet2_core/geometry/impl/Polygon.h
-- Installing: /home/saitama1/ros2_foxy/install/lanelet2_core/include/lanelet2_core/geometry/RegulatoryElement.h
-- Installing: /home/saitama1/ros2_foxy/install/lanelet2_core/include/lanelet2_core/geometry/Area.h
-- Installing: /home/saitama1/ros2_foxy/install/lanelet2_core/include/lanelet2_core/geometry/LineString.h
-- Installing: /home/saitama1/ros2_foxy/install/lanelet2_core/include/lanelet2_core/geometry/LaneletMap.h
-- Installing: /home/saitama1/ros2_foxy/install/lanelet2_core/include/lanelet2_core/geometry/Point.h
-- Installing: /home/saitama1/ros2_foxy/install/lanelet2_core/include/lanelet2_core/geometry/BoundingBox.h
-- Installing: /home/saitama1/ros2_foxy/install/lanelet2_core/include/lanelet2_core/geometry/Polygon.h
-- Installing: /home/saitama1/ros2_foxy/install/lanelet2_core/share/lanelet2_core/res
-- Installing: /home/saitama1/ros2_foxy/install/lanelet2_core/share/lanelet2_core/res/lanelet_gdb.py
-- Installing: /home/saitama1/ros2_foxy/install/lanelet2_core/share/lanelet2_core/res/qtcreator_debugging_helpers.py
-- Installing: /home/saitama1/ros2_foxy/install/lanelet2_core/share/lanelet2_core/cmake/lanelet2_coreTargets.cmake
-- Installing: /home/saitama1/ros2_foxy/install/lanelet2_core/share/lanelet2_core/cmake/lanelet2_coreTargets-noconfig.cmake
-- Installing: /home/saitama1/ros2_foxy/install/lanelet2_core/share/lanelet2_core/cmake/lanelet2_coreConfigVersion.cmake
-- Installing: /home/saitama1/ros2_foxy/install/lanelet2_core/share/lanelet2_core/cmake/lanelet2_coreConfig.cmake
-- Installing: /home/saitama1/ros2_foxy/install/lanelet2_core/share/lanelet2_core/cmake/auto_dep_vars.cmake
-- Installing: /home/saitama1/ros2_foxy/install/lanelet2_core/share/lanelet2_core/cmake/lanelet2_coreAutoDepsConfig.cmake
-- Installing: /home/saitama1/ros2_foxy/install/lanelet2_core/share/lanelet2_core/package.xml
-- Installing: /home/saitama1/ros2_foxy/install/lanelet2_core/share/ament_index/resource_index/package_run_dependencies/lanelet2_core
-- Installing: /home/saitama1/ros2_foxy/install/lanelet2_core/share/ament_index/resource_index/parent_prefix_path/lanelet2_core
-- Installing: /home/saitama1/ros2_foxy/install/lanelet2_core/share/lanelet2_core/environment/ament_prefix_path.sh
-- Installing: /home/saitama1/ros2_foxy/install/lanelet2_core/share/lanelet2_core/environment/ament_prefix_path.dsv
-- Installing: /home/saitama1/ros2_foxy/install/lanelet2_core/share/lanelet2_core/environment/path.sh
-- Installing: /home/saitama1/ros2_foxy/install/lanelet2_core/share/lanelet2_core/environment/path.dsv
-- Installing: /home/saitama1/ros2_foxy/install/lanelet2_core/share/lanelet2_core/local_setup.bash
-- Installing: /home/saitama1/ros2_foxy/install/lanelet2_core/share/lanelet2_core/local_setup.sh
-- Installing: /home/saitama1/ros2_foxy/install/lanelet2_core/share/lanelet2_core/local_setup.zsh
-- Installing: /home/saitama1/ros2_foxy/install/lanelet2_core/share/lanelet2_core/local_setup.dsv
-- Installing: /home/saitama1/ros2_foxy/install/lanelet2_core/share/lanelet2_core/package.dsv
-- Installing: /home/saitama1/ros2_foxy/install/lanelet2_core/share/ament_index/resource_index/packages/lanelet2_core
