[0.115s] Invoking command in '/home/saitama1/ros2_foxy/build/lanelet2_core': AMENT_PREFIX_PATH=/home/saitama1/ros2_foxy/install/ament_package:/home/saitama1/ros2_foxy/install/test_interface_files:/home/saitama1/ros2_foxy/install/ros_environment:/home/saitama1/ros2_foxy/install/osrf_pycommon:/home/saitama1/ros2_foxy/install/ament_pyflakes:/home/saitama1/ros2_foxy/install/ament_pycodestyle:/home/saitama1/ros2_foxy/install/ament_pep257:/home/saitama1/ros2_foxy/install/ament_cmake_version:/home/saitama1/ros2_foxy/install/ament_cmake_test:/home/saitama1/ros2_foxy/install/ament_cmake_target_dependencies:/home/saitama1/ros2_foxy/install/ament_cmake_python:/home/saitama1/ros2_foxy/install/ament_cmake_export_dependencies:/home/saitama1/ros2_foxy/install/ament_cmake_libraries:/home/saitama1/ros2_foxy/install/ament_cmake_include_directories:/home/saitama1/ros2_foxy/install/ament_cmake_export_targets:/home/saitama1/ros2_foxy/install/ament_cmake_export_link_flags:/home/saitama1/ros2_foxy/install/ament_cmake_export_interfaces:/home/saitama1/ros2_foxy/install/ament_cmake_export_libraries:/home/saitama1/ros2_foxy/install/ament_cmake_export_include_directories:/home/saitama1/ros2_foxy/install/ament_cmake_export_definitions:/home/saitama1/ros2_foxy/install/ament_cmake_core:/home/saitama1/ros2_foxy/install/ament_mypy:/home/saitama1/ros2_foxy/install/ament_flake8:/home/saitama1/ros2_foxy/install/ament_copyright:/home/saitama1/ros2_foxy/install/ament_lint:/home/saitama1/ros2_foxy/install/ament_cppcheck CMAKE_PREFIX_PATH=/home/saitama1/ros2_foxy/install/osrf_pycommon:/home/saitama1/ros2_foxy/install/ament_pyflakes:/home/saitama1/ros2_foxy/install/ament_pycodestyle:/home/saitama1/ros2_foxy/install/ament_pep257:/home/saitama1/ros2_foxy/install/ament_package:/home/saitama1/ros2_foxy/install/ament_mypy:/home/saitama1/ros2_foxy/install/ament_flake8:/home/saitama1/ros2_foxy/install/ament_copyright:/home/saitama1/ros2_foxy/install/ament_lint:/home/saitama1/ros2_foxy/install/ament_cppcheck:/home/saitama1/ros2_foxy/install/mrt_cmake_modules:/home/saitama1/ros2_foxy/install/ros_environment:/home/saitama1/ros2_foxy/install/ament_cmake_core:/home/saitama1/ros2_foxy/install/gtest_vendor:/home/saitama1/ros2_foxy/install/urdfdom_headers:/home/saitama1/ros2_foxy/install/test_interface_files:/home/saitama1/ros2_foxy/install/gmock_vendor:/home/saitama1/ros2_foxy/install/ament_cmake_gtest:/home/saitama1/ros2_foxy/install/fastcdr:/home/saitama1/ros2_foxy/install/ament_lint_auto:/home/saitama1/ros2_foxy/install/ament_cmake_version:/home/saitama1/ros2_foxy/install/ament_cmake_pytest:/home/saitama1/ros2_foxy/install/ament_cmake_nose:/home/saitama1/ros2_foxy/install/ament_cmake_test:/home/saitama1/ros2_foxy/install/ament_cmake_target_dependencies:/home/saitama1/ros2_foxy/install/ament_cmake_python:/home/saitama1/ros2_foxy/install/ament_cmake_export_dependencies:/home/saitama1/ros2_foxy/install/ament_cmake_libraries:/home/saitama1/ros2_foxy/install/ament_cmake_include_directories:/home/saitama1/ros2_foxy/install/ament_cmake_export_targets:/home/saitama1/ros2_foxy/install/ament_cmake_export_link_flags:/home/saitama1/ros2_foxy/install/ament_cmake_export_interfaces:/home/saitama1/ros2_foxy/install/ament_cmake_export_libraries:/home/saitama1/ros2_foxy/install/ament_cmake_export_include_directories:/home/saitama1/ros2_foxy/install/ament_cmake_export_definitions PATH=/home/saitama1/ros2_foxy/install/mrt_cmake_modules/bin:${PATH} PKG_CONFIG_PATH=/home/saitama1/ros2_foxy/install/mrt_cmake_modules/lib/x86_64-linux-gnu/pkgconfig:/home/saitama1/ros2_foxy/install/mrt_cmake_modules/lib/pkgconfig:/home/saitama1/ros2_foxy/install/gtest_vendor/lib/x86_64-linux-gnu/pkgconfig:/home/saitama1/ros2_foxy/install/gtest_vendor/lib/pkgconfig:/home/saitama1/ros2_foxy/install/urdfdom_headers/lib/pkgconfig:/home/saitama1/ros2_foxy/install/gmock_vendor/lib/x86_64-linux-gnu/pkgconfig:/home/saitama1/ros2_foxy/install/gmock_vendor/lib/pkgconfig PYTHONPATH=/home/saitama1/ros2_foxy/install/ament_package/lib/python3.8/site-packages:/home/saitama1/ros2_foxy/install/osrf_pycommon/lib/python3.8/site-packages:/home/saitama1/ros2_foxy/install/ament_pyflakes/lib/python3.8/site-packages:/home/saitama1/ros2_foxy/install/ament_pycodestyle/lib/python3.8/site-packages:/home/saitama1/ros2_foxy/install/ament_pep257/lib/python3.8/site-packages:/home/saitama1/ros2_foxy/install/ament_cmake_test/lib/python3.8/site-packages:/home/saitama1/ros2_foxy/install/ament_mypy/lib/python3.8/site-packages:/home/saitama1/ros2_foxy/install/ament_flake8/lib/python3.8/site-packages:/home/saitama1/ros2_foxy/install/ament_copyright/lib/python3.8/site-packages:/home/saitama1/ros2_foxy/install/ament_lint/lib/python3.8/site-packages:/home/saitama1/ros2_foxy/install/ament_cppcheck/lib/python3.8/site-packages ROS_PACKAGE_PATH=/home/saitama1/ros2_foxy/install/mrt_cmake_modules/share /usr/bin/cmake /home/saitama1/ros2_foxy/src/autoware_build_parts/lanelet2/lanelet2_core -DCMAKE_INSTALL_PREFIX=/home/saitama1/ros2_foxy/install/lanelet2_core
[0.166s] -- The C compiler identification is GNU 9.3.0
[0.215s] -- The CXX compiler identification is GNU 9.3.0
[0.219s] -- Check for working C compiler: /usr/bin/cc
[0.278s] -- Check for working C compiler: /usr/bin/cc -- works
[0.280s] -- Detecting C compiler ABI info
[0.342s] -- Detecting C compiler ABI info - done
[0.352s] -- Detecting C compile features
[0.352s] -- Detecting C compile features - done
[0.354s] -- Check for working CXX compiler: /usr/bin/c++
[0.420s] -- Check for working CXX compiler: /usr/bin/c++ -- works
[0.421s] -- Detecting CXX compiler ABI info
[0.487s] -- Detecting CXX compiler ABI info - done
[0.497s] -- Detecting CXX compile features
[0.497s] -- Detecting CXX compile features - done
[0.498s] -- Found mrt_cmake_modules: 1.0.8 (/home/saitama1/ros2_foxy/install/mrt_cmake_modules/share/mrt_cmake_modules/cmake)
[0.502s] -- Found ament_cmake_core: 0.9.8 (/home/saitama1/ros2_foxy/install/ament_cmake_core/share/ament_cmake_core/cmake)
[0.523s] -- Found PythonInterp: /usr/bin/python3 (found suitable version "3.8.10", minimum required is "3") 
[0.523s] -- Using PYTHON_EXECUTABLE: /usr/bin/python3
[0.868s] -- Found OpenMP_C: -fopenmp (found version "4.5") 
[0.945s] -- Found OpenMP_CXX: -fopenmp (found version "4.5") 
[0.946s] -- Found OpenMP: TRUE (found version "4.5")  
[1.091s] called: /home/saitama1/ros2_foxy/install/mrt_cmake_modules/share/mrt_cmake_modules/cmake/../scripts/generate_cmake_dependency_file.py /home/saitama1/ros2_foxy/src/autoware_build_parts/lanelet2/lanelet2_core/package.xml /home/saitama1/ros2_foxy/install/mrt_cmake_modules/share/mrt_cmake_modules/cmake/../yaml/cmake.yaml /home/saitama1/ros2_foxy/build/lanelet2_core/CMakeFiles/auto_dep_vars.cmake
[1.659s] -- Found Boost: /usr/lib/x86_64-linux-gnu/cmake/Boost-1.71.0/BoostConfig.cmake (found version "1.71.0") found components: wserialization thread random serialization log_setup prg_exec_monitor wave system chrono filesystem locale timer date_time regex graph program_options unit_test_framework log atomic iostreams 
[1.886s] -- Adding library "lanelet2_core" with source src/Attribute.cpp;src/BasicRegulatoryElements.cpp;src/Lanelet.cpp;src/LaneletMap.cpp;src/LaneletSequence.cpp;src/LineStringGeometry.cpp;src/PolygonTriangulationGeometry.cpp;src/RegulatoryElement.cpp;src/RegulatoryElementGeometry.cpp, includes include/lanelet2_core/Attribute.h;include/lanelet2_core/Exceptions.h;include/lanelet2_core/Forward.h;include/lanelet2_core/LaneletMap.h;include/lanelet2_core/geometry/Area.h;include/lanelet2_core/geometry/BoundingBox.h;include/lanelet2_core/geometry/GeometryHelper.h;include/lanelet2_core/geometry/Lanelet.h;include/lanelet2_core/geometry/LaneletMap.h;include/lanelet2_core/geometry/LineString.h;include/lanelet2_core/geometry/Point.h;include/lanelet2_core/geometry/Polygon.h;include/lanelet2_core/geometry/RegulatoryElement.h;include/lanelet2_core/geometry/impl/Area.h;include/lanelet2_core/geometry/impl/Lanelet.h;include/lanelet2_core/geometry/impl/LaneletMap.h;include/lanelet2_core/geometry/impl/LineString.h;include/lanelet2_core/geometry/impl/Polygon.h;include/lanelet2_core/primitives/Area.h;include/lanelet2_core/primitives/BasicRegulatoryElements.h;include/lanelet2_core/primitives/BoundingBox.h;include/lanelet2_core/primitives/CompoundLineString.h;include/lanelet2_core/primitives/CompoundPolygon.h;include/lanelet2_core/primitives/GPSPoint.h;include/lanelet2_core/primitives/Lanelet.h;include/lanelet2_core/primitives/LaneletOrArea.h;include/lanelet2_core/primitives/LaneletSequence.h;include/lanelet2_core/primitives/LineString.h;include/lanelet2_core/primitives/LineStringOrPolygon.h;include/lanelet2_core/primitives/Point.h;include/lanelet2_core/primitives/Polygon.h;include/lanelet2_core/primitives/Primitive.h;include/lanelet2_core/primitives/RegulatoryElement.h;include/lanelet2_core/primitives/Traits.h;include/lanelet2_core/utility/CompoundIterator.h;include/lanelet2_core/utility/HybridMap.h;include/lanelet2_core/utility/Optional.h;include/lanelet2_core/utility/ReverseAndForwardIterator.h;include/lanelet2_core/utility/TransformIterator.h;include/lanelet2_core/utility/Units.h;include/lanelet2_core/utility/Utilities.h
[1.887s] -- Marking libraries "lanelet2_core" of package "lanelet2_core" for installation
[1.887s] -- Marking HEADER FILES in "include/lanelet2_core" folder of package "lanelet2_core" for installation
[1.887s] -- Marking SHARED CONTENT FOLDER "res" of package "lanelet2_core" for installation
[1.887s] -- Generating cmake exports for lanelet2_core to /home/saitama1/ros2_foxy/build/lanelet2_core/devel/share
[1.952s] -- Adding gtest unittest "lanelet2_core-gtest-test_area" with working dir /home/saitama1/ros2_foxy/src/autoware_build_parts/lanelet2/lanelet2_core/test
[1.960s] -- Creating gtest 'lanelet2_core-gtest-test_area' from test/test_area.cpp
[1.960s] -- Adding gtest unittest "lanelet2_core-gtest-test_attribute" with working dir /home/saitama1/ros2_foxy/src/autoware_build_parts/lanelet2/lanelet2_core/test
[1.960s] -- Creating gtest 'lanelet2_core-gtest-test_attribute' from test/test_attribute.cpp
[1.960s] -- Adding gtest unittest "lanelet2_core-gtest-test_lanelet" with working dir /home/saitama1/ros2_foxy/src/autoware_build_parts/lanelet2/lanelet2_core/test
[1.960s] -- Creating gtest 'lanelet2_core-gtest-test_lanelet' from test/test_lanelet.cpp
[1.961s] -- Adding gtest unittest "lanelet2_core-gtest-test_lanelet_map" with working dir /home/saitama1/ros2_foxy/src/autoware_build_parts/lanelet2/lanelet2_core/test
[1.961s] -- Creating gtest 'lanelet2_core-gtest-test_lanelet_map' from test/test_lanelet_map.cpp
[1.961s] -- Adding gtest unittest "lanelet2_core-gtest-test_lanelet_map_geometry" with working dir /home/saitama1/ros2_foxy/src/autoware_build_parts/lanelet2/lanelet2_core/test
[1.961s] -- Creating gtest 'lanelet2_core-gtest-test_lanelet_map_geometry' from test/test_lanelet_map_geometry.cpp
[1.962s] -- Adding gtest unittest "lanelet2_core-gtest-test_lanelet_or_area" with working dir /home/saitama1/ros2_foxy/src/autoware_build_parts/lanelet2/lanelet2_core/test
[1.963s] -- Creating gtest 'lanelet2_core-gtest-test_lanelet_or_area' from test/test_lanelet_or_area.cpp
[1.964s] -- Adding gtest unittest "lanelet2_core-gtest-test_lanelet_sequence" with working dir /home/saitama1/ros2_foxy/src/autoware_build_parts/lanelet2/lanelet2_core/test
[1.964s] -- Creating gtest 'lanelet2_core-gtest-test_lanelet_sequence' from test/test_lanelet_sequence.cpp
[1.964s] -- Adding gtest unittest "lanelet2_core-gtest-test_linestring" with working dir /home/saitama1/ros2_foxy/src/autoware_build_parts/lanelet2/lanelet2_core/test
[1.964s] -- Creating gtest 'lanelet2_core-gtest-test_linestring' from test/test_linestring.cpp
[1.964s] -- Adding gtest unittest "lanelet2_core-gtest-test_point" with working dir /home/saitama1/ros2_foxy/src/autoware_build_parts/lanelet2/lanelet2_core/test
[1.964s] -- Creating gtest 'lanelet2_core-gtest-test_point' from test/test_point.cpp
[1.964s] -- Adding gtest unittest "lanelet2_core-gtest-test_polygon" with working dir /home/saitama1/ros2_foxy/src/autoware_build_parts/lanelet2/lanelet2_core/test
[1.964s] -- Creating gtest 'lanelet2_core-gtest-test_polygon' from test/test_polygon.cpp
[1.965s] -- Adding gtest unittest "lanelet2_core-gtest-test_regulatory_element" with working dir /home/saitama1/ros2_foxy/src/autoware_build_parts/lanelet2/lanelet2_core/test
[1.965s] -- Creating gtest 'lanelet2_core-gtest-test_regulatory_element' from test/test_regulatory_element.cpp
[1.965s] -- Adding nosetests in folder /home/saitama1/ros2_foxy/src/autoware_build_parts/lanelet2/lanelet2_core/test
[1.965s] -- Using Python nosetests: /usr/bin/nosetests3
[1.965s] -- Adding nosetest nosetests-lanelet2_core-test
[1.965s] -- Configuring done
[2.016s] -- Generating done
[2.422s] -- Build files have been written to: /home/saitama1/ros2_foxy/build/lanelet2_core
[3.036s] Invoked command in '/home/saitama1/ros2_foxy/build/lanelet2_core' returned '0': AMENT_PREFIX_PATH=/home/saitama1/ros2_foxy/install/ament_package:/home/saitama1/ros2_foxy/install/test_interface_files:/home/saitama1/ros2_foxy/install/ros_environment:/home/saitama1/ros2_foxy/install/osrf_pycommon:/home/saitama1/ros2_foxy/install/ament_pyflakes:/home/saitama1/ros2_foxy/install/ament_pycodestyle:/home/saitama1/ros2_foxy/install/ament_pep257:/home/saitama1/ros2_foxy/install/ament_cmake_version:/home/saitama1/ros2_foxy/install/ament_cmake_test:/home/saitama1/ros2_foxy/install/ament_cmake_target_dependencies:/home/saitama1/ros2_foxy/install/ament_cmake_python:/home/saitama1/ros2_foxy/install/ament_cmake_export_dependencies:/home/saitama1/ros2_foxy/install/ament_cmake_libraries:/home/saitama1/ros2_foxy/install/ament_cmake_include_directories:/home/saitama1/ros2_foxy/install/ament_cmake_export_targets:/home/saitama1/ros2_foxy/install/ament_cmake_export_link_flags:/home/saitama1/ros2_foxy/install/ament_cmake_export_interfaces:/home/saitama1/ros2_foxy/install/ament_cmake_export_libraries:/home/saitama1/ros2_foxy/install/ament_cmake_export_include_directories:/home/saitama1/ros2_foxy/install/ament_cmake_export_definitions:/home/saitama1/ros2_foxy/install/ament_cmake_core:/home/saitama1/ros2_foxy/install/ament_mypy:/home/saitama1/ros2_foxy/install/ament_flake8:/home/saitama1/ros2_foxy/install/ament_copyright:/home/saitama1/ros2_foxy/install/ament_lint:/home/saitama1/ros2_foxy/install/ament_cppcheck CMAKE_PREFIX_PATH=/home/saitama1/ros2_foxy/install/osrf_pycommon:/home/saitama1/ros2_foxy/install/ament_pyflakes:/home/saitama1/ros2_foxy/install/ament_pycodestyle:/home/saitama1/ros2_foxy/install/ament_pep257:/home/saitama1/ros2_foxy/install/ament_package:/home/saitama1/ros2_foxy/install/ament_mypy:/home/saitama1/ros2_foxy/install/ament_flake8:/home/saitama1/ros2_foxy/install/ament_copyright:/home/saitama1/ros2_foxy/install/ament_lint:/home/saitama1/ros2_foxy/install/ament_cppcheck:/home/saitama1/ros2_foxy/install/mrt_cmake_modules:/home/saitama1/ros2_foxy/install/ros_environment:/home/saitama1/ros2_foxy/install/ament_cmake_core:/home/saitama1/ros2_foxy/install/gtest_vendor:/home/saitama1/ros2_foxy/install/urdfdom_headers:/home/saitama1/ros2_foxy/install/test_interface_files:/home/saitama1/ros2_foxy/install/gmock_vendor:/home/saitama1/ros2_foxy/install/ament_cmake_gtest:/home/saitama1/ros2_foxy/install/fastcdr:/home/saitama1/ros2_foxy/install/ament_lint_auto:/home/saitama1/ros2_foxy/install/ament_cmake_version:/home/saitama1/ros2_foxy/install/ament_cmake_pytest:/home/saitama1/ros2_foxy/install/ament_cmake_nose:/home/saitama1/ros2_foxy/install/ament_cmake_test:/home/saitama1/ros2_foxy/install/ament_cmake_target_dependencies:/home/saitama1/ros2_foxy/install/ament_cmake_python:/home/saitama1/ros2_foxy/install/ament_cmake_export_dependencies:/home/saitama1/ros2_foxy/install/ament_cmake_libraries:/home/saitama1/ros2_foxy/install/ament_cmake_include_directories:/home/saitama1/ros2_foxy/install/ament_cmake_export_targets:/home/saitama1/ros2_foxy/install/ament_cmake_export_link_flags:/home/saitama1/ros2_foxy/install/ament_cmake_export_interfaces:/home/saitama1/ros2_foxy/install/ament_cmake_export_libraries:/home/saitama1/ros2_foxy/install/ament_cmake_export_include_directories:/home/saitama1/ros2_foxy/install/ament_cmake_export_definitions PATH=/home/saitama1/ros2_foxy/install/mrt_cmake_modules/bin:${PATH} PKG_CONFIG_PATH=/home/saitama1/ros2_foxy/install/mrt_cmake_modules/lib/x86_64-linux-gnu/pkgconfig:/home/saitama1/ros2_foxy/install/mrt_cmake_modules/lib/pkgconfig:/home/saitama1/ros2_foxy/install/gtest_vendor/lib/x86_64-linux-gnu/pkgconfig:/home/saitama1/ros2_foxy/install/gtest_vendor/lib/pkgconfig:/home/saitama1/ros2_foxy/install/urdfdom_headers/lib/pkgconfig:/home/saitama1/ros2_foxy/install/gmock_vendor/lib/x86_64-linux-gnu/pkgconfig:/home/saitama1/ros2_foxy/install/gmock_vendor/lib/pkgconfig PYTHONPATH=/home/saitama1/ros2_foxy/install/ament_package/lib/python3.8/site-packages:/home/saitama1/ros2_foxy/install/osrf_pycommon/lib/python3.8/site-packages:/home/saitama1/ros2_foxy/install/ament_pyflakes/lib/python3.8/site-packages:/home/saitama1/ros2_foxy/install/ament_pycodestyle/lib/python3.8/site-packages:/home/saitama1/ros2_foxy/install/ament_pep257/lib/python3.8/site-packages:/home/saitama1/ros2_foxy/install/ament_cmake_test/lib/python3.8/site-packages:/home/saitama1/ros2_foxy/install/ament_mypy/lib/python3.8/site-packages:/home/saitama1/ros2_foxy/install/ament_flake8/lib/python3.8/site-packages:/home/saitama1/ros2_foxy/install/ament_copyright/lib/python3.8/site-packages:/home/saitama1/ros2_foxy/install/ament_lint/lib/python3.8/site-packages:/home/saitama1/ros2_foxy/install/ament_cppcheck/lib/python3.8/site-packages ROS_PACKAGE_PATH=/home/saitama1/ros2_foxy/install/mrt_cmake_modules/share /usr/bin/cmake /home/saitama1/ros2_foxy/src/autoware_build_parts/lanelet2/lanelet2_core -DCMAKE_INSTALL_PREFIX=/home/saitama1/ros2_foxy/install/lanelet2_core
[3.040s] Invoking command in '/home/saitama1/ros2_foxy/build/lanelet2_core': AMENT_PREFIX_PATH=/home/saitama1/ros2_foxy/install/ament_package:/home/saitama1/ros2_foxy/install/test_interface_files:/home/saitama1/ros2_foxy/install/ros_environment:/home/saitama1/ros2_foxy/install/osrf_pycommon:/home/saitama1/ros2_foxy/install/ament_pyflakes:/home/saitama1/ros2_foxy/install/ament_pycodestyle:/home/saitama1/ros2_foxy/install/ament_pep257:/home/saitama1/ros2_foxy/install/ament_cmake_version:/home/saitama1/ros2_foxy/install/ament_cmake_test:/home/saitama1/ros2_foxy/install/ament_cmake_target_dependencies:/home/saitama1/ros2_foxy/install/ament_cmake_python:/home/saitama1/ros2_foxy/install/ament_cmake_export_dependencies:/home/saitama1/ros2_foxy/install/ament_cmake_libraries:/home/saitama1/ros2_foxy/install/ament_cmake_include_directories:/home/saitama1/ros2_foxy/install/ament_cmake_export_targets:/home/saitama1/ros2_foxy/install/ament_cmake_export_link_flags:/home/saitama1/ros2_foxy/install/ament_cmake_export_interfaces:/home/saitama1/ros2_foxy/install/ament_cmake_export_libraries:/home/saitama1/ros2_foxy/install/ament_cmake_export_include_directories:/home/saitama1/ros2_foxy/install/ament_cmake_export_definitions:/home/saitama1/ros2_foxy/install/ament_cmake_core:/home/saitama1/ros2_foxy/install/ament_mypy:/home/saitama1/ros2_foxy/install/ament_flake8:/home/saitama1/ros2_foxy/install/ament_copyright:/home/saitama1/ros2_foxy/install/ament_lint:/home/saitama1/ros2_foxy/install/ament_cppcheck CMAKE_PREFIX_PATH=/home/saitama1/ros2_foxy/install/osrf_pycommon:/home/saitama1/ros2_foxy/install/ament_pyflakes:/home/saitama1/ros2_foxy/install/ament_pycodestyle:/home/saitama1/ros2_foxy/install/ament_pep257:/home/saitama1/ros2_foxy/install/ament_package:/home/saitama1/ros2_foxy/install/ament_mypy:/home/saitama1/ros2_foxy/install/ament_flake8:/home/saitama1/ros2_foxy/install/ament_copyright:/home/saitama1/ros2_foxy/install/ament_lint:/home/saitama1/ros2_foxy/install/ament_cppcheck:/home/saitama1/ros2_foxy/install/mrt_cmake_modules:/home/saitama1/ros2_foxy/install/ros_environment:/home/saitama1/ros2_foxy/install/ament_cmake_core:/home/saitama1/ros2_foxy/install/gtest_vendor:/home/saitama1/ros2_foxy/install/urdfdom_headers:/home/saitama1/ros2_foxy/install/test_interface_files:/home/saitama1/ros2_foxy/install/gmock_vendor:/home/saitama1/ros2_foxy/install/ament_cmake_gtest:/home/saitama1/ros2_foxy/install/fastcdr:/home/saitama1/ros2_foxy/install/ament_lint_auto:/home/saitama1/ros2_foxy/install/ament_cmake_version:/home/saitama1/ros2_foxy/install/ament_cmake_pytest:/home/saitama1/ros2_foxy/install/ament_cmake_nose:/home/saitama1/ros2_foxy/install/ament_cmake_test:/home/saitama1/ros2_foxy/install/ament_cmake_target_dependencies:/home/saitama1/ros2_foxy/install/ament_cmake_python:/home/saitama1/ros2_foxy/install/ament_cmake_export_dependencies:/home/saitama1/ros2_foxy/install/ament_cmake_libraries:/home/saitama1/ros2_foxy/install/ament_cmake_include_directories:/home/saitama1/ros2_foxy/install/ament_cmake_export_targets:/home/saitama1/ros2_foxy/install/ament_cmake_export_link_flags:/home/saitama1/ros2_foxy/install/ament_cmake_export_interfaces:/home/saitama1/ros2_foxy/install/ament_cmake_export_libraries:/home/saitama1/ros2_foxy/install/ament_cmake_export_include_directories:/home/saitama1/ros2_foxy/install/ament_cmake_export_definitions PATH=/home/saitama1/ros2_foxy/install/mrt_cmake_modules/bin:${PATH} PKG_CONFIG_PATH=/home/saitama1/ros2_foxy/install/mrt_cmake_modules/lib/x86_64-linux-gnu/pkgconfig:/home/saitama1/ros2_foxy/install/mrt_cmake_modules/lib/pkgconfig:/home/saitama1/ros2_foxy/install/gtest_vendor/lib/x86_64-linux-gnu/pkgconfig:/home/saitama1/ros2_foxy/install/gtest_vendor/lib/pkgconfig:/home/saitama1/ros2_foxy/install/urdfdom_headers/lib/pkgconfig:/home/saitama1/ros2_foxy/install/gmock_vendor/lib/x86_64-linux-gnu/pkgconfig:/home/saitama1/ros2_foxy/install/gmock_vendor/lib/pkgconfig PYTHONPATH=/home/saitama1/ros2_foxy/install/ament_package/lib/python3.8/site-packages:/home/saitama1/ros2_foxy/install/osrf_pycommon/lib/python3.8/site-packages:/home/saitama1/ros2_foxy/install/ament_pyflakes/lib/python3.8/site-packages:/home/saitama1/ros2_foxy/install/ament_pycodestyle/lib/python3.8/site-packages:/home/saitama1/ros2_foxy/install/ament_pep257/lib/python3.8/site-packages:/home/saitama1/ros2_foxy/install/ament_cmake_test/lib/python3.8/site-packages:/home/saitama1/ros2_foxy/install/ament_mypy/lib/python3.8/site-packages:/home/saitama1/ros2_foxy/install/ament_flake8/lib/python3.8/site-packages:/home/saitama1/ros2_foxy/install/ament_copyright/lib/python3.8/site-packages:/home/saitama1/ros2_foxy/install/ament_lint/lib/python3.8/site-packages:/home/saitama1/ros2_foxy/install/ament_cppcheck/lib/python3.8/site-packages ROS_PACKAGE_PATH=/home/saitama1/ros2_foxy/install/mrt_cmake_modules/share /usr/bin/cmake --build /home/saitama1/ros2_foxy/build/lanelet2_core -- -j12 -l12
[3.139s] [35m[1mScanning dependencies of target gtest[0m
[3.140s] [35m[1mScanning dependencies of target gtest_main[0m
[3.140s] [35m[1mScanning dependencies of target lanelet2_core[0m
[3.140s] [  2%] [32mBuilding CXX object gtest/CMakeFiles/gtest.dir/src/gtest-all.cc.o[0m
[3.143s] [  5%] [32mBuilding CXX object gtest/CMakeFiles/gtest_main.dir/src/gtest_main.cc.o[0m
[3.204s] [  8%] [32mBuilding CXX object CMakeFiles/lanelet2_core.dir/src/Attribute.cpp.o[0m
[3.205s] [ 13%] [32mBuilding CXX object CMakeFiles/lanelet2_core.dir/src/LaneletMap.cpp.o[0m
[3.205s] [ 13%] [32mBuilding CXX object CMakeFiles/lanelet2_core.dir/src/Lanelet.cpp.o[0m
[3.206s] [ 19%] [32mBuilding CXX object CMakeFiles/lanelet2_core.dir/src/BasicRegulatoryElements.cpp.o[0m
[3.207s] [ 22%] [32mBuilding CXX object CMakeFiles/lanelet2_core.dir/src/LineStringGeometry.cpp.o[0m
[3.208s] [ 22%] [32mBuilding CXX object CMakeFiles/lanelet2_core.dir/src/PolygonTriangulationGeometry.cpp.o[0m
[3.209s] [ 25%] [32mBuilding CXX object CMakeFiles/lanelet2_core.dir/src/LaneletSequence.cpp.o[0m
[3.212s] [ 27%] [32mBuilding CXX object CMakeFiles/lanelet2_core.dir/src/RegulatoryElement.cpp.o[0m
[3.256s] [ 30%] [32mBuilding CXX object CMakeFiles/lanelet2_core.dir/src/RegulatoryElementGeometry.cpp.o[0m
[3.965s] [ 33%] [32m[1mLinking CXX static library libgtest_main.a[0m
[4.116s] [ 33%] Built target gtest_main
[8.116s] [ 36%] [32m[1mLinking CXX static library libgtest.a[0m
[15.974s] [ 36%] Built target gtest
[35.125s] [ 38%] [32m[1mLinking CXX shared library liblanelet2_core.so[0m
[36.174s] [ 38%] Built target lanelet2_core
[36.186s] [35m[1mScanning dependencies of target lanelet2_core-gtest-test_attribute[0m
[36.186s] [35m[1mScanning dependencies of target lanelet2_core-gtest-test_regulatory_element[0m
[36.187s] [35m[1mScanning dependencies of target lanelet2_core-gtest-test_lanelet_sequence[0m
[36.187s] [35m[1mScanning dependencies of target lanelet2_core-gtest-test_lanelet[0m
[36.187s] [35m[1mScanning dependencies of target lanelet2_core-gtest-test_polygon[0m
[36.187s] [35m[1mScanning dependencies of target lanelet2_core-gtest-test_point[0m
[36.189s] [35m[1mScanning dependencies of target lanelet2_core-gtest-test_lanelet_map_geometry[0m
[36.189s] [35m[1mScanning dependencies of target lanelet2_core-gtest-test_lanelet_map[0m
[36.190s] [35m[1mScanning dependencies of target lanelet2_core-gtest-test_linestring[0m
[36.202s] [35m[1mScanning dependencies of target lanelet2_core-gtest-test_lanelet_or_area[0m
[36.203s] [35m[1mScanning dependencies of target lanelet2_core-gtest-test_area[0m
[36.229s] [ 41%] [32mBuilding CXX object CMakeFiles/lanelet2_core-gtest-test_lanelet_sequence.dir/test/test_lanelet_sequence.cpp.o[0m
[36.233s] [ 47%] [32mBuilding CXX object CMakeFiles/lanelet2_core-gtest-test_attribute.dir/test/test_attribute.cpp.o[0m
[36.234s] [ 47%] [32mBuilding CXX object CMakeFiles/lanelet2_core-gtest-test_point.dir/test/test_point.cpp.o[0m
[36.234s] [ 50%] [32mBuilding CXX object CMakeFiles/lanelet2_core-gtest-test_polygon.dir/test/test_polygon.cpp.o[0m
[36.234s] [ 52%] [32mBuilding CXX object CMakeFiles/lanelet2_core-gtest-test_regulatory_element.dir/test/test_regulatory_element.cpp.o[0m
[36.235s] [ 55%] [32mBuilding CXX object CMakeFiles/lanelet2_core-gtest-test_lanelet.dir/test/test_lanelet.cpp.o[0m
[36.713s] [ 61%] [32mBuilding CXX object CMakeFiles/lanelet2_core-gtest-test_lanelet_map.dir/test/test_lanelet_map.cpp.o[0m
[36.713s] [ 61%] [32mBuilding CXX object CMakeFiles/lanelet2_core-gtest-test_linestring.dir/test/test_linestring.cpp.o[0m
[36.714s] [ 63%] [32mBuilding CXX object CMakeFiles/lanelet2_core-gtest-test_area.dir/test/test_area.cpp.o[0m
[36.714s] [ 69%] [32mBuilding CXX object CMakeFiles/lanelet2_core-gtest-test_lanelet_map_geometry.dir/test/test_lanelet_map_geometry.cpp.o[0m
[36.714s] [ 69%] [32mBuilding CXX object CMakeFiles/lanelet2_core-gtest-test_lanelet_or_area.dir/test/test_lanelet_or_area.cpp.o[0m
[38.444s] [ 72%] [32m[1mLinking CXX executable lanelet2_core-gtest-test_attribute[0m
[39.116s] [ 72%] Built target lanelet2_core-gtest-test_attribute
[42.309s] [ 75%] [32m[1mLinking CXX executable lanelet2_core-gtest-test_lanelet_or_area[0m
[43.071s] [ 77%] [32m[1mLinking CXX executable lanelet2_core-gtest-test_point[0m
[43.649s] [ 77%] Built target lanelet2_core-gtest-test_lanelet_or_area
[44.171s] [ 77%] Built target lanelet2_core-gtest-test_point
[44.765s] [ 80%] [32m[1mLinking CXX executable lanelet2_core-gtest-test_regulatory_element[0m
[45.672s] [ 80%] Built target lanelet2_core-gtest-test_regulatory_element
[47.793s] [ 83%] [32m[1mLinking CXX executable lanelet2_core-gtest-test_lanelet_sequence[0m
[48.004s] [ 86%] [32m[1mLinking CXX executable lanelet2_core-gtest-test_lanelet_map[0m
[48.713s] [ 86%] Built target lanelet2_core-gtest-test_lanelet_sequence
[48.964s] [ 86%] Built target lanelet2_core-gtest-test_lanelet_map
[50.571s] [ 88%] [32m[1mLinking CXX executable lanelet2_core-gtest-test_area[0m
[50.783s] [ 91%] [32m[1mLinking CXX executable lanelet2_core-gtest-test_lanelet[0m
[51.443s] [ 91%] Built target lanelet2_core-gtest-test_area
[51.617s] [ 91%] Built target lanelet2_core-gtest-test_lanelet
[53.375s] [ 94%] [32m[1mLinking CXX executable lanelet2_core-gtest-test_polygon[0m
[54.276s] [ 94%] Built target lanelet2_core-gtest-test_polygon
[58.274s] [ 97%] [32m[1mLinking CXX executable lanelet2_core-gtest-test_lanelet_map_geometry[0m
[59.062s] [ 97%] Built target lanelet2_core-gtest-test_lanelet_map_geometry
[59.128s] [100%] [32m[1mLinking CXX executable lanelet2_core-gtest-test_linestring[0m
[60.106s] [100%] Built target lanelet2_core-gtest-test_linestring
[60.117s] [35m[1mScanning dependencies of target tests_lanelet2_core[0m
[60.129s] [100%] Built target tests_lanelet2_core
[60.140s] [35m[1mScanning dependencies of target tests[0m
[60.152s] [100%] Built target tests
[60.185s] Invoked command in '/home/saitama1/ros2_foxy/build/lanelet2_core' returned '0': AMENT_PREFIX_PATH=/home/saitama1/ros2_foxy/install/ament_package:/home/saitama1/ros2_foxy/install/test_interface_files:/home/saitama1/ros2_foxy/install/ros_environment:/home/saitama1/ros2_foxy/install/osrf_pycommon:/home/saitama1/ros2_foxy/install/ament_pyflakes:/home/saitama1/ros2_foxy/install/ament_pycodestyle:/home/saitama1/ros2_foxy/install/ament_pep257:/home/saitama1/ros2_foxy/install/ament_cmake_version:/home/saitama1/ros2_foxy/install/ament_cmake_test:/home/saitama1/ros2_foxy/install/ament_cmake_target_dependencies:/home/saitama1/ros2_foxy/install/ament_cmake_python:/home/saitama1/ros2_foxy/install/ament_cmake_export_dependencies:/home/saitama1/ros2_foxy/install/ament_cmake_libraries:/home/saitama1/ros2_foxy/install/ament_cmake_include_directories:/home/saitama1/ros2_foxy/install/ament_cmake_export_targets:/home/saitama1/ros2_foxy/install/ament_cmake_export_link_flags:/home/saitama1/ros2_foxy/install/ament_cmake_export_interfaces:/home/saitama1/ros2_foxy/install/ament_cmake_export_libraries:/home/saitama1/ros2_foxy/install/ament_cmake_export_include_directories:/home/saitama1/ros2_foxy/install/ament_cmake_export_definitions:/home/saitama1/ros2_foxy/install/ament_cmake_core:/home/saitama1/ros2_foxy/install/ament_mypy:/home/saitama1/ros2_foxy/install/ament_flake8:/home/saitama1/ros2_foxy/install/ament_copyright:/home/saitama1/ros2_foxy/install/ament_lint:/home/saitama1/ros2_foxy/install/ament_cppcheck CMAKE_PREFIX_PATH=/home/saitama1/ros2_foxy/install/osrf_pycommon:/home/saitama1/ros2_foxy/install/ament_pyflakes:/home/saitama1/ros2_foxy/install/ament_pycodestyle:/home/saitama1/ros2_foxy/install/ament_pep257:/home/saitama1/ros2_foxy/install/ament_package:/home/saitama1/ros2_foxy/install/ament_mypy:/home/saitama1/ros2_foxy/install/ament_flake8:/home/saitama1/ros2_foxy/install/ament_copyright:/home/saitama1/ros2_foxy/install/ament_lint:/home/saitama1/ros2_foxy/install/ament_cppcheck:/home/saitama1/ros2_foxy/install/mrt_cmake_modules:/home/saitama1/ros2_foxy/install/ros_environment:/home/saitama1/ros2_foxy/install/ament_cmake_core:/home/saitama1/ros2_foxy/install/gtest_vendor:/home/saitama1/ros2_foxy/install/urdfdom_headers:/home/saitama1/ros2_foxy/install/test_interface_files:/home/saitama1/ros2_foxy/install/gmock_vendor:/home/saitama1/ros2_foxy/install/ament_cmake_gtest:/home/saitama1/ros2_foxy/install/fastcdr:/home/saitama1/ros2_foxy/install/ament_lint_auto:/home/saitama1/ros2_foxy/install/ament_cmake_version:/home/saitama1/ros2_foxy/install/ament_cmake_pytest:/home/saitama1/ros2_foxy/install/ament_cmake_nose:/home/saitama1/ros2_foxy/install/ament_cmake_test:/home/saitama1/ros2_foxy/install/ament_cmake_target_dependencies:/home/saitama1/ros2_foxy/install/ament_cmake_python:/home/saitama1/ros2_foxy/install/ament_cmake_export_dependencies:/home/saitama1/ros2_foxy/install/ament_cmake_libraries:/home/saitama1/ros2_foxy/install/ament_cmake_include_directories:/home/saitama1/ros2_foxy/install/ament_cmake_export_targets:/home/saitama1/ros2_foxy/install/ament_cmake_export_link_flags:/home/saitama1/ros2_foxy/install/ament_cmake_export_interfaces:/home/saitama1/ros2_foxy/install/ament_cmake_export_libraries:/home/saitama1/ros2_foxy/install/ament_cmake_export_include_directories:/home/saitama1/ros2_foxy/install/ament_cmake_export_definitions PATH=/home/saitama1/ros2_foxy/install/mrt_cmake_modules/bin:${PATH} PKG_CONFIG_PATH=/home/saitama1/ros2_foxy/install/mrt_cmake_modules/lib/x86_64-linux-gnu/pkgconfig:/home/saitama1/ros2_foxy/install/mrt_cmake_modules/lib/pkgconfig:/home/saitama1/ros2_foxy/install/gtest_vendor/lib/x86_64-linux-gnu/pkgconfig:/home/saitama1/ros2_foxy/install/gtest_vendor/lib/pkgconfig:/home/saitama1/ros2_foxy/install/urdfdom_headers/lib/pkgconfig:/home/saitama1/ros2_foxy/install/gmock_vendor/lib/x86_64-linux-gnu/pkgconfig:/home/saitama1/ros2_foxy/install/gmock_vendor/lib/pkgconfig PYTHONPATH=/home/saitama1/ros2_foxy/install/ament_package/lib/python3.8/site-packages:/home/saitama1/ros2_foxy/install/osrf_pycommon/lib/python3.8/site-packages:/home/saitama1/ros2_foxy/install/ament_pyflakes/lib/python3.8/site-packages:/home/saitama1/ros2_foxy/install/ament_pycodestyle/lib/python3.8/site-packages:/home/saitama1/ros2_foxy/install/ament_pep257/lib/python3.8/site-packages:/home/saitama1/ros2_foxy/install/ament_cmake_test/lib/python3.8/site-packages:/home/saitama1/ros2_foxy/install/ament_mypy/lib/python3.8/site-packages:/home/saitama1/ros2_foxy/install/ament_flake8/lib/python3.8/site-packages:/home/saitama1/ros2_foxy/install/ament_copyright/lib/python3.8/site-packages:/home/saitama1/ros2_foxy/install/ament_lint/lib/python3.8/site-packages:/home/saitama1/ros2_foxy/install/ament_cppcheck/lib/python3.8/site-packages ROS_PACKAGE_PATH=/home/saitama1/ros2_foxy/install/mrt_cmake_modules/share /usr/bin/cmake --build /home/saitama1/ros2_foxy/build/lanelet2_core -- -j12 -l12
[60.347s] Invoking command in '/home/saitama1/ros2_foxy/build/lanelet2_core': AMENT_PREFIX_PATH=/home/saitama1/ros2_foxy/install/ament_package:/home/saitama1/ros2_foxy/install/test_interface_files:/home/saitama1/ros2_foxy/install/ros_environment:/home/saitama1/ros2_foxy/install/osrf_pycommon:/home/saitama1/ros2_foxy/install/ament_pyflakes:/home/saitama1/ros2_foxy/install/ament_pycodestyle:/home/saitama1/ros2_foxy/install/ament_pep257:/home/saitama1/ros2_foxy/install/ament_cmake_version:/home/saitama1/ros2_foxy/install/ament_cmake_test:/home/saitama1/ros2_foxy/install/ament_cmake_target_dependencies:/home/saitama1/ros2_foxy/install/ament_cmake_python:/home/saitama1/ros2_foxy/install/ament_cmake_export_dependencies:/home/saitama1/ros2_foxy/install/ament_cmake_libraries:/home/saitama1/ros2_foxy/install/ament_cmake_include_directories:/home/saitama1/ros2_foxy/install/ament_cmake_export_targets:/home/saitama1/ros2_foxy/install/ament_cmake_export_link_flags:/home/saitama1/ros2_foxy/install/ament_cmake_export_interfaces:/home/saitama1/ros2_foxy/install/ament_cmake_export_libraries:/home/saitama1/ros2_foxy/install/ament_cmake_export_include_directories:/home/saitama1/ros2_foxy/install/ament_cmake_export_definitions:/home/saitama1/ros2_foxy/install/ament_cmake_core:/home/saitama1/ros2_foxy/install/ament_mypy:/home/saitama1/ros2_foxy/install/ament_flake8:/home/saitama1/ros2_foxy/install/ament_copyright:/home/saitama1/ros2_foxy/install/ament_lint:/home/saitama1/ros2_foxy/install/ament_cppcheck CMAKE_PREFIX_PATH=/home/saitama1/ros2_foxy/install/osrf_pycommon:/home/saitama1/ros2_foxy/install/ament_pyflakes:/home/saitama1/ros2_foxy/install/ament_pycodestyle:/home/saitama1/ros2_foxy/install/ament_pep257:/home/saitama1/ros2_foxy/install/ament_package:/home/saitama1/ros2_foxy/install/ament_mypy:/home/saitama1/ros2_foxy/install/ament_flake8:/home/saitama1/ros2_foxy/install/ament_copyright:/home/saitama1/ros2_foxy/install/ament_lint:/home/saitama1/ros2_foxy/install/ament_cppcheck:/home/saitama1/ros2_foxy/install/mrt_cmake_modules:/home/saitama1/ros2_foxy/install/ros_environment:/home/saitama1/ros2_foxy/install/ament_cmake_core:/home/saitama1/ros2_foxy/install/gtest_vendor:/home/saitama1/ros2_foxy/install/urdfdom_headers:/home/saitama1/ros2_foxy/install/test_interface_files:/home/saitama1/ros2_foxy/install/gmock_vendor:/home/saitama1/ros2_foxy/install/ament_cmake_gtest:/home/saitama1/ros2_foxy/install/fastcdr:/home/saitama1/ros2_foxy/install/ament_lint_auto:/home/saitama1/ros2_foxy/install/ament_cmake_version:/home/saitama1/ros2_foxy/install/ament_cmake_pytest:/home/saitama1/ros2_foxy/install/ament_cmake_nose:/home/saitama1/ros2_foxy/install/ament_cmake_test:/home/saitama1/ros2_foxy/install/ament_cmake_target_dependencies:/home/saitama1/ros2_foxy/install/ament_cmake_python:/home/saitama1/ros2_foxy/install/ament_cmake_export_dependencies:/home/saitama1/ros2_foxy/install/ament_cmake_libraries:/home/saitama1/ros2_foxy/install/ament_cmake_include_directories:/home/saitama1/ros2_foxy/install/ament_cmake_export_targets:/home/saitama1/ros2_foxy/install/ament_cmake_export_link_flags:/home/saitama1/ros2_foxy/install/ament_cmake_export_interfaces:/home/saitama1/ros2_foxy/install/ament_cmake_export_libraries:/home/saitama1/ros2_foxy/install/ament_cmake_export_include_directories:/home/saitama1/ros2_foxy/install/ament_cmake_export_definitions PATH=/home/saitama1/ros2_foxy/install/mrt_cmake_modules/bin:${PATH} PKG_CONFIG_PATH=/home/saitama1/ros2_foxy/install/mrt_cmake_modules/lib/x86_64-linux-gnu/pkgconfig:/home/saitama1/ros2_foxy/install/mrt_cmake_modules/lib/pkgconfig:/home/saitama1/ros2_foxy/install/gtest_vendor/lib/x86_64-linux-gnu/pkgconfig:/home/saitama1/ros2_foxy/install/gtest_vendor/lib/pkgconfig:/home/saitama1/ros2_foxy/install/urdfdom_headers/lib/pkgconfig:/home/saitama1/ros2_foxy/install/gmock_vendor/lib/x86_64-linux-gnu/pkgconfig:/home/saitama1/ros2_foxy/install/gmock_vendor/lib/pkgconfig PYTHONPATH=/home/saitama1/ros2_foxy/install/ament_package/lib/python3.8/site-packages:/home/saitama1/ros2_foxy/install/osrf_pycommon/lib/python3.8/site-packages:/home/saitama1/ros2_foxy/install/ament_pyflakes/lib/python3.8/site-packages:/home/saitama1/ros2_foxy/install/ament_pycodestyle/lib/python3.8/site-packages:/home/saitama1/ros2_foxy/install/ament_pep257/lib/python3.8/site-packages:/home/saitama1/ros2_foxy/install/ament_cmake_test/lib/python3.8/site-packages:/home/saitama1/ros2_foxy/install/ament_mypy/lib/python3.8/site-packages:/home/saitama1/ros2_foxy/install/ament_flake8/lib/python3.8/site-packages:/home/saitama1/ros2_foxy/install/ament_copyright/lib/python3.8/site-packages:/home/saitama1/ros2_foxy/install/ament_lint/lib/python3.8/site-packages:/home/saitama1/ros2_foxy/install/ament_cppcheck/lib/python3.8/site-packages ROS_PACKAGE_PATH=/home/saitama1/ros2_foxy/install/mrt_cmake_modules/share /usr/bin/cmake --install /home/saitama1/ros2_foxy/build/lanelet2_core
[61.826s] -- Install configuration: ""
[61.827s] -- Installing: /home/saitama1/ros2_foxy/install/lanelet2_core/lib/liblanelet2_core.so.1.1.1
[61.829s] -- Installing: /home/saitama1/ros2_foxy/install/lanelet2_core/lib/liblanelet2_core.so.1
[61.830s] -- Installing: /home/saitama1/ros2_foxy/install/lanelet2_core/lib/liblanelet2_core.so
[61.830s] -- Installing: /home/saitama1/ros2_foxy/install/lanelet2_core/include/lanelet2_core
[61.830s] -- Installing: /home/saitama1/ros2_foxy/install/lanelet2_core/include/lanelet2_core/Exceptions.h
[61.830s] -- Installing: /home/saitama1/ros2_foxy/install/lanelet2_core/include/lanelet2_core/Attribute.h
[61.830s] -- Installing: /home/saitama1/ros2_foxy/install/lanelet2_core/include/lanelet2_core/LaneletMap.h
[61.830s] -- Installing: /home/saitama1/ros2_foxy/install/lanelet2_core/include/lanelet2_core/Forward.h
[61.830s] -- Installing: /home/saitama1/ros2_foxy/install/lanelet2_core/include/lanelet2_core/utility
[61.830s] -- Installing: /home/saitama1/ros2_foxy/install/lanelet2_core/include/lanelet2_core/utility/TransformIterator.h
[61.830s] -- Installing: /home/saitama1/ros2_foxy/install/lanelet2_core/include/lanelet2_core/utility/Optional.h
[61.830s] -- Installing: /home/saitama1/ros2_foxy/install/lanelet2_core/include/lanelet2_core/utility/Utilities.h
[61.830s] -- Installing: /home/saitama1/ros2_foxy/install/lanelet2_core/include/lanelet2_core/utility/CompoundIterator.h
[61.830s] -- Installing: /home/saitama1/ros2_foxy/install/lanelet2_core/include/lanelet2_core/utility/Units.h
[61.831s] -- Installing: /home/saitama1/ros2_foxy/install/lanelet2_core/include/lanelet2_core/utility/ReverseAndForwardIterator.h
[61.831s] -- Installing: /home/saitama1/ros2_foxy/install/lanelet2_core/include/lanelet2_core/utility/HybridMap.h
[61.831s] -- Installing: /home/saitama1/ros2_foxy/install/lanelet2_core/include/lanelet2_core/primitives
[61.831s] -- Installing: /home/saitama1/ros2_foxy/install/lanelet2_core/include/lanelet2_core/primitives/Lanelet.h
[61.831s] -- Installing: /home/saitama1/ros2_foxy/install/lanelet2_core/include/lanelet2_core/primitives/CompoundLineString.h
[61.831s] -- Installing: /home/saitama1/ros2_foxy/install/lanelet2_core/include/lanelet2_core/primitives/RegulatoryElement.h
[61.831s] -- Installing: /home/saitama1/ros2_foxy/install/lanelet2_core/include/lanelet2_core/primitives/BasicRegulatoryElements.h
[61.831s] -- Installing: /home/saitama1/ros2_foxy/install/lanelet2_core/include/lanelet2_core/primitives/Area.h
[61.831s] -- Installing: /home/saitama1/ros2_foxy/install/lanelet2_core/include/lanelet2_core/primitives/LaneletSequence.h
[61.831s] -- Installing: /home/saitama1/ros2_foxy/install/lanelet2_core/include/lanelet2_core/primitives/CompoundPolygon.h
[61.831s] -- Installing: /home/saitama1/ros2_foxy/install/lanelet2_core/include/lanelet2_core/primitives/Primitive.h
[61.831s] -- Installing: /home/saitama1/ros2_foxy/install/lanelet2_core/include/lanelet2_core/primitives/LineString.h
[61.831s] -- Installing: /home/saitama1/ros2_foxy/install/lanelet2_core/include/lanelet2_core/primitives/LineStringOrPolygon.h
[61.831s] -- Installing: /home/saitama1/ros2_foxy/install/lanelet2_core/include/lanelet2_core/primitives/LaneletOrArea.h
[61.831s] -- Installing: /home/saitama1/ros2_foxy/install/lanelet2_core/include/lanelet2_core/primitives/Point.h
[61.832s] -- Installing: /home/saitama1/ros2_foxy/install/lanelet2_core/include/lanelet2_core/primitives/BoundingBox.h
[61.832s] -- Installing: /home/saitama1/ros2_foxy/install/lanelet2_core/include/lanelet2_core/primitives/GPSPoint.h
[61.832s] -- Installing: /home/saitama1/ros2_foxy/install/lanelet2_core/include/lanelet2_core/primitives/Traits.h
[61.832s] -- Installing: /home/saitama1/ros2_foxy/install/lanelet2_core/include/lanelet2_core/primitives/Polygon.h
[61.832s] -- Installing: /home/saitama1/ros2_foxy/install/lanelet2_core/include/lanelet2_core/geometry
[61.832s] -- Installing: /home/saitama1/ros2_foxy/install/lanelet2_core/include/lanelet2_core/geometry/Lanelet.h
[61.833s] -- Installing: /home/saitama1/ros2_foxy/install/lanelet2_core/include/lanelet2_core/geometry/GeometryHelper.h
[61.835s] -- Installing: /home/saitama1/ros2_foxy/install/lanelet2_core/include/lanelet2_core/geometry/impl
[61.835s] -- Installing: /home/saitama1/ros2_foxy/install/lanelet2_core/include/lanelet2_core/geometry/impl/Lanelet.h
[61.835s] -- Installing: /home/saitama1/ros2_foxy/install/lanelet2_core/include/lanelet2_core/geometry/impl/Area.h
[61.835s] -- Installing: /home/saitama1/ros2_foxy/install/lanelet2_core/include/lanelet2_core/geometry/impl/LineString.h
[61.835s] -- Installing: /home/saitama1/ros2_foxy/install/lanelet2_core/include/lanelet2_core/geometry/impl/LaneletMap.h
[61.835s] -- Installing: /home/saitama1/ros2_foxy/install/lanelet2_core/include/lanelet2_core/geometry/impl/Polygon.h
[61.836s] -- Installing: /home/saitama1/ros2_foxy/install/lanelet2_core/include/lanelet2_core/geometry/RegulatoryElement.h
[61.836s] -- Installing: /home/saitama1/ros2_foxy/install/lanelet2_core/include/lanelet2_core/geometry/Area.h
[61.836s] -- Installing: /home/saitama1/ros2_foxy/install/lanelet2_core/include/lanelet2_core/geometry/LineString.h
[61.836s] -- Installing: /home/saitama1/ros2_foxy/install/lanelet2_core/include/lanelet2_core/geometry/LaneletMap.h
[61.836s] -- Installing: /home/saitama1/ros2_foxy/install/lanelet2_core/include/lanelet2_core/geometry/Point.h
[61.836s] -- Installing: /home/saitama1/ros2_foxy/install/lanelet2_core/include/lanelet2_core/geometry/BoundingBox.h
[61.836s] -- Installing: /home/saitama1/ros2_foxy/install/lanelet2_core/include/lanelet2_core/geometry/Polygon.h
[61.836s] -- Installing: /home/saitama1/ros2_foxy/install/lanelet2_core/share/lanelet2_core/res
[61.837s] -- Installing: /home/saitama1/ros2_foxy/install/lanelet2_core/share/lanelet2_core/res/lanelet_gdb.py
[61.837s] -- Installing: /home/saitama1/ros2_foxy/install/lanelet2_core/share/lanelet2_core/res/qtcreator_debugging_helpers.py
[61.837s] -- Installing: /home/saitama1/ros2_foxy/install/lanelet2_core/share/lanelet2_core/cmake/lanelet2_coreTargets.cmake
[61.837s] -- Installing: /home/saitama1/ros2_foxy/install/lanelet2_core/share/lanelet2_core/cmake/lanelet2_coreTargets-noconfig.cmake
[61.837s] -- Installing: /home/saitama1/ros2_foxy/install/lanelet2_core/share/lanelet2_core/cmake/lanelet2_coreConfigVersion.cmake
[61.837s] -- Installing: /home/saitama1/ros2_foxy/install/lanelet2_core/share/lanelet2_core/cmake/lanelet2_coreConfig.cmake
[61.837s] -- Installing: /home/saitama1/ros2_foxy/install/lanelet2_core/share/lanelet2_core/cmake/auto_dep_vars.cmake
[61.837s] -- Installing: /home/saitama1/ros2_foxy/install/lanelet2_core/share/lanelet2_core/cmake/lanelet2_coreAutoDepsConfig.cmake
[61.838s] -- Installing: /home/saitama1/ros2_foxy/install/lanelet2_core/share/lanelet2_core/package.xml
[61.838s] -- Installing: /home/saitama1/ros2_foxy/install/lanelet2_core/share/ament_index/resource_index/package_run_dependencies/lanelet2_core
[61.839s] -- Installing: /home/saitama1/ros2_foxy/install/lanelet2_core/share/ament_index/resource_index/parent_prefix_path/lanelet2_core
[61.839s] -- Installing: /home/saitama1/ros2_foxy/install/lanelet2_core/share/lanelet2_core/environment/ament_prefix_path.sh
[61.839s] -- Installing: /home/saitama1/ros2_foxy/install/lanelet2_core/share/lanelet2_core/environment/ament_prefix_path.dsv
[61.839s] -- Installing: /home/saitama1/ros2_foxy/install/lanelet2_core/share/lanelet2_core/environment/path.sh
[61.839s] -- Installing: /home/saitama1/ros2_foxy/install/lanelet2_core/share/lanelet2_core/environment/path.dsv
[61.840s] -- Installing: /home/saitama1/ros2_foxy/install/lanelet2_core/share/lanelet2_core/local_setup.bash
[61.840s] -- Installing: /home/saitama1/ros2_foxy/install/lanelet2_core/share/lanelet2_core/local_setup.sh
[61.840s] -- Installing: /home/saitama1/ros2_foxy/install/lanelet2_core/share/lanelet2_core/local_setup.zsh
[61.840s] -- Installing: /home/saitama1/ros2_foxy/install/lanelet2_core/share/lanelet2_core/local_setup.dsv
[61.841s] -- Installing: /home/saitama1/ros2_foxy/install/lanelet2_core/share/lanelet2_core/package.dsv
[61.841s] -- Installing: /home/saitama1/ros2_foxy/install/lanelet2_core/share/ament_index/resource_index/packages/lanelet2_core
[61.849s] Invoked command in '/home/saitama1/ros2_foxy/build/lanelet2_core' returned '0': AMENT_PREFIX_PATH=/home/saitama1/ros2_foxy/install/ament_package:/home/saitama1/ros2_foxy/install/test_interface_files:/home/saitama1/ros2_foxy/install/ros_environment:/home/saitama1/ros2_foxy/install/osrf_pycommon:/home/saitama1/ros2_foxy/install/ament_pyflakes:/home/saitama1/ros2_foxy/install/ament_pycodestyle:/home/saitama1/ros2_foxy/install/ament_pep257:/home/saitama1/ros2_foxy/install/ament_cmake_version:/home/saitama1/ros2_foxy/install/ament_cmake_test:/home/saitama1/ros2_foxy/install/ament_cmake_target_dependencies:/home/saitama1/ros2_foxy/install/ament_cmake_python:/home/saitama1/ros2_foxy/install/ament_cmake_export_dependencies:/home/saitama1/ros2_foxy/install/ament_cmake_libraries:/home/saitama1/ros2_foxy/install/ament_cmake_include_directories:/home/saitama1/ros2_foxy/install/ament_cmake_export_targets:/home/saitama1/ros2_foxy/install/ament_cmake_export_link_flags:/home/saitama1/ros2_foxy/install/ament_cmake_export_interfaces:/home/saitama1/ros2_foxy/install/ament_cmake_export_libraries:/home/saitama1/ros2_foxy/install/ament_cmake_export_include_directories:/home/saitama1/ros2_foxy/install/ament_cmake_export_definitions:/home/saitama1/ros2_foxy/install/ament_cmake_core:/home/saitama1/ros2_foxy/install/ament_mypy:/home/saitama1/ros2_foxy/install/ament_flake8:/home/saitama1/ros2_foxy/install/ament_copyright:/home/saitama1/ros2_foxy/install/ament_lint:/home/saitama1/ros2_foxy/install/ament_cppcheck CMAKE_PREFIX_PATH=/home/saitama1/ros2_foxy/install/osrf_pycommon:/home/saitama1/ros2_foxy/install/ament_pyflakes:/home/saitama1/ros2_foxy/install/ament_pycodestyle:/home/saitama1/ros2_foxy/install/ament_pep257:/home/saitama1/ros2_foxy/install/ament_package:/home/saitama1/ros2_foxy/install/ament_mypy:/home/saitama1/ros2_foxy/install/ament_flake8:/home/saitama1/ros2_foxy/install/ament_copyright:/home/saitama1/ros2_foxy/install/ament_lint:/home/saitama1/ros2_foxy/install/ament_cppcheck:/home/saitama1/ros2_foxy/install/mrt_cmake_modules:/home/saitama1/ros2_foxy/install/ros_environment:/home/saitama1/ros2_foxy/install/ament_cmake_core:/home/saitama1/ros2_foxy/install/gtest_vendor:/home/saitama1/ros2_foxy/install/urdfdom_headers:/home/saitama1/ros2_foxy/install/test_interface_files:/home/saitama1/ros2_foxy/install/gmock_vendor:/home/saitama1/ros2_foxy/install/ament_cmake_gtest:/home/saitama1/ros2_foxy/install/fastcdr:/home/saitama1/ros2_foxy/install/ament_lint_auto:/home/saitama1/ros2_foxy/install/ament_cmake_version:/home/saitama1/ros2_foxy/install/ament_cmake_pytest:/home/saitama1/ros2_foxy/install/ament_cmake_nose:/home/saitama1/ros2_foxy/install/ament_cmake_test:/home/saitama1/ros2_foxy/install/ament_cmake_target_dependencies:/home/saitama1/ros2_foxy/install/ament_cmake_python:/home/saitama1/ros2_foxy/install/ament_cmake_export_dependencies:/home/saitama1/ros2_foxy/install/ament_cmake_libraries:/home/saitama1/ros2_foxy/install/ament_cmake_include_directories:/home/saitama1/ros2_foxy/install/ament_cmake_export_targets:/home/saitama1/ros2_foxy/install/ament_cmake_export_link_flags:/home/saitama1/ros2_foxy/install/ament_cmake_export_interfaces:/home/saitama1/ros2_foxy/install/ament_cmake_export_libraries:/home/saitama1/ros2_foxy/install/ament_cmake_export_include_directories:/home/saitama1/ros2_foxy/install/ament_cmake_export_definitions PATH=/home/saitama1/ros2_foxy/install/mrt_cmake_modules/bin:${PATH} PKG_CONFIG_PATH=/home/saitama1/ros2_foxy/install/mrt_cmake_modules/lib/x86_64-linux-gnu/pkgconfig:/home/saitama1/ros2_foxy/install/mrt_cmake_modules/lib/pkgconfig:/home/saitama1/ros2_foxy/install/gtest_vendor/lib/x86_64-linux-gnu/pkgconfig:/home/saitama1/ros2_foxy/install/gtest_vendor/lib/pkgconfig:/home/saitama1/ros2_foxy/install/urdfdom_headers/lib/pkgconfig:/home/saitama1/ros2_foxy/install/gmock_vendor/lib/x86_64-linux-gnu/pkgconfig:/home/saitama1/ros2_foxy/install/gmock_vendor/lib/pkgconfig PYTHONPATH=/home/saitama1/ros2_foxy/install/ament_package/lib/python3.8/site-packages:/home/saitama1/ros2_foxy/install/osrf_pycommon/lib/python3.8/site-packages:/home/saitama1/ros2_foxy/install/ament_pyflakes/lib/python3.8/site-packages:/home/saitama1/ros2_foxy/install/ament_pycodestyle/lib/python3.8/site-packages:/home/saitama1/ros2_foxy/install/ament_pep257/lib/python3.8/site-packages:/home/saitama1/ros2_foxy/install/ament_cmake_test/lib/python3.8/site-packages:/home/saitama1/ros2_foxy/install/ament_mypy/lib/python3.8/site-packages:/home/saitama1/ros2_foxy/install/ament_flake8/lib/python3.8/site-packages:/home/saitama1/ros2_foxy/install/ament_copyright/lib/python3.8/site-packages:/home/saitama1/ros2_foxy/install/ament_lint/lib/python3.8/site-packages:/home/saitama1/ros2_foxy/install/ament_cppcheck/lib/python3.8/site-packages ROS_PACKAGE_PATH=/home/saitama1/ros2_foxy/install/mrt_cmake_modules/share /usr/bin/cmake --install /home/saitama1/ros2_foxy/build/lanelet2_core
