[0.071s] Invoking command in '/home/saitama1/ros2_foxy/build/ament_cmake_python': AMENT_PREFIX_PATH=/home/saitama1/ros2_foxy/install/ament_cmake_core:/home/saitama1/ros2_foxy/install/ament_package CMAKE_PREFIX_PATH=/home/saitama1/ros2_foxy/install/ament_cmake_core PYTHONPATH=/home/saitama1/ros2_foxy/build/ament_package:/home/saitama1/ros2_foxy/install/ament_package/lib/python3.8/site-packages /usr/bin/cmake --build /home/saitama1/ros2_foxy/build/ament_cmake_python -- -j12 -l12
[0.147s] Invoked command in '/home/saitama1/ros2_foxy/build/ament_cmake_python' returned '0': AMENT_PREFIX_PATH=/home/saitama1/ros2_foxy/install/ament_cmake_core:/home/saitama1/ros2_foxy/install/ament_package CMAKE_PREFIX_PATH=/home/saitama1/ros2_foxy/install/ament_cmake_core PYTHONPATH=/home/saitama1/ros2_foxy/build/ament_package:/home/saitama1/ros2_foxy/install/ament_package/lib/python3.8/site-packages /usr/bin/cmake --build /home/saitama1/ros2_foxy/build/ament_cmake_python -- -j12 -l12
[0.203s] Invoking command in '/home/saitama1/ros2_foxy/build/ament_cmake_python': AMENT_PREFIX_PATH=/home/saitama1/ros2_foxy/install/ament_cmake_core:/home/saitama1/ros2_foxy/install/ament_package CMAKE_PREFIX_PATH=/home/saitama1/ros2_foxy/install/ament_cmake_core PYTHONPATH=/home/saitama1/ros2_foxy/build/ament_package:/home/saitama1/ros2_foxy/install/ament_package/lib/python3.8/site-packages /usr/bin/cmake --install /home/saitama1/ros2_foxy/build/ament_cmake_python
[0.212s] -- Install configuration: ""
[0.212s] -- Execute custom install script
[0.212s] -- Up-to-date symlink: /home/saitama1/ros2_foxy/install/ament_cmake_python/share/ament_index/resource_index/package_run_dependencies/ament_cmake_python
[0.213s] -- Up-to-date symlink: /home/saitama1/ros2_foxy/install/ament_cmake_python/share/ament_index/resource_index/parent_prefix_path/ament_cmake_python
[0.213s] -- Up-to-date symlink: /home/saitama1/ros2_foxy/install/ament_cmake_python/share/ament_cmake_python/environment/ament_prefix_path.sh
[0.214s] -- Up-to-date symlink: /home/saitama1/ros2_foxy/install/ament_cmake_python/share/ament_cmake_python/environment/ament_prefix_path.dsv
[0.219s] -- Up-to-date symlink: /home/saitama1/ros2_foxy/install/ament_cmake_python/share/ament_cmake_python/environment/path.sh
[0.219s] -- Up-to-date symlink: /home/saitama1/ros2_foxy/install/ament_cmake_python/share/ament_cmake_python/environment/path.dsv
[0.219s] -- Up-to-date symlink: /home/saitama1/ros2_foxy/install/ament_cmake_python/share/ament_cmake_python/local_setup.bash
[0.219s] -- Up-to-date symlink: /home/saitama1/ros2_foxy/install/ament_cmake_python/share/ament_cmake_python/local_setup.sh
[0.219s] -- Up-to-date symlink: /home/saitama1/ros2_foxy/install/ament_cmake_python/share/ament_cmake_python/local_setup.zsh
[0.219s] -- Up-to-date symlink: /home/saitama1/ros2_foxy/install/ament_cmake_python/share/ament_cmake_python/local_setup.dsv
[0.223s] -- Symlinking: /home/saitama1/ros2_foxy/install/ament_cmake_python/share/ament_cmake_python/package.dsv
[0.236s] -- Up-to-date symlink: /home/saitama1/ros2_foxy/install/ament_cmake_python/share/ament_index/resource_index/packages/ament_cmake_python
[0.236s] -- Up-to-date symlink: /home/saitama1/ros2_foxy/install/ament_cmake_python/share/ament_cmake_python/cmake/ament_cmake_python-extras.cmake
[0.236s] -- Up-to-date symlink: /home/saitama1/ros2_foxy/install/ament_cmake_python/share/ament_cmake_python/cmake/ament_cmake_pythonConfig.cmake
[0.236s] -- Up-to-date symlink: /home/saitama1/ros2_foxy/install/ament_cmake_python/share/ament_cmake_python/cmake/ament_cmake_pythonConfig-version.cmake
[0.236s] -- Up-to-date symlink: /home/saitama1/ros2_foxy/install/ament_cmake_python/share/ament_cmake_python/package.xml
[0.236s] -- Up-to-date symlink: /home/saitama1/ros2_foxy/install/ament_cmake_python/share/ament_cmake_python/cmake/ament_python_install_module.cmake
[0.236s] -- Up-to-date symlink: /home/saitama1/ros2_foxy/install/ament_cmake_python/share/ament_cmake_python/cmake/ament_python_install_package.cmake
[0.283s] Invoked command in '/home/saitama1/ros2_foxy/build/ament_cmake_python' returned '0': AMENT_PREFIX_PATH=/home/saitama1/ros2_foxy/install/ament_cmake_core:/home/saitama1/ros2_foxy/install/ament_package CMAKE_PREFIX_PATH=/home/saitama1/ros2_foxy/install/ament_cmake_core PYTHONPATH=/home/saitama1/ros2_foxy/build/ament_package:/home/saitama1/ros2_foxy/install/ament_package/lib/python3.8/site-packages /usr/bin/cmake --install /home/saitama1/ros2_foxy/build/ament_cmake_python
