-- The C compiler identification is GNU 9.3.0
-- The CXX compiler identification is GNU 9.3.0
-- Check for working C compiler: /usr/bin/cc
-- Check for working C compiler: /usr/bin/cc -- works
-- Detecting C compiler ABI info
-- Detecting C compiler ABI info - done
-- Detecting C compile features
-- Detecting C compile features - done
-- Check for working CXX compiler: /usr/bin/c++
-- Check for working CXX compiler: /usr/bin/c++ -- works
-- Detecting CXX compiler ABI info
-- Detecting CXX compiler ABI info - done
-- Detecting CXX compile features
-- Detecting CXX compile features - done
-- Found ament_cmake: 0.9.8 (/home/saitama1/Pictures/ros2-picas/ros2_foxy/install/ament_cmake/share/ament_cmake/cmake)
-- Found PythonInterp: /usr/bin/python3 (found suitable version "3.8.10", minimum required is "3") 
-- Using PYTHON_EXECUTABLE: /usr/bin/python3
-- Found rosidl_default_generators: 1.0.1 (/home/saitama1/Pictures/ros2-picas/ros2_foxy/install/rosidl_default_generators/share/rosidl_default_generators/cmake)
-- Using all available rosidl_typesupport_c: rosidl_typesupport_fastrtps_c;rosidl_typesupport_introspection_c
-- Found rosidl_adapter: 1.2.1 (/home/saitama1/Pictures/ros2-picas/ros2_foxy/install/rosidl_adapter/share/rosidl_adapter/cmake)
-- Found OpenSSL: /usr/lib/x86_64-linux-gnu/libcrypto.so (found version "1.1.1f")  
-- Found FastRTPS: /home/saitama1/Pictures/ros2-picas/ros2_foxy/install/fastrtps/include  
-- Using all available rosidl_typesupport_cpp: rosidl_typesupport_introspection_cpp;rosidl_typesupport_fastrtps_cpp
-- Found builtin_interfaces: 1.0.0 (/home/saitama1/Pictures/ros2-picas/ros2_foxy/install/builtin_interfaces/share/builtin_interfaces/cmake)
-- Found action_msgs: 1.0.0 (/home/saitama1/Pictures/ros2-picas/ros2_foxy/install/action_msgs/share/action_msgs/cmake)
-- Found std_msgs: 2.0.4 (/home/saitama1/Pictures/ros2-picas/ros2_foxy/install/std_msgs/share/std_msgs/cmake)
-- Found geometry_msgs: 2.0.4 (/home/saitama1/Pictures/ros2-picas/ros2_foxy/install/geometry_msgs/share/geometry_msgs/cmake)
-- Found PythonInterp: /usr/bin/python3 (found version "3.8.10") 
-- Found ament_cmake_cppcheck: 0.9.6 (/home/saitama1/Pictures/ros2-picas/ros2_foxy/install/ament_cmake_cppcheck/share/ament_cmake_cppcheck/cmake)
-- Found ament_cmake_cpplint: 0.9.6 (/home/saitama1/Pictures/ros2-picas/ros2_foxy/install/ament_cmake_cpplint/share/ament_cmake_cpplint/cmake)
-- Found ament_cmake_uncrustify: 0.9.6 (/home/saitama1/Pictures/ros2-picas/ros2_foxy/install/ament_cmake_uncrustify/share/ament_cmake_uncrustify/cmake)
-- Found ament_cmake_ros: 0.9.2 (/home/saitama1/Pictures/ros2-picas/ros2_foxy/install/ament_cmake_ros/share/ament_cmake_ros/cmake)
-- Using all available rosidl_typesupport_c: rosidl_typesupport_fastrtps_c;rosidl_typesupport_introspection_c
-- Using all available rosidl_typesupport_cpp: rosidl_typesupport_introspection_cpp;rosidl_typesupport_fastrtps_cpp
-- Found PythonInterp: /usr/bin/python3 (found suitable version "3.8.10", minimum required is "3.5") 
-- Found python_cmake_module: 0.8.1 (/home/saitama1/Pictures/ros2-picas/ros2_foxy/install/python_cmake_module/share/python_cmake_module/cmake)
-- Found PythonLibs: /usr/lib/x86_64-linux-gnu/libpython3.8.so (found suitable version "3.8.10", minimum required is "3.5") 
-- Using PYTHON_EXECUTABLE: /usr/bin/python3
-- Using PYTHON_INCLUDE_DIRS: /usr/include/python3.8
-- Using PYTHON_LIBRARIES: /usr/lib/x86_64-linux-gnu/libpython3.8.so
-- Found PythonExtra: .so  
-- Found ament_cmake_flake8: 0.9.6 (/home/saitama1/Pictures/ros2-picas/ros2_foxy/install/ament_cmake_flake8/share/ament_cmake_flake8/cmake)
-- Found ament_cmake_pep257: 0.9.6 (/home/saitama1/Pictures/ros2-picas/ros2_foxy/install/ament_cmake_pep257/share/ament_cmake_pep257/cmake)
-- Configuring done
-- Generating done
-- Build files have been written to: /home/saitama1/Pictures/ros2-picas/ros2_foxy/build/tf2_msgs
[35m[1mScanning dependencies of target tf2_msgs__cpp[0m
[  1%] [34m[1mGenerating C++ code for ROS interfaces[0m
[  1%] Built target tf2_msgs__cpp
[  3%] [34m[1mGenerating C code for ROS interfaces[0m
[35m[1mScanning dependencies of target tf2_msgs__rosidl_generator_c[0m
[  5%] [32mBuilding C object CMakeFiles/tf2_msgs__rosidl_generator_c.dir/rosidl_generator_c/tf2_msgs/msg/detail/tf2_error__functions.c.o[0m
[  7%] [32mBuilding C object CMakeFiles/tf2_msgs__rosidl_generator_c.dir/rosidl_generator_c/tf2_msgs/action/detail/lookup_transform__functions.c.o[0m
[  9%] [32mBuilding C object CMakeFiles/tf2_msgs__rosidl_generator_c.dir/rosidl_generator_c/tf2_msgs/srv/detail/frame_graph__functions.c.o[0m
[ 10%] [32mBuilding C object CMakeFiles/tf2_msgs__rosidl_generator_c.dir/rosidl_generator_c/tf2_msgs/msg/detail/tf_message__functions.c.o[0m
[ 12%] [32m[1mLinking C shared library libtf2_msgs__rosidl_generator_c.so[0m
[ 12%] Built target tf2_msgs__rosidl_generator_c
[ 14%] [34m[1mGenerating C++ type support dispatch for ROS interfaces[0m
[35m[1mScanning dependencies of target tf2_msgs__rosidl_typesupport_cpp[0m
[ 16%] [32mBuilding CXX object CMakeFiles/tf2_msgs__rosidl_typesupport_cpp.dir/rosidl_typesupport_cpp/tf2_msgs/msg/tf2_error__type_support.cpp.o[0m
[ 18%] [32mBuilding CXX object CMakeFiles/tf2_msgs__rosidl_typesupport_cpp.dir/rosidl_typesupport_cpp/tf2_msgs/action/lookup_transform__type_support.cpp.o[0m
[ 20%] [32mBuilding CXX object CMakeFiles/tf2_msgs__rosidl_typesupport_cpp.dir/rosidl_typesupport_cpp/tf2_msgs/srv/frame_graph__type_support.cpp.o[0m
[ 21%] [32mBuilding CXX object CMakeFiles/tf2_msgs__rosidl_typesupport_cpp.dir/rosidl_typesupport_cpp/tf2_msgs/msg/tf_message__type_support.cpp.o[0m
[ 23%] [32m[1mLinking CXX shared library libtf2_msgs__rosidl_typesupport_cpp.so[0m
[ 23%] Built target tf2_msgs__rosidl_typesupport_cpp
[ 25%] [34m[1mGenerating C type support dispatch for ROS interfaces[0m
[35m[1mScanning dependencies of target tf2_msgs__rosidl_typesupport_c[0m
[ 27%] [32mBuilding CXX object CMakeFiles/tf2_msgs__rosidl_typesupport_c.dir/rosidl_typesupport_c/tf2_msgs/msg/tf2_error__type_support.cpp.o[0m
[ 29%] [32mBuilding CXX object CMakeFiles/tf2_msgs__rosidl_typesupport_c.dir/rosidl_typesupport_c/tf2_msgs/action/lookup_transform__type_support.cpp.o[0m
[ 30%] [32mBuilding CXX object CMakeFiles/tf2_msgs__rosidl_typesupport_c.dir/rosidl_typesupport_c/tf2_msgs/srv/frame_graph__type_support.cpp.o[0m
[ 32%] [32mBuilding CXX object CMakeFiles/tf2_msgs__rosidl_typesupport_c.dir/rosidl_typesupport_c/tf2_msgs/msg/tf_message__type_support.cpp.o[0m
[ 34%] [32m[1mLinking CXX shared library libtf2_msgs__rosidl_typesupport_c.so[0m
[ 34%] Built target tf2_msgs__rosidl_typesupport_c
[ 36%] [34m[1mGenerating C introspection for ROS interfaces[0m
[35m[1mScanning dependencies of target tf2_msgs__rosidl_typesupport_introspection_c[0m
[ 38%] [32mBuilding C object CMakeFiles/tf2_msgs__rosidl_typesupport_introspection_c.dir/rosidl_typesupport_introspection_c/tf2_msgs/msg/detail/tf2_error__type_support.c.o[0m
[ 40%] [32mBuilding C object CMakeFiles/tf2_msgs__rosidl_typesupport_introspection_c.dir/rosidl_typesupport_introspection_c/tf2_msgs/action/detail/lookup_transform__type_support.c.o[0m
[ 41%] [32mBuilding C object CMakeFiles/tf2_msgs__rosidl_typesupport_introspection_c.dir/rosidl_typesupport_introspection_c/tf2_msgs/srv/detail/frame_graph__type_support.c.o[0m
[ 43%] [32mBuilding C object CMakeFiles/tf2_msgs__rosidl_typesupport_introspection_c.dir/rosidl_typesupport_introspection_c/tf2_msgs/msg/detail/tf_message__type_support.c.o[0m
[ 45%] [32m[1mLinking C shared library libtf2_msgs__rosidl_typesupport_introspection_c.so[0m
[ 45%] Built target tf2_msgs__rosidl_typesupport_introspection_c
[ 47%] [34m[1mGenerating C++ introspection for ROS interfaces[0m
[35m[1mScanning dependencies of target tf2_msgs__rosidl_typesupport_introspection_cpp[0m
[ 49%] [32mBuilding CXX object CMakeFiles/tf2_msgs__rosidl_typesupport_introspection_cpp.dir/rosidl_typesupport_introspection_cpp/tf2_msgs/msg/detail/tf2_error__type_support.cpp.o[0m
[ 50%] [32mBuilding CXX object CMakeFiles/tf2_msgs__rosidl_typesupport_introspection_cpp.dir/rosidl_typesupport_introspection_cpp/tf2_msgs/action/detail/lookup_transform__type_support.cpp.o[0m
[ 52%] [32mBuilding CXX object CMakeFiles/tf2_msgs__rosidl_typesupport_introspection_cpp.dir/rosidl_typesupport_introspection_cpp/tf2_msgs/srv/detail/frame_graph__type_support.cpp.o[0m
[ 54%] [32mBuilding CXX object CMakeFiles/tf2_msgs__rosidl_typesupport_introspection_cpp.dir/rosidl_typesupport_introspection_cpp/tf2_msgs/msg/detail/tf_message__type_support.cpp.o[0m
[ 56%] [32m[1mLinking CXX shared library libtf2_msgs__rosidl_typesupport_introspection_cpp.so[0m
[ 56%] Built target tf2_msgs__rosidl_typesupport_introspection_cpp
[ 58%] [34m[1mGenerating C++ type support for eProsima Fast-RTPS[0m
[35m[1mScanning dependencies of target tf2_msgs__rosidl_typesupport_fastrtps_cpp[0m
[ 60%] [32mBuilding CXX object CMakeFiles/tf2_msgs__rosidl_typesupport_fastrtps_cpp.dir/rosidl_typesupport_fastrtps_cpp/tf2_msgs/msg/detail/dds_fastrtps/tf2_error__type_support.cpp.o[0m
[ 61%] [32mBuilding CXX object CMakeFiles/tf2_msgs__rosidl_typesupport_fastrtps_cpp.dir/rosidl_typesupport_fastrtps_cpp/tf2_msgs/action/detail/dds_fastrtps/lookup_transform__type_support.cpp.o[0m
[ 63%] [32mBuilding CXX object CMakeFiles/tf2_msgs__rosidl_typesupport_fastrtps_cpp.dir/rosidl_typesupport_fastrtps_cpp/tf2_msgs/srv/detail/dds_fastrtps/frame_graph__type_support.cpp.o[0m
[ 65%] [32mBuilding CXX object CMakeFiles/tf2_msgs__rosidl_typesupport_fastrtps_cpp.dir/rosidl_typesupport_fastrtps_cpp/tf2_msgs/msg/detail/dds_fastrtps/tf_message__type_support.cpp.o[0m
[ 67%] [32m[1mLinking CXX shared library libtf2_msgs__rosidl_typesupport_fastrtps_cpp.so[0m
[ 67%] Built target tf2_msgs__rosidl_typesupport_fastrtps_cpp
[ 69%] [34m[1mGenerating C type support for eProsima Fast-RTPS[0m
[35m[1mScanning dependencies of target tf2_msgs__rosidl_typesupport_fastrtps_c[0m
[ 70%] [32mBuilding CXX object CMakeFiles/tf2_msgs__rosidl_typesupport_fastrtps_c.dir/rosidl_typesupport_fastrtps_c/tf2_msgs/msg/detail/tf2_error__type_support_c.cpp.o[0m
[ 72%] [32mBuilding CXX object CMakeFiles/tf2_msgs__rosidl_typesupport_fastrtps_c.dir/rosidl_typesupport_fastrtps_c/tf2_msgs/action/detail/lookup_transform__type_support_c.cpp.o[0m
[ 74%] [32mBuilding CXX object CMakeFiles/tf2_msgs__rosidl_typesupport_fastrtps_c.dir/rosidl_typesupport_fastrtps_c/tf2_msgs/srv/detail/frame_graph__type_support_c.cpp.o[0m
[ 76%] [32mBuilding CXX object CMakeFiles/tf2_msgs__rosidl_typesupport_fastrtps_c.dir/rosidl_typesupport_fastrtps_c/tf2_msgs/msg/detail/tf_message__type_support_c.cpp.o[0m
[ 78%] [32m[1mLinking CXX shared library libtf2_msgs__rosidl_typesupport_fastrtps_c.so[0m
[ 78%] Built target tf2_msgs__rosidl_typesupport_fastrtps_c
[35m[1mScanning dependencies of target tf2_msgs[0m
[ 78%] Built target tf2_msgs
[35m[1mScanning dependencies of target tf2_msgs__py[0m
[ 80%] [34m[1mGenerating Python code for ROS interfaces[0m
[ 80%] Built target tf2_msgs__py
[35m[1mScanning dependencies of target tf2_msgs__python[0m
[ 81%] [32mBuilding C object CMakeFiles/tf2_msgs__python.dir/rosidl_generator_py/tf2_msgs/msg/_tf2_error_s.c.o[0m
[ 83%] [32mBuilding C object CMakeFiles/tf2_msgs__python.dir/rosidl_generator_py/tf2_msgs/action/_lookup_transform_s.c.o[0m
[ 85%] [32mBuilding C object CMakeFiles/tf2_msgs__python.dir/rosidl_generator_py/tf2_msgs/srv/_frame_graph_s.c.o[0m
[ 87%] [32mBuilding C object CMakeFiles/tf2_msgs__python.dir/rosidl_generator_py/tf2_msgs/msg/_tf_message_s.c.o[0m
[ 89%] [32m[1mLinking C shared library rosidl_generator_py/tf2_msgs/libtf2_msgs__python.so[0m
[ 89%] Built target tf2_msgs__python
[35m[1mScanning dependencies of target tf2_msgs__rosidl_typesupport_introspection_c__pyext[0m
[ 90%] [32mBuilding C object CMakeFiles/tf2_msgs__rosidl_typesupport_introspection_c__pyext.dir/rosidl_generator_py/tf2_msgs/_tf2_msgs_s.ep.rosidl_typesupport_introspection_c.c.o[0m
[ 92%] [32m[1mLinking C shared library rosidl_generator_py/tf2_msgs/tf2_msgs_s__rosidl_typesupport_introspection_c.cpython-38-x86_64-linux-gnu.so[0m
[ 92%] Built target tf2_msgs__rosidl_typesupport_introspection_c__pyext
[35m[1mScanning dependencies of target tf2_msgs__rosidl_typesupport_c__pyext[0m
[ 94%] [32mBuilding C object CMakeFiles/tf2_msgs__rosidl_typesupport_c__pyext.dir/rosidl_generator_py/tf2_msgs/_tf2_msgs_s.ep.rosidl_typesupport_c.c.o[0m
[ 96%] [32m[1mLinking C shared library rosidl_generator_py/tf2_msgs/tf2_msgs_s__rosidl_typesupport_c.cpython-38-x86_64-linux-gnu.so[0m
[ 96%] Built target tf2_msgs__rosidl_typesupport_c__pyext
[35m[1mScanning dependencies of target tf2_msgs__rosidl_typesupport_fastrtps_c__pyext[0m
[ 98%] [32mBuilding C object CMakeFiles/tf2_msgs__rosidl_typesupport_fastrtps_c__pyext.dir/rosidl_generator_py/tf2_msgs/_tf2_msgs_s.ep.rosidl_typesupport_fastrtps_c.c.o[0m
[100%] [32m[1mLinking CXX shared library rosidl_generator_py/tf2_msgs/tf2_msgs_s__rosidl_typesupport_fastrtps_c.cpython-38-x86_64-linux-gnu.so[0m
[100%] Built target tf2_msgs__rosidl_typesupport_fastrtps_c__pyext
-- Install configuration: ""
-- Installing: /home/saitama1/Pictures/ros2-picas/ros2_foxy/install/tf2_msgs/share/ament_index/resource_index/rosidl_interfaces/tf2_msgs
-- Up-to-date: /home/saitama1/Pictures/ros2-picas/ros2_foxy/install/tf2_msgs/include/tf2_msgs
-- Up-to-date: /home/saitama1/Pictures/ros2-picas/ros2_foxy/install/tf2_msgs/include/tf2_msgs/srv
-- Installing: /home/saitama1/Pictures/ros2-picas/ros2_foxy/install/tf2_msgs/include/tf2_msgs/srv/frame_graph.h
-- Up-to-date: /home/saitama1/Pictures/ros2-picas/ros2_foxy/install/tf2_msgs/include/tf2_msgs/srv/detail
-- Installing: /home/saitama1/Pictures/ros2-picas/ros2_foxy/install/tf2_msgs/include/tf2_msgs/srv/detail/frame_graph__functions.c
-- Installing: /home/saitama1/Pictures/ros2-picas/ros2_foxy/install/tf2_msgs/include/tf2_msgs/srv/detail/frame_graph__struct.h
-- Installing: /home/saitama1/Pictures/ros2-picas/ros2_foxy/install/tf2_msgs/include/tf2_msgs/srv/detail/frame_graph__type_support.h
-- Installing: /home/saitama1/Pictures/ros2-picas/ros2_foxy/install/tf2_msgs/include/tf2_msgs/srv/detail/frame_graph__functions.h
-- Up-to-date: /home/saitama1/Pictures/ros2-picas/ros2_foxy/install/tf2_msgs/include/tf2_msgs/action
-- Installing: /home/saitama1/Pictures/ros2-picas/ros2_foxy/install/tf2_msgs/include/tf2_msgs/action/lookup_transform.h
-- Up-to-date: /home/saitama1/Pictures/ros2-picas/ros2_foxy/install/tf2_msgs/include/tf2_msgs/action/detail
-- Installing: /home/saitama1/Pictures/ros2-picas/ros2_foxy/install/tf2_msgs/include/tf2_msgs/action/detail/lookup_transform__type_support.h
-- Installing: /home/saitama1/Pictures/ros2-picas/ros2_foxy/install/tf2_msgs/include/tf2_msgs/action/detail/lookup_transform__functions.c
-- Installing: /home/saitama1/Pictures/ros2-picas/ros2_foxy/install/tf2_msgs/include/tf2_msgs/action/detail/lookup_transform__functions.h
-- Installing: /home/saitama1/Pictures/ros2-picas/ros2_foxy/install/tf2_msgs/include/tf2_msgs/action/detail/lookup_transform__struct.h
-- Up-to-date: /home/saitama1/Pictures/ros2-picas/ros2_foxy/install/tf2_msgs/include/tf2_msgs/msg
-- Installing: /home/saitama1/Pictures/ros2-picas/ros2_foxy/install/tf2_msgs/include/tf2_msgs/msg/rosidl_generator_c__visibility_control.h
-- Installing: /home/saitama1/Pictures/ros2-picas/ros2_foxy/install/tf2_msgs/include/tf2_msgs/msg/tf2_error.h
-- Installing: /home/saitama1/Pictures/ros2-picas/ros2_foxy/install/tf2_msgs/include/tf2_msgs/msg/tf_message.h
-- Up-to-date: /home/saitama1/Pictures/ros2-picas/ros2_foxy/install/tf2_msgs/include/tf2_msgs/msg/detail
-- Installing: /home/saitama1/Pictures/ros2-picas/ros2_foxy/install/tf2_msgs/include/tf2_msgs/msg/detail/tf_message__functions.c
-- Installing: /home/saitama1/Pictures/ros2-picas/ros2_foxy/install/tf2_msgs/include/tf2_msgs/msg/detail/tf_message__type_support.h
-- Installing: /home/saitama1/Pictures/ros2-picas/ros2_foxy/install/tf2_msgs/include/tf2_msgs/msg/detail/tf2_error__type_support.h
-- Installing: /home/saitama1/Pictures/ros2-picas/ros2_foxy/install/tf2_msgs/include/tf2_msgs/msg/detail/tf_message__functions.h
-- Installing: /home/saitama1/Pictures/ros2-picas/ros2_foxy/install/tf2_msgs/include/tf2_msgs/msg/detail/tf_message__struct.h
-- Installing: /home/saitama1/Pictures/ros2-picas/ros2_foxy/install/tf2_msgs/include/tf2_msgs/msg/detail/tf2_error__struct.h
-- Installing: /home/saitama1/Pictures/ros2-picas/ros2_foxy/install/tf2_msgs/include/tf2_msgs/msg/detail/tf2_error__functions.c
-- Installing: /home/saitama1/Pictures/ros2-picas/ros2_foxy/install/tf2_msgs/include/tf2_msgs/msg/detail/tf2_error__functions.h
-- Installing: /home/saitama1/Pictures/ros2-picas/ros2_foxy/install/tf2_msgs/share/tf2_msgs/environment/library_path.sh
-- Installing: /home/saitama1/Pictures/ros2-picas/ros2_foxy/install/tf2_msgs/share/tf2_msgs/environment/library_path.dsv
-- Installing: /home/saitama1/Pictures/ros2-picas/ros2_foxy/install/tf2_msgs/lib/libtf2_msgs__rosidl_generator_c.so
-- Set runtime path of "/home/saitama1/Pictures/ros2-picas/ros2_foxy/install/tf2_msgs/lib/libtf2_msgs__rosidl_generator_c.so" to ""
-- Up-to-date: /home/saitama1/Pictures/ros2-picas/ros2_foxy/install/tf2_msgs/include/tf2_msgs
-- Up-to-date: /home/saitama1/Pictures/ros2-picas/ros2_foxy/install/tf2_msgs/include/tf2_msgs/srv
-- Up-to-date: /home/saitama1/Pictures/ros2-picas/ros2_foxy/install/tf2_msgs/include/tf2_msgs/srv/detail
-- Installing: /home/saitama1/Pictures/ros2-picas/ros2_foxy/install/tf2_msgs/include/tf2_msgs/srv/detail/frame_graph__rosidl_typesupport_fastrtps_c.h
-- Up-to-date: /home/saitama1/Pictures/ros2-picas/ros2_foxy/install/tf2_msgs/include/tf2_msgs/action
-- Up-to-date: /home/saitama1/Pictures/ros2-picas/ros2_foxy/install/tf2_msgs/include/tf2_msgs/action/detail
-- Installing: /home/saitama1/Pictures/ros2-picas/ros2_foxy/install/tf2_msgs/include/tf2_msgs/action/detail/lookup_transform__rosidl_typesupport_fastrtps_c.h
-- Up-to-date: /home/saitama1/Pictures/ros2-picas/ros2_foxy/install/tf2_msgs/include/tf2_msgs/msg
-- Installing: /home/saitama1/Pictures/ros2-picas/ros2_foxy/install/tf2_msgs/include/tf2_msgs/msg/rosidl_typesupport_fastrtps_c__visibility_control.h
-- Up-to-date: /home/saitama1/Pictures/ros2-picas/ros2_foxy/install/tf2_msgs/include/tf2_msgs/msg/detail
-- Installing: /home/saitama1/Pictures/ros2-picas/ros2_foxy/install/tf2_msgs/include/tf2_msgs/msg/detail/tf_message__rosidl_typesupport_fastrtps_c.h
-- Installing: /home/saitama1/Pictures/ros2-picas/ros2_foxy/install/tf2_msgs/include/tf2_msgs/msg/detail/tf2_error__rosidl_typesupport_fastrtps_c.h
-- Installing: /home/saitama1/Pictures/ros2-picas/ros2_foxy/install/tf2_msgs/lib/libtf2_msgs__rosidl_typesupport_fastrtps_c.so
-- Set runtime path of "/home/saitama1/Pictures/ros2-picas/ros2_foxy/install/tf2_msgs/lib/libtf2_msgs__rosidl_typesupport_fastrtps_c.so" to ""
-- Up-to-date: /home/saitama1/Pictures/ros2-picas/ros2_foxy/install/tf2_msgs/include/tf2_msgs
-- Up-to-date: /home/saitama1/Pictures/ros2-picas/ros2_foxy/install/tf2_msgs/include/tf2_msgs/srv
-- Up-to-date: /home/saitama1/Pictures/ros2-picas/ros2_foxy/install/tf2_msgs/include/tf2_msgs/srv/detail
-- Up-to-date: /home/saitama1/Pictures/ros2-picas/ros2_foxy/install/tf2_msgs/include/tf2_msgs/srv/detail/dds_fastrtps
-- Installing: /home/saitama1/Pictures/ros2-picas/ros2_foxy/install/tf2_msgs/include/tf2_msgs/srv/detail/frame_graph__rosidl_typesupport_fastrtps_cpp.hpp
-- Up-to-date: /home/saitama1/Pictures/ros2-picas/ros2_foxy/install/tf2_msgs/include/tf2_msgs/action
-- Up-to-date: /home/saitama1/Pictures/ros2-picas/ros2_foxy/install/tf2_msgs/include/tf2_msgs/action/detail
-- Up-to-date: /home/saitama1/Pictures/ros2-picas/ros2_foxy/install/tf2_msgs/include/tf2_msgs/action/detail/dds_fastrtps
-- Installing: /home/saitama1/Pictures/ros2-picas/ros2_foxy/install/tf2_msgs/include/tf2_msgs/action/detail/lookup_transform__rosidl_typesupport_fastrtps_cpp.hpp
-- Up-to-date: /home/saitama1/Pictures/ros2-picas/ros2_foxy/install/tf2_msgs/include/tf2_msgs/msg
-- Installing: /home/saitama1/Pictures/ros2-picas/ros2_foxy/install/tf2_msgs/include/tf2_msgs/msg/rosidl_typesupport_fastrtps_cpp__visibility_control.h
-- Up-to-date: /home/saitama1/Pictures/ros2-picas/ros2_foxy/install/tf2_msgs/include/tf2_msgs/msg/detail
-- Up-to-date: /home/saitama1/Pictures/ros2-picas/ros2_foxy/install/tf2_msgs/include/tf2_msgs/msg/detail/dds_fastrtps
-- Installing: /home/saitama1/Pictures/ros2-picas/ros2_foxy/install/tf2_msgs/include/tf2_msgs/msg/detail/tf_message__rosidl_typesupport_fastrtps_cpp.hpp
-- Installing: /home/saitama1/Pictures/ros2-picas/ros2_foxy/install/tf2_msgs/include/tf2_msgs/msg/detail/tf2_error__rosidl_typesupport_fastrtps_cpp.hpp
-- Installing: /home/saitama1/Pictures/ros2-picas/ros2_foxy/install/tf2_msgs/lib/libtf2_msgs__rosidl_typesupport_fastrtps_cpp.so
-- Set runtime path of "/home/saitama1/Pictures/ros2-picas/ros2_foxy/install/tf2_msgs/lib/libtf2_msgs__rosidl_typesupport_fastrtps_cpp.so" to ""
-- Up-to-date: /home/saitama1/Pictures/ros2-picas/ros2_foxy/install/tf2_msgs/include/tf2_msgs
-- Up-to-date: /home/saitama1/Pictures/ros2-picas/ros2_foxy/install/tf2_msgs/include/tf2_msgs/srv
-- Up-to-date: /home/saitama1/Pictures/ros2-picas/ros2_foxy/install/tf2_msgs/include/tf2_msgs/srv/detail
-- Installing: /home/saitama1/Pictures/ros2-picas/ros2_foxy/install/tf2_msgs/include/tf2_msgs/srv/detail/frame_graph__rosidl_typesupport_introspection_c.h
-- Installing: /home/saitama1/Pictures/ros2-picas/ros2_foxy/install/tf2_msgs/include/tf2_msgs/srv/detail/frame_graph__type_support.c
-- Up-to-date: /home/saitama1/Pictures/ros2-picas/ros2_foxy/install/tf2_msgs/include/tf2_msgs/action
-- Up-to-date: /home/saitama1/Pictures/ros2-picas/ros2_foxy/install/tf2_msgs/include/tf2_msgs/action/detail
-- Installing: /home/saitama1/Pictures/ros2-picas/ros2_foxy/install/tf2_msgs/include/tf2_msgs/action/detail/lookup_transform__type_support.c
-- Installing: /home/saitama1/Pictures/ros2-picas/ros2_foxy/install/tf2_msgs/include/tf2_msgs/action/detail/lookup_transform__rosidl_typesupport_introspection_c.h
-- Up-to-date: /home/saitama1/Pictures/ros2-picas/ros2_foxy/install/tf2_msgs/include/tf2_msgs/msg
-- Installing: /home/saitama1/Pictures/ros2-picas/ros2_foxy/install/tf2_msgs/include/tf2_msgs/msg/rosidl_typesupport_introspection_c__visibility_control.h
-- Up-to-date: /home/saitama1/Pictures/ros2-picas/ros2_foxy/install/tf2_msgs/include/tf2_msgs/msg/detail
-- Installing: /home/saitama1/Pictures/ros2-picas/ros2_foxy/install/tf2_msgs/include/tf2_msgs/msg/detail/tf_message__type_support.c
-- Installing: /home/saitama1/Pictures/ros2-picas/ros2_foxy/install/tf2_msgs/include/tf2_msgs/msg/detail/tf2_error__rosidl_typesupport_introspection_c.h
-- Installing: /home/saitama1/Pictures/ros2-picas/ros2_foxy/install/tf2_msgs/include/tf2_msgs/msg/detail/tf2_error__type_support.c
-- Installing: /home/saitama1/Pictures/ros2-picas/ros2_foxy/install/tf2_msgs/include/tf2_msgs/msg/detail/tf_message__rosidl_typesupport_introspection_c.h
-- Installing: /home/saitama1/Pictures/ros2-picas/ros2_foxy/install/tf2_msgs/lib/libtf2_msgs__rosidl_typesupport_introspection_c.so
-- Set runtime path of "/home/saitama1/Pictures/ros2-picas/ros2_foxy/install/tf2_msgs/lib/libtf2_msgs__rosidl_typesupport_introspection_c.so" to ""
-- Installing: /home/saitama1/Pictures/ros2-picas/ros2_foxy/install/tf2_msgs/lib/libtf2_msgs__rosidl_typesupport_c.so
-- Set runtime path of "/home/saitama1/Pictures/ros2-picas/ros2_foxy/install/tf2_msgs/lib/libtf2_msgs__rosidl_typesupport_c.so" to ""
-- Up-to-date: /home/saitama1/Pictures/ros2-picas/ros2_foxy/install/tf2_msgs/include/tf2_msgs
-- Up-to-date: /home/saitama1/Pictures/ros2-picas/ros2_foxy/install/tf2_msgs/include/tf2_msgs/srv
-- Installing: /home/saitama1/Pictures/ros2-picas/ros2_foxy/install/tf2_msgs/include/tf2_msgs/srv/frame_graph.hpp
-- Up-to-date: /home/saitama1/Pictures/ros2-picas/ros2_foxy/install/tf2_msgs/include/tf2_msgs/srv/detail
-- Installing: /home/saitama1/Pictures/ros2-picas/ros2_foxy/install/tf2_msgs/include/tf2_msgs/srv/detail/frame_graph__struct.hpp
-- Installing: /home/saitama1/Pictures/ros2-picas/ros2_foxy/install/tf2_msgs/include/tf2_msgs/srv/detail/frame_graph__traits.hpp
-- Installing: /home/saitama1/Pictures/ros2-picas/ros2_foxy/install/tf2_msgs/include/tf2_msgs/srv/detail/frame_graph__builder.hpp
-- Up-to-date: /home/saitama1/Pictures/ros2-picas/ros2_foxy/install/tf2_msgs/include/tf2_msgs/action
-- Installing: /home/saitama1/Pictures/ros2-picas/ros2_foxy/install/tf2_msgs/include/tf2_msgs/action/lookup_transform.hpp
-- Up-to-date: /home/saitama1/Pictures/ros2-picas/ros2_foxy/install/tf2_msgs/include/tf2_msgs/action/detail
-- Installing: /home/saitama1/Pictures/ros2-picas/ros2_foxy/install/tf2_msgs/include/tf2_msgs/action/detail/lookup_transform__traits.hpp
-- Installing: /home/saitama1/Pictures/ros2-picas/ros2_foxy/install/tf2_msgs/include/tf2_msgs/action/detail/lookup_transform__struct.hpp
-- Installing: /home/saitama1/Pictures/ros2-picas/ros2_foxy/install/tf2_msgs/include/tf2_msgs/action/detail/lookup_transform__builder.hpp
-- Up-to-date: /home/saitama1/Pictures/ros2-picas/ros2_foxy/install/tf2_msgs/include/tf2_msgs/msg
-- Installing: /home/saitama1/Pictures/ros2-picas/ros2_foxy/install/tf2_msgs/include/tf2_msgs/msg/tf2_error.hpp
-- Installing: /home/saitama1/Pictures/ros2-picas/ros2_foxy/install/tf2_msgs/include/tf2_msgs/msg/tf_message.hpp
-- Up-to-date: /home/saitama1/Pictures/ros2-picas/ros2_foxy/install/tf2_msgs/include/tf2_msgs/msg/detail
-- Installing: /home/saitama1/Pictures/ros2-picas/ros2_foxy/install/tf2_msgs/include/tf2_msgs/msg/detail/tf_message__builder.hpp
-- Installing: /home/saitama1/Pictures/ros2-picas/ros2_foxy/install/tf2_msgs/include/tf2_msgs/msg/detail/tf2_error__traits.hpp
-- Installing: /home/saitama1/Pictures/ros2-picas/ros2_foxy/install/tf2_msgs/include/tf2_msgs/msg/detail/tf_message__traits.hpp
-- Installing: /home/saitama1/Pictures/ros2-picas/ros2_foxy/install/tf2_msgs/include/tf2_msgs/msg/detail/tf2_error__struct.hpp
-- Installing: /home/saitama1/Pictures/ros2-picas/ros2_foxy/install/tf2_msgs/include/tf2_msgs/msg/detail/tf2_error__builder.hpp
-- Installing: /home/saitama1/Pictures/ros2-picas/ros2_foxy/install/tf2_msgs/include/tf2_msgs/msg/detail/tf_message__struct.hpp
-- Up-to-date: /home/saitama1/Pictures/ros2-picas/ros2_foxy/install/tf2_msgs/include/tf2_msgs
-- Up-to-date: /home/saitama1/Pictures/ros2-picas/ros2_foxy/install/tf2_msgs/include/tf2_msgs/srv
-- Up-to-date: /home/saitama1/Pictures/ros2-picas/ros2_foxy/install/tf2_msgs/include/tf2_msgs/srv/detail
-- Installing: /home/saitama1/Pictures/ros2-picas/ros2_foxy/install/tf2_msgs/include/tf2_msgs/srv/detail/frame_graph__rosidl_typesupport_introspection_cpp.hpp
-- Installing: /home/saitama1/Pictures/ros2-picas/ros2_foxy/install/tf2_msgs/include/tf2_msgs/srv/detail/frame_graph__type_support.cpp
-- Up-to-date: /home/saitama1/Pictures/ros2-picas/ros2_foxy/install/tf2_msgs/include/tf2_msgs/action
-- Up-to-date: /home/saitama1/Pictures/ros2-picas/ros2_foxy/install/tf2_msgs/include/tf2_msgs/action/detail
-- Installing: /home/saitama1/Pictures/ros2-picas/ros2_foxy/install/tf2_msgs/include/tf2_msgs/action/detail/lookup_transform__type_support.cpp
-- Installing: /home/saitama1/Pictures/ros2-picas/ros2_foxy/install/tf2_msgs/include/tf2_msgs/action/detail/lookup_transform__rosidl_typesupport_introspection_cpp.hpp
-- Up-to-date: /home/saitama1/Pictures/ros2-picas/ros2_foxy/install/tf2_msgs/include/tf2_msgs/msg
-- Up-to-date: /home/saitama1/Pictures/ros2-picas/ros2_foxy/install/tf2_msgs/include/tf2_msgs/msg/detail
-- Installing: /home/saitama1/Pictures/ros2-picas/ros2_foxy/install/tf2_msgs/include/tf2_msgs/msg/detail/tf2_error__rosidl_typesupport_introspection_cpp.hpp
-- Installing: /home/saitama1/Pictures/ros2-picas/ros2_foxy/install/tf2_msgs/include/tf2_msgs/msg/detail/tf_message__type_support.cpp
-- Installing: /home/saitama1/Pictures/ros2-picas/ros2_foxy/install/tf2_msgs/include/tf2_msgs/msg/detail/tf2_error__type_support.cpp
-- Installing: /home/saitama1/Pictures/ros2-picas/ros2_foxy/install/tf2_msgs/include/tf2_msgs/msg/detail/tf_message__rosidl_typesupport_introspection_cpp.hpp
-- Installing: /home/saitama1/Pictures/ros2-picas/ros2_foxy/install/tf2_msgs/lib/libtf2_msgs__rosidl_typesupport_introspection_cpp.so
-- Set runtime path of "/home/saitama1/Pictures/ros2-picas/ros2_foxy/install/tf2_msgs/lib/libtf2_msgs__rosidl_typesupport_introspection_cpp.so" to ""
-- Installing: /home/saitama1/Pictures/ros2-picas/ros2_foxy/install/tf2_msgs/lib/libtf2_msgs__rosidl_typesupport_cpp.so
-- Set runtime path of "/home/saitama1/Pictures/ros2-picas/ros2_foxy/install/tf2_msgs/lib/libtf2_msgs__rosidl_typesupport_cpp.so" to ""
-- Installing: /home/saitama1/Pictures/ros2-picas/ros2_foxy/install/tf2_msgs/share/tf2_msgs/environment/pythonpath.sh
-- Installing: /home/saitama1/Pictures/ros2-picas/ros2_foxy/install/tf2_msgs/share/tf2_msgs/environment/pythonpath.dsv
-- Installing: /home/saitama1/Pictures/ros2-picas/ros2_foxy/install/tf2_msgs/lib/python3.8/site-packages/tf2_msgs/__init__.py
Compiling '/home/saitama1/Pictures/ros2-picas/ros2_foxy/install/tf2_msgs/lib/python3.8/site-packages/tf2_msgs/__init__.py'...
-- Up-to-date: /home/saitama1/Pictures/ros2-picas/ros2_foxy/install/tf2_msgs/lib/python3.8/site-packages/tf2_msgs/msg
-- Installing: /home/saitama1/Pictures/ros2-picas/ros2_foxy/install/tf2_msgs/lib/python3.8/site-packages/tf2_msgs/msg/_tf_message.py
-- Installing: /home/saitama1/Pictures/ros2-picas/ros2_foxy/install/tf2_msgs/lib/python3.8/site-packages/tf2_msgs/msg/__init__.py
-- Installing: /home/saitama1/Pictures/ros2-picas/ros2_foxy/install/tf2_msgs/lib/python3.8/site-packages/tf2_msgs/msg/_tf_message_s.c
-- Installing: /home/saitama1/Pictures/ros2-picas/ros2_foxy/install/tf2_msgs/lib/python3.8/site-packages/tf2_msgs/msg/_tf2_error_s.c
-- Installing: /home/saitama1/Pictures/ros2-picas/ros2_foxy/install/tf2_msgs/lib/python3.8/site-packages/tf2_msgs/msg/_tf2_error.py
-- Up-to-date: /home/saitama1/Pictures/ros2-picas/ros2_foxy/install/tf2_msgs/lib/python3.8/site-packages/tf2_msgs/srv
-- Installing: /home/saitama1/Pictures/ros2-picas/ros2_foxy/install/tf2_msgs/lib/python3.8/site-packages/tf2_msgs/srv/__init__.py
-- Installing: /home/saitama1/Pictures/ros2-picas/ros2_foxy/install/tf2_msgs/lib/python3.8/site-packages/tf2_msgs/srv/_frame_graph_s.c
-- Installing: /home/saitama1/Pictures/ros2-picas/ros2_foxy/install/tf2_msgs/lib/python3.8/site-packages/tf2_msgs/srv/_frame_graph.py
-- Up-to-date: /home/saitama1/Pictures/ros2-picas/ros2_foxy/install/tf2_msgs/lib/python3.8/site-packages/tf2_msgs/action
-- Installing: /home/saitama1/Pictures/ros2-picas/ros2_foxy/install/tf2_msgs/lib/python3.8/site-packages/tf2_msgs/action/_lookup_transform.py
-- Installing: /home/saitama1/Pictures/ros2-picas/ros2_foxy/install/tf2_msgs/lib/python3.8/site-packages/tf2_msgs/action/__init__.py
-- Installing: /home/saitama1/Pictures/ros2-picas/ros2_foxy/install/tf2_msgs/lib/python3.8/site-packages/tf2_msgs/action/_lookup_transform_s.c
-- Installing: /home/saitama1/Pictures/ros2-picas/ros2_foxy/install/tf2_msgs/lib/python3.8/site-packages/tf2_msgs/tf2_msgs_s__rosidl_typesupport_fastrtps_c.cpython-38-x86_64-linux-gnu.so
-- Set runtime path of "/home/saitama1/Pictures/ros2-picas/ros2_foxy/install/tf2_msgs/lib/python3.8/site-packages/tf2_msgs/tf2_msgs_s__rosidl_typesupport_fastrtps_c.cpython-38-x86_64-linux-gnu.so" to ""
-- Installing: /home/saitama1/Pictures/ros2-picas/ros2_foxy/install/tf2_msgs/lib/python3.8/site-packages/tf2_msgs/tf2_msgs_s__rosidl_typesupport_introspection_c.cpython-38-x86_64-linux-gnu.so
-- Set runtime path of "/home/saitama1/Pictures/ros2-picas/ros2_foxy/install/tf2_msgs/lib/python3.8/site-packages/tf2_msgs/tf2_msgs_s__rosidl_typesupport_introspection_c.cpython-38-x86_64-linux-gnu.so" to ""
-- Installing: /home/saitama1/Pictures/ros2-picas/ros2_foxy/install/tf2_msgs/lib/python3.8/site-packages/tf2_msgs/tf2_msgs_s__rosidl_typesupport_c.cpython-38-x86_64-linux-gnu.so
-- Set runtime path of "/home/saitama1/Pictures/ros2-picas/ros2_foxy/install/tf2_msgs/lib/python3.8/site-packages/tf2_msgs/tf2_msgs_s__rosidl_typesupport_c.cpython-38-x86_64-linux-gnu.so" to ""
-- Installing: /home/saitama1/Pictures/ros2-picas/ros2_foxy/install/tf2_msgs/lib/libtf2_msgs__python.so
-- Set runtime path of "/home/saitama1/Pictures/ros2-picas/ros2_foxy/install/tf2_msgs/lib/libtf2_msgs__python.so" to ""
-- Installing: /home/saitama1/Pictures/ros2-picas/ros2_foxy/install/tf2_msgs/share/tf2_msgs/msg/TF2Error.idl
-- Installing: /home/saitama1/Pictures/ros2-picas/ros2_foxy/install/tf2_msgs/share/tf2_msgs/msg/TFMessage.idl
-- Installing: /home/saitama1/Pictures/ros2-picas/ros2_foxy/install/tf2_msgs/share/tf2_msgs/srv/FrameGraph.idl
-- Installing: /home/saitama1/Pictures/ros2-picas/ros2_foxy/install/tf2_msgs/share/tf2_msgs/action/LookupTransform.idl
-- Installing: /home/saitama1/Pictures/ros2-picas/ros2_foxy/install/tf2_msgs/share/tf2_msgs/msg/TF2Error.msg
-- Installing: /home/saitama1/Pictures/ros2-picas/ros2_foxy/install/tf2_msgs/share/tf2_msgs/msg/TFMessage.msg
-- Installing: /home/saitama1/Pictures/ros2-picas/ros2_foxy/install/tf2_msgs/share/tf2_msgs/srv/FrameGraph.srv
-- Installing: /home/saitama1/Pictures/ros2-picas/ros2_foxy/install/tf2_msgs/share/tf2_msgs/srv/FrameGraph_Request.msg
-- Installing: /home/saitama1/Pictures/ros2-picas/ros2_foxy/install/tf2_msgs/share/tf2_msgs/srv/FrameGraph_Response.msg
-- Installing: /home/saitama1/Pictures/ros2-picas/ros2_foxy/install/tf2_msgs/share/tf2_msgs/action/LookupTransform.action
-- Installing: /home/saitama1/Pictures/ros2-picas/ros2_foxy/install/tf2_msgs/share/tf2_msgs/tfmessage_bridge_mapping_rule.yaml
-- Installing: /home/saitama1/Pictures/ros2-picas/ros2_foxy/install/tf2_msgs/share/ament_index/resource_index/package_run_dependencies/tf2_msgs
-- Installing: /home/saitama1/Pictures/ros2-picas/ros2_foxy/install/tf2_msgs/share/ament_index/resource_index/parent_prefix_path/tf2_msgs
-- Installing: /home/saitama1/Pictures/ros2-picas/ros2_foxy/install/tf2_msgs/share/tf2_msgs/environment/ament_prefix_path.sh
-- Installing: /home/saitama1/Pictures/ros2-picas/ros2_foxy/install/tf2_msgs/share/tf2_msgs/environment/ament_prefix_path.dsv
-- Installing: /home/saitama1/Pictures/ros2-picas/ros2_foxy/install/tf2_msgs/share/tf2_msgs/environment/path.sh
-- Installing: /home/saitama1/Pictures/ros2-picas/ros2_foxy/install/tf2_msgs/share/tf2_msgs/environment/path.dsv
-- Installing: /home/saitama1/Pictures/ros2-picas/ros2_foxy/install/tf2_msgs/share/tf2_msgs/local_setup.bash
-- Installing: /home/saitama1/Pictures/ros2-picas/ros2_foxy/install/tf2_msgs/share/tf2_msgs/local_setup.sh
-- Installing: /home/saitama1/Pictures/ros2-picas/ros2_foxy/install/tf2_msgs/share/tf2_msgs/local_setup.zsh
-- Installing: /home/saitama1/Pictures/ros2-picas/ros2_foxy/install/tf2_msgs/share/tf2_msgs/local_setup.dsv
-- Installing: /home/saitama1/Pictures/ros2-picas/ros2_foxy/install/tf2_msgs/share/tf2_msgs/package.dsv
-- Installing: /home/saitama1/Pictures/ros2-picas/ros2_foxy/install/tf2_msgs/share/ament_index/resource_index/packages/tf2_msgs
-- Installing: /home/saitama1/Pictures/ros2-picas/ros2_foxy/install/tf2_msgs/share/tf2_msgs/cmake/tf2_msgs__rosidl_generator_cExport.cmake
-- Installing: /home/saitama1/Pictures/ros2-picas/ros2_foxy/install/tf2_msgs/share/tf2_msgs/cmake/tf2_msgs__rosidl_generator_cExport-noconfig.cmake
-- Installing: /home/saitama1/Pictures/ros2-picas/ros2_foxy/install/tf2_msgs/share/tf2_msgs/cmake/tf2_msgs__rosidl_typesupport_introspection_cExport.cmake
-- Installing: /home/saitama1/Pictures/ros2-picas/ros2_foxy/install/tf2_msgs/share/tf2_msgs/cmake/tf2_msgs__rosidl_typesupport_introspection_cExport-noconfig.cmake
-- Installing: /home/saitama1/Pictures/ros2-picas/ros2_foxy/install/tf2_msgs/share/tf2_msgs/cmake/tf2_msgs__rosidl_typesupport_cExport.cmake
-- Installing: /home/saitama1/Pictures/ros2-picas/ros2_foxy/install/tf2_msgs/share/tf2_msgs/cmake/tf2_msgs__rosidl_typesupport_cExport-noconfig.cmake
-- Installing: /home/saitama1/Pictures/ros2-picas/ros2_foxy/install/tf2_msgs/share/tf2_msgs/cmake/tf2_msgs__rosidl_generator_cppExport.cmake
-- Installing: /home/saitama1/Pictures/ros2-picas/ros2_foxy/install/tf2_msgs/share/tf2_msgs/cmake/tf2_msgs__rosidl_typesupport_introspection_cppExport.cmake
-- Installing: /home/saitama1/Pictures/ros2-picas/ros2_foxy/install/tf2_msgs/share/tf2_msgs/cmake/tf2_msgs__rosidl_typesupport_introspection_cppExport-noconfig.cmake
-- Installing: /home/saitama1/Pictures/ros2-picas/ros2_foxy/install/tf2_msgs/share/tf2_msgs/cmake/tf2_msgs__rosidl_typesupport_cppExport.cmake
-- Installing: /home/saitama1/Pictures/ros2-picas/ros2_foxy/install/tf2_msgs/share/tf2_msgs/cmake/tf2_msgs__rosidl_typesupport_cppExport-noconfig.cmake
-- Installing: /home/saitama1/Pictures/ros2-picas/ros2_foxy/install/tf2_msgs/share/tf2_msgs/cmake/rosidl_cmake-extras.cmake
-- Installing: /home/saitama1/Pictures/ros2-picas/ros2_foxy/install/tf2_msgs/share/tf2_msgs/cmake/ament_cmake_export_dependencies-extras.cmake
-- Installing: /home/saitama1/Pictures/ros2-picas/ros2_foxy/install/tf2_msgs/share/tf2_msgs/cmake/ament_cmake_export_libraries-extras.cmake
-- Installing: /home/saitama1/Pictures/ros2-picas/ros2_foxy/install/tf2_msgs/share/tf2_msgs/cmake/ament_cmake_export_targets-extras.cmake
-- Installing: /home/saitama1/Pictures/ros2-picas/ros2_foxy/install/tf2_msgs/share/tf2_msgs/cmake/ament_cmake_export_include_directories-extras.cmake
-- Installing: /home/saitama1/Pictures/ros2-picas/ros2_foxy/install/tf2_msgs/share/tf2_msgs/cmake/rosidl_cmake_export_typesupport_libraries-extras.cmake
-- Installing: /home/saitama1/Pictures/ros2-picas/ros2_foxy/install/tf2_msgs/share/tf2_msgs/cmake/rosidl_cmake_export_typesupport_targets-extras.cmake
-- Installing: /home/saitama1/Pictures/ros2-picas/ros2_foxy/install/tf2_msgs/share/tf2_msgs/cmake/tf2_msgsConfig.cmake
-- Installing: /home/saitama1/Pictures/ros2-picas/ros2_foxy/install/tf2_msgs/share/tf2_msgs/cmake/tf2_msgsConfig-version.cmake
-- Installing: /home/saitama1/Pictures/ros2-picas/ros2_foxy/install/tf2_msgs/share/tf2_msgs/package.xml
