[0.060s] Invoking command in '/home/saitama1/ros2_foxy/build/ament_cmake_nose': AMENT_PREFIX_PATH=/home/saitama1/ros2_foxy/install/ament_cmake_test:/home/saitama1/ros2_foxy/install/ament_cmake_core:/home/saitama1/ros2_foxy/install/ament_package CMAKE_PREFIX_PATH=/home/saitama1/ros2_foxy/install/ament_cmake_test:/home/saitama1/ros2_foxy/install/ament_cmake_core PYTHONPATH=/home/saitama1/ros2_foxy/install/ament_cmake_test/lib/python3.8/site-packages:/home/saitama1/ros2_foxy/build/ament_package:/home/saitama1/ros2_foxy/install/ament_package/lib/python3.8/site-packages /usr/bin/cmake --build /home/saitama1/ros2_foxy/build/ament_cmake_nose -- -j12 -l12
[0.164s] Invoked command in '/home/saitama1/ros2_foxy/build/ament_cmake_nose' returned '0': AMENT_PREFIX_PATH=/home/saitama1/ros2_foxy/install/ament_cmake_test:/home/saitama1/ros2_foxy/install/ament_cmake_core:/home/saitama1/ros2_foxy/install/ament_package CMAKE_PREFIX_PATH=/home/saitama1/ros2_foxy/install/ament_cmake_test:/home/saitama1/ros2_foxy/install/ament_cmake_core PYTHONPATH=/home/saitama1/ros2_foxy/install/ament_cmake_test/lib/python3.8/site-packages:/home/saitama1/ros2_foxy/build/ament_package:/home/saitama1/ros2_foxy/install/ament_package/lib/python3.8/site-packages /usr/bin/cmake --build /home/saitama1/ros2_foxy/build/ament_cmake_nose -- -j12 -l12
[0.361s] Invoking command in '/home/saitama1/ros2_foxy/build/ament_cmake_nose': AMENT_PREFIX_PATH=/home/saitama1/ros2_foxy/install/ament_cmake_test:/home/saitama1/ros2_foxy/install/ament_cmake_core:/home/saitama1/ros2_foxy/install/ament_package CMAKE_PREFIX_PATH=/home/saitama1/ros2_foxy/install/ament_cmake_test:/home/saitama1/ros2_foxy/install/ament_cmake_core PYTHONPATH=/home/saitama1/ros2_foxy/install/ament_cmake_test/lib/python3.8/site-packages:/home/saitama1/ros2_foxy/build/ament_package:/home/saitama1/ros2_foxy/install/ament_package/lib/python3.8/site-packages /usr/bin/cmake --install /home/saitama1/ros2_foxy/build/ament_cmake_nose
[0.376s] -- Install configuration: ""
[0.376s] -- Execute custom install script
[0.376s] -- Up-to-date symlink: /home/saitama1/ros2_foxy/install/ament_cmake_nose/share/ament_index/resource_index/package_run_dependencies/ament_cmake_nose
[0.377s] -- Up-to-date symlink: /home/saitama1/ros2_foxy/install/ament_cmake_nose/share/ament_index/resource_index/parent_prefix_path/ament_cmake_nose
[0.377s] -- Up-to-date symlink: /home/saitama1/ros2_foxy/install/ament_cmake_nose/share/ament_cmake_nose/environment/ament_prefix_path.sh
[0.377s] -- Up-to-date symlink: /home/saitama1/ros2_foxy/install/ament_cmake_nose/share/ament_cmake_nose/environment/ament_prefix_path.dsv
[0.378s] -- Up-to-date symlink: /home/saitama1/ros2_foxy/install/ament_cmake_nose/share/ament_cmake_nose/environment/path.sh
[0.378s] -- Up-to-date symlink: /home/saitama1/ros2_foxy/install/ament_cmake_nose/share/ament_cmake_nose/environment/path.dsv
[0.378s] -- Up-to-date symlink: /home/saitama1/ros2_foxy/install/ament_cmake_nose/share/ament_cmake_nose/local_setup.bash
[0.379s] -- Up-to-date symlink: /home/saitama1/ros2_foxy/install/ament_cmake_nose/share/ament_cmake_nose/local_setup.sh
[0.381s] -- Up-to-date symlink: /home/saitama1/ros2_foxy/install/ament_cmake_nose/share/ament_cmake_nose/local_setup.zsh
[0.382s] -- Up-to-date symlink: /home/saitama1/ros2_foxy/install/ament_cmake_nose/share/ament_cmake_nose/local_setup.dsv
[0.383s] -- Symlinking: /home/saitama1/ros2_foxy/install/ament_cmake_nose/share/ament_cmake_nose/package.dsv
[0.392s] -- Up-to-date symlink: /home/saitama1/ros2_foxy/install/ament_cmake_nose/share/ament_index/resource_index/packages/ament_cmake_nose
[0.394s] -- Up-to-date symlink: /home/saitama1/ros2_foxy/install/ament_cmake_nose/share/ament_cmake_nose/cmake/ament_cmake_nose-extras.cmake
[0.395s] -- Up-to-date symlink: /home/saitama1/ros2_foxy/install/ament_cmake_nose/share/ament_cmake_nose/cmake/ament_cmake_noseConfig.cmake
[0.395s] -- Up-to-date symlink: /home/saitama1/ros2_foxy/install/ament_cmake_nose/share/ament_cmake_nose/cmake/ament_cmake_noseConfig-version.cmake
[0.395s] -- Up-to-date symlink: /home/saitama1/ros2_foxy/install/ament_cmake_nose/share/ament_cmake_nose/package.xml
[0.397s] -- Up-to-date symlink: /home/saitama1/ros2_foxy/install/ament_cmake_nose/share/ament_cmake_nose/cmake/ament_add_nose_test.cmake
[0.398s] -- Up-to-date symlink: /home/saitama1/ros2_foxy/install/ament_cmake_nose/share/ament_cmake_nose/cmake/ament_find_nosetests.cmake
[0.435s] Invoked command in '/home/saitama1/ros2_foxy/build/ament_cmake_nose' returned '0': AMENT_PREFIX_PATH=/home/saitama1/ros2_foxy/install/ament_cmake_test:/home/saitama1/ros2_foxy/install/ament_cmake_core:/home/saitama1/ros2_foxy/install/ament_package CMAKE_PREFIX_PATH=/home/saitama1/ros2_foxy/install/ament_cmake_test:/home/saitama1/ros2_foxy/install/ament_cmake_core PYTHONPATH=/home/saitama1/ros2_foxy/install/ament_cmake_test/lib/python3.8/site-packages:/home/saitama1/ros2_foxy/build/ament_package:/home/saitama1/ros2_foxy/install/ament_package/lib/python3.8/site-packages /usr/bin/cmake --install /home/saitama1/ros2_foxy/build/ament_cmake_nose
