[0.301s] Invoking command in '/home/saitama1/ros2_foxy/build/ament_lint_auto': AMENT_PREFIX_PATH=/home/saitama1/ros2_foxy/install/ament_cmake_test:/home/saitama1/ros2_foxy/install/ament_cmake_core:/home/saitama1/ros2_foxy/install/ament_package CMAKE_PREFIX_PATH=/home/saitama1/ros2_foxy/install/ament_cmake_test:/home/saitama1/ros2_foxy/install/ament_cmake_core PYTHONPATH=/home/saitama1/ros2_foxy/install/ament_cmake_test/lib/python3.8/site-packages:/home/saitama1/ros2_foxy/install/ament_package/lib/python3.8/site-packages /usr/bin/cmake /home/saitama1/ros2_foxy/src/ament/ament_lint/ament_lint_auto -DCMAKE_INSTALL_PREFIX=/home/saitama1/ros2_foxy/install/ament_lint_auto
[0.341s] -- Found ament_cmake_core: 0.9.8 (/home/saitama1/ros2_foxy/install/ament_cmake_core/share/ament_cmake_core/cmake)
[0.363s] -- Found PythonInterp: /usr/bin/python3 (found suitable version "3.8.10", minimum required is "3") 
[0.363s] -- Using PYTHON_EXECUTABLE: /usr/bin/python3
[0.778s] -- Configuring done
[0.780s] -- Generating done
[0.781s] -- Build files have been written to: /home/saitama1/ros2_foxy/build/ament_lint_auto
[0.787s] Invoked command in '/home/saitama1/ros2_foxy/build/ament_lint_auto' returned '0': AMENT_PREFIX_PATH=/home/saitama1/ros2_foxy/install/ament_cmake_test:/home/saitama1/ros2_foxy/install/ament_cmake_core:/home/saitama1/ros2_foxy/install/ament_package CMAKE_PREFIX_PATH=/home/saitama1/ros2_foxy/install/ament_cmake_test:/home/saitama1/ros2_foxy/install/ament_cmake_core PYTHONPATH=/home/saitama1/ros2_foxy/install/ament_cmake_test/lib/python3.8/site-packages:/home/saitama1/ros2_foxy/install/ament_package/lib/python3.8/site-packages /usr/bin/cmake /home/saitama1/ros2_foxy/src/ament/ament_lint/ament_lint_auto -DCMAKE_INSTALL_PREFIX=/home/saitama1/ros2_foxy/install/ament_lint_auto
[0.788s] Invoking command in '/home/saitama1/ros2_foxy/build/ament_lint_auto': AMENT_PREFIX_PATH=/home/saitama1/ros2_foxy/install/ament_cmake_test:/home/saitama1/ros2_foxy/install/ament_cmake_core:/home/saitama1/ros2_foxy/install/ament_package CMAKE_PREFIX_PATH=/home/saitama1/ros2_foxy/install/ament_cmake_test:/home/saitama1/ros2_foxy/install/ament_cmake_core PYTHONPATH=/home/saitama1/ros2_foxy/install/ament_cmake_test/lib/python3.8/site-packages:/home/saitama1/ros2_foxy/install/ament_package/lib/python3.8/site-packages /usr/bin/cmake --build /home/saitama1/ros2_foxy/build/ament_lint_auto -- -j12 -l12
[1.056s] Invoked command in '/home/saitama1/ros2_foxy/build/ament_lint_auto' returned '0': AMENT_PREFIX_PATH=/home/saitama1/ros2_foxy/install/ament_cmake_test:/home/saitama1/ros2_foxy/install/ament_cmake_core:/home/saitama1/ros2_foxy/install/ament_package CMAKE_PREFIX_PATH=/home/saitama1/ros2_foxy/install/ament_cmake_test:/home/saitama1/ros2_foxy/install/ament_cmake_core PYTHONPATH=/home/saitama1/ros2_foxy/install/ament_cmake_test/lib/python3.8/site-packages:/home/saitama1/ros2_foxy/install/ament_package/lib/python3.8/site-packages /usr/bin/cmake --build /home/saitama1/ros2_foxy/build/ament_lint_auto -- -j12 -l12
[1.766s] Invoking command in '/home/saitama1/ros2_foxy/build/ament_lint_auto': AMENT_PREFIX_PATH=/home/saitama1/ros2_foxy/install/ament_cmake_test:/home/saitama1/ros2_foxy/install/ament_cmake_core:/home/saitama1/ros2_foxy/install/ament_package CMAKE_PREFIX_PATH=/home/saitama1/ros2_foxy/install/ament_cmake_test:/home/saitama1/ros2_foxy/install/ament_cmake_core PYTHONPATH=/home/saitama1/ros2_foxy/install/ament_cmake_test/lib/python3.8/site-packages:/home/saitama1/ros2_foxy/install/ament_package/lib/python3.8/site-packages /usr/bin/cmake --install /home/saitama1/ros2_foxy/build/ament_lint_auto
[1.785s] -- Install configuration: ""
[1.786s] -- Installing: /home/saitama1/ros2_foxy/install/ament_lint_auto/share/ament_index/resource_index/package_run_dependencies/ament_lint_auto
[1.787s] -- Installing: /home/saitama1/ros2_foxy/install/ament_lint_auto/share/ament_index/resource_index/parent_prefix_path/ament_lint_auto
[1.788s] -- Installing: /home/saitama1/ros2_foxy/install/ament_lint_auto/share/ament_lint_auto/environment/ament_prefix_path.sh
[1.789s] -- Installing: /home/saitama1/ros2_foxy/install/ament_lint_auto/share/ament_lint_auto/environment/ament_prefix_path.dsv
[1.789s] -- Installing: /home/saitama1/ros2_foxy/install/ament_lint_auto/share/ament_lint_auto/environment/path.sh
[1.790s] -- Installing: /home/saitama1/ros2_foxy/install/ament_lint_auto/share/ament_lint_auto/environment/path.dsv
[1.790s] -- Installing: /home/saitama1/ros2_foxy/install/ament_lint_auto/share/ament_lint_auto/local_setup.bash
[1.793s] -- Installing: /home/saitama1/ros2_foxy/install/ament_lint_auto/share/ament_lint_auto/local_setup.sh
[1.793s] -- Installing: /home/saitama1/ros2_foxy/install/ament_lint_auto/share/ament_lint_auto/local_setup.zsh
[1.794s] -- Installing: /home/saitama1/ros2_foxy/install/ament_lint_auto/share/ament_lint_auto/local_setup.dsv
[1.794s] -- Installing: /home/saitama1/ros2_foxy/install/ament_lint_auto/share/ament_lint_auto/package.dsv
[1.796s] -- Installing: /home/saitama1/ros2_foxy/install/ament_lint_auto/share/ament_index/resource_index/packages/ament_lint_auto
[1.797s] -- Installing: /home/saitama1/ros2_foxy/install/ament_lint_auto/share/ament_lint_auto/cmake/ament_lint_auto-extras.cmake
[1.797s] -- Installing: /home/saitama1/ros2_foxy/install/ament_lint_auto/share/ament_lint_auto/cmake/ament_lint_autoConfig.cmake
[1.798s] -- Installing: /home/saitama1/ros2_foxy/install/ament_lint_auto/share/ament_lint_auto/cmake/ament_lint_autoConfig-version.cmake
[1.799s] -- Installing: /home/saitama1/ros2_foxy/install/ament_lint_auto/share/ament_lint_auto/package.xml
[1.799s] -- Up-to-date: /home/saitama1/ros2_foxy/install/ament_lint_auto/share/ament_lint_auto/cmake
[1.800s] -- Installing: /home/saitama1/ros2_foxy/install/ament_lint_auto/share/ament_lint_auto/cmake/ament_lint_auto_package_hook.cmake
[1.800s] -- Installing: /home/saitama1/ros2_foxy/install/ament_lint_auto/share/ament_lint_auto/cmake/ament_lint_auto_find_test_dependencies.cmake
[1.814s] Invoked command in '/home/saitama1/ros2_foxy/build/ament_lint_auto' returned '0': AMENT_PREFIX_PATH=/home/saitama1/ros2_foxy/install/ament_cmake_test:/home/saitama1/ros2_foxy/install/ament_cmake_core:/home/saitama1/ros2_foxy/install/ament_package CMAKE_PREFIX_PATH=/home/saitama1/ros2_foxy/install/ament_cmake_test:/home/saitama1/ros2_foxy/install/ament_cmake_core PYTHONPATH=/home/saitama1/ros2_foxy/install/ament_cmake_test/lib/python3.8/site-packages:/home/saitama1/ros2_foxy/install/ament_package/lib/python3.8/site-packages /usr/bin/cmake --install /home/saitama1/ros2_foxy/build/ament_lint_auto
