[0.068s] Invoking command in '/home/saitama1/ros2_foxy/build/ament_cmake_export_libraries': AMENT_PREFIX_PATH=/home/saitama1/ros2_foxy/install/ament_cmake_core:/home/saitama1/ros2_foxy/install/ament_package CMAKE_PREFIX_PATH=/home/saitama1/ros2_foxy/install/ament_cmake_core PYTHONPATH=/home/saitama1/ros2_foxy/build/ament_package:/home/saitama1/ros2_foxy/install/ament_package/lib/python3.8/site-packages /usr/bin/cmake --build /home/saitama1/ros2_foxy/build/ament_cmake_export_libraries -- -j12 -l12
[0.145s] Invoked command in '/home/saitama1/ros2_foxy/build/ament_cmake_export_libraries' returned '0': AMENT_PREFIX_PATH=/home/saitama1/ros2_foxy/install/ament_cmake_core:/home/saitama1/ros2_foxy/install/ament_package CMAKE_PREFIX_PATH=/home/saitama1/ros2_foxy/install/ament_cmake_core PYTHONPATH=/home/saitama1/ros2_foxy/build/ament_package:/home/saitama1/ros2_foxy/install/ament_package/lib/python3.8/site-packages /usr/bin/cmake --build /home/saitama1/ros2_foxy/build/ament_cmake_export_libraries -- -j12 -l12
[0.195s] Invoking command in '/home/saitama1/ros2_foxy/build/ament_cmake_export_libraries': AMENT_PREFIX_PATH=/home/saitama1/ros2_foxy/install/ament_cmake_core:/home/saitama1/ros2_foxy/install/ament_package CMAKE_PREFIX_PATH=/home/saitama1/ros2_foxy/install/ament_cmake_core PYTHONPATH=/home/saitama1/ros2_foxy/build/ament_package:/home/saitama1/ros2_foxy/install/ament_package/lib/python3.8/site-packages /usr/bin/cmake --install /home/saitama1/ros2_foxy/build/ament_cmake_export_libraries
[0.213s] -- Install configuration: ""
[0.213s] -- Execute custom install script
[0.213s] -- Up-to-date symlink: /home/saitama1/ros2_foxy/install/ament_cmake_export_libraries/share/ament_index/resource_index/package_run_dependencies/ament_cmake_export_libraries
[0.214s] -- Up-to-date symlink: /home/saitama1/ros2_foxy/install/ament_cmake_export_libraries/share/ament_index/resource_index/parent_prefix_path/ament_cmake_export_libraries
[0.214s] -- Up-to-date symlink: /home/saitama1/ros2_foxy/install/ament_cmake_export_libraries/share/ament_cmake_export_libraries/environment/ament_prefix_path.sh
[0.214s] -- Up-to-date symlink: /home/saitama1/ros2_foxy/install/ament_cmake_export_libraries/share/ament_cmake_export_libraries/environment/ament_prefix_path.dsv
[0.214s] -- Up-to-date symlink: /home/saitama1/ros2_foxy/install/ament_cmake_export_libraries/share/ament_cmake_export_libraries/environment/path.sh
[0.214s] -- Up-to-date symlink: /home/saitama1/ros2_foxy/install/ament_cmake_export_libraries/share/ament_cmake_export_libraries/environment/path.dsv
[0.214s] -- Up-to-date symlink: /home/saitama1/ros2_foxy/install/ament_cmake_export_libraries/share/ament_cmake_export_libraries/local_setup.bash
[0.214s] -- Up-to-date symlink: /home/saitama1/ros2_foxy/install/ament_cmake_export_libraries/share/ament_cmake_export_libraries/local_setup.sh
[0.214s] -- Up-to-date symlink: /home/saitama1/ros2_foxy/install/ament_cmake_export_libraries/share/ament_cmake_export_libraries/local_setup.zsh
[0.214s] -- Up-to-date symlink: /home/saitama1/ros2_foxy/install/ament_cmake_export_libraries/share/ament_cmake_export_libraries/local_setup.dsv
[0.214s] -- Symlinking: /home/saitama1/ros2_foxy/install/ament_cmake_export_libraries/share/ament_cmake_export_libraries/package.dsv
[0.223s] -- Up-to-date symlink: /home/saitama1/ros2_foxy/install/ament_cmake_export_libraries/share/ament_index/resource_index/packages/ament_cmake_export_libraries
[0.227s] -- Up-to-date symlink: /home/saitama1/ros2_foxy/install/ament_cmake_export_libraries/share/ament_cmake_export_libraries/cmake/ament_cmake_export_libraries-extras.cmake
[0.227s] -- Up-to-date symlink: /home/saitama1/ros2_foxy/install/ament_cmake_export_libraries/share/ament_cmake_export_libraries/cmake/ament_cmake_export_librariesConfig.cmake
[0.227s] -- Up-to-date symlink: /home/saitama1/ros2_foxy/install/ament_cmake_export_libraries/share/ament_cmake_export_libraries/cmake/ament_cmake_export_librariesConfig-version.cmake
[0.231s] -- Up-to-date symlink: /home/saitama1/ros2_foxy/install/ament_cmake_export_libraries/share/ament_cmake_export_libraries/package.xml
[0.236s] -- Up-to-date symlink: /home/saitama1/ros2_foxy/install/ament_cmake_export_libraries/share/ament_cmake_export_libraries/cmake/ament_cmake_export_libraries-extras.cmake.in
[0.237s] -- Up-to-date symlink: /home/saitama1/ros2_foxy/install/ament_cmake_export_libraries/share/ament_cmake_export_libraries/cmake/ament_cmake_export_libraries_package_hook.cmake
[0.237s] -- Up-to-date symlink: /home/saitama1/ros2_foxy/install/ament_cmake_export_libraries/share/ament_cmake_export_libraries/cmake/ament_export_libraries.cmake
[0.237s] -- Up-to-date symlink: /home/saitama1/ros2_foxy/install/ament_cmake_export_libraries/share/ament_cmake_export_libraries/cmake/ament_export_library_names.cmake
[0.265s] Invoked command in '/home/saitama1/ros2_foxy/build/ament_cmake_export_libraries' returned '0': AMENT_PREFIX_PATH=/home/saitama1/ros2_foxy/install/ament_cmake_core:/home/saitama1/ros2_foxy/install/ament_package CMAKE_PREFIX_PATH=/home/saitama1/ros2_foxy/install/ament_cmake_core PYTHONPATH=/home/saitama1/ros2_foxy/build/ament_package:/home/saitama1/ros2_foxy/install/ament_package/lib/python3.8/site-packages /usr/bin/cmake --install /home/saitama1/ros2_foxy/build/ament_cmake_export_libraries
