-- The C compiler identification is GNU 9.3.0
-- The CXX compiler identification is GNU 9.3.0
-- Check for working C compiler: /usr/bin/cc
-- Check for working C compiler: /usr/bin/cc -- works
-- Detecting C compiler ABI info
-- Detecting C compiler ABI info - done
-- Detecting C compile features
-- Detecting C compile features - done
-- Check for working CXX compiler: /usr/bin/c++
-- Check for working CXX compiler: /usr/bin/c++ -- works
-- Detecting CXX compiler ABI info
-- Detecting CXX compiler ABI info - done
-- Detecting CXX compile features
-- Detecting CXX compile features - done
-- Found ament_cmake: 0.9.8 (/home/saitama1/ros2_foxy/install/ament_cmake/share/ament_cmake/cmake)
-- Found PythonInterp: /usr/bin/python3 (found suitable version "3.8.10", minimum required is "3") 
-- Using PYTHON_EXECUTABLE: /usr/bin/python3
-- Found ament_cmake_pytest: 0.9.8 (/home/saitama1/ros2_foxy/install/ament_cmake_pytest/share/ament_cmake_pytest/cmake)
-- Found ament_lint_auto: 0.9.6 (/home/saitama1/ros2_foxy/install/ament_lint_auto/share/ament_lint_auto/cmake)
-- Added test 'flake8' to check Python code syntax and style conventions
-- Added test 'lint_cmake' to check CMake code style
-- Added test 'pep257' to check Python code against some of the style conventions in PEP 257
-- Added test 'xmllint' to check XML markup files
-- Configuring done
-- Generating done
-- Build files have been written to: /home/saitama1/ros2_foxy/build/python_qt_binding
-- Install configuration: ""
-- Installing: /home/saitama1/ros2_foxy/install/python_qt_binding/share/python_qt_binding/environment/pythonpath.sh
-- Installing: /home/saitama1/ros2_foxy/install/python_qt_binding/share/python_qt_binding/environment/pythonpath.dsv
-- Installing: /home/saitama1/ros2_foxy/install/python_qt_binding/lib/python3.8/site-packages/python_qt_binding
-- Installing: /home/saitama1/ros2_foxy/install/python_qt_binding/lib/python3.8/site-packages/python_qt_binding/__init__.py
-- Installing: /home/saitama1/ros2_foxy/install/python_qt_binding/lib/python3.8/site-packages/python_qt_binding/binding_helper.py
Listing '/home/saitama1/ros2_foxy/install/python_qt_binding/lib/python3.8/site-packages/python_qt_binding'...
Compiling '/home/saitama1/ros2_foxy/install/python_qt_binding/lib/python3.8/site-packages/python_qt_binding/__init__.py'...
Compiling '/home/saitama1/ros2_foxy/install/python_qt_binding/lib/python3.8/site-packages/python_qt_binding/binding_helper.py'...
-- Installing: /home/saitama1/ros2_foxy/install/python_qt_binding/share/python_qt_binding/cmake/shiboken_helper.cmake
-- Installing: /home/saitama1/ros2_foxy/install/python_qt_binding/share/python_qt_binding/cmake/sip_configure.py
-- Installing: /home/saitama1/ros2_foxy/install/python_qt_binding/share/python_qt_binding/cmake/sip_helper.cmake
-- Installing: /home/saitama1/ros2_foxy/install/python_qt_binding/share/ament_index/resource_index/package_run_dependencies/python_qt_binding
-- Installing: /home/saitama1/ros2_foxy/install/python_qt_binding/share/ament_index/resource_index/parent_prefix_path/python_qt_binding
-- Installing: /home/saitama1/ros2_foxy/install/python_qt_binding/share/python_qt_binding/environment/ament_prefix_path.sh
-- Installing: /home/saitama1/ros2_foxy/install/python_qt_binding/share/python_qt_binding/environment/ament_prefix_path.dsv
-- Installing: /home/saitama1/ros2_foxy/install/python_qt_binding/share/python_qt_binding/environment/path.sh
-- Installing: /home/saitama1/ros2_foxy/install/python_qt_binding/share/python_qt_binding/environment/path.dsv
-- Installing: /home/saitama1/ros2_foxy/install/python_qt_binding/share/python_qt_binding/local_setup.bash
-- Installing: /home/saitama1/ros2_foxy/install/python_qt_binding/share/python_qt_binding/local_setup.sh
-- Installing: /home/saitama1/ros2_foxy/install/python_qt_binding/share/python_qt_binding/local_setup.zsh
-- Installing: /home/saitama1/ros2_foxy/install/python_qt_binding/share/python_qt_binding/local_setup.dsv
-- Installing: /home/saitama1/ros2_foxy/install/python_qt_binding/share/python_qt_binding/package.dsv
-- Installing: /home/saitama1/ros2_foxy/install/python_qt_binding/share/ament_index/resource_index/packages/python_qt_binding
-- Installing: /home/saitama1/ros2_foxy/install/python_qt_binding/share/python_qt_binding/cmake/python_qt_bindingConfig.cmake
-- Installing: /home/saitama1/ros2_foxy/install/python_qt_binding/share/python_qt_binding/cmake/python_qt_bindingConfig-version.cmake
-- Installing: /home/saitama1/ros2_foxy/install/python_qt_binding/share/python_qt_binding/package.xml
