-- Found ament_cmake: 0.9.8 (/home/saitama1/ros2_foxy/install/ament_cmake/share/ament_cmake/cmake)
-- Using PYTHON_EXECUTABLE: /usr/bin/python3
-- Override CMake install command with custom implementation using symlinks instead of copying resources
-- Found ament_lint_auto: 0.9.6 (/home/saitama1/ros2_foxy/install/ament_lint_auto/share/ament_lint_auto/cmake)
-- Added test 'copyright' to check source files copyright and LICENSE
-- Added test 'lint_cmake' to check CMake code style
-- Added test 'xmllint' to check XML markup files
-- Configuring done
-- Generating done
-- Build files have been written to: /home/saitama1/ros2_foxy/build/ros2cli_common_extensions
-- Install configuration: ""
-- Execute custom install script
-- Symlinking: /home/saitama1/ros2_foxy/install/ros2cli_common_extensions/share/ament_index/resource_index/package_run_dependencies/ros2cli_common_extensions
-- Symlinking: /home/saitama1/ros2_foxy/install/ros2cli_common_extensions/share/ament_index/resource_index/parent_prefix_path/ros2cli_common_extensions
-- Symlinking: /home/saitama1/ros2_foxy/install/ros2cli_common_extensions/share/ros2cli_common_extensions/environment/ament_prefix_path.sh
-- Symlinking: /home/saitama1/ros2_foxy/install/ros2cli_common_extensions/share/ros2cli_common_extensions/environment/ament_prefix_path.dsv
-- Symlinking: /home/saitama1/ros2_foxy/install/ros2cli_common_extensions/share/ros2cli_common_extensions/environment/path.sh
-- Symlinking: /home/saitama1/ros2_foxy/install/ros2cli_common_extensions/share/ros2cli_common_extensions/environment/path.dsv
-- Symlinking: /home/saitama1/ros2_foxy/install/ros2cli_common_extensions/share/ros2cli_common_extensions/local_setup.bash
-- Symlinking: /home/saitama1/ros2_foxy/install/ros2cli_common_extensions/share/ros2cli_common_extensions/local_setup.sh
-- Symlinking: /home/saitama1/ros2_foxy/install/ros2cli_common_extensions/share/ros2cli_common_extensions/local_setup.zsh
-- Symlinking: /home/saitama1/ros2_foxy/install/ros2cli_common_extensions/share/ros2cli_common_extensions/local_setup.dsv
-- Symlinking: /home/saitama1/ros2_foxy/install/ros2cli_common_extensions/share/ros2cli_common_extensions/package.dsv
-- Symlinking: /home/saitama1/ros2_foxy/install/ros2cli_common_extensions/share/ament_index/resource_index/packages/ros2cli_common_extensions
-- Symlinking: /home/saitama1/ros2_foxy/install/ros2cli_common_extensions/share/ros2cli_common_extensions/cmake/ros2cli_common_extensionsConfig.cmake
-- Symlinking: /home/saitama1/ros2_foxy/install/ros2cli_common_extensions/share/ros2cli_common_extensions/cmake/ros2cli_common_extensionsConfig-version.cmake
-- Symlinking: /home/saitama1/ros2_foxy/install/ros2cli_common_extensions/share/ros2cli_common_extensions/package.xml
