-- Found ament_cmake: 0.9.8 (/home/saitama1/ros2_foxy/install/ament_cmake/share/ament_cmake/cmake)
-- Using PYTHON_EXECUTABLE: /usr/bin/python3
-- Override CMake install command with custom implementation using symlinks instead of copying resources
-- Found action_tutorials_interfaces: 0.9.3 (/home/saitama1/ros2_foxy/install/action_tutorials_interfaces/share/action_tutorials_interfaces/cmake)
-- Using all available rosidl_typesupport_c: rosidl_typesupport_introspection_c;rosidl_typesupport_fastrtps_c
-- Found rosidl_adapter: 1.2.1 (/home/saitama1/ros2_foxy/install/rosidl_adapter/share/rosidl_adapter/cmake)
-- Using all available rosidl_typesupport_cpp: rosidl_typesupport_introspection_cpp;rosidl_typesupport_fastrtps_cpp
-- Found rclcpp: 2.3.1 (/home/saitama1/ros2_foxy/install/rclcpp/share/rclcpp/cmake)
-- Found rmw_implementation_cmake: 1.0.3 (/home/saitama1/ros2_foxy/install/rmw_implementation_cmake/share/rmw_implementation_cmake/cmake)
-- Using RMW implementation 'rmw_fastrtps_cpp' as default
-- Found rclcpp_action: 2.3.1 (/home/saitama1/ros2_foxy/install/rclcpp_action/share/rclcpp_action/cmake)
-- Found rclcpp_components: 2.3.1 (/home/saitama1/ros2_foxy/install/rclcpp_components/share/rclcpp_components/cmake)
-- Found ament_lint_auto: 0.9.6 (/home/saitama1/ros2_foxy/install/ament_lint_auto/share/ament_lint_auto/cmake)
-- Added test 'copyright' to check source files copyright and LICENSE
-- Added test 'cppcheck' to perform static code analysis on C / C++ code
-- Configured cppcheck include dirs: /home/saitama1/ros2_foxy/src/ros2/demos/action_tutorials/action_tutorials_cpp/include
-- Configured cppcheck exclude dirs and/or files: 
-- Added test 'cpplint' to check C / C++ code against the Google style
-- Configured cpplint exclude dirs and/or files: 
-- Added test 'lint_cmake' to check CMake code style
-- Added test 'uncrustify' to check C / C++ code style
-- Configured uncrustify additional arguments: 
-- Added test 'xmllint' to check XML markup files
-- Configuring done
-- Generating done
-- Build files have been written to: /home/saitama1/ros2_foxy/build/action_tutorials_cpp
[35m[1mScanning dependencies of target fibonacci_action_server[0m
[ 14%] [32mBuilding CXX object CMakeFiles/fibonacci_action_server.dir/rclcpp_components/node_main_fibonacci_action_server.cpp.o[0m
[ 28%] [32m[1mLinking CXX executable fibonacci_action_server[0m
[ 28%] Built target fibonacci_action_server
[35m[1mScanning dependencies of target action_tutorials[0m
[ 42%] [32mBuilding CXX object CMakeFiles/action_tutorials.dir/src/fibonacci_action_client.cpp.o[0m
[ 57%] [32mBuilding CXX object CMakeFiles/action_tutorials.dir/src/fibonacci_action_server.cpp.o[0m
[ 71%] [32m[1mLinking CXX shared library libaction_tutorials.so[0m
[ 71%] Built target action_tutorials
[35m[1mScanning dependencies of target fibonacci_action_client[0m
[ 85%] [32mBuilding CXX object CMakeFiles/fibonacci_action_client.dir/rclcpp_components/node_main_fibonacci_action_client.cpp.o[0m
[100%] [32m[1mLinking CXX executable fibonacci_action_client[0m
[100%] Built target fibonacci_action_client
-- Install configuration: ""
-- Execute custom install script
-- Up-to-date symlink: /home/saitama1/ros2_foxy/install/action_tutorials_cpp/lib/action_tutorials_cpp/fibonacci_action_client
-- Up-to-date symlink: /home/saitama1/ros2_foxy/install/action_tutorials_cpp/lib/action_tutorials_cpp/fibonacci_action_server
-- Up-to-date symlink: /home/saitama1/ros2_foxy/install/action_tutorials_cpp/lib/libaction_tutorials.so
-- Up-to-date symlink: /home/saitama1/ros2_foxy/install/action_tutorials_cpp/share/ament_index/resource_index/package_run_dependencies/action_tutorials_cpp
-- Up-to-date symlink: /home/saitama1/ros2_foxy/install/action_tutorials_cpp/share/ament_index/resource_index/parent_prefix_path/action_tutorials_cpp
-- Up-to-date symlink: /home/saitama1/ros2_foxy/install/action_tutorials_cpp/share/action_tutorials_cpp/environment/ament_prefix_path.sh
-- Up-to-date symlink: /home/saitama1/ros2_foxy/install/action_tutorials_cpp/share/action_tutorials_cpp/environment/ament_prefix_path.dsv
-- Up-to-date symlink: /home/saitama1/ros2_foxy/install/action_tutorials_cpp/share/action_tutorials_cpp/environment/path.sh
-- Up-to-date symlink: /home/saitama1/ros2_foxy/install/action_tutorials_cpp/share/action_tutorials_cpp/environment/path.dsv
-- Up-to-date symlink: /home/saitama1/ros2_foxy/install/action_tutorials_cpp/share/action_tutorials_cpp/local_setup.bash
-- Up-to-date symlink: /home/saitama1/ros2_foxy/install/action_tutorials_cpp/share/action_tutorials_cpp/local_setup.sh
-- Up-to-date symlink: /home/saitama1/ros2_foxy/install/action_tutorials_cpp/share/action_tutorials_cpp/local_setup.zsh
-- Up-to-date symlink: /home/saitama1/ros2_foxy/install/action_tutorials_cpp/share/action_tutorials_cpp/local_setup.dsv
-- Symlinking: /home/saitama1/ros2_foxy/install/action_tutorials_cpp/share/action_tutorials_cpp/package.dsv
-- Up-to-date symlink: /home/saitama1/ros2_foxy/install/action_tutorials_cpp/share/ament_index/resource_index/packages/action_tutorials_cpp
-- Up-to-date symlink: /home/saitama1/ros2_foxy/install/action_tutorials_cpp/share/ament_index/resource_index/rclcpp_components/action_tutorials_cpp
-- Up-to-date symlink: /home/saitama1/ros2_foxy/install/action_tutorials_cpp/share/action_tutorials_cpp/cmake/action_tutorials_cppConfig.cmake
-- Up-to-date symlink: /home/saitama1/ros2_foxy/install/action_tutorials_cpp/share/action_tutorials_cpp/cmake/action_tutorials_cppConfig-version.cmake
-- Up-to-date symlink: /home/saitama1/ros2_foxy/install/action_tutorials_cpp/share/action_tutorials_cpp/package.xml
