[0.417s] Invoking command in '/home/saitama1/Pictures/ros2-picas/ros2_foxy/build/ament_cmake_core': AMENT_PREFIX_PATH=/home/saitama1/Pictures/ros2-picas/ros2_foxy/install/ament_package PYTHONPATH=/home/saitama1/Pictures/ros2-picas/ros2_foxy/install/ament_package/lib/python3.8/site-packages /usr/bin/cmake /home/saitama1/Pictures/ros2-picas/ros2_foxy/src/ament/ament_cmake/ament_cmake_core -DCMAKE_INSTALL_PREFIX=/home/saitama1/Pictures/ros2-picas/ros2_foxy/install/ament_cmake_core
[0.472s] -- Found PythonInterp: /usr/bin/python3 (found suitable version "3.8.10", minimum required is "3") 
[0.473s] -- Using PYTHON_EXECUTABLE: /usr/bin/python3
[0.548s] -- ament_cmake_core 0.9.8
[0.744s] -- Configuring done
[0.746s] -- Generating done
[0.749s] -- Build files have been written to: /home/saitama1/Pictures/ros2-picas/ros2_foxy/build/ament_cmake_core
[1.141s] Invoked command in '/home/saitama1/Pictures/ros2-picas/ros2_foxy/build/ament_cmake_core' returned '0': AMENT_PREFIX_PATH=/home/saitama1/Pictures/ros2-picas/ros2_foxy/install/ament_package PYTHONPATH=/home/saitama1/Pictures/ros2-picas/ros2_foxy/install/ament_package/lib/python3.8/site-packages /usr/bin/cmake /home/saitama1/Pictures/ros2-picas/ros2_foxy/src/ament/ament_cmake/ament_cmake_core -DCMAKE_INSTALL_PREFIX=/home/saitama1/Pictures/ros2-picas/ros2_foxy/install/ament_cmake_core
[1.144s] Invoking command in '/home/saitama1/Pictures/ros2-picas/ros2_foxy/build/ament_cmake_core': AMENT_PREFIX_PATH=/home/saitama1/Pictures/ros2-picas/ros2_foxy/install/ament_package PYTHONPATH=/home/saitama1/Pictures/ros2-picas/ros2_foxy/install/ament_package/lib/python3.8/site-packages /usr/bin/cmake --build /home/saitama1/Pictures/ros2-picas/ros2_foxy/build/ament_cmake_core -- -j12 -l12
[1.189s] Invoked command in '/home/saitama1/Pictures/ros2-picas/ros2_foxy/build/ament_cmake_core' returned '0': AMENT_PREFIX_PATH=/home/saitama1/Pictures/ros2-picas/ros2_foxy/install/ament_package PYTHONPATH=/home/saitama1/Pictures/ros2-picas/ros2_foxy/install/ament_package/lib/python3.8/site-packages /usr/bin/cmake --build /home/saitama1/Pictures/ros2-picas/ros2_foxy/build/ament_cmake_core -- -j12 -l12
[1.217s] Invoking command in '/home/saitama1/Pictures/ros2-picas/ros2_foxy/build/ament_cmake_core': AMENT_PREFIX_PATH=/home/saitama1/Pictures/ros2-picas/ros2_foxy/install/ament_package PYTHONPATH=/home/saitama1/Pictures/ros2-picas/ros2_foxy/install/ament_package/lib/python3.8/site-packages /usr/bin/cmake --install /home/saitama1/Pictures/ros2-picas/ros2_foxy/build/ament_cmake_core
[1.228s] -- Install configuration: ""
[1.249s] -- Installing: /home/saitama1/Pictures/ros2-picas/ros2_foxy/install/ament_cmake_core/share/ament_index/resource_index/package_run_dependencies/ament_cmake_core
[1.251s] -- Installing: /home/saitama1/Pictures/ros2-picas/ros2_foxy/install/ament_cmake_core/share/ament_index/resource_index/parent_prefix_path/ament_cmake_core
[1.271s] -- Installing: /home/saitama1/Pictures/ros2-picas/ros2_foxy/install/ament_cmake_core/share/ament_cmake_core/environment/ament_prefix_path.sh
[1.273s] -- Installing: /home/saitama1/Pictures/ros2-picas/ros2_foxy/install/ament_cmake_core/share/ament_cmake_core/environment/ament_prefix_path.dsv
[1.273s] -- Installing: /home/saitama1/Pictures/ros2-picas/ros2_foxy/install/ament_cmake_core/share/ament_cmake_core/environment/path.sh
[1.274s] -- Installing: /home/saitama1/Pictures/ros2-picas/ros2_foxy/install/ament_cmake_core/share/ament_cmake_core/environment/path.dsv
[1.274s] -- Installing: /home/saitama1/Pictures/ros2-picas/ros2_foxy/install/ament_cmake_core/share/ament_cmake_core/local_setup.bash
[1.274s] -- Installing: /home/saitama1/Pictures/ros2-picas/ros2_foxy/install/ament_cmake_core/share/ament_cmake_core/local_setup.sh
[1.274s] -- Installing: /home/saitama1/Pictures/ros2-picas/ros2_foxy/install/ament_cmake_core/share/ament_cmake_core/local_setup.zsh
[1.274s] -- Installing: /home/saitama1/Pictures/ros2-picas/ros2_foxy/install/ament_cmake_core/share/ament_cmake_core/local_setup.dsv
[1.274s] -- Installing: /home/saitama1/Pictures/ros2-picas/ros2_foxy/install/ament_cmake_core/share/ament_cmake_core/package.dsv
[1.277s] -- Installing: /home/saitama1/Pictures/ros2-picas/ros2_foxy/install/ament_cmake_core/share/ament_index/resource_index/packages/ament_cmake_core
[1.278s] -- Installing: /home/saitama1/Pictures/ros2-picas/ros2_foxy/install/ament_cmake_core/share/ament_cmake_core/cmake/ament_cmake_core-extras.cmake
[1.278s] -- Installing: /home/saitama1/Pictures/ros2-picas/ros2_foxy/install/ament_cmake_core/share/ament_cmake_core/cmake/ament_cmake_environment-extras.cmake
[1.278s] -- Installing: /home/saitama1/Pictures/ros2-picas/ros2_foxy/install/ament_cmake_core/share/ament_cmake_core/cmake/ament_cmake_environment_hooks-extras.cmake
[1.279s] -- Installing: /home/saitama1/Pictures/ros2-picas/ros2_foxy/install/ament_cmake_core/share/ament_cmake_core/cmake/ament_cmake_index-extras.cmake
[1.279s] -- Installing: /home/saitama1/Pictures/ros2-picas/ros2_foxy/install/ament_cmake_core/share/ament_cmake_core/cmake/ament_cmake_package_templates-extras.cmake
[1.279s] -- Installing: /home/saitama1/Pictures/ros2-picas/ros2_foxy/install/ament_cmake_core/share/ament_cmake_core/cmake/ament_cmake_uninstall_target-extras.cmake
[1.280s] -- Installing: /home/saitama1/Pictures/ros2-picas/ros2_foxy/install/ament_cmake_core/share/ament_cmake_core/cmake/ament_cmake_symlink_install-extras.cmake
[1.280s] -- Installing: /home/saitama1/Pictures/ros2-picas/ros2_foxy/install/ament_cmake_core/share/ament_cmake_core/cmake/ament_cmake_coreConfig.cmake
[1.281s] -- Installing: /home/saitama1/Pictures/ros2-picas/ros2_foxy/install/ament_cmake_core/share/ament_cmake_core/cmake/ament_cmake_coreConfig-version.cmake
[1.281s] -- Installing: /home/saitama1/Pictures/ros2-picas/ros2_foxy/install/ament_cmake_core/share/ament_cmake_core/package.xml
[1.281s] -- Up-to-date: /home/saitama1/Pictures/ros2-picas/ros2_foxy/install/ament_cmake_core/share/ament_cmake_core/cmake
[1.281s] -- Up-to-date: /home/saitama1/Pictures/ros2-picas/ros2_foxy/install/ament_cmake_core/share/ament_cmake_core/cmake/environment_hooks
[1.282s] -- Up-to-date: /home/saitama1/Pictures/ros2-picas/ros2_foxy/install/ament_cmake_core/share/ament_cmake_core/cmake/environment_hooks/environment
[1.282s] -- Installing: /home/saitama1/Pictures/ros2-picas/ros2_foxy/install/ament_cmake_core/share/ament_cmake_core/cmake/environment_hooks/environment/ament_prefix_path.sh
[1.282s] -- Installing: /home/saitama1/Pictures/ros2-picas/ros2_foxy/install/ament_cmake_core/share/ament_cmake_core/cmake/environment_hooks/environment/path.bat
[1.285s] -- Installing: /home/saitama1/Pictures/ros2-picas/ros2_foxy/install/ament_cmake_core/share/ament_cmake_core/cmake/environment_hooks/environment/path.sh
[1.285s] -- Installing: /home/saitama1/Pictures/ros2-picas/ros2_foxy/install/ament_cmake_core/share/ament_cmake_core/cmake/environment_hooks/environment/ament_prefix_path.bat
[1.285s] -- Installing: /home/saitama1/Pictures/ros2-picas/ros2_foxy/install/ament_cmake_core/share/ament_cmake_core/cmake/environment_hooks/ament_generate_package_environment.cmake
[1.285s] -- Installing: /home/saitama1/Pictures/ros2-picas/ros2_foxy/install/ament_cmake_core/share/ament_cmake_core/cmake/environment_hooks/ament_cmake_environment_hooks_package_hook.cmake
[1.286s] -- Installing: /home/saitama1/Pictures/ros2-picas/ros2_foxy/install/ament_cmake_core/share/ament_cmake_core/cmake/environment_hooks/ament_environment_hooks.cmake
[1.286s] -- Up-to-date: /home/saitama1/Pictures/ros2-picas/ros2_foxy/install/ament_cmake_core/share/ament_cmake_core/cmake/package_templates
[1.286s] -- Installing: /home/saitama1/Pictures/ros2-picas/ros2_foxy/install/ament_cmake_core/share/ament_cmake_core/cmake/package_templates/templates_2_cmake.py
[1.286s] -- Up-to-date: /home/saitama1/Pictures/ros2-picas/ros2_foxy/install/ament_cmake_core/share/ament_cmake_core/cmake/index
[1.287s] -- Installing: /home/saitama1/Pictures/ros2-picas/ros2_foxy/install/ament_cmake_core/share/ament_cmake_core/cmake/index/ament_index_has_resource.cmake
[1.287s] -- Installing: /home/saitama1/Pictures/ros2-picas/ros2_foxy/install/ament_cmake_core/share/ament_cmake_core/cmake/index/ament_index_get_resource.cmake
[1.287s] -- Installing: /home/saitama1/Pictures/ros2-picas/ros2_foxy/install/ament_cmake_core/share/ament_cmake_core/cmake/index/ament_cmake_index_package_hook.cmake
[1.287s] -- Installing: /home/saitama1/Pictures/ros2-picas/ros2_foxy/install/ament_cmake_core/share/ament_cmake_core/cmake/index/ament_index_get_resources.cmake
[1.287s] -- Installing: /home/saitama1/Pictures/ros2-picas/ros2_foxy/install/ament_cmake_core/share/ament_cmake_core/cmake/index/ament_index_get_prefix_path.cmake
[1.288s] -- Installing: /home/saitama1/Pictures/ros2-picas/ros2_foxy/install/ament_cmake_core/share/ament_cmake_core/cmake/index/ament_index_register_resource.cmake
[1.288s] -- Installing: /home/saitama1/Pictures/ros2-picas/ros2_foxy/install/ament_cmake_core/share/ament_cmake_core/cmake/index/ament_index_register_package.cmake
[1.288s] -- Up-to-date: /home/saitama1/Pictures/ros2-picas/ros2_foxy/install/ament_cmake_core/share/ament_cmake_core/cmake/environment
[1.290s] -- Installing: /home/saitama1/Pictures/ros2-picas/ros2_foxy/install/ament_cmake_core/share/ament_cmake_core/cmake/environment/ament_generate_environment.cmake
[1.290s] -- Installing: /home/saitama1/Pictures/ros2-picas/ros2_foxy/install/ament_cmake_core/share/ament_cmake_core/cmake/environment/ament_cmake_environment_package_hook.cmake
[1.290s] -- Up-to-date: /home/saitama1/Pictures/ros2-picas/ros2_foxy/install/ament_cmake_core/share/ament_cmake_core/cmake/uninstall_target
[1.291s] -- Installing: /home/saitama1/Pictures/ros2-picas/ros2_foxy/install/ament_cmake_core/share/ament_cmake_core/cmake/uninstall_target/ament_cmake_uninstall_target.cmake.in
[1.292s] -- Installing: /home/saitama1/Pictures/ros2-picas/ros2_foxy/install/ament_cmake_core/share/ament_cmake_core/cmake/uninstall_target/ament_cmake_uninstall_target_append_uninstall_code.cmake
[1.292s] -- Up-to-date: /home/saitama1/Pictures/ros2-picas/ros2_foxy/install/ament_cmake_core/share/ament_cmake_core/cmake/core
[1.292s] -- Installing: /home/saitama1/Pictures/ros2-picas/ros2_foxy/install/ament_cmake_core/share/ament_cmake_core/cmake/core/list_append_unique.cmake
[1.293s] -- Installing: /home/saitama1/Pictures/ros2-picas/ros2_foxy/install/ament_cmake_core/share/ament_cmake_core/cmake/core/ament_package_xml.cmake
[1.293s] -- Installing: /home/saitama1/Pictures/ros2-picas/ros2_foxy/install/ament_cmake_core/share/ament_cmake_core/cmake/core/ament_execute_extensions.cmake
[1.293s] -- Installing: /home/saitama1/Pictures/ros2-picas/ros2_foxy/install/ament_cmake_core/share/ament_cmake_core/cmake/core/python.cmake
[1.293s] -- Installing: /home/saitama1/Pictures/ros2-picas/ros2_foxy/install/ament_cmake_core/share/ament_cmake_core/cmake/core/package_xml_2_cmake.py
[1.293s] -- Installing: /home/saitama1/Pictures/ros2-picas/ros2_foxy/install/ament_cmake_core/share/ament_cmake_core/cmake/core/stamp.cmake
[1.293s] -- Up-to-date: /home/saitama1/Pictures/ros2-picas/ros2_foxy/install/ament_cmake_core/share/ament_cmake_core/cmake/core/templates
[1.299s] -- Installing: /home/saitama1/Pictures/ros2-picas/ros2_foxy/install/ament_cmake_core/share/ament_cmake_core/cmake/core/templates/nameConfig-version.cmake.in
[1.299s] -- Installing: /home/saitama1/Pictures/ros2-picas/ros2_foxy/install/ament_cmake_core/share/ament_cmake_core/cmake/core/templates/nameConfig.cmake.in
[1.299s] -- Installing: /home/saitama1/Pictures/ros2-picas/ros2_foxy/install/ament_cmake_core/share/ament_cmake_core/cmake/core/normalize_path.cmake
[1.299s] -- Installing: /home/saitama1/Pictures/ros2-picas/ros2_foxy/install/ament_cmake_core/share/ament_cmake_core/cmake/core/ament_package.cmake
[1.300s] -- Installing: /home/saitama1/Pictures/ros2-picas/ros2_foxy/install/ament_cmake_core/share/ament_cmake_core/cmake/core/assert_file_exists.cmake
[1.300s] -- Installing: /home/saitama1/Pictures/ros2-picas/ros2_foxy/install/ament_cmake_core/share/ament_cmake_core/cmake/core/all.cmake
[1.300s] -- Installing: /home/saitama1/Pictures/ros2-picas/ros2_foxy/install/ament_cmake_core/share/ament_cmake_core/cmake/core/ament_register_extension.cmake
[1.300s] -- Installing: /home/saitama1/Pictures/ros2-picas/ros2_foxy/install/ament_cmake_core/share/ament_cmake_core/cmake/core/string_ends_with.cmake
[1.301s] -- Up-to-date: /home/saitama1/Pictures/ros2-picas/ros2_foxy/install/ament_cmake_core/share/ament_cmake_core/cmake/symlink_install
[1.304s] -- Installing: /home/saitama1/Pictures/ros2-picas/ros2_foxy/install/ament_cmake_core/share/ament_cmake_core/cmake/symlink_install/ament_cmake_symlink_install.cmake.in
[1.305s] -- Installing: /home/saitama1/Pictures/ros2-picas/ros2_foxy/install/ament_cmake_core/share/ament_cmake_core/cmake/symlink_install/ament_cmake_symlink_install_programs.cmake
[1.306s] -- Installing: /home/saitama1/Pictures/ros2-picas/ros2_foxy/install/ament_cmake_core/share/ament_cmake_core/cmake/symlink_install/install.cmake
[1.307s] -- Installing: /home/saitama1/Pictures/ros2-picas/ros2_foxy/install/ament_cmake_core/share/ament_cmake_core/cmake/symlink_install/ament_cmake_symlink_install_targets.cmake
[1.308s] -- Installing: /home/saitama1/Pictures/ros2-picas/ros2_foxy/install/ament_cmake_core/share/ament_cmake_core/cmake/symlink_install/ament_cmake_symlink_install_uninstall_script.cmake.in
[1.308s] -- Installing: /home/saitama1/Pictures/ros2-picas/ros2_foxy/install/ament_cmake_core/share/ament_cmake_core/cmake/symlink_install/ament_cmake_symlink_install_append_install_code.cmake
[1.309s] -- Installing: /home/saitama1/Pictures/ros2-picas/ros2_foxy/install/ament_cmake_core/share/ament_cmake_core/cmake/symlink_install/ament_cmake_symlink_install_directory.cmake
[1.310s] -- Installing: /home/saitama1/Pictures/ros2-picas/ros2_foxy/install/ament_cmake_core/share/ament_cmake_core/cmake/symlink_install/ament_cmake_symlink_install_files.cmake
[1.315s] Invoked command in '/home/saitama1/Pictures/ros2-picas/ros2_foxy/build/ament_cmake_core' returned '0': AMENT_PREFIX_PATH=/home/saitama1/Pictures/ros2-picas/ros2_foxy/install/ament_package PYTHONPATH=/home/saitama1/Pictures/ros2-picas/ros2_foxy/install/ament_package/lib/python3.8/site-packages /usr/bin/cmake --install /home/saitama1/Pictures/ros2-picas/ros2_foxy/build/ament_cmake_core
