-- Install configuration: ""
-- Execute custom install script
-- Up-to-date symlink: /home/saitama1/ros2_foxy/install/python_qt_binding/share/python_qt_binding/environment/pythonpath.sh
-- Up-to-date symlink: /home/saitama1/ros2_foxy/install/python_qt_binding/share/python_qt_binding/environment/pythonpath.dsv
-- Up-to-date symlink: /home/saitama1/ros2_foxy/install/python_qt_binding/lib/python3.8/site-packages/python_qt_binding/__init__.py
-- Up-to-date symlink: /home/saitama1/ros2_foxy/install/python_qt_binding/lib/python3.8/site-packages/python_qt_binding/binding_helper.py
-- Up-to-date symlink: /home/saitama1/ros2_foxy/install/python_qt_binding/share/python_qt_binding/cmake/shiboken_helper.cmake
-- Up-to-date symlink: /home/saitama1/ros2_foxy/install/python_qt_binding/share/python_qt_binding/cmake/sip_configure.py
-- Up-to-date symlink: /home/saitama1/ros2_foxy/install/python_qt_binding/share/python_qt_binding/cmake/sip_helper.cmake
-- Up-to-date symlink: /home/saitama1/ros2_foxy/install/python_qt_binding/share/ament_index/resource_index/package_run_dependencies/python_qt_binding
-- Up-to-date symlink: /home/saitama1/ros2_foxy/install/python_qt_binding/share/ament_index/resource_index/parent_prefix_path/python_qt_binding
-- Up-to-date symlink: /home/saitama1/ros2_foxy/install/python_qt_binding/share/python_qt_binding/environment/ament_prefix_path.sh
-- Up-to-date symlink: /home/saitama1/ros2_foxy/install/python_qt_binding/share/python_qt_binding/environment/ament_prefix_path.dsv
-- Up-to-date symlink: /home/saitama1/ros2_foxy/install/python_qt_binding/share/python_qt_binding/environment/path.sh
-- Up-to-date symlink: /home/saitama1/ros2_foxy/install/python_qt_binding/share/python_qt_binding/environment/path.dsv
-- Up-to-date symlink: /home/saitama1/ros2_foxy/install/python_qt_binding/share/python_qt_binding/local_setup.bash
-- Up-to-date symlink: /home/saitama1/ros2_foxy/install/python_qt_binding/share/python_qt_binding/local_setup.sh
-- Up-to-date symlink: /home/saitama1/ros2_foxy/install/python_qt_binding/share/python_qt_binding/local_setup.zsh
-- Up-to-date symlink: /home/saitama1/ros2_foxy/install/python_qt_binding/share/python_qt_binding/local_setup.dsv
-- Symlinking: /home/saitama1/ros2_foxy/install/python_qt_binding/share/python_qt_binding/package.dsv
-- Up-to-date symlink: /home/saitama1/ros2_foxy/install/python_qt_binding/share/ament_index/resource_index/packages/python_qt_binding
-- Up-to-date symlink: /home/saitama1/ros2_foxy/install/python_qt_binding/share/python_qt_binding/cmake/python_qt_bindingConfig.cmake
-- Up-to-date symlink: /home/saitama1/ros2_foxy/install/python_qt_binding/share/python_qt_binding/cmake/python_qt_bindingConfig-version.cmake
-- Up-to-date symlink: /home/saitama1/ros2_foxy/install/python_qt_binding/share/python_qt_binding/package.xml
Listing '/home/saitama1/ros2_foxy/install/python_qt_binding/lib/python3.8/site-packages/python_qt_binding'...
