[ 10%] Built target gtest
[ 21%] Built target rosidl_typesupport_cpp__test_type_support1
[ 47%] Built target rosidl_typesupport_cpp
[ 57%] Built target gtest_main
[ 68%] Built target rosidl_typesupport_cpp__test_type_support2
[ 78%] Built target test_message_type_support
[ 89%] Built target benchmark_type_support_dispatch
[100%] Built target test_service_type_support
-- Install configuration: ""
-- Execute custom install script
-- Up-to-date symlink: /home/saitama1/ros2_foxy/install/rosidl_typesupport_cpp/share/rosidl_typesupport_cpp/environment/pythonpath.sh
-- Up-to-date symlink: /home/saitama1/ros2_foxy/install/rosidl_typesupport_cpp/share/rosidl_typesupport_cpp/environment/pythonpath.dsv
-- Up-to-date symlink: /home/saitama1/ros2_foxy/install/rosidl_typesupport_cpp/lib/python3.8/site-packages/rosidl_typesupport_cpp/__init__.py
-- Up-to-date symlink: /home/saitama1/ros2_foxy/install/rosidl_typesupport_cpp/share/rosidl_typesupport_cpp/environment/library_path.sh
-- Up-to-date symlink: /home/saitama1/ros2_foxy/install/rosidl_typesupport_cpp/share/rosidl_typesupport_cpp/environment/library_path.dsv
-- Up-to-date symlink: /home/saitama1/ros2_foxy/install/rosidl_typesupport_cpp/share/ament_index/resource_index/rosidl_runtime_packages/rosidl_typesupport_cpp
-- Up-to-date symlink: /home/saitama1/ros2_foxy/install/rosidl_typesupport_cpp/share/ament_index/resource_index/package_run_dependencies/rosidl_typesupport_cpp
-- Up-to-date symlink: /home/saitama1/ros2_foxy/install/rosidl_typesupport_cpp/share/ament_index/resource_index/parent_prefix_path/rosidl_typesupport_cpp
-- Up-to-date symlink: /home/saitama1/ros2_foxy/install/rosidl_typesupport_cpp/share/rosidl_typesupport_cpp/environment/ament_prefix_path.sh
-- Up-to-date symlink: /home/saitama1/ros2_foxy/install/rosidl_typesupport_cpp/share/rosidl_typesupport_cpp/environment/ament_prefix_path.dsv
-- Up-to-date symlink: /home/saitama1/ros2_foxy/install/rosidl_typesupport_cpp/share/rosidl_typesupport_cpp/environment/path.sh
-- Up-to-date symlink: /home/saitama1/ros2_foxy/install/rosidl_typesupport_cpp/share/rosidl_typesupport_cpp/environment/path.dsv
-- Up-to-date symlink: /home/saitama1/ros2_foxy/install/rosidl_typesupport_cpp/share/rosidl_typesupport_cpp/local_setup.bash
-- Up-to-date symlink: /home/saitama1/ros2_foxy/install/rosidl_typesupport_cpp/share/rosidl_typesupport_cpp/local_setup.sh
-- Up-to-date symlink: /home/saitama1/ros2_foxy/install/rosidl_typesupport_cpp/share/rosidl_typesupport_cpp/local_setup.zsh
-- Up-to-date symlink: /home/saitama1/ros2_foxy/install/rosidl_typesupport_cpp/share/rosidl_typesupport_cpp/local_setup.dsv
-- Symlinking: /home/saitama1/ros2_foxy/install/rosidl_typesupport_cpp/share/rosidl_typesupport_cpp/package.dsv
-- Up-to-date symlink: /home/saitama1/ros2_foxy/install/rosidl_typesupport_cpp/share/ament_index/resource_index/packages/rosidl_typesupport_cpp
-- Up-to-date symlink: /home/saitama1/ros2_foxy/install/rosidl_typesupport_cpp/share/rosidl_typesupport_cpp/cmake/rosidl_typesupport_cpp-extras.cmake
-- Up-to-date symlink: /home/saitama1/ros2_foxy/install/rosidl_typesupport_cpp/share/rosidl_typesupport_cpp/cmake/ament_cmake_export_dependencies-extras.cmake
-- Up-to-date symlink: /home/saitama1/ros2_foxy/install/rosidl_typesupport_cpp/share/rosidl_typesupport_cpp/cmake/ament_cmake_export_include_directories-extras.cmake
-- Up-to-date symlink: /home/saitama1/ros2_foxy/install/rosidl_typesupport_cpp/share/rosidl_typesupport_cpp/cmake/ament_cmake_export_libraries-extras.cmake
-- Up-to-date symlink: /home/saitama1/ros2_foxy/install/rosidl_typesupport_cpp/share/rosidl_typesupport_cpp/cmake/ament_cmake_export_targets-extras.cmake
-- Up-to-date symlink: /home/saitama1/ros2_foxy/install/rosidl_typesupport_cpp/share/rosidl_typesupport_cpp/cmake/rosidl_typesupport_cppConfig.cmake
-- Up-to-date symlink: /home/saitama1/ros2_foxy/install/rosidl_typesupport_cpp/share/rosidl_typesupport_cpp/cmake/rosidl_typesupport_cppConfig-version.cmake
-- Up-to-date symlink: /home/saitama1/ros2_foxy/install/rosidl_typesupport_cpp/share/rosidl_typesupport_cpp/package.xml
-- Up-to-date symlink: /home/saitama1/ros2_foxy/install/rosidl_typesupport_cpp/lib/rosidl_typesupport_cpp/rosidl_typesupport_cpp
-- Up-to-date symlink: /home/saitama1/ros2_foxy/install/rosidl_typesupport_cpp/share/rosidl_typesupport_cpp/cmake/rosidl_typesupport_cpp_generate_interfaces.cmake
-- Up-to-date symlink: /home/saitama1/ros2_foxy/install/rosidl_typesupport_cpp/share/rosidl_typesupport_cpp/resource/action__type_support.cpp.em
-- Up-to-date symlink: /home/saitama1/ros2_foxy/install/rosidl_typesupport_cpp/share/rosidl_typesupport_cpp/resource/idl__type_support.cpp.em
-- Up-to-date symlink: /home/saitama1/ros2_foxy/install/rosidl_typesupport_cpp/share/rosidl_typesupport_cpp/resource/msg__type_support.cpp.em
-- Up-to-date symlink: /home/saitama1/ros2_foxy/install/rosidl_typesupport_cpp/share/rosidl_typesupport_cpp/resource/srv__type_support.cpp.em
-- Up-to-date symlink: /home/saitama1/ros2_foxy/install/rosidl_typesupport_cpp/include/rosidl_typesupport_cpp/identifier.hpp
-- Up-to-date symlink: /home/saitama1/ros2_foxy/install/rosidl_typesupport_cpp/include/rosidl_typesupport_cpp/message_type_support_dispatch.hpp
-- Up-to-date symlink: /home/saitama1/ros2_foxy/install/rosidl_typesupport_cpp/include/rosidl_typesupport_cpp/service_type_support_dispatch.hpp
-- Up-to-date symlink: /home/saitama1/ros2_foxy/install/rosidl_typesupport_cpp/include/rosidl_typesupport_cpp/type_support_map.h
-- Up-to-date symlink: /home/saitama1/ros2_foxy/install/rosidl_typesupport_cpp/include/rosidl_typesupport_cpp/visibility_control.h
Listing '/home/saitama1/ros2_foxy/install/rosidl_typesupport_cpp/lib/python3.8/site-packages/rosidl_typesupport_cpp'...
-- Up-to-date: /home/saitama1/ros2_foxy/install/rosidl_typesupport_cpp/share/rosidl_typesupport_cpp/cmake/rosidl_typesupport_cppExport.cmake
-- Up-to-date: /home/saitama1/ros2_foxy/install/rosidl_typesupport_cpp/share/rosidl_typesupport_cpp/cmake/rosidl_typesupport_cppExport-noconfig.cmake
-- Up-to-date: /home/saitama1/ros2_foxy/install/rosidl_typesupport_cpp/lib/librosidl_typesupport_cpp.so
