running egg_info
creating ../../../../build/ros2launch/ros2launch.egg-info
writing ../../../../build/ros2launch/ros2launch.egg-info/PKG-INFO
writing dependency_links to ../../../../build/ros2launch/ros2launch.egg-info/dependency_links.txt
writing entry points to ../../../../build/ros2launch/ros2launch.egg-info/entry_points.txt
writing requirements to ../../../../build/ros2launch/ros2launch.egg-info/requires.txt
writing top-level names to ../../../../build/ros2launch/ros2launch.egg-info/top_level.txt
writing manifest file '../../../../build/ros2launch/ros2launch.egg-info/SOURCES.txt'
reading manifest file '../../../../build/ros2launch/ros2launch.egg-info/SOURCES.txt'
writing manifest file '../../../../build/ros2launch/ros2launch.egg-info/SOURCES.txt'
running build
running build_py
creating /home/saitama1/ros2_foxy/build/ros2launch/build
creating /home/saitama1/ros2_foxy/build/ros2launch/build/lib
creating /home/saitama1/ros2_foxy/build/ros2launch/build/lib/ros2launch
copying ros2launch/__init__.py -> /home/saitama1/ros2_foxy/build/ros2launch/build/lib/ros2launch
creating /home/saitama1/ros2_foxy/build/ros2launch/build/lib/ros2launch/command
copying ros2launch/command/__init__.py -> /home/saitama1/ros2_foxy/build/ros2launch/build/lib/ros2launch/command
copying ros2launch/command/launch.py -> /home/saitama1/ros2_foxy/build/ros2launch/build/lib/ros2launch/command
creating /home/saitama1/ros2_foxy/build/ros2launch/build/lib/ros2launch/api
copying ros2launch/api/__init__.py -> /home/saitama1/ros2_foxy/build/ros2launch/build/lib/ros2launch/api
copying ros2launch/api/api.py -> /home/saitama1/ros2_foxy/build/ros2launch/build/lib/ros2launch/api
running install
running install_lib
creating /home/saitama1/ros2_foxy/install/ros2launch/lib/python3.8/site-packages/ros2launch
copying /home/saitama1/ros2_foxy/build/ros2launch/build/lib/ros2launch/__init__.py -> /home/saitama1/ros2_foxy/install/ros2launch/lib/python3.8/site-packages/ros2launch
creating /home/saitama1/ros2_foxy/install/ros2launch/lib/python3.8/site-packages/ros2launch/command
copying /home/saitama1/ros2_foxy/build/ros2launch/build/lib/ros2launch/command/__init__.py -> /home/saitama1/ros2_foxy/install/ros2launch/lib/python3.8/site-packages/ros2launch/command
copying /home/saitama1/ros2_foxy/build/ros2launch/build/lib/ros2launch/command/launch.py -> /home/saitama1/ros2_foxy/install/ros2launch/lib/python3.8/site-packages/ros2launch/command
creating /home/saitama1/ros2_foxy/install/ros2launch/lib/python3.8/site-packages/ros2launch/api
copying /home/saitama1/ros2_foxy/build/ros2launch/build/lib/ros2launch/api/__init__.py -> /home/saitama1/ros2_foxy/install/ros2launch/lib/python3.8/site-packages/ros2launch/api
copying /home/saitama1/ros2_foxy/build/ros2launch/build/lib/ros2launch/api/api.py -> /home/saitama1/ros2_foxy/install/ros2launch/lib/python3.8/site-packages/ros2launch/api
byte-compiling /home/saitama1/ros2_foxy/install/ros2launch/lib/python3.8/site-packages/ros2launch/__init__.py to __init__.cpython-38.pyc
byte-compiling /home/saitama1/ros2_foxy/install/ros2launch/lib/python3.8/site-packages/ros2launch/command/__init__.py to __init__.cpython-38.pyc
byte-compiling /home/saitama1/ros2_foxy/install/ros2launch/lib/python3.8/site-packages/ros2launch/command/launch.py to launch.cpython-38.pyc
byte-compiling /home/saitama1/ros2_foxy/install/ros2launch/lib/python3.8/site-packages/ros2launch/api/__init__.py to __init__.cpython-38.pyc
byte-compiling /home/saitama1/ros2_foxy/install/ros2launch/lib/python3.8/site-packages/ros2launch/api/api.py to api.cpython-38.pyc
running install_data
copying package.xml -> /home/saitama1/ros2_foxy/install/ros2launch/share/ros2launch
creating /home/saitama1/ros2_foxy/install/ros2launch/share/ament_index
creating /home/saitama1/ros2_foxy/install/ros2launch/share/ament_index/resource_index
creating /home/saitama1/ros2_foxy/install/ros2launch/share/ament_index/resource_index/packages
copying resource/ros2launch -> /home/saitama1/ros2_foxy/install/ros2launch/share/ament_index/resource_index/packages
running install_egg_info
Copying ../../../../build/ros2launch/ros2launch.egg-info to /home/saitama1/ros2_foxy/install/ros2launch/lib/python3.8/site-packages/ros2launch-0.11.2-py3.8.egg-info
running install_scripts
writing list of installed files to '/home/saitama1/ros2_foxy/build/ros2launch/install.log'
