[1.748s] Invoking command in '/home/saitama1/ros2_foxy/src/ament/ament_lint/ament_pep257': AMENT_PREFIX_PATH=/home/saitama1/ros2_foxy/install/ament_flake8:/home/saitama1/ros2_foxy/install/ament_lint PATH=/home/saitama1/ros2_foxy/install/ament_flake8/bin:${PATH} PYTHONPATH=/home/saitama1/ros2_foxy/install/ament_pep257/lib/python3.8/site-packages:/home/saitama1/ros2_foxy/install/ament_flake8/lib/python3.8/site-packages:/home/saitama1/ros2_foxy/install/ament_lint/lib/python3.8/site-packages /usr/bin/python3 setup.py egg_info --egg-base ../../../../build/ament_pep257 build --build-base /home/saitama1/ros2_foxy/build/ament_pep257/build install --prefix /home/saitama1/ros2_foxy/install/ament_pep257 --record /home/saitama1/ros2_foxy/build/ament_pep257/install.log --single-version-externally-managed
[2.064s] running egg_info
[2.064s] creating ../../../../build/ament_pep257/ament_pep257.egg-info
[2.066s] writing ../../../../build/ament_pep257/ament_pep257.egg-info/PKG-INFO
[2.066s] writing dependency_links to ../../../../build/ament_pep257/ament_pep257.egg-info/dependency_links.txt
[2.066s] writing entry points to ../../../../build/ament_pep257/ament_pep257.egg-info/entry_points.txt
[2.066s] writing requirements to ../../../../build/ament_pep257/ament_pep257.egg-info/requires.txt
[2.066s] writing top-level names to ../../../../build/ament_pep257/ament_pep257.egg-info/top_level.txt
[2.067s] writing manifest file '../../../../build/ament_pep257/ament_pep257.egg-info/SOURCES.txt'
[2.111s] reading manifest file '../../../../build/ament_pep257/ament_pep257.egg-info/SOURCES.txt'
[2.111s] writing manifest file '../../../../build/ament_pep257/ament_pep257.egg-info/SOURCES.txt'
[2.111s] running build
[2.111s] running build_py
[2.111s] creating /home/saitama1/ros2_foxy/build/ament_pep257/build
[2.111s] creating /home/saitama1/ros2_foxy/build/ament_pep257/build/lib
[2.111s] creating /home/saitama1/ros2_foxy/build/ament_pep257/build/lib/ament_pep257
[2.111s] copying ament_pep257/pytest_marker.py -> /home/saitama1/ros2_foxy/build/ament_pep257/build/lib/ament_pep257
[2.111s] copying ament_pep257/__init__.py -> /home/saitama1/ros2_foxy/build/ament_pep257/build/lib/ament_pep257
[2.111s] copying ament_pep257/main.py -> /home/saitama1/ros2_foxy/build/ament_pep257/build/lib/ament_pep257
[2.111s] running install
[2.111s] running install_lib
[2.112s] creating /home/saitama1/ros2_foxy/install/ament_pep257/lib/python3.8/site-packages/ament_pep257
[2.112s] copying /home/saitama1/ros2_foxy/build/ament_pep257/build/lib/ament_pep257/pytest_marker.py -> /home/saitama1/ros2_foxy/install/ament_pep257/lib/python3.8/site-packages/ament_pep257
[2.112s] copying /home/saitama1/ros2_foxy/build/ament_pep257/build/lib/ament_pep257/__init__.py -> /home/saitama1/ros2_foxy/install/ament_pep257/lib/python3.8/site-packages/ament_pep257
[2.112s] copying /home/saitama1/ros2_foxy/build/ament_pep257/build/lib/ament_pep257/main.py -> /home/saitama1/ros2_foxy/install/ament_pep257/lib/python3.8/site-packages/ament_pep257
[2.112s] byte-compiling /home/saitama1/ros2_foxy/install/ament_pep257/lib/python3.8/site-packages/ament_pep257/pytest_marker.py to pytest_marker.cpython-38.pyc
[2.113s] byte-compiling /home/saitama1/ros2_foxy/install/ament_pep257/lib/python3.8/site-packages/ament_pep257/__init__.py to __init__.cpython-38.pyc
[2.113s] byte-compiling /home/saitama1/ros2_foxy/install/ament_pep257/lib/python3.8/site-packages/ament_pep257/main.py to main.cpython-38.pyc
[2.115s] running install_data
[2.115s] copying package.xml -> /home/saitama1/ros2_foxy/install/ament_pep257/share/ament_pep257
[2.115s] creating /home/saitama1/ros2_foxy/install/ament_pep257/share/ament_index
[2.115s] creating /home/saitama1/ros2_foxy/install/ament_pep257/share/ament_index/resource_index
[2.116s] creating /home/saitama1/ros2_foxy/install/ament_pep257/share/ament_index/resource_index/packages
[2.116s] copying resource/ament_pep257 -> /home/saitama1/ros2_foxy/install/ament_pep257/share/ament_index/resource_index/packages
[2.116s] running install_egg_info
[2.118s] Copying ../../../../build/ament_pep257/ament_pep257.egg-info to /home/saitama1/ros2_foxy/install/ament_pep257/lib/python3.8/site-packages/ament_pep257-0.9.6-py3.8.egg-info
[2.118s] running install_scripts
[2.149s] Installing ament_pep257 script to /home/saitama1/ros2_foxy/install/ament_pep257/bin
[2.149s] writing list of installed files to '/home/saitama1/ros2_foxy/build/ament_pep257/install.log'
[2.233s] Invoked command in '/home/saitama1/ros2_foxy/src/ament/ament_lint/ament_pep257' returned '0': AMENT_PREFIX_PATH=/home/saitama1/ros2_foxy/install/ament_flake8:/home/saitama1/ros2_foxy/install/ament_lint PATH=/home/saitama1/ros2_foxy/install/ament_flake8/bin:${PATH} PYTHONPATH=/home/saitama1/ros2_foxy/install/ament_pep257/lib/python3.8/site-packages:/home/saitama1/ros2_foxy/install/ament_flake8/lib/python3.8/site-packages:/home/saitama1/ros2_foxy/install/ament_lint/lib/python3.8/site-packages /usr/bin/python3 setup.py egg_info --egg-base ../../../../build/ament_pep257 build --build-base /home/saitama1/ros2_foxy/build/ament_pep257/build install --prefix /home/saitama1/ros2_foxy/install/ament_pep257 --record /home/saitama1/ros2_foxy/build/ament_pep257/install.log --single-version-externally-managed
