[0.061s] Invoking command in '/home/saitama1/ros2_foxy/build/ament_cmake_python': AMENT_PREFIX_PATH=/home/saitama1/ros2_foxy/install/ament_cmake_core:/home/saitama1/ros2_foxy/install/ament_package CMAKE_PREFIX_PATH=/home/saitama1/ros2_foxy/install/ament_cmake_core PYTHONPATH=/home/saitama1/ros2_foxy/install/ament_package/lib/python3.8/site-packages /usr/bin/cmake /home/saitama1/ros2_foxy/src/ament/ament_cmake/ament_cmake_python -DCMAKE_INSTALL_PREFIX=/home/saitama1/ros2_foxy/install/ament_cmake_python
[0.144s] -- Found ament_cmake_core: 0.9.8 (/home/saitama1/ros2_foxy/install/ament_cmake_core/share/ament_cmake_core/cmake)
[0.234s] -- Found PythonInterp: /usr/bin/python3 (found suitable version "3.8.10", minimum required is "3") 
[0.235s] -- Using PYTHON_EXECUTABLE: /usr/bin/python3
[0.609s] -- Configuring done
[0.613s] -- Generating done
[0.614s] -- Build files have been written to: /home/saitama1/ros2_foxy/build/ament_cmake_python
[0.634s] Invoked command in '/home/saitama1/ros2_foxy/build/ament_cmake_python' returned '0': AMENT_PREFIX_PATH=/home/saitama1/ros2_foxy/install/ament_cmake_core:/home/saitama1/ros2_foxy/install/ament_package CMAKE_PREFIX_PATH=/home/saitama1/ros2_foxy/install/ament_cmake_core PYTHONPATH=/home/saitama1/ros2_foxy/install/ament_package/lib/python3.8/site-packages /usr/bin/cmake /home/saitama1/ros2_foxy/src/ament/ament_cmake/ament_cmake_python -DCMAKE_INSTALL_PREFIX=/home/saitama1/ros2_foxy/install/ament_cmake_python
[0.639s] Invoking command in '/home/saitama1/ros2_foxy/build/ament_cmake_python': AMENT_PREFIX_PATH=/home/saitama1/ros2_foxy/install/ament_cmake_core:/home/saitama1/ros2_foxy/install/ament_package CMAKE_PREFIX_PATH=/home/saitama1/ros2_foxy/install/ament_cmake_core PYTHONPATH=/home/saitama1/ros2_foxy/install/ament_package/lib/python3.8/site-packages /usr/bin/cmake --build /home/saitama1/ros2_foxy/build/ament_cmake_python -- -j12 -l12
[1.009s] Invoked command in '/home/saitama1/ros2_foxy/build/ament_cmake_python' returned '0': AMENT_PREFIX_PATH=/home/saitama1/ros2_foxy/install/ament_cmake_core:/home/saitama1/ros2_foxy/install/ament_package CMAKE_PREFIX_PATH=/home/saitama1/ros2_foxy/install/ament_cmake_core PYTHONPATH=/home/saitama1/ros2_foxy/install/ament_package/lib/python3.8/site-packages /usr/bin/cmake --build /home/saitama1/ros2_foxy/build/ament_cmake_python -- -j12 -l12
[1.200s] Invoking command in '/home/saitama1/ros2_foxy/build/ament_cmake_python': AMENT_PREFIX_PATH=/home/saitama1/ros2_foxy/install/ament_cmake_core:/home/saitama1/ros2_foxy/install/ament_package CMAKE_PREFIX_PATH=/home/saitama1/ros2_foxy/install/ament_cmake_core PYTHONPATH=/home/saitama1/ros2_foxy/install/ament_package/lib/python3.8/site-packages /usr/bin/cmake --install /home/saitama1/ros2_foxy/build/ament_cmake_python
[1.250s] -- Install configuration: ""
[1.255s] -- Installing: /home/saitama1/ros2_foxy/install/ament_cmake_python/share/ament_index/resource_index/package_run_dependencies/ament_cmake_python
[1.256s] -- Installing: /home/saitama1/ros2_foxy/install/ament_cmake_python/share/ament_index/resource_index/parent_prefix_path/ament_cmake_python
[1.256s] -- Installing: /home/saitama1/ros2_foxy/install/ament_cmake_python/share/ament_cmake_python/environment/ament_prefix_path.sh
[1.256s] -- Installing: /home/saitama1/ros2_foxy/install/ament_cmake_python/share/ament_cmake_python/environment/ament_prefix_path.dsv
[1.256s] -- Installing: /home/saitama1/ros2_foxy/install/ament_cmake_python/share/ament_cmake_python/environment/path.sh
[1.256s] -- Installing: /home/saitama1/ros2_foxy/install/ament_cmake_python/share/ament_cmake_python/environment/path.dsv
[1.256s] -- Installing: /home/saitama1/ros2_foxy/install/ament_cmake_python/share/ament_cmake_python/local_setup.bash
[1.256s] -- Installing: /home/saitama1/ros2_foxy/install/ament_cmake_python/share/ament_cmake_python/local_setup.sh
[1.256s] -- Installing: /home/saitama1/ros2_foxy/install/ament_cmake_python/share/ament_cmake_python/local_setup.zsh
[1.256s] -- Installing: /home/saitama1/ros2_foxy/install/ament_cmake_python/share/ament_cmake_python/local_setup.dsv
[1.256s] -- Installing: /home/saitama1/ros2_foxy/install/ament_cmake_python/share/ament_cmake_python/package.dsv
[1.256s] -- Installing: /home/saitama1/ros2_foxy/install/ament_cmake_python/share/ament_index/resource_index/packages/ament_cmake_python
[1.256s] -- Installing: /home/saitama1/ros2_foxy/install/ament_cmake_python/share/ament_cmake_python/cmake/ament_cmake_python-extras.cmake
[1.256s] -- Installing: /home/saitama1/ros2_foxy/install/ament_cmake_python/share/ament_cmake_python/cmake/ament_cmake_pythonConfig.cmake
[1.257s] -- Installing: /home/saitama1/ros2_foxy/install/ament_cmake_python/share/ament_cmake_python/cmake/ament_cmake_pythonConfig-version.cmake
[1.257s] -- Installing: /home/saitama1/ros2_foxy/install/ament_cmake_python/share/ament_cmake_python/package.xml
[1.257s] -- Up-to-date: /home/saitama1/ros2_foxy/install/ament_cmake_python/share/ament_cmake_python/cmake
[1.257s] -- Installing: /home/saitama1/ros2_foxy/install/ament_cmake_python/share/ament_cmake_python/cmake/ament_python_install_module.cmake
[1.257s] -- Installing: /home/saitama1/ros2_foxy/install/ament_cmake_python/share/ament_cmake_python/cmake/ament_python_install_package.cmake
[1.418s] Invoked command in '/home/saitama1/ros2_foxy/build/ament_cmake_python' returned '0': AMENT_PREFIX_PATH=/home/saitama1/ros2_foxy/install/ament_cmake_core:/home/saitama1/ros2_foxy/install/ament_package CMAKE_PREFIX_PATH=/home/saitama1/ros2_foxy/install/ament_cmake_core PYTHONPATH=/home/saitama1/ros2_foxy/install/ament_package/lib/python3.8/site-packages /usr/bin/cmake --install /home/saitama1/ros2_foxy/build/ament_cmake_python
