[0.075s] Invoking command in '/home/saitama1/ros2_foxy/build/ament_cmake_export_link_flags': AMENT_PREFIX_PATH=/home/saitama1/ros2_foxy/install/ament_cmake_core:/home/saitama1/ros2_foxy/install/ament_package CMAKE_PREFIX_PATH=/home/saitama1/ros2_foxy/install/ament_cmake_core PYTHONPATH=/home/saitama1/ros2_foxy/build/ament_package:/home/saitama1/ros2_foxy/install/ament_package/lib/python3.8/site-packages /usr/bin/cmake --build /home/saitama1/ros2_foxy/build/ament_cmake_export_link_flags -- -j12 -l12
[0.153s] Invoked command in '/home/saitama1/ros2_foxy/build/ament_cmake_export_link_flags' returned '0': AMENT_PREFIX_PATH=/home/saitama1/ros2_foxy/install/ament_cmake_core:/home/saitama1/ros2_foxy/install/ament_package CMAKE_PREFIX_PATH=/home/saitama1/ros2_foxy/install/ament_cmake_core PYTHONPATH=/home/saitama1/ros2_foxy/build/ament_package:/home/saitama1/ros2_foxy/install/ament_package/lib/python3.8/site-packages /usr/bin/cmake --build /home/saitama1/ros2_foxy/build/ament_cmake_export_link_flags -- -j12 -l12
[0.220s] Invoking command in '/home/saitama1/ros2_foxy/build/ament_cmake_export_link_flags': AMENT_PREFIX_PATH=/home/saitama1/ros2_foxy/install/ament_cmake_core:/home/saitama1/ros2_foxy/install/ament_package CMAKE_PREFIX_PATH=/home/saitama1/ros2_foxy/install/ament_cmake_core PYTHONPATH=/home/saitama1/ros2_foxy/build/ament_package:/home/saitama1/ros2_foxy/install/ament_package/lib/python3.8/site-packages /usr/bin/cmake --install /home/saitama1/ros2_foxy/build/ament_cmake_export_link_flags
[0.249s] -- Install configuration: ""
[0.251s] -- Execute custom install script
[0.251s] -- Up-to-date symlink: /home/saitama1/ros2_foxy/install/ament_cmake_export_link_flags/share/ament_index/resource_index/package_run_dependencies/ament_cmake_export_link_flags
[0.251s] -- Up-to-date symlink: /home/saitama1/ros2_foxy/install/ament_cmake_export_link_flags/share/ament_index/resource_index/parent_prefix_path/ament_cmake_export_link_flags
[0.251s] -- Up-to-date symlink: /home/saitama1/ros2_foxy/install/ament_cmake_export_link_flags/share/ament_cmake_export_link_flags/environment/ament_prefix_path.sh
[0.252s] -- Up-to-date symlink: /home/saitama1/ros2_foxy/install/ament_cmake_export_link_flags/share/ament_cmake_export_link_flags/environment/ament_prefix_path.dsv
[0.252s] -- Up-to-date symlink: /home/saitama1/ros2_foxy/install/ament_cmake_export_link_flags/share/ament_cmake_export_link_flags/environment/path.sh
[0.252s] -- Up-to-date symlink: /home/saitama1/ros2_foxy/install/ament_cmake_export_link_flags/share/ament_cmake_export_link_flags/environment/path.dsv
[0.252s] -- Up-to-date symlink: /home/saitama1/ros2_foxy/install/ament_cmake_export_link_flags/share/ament_cmake_export_link_flags/local_setup.bash
[0.252s] -- Up-to-date symlink: /home/saitama1/ros2_foxy/install/ament_cmake_export_link_flags/share/ament_cmake_export_link_flags/local_setup.sh
[0.252s] -- Up-to-date symlink: /home/saitama1/ros2_foxy/install/ament_cmake_export_link_flags/share/ament_cmake_export_link_flags/local_setup.zsh
[0.253s] -- Up-to-date symlink: /home/saitama1/ros2_foxy/install/ament_cmake_export_link_flags/share/ament_cmake_export_link_flags/local_setup.dsv
[0.253s] -- Symlinking: /home/saitama1/ros2_foxy/install/ament_cmake_export_link_flags/share/ament_cmake_export_link_flags/package.dsv
[0.253s] -- Up-to-date symlink: /home/saitama1/ros2_foxy/install/ament_cmake_export_link_flags/share/ament_index/resource_index/packages/ament_cmake_export_link_flags
[0.253s] -- Up-to-date symlink: /home/saitama1/ros2_foxy/install/ament_cmake_export_link_flags/share/ament_cmake_export_link_flags/cmake/ament_cmake_export_link_flags-extras.cmake
[0.254s] -- Up-to-date symlink: /home/saitama1/ros2_foxy/install/ament_cmake_export_link_flags/share/ament_cmake_export_link_flags/cmake/ament_cmake_export_link_flagsConfig.cmake
[0.254s] -- Up-to-date symlink: /home/saitama1/ros2_foxy/install/ament_cmake_export_link_flags/share/ament_cmake_export_link_flags/cmake/ament_cmake_export_link_flagsConfig-version.cmake
[0.254s] -- Up-to-date symlink: /home/saitama1/ros2_foxy/install/ament_cmake_export_link_flags/share/ament_cmake_export_link_flags/package.xml
[0.255s] -- Up-to-date symlink: /home/saitama1/ros2_foxy/install/ament_cmake_export_link_flags/share/ament_cmake_export_link_flags/cmake/ament_cmake_export_link_flags-extras.cmake.in
[0.255s] -- Up-to-date symlink: /home/saitama1/ros2_foxy/install/ament_cmake_export_link_flags/share/ament_cmake_export_link_flags/cmake/ament_cmake_export_link_flags_package_hook.cmake
[0.255s] -- Up-to-date symlink: /home/saitama1/ros2_foxy/install/ament_cmake_export_link_flags/share/ament_cmake_export_link_flags/cmake/ament_export_link_flags.cmake
[0.353s] Invoked command in '/home/saitama1/ros2_foxy/build/ament_cmake_export_link_flags' returned '0': AMENT_PREFIX_PATH=/home/saitama1/ros2_foxy/install/ament_cmake_core:/home/saitama1/ros2_foxy/install/ament_package CMAKE_PREFIX_PATH=/home/saitama1/ros2_foxy/install/ament_cmake_core PYTHONPATH=/home/saitama1/ros2_foxy/build/ament_package:/home/saitama1/ros2_foxy/install/ament_package/lib/python3.8/site-packages /usr/bin/cmake --install /home/saitama1/ros2_foxy/build/ament_cmake_export_link_flags
