[0.537s] Invoking command in '/home/saitama1/Pictures/ros2-picas/ros2_foxy/build/cyclonedds': /usr/bin/cmake /home/saitama1/Pictures/ros2-picas/ros2_foxy/src/eclipse-cyclonedds/cyclonedds -DBUILD_IDLC=AUTO -DCMAKE_INSTALL_PREFIX=/home/saitama1/Pictures/ros2-picas/ros2_foxy/install/cyclonedds
[2.033s] -- The C compiler identification is GNU 9.3.0
[2.045s] -- Check for working C compiler: /usr/bin/cc
[2.122s] -- Check for working C compiler: /usr/bin/cc -- works
[2.125s] -- Detecting C compiler ABI info
[2.208s] -- Detecting C compiler ABI info - done
[2.219s] -- Detecting C compile features
[2.220s] -- Detecting C compile features - done
[2.221s] -- Setting build type to 'RelWithDebInfo' as none was specified.
[2.436s] -- Found OpenSSL: /usr/lib/x86_64-linux-gnu/libcrypto.so (found version "1.1.1f")  
[2.436s] -- Building with OpenSSL support
[2.850s] -- Looking for pthread.h
[2.921s] -- Looking for pthread.h - found
[2.921s] -- Performing Test CMAKE_HAVE_LIBC_PTHREAD
[2.992s] -- Performing Test CMAKE_HAVE_LIBC_PTHREAD - Failed
[2.992s] -- Looking for pthread_create in pthreads
[3.053s] -- Looking for pthread_create in pthreads - not found
[3.053s] -- Looking for pthread_create in pthread
[3.119s] -- Looking for pthread_create in pthread - found
[3.119s] -- Found Threads: TRUE  
[3.119s] -- Looking for clock_gettime in c
[3.190s] -- Looking for clock_gettime in c - found
[3.230s] -- Performing Test COMPILER_HAS_HIDDEN_VISIBILITY
[3.313s] -- Performing Test COMPILER_HAS_HIDDEN_VISIBILITY - Success
[3.315s] -- Performing Test COMPILER_HAS_HIDDEN_INLINE_VISIBILITY
[3.440s] -- Performing Test COMPILER_HAS_HIDDEN_INLINE_VISIBILITY - Failed
[3.440s] -- Performing Test COMPILER_HAS_DEPRECATED_ATTR
[3.667s] -- Performing Test COMPILER_HAS_DEPRECATED_ATTR - Success
[4.275s] -- Configuring done
[4.539s] -- Generating done
[4.546s] -- Build files have been written to: /home/saitama1/Pictures/ros2-picas/ros2_foxy/build/cyclonedds
[4.740s] Invoked command in '/home/saitama1/Pictures/ros2-picas/ros2_foxy/build/cyclonedds' returned '0': /usr/bin/cmake /home/saitama1/Pictures/ros2-picas/ros2_foxy/src/eclipse-cyclonedds/cyclonedds -DBUILD_IDLC=AUTO -DCMAKE_INSTALL_PREFIX=/home/saitama1/Pictures/ros2-picas/ros2_foxy/install/cyclonedds
[4.741s] Invoking command in '/home/saitama1/Pictures/ros2-picas/ros2_foxy/build/cyclonedds': /usr/bin/cmake --build /home/saitama1/Pictures/ros2-picas/ros2_foxy/build/cyclonedds -- -j12 -l12
[4.911s] [35m[1mScanning dependencies of target ddsc[0m
[5.588s] [  1%] [32mBuilding C object src/core/CMakeFiles/ddsc.dir/ddsi/src/ddsi_ssl.c.o[0m
[5.589s] [  2%] [32mBuilding C object src/core/CMakeFiles/ddsc.dir/ddsi/src/ddsi_tran.c.o[0m
[5.591s] [  2%] [32mBuilding C object src/core/CMakeFiles/ddsc.dir/ddsi/src/ddsi_eth.c.o[0m
[5.605s] [  2%] [32mBuilding C object src/core/CMakeFiles/ddsc.dir/ddsi/src/ddsi_tcp.c.o[0m
[5.606s] [  3%] [32mBuilding C object src/core/CMakeFiles/ddsc.dir/ddsi/src/ddsi_udp.c.o[0m
[5.616s] [  3%] [32mBuilding C object src/core/CMakeFiles/ddsc.dir/ddsi/src/ddsi_raweth.c.o[0m
[5.618s] [  4%] [32mBuilding C object src/core/CMakeFiles/ddsc.dir/ddsi/src/ddsi_ipaddr.c.o[0m
[5.624s] [  5%] [32mBuilding C object src/core/CMakeFiles/ddsc.dir/ddsi/src/ddsi_security_util.c.o[0m
[5.648s] [  5%] [32mBuilding C object src/core/CMakeFiles/ddsc.dir/ddsi/src/ddsi_mcgroup.c.o[0m
[5.654s] [  5%] [32mBuilding C object src/core/CMakeFiles/ddsc.dir/ddsi/src/ddsi_security_omg.c.o[0m
[5.690s] [  6%] [32mBuilding C object src/core/CMakeFiles/ddsc.dir/ddsi/src/ddsi_portmapping.c.o[0m
[5.694s] [  7%] [32mBuilding C object src/core/CMakeFiles/ddsc.dir/ddsi/src/ddsi_handshake.c.o[0m
[5.823s] [  7%] [32mBuilding C object src/core/CMakeFiles/ddsc.dir/ddsi/src/ddsi_serdata.c.o[0m
[6.032s] [  8%] [32mBuilding C object src/core/CMakeFiles/ddsc.dir/ddsi/src/ddsi_serdata_default.c.o[0m
[6.067s] [  8%] [32mBuilding C object src/core/CMakeFiles/ddsc.dir/ddsi/src/ddsi_serdata_pserop.c.o[0m
[6.073s] [  9%] [32mBuilding C object src/core/CMakeFiles/ddsc.dir/ddsi/src/ddsi_sertopic.c.o[0m
[6.080s] [ 10%] [32mBuilding C object src/core/CMakeFiles/ddsc.dir/ddsi/src/ddsi_serdata_plist.c.o[0m
[6.101s] [ 10%] [32mBuilding C object src/core/CMakeFiles/ddsc.dir/ddsi/src/ddsi_sertopic_default.c.o[0m
[6.164s] [ 11%] [32mBuilding C object src/core/CMakeFiles/ddsc.dir/ddsi/src/ddsi_sertopic_pserop.c.o[0m
[6.165s] [ 11%] [32mBuilding C object src/core/CMakeFiles/ddsc.dir/ddsi/src/ddsi_sertopic_plist.c.o[0m
[6.202s] [ 12%] [32mBuilding C object src/core/CMakeFiles/ddsc.dir/ddsi/src/ddsi_statistics.c.o[0m
[6.268s] [ 12%] [32mBuilding C object src/core/CMakeFiles/ddsc.dir/ddsi/src/ddsi_iid.c.o[0m
[6.443s] [ 13%] [32mBuilding C object src/core/CMakeFiles/ddsc.dir/ddsi/src/ddsi_tkmap.c.o[0m
[6.457s] [ 14%] [32mBuilding C object src/core/CMakeFiles/ddsc.dir/ddsi/src/ddsi_vendor.c.o[0m
[6.465s] [ 14%] [32mBuilding C object src/core/CMakeFiles/ddsc.dir/ddsi/src/ddsi_threadmon.c.o[0m
[6.472s] [ 15%] [32mBuilding C object src/core/CMakeFiles/ddsc.dir/ddsi/src/ddsi_rhc.c.o[0m
[6.517s] [ 16%] [32mBuilding C object src/core/CMakeFiles/ddsc.dir/ddsi/src/ddsi_entity_index.c.o[0m
[6.517s] [ 17%] [32mBuilding C object src/core/CMakeFiles/ddsc.dir/ddsi/src/ddsi_deadline.c.o[0m
[6.526s] [ 17%] [32mBuilding C object src/core/CMakeFiles/ddsc.dir/ddsi/src/ddsi_pmd.c.o[0m
[6.540s] [ 18%] [32mBuilding C object src/core/CMakeFiles/ddsc.dir/ddsi/src/ddsi_plist.c.o[0m
[6.540s] [ 17%] [32mBuilding C object src/core/CMakeFiles/ddsc.dir/ddsi/src/ddsi_deliver_locally.c.o[0m
[6.580s] [ 18%] [32mBuilding C object src/core/CMakeFiles/ddsc.dir/ddsi/src/ddsi_cdrstream.c.o[0m
[6.614s] [ 19%] [32mBuilding C object src/core/CMakeFiles/ddsc.dir/ddsi/src/ddsi_ownip.c.o[0m
[6.614s] [ 19%] [32mBuilding C object src/core/CMakeFiles/ddsc.dir/ddsi/src/ddsi_time.c.o[0m
[6.650s] [ 20%] [32mBuilding C object src/core/CMakeFiles/ddsc.dir/ddsi/src/ddsi_acknack.c.o[0m
[6.705s] [ 21%] [32mBuilding C object src/core/CMakeFiles/ddsc.dir/ddsi/src/q_addrset.c.o[0m
[6.706s] [ 21%] [32mBuilding C object src/core/CMakeFiles/ddsc.dir/ddsi/src/q_bitset_inlines.c.o[0m
[6.779s] [ 22%] [32mBuilding C object src/core/CMakeFiles/ddsc.dir/ddsi/src/q_bswap.c.o[0m
[6.779s] [ 22%] [32mBuilding C object src/core/CMakeFiles/ddsc.dir/ddsi/src/q_config.c.o[0m
[6.789s] [ 23%] [32mBuilding C object src/core/CMakeFiles/ddsc.dir/ddsi/src/q_ddsi_discovery.c.o[0m
[6.872s] [ 24%] [32mBuilding C object src/core/CMakeFiles/ddsc.dir/ddsi/src/q_debmon.c.o[0m
[6.893s] [ 24%] [32mBuilding C object src/core/CMakeFiles/ddsc.dir/ddsi/src/q_entity.c.o[0m
[6.919s] [ 25%] [32mBuilding C object src/core/CMakeFiles/ddsc.dir/ddsi/src/q_gc.c.o[0m
[6.932s] [ 25%] [32mBuilding C object src/core/CMakeFiles/ddsc.dir/ddsi/src/q_init.c.o[0m
[6.998s] [ 26%] [32mBuilding C object src/core/CMakeFiles/ddsc.dir/ddsi/src/q_lat_estim.c.o[0m
[7.111s] [ 27%] [32mBuilding C object src/core/CMakeFiles/ddsc.dir/ddsi/src/q_lease.c.o[0m
[7.120s] [ 27%] [32mBuilding C object src/core/CMakeFiles/ddsc.dir/ddsi/src/q_misc.c.o[0m
[7.238s] [ 28%] [32mBuilding C object src/core/CMakeFiles/ddsc.dir/ddsi/src/q_pcap.c.o[0m
[7.239s] [ 28%] [32mBuilding C object src/core/CMakeFiles/ddsc.dir/ddsi/src/q_qosmatch.c.o[0m
[7.297s] [ 29%] [32mBuilding C object src/core/CMakeFiles/ddsc.dir/ddsi/src/q_radmin.c.o[0m
[7.343s] [ 30%] [32mBuilding C object src/core/CMakeFiles/ddsc.dir/ddsi/src/q_sockwaitset.c.o[0m
[7.353s] [ 30%] [32mBuilding C object src/core/CMakeFiles/ddsc.dir/ddsi/src/q_receive.c.o[0m
[7.449s] [ 31%] [32mBuilding C object src/core/CMakeFiles/ddsc.dir/ddsi/src/q_thread.c.o[0m
[7.502s] [ 31%] [32mBuilding C object src/core/CMakeFiles/ddsc.dir/ddsi/src/q_transmit.c.o[0m
[7.529s] [ 32%] [32mBuilding C object src/core/CMakeFiles/ddsc.dir/ddsi/src/q_inverse_uint32_set.c.o[0m
[7.619s] [ 32%] [32mBuilding C object src/core/CMakeFiles/ddsc.dir/ddsi/src/q_whc.c.o[0m
[7.631s] [ 33%] [32mBuilding C object src/core/CMakeFiles/ddsc.dir/ddsi/src/q_xevent.c.o[0m
[7.762s] [ 34%] [32mBuilding C object src/core/CMakeFiles/ddsc.dir/ddsi/src/q_xmsg.c.o[0m
[7.777s] [ 34%] [32mBuilding C object src/core/CMakeFiles/ddsc.dir/ddsi/src/q_freelist.c.o[0m
[7.785s] [ 35%] [32mBuilding C object src/core/CMakeFiles/ddsc.dir/ddsi/src/sysdeps.c.o[0m
[7.804s] [ 35%] [32mBuilding C object src/core/CMakeFiles/ddsc.dir/ddsi/src/ddsi_lifespan.c.o[0m
[7.804s] [ 36%] [32mBuilding C object src/core/CMakeFiles/ddsc.dir/ddsi/src/ddsi_security_msg.c.o[0m
[7.860s] [ 36%] [32mBuilding C object src/core/CMakeFiles/ddsc.dir/ddsi/src/ddsi_security_exchange.c.o[0m
[7.940s] [ 37%] [32mBuilding C object src/core/CMakeFiles/ddsc.dir/ddsc/src/dds_alloc.c.o[0m
[7.952s] [ 38%] [32mBuilding C object src/core/CMakeFiles/ddsc.dir/ddsc/src/dds_builtin.c.o[0m
[8.043s] [ 38%] [32mBuilding C object src/core/CMakeFiles/ddsc.dir/ddsc/src/dds_coherent.c.o[0m
[8.092s] [ 39%] [32mBuilding C object src/core/CMakeFiles/ddsc.dir/ddsc/src/dds_participant.c.o[0m
[8.145s] [ 39%] [32mBuilding C object src/core/CMakeFiles/ddsc.dir/ddsc/src/dds_reader.c.o[0m
[8.153s] [ 40%] [32mBuilding C object src/core/CMakeFiles/ddsc.dir/ddsc/src/dds_writer.c.o[0m
[8.204s] [ 40%] [32mBuilding C object src/core/CMakeFiles/ddsc.dir/ddsc/src/dds_publisher.c.o[0m
[8.206s] [ 41%] [32mBuilding C object src/core/CMakeFiles/ddsc.dir/ddsc/src/dds_init.c.o[0m
[8.217s] [ 42%] [32mBuilding C object src/core/CMakeFiles/ddsc.dir/ddsc/src/dds_rhc.c.o[0m
[8.233s] [ 42%] [32mBuilding C object src/core/CMakeFiles/ddsc.dir/ddsc/src/dds_rhc_default.c.o[0m
[8.271s] [ 42%] [32mBuilding C object src/core/CMakeFiles/ddsc.dir/ddsc/src/dds_instance.c.o[0m
[8.272s] [ 43%] [32mBuilding C object src/core/CMakeFiles/ddsc.dir/ddsc/src/dds_domain.c.o[0m
[8.301s] [ 44%] [32mBuilding C object src/core/CMakeFiles/ddsc.dir/ddsc/src/dds_qos.c.o[0m
[8.388s] [ 45%] [32mBuilding C object src/core/CMakeFiles/ddsc.dir/ddsc/src/dds_handles.c.o[0m
[8.411s] [ 45%] [32mBuilding C object src/core/CMakeFiles/ddsc.dir/ddsc/src/dds_entity.c.o[0m
[8.439s] [ 46%] [32mBuilding C object src/core/CMakeFiles/ddsc.dir/ddsc/src/dds_matched.c.o[0m
[8.458s] [ 46%] [32mBuilding C object src/core/CMakeFiles/ddsc.dir/ddsc/src/dds_querycond.c.o[0m
[8.517s] [ 47%] [32mBuilding C object src/core/CMakeFiles/ddsc.dir/ddsc/src/dds_topic.c.o[0m
[8.517s] [ 48%] [32mBuilding C object src/core/CMakeFiles/ddsc.dir/ddsc/src/dds_listener.c.o[0m
[8.565s] [ 48%] [32mBuilding C object src/core/CMakeFiles/ddsc.dir/ddsc/src/dds_read.c.o[0m
[8.578s] [ 49%] [32mBuilding C object src/core/CMakeFiles/ddsc.dir/ddsc/src/dds_waitset.c.o[0m
[8.627s] [ 49%] [32mBuilding C object src/core/CMakeFiles/ddsc.dir/ddsc/src/dds_readcond.c.o[0m
[8.639s] [ 50%] [32mBuilding C object src/core/CMakeFiles/ddsc.dir/ddsc/src/dds_guardcond.c.o[0m
[8.686s] [ 50%] [32mBuilding C object src/core/CMakeFiles/ddsc.dir/ddsc/src/dds_statistics.c.o[0m
[8.752s] [ 51%] [32mBuilding C object src/core/CMakeFiles/ddsc.dir/ddsc/src/dds_subscriber.c.o[0m
[8.762s] [ 52%] [32mBuilding C object src/core/CMakeFiles/ddsc.dir/ddsc/src/dds_write.c.o[0m
[8.783s] [ 52%] [32mBuilding C object src/core/CMakeFiles/ddsc.dir/ddsc/src/dds_whc.c.o[0m
[8.794s] [ 53%] [32mBuilding C object src/core/CMakeFiles/ddsc.dir/ddsc/src/dds_whc_builtintopic.c.o[0m
[8.808s] [ 53%] [32mBuilding C object src/core/CMakeFiles/ddsc.dir/ddsc/src/dds_serdata_builtintopic.c.o[0m
[8.846s] [ 54%] [32mBuilding C object src/core/CMakeFiles/ddsc.dir/ddsc/src/dds_sertopic_builtintopic.c.o[0m
[8.863s] [ 55%] [32mBuilding C object src/core/CMakeFiles/ddsc.dir/__/security/core/src/dds_security_serialize.c.o[0m
[8.895s] [ 56%] [32mBuilding C object src/core/CMakeFiles/ddsc.dir/__/security/core/src/dds_security_plugins.c.o[0m
[8.898s] [ 56%] [32mBuilding C object src/core/CMakeFiles/ddsc.dir/__/security/core/src/dds_security_utils.c.o[0m
[8.910s] [ 56%] [32mBuilding C object src/core/CMakeFiles/ddsc.dir/__/security/core/src/shared_secret.c.o[0m
[8.943s] [ 57%] [32mBuilding C object src/core/CMakeFiles/ddsc.dir/__/security/core/src/dds_security_fsm.c.o[0m
[8.989s] [ 58%] [32mBuilding C object src/core/CMakeFiles/ddsc.dir/__/security/core/src/dds_security_timed_cb.c.o[0m
[8.996s] [ 58%] [32mBuilding C object src/core/CMakeFiles/ddsc.dir/__/ddsrt/src/bswap.c.o[0m
[9.015s] [ 59%] [32mBuilding C object src/core/CMakeFiles/ddsc.dir/__/ddsrt/src/io.c.o[0m
[9.051s] [ 59%] [32mBuilding C object src/core/CMakeFiles/ddsc.dir/__/ddsrt/src/log.c.o[0m
[9.051s] [ 60%] [32mBuilding C object src/core/CMakeFiles/ddsc.dir/__/ddsrt/src/retcode.c.o[0m
[9.055s] [ 60%] [32mBuilding C object src/core/CMakeFiles/ddsc.dir/__/ddsrt/src/strtod.c.o[0m
[9.057s] [ 61%] [32mBuilding C object src/core/CMakeFiles/ddsc.dir/__/ddsrt/src/strtol.c.o[0m
[9.075s] [ 62%] [32mBuilding C object src/core/CMakeFiles/ddsc.dir/__/ddsrt/src/mh3.c.o[0m
[9.090s] [ 62%] [32mBuilding C object src/core/CMakeFiles/ddsc.dir/__/ddsrt/src/avl.c.o[0m
[9.133s] [ 63%] [32mBuilding C object src/core/CMakeFiles/ddsc.dir/__/ddsrt/src/environ.c.o[0m
[9.153s] [ 63%] [32mBuilding C object src/core/CMakeFiles/ddsc.dir/__/ddsrt/src/expand_vars.c.o[0m
[9.159s] [ 64%] [32mBuilding C object src/core/CMakeFiles/ddsc.dir/__/ddsrt/src/fibheap.c.o[0m
[9.161s] [ 65%] [32mBuilding C object src/core/CMakeFiles/ddsc.dir/__/ddsrt/src/hopscotch.c.o[0m
[9.269s] [ 66%] [32mBuilding C object src/core/CMakeFiles/ddsc.dir/__/ddsrt/src/xmlparser.c.o[0m
[9.269s] [ 66%] [32mBuilding C object src/core/CMakeFiles/ddsc.dir/__/ddsrt/src/thread_pool.c.o[0m
[9.269s] [ 66%] [32mBuilding C object src/core/CMakeFiles/ddsc.dir/__/ddsrt/src/circlist.c.o[0m
[9.269s] [ 67%] [32mBuilding C object src/core/CMakeFiles/ddsc.dir/__/ddsrt/src/atomics.c.o[0m
[9.338s] [ 67%] [32mBuilding C object src/core/CMakeFiles/ddsc.dir/__/ddsrt/src/cdtors.c.o[0m
[9.339s] [ 69%] [32mBuilding C object src/core/CMakeFiles/ddsc.dir/__/ddsrt/src/heap/posix/heap.c.o[0m
[9.339s] [ 69%] [32mBuilding C object src/core/CMakeFiles/ddsc.dir/__/ddsrt/src/environ/posix/environ.c.o[0m
[9.377s] [ 69%] [32mBuilding C object src/core/CMakeFiles/ddsc.dir/__/ddsrt/src/ifaddrs.c.o[0m
[9.381s] [ 70%] [32mBuilding C object src/core/CMakeFiles/ddsc.dir/__/ddsrt/src/ifaddrs/posix/ifaddrs.c.o[0m
[9.393s] [ 71%] [32mBuilding C object src/core/CMakeFiles/ddsc.dir/__/ddsrt/src/random/posix/random.c.o[0m
[9.401s] [ 71%] [32mBuilding C object src/core/CMakeFiles/ddsc.dir/__/ddsrt/src/random.c.o[0m
[9.403s] [ 72%] [32mBuilding C object src/core/CMakeFiles/ddsc.dir/__/ddsrt/src/rusage/posix/rusage.c.o[0m
[9.431s] [ 72%] [32mBuilding C object src/core/CMakeFiles/ddsc.dir/__/ddsrt/src/sockets.c.o[0m
[9.442s] [ 73%] [32mBuilding C object src/core/CMakeFiles/ddsc.dir/__/ddsrt/src/sockets/posix/gethostname.c.o[0m
[9.463s] [ 73%] [32mBuilding C object src/core/CMakeFiles/ddsc.dir/__/ddsrt/src/sockets/posix/socket.c.o[0m
[9.507s] [ 74%] [32mBuilding C object src/core/CMakeFiles/ddsc.dir/__/ddsrt/src/string.c.o[0m
[9.508s] [ 74%] [32mBuilding C object src/core/CMakeFiles/ddsc.dir/__/ddsrt/src/string/posix/strerror.c.o[0m
[9.567s] [ 74%] [32mBuilding C object src/core/CMakeFiles/ddsc.dir/__/ddsrt/src/threads/posix/threads.c.o[0m
[9.569s] [ 75%] [32mBuilding C object src/core/CMakeFiles/ddsc.dir/__/ddsrt/src/threads.c.o[0m
[9.595s] [ 76%] [32mBuilding C object src/core/CMakeFiles/ddsc.dir/__/ddsrt/src/sync/posix/sync.c.o[0m
[9.606s] [ 76%] [32mBuilding C object src/core/CMakeFiles/ddsc.dir/__/ddsrt/src/time/posix/time.c.o[0m
[9.623s] [ 77%] [32mBuilding C object src/core/CMakeFiles/ddsc.dir/__/ddsrt/src/process/posix/process.c.o[0m
[9.649s] [ 78%] [32mBuilding C object src/core/CMakeFiles/ddsc.dir/__/ddsrt/src/time.c.o[0m
[9.649s] [ 79%] [32mBuilding C object src/core/CMakeFiles/ddsc.dir/__/ddsrt/src/md5.c.o[0m
[9.671s] [ 79%] [32mBuilding C object src/core/CMakeFiles/ddsc.dir/__/ddsrt/src/netstat/linux/netstat.c.o[0m
[9.710s] [ 80%] [32mBuilding C object src/core/CMakeFiles/ddsc.dir/__/ddsrt/src/dynlib/posix/dynlib.c.o[0m
[9.770s] [ 80%] [32mBuilding C object src/core/CMakeFiles/ddsc.dir/__/ddsrt/src/filesystem/posix/filesystem.c.o[0m
[9.881s] [ 81%] [32m[1mLinking C shared library ../../lib/libddsc.so[0m
[10.178s] [ 81%] Built target ddsc
[10.194s] [35m[1mScanning dependencies of target ddsls[0m
[10.195s] [35m[1mScanning dependencies of target dds_security_ac[0m
[10.197s] [35m[1mScanning dependencies of target dds_security_auth[0m
[10.197s] [35m[1mScanning dependencies of target ddsconf[0m
[10.198s] [35m[1mScanning dependencies of target pubsub[0m
[10.203s] [35m[1mScanning dependencies of target dds_security_crypto[0m
[10.218s] [ 81%] [32mBuilding C object src/tools/ddsconf/CMakeFiles/ddsconf.dir/ddsconf.c.o[0m
[10.221s] [ 82%] [32mBuilding C object src/tools/ddsconf/CMakeFiles/ddsconf.dir/rnc.c.o[0m
[10.226s] [ 83%] [32mBuilding C object src/tools/ddsconf/CMakeFiles/ddsconf.dir/md.c.o[0m
[10.229s] [ 83%] [32mBuilding C object src/tools/ddsls/CMakeFiles/ddsls.dir/ddsls.c.o[0m
[10.241s] [ 83%] [32mBuilding C object src/tools/ddsconf/CMakeFiles/ddsconf.dir/xsd.c.o[0m
[10.255s] [ 84%] [32mBuilding C object src/tools/pubsub/CMakeFiles/pubsub.dir/pubsub.c.o[0m
[10.306s] [ 85%] [32mBuilding C object src/security/builtin_plugins/access_control/CMakeFiles/dds_security_ac.dir/src/access_control_objects.c.o[0m
[10.306s] [ 85%] [32mBuilding C object src/tools/pubsub/CMakeFiles/pubsub.dir/testtype.c.o[0m
[10.306s] [ 85%] [32mBuilding C object src/tools/pubsub/CMakeFiles/pubsub.dir/common.c.o[0m
[10.309s] [ 86%] [32mBuilding C object src/security/builtin_plugins/authentication/CMakeFiles/dds_security_auth.dir/src/authentication.c.o[0m
[10.310s] [ 86%] [32mBuilding C object src/tools/pubsub/CMakeFiles/pubsub.dir/porting.c.o[0m
[10.314s] [ 87%] [32mBuilding C object src/security/builtin_plugins/cryptographic/CMakeFiles/dds_security_crypto.dir/src/crypto_cipher.c.o[0m
[10.417s] [ 88%] [32mBuilding C object src/security/builtin_plugins/cryptographic/CMakeFiles/dds_security_crypto.dir/src/crypto_key_exchange.c.o[0m
[10.483s] [ 88%] [32mBuilding C object src/security/builtin_plugins/cryptographic/CMakeFiles/dds_security_crypto.dir/src/crypto_key_factory.c.o[0m
[10.496s] [ 89%] [32mBuilding C object src/security/builtin_plugins/cryptographic/CMakeFiles/dds_security_crypto.dir/src/crypto_objects.c.o[0m
[10.540s] [ 89%] [32mBuilding C object src/security/builtin_plugins/authentication/CMakeFiles/dds_security_auth.dir/src/auth_utils.c.o[0m
[10.540s] [ 90%] [32mBuilding C object src/security/builtin_plugins/authentication/CMakeFiles/dds_security_auth.dir/__/__/openssl/src/openssl_support.c.o[0m
[10.596s] [ 91%] [32m[1mLinking C executable ../../../bin/ddsconf[0m
[10.646s] [ 92%] [32m[1mLinking C executable ../../../bin/ddsls[0m
[10.660s] [ 93%] [32mBuilding C object src/security/builtin_plugins/access_control/CMakeFiles/dds_security_ac.dir/src/access_control_parser.c.o[0m
[10.799s] [ 93%] [32mBuilding C object src/security/builtin_plugins/cryptographic/CMakeFiles/dds_security_crypto.dir/src/crypto_transform.c.o[0m
[10.808s] [ 93%] [32mBuilding C object src/security/builtin_plugins/access_control/CMakeFiles/dds_security_ac.dir/src/access_control_utils.c.o[0m
[10.827s] [ 93%] Built target ddsconf
[10.864s] [ 93%] Built target ddsls
[10.869s] [ 94%] [32mBuilding C object src/security/builtin_plugins/cryptographic/CMakeFiles/dds_security_crypto.dir/src/crypto_utils.c.o[0m
[10.883s] [ 94%] [32mBuilding C object src/security/builtin_plugins/cryptographic/CMakeFiles/dds_security_crypto.dir/src/cryptography.c.o[0m
[10.933s] [35m[1mScanning dependencies of target schema[0m
[10.994s] [ 95%] [32mBuilding C object src/security/builtin_plugins/cryptographic/CMakeFiles/dds_security_crypto.dir/__/__/openssl/src/openssl_support.c.o[0m
[11.014s] [ 96%] [34m[1mGenerating cyclonedds.rnc, cyclonedds.xsd, manual/options.md[0m
[11.061s] [ 97%] [32mBuilding C object src/security/builtin_plugins/access_control/CMakeFiles/dds_security_ac.dir/src/access_control.c.o[0m
[11.163s] [ 97%] [32mBuilding C object src/security/builtin_plugins/access_control/CMakeFiles/dds_security_ac.dir/__/__/openssl/src/openssl_support.c.o[0m
[11.264s] [ 97%] Built target schema
[11.315s] [ 97%] [32m[1mLinking C shared library ../../../../lib/libdds_security_auth.so[0m
[11.457s] [ 97%] Built target dds_security_auth
[11.593s] [ 98%] [32m[1mLinking C shared library ../../../../lib/libdds_security_crypto.so[0m
[11.661s] [ 98%] Built target dds_security_crypto
[11.719s] [ 99%] [32m[1mLinking C shared library ../../../../lib/libdds_security_ac.so[0m
[11.755s] [100%] [32m[1mLinking C executable ../../../bin/pubsub[0m
[11.766s] [100%] Built target dds_security_ac
[11.801s] [100%] Built target pubsub
