[1.005s] Invoking command in '/home/saitama1/ros2_foxy/src/ament/ament_lint/ament_cpplint': AMENT_PREFIX_PATH=/home/saitama1/ros2_foxy/install/ament_copyright:/home/saitama1/ros2_foxy/install/ament_pep257:/home/saitama1/ros2_foxy/install/ament_flake8:/home/saitama1/ros2_foxy/install/ament_lint:/home/saitama1/ros2_foxy/install/test_interface_files:/home/saitama1/ros2_foxy/install/ros_environment:/home/saitama1/ros2_foxy/install/osrf_pycommon:/home/saitama1/ros2_foxy/install/ament_pyflakes:/home/saitama1/ros2_foxy/install/ament_pycodestyle:/home/saitama1/ros2_foxy/install/ament_cmake_version:/home/saitama1/ros2_foxy/install/ament_cmake_test:/home/saitama1/ros2_foxy/install/ament_cmake_target_dependencies:/home/saitama1/ros2_foxy/install/ament_cmake_python:/home/saitama1/ros2_foxy/install/ament_cmake_export_dependencies:/home/saitama1/ros2_foxy/install/ament_cmake_libraries:/home/saitama1/ros2_foxy/install/ament_cmake_include_directories:/home/saitama1/ros2_foxy/install/ament_cmake_export_targets:/home/saitama1/ros2_foxy/install/ament_cmake_export_link_flags:/home/saitama1/ros2_foxy/install/ament_cmake_export_interfaces:/home/saitama1/ros2_foxy/install/ament_cmake_export_libraries:/home/saitama1/ros2_foxy/install/ament_cmake_export_include_directories:/home/saitama1/ros2_foxy/install/ament_cmake_export_definitions:/home/saitama1/ros2_foxy/install/ament_cmake_core:/home/saitama1/ros2_foxy/install/ament_package:/home/saitama1/ros2_foxy/install/ament_mypy:/home/saitama1/ros2_foxy/install/ament_cppcheck PATH=/home/saitama1/ros2_foxy/install/ament_copyright/bin:/home/saitama1/ros2_foxy/install/ament_pep257/bin:/home/saitama1/ros2_foxy/install/ament_flake8/bin:/home/saitama1/ros2_foxy/install/ament_pyflakes/bin:/home/saitama1/ros2_foxy/install/ament_pycodestyle/bin:/home/saitama1/ros2_foxy/install/ament_mypy/bin:/home/saitama1/ros2_foxy/install/ament_cppcheck/bin:/home/saitama1/.local/bin:/usr/local/sbin:/usr/local/bin:/usr/sbin:/usr/bin:/sbin:/bin:/usr/games:/usr/local/games:/snap/bin PYTHONPATH=/home/saitama1/ros2_foxy/install/ament_cpplint/lib/python3.8/site-packages:/home/saitama1/ros2_foxy/install/ament_copyright/lib/python3.8/site-packages:/home/saitama1/ros2_foxy/install/ament_pep257/lib/python3.8/site-packages:/home/saitama1/ros2_foxy/install/ament_flake8/lib/python3.8/site-packages:/home/saitama1/ros2_foxy/install/ament_lint/lib/python3.8/site-packages:/home/saitama1/ros2_foxy/install/osrf_pycommon/lib/python3.8/site-packages:/home/saitama1/ros2_foxy/install/ament_pyflakes/lib/python3.8/site-packages:/home/saitama1/ros2_foxy/install/ament_pycodestyle/lib/python3.8/site-packages:/home/saitama1/ros2_foxy/install/ament_cmake_test/lib/python3.8/site-packages:/home/saitama1/ros2_foxy/install/ament_package/lib/python3.8/site-packages:/home/saitama1/ros2_foxy/install/ament_mypy/lib/python3.8/site-packages:/home/saitama1/ros2_foxy/install/ament_cppcheck/lib/python3.8/site-packages /usr/bin/python3 setup.py egg_info --egg-base ../../../../build/ament_cpplint build --build-base /home/saitama1/ros2_foxy/build/ament_cpplint/build install --prefix /home/saitama1/ros2_foxy/install/ament_cpplint --record /home/saitama1/ros2_foxy/build/ament_cpplint/install.log --single-version-externally-managed
[1.276s] running egg_info
[1.277s] creating ../../../../build/ament_cpplint/ament_cpplint.egg-info
[1.277s] writing ../../../../build/ament_cpplint/ament_cpplint.egg-info/PKG-INFO
[1.277s] writing dependency_links to ../../../../build/ament_cpplint/ament_cpplint.egg-info/dependency_links.txt
[1.277s] writing entry points to ../../../../build/ament_cpplint/ament_cpplint.egg-info/entry_points.txt
[1.277s] writing requirements to ../../../../build/ament_cpplint/ament_cpplint.egg-info/requires.txt
[1.277s] writing top-level names to ../../../../build/ament_cpplint/ament_cpplint.egg-info/top_level.txt
[1.277s] writing manifest file '../../../../build/ament_cpplint/ament_cpplint.egg-info/SOURCES.txt'
[1.278s] reading manifest file '../../../../build/ament_cpplint/ament_cpplint.egg-info/SOURCES.txt'
[1.278s] writing manifest file '../../../../build/ament_cpplint/ament_cpplint.egg-info/SOURCES.txt'
[1.278s] running build
[1.278s] running build_py
[1.278s] creating /home/saitama1/ros2_foxy/build/ament_cpplint/build
[1.278s] creating /home/saitama1/ros2_foxy/build/ament_cpplint/build/lib
[1.278s] creating /home/saitama1/ros2_foxy/build/ament_cpplint/build/lib/ament_cpplint
[1.279s] copying ament_cpplint/__init__.py -> /home/saitama1/ros2_foxy/build/ament_cpplint/build/lib/ament_cpplint
[1.279s] copying ament_cpplint/cpplint.py -> /home/saitama1/ros2_foxy/build/ament_cpplint/build/lib/ament_cpplint
[1.279s] copying ament_cpplint/main.py -> /home/saitama1/ros2_foxy/build/ament_cpplint/build/lib/ament_cpplint
[1.279s] running install
[1.280s] running install_lib
[1.280s] creating /home/saitama1/ros2_foxy/install/ament_cpplint/lib/python3.8/site-packages/ament_cpplint
[1.281s] copying /home/saitama1/ros2_foxy/build/ament_cpplint/build/lib/ament_cpplint/__init__.py -> /home/saitama1/ros2_foxy/install/ament_cpplint/lib/python3.8/site-packages/ament_cpplint
[1.281s] copying /home/saitama1/ros2_foxy/build/ament_cpplint/build/lib/ament_cpplint/cpplint.py -> /home/saitama1/ros2_foxy/install/ament_cpplint/lib/python3.8/site-packages/ament_cpplint
[1.281s] copying /home/saitama1/ros2_foxy/build/ament_cpplint/build/lib/ament_cpplint/main.py -> /home/saitama1/ros2_foxy/install/ament_cpplint/lib/python3.8/site-packages/ament_cpplint
[1.281s] byte-compiling /home/saitama1/ros2_foxy/install/ament_cpplint/lib/python3.8/site-packages/ament_cpplint/__init__.py to __init__.cpython-38.pyc
[1.281s] byte-compiling /home/saitama1/ros2_foxy/install/ament_cpplint/lib/python3.8/site-packages/ament_cpplint/cpplint.py to cpplint.cpython-38.pyc
[1.282s] byte-compiling /home/saitama1/ros2_foxy/install/ament_cpplint/lib/python3.8/site-packages/ament_cpplint/main.py to main.cpython-38.pyc
[1.282s] running install_data
[1.282s] copying package.xml -> /home/saitama1/ros2_foxy/install/ament_cpplint/share/ament_cpplint
[1.283s] creating /home/saitama1/ros2_foxy/install/ament_cpplint/share/ament_index
[1.284s] creating /home/saitama1/ros2_foxy/install/ament_cpplint/share/ament_index/resource_index
[1.284s] creating /home/saitama1/ros2_foxy/install/ament_cpplint/share/ament_index/resource_index/packages
[1.284s] copying resource/ament_cpplint -> /home/saitama1/ros2_foxy/install/ament_cpplint/share/ament_index/resource_index/packages
[1.284s] running install_egg_info
[1.284s] Copying ../../../../build/ament_cpplint/ament_cpplint.egg-info to /home/saitama1/ros2_foxy/install/ament_cpplint/lib/python3.8/site-packages/ament_cpplint-0.9.6-py3.8.egg-info
[1.285s] running install_scripts
[1.301s] Installing ament_cpplint script to /home/saitama1/ros2_foxy/install/ament_cpplint/bin
[1.301s] writing list of installed files to '/home/saitama1/ros2_foxy/build/ament_cpplint/install.log'
[1.803s] Invoked command in '/home/saitama1/ros2_foxy/src/ament/ament_lint/ament_cpplint' returned '0': AMENT_PREFIX_PATH=/home/saitama1/ros2_foxy/install/ament_copyright:/home/saitama1/ros2_foxy/install/ament_pep257:/home/saitama1/ros2_foxy/install/ament_flake8:/home/saitama1/ros2_foxy/install/ament_lint:/home/saitama1/ros2_foxy/install/test_interface_files:/home/saitama1/ros2_foxy/install/ros_environment:/home/saitama1/ros2_foxy/install/osrf_pycommon:/home/saitama1/ros2_foxy/install/ament_pyflakes:/home/saitama1/ros2_foxy/install/ament_pycodestyle:/home/saitama1/ros2_foxy/install/ament_cmake_version:/home/saitama1/ros2_foxy/install/ament_cmake_test:/home/saitama1/ros2_foxy/install/ament_cmake_target_dependencies:/home/saitama1/ros2_foxy/install/ament_cmake_python:/home/saitama1/ros2_foxy/install/ament_cmake_export_dependencies:/home/saitama1/ros2_foxy/install/ament_cmake_libraries:/home/saitama1/ros2_foxy/install/ament_cmake_include_directories:/home/saitama1/ros2_foxy/install/ament_cmake_export_targets:/home/saitama1/ros2_foxy/install/ament_cmake_export_link_flags:/home/saitama1/ros2_foxy/install/ament_cmake_export_interfaces:/home/saitama1/ros2_foxy/install/ament_cmake_export_libraries:/home/saitama1/ros2_foxy/install/ament_cmake_export_include_directories:/home/saitama1/ros2_foxy/install/ament_cmake_export_definitions:/home/saitama1/ros2_foxy/install/ament_cmake_core:/home/saitama1/ros2_foxy/install/ament_package:/home/saitama1/ros2_foxy/install/ament_mypy:/home/saitama1/ros2_foxy/install/ament_cppcheck PATH=/home/saitama1/ros2_foxy/install/ament_copyright/bin:/home/saitama1/ros2_foxy/install/ament_pep257/bin:/home/saitama1/ros2_foxy/install/ament_flake8/bin:/home/saitama1/ros2_foxy/install/ament_pyflakes/bin:/home/saitama1/ros2_foxy/install/ament_pycodestyle/bin:/home/saitama1/ros2_foxy/install/ament_mypy/bin:/home/saitama1/ros2_foxy/install/ament_cppcheck/bin:/home/saitama1/.local/bin:/usr/local/sbin:/usr/local/bin:/usr/sbin:/usr/bin:/sbin:/bin:/usr/games:/usr/local/games:/snap/bin PYTHONPATH=/home/saitama1/ros2_foxy/install/ament_cpplint/lib/python3.8/site-packages:/home/saitama1/ros2_foxy/install/ament_copyright/lib/python3.8/site-packages:/home/saitama1/ros2_foxy/install/ament_pep257/lib/python3.8/site-packages:/home/saitama1/ros2_foxy/install/ament_flake8/lib/python3.8/site-packages:/home/saitama1/ros2_foxy/install/ament_lint/lib/python3.8/site-packages:/home/saitama1/ros2_foxy/install/osrf_pycommon/lib/python3.8/site-packages:/home/saitama1/ros2_foxy/install/ament_pyflakes/lib/python3.8/site-packages:/home/saitama1/ros2_foxy/install/ament_pycodestyle/lib/python3.8/site-packages:/home/saitama1/ros2_foxy/install/ament_cmake_test/lib/python3.8/site-packages:/home/saitama1/ros2_foxy/install/ament_package/lib/python3.8/site-packages:/home/saitama1/ros2_foxy/install/ament_mypy/lib/python3.8/site-packages:/home/saitama1/ros2_foxy/install/ament_cppcheck/lib/python3.8/site-packages /usr/bin/python3 setup.py egg_info --egg-base ../../../../build/ament_cpplint build --build-base /home/saitama1/ros2_foxy/build/ament_cpplint/build install --prefix /home/saitama1/ros2_foxy/install/ament_cpplint --record /home/saitama1/ros2_foxy/build/ament_cpplint/install.log --single-version-externally-managed
