-- Found ament_cmake: 0.9.8 (/home/saitama1/ros2_foxy/install/ament_cmake/share/ament_cmake/cmake)
-- Found PythonInterp: /usr/bin/python3 (found suitable version "3.8.10", minimum required is "3") 
-- Using PYTHON_EXECUTABLE: /usr/bin/python3
-- Override CMake install command with custom implementation using symlinks instead of copying resources
-- Found builtin_interfaces: 1.0.0 (/home/saitama1/ros2_foxy/install/builtin_interfaces/share/builtin_interfaces/cmake)
-- Using all available rosidl_typesupport_c: rosidl_typesupport_introspection_c;rosidl_typesupport_fastrtps_c
-- Found rosidl_adapter: 1.2.1 (/home/saitama1/ros2_foxy/install/rosidl_adapter/share/rosidl_adapter/cmake)
-- Using all available rosidl_typesupport_cpp: rosidl_typesupport_introspection_cpp;rosidl_typesupport_fastrtps_cpp
-- Found rosidl_default_generators: 1.0.1 (/home/saitama1/ros2_foxy/install/rosidl_default_generators/share/rosidl_default_generators/cmake)
-- Found unique_identifier_msgs: 2.1.3 (/home/saitama1/ros2_foxy/install/unique_identifier_msgs/share/unique_identifier_msgs/cmake)
-- Found PythonInterp: /usr/bin/python3 (found version "3.8.10") 
-- Found ament_cmake_cppcheck: 0.9.6 (/home/saitama1/ros2_foxy/install/ament_cmake_cppcheck/share/ament_cmake_cppcheck/cmake)
-- Found ament_cmake_cpplint: 0.9.6 (/home/saitama1/ros2_foxy/install/ament_cmake_cpplint/share/ament_cmake_cpplint/cmake)
-- Found ament_cmake_uncrustify: 0.9.6 (/home/saitama1/ros2_foxy/install/ament_cmake_uncrustify/share/ament_cmake_uncrustify/cmake)
-- Found ament_cmake_ros: 0.9.2 (/home/saitama1/ros2_foxy/install/ament_cmake_ros/share/ament_cmake_ros/cmake)
-- Using all available rosidl_typesupport_c: rosidl_typesupport_introspection_c;rosidl_typesupport_fastrtps_c
-- Using all available rosidl_typesupport_cpp: rosidl_typesupport_introspection_cpp;rosidl_typesupport_fastrtps_cpp
-- Found PythonInterp: /usr/bin/python3 (found suitable version "3.8.10", minimum required is "3.5") 
-- Found python_cmake_module: 0.8.1 (/home/saitama1/ros2_foxy/install/python_cmake_module/share/python_cmake_module/cmake)
-- Using PYTHON_EXECUTABLE: /usr/bin/python3
-- Using PYTHON_INCLUDE_DIRS: /usr/include/python3.8
-- Using PYTHON_LIBRARIES: /usr/lib/x86_64-linux-gnu/libpython3.8.so
-- Found ament_cmake_flake8: 0.9.6 (/home/saitama1/ros2_foxy/install/ament_cmake_flake8/share/ament_cmake_flake8/cmake)
-- Found ament_cmake_pep257: 0.9.6 (/home/saitama1/ros2_foxy/install/ament_cmake_pep257/share/ament_cmake_pep257/cmake)
-- Found ament_lint_auto: 0.9.6 (/home/saitama1/ros2_foxy/install/ament_lint_auto/share/ament_lint_auto/cmake)
-- Added test 'copyright' to check source files copyright and LICENSE
-- Added test 'lint_cmake' to check CMake code style
-- Added test 'xmllint' to check XML markup files
-- Configuring done
-- Generating done
-- Build files have been written to: /home/saitama1/ros2_foxy/build/action_msgs
[  1%] [34m[1mGenerating C code for ROS interfaces[0m
[  3%] [34m[1mGenerating C++ code for ROS interfaces[0m
[35m[1mScanning dependencies of target action_msgs__rosidl_generator_c[0m
[  5%] [32mBuilding C object CMakeFiles/action_msgs__rosidl_generator_c.dir/rosidl_generator_c/action_msgs/msg/detail/goal_info__functions.c.o[0m
[  5%] Built target action_msgs__cpp
[  7%] [32mBuilding C object CMakeFiles/action_msgs__rosidl_generator_c.dir/rosidl_generator_c/action_msgs/msg/detail/goal_status__functions.c.o[0m
[  9%] [32mBuilding C object CMakeFiles/action_msgs__rosidl_generator_c.dir/rosidl_generator_c/action_msgs/msg/detail/goal_status_array__functions.c.o[0m
[ 10%] [32mBuilding C object CMakeFiles/action_msgs__rosidl_generator_c.dir/rosidl_generator_c/action_msgs/srv/detail/cancel_goal__functions.c.o[0m
[ 12%] [34m[1mGenerating C++ introspection for ROS interfaces[0m
[ 14%] [34m[1mGenerating C++ type support dispatch for ROS interfaces[0m
[ 16%] [34m[1mGenerating C++ type support for eProsima Fast-RTPS[0m
[ 18%] [32m[1mLinking C shared library libaction_msgs__rosidl_generator_c.so[0m
[ 18%] Built target action_msgs__rosidl_generator_c
[ 20%] [34m[1mGenerating C introspection for ROS interfaces[0m
[ 21%] [34m[1mGenerating C type support dispatch for ROS interfaces[0m
[35m[1mScanning dependencies of target action_msgs__rosidl_typesupport_introspection_cpp[0m
[ 23%] [32mBuilding CXX object CMakeFiles/action_msgs__rosidl_typesupport_introspection_cpp.dir/rosidl_typesupport_introspection_cpp/action_msgs/msg/detail/goal_status_array__type_support.cpp.o[0m
[ 25%] [32mBuilding CXX object CMakeFiles/action_msgs__rosidl_typesupport_introspection_cpp.dir/rosidl_typesupport_introspection_cpp/action_msgs/srv/detail/cancel_goal__type_support.cpp.o[0m
[ 27%] [32mBuilding CXX object CMakeFiles/action_msgs__rosidl_typesupport_introspection_cpp.dir/rosidl_typesupport_introspection_cpp/action_msgs/msg/detail/goal_info__type_support.cpp.o[0m
[ 29%] [32mBuilding CXX object CMakeFiles/action_msgs__rosidl_typesupport_introspection_cpp.dir/rosidl_typesupport_introspection_cpp/action_msgs/msg/detail/goal_status__type_support.cpp.o[0m
[35m[1mScanning dependencies of target action_msgs__rosidl_typesupport_cpp[0m
[ 30%] [32mBuilding CXX object CMakeFiles/action_msgs__rosidl_typesupport_cpp.dir/rosidl_typesupport_cpp/action_msgs/msg/goal_status__type_support.cpp.o[0m
[ 32%] [32mBuilding CXX object CMakeFiles/action_msgs__rosidl_typesupport_cpp.dir/rosidl_typesupport_cpp/action_msgs/msg/goal_info__type_support.cpp.o[0m
[ 34%] [32mBuilding CXX object CMakeFiles/action_msgs__rosidl_typesupport_cpp.dir/rosidl_typesupport_cpp/action_msgs/msg/goal_status_array__type_support.cpp.o[0m
[ 36%] [32mBuilding CXX object CMakeFiles/action_msgs__rosidl_typesupport_cpp.dir/rosidl_typesupport_cpp/action_msgs/srv/cancel_goal__type_support.cpp.o[0m
[35m[1mScanning dependencies of target action_msgs__rosidl_typesupport_fastrtps_cpp[0m
[35m[1mScanning dependencies of target action_msgs__rosidl_typesupport_c[0m
[ 38%] [32mBuilding CXX object CMakeFiles/action_msgs__rosidl_typesupport_fastrtps_cpp.dir/rosidl_typesupport_fastrtps_cpp/action_msgs/msg/detail/dds_fastrtps/goal_info__type_support.cpp.o[0m
[ 40%] [32mBuilding CXX object CMakeFiles/action_msgs__rosidl_typesupport_fastrtps_cpp.dir/rosidl_typesupport_fastrtps_cpp/action_msgs/msg/detail/dds_fastrtps/goal_status__type_support.cpp.o[0m
[ 41%] [32m[1mLinking CXX shared library libaction_msgs__rosidl_typesupport_introspection_cpp.so[0m
[ 43%] [32mBuilding CXX object CMakeFiles/action_msgs__rosidl_typesupport_fastrtps_cpp.dir/rosidl_typesupport_fastrtps_cpp/action_msgs/msg/detail/dds_fastrtps/goal_status_array__type_support.cpp.o[0m
[ 45%] [32mBuilding CXX object CMakeFiles/action_msgs__rosidl_typesupport_fastrtps_cpp.dir/rosidl_typesupport_fastrtps_cpp/action_msgs/srv/detail/dds_fastrtps/cancel_goal__type_support.cpp.o[0m
[ 47%] [32mBuilding CXX object CMakeFiles/action_msgs__rosidl_typesupport_c.dir/rosidl_typesupport_c/action_msgs/msg/goal_status__type_support.cpp.o[0m
[35m[1mScanning dependencies of target action_msgs__rosidl_typesupport_introspection_c[0m
[ 49%] [32mBuilding CXX object CMakeFiles/action_msgs__rosidl_typesupport_c.dir/rosidl_typesupport_c/action_msgs/msg/goal_info__type_support.cpp.o[0m
[ 50%] [32mBuilding C object CMakeFiles/action_msgs__rosidl_typesupport_introspection_c.dir/rosidl_typesupport_introspection_c/action_msgs/msg/detail/goal_info__type_support.c.o[0m
[ 52%] [32mBuilding C object CMakeFiles/action_msgs__rosidl_typesupport_introspection_c.dir/rosidl_typesupport_introspection_c/action_msgs/msg/detail/goal_status__type_support.c.o[0m
[ 54%] [32mBuilding C object CMakeFiles/action_msgs__rosidl_typesupport_introspection_c.dir/rosidl_typesupport_introspection_c/action_msgs/msg/detail/goal_status_array__type_support.c.o[0m
[ 56%] [32mBuilding CXX object CMakeFiles/action_msgs__rosidl_typesupport_c.dir/rosidl_typesupport_c/action_msgs/msg/goal_status_array__type_support.cpp.o[0m
[ 58%] [32mBuilding C object CMakeFiles/action_msgs__rosidl_typesupport_introspection_c.dir/rosidl_typesupport_introspection_c/action_msgs/srv/detail/cancel_goal__type_support.c.o[0m
[ 58%] Built target action_msgs__rosidl_typesupport_introspection_cpp
[ 60%] [32mBuilding CXX object CMakeFiles/action_msgs__rosidl_typesupport_c.dir/rosidl_typesupport_c/action_msgs/srv/cancel_goal__type_support.cpp.o[0m
[ 61%] [32m[1mLinking CXX shared library libaction_msgs__rosidl_typesupport_cpp.so[0m
[ 63%] [32m[1mLinking CXX shared library libaction_msgs__rosidl_typesupport_c.so[0m
[ 65%] [32m[1mLinking C shared library libaction_msgs__rosidl_typesupport_introspection_c.so[0m
[ 67%] [32m[1mLinking CXX shared library libaction_msgs__rosidl_typesupport_fastrtps_cpp.so[0m
[ 67%] Built target action_msgs__rosidl_typesupport_cpp
[ 67%] Built target action_msgs__rosidl_typesupport_introspection_c
[ 67%] Built target action_msgs__rosidl_typesupport_c
[ 67%] Built target action_msgs__rosidl_typesupport_fastrtps_cpp
[ 69%] [34m[1mGenerating C type support for eProsima Fast-RTPS[0m
[35m[1mScanning dependencies of target action_msgs__rosidl_typesupport_fastrtps_c[0m
[ 70%] [32mBuilding CXX object CMakeFiles/action_msgs__rosidl_typesupport_fastrtps_c.dir/rosidl_typesupport_fastrtps_c/action_msgs/msg/detail/goal_info__type_support_c.cpp.o[0m
[ 72%] [32mBuilding CXX object CMakeFiles/action_msgs__rosidl_typesupport_fastrtps_c.dir/rosidl_typesupport_fastrtps_c/action_msgs/msg/detail/goal_status__type_support_c.cpp.o[0m
[ 74%] [32mBuilding CXX object CMakeFiles/action_msgs__rosidl_typesupport_fastrtps_c.dir/rosidl_typesupport_fastrtps_c/action_msgs/msg/detail/goal_status_array__type_support_c.cpp.o[0m
[ 76%] [32mBuilding CXX object CMakeFiles/action_msgs__rosidl_typesupport_fastrtps_c.dir/rosidl_typesupport_fastrtps_c/action_msgs/srv/detail/cancel_goal__type_support_c.cpp.o[0m
[ 78%] [32m[1mLinking CXX shared library libaction_msgs__rosidl_typesupport_fastrtps_c.so[0m
[ 78%] Built target action_msgs__rosidl_typesupport_fastrtps_c
[ 78%] Built target action_msgs
[ 80%] [34m[1mGenerating Python code for ROS interfaces[0m
[ 80%] Built target action_msgs__py
[35m[1mScanning dependencies of target action_msgs__python[0m
[ 81%] [32mBuilding C object CMakeFiles/action_msgs__python.dir/rosidl_generator_py/action_msgs/msg/_goal_info_s.c.o[0m
[ 83%] [32mBuilding C object CMakeFiles/action_msgs__python.dir/rosidl_generator_py/action_msgs/srv/_cancel_goal_s.c.o[0m
[ 85%] [32mBuilding C object CMakeFiles/action_msgs__python.dir/rosidl_generator_py/action_msgs/msg/_goal_status_array_s.c.o[0m
[ 87%] [32mBuilding C object CMakeFiles/action_msgs__python.dir/rosidl_generator_py/action_msgs/msg/_goal_status_s.c.o[0m
[ 89%] [32m[1mLinking C shared library rosidl_generator_py/action_msgs/libaction_msgs__python.so[0m
[ 89%] Built target action_msgs__python
[35m[1mScanning dependencies of target action_msgs__rosidl_typesupport_fastrtps_c__pyext[0m
[ 90%] [32mBuilding C object CMakeFiles/action_msgs__rosidl_typesupport_fastrtps_c__pyext.dir/rosidl_generator_py/action_msgs/_action_msgs_s.ep.rosidl_typesupport_fastrtps_c.c.o[0m
[ 92%] [32m[1mLinking CXX shared library rosidl_generator_py/action_msgs/action_msgs_s__rosidl_typesupport_fastrtps_c.cpython-38-x86_64-linux-gnu.so[0m
[ 92%] Built target action_msgs__rosidl_typesupport_fastrtps_c__pyext
[35m[1mScanning dependencies of target action_msgs__rosidl_typesupport_c__pyext[0m
[ 94%] [32mBuilding C object CMakeFiles/action_msgs__rosidl_typesupport_c__pyext.dir/rosidl_generator_py/action_msgs/_action_msgs_s.ep.rosidl_typesupport_c.c.o[0m
[ 96%] [32m[1mLinking C shared library rosidl_generator_py/action_msgs/action_msgs_s__rosidl_typesupport_c.cpython-38-x86_64-linux-gnu.so[0m
[ 96%] Built target action_msgs__rosidl_typesupport_c__pyext
[35m[1mScanning dependencies of target action_msgs__rosidl_typesupport_introspection_c__pyext[0m
[ 98%] [32mBuilding C object CMakeFiles/action_msgs__rosidl_typesupport_introspection_c__pyext.dir/rosidl_generator_py/action_msgs/_action_msgs_s.ep.rosidl_typesupport_introspection_c.c.o[0m
[100%] [32m[1mLinking C shared library rosidl_generator_py/action_msgs/action_msgs_s__rosidl_typesupport_introspection_c.cpython-38-x86_64-linux-gnu.so[0m
[100%] Built target action_msgs__rosidl_typesupport_introspection_c__pyext
-- Install configuration: ""
-- Execute custom install script
-- Up-to-date symlink: /home/saitama1/ros2_foxy/install/action_msgs/share/ament_index/resource_index/rosidl_interfaces/action_msgs
-- Up-to-date symlink: /home/saitama1/ros2_foxy/install/action_msgs/include/action_msgs/msg/detail/goal_info__functions.h
-- Up-to-date symlink: /home/saitama1/ros2_foxy/install/action_msgs/include/action_msgs/msg/detail/goal_info__struct.h
-- Up-to-date symlink: /home/saitama1/ros2_foxy/install/action_msgs/include/action_msgs/msg/detail/goal_info__type_support.h
-- Up-to-date symlink: /home/saitama1/ros2_foxy/install/action_msgs/include/action_msgs/msg/detail/goal_status__functions.h
-- Up-to-date symlink: /home/saitama1/ros2_foxy/install/action_msgs/include/action_msgs/msg/detail/goal_status__struct.h
-- Up-to-date symlink: /home/saitama1/ros2_foxy/install/action_msgs/include/action_msgs/msg/detail/goal_status__type_support.h
-- Up-to-date symlink: /home/saitama1/ros2_foxy/install/action_msgs/include/action_msgs/msg/detail/goal_status_array__functions.h
-- Up-to-date symlink: /home/saitama1/ros2_foxy/install/action_msgs/include/action_msgs/msg/detail/goal_status_array__struct.h
-- Up-to-date symlink: /home/saitama1/ros2_foxy/install/action_msgs/include/action_msgs/msg/detail/goal_status_array__type_support.h
-- Up-to-date symlink: /home/saitama1/ros2_foxy/install/action_msgs/include/action_msgs/msg/goal_info.h
-- Up-to-date symlink: /home/saitama1/ros2_foxy/install/action_msgs/include/action_msgs/msg/goal_status.h
-- Up-to-date symlink: /home/saitama1/ros2_foxy/install/action_msgs/include/action_msgs/msg/goal_status_array.h
-- Up-to-date symlink: /home/saitama1/ros2_foxy/install/action_msgs/include/action_msgs/msg/rosidl_generator_c__visibility_control.h
-- Up-to-date symlink: /home/saitama1/ros2_foxy/install/action_msgs/include/action_msgs/srv/cancel_goal.h
-- Up-to-date symlink: /home/saitama1/ros2_foxy/install/action_msgs/include/action_msgs/srv/detail/cancel_goal__functions.h
-- Up-to-date symlink: /home/saitama1/ros2_foxy/install/action_msgs/include/action_msgs/srv/detail/cancel_goal__struct.h
-- Up-to-date symlink: /home/saitama1/ros2_foxy/install/action_msgs/include/action_msgs/srv/detail/cancel_goal__type_support.h
-- Up-to-date symlink: /home/saitama1/ros2_foxy/install/action_msgs/share/action_msgs/environment/library_path.sh
-- Up-to-date symlink: /home/saitama1/ros2_foxy/install/action_msgs/share/action_msgs/environment/library_path.dsv
-- Up-to-date symlink: /home/saitama1/ros2_foxy/install/action_msgs/include/action_msgs/msg/detail/goal_info__rosidl_typesupport_introspection_c.h
-- Up-to-date symlink: /home/saitama1/ros2_foxy/install/action_msgs/include/action_msgs/msg/detail/goal_status__rosidl_typesupport_introspection_c.h
-- Up-to-date symlink: /home/saitama1/ros2_foxy/install/action_msgs/include/action_msgs/msg/detail/goal_status_array__rosidl_typesupport_introspection_c.h
-- Up-to-date symlink: /home/saitama1/ros2_foxy/install/action_msgs/include/action_msgs/msg/rosidl_typesupport_introspection_c__visibility_control.h
-- Up-to-date symlink: /home/saitama1/ros2_foxy/install/action_msgs/include/action_msgs/srv/detail/cancel_goal__rosidl_typesupport_introspection_c.h
-- Up-to-date symlink: /home/saitama1/ros2_foxy/install/action_msgs/include/action_msgs/msg/detail/goal_info__rosidl_typesupport_fastrtps_c.h
-- Up-to-date symlink: /home/saitama1/ros2_foxy/install/action_msgs/include/action_msgs/msg/detail/goal_status__rosidl_typesupport_fastrtps_c.h
-- Up-to-date symlink: /home/saitama1/ros2_foxy/install/action_msgs/include/action_msgs/msg/detail/goal_status_array__rosidl_typesupport_fastrtps_c.h
-- Up-to-date symlink: /home/saitama1/ros2_foxy/install/action_msgs/include/action_msgs/msg/rosidl_typesupport_fastrtps_c__visibility_control.h
-- Up-to-date symlink: /home/saitama1/ros2_foxy/install/action_msgs/include/action_msgs/srv/detail/cancel_goal__rosidl_typesupport_fastrtps_c.h
-- Up-to-date symlink: /home/saitama1/ros2_foxy/install/action_msgs/lib/libaction_msgs__rosidl_typesupport_fastrtps_c.so
-- Up-to-date symlink: /home/saitama1/ros2_foxy/install/action_msgs/include/action_msgs/msg/detail/goal_info__rosidl_typesupport_fastrtps_cpp.hpp
-- Up-to-date symlink: /home/saitama1/ros2_foxy/install/action_msgs/include/action_msgs/msg/detail/goal_status__rosidl_typesupport_fastrtps_cpp.hpp
-- Up-to-date symlink: /home/saitama1/ros2_foxy/install/action_msgs/include/action_msgs/msg/detail/goal_status_array__rosidl_typesupport_fastrtps_cpp.hpp
-- Up-to-date symlink: /home/saitama1/ros2_foxy/install/action_msgs/include/action_msgs/msg/rosidl_typesupport_fastrtps_cpp__visibility_control.h
-- Up-to-date symlink: /home/saitama1/ros2_foxy/install/action_msgs/include/action_msgs/srv/detail/cancel_goal__rosidl_typesupport_fastrtps_cpp.hpp
-- Up-to-date symlink: /home/saitama1/ros2_foxy/install/action_msgs/lib/libaction_msgs__rosidl_typesupport_fastrtps_cpp.so
-- Up-to-date symlink: /home/saitama1/ros2_foxy/install/action_msgs/include/action_msgs/msg/detail/goal_info__builder.hpp
-- Up-to-date symlink: /home/saitama1/ros2_foxy/install/action_msgs/include/action_msgs/msg/detail/goal_info__struct.hpp
-- Up-to-date symlink: /home/saitama1/ros2_foxy/install/action_msgs/include/action_msgs/msg/detail/goal_info__traits.hpp
-- Up-to-date symlink: /home/saitama1/ros2_foxy/install/action_msgs/include/action_msgs/msg/detail/goal_status__builder.hpp
-- Up-to-date symlink: /home/saitama1/ros2_foxy/install/action_msgs/include/action_msgs/msg/detail/goal_status__struct.hpp
-- Up-to-date symlink: /home/saitama1/ros2_foxy/install/action_msgs/include/action_msgs/msg/detail/goal_status__traits.hpp
-- Up-to-date symlink: /home/saitama1/ros2_foxy/install/action_msgs/include/action_msgs/msg/detail/goal_status_array__builder.hpp
-- Up-to-date symlink: /home/saitama1/ros2_foxy/install/action_msgs/include/action_msgs/msg/detail/goal_status_array__struct.hpp
-- Up-to-date symlink: /home/saitama1/ros2_foxy/install/action_msgs/include/action_msgs/msg/detail/goal_status_array__traits.hpp
-- Up-to-date symlink: /home/saitama1/ros2_foxy/install/action_msgs/include/action_msgs/msg/goal_info.hpp
-- Up-to-date symlink: /home/saitama1/ros2_foxy/install/action_msgs/include/action_msgs/msg/goal_status.hpp
-- Up-to-date symlink: /home/saitama1/ros2_foxy/install/action_msgs/include/action_msgs/msg/goal_status_array.hpp
-- Up-to-date symlink: /home/saitama1/ros2_foxy/install/action_msgs/include/action_msgs/srv/cancel_goal.hpp
-- Up-to-date symlink: /home/saitama1/ros2_foxy/install/action_msgs/include/action_msgs/srv/detail/cancel_goal__builder.hpp
-- Up-to-date symlink: /home/saitama1/ros2_foxy/install/action_msgs/include/action_msgs/srv/detail/cancel_goal__struct.hpp
-- Up-to-date symlink: /home/saitama1/ros2_foxy/install/action_msgs/include/action_msgs/srv/detail/cancel_goal__traits.hpp
-- Up-to-date symlink: /home/saitama1/ros2_foxy/install/action_msgs/include/action_msgs/msg/detail/goal_info__rosidl_typesupport_introspection_cpp.hpp
-- Up-to-date symlink: /home/saitama1/ros2_foxy/install/action_msgs/include/action_msgs/msg/detail/goal_status__rosidl_typesupport_introspection_cpp.hpp
-- Up-to-date symlink: /home/saitama1/ros2_foxy/install/action_msgs/include/action_msgs/msg/detail/goal_status_array__rosidl_typesupport_introspection_cpp.hpp
-- Up-to-date symlink: /home/saitama1/ros2_foxy/install/action_msgs/include/action_msgs/srv/detail/cancel_goal__rosidl_typesupport_introspection_cpp.hpp
-- Up-to-date symlink: /home/saitama1/ros2_foxy/install/action_msgs/share/action_msgs/environment/pythonpath.sh
-- Up-to-date symlink: /home/saitama1/ros2_foxy/install/action_msgs/share/action_msgs/environment/pythonpath.dsv
-- Up-to-date symlink: /home/saitama1/ros2_foxy/install/action_msgs/lib/python3.8/site-packages/action_msgs/__init__.py
-- Up-to-date symlink: /home/saitama1/ros2_foxy/install/action_msgs/lib/python3.8/site-packages/action_msgs/msg/__init__.py
-- Up-to-date symlink: /home/saitama1/ros2_foxy/install/action_msgs/lib/python3.8/site-packages/action_msgs/msg/_goal_info.py
-- Up-to-date symlink: /home/saitama1/ros2_foxy/install/action_msgs/lib/python3.8/site-packages/action_msgs/msg/_goal_status.py
-- Up-to-date symlink: /home/saitama1/ros2_foxy/install/action_msgs/lib/python3.8/site-packages/action_msgs/msg/_goal_status_array.py
-- Up-to-date symlink: /home/saitama1/ros2_foxy/install/action_msgs/lib/python3.8/site-packages/action_msgs/srv/__init__.py
-- Up-to-date symlink: /home/saitama1/ros2_foxy/install/action_msgs/lib/python3.8/site-packages/action_msgs/srv/_cancel_goal.py
-- Up-to-date symlink: /home/saitama1/ros2_foxy/install/action_msgs/lib/python3.8/site-packages/action_msgs/action_msgs_s__rosidl_typesupport_introspection_c.cpython-38-x86_64-linux-gnu.so
-- Up-to-date symlink: /home/saitama1/ros2_foxy/install/action_msgs/lib/python3.8/site-packages/action_msgs/action_msgs_s__rosidl_typesupport_fastrtps_c.cpython-38-x86_64-linux-gnu.so
-- Up-to-date symlink: /home/saitama1/ros2_foxy/install/action_msgs/lib/python3.8/site-packages/action_msgs/action_msgs_s__rosidl_typesupport_c.cpython-38-x86_64-linux-gnu.so
-- Up-to-date symlink: /home/saitama1/ros2_foxy/install/action_msgs/lib/libaction_msgs__python.so
-- Up-to-date symlink: /home/saitama1/ros2_foxy/install/action_msgs/share/action_msgs/msg/GoalInfo.idl
-- Up-to-date symlink: /home/saitama1/ros2_foxy/install/action_msgs/share/action_msgs/msg/GoalStatus.idl
-- Up-to-date symlink: /home/saitama1/ros2_foxy/install/action_msgs/share/action_msgs/msg/GoalStatusArray.idl
-- Up-to-date symlink: /home/saitama1/ros2_foxy/install/action_msgs/share/action_msgs/srv/CancelGoal.idl
-- Up-to-date symlink: /home/saitama1/ros2_foxy/install/action_msgs/share/action_msgs/msg/GoalInfo.msg
-- Up-to-date symlink: /home/saitama1/ros2_foxy/install/action_msgs/share/action_msgs/msg/GoalStatus.msg
-- Up-to-date symlink: /home/saitama1/ros2_foxy/install/action_msgs/share/action_msgs/msg/GoalStatusArray.msg
-- Up-to-date symlink: /home/saitama1/ros2_foxy/install/action_msgs/share/action_msgs/srv/CancelGoal.srv
-- Up-to-date symlink: /home/saitama1/ros2_foxy/install/action_msgs/share/action_msgs/srv/CancelGoal_Request.msg
-- Up-to-date symlink: /home/saitama1/ros2_foxy/install/action_msgs/share/action_msgs/srv/CancelGoal_Response.msg
-- Up-to-date symlink: /home/saitama1/ros2_foxy/install/action_msgs/share/ament_index/resource_index/package_run_dependencies/action_msgs
-- Up-to-date symlink: /home/saitama1/ros2_foxy/install/action_msgs/share/ament_index/resource_index/parent_prefix_path/action_msgs
-- Up-to-date symlink: /home/saitama1/ros2_foxy/install/action_msgs/share/action_msgs/environment/ament_prefix_path.sh
-- Up-to-date symlink: /home/saitama1/ros2_foxy/install/action_msgs/share/action_msgs/environment/ament_prefix_path.dsv
-- Up-to-date symlink: /home/saitama1/ros2_foxy/install/action_msgs/share/action_msgs/environment/path.sh
-- Up-to-date symlink: /home/saitama1/ros2_foxy/install/action_msgs/share/action_msgs/environment/path.dsv
-- Up-to-date symlink: /home/saitama1/ros2_foxy/install/action_msgs/share/action_msgs/local_setup.bash
-- Up-to-date symlink: /home/saitama1/ros2_foxy/install/action_msgs/share/action_msgs/local_setup.sh
-- Up-to-date symlink: /home/saitama1/ros2_foxy/install/action_msgs/share/action_msgs/local_setup.zsh
-- Up-to-date symlink: /home/saitama1/ros2_foxy/install/action_msgs/share/action_msgs/local_setup.dsv
-- Symlinking: /home/saitama1/ros2_foxy/install/action_msgs/share/action_msgs/package.dsv
-- Up-to-date symlink: /home/saitama1/ros2_foxy/install/action_msgs/share/ament_index/resource_index/packages/action_msgs
-- Up-to-date symlink: /home/saitama1/ros2_foxy/install/action_msgs/share/action_msgs/cmake/rosidl_cmake-extras.cmake
-- Up-to-date symlink: /home/saitama1/ros2_foxy/install/action_msgs/share/action_msgs/cmake/ament_cmake_export_dependencies-extras.cmake
-- Up-to-date symlink: /home/saitama1/ros2_foxy/install/action_msgs/share/action_msgs/cmake/ament_cmake_export_libraries-extras.cmake
-- Up-to-date symlink: /home/saitama1/ros2_foxy/install/action_msgs/share/action_msgs/cmake/ament_cmake_export_targets-extras.cmake
-- Up-to-date symlink: /home/saitama1/ros2_foxy/install/action_msgs/share/action_msgs/cmake/ament_cmake_export_include_directories-extras.cmake
-- Up-to-date symlink: /home/saitama1/ros2_foxy/install/action_msgs/share/action_msgs/cmake/rosidl_cmake_export_typesupport_targets-extras.cmake
-- Up-to-date symlink: /home/saitama1/ros2_foxy/install/action_msgs/share/action_msgs/cmake/rosidl_cmake_export_typesupport_libraries-extras.cmake
-- Up-to-date symlink: /home/saitama1/ros2_foxy/install/action_msgs/share/action_msgs/cmake/action_msgsConfig.cmake
-- Up-to-date symlink: /home/saitama1/ros2_foxy/install/action_msgs/share/action_msgs/cmake/action_msgsConfig-version.cmake
-- Up-to-date symlink: /home/saitama1/ros2_foxy/install/action_msgs/share/action_msgs/package.xml
-- Installing: /home/saitama1/ros2_foxy/install/action_msgs/lib/libaction_msgs__rosidl_generator_c.so
-- Set runtime path of "/home/saitama1/ros2_foxy/install/action_msgs/lib/libaction_msgs__rosidl_generator_c.so" to ""
-- Installing: /home/saitama1/ros2_foxy/install/action_msgs/lib/libaction_msgs__rosidl_typesupport_introspection_c.so
-- Set runtime path of "/home/saitama1/ros2_foxy/install/action_msgs/lib/libaction_msgs__rosidl_typesupport_introspection_c.so" to ""
-- Installing: /home/saitama1/ros2_foxy/install/action_msgs/lib/libaction_msgs__rosidl_typesupport_c.so
-- Set runtime path of "/home/saitama1/ros2_foxy/install/action_msgs/lib/libaction_msgs__rosidl_typesupport_c.so" to ""
-- Installing: /home/saitama1/ros2_foxy/install/action_msgs/lib/libaction_msgs__rosidl_typesupport_introspection_cpp.so
-- Set runtime path of "/home/saitama1/ros2_foxy/install/action_msgs/lib/libaction_msgs__rosidl_typesupport_introspection_cpp.so" to ""
-- Installing: /home/saitama1/ros2_foxy/install/action_msgs/lib/libaction_msgs__rosidl_typesupport_cpp.so
-- Set runtime path of "/home/saitama1/ros2_foxy/install/action_msgs/lib/libaction_msgs__rosidl_typesupport_cpp.so" to ""
Compiling '/home/saitama1/ros2_foxy/install/action_msgs/lib/python3.8/site-packages/action_msgs/__init__.py'...
-- Up-to-date: /home/saitama1/ros2_foxy/install/action_msgs/share/action_msgs/cmake/action_msgs__rosidl_generator_cExport.cmake
-- Installing: /home/saitama1/ros2_foxy/install/action_msgs/share/action_msgs/cmake/action_msgs__rosidl_generator_cExport-noconfig.cmake
-- Up-to-date: /home/saitama1/ros2_foxy/install/action_msgs/share/action_msgs/cmake/action_msgs__rosidl_typesupport_introspection_cExport.cmake
-- Installing: /home/saitama1/ros2_foxy/install/action_msgs/share/action_msgs/cmake/action_msgs__rosidl_typesupport_introspection_cExport-noconfig.cmake
-- Up-to-date: /home/saitama1/ros2_foxy/install/action_msgs/share/action_msgs/cmake/action_msgs__rosidl_typesupport_cExport.cmake
-- Installing: /home/saitama1/ros2_foxy/install/action_msgs/share/action_msgs/cmake/action_msgs__rosidl_typesupport_cExport-noconfig.cmake
-- Up-to-date: /home/saitama1/ros2_foxy/install/action_msgs/share/action_msgs/cmake/action_msgs__rosidl_generator_cppExport.cmake
-- Up-to-date: /home/saitama1/ros2_foxy/install/action_msgs/share/action_msgs/cmake/action_msgs__rosidl_typesupport_introspection_cppExport.cmake
-- Installing: /home/saitama1/ros2_foxy/install/action_msgs/share/action_msgs/cmake/action_msgs__rosidl_typesupport_introspection_cppExport-noconfig.cmake
-- Up-to-date: /home/saitama1/ros2_foxy/install/action_msgs/share/action_msgs/cmake/action_msgs__rosidl_typesupport_cppExport.cmake
-- Installing: /home/saitama1/ros2_foxy/install/action_msgs/share/action_msgs/cmake/action_msgs__rosidl_typesupport_cppExport-noconfig.cmake
