-- The C compiler identification is GNU 9.3.0
-- The CXX compiler identification is GNU 9.3.0
-- Check for working C compiler: /usr/bin/cc
-- Check for working C compiler: /usr/bin/cc -- works
-- Detecting C compiler ABI info
-- Detecting C compiler ABI info - done
-- Detecting C compile features
-- Detecting C compile features - done
-- Check for working CXX compiler: /usr/bin/c++
-- Check for working CXX compiler: /usr/bin/c++ -- works
-- Detecting CXX compiler ABI info
-- Detecting CXX compiler ABI info - done
-- Detecting CXX compile features
-- Detecting CXX compile features - done
-- Found ament_cmake: 0.9.8 (/home/saitama1/Pictures/ros2-picas/ros2_foxy/install/ament_cmake/share/ament_cmake/cmake)
-- Found PythonInterp: /usr/bin/python3 (found suitable version "3.8.10", minimum required is "3") 
-- Using PYTHON_EXECUTABLE: /usr/bin/python3
-- Found example_interfaces: 0.9.1 (/home/saitama1/Pictures/ros2-picas/ros2_foxy/install/example_interfaces/share/example_interfaces/cmake)
-- Using all available rosidl_typesupport_c: rosidl_typesupport_fastrtps_c;rosidl_typesupport_introspection_c
-- Found rosidl_adapter: 1.2.1 (/home/saitama1/Pictures/ros2-picas/ros2_foxy/install/rosidl_adapter/share/rosidl_adapter/cmake)
-- Found OpenSSL: /usr/lib/x86_64-linux-gnu/libcrypto.so (found version "1.1.1f")  
-- Found FastRTPS: /home/saitama1/Pictures/ros2-picas/ros2_foxy/install/fastrtps/include  
-- Using all available rosidl_typesupport_cpp: rosidl_typesupport_introspection_cpp;rosidl_typesupport_fastrtps_cpp
-- Found rclcpp: 2.3.1 (/home/saitama1/Pictures/ros2-picas/ros2_foxy/install/rclcpp/share/rclcpp/cmake)
-- Found rmw_implementation_cmake: 1.0.3 (/home/saitama1/Pictures/ros2-picas/ros2_foxy/install/rmw_implementation_cmake/share/rmw_implementation_cmake/cmake)
-- Using RMW implementation 'rmw_fastrtps_cpp' as default
-- Looking for pthread.h
-- Looking for pthread.h - found
-- Performing Test CMAKE_HAVE_LIBC_PTHREAD
-- Performing Test CMAKE_HAVE_LIBC_PTHREAD - Failed
-- Looking for pthread_create in pthreads
-- Looking for pthread_create in pthreads - not found
-- Looking for pthread_create in pthread
-- Looking for pthread_create in pthread - found
-- Found Threads: TRUE  
-- Found rclcpp_components: 2.3.1 (/home/saitama1/Pictures/ros2-picas/ros2_foxy/install/rclcpp_components/share/rclcpp_components/cmake)
-- Found ament_lint_auto: 0.9.6 (/home/saitama1/Pictures/ros2-picas/ros2_foxy/install/ament_lint_auto/share/ament_lint_auto/cmake)
-- Found python_cmake_module: 0.8.1 (/home/saitama1/Pictures/ros2-picas/ros2_foxy/install/python_cmake_module/share/python_cmake_module/cmake)
-- Found PythonInterp: /usr/bin/python3 (found suitable version "3.8.10", minimum required is "3.5") 
-- Found PythonLibs: /usr/lib/x86_64-linux-gnu/libpython3.8.so (found suitable version "3.8.10", minimum required is "3.5") 
-- Using PYTHON_EXECUTABLE: /usr/bin/python3
-- Using PYTHON_INCLUDE_DIRS: /usr/include/python3.8
-- Using PYTHON_LIBRARIES: /usr/lib/x86_64-linux-gnu/libpython3.8.so
-- Found PythonExtra: .so  
-- Added test 'copyright' to check source files copyright and LICENSE
-- Added test 'cppcheck' to perform static code analysis on C / C++ code
-- Configured cppcheck include dirs: /home/saitama1/Pictures/ros2-picas/ros2_foxy/src/ros2/demos/composition/include
-- Configured cppcheck exclude dirs and/or files: 
-- Added test 'cpplint' to check C / C++ code against the Google style
-- Configured cpplint exclude dirs and/or files: 
-- Added test 'flake8' to check Python code syntax and style conventions
-- Added test 'lint_cmake' to check CMake code style
-- Added test 'pep257' to check Python code against some of the style conventions in PEP 257
-- Added test 'uncrustify' to check C / C++ code style
-- Configured uncrustify additional arguments: 
-- Added test 'xmllint' to check XML markup files
-- Configuring done
-- Generating done
-- Build files have been written to: /home/saitama1/Pictures/ros2-picas/ros2_foxy/build/composition
[35m[1mScanning dependencies of target client_component[0m
[  6%] [32mBuilding CXX object CMakeFiles/client_component.dir/src/client_component.cpp.o[0m
[ 12%] [32m[1mLinking CXX shared library libclient_component.so[0m
[ 12%] Built target client_component
[35m[1mScanning dependencies of target server_component[0m
[ 18%] [32mBuilding CXX object CMakeFiles/server_component.dir/src/server_component.cpp.o[0m
[ 25%] [32m[1mLinking CXX shared library libserver_component.so[0m
[ 25%] Built target server_component
[35m[1mScanning dependencies of target node_like_listener_component[0m
[ 31%] [32mBuilding CXX object CMakeFiles/node_like_listener_component.dir/src/node_like_listener_component.cpp.o[0m
[ 37%] [32m[1mLinking CXX shared library libnode_like_listener_component.so[0m
[ 37%] Built target node_like_listener_component
[35m[1mScanning dependencies of target dlopen_composition[0m
[ 43%] [32mBuilding CXX object CMakeFiles/dlopen_composition.dir/src/dlopen_composition.cpp.o[0m
[ 50%] [32m[1mLinking CXX executable dlopen_composition[0m
[ 50%] Built target dlopen_composition
[35m[1mScanning dependencies of target listener_component[0m
[ 56%] [32mBuilding CXX object CMakeFiles/listener_component.dir/src/listener_component.cpp.o[0m
[ 62%] [32m[1mLinking CXX shared library liblistener_component.so[0m
[ 62%] Built target listener_component
[35m[1mScanning dependencies of target talker_component[0m
[ 68%] [32mBuilding CXX object CMakeFiles/talker_component.dir/src/talker_component.cpp.o[0m
[ 75%] [32m[1mLinking CXX shared library libtalker_component.so[0m
[ 75%] Built target talker_component
[35m[1mScanning dependencies of target manual_composition[0m
[ 81%] [32mBuilding CXX object CMakeFiles/manual_composition.dir/src/manual_composition.cpp.o[0m
[ 87%] [32m[1mLinking CXX executable manual_composition[0m
[ 87%] Built target manual_composition
[35m[1mScanning dependencies of target linktime_composition[0m
[ 93%] [32mBuilding CXX object CMakeFiles/linktime_composition.dir/src/linktime_composition.cpp.o[0m
[100%] [32m[1mLinking CXX executable linktime_composition[0m
[100%] Built target linktime_composition
-- Install configuration: ""
-- Installing: /home/saitama1/Pictures/ros2-picas/ros2_foxy/install/composition/share/composition/environment/library_path.sh
-- Installing: /home/saitama1/Pictures/ros2-picas/ros2_foxy/install/composition/share/composition/environment/library_path.dsv
-- Installing: /home/saitama1/Pictures/ros2-picas/ros2_foxy/install/composition/lib/libtalker_component.so
-- Set runtime path of "/home/saitama1/Pictures/ros2-picas/ros2_foxy/install/composition/lib/libtalker_component.so" to ""
-- Installing: /home/saitama1/Pictures/ros2-picas/ros2_foxy/install/composition/lib/liblistener_component.so
-- Set runtime path of "/home/saitama1/Pictures/ros2-picas/ros2_foxy/install/composition/lib/liblistener_component.so" to ""
-- Installing: /home/saitama1/Pictures/ros2-picas/ros2_foxy/install/composition/lib/libnode_like_listener_component.so
-- Set runtime path of "/home/saitama1/Pictures/ros2-picas/ros2_foxy/install/composition/lib/libnode_like_listener_component.so" to ""
-- Installing: /home/saitama1/Pictures/ros2-picas/ros2_foxy/install/composition/lib/libserver_component.so
-- Set runtime path of "/home/saitama1/Pictures/ros2-picas/ros2_foxy/install/composition/lib/libserver_component.so" to ""
-- Installing: /home/saitama1/Pictures/ros2-picas/ros2_foxy/install/composition/lib/libclient_component.so
-- Set runtime path of "/home/saitama1/Pictures/ros2-picas/ros2_foxy/install/composition/lib/libclient_component.so" to ""
-- Installing: /home/saitama1/Pictures/ros2-picas/ros2_foxy/install/composition/lib/composition/manual_composition
-- Set runtime path of "/home/saitama1/Pictures/ros2-picas/ros2_foxy/install/composition/lib/composition/manual_composition" to ""
-- Installing: /home/saitama1/Pictures/ros2-picas/ros2_foxy/install/composition/lib/composition/linktime_composition
-- Set runtime path of "/home/saitama1/Pictures/ros2-picas/ros2_foxy/install/composition/lib/composition/linktime_composition" to ""
-- Installing: /home/saitama1/Pictures/ros2-picas/ros2_foxy/install/composition/lib/composition/dlopen_composition
-- Set runtime path of "/home/saitama1/Pictures/ros2-picas/ros2_foxy/install/composition/lib/composition/dlopen_composition" to ""
-- Up-to-date: /home/saitama1/Pictures/ros2-picas/ros2_foxy/install/composition/share/composition/launch
-- Installing: /home/saitama1/Pictures/ros2-picas/ros2_foxy/install/composition/share/composition/launch/composition_demo.launch.py
-- Installing: /home/saitama1/Pictures/ros2-picas/ros2_foxy/install/composition/share/ament_index/resource_index/package_run_dependencies/composition
-- Installing: /home/saitama1/Pictures/ros2-picas/ros2_foxy/install/composition/share/ament_index/resource_index/parent_prefix_path/composition
-- Installing: /home/saitama1/Pictures/ros2-picas/ros2_foxy/install/composition/share/composition/environment/ament_prefix_path.sh
-- Installing: /home/saitama1/Pictures/ros2-picas/ros2_foxy/install/composition/share/composition/environment/ament_prefix_path.dsv
-- Installing: /home/saitama1/Pictures/ros2-picas/ros2_foxy/install/composition/share/composition/environment/path.sh
-- Installing: /home/saitama1/Pictures/ros2-picas/ros2_foxy/install/composition/share/composition/environment/path.dsv
-- Installing: /home/saitama1/Pictures/ros2-picas/ros2_foxy/install/composition/share/composition/local_setup.bash
-- Installing: /home/saitama1/Pictures/ros2-picas/ros2_foxy/install/composition/share/composition/local_setup.sh
-- Installing: /home/saitama1/Pictures/ros2-picas/ros2_foxy/install/composition/share/composition/local_setup.zsh
-- Installing: /home/saitama1/Pictures/ros2-picas/ros2_foxy/install/composition/share/composition/local_setup.dsv
-- Installing: /home/saitama1/Pictures/ros2-picas/ros2_foxy/install/composition/share/composition/package.dsv
-- Installing: /home/saitama1/Pictures/ros2-picas/ros2_foxy/install/composition/share/ament_index/resource_index/packages/composition
-- Installing: /home/saitama1/Pictures/ros2-picas/ros2_foxy/install/composition/share/ament_index/resource_index/rclcpp_components/composition
-- Installing: /home/saitama1/Pictures/ros2-picas/ros2_foxy/install/composition/share/composition/cmake/compositionConfig.cmake
-- Installing: /home/saitama1/Pictures/ros2-picas/ros2_foxy/install/composition/share/composition/cmake/compositionConfig-version.cmake
-- Installing: /home/saitama1/Pictures/ros2-picas/ros2_foxy/install/composition/share/composition/package.xml
