-- Found ament_cmake: 0.9.8 (/home/saitama1/ros2_foxy/install/ament_cmake/share/ament_cmake/cmake)
-- Found PythonInterp: /usr/bin/python3 (found suitable version "3.8.10", minimum required is "3") 
-- Using PYTHON_EXECUTABLE: /usr/bin/python3
-- Override CMake install command with custom implementation using symlinks instead of copying resources
-- Found builtin_interfaces: 1.0.0 (/home/saitama1/ros2_foxy/install/builtin_interfaces/share/builtin_interfaces/cmake)
-- Using all available rosidl_typesupport_c: rosidl_typesupport_introspection_c;rosidl_typesupport_fastrtps_c
-- Found rosidl_adapter: 1.2.1 (/home/saitama1/ros2_foxy/install/rosidl_adapter/share/rosidl_adapter/cmake)
-- Using all available rosidl_typesupport_cpp: rosidl_typesupport_introspection_cpp;rosidl_typesupport_fastrtps_cpp
-- Found rosidl_default_generators: 1.0.1 (/home/saitama1/ros2_foxy/install/rosidl_default_generators/share/rosidl_default_generators/cmake)
-- Found PythonInterp: /usr/bin/python3 (found version "3.8.10") 
-- Found ament_cmake_cppcheck: 0.9.6 (/home/saitama1/ros2_foxy/install/ament_cmake_cppcheck/share/ament_cmake_cppcheck/cmake)
-- Found ament_cmake_cpplint: 0.9.6 (/home/saitama1/ros2_foxy/install/ament_cmake_cpplint/share/ament_cmake_cpplint/cmake)
-- Found ament_cmake_uncrustify: 0.9.6 (/home/saitama1/ros2_foxy/install/ament_cmake_uncrustify/share/ament_cmake_uncrustify/cmake)
-- Found ament_cmake_ros: 0.9.2 (/home/saitama1/ros2_foxy/install/ament_cmake_ros/share/ament_cmake_ros/cmake)
-- Using all available rosidl_typesupport_c: rosidl_typesupport_introspection_c;rosidl_typesupport_fastrtps_c
-- Using all available rosidl_typesupport_cpp: rosidl_typesupport_introspection_cpp;rosidl_typesupport_fastrtps_cpp
-- Found PythonInterp: /usr/bin/python3 (found suitable version "3.8.10", minimum required is "3.5") 
-- Found python_cmake_module: 0.8.1 (/home/saitama1/ros2_foxy/install/python_cmake_module/share/python_cmake_module/cmake)
-- Using PYTHON_EXECUTABLE: /usr/bin/python3
-- Using PYTHON_INCLUDE_DIRS: /usr/include/python3.8
-- Using PYTHON_LIBRARIES: /usr/lib/x86_64-linux-gnu/libpython3.8.so
-- Found ament_cmake_flake8: 0.9.6 (/home/saitama1/ros2_foxy/install/ament_cmake_flake8/share/ament_cmake_flake8/cmake)
-- Found ament_cmake_pep257: 0.9.6 (/home/saitama1/ros2_foxy/install/ament_cmake_pep257/share/ament_cmake_pep257/cmake)
-- Configuring done
-- Generating done
-- Build files have been written to: /home/saitama1/ros2_foxy/build/std_msgs
[  0%] Built target std_msgs__cpp
[  0%] [32m[1mLinking C shared library libstd_msgs__rosidl_generator_c.so[0m
[35m[1mScanning dependencies of target std_msgs__rosidl_typesupport_cpp[0m
[  1%] [32m[1mLinking CXX shared library libstd_msgs__rosidl_typesupport_introspection_cpp.so[0m
[  1%] [32m[1mLinking CXX shared library libstd_msgs__rosidl_typesupport_fastrtps_cpp.so[0m
[  1%] [32mBuilding CXX object CMakeFiles/std_msgs__rosidl_typesupport_cpp.dir/rosidl_typesupport_cpp/std_msgs/msg/color_rgba__type_support.cpp.o[0m
[  1%] [32mBuilding CXX object CMakeFiles/std_msgs__rosidl_typesupport_cpp.dir/rosidl_typesupport_cpp/std_msgs/msg/bool__type_support.cpp.o[0m
[  2%] [32mBuilding CXX object CMakeFiles/std_msgs__rosidl_typesupport_cpp.dir/rosidl_typesupport_cpp/std_msgs/msg/empty__type_support.cpp.o[0m
[  3%] [32mBuilding CXX object CMakeFiles/std_msgs__rosidl_typesupport_cpp.dir/rosidl_typesupport_cpp/std_msgs/msg/float32_multi_array__type_support.cpp.o[0m
[  4%] [32mBuilding CXX object CMakeFiles/std_msgs__rosidl_typesupport_cpp.dir/rosidl_typesupport_cpp/std_msgs/msg/byte_multi_array__type_support.cpp.o[0m
[  4%] [32mBuilding CXX object CMakeFiles/std_msgs__rosidl_typesupport_cpp.dir/rosidl_typesupport_cpp/std_msgs/msg/float32__type_support.cpp.o[0m
[  4%] [32mBuilding CXX object CMakeFiles/std_msgs__rosidl_typesupport_cpp.dir/rosidl_typesupport_cpp/std_msgs/msg/byte__type_support.cpp.o[0m
[  4%] [32mBuilding CXX object CMakeFiles/std_msgs__rosidl_typesupport_cpp.dir/rosidl_typesupport_cpp/std_msgs/msg/char__type_support.cpp.o[0m
[ 16%] Built target std_msgs__rosidl_generator_c
[ 28%] Built target std_msgs__rosidl_typesupport_fastrtps_cpp
[ 40%] Built target std_msgs__rosidl_typesupport_introspection_cpp
[ 41%] [32mBuilding CXX object CMakeFiles/std_msgs__rosidl_typesupport_cpp.dir/rosidl_typesupport_cpp/std_msgs/msg/int64__type_support.cpp.o[0m
[ 41%] [32mBuilding CXX object CMakeFiles/std_msgs__rosidl_typesupport_cpp.dir/rosidl_typesupport_cpp/std_msgs/msg/int64_multi_array__type_support.cpp.o[0m
[ 41%] [32mBuilding CXX object CMakeFiles/std_msgs__rosidl_typesupport_cpp.dir/rosidl_typesupport_cpp/std_msgs/msg/int8__type_support.cpp.o[0m
[ 42%] [32mBuilding CXX object CMakeFiles/std_msgs__rosidl_typesupport_cpp.dir/rosidl_typesupport_cpp/std_msgs/msg/int8_multi_array__type_support.cpp.o[0m
[ 42%] [32mBuilding CXX object CMakeFiles/std_msgs__rosidl_typesupport_cpp.dir/rosidl_typesupport_cpp/std_msgs/msg/multi_array_dimension__type_support.cpp.o[0m
[ 43%] [32mBuilding CXX object CMakeFiles/std_msgs__rosidl_typesupport_cpp.dir/rosidl_typesupport_cpp/std_msgs/msg/multi_array_layout__type_support.cpp.o[0m
[ 43%] [32mBuilding CXX object CMakeFiles/std_msgs__rosidl_typesupport_cpp.dir/rosidl_typesupport_cpp/std_msgs/msg/string__type_support.cpp.o[0m
[ 43%] [32mBuilding CXX object CMakeFiles/std_msgs__rosidl_typesupport_cpp.dir/rosidl_typesupport_cpp/std_msgs/msg/u_int16__type_support.cpp.o[0m
[ 44%] [32mBuilding CXX object CMakeFiles/std_msgs__rosidl_typesupport_cpp.dir/rosidl_typesupport_cpp/std_msgs/msg/u_int16_multi_array__type_support.cpp.o[0m
[ 44%] [32mBuilding CXX object CMakeFiles/std_msgs__rosidl_typesupport_cpp.dir/rosidl_typesupport_cpp/std_msgs/msg/u_int32__type_support.cpp.o[0m
[ 44%] [32mBuilding CXX object CMakeFiles/std_msgs__rosidl_typesupport_cpp.dir/rosidl_typesupport_cpp/std_msgs/msg/u_int32_multi_array__type_support.cpp.o[0m
[ 45%] [32mBuilding CXX object CMakeFiles/std_msgs__rosidl_typesupport_cpp.dir/rosidl_typesupport_cpp/std_msgs/msg/u_int64__type_support.cpp.o[0m
[ 45%] [32mBuilding CXX object CMakeFiles/std_msgs__rosidl_typesupport_cpp.dir/rosidl_typesupport_cpp/std_msgs/msg/u_int64_multi_array__type_support.cpp.o[0m
[ 46%] [32mBuilding CXX object CMakeFiles/std_msgs__rosidl_typesupport_cpp.dir/rosidl_typesupport_cpp/std_msgs/msg/u_int8__type_support.cpp.o[0m
[ 46%] [32mBuilding CXX object CMakeFiles/std_msgs__rosidl_typesupport_cpp.dir/rosidl_typesupport_cpp/std_msgs/msg/u_int8_multi_array__type_support.cpp.o[0m
[ 46%] [32mBuilding CXX object CMakeFiles/std_msgs__rosidl_typesupport_cpp.dir/rosidl_typesupport_cpp/std_msgs/msg/int32_multi_array__type_support.cpp.o[0m
[ 47%] [32mBuilding CXX object CMakeFiles/std_msgs__rosidl_typesupport_cpp.dir/rosidl_typesupport_cpp/std_msgs/msg/int32__type_support.cpp.o[0m
[ 47%] [32mBuilding CXX object CMakeFiles/std_msgs__rosidl_typesupport_cpp.dir/rosidl_typesupport_cpp/std_msgs/msg/int16_multi_array__type_support.cpp.o[0m
[ 47%] [32mBuilding CXX object CMakeFiles/std_msgs__rosidl_typesupport_cpp.dir/rosidl_typesupport_cpp/std_msgs/msg/int16__type_support.cpp.o[0m
[ 48%] [32mBuilding CXX object CMakeFiles/std_msgs__rosidl_typesupport_cpp.dir/rosidl_typesupport_cpp/std_msgs/msg/header__type_support.cpp.o[0m
[ 48%] [32mBuilding CXX object CMakeFiles/std_msgs__rosidl_typesupport_cpp.dir/rosidl_typesupport_cpp/std_msgs/msg/float64_multi_array__type_support.cpp.o[0m
[ 48%] [32mBuilding CXX object CMakeFiles/std_msgs__rosidl_typesupport_cpp.dir/rosidl_typesupport_cpp/std_msgs/msg/float64__type_support.cpp.o[0m
[ 48%] [32m[1mLinking CXX shared library libstd_msgs__rosidl_typesupport_cpp.so[0m
[ 49%] Built target std_msgs__rosidl_typesupport_cpp
[ 49%] [32m[1mLinking CXX shared library libstd_msgs__rosidl_typesupport_fastrtps_c.so[0m
[ 61%] Built target std_msgs__rosidl_typesupport_fastrtps_c
[ 62%] [32m[1mLinking C shared library libstd_msgs__rosidl_typesupport_introspection_c.so[0m
[ 74%] Built target std_msgs__rosidl_typesupport_introspection_c
[ 75%] [34m[1mGenerating C type support dispatch for ROS interfaces[0m
[35m[1mScanning dependencies of target std_msgs__rosidl_typesupport_c[0m
[ 75%] [32mBuilding CXX object CMakeFiles/std_msgs__rosidl_typesupport_c.dir/rosidl_typesupport_c/std_msgs/msg/bool__type_support.cpp.o[0m
[ 75%] [32mBuilding CXX object CMakeFiles/std_msgs__rosidl_typesupport_c.dir/rosidl_typesupport_c/std_msgs/msg/int16__type_support.cpp.o[0m
[ 76%] [32mBuilding CXX object CMakeFiles/std_msgs__rosidl_typesupport_c.dir/rosidl_typesupport_c/std_msgs/msg/int16_multi_array__type_support.cpp.o[0m
[ 76%] [32mBuilding CXX object CMakeFiles/std_msgs__rosidl_typesupport_c.dir/rosidl_typesupport_c/std_msgs/msg/int32__type_support.cpp.o[0m
[ 76%] [32mBuilding CXX object CMakeFiles/std_msgs__rosidl_typesupport_c.dir/rosidl_typesupport_c/std_msgs/msg/int32_multi_array__type_support.cpp.o[0m
[ 77%] [32mBuilding CXX object CMakeFiles/std_msgs__rosidl_typesupport_c.dir/rosidl_typesupport_c/std_msgs/msg/int64__type_support.cpp.o[0m
[ 77%] [32mBuilding CXX object CMakeFiles/std_msgs__rosidl_typesupport_c.dir/rosidl_typesupport_c/std_msgs/msg/int64_multi_array__type_support.cpp.o[0m
[ 77%] [32mBuilding CXX object CMakeFiles/std_msgs__rosidl_typesupport_c.dir/rosidl_typesupport_c/std_msgs/msg/int8__type_support.cpp.o[0m
[ 78%] [32mBuilding CXX object CMakeFiles/std_msgs__rosidl_typesupport_c.dir/rosidl_typesupport_c/std_msgs/msg/int8_multi_array__type_support.cpp.o[0m
[ 78%] [32mBuilding CXX object CMakeFiles/std_msgs__rosidl_typesupport_c.dir/rosidl_typesupport_c/std_msgs/msg/multi_array_dimension__type_support.cpp.o[0m
[ 79%] [32mBuilding CXX object CMakeFiles/std_msgs__rosidl_typesupport_c.dir/rosidl_typesupport_c/std_msgs/msg/multi_array_layout__type_support.cpp.o[0m
[ 79%] [32mBuilding CXX object CMakeFiles/std_msgs__rosidl_typesupport_c.dir/rosidl_typesupport_c/std_msgs/msg/string__type_support.cpp.o[0m
[ 79%] [32mBuilding CXX object CMakeFiles/std_msgs__rosidl_typesupport_c.dir/rosidl_typesupport_c/std_msgs/msg/u_int16__type_support.cpp.o[0m
[ 80%] [32mBuilding CXX object CMakeFiles/std_msgs__rosidl_typesupport_c.dir/rosidl_typesupport_c/std_msgs/msg/u_int16_multi_array__type_support.cpp.o[0m
[ 80%] [32mBuilding CXX object CMakeFiles/std_msgs__rosidl_typesupport_c.dir/rosidl_typesupport_c/std_msgs/msg/u_int32__type_support.cpp.o[0m
[ 80%] [32mBuilding CXX object CMakeFiles/std_msgs__rosidl_typesupport_c.dir/rosidl_typesupport_c/std_msgs/msg/u_int32_multi_array__type_support.cpp.o[0m
[ 81%] [32mBuilding CXX object CMakeFiles/std_msgs__rosidl_typesupport_c.dir/rosidl_typesupport_c/std_msgs/msg/u_int64__type_support.cpp.o[0m
[ 81%] [32mBuilding CXX object CMakeFiles/std_msgs__rosidl_typesupport_c.dir/rosidl_typesupport_c/std_msgs/msg/u_int64_multi_array__type_support.cpp.o[0m
[ 82%] [32mBuilding CXX object CMakeFiles/std_msgs__rosidl_typesupport_c.dir/rosidl_typesupport_c/std_msgs/msg/u_int8__type_support.cpp.o[0m
[ 82%] [32mBuilding CXX object CMakeFiles/std_msgs__rosidl_typesupport_c.dir/rosidl_typesupport_c/std_msgs/msg/u_int8_multi_array__type_support.cpp.o[0m
[ 83%] [32mBuilding CXX object CMakeFiles/std_msgs__rosidl_typesupport_c.dir/rosidl_typesupport_c/std_msgs/msg/header__type_support.cpp.o[0m
[ 83%] [32mBuilding CXX object CMakeFiles/std_msgs__rosidl_typesupport_c.dir/rosidl_typesupport_c/std_msgs/msg/float64_multi_array__type_support.cpp.o[0m
[ 83%] [32mBuilding CXX object CMakeFiles/std_msgs__rosidl_typesupport_c.dir/rosidl_typesupport_c/std_msgs/msg/float64__type_support.cpp.o[0m
[ 84%] [32mBuilding CXX object CMakeFiles/std_msgs__rosidl_typesupport_c.dir/rosidl_typesupport_c/std_msgs/msg/float32_multi_array__type_support.cpp.o[0m
[ 84%] [32mBuilding CXX object CMakeFiles/std_msgs__rosidl_typesupport_c.dir/rosidl_typesupport_c/std_msgs/msg/float32__type_support.cpp.o[0m
[ 85%] [32mBuilding CXX object CMakeFiles/std_msgs__rosidl_typesupport_c.dir/rosidl_typesupport_c/std_msgs/msg/empty__type_support.cpp.o[0m
[ 85%] [32mBuilding CXX object CMakeFiles/std_msgs__rosidl_typesupport_c.dir/rosidl_typesupport_c/std_msgs/msg/color_rgba__type_support.cpp.o[0m
[ 85%] [32mBuilding CXX object CMakeFiles/std_msgs__rosidl_typesupport_c.dir/rosidl_typesupport_c/std_msgs/msg/char__type_support.cpp.o[0m
[ 86%] [32mBuilding CXX object CMakeFiles/std_msgs__rosidl_typesupport_c.dir/rosidl_typesupport_c/std_msgs/msg/byte_multi_array__type_support.cpp.o[0m
[ 86%] [32mBuilding CXX object CMakeFiles/std_msgs__rosidl_typesupport_c.dir/rosidl_typesupport_c/std_msgs/msg/byte__type_support.cpp.o[0m
[ 86%] [32m[1mLinking CXX shared library libstd_msgs__rosidl_typesupport_c.so[0m
[ 86%] Built target std_msgs__rosidl_typesupport_c
[ 86%] Built target std_msgs
[35m[1mScanning dependencies of target std_msgs__py[0m
[ 86%] Built target std_msgs__py
[ 86%] [32m[1mLinking C shared library rosidl_generator_py/std_msgs/libstd_msgs__python.so[0m
[ 98%] Built target std_msgs__python
[ 98%] [32m[1mLinking C shared library rosidl_generator_py/std_msgs/std_msgs_s__rosidl_typesupport_c.cpython-38-x86_64-linux-gnu.so[0m
[ 99%] Built target std_msgs__rosidl_typesupport_c__pyext
[ 99%] [32m[1mLinking C shared library rosidl_generator_py/std_msgs/std_msgs_s__rosidl_typesupport_introspection_c.cpython-38-x86_64-linux-gnu.so[0m
[ 99%] Built target std_msgs__rosidl_typesupport_introspection_c__pyext
[35m[1mScanning dependencies of target std_msgs__rosidl_typesupport_fastrtps_c__pyext[0m
[100%] [32mBuilding C object CMakeFiles/std_msgs__rosidl_typesupport_fastrtps_c__pyext.dir/rosidl_generator_py/std_msgs/_std_msgs_s.ep.rosidl_typesupport_fastrtps_c.c.o[0m
[100%] [32m[1mLinking CXX shared library rosidl_generator_py/std_msgs/std_msgs_s__rosidl_typesupport_fastrtps_c.cpython-38-x86_64-linux-gnu.so[0m
[100%] Built target std_msgs__rosidl_typesupport_fastrtps_c__pyext
-- Install configuration: ""
-- Execute custom install script
-- Symlinking: /home/saitama1/ros2_foxy/install/std_msgs/share/ament_index/resource_index/rosidl_interfaces/std_msgs
-- Symlinking: /home/saitama1/ros2_foxy/install/std_msgs/include/std_msgs/msg/bool.h
-- Symlinking: /home/saitama1/ros2_foxy/install/std_msgs/include/std_msgs/msg/byte.h
-- Symlinking: /home/saitama1/ros2_foxy/install/std_msgs/include/std_msgs/msg/byte_multi_array.h
-- Symlinking: /home/saitama1/ros2_foxy/install/std_msgs/include/std_msgs/msg/char.h
-- Symlinking: /home/saitama1/ros2_foxy/install/std_msgs/include/std_msgs/msg/color_rgba.h
-- Symlinking: /home/saitama1/ros2_foxy/install/std_msgs/include/std_msgs/msg/detail/bool__functions.h
-- Symlinking: /home/saitama1/ros2_foxy/install/std_msgs/include/std_msgs/msg/detail/bool__struct.h
-- Symlinking: /home/saitama1/ros2_foxy/install/std_msgs/include/std_msgs/msg/detail/bool__type_support.h
-- Symlinking: /home/saitama1/ros2_foxy/install/std_msgs/include/std_msgs/msg/detail/byte__functions.h
-- Symlinking: /home/saitama1/ros2_foxy/install/std_msgs/include/std_msgs/msg/detail/byte__struct.h
-- Symlinking: /home/saitama1/ros2_foxy/install/std_msgs/include/std_msgs/msg/detail/byte__type_support.h
-- Symlinking: /home/saitama1/ros2_foxy/install/std_msgs/include/std_msgs/msg/detail/byte_multi_array__functions.h
-- Symlinking: /home/saitama1/ros2_foxy/install/std_msgs/include/std_msgs/msg/detail/byte_multi_array__struct.h
-- Symlinking: /home/saitama1/ros2_foxy/install/std_msgs/include/std_msgs/msg/detail/byte_multi_array__type_support.h
-- Symlinking: /home/saitama1/ros2_foxy/install/std_msgs/include/std_msgs/msg/detail/char__functions.h
-- Symlinking: /home/saitama1/ros2_foxy/install/std_msgs/include/std_msgs/msg/detail/char__struct.h
-- Symlinking: /home/saitama1/ros2_foxy/install/std_msgs/include/std_msgs/msg/detail/char__type_support.h
-- Symlinking: /home/saitama1/ros2_foxy/install/std_msgs/include/std_msgs/msg/detail/color_rgba__functions.h
-- Symlinking: /home/saitama1/ros2_foxy/install/std_msgs/include/std_msgs/msg/detail/color_rgba__struct.h
-- Symlinking: /home/saitama1/ros2_foxy/install/std_msgs/include/std_msgs/msg/detail/color_rgba__type_support.h
-- Symlinking: /home/saitama1/ros2_foxy/install/std_msgs/include/std_msgs/msg/detail/empty__functions.h
-- Symlinking: /home/saitama1/ros2_foxy/install/std_msgs/include/std_msgs/msg/detail/empty__struct.h
-- Symlinking: /home/saitama1/ros2_foxy/install/std_msgs/include/std_msgs/msg/detail/empty__type_support.h
-- Symlinking: /home/saitama1/ros2_foxy/install/std_msgs/include/std_msgs/msg/detail/float32__functions.h
-- Symlinking: /home/saitama1/ros2_foxy/install/std_msgs/include/std_msgs/msg/detail/float32__struct.h
-- Symlinking: /home/saitama1/ros2_foxy/install/std_msgs/include/std_msgs/msg/detail/float32__type_support.h
-- Symlinking: /home/saitama1/ros2_foxy/install/std_msgs/include/std_msgs/msg/detail/float32_multi_array__functions.h
-- Symlinking: /home/saitama1/ros2_foxy/install/std_msgs/include/std_msgs/msg/detail/float32_multi_array__struct.h
-- Symlinking: /home/saitama1/ros2_foxy/install/std_msgs/include/std_msgs/msg/detail/float32_multi_array__type_support.h
-- Symlinking: /home/saitama1/ros2_foxy/install/std_msgs/include/std_msgs/msg/detail/float64__functions.h
-- Symlinking: /home/saitama1/ros2_foxy/install/std_msgs/include/std_msgs/msg/detail/float64__struct.h
-- Symlinking: /home/saitama1/ros2_foxy/install/std_msgs/include/std_msgs/msg/detail/float64__type_support.h
-- Symlinking: /home/saitama1/ros2_foxy/install/std_msgs/include/std_msgs/msg/detail/float64_multi_array__functions.h
-- Symlinking: /home/saitama1/ros2_foxy/install/std_msgs/include/std_msgs/msg/detail/float64_multi_array__struct.h
-- Symlinking: /home/saitama1/ros2_foxy/install/std_msgs/include/std_msgs/msg/detail/float64_multi_array__type_support.h
-- Symlinking: /home/saitama1/ros2_foxy/install/std_msgs/include/std_msgs/msg/detail/header__functions.h
-- Symlinking: /home/saitama1/ros2_foxy/install/std_msgs/include/std_msgs/msg/detail/header__struct.h
-- Symlinking: /home/saitama1/ros2_foxy/install/std_msgs/include/std_msgs/msg/detail/header__type_support.h
-- Symlinking: /home/saitama1/ros2_foxy/install/std_msgs/include/std_msgs/msg/detail/int16__functions.h
-- Symlinking: /home/saitama1/ros2_foxy/install/std_msgs/include/std_msgs/msg/detail/int16__struct.h
-- Symlinking: /home/saitama1/ros2_foxy/install/std_msgs/include/std_msgs/msg/detail/int16__type_support.h
-- Symlinking: /home/saitama1/ros2_foxy/install/std_msgs/include/std_msgs/msg/detail/int16_multi_array__functions.h
-- Symlinking: /home/saitama1/ros2_foxy/install/std_msgs/include/std_msgs/msg/detail/int16_multi_array__struct.h
-- Symlinking: /home/saitama1/ros2_foxy/install/std_msgs/include/std_msgs/msg/detail/int16_multi_array__type_support.h
-- Symlinking: /home/saitama1/ros2_foxy/install/std_msgs/include/std_msgs/msg/detail/int32__functions.h
-- Symlinking: /home/saitama1/ros2_foxy/install/std_msgs/include/std_msgs/msg/detail/int32__struct.h
-- Symlinking: /home/saitama1/ros2_foxy/install/std_msgs/include/std_msgs/msg/detail/int32__type_support.h
-- Symlinking: /home/saitama1/ros2_foxy/install/std_msgs/include/std_msgs/msg/detail/int32_multi_array__functions.h
-- Symlinking: /home/saitama1/ros2_foxy/install/std_msgs/include/std_msgs/msg/detail/int32_multi_array__struct.h
-- Symlinking: /home/saitama1/ros2_foxy/install/std_msgs/include/std_msgs/msg/detail/int32_multi_array__type_support.h
-- Symlinking: /home/saitama1/ros2_foxy/install/std_msgs/include/std_msgs/msg/detail/int64__functions.h
-- Symlinking: /home/saitama1/ros2_foxy/install/std_msgs/include/std_msgs/msg/detail/int64__struct.h
-- Symlinking: /home/saitama1/ros2_foxy/install/std_msgs/include/std_msgs/msg/detail/int64__type_support.h
-- Symlinking: /home/saitama1/ros2_foxy/install/std_msgs/include/std_msgs/msg/detail/int64_multi_array__functions.h
-- Symlinking: /home/saitama1/ros2_foxy/install/std_msgs/include/std_msgs/msg/detail/int64_multi_array__struct.h
-- Symlinking: /home/saitama1/ros2_foxy/install/std_msgs/include/std_msgs/msg/detail/int64_multi_array__type_support.h
-- Symlinking: /home/saitama1/ros2_foxy/install/std_msgs/include/std_msgs/msg/detail/int8__functions.h
-- Symlinking: /home/saitama1/ros2_foxy/install/std_msgs/include/std_msgs/msg/detail/int8__struct.h
-- Symlinking: /home/saitama1/ros2_foxy/install/std_msgs/include/std_msgs/msg/detail/int8__type_support.h
-- Symlinking: /home/saitama1/ros2_foxy/install/std_msgs/include/std_msgs/msg/detail/int8_multi_array__functions.h
-- Symlinking: /home/saitama1/ros2_foxy/install/std_msgs/include/std_msgs/msg/detail/int8_multi_array__struct.h
-- Symlinking: /home/saitama1/ros2_foxy/install/std_msgs/include/std_msgs/msg/detail/int8_multi_array__type_support.h
-- Symlinking: /home/saitama1/ros2_foxy/install/std_msgs/include/std_msgs/msg/detail/multi_array_dimension__functions.h
-- Symlinking: /home/saitama1/ros2_foxy/install/std_msgs/include/std_msgs/msg/detail/multi_array_dimension__struct.h
-- Symlinking: /home/saitama1/ros2_foxy/install/std_msgs/include/std_msgs/msg/detail/multi_array_dimension__type_support.h
-- Symlinking: /home/saitama1/ros2_foxy/install/std_msgs/include/std_msgs/msg/detail/multi_array_layout__functions.h
-- Symlinking: /home/saitama1/ros2_foxy/install/std_msgs/include/std_msgs/msg/detail/multi_array_layout__struct.h
-- Symlinking: /home/saitama1/ros2_foxy/install/std_msgs/include/std_msgs/msg/detail/multi_array_layout__type_support.h
-- Symlinking: /home/saitama1/ros2_foxy/install/std_msgs/include/std_msgs/msg/detail/string__functions.h
-- Symlinking: /home/saitama1/ros2_foxy/install/std_msgs/include/std_msgs/msg/detail/string__struct.h
-- Symlinking: /home/saitama1/ros2_foxy/install/std_msgs/include/std_msgs/msg/detail/string__type_support.h
-- Symlinking: /home/saitama1/ros2_foxy/install/std_msgs/include/std_msgs/msg/detail/u_int16__functions.h
-- Symlinking: /home/saitama1/ros2_foxy/install/std_msgs/include/std_msgs/msg/detail/u_int16__struct.h
-- Symlinking: /home/saitama1/ros2_foxy/install/std_msgs/include/std_msgs/msg/detail/u_int16__type_support.h
-- Symlinking: /home/saitama1/ros2_foxy/install/std_msgs/include/std_msgs/msg/detail/u_int16_multi_array__functions.h
-- Symlinking: /home/saitama1/ros2_foxy/install/std_msgs/include/std_msgs/msg/detail/u_int16_multi_array__struct.h
-- Symlinking: /home/saitama1/ros2_foxy/install/std_msgs/include/std_msgs/msg/detail/u_int16_multi_array__type_support.h
-- Symlinking: /home/saitama1/ros2_foxy/install/std_msgs/include/std_msgs/msg/detail/u_int32__functions.h
-- Symlinking: /home/saitama1/ros2_foxy/install/std_msgs/include/std_msgs/msg/detail/u_int32__struct.h
-- Symlinking: /home/saitama1/ros2_foxy/install/std_msgs/include/std_msgs/msg/detail/u_int32__type_support.h
-- Symlinking: /home/saitama1/ros2_foxy/install/std_msgs/include/std_msgs/msg/detail/u_int32_multi_array__functions.h
-- Symlinking: /home/saitama1/ros2_foxy/install/std_msgs/include/std_msgs/msg/detail/u_int32_multi_array__struct.h
-- Symlinking: /home/saitama1/ros2_foxy/install/std_msgs/include/std_msgs/msg/detail/u_int32_multi_array__type_support.h
-- Symlinking: /home/saitama1/ros2_foxy/install/std_msgs/include/std_msgs/msg/detail/u_int64__functions.h
-- Symlinking: /home/saitama1/ros2_foxy/install/std_msgs/include/std_msgs/msg/detail/u_int64__struct.h
-- Symlinking: /home/saitama1/ros2_foxy/install/std_msgs/include/std_msgs/msg/detail/u_int64__type_support.h
-- Symlinking: /home/saitama1/ros2_foxy/install/std_msgs/include/std_msgs/msg/detail/u_int64_multi_array__functions.h
-- Symlinking: /home/saitama1/ros2_foxy/install/std_msgs/include/std_msgs/msg/detail/u_int64_multi_array__struct.h
-- Symlinking: /home/saitama1/ros2_foxy/install/std_msgs/include/std_msgs/msg/detail/u_int64_multi_array__type_support.h
-- Symlinking: /home/saitama1/ros2_foxy/install/std_msgs/include/std_msgs/msg/detail/u_int8__functions.h
-- Symlinking: /home/saitama1/ros2_foxy/install/std_msgs/include/std_msgs/msg/detail/u_int8__struct.h
-- Symlinking: /home/saitama1/ros2_foxy/install/std_msgs/include/std_msgs/msg/detail/u_int8__type_support.h
-- Symlinking: /home/saitama1/ros2_foxy/install/std_msgs/include/std_msgs/msg/detail/u_int8_multi_array__functions.h
-- Symlinking: /home/saitama1/ros2_foxy/install/std_msgs/include/std_msgs/msg/detail/u_int8_multi_array__struct.h
-- Symlinking: /home/saitama1/ros2_foxy/install/std_msgs/include/std_msgs/msg/detail/u_int8_multi_array__type_support.h
-- Symlinking: /home/saitama1/ros2_foxy/install/std_msgs/include/std_msgs/msg/empty.h
-- Symlinking: /home/saitama1/ros2_foxy/install/std_msgs/include/std_msgs/msg/float32.h
-- Symlinking: /home/saitama1/ros2_foxy/install/std_msgs/include/std_msgs/msg/float32_multi_array.h
-- Symlinking: /home/saitama1/ros2_foxy/install/std_msgs/include/std_msgs/msg/float64.h
-- Symlinking: /home/saitama1/ros2_foxy/install/std_msgs/include/std_msgs/msg/float64_multi_array.h
-- Symlinking: /home/saitama1/ros2_foxy/install/std_msgs/include/std_msgs/msg/header.h
-- Symlinking: /home/saitama1/ros2_foxy/install/std_msgs/include/std_msgs/msg/int16.h
-- Symlinking: /home/saitama1/ros2_foxy/install/std_msgs/include/std_msgs/msg/int16_multi_array.h
-- Symlinking: /home/saitama1/ros2_foxy/install/std_msgs/include/std_msgs/msg/int32.h
-- Symlinking: /home/saitama1/ros2_foxy/install/std_msgs/include/std_msgs/msg/int32_multi_array.h
-- Symlinking: /home/saitama1/ros2_foxy/install/std_msgs/include/std_msgs/msg/int64.h
-- Symlinking: /home/saitama1/ros2_foxy/install/std_msgs/include/std_msgs/msg/int64_multi_array.h
-- Symlinking: /home/saitama1/ros2_foxy/install/std_msgs/include/std_msgs/msg/int8.h
-- Symlinking: /home/saitama1/ros2_foxy/install/std_msgs/include/std_msgs/msg/int8_multi_array.h
-- Symlinking: /home/saitama1/ros2_foxy/install/std_msgs/include/std_msgs/msg/multi_array_dimension.h
-- Symlinking: /home/saitama1/ros2_foxy/install/std_msgs/include/std_msgs/msg/multi_array_layout.h
-- Symlinking: /home/saitama1/ros2_foxy/install/std_msgs/include/std_msgs/msg/rosidl_generator_c__visibility_control.h
-- Symlinking: /home/saitama1/ros2_foxy/install/std_msgs/include/std_msgs/msg/string.h
-- Symlinking: /home/saitama1/ros2_foxy/install/std_msgs/include/std_msgs/msg/u_int16.h
-- Symlinking: /home/saitama1/ros2_foxy/install/std_msgs/include/std_msgs/msg/u_int16_multi_array.h
-- Symlinking: /home/saitama1/ros2_foxy/install/std_msgs/include/std_msgs/msg/u_int32.h
-- Symlinking: /home/saitama1/ros2_foxy/install/std_msgs/include/std_msgs/msg/u_int32_multi_array.h
-- Symlinking: /home/saitama1/ros2_foxy/install/std_msgs/include/std_msgs/msg/u_int64.h
-- Symlinking: /home/saitama1/ros2_foxy/install/std_msgs/include/std_msgs/msg/u_int64_multi_array.h
-- Symlinking: /home/saitama1/ros2_foxy/install/std_msgs/include/std_msgs/msg/u_int8.h
-- Symlinking: /home/saitama1/ros2_foxy/install/std_msgs/include/std_msgs/msg/u_int8_multi_array.h
-- Symlinking: /home/saitama1/ros2_foxy/install/std_msgs/share/std_msgs/environment/library_path.sh
-- Symlinking: /home/saitama1/ros2_foxy/install/std_msgs/share/std_msgs/environment/library_path.dsv
-- Symlinking: /home/saitama1/ros2_foxy/install/std_msgs/include/std_msgs/msg/detail/bool__rosidl_typesupport_introspection_c.h
-- Symlinking: /home/saitama1/ros2_foxy/install/std_msgs/include/std_msgs/msg/detail/byte__rosidl_typesupport_introspection_c.h
-- Symlinking: /home/saitama1/ros2_foxy/install/std_msgs/include/std_msgs/msg/detail/byte_multi_array__rosidl_typesupport_introspection_c.h
-- Symlinking: /home/saitama1/ros2_foxy/install/std_msgs/include/std_msgs/msg/detail/char__rosidl_typesupport_introspection_c.h
-- Symlinking: /home/saitama1/ros2_foxy/install/std_msgs/include/std_msgs/msg/detail/color_rgba__rosidl_typesupport_introspection_c.h
-- Symlinking: /home/saitama1/ros2_foxy/install/std_msgs/include/std_msgs/msg/detail/empty__rosidl_typesupport_introspection_c.h
-- Symlinking: /home/saitama1/ros2_foxy/install/std_msgs/include/std_msgs/msg/detail/float32__rosidl_typesupport_introspection_c.h
-- Symlinking: /home/saitama1/ros2_foxy/install/std_msgs/include/std_msgs/msg/detail/float32_multi_array__rosidl_typesupport_introspection_c.h
-- Symlinking: /home/saitama1/ros2_foxy/install/std_msgs/include/std_msgs/msg/detail/float64__rosidl_typesupport_introspection_c.h
-- Symlinking: /home/saitama1/ros2_foxy/install/std_msgs/include/std_msgs/msg/detail/float64_multi_array__rosidl_typesupport_introspection_c.h
-- Symlinking: /home/saitama1/ros2_foxy/install/std_msgs/include/std_msgs/msg/detail/header__rosidl_typesupport_introspection_c.h
-- Symlinking: /home/saitama1/ros2_foxy/install/std_msgs/include/std_msgs/msg/detail/int16__rosidl_typesupport_introspection_c.h
-- Symlinking: /home/saitama1/ros2_foxy/install/std_msgs/include/std_msgs/msg/detail/int16_multi_array__rosidl_typesupport_introspection_c.h
-- Symlinking: /home/saitama1/ros2_foxy/install/std_msgs/include/std_msgs/msg/detail/int32__rosidl_typesupport_introspection_c.h
-- Symlinking: /home/saitama1/ros2_foxy/install/std_msgs/include/std_msgs/msg/detail/int32_multi_array__rosidl_typesupport_introspection_c.h
-- Symlinking: /home/saitama1/ros2_foxy/install/std_msgs/include/std_msgs/msg/detail/int64__rosidl_typesupport_introspection_c.h
-- Symlinking: /home/saitama1/ros2_foxy/install/std_msgs/include/std_msgs/msg/detail/int64_multi_array__rosidl_typesupport_introspection_c.h
-- Symlinking: /home/saitama1/ros2_foxy/install/std_msgs/include/std_msgs/msg/detail/int8__rosidl_typesupport_introspection_c.h
-- Symlinking: /home/saitama1/ros2_foxy/install/std_msgs/include/std_msgs/msg/detail/int8_multi_array__rosidl_typesupport_introspection_c.h
-- Symlinking: /home/saitama1/ros2_foxy/install/std_msgs/include/std_msgs/msg/detail/multi_array_dimension__rosidl_typesupport_introspection_c.h
-- Symlinking: /home/saitama1/ros2_foxy/install/std_msgs/include/std_msgs/msg/detail/multi_array_layout__rosidl_typesupport_introspection_c.h
-- Symlinking: /home/saitama1/ros2_foxy/install/std_msgs/include/std_msgs/msg/detail/string__rosidl_typesupport_introspection_c.h
-- Symlinking: /home/saitama1/ros2_foxy/install/std_msgs/include/std_msgs/msg/detail/u_int16__rosidl_typesupport_introspection_c.h
-- Symlinking: /home/saitama1/ros2_foxy/install/std_msgs/include/std_msgs/msg/detail/u_int16_multi_array__rosidl_typesupport_introspection_c.h
-- Symlinking: /home/saitama1/ros2_foxy/install/std_msgs/include/std_msgs/msg/detail/u_int32__rosidl_typesupport_introspection_c.h
-- Symlinking: /home/saitama1/ros2_foxy/install/std_msgs/include/std_msgs/msg/detail/u_int32_multi_array__rosidl_typesupport_introspection_c.h
-- Symlinking: /home/saitama1/ros2_foxy/install/std_msgs/include/std_msgs/msg/detail/u_int64__rosidl_typesupport_introspection_c.h
-- Symlinking: /home/saitama1/ros2_foxy/install/std_msgs/include/std_msgs/msg/detail/u_int64_multi_array__rosidl_typesupport_introspection_c.h
-- Symlinking: /home/saitama1/ros2_foxy/install/std_msgs/include/std_msgs/msg/detail/u_int8__rosidl_typesupport_introspection_c.h
-- Symlinking: /home/saitama1/ros2_foxy/install/std_msgs/include/std_msgs/msg/detail/u_int8_multi_array__rosidl_typesupport_introspection_c.h
-- Symlinking: /home/saitama1/ros2_foxy/install/std_msgs/include/std_msgs/msg/rosidl_typesupport_introspection_c__visibility_control.h
-- Symlinking: /home/saitama1/ros2_foxy/install/std_msgs/include/std_msgs/msg/detail/bool__rosidl_typesupport_fastrtps_c.h
-- Symlinking: /home/saitama1/ros2_foxy/install/std_msgs/include/std_msgs/msg/detail/byte__rosidl_typesupport_fastrtps_c.h
-- Symlinking: /home/saitama1/ros2_foxy/install/std_msgs/include/std_msgs/msg/detail/byte_multi_array__rosidl_typesupport_fastrtps_c.h
-- Symlinking: /home/saitama1/ros2_foxy/install/std_msgs/include/std_msgs/msg/detail/char__rosidl_typesupport_fastrtps_c.h
-- Symlinking: /home/saitama1/ros2_foxy/install/std_msgs/include/std_msgs/msg/detail/color_rgba__rosidl_typesupport_fastrtps_c.h
-- Symlinking: /home/saitama1/ros2_foxy/install/std_msgs/include/std_msgs/msg/detail/empty__rosidl_typesupport_fastrtps_c.h
-- Symlinking: /home/saitama1/ros2_foxy/install/std_msgs/include/std_msgs/msg/detail/float32__rosidl_typesupport_fastrtps_c.h
-- Symlinking: /home/saitama1/ros2_foxy/install/std_msgs/include/std_msgs/msg/detail/float32_multi_array__rosidl_typesupport_fastrtps_c.h
-- Symlinking: /home/saitama1/ros2_foxy/install/std_msgs/include/std_msgs/msg/detail/float64__rosidl_typesupport_fastrtps_c.h
-- Symlinking: /home/saitama1/ros2_foxy/install/std_msgs/include/std_msgs/msg/detail/float64_multi_array__rosidl_typesupport_fastrtps_c.h
-- Symlinking: /home/saitama1/ros2_foxy/install/std_msgs/include/std_msgs/msg/detail/header__rosidl_typesupport_fastrtps_c.h
-- Symlinking: /home/saitama1/ros2_foxy/install/std_msgs/include/std_msgs/msg/detail/int16__rosidl_typesupport_fastrtps_c.h
-- Symlinking: /home/saitama1/ros2_foxy/install/std_msgs/include/std_msgs/msg/detail/int16_multi_array__rosidl_typesupport_fastrtps_c.h
-- Symlinking: /home/saitama1/ros2_foxy/install/std_msgs/include/std_msgs/msg/detail/int32__rosidl_typesupport_fastrtps_c.h
-- Symlinking: /home/saitama1/ros2_foxy/install/std_msgs/include/std_msgs/msg/detail/int32_multi_array__rosidl_typesupport_fastrtps_c.h
-- Symlinking: /home/saitama1/ros2_foxy/install/std_msgs/include/std_msgs/msg/detail/int64__rosidl_typesupport_fastrtps_c.h
-- Symlinking: /home/saitama1/ros2_foxy/install/std_msgs/include/std_msgs/msg/detail/int64_multi_array__rosidl_typesupport_fastrtps_c.h
-- Symlinking: /home/saitama1/ros2_foxy/install/std_msgs/include/std_msgs/msg/detail/int8__rosidl_typesupport_fastrtps_c.h
-- Symlinking: /home/saitama1/ros2_foxy/install/std_msgs/include/std_msgs/msg/detail/int8_multi_array__rosidl_typesupport_fastrtps_c.h
-- Symlinking: /home/saitama1/ros2_foxy/install/std_msgs/include/std_msgs/msg/detail/multi_array_dimension__rosidl_typesupport_fastrtps_c.h
-- Symlinking: /home/saitama1/ros2_foxy/install/std_msgs/include/std_msgs/msg/detail/multi_array_layout__rosidl_typesupport_fastrtps_c.h
-- Symlinking: /home/saitama1/ros2_foxy/install/std_msgs/include/std_msgs/msg/detail/string__rosidl_typesupport_fastrtps_c.h
-- Symlinking: /home/saitama1/ros2_foxy/install/std_msgs/include/std_msgs/msg/detail/u_int16__rosidl_typesupport_fastrtps_c.h
-- Symlinking: /home/saitama1/ros2_foxy/install/std_msgs/include/std_msgs/msg/detail/u_int16_multi_array__rosidl_typesupport_fastrtps_c.h
-- Symlinking: /home/saitama1/ros2_foxy/install/std_msgs/include/std_msgs/msg/detail/u_int32__rosidl_typesupport_fastrtps_c.h
-- Symlinking: /home/saitama1/ros2_foxy/install/std_msgs/include/std_msgs/msg/detail/u_int32_multi_array__rosidl_typesupport_fastrtps_c.h
-- Symlinking: /home/saitama1/ros2_foxy/install/std_msgs/include/std_msgs/msg/detail/u_int64__rosidl_typesupport_fastrtps_c.h
-- Symlinking: /home/saitama1/ros2_foxy/install/std_msgs/include/std_msgs/msg/detail/u_int64_multi_array__rosidl_typesupport_fastrtps_c.h
-- Symlinking: /home/saitama1/ros2_foxy/install/std_msgs/include/std_msgs/msg/detail/u_int8__rosidl_typesupport_fastrtps_c.h
-- Symlinking: /home/saitama1/ros2_foxy/install/std_msgs/include/std_msgs/msg/detail/u_int8_multi_array__rosidl_typesupport_fastrtps_c.h
-- Symlinking: /home/saitama1/ros2_foxy/install/std_msgs/include/std_msgs/msg/rosidl_typesupport_fastrtps_c__visibility_control.h
-- Symlinking: /home/saitama1/ros2_foxy/install/std_msgs/lib/libstd_msgs__rosidl_typesupport_fastrtps_c.so
-- Symlinking: /home/saitama1/ros2_foxy/install/std_msgs/include/std_msgs/msg/detail/bool__rosidl_typesupport_fastrtps_cpp.hpp
-- Symlinking: /home/saitama1/ros2_foxy/install/std_msgs/include/std_msgs/msg/detail/byte__rosidl_typesupport_fastrtps_cpp.hpp
-- Symlinking: /home/saitama1/ros2_foxy/install/std_msgs/include/std_msgs/msg/detail/byte_multi_array__rosidl_typesupport_fastrtps_cpp.hpp
-- Symlinking: /home/saitama1/ros2_foxy/install/std_msgs/include/std_msgs/msg/detail/char__rosidl_typesupport_fastrtps_cpp.hpp
-- Symlinking: /home/saitama1/ros2_foxy/install/std_msgs/include/std_msgs/msg/detail/color_rgba__rosidl_typesupport_fastrtps_cpp.hpp
-- Symlinking: /home/saitama1/ros2_foxy/install/std_msgs/include/std_msgs/msg/detail/empty__rosidl_typesupport_fastrtps_cpp.hpp
-- Symlinking: /home/saitama1/ros2_foxy/install/std_msgs/include/std_msgs/msg/detail/float32__rosidl_typesupport_fastrtps_cpp.hpp
-- Symlinking: /home/saitama1/ros2_foxy/install/std_msgs/include/std_msgs/msg/detail/float32_multi_array__rosidl_typesupport_fastrtps_cpp.hpp
-- Symlinking: /home/saitama1/ros2_foxy/install/std_msgs/include/std_msgs/msg/detail/float64__rosidl_typesupport_fastrtps_cpp.hpp
-- Symlinking: /home/saitama1/ros2_foxy/install/std_msgs/include/std_msgs/msg/detail/float64_multi_array__rosidl_typesupport_fastrtps_cpp.hpp
-- Symlinking: /home/saitama1/ros2_foxy/install/std_msgs/include/std_msgs/msg/detail/header__rosidl_typesupport_fastrtps_cpp.hpp
-- Symlinking: /home/saitama1/ros2_foxy/install/std_msgs/include/std_msgs/msg/detail/int16__rosidl_typesupport_fastrtps_cpp.hpp
-- Symlinking: /home/saitama1/ros2_foxy/install/std_msgs/include/std_msgs/msg/detail/int16_multi_array__rosidl_typesupport_fastrtps_cpp.hpp
-- Symlinking: /home/saitama1/ros2_foxy/install/std_msgs/include/std_msgs/msg/detail/int32__rosidl_typesupport_fastrtps_cpp.hpp
-- Symlinking: /home/saitama1/ros2_foxy/install/std_msgs/include/std_msgs/msg/detail/int32_multi_array__rosidl_typesupport_fastrtps_cpp.hpp
-- Symlinking: /home/saitama1/ros2_foxy/install/std_msgs/include/std_msgs/msg/detail/int64__rosidl_typesupport_fastrtps_cpp.hpp
-- Symlinking: /home/saitama1/ros2_foxy/install/std_msgs/include/std_msgs/msg/detail/int64_multi_array__rosidl_typesupport_fastrtps_cpp.hpp
-- Symlinking: /home/saitama1/ros2_foxy/install/std_msgs/include/std_msgs/msg/detail/int8__rosidl_typesupport_fastrtps_cpp.hpp
-- Symlinking: /home/saitama1/ros2_foxy/install/std_msgs/include/std_msgs/msg/detail/int8_multi_array__rosidl_typesupport_fastrtps_cpp.hpp
-- Symlinking: /home/saitama1/ros2_foxy/install/std_msgs/include/std_msgs/msg/detail/multi_array_dimension__rosidl_typesupport_fastrtps_cpp.hpp
-- Symlinking: /home/saitama1/ros2_foxy/install/std_msgs/include/std_msgs/msg/detail/multi_array_layout__rosidl_typesupport_fastrtps_cpp.hpp
-- Symlinking: /home/saitama1/ros2_foxy/install/std_msgs/include/std_msgs/msg/detail/string__rosidl_typesupport_fastrtps_cpp.hpp
-- Symlinking: /home/saitama1/ros2_foxy/install/std_msgs/include/std_msgs/msg/detail/u_int16__rosidl_typesupport_fastrtps_cpp.hpp
-- Symlinking: /home/saitama1/ros2_foxy/install/std_msgs/include/std_msgs/msg/detail/u_int16_multi_array__rosidl_typesupport_fastrtps_cpp.hpp
-- Symlinking: /home/saitama1/ros2_foxy/install/std_msgs/include/std_msgs/msg/detail/u_int32__rosidl_typesupport_fastrtps_cpp.hpp
-- Symlinking: /home/saitama1/ros2_foxy/install/std_msgs/include/std_msgs/msg/detail/u_int32_multi_array__rosidl_typesupport_fastrtps_cpp.hpp
-- Symlinking: /home/saitama1/ros2_foxy/install/std_msgs/include/std_msgs/msg/detail/u_int64__rosidl_typesupport_fastrtps_cpp.hpp
-- Symlinking: /home/saitama1/ros2_foxy/install/std_msgs/include/std_msgs/msg/detail/u_int64_multi_array__rosidl_typesupport_fastrtps_cpp.hpp
-- Symlinking: /home/saitama1/ros2_foxy/install/std_msgs/include/std_msgs/msg/detail/u_int8__rosidl_typesupport_fastrtps_cpp.hpp
-- Symlinking: /home/saitama1/ros2_foxy/install/std_msgs/include/std_msgs/msg/detail/u_int8_multi_array__rosidl_typesupport_fastrtps_cpp.hpp
-- Symlinking: /home/saitama1/ros2_foxy/install/std_msgs/include/std_msgs/msg/rosidl_typesupport_fastrtps_cpp__visibility_control.h
-- Symlinking: /home/saitama1/ros2_foxy/install/std_msgs/lib/libstd_msgs__rosidl_typesupport_fastrtps_cpp.so
-- Symlinking: /home/saitama1/ros2_foxy/install/std_msgs/include/std_msgs/msg/bool.hpp
-- Symlinking: /home/saitama1/ros2_foxy/install/std_msgs/include/std_msgs/msg/byte.hpp
-- Symlinking: /home/saitama1/ros2_foxy/install/std_msgs/include/std_msgs/msg/byte_multi_array.hpp
-- Symlinking: /home/saitama1/ros2_foxy/install/std_msgs/include/std_msgs/msg/char.hpp
-- Symlinking: /home/saitama1/ros2_foxy/install/std_msgs/include/std_msgs/msg/color_rgba.hpp
-- Symlinking: /home/saitama1/ros2_foxy/install/std_msgs/include/std_msgs/msg/detail/bool__builder.hpp
-- Symlinking: /home/saitama1/ros2_foxy/install/std_msgs/include/std_msgs/msg/detail/bool__struct.hpp
-- Symlinking: /home/saitama1/ros2_foxy/install/std_msgs/include/std_msgs/msg/detail/bool__traits.hpp
-- Symlinking: /home/saitama1/ros2_foxy/install/std_msgs/include/std_msgs/msg/detail/byte__builder.hpp
-- Symlinking: /home/saitama1/ros2_foxy/install/std_msgs/include/std_msgs/msg/detail/byte__struct.hpp
-- Symlinking: /home/saitama1/ros2_foxy/install/std_msgs/include/std_msgs/msg/detail/byte__traits.hpp
-- Symlinking: /home/saitama1/ros2_foxy/install/std_msgs/include/std_msgs/msg/detail/byte_multi_array__builder.hpp
-- Symlinking: /home/saitama1/ros2_foxy/install/std_msgs/include/std_msgs/msg/detail/byte_multi_array__struct.hpp
-- Symlinking: /home/saitama1/ros2_foxy/install/std_msgs/include/std_msgs/msg/detail/byte_multi_array__traits.hpp
-- Symlinking: /home/saitama1/ros2_foxy/install/std_msgs/include/std_msgs/msg/detail/char__builder.hpp
-- Symlinking: /home/saitama1/ros2_foxy/install/std_msgs/include/std_msgs/msg/detail/char__struct.hpp
-- Symlinking: /home/saitama1/ros2_foxy/install/std_msgs/include/std_msgs/msg/detail/char__traits.hpp
-- Symlinking: /home/saitama1/ros2_foxy/install/std_msgs/include/std_msgs/msg/detail/color_rgba__builder.hpp
-- Symlinking: /home/saitama1/ros2_foxy/install/std_msgs/include/std_msgs/msg/detail/color_rgba__struct.hpp
-- Symlinking: /home/saitama1/ros2_foxy/install/std_msgs/include/std_msgs/msg/detail/color_rgba__traits.hpp
-- Symlinking: /home/saitama1/ros2_foxy/install/std_msgs/include/std_msgs/msg/detail/empty__builder.hpp
-- Symlinking: /home/saitama1/ros2_foxy/install/std_msgs/include/std_msgs/msg/detail/empty__struct.hpp
-- Symlinking: /home/saitama1/ros2_foxy/install/std_msgs/include/std_msgs/msg/detail/empty__traits.hpp
-- Symlinking: /home/saitama1/ros2_foxy/install/std_msgs/include/std_msgs/msg/detail/float32__builder.hpp
-- Symlinking: /home/saitama1/ros2_foxy/install/std_msgs/include/std_msgs/msg/detail/float32__struct.hpp
-- Symlinking: /home/saitama1/ros2_foxy/install/std_msgs/include/std_msgs/msg/detail/float32__traits.hpp
-- Symlinking: /home/saitama1/ros2_foxy/install/std_msgs/include/std_msgs/msg/detail/float32_multi_array__builder.hpp
-- Symlinking: /home/saitama1/ros2_foxy/install/std_msgs/include/std_msgs/msg/detail/float32_multi_array__struct.hpp
-- Symlinking: /home/saitama1/ros2_foxy/install/std_msgs/include/std_msgs/msg/detail/float32_multi_array__traits.hpp
-- Symlinking: /home/saitama1/ros2_foxy/install/std_msgs/include/std_msgs/msg/detail/float64__builder.hpp
-- Symlinking: /home/saitama1/ros2_foxy/install/std_msgs/include/std_msgs/msg/detail/float64__struct.hpp
-- Symlinking: /home/saitama1/ros2_foxy/install/std_msgs/include/std_msgs/msg/detail/float64__traits.hpp
-- Symlinking: /home/saitama1/ros2_foxy/install/std_msgs/include/std_msgs/msg/detail/float64_multi_array__builder.hpp
-- Symlinking: /home/saitama1/ros2_foxy/install/std_msgs/include/std_msgs/msg/detail/float64_multi_array__struct.hpp
-- Symlinking: /home/saitama1/ros2_foxy/install/std_msgs/include/std_msgs/msg/detail/float64_multi_array__traits.hpp
-- Symlinking: /home/saitama1/ros2_foxy/install/std_msgs/include/std_msgs/msg/detail/header__builder.hpp
-- Symlinking: /home/saitama1/ros2_foxy/install/std_msgs/include/std_msgs/msg/detail/header__struct.hpp
-- Symlinking: /home/saitama1/ros2_foxy/install/std_msgs/include/std_msgs/msg/detail/header__traits.hpp
-- Symlinking: /home/saitama1/ros2_foxy/install/std_msgs/include/std_msgs/msg/detail/int16__builder.hpp
-- Symlinking: /home/saitama1/ros2_foxy/install/std_msgs/include/std_msgs/msg/detail/int16__struct.hpp
-- Symlinking: /home/saitama1/ros2_foxy/install/std_msgs/include/std_msgs/msg/detail/int16__traits.hpp
-- Symlinking: /home/saitama1/ros2_foxy/install/std_msgs/include/std_msgs/msg/detail/int16_multi_array__builder.hpp
-- Symlinking: /home/saitama1/ros2_foxy/install/std_msgs/include/std_msgs/msg/detail/int16_multi_array__struct.hpp
-- Symlinking: /home/saitama1/ros2_foxy/install/std_msgs/include/std_msgs/msg/detail/int16_multi_array__traits.hpp
-- Symlinking: /home/saitama1/ros2_foxy/install/std_msgs/include/std_msgs/msg/detail/int32__builder.hpp
-- Symlinking: /home/saitama1/ros2_foxy/install/std_msgs/include/std_msgs/msg/detail/int32__struct.hpp
-- Symlinking: /home/saitama1/ros2_foxy/install/std_msgs/include/std_msgs/msg/detail/int32__traits.hpp
-- Symlinking: /home/saitama1/ros2_foxy/install/std_msgs/include/std_msgs/msg/detail/int32_multi_array__builder.hpp
-- Symlinking: /home/saitama1/ros2_foxy/install/std_msgs/include/std_msgs/msg/detail/int32_multi_array__struct.hpp
-- Symlinking: /home/saitama1/ros2_foxy/install/std_msgs/include/std_msgs/msg/detail/int32_multi_array__traits.hpp
-- Symlinking: /home/saitama1/ros2_foxy/install/std_msgs/include/std_msgs/msg/detail/int64__builder.hpp
-- Symlinking: /home/saitama1/ros2_foxy/install/std_msgs/include/std_msgs/msg/detail/int64__struct.hpp
-- Symlinking: /home/saitama1/ros2_foxy/install/std_msgs/include/std_msgs/msg/detail/int64__traits.hpp
-- Symlinking: /home/saitama1/ros2_foxy/install/std_msgs/include/std_msgs/msg/detail/int64_multi_array__builder.hpp
-- Symlinking: /home/saitama1/ros2_foxy/install/std_msgs/include/std_msgs/msg/detail/int64_multi_array__struct.hpp
-- Symlinking: /home/saitama1/ros2_foxy/install/std_msgs/include/std_msgs/msg/detail/int64_multi_array__traits.hpp
-- Symlinking: /home/saitama1/ros2_foxy/install/std_msgs/include/std_msgs/msg/detail/int8__builder.hpp
-- Symlinking: /home/saitama1/ros2_foxy/install/std_msgs/include/std_msgs/msg/detail/int8__struct.hpp
-- Symlinking: /home/saitama1/ros2_foxy/install/std_msgs/include/std_msgs/msg/detail/int8__traits.hpp
-- Symlinking: /home/saitama1/ros2_foxy/install/std_msgs/include/std_msgs/msg/detail/int8_multi_array__builder.hpp
-- Symlinking: /home/saitama1/ros2_foxy/install/std_msgs/include/std_msgs/msg/detail/int8_multi_array__struct.hpp
-- Symlinking: /home/saitama1/ros2_foxy/install/std_msgs/include/std_msgs/msg/detail/int8_multi_array__traits.hpp
-- Symlinking: /home/saitama1/ros2_foxy/install/std_msgs/include/std_msgs/msg/detail/multi_array_dimension__builder.hpp
-- Symlinking: /home/saitama1/ros2_foxy/install/std_msgs/include/std_msgs/msg/detail/multi_array_dimension__struct.hpp
-- Symlinking: /home/saitama1/ros2_foxy/install/std_msgs/include/std_msgs/msg/detail/multi_array_dimension__traits.hpp
-- Symlinking: /home/saitama1/ros2_foxy/install/std_msgs/include/std_msgs/msg/detail/multi_array_layout__builder.hpp
-- Symlinking: /home/saitama1/ros2_foxy/install/std_msgs/include/std_msgs/msg/detail/multi_array_layout__struct.hpp
-- Symlinking: /home/saitama1/ros2_foxy/install/std_msgs/include/std_msgs/msg/detail/multi_array_layout__traits.hpp
-- Symlinking: /home/saitama1/ros2_foxy/install/std_msgs/include/std_msgs/msg/detail/string__builder.hpp
-- Symlinking: /home/saitama1/ros2_foxy/install/std_msgs/include/std_msgs/msg/detail/string__struct.hpp
-- Symlinking: /home/saitama1/ros2_foxy/install/std_msgs/include/std_msgs/msg/detail/string__traits.hpp
-- Symlinking: /home/saitama1/ros2_foxy/install/std_msgs/include/std_msgs/msg/detail/u_int16__builder.hpp
-- Symlinking: /home/saitama1/ros2_foxy/install/std_msgs/include/std_msgs/msg/detail/u_int16__struct.hpp
-- Symlinking: /home/saitama1/ros2_foxy/install/std_msgs/include/std_msgs/msg/detail/u_int16__traits.hpp
-- Symlinking: /home/saitama1/ros2_foxy/install/std_msgs/include/std_msgs/msg/detail/u_int16_multi_array__builder.hpp
-- Symlinking: /home/saitama1/ros2_foxy/install/std_msgs/include/std_msgs/msg/detail/u_int16_multi_array__struct.hpp
-- Symlinking: /home/saitama1/ros2_foxy/install/std_msgs/include/std_msgs/msg/detail/u_int16_multi_array__traits.hpp
-- Symlinking: /home/saitama1/ros2_foxy/install/std_msgs/include/std_msgs/msg/detail/u_int32__builder.hpp
-- Symlinking: /home/saitama1/ros2_foxy/install/std_msgs/include/std_msgs/msg/detail/u_int32__struct.hpp
-- Symlinking: /home/saitama1/ros2_foxy/install/std_msgs/include/std_msgs/msg/detail/u_int32__traits.hpp
-- Symlinking: /home/saitama1/ros2_foxy/install/std_msgs/include/std_msgs/msg/detail/u_int32_multi_array__builder.hpp
-- Symlinking: /home/saitama1/ros2_foxy/install/std_msgs/include/std_msgs/msg/detail/u_int32_multi_array__struct.hpp
-- Symlinking: /home/saitama1/ros2_foxy/install/std_msgs/include/std_msgs/msg/detail/u_int32_multi_array__traits.hpp
-- Symlinking: /home/saitama1/ros2_foxy/install/std_msgs/include/std_msgs/msg/detail/u_int64__builder.hpp
-- Symlinking: /home/saitama1/ros2_foxy/install/std_msgs/include/std_msgs/msg/detail/u_int64__struct.hpp
-- Symlinking: /home/saitama1/ros2_foxy/install/std_msgs/include/std_msgs/msg/detail/u_int64__traits.hpp
-- Symlinking: /home/saitama1/ros2_foxy/install/std_msgs/include/std_msgs/msg/detail/u_int64_multi_array__builder.hpp
-- Symlinking: /home/saitama1/ros2_foxy/install/std_msgs/include/std_msgs/msg/detail/u_int64_multi_array__struct.hpp
-- Symlinking: /home/saitama1/ros2_foxy/install/std_msgs/include/std_msgs/msg/detail/u_int64_multi_array__traits.hpp
-- Symlinking: /home/saitama1/ros2_foxy/install/std_msgs/include/std_msgs/msg/detail/u_int8__builder.hpp
-- Symlinking: /home/saitama1/ros2_foxy/install/std_msgs/include/std_msgs/msg/detail/u_int8__struct.hpp
-- Symlinking: /home/saitama1/ros2_foxy/install/std_msgs/include/std_msgs/msg/detail/u_int8__traits.hpp
-- Symlinking: /home/saitama1/ros2_foxy/install/std_msgs/include/std_msgs/msg/detail/u_int8_multi_array__builder.hpp
-- Symlinking: /home/saitama1/ros2_foxy/install/std_msgs/include/std_msgs/msg/detail/u_int8_multi_array__struct.hpp
-- Symlinking: /home/saitama1/ros2_foxy/install/std_msgs/include/std_msgs/msg/detail/u_int8_multi_array__traits.hpp
-- Symlinking: /home/saitama1/ros2_foxy/install/std_msgs/include/std_msgs/msg/empty.hpp
-- Symlinking: /home/saitama1/ros2_foxy/install/std_msgs/include/std_msgs/msg/float32.hpp
-- Symlinking: /home/saitama1/ros2_foxy/install/std_msgs/include/std_msgs/msg/float32_multi_array.hpp
-- Symlinking: /home/saitama1/ros2_foxy/install/std_msgs/include/std_msgs/msg/float64.hpp
-- Symlinking: /home/saitama1/ros2_foxy/install/std_msgs/include/std_msgs/msg/float64_multi_array.hpp
-- Symlinking: /home/saitama1/ros2_foxy/install/std_msgs/include/std_msgs/msg/header.hpp
-- Symlinking: /home/saitama1/ros2_foxy/install/std_msgs/include/std_msgs/msg/int16.hpp
-- Symlinking: /home/saitama1/ros2_foxy/install/std_msgs/include/std_msgs/msg/int16_multi_array.hpp
-- Symlinking: /home/saitama1/ros2_foxy/install/std_msgs/include/std_msgs/msg/int32.hpp
-- Symlinking: /home/saitama1/ros2_foxy/install/std_msgs/include/std_msgs/msg/int32_multi_array.hpp
-- Symlinking: /home/saitama1/ros2_foxy/install/std_msgs/include/std_msgs/msg/int64.hpp
-- Symlinking: /home/saitama1/ros2_foxy/install/std_msgs/include/std_msgs/msg/int64_multi_array.hpp
-- Symlinking: /home/saitama1/ros2_foxy/install/std_msgs/include/std_msgs/msg/int8.hpp
-- Symlinking: /home/saitama1/ros2_foxy/install/std_msgs/include/std_msgs/msg/int8_multi_array.hpp
-- Symlinking: /home/saitama1/ros2_foxy/install/std_msgs/include/std_msgs/msg/multi_array_dimension.hpp
-- Symlinking: /home/saitama1/ros2_foxy/install/std_msgs/include/std_msgs/msg/multi_array_layout.hpp
-- Symlinking: /home/saitama1/ros2_foxy/install/std_msgs/include/std_msgs/msg/string.hpp
-- Symlinking: /home/saitama1/ros2_foxy/install/std_msgs/include/std_msgs/msg/u_int16.hpp
-- Symlinking: /home/saitama1/ros2_foxy/install/std_msgs/include/std_msgs/msg/u_int16_multi_array.hpp
-- Symlinking: /home/saitama1/ros2_foxy/install/std_msgs/include/std_msgs/msg/u_int32.hpp
-- Symlinking: /home/saitama1/ros2_foxy/install/std_msgs/include/std_msgs/msg/u_int32_multi_array.hpp
-- Symlinking: /home/saitama1/ros2_foxy/install/std_msgs/include/std_msgs/msg/u_int64.hpp
-- Symlinking: /home/saitama1/ros2_foxy/install/std_msgs/include/std_msgs/msg/u_int64_multi_array.hpp
-- Symlinking: /home/saitama1/ros2_foxy/install/std_msgs/include/std_msgs/msg/u_int8.hpp
-- Symlinking: /home/saitama1/ros2_foxy/install/std_msgs/include/std_msgs/msg/u_int8_multi_array.hpp
-- Symlinking: /home/saitama1/ros2_foxy/install/std_msgs/include/std_msgs/msg/detail/bool__rosidl_typesupport_introspection_cpp.hpp
-- Symlinking: /home/saitama1/ros2_foxy/install/std_msgs/include/std_msgs/msg/detail/byte__rosidl_typesupport_introspection_cpp.hpp
-- Symlinking: /home/saitama1/ros2_foxy/install/std_msgs/include/std_msgs/msg/detail/byte_multi_array__rosidl_typesupport_introspection_cpp.hpp
-- Symlinking: /home/saitama1/ros2_foxy/install/std_msgs/include/std_msgs/msg/detail/char__rosidl_typesupport_introspection_cpp.hpp
-- Symlinking: /home/saitama1/ros2_foxy/install/std_msgs/include/std_msgs/msg/detail/color_rgba__rosidl_typesupport_introspection_cpp.hpp
-- Symlinking: /home/saitama1/ros2_foxy/install/std_msgs/include/std_msgs/msg/detail/empty__rosidl_typesupport_introspection_cpp.hpp
-- Symlinking: /home/saitama1/ros2_foxy/install/std_msgs/include/std_msgs/msg/detail/float32__rosidl_typesupport_introspection_cpp.hpp
-- Symlinking: /home/saitama1/ros2_foxy/install/std_msgs/include/std_msgs/msg/detail/float32_multi_array__rosidl_typesupport_introspection_cpp.hpp
-- Symlinking: /home/saitama1/ros2_foxy/install/std_msgs/include/std_msgs/msg/detail/float64__rosidl_typesupport_introspection_cpp.hpp
-- Symlinking: /home/saitama1/ros2_foxy/install/std_msgs/include/std_msgs/msg/detail/float64_multi_array__rosidl_typesupport_introspection_cpp.hpp
-- Symlinking: /home/saitama1/ros2_foxy/install/std_msgs/include/std_msgs/msg/detail/header__rosidl_typesupport_introspection_cpp.hpp
-- Symlinking: /home/saitama1/ros2_foxy/install/std_msgs/include/std_msgs/msg/detail/int16__rosidl_typesupport_introspection_cpp.hpp
-- Symlinking: /home/saitama1/ros2_foxy/install/std_msgs/include/std_msgs/msg/detail/int16_multi_array__rosidl_typesupport_introspection_cpp.hpp
-- Symlinking: /home/saitama1/ros2_foxy/install/std_msgs/include/std_msgs/msg/detail/int32__rosidl_typesupport_introspection_cpp.hpp
-- Symlinking: /home/saitama1/ros2_foxy/install/std_msgs/include/std_msgs/msg/detail/int32_multi_array__rosidl_typesupport_introspection_cpp.hpp
-- Symlinking: /home/saitama1/ros2_foxy/install/std_msgs/include/std_msgs/msg/detail/int64__rosidl_typesupport_introspection_cpp.hpp
-- Symlinking: /home/saitama1/ros2_foxy/install/std_msgs/include/std_msgs/msg/detail/int64_multi_array__rosidl_typesupport_introspection_cpp.hpp
-- Symlinking: /home/saitama1/ros2_foxy/install/std_msgs/include/std_msgs/msg/detail/int8__rosidl_typesupport_introspection_cpp.hpp
-- Symlinking: /home/saitama1/ros2_foxy/install/std_msgs/include/std_msgs/msg/detail/int8_multi_array__rosidl_typesupport_introspection_cpp.hpp
-- Symlinking: /home/saitama1/ros2_foxy/install/std_msgs/include/std_msgs/msg/detail/multi_array_dimension__rosidl_typesupport_introspection_cpp.hpp
-- Symlinking: /home/saitama1/ros2_foxy/install/std_msgs/include/std_msgs/msg/detail/multi_array_layout__rosidl_typesupport_introspection_cpp.hpp
-- Symlinking: /home/saitama1/ros2_foxy/install/std_msgs/include/std_msgs/msg/detail/string__rosidl_typesupport_introspection_cpp.hpp
-- Symlinking: /home/saitama1/ros2_foxy/install/std_msgs/include/std_msgs/msg/detail/u_int16__rosidl_typesupport_introspection_cpp.hpp
-- Symlinking: /home/saitama1/ros2_foxy/install/std_msgs/include/std_msgs/msg/detail/u_int16_multi_array__rosidl_typesupport_introspection_cpp.hpp
-- Symlinking: /home/saitama1/ros2_foxy/install/std_msgs/include/std_msgs/msg/detail/u_int32__rosidl_typesupport_introspection_cpp.hpp
-- Symlinking: /home/saitama1/ros2_foxy/install/std_msgs/include/std_msgs/msg/detail/u_int32_multi_array__rosidl_typesupport_introspection_cpp.hpp
-- Symlinking: /home/saitama1/ros2_foxy/install/std_msgs/include/std_msgs/msg/detail/u_int64__rosidl_typesupport_introspection_cpp.hpp
-- Symlinking: /home/saitama1/ros2_foxy/install/std_msgs/include/std_msgs/msg/detail/u_int64_multi_array__rosidl_typesupport_introspection_cpp.hpp
-- Symlinking: /home/saitama1/ros2_foxy/install/std_msgs/include/std_msgs/msg/detail/u_int8__rosidl_typesupport_introspection_cpp.hpp
-- Symlinking: /home/saitama1/ros2_foxy/install/std_msgs/include/std_msgs/msg/detail/u_int8_multi_array__rosidl_typesupport_introspection_cpp.hpp
-- Symlinking: /home/saitama1/ros2_foxy/install/std_msgs/share/std_msgs/environment/pythonpath.sh
-- Symlinking: /home/saitama1/ros2_foxy/install/std_msgs/share/std_msgs/environment/pythonpath.dsv
-- Symlinking: /home/saitama1/ros2_foxy/install/std_msgs/lib/python3.8/site-packages/std_msgs/__init__.py
-- Symlinking: /home/saitama1/ros2_foxy/install/std_msgs/lib/python3.8/site-packages/std_msgs/msg/__init__.py
-- Symlinking: /home/saitama1/ros2_foxy/install/std_msgs/lib/python3.8/site-packages/std_msgs/msg/_bool.py
-- Symlinking: /home/saitama1/ros2_foxy/install/std_msgs/lib/python3.8/site-packages/std_msgs/msg/_byte.py
-- Symlinking: /home/saitama1/ros2_foxy/install/std_msgs/lib/python3.8/site-packages/std_msgs/msg/_byte_multi_array.py
-- Symlinking: /home/saitama1/ros2_foxy/install/std_msgs/lib/python3.8/site-packages/std_msgs/msg/_char.py
-- Symlinking: /home/saitama1/ros2_foxy/install/std_msgs/lib/python3.8/site-packages/std_msgs/msg/_color_rgba.py
-- Symlinking: /home/saitama1/ros2_foxy/install/std_msgs/lib/python3.8/site-packages/std_msgs/msg/_empty.py
-- Symlinking: /home/saitama1/ros2_foxy/install/std_msgs/lib/python3.8/site-packages/std_msgs/msg/_float32.py
-- Symlinking: /home/saitama1/ros2_foxy/install/std_msgs/lib/python3.8/site-packages/std_msgs/msg/_float32_multi_array.py
-- Symlinking: /home/saitama1/ros2_foxy/install/std_msgs/lib/python3.8/site-packages/std_msgs/msg/_float64.py
-- Symlinking: /home/saitama1/ros2_foxy/install/std_msgs/lib/python3.8/site-packages/std_msgs/msg/_float64_multi_array.py
-- Symlinking: /home/saitama1/ros2_foxy/install/std_msgs/lib/python3.8/site-packages/std_msgs/msg/_header.py
-- Symlinking: /home/saitama1/ros2_foxy/install/std_msgs/lib/python3.8/site-packages/std_msgs/msg/_int16.py
-- Symlinking: /home/saitama1/ros2_foxy/install/std_msgs/lib/python3.8/site-packages/std_msgs/msg/_int16_multi_array.py
-- Symlinking: /home/saitama1/ros2_foxy/install/std_msgs/lib/python3.8/site-packages/std_msgs/msg/_int32.py
-- Symlinking: /home/saitama1/ros2_foxy/install/std_msgs/lib/python3.8/site-packages/std_msgs/msg/_int32_multi_array.py
-- Symlinking: /home/saitama1/ros2_foxy/install/std_msgs/lib/python3.8/site-packages/std_msgs/msg/_int64.py
-- Symlinking: /home/saitama1/ros2_foxy/install/std_msgs/lib/python3.8/site-packages/std_msgs/msg/_int64_multi_array.py
-- Symlinking: /home/saitama1/ros2_foxy/install/std_msgs/lib/python3.8/site-packages/std_msgs/msg/_int8.py
-- Symlinking: /home/saitama1/ros2_foxy/install/std_msgs/lib/python3.8/site-packages/std_msgs/msg/_int8_multi_array.py
-- Symlinking: /home/saitama1/ros2_foxy/install/std_msgs/lib/python3.8/site-packages/std_msgs/msg/_multi_array_dimension.py
-- Symlinking: /home/saitama1/ros2_foxy/install/std_msgs/lib/python3.8/site-packages/std_msgs/msg/_multi_array_layout.py
-- Symlinking: /home/saitama1/ros2_foxy/install/std_msgs/lib/python3.8/site-packages/std_msgs/msg/_string.py
-- Symlinking: /home/saitama1/ros2_foxy/install/std_msgs/lib/python3.8/site-packages/std_msgs/msg/_u_int16.py
-- Symlinking: /home/saitama1/ros2_foxy/install/std_msgs/lib/python3.8/site-packages/std_msgs/msg/_u_int16_multi_array.py
-- Symlinking: /home/saitama1/ros2_foxy/install/std_msgs/lib/python3.8/site-packages/std_msgs/msg/_u_int32.py
-- Symlinking: /home/saitama1/ros2_foxy/install/std_msgs/lib/python3.8/site-packages/std_msgs/msg/_u_int32_multi_array.py
-- Symlinking: /home/saitama1/ros2_foxy/install/std_msgs/lib/python3.8/site-packages/std_msgs/msg/_u_int64.py
-- Symlinking: /home/saitama1/ros2_foxy/install/std_msgs/lib/python3.8/site-packages/std_msgs/msg/_u_int64_multi_array.py
-- Symlinking: /home/saitama1/ros2_foxy/install/std_msgs/lib/python3.8/site-packages/std_msgs/msg/_u_int8.py
-- Symlinking: /home/saitama1/ros2_foxy/install/std_msgs/lib/python3.8/site-packages/std_msgs/msg/_u_int8_multi_array.py
-- Symlinking: /home/saitama1/ros2_foxy/install/std_msgs/lib/python3.8/site-packages/std_msgs/std_msgs_s__rosidl_typesupport_introspection_c.cpython-38-x86_64-linux-gnu.so
-- Symlinking: /home/saitama1/ros2_foxy/install/std_msgs/lib/python3.8/site-packages/std_msgs/std_msgs_s__rosidl_typesupport_fastrtps_c.cpython-38-x86_64-linux-gnu.so
-- Symlinking: /home/saitama1/ros2_foxy/install/std_msgs/lib/python3.8/site-packages/std_msgs/std_msgs_s__rosidl_typesupport_c.cpython-38-x86_64-linux-gnu.so
-- Symlinking: /home/saitama1/ros2_foxy/install/std_msgs/lib/libstd_msgs__python.so
-- Symlinking: /home/saitama1/ros2_foxy/install/std_msgs/share/std_msgs/msg/Bool.idl
-- Symlinking: /home/saitama1/ros2_foxy/install/std_msgs/share/std_msgs/msg/Byte.idl
-- Symlinking: /home/saitama1/ros2_foxy/install/std_msgs/share/std_msgs/msg/ByteMultiArray.idl
-- Symlinking: /home/saitama1/ros2_foxy/install/std_msgs/share/std_msgs/msg/Char.idl
-- Symlinking: /home/saitama1/ros2_foxy/install/std_msgs/share/std_msgs/msg/ColorRGBA.idl
-- Symlinking: /home/saitama1/ros2_foxy/install/std_msgs/share/std_msgs/msg/Empty.idl
-- Symlinking: /home/saitama1/ros2_foxy/install/std_msgs/share/std_msgs/msg/Float32.idl
-- Symlinking: /home/saitama1/ros2_foxy/install/std_msgs/share/std_msgs/msg/Float32MultiArray.idl
-- Symlinking: /home/saitama1/ros2_foxy/install/std_msgs/share/std_msgs/msg/Float64.idl
-- Symlinking: /home/saitama1/ros2_foxy/install/std_msgs/share/std_msgs/msg/Float64MultiArray.idl
-- Symlinking: /home/saitama1/ros2_foxy/install/std_msgs/share/std_msgs/msg/Header.idl
-- Symlinking: /home/saitama1/ros2_foxy/install/std_msgs/share/std_msgs/msg/Int16.idl
-- Symlinking: /home/saitama1/ros2_foxy/install/std_msgs/share/std_msgs/msg/Int16MultiArray.idl
-- Symlinking: /home/saitama1/ros2_foxy/install/std_msgs/share/std_msgs/msg/Int32.idl
-- Symlinking: /home/saitama1/ros2_foxy/install/std_msgs/share/std_msgs/msg/Int32MultiArray.idl
-- Symlinking: /home/saitama1/ros2_foxy/install/std_msgs/share/std_msgs/msg/Int64.idl
-- Symlinking: /home/saitama1/ros2_foxy/install/std_msgs/share/std_msgs/msg/Int64MultiArray.idl
-- Symlinking: /home/saitama1/ros2_foxy/install/std_msgs/share/std_msgs/msg/Int8.idl
-- Symlinking: /home/saitama1/ros2_foxy/install/std_msgs/share/std_msgs/msg/Int8MultiArray.idl
-- Symlinking: /home/saitama1/ros2_foxy/install/std_msgs/share/std_msgs/msg/MultiArrayDimension.idl
-- Symlinking: /home/saitama1/ros2_foxy/install/std_msgs/share/std_msgs/msg/MultiArrayLayout.idl
-- Symlinking: /home/saitama1/ros2_foxy/install/std_msgs/share/std_msgs/msg/String.idl
-- Symlinking: /home/saitama1/ros2_foxy/install/std_msgs/share/std_msgs/msg/UInt16.idl
-- Symlinking: /home/saitama1/ros2_foxy/install/std_msgs/share/std_msgs/msg/UInt16MultiArray.idl
-- Symlinking: /home/saitama1/ros2_foxy/install/std_msgs/share/std_msgs/msg/UInt32.idl
-- Symlinking: /home/saitama1/ros2_foxy/install/std_msgs/share/std_msgs/msg/UInt32MultiArray.idl
-- Symlinking: /home/saitama1/ros2_foxy/install/std_msgs/share/std_msgs/msg/UInt64.idl
-- Symlinking: /home/saitama1/ros2_foxy/install/std_msgs/share/std_msgs/msg/UInt64MultiArray.idl
-- Symlinking: /home/saitama1/ros2_foxy/install/std_msgs/share/std_msgs/msg/UInt8.idl
-- Symlinking: /home/saitama1/ros2_foxy/install/std_msgs/share/std_msgs/msg/UInt8MultiArray.idl
-- Symlinking: /home/saitama1/ros2_foxy/install/std_msgs/share/std_msgs/msg/Bool.msg
-- Symlinking: /home/saitama1/ros2_foxy/install/std_msgs/share/std_msgs/msg/Byte.msg
-- Symlinking: /home/saitama1/ros2_foxy/install/std_msgs/share/std_msgs/msg/ByteMultiArray.msg
-- Symlinking: /home/saitama1/ros2_foxy/install/std_msgs/share/std_msgs/msg/Char.msg
-- Symlinking: /home/saitama1/ros2_foxy/install/std_msgs/share/std_msgs/msg/ColorRGBA.msg
-- Symlinking: /home/saitama1/ros2_foxy/install/std_msgs/share/std_msgs/msg/Empty.msg
-- Symlinking: /home/saitama1/ros2_foxy/install/std_msgs/share/std_msgs/msg/Float32.msg
-- Symlinking: /home/saitama1/ros2_foxy/install/std_msgs/share/std_msgs/msg/Float32MultiArray.msg
-- Symlinking: /home/saitama1/ros2_foxy/install/std_msgs/share/std_msgs/msg/Float64.msg
-- Symlinking: /home/saitama1/ros2_foxy/install/std_msgs/share/std_msgs/msg/Float64MultiArray.msg
-- Symlinking: /home/saitama1/ros2_foxy/install/std_msgs/share/std_msgs/msg/Header.msg
-- Symlinking: /home/saitama1/ros2_foxy/install/std_msgs/share/std_msgs/msg/Int16.msg
-- Symlinking: /home/saitama1/ros2_foxy/install/std_msgs/share/std_msgs/msg/Int16MultiArray.msg
-- Symlinking: /home/saitama1/ros2_foxy/install/std_msgs/share/std_msgs/msg/Int32.msg
-- Symlinking: /home/saitama1/ros2_foxy/install/std_msgs/share/std_msgs/msg/Int32MultiArray.msg
-- Symlinking: /home/saitama1/ros2_foxy/install/std_msgs/share/std_msgs/msg/Int64.msg
-- Symlinking: /home/saitama1/ros2_foxy/install/std_msgs/share/std_msgs/msg/Int64MultiArray.msg
-- Symlinking: /home/saitama1/ros2_foxy/install/std_msgs/share/std_msgs/msg/Int8.msg
-- Symlinking: /home/saitama1/ros2_foxy/install/std_msgs/share/std_msgs/msg/Int8MultiArray.msg
-- Symlinking: /home/saitama1/ros2_foxy/install/std_msgs/share/std_msgs/msg/MultiArrayDimension.msg
-- Symlinking: /home/saitama1/ros2_foxy/install/std_msgs/share/std_msgs/msg/MultiArrayLayout.msg
-- Symlinking: /home/saitama1/ros2_foxy/install/std_msgs/share/std_msgs/msg/String.msg
-- Symlinking: /home/saitama1/ros2_foxy/install/std_msgs/share/std_msgs/msg/UInt16.msg
-- Symlinking: /home/saitama1/ros2_foxy/install/std_msgs/share/std_msgs/msg/UInt16MultiArray.msg
-- Symlinking: /home/saitama1/ros2_foxy/install/std_msgs/share/std_msgs/msg/UInt32.msg
-- Symlinking: /home/saitama1/ros2_foxy/install/std_msgs/share/std_msgs/msg/UInt32MultiArray.msg
-- Symlinking: /home/saitama1/ros2_foxy/install/std_msgs/share/std_msgs/msg/UInt64.msg
-- Symlinking: /home/saitama1/ros2_foxy/install/std_msgs/share/std_msgs/msg/UInt64MultiArray.msg
-- Symlinking: /home/saitama1/ros2_foxy/install/std_msgs/share/std_msgs/msg/UInt8.msg
-- Symlinking: /home/saitama1/ros2_foxy/install/std_msgs/share/std_msgs/msg/UInt8MultiArray.msg
-- Symlinking: /home/saitama1/ros2_foxy/install/std_msgs/share/ament_index/resource_index/package_run_dependencies/std_msgs
-- Symlinking: /home/saitama1/ros2_foxy/install/std_msgs/share/ament_index/resource_index/parent_prefix_path/std_msgs
-- Symlinking: /home/saitama1/ros2_foxy/install/std_msgs/share/std_msgs/environment/ament_prefix_path.sh
-- Symlinking: /home/saitama1/ros2_foxy/install/std_msgs/share/std_msgs/environment/ament_prefix_path.dsv
-- Symlinking: /home/saitama1/ros2_foxy/install/std_msgs/share/std_msgs/environment/path.sh
-- Symlinking: /home/saitama1/ros2_foxy/install/std_msgs/share/std_msgs/environment/path.dsv
-- Symlinking: /home/saitama1/ros2_foxy/install/std_msgs/share/std_msgs/local_setup.bash
-- Symlinking: /home/saitama1/ros2_foxy/install/std_msgs/share/std_msgs/local_setup.sh
-- Symlinking: /home/saitama1/ros2_foxy/install/std_msgs/share/std_msgs/local_setup.zsh
-- Symlinking: /home/saitama1/ros2_foxy/install/std_msgs/share/std_msgs/local_setup.dsv
-- Symlinking: /home/saitama1/ros2_foxy/install/std_msgs/share/std_msgs/package.dsv
-- Symlinking: /home/saitama1/ros2_foxy/install/std_msgs/share/ament_index/resource_index/packages/std_msgs
-- Symlinking: /home/saitama1/ros2_foxy/install/std_msgs/share/std_msgs/cmake/rosidl_cmake-extras.cmake
-- Symlinking: /home/saitama1/ros2_foxy/install/std_msgs/share/std_msgs/cmake/ament_cmake_export_dependencies-extras.cmake
-- Symlinking: /home/saitama1/ros2_foxy/install/std_msgs/share/std_msgs/cmake/ament_cmake_export_libraries-extras.cmake
-- Symlinking: /home/saitama1/ros2_foxy/install/std_msgs/share/std_msgs/cmake/ament_cmake_export_targets-extras.cmake
-- Symlinking: /home/saitama1/ros2_foxy/install/std_msgs/share/std_msgs/cmake/ament_cmake_export_include_directories-extras.cmake
-- Symlinking: /home/saitama1/ros2_foxy/install/std_msgs/share/std_msgs/cmake/rosidl_cmake_export_typesupport_targets-extras.cmake
-- Symlinking: /home/saitama1/ros2_foxy/install/std_msgs/share/std_msgs/cmake/rosidl_cmake_export_typesupport_libraries-extras.cmake
-- Symlinking: /home/saitama1/ros2_foxy/install/std_msgs/share/std_msgs/cmake/std_msgsConfig.cmake
-- Symlinking: /home/saitama1/ros2_foxy/install/std_msgs/share/std_msgs/cmake/std_msgsConfig-version.cmake
-- Symlinking: /home/saitama1/ros2_foxy/install/std_msgs/share/std_msgs/package.xml
-- Installing: /home/saitama1/ros2_foxy/install/std_msgs/lib/libstd_msgs__rosidl_generator_c.so
-- Set runtime path of "/home/saitama1/ros2_foxy/install/std_msgs/lib/libstd_msgs__rosidl_generator_c.so" to ""
-- Installing: /home/saitama1/ros2_foxy/install/std_msgs/lib/libstd_msgs__rosidl_typesupport_introspection_c.so
-- Set runtime path of "/home/saitama1/ros2_foxy/install/std_msgs/lib/libstd_msgs__rosidl_typesupport_introspection_c.so" to ""
-- Installing: /home/saitama1/ros2_foxy/install/std_msgs/lib/libstd_msgs__rosidl_typesupport_c.so
-- Set runtime path of "/home/saitama1/ros2_foxy/install/std_msgs/lib/libstd_msgs__rosidl_typesupport_c.so" to ""
-- Installing: /home/saitama1/ros2_foxy/install/std_msgs/lib/libstd_msgs__rosidl_typesupport_introspection_cpp.so
-- Set runtime path of "/home/saitama1/ros2_foxy/install/std_msgs/lib/libstd_msgs__rosidl_typesupport_introspection_cpp.so" to ""
-- Installing: /home/saitama1/ros2_foxy/install/std_msgs/lib/libstd_msgs__rosidl_typesupport_cpp.so
-- Set runtime path of "/home/saitama1/ros2_foxy/install/std_msgs/lib/libstd_msgs__rosidl_typesupport_cpp.so" to ""
Compiling '/home/saitama1/ros2_foxy/install/std_msgs/lib/python3.8/site-packages/std_msgs/__init__.py'...
-- Up-to-date: /home/saitama1/ros2_foxy/install/std_msgs/share/std_msgs/cmake/std_msgs__rosidl_generator_cExport.cmake
-- Installing: /home/saitama1/ros2_foxy/install/std_msgs/share/std_msgs/cmake/std_msgs__rosidl_generator_cExport-noconfig.cmake
-- Up-to-date: /home/saitama1/ros2_foxy/install/std_msgs/share/std_msgs/cmake/std_msgs__rosidl_typesupport_introspection_cExport.cmake
-- Installing: /home/saitama1/ros2_foxy/install/std_msgs/share/std_msgs/cmake/std_msgs__rosidl_typesupport_introspection_cExport-noconfig.cmake
-- Up-to-date: /home/saitama1/ros2_foxy/install/std_msgs/share/std_msgs/cmake/std_msgs__rosidl_typesupport_cExport.cmake
-- Installing: /home/saitama1/ros2_foxy/install/std_msgs/share/std_msgs/cmake/std_msgs__rosidl_typesupport_cExport-noconfig.cmake
-- Up-to-date: /home/saitama1/ros2_foxy/install/std_msgs/share/std_msgs/cmake/std_msgs__rosidl_generator_cppExport.cmake
-- Up-to-date: /home/saitama1/ros2_foxy/install/std_msgs/share/std_msgs/cmake/std_msgs__rosidl_typesupport_introspection_cppExport.cmake
-- Installing: /home/saitama1/ros2_foxy/install/std_msgs/share/std_msgs/cmake/std_msgs__rosidl_typesupport_introspection_cppExport-noconfig.cmake
-- Up-to-date: /home/saitama1/ros2_foxy/install/std_msgs/share/std_msgs/cmake/std_msgs__rosidl_typesupport_cppExport.cmake
-- Installing: /home/saitama1/ros2_foxy/install/std_msgs/share/std_msgs/cmake/std_msgs__rosidl_typesupport_cppExport-noconfig.cmake
