running egg_info
creating ../../../build/rqt_publisher/rqt_publisher.egg-info
writing ../../../build/rqt_publisher/rqt_publisher.egg-info/PKG-INFO
writing dependency_links to ../../../build/rqt_publisher/rqt_publisher.egg-info/dependency_links.txt
writing entry points to ../../../build/rqt_publisher/rqt_publisher.egg-info/entry_points.txt
writing requirements to ../../../build/rqt_publisher/rqt_publisher.egg-info/requires.txt
writing top-level names to ../../../build/rqt_publisher/rqt_publisher.egg-info/top_level.txt
writing manifest file '../../../build/rqt_publisher/rqt_publisher.egg-info/SOURCES.txt'
reading manifest file '../../../build/rqt_publisher/rqt_publisher.egg-info/SOURCES.txt'
writing manifest file '../../../build/rqt_publisher/rqt_publisher.egg-info/SOURCES.txt'
running build
running build_py
creating /home/saitama1/Pictures/ros2-picas/ros2_foxy/build/rqt_publisher/build
creating /home/saitama1/Pictures/ros2-picas/ros2_foxy/build/rqt_publisher/build/lib
creating /home/saitama1/Pictures/ros2-picas/ros2_foxy/build/rqt_publisher/build/lib/rqt_publisher
copying src/rqt_publisher/publisher_tree_widget.py -> /home/saitama1/Pictures/ros2-picas/ros2_foxy/build/rqt_publisher/build/lib/rqt_publisher
copying src/rqt_publisher/publisher_widget.py -> /home/saitama1/Pictures/ros2-picas/ros2_foxy/build/rqt_publisher/build/lib/rqt_publisher
copying src/rqt_publisher/publisher.py -> /home/saitama1/Pictures/ros2-picas/ros2_foxy/build/rqt_publisher/build/lib/rqt_publisher
copying src/rqt_publisher/__init__.py -> /home/saitama1/Pictures/ros2-picas/ros2_foxy/build/rqt_publisher/build/lib/rqt_publisher
copying src/rqt_publisher/main.py -> /home/saitama1/Pictures/ros2-picas/ros2_foxy/build/rqt_publisher/build/lib/rqt_publisher
copying src/rqt_publisher/publisher_tree_model.py -> /home/saitama1/Pictures/ros2-picas/ros2_foxy/build/rqt_publisher/build/lib/rqt_publisher
running install
running install_lib
creating /home/saitama1/Pictures/ros2-picas/ros2_foxy/install/rqt_publisher/lib/python3.8/site-packages/rqt_publisher
copying /home/saitama1/Pictures/ros2-picas/ros2_foxy/build/rqt_publisher/build/lib/rqt_publisher/publisher_tree_widget.py -> /home/saitama1/Pictures/ros2-picas/ros2_foxy/install/rqt_publisher/lib/python3.8/site-packages/rqt_publisher
copying /home/saitama1/Pictures/ros2-picas/ros2_foxy/build/rqt_publisher/build/lib/rqt_publisher/publisher_widget.py -> /home/saitama1/Pictures/ros2-picas/ros2_foxy/install/rqt_publisher/lib/python3.8/site-packages/rqt_publisher
copying /home/saitama1/Pictures/ros2-picas/ros2_foxy/build/rqt_publisher/build/lib/rqt_publisher/publisher.py -> /home/saitama1/Pictures/ros2-picas/ros2_foxy/install/rqt_publisher/lib/python3.8/site-packages/rqt_publisher
copying /home/saitama1/Pictures/ros2-picas/ros2_foxy/build/rqt_publisher/build/lib/rqt_publisher/__init__.py -> /home/saitama1/Pictures/ros2-picas/ros2_foxy/install/rqt_publisher/lib/python3.8/site-packages/rqt_publisher
copying /home/saitama1/Pictures/ros2-picas/ros2_foxy/build/rqt_publisher/build/lib/rqt_publisher/main.py -> /home/saitama1/Pictures/ros2-picas/ros2_foxy/install/rqt_publisher/lib/python3.8/site-packages/rqt_publisher
copying /home/saitama1/Pictures/ros2-picas/ros2_foxy/build/rqt_publisher/build/lib/rqt_publisher/publisher_tree_model.py -> /home/saitama1/Pictures/ros2-picas/ros2_foxy/install/rqt_publisher/lib/python3.8/site-packages/rqt_publisher
byte-compiling /home/saitama1/Pictures/ros2-picas/ros2_foxy/install/rqt_publisher/lib/python3.8/site-packages/rqt_publisher/publisher_tree_widget.py to publisher_tree_widget.cpython-38.pyc
byte-compiling /home/saitama1/Pictures/ros2-picas/ros2_foxy/install/rqt_publisher/lib/python3.8/site-packages/rqt_publisher/publisher_widget.py to publisher_widget.cpython-38.pyc
byte-compiling /home/saitama1/Pictures/ros2-picas/ros2_foxy/install/rqt_publisher/lib/python3.8/site-packages/rqt_publisher/publisher.py to publisher.cpython-38.pyc
byte-compiling /home/saitama1/Pictures/ros2-picas/ros2_foxy/install/rqt_publisher/lib/python3.8/site-packages/rqt_publisher/__init__.py to __init__.cpython-38.pyc
byte-compiling /home/saitama1/Pictures/ros2-picas/ros2_foxy/install/rqt_publisher/lib/python3.8/site-packages/rqt_publisher/main.py to main.cpython-38.pyc
byte-compiling /home/saitama1/Pictures/ros2-picas/ros2_foxy/install/rqt_publisher/lib/python3.8/site-packages/rqt_publisher/publisher_tree_model.py to publisher_tree_model.cpython-38.pyc
running install_data
running install_egg_info
Copying ../../../build/rqt_publisher/rqt_publisher.egg-info to /home/saitama1/Pictures/ros2-picas/ros2_foxy/install/rqt_publisher/lib/python3.8/site-packages/rqt_publisher-1.1.3-py3.8.egg-info
running install_scripts
Installing rqt_publisher script to /home/saitama1/Pictures/ros2-picas/ros2_foxy/install/rqt_publisher/lib/rqt_publisher
writing list of installed files to '/home/saitama1/Pictures/ros2-picas/ros2_foxy/build/rqt_publisher/install.log'
