-- The C compiler identification is GNU 9.3.0
-- The CXX compiler identification is GNU 9.3.0
-- Check for working C compiler: /usr/bin/cc
-- Check for working C compiler: /usr/bin/cc -- works
-- Detecting C compiler ABI info
-- Detecting C compiler ABI info - done
-- Detecting C compile features
-- Detecting C compile features - done
-- Check for working CXX compiler: /usr/bin/c++
-- Check for working CXX compiler: /usr/bin/c++ -- works
-- Detecting CXX compiler ABI info
-- Detecting CXX compiler ABI info - done
-- Detecting CXX compile features
-- Detecting CXX compile features - done
-- Found ament_cmake: 0.9.8 (/home/saitama1/ros2_foxy/install/ament_cmake/share/ament_cmake/cmake)
-- Found PythonInterp: /usr/bin/python3 (found suitable version "3.8.10", minimum required is "3") 
-- Using PYTHON_EXECUTABLE: /usr/bin/python3
-- Found SQLite3. Using SQLite3 from system.
-- Configuring done
-- Generating done
-- Build files have been written to: /home/saitama1/ros2_foxy/build/sqlite3_vendor
-- Install configuration: ""
-- Installing: /home/saitama1/ros2_foxy/install/sqlite3_vendor/share/sqlite3_vendor/cmake
-- Installing: /home/saitama1/ros2_foxy/install/sqlite3_vendor/share/sqlite3_vendor/cmake/Modules
-- Installing: /home/saitama1/ros2_foxy/install/sqlite3_vendor/share/sqlite3_vendor/cmake/Modules/FindSQLite3.cmake
-- Installing: /home/saitama1/ros2_foxy/install/sqlite3_vendor/share/ament_index/resource_index/package_run_dependencies/sqlite3_vendor
-- Installing: /home/saitama1/ros2_foxy/install/sqlite3_vendor/share/ament_index/resource_index/parent_prefix_path/sqlite3_vendor
-- Installing: /home/saitama1/ros2_foxy/install/sqlite3_vendor/share/sqlite3_vendor/environment/ament_prefix_path.sh
-- Installing: /home/saitama1/ros2_foxy/install/sqlite3_vendor/share/sqlite3_vendor/environment/ament_prefix_path.dsv
-- Installing: /home/saitama1/ros2_foxy/install/sqlite3_vendor/share/sqlite3_vendor/environment/path.sh
-- Installing: /home/saitama1/ros2_foxy/install/sqlite3_vendor/share/sqlite3_vendor/environment/path.dsv
-- Installing: /home/saitama1/ros2_foxy/install/sqlite3_vendor/share/sqlite3_vendor/local_setup.bash
-- Installing: /home/saitama1/ros2_foxy/install/sqlite3_vendor/share/sqlite3_vendor/local_setup.sh
-- Installing: /home/saitama1/ros2_foxy/install/sqlite3_vendor/share/sqlite3_vendor/local_setup.zsh
-- Installing: /home/saitama1/ros2_foxy/install/sqlite3_vendor/share/sqlite3_vendor/local_setup.dsv
-- Installing: /home/saitama1/ros2_foxy/install/sqlite3_vendor/share/sqlite3_vendor/package.dsv
-- Installing: /home/saitama1/ros2_foxy/install/sqlite3_vendor/share/ament_index/resource_index/packages/sqlite3_vendor
-- Installing: /home/saitama1/ros2_foxy/install/sqlite3_vendor/share/sqlite3_vendor/cmake/sqlite3_vendor-extras.cmake
-- Installing: /home/saitama1/ros2_foxy/install/sqlite3_vendor/share/sqlite3_vendor/cmake/sqlite3_vendorConfig.cmake
-- Installing: /home/saitama1/ros2_foxy/install/sqlite3_vendor/share/sqlite3_vendor/cmake/sqlite3_vendorConfig-version.cmake
-- Installing: /home/saitama1/ros2_foxy/install/sqlite3_vendor/share/sqlite3_vendor/package.xml
