[ 35%] Built target lanelet2_python-lanelet2-routing-pyapi
[ 35%] Built target lanelet2_python-lanelet2-traffic_rules-pyapi
[ 42%] Built target lanelet2_python-lanelet2-projection-pyapi
[ 57%] Built target lanelet2_python-lanelet2-core-pyapi
[ 71%] Built target lanelet2_python-lanelet2-matching-pyapi
[ 85%] Built target lanelet2_python-lanelet2-geometry-pyapi
[100%] Built target lanelet2_python-lanelet2-io-pyapi
[100%] Built target tests_lanelet2_python
[100%] Built target tests
-- Install configuration: ""
-- Execute custom install script
-- Up-to-date symlink: /home/saitama1/ros2_foxy/install/lanelet2_python/share/lanelet2_python/environment/pythonpath.sh
-- Up-to-date symlink: /home/saitama1/ros2_foxy/install/lanelet2_python/share/lanelet2_python/environment/pythonpath.dsv
-- Up-to-date symlink: /home/saitama1/ros2_foxy/install/lanelet2_python/lib/python3.8/site-packages/lanelet2/__init__.py
-- Up-to-date symlink: /home/saitama1/ros2_foxy/install/lanelet2_python/lib/python3.8/site-packages/lanelet2/core.so
-- Up-to-date symlink: /home/saitama1/ros2_foxy/install/lanelet2_python/lib/python3.8/site-packages/lanelet2/geometry.so
-- Up-to-date symlink: /home/saitama1/ros2_foxy/install/lanelet2_python/lib/python3.8/site-packages/lanelet2/io.so
-- Up-to-date symlink: /home/saitama1/ros2_foxy/install/lanelet2_python/lib/python3.8/site-packages/lanelet2/matching.so
-- Up-to-date symlink: /home/saitama1/ros2_foxy/install/lanelet2_python/lib/python3.8/site-packages/lanelet2/projection.so
-- Up-to-date symlink: /home/saitama1/ros2_foxy/install/lanelet2_python/lib/python3.8/site-packages/lanelet2/routing.so
-- Up-to-date symlink: /home/saitama1/ros2_foxy/install/lanelet2_python/lib/python3.8/site-packages/lanelet2/traffic_rules.so
-- Up-to-date symlink: /home/saitama1/ros2_foxy/install/lanelet2_python/lib/lanelet2_python/create_debug_routing_graph.py
-- Up-to-date symlink: /home/saitama1/ros2_foxy/install/lanelet2_python/lib/lanelet2_python/make_ids_positive.py
-- Up-to-date symlink: /home/saitama1/ros2_foxy/install/lanelet2_python/lib/lanelet2_python/print_ids.py
-- Up-to-date symlink: /home/saitama1/ros2_foxy/install/lanelet2_python/share/lanelet2_python/cmake/lanelet2_pythonConfigVersion.cmake
-- Up-to-date symlink: /home/saitama1/ros2_foxy/install/lanelet2_python/share/lanelet2_python/cmake/lanelet2_pythonConfig.cmake
-- Up-to-date symlink: /home/saitama1/ros2_foxy/install/lanelet2_python/share/lanelet2_python/cmake/auto_dep_vars.cmake
-- Up-to-date symlink: /home/saitama1/ros2_foxy/install/lanelet2_python/share/lanelet2_python/cmake/lanelet2_pythonAutoDepsConfig.cmake
-- Up-to-date symlink: /home/saitama1/ros2_foxy/install/lanelet2_python/share/lanelet2_python/package.xml
-- Up-to-date symlink: /home/saitama1/ros2_foxy/install/lanelet2_python/share/ament_index/resource_index/package_run_dependencies/lanelet2_python
-- Up-to-date symlink: /home/saitama1/ros2_foxy/install/lanelet2_python/share/ament_index/resource_index/parent_prefix_path/lanelet2_python
-- Up-to-date symlink: /home/saitama1/ros2_foxy/install/lanelet2_python/share/lanelet2_python/environment/ament_prefix_path.sh
-- Up-to-date symlink: /home/saitama1/ros2_foxy/install/lanelet2_python/share/lanelet2_python/environment/ament_prefix_path.dsv
-- Up-to-date symlink: /home/saitama1/ros2_foxy/install/lanelet2_python/share/lanelet2_python/environment/path.sh
-- Up-to-date symlink: /home/saitama1/ros2_foxy/install/lanelet2_python/share/lanelet2_python/environment/path.dsv
-- Up-to-date symlink: /home/saitama1/ros2_foxy/install/lanelet2_python/share/lanelet2_python/local_setup.bash
-- Up-to-date symlink: /home/saitama1/ros2_foxy/install/lanelet2_python/share/lanelet2_python/local_setup.sh
-- Up-to-date symlink: /home/saitama1/ros2_foxy/install/lanelet2_python/share/lanelet2_python/local_setup.zsh
-- Up-to-date symlink: /home/saitama1/ros2_foxy/install/lanelet2_python/share/lanelet2_python/local_setup.dsv
-- Symlinking: /home/saitama1/ros2_foxy/install/lanelet2_python/share/lanelet2_python/package.dsv
-- Up-to-date symlink: /home/saitama1/ros2_foxy/install/lanelet2_python/share/ament_index/resource_index/packages/lanelet2_python
-- Up-to-date: /home/saitama1/ros2_foxy/install/lanelet2_python/include/lanelet2_python
-- Up-to-date: /home/saitama1/ros2_foxy/install/lanelet2_python/include/lanelet2_python/internal
-- Up-to-date: /home/saitama1/ros2_foxy/install/lanelet2_python/include/lanelet2_python/internal/converter.h
-- Up-to-date: /home/saitama1/ros2_foxy/install/lanelet2_python/share/lanelet2_python/cmake/lanelet2_pythonTargets.cmake
