[01m[K/home/saitama1/ros2_foxy/src/ros2/rclcpp/rclcpp/src/rclcpp/executor.cpp:[m[K In member function ‘[01m[Kbool rclcpp::Executor::get_next_executable(rclcpp::AnyExecutable&, std::chrono::nanoseconds)[m[K’:
[01m[K/home/saitama1/ros2_foxy/src/ros2/rclcpp/rclcpp/src/rclcpp/executor.cpp:711:1:[m[K [01;31m[Kerror: [m[Kexpected ‘[01m[K}[m[K’ at end of input
  711 | [01;31m[K}[m[K
      | [01;31m[K^[m[K
[01m[K/home/saitama1/ros2_foxy/src/ros2/rclcpp/rclcpp/src/rclcpp/executor.cpp:676:1:[m[K [01;36m[Knote: [m[Kto match this ‘[01m[K{[m[K’
  676 | [01;36m[K{[m[K
      | [01;36m[K^[m[K
[01m[K/home/saitama1/ros2_foxy/src/ros2/rclcpp/rclcpp/src/rclcpp/executors/single_threaded_executor.cpp:[m[K In function ‘[01m[Kint sched_setattr(pid_t, const sched_attr*, unsigned int)[m[K’:
[01m[K/home/saitama1/ros2_foxy/src/ros2/rclcpp/rclcpp/src/rclcpp/executors/single_threaded_executor.cpp:63:17:[m[K [01;35m[Kwarning: [m[Kconversion from ‘[01m[Klong int[m[K’ to ‘[01m[Kint[m[K’ may change value [[01;35m[K-Wconversion[m[K]
   63 |   return [01;35m[Ksyscall(__NR_sched_setattr, pid, attr, flags)[m[K;
      |          [01;35m[K~~~~~~~^~~~~~~~~~~~~~~~~~~~~~~~~~~~~~~~~~~~~~[m[K
[01m[K/home/saitama1/ros2_foxy/src/ros2/rclcpp/rclcpp/src/rclcpp/executors/single_threaded_executor.cpp:[m[K In function ‘[01m[Kint sched_getattr(pid_t, sched_attr*, unsigned int, unsigned int)[m[K’:
[01m[K/home/saitama1/ros2_foxy/src/ros2/rclcpp/rclcpp/src/rclcpp/executors/single_threaded_executor.cpp:68:17:[m[K [01;35m[Kwarning: [m[Kconversion from ‘[01m[Klong int[m[K’ to ‘[01m[Kint[m[K’ may change value [[01;35m[K-Wconversion[m[K]
   68 |   return [01;35m[Ksyscall(__NR_sched_getattr, pid, attr, size, flags)[m[K;
      |          [01;35m[K~~~~~~~^~~~~~~~~~~~~~~~~~~~~~~~~~~~~~~~~~~~~~~~~~~~[m[K
[01m[K/home/saitama1/ros2_foxy/src/ros2/rclcpp/rclcpp/src/rclcpp/executors/single_threaded_executor.cpp:[m[K In member function ‘[01m[Kvoid rclcpp::executors::SingleThreadedExecutor::spin_cpu(int)[m[K’:
[01m[K/home/saitama1/ros2_foxy/src/ros2/rclcpp/rclcpp/src/rclcpp/executors/single_threaded_executor.cpp:120:37:[m[K [01;35m[Kwarning: [m[K‘[01m[Kusing AnyExecutable = struct rclcpp::AnyExecutable[m[K’ is deprecated: use rclcpp::AnyExecutable instead [[01;35m[K-Wdeprecated-declarations[m[K]
  120 |     rclcpp::executor::AnyExecutable [01;35m[Kany_executable[m[K;
      |                                     [01;35m[K^~~~~~~~~~~~~~[m[K
In file included from [01m[K/home/saitama1/ros2_foxy/src/ros2/rclcpp/rclcpp/include/rclcpp/memory_strategy.hpp:24[m[K,
                 from [01m[K/home/saitama1/ros2_foxy/src/ros2/rclcpp/rclcpp/include/rclcpp/memory_strategies.hpp:18[m[K,
                 from [01m[K/home/saitama1/ros2_foxy/src/ros2/rclcpp/rclcpp/include/rclcpp/executor_options.hpp:20[m[K,
                 from [01m[K/home/saitama1/ros2_foxy/src/ros2/rclcpp/rclcpp/include/rclcpp/executor.hpp:33[m[K,
                 from [01m[K/home/saitama1/ros2_foxy/src/ros2/rclcpp/rclcpp/include/rclcpp/executors/single_threaded_executor.hpp:25[m[K,
                 from [01m[K/home/saitama1/ros2_foxy/src/ros2/rclcpp/rclcpp/src/rclcpp/executors/single_threaded_executor.cpp:15[m[K:
[01m[K/home/saitama1/ros2_foxy/src/ros2/rclcpp/rclcpp/include/rclcpp/any_executable.hpp:55:7:[m[K [01;36m[Knote: [m[Kdeclared here
   55 | using [01;36m[KAnyExecutable[m[K [[deprecated("use rclcpp::AnyExecutable instead")]] = AnyExecutable;
      |       [01;36m[K^~~~~~~~~~~~~[m[K
[01m[K/home/saitama1/ros2_foxy/src/ros2/rclcpp/rclcpp/src/rclcpp/executors/single_threaded_executor.cpp:[m[K In member function ‘[01m[Kvoid rclcpp::executors::SingleThreadedExecutor::spin_rt()[m[K’:
[01m[K/home/saitama1/ros2_foxy/src/ros2/rclcpp/rclcpp/src/rclcpp/executors/single_threaded_executor.cpp:159:37:[m[K [01;35m[Kwarning: [m[K‘[01m[Kusing AnyExecutable = struct rclcpp::AnyExecutable[m[K’ is deprecated: use rclcpp::AnyExecutable instead [[01;35m[K-Wdeprecated-declarations[m[K]
  159 |     rclcpp::executor::AnyExecutable [01;35m[Kany_executable[m[K;
      |                                     [01;35m[K^~~~~~~~~~~~~~[m[K
In file included from [01m[K/home/saitama1/ros2_foxy/src/ros2/rclcpp/rclcpp/include/rclcpp/memory_strategy.hpp:24[m[K,
                 from [01m[K/home/saitama1/ros2_foxy/src/ros2/rclcpp/rclcpp/include/rclcpp/memory_strategies.hpp:18[m[K,
                 from [01m[K/home/saitama1/ros2_foxy/src/ros2/rclcpp/rclcpp/include/rclcpp/executor_options.hpp:20[m[K,
                 from [01m[K/home/saitama1/ros2_foxy/src/ros2/rclcpp/rclcpp/include/rclcpp/executor.hpp:33[m[K,
                 from [01m[K/home/saitama1/ros2_foxy/src/ros2/rclcpp/rclcpp/include/rclcpp/executors/single_threaded_executor.hpp:25[m[K,
                 from [01m[K/home/saitama1/ros2_foxy/src/ros2/rclcpp/rclcpp/src/rclcpp/executors/single_threaded_executor.cpp:15[m[K:
[01m[K/home/saitama1/ros2_foxy/src/ros2/rclcpp/rclcpp/include/rclcpp/any_executable.hpp:55:7:[m[K [01;36m[Knote: [m[Kdeclared here
   55 | using [01;36m[KAnyExecutable[m[K [[deprecated("use rclcpp::AnyExecutable instead")]] = AnyExecutable;
      |       [01;36m[K^~~~~~~~~~~~~[m[K
[01m[K/home/saitama1/ros2_foxy/src/ros2/rclcpp/rclcpp/src/rclcpp/executors/single_threaded_executor.cpp:[m[K In member function ‘[01m[Kvoid rclcpp::executors::SingleThreadedExecutor::spin_deadline(int, int, int)[m[K’:
[01m[K/home/saitama1/ros2_foxy/src/ros2/rclcpp/rclcpp/src/rclcpp/executors/single_threaded_executor.cpp:180:9:[m[K [01;35m[Kwarning: [m[Kunused variable ‘[01m[Kx[m[K’ [[01;35m[K-Wunused-variable[m[K]
  180 |     int [01;35m[Kx[m[K = 0, ret;
      |         [01;35m[K^[m[K
[01m[K/home/saitama1/ros2_foxy/src/ros2/rclcpp/rclcpp/src/rclcpp/executors/single_threaded_executor.cpp:207:37:[m[K [01;35m[Kwarning: [m[K‘[01m[Kusing AnyExecutable = struct rclcpp::AnyExecutable[m[K’ is deprecated: use rclcpp::AnyExecutable instead [[01;35m[K-Wdeprecated-declarations[m[K]
  207 |     rclcpp::executor::AnyExecutable [01;35m[Kany_executable[m[K;
      |                                     [01;35m[K^~~~~~~~~~~~~~[m[K
In file included from [01m[K/home/saitama1/ros2_foxy/src/ros2/rclcpp/rclcpp/include/rclcpp/memory_strategy.hpp:24[m[K,
                 from [01m[K/home/saitama1/ros2_foxy/src/ros2/rclcpp/rclcpp/include/rclcpp/memory_strategies.hpp:18[m[K,
                 from [01m[K/home/saitama1/ros2_foxy/src/ros2/rclcpp/rclcpp/include/rclcpp/executor_options.hpp:20[m[K,
                 from [01m[K/home/saitama1/ros2_foxy/src/ros2/rclcpp/rclcpp/include/rclcpp/executor.hpp:33[m[K,
                 from [01m[K/home/saitama1/ros2_foxy/src/ros2/rclcpp/rclcpp/include/rclcpp/executors/single_threaded_executor.hpp:25[m[K,
                 from [01m[K/home/saitama1/ros2_foxy/src/ros2/rclcpp/rclcpp/src/rclcpp/executors/single_threaded_executor.cpp:15[m[K:
[01m[K/home/saitama1/ros2_foxy/src/ros2/rclcpp/rclcpp/include/rclcpp/any_executable.hpp:55:7:[m[K [01;36m[Knote: [m[Kdeclared here
   55 | using [01;36m[KAnyExecutable[m[K [[deprecated("use rclcpp::AnyExecutable instead")]] = AnyExecutable;
      |       [01;36m[K^~~~~~~~~~~~~[m[K
[01m[K/home/saitama1/ros2_foxy/src/ros2/rclcpp/rclcpp/src/rclcpp/executor.cpp:711:1:[m[K [01;35m[Kwarning: [m[Kcontrol reaches end of non-void function [[01;35m[K-Wreturn-type[m[K]
  711 | [01;35m[K}[m[K
      | [01;35m[K^[m[K
make[2]: *** [CMakeFiles/rclcpp.dir/build.make:363: CMakeFiles/rclcpp.dir/src/rclcpp/executor.cpp.o] Error 1
make[2]: *** Waiting for unfinished jobs....
make[1]: *** [CMakeFiles/Makefile2:413: CMakeFiles/rclcpp.dir/all] Error 2
make: *** [Makefile:141: all] Error 2
