-- Found ament_cmake: 0.9.8 (/home/saitama1/ros2_foxy/install/ament_cmake/share/ament_cmake/cmake)
-- Found PythonInterp: /usr/bin/python3 (found suitable version "3.8.10", minimum required is "3") 
-- Using PYTHON_EXECUTABLE: /usr/bin/python3
-- Override CMake install command with custom implementation using symlinks instead of copying resources
-- Found rosidl_default_generators: 1.0.1 (/home/saitama1/ros2_foxy/install/rosidl_default_generators/share/rosidl_default_generators/cmake)
-- Using all available rosidl_typesupport_c: rosidl_typesupport_introspection_c;rosidl_typesupport_fastrtps_c
-- Found rosidl_adapter: 1.2.1 (/home/saitama1/ros2_foxy/install/rosidl_adapter/share/rosidl_adapter/cmake)
-- Using all available rosidl_typesupport_cpp: rosidl_typesupport_introspection_cpp;rosidl_typesupport_fastrtps_cpp
-- Found rcl_interfaces: 1.0.0 (/home/saitama1/ros2_foxy/install/rcl_interfaces/share/rcl_interfaces/cmake)
-- Found PythonInterp: /usr/bin/python3 (found version "3.8.10") 
-- Found ament_cmake_cppcheck: 0.9.6 (/home/saitama1/ros2_foxy/install/ament_cmake_cppcheck/share/ament_cmake_cppcheck/cmake)
-- Found ament_cmake_cpplint: 0.9.6 (/home/saitama1/ros2_foxy/install/ament_cmake_cpplint/share/ament_cmake_cpplint/cmake)
-- Found ament_cmake_uncrustify: 0.9.6 (/home/saitama1/ros2_foxy/install/ament_cmake_uncrustify/share/ament_cmake_uncrustify/cmake)
-- Found ament_cmake_ros: 0.9.2 (/home/saitama1/ros2_foxy/install/ament_cmake_ros/share/ament_cmake_ros/cmake)
-- Using all available rosidl_typesupport_c: rosidl_typesupport_introspection_c;rosidl_typesupport_fastrtps_c
-- Using all available rosidl_typesupport_cpp: rosidl_typesupport_introspection_cpp;rosidl_typesupport_fastrtps_cpp
-- Found PythonInterp: /usr/bin/python3 (found suitable version "3.8.10", minimum required is "3.5") 
-- Found python_cmake_module: 0.8.1 (/home/saitama1/ros2_foxy/install/python_cmake_module/share/python_cmake_module/cmake)
-- Using PYTHON_EXECUTABLE: /usr/bin/python3
-- Using PYTHON_INCLUDE_DIRS: /usr/include/python3.8
-- Using PYTHON_LIBRARIES: /usr/lib/x86_64-linux-gnu/libpython3.8.so
-- Found ament_cmake_flake8: 0.9.6 (/home/saitama1/ros2_foxy/install/ament_cmake_flake8/share/ament_cmake_flake8/cmake)
-- Found ament_cmake_pep257: 0.9.6 (/home/saitama1/ros2_foxy/install/ament_cmake_pep257/share/ament_cmake_pep257/cmake)
-- Configuring done
-- Generating done
-- Build files have been written to: /home/saitama1/ros2_foxy/build/composition_interfaces
[  2%] [34m[1mGenerating C code for ROS interfaces[0m
[35m[1mScanning dependencies of target composition_interfaces__rosidl_generator_c[0m
[  4%] [32mBuilding C object CMakeFiles/composition_interfaces__rosidl_generator_c.dir/rosidl_generator_c/composition_interfaces/srv/detail/load_node__functions.c.o[0m
[  6%] [32mBuilding C object CMakeFiles/composition_interfaces__rosidl_generator_c.dir/rosidl_generator_c/composition_interfaces/srv/detail/unload_node__functions.c.o[0m
[  8%] [32mBuilding C object CMakeFiles/composition_interfaces__rosidl_generator_c.dir/rosidl_generator_c/composition_interfaces/srv/detail/list_nodes__functions.c.o[0m
[ 10%] [32m[1mLinking C shared library libcomposition_interfaces__rosidl_generator_c.so[0m
[ 10%] Built target composition_interfaces__rosidl_generator_c
[ 12%] [34m[1mGenerating C++ code for ROS interfaces[0m
[ 12%] Built target composition_interfaces__cpp
[ 14%] [34m[1mGenerating C introspection for ROS interfaces[0m
[35m[1mScanning dependencies of target composition_interfaces__rosidl_typesupport_introspection_c[0m
[ 17%] [32mBuilding C object CMakeFiles/composition_interfaces__rosidl_typesupport_introspection_c.dir/rosidl_typesupport_introspection_c/composition_interfaces/srv/detail/list_nodes__type_support.c.o[0m
[ 19%] [32mBuilding C object CMakeFiles/composition_interfaces__rosidl_typesupport_introspection_c.dir/rosidl_typesupport_introspection_c/composition_interfaces/srv/detail/load_node__type_support.c.o[0m
[ 21%] [32mBuilding C object CMakeFiles/composition_interfaces__rosidl_typesupport_introspection_c.dir/rosidl_typesupport_introspection_c/composition_interfaces/srv/detail/unload_node__type_support.c.o[0m
[ 23%] [32m[1mLinking C shared library libcomposition_interfaces__rosidl_typesupport_introspection_c.so[0m
[ 23%] Built target composition_interfaces__rosidl_typesupport_introspection_c
[ 25%] [34m[1mGenerating C++ type support dispatch for ROS interfaces[0m
[ 27%] [34m[1mGenerating C++ introspection for ROS interfaces[0m
[ 29%] [34m[1mGenerating C++ type support for eProsima Fast-RTPS[0m
[35m[1mScanning dependencies of target composition_interfaces__rosidl_typesupport_cpp[0m
[ 31%] [32mBuilding CXX object CMakeFiles/composition_interfaces__rosidl_typesupport_cpp.dir/rosidl_typesupport_cpp/composition_interfaces/srv/load_node__type_support.cpp.o[0m
[ 34%] [32mBuilding CXX object CMakeFiles/composition_interfaces__rosidl_typesupport_cpp.dir/rosidl_typesupport_cpp/composition_interfaces/srv/unload_node__type_support.cpp.o[0m
[ 36%] [32mBuilding CXX object CMakeFiles/composition_interfaces__rosidl_typesupport_cpp.dir/rosidl_typesupport_cpp/composition_interfaces/srv/list_nodes__type_support.cpp.o[0m
[35m[1mScanning dependencies of target composition_interfaces__rosidl_typesupport_introspection_cpp[0m
[35m[1mScanning dependencies of target composition_interfaces__rosidl_typesupport_fastrtps_cpp[0m
[ 38%] [32mBuilding CXX object CMakeFiles/composition_interfaces__rosidl_typesupport_introspection_cpp.dir/rosidl_typesupport_introspection_cpp/composition_interfaces/srv/detail/list_nodes__type_support.cpp.o[0m
[ 40%] [32mBuilding CXX object CMakeFiles/composition_interfaces__rosidl_typesupport_introspection_cpp.dir/rosidl_typesupport_introspection_cpp/composition_interfaces/srv/detail/unload_node__type_support.cpp.o[0m
[ 42%] [32mBuilding CXX object CMakeFiles/composition_interfaces__rosidl_typesupport_introspection_cpp.dir/rosidl_typesupport_introspection_cpp/composition_interfaces/srv/detail/load_node__type_support.cpp.o[0m
[ 44%] [32mBuilding CXX object CMakeFiles/composition_interfaces__rosidl_typesupport_fastrtps_cpp.dir/rosidl_typesupport_fastrtps_cpp/composition_interfaces/srv/detail/dds_fastrtps/load_node__type_support.cpp.o[0m
[ 46%] [32mBuilding CXX object CMakeFiles/composition_interfaces__rosidl_typesupport_fastrtps_cpp.dir/rosidl_typesupport_fastrtps_cpp/composition_interfaces/srv/detail/dds_fastrtps/list_nodes__type_support.cpp.o[0m
[ 48%] [32mBuilding CXX object CMakeFiles/composition_interfaces__rosidl_typesupport_fastrtps_cpp.dir/rosidl_typesupport_fastrtps_cpp/composition_interfaces/srv/detail/dds_fastrtps/unload_node__type_support.cpp.o[0m
[ 51%] [32m[1mLinking CXX shared library libcomposition_interfaces__rosidl_typesupport_cpp.so[0m
[ 51%] Built target composition_interfaces__rosidl_typesupport_cpp
[ 53%] [34m[1mGenerating C type support dispatch for ROS interfaces[0m
[ 55%] [32m[1mLinking CXX shared library libcomposition_interfaces__rosidl_typesupport_introspection_cpp.so[0m
[ 55%] Built target composition_interfaces__rosidl_typesupport_introspection_cpp
[ 57%] [32m[1mLinking CXX shared library libcomposition_interfaces__rosidl_typesupport_fastrtps_cpp.so[0m
[ 57%] Built target composition_interfaces__rosidl_typesupport_fastrtps_cpp
[ 59%] [34m[1mGenerating C type support for eProsima Fast-RTPS[0m
[35m[1mScanning dependencies of target composition_interfaces__rosidl_typesupport_c[0m
[ 61%] [32mBuilding CXX object CMakeFiles/composition_interfaces__rosidl_typesupport_c.dir/rosidl_typesupport_c/composition_interfaces/srv/unload_node__type_support.cpp.o[0m
[ 63%] [32mBuilding CXX object CMakeFiles/composition_interfaces__rosidl_typesupport_c.dir/rosidl_typesupport_c/composition_interfaces/srv/list_nodes__type_support.cpp.o[0m
[ 65%] [32mBuilding CXX object CMakeFiles/composition_interfaces__rosidl_typesupport_c.dir/rosidl_typesupport_c/composition_interfaces/srv/load_node__type_support.cpp.o[0m
[ 68%] [32m[1mLinking CXX shared library libcomposition_interfaces__rosidl_typesupport_c.so[0m
[ 68%] Built target composition_interfaces__rosidl_typesupport_c
[35m[1mScanning dependencies of target composition_interfaces__rosidl_typesupport_fastrtps_c[0m
[ 70%] [32mBuilding CXX object CMakeFiles/composition_interfaces__rosidl_typesupport_fastrtps_c.dir/rosidl_typesupport_fastrtps_c/composition_interfaces/srv/detail/list_nodes__type_support_c.cpp.o[0m
[ 72%] [32mBuilding CXX object CMakeFiles/composition_interfaces__rosidl_typesupport_fastrtps_c.dir/rosidl_typesupport_fastrtps_c/composition_interfaces/srv/detail/load_node__type_support_c.cpp.o[0m
[ 74%] [32mBuilding CXX object CMakeFiles/composition_interfaces__rosidl_typesupport_fastrtps_c.dir/rosidl_typesupport_fastrtps_c/composition_interfaces/srv/detail/unload_node__type_support_c.cpp.o[0m
[ 76%] [32m[1mLinking CXX shared library libcomposition_interfaces__rosidl_typesupport_fastrtps_c.so[0m
[ 76%] Built target composition_interfaces__rosidl_typesupport_fastrtps_c
[ 76%] Built target composition_interfaces
[ 78%] [34m[1mGenerating Python code for ROS interfaces[0m
[ 78%] Built target composition_interfaces__py
[35m[1mScanning dependencies of target composition_interfaces__python[0m
[ 80%] [32mBuilding C object CMakeFiles/composition_interfaces__python.dir/rosidl_generator_py/composition_interfaces/srv/_load_node_s.c.o[0m
[ 82%] [32mBuilding C object CMakeFiles/composition_interfaces__python.dir/rosidl_generator_py/composition_interfaces/srv/_unload_node_s.c.o[0m
[ 85%] [32mBuilding C object CMakeFiles/composition_interfaces__python.dir/rosidl_generator_py/composition_interfaces/srv/_list_nodes_s.c.o[0m
[ 87%] [32m[1mLinking C shared library rosidl_generator_py/composition_interfaces/libcomposition_interfaces__python.so[0m
[ 87%] Built target composition_interfaces__python
[35m[1mScanning dependencies of target composition_interfaces__rosidl_typesupport_fastrtps_c__pyext[0m
[35m[1mScanning dependencies of target composition_interfaces__rosidl_typesupport_c__pyext[0m
[35m[1mScanning dependencies of target composition_interfaces__rosidl_typesupport_introspection_c__pyext[0m
[ 89%] [32mBuilding C object CMakeFiles/composition_interfaces__rosidl_typesupport_c__pyext.dir/rosidl_generator_py/composition_interfaces/_composition_interfaces_s.ep.rosidl_typesupport_c.c.o[0m
[ 91%] [32mBuilding C object CMakeFiles/composition_interfaces__rosidl_typesupport_fastrtps_c__pyext.dir/rosidl_generator_py/composition_interfaces/_composition_interfaces_s.ep.rosidl_typesupport_fastrtps_c.c.o[0m
[ 93%] [32mBuilding C object CMakeFiles/composition_interfaces__rosidl_typesupport_introspection_c__pyext.dir/rosidl_generator_py/composition_interfaces/_composition_interfaces_s.ep.rosidl_typesupport_introspection_c.c.o[0m
[ 95%] [32m[1mLinking C shared library rosidl_generator_py/composition_interfaces/composition_interfaces_s__rosidl_typesupport_c.cpython-38-x86_64-linux-gnu.so[0m
[ 97%] [32m[1mLinking C shared library rosidl_generator_py/composition_interfaces/composition_interfaces_s__rosidl_typesupport_introspection_c.cpython-38-x86_64-linux-gnu.so[0m
[100%] [32m[1mLinking CXX shared library rosidl_generator_py/composition_interfaces/composition_interfaces_s__rosidl_typesupport_fastrtps_c.cpython-38-x86_64-linux-gnu.so[0m
[100%] Built target composition_interfaces__rosidl_typesupport_c__pyext
[100%] Built target composition_interfaces__rosidl_typesupport_introspection_c__pyext
[100%] Built target composition_interfaces__rosidl_typesupport_fastrtps_c__pyext
-- Install configuration: ""
-- Execute custom install script
-- Up-to-date symlink: /home/saitama1/ros2_foxy/install/composition_interfaces/share/ament_index/resource_index/rosidl_interfaces/composition_interfaces
-- Up-to-date symlink: /home/saitama1/ros2_foxy/install/composition_interfaces/include/composition_interfaces/msg/rosidl_generator_c__visibility_control.h
-- Up-to-date symlink: /home/saitama1/ros2_foxy/install/composition_interfaces/include/composition_interfaces/srv/detail/list_nodes__functions.h
-- Up-to-date symlink: /home/saitama1/ros2_foxy/install/composition_interfaces/include/composition_interfaces/srv/detail/list_nodes__struct.h
-- Up-to-date symlink: /home/saitama1/ros2_foxy/install/composition_interfaces/include/composition_interfaces/srv/detail/list_nodes__type_support.h
-- Up-to-date symlink: /home/saitama1/ros2_foxy/install/composition_interfaces/include/composition_interfaces/srv/detail/load_node__functions.h
-- Up-to-date symlink: /home/saitama1/ros2_foxy/install/composition_interfaces/include/composition_interfaces/srv/detail/load_node__struct.h
-- Up-to-date symlink: /home/saitama1/ros2_foxy/install/composition_interfaces/include/composition_interfaces/srv/detail/load_node__type_support.h
-- Up-to-date symlink: /home/saitama1/ros2_foxy/install/composition_interfaces/include/composition_interfaces/srv/detail/unload_node__functions.h
-- Up-to-date symlink: /home/saitama1/ros2_foxy/install/composition_interfaces/include/composition_interfaces/srv/detail/unload_node__struct.h
-- Up-to-date symlink: /home/saitama1/ros2_foxy/install/composition_interfaces/include/composition_interfaces/srv/detail/unload_node__type_support.h
-- Up-to-date symlink: /home/saitama1/ros2_foxy/install/composition_interfaces/include/composition_interfaces/srv/list_nodes.h
-- Up-to-date symlink: /home/saitama1/ros2_foxy/install/composition_interfaces/include/composition_interfaces/srv/load_node.h
-- Up-to-date symlink: /home/saitama1/ros2_foxy/install/composition_interfaces/include/composition_interfaces/srv/unload_node.h
-- Up-to-date symlink: /home/saitama1/ros2_foxy/install/composition_interfaces/share/composition_interfaces/environment/library_path.sh
-- Up-to-date symlink: /home/saitama1/ros2_foxy/install/composition_interfaces/share/composition_interfaces/environment/library_path.dsv
-- Up-to-date symlink: /home/saitama1/ros2_foxy/install/composition_interfaces/include/composition_interfaces/msg/rosidl_typesupport_introspection_c__visibility_control.h
-- Up-to-date symlink: /home/saitama1/ros2_foxy/install/composition_interfaces/include/composition_interfaces/srv/detail/list_nodes__rosidl_typesupport_introspection_c.h
-- Up-to-date symlink: /home/saitama1/ros2_foxy/install/composition_interfaces/include/composition_interfaces/srv/detail/load_node__rosidl_typesupport_introspection_c.h
-- Up-to-date symlink: /home/saitama1/ros2_foxy/install/composition_interfaces/include/composition_interfaces/srv/detail/unload_node__rosidl_typesupport_introspection_c.h
-- Up-to-date symlink: /home/saitama1/ros2_foxy/install/composition_interfaces/include/composition_interfaces/msg/rosidl_typesupport_fastrtps_c__visibility_control.h
-- Up-to-date symlink: /home/saitama1/ros2_foxy/install/composition_interfaces/include/composition_interfaces/srv/detail/list_nodes__rosidl_typesupport_fastrtps_c.h
-- Up-to-date symlink: /home/saitama1/ros2_foxy/install/composition_interfaces/include/composition_interfaces/srv/detail/load_node__rosidl_typesupport_fastrtps_c.h
-- Up-to-date symlink: /home/saitama1/ros2_foxy/install/composition_interfaces/include/composition_interfaces/srv/detail/unload_node__rosidl_typesupport_fastrtps_c.h
-- Up-to-date symlink: /home/saitama1/ros2_foxy/install/composition_interfaces/lib/libcomposition_interfaces__rosidl_typesupport_fastrtps_c.so
-- Up-to-date symlink: /home/saitama1/ros2_foxy/install/composition_interfaces/include/composition_interfaces/msg/rosidl_typesupport_fastrtps_cpp__visibility_control.h
-- Up-to-date symlink: /home/saitama1/ros2_foxy/install/composition_interfaces/include/composition_interfaces/srv/detail/list_nodes__rosidl_typesupport_fastrtps_cpp.hpp
-- Up-to-date symlink: /home/saitama1/ros2_foxy/install/composition_interfaces/include/composition_interfaces/srv/detail/load_node__rosidl_typesupport_fastrtps_cpp.hpp
-- Up-to-date symlink: /home/saitama1/ros2_foxy/install/composition_interfaces/include/composition_interfaces/srv/detail/unload_node__rosidl_typesupport_fastrtps_cpp.hpp
-- Up-to-date symlink: /home/saitama1/ros2_foxy/install/composition_interfaces/lib/libcomposition_interfaces__rosidl_typesupport_fastrtps_cpp.so
-- Up-to-date symlink: /home/saitama1/ros2_foxy/install/composition_interfaces/include/composition_interfaces/srv/detail/list_nodes__builder.hpp
-- Up-to-date symlink: /home/saitama1/ros2_foxy/install/composition_interfaces/include/composition_interfaces/srv/detail/list_nodes__struct.hpp
-- Up-to-date symlink: /home/saitama1/ros2_foxy/install/composition_interfaces/include/composition_interfaces/srv/detail/list_nodes__traits.hpp
-- Up-to-date symlink: /home/saitama1/ros2_foxy/install/composition_interfaces/include/composition_interfaces/srv/detail/load_node__builder.hpp
-- Up-to-date symlink: /home/saitama1/ros2_foxy/install/composition_interfaces/include/composition_interfaces/srv/detail/load_node__struct.hpp
-- Up-to-date symlink: /home/saitama1/ros2_foxy/install/composition_interfaces/include/composition_interfaces/srv/detail/load_node__traits.hpp
-- Up-to-date symlink: /home/saitama1/ros2_foxy/install/composition_interfaces/include/composition_interfaces/srv/detail/unload_node__builder.hpp
-- Up-to-date symlink: /home/saitama1/ros2_foxy/install/composition_interfaces/include/composition_interfaces/srv/detail/unload_node__struct.hpp
-- Up-to-date symlink: /home/saitama1/ros2_foxy/install/composition_interfaces/include/composition_interfaces/srv/detail/unload_node__traits.hpp
-- Up-to-date symlink: /home/saitama1/ros2_foxy/install/composition_interfaces/include/composition_interfaces/srv/list_nodes.hpp
-- Up-to-date symlink: /home/saitama1/ros2_foxy/install/composition_interfaces/include/composition_interfaces/srv/load_node.hpp
-- Up-to-date symlink: /home/saitama1/ros2_foxy/install/composition_interfaces/include/composition_interfaces/srv/unload_node.hpp
-- Up-to-date symlink: /home/saitama1/ros2_foxy/install/composition_interfaces/include/composition_interfaces/srv/detail/list_nodes__rosidl_typesupport_introspection_cpp.hpp
-- Up-to-date symlink: /home/saitama1/ros2_foxy/install/composition_interfaces/include/composition_interfaces/srv/detail/load_node__rosidl_typesupport_introspection_cpp.hpp
-- Up-to-date symlink: /home/saitama1/ros2_foxy/install/composition_interfaces/include/composition_interfaces/srv/detail/unload_node__rosidl_typesupport_introspection_cpp.hpp
-- Up-to-date symlink: /home/saitama1/ros2_foxy/install/composition_interfaces/share/composition_interfaces/environment/pythonpath.sh
-- Up-to-date symlink: /home/saitama1/ros2_foxy/install/composition_interfaces/share/composition_interfaces/environment/pythonpath.dsv
-- Up-to-date symlink: /home/saitama1/ros2_foxy/install/composition_interfaces/lib/python3.8/site-packages/composition_interfaces/__init__.py
-- Up-to-date symlink: /home/saitama1/ros2_foxy/install/composition_interfaces/lib/python3.8/site-packages/composition_interfaces/srv/__init__.py
-- Up-to-date symlink: /home/saitama1/ros2_foxy/install/composition_interfaces/lib/python3.8/site-packages/composition_interfaces/srv/_list_nodes.py
-- Up-to-date symlink: /home/saitama1/ros2_foxy/install/composition_interfaces/lib/python3.8/site-packages/composition_interfaces/srv/_load_node.py
-- Up-to-date symlink: /home/saitama1/ros2_foxy/install/composition_interfaces/lib/python3.8/site-packages/composition_interfaces/srv/_unload_node.py
-- Up-to-date symlink: /home/saitama1/ros2_foxy/install/composition_interfaces/lib/python3.8/site-packages/composition_interfaces/composition_interfaces_s__rosidl_typesupport_introspection_c.cpython-38-x86_64-linux-gnu.so
-- Up-to-date symlink: /home/saitama1/ros2_foxy/install/composition_interfaces/lib/python3.8/site-packages/composition_interfaces/composition_interfaces_s__rosidl_typesupport_fastrtps_c.cpython-38-x86_64-linux-gnu.so
-- Up-to-date symlink: /home/saitama1/ros2_foxy/install/composition_interfaces/lib/python3.8/site-packages/composition_interfaces/composition_interfaces_s__rosidl_typesupport_c.cpython-38-x86_64-linux-gnu.so
-- Up-to-date symlink: /home/saitama1/ros2_foxy/install/composition_interfaces/lib/libcomposition_interfaces__python.so
-- Up-to-date symlink: /home/saitama1/ros2_foxy/install/composition_interfaces/share/composition_interfaces/srv/LoadNode.idl
-- Up-to-date symlink: /home/saitama1/ros2_foxy/install/composition_interfaces/share/composition_interfaces/srv/ListNodes.idl
-- Up-to-date symlink: /home/saitama1/ros2_foxy/install/composition_interfaces/share/composition_interfaces/srv/UnloadNode.idl
-- Up-to-date symlink: /home/saitama1/ros2_foxy/install/composition_interfaces/share/composition_interfaces/srv/LoadNode.srv
-- Up-to-date symlink: /home/saitama1/ros2_foxy/install/composition_interfaces/share/composition_interfaces/srv/LoadNode_Request.msg
-- Up-to-date symlink: /home/saitama1/ros2_foxy/install/composition_interfaces/share/composition_interfaces/srv/LoadNode_Response.msg
-- Up-to-date symlink: /home/saitama1/ros2_foxy/install/composition_interfaces/share/composition_interfaces/srv/ListNodes.srv
-- Up-to-date symlink: /home/saitama1/ros2_foxy/install/composition_interfaces/share/composition_interfaces/srv/ListNodes_Request.msg
-- Up-to-date symlink: /home/saitama1/ros2_foxy/install/composition_interfaces/share/composition_interfaces/srv/ListNodes_Response.msg
-- Up-to-date symlink: /home/saitama1/ros2_foxy/install/composition_interfaces/share/composition_interfaces/srv/UnloadNode.srv
-- Up-to-date symlink: /home/saitama1/ros2_foxy/install/composition_interfaces/share/composition_interfaces/srv/UnloadNode_Request.msg
-- Up-to-date symlink: /home/saitama1/ros2_foxy/install/composition_interfaces/share/composition_interfaces/srv/UnloadNode_Response.msg
-- Up-to-date symlink: /home/saitama1/ros2_foxy/install/composition_interfaces/share/ament_index/resource_index/package_run_dependencies/composition_interfaces
-- Up-to-date symlink: /home/saitama1/ros2_foxy/install/composition_interfaces/share/ament_index/resource_index/parent_prefix_path/composition_interfaces
-- Up-to-date symlink: /home/saitama1/ros2_foxy/install/composition_interfaces/share/composition_interfaces/environment/ament_prefix_path.sh
-- Up-to-date symlink: /home/saitama1/ros2_foxy/install/composition_interfaces/share/composition_interfaces/environment/ament_prefix_path.dsv
-- Up-to-date symlink: /home/saitama1/ros2_foxy/install/composition_interfaces/share/composition_interfaces/environment/path.sh
-- Up-to-date symlink: /home/saitama1/ros2_foxy/install/composition_interfaces/share/composition_interfaces/environment/path.dsv
-- Up-to-date symlink: /home/saitama1/ros2_foxy/install/composition_interfaces/share/composition_interfaces/local_setup.bash
-- Up-to-date symlink: /home/saitama1/ros2_foxy/install/composition_interfaces/share/composition_interfaces/local_setup.sh
-- Up-to-date symlink: /home/saitama1/ros2_foxy/install/composition_interfaces/share/composition_interfaces/local_setup.zsh
-- Up-to-date symlink: /home/saitama1/ros2_foxy/install/composition_interfaces/share/composition_interfaces/local_setup.dsv
-- Symlinking: /home/saitama1/ros2_foxy/install/composition_interfaces/share/composition_interfaces/package.dsv
-- Up-to-date symlink: /home/saitama1/ros2_foxy/install/composition_interfaces/share/ament_index/resource_index/packages/composition_interfaces
-- Up-to-date symlink: /home/saitama1/ros2_foxy/install/composition_interfaces/share/composition_interfaces/cmake/rosidl_cmake-extras.cmake
-- Up-to-date symlink: /home/saitama1/ros2_foxy/install/composition_interfaces/share/composition_interfaces/cmake/ament_cmake_export_dependencies-extras.cmake
-- Up-to-date symlink: /home/saitama1/ros2_foxy/install/composition_interfaces/share/composition_interfaces/cmake/ament_cmake_export_libraries-extras.cmake
-- Up-to-date symlink: /home/saitama1/ros2_foxy/install/composition_interfaces/share/composition_interfaces/cmake/ament_cmake_export_targets-extras.cmake
-- Up-to-date symlink: /home/saitama1/ros2_foxy/install/composition_interfaces/share/composition_interfaces/cmake/ament_cmake_export_include_directories-extras.cmake
-- Up-to-date symlink: /home/saitama1/ros2_foxy/install/composition_interfaces/share/composition_interfaces/cmake/rosidl_cmake_export_typesupport_targets-extras.cmake
-- Up-to-date symlink: /home/saitama1/ros2_foxy/install/composition_interfaces/share/composition_interfaces/cmake/rosidl_cmake_export_typesupport_libraries-extras.cmake
-- Up-to-date symlink: /home/saitama1/ros2_foxy/install/composition_interfaces/share/composition_interfaces/cmake/composition_interfacesConfig.cmake
-- Up-to-date symlink: /home/saitama1/ros2_foxy/install/composition_interfaces/share/composition_interfaces/cmake/composition_interfacesConfig-version.cmake
-- Up-to-date symlink: /home/saitama1/ros2_foxy/install/composition_interfaces/share/composition_interfaces/package.xml
-- Installing: /home/saitama1/ros2_foxy/install/composition_interfaces/lib/libcomposition_interfaces__rosidl_generator_c.so
-- Set runtime path of "/home/saitama1/ros2_foxy/install/composition_interfaces/lib/libcomposition_interfaces__rosidl_generator_c.so" to ""
-- Installing: /home/saitama1/ros2_foxy/install/composition_interfaces/lib/libcomposition_interfaces__rosidl_typesupport_introspection_c.so
-- Set runtime path of "/home/saitama1/ros2_foxy/install/composition_interfaces/lib/libcomposition_interfaces__rosidl_typesupport_introspection_c.so" to ""
-- Installing: /home/saitama1/ros2_foxy/install/composition_interfaces/lib/libcomposition_interfaces__rosidl_typesupport_c.so
-- Set runtime path of "/home/saitama1/ros2_foxy/install/composition_interfaces/lib/libcomposition_interfaces__rosidl_typesupport_c.so" to ""
-- Installing: /home/saitama1/ros2_foxy/install/composition_interfaces/lib/libcomposition_interfaces__rosidl_typesupport_introspection_cpp.so
-- Set runtime path of "/home/saitama1/ros2_foxy/install/composition_interfaces/lib/libcomposition_interfaces__rosidl_typesupport_introspection_cpp.so" to ""
-- Installing: /home/saitama1/ros2_foxy/install/composition_interfaces/lib/libcomposition_interfaces__rosidl_typesupport_cpp.so
-- Set runtime path of "/home/saitama1/ros2_foxy/install/composition_interfaces/lib/libcomposition_interfaces__rosidl_typesupport_cpp.so" to ""
Compiling '/home/saitama1/ros2_foxy/install/composition_interfaces/lib/python3.8/site-packages/composition_interfaces/__init__.py'...
-- Up-to-date: /home/saitama1/ros2_foxy/install/composition_interfaces/share/composition_interfaces/cmake/composition_interfaces__rosidl_generator_cExport.cmake
-- Installing: /home/saitama1/ros2_foxy/install/composition_interfaces/share/composition_interfaces/cmake/composition_interfaces__rosidl_generator_cExport-noconfig.cmake
-- Up-to-date: /home/saitama1/ros2_foxy/install/composition_interfaces/share/composition_interfaces/cmake/composition_interfaces__rosidl_typesupport_introspection_cExport.cmake
-- Installing: /home/saitama1/ros2_foxy/install/composition_interfaces/share/composition_interfaces/cmake/composition_interfaces__rosidl_typesupport_introspection_cExport-noconfig.cmake
-- Up-to-date: /home/saitama1/ros2_foxy/install/composition_interfaces/share/composition_interfaces/cmake/composition_interfaces__rosidl_typesupport_cExport.cmake
-- Installing: /home/saitama1/ros2_foxy/install/composition_interfaces/share/composition_interfaces/cmake/composition_interfaces__rosidl_typesupport_cExport-noconfig.cmake
-- Up-to-date: /home/saitama1/ros2_foxy/install/composition_interfaces/share/composition_interfaces/cmake/composition_interfaces__rosidl_generator_cppExport.cmake
-- Up-to-date: /home/saitama1/ros2_foxy/install/composition_interfaces/share/composition_interfaces/cmake/composition_interfaces__rosidl_typesupport_introspection_cppExport.cmake
-- Installing: /home/saitama1/ros2_foxy/install/composition_interfaces/share/composition_interfaces/cmake/composition_interfaces__rosidl_typesupport_introspection_cppExport-noconfig.cmake
-- Up-to-date: /home/saitama1/ros2_foxy/install/composition_interfaces/share/composition_interfaces/cmake/composition_interfaces__rosidl_typesupport_cppExport.cmake
-- Installing: /home/saitama1/ros2_foxy/install/composition_interfaces/share/composition_interfaces/cmake/composition_interfaces__rosidl_typesupport_cppExport-noconfig.cmake
