-- Install configuration: ""
-- Execute custom install script
-- Up-to-date symlink: /home/saitama1/ros2_foxy/install/ament_cmake_export_targets/share/ament_index/resource_index/package_run_dependencies/ament_cmake_export_targets
-- Up-to-date symlink: /home/saitama1/ros2_foxy/install/ament_cmake_export_targets/share/ament_index/resource_index/parent_prefix_path/ament_cmake_export_targets
-- Up-to-date symlink: /home/saitama1/ros2_foxy/install/ament_cmake_export_targets/share/ament_cmake_export_targets/environment/ament_prefix_path.sh
-- Up-to-date symlink: /home/saitama1/ros2_foxy/install/ament_cmake_export_targets/share/ament_cmake_export_targets/environment/ament_prefix_path.dsv
-- Up-to-date symlink: /home/saitama1/ros2_foxy/install/ament_cmake_export_targets/share/ament_cmake_export_targets/environment/path.sh
-- Up-to-date symlink: /home/saitama1/ros2_foxy/install/ament_cmake_export_targets/share/ament_cmake_export_targets/environment/path.dsv
-- Up-to-date symlink: /home/saitama1/ros2_foxy/install/ament_cmake_export_targets/share/ament_cmake_export_targets/local_setup.bash
-- Up-to-date symlink: /home/saitama1/ros2_foxy/install/ament_cmake_export_targets/share/ament_cmake_export_targets/local_setup.sh
-- Up-to-date symlink: /home/saitama1/ros2_foxy/install/ament_cmake_export_targets/share/ament_cmake_export_targets/local_setup.zsh
-- Up-to-date symlink: /home/saitama1/ros2_foxy/install/ament_cmake_export_targets/share/ament_cmake_export_targets/local_setup.dsv
-- Symlinking: /home/saitama1/ros2_foxy/install/ament_cmake_export_targets/share/ament_cmake_export_targets/package.dsv
-- Up-to-date symlink: /home/saitama1/ros2_foxy/install/ament_cmake_export_targets/share/ament_index/resource_index/packages/ament_cmake_export_targets
-- Up-to-date symlink: /home/saitama1/ros2_foxy/install/ament_cmake_export_targets/share/ament_cmake_export_targets/cmake/ament_cmake_export_targets-extras.cmake
-- Up-to-date symlink: /home/saitama1/ros2_foxy/install/ament_cmake_export_targets/share/ament_cmake_export_targets/cmake/ament_cmake_export_targetsConfig.cmake
-- Up-to-date symlink: /home/saitama1/ros2_foxy/install/ament_cmake_export_targets/share/ament_cmake_export_targets/cmake/ament_cmake_export_targetsConfig-version.cmake
-- Up-to-date symlink: /home/saitama1/ros2_foxy/install/ament_cmake_export_targets/share/ament_cmake_export_targets/package.xml
-- Up-to-date symlink: /home/saitama1/ros2_foxy/install/ament_cmake_export_targets/share/ament_cmake_export_targets/cmake/ament_cmake_export_targets-extras.cmake.in
-- Up-to-date symlink: /home/saitama1/ros2_foxy/install/ament_cmake_export_targets/share/ament_cmake_export_targets/cmake/ament_cmake_export_targets_package_hook.cmake
-- Up-to-date symlink: /home/saitama1/ros2_foxy/install/ament_cmake_export_targets/share/ament_cmake_export_targets/cmake/ament_export_targets.cmake
