-- Found mrt_cmake_modules: 1.0.8 (/home/saitama1/ros2_foxy/install/mrt_cmake_modules/share/mrt_cmake_modules/cmake)
-- Found ament_cmake_core: 0.9.8 (/home/saitama1/ros2_foxy/install/ament_cmake_core/share/ament_cmake_core/cmake)
-- Using PYTHON_EXECUTABLE: /usr/bin/python3
-- Override CMake install command with custom implementation using symlinks instead of copying resources
-- Found OpenMP_C: -fopenmp  
-- Found OpenMP_CXX: -fopenmp  
-- Found OpenMP: TRUE   
called: /home/saitama1/ros2_foxy/install/mrt_cmake_modules/share/mrt_cmake_modules/cmake/../scripts/generate_cmake_dependency_file.py /home/saitama1/ros2_foxy/src/autoware_build_parts/lanelet2/lanelet2_routing/package.xml /home/saitama1/ros2_foxy/install/mrt_cmake_modules/share/mrt_cmake_modules/cmake/../yaml/cmake.yaml /home/saitama1/ros2_foxy/build/lanelet2_routing/CMakeFiles/auto_dep_vars.cmake
-- Adding library "lanelet2_routing" with source src/LaneletPath.cpp;src/Route.cpp;src/RouteBuilder.cpp;src/RoutingCost.cpp;src/RoutingGraph.cpp;src/RoutingGraphBuilder.cpp, includes include/lanelet2_routing/Exceptions.h;include/lanelet2_routing/Forward.h;include/lanelet2_routing/LaneletPath.h;include/lanelet2_routing/Route.h;include/lanelet2_routing/RoutingCost.h;include/lanelet2_routing/RoutingGraph.h;include/lanelet2_routing/RoutingGraphContainer.h;include/lanelet2_routing/Types.h;include/lanelet2_routing/internal/Graph.h;include/lanelet2_routing/internal/GraphUtils.h;include/lanelet2_routing/internal/RouteBuilder.h;include/lanelet2_routing/internal/RoutingGraphBuilder.h;include/lanelet2_routing/internal/RoutingGraphVisualization.h;include/lanelet2_routing/internal/ShortestPath.h
-- Marking libraries "lanelet2_routing" of package "lanelet2_routing" for installation
-- Marking HEADER FILES in "include/lanelet2_routing" folder of package "lanelet2_routing" for installation
-- Marking SHARED CONTENT FOLDER "res" of package "lanelet2_routing" for installation
-- Generating cmake exports for lanelet2_routing to /home/saitama1/ros2_foxy/build/lanelet2_routing/devel/share
-- Adding gtest unittest "lanelet2_routing-gtest-test_lanelet_or_area_path" with working dir /home/saitama1/ros2_foxy/src/autoware_build_parts/lanelet2/lanelet2_routing/test
-- Creating gtest 'lanelet2_routing-gtest-test_lanelet_or_area_path' from test/test_lanelet_or_area_path.cpp
-- Adding gtest unittest "lanelet2_routing-gtest-test_relations" with working dir /home/saitama1/ros2_foxy/src/autoware_build_parts/lanelet2/lanelet2_routing/test
-- Creating gtest 'lanelet2_routing-gtest-test_relations' from test/test_relations.cpp
-- Adding gtest unittest "lanelet2_routing-gtest-test_route" with working dir /home/saitama1/ros2_foxy/src/autoware_build_parts/lanelet2/lanelet2_routing/test
-- Creating gtest 'lanelet2_routing-gtest-test_route' from test/test_route.cpp
-- Adding gtest unittest "lanelet2_routing-gtest-test_routing" with working dir /home/saitama1/ros2_foxy/src/autoware_build_parts/lanelet2/lanelet2_routing/test
-- Creating gtest 'lanelet2_routing-gtest-test_routing' from test/test_routing.cpp
-- Adding gtest unittest "lanelet2_routing-gtest-test_routing_graph_container" with working dir /home/saitama1/ros2_foxy/src/autoware_build_parts/lanelet2/lanelet2_routing/test
-- Creating gtest 'lanelet2_routing-gtest-test_routing_graph_container' from test/test_routing_graph_container.cpp
-- Adding gtest unittest "lanelet2_routing-gtest-test_routing_visualization" with working dir /home/saitama1/ros2_foxy/src/autoware_build_parts/lanelet2/lanelet2_routing/test
-- Creating gtest 'lanelet2_routing-gtest-test_routing_visualization' from test/test_routing_visualization.cpp
-- Adding nosetests in folder /home/saitama1/ros2_foxy/src/autoware_build_parts/lanelet2/lanelet2_routing/test
-- Using Python nosetests: /usr/bin/nosetests3
-- Adding nosetest nosetests-lanelet2_routing-test
-- Configuring done
-- Generating done
-- Build files have been written to: /home/saitama1/ros2_foxy/build/lanelet2_routing
[  8%] Built target gtest
[ 39%] Built target lanelet2_routing
[ 47%] Built target gtest_main
[ 56%] Built target lanelet2_routing-gtest-test_routing
[ 65%] Built target lanelet2_routing-gtest-test_routing_visualization
[ 73%] Built target lanelet2_routing-gtest-test_relations
[ 82%] Built target lanelet2_routing-gtest-test_routing_graph_container
[ 91%] Built target lanelet2_routing-gtest-test_route
[100%] Built target lanelet2_routing-gtest-test_lanelet_or_area_path
[100%] Built target tests_lanelet2_routing
[100%] Built target tests
-- Install configuration: ""
-- Execute custom install script
-- Symlinking: /home/saitama1/ros2_foxy/install/lanelet2_routing/share/lanelet2_routing/res/routing.mapcss
-- Symlinking: /home/saitama1/ros2_foxy/install/lanelet2_routing/share/lanelet2_routing/cmake/lanelet2_routingConfigVersion.cmake
-- Symlinking: /home/saitama1/ros2_foxy/install/lanelet2_routing/share/lanelet2_routing/cmake/lanelet2_routingConfig.cmake
-- Symlinking: /home/saitama1/ros2_foxy/install/lanelet2_routing/share/lanelet2_routing/cmake/auto_dep_vars.cmake
-- Symlinking: /home/saitama1/ros2_foxy/install/lanelet2_routing/share/lanelet2_routing/cmake/lanelet2_routingAutoDepsConfig.cmake
-- Symlinking: /home/saitama1/ros2_foxy/install/lanelet2_routing/share/lanelet2_routing/package.xml
-- Symlinking: /home/saitama1/ros2_foxy/install/lanelet2_routing/share/ament_index/resource_index/package_run_dependencies/lanelet2_routing
-- Symlinking: /home/saitama1/ros2_foxy/install/lanelet2_routing/share/ament_index/resource_index/parent_prefix_path/lanelet2_routing
-- Symlinking: /home/saitama1/ros2_foxy/install/lanelet2_routing/share/lanelet2_routing/environment/ament_prefix_path.sh
-- Symlinking: /home/saitama1/ros2_foxy/install/lanelet2_routing/share/lanelet2_routing/environment/ament_prefix_path.dsv
-- Symlinking: /home/saitama1/ros2_foxy/install/lanelet2_routing/share/lanelet2_routing/environment/path.sh
-- Symlinking: /home/saitama1/ros2_foxy/install/lanelet2_routing/share/lanelet2_routing/environment/path.dsv
-- Symlinking: /home/saitama1/ros2_foxy/install/lanelet2_routing/share/lanelet2_routing/local_setup.bash
-- Symlinking: /home/saitama1/ros2_foxy/install/lanelet2_routing/share/lanelet2_routing/local_setup.sh
-- Symlinking: /home/saitama1/ros2_foxy/install/lanelet2_routing/share/lanelet2_routing/local_setup.zsh
-- Symlinking: /home/saitama1/ros2_foxy/install/lanelet2_routing/share/lanelet2_routing/local_setup.dsv
-- Symlinking: /home/saitama1/ros2_foxy/install/lanelet2_routing/share/lanelet2_routing/package.dsv
-- Symlinking: /home/saitama1/ros2_foxy/install/lanelet2_routing/share/ament_index/resource_index/packages/lanelet2_routing
-- Up-to-date: /home/saitama1/ros2_foxy/install/lanelet2_routing/lib/liblanelet2_routing.so.1.1.1
-- Up-to-date: /home/saitama1/ros2_foxy/install/lanelet2_routing/lib/liblanelet2_routing.so.1
-- Up-to-date: /home/saitama1/ros2_foxy/install/lanelet2_routing/lib/liblanelet2_routing.so
-- Up-to-date: /home/saitama1/ros2_foxy/install/lanelet2_routing/include/lanelet2_routing
-- Up-to-date: /home/saitama1/ros2_foxy/install/lanelet2_routing/include/lanelet2_routing/Exceptions.h
-- Up-to-date: /home/saitama1/ros2_foxy/install/lanelet2_routing/include/lanelet2_routing/RoutingGraphContainer.h
-- Up-to-date: /home/saitama1/ros2_foxy/install/lanelet2_routing/include/lanelet2_routing/RoutingCost.h
-- Up-to-date: /home/saitama1/ros2_foxy/install/lanelet2_routing/include/lanelet2_routing/LaneletPath.h
-- Up-to-date: /home/saitama1/ros2_foxy/install/lanelet2_routing/include/lanelet2_routing/Types.h
-- Up-to-date: /home/saitama1/ros2_foxy/install/lanelet2_routing/include/lanelet2_routing/Route.h
-- Up-to-date: /home/saitama1/ros2_foxy/install/lanelet2_routing/include/lanelet2_routing/Forward.h
-- Up-to-date: /home/saitama1/ros2_foxy/install/lanelet2_routing/include/lanelet2_routing/internal
-- Up-to-date: /home/saitama1/ros2_foxy/install/lanelet2_routing/include/lanelet2_routing/internal/RoutingGraphVisualization.h
-- Up-to-date: /home/saitama1/ros2_foxy/install/lanelet2_routing/include/lanelet2_routing/internal/GraphUtils.h
-- Up-to-date: /home/saitama1/ros2_foxy/install/lanelet2_routing/include/lanelet2_routing/internal/ShortestPath.h
-- Up-to-date: /home/saitama1/ros2_foxy/install/lanelet2_routing/include/lanelet2_routing/internal/RouteBuilder.h
-- Up-to-date: /home/saitama1/ros2_foxy/install/lanelet2_routing/include/lanelet2_routing/internal/Graph.h
-- Up-to-date: /home/saitama1/ros2_foxy/install/lanelet2_routing/include/lanelet2_routing/internal/RoutingGraphBuilder.h
-- Up-to-date: /home/saitama1/ros2_foxy/install/lanelet2_routing/include/lanelet2_routing/RoutingGraph.h
-- Up-to-date: /home/saitama1/ros2_foxy/install/lanelet2_routing/share/lanelet2_routing/cmake/lanelet2_routingTargets.cmake
-- Installing: /home/saitama1/ros2_foxy/install/lanelet2_routing/share/lanelet2_routing/cmake/lanelet2_routingTargets-noconfig.cmake
