-- Found ament_cmake_core: 0.9.8 (/home/saitama1/ros2_foxy/install/ament_cmake_core/share/ament_cmake_core/cmake)
-- Using PYTHON_EXECUTABLE: /usr/bin/python3
-- Override CMake install command with custom implementation using symlinks instead of copying resources
-- Found ament_cmake_test: 0.9.8 (/home/saitama1/ros2_foxy/install/ament_cmake_test/share/ament_cmake_test/cmake)
-- Found ament_cmake_copyright: 0.9.6 (/home/saitama1/ros2_foxy/install/ament_cmake_copyright/share/ament_cmake_copyright/cmake)
-- Found ament_cmake_lint_cmake: 0.9.6 (/home/saitama1/ros2_foxy/install/ament_cmake_lint_cmake/share/ament_cmake_lint_cmake/cmake)
-- Configuring done
-- Generating done
-- Build files have been written to: /home/saitama1/ros2_foxy/build/ament_cmake_flake8
-- Install configuration: ""
-- Execute custom install script
-- Symlinking: /home/saitama1/ros2_foxy/install/ament_cmake_flake8/share/ament_index/resource_index/package_run_dependencies/ament_cmake_flake8
-- Symlinking: /home/saitama1/ros2_foxy/install/ament_cmake_flake8/share/ament_index/resource_index/parent_prefix_path/ament_cmake_flake8
-- Symlinking: /home/saitama1/ros2_foxy/install/ament_cmake_flake8/share/ament_cmake_flake8/environment/ament_prefix_path.sh
-- Symlinking: /home/saitama1/ros2_foxy/install/ament_cmake_flake8/share/ament_cmake_flake8/environment/ament_prefix_path.dsv
-- Symlinking: /home/saitama1/ros2_foxy/install/ament_cmake_flake8/share/ament_cmake_flake8/environment/path.sh
-- Symlinking: /home/saitama1/ros2_foxy/install/ament_cmake_flake8/share/ament_cmake_flake8/environment/path.dsv
-- Symlinking: /home/saitama1/ros2_foxy/install/ament_cmake_flake8/share/ament_cmake_flake8/local_setup.bash
-- Symlinking: /home/saitama1/ros2_foxy/install/ament_cmake_flake8/share/ament_cmake_flake8/local_setup.sh
-- Symlinking: /home/saitama1/ros2_foxy/install/ament_cmake_flake8/share/ament_cmake_flake8/local_setup.zsh
-- Symlinking: /home/saitama1/ros2_foxy/install/ament_cmake_flake8/share/ament_cmake_flake8/local_setup.dsv
-- Symlinking: /home/saitama1/ros2_foxy/install/ament_cmake_flake8/share/ament_cmake_flake8/package.dsv
-- Symlinking: /home/saitama1/ros2_foxy/install/ament_cmake_flake8/share/ament_index/resource_index/packages/ament_cmake_flake8
-- Symlinking: /home/saitama1/ros2_foxy/install/ament_cmake_flake8/share/ament_cmake_flake8/cmake/ament_cmake_flake8-extras.cmake
-- Symlinking: /home/saitama1/ros2_foxy/install/ament_cmake_flake8/share/ament_cmake_flake8/cmake/ament_cmake_flake8Config.cmake
-- Symlinking: /home/saitama1/ros2_foxy/install/ament_cmake_flake8/share/ament_cmake_flake8/cmake/ament_cmake_flake8Config-version.cmake
-- Symlinking: /home/saitama1/ros2_foxy/install/ament_cmake_flake8/share/ament_cmake_flake8/package.xml
-- Symlinking: /home/saitama1/ros2_foxy/install/ament_cmake_flake8/share/ament_cmake_flake8/cmake/ament_cmake_flake8_lint_hook.cmake
-- Symlinking: /home/saitama1/ros2_foxy/install/ament_cmake_flake8/share/ament_cmake_flake8/cmake/ament_flake8.cmake
