-- Found ament_cmake_core: 0.9.8 (/home/saitama1/ros2_foxy/install/ament_cmake_core/share/ament_cmake_core/cmake)
-- Using PYTHON_EXECUTABLE: /usr/bin/python3
-- Configuring done
-- Generating done
-- Build files have been written to: /home/saitama1/ros2_foxy/build/mrt_cmake_modules
-- Install configuration: ""
-- Up-to-date: /home/saitama1/ros2_foxy/install/mrt_cmake_modules/share/ament_index/resource_index/package_run_dependencies/mrt_cmake_modules
-- Installing: /home/saitama1/ros2_foxy/install/mrt_cmake_modules/share/ament_index/resource_index/parent_prefix_path/mrt_cmake_modules
-- Installing: /home/saitama1/ros2_foxy/install/mrt_cmake_modules/share/mrt_cmake_modules/environment/ament_prefix_path.sh
-- Installing: /home/saitama1/ros2_foxy/install/mrt_cmake_modules/share/mrt_cmake_modules/environment/ament_prefix_path.dsv
-- Installing: /home/saitama1/ros2_foxy/install/mrt_cmake_modules/share/mrt_cmake_modules/environment/path.sh
-- Installing: /home/saitama1/ros2_foxy/install/mrt_cmake_modules/share/mrt_cmake_modules/environment/path.dsv
-- Up-to-date: /home/saitama1/ros2_foxy/install/mrt_cmake_modules/share/mrt_cmake_modules/local_setup.bash
-- Up-to-date: /home/saitama1/ros2_foxy/install/mrt_cmake_modules/share/mrt_cmake_modules/local_setup.sh
-- Up-to-date: /home/saitama1/ros2_foxy/install/mrt_cmake_modules/share/mrt_cmake_modules/local_setup.zsh
-- Installing: /home/saitama1/ros2_foxy/install/mrt_cmake_modules/share/mrt_cmake_modules/local_setup.dsv
-- Installing: /home/saitama1/ros2_foxy/install/mrt_cmake_modules/share/mrt_cmake_modules/package.dsv
-- Up-to-date: /home/saitama1/ros2_foxy/install/mrt_cmake_modules/share/ament_index/resource_index/packages/mrt_cmake_modules
-- Up-to-date: /home/saitama1/ros2_foxy/install/mrt_cmake_modules/share/mrt_cmake_modules/cmake/mrt_cmake_modules-extras.cmake
-- Up-to-date: /home/saitama1/ros2_foxy/install/mrt_cmake_modules/share/mrt_cmake_modules/cmake/mrt_cmake_modulesConfig.cmake
-- Up-to-date: /home/saitama1/ros2_foxy/install/mrt_cmake_modules/share/mrt_cmake_modules/cmake/mrt_cmake_modulesConfig-version.cmake
-- Up-to-date: /home/saitama1/ros2_foxy/install/mrt_cmake_modules/share/mrt_cmake_modules/package.xml
-- Up-to-date: /home/saitama1/ros2_foxy/install/mrt_cmake_modules/share/mrt_cmake_modules/cmake
-- Up-to-date: /home/saitama1/ros2_foxy/install/mrt_cmake_modules/share/mrt_cmake_modules/cmake/mrt_cmake_modules-macros.cmake
-- Up-to-date: /home/saitama1/ros2_foxy/install/mrt_cmake_modules/share/mrt_cmake_modules/cmake/mrt_cmake_modules-extras.cmake.in
-- Up-to-date: /home/saitama1/ros2_foxy/install/mrt_cmake_modules/share/mrt_cmake_modules/cmake/Modules
-- Up-to-date: /home/saitama1/ros2_foxy/install/mrt_cmake_modules/share/mrt_cmake_modules/cmake/Modules/FindIGL.cmake
-- Up-to-date: /home/saitama1/ros2_foxy/install/mrt_cmake_modules/share/mrt_cmake_modules/cmake/Modules/FindTensorflow.cmake
-- Up-to-date: /home/saitama1/ros2_foxy/install/mrt_cmake_modules/share/mrt_cmake_modules/cmake/Modules/FindSuiteSparse.cmake
-- Up-to-date: /home/saitama1/ros2_foxy/install/mrt_cmake_modules/share/mrt_cmake_modules/cmake/Modules/FindSDL2.cmake
-- Up-to-date: /home/saitama1/ros2_foxy/install/mrt_cmake_modules/share/mrt_cmake_modules/cmake/Modules/FindCereal.cmake
-- Up-to-date: /home/saitama1/ros2_foxy/install/mrt_cmake_modules/share/mrt_cmake_modules/cmake/Modules/FindGlog.cmake
-- Up-to-date: /home/saitama1/ros2_foxy/install/mrt_cmake_modules/share/mrt_cmake_modules/cmake/Modules/FindMrtPCL.cmake
-- Up-to-date: /home/saitama1/ros2_foxy/install/mrt_cmake_modules/share/mrt_cmake_modules/cmake/Modules/FindBoostPython.cmake
-- Up-to-date: /home/saitama1/ros2_foxy/install/mrt_cmake_modules/share/mrt_cmake_modules/cmake/Modules/Findpugixml.cmake
-- Up-to-date: /home/saitama1/ros2_foxy/install/mrt_cmake_modules/share/mrt_cmake_modules/cmake/Modules/Findnlopt.cmake
-- Up-to-date: /home/saitama1/ros2_foxy/install/mrt_cmake_modules/share/mrt_cmake_modules/cmake/Modules/FindGeographicLib.cmake
-- Up-to-date: /home/saitama1/ros2_foxy/install/mrt_cmake_modules/share/mrt_cmake_modules/cmake/Modules/FindANN.cmake
-- Up-to-date: /home/saitama1/ros2_foxy/install/mrt_cmake_modules/share/mrt_cmake_modules/cmake/Modules/FindAutoDeps.cmake
-- Up-to-date: /home/saitama1/ros2_foxy/install/mrt_cmake_modules/share/mrt_cmake_modules/cmake/Modules/FindMrtQt4.cmake
-- Up-to-date: /home/saitama1/ros2_foxy/install/mrt_cmake_modules/share/mrt_cmake_modules/cmake/Modules/FindLeptonica.cmake
-- Up-to-date: /home/saitama1/ros2_foxy/install/mrt_cmake_modules/share/mrt_cmake_modules/cmake/Modules/FindClangTidy.cmake
-- Up-to-date: /home/saitama1/ros2_foxy/install/mrt_cmake_modules/share/mrt_cmake_modules/cmake/Modules/FindMetis.cmake
-- Up-to-date: /home/saitama1/ros2_foxy/install/mrt_cmake_modules/share/mrt_cmake_modules/cmake/Modules/FindPNG++.cmake
-- Up-to-date: /home/saitama1/ros2_foxy/install/mrt_cmake_modules/share/mrt_cmake_modules/cmake/Modules/FindCTensorflow.cmake
-- Up-to-date: /home/saitama1/ros2_foxy/install/mrt_cmake_modules/share/mrt_cmake_modules/cmake/Modules/FindIpopt.cmake
-- Up-to-date: /home/saitama1/ros2_foxy/install/mrt_cmake_modules/share/mrt_cmake_modules/cmake/Modules/Findgtest.cmake
-- Up-to-date: /home/saitama1/ros2_foxy/install/mrt_cmake_modules/share/mrt_cmake_modules/cmake/Modules/FindAravis.cmake
-- Up-to-date: /home/saitama1/ros2_foxy/install/mrt_cmake_modules/share/mrt_cmake_modules/cmake/Modules/FindSqlite3.cmake
-- Up-to-date: /home/saitama1/ros2_foxy/install/mrt_cmake_modules/share/mrt_cmake_modules/cmake/Modules/FindMrtOpenGL.cmake
-- Up-to-date: /home/saitama1/ros2_foxy/install/mrt_cmake_modules/share/mrt_cmake_modules/cmake/Modules/FindTinyXML.cmake
-- Up-to-date: /home/saitama1/ros2_foxy/install/mrt_cmake_modules/share/mrt_cmake_modules/cmake/Modules/FindMrtQt5.cmake
-- Up-to-date: /home/saitama1/ros2_foxy/install/mrt_cmake_modules/share/mrt_cmake_modules/cmake/Modules/UseMrtStdCompilerFlags.cmake
-- Up-to-date: /home/saitama1/ros2_foxy/install/mrt_cmake_modules/share/mrt_cmake_modules/cmake/Modules/FindJsonCpp.cmake
-- Up-to-date: /home/saitama1/ros2_foxy/install/mrt_cmake_modules/share/mrt_cmake_modules/cmake/Modules/MrtTesting.cmake
-- Up-to-date: /home/saitama1/ros2_foxy/install/mrt_cmake_modules/share/mrt_cmake_modules/cmake/Modules/FindTinyXML2.cmake
-- Up-to-date: /home/saitama1/ros2_foxy/install/mrt_cmake_modules/share/mrt_cmake_modules/cmake/Modules/UseMrtAutoTarget.cmake
-- Up-to-date: /home/saitama1/ros2_foxy/install/mrt_cmake_modules/share/mrt_cmake_modules/cmake/Modules/FindCairo.cmake
-- Up-to-date: /home/saitama1/ros2_foxy/install/mrt_cmake_modules/share/mrt_cmake_modules/cmake/Modules/FindTBB.cmake
-- Up-to-date: /home/saitama1/ros2_foxy/install/mrt_cmake_modules/share/mrt_cmake_modules/cmake/Modules/GatherDeps.cmake
-- Up-to-date: /home/saitama1/ros2_foxy/install/mrt_cmake_modules/share/mrt_cmake_modules/cmake/Modules/FindTesseract.cmake
-- Up-to-date: /home/saitama1/ros2_foxy/install/mrt_cmake_modules/share/mrt_cmake_modules/cmake/Modules/FindMrtCUDA.cmake
-- Up-to-date: /home/saitama1/ros2_foxy/install/mrt_cmake_modules/share/mrt_cmake_modules/cmake/Modules/ExportPackage.cmake
-- Up-to-date: /home/saitama1/ros2_foxy/install/mrt_cmake_modules/share/mrt_cmake_modules/cmake/Modules/FindFlann.cmake
-- Up-to-date: /home/saitama1/ros2_foxy/install/mrt_cmake_modules/share/mrt_cmake_modules/cmake/Modules/CatkinMockForConan.cmake
-- Up-to-date: /home/saitama1/ros2_foxy/install/mrt_cmake_modules/share/mrt_cmake_modules/cmake/Modules/FindMrtVTK.cmake
-- Up-to-date: /home/saitama1/ros2_foxy/install/mrt_cmake_modules/share/mrt_cmake_modules/cmake/Modules/Findebus-sdk.cmake
-- Up-to-date: /home/saitama1/ros2_foxy/install/mrt_cmake_modules/share/mrt_cmake_modules/cmake/Templates
-- Up-to-date: /home/saitama1/ros2_foxy/install/mrt_cmake_modules/share/mrt_cmake_modules/cmake/Templates/python_api_install.py.in
-- Up-to-date: /home/saitama1/ros2_foxy/install/mrt_cmake_modules/share/mrt_cmake_modules/cmake/Templates/test_utility.hpp.in
-- Up-to-date: /home/saitama1/ros2_foxy/install/mrt_cmake_modules/share/mrt_cmake_modules/cmake/Templates/__init__.py.in
-- Up-to-date: /home/saitama1/ros2_foxy/install/mrt_cmake_modules/share/mrt_cmake_modules/cmake/Templates/setup.py.in
-- Up-to-date: /home/saitama1/ros2_foxy/install/mrt_cmake_modules/share/mrt_cmake_modules/cmake/Templates/packageConfig.cmake.in
-- Up-to-date: /home/saitama1/ros2_foxy/install/mrt_cmake_modules/share/mrt_cmake_modules/cmake/Templates/CTestCustom.cmake.in
-- Up-to-date: /home/saitama1/ros2_foxy/install/mrt_cmake_modules/share/mrt_cmake_modules/cmake/README.md
-- Up-to-date: /home/saitama1/ros2_foxy/install/mrt_cmake_modules/share/mrt_cmake_modules/scripts/generate_cmake_dependency_file.py
-- Up-to-date: /home/saitama1/ros2_foxy/install/mrt_cmake_modules/share/mrt_cmake_modules/scripts/init_coverage.py
-- Up-to-date: /home/saitama1/ros2_foxy/install/mrt_cmake_modules/share/mrt_cmake_modules/scripts/eval_coverage.py
-- Up-to-date: /home/saitama1/ros2_foxy/install/mrt_cmake_modules/share/mrt_cmake_modules/scripts/run_test.py
-- Up-to-date: /home/saitama1/ros2_foxy/install/mrt_cmake_modules/bin/generate_cmakelists.py
-- Up-to-date: /home/saitama1/ros2_foxy/install/mrt_cmake_modules/share/mrt_cmake_modules/yaml/cmake.yaml
-- Up-to-date: /home/saitama1/ros2_foxy/install/mrt_cmake_modules/share/mrt_cmake_modules/CMakeLists.txt
