[100%] Built target urdf
-- Install configuration: ""
-- Execute custom install script
-- Up-to-date symlink: /home/saitama1/ros2_foxy/install/urdf/include/urdf/urdfdom_compatibility.h
-- Up-to-date symlink: /home/saitama1/ros2_foxy/install/urdf/include/urdf/model.h
-- Up-to-date symlink: /home/saitama1/ros2_foxy/install/urdf/include/urdf/visibility_control.hpp
-- Up-to-date symlink: /home/saitama1/ros2_foxy/install/urdf/share/urdf/environment/library_path.sh
-- Up-to-date symlink: /home/saitama1/ros2_foxy/install/urdf/share/urdf/environment/library_path.dsv
-- Up-to-date symlink: /home/saitama1/ros2_foxy/install/urdf/share/ament_index/resource_index/package_run_dependencies/urdf
-- Up-to-date symlink: /home/saitama1/ros2_foxy/install/urdf/share/ament_index/resource_index/parent_prefix_path/urdf
-- Up-to-date symlink: /home/saitama1/ros2_foxy/install/urdf/share/urdf/environment/ament_prefix_path.sh
-- Up-to-date symlink: /home/saitama1/ros2_foxy/install/urdf/share/urdf/environment/ament_prefix_path.dsv
-- Up-to-date symlink: /home/saitama1/ros2_foxy/install/urdf/share/urdf/environment/path.sh
-- Up-to-date symlink: /home/saitama1/ros2_foxy/install/urdf/share/urdf/environment/path.dsv
-- Up-to-date symlink: /home/saitama1/ros2_foxy/install/urdf/share/urdf/local_setup.bash
-- Up-to-date symlink: /home/saitama1/ros2_foxy/install/urdf/share/urdf/local_setup.sh
-- Up-to-date symlink: /home/saitama1/ros2_foxy/install/urdf/share/urdf/local_setup.zsh
-- Up-to-date symlink: /home/saitama1/ros2_foxy/install/urdf/share/urdf/local_setup.dsv
-- Symlinking: /home/saitama1/ros2_foxy/install/urdf/share/urdf/package.dsv
-- Up-to-date symlink: /home/saitama1/ros2_foxy/install/urdf/share/ament_index/resource_index/packages/urdf
-- Up-to-date symlink: /home/saitama1/ros2_foxy/install/urdf/share/urdf/cmake/ament_cmake_export_libraries-extras.cmake
-- Up-to-date symlink: /home/saitama1/ros2_foxy/install/urdf/share/urdf/cmake/ament_cmake_export_targets-extras.cmake
-- Up-to-date symlink: /home/saitama1/ros2_foxy/install/urdf/share/urdf/cmake/ament_cmake_export_include_directories-extras.cmake
-- Up-to-date symlink: /home/saitama1/ros2_foxy/install/urdf/share/urdf/cmake/ament_cmake_export_dependencies-extras.cmake
-- Up-to-date symlink: /home/saitama1/ros2_foxy/install/urdf/share/urdf/cmake/urdfConfig.cmake
-- Up-to-date symlink: /home/saitama1/ros2_foxy/install/urdf/share/urdf/cmake/urdfConfig-version.cmake
-- Up-to-date symlink: /home/saitama1/ros2_foxy/install/urdf/share/urdf/package.xml
-- Up-to-date: /home/saitama1/ros2_foxy/install/urdf/lib/liburdf.so
-- Up-to-date: /home/saitama1/ros2_foxy/install/urdf/share/urdf/cmake/urdfExport.cmake
-- Up-to-date: /home/saitama1/ros2_foxy/install/urdf/share/urdf/cmake/urdfExport-noconfig.cmake
