[  1%] Built target gtest
[  2%] Built target gtest_main
[ 15%] Built target rcl
[ 16%] Built target test_logging
[ 17%] Built target test_localhost
[ 18%] Built target client_fixture__rmw_fastrtps_dynamic_cpp
[ 19%] Built target test_validate_topic_name
[ 20%] Built target service_fixture__rmw_fastrtps_dynamic_cpp
[ 21%] Built target test_security
[ 22%] Built target test_domain_id
[ 23%] Built target test_wait__rmw_fastrtps_dynamic_cpp
[ 24%] Built target test_events__rmw_fastrtps_dynamic_cpp
[ 25%] Built target test_rmw_impl_id_check_func__rmw_fastrtps_dynamic_cpp
[ 28%] Built target test_service__rmw_fastrtps_dynamic_cpp
[ 28%] Built target test_subscription__rmw_fastrtps_dynamic_cpp
[ 29%] Built target test_publisher__rmw_fastrtps_dynamic_cpp
[ 29%] Built target test_remap_integration__rmw_fastrtps_dynamic_cpp
[ 30%] Built target test_remap__rmw_fastrtps_dynamic_cpp
[ 31%] Built target test_count_matched__rmw_fastrtps_dynamic_cpp
[ 32%] Built target test_arguments__rmw_fastrtps_dynamic_cpp
[ 33%] Built target test_info_by_topic__rmw_fastrtps_dynamic_cpp
[ 34%] Built target test_guard_condition__rmw_fastrtps_dynamic_cpp
[ 35%] Built target test_graph__rmw_fastrtps_dynamic_cpp
[ 36%] Built target test_lexer__rmw_fastrtps_dynamic_cpp
[ 37%] Built target test_expand_topic_name
[ 38%] Built target test_client__rmw_fastrtps_cpp
[ 39%] Built target test_get_node_names__rmw_fastrtps_dynamic_cpp
[ 39%] Built target test_count_matched__rmw_fastrtps_cpp
[ 40%] Built target test_time__rmw_fastrtps_cpp
[ 41%] Built target test_events__rmw_cyclonedds_cpp
[ 42%] Built target test_namespace__rmw_cyclonedds_cpp
[ 43%] Built target test_lexer_lookahead__rmw_fastrtps_dynamic_cpp
[ 45%] Built target service_fixture__rmw_cyclonedds_cpp
[ 46%] Built target client_fixture__rmw_cyclonedds_cpp
[ 47%] Built target test_subscription__rmw_fastrtps_cpp
[ 48%] Built target test_remap__rmw_cyclonedds_cpp
[ 49%] Built target test_guard_condition__rmw_cyclonedds_cpp
[ 50%] Built target test_graph__rmw_fastrtps_cpp
[ 51%] Built target test_rmw_impl_id_check_exe
[ 52%] Built target test_node__rmw_cyclonedds_cpp
[ 53%] Built target test_service__rmw_cyclonedds_cpp
[ 54%] Built target test_common
[ 55%] Built target test_time__rmw_cyclonedds_cpp
[ 56%] Built target test_client__rmw_cyclonedds_cpp
[ 57%] Built target test_rmw_impl_id_check_func__rmw_cyclonedds_cpp
[ 58%] Built target test_rmw_impl_id_check_func__rmw_fastrtps_cpp
[ 58%] Built target test_publisher__rmw_cyclonedds_cpp
[ 59%] Built target test_publisher__rmw_fastrtps_cpp
[ 60%] Built target test_get_node_names__rmw_fastrtps_cpp
[ 61%] Built target test_init__rmw_cyclonedds_cpp
[ 62%] Built target service_fixture__rmw_fastrtps_cpp
[ 63%] Built target test_lexer_lookahead__rmw_cyclonedds_cpp
[ 64%] Built target test_get_node_names__rmw_cyclonedds_cpp
[ 65%] Built target test_get_actual_qos__rmw_fastrtps_dynamic_cpp
[ 66%] Built target test_subscription__rmw_cyclonedds_cpp
[ 67%] Built target test_context__rmw_cyclonedds_cpp
[ 67%] Built target test_lexer__rmw_cyclonedds_cpp
[ 68%] Built target test_remap_integration__rmw_cyclonedds_cpp
[ 69%] Built target test_init__rmw_fastrtps_dynamic_cpp
[ 70%] Built target test_info_by_topic__rmw_cyclonedds_cpp
[ 71%] Built target test_lexer_lookahead__rmw_fastrtps_cpp
[ 72%] Built target test_validate_enclave_name
[ 72%] Built target test_logging_rosout__rmw_cyclonedds_cpp
[ 72%] Built target test_time__rmw_fastrtps_dynamic_cpp
[ 73%] Built target test_get_actual_qos__rmw_cyclonedds_cpp
[ 74%] Built target test_namespace__rmw_fastrtps_dynamic_cpp
[ 75%] Built target test_graph__rmw_cyclonedds_cpp
[ 76%] Built target test_context__rmw_fastrtps_cpp
[ 77%] Built target test_timer__rmw_fastrtps_cpp
[ 78%] Built target test_lexer__rmw_fastrtps_cpp
[ 79%] Built target test_node__rmw_fastrtps_cpp
[ 80%] Built target test_info_by_topic__rmw_fastrtps_cpp
[ 81%] Built target test_get_actual_qos__rmw_fastrtps_cpp
[ 81%] Built target test_logging_rosout__rmw_fastrtps_cpp
[ 82%] Built target test_init__rmw_fastrtps_cpp
[ 83%] Built target test_namespace__rmw_fastrtps_cpp
[ 84%] Built target test_node__rmw_fastrtps_dynamic_cpp
[ 85%] Built target test_remap_integration__rmw_fastrtps_cpp
[ 86%] Built target test_remap__rmw_fastrtps_cpp
[ 87%] Built target test_arguments__rmw_fastrtps_cpp
[ 88%] Built target test_count_matched__rmw_cyclonedds_cpp
[ 89%] Built target test_arguments__rmw_cyclonedds_cpp
[ 89%] Built target test_guard_condition__rmw_fastrtps_cpp
[ 90%] Built target test_wait__rmw_cyclonedds_cpp
[ 92%] Built target test_logging_rosout__rmw_fastrtps_dynamic_cpp
[ 92%] Built target test_events__rmw_fastrtps_cpp
[ 93%] Built target test_timer__rmw_fastrtps_dynamic_cpp
[ 94%] Built target test_wait__rmw_fastrtps_cpp
[ 95%] Built target client_fixture__rmw_fastrtps_cpp
[ 96%] Built target test_context__rmw_fastrtps_dynamic_cpp
[ 97%] Built target test_timer__rmw_cyclonedds_cpp
[ 99%] Built target test_service__rmw_fastrtps_cpp
[100%] Built target test_client__rmw_fastrtps_dynamic_cpp
-- Install configuration: ""
-- Execute custom install script
-- Up-to-date symlink: /home/saitama1/ros2_foxy/install/rcl/share/rcl/environment/library_path.sh
-- Up-to-date symlink: /home/saitama1/ros2_foxy/install/rcl/share/rcl/environment/library_path.dsv
-- Up-to-date symlink: /home/saitama1/ros2_foxy/build/rcl/test/resources/test_arguments/test_parameters.1.yaml
-- Up-to-date symlink: /home/saitama1/ros2_foxy/build/rcl/test/resources/test_arguments/test_parameters.2.yaml
-- Up-to-date symlink: /home/saitama1/ros2_foxy/build/rcl/test/resources/test_security_directory/enclaves/dummy_enclave/.gitkeep
-- Up-to-date symlink: /home/saitama1/ros2_foxy/build/rcl/test/resources/test_security_directory/enclaves/group1/dummy_enclave/.gitkeep
-- Up-to-date symlink: /home/saitama1/ros2_foxy/install/rcl/share/ament_index/resource_index/package_run_dependencies/rcl
-- Up-to-date symlink: /home/saitama1/ros2_foxy/install/rcl/share/ament_index/resource_index/parent_prefix_path/rcl
-- Up-to-date symlink: /home/saitama1/ros2_foxy/install/rcl/share/rcl/environment/ament_prefix_path.sh
-- Up-to-date symlink: /home/saitama1/ros2_foxy/install/rcl/share/rcl/environment/ament_prefix_path.dsv
-- Up-to-date symlink: /home/saitama1/ros2_foxy/install/rcl/share/rcl/environment/path.sh
-- Up-to-date symlink: /home/saitama1/ros2_foxy/install/rcl/share/rcl/environment/path.dsv
-- Up-to-date symlink: /home/saitama1/ros2_foxy/install/rcl/share/rcl/local_setup.bash
-- Up-to-date symlink: /home/saitama1/ros2_foxy/install/rcl/share/rcl/local_setup.sh
-- Up-to-date symlink: /home/saitama1/ros2_foxy/install/rcl/share/rcl/local_setup.zsh
-- Up-to-date symlink: /home/saitama1/ros2_foxy/install/rcl/share/rcl/local_setup.dsv
-- Symlinking: /home/saitama1/ros2_foxy/install/rcl/share/rcl/package.dsv
-- Up-to-date symlink: /home/saitama1/ros2_foxy/install/rcl/share/ament_index/resource_index/packages/rcl
-- Up-to-date symlink: /home/saitama1/ros2_foxy/install/rcl/share/rcl/cmake/rcl-extras.cmake
-- Up-to-date symlink: /home/saitama1/ros2_foxy/install/rcl/share/rcl/cmake/ament_cmake_export_include_directories-extras.cmake
-- Up-to-date symlink: /home/saitama1/ros2_foxy/install/rcl/share/rcl/cmake/ament_cmake_export_libraries-extras.cmake
-- Up-to-date symlink: /home/saitama1/ros2_foxy/install/rcl/share/rcl/cmake/ament_cmake_export_targets-extras.cmake
-- Up-to-date symlink: /home/saitama1/ros2_foxy/install/rcl/share/rcl/cmake/ament_cmake_export_dependencies-extras.cmake
-- Up-to-date symlink: /home/saitama1/ros2_foxy/install/rcl/share/rcl/cmake/rclConfig.cmake
-- Up-to-date symlink: /home/saitama1/ros2_foxy/install/rcl/share/rcl/cmake/rclConfig-version.cmake
-- Up-to-date symlink: /home/saitama1/ros2_foxy/install/rcl/share/rcl/package.xml
-- Up-to-date symlink: /home/saitama1/ros2_foxy/install/rcl/share/rcl/cmake/get_default_rcl_logging_implementation.cmake
-- Up-to-date symlink: /home/saitama1/ros2_foxy/install/rcl/share/rcl/cmake/rcl_set_symbol_visibility_hidden.cmake
-- Up-to-date symlink: /home/saitama1/ros2_foxy/install/rcl/include/rcl/allocator.h
-- Up-to-date symlink: /home/saitama1/ros2_foxy/install/rcl/include/rcl/arguments.h
-- Up-to-date symlink: /home/saitama1/ros2_foxy/install/rcl/include/rcl/client.h
-- Up-to-date symlink: /home/saitama1/ros2_foxy/install/rcl/include/rcl/context.h
-- Up-to-date symlink: /home/saitama1/ros2_foxy/install/rcl/include/rcl/domain_id.h
-- Up-to-date symlink: /home/saitama1/ros2_foxy/install/rcl/include/rcl/error_handling.h
-- Up-to-date symlink: /home/saitama1/ros2_foxy/install/rcl/include/rcl/event.h
-- Up-to-date symlink: /home/saitama1/ros2_foxy/install/rcl/include/rcl/expand_topic_name.h
-- Up-to-date symlink: /home/saitama1/ros2_foxy/install/rcl/include/rcl/graph.h
-- Up-to-date symlink: /home/saitama1/ros2_foxy/install/rcl/include/rcl/guard_condition.h
-- Up-to-date symlink: /home/saitama1/ros2_foxy/install/rcl/include/rcl/init.h
-- Up-to-date symlink: /home/saitama1/ros2_foxy/install/rcl/include/rcl/init_options.h
-- Up-to-date symlink: /home/saitama1/ros2_foxy/install/rcl/include/rcl/lexer.h
-- Up-to-date symlink: /home/saitama1/ros2_foxy/install/rcl/include/rcl/lexer_lookahead.h
-- Up-to-date symlink: /home/saitama1/ros2_foxy/install/rcl/include/rcl/localhost.h
-- Up-to-date symlink: /home/saitama1/ros2_foxy/install/rcl/include/rcl/logging.h
-- Up-to-date symlink: /home/saitama1/ros2_foxy/install/rcl/include/rcl/logging_external_interface.h
-- Up-to-date symlink: /home/saitama1/ros2_foxy/install/rcl/include/rcl/logging_rosout.h
-- Up-to-date symlink: /home/saitama1/ros2_foxy/install/rcl/include/rcl/macros.h
-- Up-to-date symlink: /home/saitama1/ros2_foxy/install/rcl/include/rcl/node.h
-- Up-to-date symlink: /home/saitama1/ros2_foxy/install/rcl/include/rcl/node_options.h
-- Up-to-date symlink: /home/saitama1/ros2_foxy/install/rcl/include/rcl/publisher.h
-- Up-to-date symlink: /home/saitama1/ros2_foxy/install/rcl/include/rcl/rcl.h
-- Up-to-date symlink: /home/saitama1/ros2_foxy/install/rcl/include/rcl/remap.h
-- Up-to-date symlink: /home/saitama1/ros2_foxy/install/rcl/include/rcl/rmw_implementation_identifier_check.h
-- Up-to-date symlink: /home/saitama1/ros2_foxy/install/rcl/include/rcl/security.h
-- Up-to-date symlink: /home/saitama1/ros2_foxy/install/rcl/include/rcl/service.h
-- Up-to-date symlink: /home/saitama1/ros2_foxy/install/rcl/include/rcl/subscription.h
-- Up-to-date symlink: /home/saitama1/ros2_foxy/install/rcl/include/rcl/time.h
-- Up-to-date symlink: /home/saitama1/ros2_foxy/install/rcl/include/rcl/timer.h
-- Up-to-date symlink: /home/saitama1/ros2_foxy/install/rcl/include/rcl/types.h
-- Up-to-date symlink: /home/saitama1/ros2_foxy/install/rcl/include/rcl/validate_enclave_name.h
-- Up-to-date symlink: /home/saitama1/ros2_foxy/install/rcl/include/rcl/validate_topic_name.h
-- Up-to-date symlink: /home/saitama1/ros2_foxy/install/rcl/include/rcl/visibility_control.h
-- Up-to-date symlink: /home/saitama1/ros2_foxy/install/rcl/include/rcl/wait.h
-- Up-to-date: /home/saitama1/ros2_foxy/install/rcl/lib/librcl.so
-- Up-to-date: /home/saitama1/ros2_foxy/install/rcl/share/rcl/cmake/rclExport.cmake
-- Up-to-date: /home/saitama1/ros2_foxy/install/rcl/share/rcl/cmake/rclExport-noconfig.cmake
