running egg_info
creating ../../../../build/ros2component/ros2component.egg-info
writing ../../../../build/ros2component/ros2component.egg-info/PKG-INFO
writing dependency_links to ../../../../build/ros2component/ros2component.egg-info/dependency_links.txt
writing entry points to ../../../../build/ros2component/ros2component.egg-info/entry_points.txt
writing requirements to ../../../../build/ros2component/ros2component.egg-info/requires.txt
writing top-level names to ../../../../build/ros2component/ros2component.egg-info/top_level.txt
writing manifest file '../../../../build/ros2component/ros2component.egg-info/SOURCES.txt'
reading manifest file '../../../../build/ros2component/ros2component.egg-info/SOURCES.txt'
writing manifest file '../../../../build/ros2component/ros2component.egg-info/SOURCES.txt'
running build
running build_py
creating /home/saitama1/Pictures/ros2-picas/ros2_foxy/build/ros2component/build
creating /home/saitama1/Pictures/ros2-picas/ros2_foxy/build/ros2component/build/lib
creating /home/saitama1/Pictures/ros2-picas/ros2_foxy/build/ros2component/build/lib/ros2component
copying ros2component/__init__.py -> /home/saitama1/Pictures/ros2-picas/ros2_foxy/build/ros2component/build/lib/ros2component
creating /home/saitama1/Pictures/ros2-picas/ros2_foxy/build/ros2component/build/lib/ros2component/command
copying ros2component/command/__init__.py -> /home/saitama1/Pictures/ros2-picas/ros2_foxy/build/ros2component/build/lib/ros2component/command
copying ros2component/command/component.py -> /home/saitama1/Pictures/ros2-picas/ros2_foxy/build/ros2component/build/lib/ros2component/command
creating /home/saitama1/Pictures/ros2-picas/ros2_foxy/build/ros2component/build/lib/ros2component/api
copying ros2component/api/__init__.py -> /home/saitama1/Pictures/ros2-picas/ros2_foxy/build/ros2component/build/lib/ros2component/api
creating /home/saitama1/Pictures/ros2-picas/ros2_foxy/build/ros2component/build/lib/ros2component/verb
copying ros2component/verb/load.py -> /home/saitama1/Pictures/ros2-picas/ros2_foxy/build/ros2component/build/lib/ros2component/verb
copying ros2component/verb/standalone.py -> /home/saitama1/Pictures/ros2-picas/ros2_foxy/build/ros2component/build/lib/ros2component/verb
copying ros2component/verb/__init__.py -> /home/saitama1/Pictures/ros2-picas/ros2_foxy/build/ros2component/build/lib/ros2component/verb
copying ros2component/verb/unload.py -> /home/saitama1/Pictures/ros2-picas/ros2_foxy/build/ros2component/build/lib/ros2component/verb
copying ros2component/verb/types.py -> /home/saitama1/Pictures/ros2-picas/ros2_foxy/build/ros2component/build/lib/ros2component/verb
copying ros2component/verb/list.py -> /home/saitama1/Pictures/ros2-picas/ros2_foxy/build/ros2component/build/lib/ros2component/verb
running install
running install_lib
creating /home/saitama1/Pictures/ros2-picas/ros2_foxy/install/ros2component/lib/python3.8/site-packages/ros2component
copying /home/saitama1/Pictures/ros2-picas/ros2_foxy/build/ros2component/build/lib/ros2component/__init__.py -> /home/saitama1/Pictures/ros2-picas/ros2_foxy/install/ros2component/lib/python3.8/site-packages/ros2component
creating /home/saitama1/Pictures/ros2-picas/ros2_foxy/install/ros2component/lib/python3.8/site-packages/ros2component/command
copying /home/saitama1/Pictures/ros2-picas/ros2_foxy/build/ros2component/build/lib/ros2component/command/__init__.py -> /home/saitama1/Pictures/ros2-picas/ros2_foxy/install/ros2component/lib/python3.8/site-packages/ros2component/command
copying /home/saitama1/Pictures/ros2-picas/ros2_foxy/build/ros2component/build/lib/ros2component/command/component.py -> /home/saitama1/Pictures/ros2-picas/ros2_foxy/install/ros2component/lib/python3.8/site-packages/ros2component/command
creating /home/saitama1/Pictures/ros2-picas/ros2_foxy/install/ros2component/lib/python3.8/site-packages/ros2component/api
copying /home/saitama1/Pictures/ros2-picas/ros2_foxy/build/ros2component/build/lib/ros2component/api/__init__.py -> /home/saitama1/Pictures/ros2-picas/ros2_foxy/install/ros2component/lib/python3.8/site-packages/ros2component/api
creating /home/saitama1/Pictures/ros2-picas/ros2_foxy/install/ros2component/lib/python3.8/site-packages/ros2component/verb
copying /home/saitama1/Pictures/ros2-picas/ros2_foxy/build/ros2component/build/lib/ros2component/verb/load.py -> /home/saitama1/Pictures/ros2-picas/ros2_foxy/install/ros2component/lib/python3.8/site-packages/ros2component/verb
copying /home/saitama1/Pictures/ros2-picas/ros2_foxy/build/ros2component/build/lib/ros2component/verb/standalone.py -> /home/saitama1/Pictures/ros2-picas/ros2_foxy/install/ros2component/lib/python3.8/site-packages/ros2component/verb
copying /home/saitama1/Pictures/ros2-picas/ros2_foxy/build/ros2component/build/lib/ros2component/verb/__init__.py -> /home/saitama1/Pictures/ros2-picas/ros2_foxy/install/ros2component/lib/python3.8/site-packages/ros2component/verb
copying /home/saitama1/Pictures/ros2-picas/ros2_foxy/build/ros2component/build/lib/ros2component/verb/unload.py -> /home/saitama1/Pictures/ros2-picas/ros2_foxy/install/ros2component/lib/python3.8/site-packages/ros2component/verb
copying /home/saitama1/Pictures/ros2-picas/ros2_foxy/build/ros2component/build/lib/ros2component/verb/types.py -> /home/saitama1/Pictures/ros2-picas/ros2_foxy/install/ros2component/lib/python3.8/site-packages/ros2component/verb
copying /home/saitama1/Pictures/ros2-picas/ros2_foxy/build/ros2component/build/lib/ros2component/verb/list.py -> /home/saitama1/Pictures/ros2-picas/ros2_foxy/install/ros2component/lib/python3.8/site-packages/ros2component/verb
byte-compiling /home/saitama1/Pictures/ros2-picas/ros2_foxy/install/ros2component/lib/python3.8/site-packages/ros2component/__init__.py to __init__.cpython-38.pyc
byte-compiling /home/saitama1/Pictures/ros2-picas/ros2_foxy/install/ros2component/lib/python3.8/site-packages/ros2component/command/__init__.py to __init__.cpython-38.pyc
byte-compiling /home/saitama1/Pictures/ros2-picas/ros2_foxy/install/ros2component/lib/python3.8/site-packages/ros2component/command/component.py to component.cpython-38.pyc
byte-compiling /home/saitama1/Pictures/ros2-picas/ros2_foxy/install/ros2component/lib/python3.8/site-packages/ros2component/api/__init__.py to __init__.cpython-38.pyc
byte-compiling /home/saitama1/Pictures/ros2-picas/ros2_foxy/install/ros2component/lib/python3.8/site-packages/ros2component/verb/load.py to load.cpython-38.pyc
byte-compiling /home/saitama1/Pictures/ros2-picas/ros2_foxy/install/ros2component/lib/python3.8/site-packages/ros2component/verb/standalone.py to standalone.cpython-38.pyc
byte-compiling /home/saitama1/Pictures/ros2-picas/ros2_foxy/install/ros2component/lib/python3.8/site-packages/ros2component/verb/__init__.py to __init__.cpython-38.pyc
byte-compiling /home/saitama1/Pictures/ros2-picas/ros2_foxy/install/ros2component/lib/python3.8/site-packages/ros2component/verb/unload.py to unload.cpython-38.pyc
byte-compiling /home/saitama1/Pictures/ros2-picas/ros2_foxy/install/ros2component/lib/python3.8/site-packages/ros2component/verb/types.py to types.cpython-38.pyc
byte-compiling /home/saitama1/Pictures/ros2-picas/ros2_foxy/install/ros2component/lib/python3.8/site-packages/ros2component/verb/list.py to list.cpython-38.pyc
running install_data
running install_egg_info
Copying ../../../../build/ros2component/ros2component.egg-info to /home/saitama1/Pictures/ros2-picas/ros2_foxy/install/ros2component/lib/python3.8/site-packages/ros2component-0.9.9-py3.8.egg-info
running install_scripts
writing list of installed files to '/home/saitama1/Pictures/ros2-picas/ros2_foxy/build/ros2component/install.log'
