-- Found ament_cmake: 0.9.8 (/home/saitama1/ros2_foxy/install/ament_cmake/share/ament_cmake/cmake)
-- Using PYTHON_EXECUTABLE: /usr/bin/python3
-- Override CMake install command with custom implementation using symlinks instead of copying resources
-- Found pluginlib: 2.5.3 (/home/saitama1/ros2_foxy/install/pluginlib/share/pluginlib/cmake)
-- Found yaml_cpp_vendor: 7.0.2 (/home/saitama1/ros2_foxy/install/yaml_cpp_vendor/share/yaml_cpp_vendor/cmake)
-- Setting yaml-cpp_DIR to: '/home/saitama1/ros2_foxy/install/yaml_cpp_vendor/share/yaml_cpp_vendor/cmake/../../../opt/yaml_cpp_vendor/lib/cmake/yaml-cpp'
-- Found ament_lint_auto: 0.9.6 (/home/saitama1/ros2_foxy/install/ament_lint_auto/share/ament_lint_auto/cmake)
-- Found ament_cmake_gmock: 0.9.8 (/home/saitama1/ros2_foxy/install/ament_cmake_gmock/share/ament_cmake_gmock/cmake)
-- Found rosbag2_test_common: 0.3.8 (/home/saitama1/ros2_foxy/install/rosbag2_test_common/share/rosbag2_test_common/cmake)
-- Using all available rosidl_typesupport_c: rosidl_typesupport_introspection_c;rosidl_typesupport_fastrtps_c
-- Found rosidl_adapter: 1.2.1 (/home/saitama1/ros2_foxy/install/rosidl_adapter/share/rosidl_adapter/cmake)
-- Using all available rosidl_typesupport_cpp: rosidl_typesupport_introspection_cpp;rosidl_typesupport_fastrtps_cpp
-- Found rmw_implementation_cmake: 1.0.3 (/home/saitama1/ros2_foxy/install/rmw_implementation_cmake/share/rmw_implementation_cmake/cmake)
-- Using RMW implementation 'rmw_fastrtps_cpp' as default
-- Found gmock sources under '/home/saitama1/ros2_foxy/install/gmock_vendor/src/gmock_vendor': C++ tests using 'Google Mock' will be built
-- Found gtest sources under '/home/saitama1/ros2_foxy/install/gtest_vendor/src/gtest_vendor': C++ tests using 'Google Test' will be built
-- Added test 'copyright' to check source files copyright and LICENSE
-- Added test 'cppcheck' to perform static code analysis on C / C++ code
-- Configured cppcheck include dirs: $<BUILD_INTERFACE:/home/saitama1/ros2_foxy/src/ros2/rosbag2/rosbag2_storage/include>;/home/saitama1/ros2_foxy/src/ros2/rosbag2/rosbag2_storage/include
-- Configured cppcheck exclude dirs and/or files: 
-- Added test 'cpplint' to check C / C++ code against the Google style
-- Configured cpplint exclude dirs and/or files: 
-- Added test 'lint_cmake' to check CMake code style
-- Added test 'uncrustify' to check C / C++ code style
-- Configured uncrustify additional arguments: 
-- Added test 'xmllint' to check XML markup files
-- Configuring done
-- Generating done
-- Build files have been written to: /home/saitama1/ros2_foxy/build/rosbag2_storage
[35m[1mScanning dependencies of target rosbag2_storage[0m
[  5%] [32mBuilding CXX object CMakeFiles/rosbag2_storage.dir/src/rosbag2_storage/metadata_io.cpp.o[0m
[ 10%] [32mBuilding CXX object CMakeFiles/rosbag2_storage.dir/src/rosbag2_storage/base_io_interface.cpp.o[0m
[ 15%] [32mBuilding CXX object CMakeFiles/rosbag2_storage.dir/src/rosbag2_storage/storage_factory.cpp.o[0m
[ 21%] [32mBuilding CXX object CMakeFiles/rosbag2_storage.dir/src/rosbag2_storage/ros_helper.cpp.o[0m
[ 26%] [32m[1mLinking CXX shared library librosbag2_storage.so[0m
[ 26%] Built target rosbag2_storage
[ 36%] Built target gmock_main
[ 42%] [32m[1mLinking CXX shared library libtest_plugin.so[0m
[ 52%] Built target test_plugin
[ 68%] Built target gmock
[ 73%] [32m[1mLinking CXX executable test_storage_factory[0m
[ 78%] Built target test_storage_factory
[ 84%] [32m[1mLinking CXX executable test_ros_helper[0m
[ 89%] Built target test_ros_helper
[ 94%] [32m[1mLinking CXX executable test_metadata_serialization[0m
[100%] Built target test_metadata_serialization
-- Install configuration: ""
-- Execute custom install script
-- Symlinking: /home/saitama1/ros2_foxy/install/rosbag2_storage/include/rosbag2_storage/bag_metadata.hpp
-- Symlinking: /home/saitama1/ros2_foxy/install/rosbag2_storage/include/rosbag2_storage/logging.hpp
-- Symlinking: /home/saitama1/ros2_foxy/install/rosbag2_storage/include/rosbag2_storage/metadata_io.hpp
-- Symlinking: /home/saitama1/ros2_foxy/install/rosbag2_storage/include/rosbag2_storage/ros_helper.hpp
-- Symlinking: /home/saitama1/ros2_foxy/install/rosbag2_storage/include/rosbag2_storage/serialized_bag_message.hpp
-- Symlinking: /home/saitama1/ros2_foxy/install/rosbag2_storage/include/rosbag2_storage/storage_factory.hpp
-- Symlinking: /home/saitama1/ros2_foxy/install/rosbag2_storage/include/rosbag2_storage/storage_factory_interface.hpp
-- Symlinking: /home/saitama1/ros2_foxy/install/rosbag2_storage/include/rosbag2_storage/storage_filter.hpp
-- Symlinking: /home/saitama1/ros2_foxy/install/rosbag2_storage/include/rosbag2_storage/storage_interfaces/base_info_interface.hpp
-- Symlinking: /home/saitama1/ros2_foxy/install/rosbag2_storage/include/rosbag2_storage/storage_interfaces/base_io_interface.hpp
-- Symlinking: /home/saitama1/ros2_foxy/install/rosbag2_storage/include/rosbag2_storage/storage_interfaces/base_read_interface.hpp
-- Symlinking: /home/saitama1/ros2_foxy/install/rosbag2_storage/include/rosbag2_storage/storage_interfaces/base_write_interface.hpp
-- Symlinking: /home/saitama1/ros2_foxy/install/rosbag2_storage/include/rosbag2_storage/storage_interfaces/read_only_interface.hpp
-- Symlinking: /home/saitama1/ros2_foxy/install/rosbag2_storage/include/rosbag2_storage/storage_interfaces/read_write_interface.hpp
-- Symlinking: /home/saitama1/ros2_foxy/install/rosbag2_storage/include/rosbag2_storage/storage_traits.hpp
-- Symlinking: /home/saitama1/ros2_foxy/install/rosbag2_storage/include/rosbag2_storage/topic_metadata.hpp
-- Symlinking: /home/saitama1/ros2_foxy/install/rosbag2_storage/include/rosbag2_storage/visibility_control.hpp
-- Symlinking: /home/saitama1/ros2_foxy/install/rosbag2_storage/share/rosbag2_storage/cmake/rosbag2_storage_register_storage_plugin.cmake
-- Symlinking: /home/saitama1/ros2_foxy/install/rosbag2_storage/share/rosbag2_storage/environment/library_path.sh
-- Symlinking: /home/saitama1/ros2_foxy/install/rosbag2_storage/share/rosbag2_storage/environment/library_path.dsv
-- Symlinking: /home/saitama1/ros2_foxy/install/rosbag2_storage/lib/libtest_plugin.so
-- Symlinking: /home/saitama1/ros2_foxy/install/rosbag2_storage/share/rosbag2_storage/test/rosbag2_storage/test_plugin.xml
-- Symlinking: /home/saitama1/ros2_foxy/install/rosbag2_storage/share/ament_index/resource_index/package_run_dependencies/rosbag2_storage
-- Symlinking: /home/saitama1/ros2_foxy/install/rosbag2_storage/share/ament_index/resource_index/parent_prefix_path/rosbag2_storage
-- Symlinking: /home/saitama1/ros2_foxy/install/rosbag2_storage/share/rosbag2_storage/environment/ament_prefix_path.sh
-- Symlinking: /home/saitama1/ros2_foxy/install/rosbag2_storage/share/rosbag2_storage/environment/ament_prefix_path.dsv
-- Symlinking: /home/saitama1/ros2_foxy/install/rosbag2_storage/share/rosbag2_storage/environment/path.sh
-- Symlinking: /home/saitama1/ros2_foxy/install/rosbag2_storage/share/rosbag2_storage/environment/path.dsv
-- Symlinking: /home/saitama1/ros2_foxy/install/rosbag2_storage/share/rosbag2_storage/local_setup.bash
-- Symlinking: /home/saitama1/ros2_foxy/install/rosbag2_storage/share/rosbag2_storage/local_setup.sh
-- Symlinking: /home/saitama1/ros2_foxy/install/rosbag2_storage/share/rosbag2_storage/local_setup.zsh
-- Symlinking: /home/saitama1/ros2_foxy/install/rosbag2_storage/share/rosbag2_storage/local_setup.dsv
-- Symlinking: /home/saitama1/ros2_foxy/install/rosbag2_storage/share/rosbag2_storage/package.dsv
-- Symlinking: /home/saitama1/ros2_foxy/install/rosbag2_storage/share/ament_index/resource_index/packages/rosbag2_storage
-- Symlinking: /home/saitama1/ros2_foxy/install/rosbag2_storage/share/ament_index/resource_index/rosbag2_storage__pluginlib__plugin/rosbag2_storage
-- Up-to-date symlink: /home/saitama1/ros2_foxy/install/rosbag2_storage/share/rosbag2_storage/cmake/rosbag2_storage_register_storage_plugin.cmake
-- Symlinking: /home/saitama1/ros2_foxy/install/rosbag2_storage/share/rosbag2_storage/cmake/ament_cmake_export_include_directories-extras.cmake
-- Symlinking: /home/saitama1/ros2_foxy/install/rosbag2_storage/share/rosbag2_storage/cmake/ament_cmake_export_libraries-extras.cmake
-- Symlinking: /home/saitama1/ros2_foxy/install/rosbag2_storage/share/rosbag2_storage/cmake/ament_cmake_export_targets-extras.cmake
-- Symlinking: /home/saitama1/ros2_foxy/install/rosbag2_storage/share/rosbag2_storage/cmake/ament_cmake_export_dependencies-extras.cmake
-- Symlinking: /home/saitama1/ros2_foxy/install/rosbag2_storage/share/rosbag2_storage/cmake/rosbag2_storageConfig.cmake
-- Symlinking: /home/saitama1/ros2_foxy/install/rosbag2_storage/share/rosbag2_storage/cmake/rosbag2_storageConfig-version.cmake
-- Symlinking: /home/saitama1/ros2_foxy/install/rosbag2_storage/share/rosbag2_storage/package.xml
-- Installing: /home/saitama1/ros2_foxy/install/rosbag2_storage/lib/librosbag2_storage.so
-- Set runtime path of "/home/saitama1/ros2_foxy/install/rosbag2_storage/lib/librosbag2_storage.so" to ""
-- Up-to-date: /home/saitama1/ros2_foxy/install/rosbag2_storage/share/rosbag2_storage/cmake/export_rosbag2_storageExport.cmake
-- Installing: /home/saitama1/ros2_foxy/install/rosbag2_storage/share/rosbag2_storage/cmake/export_rosbag2_storageExport-noconfig.cmake
