-- Found ament_cmake: 0.9.8 (/home/saitama1/ros2_foxy/install/ament_cmake/share/ament_cmake/cmake)
-- Using PYTHON_EXECUTABLE: /usr/bin/python3
-- Override CMake install command with custom implementation using symlinks instead of copying resources
-- Found ament_lint_auto: 0.9.6 (/home/saitama1/ros2_foxy/install/ament_lint_auto/share/ament_lint_auto/cmake)
-- Added test 'copyright' to check source files copyright and LICENSE
-- Added test 'flake8' to check Python code syntax and style conventions
-- Added test 'lint_cmake' to check CMake code style
-- Added test 'pep257' to check Python code against some of the style conventions in PEP 257
-- Added test 'xmllint' to check XML markup files
CMake Warning at /home/saitama1/ros2_foxy/install/ament_cmake_pytest/share/ament_cmake_pytest/cmake/ament_add_pytest_test.cmake:77 (message):
  The Python module 'pytest' was not found, pytests can not be run (e.g.  on
  Ubuntu/Debian install the package 'python3-pytest')
Call Stack (most recent call first):
  CMakeLists.txt:31 (ament_add_pytest_test)


-- Configuring done
-- Generating done
-- Build files have been written to: /home/saitama1/ros2_foxy/build/rosidl_adapter
-- Install configuration: ""
-- Execute custom install script
-- Symlinking: /home/saitama1/ros2_foxy/install/rosidl_adapter/share/rosidl_adapter/environment/pythonpath.sh
-- Symlinking: /home/saitama1/ros2_foxy/install/rosidl_adapter/share/rosidl_adapter/environment/pythonpath.dsv
-- Symlinking: /home/saitama1/ros2_foxy/install/rosidl_adapter/lib/python3.8/site-packages/rosidl_adapter/__init__.py
-- Symlinking: /home/saitama1/ros2_foxy/install/rosidl_adapter/lib/python3.8/site-packages/rosidl_adapter/__main__.py
-- Symlinking: /home/saitama1/ros2_foxy/install/rosidl_adapter/lib/python3.8/site-packages/rosidl_adapter/action/__init__.py
-- Symlinking: /home/saitama1/ros2_foxy/install/rosidl_adapter/lib/python3.8/site-packages/rosidl_adapter/cli.py
-- Symlinking: /home/saitama1/ros2_foxy/install/rosidl_adapter/lib/python3.8/site-packages/rosidl_adapter/main.py
-- Symlinking: /home/saitama1/ros2_foxy/install/rosidl_adapter/lib/python3.8/site-packages/rosidl_adapter/msg/__init__.py
-- Symlinking: /home/saitama1/ros2_foxy/install/rosidl_adapter/lib/python3.8/site-packages/rosidl_adapter/parser.py
-- Symlinking: /home/saitama1/ros2_foxy/install/rosidl_adapter/lib/python3.8/site-packages/rosidl_adapter/resource/__init__.py
-- Symlinking: /home/saitama1/ros2_foxy/install/rosidl_adapter/lib/python3.8/site-packages/rosidl_adapter/resource/action.idl.em
-- Symlinking: /home/saitama1/ros2_foxy/install/rosidl_adapter/lib/python3.8/site-packages/rosidl_adapter/resource/msg.idl.em
-- Symlinking: /home/saitama1/ros2_foxy/install/rosidl_adapter/lib/python3.8/site-packages/rosidl_adapter/resource/srv.idl.em
-- Symlinking: /home/saitama1/ros2_foxy/install/rosidl_adapter/lib/python3.8/site-packages/rosidl_adapter/resource/struct.idl.em
-- Symlinking: /home/saitama1/ros2_foxy/install/rosidl_adapter/lib/python3.8/site-packages/rosidl_adapter/srv/__init__.py
-- Symlinking: /home/saitama1/ros2_foxy/install/rosidl_adapter/share/ament_index/resource_index/package_run_dependencies/rosidl_adapter
-- Symlinking: /home/saitama1/ros2_foxy/install/rosidl_adapter/share/ament_index/resource_index/parent_prefix_path/rosidl_adapter
-- Symlinking: /home/saitama1/ros2_foxy/install/rosidl_adapter/share/rosidl_adapter/environment/ament_prefix_path.sh
-- Symlinking: /home/saitama1/ros2_foxy/install/rosidl_adapter/share/rosidl_adapter/environment/ament_prefix_path.dsv
-- Symlinking: /home/saitama1/ros2_foxy/install/rosidl_adapter/share/rosidl_adapter/environment/path.sh
-- Symlinking: /home/saitama1/ros2_foxy/install/rosidl_adapter/share/rosidl_adapter/environment/path.dsv
-- Symlinking: /home/saitama1/ros2_foxy/install/rosidl_adapter/share/rosidl_adapter/local_setup.bash
-- Symlinking: /home/saitama1/ros2_foxy/install/rosidl_adapter/share/rosidl_adapter/local_setup.sh
-- Symlinking: /home/saitama1/ros2_foxy/install/rosidl_adapter/share/rosidl_adapter/local_setup.zsh
-- Symlinking: /home/saitama1/ros2_foxy/install/rosidl_adapter/share/rosidl_adapter/local_setup.dsv
-- Symlinking: /home/saitama1/ros2_foxy/install/rosidl_adapter/share/rosidl_adapter/package.dsv
-- Symlinking: /home/saitama1/ros2_foxy/install/rosidl_adapter/share/ament_index/resource_index/packages/rosidl_adapter
-- Symlinking: /home/saitama1/ros2_foxy/install/rosidl_adapter/share/rosidl_adapter/cmake/rosidl_adapter-extras.cmake
-- Symlinking: /home/saitama1/ros2_foxy/install/rosidl_adapter/share/rosidl_adapter/cmake/rosidl_adapterConfig.cmake
-- Symlinking: /home/saitama1/ros2_foxy/install/rosidl_adapter/share/rosidl_adapter/cmake/rosidl_adapterConfig-version.cmake
-- Symlinking: /home/saitama1/ros2_foxy/install/rosidl_adapter/share/rosidl_adapter/package.xml
-- Symlinking: /home/saitama1/ros2_foxy/install/rosidl_adapter/share/rosidl_adapter/cmake/rosidl_adapt_interfaces.cmake
-- Symlinking: /home/saitama1/ros2_foxy/install/rosidl_adapter/lib/rosidl_adapter/msg2idl.py
-- Symlinking: /home/saitama1/ros2_foxy/install/rosidl_adapter/lib/rosidl_adapter/srv2idl.py
Listing '/home/saitama1/ros2_foxy/install/rosidl_adapter/lib/python3.8/site-packages/rosidl_adapter'...
Listing '/home/saitama1/ros2_foxy/install/rosidl_adapter/lib/python3.8/site-packages/rosidl_adapter/action'...
Listing '/home/saitama1/ros2_foxy/install/rosidl_adapter/lib/python3.8/site-packages/rosidl_adapter/msg'...
Listing '/home/saitama1/ros2_foxy/install/rosidl_adapter/lib/python3.8/site-packages/rosidl_adapter/resource'...
Listing '/home/saitama1/ros2_foxy/install/rosidl_adapter/lib/python3.8/site-packages/rosidl_adapter/srv'...
