running egg_info
creating ../../../../build/tracetools_trace/tracetools_trace.egg-info
writing ../../../../build/tracetools_trace/tracetools_trace.egg-info/PKG-INFO
writing dependency_links to ../../../../build/tracetools_trace/tracetools_trace.egg-info/dependency_links.txt
writing entry points to ../../../../build/tracetools_trace/tracetools_trace.egg-info/entry_points.txt
writing requirements to ../../../../build/tracetools_trace/tracetools_trace.egg-info/requires.txt
writing top-level names to ../../../../build/tracetools_trace/tracetools_trace.egg-info/top_level.txt
writing manifest file '../../../../build/tracetools_trace/tracetools_trace.egg-info/SOURCES.txt'
reading manifest file '../../../../build/tracetools_trace/tracetools_trace.egg-info/SOURCES.txt'
writing manifest file '../../../../build/tracetools_trace/tracetools_trace.egg-info/SOURCES.txt'
running build
running build_py
creating /home/saitama1/Pictures/ros2-picas/ros2_foxy/build/tracetools_trace/build
creating /home/saitama1/Pictures/ros2-picas/ros2_foxy/build/tracetools_trace/build/lib
creating /home/saitama1/Pictures/ros2-picas/ros2_foxy/build/tracetools_trace/build/lib/tracetools_trace
copying tracetools_trace/__init__.py -> /home/saitama1/Pictures/ros2-picas/ros2_foxy/build/tracetools_trace/build/lib/tracetools_trace
copying tracetools_trace/trace.py -> /home/saitama1/Pictures/ros2-picas/ros2_foxy/build/tracetools_trace/build/lib/tracetools_trace
creating /home/saitama1/Pictures/ros2-picas/ros2_foxy/build/tracetools_trace/build/lib/tracetools_trace/tools
copying tracetools_trace/tools/lttng.py -> /home/saitama1/Pictures/ros2-picas/ros2_foxy/build/tracetools_trace/build/lib/tracetools_trace/tools
copying tracetools_trace/tools/__init__.py -> /home/saitama1/Pictures/ros2-picas/ros2_foxy/build/tracetools_trace/build/lib/tracetools_trace/tools
copying tracetools_trace/tools/args.py -> /home/saitama1/Pictures/ros2-picas/ros2_foxy/build/tracetools_trace/build/lib/tracetools_trace/tools
copying tracetools_trace/tools/path.py -> /home/saitama1/Pictures/ros2-picas/ros2_foxy/build/tracetools_trace/build/lib/tracetools_trace/tools
copying tracetools_trace/tools/names.py -> /home/saitama1/Pictures/ros2-picas/ros2_foxy/build/tracetools_trace/build/lib/tracetools_trace/tools
copying tracetools_trace/tools/lttng_stub.py -> /home/saitama1/Pictures/ros2-picas/ros2_foxy/build/tracetools_trace/build/lib/tracetools_trace/tools
copying tracetools_trace/tools/lttng_impl.py -> /home/saitama1/Pictures/ros2-picas/ros2_foxy/build/tracetools_trace/build/lib/tracetools_trace/tools
running install
running install_lib
creating /home/saitama1/Pictures/ros2-picas/ros2_foxy/install/tracetools_trace/lib/python3.8/site-packages/tracetools_trace
copying /home/saitama1/Pictures/ros2-picas/ros2_foxy/build/tracetools_trace/build/lib/tracetools_trace/__init__.py -> /home/saitama1/Pictures/ros2-picas/ros2_foxy/install/tracetools_trace/lib/python3.8/site-packages/tracetools_trace
copying /home/saitama1/Pictures/ros2-picas/ros2_foxy/build/tracetools_trace/build/lib/tracetools_trace/trace.py -> /home/saitama1/Pictures/ros2-picas/ros2_foxy/install/tracetools_trace/lib/python3.8/site-packages/tracetools_trace
creating /home/saitama1/Pictures/ros2-picas/ros2_foxy/install/tracetools_trace/lib/python3.8/site-packages/tracetools_trace/tools
copying /home/saitama1/Pictures/ros2-picas/ros2_foxy/build/tracetools_trace/build/lib/tracetools_trace/tools/lttng.py -> /home/saitama1/Pictures/ros2-picas/ros2_foxy/install/tracetools_trace/lib/python3.8/site-packages/tracetools_trace/tools
copying /home/saitama1/Pictures/ros2-picas/ros2_foxy/build/tracetools_trace/build/lib/tracetools_trace/tools/__init__.py -> /home/saitama1/Pictures/ros2-picas/ros2_foxy/install/tracetools_trace/lib/python3.8/site-packages/tracetools_trace/tools
copying /home/saitama1/Pictures/ros2-picas/ros2_foxy/build/tracetools_trace/build/lib/tracetools_trace/tools/args.py -> /home/saitama1/Pictures/ros2-picas/ros2_foxy/install/tracetools_trace/lib/python3.8/site-packages/tracetools_trace/tools
copying /home/saitama1/Pictures/ros2-picas/ros2_foxy/build/tracetools_trace/build/lib/tracetools_trace/tools/path.py -> /home/saitama1/Pictures/ros2-picas/ros2_foxy/install/tracetools_trace/lib/python3.8/site-packages/tracetools_trace/tools
copying /home/saitama1/Pictures/ros2-picas/ros2_foxy/build/tracetools_trace/build/lib/tracetools_trace/tools/names.py -> /home/saitama1/Pictures/ros2-picas/ros2_foxy/install/tracetools_trace/lib/python3.8/site-packages/tracetools_trace/tools
copying /home/saitama1/Pictures/ros2-picas/ros2_foxy/build/tracetools_trace/build/lib/tracetools_trace/tools/lttng_stub.py -> /home/saitama1/Pictures/ros2-picas/ros2_foxy/install/tracetools_trace/lib/python3.8/site-packages/tracetools_trace/tools
copying /home/saitama1/Pictures/ros2-picas/ros2_foxy/build/tracetools_trace/build/lib/tracetools_trace/tools/lttng_impl.py -> /home/saitama1/Pictures/ros2-picas/ros2_foxy/install/tracetools_trace/lib/python3.8/site-packages/tracetools_trace/tools
byte-compiling /home/saitama1/Pictures/ros2-picas/ros2_foxy/install/tracetools_trace/lib/python3.8/site-packages/tracetools_trace/__init__.py to __init__.cpython-38.pyc
byte-compiling /home/saitama1/Pictures/ros2-picas/ros2_foxy/install/tracetools_trace/lib/python3.8/site-packages/tracetools_trace/trace.py to trace.cpython-38.pyc
byte-compiling /home/saitama1/Pictures/ros2-picas/ros2_foxy/install/tracetools_trace/lib/python3.8/site-packages/tracetools_trace/tools/lttng.py to lttng.cpython-38.pyc
byte-compiling /home/saitama1/Pictures/ros2-picas/ros2_foxy/install/tracetools_trace/lib/python3.8/site-packages/tracetools_trace/tools/__init__.py to __init__.cpython-38.pyc
byte-compiling /home/saitama1/Pictures/ros2-picas/ros2_foxy/install/tracetools_trace/lib/python3.8/site-packages/tracetools_trace/tools/args.py to args.cpython-38.pyc
byte-compiling /home/saitama1/Pictures/ros2-picas/ros2_foxy/install/tracetools_trace/lib/python3.8/site-packages/tracetools_trace/tools/path.py to path.cpython-38.pyc
byte-compiling /home/saitama1/Pictures/ros2-picas/ros2_foxy/install/tracetools_trace/lib/python3.8/site-packages/tracetools_trace/tools/names.py to names.cpython-38.pyc
byte-compiling /home/saitama1/Pictures/ros2-picas/ros2_foxy/install/tracetools_trace/lib/python3.8/site-packages/tracetools_trace/tools/lttng_stub.py to lttng_stub.cpython-38.pyc
byte-compiling /home/saitama1/Pictures/ros2-picas/ros2_foxy/install/tracetools_trace/lib/python3.8/site-packages/tracetools_trace/tools/lttng_impl.py to lttng_impl.cpython-38.pyc
running install_data
running install_egg_info
Copying ../../../../build/tracetools_trace/tracetools_trace.egg-info to /home/saitama1/Pictures/ros2-picas/ros2_foxy/install/tracetools_trace/lib/python3.8/site-packages/tracetools_trace-1.0.5-py3.8.egg-info
running install_scripts
Installing trace script to /home/saitama1/Pictures/ros2-picas/ros2_foxy/install/tracetools_trace/lib/tracetools_trace
writing list of installed files to '/home/saitama1/Pictures/ros2-picas/ros2_foxy/build/tracetools_trace/install.log'
