[0.391s] Invoking command in '/home/saitama1/ros2_foxy/build/ament_cmake_export_interfaces': AMENT_PREFIX_PATH=/home/saitama1/ros2_foxy/install/ament_cmake_export_libraries:/home/saitama1/ros2_foxy/install/ament_cmake_core:/home/saitama1/ros2_foxy/install/ament_package CMAKE_PREFIX_PATH=/home/saitama1/ros2_foxy/install/ament_cmake_export_libraries:/home/saitama1/ros2_foxy/install/ament_cmake_core PYTHONPATH=/home/saitama1/ros2_foxy/build/ament_package:/home/saitama1/ros2_foxy/install/ament_package/lib/python3.8/site-packages /usr/bin/cmake --build /home/saitama1/ros2_foxy/build/ament_cmake_export_interfaces -- -j12 -l12
[0.458s] Invoked command in '/home/saitama1/ros2_foxy/build/ament_cmake_export_interfaces' returned '0': AMENT_PREFIX_PATH=/home/saitama1/ros2_foxy/install/ament_cmake_export_libraries:/home/saitama1/ros2_foxy/install/ament_cmake_core:/home/saitama1/ros2_foxy/install/ament_package CMAKE_PREFIX_PATH=/home/saitama1/ros2_foxy/install/ament_cmake_export_libraries:/home/saitama1/ros2_foxy/install/ament_cmake_core PYTHONPATH=/home/saitama1/ros2_foxy/build/ament_package:/home/saitama1/ros2_foxy/install/ament_package/lib/python3.8/site-packages /usr/bin/cmake --build /home/saitama1/ros2_foxy/build/ament_cmake_export_interfaces -- -j12 -l12
[0.488s] Invoking command in '/home/saitama1/ros2_foxy/build/ament_cmake_export_interfaces': AMENT_PREFIX_PATH=/home/saitama1/ros2_foxy/install/ament_cmake_export_libraries:/home/saitama1/ros2_foxy/install/ament_cmake_core:/home/saitama1/ros2_foxy/install/ament_package CMAKE_PREFIX_PATH=/home/saitama1/ros2_foxy/install/ament_cmake_export_libraries:/home/saitama1/ros2_foxy/install/ament_cmake_core PYTHONPATH=/home/saitama1/ros2_foxy/build/ament_package:/home/saitama1/ros2_foxy/install/ament_package/lib/python3.8/site-packages /usr/bin/cmake --install /home/saitama1/ros2_foxy/build/ament_cmake_export_interfaces
[0.500s] -- Install configuration: ""
[0.508s] -- Execute custom install script
[0.509s] -- Up-to-date symlink: /home/saitama1/ros2_foxy/install/ament_cmake_export_interfaces/share/ament_index/resource_index/package_run_dependencies/ament_cmake_export_interfaces
[0.513s] -- Up-to-date symlink: /home/saitama1/ros2_foxy/install/ament_cmake_export_interfaces/share/ament_index/resource_index/parent_prefix_path/ament_cmake_export_interfaces
[0.516s] -- Up-to-date symlink: /home/saitama1/ros2_foxy/install/ament_cmake_export_interfaces/share/ament_cmake_export_interfaces/environment/ament_prefix_path.sh
[0.518s] -- Up-to-date symlink: /home/saitama1/ros2_foxy/install/ament_cmake_export_interfaces/share/ament_cmake_export_interfaces/environment/ament_prefix_path.dsv
[0.518s] -- Up-to-date symlink: /home/saitama1/ros2_foxy/install/ament_cmake_export_interfaces/share/ament_cmake_export_interfaces/environment/path.sh
[0.520s] -- Up-to-date symlink: /home/saitama1/ros2_foxy/install/ament_cmake_export_interfaces/share/ament_cmake_export_interfaces/environment/path.dsv
[0.520s] -- Up-to-date symlink: /home/saitama1/ros2_foxy/install/ament_cmake_export_interfaces/share/ament_cmake_export_interfaces/local_setup.bash
[0.520s] -- Up-to-date symlink: /home/saitama1/ros2_foxy/install/ament_cmake_export_interfaces/share/ament_cmake_export_interfaces/local_setup.sh
[0.521s] -- Up-to-date symlink: /home/saitama1/ros2_foxy/install/ament_cmake_export_interfaces/share/ament_cmake_export_interfaces/local_setup.zsh
[0.521s] -- Up-to-date symlink: /home/saitama1/ros2_foxy/install/ament_cmake_export_interfaces/share/ament_cmake_export_interfaces/local_setup.dsv
[0.521s] -- Symlinking: /home/saitama1/ros2_foxy/install/ament_cmake_export_interfaces/share/ament_cmake_export_interfaces/package.dsv
[0.533s] -- Up-to-date symlink: /home/saitama1/ros2_foxy/install/ament_cmake_export_interfaces/share/ament_index/resource_index/packages/ament_cmake_export_interfaces
[0.536s] -- Up-to-date symlink: /home/saitama1/ros2_foxy/install/ament_cmake_export_interfaces/share/ament_cmake_export_interfaces/cmake/ament_cmake_export_interfaces-extras.cmake
[0.536s] -- Up-to-date symlink: /home/saitama1/ros2_foxy/install/ament_cmake_export_interfaces/share/ament_cmake_export_interfaces/cmake/ament_cmake_export_interfacesConfig.cmake
[0.536s] -- Up-to-date symlink: /home/saitama1/ros2_foxy/install/ament_cmake_export_interfaces/share/ament_cmake_export_interfaces/cmake/ament_cmake_export_interfacesConfig-version.cmake
[0.537s] -- Up-to-date symlink: /home/saitama1/ros2_foxy/install/ament_cmake_export_interfaces/share/ament_cmake_export_interfaces/package.xml
[0.538s] -- Up-to-date symlink: /home/saitama1/ros2_foxy/install/ament_cmake_export_interfaces/share/ament_cmake_export_interfaces/cmake/ament_cmake_export_interfaces-extras.cmake.in
[0.538s] -- Up-to-date symlink: /home/saitama1/ros2_foxy/install/ament_cmake_export_interfaces/share/ament_cmake_export_interfaces/cmake/ament_cmake_export_interfaces_package_hook.cmake
[0.538s] -- Up-to-date symlink: /home/saitama1/ros2_foxy/install/ament_cmake_export_interfaces/share/ament_cmake_export_interfaces/cmake/ament_export_interfaces.cmake
[0.552s] Invoked command in '/home/saitama1/ros2_foxy/build/ament_cmake_export_interfaces' returned '0': AMENT_PREFIX_PATH=/home/saitama1/ros2_foxy/install/ament_cmake_export_libraries:/home/saitama1/ros2_foxy/install/ament_cmake_core:/home/saitama1/ros2_foxy/install/ament_package CMAKE_PREFIX_PATH=/home/saitama1/ros2_foxy/install/ament_cmake_export_libraries:/home/saitama1/ros2_foxy/install/ament_cmake_core PYTHONPATH=/home/saitama1/ros2_foxy/build/ament_package:/home/saitama1/ros2_foxy/install/ament_package/lib/python3.8/site-packages /usr/bin/cmake --install /home/saitama1/ros2_foxy/build/ament_cmake_export_interfaces
