-- Found ament_cmake_ros: 0.9.2 (/home/saitama1/ros2_foxy/install/ament_cmake_ros/share/ament_cmake_ros/cmake)
-- Using PYTHON_EXECUTABLE: /usr/bin/python3
-- Override CMake install command with custom implementation using symlinks instead of copying resources
-- Found rcutils: 1.1.3 (/home/saitama1/ros2_foxy/install/rcutils/share/rcutils/cmake)
-- Found rosidl_runtime_c: 1.2.1 (/home/saitama1/ros2_foxy/install/rosidl_runtime_c/share/rosidl_runtime_c/cmake)
-- Found ament_lint_auto: 0.9.6 (/home/saitama1/ros2_foxy/install/ament_lint_auto/share/ament_lint_auto/cmake)
-- Found gmock sources under '/home/saitama1/ros2_foxy/install/gmock_vendor/src/gmock_vendor': C++ tests using 'Google Mock' will be built
-- Found gtest sources under '/home/saitama1/ros2_foxy/install/gtest_vendor/src/gtest_vendor': C++ tests using 'Google Test' will be built
-- Added test 'copyright' to check source files copyright and LICENSE
-- Added test 'cpplint' to check C / C++ code against the Google style
-- Configured cpplint exclude dirs and/or files: 
-- Added test 'lint_cmake' to check CMake code style
-- Added test 'uncrustify' to check C / C++ code style
-- Configured uncrustify additional arguments: 
-- Added test 'xmllint' to check XML markup files
-- Configuring done
-- Generating done
-- Build files have been written to: /home/saitama1/ros2_foxy/build/rmw
[  3%] Built target gmock_main
[  5%] [32m[1mLinking C shared library librmw.so[0m
[ 10%] Built target gmock
[ 38%] Built target rmw
[ 50%] [32m[1mLinking CXX executable test_names_and_types[0m
[ 54%] [32m[1mLinking CXX executable test_convert_rcutils_ret_to_rmw_ret[0m
[ 54%] [32m[1mLinking CXX executable test_validate_node_name[0m
[ 55%] [32m[1mLinking CXX executable test_init_options[0m
[ 59%] [32m[1mLinking CXX executable test_topic_endpoint_info_array[0m
[ 59%] [32m[1mLinking CXX executable test_allocators[0m
[ 59%] [32m[1mLinking CXX executable test_subscription_options[0m
[ 59%] [32m[1mLinking CXX executable test_validate_full_topic_name[0m
[ 59%] [32m[1mLinking CXX executable test_security_options[0m
[ 59%] [32m[1mLinking CXX executable test_init[0m
[ 59%] [32m[1mLinking CXX executable test_topic_endpoint_info[0m
[ 59%] [32m[1mLinking CXX executable test_message_sequence[0m
[ 61%] Built target test_convert_rcutils_ret_to_rmw_ret
[ 62%] Built target test_names_and_types
[ 64%] Built target test_allocators
[ 66%] Built target test_topic_endpoint_info
[ 67%] Built target test_security_options
[ 69%] Built target test_subscription_options
[ 71%] Built target test_init
[ 72%] Built target test_init_options
[ 74%] Built target test_validate_node_name
[ 76%] Built target test_validate_full_topic_name
[ 77%] Built target test_topic_endpoint_info_array
[ 79%] Built target test_message_sequence
[ 81%] [32m[1mLinking CXX executable test_sanity_checks[0m
[ 83%] [32m[1mLinking CXX executable test_publisher_options[0m
[ 84%] [32m[1mLinking CXX executable test_validate_namespace[0m
[ 86%] [32m[1mLinking CXX executable test_types[0m
[ 88%] [32m[1mLinking CXX executable test_event[0m
[ 89%] [32m[1mLinking CXX executable test_serialized_message[0m
[ 91%] Built target test_sanity_checks
[ 94%] Built target test_validate_namespace
[ 94%] Built target test_publisher_options
[ 96%] Built target test_types
[ 98%] Built target test_event
[100%] Built target test_serialized_message
-- Install configuration: ""
-- Execute custom install script
-- Symlinking: /home/saitama1/ros2_foxy/install/rmw/share/rmw/environment/library_path.sh
-- Symlinking: /home/saitama1/ros2_foxy/install/rmw/share/rmw/environment/library_path.dsv
-- Symlinking: /home/saitama1/ros2_foxy/install/rmw/share/ament_index/resource_index/package_run_dependencies/rmw
-- Symlinking: /home/saitama1/ros2_foxy/install/rmw/share/ament_index/resource_index/parent_prefix_path/rmw
-- Symlinking: /home/saitama1/ros2_foxy/install/rmw/share/rmw/environment/ament_prefix_path.sh
-- Symlinking: /home/saitama1/ros2_foxy/install/rmw/share/rmw/environment/ament_prefix_path.dsv
-- Symlinking: /home/saitama1/ros2_foxy/install/rmw/share/rmw/environment/path.sh
-- Symlinking: /home/saitama1/ros2_foxy/install/rmw/share/rmw/environment/path.dsv
-- Symlinking: /home/saitama1/ros2_foxy/install/rmw/share/rmw/local_setup.bash
-- Symlinking: /home/saitama1/ros2_foxy/install/rmw/share/rmw/local_setup.sh
-- Symlinking: /home/saitama1/ros2_foxy/install/rmw/share/rmw/local_setup.zsh
-- Symlinking: /home/saitama1/ros2_foxy/install/rmw/share/rmw/local_setup.dsv
-- Symlinking: /home/saitama1/ros2_foxy/install/rmw/share/rmw/package.dsv
-- Symlinking: /home/saitama1/ros2_foxy/install/rmw/share/ament_index/resource_index/packages/rmw
-- Symlinking: /home/saitama1/ros2_foxy/install/rmw/share/rmw/cmake/rmw-extras.cmake
-- Symlinking: /home/saitama1/ros2_foxy/install/rmw/share/rmw/cmake/ament_cmake_export_dependencies-extras.cmake
-- Symlinking: /home/saitama1/ros2_foxy/install/rmw/share/rmw/cmake/ament_cmake_export_include_directories-extras.cmake
-- Symlinking: /home/saitama1/ros2_foxy/install/rmw/share/rmw/cmake/ament_cmake_export_libraries-extras.cmake
-- Symlinking: /home/saitama1/ros2_foxy/install/rmw/share/rmw/cmake/ament_cmake_export_targets-extras.cmake
-- Symlinking: /home/saitama1/ros2_foxy/install/rmw/share/rmw/cmake/rmwConfig.cmake
-- Symlinking: /home/saitama1/ros2_foxy/install/rmw/share/rmw/cmake/rmwConfig-version.cmake
-- Symlinking: /home/saitama1/ros2_foxy/install/rmw/share/rmw/package.xml
-- Symlinking: /home/saitama1/ros2_foxy/install/rmw/share/rmw/cmake/configure_rmw_library.cmake
-- Symlinking: /home/saitama1/ros2_foxy/install/rmw/share/rmw/cmake/get_rmw_typesupport.cmake
-- Symlinking: /home/saitama1/ros2_foxy/install/rmw/share/rmw/cmake/register_rmw_implementation.cmake
-- Symlinking: /home/saitama1/ros2_foxy/install/rmw/include/rmw/allocators.h
-- Symlinking: /home/saitama1/ros2_foxy/install/rmw/include/rmw/convert_rcutils_ret_to_rmw_ret.h
-- Symlinking: /home/saitama1/ros2_foxy/install/rmw/include/rmw/domain_id.h
-- Symlinking: /home/saitama1/ros2_foxy/install/rmw/include/rmw/error_handling.h
-- Symlinking: /home/saitama1/ros2_foxy/install/rmw/include/rmw/event.h
-- Symlinking: /home/saitama1/ros2_foxy/install/rmw/include/rmw/get_node_info_and_types.h
-- Symlinking: /home/saitama1/ros2_foxy/install/rmw/include/rmw/get_service_names_and_types.h
-- Symlinking: /home/saitama1/ros2_foxy/install/rmw/include/rmw/get_topic_endpoint_info.h
-- Symlinking: /home/saitama1/ros2_foxy/install/rmw/include/rmw/get_topic_names_and_types.h
-- Symlinking: /home/saitama1/ros2_foxy/install/rmw/include/rmw/impl/config.h
-- Symlinking: /home/saitama1/ros2_foxy/install/rmw/include/rmw/impl/cpp/demangle.hpp
-- Symlinking: /home/saitama1/ros2_foxy/install/rmw/include/rmw/impl/cpp/key_value.hpp
-- Symlinking: /home/saitama1/ros2_foxy/install/rmw/include/rmw/impl/cpp/macros.hpp
-- Symlinking: /home/saitama1/ros2_foxy/install/rmw/include/rmw/incompatible_qos_events_statuses.h
-- Symlinking: /home/saitama1/ros2_foxy/install/rmw/include/rmw/init.h
-- Symlinking: /home/saitama1/ros2_foxy/install/rmw/include/rmw/init_options.h
-- Symlinking: /home/saitama1/ros2_foxy/install/rmw/include/rmw/localhost.h
-- Symlinking: /home/saitama1/ros2_foxy/install/rmw/include/rmw/macros.h
-- Symlinking: /home/saitama1/ros2_foxy/install/rmw/include/rmw/message_sequence.h
-- Symlinking: /home/saitama1/ros2_foxy/install/rmw/include/rmw/names_and_types.h
-- Symlinking: /home/saitama1/ros2_foxy/install/rmw/include/rmw/publisher_options.h
-- Symlinking: /home/saitama1/ros2_foxy/install/rmw/include/rmw/qos_profiles.h
-- Symlinking: /home/saitama1/ros2_foxy/install/rmw/include/rmw/ret_types.h
-- Symlinking: /home/saitama1/ros2_foxy/install/rmw/include/rmw/rmw.h
-- Symlinking: /home/saitama1/ros2_foxy/install/rmw/include/rmw/sanity_checks.h
-- Symlinking: /home/saitama1/ros2_foxy/install/rmw/include/rmw/security_options.h
-- Symlinking: /home/saitama1/ros2_foxy/install/rmw/include/rmw/serialized_message.h
-- Symlinking: /home/saitama1/ros2_foxy/install/rmw/include/rmw/subscription_options.h
-- Symlinking: /home/saitama1/ros2_foxy/install/rmw/include/rmw/topic_endpoint_info.h
-- Symlinking: /home/saitama1/ros2_foxy/install/rmw/include/rmw/topic_endpoint_info_array.h
-- Symlinking: /home/saitama1/ros2_foxy/install/rmw/include/rmw/types.h
-- Symlinking: /home/saitama1/ros2_foxy/install/rmw/include/rmw/validate_full_topic_name.h
-- Symlinking: /home/saitama1/ros2_foxy/install/rmw/include/rmw/validate_namespace.h
-- Symlinking: /home/saitama1/ros2_foxy/install/rmw/include/rmw/validate_node_name.h
-- Symlinking: /home/saitama1/ros2_foxy/install/rmw/include/rmw/visibility_control.h
-- Up-to-date: /home/saitama1/ros2_foxy/install/rmw/share/rmw/cmake/rmwExport.cmake
-- Installing: /home/saitama1/ros2_foxy/install/rmw/share/rmw/cmake/rmwExport-noconfig.cmake
-- Installing: /home/saitama1/ros2_foxy/install/rmw/lib/librmw.so
-- Set runtime path of "/home/saitama1/ros2_foxy/install/rmw/lib/librmw.so" to ""
