[  7%] Built target class_loader_Test_Fviz
[ 14%] Built target gtest_main
[ 22%] Built target gtest
[ 40%] Built target class_loader
[ 48%] Built target class_loader_TestPlugins1
[ 55%] Built target class_loader_TestPlugins2
[ 62%] Built target class_loader_TestGlobalPlugins
[ 70%] Built target class_loader_Test_FvizDefaultPlugin
[ 77%] Built target class_loader_Test_Fviz_Main
[ 85%] Built target class_loader_utest
[ 92%] Built target class_loader_unique_ptr_test
[100%] Built target class_loader_fviz_test
-- Install configuration: ""
-- Execute custom install script
-- Up-to-date symlink: /home/saitama1/ros2_foxy/install/class_loader/share/class_loader/environment/library_path.sh
-- Up-to-date symlink: /home/saitama1/ros2_foxy/install/class_loader/share/class_loader/environment/library_path.dsv
-- Up-to-date symlink: /home/saitama1/ros2_foxy/install/class_loader/share/ament_index/resource_index/package_run_dependencies/class_loader
-- Up-to-date symlink: /home/saitama1/ros2_foxy/install/class_loader/share/ament_index/resource_index/parent_prefix_path/class_loader
-- Up-to-date symlink: /home/saitama1/ros2_foxy/install/class_loader/share/class_loader/environment/ament_prefix_path.sh
-- Up-to-date symlink: /home/saitama1/ros2_foxy/install/class_loader/share/class_loader/environment/ament_prefix_path.dsv
-- Up-to-date symlink: /home/saitama1/ros2_foxy/install/class_loader/share/class_loader/environment/path.sh
-- Up-to-date symlink: /home/saitama1/ros2_foxy/install/class_loader/share/class_loader/environment/path.dsv
-- Up-to-date symlink: /home/saitama1/ros2_foxy/install/class_loader/share/class_loader/local_setup.bash
-- Up-to-date symlink: /home/saitama1/ros2_foxy/install/class_loader/share/class_loader/local_setup.sh
-- Up-to-date symlink: /home/saitama1/ros2_foxy/install/class_loader/share/class_loader/local_setup.zsh
-- Up-to-date symlink: /home/saitama1/ros2_foxy/install/class_loader/share/class_loader/local_setup.dsv
-- Symlinking: /home/saitama1/ros2_foxy/install/class_loader/share/class_loader/package.dsv
-- Up-to-date symlink: /home/saitama1/ros2_foxy/install/class_loader/share/ament_index/resource_index/packages/class_loader
-- Up-to-date symlink: /home/saitama1/ros2_foxy/install/class_loader/share/class_loader/cmake/class_loader-extras.cmake
-- Up-to-date symlink: /home/saitama1/ros2_foxy/install/class_loader/share/class_loader/cmake/ament_cmake_export_dependencies-extras.cmake
-- Up-to-date symlink: /home/saitama1/ros2_foxy/install/class_loader/share/class_loader/cmake/ament_cmake_export_include_directories-extras.cmake
-- Up-to-date symlink: /home/saitama1/ros2_foxy/install/class_loader/share/class_loader/cmake/ament_cmake_export_libraries-extras.cmake
-- Up-to-date symlink: /home/saitama1/ros2_foxy/install/class_loader/share/class_loader/cmake/ament_cmake_export_targets-extras.cmake
-- Up-to-date symlink: /home/saitama1/ros2_foxy/install/class_loader/share/class_loader/cmake/class_loaderConfig.cmake
-- Up-to-date symlink: /home/saitama1/ros2_foxy/install/class_loader/share/class_loader/cmake/class_loaderConfig-version.cmake
-- Up-to-date symlink: /home/saitama1/ros2_foxy/install/class_loader/share/class_loader/package.xml
-- Up-to-date symlink: /home/saitama1/ros2_foxy/install/class_loader/share/class_loader/cmake/class_loader_hide_library_symbols.cmake
-- Up-to-date symlink: /home/saitama1/ros2_foxy/install/class_loader/include/class_loader/class_loader.hpp
-- Up-to-date symlink: /home/saitama1/ros2_foxy/install/class_loader/include/class_loader/class_loader_core.hpp
-- Up-to-date symlink: /home/saitama1/ros2_foxy/install/class_loader/include/class_loader/exceptions.hpp
-- Up-to-date symlink: /home/saitama1/ros2_foxy/install/class_loader/include/class_loader/meta_object.hpp
-- Up-to-date symlink: /home/saitama1/ros2_foxy/install/class_loader/include/class_loader/multi_library_class_loader.hpp
-- Up-to-date symlink: /home/saitama1/ros2_foxy/install/class_loader/include/class_loader/register_macro.hpp
-- Up-to-date symlink: /home/saitama1/ros2_foxy/install/class_loader/include/class_loader/visibility_control.hpp
-- Up-to-date: /home/saitama1/ros2_foxy/install/class_loader/share/class_loader/cmake/class_loaderExport.cmake
-- Up-to-date: /home/saitama1/ros2_foxy/install/class_loader/share/class_loader/cmake/class_loaderExport-noconfig.cmake
-- Up-to-date: /home/saitama1/ros2_foxy/install/class_loader/lib/libclass_loader.so
