-- The C compiler identification is GNU 9.3.0
-- The CXX compiler identification is GNU 9.3.0
-- Check for working C compiler: /usr/bin/cc
-- Check for working C compiler: /usr/bin/cc -- works
-- Detecting C compiler ABI info
-- Detecting C compiler ABI info - done
-- Detecting C compile features
-- Detecting C compile features - done
-- Check for working CXX compiler: /usr/bin/c++
-- Check for working CXX compiler: /usr/bin/c++ -- works
-- Detecting CXX compiler ABI info
-- Detecting CXX compiler ABI info - done
-- Detecting CXX compile features
-- Detecting CXX compile features - done
-- Enabling tests requiring a display
-- Found ament_cmake: 0.9.8 (/home/saitama1/ros2_foxy/install/ament_cmake/share/ament_cmake/cmake)
-- Found PythonInterp: /usr/bin/python3 (found suitable version "3.8.10", minimum required is "3") 
-- Using PYTHON_EXECUTABLE: /usr/bin/python3
-- Found rviz_ogre_vendor: 8.2.2 (/home/saitama1/ros2_foxy/install/rviz_ogre_vendor/share/rviz_ogre_vendor/cmake)
-- Setting OGRE_DIR to: '/home/saitama1/ros2_foxy/install/rviz_ogre_vendor/share/rviz_ogre_vendor/cmake/../../../opt/rviz_ogre_vendor/lib/OGRE/cmake'
-- Found OGRE
--   static     : OFF
--   components : HLMS;MeshLodGenerator;Overlay;Paging;Property;RTShaderSystem;Terrain;Volume
--   plugins    : Plugin_BSPSceneManager;Plugin_OctreeSceneManager;Plugin_PCZSceneManager;Plugin_ParticleFX;RenderSystem_GL;RenderSystem_GL3Plus;Codec_STBI;Codec_EXR
--   media      : /home/saitama1/ros2_foxy/install/rviz_ogre_vendor/opt/rviz_ogre_vendor/share/OGRE/Media
-- OGRE_LIBRARIES: OgreHLMS;OgreMeshLodGenerator;OgreOverlay;OgrePaging;OgreProperty;OgreRTShaderSystem;OgreTerrain;OgreVolume;OgreMain
-- OGRE_LIBRARY_DIRS: /home/saitama1/ros2_foxy/install/rviz_ogre_vendor/opt/rviz_ogre_vendor/lib
-- OGRE_PLUGINS: Plugin_BSPSceneManager;Plugin_OctreeSceneManager;Plugin_PCZSceneManager;Plugin_ParticleFX;RenderSystem_GL;RenderSystem_GL3Plus;Codec_STBI;Codec_EXR
-- OGRE_PLUGIN_DIR: /home/saitama1/ros2_foxy/install/rviz_ogre_vendor/opt/rviz_ogre_vendor/lib/OGRE
-- rviz_ogre_vendor::OgreOverlay for IMPORTED_LOCATION_RELEASE: /home/saitama1/ros2_foxy/install/rviz_ogre_vendor/opt/rviz_ogre_vendor/lib/libOgreOverlay.so
-- rviz_ogre_vendor::OgreOverlay for IMPORTED_LOCATION_DEBUG: /home/saitama1/ros2_foxy/install/rviz_ogre_vendor/opt/rviz_ogre_vendor/lib/libOgreOverlay.so
-- rviz_ogre_vendor::OgreMain for IMPORTED_LOCATION_RELEASE: /home/saitama1/ros2_foxy/install/rviz_ogre_vendor/opt/rviz_ogre_vendor/lib/libOgreMain.so
-- rviz_ogre_vendor::OgreMain for IMPORTED_LOCATION_DEBUG: /home/saitama1/ros2_foxy/install/rviz_ogre_vendor/opt/rviz_ogre_vendor/lib/libOgreMain.so
-- Could not find freeimage library
-- Found ZLIB: /usr/lib/x86_64-linux-gnu/libz.so (found version "1.2.11") 
-- Found OpenGL: /usr/lib/x86_64-linux-gnu/libOpenGL.so   
-- Found X11: /usr/include   
-- Looking for XOpenDisplay in /usr/lib/x86_64-linux-gnu/libX11.so;/usr/lib/x86_64-linux-gnu/libXext.so
-- Looking for XOpenDisplay in /usr/lib/x86_64-linux-gnu/libX11.so;/usr/lib/x86_64-linux-gnu/libXext.so - found
-- Looking for gethostbyname
-- Looking for gethostbyname - found
-- Looking for connect
-- Looking for connect - found
-- Looking for remove
-- Looking for remove - found
-- Looking for shmat
-- Looking for shmat - found
-- Looking for IceConnectionNumber in ICE
-- Looking for IceConnectionNumber in ICE - found
-- rviz_ogre_vendor::RenderSystem_GL for IMPORTED_LOCATION_RELEASE: _render_system_gl_static_library_abs-NOTFOUND
-- rviz_ogre_vendor::RenderSystem_GL for IMPORTED_LOCATION_DEBUG: _render_system_gl_static_library_abs-NOTFOUND
-- Found rviz_assimp_vendor: 8.2.2 (/home/saitama1/ros2_foxy/install/rviz_assimp_vendor/share/rviz_assimp_vendor/cmake)
-- library: libassimp.so.5
-- Found ament_index_cpp: 1.1.0 (/home/saitama1/ros2_foxy/install/ament_index_cpp/share/ament_index_cpp/cmake)
-- Found eigen3_cmake_module: 0.1.1 (/home/saitama1/ros2_foxy/install/eigen3_cmake_module/share/eigen3_cmake_module/cmake)
-- Found Eigen3: TRUE (found version "3.3.7") 
-- Found resource_retriever: 2.3.4 (/home/saitama1/ros2_foxy/install/resource_retriever/share/resource_retriever/cmake)
-- library: /usr/lib/x86_64-linux-gnu/libcurl.so
-- Found ament_cmake_cppcheck: 0.9.6 (/home/saitama1/ros2_foxy/install/ament_cmake_cppcheck/share/ament_cmake_cppcheck/cmake)
-- Found ament_cmake_cpplint: 0.9.6 (/home/saitama1/ros2_foxy/install/ament_cmake_cpplint/share/ament_cmake_cpplint/cmake)
-- Found ament_cmake_lint_cmake: 0.9.6 (/home/saitama1/ros2_foxy/install/ament_cmake_lint_cmake/share/ament_cmake_lint_cmake/cmake)
-- Found ament_cmake_uncrustify: 0.9.6 (/home/saitama1/ros2_foxy/install/ament_cmake_uncrustify/share/ament_cmake_uncrustify/cmake)
-- Found ament_cmake_gmock: 0.9.8 (/home/saitama1/ros2_foxy/install/ament_cmake_gmock/share/ament_cmake_gmock/cmake)
-- Found ament_cmake_gtest: 0.9.8 (/home/saitama1/ros2_foxy/install/ament_cmake_gtest/share/ament_cmake_gtest/cmake)
-- Found gmock sources under '/home/saitama1/ros2_foxy/install/gmock_vendor/src/gmock_vendor': C++ tests using 'Google Mock' will be built
-- Found gtest sources under '/home/saitama1/ros2_foxy/install/gtest_vendor/src/gtest_vendor': C++ tests using 'Google Test' will be built
-- Configuring done
-- Generating done
-- Build files have been written to: /home/saitama1/ros2_foxy/build/rviz_rendering
[35m[1mScanning dependencies of target gmock[0m
[  1%] [32mBuilding CXX object gmock/CMakeFiles/gmock.dir/home/saitama1/ros2_foxy/install/gtest_vendor/src/gtest_vendor/src/gtest-all.cc.o[0m
[  3%] [32mBuilding CXX object gmock/CMakeFiles/gmock.dir/src/gmock-all.cc.o[0m
[  5%] [32m[1mLinking CXX static library libgmock.a[0m
[  5%] Built target gmock
[35m[1mScanning dependencies of target gmock_main[0m
[  7%] [32mBuilding CXX object gmock/CMakeFiles/gmock_main.dir/src/gmock_main.cc.o[0m
[  8%] [32m[1mLinking CXX static library libgmock_main.a[0m
[  8%] Built target gmock_main
[ 10%] [34m[1mGenerating include/rviz_rendering/moc_render_window.cpp[0m
[35m[1mScanning dependencies of target rviz_rendering[0m
[ 12%] [32mBuilding CXX object CMakeFiles/rviz_rendering.dir/include/rviz_rendering/moc_render_window.cpp.o[0m
[ 14%] [32mBuilding CXX object CMakeFiles/rviz_rendering.dir/src/rviz_rendering/render_window.cpp.o[0m
[ 16%] [32mBuilding CXX object CMakeFiles/rviz_rendering.dir/src/rviz_rendering/resource_config.cpp.o[0m
[ 17%] [32mBuilding CXX object CMakeFiles/rviz_rendering.dir/src/rviz_rendering/mesh_loader_helpers/stl_loader.cpp.o[0m
[ 19%] [32mBuilding CXX object CMakeFiles/rviz_rendering.dir/src/rviz_rendering/mesh_loader_helpers/assimp_loader.cpp.o[0m
[ 21%] [32mBuilding CXX object CMakeFiles/rviz_rendering.dir/src/rviz_rendering/string_helper.cpp.o[0m
[ 23%] [32mBuilding CXX object CMakeFiles/rviz_rendering.dir/src/rviz_rendering/objects/arrow.cpp.o[0m
[ 25%] [32mBuilding CXX object CMakeFiles/rviz_rendering.dir/src/rviz_rendering/objects/axes.cpp.o[0m
[ 26%] [32mBuilding CXX object CMakeFiles/rviz_rendering.dir/src/rviz_rendering/objects/billboard_line.cpp.o[0m
[ 28%] [32mBuilding CXX object CMakeFiles/rviz_rendering.dir/src/rviz_rendering/objects/covariance_visual.cpp.o[0m
[ 30%] [32mBuilding CXX object CMakeFiles/rviz_rendering.dir/src/rviz_rendering/objects/grid.cpp.o[0m
[ 32%] [32mBuilding CXX object CMakeFiles/rviz_rendering.dir/src/rviz_rendering/render_system.cpp.o[0m
[ 33%] [32mBuilding CXX object CMakeFiles/rviz_rendering.dir/src/rviz_rendering/orthographic.cpp.o[0m
[ 35%] [32mBuilding CXX object CMakeFiles/rviz_rendering.dir/src/rviz_rendering/ogre_render_window_impl.cpp.o[0m
[ 37%] [32mBuilding CXX object CMakeFiles/rviz_rendering.dir/src/rviz_rendering/objects/line.cpp.o[0m
[ 39%] [32mBuilding CXX object CMakeFiles/rviz_rendering.dir/src/rviz_rendering/objects/movable_text.cpp.o[0m
[ 41%] [32mBuilding CXX object CMakeFiles/rviz_rendering.dir/src/rviz_rendering/objects/object.cpp.o[0m
[ 42%] [32mBuilding CXX object CMakeFiles/rviz_rendering.dir/src/rviz_rendering/ogre_logging.cpp.o[0m
[ 44%] [32mBuilding CXX object CMakeFiles/rviz_rendering.dir/src/rviz_rendering/objects/point_cloud.cpp.o[0m
[ 46%] [32mBuilding CXX object CMakeFiles/rviz_rendering.dir/src/rviz_rendering/objects/wrench_visual.cpp.o[0m
[ 48%] [32mBuilding CXX object CMakeFiles/rviz_rendering.dir/src/rviz_rendering/objects/shape.cpp.o[0m
[ 50%] [32mBuilding CXX object CMakeFiles/rviz_rendering.dir/src/rviz_rendering/objects/point_cloud_renderable.cpp.o[0m
[ 51%] [32mBuilding CXX object CMakeFiles/rviz_rendering.dir/src/rviz_rendering/mesh_loader.cpp.o[0m
[ 53%] [32mBuilding CXX object CMakeFiles/rviz_rendering.dir/src/rviz_rendering/material_manager.cpp.o[0m
[ 55%] [32mBuilding CXX object CMakeFiles/rviz_rendering.dir/src/rviz_rendering/logging.cpp.o[0m
[ 57%] [32mBuilding CXX object CMakeFiles/rviz_rendering.dir/src/rviz_rendering/viewport_projection_finder.cpp.o[0m
[ 58%] [32mBuilding CXX object CMakeFiles/rviz_rendering.dir/src/rviz_rendering/geometry.cpp.o[0m
[ 60%] [32mBuilding CXX object CMakeFiles/rviz_rendering.dir/src/rviz_rendering/apply_visibility_bits.cpp.o[0m
[ 62%] [32m[1mLinking CXX shared library librviz_rendering.so[0m
[ 62%] Built target rviz_rendering
[35m[1mScanning dependencies of target rviz_rendering_test_utils[0m
[ 64%] [32mBuilding CXX object CMakeFiles/rviz_rendering_test_utils.dir/test/rviz_rendering/ogre_testing_environment.cpp.o[0m
[ 66%] [32mBuilding CXX object CMakeFiles/rviz_rendering_test_utils.dir/test/rviz_rendering/scene_graph_introspection.cpp.o[0m
[ 67%] [32m[1mLinking CXX static library librviz_rendering_test_utils.a[0m
[ 67%] Built target rviz_rendering_test_utils
[35m[1mScanning dependencies of target string_helper_test[0m
[ 69%] [32mBuilding CXX object CMakeFiles/string_helper_test.dir/test/rviz_rendering/string_helper_test.cpp.o[0m
[ 71%] [32m[1mLinking CXX executable string_helper_test[0m
[ 71%] Built target string_helper_test
[35m[1mScanning dependencies of target line_test_target[0m
[ 73%] [32mBuilding CXX object CMakeFiles/line_test_target.dir/test/rviz_rendering/objects/line_test.cpp.o[0m
[ 75%] [32m[1mLinking CXX executable line_test_target[0m
[ 75%] Built target line_test_target
[35m[1mScanning dependencies of target movable_text_test_target[0m
[ 76%] [32mBuilding CXX object CMakeFiles/movable_text_test_target.dir/test/rviz_rendering/objects/movable_text_test.cpp.o[0m
[ 78%] [32m[1mLinking CXX executable movable_text_test_target[0m
[ 78%] Built target movable_text_test_target
[35m[1mScanning dependencies of target covariance_visual_test_target[0m
[35m[1mScanning dependencies of target grid_test_target[0m
[ 80%] [32mBuilding CXX object CMakeFiles/grid_test_target.dir/test/rviz_rendering/objects/grid_test.cpp.o[0m
[ 82%] [32mBuilding CXX object CMakeFiles/covariance_visual_test_target.dir/test/rviz_rendering/objects/covariance_visual_test.cpp.o[0m
[ 83%] [32m[1mLinking CXX executable grid_test_target[0m
[ 83%] Built target grid_test_target
[35m[1mScanning dependencies of target point_cloud_renderable_test_target[0m
[35m[1mScanning dependencies of target wrench_visual_test_target[0m
[35m[1mScanning dependencies of target billboard_line_test_target[0m
[ 85%] [32m[1mLinking CXX executable covariance_visual_test_target[0m
[ 87%] [32mBuilding CXX object CMakeFiles/point_cloud_renderable_test_target.dir/test/rviz_rendering/objects/point_cloud_renderable_test.cpp.o[0m
[ 89%] [32mBuilding CXX object CMakeFiles/wrench_visual_test_target.dir/test/rviz_rendering/objects/wrench_visual_test.cpp.o[0m
[ 91%] [32mBuilding CXX object CMakeFiles/billboard_line_test_target.dir/test/rviz_rendering/objects/billboard_line_test.cpp.o[0m
[ 91%] Built target covariance_visual_test_target
[35m[1mScanning dependencies of target point_cloud_test_target[0m
[ 92%] [32mBuilding CXX object CMakeFiles/point_cloud_test_target.dir/test/rviz_rendering/objects/point_cloud_test.cpp.o[0m
[ 94%] [32m[1mLinking CXX executable point_cloud_renderable_test_target[0m
[ 96%] [32m[1mLinking CXX executable wrench_visual_test_target[0m
[ 98%] [32m[1mLinking CXX executable billboard_line_test_target[0m
[ 98%] Built target point_cloud_renderable_test_target
[ 98%] Built target wrench_visual_test_target
[ 98%] Built target billboard_line_test_target
[100%] [32m[1mLinking CXX executable point_cloud_test_target[0m
[100%] Built target point_cloud_test_target
-- Install configuration: ""
-- Installing: /home/saitama1/ros2_foxy/install/rviz_rendering/share/rviz_rendering/environment/library_path.sh
-- Installing: /home/saitama1/ros2_foxy/install/rviz_rendering/share/rviz_rendering/environment/library_path.dsv
-- Installing: /home/saitama1/ros2_foxy/install/rviz_rendering/lib/librviz_rendering.so
-- Set runtime path of "/home/saitama1/ros2_foxy/install/rviz_rendering/lib/librviz_rendering.so" to ""
-- Installing: /home/saitama1/ros2_foxy/install/rviz_rendering/include
-- Installing: /home/saitama1/ros2_foxy/install/rviz_rendering/include/rviz_rendering
-- Installing: /home/saitama1/ros2_foxy/install/rviz_rendering/include/rviz_rendering/material_manager.hpp
-- Installing: /home/saitama1/ros2_foxy/install/rviz_rendering/include/rviz_rendering/custom_parameter_indices.hpp
-- Installing: /home/saitama1/ros2_foxy/install/rviz_rendering/include/rviz_rendering/render_window.hpp
-- Installing: /home/saitama1/ros2_foxy/install/rviz_rendering/include/rviz_rendering/apply_visibility_bits.hpp
-- Installing: /home/saitama1/ros2_foxy/install/rviz_rendering/include/rviz_rendering/logging_handler.hpp
-- Installing: /home/saitama1/ros2_foxy/install/rviz_rendering/include/rviz_rendering/objects
-- Installing: /home/saitama1/ros2_foxy/install/rviz_rendering/include/rviz_rendering/objects/wrench_visual.hpp
-- Installing: /home/saitama1/ros2_foxy/install/rviz_rendering/include/rviz_rendering/objects/arrow.hpp
-- Installing: /home/saitama1/ros2_foxy/install/rviz_rendering/include/rviz_rendering/objects/grid.hpp
-- Installing: /home/saitama1/ros2_foxy/install/rviz_rendering/include/rviz_rendering/objects/object.hpp
-- Installing: /home/saitama1/ros2_foxy/install/rviz_rendering/include/rviz_rendering/objects/shape.hpp
-- Installing: /home/saitama1/ros2_foxy/install/rviz_rendering/include/rviz_rendering/objects/axes.hpp
-- Installing: /home/saitama1/ros2_foxy/install/rviz_rendering/include/rviz_rendering/objects/point_cloud_renderable.hpp
-- Installing: /home/saitama1/ros2_foxy/install/rviz_rendering/include/rviz_rendering/objects/point_cloud.hpp
-- Installing: /home/saitama1/ros2_foxy/install/rviz_rendering/include/rviz_rendering/objects/covariance_visual.hpp
-- Installing: /home/saitama1/ros2_foxy/install/rviz_rendering/include/rviz_rendering/objects/movable_text.hpp
-- Installing: /home/saitama1/ros2_foxy/install/rviz_rendering/include/rviz_rendering/objects/billboard_line.hpp
-- Installing: /home/saitama1/ros2_foxy/install/rviz_rendering/include/rviz_rendering/objects/line.hpp
-- Installing: /home/saitama1/ros2_foxy/install/rviz_rendering/include/rviz_rendering/orthographic.hpp
-- Installing: /home/saitama1/ros2_foxy/install/rviz_rendering/include/rviz_rendering/render_system.hpp
-- Installing: /home/saitama1/ros2_foxy/install/rviz_rendering/include/rviz_rendering/resource_config.hpp
-- Installing: /home/saitama1/ros2_foxy/install/rviz_rendering/include/rviz_rendering/ogre_logging.hpp
-- Installing: /home/saitama1/ros2_foxy/install/rviz_rendering/include/rviz_rendering/viewport_projection_finder.hpp
-- Installing: /home/saitama1/ros2_foxy/install/rviz_rendering/include/rviz_rendering/geometry.hpp
-- Installing: /home/saitama1/ros2_foxy/install/rviz_rendering/include/rviz_rendering/rviz_rendering.hpp
-- Installing: /home/saitama1/ros2_foxy/install/rviz_rendering/include/rviz_rendering/mesh_loader.hpp
-- Installing: /home/saitama1/ros2_foxy/install/rviz_rendering/include/rviz_rendering/logging.hpp
-- Installing: /home/saitama1/ros2_foxy/install/rviz_rendering/include/rviz_rendering/visibility_control.hpp
-- Installing: /home/saitama1/ros2_foxy/install/rviz_rendering/share/rviz_rendering/cmake
-- Installing: /home/saitama1/ros2_foxy/install/rviz_rendering/share/rviz_rendering/cmake/register_rviz_ogre_media_exports_hook.cmake
-- Installing: /home/saitama1/ros2_foxy/install/rviz_rendering/share/rviz_rendering/cmake/register_rviz_ogre_media_exports.cmake
-- Installing: /home/saitama1/ros2_foxy/install/rviz_rendering/share/rviz_rendering/cmake/register_rviz_ogre_media_exports_hook-extras.cmake
-- Installing: /home/saitama1/ros2_foxy/install/rviz_rendering/share/rviz_rendering/ogre_media
-- Installing: /home/saitama1/ros2_foxy/install/rviz_rendering/share/rviz_rendering/ogre_media/fonts
-- Installing: /home/saitama1/ros2_foxy/install/rviz_rendering/share/rviz_rendering/ogre_media/fonts/liberation_sans.fontdef
-- Installing: /home/saitama1/ros2_foxy/install/rviz_rendering/share/rviz_rendering/ogre_media/fonts/liberation-sans
-- Installing: /home/saitama1/ros2_foxy/install/rviz_rendering/share/rviz_rendering/ogre_media/fonts/liberation-sans/LiberationSans-Regular.ttf
-- Installing: /home/saitama1/ros2_foxy/install/rviz_rendering/share/rviz_rendering/ogre_media/fonts/liberation-sans/LiberationSans-Italic.ttf
-- Installing: /home/saitama1/ros2_foxy/install/rviz_rendering/share/rviz_rendering/ogre_media/fonts/liberation-sans/SIL Open Font License.txt
-- Installing: /home/saitama1/ros2_foxy/install/rviz_rendering/share/rviz_rendering/ogre_media/fonts/liberation-sans/LiberationSans-Bold.ttf
-- Installing: /home/saitama1/ros2_foxy/install/rviz_rendering/share/rviz_rendering/ogre_media/fonts/liberation-sans/LiberationSans-BoldItalic.ttf
-- Installing: /home/saitama1/ros2_foxy/install/rviz_rendering/share/rviz_rendering/ogre_media/fonts/README.md
-- Installing: /home/saitama1/ros2_foxy/install/rviz_rendering/share/rviz_rendering/ogre_media/textures
-- Installing: /home/saitama1/ros2_foxy/install/rviz_rendering/share/rviz_rendering/ogre_media/textures/no_image.png
-- Installing: /home/saitama1/ros2_foxy/install/rviz_rendering/share/rviz_rendering/ogre_media/textures/test_20x20.png
-- Installing: /home/saitama1/ros2_foxy/install/rviz_rendering/share/rviz_rendering/ogre_media/materials
-- Installing: /home/saitama1/ros2_foxy/install/rviz_rendering/share/rviz_rendering/ogre_media/materials/glsl150
-- Installing: /home/saitama1/ros2_foxy/install/rviz_rendering/share/rviz_rendering/ogre_media/materials/glsl150/pass_pos_color.vert
-- Installing: /home/saitama1/ros2_foxy/install/rviz_rendering/share/rviz_rendering/ogre_media/materials/glsl150/billboard.geom
-- Installing: /home/saitama1/ros2_foxy/install/rviz_rendering/share/rviz_rendering/ogre_media/materials/glsl150/glsl150.program
-- Installing: /home/saitama1/ros2_foxy/install/rviz_rendering/share/rviz_rendering/ogre_media/materials/glsl150/box.geom
-- Installing: /home/saitama1/ros2_foxy/install/rviz_rendering/share/rviz_rendering/ogre_media/materials/scripts150
-- Installing: /home/saitama1/ros2_foxy/install/rviz_rendering/share/rviz_rendering/ogre_media/materials/scripts150/point_cloud_square.material
-- Installing: /home/saitama1/ros2_foxy/install/rviz_rendering/share/rviz_rendering/ogre_media/materials/scripts150/point_cloud_sphere.material
-- Installing: /home/saitama1/ros2_foxy/install/rviz_rendering/share/rviz_rendering/ogre_media/materials/scripts150/point_cloud_box.material
-- Installing: /home/saitama1/ros2_foxy/install/rviz_rendering/share/rviz_rendering/ogre_media/materials/scripts150/point_cloud_flat_square.material
-- Installing: /home/saitama1/ros2_foxy/install/rviz_rendering/share/rviz_rendering/ogre_media/materials/scripts120
-- Installing: /home/saitama1/ros2_foxy/install/rviz_rendering/share/rviz_rendering/ogre_media/materials/scripts120/point_cloud_square.material
-- Installing: /home/saitama1/ros2_foxy/install/rviz_rendering/share/rviz_rendering/ogre_media/materials/scripts120/point_cloud_sphere.material
-- Installing: /home/saitama1/ros2_foxy/install/rviz_rendering/share/rviz_rendering/ogre_media/materials/scripts120/point_cloud_box.material
-- Installing: /home/saitama1/ros2_foxy/install/rviz_rendering/share/rviz_rendering/ogre_media/materials/scripts120/point_cloud_flat_square.material
-- Installing: /home/saitama1/ros2_foxy/install/rviz_rendering/share/rviz_rendering/ogre_media/materials/scripts
-- Installing: /home/saitama1/ros2_foxy/install/rviz_rendering/share/rviz_rendering/ogre_media/materials/scripts/point_cloud_point.material
-- Installing: /home/saitama1/ros2_foxy/install/rviz_rendering/share/rviz_rendering/ogre_media/materials/scripts/point_cloud_tile.material
-- Installing: /home/saitama1/ros2_foxy/install/rviz_rendering/share/rviz_rendering/ogre_media/materials/scripts/indexed_8bit_image.material
-- Installing: /home/saitama1/ros2_foxy/install/rviz_rendering/share/rviz_rendering/ogre_media/materials/scripts/default_pick_and_depth.material
-- Installing: /home/saitama1/ros2_foxy/install/rviz_rendering/share/rviz_rendering/ogre_media/materials/glsl120
-- Installing: /home/saitama1/ros2_foxy/install/rviz_rendering/share/rviz_rendering/ogre_media/materials/glsl120/indexed_8bit_image.frag
-- Installing: /home/saitama1/ros2_foxy/install/rviz_rendering/share/rviz_rendering/ogre_media/materials/glsl120/test_glsl.sh
-- Installing: /home/saitama1/ros2_foxy/install/rviz_rendering/share/rviz_rendering/ogre_media/materials/glsl120/black.frag
-- Installing: /home/saitama1/ros2_foxy/install/rviz_rendering/share/rviz_rendering/ogre_media/materials/glsl120/pass_color.frag
-- Installing: /home/saitama1/ros2_foxy/install/rviz_rendering/share/rviz_rendering/ogre_media/materials/glsl120/glsl120.program
-- Installing: /home/saitama1/ros2_foxy/install/rviz_rendering/share/rviz_rendering/ogre_media/materials/glsl120/flat_color.frag
-- Installing: /home/saitama1/ros2_foxy/install/rviz_rendering/share/rviz_rendering/ogre_media/materials/glsl120/pass_color_circle.frag
-- Installing: /home/saitama1/ros2_foxy/install/rviz_rendering/share/rviz_rendering/ogre_media/materials/glsl120/depth.vert
-- Installing: /home/saitama1/ros2_foxy/install/rviz_rendering/share/rviz_rendering/ogre_media/materials/glsl120/indexed_8bit_image.vert
-- Installing: /home/saitama1/ros2_foxy/install/rviz_rendering/share/rviz_rendering/ogre_media/materials/glsl120/nogp
-- Installing: /home/saitama1/ros2_foxy/install/rviz_rendering/share/rviz_rendering/ogre_media/materials/glsl120/nogp/nogp.program
-- Installing: /home/saitama1/ros2_foxy/install/rviz_rendering/share/rviz_rendering/ogre_media/materials/glsl120/nogp/box.frag
-- Installing: /home/saitama1/ros2_foxy/install/rviz_rendering/share/rviz_rendering/ogre_media/materials/glsl120/nogp/billboard_tile.vert
-- Installing: /home/saitama1/ros2_foxy/install/rviz_rendering/share/rviz_rendering/ogre_media/materials/glsl120/nogp/box.vert
-- Installing: /home/saitama1/ros2_foxy/install/rviz_rendering/share/rviz_rendering/ogre_media/materials/glsl120/nogp/billboard.vert
-- Installing: /home/saitama1/ros2_foxy/install/rviz_rendering/share/rviz_rendering/ogre_media/materials/glsl120/smooth_square.frag
-- Installing: /home/saitama1/ros2_foxy/install/rviz_rendering/share/rviz_rendering/ogre_media/materials/glsl120/flat_color_circle.frag
-- Installing: /home/saitama1/ros2_foxy/install/rviz_rendering/share/rviz_rendering/ogre_media/materials/glsl120/depth.frag
-- Installing: /home/saitama1/ros2_foxy/install/rviz_rendering/share/rviz_rendering/ogre_media/materials/glsl120/point.vert
-- Installing: /home/saitama1/ros2_foxy/install/rviz_rendering/share/rviz_rendering/ogre_media/materials/glsl120/pickcolor.frag
-- Installing: /home/saitama1/ros2_foxy/install/rviz_rendering/share/rviz_rendering/ogre_media/materials/glsl120/include
-- Installing: /home/saitama1/ros2_foxy/install/rviz_rendering/share/rviz_rendering/ogre_media/materials/glsl120/include/circle_impl.frag
-- Installing: /home/saitama1/ros2_foxy/install/rviz_rendering/share/rviz_rendering/ogre_media/materials/glsl120/include/pack_depth.frag
-- Installing: /home/saitama1/ros2_foxy/install/rviz_rendering/share/rviz_rendering/ogre_media/materials/glsl120/include/pass_depth.vert
-- Installing: /home/saitama1/ros2_foxy/install/rviz_rendering/share/rviz_rendering/ogre_media/materials/glsl120/shaded_circle.frag
-- Installing: /home/saitama1/ros2_foxy/install/rviz_rendering/share/rviz_rendering/ogre_media/materials/glsl120/pickcolor_circle.frag
-- Installing: /home/saitama1/ros2_foxy/install/rviz_rendering/share/rviz_rendering/ogre_media/materials/glsl120/depth_circle.frag
-- Installing: /home/saitama1/ros2_foxy/install/rviz_rendering/share/rviz_rendering/ogre_media/models
-- Installing: /home/saitama1/ros2_foxy/install/rviz_rendering/share/rviz_rendering/ogre_media/models/rviz_cone.mesh
-- Installing: /home/saitama1/ros2_foxy/install/rviz_rendering/share/rviz_rendering/ogre_media/models/rviz_cube.mesh
-- Installing: /home/saitama1/ros2_foxy/install/rviz_rendering/share/rviz_rendering/ogre_media/models/rviz_cylinder.mesh
-- Installing: /home/saitama1/ros2_foxy/install/rviz_rendering/share/rviz_rendering/ogre_media/models/rviz_sphere.mesh
-- Installing: /home/saitama1/ros2_foxy/install/rviz_rendering/share/rviz_rendering/ogre_media/plugins.cfg
-- Installing: /home/saitama1/ros2_foxy/install/rviz_rendering/share/ament_index/resource_index/package_run_dependencies/rviz_rendering
-- Installing: /home/saitama1/ros2_foxy/install/rviz_rendering/share/ament_index/resource_index/parent_prefix_path/rviz_rendering
-- Installing: /home/saitama1/ros2_foxy/install/rviz_rendering/share/rviz_rendering/environment/ament_prefix_path.sh
-- Installing: /home/saitama1/ros2_foxy/install/rviz_rendering/share/rviz_rendering/environment/ament_prefix_path.dsv
-- Installing: /home/saitama1/ros2_foxy/install/rviz_rendering/share/rviz_rendering/environment/path.sh
-- Installing: /home/saitama1/ros2_foxy/install/rviz_rendering/share/rviz_rendering/environment/path.dsv
-- Installing: /home/saitama1/ros2_foxy/install/rviz_rendering/share/rviz_rendering/local_setup.bash
-- Installing: /home/saitama1/ros2_foxy/install/rviz_rendering/share/rviz_rendering/local_setup.sh
-- Installing: /home/saitama1/ros2_foxy/install/rviz_rendering/share/rviz_rendering/local_setup.zsh
-- Installing: /home/saitama1/ros2_foxy/install/rviz_rendering/share/rviz_rendering/local_setup.dsv
-- Installing: /home/saitama1/ros2_foxy/install/rviz_rendering/share/rviz_rendering/package.dsv
-- Installing: /home/saitama1/ros2_foxy/install/rviz_rendering/share/ament_index/resource_index/packages/rviz_rendering
-- Installing: /home/saitama1/ros2_foxy/install/rviz_rendering/share/rviz_rendering/cmake/rviz_renderingExport.cmake
-- Installing: /home/saitama1/ros2_foxy/install/rviz_rendering/share/rviz_rendering/cmake/rviz_renderingExport-noconfig.cmake
-- Up-to-date: /home/saitama1/ros2_foxy/install/rviz_rendering/share/rviz_rendering/cmake/register_rviz_ogre_media_exports_hook-extras.cmake
-- Up-to-date: /home/saitama1/ros2_foxy/install/rviz_rendering/share/rviz_rendering/cmake/register_rviz_ogre_media_exports.cmake
-- Installing: /home/saitama1/ros2_foxy/install/rviz_rendering/share/rviz_rendering/cmake/ament_cmake_export_targets-extras.cmake
-- Installing: /home/saitama1/ros2_foxy/install/rviz_rendering/share/rviz_rendering/cmake/ament_cmake_export_dependencies-extras.cmake
-- Installing: /home/saitama1/ros2_foxy/install/rviz_rendering/share/rviz_rendering/cmake/ament_cmake_export_include_directories-extras.cmake
-- Installing: /home/saitama1/ros2_foxy/install/rviz_rendering/share/rviz_rendering/cmake/ament_cmake_export_libraries-extras.cmake
-- Installing: /home/saitama1/ros2_foxy/install/rviz_rendering/share/rviz_rendering/cmake/rviz_renderingConfig.cmake
-- Installing: /home/saitama1/ros2_foxy/install/rviz_rendering/share/rviz_rendering/cmake/rviz_renderingConfig-version.cmake
-- Installing: /home/saitama1/ros2_foxy/install/rviz_rendering/share/rviz_rendering/package.xml
