-- Found ament_cmake_core: 0.9.8 (/home/saitama1/ros2_foxy/install/ament_cmake_core/share/ament_cmake_core/cmake)
-- Using PYTHON_EXECUTABLE: /usr/bin/python3
-- Override CMake install command with custom implementation using symlinks instead of copying resources
-- Configuring done
-- Generating done
-- Build files have been written to: /home/saitama1/ros2_foxy/build/lanelet2
-- Install configuration: ""
-- Execute custom install script
-- Symlinking: /home/saitama1/ros2_foxy/install/lanelet2/share/ament_index/resource_index/package_run_dependencies/lanelet2
-- Symlinking: /home/saitama1/ros2_foxy/install/lanelet2/share/ament_index/resource_index/parent_prefix_path/lanelet2
-- Symlinking: /home/saitama1/ros2_foxy/install/lanelet2/share/lanelet2/environment/ament_prefix_path.sh
-- Symlinking: /home/saitama1/ros2_foxy/install/lanelet2/share/lanelet2/environment/ament_prefix_path.dsv
-- Symlinking: /home/saitama1/ros2_foxy/install/lanelet2/share/lanelet2/environment/path.sh
-- Symlinking: /home/saitama1/ros2_foxy/install/lanelet2/share/lanelet2/environment/path.dsv
-- Symlinking: /home/saitama1/ros2_foxy/install/lanelet2/share/lanelet2/local_setup.bash
-- Symlinking: /home/saitama1/ros2_foxy/install/lanelet2/share/lanelet2/local_setup.sh
-- Symlinking: /home/saitama1/ros2_foxy/install/lanelet2/share/lanelet2/local_setup.zsh
-- Symlinking: /home/saitama1/ros2_foxy/install/lanelet2/share/lanelet2/local_setup.dsv
-- Symlinking: /home/saitama1/ros2_foxy/install/lanelet2/share/lanelet2/package.dsv
-- Symlinking: /home/saitama1/ros2_foxy/install/lanelet2/share/ament_index/resource_index/packages/lanelet2
-- Symlinking: /home/saitama1/ros2_foxy/install/lanelet2/share/lanelet2/cmake/lanelet2Config.cmake
-- Symlinking: /home/saitama1/ros2_foxy/install/lanelet2/share/lanelet2/cmake/lanelet2Config-version.cmake
-- Symlinking: /home/saitama1/ros2_foxy/install/lanelet2/share/lanelet2/package.xml
