-- Found ament_cmake_core: 0.9.8 (/home/saitama1/ros2_foxy/install/ament_cmake_core/share/ament_cmake_core/cmake)
-- Using PYTHON_EXECUTABLE: /usr/bin/python3
-- Override CMake install command with custom implementation using symlinks instead of copying resources
-- Configuring done
-- Generating done
-- Build files have been written to: /home/saitama1/ros2_foxy/build/ament_cmake_export_targets
-- Install configuration: ""
-- Execute custom install script
-- Symlinking: /home/saitama1/ros2_foxy/install/ament_cmake_export_targets/share/ament_index/resource_index/package_run_dependencies/ament_cmake_export_targets
-- Symlinking: /home/saitama1/ros2_foxy/install/ament_cmake_export_targets/share/ament_index/resource_index/parent_prefix_path/ament_cmake_export_targets
-- Symlinking: /home/saitama1/ros2_foxy/install/ament_cmake_export_targets/share/ament_cmake_export_targets/environment/ament_prefix_path.sh
-- Symlinking: /home/saitama1/ros2_foxy/install/ament_cmake_export_targets/share/ament_cmake_export_targets/environment/ament_prefix_path.dsv
-- Symlinking: /home/saitama1/ros2_foxy/install/ament_cmake_export_targets/share/ament_cmake_export_targets/environment/path.sh
-- Symlinking: /home/saitama1/ros2_foxy/install/ament_cmake_export_targets/share/ament_cmake_export_targets/environment/path.dsv
-- Symlinking: /home/saitama1/ros2_foxy/install/ament_cmake_export_targets/share/ament_cmake_export_targets/local_setup.bash
-- Symlinking: /home/saitama1/ros2_foxy/install/ament_cmake_export_targets/share/ament_cmake_export_targets/local_setup.sh
-- Symlinking: /home/saitama1/ros2_foxy/install/ament_cmake_export_targets/share/ament_cmake_export_targets/local_setup.zsh
-- Symlinking: /home/saitama1/ros2_foxy/install/ament_cmake_export_targets/share/ament_cmake_export_targets/local_setup.dsv
-- Symlinking: /home/saitama1/ros2_foxy/install/ament_cmake_export_targets/share/ament_cmake_export_targets/package.dsv
-- Symlinking: /home/saitama1/ros2_foxy/install/ament_cmake_export_targets/share/ament_index/resource_index/packages/ament_cmake_export_targets
-- Symlinking: /home/saitama1/ros2_foxy/install/ament_cmake_export_targets/share/ament_cmake_export_targets/cmake/ament_cmake_export_targets-extras.cmake
-- Symlinking: /home/saitama1/ros2_foxy/install/ament_cmake_export_targets/share/ament_cmake_export_targets/cmake/ament_cmake_export_targetsConfig.cmake
-- Symlinking: /home/saitama1/ros2_foxy/install/ament_cmake_export_targets/share/ament_cmake_export_targets/cmake/ament_cmake_export_targetsConfig-version.cmake
-- Symlinking: /home/saitama1/ros2_foxy/install/ament_cmake_export_targets/share/ament_cmake_export_targets/package.xml
-- Symlinking: /home/saitama1/ros2_foxy/install/ament_cmake_export_targets/share/ament_cmake_export_targets/cmake/ament_cmake_export_targets-extras.cmake.in
-- Symlinking: /home/saitama1/ros2_foxy/install/ament_cmake_export_targets/share/ament_cmake_export_targets/cmake/ament_cmake_export_targets_package_hook.cmake
-- Symlinking: /home/saitama1/ros2_foxy/install/ament_cmake_export_targets/share/ament_cmake_export_targets/cmake/ament_export_targets.cmake
