[0.394s] Invoking command in '/home/saitama1/ros2_foxy/build/ament_cmake_target_dependencies': AMENT_PREFIX_PATH=/home/saitama1/ros2_foxy/install/ament_cmake_libraries:/home/saitama1/ros2_foxy/install/ament_cmake_include_directories:/home/saitama1/ros2_foxy/install/ament_cmake_core:/home/saitama1/ros2_foxy/install/ament_package CMAKE_PREFIX_PATH=/home/saitama1/ros2_foxy/install/ament_cmake_libraries:/home/saitama1/ros2_foxy/install/ament_cmake_include_directories:/home/saitama1/ros2_foxy/install/ament_cmake_core PYTHONPATH=/home/saitama1/ros2_foxy/build/ament_package:/home/saitama1/ros2_foxy/install/ament_package/lib/python3.8/site-packages /usr/bin/cmake --build /home/saitama1/ros2_foxy/build/ament_cmake_target_dependencies -- -j12 -l12
[0.457s] Invoked command in '/home/saitama1/ros2_foxy/build/ament_cmake_target_dependencies' returned '0': AMENT_PREFIX_PATH=/home/saitama1/ros2_foxy/install/ament_cmake_libraries:/home/saitama1/ros2_foxy/install/ament_cmake_include_directories:/home/saitama1/ros2_foxy/install/ament_cmake_core:/home/saitama1/ros2_foxy/install/ament_package CMAKE_PREFIX_PATH=/home/saitama1/ros2_foxy/install/ament_cmake_libraries:/home/saitama1/ros2_foxy/install/ament_cmake_include_directories:/home/saitama1/ros2_foxy/install/ament_cmake_core PYTHONPATH=/home/saitama1/ros2_foxy/build/ament_package:/home/saitama1/ros2_foxy/install/ament_package/lib/python3.8/site-packages /usr/bin/cmake --build /home/saitama1/ros2_foxy/build/ament_cmake_target_dependencies -- -j12 -l12
[0.516s] Invoking command in '/home/saitama1/ros2_foxy/build/ament_cmake_target_dependencies': AMENT_PREFIX_PATH=/home/saitama1/ros2_foxy/install/ament_cmake_libraries:/home/saitama1/ros2_foxy/install/ament_cmake_include_directories:/home/saitama1/ros2_foxy/install/ament_cmake_core:/home/saitama1/ros2_foxy/install/ament_package CMAKE_PREFIX_PATH=/home/saitama1/ros2_foxy/install/ament_cmake_libraries:/home/saitama1/ros2_foxy/install/ament_cmake_include_directories:/home/saitama1/ros2_foxy/install/ament_cmake_core PYTHONPATH=/home/saitama1/ros2_foxy/build/ament_package:/home/saitama1/ros2_foxy/install/ament_package/lib/python3.8/site-packages /usr/bin/cmake --install /home/saitama1/ros2_foxy/build/ament_cmake_target_dependencies
[0.518s] -- Install configuration: ""
[0.520s] -- Execute custom install script
[0.521s] -- Up-to-date symlink: /home/saitama1/ros2_foxy/install/ament_cmake_target_dependencies/share/ament_index/resource_index/package_run_dependencies/ament_cmake_target_dependencies
[0.522s] -- Up-to-date symlink: /home/saitama1/ros2_foxy/install/ament_cmake_target_dependencies/share/ament_index/resource_index/parent_prefix_path/ament_cmake_target_dependencies
[0.522s] -- Up-to-date symlink: /home/saitama1/ros2_foxy/install/ament_cmake_target_dependencies/share/ament_cmake_target_dependencies/environment/ament_prefix_path.sh
[0.523s] -- Up-to-date symlink: /home/saitama1/ros2_foxy/install/ament_cmake_target_dependencies/share/ament_cmake_target_dependencies/environment/ament_prefix_path.dsv
[0.524s] -- Up-to-date symlink: /home/saitama1/ros2_foxy/install/ament_cmake_target_dependencies/share/ament_cmake_target_dependencies/environment/path.sh
[0.527s] -- Up-to-date symlink: /home/saitama1/ros2_foxy/install/ament_cmake_target_dependencies/share/ament_cmake_target_dependencies/environment/path.dsv
[0.527s] -- Up-to-date symlink: /home/saitama1/ros2_foxy/install/ament_cmake_target_dependencies/share/ament_cmake_target_dependencies/local_setup.bash
[0.527s] -- Up-to-date symlink: /home/saitama1/ros2_foxy/install/ament_cmake_target_dependencies/share/ament_cmake_target_dependencies/local_setup.sh
[0.527s] -- Up-to-date symlink: /home/saitama1/ros2_foxy/install/ament_cmake_target_dependencies/share/ament_cmake_target_dependencies/local_setup.zsh
[0.528s] -- Up-to-date symlink: /home/saitama1/ros2_foxy/install/ament_cmake_target_dependencies/share/ament_cmake_target_dependencies/local_setup.dsv
[0.531s] -- Symlinking: /home/saitama1/ros2_foxy/install/ament_cmake_target_dependencies/share/ament_cmake_target_dependencies/package.dsv
[0.541s] -- Up-to-date symlink: /home/saitama1/ros2_foxy/install/ament_cmake_target_dependencies/share/ament_index/resource_index/packages/ament_cmake_target_dependencies
[0.541s] -- Up-to-date symlink: /home/saitama1/ros2_foxy/install/ament_cmake_target_dependencies/share/ament_cmake_target_dependencies/cmake/ament_cmake_target_dependencies-extras.cmake
[0.542s] -- Up-to-date symlink: /home/saitama1/ros2_foxy/install/ament_cmake_target_dependencies/share/ament_cmake_target_dependencies/cmake/ament_cmake_target_dependenciesConfig.cmake
[0.542s] -- Up-to-date symlink: /home/saitama1/ros2_foxy/install/ament_cmake_target_dependencies/share/ament_cmake_target_dependencies/cmake/ament_cmake_target_dependenciesConfig-version.cmake
[0.542s] -- Up-to-date symlink: /home/saitama1/ros2_foxy/install/ament_cmake_target_dependencies/share/ament_cmake_target_dependencies/package.xml
[0.542s] -- Up-to-date symlink: /home/saitama1/ros2_foxy/install/ament_cmake_target_dependencies/share/ament_cmake_target_dependencies/cmake/ament_get_recursive_properties.cmake
[0.542s] -- Up-to-date symlink: /home/saitama1/ros2_foxy/install/ament_cmake_target_dependencies/share/ament_cmake_target_dependencies/cmake/ament_target_dependencies.cmake
[0.558s] Invoked command in '/home/saitama1/ros2_foxy/build/ament_cmake_target_dependencies' returned '0': AMENT_PREFIX_PATH=/home/saitama1/ros2_foxy/install/ament_cmake_libraries:/home/saitama1/ros2_foxy/install/ament_cmake_include_directories:/home/saitama1/ros2_foxy/install/ament_cmake_core:/home/saitama1/ros2_foxy/install/ament_package CMAKE_PREFIX_PATH=/home/saitama1/ros2_foxy/install/ament_cmake_libraries:/home/saitama1/ros2_foxy/install/ament_cmake_include_directories:/home/saitama1/ros2_foxy/install/ament_cmake_core PYTHONPATH=/home/saitama1/ros2_foxy/build/ament_package:/home/saitama1/ros2_foxy/install/ament_package/lib/python3.8/site-packages /usr/bin/cmake --install /home/saitama1/ros2_foxy/build/ament_cmake_target_dependencies
