-- Install configuration: ""
-- Up-to-date: /home/saitama1/ros2_foxy/install/ament_cmake_export_link_flags/share/ament_index/resource_index/package_run_dependencies/ament_cmake_export_link_flags
-- Up-to-date: /home/saitama1/ros2_foxy/install/ament_cmake_export_link_flags/share/ament_index/resource_index/parent_prefix_path/ament_cmake_export_link_flags
-- Up-to-date: /home/saitama1/ros2_foxy/install/ament_cmake_export_link_flags/share/ament_cmake_export_link_flags/environment/ament_prefix_path.sh
-- Up-to-date: /home/saitama1/ros2_foxy/install/ament_cmake_export_link_flags/share/ament_cmake_export_link_flags/environment/ament_prefix_path.dsv
-- Up-to-date: /home/saitama1/ros2_foxy/install/ament_cmake_export_link_flags/share/ament_cmake_export_link_flags/environment/path.sh
-- Up-to-date: /home/saitama1/ros2_foxy/install/ament_cmake_export_link_flags/share/ament_cmake_export_link_flags/environment/path.dsv
-- Up-to-date: /home/saitama1/ros2_foxy/install/ament_cmake_export_link_flags/share/ament_cmake_export_link_flags/local_setup.bash
-- Up-to-date: /home/saitama1/ros2_foxy/install/ament_cmake_export_link_flags/share/ament_cmake_export_link_flags/local_setup.sh
-- Up-to-date: /home/saitama1/ros2_foxy/install/ament_cmake_export_link_flags/share/ament_cmake_export_link_flags/local_setup.zsh
-- Up-to-date: /home/saitama1/ros2_foxy/install/ament_cmake_export_link_flags/share/ament_cmake_export_link_flags/local_setup.dsv
-- Installing: /home/saitama1/ros2_foxy/install/ament_cmake_export_link_flags/share/ament_cmake_export_link_flags/package.dsv
-- Up-to-date: /home/saitama1/ros2_foxy/install/ament_cmake_export_link_flags/share/ament_index/resource_index/packages/ament_cmake_export_link_flags
-- Up-to-date: /home/saitama1/ros2_foxy/install/ament_cmake_export_link_flags/share/ament_cmake_export_link_flags/cmake/ament_cmake_export_link_flags-extras.cmake
-- Up-to-date: /home/saitama1/ros2_foxy/install/ament_cmake_export_link_flags/share/ament_cmake_export_link_flags/cmake/ament_cmake_export_link_flagsConfig.cmake
-- Up-to-date: /home/saitama1/ros2_foxy/install/ament_cmake_export_link_flags/share/ament_cmake_export_link_flags/cmake/ament_cmake_export_link_flagsConfig-version.cmake
-- Up-to-date: /home/saitama1/ros2_foxy/install/ament_cmake_export_link_flags/share/ament_cmake_export_link_flags/package.xml
-- Up-to-date: /home/saitama1/ros2_foxy/install/ament_cmake_export_link_flags/share/ament_cmake_export_link_flags/cmake
-- Up-to-date: /home/saitama1/ros2_foxy/install/ament_cmake_export_link_flags/share/ament_cmake_export_link_flags/cmake/ament_cmake_export_link_flags_package_hook.cmake
-- Up-to-date: /home/saitama1/ros2_foxy/install/ament_cmake_export_link_flags/share/ament_cmake_export_link_flags/cmake/ament_cmake_export_link_flags-extras.cmake.in
-- Up-to-date: /home/saitama1/ros2_foxy/install/ament_cmake_export_link_flags/share/ament_cmake_export_link_flags/cmake/ament_export_link_flags.cmake
