-- The C compiler identification is GNU 9.3.0
-- The CXX compiler identification is GNU 9.3.0
-- Check for working C compiler: /usr/bin/cc
-- Check for working C compiler: /usr/bin/cc -- works
-- Detecting C compiler ABI info
-- Detecting C compiler ABI info - done
-- Detecting C compile features
-- Detecting C compile features - done
-- Check for working CXX compiler: /usr/bin/c++
-- Check for working CXX compiler: /usr/bin/c++ -- works
-- Detecting CXX compiler ABI info
-- Detecting CXX compiler ABI info - done
-- Detecting CXX compile features
-- Detecting CXX compile features - done
-- Found mrt_cmake_modules: 1.0.8 (/home/saitama1/Pictures/ros2-picas/ros2_foxy/install/mrt_cmake_modules/share/mrt_cmake_modules/cmake)
-- Found ament_cmake_core: 0.9.8 (/opt/ros/foxy/share/ament_cmake_core/cmake)
-- Found PythonInterp: /usr/bin/python3 (found suitable version "3.8.10", minimum required is "3") 
-- Using PYTHON_EXECUTABLE: /usr/bin/python3
-- Found OpenMP_C: -fopenmp (found version "4.5") 
-- Found OpenMP_CXX: -fopenmp (found version "4.5") 
-- Found OpenMP: TRUE (found version "4.5")  
called: /home/saitama1/Pictures/ros2-picas/ros2_foxy/install/mrt_cmake_modules/share/mrt_cmake_modules/cmake/../scripts/generate_cmake_dependency_file.py /home/saitama1/Pictures/ros2-picas/ros2_foxy/src/autoware_build_parts/lanelet2/lanelet2_python/package.xml /home/saitama1/Pictures/ros2-picas/ros2_foxy/install/mrt_cmake_modules/share/mrt_cmake_modules/cmake/../yaml/cmake.yaml /home/saitama1/Pictures/ros2-picas/ros2_foxy/build/lanelet2_python/CMakeFiles/auto_dep_vars.cmake
-- Found Boost: /usr/lib/x86_64-linux-gnu/cmake/Boost-1.71.0/BoostConfig.cmake (found version "1.71.0") found components: wserialization thread random serialization log_setup prg_exec_monitor wave system chrono filesystem locale timer date_time regex graph program_options unit_test_framework log atomic iostreams 
-- Found pugixml: /usr/lib/x86_64-linux-gnu/libpugixml.so  
-- Found PkgConfig: /usr/bin/pkg-config (found version "0.29.1") 
-- Found GeographicLib: /usr/lib/x86_64-linux-gnu/libGeographic.so  
-- Found Python3: /usr/bin/python3.8 (found version "3.8.10") found components: Interpreter 
-- Could NOT find Boost: missing: python3.8.10 numpy3.8.10 (found /usr/lib/x86_64-linux-gnu/cmake/Boost-1.71.0/BoostConfig.cmake (found version "1.71.0"))
-- Found Boost: /usr/lib/x86_64-linux-gnu/cmake/Boost-1.71.0/BoostConfig.cmake (found version "1.71.0") found components: python numpy 
-- Found Python3: /usr/lib/x86_64-linux-gnu/libpython3.8.so (found version "3.8") found components: Development 
-- Found BoostPython: Boost::python;Boost::numpy;/usr/lib/x86_64-linux-gnu/libpython3.8.so  
-- Found Python3: /usr/bin/python3.8 (found version "3.8.10") found components: Interpreter 
-- Adding python api library "core" to python module "lanelet2"
-- Adding python api library "geometry" to python module "lanelet2"
-- Adding python api library "io" to python module "lanelet2"
-- Adding python api library "matching" to python module "lanelet2"
-- Adding python api library "projection" to python module "lanelet2"
-- Adding python api library "routing" to python module "lanelet2"
-- Adding python api library "traffic_rules" to python module "lanelet2"
-- Adding header-only library with files include/lanelet2_python/internal/converter.h
-- Marking libraries "lanelet2_python" of package "lanelet2_python" for installation
-- Marking HEADER FILES in "include/lanelet2_python" folder of package "lanelet2_python" for installation
-- Marking PYTHON PROGRAM "create_debug_routing_graph.py" of package "lanelet2_python" for installation
-- Marking PYTHON PROGRAM "make_ids_positive.py" of package "lanelet2_python" for installation
-- Marking PYTHON PROGRAM "print_ids.py" of package "lanelet2_python" for installation
-- Generating cmake exports for lanelet2_python to /home/saitama1/Pictures/ros2-picas/ros2_foxy/build/lanelet2_python/devel/share
-- Adding nosetests in folder /home/saitama1/Pictures/ros2-picas/ros2_foxy/src/autoware_build_parts/lanelet2/lanelet2_python/test
-- Using Python nosetests: /usr/bin/nosetests3
-- Adding nosetest nosetests-lanelet2_python-test
-- Configuring done
-- Generating done
-- Build files have been written to: /home/saitama1/Pictures/ros2-picas/ros2_foxy/build/lanelet2_python
[35m[1mScanning dependencies of target lanelet2_python-lanelet2-traffic_rules-pyapi[0m
[  7%] [32mBuilding CXX object CMakeFiles/lanelet2_python-lanelet2-traffic_rules-pyapi.dir/python_api/traffic_rules.cpp.o[0m
[ 14%] [32m[1mLinking CXX shared library devel/lib/python3.8/site-packages/lanelet2/traffic_rules.so[0m
[ 14%] Built target lanelet2_python-lanelet2-traffic_rules-pyapi
[35m[1mScanning dependencies of target lanelet2_python-lanelet2-geometry-pyapi[0m
[ 21%] [32mBuilding CXX object CMakeFiles/lanelet2_python-lanelet2-geometry-pyapi.dir/python_api/geometry.cpp.o[0m
[ 28%] [32m[1mLinking CXX shared library devel/lib/python3.8/site-packages/lanelet2/geometry.so[0m
[ 28%] Built target lanelet2_python-lanelet2-geometry-pyapi
[35m[1mScanning dependencies of target lanelet2_python-lanelet2-matching-pyapi[0m
[ 35%] [32mBuilding CXX object CMakeFiles/lanelet2_python-lanelet2-matching-pyapi.dir/python_api/matching.cpp.o[0m
[ 42%] [32m[1mLinking CXX shared library devel/lib/python3.8/site-packages/lanelet2/matching.so[0m
[ 42%] Built target lanelet2_python-lanelet2-matching-pyapi
[35m[1mScanning dependencies of target lanelet2_python-lanelet2-io-pyapi[0m
[ 50%] [32mBuilding CXX object CMakeFiles/lanelet2_python-lanelet2-io-pyapi.dir/python_api/io.cpp.o[0m
[ 57%] [32m[1mLinking CXX shared library devel/lib/python3.8/site-packages/lanelet2/io.so[0m
[ 57%] Built target lanelet2_python-lanelet2-io-pyapi
[35m[1mScanning dependencies of target lanelet2_python-lanelet2-core-pyapi[0m
[35m[1mScanning dependencies of target lanelet2_python-lanelet2-routing-pyapi[0m
[35m[1mScanning dependencies of target lanelet2_python-lanelet2-projection-pyapi[0m
[ 64%] [32mBuilding CXX object CMakeFiles/lanelet2_python-lanelet2-routing-pyapi.dir/python_api/routing.cpp.o[0m
[ 71%] [32mBuilding CXX object CMakeFiles/lanelet2_python-lanelet2-projection-pyapi.dir/python_api/projection.cpp.o[0m
[ 78%] [32mBuilding CXX object CMakeFiles/lanelet2_python-lanelet2-core-pyapi.dir/python_api/core.cpp.o[0m
[ 85%] [32m[1mLinking CXX shared library devel/lib/python3.8/site-packages/lanelet2/projection.so[0m
[ 85%] Built target lanelet2_python-lanelet2-projection-pyapi
[ 92%] [32m[1mLinking CXX shared library devel/lib/python3.8/site-packages/lanelet2/routing.so[0m
[ 92%] Built target lanelet2_python-lanelet2-routing-pyapi
[100%] [32m[1mLinking CXX shared library devel/lib/python3.8/site-packages/lanelet2/core.so[0m
[100%] Built target lanelet2_python-lanelet2-core-pyapi
[35m[1mScanning dependencies of target tests_lanelet2_python[0m
[100%] Built target tests_lanelet2_python
[35m[1mScanning dependencies of target tests[0m
[100%] Built target tests
-- Install configuration: ""
-- Installing: /home/saitama1/Pictures/ros2-picas/ros2_foxy/install/lanelet2_python/share/lanelet2_python/environment/pythonpath.sh
-- Installing: /home/saitama1/Pictures/ros2-picas/ros2_foxy/install/lanelet2_python/share/lanelet2_python/environment/pythonpath.dsv
-- Installing: /home/saitama1/Pictures/ros2-picas/ros2_foxy/install/lanelet2_python/lib/python3.8/site-packages/lanelet2/__init__.py
-- Installing: /home/saitama1/Pictures/ros2-picas/ros2_foxy/install/lanelet2_python/lib/python3.8/site-packages/lanelet2/core.so
-- Set runtime path of "/home/saitama1/Pictures/ros2-picas/ros2_foxy/install/lanelet2_python/lib/python3.8/site-packages/lanelet2/core.so" to ""
-- Installing: /home/saitama1/Pictures/ros2-picas/ros2_foxy/install/lanelet2_python/lib/python3.8/site-packages/lanelet2/geometry.so
-- Set runtime path of "/home/saitama1/Pictures/ros2-picas/ros2_foxy/install/lanelet2_python/lib/python3.8/site-packages/lanelet2/geometry.so" to ""
-- Installing: /home/saitama1/Pictures/ros2-picas/ros2_foxy/install/lanelet2_python/lib/python3.8/site-packages/lanelet2/io.so
-- Set runtime path of "/home/saitama1/Pictures/ros2-picas/ros2_foxy/install/lanelet2_python/lib/python3.8/site-packages/lanelet2/io.so" to ""
-- Installing: /home/saitama1/Pictures/ros2-picas/ros2_foxy/install/lanelet2_python/lib/python3.8/site-packages/lanelet2/matching.so
-- Set runtime path of "/home/saitama1/Pictures/ros2-picas/ros2_foxy/install/lanelet2_python/lib/python3.8/site-packages/lanelet2/matching.so" to ""
-- Installing: /home/saitama1/Pictures/ros2-picas/ros2_foxy/install/lanelet2_python/lib/python3.8/site-packages/lanelet2/projection.so
-- Set runtime path of "/home/saitama1/Pictures/ros2-picas/ros2_foxy/install/lanelet2_python/lib/python3.8/site-packages/lanelet2/projection.so" to ""
-- Installing: /home/saitama1/Pictures/ros2-picas/ros2_foxy/install/lanelet2_python/lib/python3.8/site-packages/lanelet2/routing.so
-- Set runtime path of "/home/saitama1/Pictures/ros2-picas/ros2_foxy/install/lanelet2_python/lib/python3.8/site-packages/lanelet2/routing.so" to ""
-- Installing: /home/saitama1/Pictures/ros2-picas/ros2_foxy/install/lanelet2_python/lib/python3.8/site-packages/lanelet2/traffic_rules.so
-- Set runtime path of "/home/saitama1/Pictures/ros2-picas/ros2_foxy/install/lanelet2_python/lib/python3.8/site-packages/lanelet2/traffic_rules.so" to ""
-- Up-to-date: /home/saitama1/Pictures/ros2-picas/ros2_foxy/install/lanelet2_python/include/lanelet2_python
-- Up-to-date: /home/saitama1/Pictures/ros2-picas/ros2_foxy/install/lanelet2_python/include/lanelet2_python/internal
-- Installing: /home/saitama1/Pictures/ros2-picas/ros2_foxy/install/lanelet2_python/include/lanelet2_python/internal/converter.h
-- Installing: /home/saitama1/Pictures/ros2-picas/ros2_foxy/install/lanelet2_python/lib/lanelet2_python/create_debug_routing_graph.py
-- Installing: /home/saitama1/Pictures/ros2-picas/ros2_foxy/install/lanelet2_python/lib/lanelet2_python/make_ids_positive.py
-- Installing: /home/saitama1/Pictures/ros2-picas/ros2_foxy/install/lanelet2_python/lib/lanelet2_python/print_ids.py
-- Installing: /home/saitama1/Pictures/ros2-picas/ros2_foxy/install/lanelet2_python/share/lanelet2_python/cmake/lanelet2_pythonTargets.cmake
-- Installing: /home/saitama1/Pictures/ros2-picas/ros2_foxy/install/lanelet2_python/share/lanelet2_python/cmake/lanelet2_pythonConfigVersion.cmake
-- Installing: /home/saitama1/Pictures/ros2-picas/ros2_foxy/install/lanelet2_python/share/lanelet2_python/cmake/lanelet2_pythonConfig.cmake
-- Installing: /home/saitama1/Pictures/ros2-picas/ros2_foxy/install/lanelet2_python/share/lanelet2_python/cmake/auto_dep_vars.cmake
-- Installing: /home/saitama1/Pictures/ros2-picas/ros2_foxy/install/lanelet2_python/share/lanelet2_python/cmake/lanelet2_pythonAutoDepsConfig.cmake
-- Installing: /home/saitama1/Pictures/ros2-picas/ros2_foxy/install/lanelet2_python/share/lanelet2_python/package.xml
-- Installing: /home/saitama1/Pictures/ros2-picas/ros2_foxy/install/lanelet2_python/share/ament_index/resource_index/package_run_dependencies/lanelet2_python
-- Installing: /home/saitama1/Pictures/ros2-picas/ros2_foxy/install/lanelet2_python/share/ament_index/resource_index/parent_prefix_path/lanelet2_python
-- Installing: /home/saitama1/Pictures/ros2-picas/ros2_foxy/install/lanelet2_python/share/lanelet2_python/environment/ament_prefix_path.sh
-- Installing: /home/saitama1/Pictures/ros2-picas/ros2_foxy/install/lanelet2_python/share/lanelet2_python/environment/ament_prefix_path.dsv
-- Installing: /home/saitama1/Pictures/ros2-picas/ros2_foxy/install/lanelet2_python/share/lanelet2_python/environment/path.sh
-- Installing: /home/saitama1/Pictures/ros2-picas/ros2_foxy/install/lanelet2_python/share/lanelet2_python/environment/path.dsv
-- Installing: /home/saitama1/Pictures/ros2-picas/ros2_foxy/install/lanelet2_python/share/lanelet2_python/local_setup.bash
-- Installing: /home/saitama1/Pictures/ros2-picas/ros2_foxy/install/lanelet2_python/share/lanelet2_python/local_setup.sh
-- Installing: /home/saitama1/Pictures/ros2-picas/ros2_foxy/install/lanelet2_python/share/lanelet2_python/local_setup.zsh
-- Installing: /home/saitama1/Pictures/ros2-picas/ros2_foxy/install/lanelet2_python/share/lanelet2_python/local_setup.dsv
-- Installing: /home/saitama1/Pictures/ros2-picas/ros2_foxy/install/lanelet2_python/share/lanelet2_python/package.dsv
-- Installing: /home/saitama1/Pictures/ros2-picas/ros2_foxy/install/lanelet2_python/share/ament_index/resource_index/packages/lanelet2_python
