[0.026s] Invoking command in '/home/saitama1/Pictures/ros2-picas/ros2_foxy/build/lanelet2_python': AMENT_PREFIX_PATH=/home/saitama1/Pictures/ros2-picas/ros2_foxy/install/lanelet2_matching:/home/saitama1/Pictures/ros2-picas/ros2_foxy/install/lanelet2_routing:/home/saitama1/Pictures/ros2-picas/ros2_foxy/install/lanelet2_projection:/home/saitama1/Pictures/ros2-picas/ros2_foxy/install/lanelet2_traffic_rules:/home/saitama1/Pictures/ros2-picas/ros2_foxy/install/lanelet2_io:/home/saitama1/Pictures/ros2-picas/ros2_foxy/install/lanelet2_core:/home/saitama1/Pictures/ros2-picas/ros2_foxy/install/ros_environment:/home/saitama1/Pictures/ros2-picas/ros2_foxy/install/ament_cmake_core:/home/saitama1/Pictures/ros2-picas/ros2_foxy/install/ament_package:${AMENT_PREFIX_PATH} CMAKE_PREFIX_PATH=/home/saitama1/Pictures/ros2-picas/ros2_foxy/install/lanelet2_matching:/home/saitama1/Pictures/ros2-picas/ros2_foxy/install/lanelet2_routing:/home/saitama1/Pictures/ros2-picas/ros2_foxy/install/lanelet2_projection:/home/saitama1/Pictures/ros2-picas/ros2_foxy/install/lanelet2_traffic_rules:/home/saitama1/Pictures/ros2-picas/ros2_foxy/install/lanelet2_io:/opt/ros/foxy:/home/saitama1/Pictures/ros2-picas/ros2_foxy/install/lanelet2_core:/home/saitama1/Pictures/ros2-picas/ros2_foxy/install/mrt_cmake_modules:/home/saitama1/Pictures/ros2-picas/ros2_foxy/install/ros_environment:/home/saitama1/Pictures/ros2-picas/ros2_foxy/install/ament_cmake_core:/home/saitama1/Pictures/ros2-picas/ros2_foxy/install/gtest_vendor LD_LIBRARY_PATH=/home/saitama1/Pictures/ros2-picas/ros2_foxy/install/lanelet2_matching/lib:/home/saitama1/Pictures/ros2-picas/ros2_foxy/install/lanelet2_routing/lib:/home/saitama1/Pictures/ros2-picas/ros2_foxy/install/lanelet2_projection/lib:/home/saitama1/Pictures/ros2-picas/ros2_foxy/install/lanelet2_traffic_rules/lib:/home/saitama1/Pictures/ros2-picas/ros2_foxy/install/lanelet2_io/lib:/home/saitama1/Pictures/ros2-picas/ros2_foxy/install/lanelet2_core/lib:${LD_LIBRARY_PATH} PATH=/home/saitama1/Pictures/ros2-picas/ros2_foxy/install/mrt_cmake_modules/bin:${PATH} PKG_CONFIG_PATH=/home/saitama1/Pictures/ros2-picas/ros2_foxy/install/mrt_cmake_modules/lib/x86_64-linux-gnu/pkgconfig:/home/saitama1/Pictures/ros2-picas/ros2_foxy/install/mrt_cmake_modules/lib/pkgconfig:/home/saitama1/Pictures/ros2-picas/ros2_foxy/install/gtest_vendor/lib/x86_64-linux-gnu/pkgconfig:/home/saitama1/Pictures/ros2-picas/ros2_foxy/install/gtest_vendor/lib/pkgconfig PYTHONPATH=/home/saitama1/Pictures/ros2-picas/ros2_foxy/install/ament_package/lib/python3.8/site-packages:${PYTHONPATH} ROS_PACKAGE_PATH=/home/saitama1/Pictures/ros2-picas/ros2_foxy/install/mrt_cmake_modules/share /usr/bin/cmake /home/saitama1/Pictures/ros2-picas/ros2_foxy/src/autoware_build_parts/lanelet2/lanelet2_python -DCMAKE_INSTALL_PREFIX=/home/saitama1/Pictures/ros2-picas/ros2_foxy/install/lanelet2_python
[0.094s] -- The C compiler identification is GNU 9.3.0
[0.149s] -- The CXX compiler identification is GNU 9.3.0
[0.153s] -- Check for working C compiler: /usr/bin/cc
[0.226s] -- Check for working C compiler: /usr/bin/cc -- works
[0.227s] -- Detecting C compiler ABI info
[0.295s] -- Detecting C compiler ABI info - done
[0.306s] -- Detecting C compile features
[0.306s] -- Detecting C compile features - done
[0.308s] -- Check for working CXX compiler: /usr/bin/c++
[0.387s] -- Check for working CXX compiler: /usr/bin/c++ -- works
[0.388s] -- Detecting CXX compiler ABI info
[0.472s] -- Detecting CXX compiler ABI info - done
[0.482s] -- Detecting CXX compile features
[0.482s] -- Detecting CXX compile features - done
[0.485s] -- Found mrt_cmake_modules: 1.0.8 (/home/saitama1/Pictures/ros2-picas/ros2_foxy/install/mrt_cmake_modules/share/mrt_cmake_modules/cmake)
[0.489s] -- Found ament_cmake_core: 0.9.8 (/opt/ros/foxy/share/ament_cmake_core/cmake)
[0.509s] -- Found PythonInterp: /usr/bin/python3 (found suitable version "3.8.10", minimum required is "3") 
[0.509s] -- Using PYTHON_EXECUTABLE: /usr/bin/python3
[0.933s] -- Found OpenMP_C: -fopenmp (found version "4.5") 
[1.018s] -- Found OpenMP_CXX: -fopenmp (found version "4.5") 
[1.019s] -- Found OpenMP: TRUE (found version "4.5")  
[1.234s] called: /home/saitama1/Pictures/ros2-picas/ros2_foxy/install/mrt_cmake_modules/share/mrt_cmake_modules/cmake/../scripts/generate_cmake_dependency_file.py /home/saitama1/Pictures/ros2-picas/ros2_foxy/src/autoware_build_parts/lanelet2/lanelet2_python/package.xml /home/saitama1/Pictures/ros2-picas/ros2_foxy/install/mrt_cmake_modules/share/mrt_cmake_modules/cmake/../yaml/cmake.yaml /home/saitama1/Pictures/ros2-picas/ros2_foxy/build/lanelet2_python/CMakeFiles/auto_dep_vars.cmake
[1.647s] -- Found Boost: /usr/lib/x86_64-linux-gnu/cmake/Boost-1.71.0/BoostConfig.cmake (found version "1.71.0") found components: wserialization thread random serialization log_setup prg_exec_monitor wave system chrono filesystem locale timer date_time regex graph program_options unit_test_framework log atomic iostreams 
[1.665s] -- Found pugixml: /usr/lib/x86_64-linux-gnu/libpugixml.so  
[1.678s] -- Found PkgConfig: /usr/bin/pkg-config (found version "0.29.1") 
[1.681s] -- Found GeographicLib: /usr/lib/x86_64-linux-gnu/libGeographic.so  
[1.833s] -- Found Python3: /usr/bin/python3.8 (found version "3.8.10") found components: Interpreter 
[1.863s] -- Could NOT find Boost: missing: python3.8.10 numpy3.8.10 (found /usr/lib/x86_64-linux-gnu/cmake/Boost-1.71.0/BoostConfig.cmake (found version "1.71.0"))
[1.879s] -- Found Boost: /usr/lib/x86_64-linux-gnu/cmake/Boost-1.71.0/BoostConfig.cmake (found version "1.71.0") found components: python numpy 
[2.085s] -- Found Python3: /usr/lib/x86_64-linux-gnu/libpython3.8.so (found version "3.8") found components: Development 
[2.086s] -- Found BoostPython: Boost::python;Boost::numpy;/usr/lib/x86_64-linux-gnu/libpython3.8.so  
[2.229s] -- Found Python3: /usr/bin/python3.8 (found version "3.8.10") found components: Interpreter 
[2.249s] -- Adding python api library "core" to python module "lanelet2"
[2.250s] -- Adding python api library "geometry" to python module "lanelet2"
[2.251s] -- Adding python api library "io" to python module "lanelet2"
[2.251s] -- Adding python api library "matching" to python module "lanelet2"
[2.251s] -- Adding python api library "projection" to python module "lanelet2"
[2.251s] -- Adding python api library "routing" to python module "lanelet2"
[2.252s] -- Adding python api library "traffic_rules" to python module "lanelet2"
[2.255s] -- Adding header-only library with files include/lanelet2_python/internal/converter.h
[2.255s] -- Marking libraries "lanelet2_python" of package "lanelet2_python" for installation
[2.255s] -- Marking HEADER FILES in "include/lanelet2_python" folder of package "lanelet2_python" for installation
[2.256s] -- Marking PYTHON PROGRAM "create_debug_routing_graph.py" of package "lanelet2_python" for installation
[2.256s] -- Marking PYTHON PROGRAM "make_ids_positive.py" of package "lanelet2_python" for installation
[2.257s] -- Marking PYTHON PROGRAM "print_ids.py" of package "lanelet2_python" for installation
[2.258s] -- Generating cmake exports for lanelet2_python to /home/saitama1/Pictures/ros2-picas/ros2_foxy/build/lanelet2_python/devel/share
[2.270s] -- Adding nosetests in folder /home/saitama1/Pictures/ros2-picas/ros2_foxy/src/autoware_build_parts/lanelet2/lanelet2_python/test
[2.270s] -- Using Python nosetests: /usr/bin/nosetests3
[2.270s] -- Adding nosetest nosetests-lanelet2_python-test
[2.272s] -- Configuring done
[2.341s] -- Generating done
[2.344s] -- Build files have been written to: /home/saitama1/Pictures/ros2-picas/ros2_foxy/build/lanelet2_python
[2.352s] Invoked command in '/home/saitama1/Pictures/ros2-picas/ros2_foxy/build/lanelet2_python' returned '0': AMENT_PREFIX_PATH=/home/saitama1/Pictures/ros2-picas/ros2_foxy/install/lanelet2_matching:/home/saitama1/Pictures/ros2-picas/ros2_foxy/install/lanelet2_routing:/home/saitama1/Pictures/ros2-picas/ros2_foxy/install/lanelet2_projection:/home/saitama1/Pictures/ros2-picas/ros2_foxy/install/lanelet2_traffic_rules:/home/saitama1/Pictures/ros2-picas/ros2_foxy/install/lanelet2_io:/home/saitama1/Pictures/ros2-picas/ros2_foxy/install/lanelet2_core:/home/saitama1/Pictures/ros2-picas/ros2_foxy/install/ros_environment:/home/saitama1/Pictures/ros2-picas/ros2_foxy/install/ament_cmake_core:/home/saitama1/Pictures/ros2-picas/ros2_foxy/install/ament_package:${AMENT_PREFIX_PATH} CMAKE_PREFIX_PATH=/home/saitama1/Pictures/ros2-picas/ros2_foxy/install/lanelet2_matching:/home/saitama1/Pictures/ros2-picas/ros2_foxy/install/lanelet2_routing:/home/saitama1/Pictures/ros2-picas/ros2_foxy/install/lanelet2_projection:/home/saitama1/Pictures/ros2-picas/ros2_foxy/install/lanelet2_traffic_rules:/home/saitama1/Pictures/ros2-picas/ros2_foxy/install/lanelet2_io:/opt/ros/foxy:/home/saitama1/Pictures/ros2-picas/ros2_foxy/install/lanelet2_core:/home/saitama1/Pictures/ros2-picas/ros2_foxy/install/mrt_cmake_modules:/home/saitama1/Pictures/ros2-picas/ros2_foxy/install/ros_environment:/home/saitama1/Pictures/ros2-picas/ros2_foxy/install/ament_cmake_core:/home/saitama1/Pictures/ros2-picas/ros2_foxy/install/gtest_vendor LD_LIBRARY_PATH=/home/saitama1/Pictures/ros2-picas/ros2_foxy/install/lanelet2_matching/lib:/home/saitama1/Pictures/ros2-picas/ros2_foxy/install/lanelet2_routing/lib:/home/saitama1/Pictures/ros2-picas/ros2_foxy/install/lanelet2_projection/lib:/home/saitama1/Pictures/ros2-picas/ros2_foxy/install/lanelet2_traffic_rules/lib:/home/saitama1/Pictures/ros2-picas/ros2_foxy/install/lanelet2_io/lib:/home/saitama1/Pictures/ros2-picas/ros2_foxy/install/lanelet2_core/lib:${LD_LIBRARY_PATH} PATH=/home/saitama1/Pictures/ros2-picas/ros2_foxy/install/mrt_cmake_modules/bin:${PATH} PKG_CONFIG_PATH=/home/saitama1/Pictures/ros2-picas/ros2_foxy/install/mrt_cmake_modules/lib/x86_64-linux-gnu/pkgconfig:/home/saitama1/Pictures/ros2-picas/ros2_foxy/install/mrt_cmake_modules/lib/pkgconfig:/home/saitama1/Pictures/ros2-picas/ros2_foxy/install/gtest_vendor/lib/x86_64-linux-gnu/pkgconfig:/home/saitama1/Pictures/ros2-picas/ros2_foxy/install/gtest_vendor/lib/pkgconfig PYTHONPATH=/home/saitama1/Pictures/ros2-picas/ros2_foxy/install/ament_package/lib/python3.8/site-packages:${PYTHONPATH} ROS_PACKAGE_PATH=/home/saitama1/Pictures/ros2-picas/ros2_foxy/install/mrt_cmake_modules/share /usr/bin/cmake /home/saitama1/Pictures/ros2-picas/ros2_foxy/src/autoware_build_parts/lanelet2/lanelet2_python -DCMAKE_INSTALL_PREFIX=/home/saitama1/Pictures/ros2-picas/ros2_foxy/install/lanelet2_python
[2.355s] Invoking command in '/home/saitama1/Pictures/ros2-picas/ros2_foxy/build/lanelet2_python': AMENT_PREFIX_PATH=/home/saitama1/Pictures/ros2-picas/ros2_foxy/install/lanelet2_matching:/home/saitama1/Pictures/ros2-picas/ros2_foxy/install/lanelet2_routing:/home/saitama1/Pictures/ros2-picas/ros2_foxy/install/lanelet2_projection:/home/saitama1/Pictures/ros2-picas/ros2_foxy/install/lanelet2_traffic_rules:/home/saitama1/Pictures/ros2-picas/ros2_foxy/install/lanelet2_io:/home/saitama1/Pictures/ros2-picas/ros2_foxy/install/lanelet2_core:/home/saitama1/Pictures/ros2-picas/ros2_foxy/install/ros_environment:/home/saitama1/Pictures/ros2-picas/ros2_foxy/install/ament_cmake_core:/home/saitama1/Pictures/ros2-picas/ros2_foxy/install/ament_package:${AMENT_PREFIX_PATH} CMAKE_PREFIX_PATH=/home/saitama1/Pictures/ros2-picas/ros2_foxy/install/lanelet2_matching:/home/saitama1/Pictures/ros2-picas/ros2_foxy/install/lanelet2_routing:/home/saitama1/Pictures/ros2-picas/ros2_foxy/install/lanelet2_projection:/home/saitama1/Pictures/ros2-picas/ros2_foxy/install/lanelet2_traffic_rules:/home/saitama1/Pictures/ros2-picas/ros2_foxy/install/lanelet2_io:/opt/ros/foxy:/home/saitama1/Pictures/ros2-picas/ros2_foxy/install/lanelet2_core:/home/saitama1/Pictures/ros2-picas/ros2_foxy/install/mrt_cmake_modules:/home/saitama1/Pictures/ros2-picas/ros2_foxy/install/ros_environment:/home/saitama1/Pictures/ros2-picas/ros2_foxy/install/ament_cmake_core:/home/saitama1/Pictures/ros2-picas/ros2_foxy/install/gtest_vendor LD_LIBRARY_PATH=/home/saitama1/Pictures/ros2-picas/ros2_foxy/install/lanelet2_matching/lib:/home/saitama1/Pictures/ros2-picas/ros2_foxy/install/lanelet2_routing/lib:/home/saitama1/Pictures/ros2-picas/ros2_foxy/install/lanelet2_projection/lib:/home/saitama1/Pictures/ros2-picas/ros2_foxy/install/lanelet2_traffic_rules/lib:/home/saitama1/Pictures/ros2-picas/ros2_foxy/install/lanelet2_io/lib:/home/saitama1/Pictures/ros2-picas/ros2_foxy/install/lanelet2_core/lib:${LD_LIBRARY_PATH} PATH=/home/saitama1/Pictures/ros2-picas/ros2_foxy/install/mrt_cmake_modules/bin:${PATH} PKG_CONFIG_PATH=/home/saitama1/Pictures/ros2-picas/ros2_foxy/install/mrt_cmake_modules/lib/x86_64-linux-gnu/pkgconfig:/home/saitama1/Pictures/ros2-picas/ros2_foxy/install/mrt_cmake_modules/lib/pkgconfig:/home/saitama1/Pictures/ros2-picas/ros2_foxy/install/gtest_vendor/lib/x86_64-linux-gnu/pkgconfig:/home/saitama1/Pictures/ros2-picas/ros2_foxy/install/gtest_vendor/lib/pkgconfig PYTHONPATH=/home/saitama1/Pictures/ros2-picas/ros2_foxy/install/ament_package/lib/python3.8/site-packages:${PYTHONPATH} ROS_PACKAGE_PATH=/home/saitama1/Pictures/ros2-picas/ros2_foxy/install/mrt_cmake_modules/share /usr/bin/cmake --build /home/saitama1/Pictures/ros2-picas/ros2_foxy/build/lanelet2_python -- -j12 -l12
[2.412s] [35m[1mScanning dependencies of target lanelet2_python-lanelet2-traffic_rules-pyapi[0m
[2.450s] [  7%] [32mBuilding CXX object CMakeFiles/lanelet2_python-lanelet2-traffic_rules-pyapi.dir/python_api/traffic_rules.cpp.o[0m
[8.425s] [ 14%] [32m[1mLinking CXX shared library devel/lib/python3.8/site-packages/lanelet2/traffic_rules.so[0m
[8.744s] [ 14%] Built target lanelet2_python-lanelet2-traffic_rules-pyapi
[8.757s] [35m[1mScanning dependencies of target lanelet2_python-lanelet2-geometry-pyapi[0m
[8.808s] [ 21%] [32mBuilding CXX object CMakeFiles/lanelet2_python-lanelet2-geometry-pyapi.dir/python_api/geometry.cpp.o[0m
[66.247s] [ 28%] [32m[1mLinking CXX shared library devel/lib/python3.8/site-packages/lanelet2/geometry.so[0m
[67.702s] [ 28%] Built target lanelet2_python-lanelet2-geometry-pyapi
[67.713s] [35m[1mScanning dependencies of target lanelet2_python-lanelet2-matching-pyapi[0m
[67.753s] [ 35%] [32mBuilding CXX object CMakeFiles/lanelet2_python-lanelet2-matching-pyapi.dir/python_api/matching.cpp.o[0m
[76.503s] [ 42%] [32m[1mLinking CXX shared library devel/lib/python3.8/site-packages/lanelet2/matching.so[0m
[76.876s] [ 42%] Built target lanelet2_python-lanelet2-matching-pyapi
[76.887s] [35m[1mScanning dependencies of target lanelet2_python-lanelet2-io-pyapi[0m
[76.924s] [ 50%] [32mBuilding CXX object CMakeFiles/lanelet2_python-lanelet2-io-pyapi.dir/python_api/io.cpp.o[0m
[82.246s] [ 57%] [32m[1mLinking CXX shared library devel/lib/python3.8/site-packages/lanelet2/io.so[0m
[83.195s] [ 57%] Built target lanelet2_python-lanelet2-io-pyapi
[83.262s] [35m[1mScanning dependencies of target lanelet2_python-lanelet2-core-pyapi[0m
[83.270s] [35m[1mScanning dependencies of target lanelet2_python-lanelet2-routing-pyapi[0m
[83.284s] [35m[1mScanning dependencies of target lanelet2_python-lanelet2-projection-pyapi[0m
[83.342s] [ 64%] [32mBuilding CXX object CMakeFiles/lanelet2_python-lanelet2-routing-pyapi.dir/python_api/routing.cpp.o[0m
[83.373s] [ 71%] [32mBuilding CXX object CMakeFiles/lanelet2_python-lanelet2-projection-pyapi.dir/python_api/projection.cpp.o[0m
[83.392s] [ 78%] [32mBuilding CXX object CMakeFiles/lanelet2_python-lanelet2-core-pyapi.dir/python_api/core.cpp.o[0m
[88.612s] [ 85%] [32m[1mLinking CXX shared library devel/lib/python3.8/site-packages/lanelet2/projection.so[0m
[88.755s] [ 85%] Built target lanelet2_python-lanelet2-projection-pyapi
[95.592s] [ 92%] [32m[1mLinking CXX shared library devel/lib/python3.8/site-packages/lanelet2/routing.so[0m
[96.120s] [ 92%] Built target lanelet2_python-lanelet2-routing-pyapi
[150.483s] [100%] [32m[1mLinking CXX shared library devel/lib/python3.8/site-packages/lanelet2/core.so[0m
[152.564s] [100%] Built target lanelet2_python-lanelet2-core-pyapi
[152.575s] [35m[1mScanning dependencies of target tests_lanelet2_python[0m
[152.586s] [100%] Built target tests_lanelet2_python
[152.598s] [35m[1mScanning dependencies of target tests[0m
[152.611s] [100%] Built target tests
[152.625s] Invoked command in '/home/saitama1/Pictures/ros2-picas/ros2_foxy/build/lanelet2_python' returned '0': AMENT_PREFIX_PATH=/home/saitama1/Pictures/ros2-picas/ros2_foxy/install/lanelet2_matching:/home/saitama1/Pictures/ros2-picas/ros2_foxy/install/lanelet2_routing:/home/saitama1/Pictures/ros2-picas/ros2_foxy/install/lanelet2_projection:/home/saitama1/Pictures/ros2-picas/ros2_foxy/install/lanelet2_traffic_rules:/home/saitama1/Pictures/ros2-picas/ros2_foxy/install/lanelet2_io:/home/saitama1/Pictures/ros2-picas/ros2_foxy/install/lanelet2_core:/home/saitama1/Pictures/ros2-picas/ros2_foxy/install/ros_environment:/home/saitama1/Pictures/ros2-picas/ros2_foxy/install/ament_cmake_core:/home/saitama1/Pictures/ros2-picas/ros2_foxy/install/ament_package:${AMENT_PREFIX_PATH} CMAKE_PREFIX_PATH=/home/saitama1/Pictures/ros2-picas/ros2_foxy/install/lanelet2_matching:/home/saitama1/Pictures/ros2-picas/ros2_foxy/install/lanelet2_routing:/home/saitama1/Pictures/ros2-picas/ros2_foxy/install/lanelet2_projection:/home/saitama1/Pictures/ros2-picas/ros2_foxy/install/lanelet2_traffic_rules:/home/saitama1/Pictures/ros2-picas/ros2_foxy/install/lanelet2_io:/opt/ros/foxy:/home/saitama1/Pictures/ros2-picas/ros2_foxy/install/lanelet2_core:/home/saitama1/Pictures/ros2-picas/ros2_foxy/install/mrt_cmake_modules:/home/saitama1/Pictures/ros2-picas/ros2_foxy/install/ros_environment:/home/saitama1/Pictures/ros2-picas/ros2_foxy/install/ament_cmake_core:/home/saitama1/Pictures/ros2-picas/ros2_foxy/install/gtest_vendor LD_LIBRARY_PATH=/home/saitama1/Pictures/ros2-picas/ros2_foxy/install/lanelet2_matching/lib:/home/saitama1/Pictures/ros2-picas/ros2_foxy/install/lanelet2_routing/lib:/home/saitama1/Pictures/ros2-picas/ros2_foxy/install/lanelet2_projection/lib:/home/saitama1/Pictures/ros2-picas/ros2_foxy/install/lanelet2_traffic_rules/lib:/home/saitama1/Pictures/ros2-picas/ros2_foxy/install/lanelet2_io/lib:/home/saitama1/Pictures/ros2-picas/ros2_foxy/install/lanelet2_core/lib:${LD_LIBRARY_PATH} PATH=/home/saitama1/Pictures/ros2-picas/ros2_foxy/install/mrt_cmake_modules/bin:${PATH} PKG_CONFIG_PATH=/home/saitama1/Pictures/ros2-picas/ros2_foxy/install/mrt_cmake_modules/lib/x86_64-linux-gnu/pkgconfig:/home/saitama1/Pictures/ros2-picas/ros2_foxy/install/mrt_cmake_modules/lib/pkgconfig:/home/saitama1/Pictures/ros2-picas/ros2_foxy/install/gtest_vendor/lib/x86_64-linux-gnu/pkgconfig:/home/saitama1/Pictures/ros2-picas/ros2_foxy/install/gtest_vendor/lib/pkgconfig PYTHONPATH=/home/saitama1/Pictures/ros2-picas/ros2_foxy/install/ament_package/lib/python3.8/site-packages:${PYTHONPATH} ROS_PACKAGE_PATH=/home/saitama1/Pictures/ros2-picas/ros2_foxy/install/mrt_cmake_modules/share /usr/bin/cmake --build /home/saitama1/Pictures/ros2-picas/ros2_foxy/build/lanelet2_python -- -j12 -l12
[152.672s] Invoking command in '/home/saitama1/Pictures/ros2-picas/ros2_foxy/build/lanelet2_python': AMENT_PREFIX_PATH=/home/saitama1/Pictures/ros2-picas/ros2_foxy/install/lanelet2_matching:/home/saitama1/Pictures/ros2-picas/ros2_foxy/install/lanelet2_routing:/home/saitama1/Pictures/ros2-picas/ros2_foxy/install/lanelet2_projection:/home/saitama1/Pictures/ros2-picas/ros2_foxy/install/lanelet2_traffic_rules:/home/saitama1/Pictures/ros2-picas/ros2_foxy/install/lanelet2_io:/home/saitama1/Pictures/ros2-picas/ros2_foxy/install/lanelet2_core:/home/saitama1/Pictures/ros2-picas/ros2_foxy/install/ros_environment:/home/saitama1/Pictures/ros2-picas/ros2_foxy/install/ament_cmake_core:/home/saitama1/Pictures/ros2-picas/ros2_foxy/install/ament_package:${AMENT_PREFIX_PATH} CMAKE_PREFIX_PATH=/home/saitama1/Pictures/ros2-picas/ros2_foxy/install/lanelet2_matching:/home/saitama1/Pictures/ros2-picas/ros2_foxy/install/lanelet2_routing:/home/saitama1/Pictures/ros2-picas/ros2_foxy/install/lanelet2_projection:/home/saitama1/Pictures/ros2-picas/ros2_foxy/install/lanelet2_traffic_rules:/home/saitama1/Pictures/ros2-picas/ros2_foxy/install/lanelet2_io:/opt/ros/foxy:/home/saitama1/Pictures/ros2-picas/ros2_foxy/install/lanelet2_core:/home/saitama1/Pictures/ros2-picas/ros2_foxy/install/mrt_cmake_modules:/home/saitama1/Pictures/ros2-picas/ros2_foxy/install/ros_environment:/home/saitama1/Pictures/ros2-picas/ros2_foxy/install/ament_cmake_core:/home/saitama1/Pictures/ros2-picas/ros2_foxy/install/gtest_vendor LD_LIBRARY_PATH=/home/saitama1/Pictures/ros2-picas/ros2_foxy/install/lanelet2_matching/lib:/home/saitama1/Pictures/ros2-picas/ros2_foxy/install/lanelet2_routing/lib:/home/saitama1/Pictures/ros2-picas/ros2_foxy/install/lanelet2_projection/lib:/home/saitama1/Pictures/ros2-picas/ros2_foxy/install/lanelet2_traffic_rules/lib:/home/saitama1/Pictures/ros2-picas/ros2_foxy/install/lanelet2_io/lib:/home/saitama1/Pictures/ros2-picas/ros2_foxy/install/lanelet2_core/lib:${LD_LIBRARY_PATH} PATH=/home/saitama1/Pictures/ros2-picas/ros2_foxy/install/mrt_cmake_modules/bin:${PATH} PKG_CONFIG_PATH=/home/saitama1/Pictures/ros2-picas/ros2_foxy/install/mrt_cmake_modules/lib/x86_64-linux-gnu/pkgconfig:/home/saitama1/Pictures/ros2-picas/ros2_foxy/install/mrt_cmake_modules/lib/pkgconfig:/home/saitama1/Pictures/ros2-picas/ros2_foxy/install/gtest_vendor/lib/x86_64-linux-gnu/pkgconfig:/home/saitama1/Pictures/ros2-picas/ros2_foxy/install/gtest_vendor/lib/pkgconfig PYTHONPATH=/home/saitama1/Pictures/ros2-picas/ros2_foxy/install/ament_package/lib/python3.8/site-packages:${PYTHONPATH} ROS_PACKAGE_PATH=/home/saitama1/Pictures/ros2-picas/ros2_foxy/install/mrt_cmake_modules/share /usr/bin/cmake --install /home/saitama1/Pictures/ros2-picas/ros2_foxy/build/lanelet2_python
[152.685s] -- Install configuration: ""
[152.685s] -- Installing: /home/saitama1/Pictures/ros2-picas/ros2_foxy/install/lanelet2_python/share/lanelet2_python/environment/pythonpath.sh
[152.685s] -- Installing: /home/saitama1/Pictures/ros2-picas/ros2_foxy/install/lanelet2_python/share/lanelet2_python/environment/pythonpath.dsv
[152.685s] -- Installing: /home/saitama1/Pictures/ros2-picas/ros2_foxy/install/lanelet2_python/lib/python3.8/site-packages/lanelet2/__init__.py
[152.685s] -- Installing: /home/saitama1/Pictures/ros2-picas/ros2_foxy/install/lanelet2_python/lib/python3.8/site-packages/lanelet2/core.so
[152.732s] -- Set runtime path of "/home/saitama1/Pictures/ros2-picas/ros2_foxy/install/lanelet2_python/lib/python3.8/site-packages/lanelet2/core.so" to ""
[152.733s] -- Installing: /home/saitama1/Pictures/ros2-picas/ros2_foxy/install/lanelet2_python/lib/python3.8/site-packages/lanelet2/geometry.so
[152.771s] -- Set runtime path of "/home/saitama1/Pictures/ros2-picas/ros2_foxy/install/lanelet2_python/lib/python3.8/site-packages/lanelet2/geometry.so" to ""
[152.771s] -- Installing: /home/saitama1/Pictures/ros2-picas/ros2_foxy/install/lanelet2_python/lib/python3.8/site-packages/lanelet2/io.so
[152.773s] -- Set runtime path of "/home/saitama1/Pictures/ros2-picas/ros2_foxy/install/lanelet2_python/lib/python3.8/site-packages/lanelet2/io.so" to ""
[152.773s] -- Installing: /home/saitama1/Pictures/ros2-picas/ros2_foxy/install/lanelet2_python/lib/python3.8/site-packages/lanelet2/matching.so
[152.778s] -- Set runtime path of "/home/saitama1/Pictures/ros2-picas/ros2_foxy/install/lanelet2_python/lib/python3.8/site-packages/lanelet2/matching.so" to ""
[152.778s] -- Installing: /home/saitama1/Pictures/ros2-picas/ros2_foxy/install/lanelet2_python/lib/python3.8/site-packages/lanelet2/projection.so
[152.780s] -- Set runtime path of "/home/saitama1/Pictures/ros2-picas/ros2_foxy/install/lanelet2_python/lib/python3.8/site-packages/lanelet2/projection.so" to ""
[152.780s] -- Installing: /home/saitama1/Pictures/ros2-picas/ros2_foxy/install/lanelet2_python/lib/python3.8/site-packages/lanelet2/routing.so
[152.789s] -- Set runtime path of "/home/saitama1/Pictures/ros2-picas/ros2_foxy/install/lanelet2_python/lib/python3.8/site-packages/lanelet2/routing.so" to ""
[152.789s] -- Installing: /home/saitama1/Pictures/ros2-picas/ros2_foxy/install/lanelet2_python/lib/python3.8/site-packages/lanelet2/traffic_rules.so
[152.792s] -- Set runtime path of "/home/saitama1/Pictures/ros2-picas/ros2_foxy/install/lanelet2_python/lib/python3.8/site-packages/lanelet2/traffic_rules.so" to ""
[152.792s] -- Up-to-date: /home/saitama1/Pictures/ros2-picas/ros2_foxy/install/lanelet2_python/include/lanelet2_python
[152.792s] -- Up-to-date: /home/saitama1/Pictures/ros2-picas/ros2_foxy/install/lanelet2_python/include/lanelet2_python/internal
[152.792s] -- Installing: /home/saitama1/Pictures/ros2-picas/ros2_foxy/install/lanelet2_python/include/lanelet2_python/internal/converter.h
[152.792s] -- Installing: /home/saitama1/Pictures/ros2-picas/ros2_foxy/install/lanelet2_python/lib/lanelet2_python/create_debug_routing_graph.py
[152.792s] -- Installing: /home/saitama1/Pictures/ros2-picas/ros2_foxy/install/lanelet2_python/lib/lanelet2_python/make_ids_positive.py
[152.792s] -- Installing: /home/saitama1/Pictures/ros2-picas/ros2_foxy/install/lanelet2_python/lib/lanelet2_python/print_ids.py
[152.793s] -- Installing: /home/saitama1/Pictures/ros2-picas/ros2_foxy/install/lanelet2_python/share/lanelet2_python/cmake/lanelet2_pythonTargets.cmake
[152.793s] -- Installing: /home/saitama1/Pictures/ros2-picas/ros2_foxy/install/lanelet2_python/share/lanelet2_python/cmake/lanelet2_pythonConfigVersion.cmake
[152.793s] -- Installing: /home/saitama1/Pictures/ros2-picas/ros2_foxy/install/lanelet2_python/share/lanelet2_python/cmake/lanelet2_pythonConfig.cmake
[152.793s] -- Installing: /home/saitama1/Pictures/ros2-picas/ros2_foxy/install/lanelet2_python/share/lanelet2_python/cmake/auto_dep_vars.cmake
[152.793s] -- Installing: /home/saitama1/Pictures/ros2-picas/ros2_foxy/install/lanelet2_python/share/lanelet2_python/cmake/lanelet2_pythonAutoDepsConfig.cmake
[152.793s] -- Installing: /home/saitama1/Pictures/ros2-picas/ros2_foxy/install/lanelet2_python/share/lanelet2_python/package.xml
[152.794s] -- Installing: /home/saitama1/Pictures/ros2-picas/ros2_foxy/install/lanelet2_python/share/ament_index/resource_index/package_run_dependencies/lanelet2_python
[152.794s] -- Installing: /home/saitama1/Pictures/ros2-picas/ros2_foxy/install/lanelet2_python/share/ament_index/resource_index/parent_prefix_path/lanelet2_python
[152.794s] -- Installing: /home/saitama1/Pictures/ros2-picas/ros2_foxy/install/lanelet2_python/share/lanelet2_python/environment/ament_prefix_path.sh
[152.794s] -- Installing: /home/saitama1/Pictures/ros2-picas/ros2_foxy/install/lanelet2_python/share/lanelet2_python/environment/ament_prefix_path.dsv
[152.794s] -- Installing: /home/saitama1/Pictures/ros2-picas/ros2_foxy/install/lanelet2_python/share/lanelet2_python/environment/path.sh
[152.795s] -- Installing: /home/saitama1/Pictures/ros2-picas/ros2_foxy/install/lanelet2_python/share/lanelet2_python/environment/path.dsv
[152.795s] -- Installing: /home/saitama1/Pictures/ros2-picas/ros2_foxy/install/lanelet2_python/share/lanelet2_python/local_setup.bash
[152.795s] -- Installing: /home/saitama1/Pictures/ros2-picas/ros2_foxy/install/lanelet2_python/share/lanelet2_python/local_setup.sh
[152.795s] -- Installing: /home/saitama1/Pictures/ros2-picas/ros2_foxy/install/lanelet2_python/share/lanelet2_python/local_setup.zsh
[152.795s] -- Installing: /home/saitama1/Pictures/ros2-picas/ros2_foxy/install/lanelet2_python/share/lanelet2_python/local_setup.dsv
[152.796s] -- Installing: /home/saitama1/Pictures/ros2-picas/ros2_foxy/install/lanelet2_python/share/lanelet2_python/package.dsv
[152.796s] -- Installing: /home/saitama1/Pictures/ros2-picas/ros2_foxy/install/lanelet2_python/share/ament_index/resource_index/packages/lanelet2_python
[152.800s] Invoked command in '/home/saitama1/Pictures/ros2-picas/ros2_foxy/build/lanelet2_python' returned '0': AMENT_PREFIX_PATH=/home/saitama1/Pictures/ros2-picas/ros2_foxy/install/lanelet2_matching:/home/saitama1/Pictures/ros2-picas/ros2_foxy/install/lanelet2_routing:/home/saitama1/Pictures/ros2-picas/ros2_foxy/install/lanelet2_projection:/home/saitama1/Pictures/ros2-picas/ros2_foxy/install/lanelet2_traffic_rules:/home/saitama1/Pictures/ros2-picas/ros2_foxy/install/lanelet2_io:/home/saitama1/Pictures/ros2-picas/ros2_foxy/install/lanelet2_core:/home/saitama1/Pictures/ros2-picas/ros2_foxy/install/ros_environment:/home/saitama1/Pictures/ros2-picas/ros2_foxy/install/ament_cmake_core:/home/saitama1/Pictures/ros2-picas/ros2_foxy/install/ament_package:${AMENT_PREFIX_PATH} CMAKE_PREFIX_PATH=/home/saitama1/Pictures/ros2-picas/ros2_foxy/install/lanelet2_matching:/home/saitama1/Pictures/ros2-picas/ros2_foxy/install/lanelet2_routing:/home/saitama1/Pictures/ros2-picas/ros2_foxy/install/lanelet2_projection:/home/saitama1/Pictures/ros2-picas/ros2_foxy/install/lanelet2_traffic_rules:/home/saitama1/Pictures/ros2-picas/ros2_foxy/install/lanelet2_io:/opt/ros/foxy:/home/saitama1/Pictures/ros2-picas/ros2_foxy/install/lanelet2_core:/home/saitama1/Pictures/ros2-picas/ros2_foxy/install/mrt_cmake_modules:/home/saitama1/Pictures/ros2-picas/ros2_foxy/install/ros_environment:/home/saitama1/Pictures/ros2-picas/ros2_foxy/install/ament_cmake_core:/home/saitama1/Pictures/ros2-picas/ros2_foxy/install/gtest_vendor LD_LIBRARY_PATH=/home/saitama1/Pictures/ros2-picas/ros2_foxy/install/lanelet2_matching/lib:/home/saitama1/Pictures/ros2-picas/ros2_foxy/install/lanelet2_routing/lib:/home/saitama1/Pictures/ros2-picas/ros2_foxy/install/lanelet2_projection/lib:/home/saitama1/Pictures/ros2-picas/ros2_foxy/install/lanelet2_traffic_rules/lib:/home/saitama1/Pictures/ros2-picas/ros2_foxy/install/lanelet2_io/lib:/home/saitama1/Pictures/ros2-picas/ros2_foxy/install/lanelet2_core/lib:${LD_LIBRARY_PATH} PATH=/home/saitama1/Pictures/ros2-picas/ros2_foxy/install/mrt_cmake_modules/bin:${PATH} PKG_CONFIG_PATH=/home/saitama1/Pictures/ros2-picas/ros2_foxy/install/mrt_cmake_modules/lib/x86_64-linux-gnu/pkgconfig:/home/saitama1/Pictures/ros2-picas/ros2_foxy/install/mrt_cmake_modules/lib/pkgconfig:/home/saitama1/Pictures/ros2-picas/ros2_foxy/install/gtest_vendor/lib/x86_64-linux-gnu/pkgconfig:/home/saitama1/Pictures/ros2-picas/ros2_foxy/install/gtest_vendor/lib/pkgconfig PYTHONPATH=/home/saitama1/Pictures/ros2-picas/ros2_foxy/install/ament_package/lib/python3.8/site-packages:${PYTHONPATH} ROS_PACKAGE_PATH=/home/saitama1/Pictures/ros2-picas/ros2_foxy/install/mrt_cmake_modules/share /usr/bin/cmake --install /home/saitama1/Pictures/ros2-picas/ros2_foxy/build/lanelet2_python
