-- Found ament_cmake: 0.9.8 (/home/saitama1/ros2_foxy/install/ament_cmake/share/ament_cmake/cmake)
-- Found PythonInterp: /usr/bin/python3 (found suitable version "3.8.10", minimum required is "3") 
-- Using PYTHON_EXECUTABLE: /usr/bin/python3
-- Override CMake install command with custom implementation using symlinks instead of copying resources
-- Found builtin_interfaces: 1.0.0 (/home/saitama1/ros2_foxy/install/builtin_interfaces/share/builtin_interfaces/cmake)
-- Using all available rosidl_typesupport_c: rosidl_typesupport_introspection_c;rosidl_typesupport_fastrtps_c
-- Found rosidl_adapter: 1.2.1 (/home/saitama1/ros2_foxy/install/rosidl_adapter/share/rosidl_adapter/cmake)
-- Using all available rosidl_typesupport_cpp: rosidl_typesupport_introspection_cpp;rosidl_typesupport_fastrtps_cpp
-- Found geometry_msgs: 2.0.4 (/home/saitama1/ros2_foxy/install/geometry_msgs/share/geometry_msgs/cmake)
-- Found message_filters: 3.2.5 (/home/saitama1/ros2_foxy/install/message_filters/share/message_filters/cmake)
-- Found rcl_interfaces: 1.0.0 (/home/saitama1/ros2_foxy/install/rcl_interfaces/share/rcl_interfaces/cmake)
-- Found rclcpp: 2.3.1 (/home/saitama1/ros2_foxy/install/rclcpp/share/rclcpp/cmake)
-- Found rmw_implementation_cmake: 1.0.3 (/home/saitama1/ros2_foxy/install/rmw_implementation_cmake/share/rmw_implementation_cmake/cmake)
-- Using RMW implementation 'rmw_fastrtps_cpp' as default
-- Found rclcpp_action: 2.3.1 (/home/saitama1/ros2_foxy/install/rclcpp_action/share/rclcpp_action/cmake)
-- Found rclcpp_components: 2.3.1 (/home/saitama1/ros2_foxy/install/rclcpp_components/share/rclcpp_components/cmake)
-- Found tf2: 0.13.10 (/home/saitama1/ros2_foxy/install/tf2/share/tf2/cmake)
-- Found tf2_msgs: 0.13.10 (/home/saitama1/ros2_foxy/install/tf2_msgs/share/tf2_msgs/cmake)
-- Found ament_cmake_gtest: 0.9.8 (/home/saitama1/ros2_foxy/install/ament_cmake_gtest/share/ament_cmake_gtest/cmake)
-- Found gtest sources under '/home/saitama1/ros2_foxy/install/gtest_vendor/src/gtest_vendor': C++ tests using 'Google Test' will be built
-- Found python_cmake_module: 0.8.1 (/home/saitama1/ros2_foxy/install/python_cmake_module/share/python_cmake_module/cmake)
-- Found PythonInterp: /usr/bin/python3 (found suitable version "3.8.10", minimum required is "3.5") 
-- Using PYTHON_EXECUTABLE: /usr/bin/python3
-- Using PYTHON_INCLUDE_DIRS: /usr/include/python3.8
-- Using PYTHON_LIBRARIES: /usr/lib/x86_64-linux-gnu/libpython3.8.so
-- Found ament_cmake_pytest: 0.9.8 (/home/saitama1/ros2_foxy/install/ament_cmake_pytest/share/ament_cmake_pytest/cmake)
-- Configuring done
-- Generating done
-- Build files have been written to: /home/saitama1/ros2_foxy/build/tf2_ros
[  5%] Built target gtest
[ 10%] Built target gtest_main
[35m[1mScanning dependencies of target tf2_ros[0m
[ 12%] [32mBuilding CXX object CMakeFiles/tf2_ros.dir/src/buffer.cpp.o[0m
[ 15%] [32mBuilding CXX object CMakeFiles/tf2_ros.dir/src/static_transform_broadcaster.cpp.o[0m
[ 17%] [32mBuilding CXX object CMakeFiles/tf2_ros.dir/src/transform_broadcaster.cpp.o[0m
[ 20%] [32mBuilding CXX object CMakeFiles/tf2_ros.dir/src/buffer_server.cpp.o[0m
[ 22%] [32mBuilding CXX object CMakeFiles/tf2_ros.dir/src/buffer_client.cpp.o[0m
[ 25%] [32mBuilding CXX object CMakeFiles/tf2_ros.dir/src/transform_listener.cpp.o[0m
[ 27%] [32mBuilding CXX object CMakeFiles/tf2_ros.dir/src/create_timer_ros.cpp.o[0m
[ 30%] [32m[1mLinking CXX shared library libtf2_ros.so[0m
[ 30%] Built target tf2_ros
[35m[1mScanning dependencies of target tf2_ros_test_listener[0m
[ 32%] [32mBuilding CXX object CMakeFiles/tf2_ros_test_listener.dir/test/listener_unittest.cpp.o[0m
[ 35%] [32m[1mLinking CXX executable tf2_ros_test_listener[0m
[ 35%] Built target tf2_ros_test_listener
[35m[1mScanning dependencies of target tf2_ros_test_message_filter[0m
[ 37%] [32mBuilding CXX object CMakeFiles/tf2_ros_test_message_filter.dir/test/message_filter_test.cpp.o[0m
[ 40%] [32m[1mLinking CXX executable tf2_ros_test_message_filter[0m
[ 40%] Built target tf2_ros_test_message_filter
[35m[1mScanning dependencies of target tf2_ros_test_transform_listener[0m
