[1.183s] Invoking command in '/home/saitama1/Pictures/ros2-picas/ros2_foxy/src/ament/ament_index/ament_index_python': AMENT_PREFIX_PATH=/home/saitama1/Pictures/ros2-picas/ros2_foxy/install/ament_copyright:/home/saitama1/Pictures/ros2-picas/ros2_foxy/install/ament_pep257:/home/saitama1/Pictures/ros2-picas/ros2_foxy/install/ament_flake8:/home/saitama1/Pictures/ros2-picas/ros2_foxy/install/ament_lint:${AMENT_PREFIX_PATH} PATH=/home/saitama1/Pictures/ros2-picas/ros2_foxy/install/ament_copyright/bin:/home/saitama1/Pictures/ros2-picas/ros2_foxy/install/ament_pep257/bin:/home/saitama1/Pictures/ros2-picas/ros2_foxy/install/ament_flake8/bin:${PATH} PYTHONPATH=/home/saitama1/Pictures/ros2-picas/ros2_foxy/install/ament_index_python/lib/python3.8/site-packages:/home/saitama1/Pictures/ros2-picas/ros2_foxy/install/ament_copyright/lib/python3.8/site-packages:/home/saitama1/Pictures/ros2-picas/ros2_foxy/install/ament_pep257/lib/python3.8/site-packages:/home/saitama1/Pictures/ros2-picas/ros2_foxy/install/ament_flake8/lib/python3.8/site-packages:/home/saitama1/Pictures/ros2-picas/ros2_foxy/install/ament_lint/lib/python3.8/site-packages:${PYTHONPATH} /usr/bin/python3 setup.py egg_info --egg-base ../../../../build/ament_index_python build --build-base /home/saitama1/Pictures/ros2-picas/ros2_foxy/build/ament_index_python/build install --prefix /home/saitama1/Pictures/ros2-picas/ros2_foxy/install/ament_index_python --record /home/saitama1/Pictures/ros2-picas/ros2_foxy/build/ament_index_python/install.log --single-version-externally-managed
[1.419s] running egg_info
[1.419s] writing ../../../../build/ament_index_python/ament_index_python.egg-info/PKG-INFO
[1.419s] writing dependency_links to ../../../../build/ament_index_python/ament_index_python.egg-info/dependency_links.txt
[1.419s] writing entry points to ../../../../build/ament_index_python/ament_index_python.egg-info/entry_points.txt
[1.419s] writing requirements to ../../../../build/ament_index_python/ament_index_python.egg-info/requires.txt
[1.420s] writing top-level names to ../../../../build/ament_index_python/ament_index_python.egg-info/top_level.txt
[1.461s] reading manifest file '../../../../build/ament_index_python/ament_index_python.egg-info/SOURCES.txt'
[1.462s] writing manifest file '../../../../build/ament_index_python/ament_index_python.egg-info/SOURCES.txt'
[1.463s] running build
[1.463s] running build_py
[1.467s] running install
[1.482s] running install_lib
[1.482s] running install_data
[1.483s] running install_egg_info
[1.483s] removing '/home/saitama1/Pictures/ros2-picas/ros2_foxy/install/ament_index_python/lib/python3.8/site-packages/ament_index_python-1.1.0-py3.8.egg-info' (and everything under it)
[1.483s] Copying ../../../../build/ament_index_python/ament_index_python.egg-info to /home/saitama1/Pictures/ros2-picas/ros2_foxy/install/ament_index_python/lib/python3.8/site-packages/ament_index_python-1.1.0-py3.8.egg-info
[1.483s] running install_scripts
[1.495s] Installing ament_index script to /home/saitama1/Pictures/ros2-picas/ros2_foxy/install/ament_index_python/bin
[1.495s] writing list of installed files to '/home/saitama1/Pictures/ros2-picas/ros2_foxy/build/ament_index_python/install.log'
[1.808s] Invoked command in '/home/saitama1/Pictures/ros2-picas/ros2_foxy/src/ament/ament_index/ament_index_python' returned '0': AMENT_PREFIX_PATH=/home/saitama1/Pictures/ros2-picas/ros2_foxy/install/ament_copyright:/home/saitama1/Pictures/ros2-picas/ros2_foxy/install/ament_pep257:/home/saitama1/Pictures/ros2-picas/ros2_foxy/install/ament_flake8:/home/saitama1/Pictures/ros2-picas/ros2_foxy/install/ament_lint:${AMENT_PREFIX_PATH} PATH=/home/saitama1/Pictures/ros2-picas/ros2_foxy/install/ament_copyright/bin:/home/saitama1/Pictures/ros2-picas/ros2_foxy/install/ament_pep257/bin:/home/saitama1/Pictures/ros2-picas/ros2_foxy/install/ament_flake8/bin:${PATH} PYTHONPATH=/home/saitama1/Pictures/ros2-picas/ros2_foxy/install/ament_index_python/lib/python3.8/site-packages:/home/saitama1/Pictures/ros2-picas/ros2_foxy/install/ament_copyright/lib/python3.8/site-packages:/home/saitama1/Pictures/ros2-picas/ros2_foxy/install/ament_pep257/lib/python3.8/site-packages:/home/saitama1/Pictures/ros2-picas/ros2_foxy/install/ament_flake8/lib/python3.8/site-packages:/home/saitama1/Pictures/ros2-picas/ros2_foxy/install/ament_lint/lib/python3.8/site-packages:${PYTHONPATH} /usr/bin/python3 setup.py egg_info --egg-base ../../../../build/ament_index_python build --build-base /home/saitama1/Pictures/ros2-picas/ros2_foxy/build/ament_index_python/build install --prefix /home/saitama1/Pictures/ros2-picas/ros2_foxy/install/ament_index_python --record /home/saitama1/Pictures/ros2-picas/ros2_foxy/build/ament_index_python/install.log --single-version-externally-managed
