[0.587s] Invoking command in '/home/saitama1/Pictures/ros2-picas/ros2_foxy/src/ros-tracing/ros2_tracing/tracetools_trace': AMENT_PREFIX_PATH=/home/saitama1/Pictures/ros2-picas/ros2_foxy/install/ament_xmllint:/home/saitama1/Pictures/ros2-picas/ros2_foxy/install/ament_copyright:/home/saitama1/Pictures/ros2-picas/ros2_foxy/install/ament_pep257:/home/saitama1/Pictures/ros2-picas/ros2_foxy/install/ament_mypy:/home/saitama1/Pictures/ros2-picas/ros2_foxy/install/ament_flake8:/home/saitama1/Pictures/ros2-picas/ros2_foxy/install/ament_lint:${AMENT_PREFIX_PATH} PATH=/home/saitama1/Pictures/ros2-picas/ros2_foxy/install/ament_xmllint/bin:/home/saitama1/Pictures/ros2-picas/ros2_foxy/install/ament_copyright/bin:/home/saitama1/Pictures/ros2-picas/ros2_foxy/install/ament_pep257/bin:/home/saitama1/Pictures/ros2-picas/ros2_foxy/install/ament_mypy/bin:/home/saitama1/Pictures/ros2-picas/ros2_foxy/install/ament_flake8/bin:${PATH} PYTHONPATH=/home/saitama1/Pictures/ros2-picas/ros2_foxy/install/tracetools_trace/lib/python3.8/site-packages:/home/saitama1/Pictures/ros2-picas/ros2_foxy/install/ament_xmllint/lib/python3.8/site-packages:/home/saitama1/Pictures/ros2-picas/ros2_foxy/install/ament_copyright/lib/python3.8/site-packages:/home/saitama1/Pictures/ros2-picas/ros2_foxy/install/ament_pep257/lib/python3.8/site-packages:/home/saitama1/Pictures/ros2-picas/ros2_foxy/install/ament_mypy/lib/python3.8/site-packages:/home/saitama1/Pictures/ros2-picas/ros2_foxy/install/ament_flake8/lib/python3.8/site-packages:/home/saitama1/Pictures/ros2-picas/ros2_foxy/install/ament_lint/lib/python3.8/site-packages:${PYTHONPATH} /usr/bin/python3 setup.py egg_info --egg-base ../../../../build/tracetools_trace build --build-base /home/saitama1/Pictures/ros2-picas/ros2_foxy/build/tracetools_trace/build install --prefix /home/saitama1/Pictures/ros2-picas/ros2_foxy/install/tracetools_trace --record /home/saitama1/Pictures/ros2-picas/ros2_foxy/build/tracetools_trace/install.log --single-version-externally-managed
[0.761s] running egg_info
[0.761s] writing ../../../../build/tracetools_trace/tracetools_trace.egg-info/PKG-INFO
[0.761s] writing dependency_links to ../../../../build/tracetools_trace/tracetools_trace.egg-info/dependency_links.txt
[0.761s] writing entry points to ../../../../build/tracetools_trace/tracetools_trace.egg-info/entry_points.txt
[0.761s] writing requirements to ../../../../build/tracetools_trace/tracetools_trace.egg-info/requires.txt
[0.761s] writing top-level names to ../../../../build/tracetools_trace/tracetools_trace.egg-info/top_level.txt
[0.790s] reading manifest file '../../../../build/tracetools_trace/tracetools_trace.egg-info/SOURCES.txt'
[0.791s] writing manifest file '../../../../build/tracetools_trace/tracetools_trace.egg-info/SOURCES.txt'
[0.791s] running build
[0.791s] running build_py
[0.792s] running install
[0.792s] running install_lib
[0.793s] running install_data
[0.794s] running install_egg_info
[0.795s] removing '/home/saitama1/Pictures/ros2-picas/ros2_foxy/install/tracetools_trace/lib/python3.8/site-packages/tracetools_trace-1.0.5-py3.8.egg-info' (and everything under it)
[0.795s] Copying ../../../../build/tracetools_trace/tracetools_trace.egg-info to /home/saitama1/Pictures/ros2-picas/ros2_foxy/install/tracetools_trace/lib/python3.8/site-packages/tracetools_trace-1.0.5-py3.8.egg-info
[0.796s] running install_scripts
[0.810s] Installing trace script to /home/saitama1/Pictures/ros2-picas/ros2_foxy/install/tracetools_trace/lib/tracetools_trace
[0.810s] writing list of installed files to '/home/saitama1/Pictures/ros2-picas/ros2_foxy/build/tracetools_trace/install.log'
[1.144s] Invoked command in '/home/saitama1/Pictures/ros2-picas/ros2_foxy/src/ros-tracing/ros2_tracing/tracetools_trace' returned '0': AMENT_PREFIX_PATH=/home/saitama1/Pictures/ros2-picas/ros2_foxy/install/ament_xmllint:/home/saitama1/Pictures/ros2-picas/ros2_foxy/install/ament_copyright:/home/saitama1/Pictures/ros2-picas/ros2_foxy/install/ament_pep257:/home/saitama1/Pictures/ros2-picas/ros2_foxy/install/ament_mypy:/home/saitama1/Pictures/ros2-picas/ros2_foxy/install/ament_flake8:/home/saitama1/Pictures/ros2-picas/ros2_foxy/install/ament_lint:${AMENT_PREFIX_PATH} PATH=/home/saitama1/Pictures/ros2-picas/ros2_foxy/install/ament_xmllint/bin:/home/saitama1/Pictures/ros2-picas/ros2_foxy/install/ament_copyright/bin:/home/saitama1/Pictures/ros2-picas/ros2_foxy/install/ament_pep257/bin:/home/saitama1/Pictures/ros2-picas/ros2_foxy/install/ament_mypy/bin:/home/saitama1/Pictures/ros2-picas/ros2_foxy/install/ament_flake8/bin:${PATH} PYTHONPATH=/home/saitama1/Pictures/ros2-picas/ros2_foxy/install/tracetools_trace/lib/python3.8/site-packages:/home/saitama1/Pictures/ros2-picas/ros2_foxy/install/ament_xmllint/lib/python3.8/site-packages:/home/saitama1/Pictures/ros2-picas/ros2_foxy/install/ament_copyright/lib/python3.8/site-packages:/home/saitama1/Pictures/ros2-picas/ros2_foxy/install/ament_pep257/lib/python3.8/site-packages:/home/saitama1/Pictures/ros2-picas/ros2_foxy/install/ament_mypy/lib/python3.8/site-packages:/home/saitama1/Pictures/ros2-picas/ros2_foxy/install/ament_flake8/lib/python3.8/site-packages:/home/saitama1/Pictures/ros2-picas/ros2_foxy/install/ament_lint/lib/python3.8/site-packages:${PYTHONPATH} /usr/bin/python3 setup.py egg_info --egg-base ../../../../build/tracetools_trace build --build-base /home/saitama1/Pictures/ros2-picas/ros2_foxy/build/tracetools_trace/build install --prefix /home/saitama1/Pictures/ros2-picas/ros2_foxy/install/tracetools_trace --record /home/saitama1/Pictures/ros2-picas/ros2_foxy/build/tracetools_trace/install.log --single-version-externally-managed
