running egg_info
creating ../../../../build/rqt_gui_py/rqt_gui_py.egg-info
writing ../../../../build/rqt_gui_py/rqt_gui_py.egg-info/PKG-INFO
writing dependency_links to ../../../../build/rqt_gui_py/rqt_gui_py.egg-info/dependency_links.txt
writing requirements to ../../../../build/rqt_gui_py/rqt_gui_py.egg-info/requires.txt
writing top-level names to ../../../../build/rqt_gui_py/rqt_gui_py.egg-info/top_level.txt
writing manifest file '../../../../build/rqt_gui_py/rqt_gui_py.egg-info/SOURCES.txt'
reading manifest file '../../../../build/rqt_gui_py/rqt_gui_py.egg-info/SOURCES.txt'
writing manifest file '../../../../build/rqt_gui_py/rqt_gui_py.egg-info/SOURCES.txt'
running build
running build_py
creating /home/saitama1/Pictures/ros2-picas/ros2_foxy/build/rqt_gui_py/build
creating /home/saitama1/Pictures/ros2-picas/ros2_foxy/build/rqt_gui_py/build/lib
creating /home/saitama1/Pictures/ros2-picas/ros2_foxy/build/rqt_gui_py/build/lib/rqt_gui_py
copying src/rqt_gui_py/rclpy_spinner.py -> /home/saitama1/Pictures/ros2-picas/ros2_foxy/build/rqt_gui_py/build/lib/rqt_gui_py
copying src/rqt_gui_py/__init__.py -> /home/saitama1/Pictures/ros2-picas/ros2_foxy/build/rqt_gui_py/build/lib/rqt_gui_py
copying src/rqt_gui_py/ros_py_plugin_provider.py -> /home/saitama1/Pictures/ros2-picas/ros2_foxy/build/rqt_gui_py/build/lib/rqt_gui_py
copying src/rqt_gui_py/plugin.py -> /home/saitama1/Pictures/ros2-picas/ros2_foxy/build/rqt_gui_py/build/lib/rqt_gui_py
running install
running install_lib
creating /home/saitama1/Pictures/ros2-picas/ros2_foxy/install/rqt_gui_py/lib/python3.8/site-packages/rqt_gui_py
copying /home/saitama1/Pictures/ros2-picas/ros2_foxy/build/rqt_gui_py/build/lib/rqt_gui_py/rclpy_spinner.py -> /home/saitama1/Pictures/ros2-picas/ros2_foxy/install/rqt_gui_py/lib/python3.8/site-packages/rqt_gui_py
copying /home/saitama1/Pictures/ros2-picas/ros2_foxy/build/rqt_gui_py/build/lib/rqt_gui_py/__init__.py -> /home/saitama1/Pictures/ros2-picas/ros2_foxy/install/rqt_gui_py/lib/python3.8/site-packages/rqt_gui_py
copying /home/saitama1/Pictures/ros2-picas/ros2_foxy/build/rqt_gui_py/build/lib/rqt_gui_py/ros_py_plugin_provider.py -> /home/saitama1/Pictures/ros2-picas/ros2_foxy/install/rqt_gui_py/lib/python3.8/site-packages/rqt_gui_py
copying /home/saitama1/Pictures/ros2-picas/ros2_foxy/build/rqt_gui_py/build/lib/rqt_gui_py/plugin.py -> /home/saitama1/Pictures/ros2-picas/ros2_foxy/install/rqt_gui_py/lib/python3.8/site-packages/rqt_gui_py
byte-compiling /home/saitama1/Pictures/ros2-picas/ros2_foxy/install/rqt_gui_py/lib/python3.8/site-packages/rqt_gui_py/rclpy_spinner.py to rclpy_spinner.cpython-38.pyc
byte-compiling /home/saitama1/Pictures/ros2-picas/ros2_foxy/install/rqt_gui_py/lib/python3.8/site-packages/rqt_gui_py/__init__.py to __init__.cpython-38.pyc
byte-compiling /home/saitama1/Pictures/ros2-picas/ros2_foxy/install/rqt_gui_py/lib/python3.8/site-packages/rqt_gui_py/ros_py_plugin_provider.py to ros_py_plugin_provider.cpython-38.pyc
byte-compiling /home/saitama1/Pictures/ros2-picas/ros2_foxy/install/rqt_gui_py/lib/python3.8/site-packages/rqt_gui_py/plugin.py to plugin.cpython-38.pyc
running install_data
running install_egg_info
Copying ../../../../build/rqt_gui_py/rqt_gui_py.egg-info to /home/saitama1/Pictures/ros2-picas/ros2_foxy/install/rqt_gui_py/lib/python3.8/site-packages/rqt_gui_py-1.1.1-py3.8.egg-info
running install_scripts
writing list of installed files to '/home/saitama1/Pictures/ros2-picas/ros2_foxy/build/rqt_gui_py/install.log'
