-- The C compiler identification is GNU 9.3.0
-- The CXX compiler identification is GNU 9.3.0
-- Check for working C compiler: /usr/bin/cc
-- Check for working C compiler: /usr/bin/cc -- works
-- Detecting C compiler ABI info
-- Detecting C compiler ABI info - done
-- Detecting C compile features
-- Detecting C compile features - done
-- Check for working CXX compiler: /usr/bin/c++
-- Check for working CXX compiler: /usr/bin/c++ -- works
-- Detecting CXX compiler ABI info
-- Detecting CXX compiler ABI info - done
-- Detecting CXX compile features
-- Detecting CXX compile features - done
-- Found mrt_cmake_modules: 1.0.8 (/home/saitama1/Pictures/ros2-picas/ros2_foxy/install/mrt_cmake_modules/share/mrt_cmake_modules/cmake)
-- Found ament_cmake_core: 0.9.8 (/opt/ros/foxy/share/ament_cmake_core/cmake)
-- Found PythonInterp: /usr/bin/python3 (found suitable version "3.8.10", minimum required is "3") 
-- Using PYTHON_EXECUTABLE: /usr/bin/python3
-- Found OpenMP_C: -fopenmp (found version "4.5") 
-- Found OpenMP_CXX: -fopenmp (found version "4.5") 
-- Found OpenMP: TRUE (found version "4.5")  
called: /home/saitama1/Pictures/ros2-picas/ros2_foxy/install/mrt_cmake_modules/share/mrt_cmake_modules/cmake/../scripts/generate_cmake_dependency_file.py /home/saitama1/Pictures/ros2-picas/ros2_foxy/src/autoware_build_parts/lanelet2/lanelet2_maps/package.xml /home/saitama1/Pictures/ros2-picas/ros2_foxy/install/mrt_cmake_modules/share/mrt_cmake_modules/cmake/../yaml/cmake.yaml /home/saitama1/Pictures/ros2-picas/ros2_foxy/build/lanelet2_maps/CMakeFiles/auto_dep_vars.cmake
-- Adding header-only library with files 
-- Marking libraries "lanelet2_maps" of package "lanelet2_maps" for installation
-- Marking HEADER FILES in "include/lanelet2_maps" folder of package "lanelet2_maps" for installation
-- Marking SHARED CONTENT FOLDER "res" of package "lanelet2_maps" for installation
-- Generating cmake exports for lanelet2_maps to /home/saitama1/Pictures/ros2-picas/ros2_foxy/build/lanelet2_maps/devel/share
-- Configuring done
-- Generating done
-- Build files have been written to: /home/saitama1/Pictures/ros2-picas/ros2_foxy/build/lanelet2_maps
[35m[1mScanning dependencies of target tests_lanelet2_maps[0m
Built target tests_lanelet2_maps
[35m[1mScanning dependencies of target tests[0m
Built target tests
-- Install configuration: ""
-- Up-to-date: /home/saitama1/Pictures/ros2-picas/ros2_foxy/install/lanelet2_maps/include/lanelet2_maps
-- Up-to-date: /home/saitama1/Pictures/ros2-picas/ros2_foxy/install/lanelet2_maps/include/lanelet2_maps/internal
-- Up-to-date: /home/saitama1/Pictures/ros2-picas/ros2_foxy/install/lanelet2_maps/share/lanelet2_maps/res
-- Installing: /home/saitama1/Pictures/ros2-picas/ros2_foxy/install/lanelet2_maps/share/lanelet2_maps/res/mapping_example.osm
-- Installing: /home/saitama1/Pictures/ros2-picas/ros2_foxy/install/lanelet2_maps/share/lanelet2_maps/res/mapping_example-debug.osm
-- Installing: /home/saitama1/Pictures/ros2-picas/ros2_foxy/install/lanelet2_maps/share/lanelet2_maps/cmake/lanelet2_mapsTargets.cmake
-- Installing: /home/saitama1/Pictures/ros2-picas/ros2_foxy/install/lanelet2_maps/share/lanelet2_maps/cmake/lanelet2_mapsConfigVersion.cmake
-- Installing: /home/saitama1/Pictures/ros2-picas/ros2_foxy/install/lanelet2_maps/share/lanelet2_maps/cmake/lanelet2_mapsConfig.cmake
-- Installing: /home/saitama1/Pictures/ros2-picas/ros2_foxy/install/lanelet2_maps/share/lanelet2_maps/cmake/auto_dep_vars.cmake
-- Installing: /home/saitama1/Pictures/ros2-picas/ros2_foxy/install/lanelet2_maps/share/lanelet2_maps/cmake/lanelet2_mapsAutoDepsConfig.cmake
-- Installing: /home/saitama1/Pictures/ros2-picas/ros2_foxy/install/lanelet2_maps/share/lanelet2_maps/package.xml
-- Installing: /home/saitama1/Pictures/ros2-picas/ros2_foxy/install/lanelet2_maps/share/ament_index/resource_index/package_run_dependencies/lanelet2_maps
-- Installing: /home/saitama1/Pictures/ros2-picas/ros2_foxy/install/lanelet2_maps/share/ament_index/resource_index/parent_prefix_path/lanelet2_maps
-- Installing: /home/saitama1/Pictures/ros2-picas/ros2_foxy/install/lanelet2_maps/share/lanelet2_maps/environment/ament_prefix_path.sh
-- Installing: /home/saitama1/Pictures/ros2-picas/ros2_foxy/install/lanelet2_maps/share/lanelet2_maps/environment/ament_prefix_path.dsv
-- Installing: /home/saitama1/Pictures/ros2-picas/ros2_foxy/install/lanelet2_maps/share/lanelet2_maps/environment/path.sh
-- Installing: /home/saitama1/Pictures/ros2-picas/ros2_foxy/install/lanelet2_maps/share/lanelet2_maps/environment/path.dsv
-- Installing: /home/saitama1/Pictures/ros2-picas/ros2_foxy/install/lanelet2_maps/share/lanelet2_maps/local_setup.bash
-- Installing: /home/saitama1/Pictures/ros2-picas/ros2_foxy/install/lanelet2_maps/share/lanelet2_maps/local_setup.sh
-- Installing: /home/saitama1/Pictures/ros2-picas/ros2_foxy/install/lanelet2_maps/share/lanelet2_maps/local_setup.zsh
-- Installing: /home/saitama1/Pictures/ros2-picas/ros2_foxy/install/lanelet2_maps/share/lanelet2_maps/local_setup.dsv
-- Installing: /home/saitama1/Pictures/ros2-picas/ros2_foxy/install/lanelet2_maps/share/lanelet2_maps/package.dsv
-- Installing: /home/saitama1/Pictures/ros2-picas/ros2_foxy/install/lanelet2_maps/share/ament_index/resource_index/packages/lanelet2_maps
