[0.033s] Invoking command in '/home/saitama1/Pictures/ros2-picas/ros2_foxy/build/lanelet2_maps': AMENT_PREFIX_PATH=/home/saitama1/Pictures/ros2-picas/ros2_foxy/install/lanelet2_core:/home/saitama1/Pictures/ros2-picas/ros2_foxy/install/ros_environment:/home/saitama1/Pictures/ros2-picas/ros2_foxy/install/ament_cmake_core:/home/saitama1/Pictures/ros2-picas/ros2_foxy/install/ament_package:${AMENT_PREFIX_PATH} CMAKE_PREFIX_PATH=/opt/ros/foxy:/home/saitama1/Pictures/ros2-picas/ros2_foxy/install/lanelet2_core:/home/saitama1/Pictures/ros2-picas/ros2_foxy/install/mrt_cmake_modules:/home/saitama1/Pictures/ros2-picas/ros2_foxy/install/ros_environment:/home/saitama1/Pictures/ros2-picas/ros2_foxy/install/ament_cmake_core:/home/saitama1/Pictures/ros2-picas/ros2_foxy/install/gtest_vendor LD_LIBRARY_PATH=/home/saitama1/Pictures/ros2-picas/ros2_foxy/install/lanelet2_core/lib:${LD_LIBRARY_PATH} PATH=/home/saitama1/Pictures/ros2-picas/ros2_foxy/install/mrt_cmake_modules/bin:${PATH} PKG_CONFIG_PATH=/home/saitama1/Pictures/ros2-picas/ros2_foxy/install/mrt_cmake_modules/lib/x86_64-linux-gnu/pkgconfig:/home/saitama1/Pictures/ros2-picas/ros2_foxy/install/mrt_cmake_modules/lib/pkgconfig:/home/saitama1/Pictures/ros2-picas/ros2_foxy/install/gtest_vendor/lib/x86_64-linux-gnu/pkgconfig:/home/saitama1/Pictures/ros2-picas/ros2_foxy/install/gtest_vendor/lib/pkgconfig PYTHONPATH=/home/saitama1/Pictures/ros2-picas/ros2_foxy/install/ament_package/lib/python3.8/site-packages:${PYTHONPATH} ROS_PACKAGE_PATH=/home/saitama1/Pictures/ros2-picas/ros2_foxy/install/mrt_cmake_modules/share /usr/bin/cmake /home/saitama1/Pictures/ros2-picas/ros2_foxy/src/autoware_build_parts/lanelet2/lanelet2_maps -DCMAKE_INSTALL_PREFIX=/home/saitama1/Pictures/ros2-picas/ros2_foxy/install/lanelet2_maps
[0.098s] -- The C compiler identification is GNU 9.3.0
[0.157s] -- The CXX compiler identification is GNU 9.3.0
[0.162s] -- Check for working C compiler: /usr/bin/cc
[0.233s] -- Check for working C compiler: /usr/bin/cc -- works
[0.234s] -- Detecting C compiler ABI info
[0.305s] -- Detecting C compiler ABI info - done
[0.318s] -- Detecting C compile features
[0.318s] -- Detecting C compile features - done
[0.320s] -- Check for working CXX compiler: /usr/bin/c++
[0.413s] -- Check for working CXX compiler: /usr/bin/c++ -- works
[0.414s] -- Detecting CXX compiler ABI info
[0.508s] -- Detecting CXX compiler ABI info - done
[0.523s] -- Detecting CXX compile features
[0.524s] -- Detecting CXX compile features - done
[0.526s] -- Found mrt_cmake_modules: 1.0.8 (/home/saitama1/Pictures/ros2-picas/ros2_foxy/install/mrt_cmake_modules/share/mrt_cmake_modules/cmake)
[0.532s] -- Found ament_cmake_core: 0.9.8 (/opt/ros/foxy/share/ament_cmake_core/cmake)
[0.560s] -- Found PythonInterp: /usr/bin/python3 (found suitable version "3.8.10", minimum required is "3") 
[0.560s] -- Using PYTHON_EXECUTABLE: /usr/bin/python3
[1.040s] -- Found OpenMP_C: -fopenmp (found version "4.5") 
[1.134s] -- Found OpenMP_CXX: -fopenmp (found version "4.5") 
[1.134s] -- Found OpenMP: TRUE (found version "4.5")  
[1.341s] called: /home/saitama1/Pictures/ros2-picas/ros2_foxy/install/mrt_cmake_modules/share/mrt_cmake_modules/cmake/../scripts/generate_cmake_dependency_file.py /home/saitama1/Pictures/ros2-picas/ros2_foxy/src/autoware_build_parts/lanelet2/lanelet2_maps/package.xml /home/saitama1/Pictures/ros2-picas/ros2_foxy/install/mrt_cmake_modules/share/mrt_cmake_modules/cmake/../yaml/cmake.yaml /home/saitama1/Pictures/ros2-picas/ros2_foxy/build/lanelet2_maps/CMakeFiles/auto_dep_vars.cmake
[1.416s] -- Adding header-only library with files 
[1.416s] -- Marking libraries "lanelet2_maps" of package "lanelet2_maps" for installation
[1.416s] -- Marking HEADER FILES in "include/lanelet2_maps" folder of package "lanelet2_maps" for installation
[1.416s] -- Marking SHARED CONTENT FOLDER "res" of package "lanelet2_maps" for installation
[1.416s] -- Generating cmake exports for lanelet2_maps to /home/saitama1/Pictures/ros2-picas/ros2_foxy/build/lanelet2_maps/devel/share
[1.426s] -- Configuring done
[1.430s] -- Generating done
[1.432s] -- Build files have been written to: /home/saitama1/Pictures/ros2-picas/ros2_foxy/build/lanelet2_maps
[1.438s] Invoked command in '/home/saitama1/Pictures/ros2-picas/ros2_foxy/build/lanelet2_maps' returned '0': AMENT_PREFIX_PATH=/home/saitama1/Pictures/ros2-picas/ros2_foxy/install/lanelet2_core:/home/saitama1/Pictures/ros2-picas/ros2_foxy/install/ros_environment:/home/saitama1/Pictures/ros2-picas/ros2_foxy/install/ament_cmake_core:/home/saitama1/Pictures/ros2-picas/ros2_foxy/install/ament_package:${AMENT_PREFIX_PATH} CMAKE_PREFIX_PATH=/opt/ros/foxy:/home/saitama1/Pictures/ros2-picas/ros2_foxy/install/lanelet2_core:/home/saitama1/Pictures/ros2-picas/ros2_foxy/install/mrt_cmake_modules:/home/saitama1/Pictures/ros2-picas/ros2_foxy/install/ros_environment:/home/saitama1/Pictures/ros2-picas/ros2_foxy/install/ament_cmake_core:/home/saitama1/Pictures/ros2-picas/ros2_foxy/install/gtest_vendor LD_LIBRARY_PATH=/home/saitama1/Pictures/ros2-picas/ros2_foxy/install/lanelet2_core/lib:${LD_LIBRARY_PATH} PATH=/home/saitama1/Pictures/ros2-picas/ros2_foxy/install/mrt_cmake_modules/bin:${PATH} PKG_CONFIG_PATH=/home/saitama1/Pictures/ros2-picas/ros2_foxy/install/mrt_cmake_modules/lib/x86_64-linux-gnu/pkgconfig:/home/saitama1/Pictures/ros2-picas/ros2_foxy/install/mrt_cmake_modules/lib/pkgconfig:/home/saitama1/Pictures/ros2-picas/ros2_foxy/install/gtest_vendor/lib/x86_64-linux-gnu/pkgconfig:/home/saitama1/Pictures/ros2-picas/ros2_foxy/install/gtest_vendor/lib/pkgconfig PYTHONPATH=/home/saitama1/Pictures/ros2-picas/ros2_foxy/install/ament_package/lib/python3.8/site-packages:${PYTHONPATH} ROS_PACKAGE_PATH=/home/saitama1/Pictures/ros2-picas/ros2_foxy/install/mrt_cmake_modules/share /usr/bin/cmake /home/saitama1/Pictures/ros2-picas/ros2_foxy/src/autoware_build_parts/lanelet2/lanelet2_maps -DCMAKE_INSTALL_PREFIX=/home/saitama1/Pictures/ros2-picas/ros2_foxy/install/lanelet2_maps
[1.441s] Invoking command in '/home/saitama1/Pictures/ros2-picas/ros2_foxy/build/lanelet2_maps': AMENT_PREFIX_PATH=/home/saitama1/Pictures/ros2-picas/ros2_foxy/install/lanelet2_core:/home/saitama1/Pictures/ros2-picas/ros2_foxy/install/ros_environment:/home/saitama1/Pictures/ros2-picas/ros2_foxy/install/ament_cmake_core:/home/saitama1/Pictures/ros2-picas/ros2_foxy/install/ament_package:${AMENT_PREFIX_PATH} CMAKE_PREFIX_PATH=/opt/ros/foxy:/home/saitama1/Pictures/ros2-picas/ros2_foxy/install/lanelet2_core:/home/saitama1/Pictures/ros2-picas/ros2_foxy/install/mrt_cmake_modules:/home/saitama1/Pictures/ros2-picas/ros2_foxy/install/ros_environment:/home/saitama1/Pictures/ros2-picas/ros2_foxy/install/ament_cmake_core:/home/saitama1/Pictures/ros2-picas/ros2_foxy/install/gtest_vendor LD_LIBRARY_PATH=/home/saitama1/Pictures/ros2-picas/ros2_foxy/install/lanelet2_core/lib:${LD_LIBRARY_PATH} PATH=/home/saitama1/Pictures/ros2-picas/ros2_foxy/install/mrt_cmake_modules/bin:${PATH} PKG_CONFIG_PATH=/home/saitama1/Pictures/ros2-picas/ros2_foxy/install/mrt_cmake_modules/lib/x86_64-linux-gnu/pkgconfig:/home/saitama1/Pictures/ros2-picas/ros2_foxy/install/mrt_cmake_modules/lib/pkgconfig:/home/saitama1/Pictures/ros2-picas/ros2_foxy/install/gtest_vendor/lib/x86_64-linux-gnu/pkgconfig:/home/saitama1/Pictures/ros2-picas/ros2_foxy/install/gtest_vendor/lib/pkgconfig PYTHONPATH=/home/saitama1/Pictures/ros2-picas/ros2_foxy/install/ament_package/lib/python3.8/site-packages:${PYTHONPATH} ROS_PACKAGE_PATH=/home/saitama1/Pictures/ros2-picas/ros2_foxy/install/mrt_cmake_modules/share /usr/bin/cmake --build /home/saitama1/Pictures/ros2-picas/ros2_foxy/build/lanelet2_maps -- -j12 -l12
[1.500s] [35m[1mScanning dependencies of target tests_lanelet2_maps[0m
[1.511s] Built target tests_lanelet2_maps
[1.523s] [35m[1mScanning dependencies of target tests[0m
[1.535s] Built target tests
[1.548s] Invoked command in '/home/saitama1/Pictures/ros2-picas/ros2_foxy/build/lanelet2_maps' returned '0': AMENT_PREFIX_PATH=/home/saitama1/Pictures/ros2-picas/ros2_foxy/install/lanelet2_core:/home/saitama1/Pictures/ros2-picas/ros2_foxy/install/ros_environment:/home/saitama1/Pictures/ros2-picas/ros2_foxy/install/ament_cmake_core:/home/saitama1/Pictures/ros2-picas/ros2_foxy/install/ament_package:${AMENT_PREFIX_PATH} CMAKE_PREFIX_PATH=/opt/ros/foxy:/home/saitama1/Pictures/ros2-picas/ros2_foxy/install/lanelet2_core:/home/saitama1/Pictures/ros2-picas/ros2_foxy/install/mrt_cmake_modules:/home/saitama1/Pictures/ros2-picas/ros2_foxy/install/ros_environment:/home/saitama1/Pictures/ros2-picas/ros2_foxy/install/ament_cmake_core:/home/saitama1/Pictures/ros2-picas/ros2_foxy/install/gtest_vendor LD_LIBRARY_PATH=/home/saitama1/Pictures/ros2-picas/ros2_foxy/install/lanelet2_core/lib:${LD_LIBRARY_PATH} PATH=/home/saitama1/Pictures/ros2-picas/ros2_foxy/install/mrt_cmake_modules/bin:${PATH} PKG_CONFIG_PATH=/home/saitama1/Pictures/ros2-picas/ros2_foxy/install/mrt_cmake_modules/lib/x86_64-linux-gnu/pkgconfig:/home/saitama1/Pictures/ros2-picas/ros2_foxy/install/mrt_cmake_modules/lib/pkgconfig:/home/saitama1/Pictures/ros2-picas/ros2_foxy/install/gtest_vendor/lib/x86_64-linux-gnu/pkgconfig:/home/saitama1/Pictures/ros2-picas/ros2_foxy/install/gtest_vendor/lib/pkgconfig PYTHONPATH=/home/saitama1/Pictures/ros2-picas/ros2_foxy/install/ament_package/lib/python3.8/site-packages:${PYTHONPATH} ROS_PACKAGE_PATH=/home/saitama1/Pictures/ros2-picas/ros2_foxy/install/mrt_cmake_modules/share /usr/bin/cmake --build /home/saitama1/Pictures/ros2-picas/ros2_foxy/build/lanelet2_maps -- -j12 -l12
[1.597s] Invoking command in '/home/saitama1/Pictures/ros2-picas/ros2_foxy/build/lanelet2_maps': AMENT_PREFIX_PATH=/home/saitama1/Pictures/ros2-picas/ros2_foxy/install/lanelet2_core:/home/saitama1/Pictures/ros2-picas/ros2_foxy/install/ros_environment:/home/saitama1/Pictures/ros2-picas/ros2_foxy/install/ament_cmake_core:/home/saitama1/Pictures/ros2-picas/ros2_foxy/install/ament_package:${AMENT_PREFIX_PATH} CMAKE_PREFIX_PATH=/opt/ros/foxy:/home/saitama1/Pictures/ros2-picas/ros2_foxy/install/lanelet2_core:/home/saitama1/Pictures/ros2-picas/ros2_foxy/install/mrt_cmake_modules:/home/saitama1/Pictures/ros2-picas/ros2_foxy/install/ros_environment:/home/saitama1/Pictures/ros2-picas/ros2_foxy/install/ament_cmake_core:/home/saitama1/Pictures/ros2-picas/ros2_foxy/install/gtest_vendor LD_LIBRARY_PATH=/home/saitama1/Pictures/ros2-picas/ros2_foxy/install/lanelet2_core/lib:${LD_LIBRARY_PATH} PATH=/home/saitama1/Pictures/ros2-picas/ros2_foxy/install/mrt_cmake_modules/bin:${PATH} PKG_CONFIG_PATH=/home/saitama1/Pictures/ros2-picas/ros2_foxy/install/mrt_cmake_modules/lib/x86_64-linux-gnu/pkgconfig:/home/saitama1/Pictures/ros2-picas/ros2_foxy/install/mrt_cmake_modules/lib/pkgconfig:/home/saitama1/Pictures/ros2-picas/ros2_foxy/install/gtest_vendor/lib/x86_64-linux-gnu/pkgconfig:/home/saitama1/Pictures/ros2-picas/ros2_foxy/install/gtest_vendor/lib/pkgconfig PYTHONPATH=/home/saitama1/Pictures/ros2-picas/ros2_foxy/install/ament_package/lib/python3.8/site-packages:${PYTHONPATH} ROS_PACKAGE_PATH=/home/saitama1/Pictures/ros2-picas/ros2_foxy/install/mrt_cmake_modules/share /usr/bin/cmake --install /home/saitama1/Pictures/ros2-picas/ros2_foxy/build/lanelet2_maps
[1.605s] -- Install configuration: ""
[1.605s] -- Up-to-date: /home/saitama1/Pictures/ros2-picas/ros2_foxy/install/lanelet2_maps/include/lanelet2_maps
[1.605s] -- Up-to-date: /home/saitama1/Pictures/ros2-picas/ros2_foxy/install/lanelet2_maps/include/lanelet2_maps/internal
[1.605s] -- Up-to-date: /home/saitama1/Pictures/ros2-picas/ros2_foxy/install/lanelet2_maps/share/lanelet2_maps/res
[1.606s] -- Installing: /home/saitama1/Pictures/ros2-picas/ros2_foxy/install/lanelet2_maps/share/lanelet2_maps/res/mapping_example.osm
[1.677s] -- Installing: /home/saitama1/Pictures/ros2-picas/ros2_foxy/install/lanelet2_maps/share/lanelet2_maps/res/mapping_example-debug.osm
[1.739s] -- Installing: /home/saitama1/Pictures/ros2-picas/ros2_foxy/install/lanelet2_maps/share/lanelet2_maps/cmake/lanelet2_mapsTargets.cmake
[1.739s] -- Installing: /home/saitama1/Pictures/ros2-picas/ros2_foxy/install/lanelet2_maps/share/lanelet2_maps/cmake/lanelet2_mapsConfigVersion.cmake
[1.740s] -- Installing: /home/saitama1/Pictures/ros2-picas/ros2_foxy/install/lanelet2_maps/share/lanelet2_maps/cmake/lanelet2_mapsConfig.cmake
[1.740s] -- Installing: /home/saitama1/Pictures/ros2-picas/ros2_foxy/install/lanelet2_maps/share/lanelet2_maps/cmake/auto_dep_vars.cmake
[1.740s] -- Installing: /home/saitama1/Pictures/ros2-picas/ros2_foxy/install/lanelet2_maps/share/lanelet2_maps/cmake/lanelet2_mapsAutoDepsConfig.cmake
[1.740s] -- Installing: /home/saitama1/Pictures/ros2-picas/ros2_foxy/install/lanelet2_maps/share/lanelet2_maps/package.xml
[1.741s] -- Installing: /home/saitama1/Pictures/ros2-picas/ros2_foxy/install/lanelet2_maps/share/ament_index/resource_index/package_run_dependencies/lanelet2_maps
[1.741s] -- Installing: /home/saitama1/Pictures/ros2-picas/ros2_foxy/install/lanelet2_maps/share/ament_index/resource_index/parent_prefix_path/lanelet2_maps
[1.741s] -- Installing: /home/saitama1/Pictures/ros2-picas/ros2_foxy/install/lanelet2_maps/share/lanelet2_maps/environment/ament_prefix_path.sh
[1.742s] -- Installing: /home/saitama1/Pictures/ros2-picas/ros2_foxy/install/lanelet2_maps/share/lanelet2_maps/environment/ament_prefix_path.dsv
[1.742s] -- Installing: /home/saitama1/Pictures/ros2-picas/ros2_foxy/install/lanelet2_maps/share/lanelet2_maps/environment/path.sh
[1.742s] -- Installing: /home/saitama1/Pictures/ros2-picas/ros2_foxy/install/lanelet2_maps/share/lanelet2_maps/environment/path.dsv
[1.742s] -- Installing: /home/saitama1/Pictures/ros2-picas/ros2_foxy/install/lanelet2_maps/share/lanelet2_maps/local_setup.bash
[1.743s] -- Installing: /home/saitama1/Pictures/ros2-picas/ros2_foxy/install/lanelet2_maps/share/lanelet2_maps/local_setup.sh
[1.743s] -- Installing: /home/saitama1/Pictures/ros2-picas/ros2_foxy/install/lanelet2_maps/share/lanelet2_maps/local_setup.zsh
[1.743s] -- Installing: /home/saitama1/Pictures/ros2-picas/ros2_foxy/install/lanelet2_maps/share/lanelet2_maps/local_setup.dsv
[1.743s] -- Installing: /home/saitama1/Pictures/ros2-picas/ros2_foxy/install/lanelet2_maps/share/lanelet2_maps/package.dsv
[1.744s] -- Installing: /home/saitama1/Pictures/ros2-picas/ros2_foxy/install/lanelet2_maps/share/ament_index/resource_index/packages/lanelet2_maps
[1.747s] Invoked command in '/home/saitama1/Pictures/ros2-picas/ros2_foxy/build/lanelet2_maps' returned '0': AMENT_PREFIX_PATH=/home/saitama1/Pictures/ros2-picas/ros2_foxy/install/lanelet2_core:/home/saitama1/Pictures/ros2-picas/ros2_foxy/install/ros_environment:/home/saitama1/Pictures/ros2-picas/ros2_foxy/install/ament_cmake_core:/home/saitama1/Pictures/ros2-picas/ros2_foxy/install/ament_package:${AMENT_PREFIX_PATH} CMAKE_PREFIX_PATH=/opt/ros/foxy:/home/saitama1/Pictures/ros2-picas/ros2_foxy/install/lanelet2_core:/home/saitama1/Pictures/ros2-picas/ros2_foxy/install/mrt_cmake_modules:/home/saitama1/Pictures/ros2-picas/ros2_foxy/install/ros_environment:/home/saitama1/Pictures/ros2-picas/ros2_foxy/install/ament_cmake_core:/home/saitama1/Pictures/ros2-picas/ros2_foxy/install/gtest_vendor LD_LIBRARY_PATH=/home/saitama1/Pictures/ros2-picas/ros2_foxy/install/lanelet2_core/lib:${LD_LIBRARY_PATH} PATH=/home/saitama1/Pictures/ros2-picas/ros2_foxy/install/mrt_cmake_modules/bin:${PATH} PKG_CONFIG_PATH=/home/saitama1/Pictures/ros2-picas/ros2_foxy/install/mrt_cmake_modules/lib/x86_64-linux-gnu/pkgconfig:/home/saitama1/Pictures/ros2-picas/ros2_foxy/install/mrt_cmake_modules/lib/pkgconfig:/home/saitama1/Pictures/ros2-picas/ros2_foxy/install/gtest_vendor/lib/x86_64-linux-gnu/pkgconfig:/home/saitama1/Pictures/ros2-picas/ros2_foxy/install/gtest_vendor/lib/pkgconfig PYTHONPATH=/home/saitama1/Pictures/ros2-picas/ros2_foxy/install/ament_package/lib/python3.8/site-packages:${PYTHONPATH} ROS_PACKAGE_PATH=/home/saitama1/Pictures/ros2-picas/ros2_foxy/install/mrt_cmake_modules/share /usr/bin/cmake --install /home/saitama1/Pictures/ros2-picas/ros2_foxy/build/lanelet2_maps
