-- The C compiler identification is GNU 9.3.0
-- The CXX compiler identification is GNU 9.3.0
-- Check for working C compiler: /usr/bin/cc
-- Check for working C compiler: /usr/bin/cc -- works
-- Detecting C compiler ABI info
-- Detecting C compiler ABI info - done
-- Detecting C compile features
-- Detecting C compile features - done
-- Check for working CXX compiler: /usr/bin/c++
-- Check for working CXX compiler: /usr/bin/c++ -- works
-- Detecting CXX compiler ABI info
-- Detecting CXX compiler ABI info - done
-- Detecting CXX compile features
-- Detecting CXX compile features - done
-- Found ament_cmake: 0.9.8 (/home/saitama1/Pictures/ros2-picas/ros2_foxy/install/ament_cmake/share/ament_cmake/cmake)
-- Found PythonInterp: /usr/bin/python3 (found suitable version "3.8.10", minimum required is "3") 
-- Using PYTHON_EXECUTABLE: /usr/bin/python3
-- Found rosidl_default_generators: 1.0.1 (/home/saitama1/Pictures/ros2-picas/ros2_foxy/install/rosidl_default_generators/share/rosidl_default_generators/cmake)
-- Using all available rosidl_typesupport_c: rosidl_typesupport_fastrtps_c;rosidl_typesupport_introspection_c
-- Found rosidl_adapter: 1.2.1 (/home/saitama1/Pictures/ros2-picas/ros2_foxy/install/rosidl_adapter/share/rosidl_adapter/cmake)
-- Found OpenSSL: /usr/lib/x86_64-linux-gnu/libcrypto.so (found version "1.1.1f")  
-- Found FastRTPS: /home/saitama1/Pictures/ros2-picas/ros2_foxy/install/fastrtps/include  
-- Using all available rosidl_typesupport_cpp: rosidl_typesupport_introspection_cpp;rosidl_typesupport_fastrtps_cpp
-- Found sensor_msgs: 2.0.4 (/home/saitama1/Pictures/ros2-picas/ros2_foxy/install/sensor_msgs/share/sensor_msgs/cmake)
-- Found PythonInterp: /usr/bin/python3 (found version "3.8.10") 
-- Found ament_cmake_cppcheck: 0.9.6 (/home/saitama1/Pictures/ros2-picas/ros2_foxy/install/ament_cmake_cppcheck/share/ament_cmake_cppcheck/cmake)
-- Found ament_cmake_cpplint: 0.9.6 (/home/saitama1/Pictures/ros2-picas/ros2_foxy/install/ament_cmake_cpplint/share/ament_cmake_cpplint/cmake)
-- Found ament_cmake_uncrustify: 0.9.6 (/home/saitama1/Pictures/ros2-picas/ros2_foxy/install/ament_cmake_uncrustify/share/ament_cmake_uncrustify/cmake)
-- Found ament_cmake_ros: 0.9.2 (/home/saitama1/Pictures/ros2-picas/ros2_foxy/install/ament_cmake_ros/share/ament_cmake_ros/cmake)
-- Using all available rosidl_typesupport_c: rosidl_typesupport_fastrtps_c;rosidl_typesupport_introspection_c
-- Using all available rosidl_typesupport_cpp: rosidl_typesupport_introspection_cpp;rosidl_typesupport_fastrtps_cpp
-- Found PythonInterp: /usr/bin/python3 (found suitable version "3.8.10", minimum required is "3.5") 
-- Found python_cmake_module: 0.8.1 (/home/saitama1/Pictures/ros2-picas/ros2_foxy/install/python_cmake_module/share/python_cmake_module/cmake)
-- Found PythonLibs: /usr/lib/x86_64-linux-gnu/libpython3.8.so (found suitable version "3.8.10", minimum required is "3.5") 
-- Using PYTHON_EXECUTABLE: /usr/bin/python3
-- Using PYTHON_INCLUDE_DIRS: /usr/include/python3.8
-- Using PYTHON_LIBRARIES: /usr/lib/x86_64-linux-gnu/libpython3.8.so
-- Found PythonExtra: .so  
-- Found ament_cmake_flake8: 0.9.6 (/home/saitama1/Pictures/ros2-picas/ros2_foxy/install/ament_cmake_flake8/share/ament_cmake_flake8/cmake)
-- Found ament_cmake_pep257: 0.9.6 (/home/saitama1/Pictures/ros2-picas/ros2_foxy/install/ament_cmake_pep257/share/ament_cmake_pep257/cmake)
-- Configuring done
-- Generating done
-- Build files have been written to: /home/saitama1/Pictures/ros2-picas/ros2_foxy/build/pcl_msgs
[  1%] [34m[1mGenerating C code for ROS interfaces[0m
[35m[1mScanning dependencies of target pcl_msgs__rosidl_generator_c[0m
[  3%] [32mBuilding C object CMakeFiles/pcl_msgs__rosidl_generator_c.dir/rosidl_generator_c/pcl_msgs/msg/detail/model_coefficients__functions.c.o[0m
[  4%] [32mBuilding C object CMakeFiles/pcl_msgs__rosidl_generator_c.dir/rosidl_generator_c/pcl_msgs/srv/detail/update_filename__functions.c.o[0m
[  6%] [32mBuilding C object CMakeFiles/pcl_msgs__rosidl_generator_c.dir/rosidl_generator_c/pcl_msgs/msg/detail/vertices__functions.c.o[0m
[  7%] [32mBuilding C object CMakeFiles/pcl_msgs__rosidl_generator_c.dir/rosidl_generator_c/pcl_msgs/msg/detail/polygon_mesh__functions.c.o[0m
[  9%] [32mBuilding C object CMakeFiles/pcl_msgs__rosidl_generator_c.dir/rosidl_generator_c/pcl_msgs/msg/detail/point_indices__functions.c.o[0m
[ 11%] [32m[1mLinking C shared library libpcl_msgs__rosidl_generator_c.so[0m
[ 11%] Built target pcl_msgs__rosidl_generator_c
[35m[1mScanning dependencies of target pcl_msgs__cpp[0m
[ 12%] [34m[1mGenerating C++ code for ROS interfaces[0m
[ 12%] Built target pcl_msgs__cpp
[ 14%] [34m[1mGenerating C introspection for ROS interfaces[0m
[35m[1mScanning dependencies of target pcl_msgs__rosidl_typesupport_introspection_c[0m
[ 15%] [32mBuilding C object CMakeFiles/pcl_msgs__rosidl_typesupport_introspection_c.dir/rosidl_typesupport_introspection_c/pcl_msgs/msg/detail/model_coefficients__type_support.c.o[0m
[ 17%] [32mBuilding C object CMakeFiles/pcl_msgs__rosidl_typesupport_introspection_c.dir/rosidl_typesupport_introspection_c/pcl_msgs/srv/detail/update_filename__type_support.c.o[0m
[ 19%] [32mBuilding C object CMakeFiles/pcl_msgs__rosidl_typesupport_introspection_c.dir/rosidl_typesupport_introspection_c/pcl_msgs/msg/detail/vertices__type_support.c.o[0m
[ 20%] [32mBuilding C object CMakeFiles/pcl_msgs__rosidl_typesupport_introspection_c.dir/rosidl_typesupport_introspection_c/pcl_msgs/msg/detail/polygon_mesh__type_support.c.o[0m
[ 22%] [32mBuilding C object CMakeFiles/pcl_msgs__rosidl_typesupport_introspection_c.dir/rosidl_typesupport_introspection_c/pcl_msgs/msg/detail/point_indices__type_support.c.o[0m
[ 23%] [32m[1mLinking C shared library libpcl_msgs__rosidl_typesupport_introspection_c.so[0m
[ 23%] Built target pcl_msgs__rosidl_typesupport_introspection_c
[ 25%] [34m[1mGenerating C++ type support dispatch for ROS interfaces[0m
[35m[1mScanning dependencies of target pcl_msgs__rosidl_typesupport_cpp[0m
[ 26%] [32mBuilding CXX object CMakeFiles/pcl_msgs__rosidl_typesupport_cpp.dir/rosidl_typesupport_cpp/pcl_msgs/msg/model_coefficients__type_support.cpp.o[0m
[ 28%] [32mBuilding CXX object CMakeFiles/pcl_msgs__rosidl_typesupport_cpp.dir/rosidl_typesupport_cpp/pcl_msgs/srv/update_filename__type_support.cpp.o[0m
[ 30%] [32mBuilding CXX object CMakeFiles/pcl_msgs__rosidl_typesupport_cpp.dir/rosidl_typesupport_cpp/pcl_msgs/msg/vertices__type_support.cpp.o[0m
[ 31%] [32mBuilding CXX object CMakeFiles/pcl_msgs__rosidl_typesupport_cpp.dir/rosidl_typesupport_cpp/pcl_msgs/msg/polygon_mesh__type_support.cpp.o[0m
[ 33%] [32mBuilding CXX object CMakeFiles/pcl_msgs__rosidl_typesupport_cpp.dir/rosidl_typesupport_cpp/pcl_msgs/msg/point_indices__type_support.cpp.o[0m
[ 34%] [32m[1mLinking CXX shared library libpcl_msgs__rosidl_typesupport_cpp.so[0m
[ 34%] Built target pcl_msgs__rosidl_typesupport_cpp
[ 36%] [34m[1mGenerating C++ type support for eProsima Fast-RTPS[0m
[35m[1mScanning dependencies of target pcl_msgs__rosidl_typesupport_fastrtps_cpp[0m
[ 38%] [32mBuilding CXX object CMakeFiles/pcl_msgs__rosidl_typesupport_fastrtps_cpp.dir/rosidl_typesupport_fastrtps_cpp/pcl_msgs/msg/detail/dds_fastrtps/model_coefficients__type_support.cpp.o[0m
[ 39%] [32mBuilding CXX object CMakeFiles/pcl_msgs__rosidl_typesupport_fastrtps_cpp.dir/rosidl_typesupport_fastrtps_cpp/pcl_msgs/srv/detail/dds_fastrtps/update_filename__type_support.cpp.o[0m
[ 41%] [32mBuilding CXX object CMakeFiles/pcl_msgs__rosidl_typesupport_fastrtps_cpp.dir/rosidl_typesupport_fastrtps_cpp/pcl_msgs/msg/detail/dds_fastrtps/vertices__type_support.cpp.o[0m
[ 42%] [32mBuilding CXX object CMakeFiles/pcl_msgs__rosidl_typesupport_fastrtps_cpp.dir/rosidl_typesupport_fastrtps_cpp/pcl_msgs/msg/detail/dds_fastrtps/polygon_mesh__type_support.cpp.o[0m
[ 44%] [32mBuilding CXX object CMakeFiles/pcl_msgs__rosidl_typesupport_fastrtps_cpp.dir/rosidl_typesupport_fastrtps_cpp/pcl_msgs/msg/detail/dds_fastrtps/point_indices__type_support.cpp.o[0m
[ 46%] [32m[1mLinking CXX shared library libpcl_msgs__rosidl_typesupport_fastrtps_cpp.so[0m
[ 46%] Built target pcl_msgs__rosidl_typesupport_fastrtps_cpp
[ 47%] [34m[1mGenerating C++ introspection for ROS interfaces[0m
[35m[1mScanning dependencies of target pcl_msgs__rosidl_typesupport_introspection_cpp[0m
[ 49%] [32mBuilding CXX object CMakeFiles/pcl_msgs__rosidl_typesupport_introspection_cpp.dir/rosidl_typesupport_introspection_cpp/pcl_msgs/msg/detail/model_coefficients__type_support.cpp.o[0m
[ 50%] [32mBuilding CXX object CMakeFiles/pcl_msgs__rosidl_typesupport_introspection_cpp.dir/rosidl_typesupport_introspection_cpp/pcl_msgs/srv/detail/update_filename__type_support.cpp.o[0m
[ 52%] [32mBuilding CXX object CMakeFiles/pcl_msgs__rosidl_typesupport_introspection_cpp.dir/rosidl_typesupport_introspection_cpp/pcl_msgs/msg/detail/vertices__type_support.cpp.o[0m
[ 53%] [32mBuilding CXX object CMakeFiles/pcl_msgs__rosidl_typesupport_introspection_cpp.dir/rosidl_typesupport_introspection_cpp/pcl_msgs/msg/detail/polygon_mesh__type_support.cpp.o[0m
[ 55%] [32mBuilding CXX object CMakeFiles/pcl_msgs__rosidl_typesupport_introspection_cpp.dir/rosidl_typesupport_introspection_cpp/pcl_msgs/msg/detail/point_indices__type_support.cpp.o[0m
[ 57%] [32m[1mLinking CXX shared library libpcl_msgs__rosidl_typesupport_introspection_cpp.so[0m
[ 57%] Built target pcl_msgs__rosidl_typesupport_introspection_cpp
[ 58%] [34m[1mGenerating C type support for eProsima Fast-RTPS[0m
[35m[1mScanning dependencies of target pcl_msgs__rosidl_typesupport_fastrtps_c[0m
[ 60%] [32mBuilding CXX object CMakeFiles/pcl_msgs__rosidl_typesupport_fastrtps_c.dir/rosidl_typesupport_fastrtps_c/pcl_msgs/msg/detail/model_coefficients__type_support_c.cpp.o[0m
[ 61%] [32mBuilding CXX object CMakeFiles/pcl_msgs__rosidl_typesupport_fastrtps_c.dir/rosidl_typesupport_fastrtps_c/pcl_msgs/srv/detail/update_filename__type_support_c.cpp.o[0m
[ 63%] [32mBuilding CXX object CMakeFiles/pcl_msgs__rosidl_typesupport_fastrtps_c.dir/rosidl_typesupport_fastrtps_c/pcl_msgs/msg/detail/vertices__type_support_c.cpp.o[0m
[ 65%] [32mBuilding CXX object CMakeFiles/pcl_msgs__rosidl_typesupport_fastrtps_c.dir/rosidl_typesupport_fastrtps_c/pcl_msgs/msg/detail/polygon_mesh__type_support_c.cpp.o[0m
[ 66%] [32mBuilding CXX object CMakeFiles/pcl_msgs__rosidl_typesupport_fastrtps_c.dir/rosidl_typesupport_fastrtps_c/pcl_msgs/msg/detail/point_indices__type_support_c.cpp.o[0m
[ 68%] [32m[1mLinking CXX shared library libpcl_msgs__rosidl_typesupport_fastrtps_c.so[0m
[ 68%] Built target pcl_msgs__rosidl_typesupport_fastrtps_c
[ 69%] [34m[1mGenerating C type support dispatch for ROS interfaces[0m
[35m[1mScanning dependencies of target pcl_msgs__rosidl_typesupport_c[0m
[ 71%] [32mBuilding CXX object CMakeFiles/pcl_msgs__rosidl_typesupport_c.dir/rosidl_typesupport_c/pcl_msgs/msg/model_coefficients__type_support.cpp.o[0m
[ 73%] [32mBuilding CXX object CMakeFiles/pcl_msgs__rosidl_typesupport_c.dir/rosidl_typesupport_c/pcl_msgs/srv/update_filename__type_support.cpp.o[0m
[ 74%] [32mBuilding CXX object CMakeFiles/pcl_msgs__rosidl_typesupport_c.dir/rosidl_typesupport_c/pcl_msgs/msg/vertices__type_support.cpp.o[0m
[ 76%] [32mBuilding CXX object CMakeFiles/pcl_msgs__rosidl_typesupport_c.dir/rosidl_typesupport_c/pcl_msgs/msg/polygon_mesh__type_support.cpp.o[0m
[ 77%] [32mBuilding CXX object CMakeFiles/pcl_msgs__rosidl_typesupport_c.dir/rosidl_typesupport_c/pcl_msgs/msg/point_indices__type_support.cpp.o[0m
[ 79%] [32m[1mLinking CXX shared library libpcl_msgs__rosidl_typesupport_c.so[0m
[ 79%] Built target pcl_msgs__rosidl_typesupport_c
[35m[1mScanning dependencies of target pcl_msgs[0m
[ 79%] Built target pcl_msgs
[35m[1mScanning dependencies of target pcl_msgs__py[0m
[ 80%] [34m[1mGenerating Python code for ROS interfaces[0m
[ 80%] Built target pcl_msgs__py
[35m[1mScanning dependencies of target pcl_msgs__python[0m
[ 82%] [32mBuilding C object CMakeFiles/pcl_msgs__python.dir/rosidl_generator_py/pcl_msgs/msg/_model_coefficients_s.c.o[0m
[ 84%] [32mBuilding C object CMakeFiles/pcl_msgs__python.dir/rosidl_generator_py/pcl_msgs/srv/_update_filename_s.c.o[0m
[ 85%] [32mBuilding C object CMakeFiles/pcl_msgs__python.dir/rosidl_generator_py/pcl_msgs/msg/_vertices_s.c.o[0m
[ 87%] [32mBuilding C object CMakeFiles/pcl_msgs__python.dir/rosidl_generator_py/pcl_msgs/msg/_polygon_mesh_s.c.o[0m
[ 88%] [32mBuilding C object CMakeFiles/pcl_msgs__python.dir/rosidl_generator_py/pcl_msgs/msg/_point_indices_s.c.o[0m
[ 90%] [32m[1mLinking C shared library rosidl_generator_py/pcl_msgs/libpcl_msgs__python.so[0m
[ 90%] Built target pcl_msgs__python
[35m[1mScanning dependencies of target pcl_msgs__rosidl_typesupport_c__pyext[0m
[ 92%] [32mBuilding C object CMakeFiles/pcl_msgs__rosidl_typesupport_c__pyext.dir/rosidl_generator_py/pcl_msgs/_pcl_msgs_s.ep.rosidl_typesupport_c.c.o[0m
[ 93%] [32m[1mLinking C shared library rosidl_generator_py/pcl_msgs/pcl_msgs_s__rosidl_typesupport_c.cpython-38-x86_64-linux-gnu.so[0m
[ 93%] Built target pcl_msgs__rosidl_typesupport_c__pyext
[35m[1mScanning dependencies of target pcl_msgs__rosidl_typesupport_fastrtps_c__pyext[0m
[ 95%] [32mBuilding C object CMakeFiles/pcl_msgs__rosidl_typesupport_fastrtps_c__pyext.dir/rosidl_generator_py/pcl_msgs/_pcl_msgs_s.ep.rosidl_typesupport_fastrtps_c.c.o[0m
[ 96%] [32m[1mLinking CXX shared library rosidl_generator_py/pcl_msgs/pcl_msgs_s__rosidl_typesupport_fastrtps_c.cpython-38-x86_64-linux-gnu.so[0m
[ 96%] Built target pcl_msgs__rosidl_typesupport_fastrtps_c__pyext
[35m[1mScanning dependencies of target pcl_msgs__rosidl_typesupport_introspection_c__pyext[0m
[ 98%] [32mBuilding C object CMakeFiles/pcl_msgs__rosidl_typesupport_introspection_c__pyext.dir/rosidl_generator_py/pcl_msgs/_pcl_msgs_s.ep.rosidl_typesupport_introspection_c.c.o[0m
[100%] [32m[1mLinking C shared library rosidl_generator_py/pcl_msgs/pcl_msgs_s__rosidl_typesupport_introspection_c.cpython-38-x86_64-linux-gnu.so[0m
[100%] Built target pcl_msgs__rosidl_typesupport_introspection_c__pyext
-- Install configuration: ""
-- Installing: /home/saitama1/Pictures/ros2-picas/ros2_foxy/install/pcl_msgs/share/ament_index/resource_index/rosidl_interfaces/pcl_msgs
-- Up-to-date: /home/saitama1/Pictures/ros2-picas/ros2_foxy/install/pcl_msgs/include/pcl_msgs
-- Up-to-date: /home/saitama1/Pictures/ros2-picas/ros2_foxy/install/pcl_msgs/include/pcl_msgs/srv
-- Installing: /home/saitama1/Pictures/ros2-picas/ros2_foxy/install/pcl_msgs/include/pcl_msgs/srv/update_filename.h
-- Up-to-date: /home/saitama1/Pictures/ros2-picas/ros2_foxy/install/pcl_msgs/include/pcl_msgs/srv/detail
-- Installing: /home/saitama1/Pictures/ros2-picas/ros2_foxy/install/pcl_msgs/include/pcl_msgs/srv/detail/update_filename__functions.c
-- Installing: /home/saitama1/Pictures/ros2-picas/ros2_foxy/install/pcl_msgs/include/pcl_msgs/srv/detail/update_filename__struct.h
-- Installing: /home/saitama1/Pictures/ros2-picas/ros2_foxy/install/pcl_msgs/include/pcl_msgs/srv/detail/update_filename__type_support.h
-- Installing: /home/saitama1/Pictures/ros2-picas/ros2_foxy/install/pcl_msgs/include/pcl_msgs/srv/detail/update_filename__functions.h
-- Up-to-date: /home/saitama1/Pictures/ros2-picas/ros2_foxy/install/pcl_msgs/include/pcl_msgs/msg
-- Installing: /home/saitama1/Pictures/ros2-picas/ros2_foxy/install/pcl_msgs/include/pcl_msgs/msg/polygon_mesh.h
-- Installing: /home/saitama1/Pictures/ros2-picas/ros2_foxy/install/pcl_msgs/include/pcl_msgs/msg/rosidl_generator_c__visibility_control.h
-- Installing: /home/saitama1/Pictures/ros2-picas/ros2_foxy/install/pcl_msgs/include/pcl_msgs/msg/vertices.h
-- Installing: /home/saitama1/Pictures/ros2-picas/ros2_foxy/install/pcl_msgs/include/pcl_msgs/msg/point_indices.h
-- Installing: /home/saitama1/Pictures/ros2-picas/ros2_foxy/install/pcl_msgs/include/pcl_msgs/msg/model_coefficients.h
-- Up-to-date: /home/saitama1/Pictures/ros2-picas/ros2_foxy/install/pcl_msgs/include/pcl_msgs/msg/detail
-- Installing: /home/saitama1/Pictures/ros2-picas/ros2_foxy/install/pcl_msgs/include/pcl_msgs/msg/detail/polygon_mesh__type_support.h
-- Installing: /home/saitama1/Pictures/ros2-picas/ros2_foxy/install/pcl_msgs/include/pcl_msgs/msg/detail/model_coefficients__type_support.h
-- Installing: /home/saitama1/Pictures/ros2-picas/ros2_foxy/install/pcl_msgs/include/pcl_msgs/msg/detail/model_coefficients__functions.h
-- Installing: /home/saitama1/Pictures/ros2-picas/ros2_foxy/install/pcl_msgs/include/pcl_msgs/msg/detail/model_coefficients__struct.h
-- Installing: /home/saitama1/Pictures/ros2-picas/ros2_foxy/install/pcl_msgs/include/pcl_msgs/msg/detail/vertices__type_support.h
-- Installing: /home/saitama1/Pictures/ros2-picas/ros2_foxy/install/pcl_msgs/include/pcl_msgs/msg/detail/model_coefficients__functions.c
-- Installing: /home/saitama1/Pictures/ros2-picas/ros2_foxy/install/pcl_msgs/include/pcl_msgs/msg/detail/vertices__functions.c
-- Installing: /home/saitama1/Pictures/ros2-picas/ros2_foxy/install/pcl_msgs/include/pcl_msgs/msg/detail/point_indices__functions.h
-- Installing: /home/saitama1/Pictures/ros2-picas/ros2_foxy/install/pcl_msgs/include/pcl_msgs/msg/detail/vertices__functions.h
-- Installing: /home/saitama1/Pictures/ros2-picas/ros2_foxy/install/pcl_msgs/include/pcl_msgs/msg/detail/point_indices__struct.h
-- Installing: /home/saitama1/Pictures/ros2-picas/ros2_foxy/install/pcl_msgs/include/pcl_msgs/msg/detail/point_indices__type_support.h
-- Installing: /home/saitama1/Pictures/ros2-picas/ros2_foxy/install/pcl_msgs/include/pcl_msgs/msg/detail/polygon_mesh__struct.h
-- Installing: /home/saitama1/Pictures/ros2-picas/ros2_foxy/install/pcl_msgs/include/pcl_msgs/msg/detail/polygon_mesh__functions.c
-- Installing: /home/saitama1/Pictures/ros2-picas/ros2_foxy/install/pcl_msgs/include/pcl_msgs/msg/detail/vertices__struct.h
-- Installing: /home/saitama1/Pictures/ros2-picas/ros2_foxy/install/pcl_msgs/include/pcl_msgs/msg/detail/point_indices__functions.c
-- Installing: /home/saitama1/Pictures/ros2-picas/ros2_foxy/install/pcl_msgs/include/pcl_msgs/msg/detail/polygon_mesh__functions.h
-- Installing: /home/saitama1/Pictures/ros2-picas/ros2_foxy/install/pcl_msgs/share/pcl_msgs/environment/library_path.sh
-- Installing: /home/saitama1/Pictures/ros2-picas/ros2_foxy/install/pcl_msgs/share/pcl_msgs/environment/library_path.dsv
-- Installing: /home/saitama1/Pictures/ros2-picas/ros2_foxy/install/pcl_msgs/lib/libpcl_msgs__rosidl_generator_c.so
-- Set runtime path of "/home/saitama1/Pictures/ros2-picas/ros2_foxy/install/pcl_msgs/lib/libpcl_msgs__rosidl_generator_c.so" to ""
-- Up-to-date: /home/saitama1/Pictures/ros2-picas/ros2_foxy/install/pcl_msgs/include/pcl_msgs
-- Up-to-date: /home/saitama1/Pictures/ros2-picas/ros2_foxy/install/pcl_msgs/include/pcl_msgs/srv
-- Up-to-date: /home/saitama1/Pictures/ros2-picas/ros2_foxy/install/pcl_msgs/include/pcl_msgs/srv/detail
-- Installing: /home/saitama1/Pictures/ros2-picas/ros2_foxy/install/pcl_msgs/include/pcl_msgs/srv/detail/update_filename__rosidl_typesupport_fastrtps_c.h
-- Up-to-date: /home/saitama1/Pictures/ros2-picas/ros2_foxy/install/pcl_msgs/include/pcl_msgs/msg
-- Installing: /home/saitama1/Pictures/ros2-picas/ros2_foxy/install/pcl_msgs/include/pcl_msgs/msg/rosidl_typesupport_fastrtps_c__visibility_control.h
-- Up-to-date: /home/saitama1/Pictures/ros2-picas/ros2_foxy/install/pcl_msgs/include/pcl_msgs/msg/detail
-- Installing: /home/saitama1/Pictures/ros2-picas/ros2_foxy/install/pcl_msgs/include/pcl_msgs/msg/detail/vertices__rosidl_typesupport_fastrtps_c.h
-- Installing: /home/saitama1/Pictures/ros2-picas/ros2_foxy/install/pcl_msgs/include/pcl_msgs/msg/detail/model_coefficients__rosidl_typesupport_fastrtps_c.h
-- Installing: /home/saitama1/Pictures/ros2-picas/ros2_foxy/install/pcl_msgs/include/pcl_msgs/msg/detail/point_indices__rosidl_typesupport_fastrtps_c.h
-- Installing: /home/saitama1/Pictures/ros2-picas/ros2_foxy/install/pcl_msgs/include/pcl_msgs/msg/detail/polygon_mesh__rosidl_typesupport_fastrtps_c.h
-- Installing: /home/saitama1/Pictures/ros2-picas/ros2_foxy/install/pcl_msgs/lib/libpcl_msgs__rosidl_typesupport_fastrtps_c.so
-- Set runtime path of "/home/saitama1/Pictures/ros2-picas/ros2_foxy/install/pcl_msgs/lib/libpcl_msgs__rosidl_typesupport_fastrtps_c.so" to ""
-- Up-to-date: /home/saitama1/Pictures/ros2-picas/ros2_foxy/install/pcl_msgs/include/pcl_msgs
-- Up-to-date: /home/saitama1/Pictures/ros2-picas/ros2_foxy/install/pcl_msgs/include/pcl_msgs/srv
-- Up-to-date: /home/saitama1/Pictures/ros2-picas/ros2_foxy/install/pcl_msgs/include/pcl_msgs/srv/detail
-- Up-to-date: /home/saitama1/Pictures/ros2-picas/ros2_foxy/install/pcl_msgs/include/pcl_msgs/srv/detail/dds_fastrtps
-- Installing: /home/saitama1/Pictures/ros2-picas/ros2_foxy/install/pcl_msgs/include/pcl_msgs/srv/detail/update_filename__rosidl_typesupport_fastrtps_cpp.hpp
-- Up-to-date: /home/saitama1/Pictures/ros2-picas/ros2_foxy/install/pcl_msgs/include/pcl_msgs/msg
-- Installing: /home/saitama1/Pictures/ros2-picas/ros2_foxy/install/pcl_msgs/include/pcl_msgs/msg/rosidl_typesupport_fastrtps_cpp__visibility_control.h
-- Up-to-date: /home/saitama1/Pictures/ros2-picas/ros2_foxy/install/pcl_msgs/include/pcl_msgs/msg/detail
-- Installing: /home/saitama1/Pictures/ros2-picas/ros2_foxy/install/pcl_msgs/include/pcl_msgs/msg/detail/polygon_mesh__rosidl_typesupport_fastrtps_cpp.hpp
-- Up-to-date: /home/saitama1/Pictures/ros2-picas/ros2_foxy/install/pcl_msgs/include/pcl_msgs/msg/detail/dds_fastrtps
-- Installing: /home/saitama1/Pictures/ros2-picas/ros2_foxy/install/pcl_msgs/include/pcl_msgs/msg/detail/point_indices__rosidl_typesupport_fastrtps_cpp.hpp
-- Installing: /home/saitama1/Pictures/ros2-picas/ros2_foxy/install/pcl_msgs/include/pcl_msgs/msg/detail/vertices__rosidl_typesupport_fastrtps_cpp.hpp
-- Installing: /home/saitama1/Pictures/ros2-picas/ros2_foxy/install/pcl_msgs/include/pcl_msgs/msg/detail/model_coefficients__rosidl_typesupport_fastrtps_cpp.hpp
-- Installing: /home/saitama1/Pictures/ros2-picas/ros2_foxy/install/pcl_msgs/lib/libpcl_msgs__rosidl_typesupport_fastrtps_cpp.so
-- Set runtime path of "/home/saitama1/Pictures/ros2-picas/ros2_foxy/install/pcl_msgs/lib/libpcl_msgs__rosidl_typesupport_fastrtps_cpp.so" to ""
-- Up-to-date: /home/saitama1/Pictures/ros2-picas/ros2_foxy/install/pcl_msgs/include/pcl_msgs
-- Up-to-date: /home/saitama1/Pictures/ros2-picas/ros2_foxy/install/pcl_msgs/include/pcl_msgs/srv
-- Up-to-date: /home/saitama1/Pictures/ros2-picas/ros2_foxy/install/pcl_msgs/include/pcl_msgs/srv/detail
-- Installing: /home/saitama1/Pictures/ros2-picas/ros2_foxy/install/pcl_msgs/include/pcl_msgs/srv/detail/update_filename__rosidl_typesupport_introspection_c.h
-- Installing: /home/saitama1/Pictures/ros2-picas/ros2_foxy/install/pcl_msgs/include/pcl_msgs/srv/detail/update_filename__type_support.c
-- Up-to-date: /home/saitama1/Pictures/ros2-picas/ros2_foxy/install/pcl_msgs/include/pcl_msgs/msg
-- Installing: /home/saitama1/Pictures/ros2-picas/ros2_foxy/install/pcl_msgs/include/pcl_msgs/msg/rosidl_typesupport_introspection_c__visibility_control.h
-- Up-to-date: /home/saitama1/Pictures/ros2-picas/ros2_foxy/install/pcl_msgs/include/pcl_msgs/msg/detail
-- Installing: /home/saitama1/Pictures/ros2-picas/ros2_foxy/install/pcl_msgs/include/pcl_msgs/msg/detail/model_coefficients__rosidl_typesupport_introspection_c.h
-- Installing: /home/saitama1/Pictures/ros2-picas/ros2_foxy/install/pcl_msgs/include/pcl_msgs/msg/detail/point_indices__type_support.c
-- Installing: /home/saitama1/Pictures/ros2-picas/ros2_foxy/install/pcl_msgs/include/pcl_msgs/msg/detail/polygon_mesh__type_support.c
-- Installing: /home/saitama1/Pictures/ros2-picas/ros2_foxy/install/pcl_msgs/include/pcl_msgs/msg/detail/point_indices__rosidl_typesupport_introspection_c.h
-- Installing: /home/saitama1/Pictures/ros2-picas/ros2_foxy/install/pcl_msgs/include/pcl_msgs/msg/detail/vertices__type_support.c
-- Installing: /home/saitama1/Pictures/ros2-picas/ros2_foxy/install/pcl_msgs/include/pcl_msgs/msg/detail/polygon_mesh__rosidl_typesupport_introspection_c.h
-- Installing: /home/saitama1/Pictures/ros2-picas/ros2_foxy/install/pcl_msgs/include/pcl_msgs/msg/detail/model_coefficients__type_support.c
-- Installing: /home/saitama1/Pictures/ros2-picas/ros2_foxy/install/pcl_msgs/include/pcl_msgs/msg/detail/vertices__rosidl_typesupport_introspection_c.h
-- Installing: /home/saitama1/Pictures/ros2-picas/ros2_foxy/install/pcl_msgs/lib/libpcl_msgs__rosidl_typesupport_introspection_c.so
-- Set runtime path of "/home/saitama1/Pictures/ros2-picas/ros2_foxy/install/pcl_msgs/lib/libpcl_msgs__rosidl_typesupport_introspection_c.so" to ""
-- Installing: /home/saitama1/Pictures/ros2-picas/ros2_foxy/install/pcl_msgs/lib/libpcl_msgs__rosidl_typesupport_c.so
-- Set runtime path of "/home/saitama1/Pictures/ros2-picas/ros2_foxy/install/pcl_msgs/lib/libpcl_msgs__rosidl_typesupport_c.so" to ""
-- Up-to-date: /home/saitama1/Pictures/ros2-picas/ros2_foxy/install/pcl_msgs/include/pcl_msgs
-- Up-to-date: /home/saitama1/Pictures/ros2-picas/ros2_foxy/install/pcl_msgs/include/pcl_msgs/srv
-- Installing: /home/saitama1/Pictures/ros2-picas/ros2_foxy/install/pcl_msgs/include/pcl_msgs/srv/update_filename.hpp
-- Up-to-date: /home/saitama1/Pictures/ros2-picas/ros2_foxy/install/pcl_msgs/include/pcl_msgs/srv/detail
-- Installing: /home/saitama1/Pictures/ros2-picas/ros2_foxy/install/pcl_msgs/include/pcl_msgs/srv/detail/update_filename__traits.hpp
-- Installing: /home/saitama1/Pictures/ros2-picas/ros2_foxy/install/pcl_msgs/include/pcl_msgs/srv/detail/update_filename__struct.hpp
-- Installing: /home/saitama1/Pictures/ros2-picas/ros2_foxy/install/pcl_msgs/include/pcl_msgs/srv/detail/update_filename__builder.hpp
-- Up-to-date: /home/saitama1/Pictures/ros2-picas/ros2_foxy/install/pcl_msgs/include/pcl_msgs/msg
-- Installing: /home/saitama1/Pictures/ros2-picas/ros2_foxy/install/pcl_msgs/include/pcl_msgs/msg/model_coefficients.hpp
-- Installing: /home/saitama1/Pictures/ros2-picas/ros2_foxy/install/pcl_msgs/include/pcl_msgs/msg/vertices.hpp
-- Installing: /home/saitama1/Pictures/ros2-picas/ros2_foxy/install/pcl_msgs/include/pcl_msgs/msg/polygon_mesh.hpp
-- Installing: /home/saitama1/Pictures/ros2-picas/ros2_foxy/install/pcl_msgs/include/pcl_msgs/msg/point_indices.hpp
-- Up-to-date: /home/saitama1/Pictures/ros2-picas/ros2_foxy/install/pcl_msgs/include/pcl_msgs/msg/detail
-- Installing: /home/saitama1/Pictures/ros2-picas/ros2_foxy/install/pcl_msgs/include/pcl_msgs/msg/detail/polygon_mesh__traits.hpp
-- Installing: /home/saitama1/Pictures/ros2-picas/ros2_foxy/install/pcl_msgs/include/pcl_msgs/msg/detail/model_coefficients__builder.hpp
-- Installing: /home/saitama1/Pictures/ros2-picas/ros2_foxy/install/pcl_msgs/include/pcl_msgs/msg/detail/vertices__struct.hpp
-- Installing: /home/saitama1/Pictures/ros2-picas/ros2_foxy/install/pcl_msgs/include/pcl_msgs/msg/detail/point_indices__builder.hpp
-- Installing: /home/saitama1/Pictures/ros2-picas/ros2_foxy/install/pcl_msgs/include/pcl_msgs/msg/detail/point_indices__traits.hpp
-- Installing: /home/saitama1/Pictures/ros2-picas/ros2_foxy/install/pcl_msgs/include/pcl_msgs/msg/detail/point_indices__struct.hpp
-- Installing: /home/saitama1/Pictures/ros2-picas/ros2_foxy/install/pcl_msgs/include/pcl_msgs/msg/detail/vertices__traits.hpp
-- Installing: /home/saitama1/Pictures/ros2-picas/ros2_foxy/install/pcl_msgs/include/pcl_msgs/msg/detail/model_coefficients__struct.hpp
-- Installing: /home/saitama1/Pictures/ros2-picas/ros2_foxy/install/pcl_msgs/include/pcl_msgs/msg/detail/model_coefficients__traits.hpp
-- Installing: /home/saitama1/Pictures/ros2-picas/ros2_foxy/install/pcl_msgs/include/pcl_msgs/msg/detail/polygon_mesh__struct.hpp
-- Installing: /home/saitama1/Pictures/ros2-picas/ros2_foxy/install/pcl_msgs/include/pcl_msgs/msg/detail/vertices__builder.hpp
-- Installing: /home/saitama1/Pictures/ros2-picas/ros2_foxy/install/pcl_msgs/include/pcl_msgs/msg/detail/polygon_mesh__builder.hpp
-- Up-to-date: /home/saitama1/Pictures/ros2-picas/ros2_foxy/install/pcl_msgs/include/pcl_msgs
-- Up-to-date: /home/saitama1/Pictures/ros2-picas/ros2_foxy/install/pcl_msgs/include/pcl_msgs/srv
-- Up-to-date: /home/saitama1/Pictures/ros2-picas/ros2_foxy/install/pcl_msgs/include/pcl_msgs/srv/detail
-- Installing: /home/saitama1/Pictures/ros2-picas/ros2_foxy/install/pcl_msgs/include/pcl_msgs/srv/detail/update_filename__rosidl_typesupport_introspection_cpp.hpp
-- Installing: /home/saitama1/Pictures/ros2-picas/ros2_foxy/install/pcl_msgs/include/pcl_msgs/srv/detail/update_filename__type_support.cpp
-- Up-to-date: /home/saitama1/Pictures/ros2-picas/ros2_foxy/install/pcl_msgs/include/pcl_msgs/msg
-- Up-to-date: /home/saitama1/Pictures/ros2-picas/ros2_foxy/install/pcl_msgs/include/pcl_msgs/msg/detail
-- Installing: /home/saitama1/Pictures/ros2-picas/ros2_foxy/install/pcl_msgs/include/pcl_msgs/msg/detail/model_coefficients__type_support.cpp
-- Installing: /home/saitama1/Pictures/ros2-picas/ros2_foxy/install/pcl_msgs/include/pcl_msgs/msg/detail/polygon_mesh__type_support.cpp
-- Installing: /home/saitama1/Pictures/ros2-picas/ros2_foxy/install/pcl_msgs/include/pcl_msgs/msg/detail/model_coefficients__rosidl_typesupport_introspection_cpp.hpp
-- Installing: /home/saitama1/Pictures/ros2-picas/ros2_foxy/install/pcl_msgs/include/pcl_msgs/msg/detail/point_indices__type_support.cpp
-- Installing: /home/saitama1/Pictures/ros2-picas/ros2_foxy/install/pcl_msgs/include/pcl_msgs/msg/detail/vertices__rosidl_typesupport_introspection_cpp.hpp
-- Installing: /home/saitama1/Pictures/ros2-picas/ros2_foxy/install/pcl_msgs/include/pcl_msgs/msg/detail/polygon_mesh__rosidl_typesupport_introspection_cpp.hpp
-- Installing: /home/saitama1/Pictures/ros2-picas/ros2_foxy/install/pcl_msgs/include/pcl_msgs/msg/detail/point_indices__rosidl_typesupport_introspection_cpp.hpp
-- Installing: /home/saitama1/Pictures/ros2-picas/ros2_foxy/install/pcl_msgs/include/pcl_msgs/msg/detail/vertices__type_support.cpp
-- Installing: /home/saitama1/Pictures/ros2-picas/ros2_foxy/install/pcl_msgs/lib/libpcl_msgs__rosidl_typesupport_introspection_cpp.so
-- Set runtime path of "/home/saitama1/Pictures/ros2-picas/ros2_foxy/install/pcl_msgs/lib/libpcl_msgs__rosidl_typesupport_introspection_cpp.so" to ""
-- Installing: /home/saitama1/Pictures/ros2-picas/ros2_foxy/install/pcl_msgs/lib/libpcl_msgs__rosidl_typesupport_cpp.so
-- Set runtime path of "/home/saitama1/Pictures/ros2-picas/ros2_foxy/install/pcl_msgs/lib/libpcl_msgs__rosidl_typesupport_cpp.so" to ""
-- Installing: /home/saitama1/Pictures/ros2-picas/ros2_foxy/install/pcl_msgs/share/pcl_msgs/environment/pythonpath.sh
-- Installing: /home/saitama1/Pictures/ros2-picas/ros2_foxy/install/pcl_msgs/share/pcl_msgs/environment/pythonpath.dsv
-- Installing: /home/saitama1/Pictures/ros2-picas/ros2_foxy/install/pcl_msgs/lib/python3.8/site-packages/pcl_msgs/__init__.py
Compiling '/home/saitama1/Pictures/ros2-picas/ros2_foxy/install/pcl_msgs/lib/python3.8/site-packages/pcl_msgs/__init__.py'...
-- Up-to-date: /home/saitama1/Pictures/ros2-picas/ros2_foxy/install/pcl_msgs/lib/python3.8/site-packages/pcl_msgs/msg
-- Installing: /home/saitama1/Pictures/ros2-picas/ros2_foxy/install/pcl_msgs/lib/python3.8/site-packages/pcl_msgs/msg/_point_indices.py
-- Installing: /home/saitama1/Pictures/ros2-picas/ros2_foxy/install/pcl_msgs/lib/python3.8/site-packages/pcl_msgs/msg/_model_coefficients_s.c
-- Installing: /home/saitama1/Pictures/ros2-picas/ros2_foxy/install/pcl_msgs/lib/python3.8/site-packages/pcl_msgs/msg/_polygon_mesh_s.c
-- Installing: /home/saitama1/Pictures/ros2-picas/ros2_foxy/install/pcl_msgs/lib/python3.8/site-packages/pcl_msgs/msg/_vertices_s.c
-- Installing: /home/saitama1/Pictures/ros2-picas/ros2_foxy/install/pcl_msgs/lib/python3.8/site-packages/pcl_msgs/msg/__init__.py
-- Installing: /home/saitama1/Pictures/ros2-picas/ros2_foxy/install/pcl_msgs/lib/python3.8/site-packages/pcl_msgs/msg/_model_coefficients.py
-- Installing: /home/saitama1/Pictures/ros2-picas/ros2_foxy/install/pcl_msgs/lib/python3.8/site-packages/pcl_msgs/msg/_point_indices_s.c
-- Installing: /home/saitama1/Pictures/ros2-picas/ros2_foxy/install/pcl_msgs/lib/python3.8/site-packages/pcl_msgs/msg/_polygon_mesh.py
-- Installing: /home/saitama1/Pictures/ros2-picas/ros2_foxy/install/pcl_msgs/lib/python3.8/site-packages/pcl_msgs/msg/_vertices.py
-- Up-to-date: /home/saitama1/Pictures/ros2-picas/ros2_foxy/install/pcl_msgs/lib/python3.8/site-packages/pcl_msgs/srv
-- Installing: /home/saitama1/Pictures/ros2-picas/ros2_foxy/install/pcl_msgs/lib/python3.8/site-packages/pcl_msgs/srv/_update_filename.py
-- Installing: /home/saitama1/Pictures/ros2-picas/ros2_foxy/install/pcl_msgs/lib/python3.8/site-packages/pcl_msgs/srv/__init__.py
-- Installing: /home/saitama1/Pictures/ros2-picas/ros2_foxy/install/pcl_msgs/lib/python3.8/site-packages/pcl_msgs/srv/_update_filename_s.c
-- Installing: /home/saitama1/Pictures/ros2-picas/ros2_foxy/install/pcl_msgs/lib/python3.8/site-packages/pcl_msgs/pcl_msgs_s__rosidl_typesupport_fastrtps_c.cpython-38-x86_64-linux-gnu.so
-- Set runtime path of "/home/saitama1/Pictures/ros2-picas/ros2_foxy/install/pcl_msgs/lib/python3.8/site-packages/pcl_msgs/pcl_msgs_s__rosidl_typesupport_fastrtps_c.cpython-38-x86_64-linux-gnu.so" to ""
-- Installing: /home/saitama1/Pictures/ros2-picas/ros2_foxy/install/pcl_msgs/lib/python3.8/site-packages/pcl_msgs/pcl_msgs_s__rosidl_typesupport_introspection_c.cpython-38-x86_64-linux-gnu.so
-- Set runtime path of "/home/saitama1/Pictures/ros2-picas/ros2_foxy/install/pcl_msgs/lib/python3.8/site-packages/pcl_msgs/pcl_msgs_s__rosidl_typesupport_introspection_c.cpython-38-x86_64-linux-gnu.so" to ""
-- Installing: /home/saitama1/Pictures/ros2-picas/ros2_foxy/install/pcl_msgs/lib/python3.8/site-packages/pcl_msgs/pcl_msgs_s__rosidl_typesupport_c.cpython-38-x86_64-linux-gnu.so
-- Set runtime path of "/home/saitama1/Pictures/ros2-picas/ros2_foxy/install/pcl_msgs/lib/python3.8/site-packages/pcl_msgs/pcl_msgs_s__rosidl_typesupport_c.cpython-38-x86_64-linux-gnu.so" to ""
-- Installing: /home/saitama1/Pictures/ros2-picas/ros2_foxy/install/pcl_msgs/lib/libpcl_msgs__python.so
-- Set runtime path of "/home/saitama1/Pictures/ros2-picas/ros2_foxy/install/pcl_msgs/lib/libpcl_msgs__python.so" to ""
-- Installing: /home/saitama1/Pictures/ros2-picas/ros2_foxy/install/pcl_msgs/share/pcl_msgs/msg/ModelCoefficients.idl
-- Installing: /home/saitama1/Pictures/ros2-picas/ros2_foxy/install/pcl_msgs/share/pcl_msgs/msg/PointIndices.idl
-- Installing: /home/saitama1/Pictures/ros2-picas/ros2_foxy/install/pcl_msgs/share/pcl_msgs/msg/PolygonMesh.idl
-- Installing: /home/saitama1/Pictures/ros2-picas/ros2_foxy/install/pcl_msgs/share/pcl_msgs/msg/Vertices.idl
-- Installing: /home/saitama1/Pictures/ros2-picas/ros2_foxy/install/pcl_msgs/share/pcl_msgs/srv/UpdateFilename.idl
-- Installing: /home/saitama1/Pictures/ros2-picas/ros2_foxy/install/pcl_msgs/share/pcl_msgs/msg/ModelCoefficients.msg
-- Installing: /home/saitama1/Pictures/ros2-picas/ros2_foxy/install/pcl_msgs/share/pcl_msgs/msg/PointIndices.msg
-- Installing: /home/saitama1/Pictures/ros2-picas/ros2_foxy/install/pcl_msgs/share/pcl_msgs/msg/PolygonMesh.msg
-- Installing: /home/saitama1/Pictures/ros2-picas/ros2_foxy/install/pcl_msgs/share/pcl_msgs/msg/Vertices.msg
-- Installing: /home/saitama1/Pictures/ros2-picas/ros2_foxy/install/pcl_msgs/share/pcl_msgs/srv/UpdateFilename.srv
-- Installing: /home/saitama1/Pictures/ros2-picas/ros2_foxy/install/pcl_msgs/share/pcl_msgs/srv/UpdateFilename_Request.msg
-- Installing: /home/saitama1/Pictures/ros2-picas/ros2_foxy/install/pcl_msgs/share/pcl_msgs/srv/UpdateFilename_Response.msg
-- Installing: /home/saitama1/Pictures/ros2-picas/ros2_foxy/install/pcl_msgs/share/ament_index/resource_index/package_run_dependencies/pcl_msgs
-- Installing: /home/saitama1/Pictures/ros2-picas/ros2_foxy/install/pcl_msgs/share/ament_index/resource_index/parent_prefix_path/pcl_msgs
-- Installing: /home/saitama1/Pictures/ros2-picas/ros2_foxy/install/pcl_msgs/share/pcl_msgs/environment/ament_prefix_path.sh
-- Installing: /home/saitama1/Pictures/ros2-picas/ros2_foxy/install/pcl_msgs/share/pcl_msgs/environment/ament_prefix_path.dsv
-- Installing: /home/saitama1/Pictures/ros2-picas/ros2_foxy/install/pcl_msgs/share/pcl_msgs/environment/path.sh
-- Installing: /home/saitama1/Pictures/ros2-picas/ros2_foxy/install/pcl_msgs/share/pcl_msgs/environment/path.dsv
-- Installing: /home/saitama1/Pictures/ros2-picas/ros2_foxy/install/pcl_msgs/share/pcl_msgs/local_setup.bash
-- Installing: /home/saitama1/Pictures/ros2-picas/ros2_foxy/install/pcl_msgs/share/pcl_msgs/local_setup.sh
-- Installing: /home/saitama1/Pictures/ros2-picas/ros2_foxy/install/pcl_msgs/share/pcl_msgs/local_setup.zsh
-- Installing: /home/saitama1/Pictures/ros2-picas/ros2_foxy/install/pcl_msgs/share/pcl_msgs/local_setup.dsv
-- Installing: /home/saitama1/Pictures/ros2-picas/ros2_foxy/install/pcl_msgs/share/pcl_msgs/package.dsv
-- Installing: /home/saitama1/Pictures/ros2-picas/ros2_foxy/install/pcl_msgs/share/ament_index/resource_index/packages/pcl_msgs
-- Installing: /home/saitama1/Pictures/ros2-picas/ros2_foxy/install/pcl_msgs/share/pcl_msgs/cmake/pcl_msgs__rosidl_generator_cExport.cmake
-- Installing: /home/saitama1/Pictures/ros2-picas/ros2_foxy/install/pcl_msgs/share/pcl_msgs/cmake/pcl_msgs__rosidl_generator_cExport-noconfig.cmake
-- Installing: /home/saitama1/Pictures/ros2-picas/ros2_foxy/install/pcl_msgs/share/pcl_msgs/cmake/pcl_msgs__rosidl_typesupport_introspection_cExport.cmake
-- Installing: /home/saitama1/Pictures/ros2-picas/ros2_foxy/install/pcl_msgs/share/pcl_msgs/cmake/pcl_msgs__rosidl_typesupport_introspection_cExport-noconfig.cmake
-- Installing: /home/saitama1/Pictures/ros2-picas/ros2_foxy/install/pcl_msgs/share/pcl_msgs/cmake/pcl_msgs__rosidl_typesupport_cExport.cmake
-- Installing: /home/saitama1/Pictures/ros2-picas/ros2_foxy/install/pcl_msgs/share/pcl_msgs/cmake/pcl_msgs__rosidl_typesupport_cExport-noconfig.cmake
-- Installing: /home/saitama1/Pictures/ros2-picas/ros2_foxy/install/pcl_msgs/share/pcl_msgs/cmake/pcl_msgs__rosidl_generator_cppExport.cmake
-- Installing: /home/saitama1/Pictures/ros2-picas/ros2_foxy/install/pcl_msgs/share/pcl_msgs/cmake/pcl_msgs__rosidl_typesupport_introspection_cppExport.cmake
-- Installing: /home/saitama1/Pictures/ros2-picas/ros2_foxy/install/pcl_msgs/share/pcl_msgs/cmake/pcl_msgs__rosidl_typesupport_introspection_cppExport-noconfig.cmake
-- Installing: /home/saitama1/Pictures/ros2-picas/ros2_foxy/install/pcl_msgs/share/pcl_msgs/cmake/pcl_msgs__rosidl_typesupport_cppExport.cmake
-- Installing: /home/saitama1/Pictures/ros2-picas/ros2_foxy/install/pcl_msgs/share/pcl_msgs/cmake/pcl_msgs__rosidl_typesupport_cppExport-noconfig.cmake
-- Installing: /home/saitama1/Pictures/ros2-picas/ros2_foxy/install/pcl_msgs/share/pcl_msgs/cmake/rosidl_cmake-extras.cmake
-- Installing: /home/saitama1/Pictures/ros2-picas/ros2_foxy/install/pcl_msgs/share/pcl_msgs/cmake/ament_cmake_export_dependencies-extras.cmake
-- Installing: /home/saitama1/Pictures/ros2-picas/ros2_foxy/install/pcl_msgs/share/pcl_msgs/cmake/ament_cmake_export_libraries-extras.cmake
-- Installing: /home/saitama1/Pictures/ros2-picas/ros2_foxy/install/pcl_msgs/share/pcl_msgs/cmake/ament_cmake_export_targets-extras.cmake
-- Installing: /home/saitama1/Pictures/ros2-picas/ros2_foxy/install/pcl_msgs/share/pcl_msgs/cmake/ament_cmake_export_include_directories-extras.cmake
-- Installing: /home/saitama1/Pictures/ros2-picas/ros2_foxy/install/pcl_msgs/share/pcl_msgs/cmake/rosidl_cmake_export_typesupport_libraries-extras.cmake
-- Installing: /home/saitama1/Pictures/ros2-picas/ros2_foxy/install/pcl_msgs/share/pcl_msgs/cmake/rosidl_cmake_export_typesupport_targets-extras.cmake
-- Installing: /home/saitama1/Pictures/ros2-picas/ros2_foxy/install/pcl_msgs/share/pcl_msgs/cmake/pcl_msgsConfig.cmake
-- Installing: /home/saitama1/Pictures/ros2-picas/ros2_foxy/install/pcl_msgs/share/pcl_msgs/cmake/pcl_msgsConfig-version.cmake
-- Installing: /home/saitama1/Pictures/ros2-picas/ros2_foxy/install/pcl_msgs/share/pcl_msgs/package.xml
