-- Install configuration: ""
-- Execute custom install script
-- Up-to-date symlink: /home/saitama1/ros2_foxy/install/rosidl_generator_dds_idl/share/rosidl_generator_dds_idl/environment/pythonpath.sh
-- Up-to-date symlink: /home/saitama1/ros2_foxy/install/rosidl_generator_dds_idl/share/rosidl_generator_dds_idl/environment/pythonpath.dsv
-- Up-to-date symlink: /home/saitama1/ros2_foxy/install/rosidl_generator_dds_idl/lib/python3.8/site-packages/rosidl_generator_dds_idl/__init__.py
-- Up-to-date symlink: /home/saitama1/ros2_foxy/install/rosidl_generator_dds_idl/share/ament_index/resource_index/package_run_dependencies/rosidl_generator_dds_idl
-- Up-to-date symlink: /home/saitama1/ros2_foxy/install/rosidl_generator_dds_idl/share/ament_index/resource_index/parent_prefix_path/rosidl_generator_dds_idl
-- Up-to-date symlink: /home/saitama1/ros2_foxy/install/rosidl_generator_dds_idl/share/rosidl_generator_dds_idl/environment/ament_prefix_path.sh
-- Up-to-date symlink: /home/saitama1/ros2_foxy/install/rosidl_generator_dds_idl/share/rosidl_generator_dds_idl/environment/ament_prefix_path.dsv
-- Up-to-date symlink: /home/saitama1/ros2_foxy/install/rosidl_generator_dds_idl/share/rosidl_generator_dds_idl/environment/path.sh
-- Up-to-date symlink: /home/saitama1/ros2_foxy/install/rosidl_generator_dds_idl/share/rosidl_generator_dds_idl/environment/path.dsv
-- Up-to-date symlink: /home/saitama1/ros2_foxy/install/rosidl_generator_dds_idl/share/rosidl_generator_dds_idl/local_setup.bash
-- Up-to-date symlink: /home/saitama1/ros2_foxy/install/rosidl_generator_dds_idl/share/rosidl_generator_dds_idl/local_setup.sh
-- Up-to-date symlink: /home/saitama1/ros2_foxy/install/rosidl_generator_dds_idl/share/rosidl_generator_dds_idl/local_setup.zsh
-- Up-to-date symlink: /home/saitama1/ros2_foxy/install/rosidl_generator_dds_idl/share/rosidl_generator_dds_idl/local_setup.dsv
-- Symlinking: /home/saitama1/ros2_foxy/install/rosidl_generator_dds_idl/share/rosidl_generator_dds_idl/package.dsv
-- Up-to-date symlink: /home/saitama1/ros2_foxy/install/rosidl_generator_dds_idl/share/ament_index/resource_index/packages/rosidl_generator_dds_idl
-- Up-to-date symlink: /home/saitama1/ros2_foxy/install/rosidl_generator_dds_idl/share/rosidl_generator_dds_idl/cmake/rosidl_generator_dds_idl-extras.cmake
-- Up-to-date symlink: /home/saitama1/ros2_foxy/install/rosidl_generator_dds_idl/share/rosidl_generator_dds_idl/cmake/rosidl_generator_dds_idlConfig.cmake
-- Up-to-date symlink: /home/saitama1/ros2_foxy/install/rosidl_generator_dds_idl/share/rosidl_generator_dds_idl/cmake/rosidl_generator_dds_idlConfig-version.cmake
-- Up-to-date symlink: /home/saitama1/ros2_foxy/install/rosidl_generator_dds_idl/share/rosidl_generator_dds_idl/package.xml
-- Up-to-date symlink: /home/saitama1/ros2_foxy/install/rosidl_generator_dds_idl/lib/rosidl_generator_dds_idl/rosidl_generator_dds_idl
-- Up-to-date symlink: /home/saitama1/ros2_foxy/install/rosidl_generator_dds_idl/share/rosidl_generator_dds_idl/cmake/rosidl_generate_dds_interfaces.cmake
-- Up-to-date symlink: /home/saitama1/ros2_foxy/install/rosidl_generator_dds_idl/share/rosidl_generator_dds_idl/resource/action.idl.em
-- Up-to-date symlink: /home/saitama1/ros2_foxy/install/rosidl_generator_dds_idl/share/rosidl_generator_dds_idl/resource/idl.idl.em
-- Up-to-date symlink: /home/saitama1/ros2_foxy/install/rosidl_generator_dds_idl/share/rosidl_generator_dds_idl/resource/msg.idl.em
-- Up-to-date symlink: /home/saitama1/ros2_foxy/install/rosidl_generator_dds_idl/share/rosidl_generator_dds_idl/resource/srv.idl.em
Listing '/home/saitama1/ros2_foxy/install/rosidl_generator_dds_idl/lib/python3.8/site-packages/rosidl_generator_dds_idl'...
