running egg_info
creating ../../../../build/ros2interface/ros2interface.egg-info
writing ../../../../build/ros2interface/ros2interface.egg-info/PKG-INFO
writing dependency_links to ../../../../build/ros2interface/ros2interface.egg-info/dependency_links.txt
writing entry points to ../../../../build/ros2interface/ros2interface.egg-info/entry_points.txt
writing requirements to ../../../../build/ros2interface/ros2interface.egg-info/requires.txt
writing top-level names to ../../../../build/ros2interface/ros2interface.egg-info/top_level.txt
writing manifest file '../../../../build/ros2interface/ros2interface.egg-info/SOURCES.txt'
reading manifest file '../../../../build/ros2interface/ros2interface.egg-info/SOURCES.txt'
writing manifest file '../../../../build/ros2interface/ros2interface.egg-info/SOURCES.txt'
running build
running build_py
creating /home/saitama1/Pictures/ros2-picas/ros2_foxy/build/ros2interface/build
creating /home/saitama1/Pictures/ros2-picas/ros2_foxy/build/ros2interface/build/lib
creating /home/saitama1/Pictures/ros2-picas/ros2_foxy/build/ros2interface/build/lib/ros2interface
copying ros2interface/__init__.py -> /home/saitama1/Pictures/ros2-picas/ros2_foxy/build/ros2interface/build/lib/ros2interface
creating /home/saitama1/Pictures/ros2-picas/ros2_foxy/build/ros2interface/build/lib/ros2interface/command
copying ros2interface/command/interface.py -> /home/saitama1/Pictures/ros2-picas/ros2_foxy/build/ros2interface/build/lib/ros2interface/command
copying ros2interface/command/__init__.py -> /home/saitama1/Pictures/ros2-picas/ros2_foxy/build/ros2interface/build/lib/ros2interface/command
creating /home/saitama1/Pictures/ros2-picas/ros2_foxy/build/ros2interface/build/lib/ros2interface/api
copying ros2interface/api/__init__.py -> /home/saitama1/Pictures/ros2-picas/ros2_foxy/build/ros2interface/build/lib/ros2interface/api
creating /home/saitama1/Pictures/ros2-picas/ros2_foxy/build/ros2interface/build/lib/ros2interface/verb
copying ros2interface/verb/__init__.py -> /home/saitama1/Pictures/ros2-picas/ros2_foxy/build/ros2interface/build/lib/ros2interface/verb
copying ros2interface/verb/packages.py -> /home/saitama1/Pictures/ros2-picas/ros2_foxy/build/ros2interface/build/lib/ros2interface/verb
copying ros2interface/verb/show.py -> /home/saitama1/Pictures/ros2-picas/ros2_foxy/build/ros2interface/build/lib/ros2interface/verb
copying ros2interface/verb/package.py -> /home/saitama1/Pictures/ros2-picas/ros2_foxy/build/ros2interface/build/lib/ros2interface/verb
copying ros2interface/verb/proto.py -> /home/saitama1/Pictures/ros2-picas/ros2_foxy/build/ros2interface/build/lib/ros2interface/verb
copying ros2interface/verb/list.py -> /home/saitama1/Pictures/ros2-picas/ros2_foxy/build/ros2interface/build/lib/ros2interface/verb
running install
running install_lib
creating /home/saitama1/Pictures/ros2-picas/ros2_foxy/install/ros2interface/lib/python3.8/site-packages/ros2interface
copying /home/saitama1/Pictures/ros2-picas/ros2_foxy/build/ros2interface/build/lib/ros2interface/__init__.py -> /home/saitama1/Pictures/ros2-picas/ros2_foxy/install/ros2interface/lib/python3.8/site-packages/ros2interface
creating /home/saitama1/Pictures/ros2-picas/ros2_foxy/install/ros2interface/lib/python3.8/site-packages/ros2interface/command
copying /home/saitama1/Pictures/ros2-picas/ros2_foxy/build/ros2interface/build/lib/ros2interface/command/interface.py -> /home/saitama1/Pictures/ros2-picas/ros2_foxy/install/ros2interface/lib/python3.8/site-packages/ros2interface/command
copying /home/saitama1/Pictures/ros2-picas/ros2_foxy/build/ros2interface/build/lib/ros2interface/command/__init__.py -> /home/saitama1/Pictures/ros2-picas/ros2_foxy/install/ros2interface/lib/python3.8/site-packages/ros2interface/command
creating /home/saitama1/Pictures/ros2-picas/ros2_foxy/install/ros2interface/lib/python3.8/site-packages/ros2interface/api
copying /home/saitama1/Pictures/ros2-picas/ros2_foxy/build/ros2interface/build/lib/ros2interface/api/__init__.py -> /home/saitama1/Pictures/ros2-picas/ros2_foxy/install/ros2interface/lib/python3.8/site-packages/ros2interface/api
creating /home/saitama1/Pictures/ros2-picas/ros2_foxy/install/ros2interface/lib/python3.8/site-packages/ros2interface/verb
copying /home/saitama1/Pictures/ros2-picas/ros2_foxy/build/ros2interface/build/lib/ros2interface/verb/__init__.py -> /home/saitama1/Pictures/ros2-picas/ros2_foxy/install/ros2interface/lib/python3.8/site-packages/ros2interface/verb
copying /home/saitama1/Pictures/ros2-picas/ros2_foxy/build/ros2interface/build/lib/ros2interface/verb/packages.py -> /home/saitama1/Pictures/ros2-picas/ros2_foxy/install/ros2interface/lib/python3.8/site-packages/ros2interface/verb
copying /home/saitama1/Pictures/ros2-picas/ros2_foxy/build/ros2interface/build/lib/ros2interface/verb/show.py -> /home/saitama1/Pictures/ros2-picas/ros2_foxy/install/ros2interface/lib/python3.8/site-packages/ros2interface/verb
copying /home/saitama1/Pictures/ros2-picas/ros2_foxy/build/ros2interface/build/lib/ros2interface/verb/package.py -> /home/saitama1/Pictures/ros2-picas/ros2_foxy/install/ros2interface/lib/python3.8/site-packages/ros2interface/verb
copying /home/saitama1/Pictures/ros2-picas/ros2_foxy/build/ros2interface/build/lib/ros2interface/verb/proto.py -> /home/saitama1/Pictures/ros2-picas/ros2_foxy/install/ros2interface/lib/python3.8/site-packages/ros2interface/verb
copying /home/saitama1/Pictures/ros2-picas/ros2_foxy/build/ros2interface/build/lib/ros2interface/verb/list.py -> /home/saitama1/Pictures/ros2-picas/ros2_foxy/install/ros2interface/lib/python3.8/site-packages/ros2interface/verb
byte-compiling /home/saitama1/Pictures/ros2-picas/ros2_foxy/install/ros2interface/lib/python3.8/site-packages/ros2interface/__init__.py to __init__.cpython-38.pyc
byte-compiling /home/saitama1/Pictures/ros2-picas/ros2_foxy/install/ros2interface/lib/python3.8/site-packages/ros2interface/command/interface.py to interface.cpython-38.pyc
byte-compiling /home/saitama1/Pictures/ros2-picas/ros2_foxy/install/ros2interface/lib/python3.8/site-packages/ros2interface/command/__init__.py to __init__.cpython-38.pyc
byte-compiling /home/saitama1/Pictures/ros2-picas/ros2_foxy/install/ros2interface/lib/python3.8/site-packages/ros2interface/api/__init__.py to __init__.cpython-38.pyc
byte-compiling /home/saitama1/Pictures/ros2-picas/ros2_foxy/install/ros2interface/lib/python3.8/site-packages/ros2interface/verb/__init__.py to __init__.cpython-38.pyc
byte-compiling /home/saitama1/Pictures/ros2-picas/ros2_foxy/install/ros2interface/lib/python3.8/site-packages/ros2interface/verb/packages.py to packages.cpython-38.pyc
byte-compiling /home/saitama1/Pictures/ros2-picas/ros2_foxy/install/ros2interface/lib/python3.8/site-packages/ros2interface/verb/show.py to show.cpython-38.pyc
byte-compiling /home/saitama1/Pictures/ros2-picas/ros2_foxy/install/ros2interface/lib/python3.8/site-packages/ros2interface/verb/package.py to package.cpython-38.pyc
byte-compiling /home/saitama1/Pictures/ros2-picas/ros2_foxy/install/ros2interface/lib/python3.8/site-packages/ros2interface/verb/proto.py to proto.cpython-38.pyc
byte-compiling /home/saitama1/Pictures/ros2-picas/ros2_foxy/install/ros2interface/lib/python3.8/site-packages/ros2interface/verb/list.py to list.cpython-38.pyc
running install_data
running install_egg_info
Copying ../../../../build/ros2interface/ros2interface.egg-info to /home/saitama1/Pictures/ros2-picas/ros2_foxy/install/ros2interface/lib/python3.8/site-packages/ros2interface-0.9.9-py3.8.egg-info
running install_scripts
writing list of installed files to '/home/saitama1/Pictures/ros2-picas/ros2_foxy/build/ros2interface/install.log'
