running egg_info
creating ../../../build/osrf_pycommon/osrf_pycommon.egg-info
writing ../../../build/osrf_pycommon/osrf_pycommon.egg-info/PKG-INFO
writing dependency_links to ../../../build/osrf_pycommon/osrf_pycommon.egg-info/dependency_links.txt
writing requirements to ../../../build/osrf_pycommon/osrf_pycommon.egg-info/requires.txt
writing top-level names to ../../../build/osrf_pycommon/osrf_pycommon.egg-info/top_level.txt
writing manifest file '../../../build/osrf_pycommon/osrf_pycommon.egg-info/SOURCES.txt'
reading manifest file '../../../build/osrf_pycommon/osrf_pycommon.egg-info/SOURCES.txt'
reading manifest template 'MANIFEST.in'
writing manifest file '../../../build/osrf_pycommon/osrf_pycommon.egg-info/SOURCES.txt'
running build
running build_py
creating /home/saitama1/Pictures/ros2-picas/ros2_foxy/build/osrf_pycommon/build
creating /home/saitama1/Pictures/ros2-picas/ros2_foxy/build/osrf_pycommon/build/lib
creating /home/saitama1/Pictures/ros2-picas/ros2_foxy/build/osrf_pycommon/build/lib/osrf_pycommon
copying osrf_pycommon/__init__.py -> /home/saitama1/Pictures/ros2-picas/ros2_foxy/build/osrf_pycommon/build/lib/osrf_pycommon
copying osrf_pycommon/terminal_utils.py -> /home/saitama1/Pictures/ros2-picas/ros2_foxy/build/osrf_pycommon/build/lib/osrf_pycommon
creating /home/saitama1/Pictures/ros2-picas/ros2_foxy/build/osrf_pycommon/build/lib/osrf_pycommon/process_utils
copying osrf_pycommon/process_utils/execute_process_nopty.py -> /home/saitama1/Pictures/ros2-picas/ros2_foxy/build/osrf_pycommon/build/lib/osrf_pycommon/process_utils
copying osrf_pycommon/process_utils/async_execute_process_trollius.py -> /home/saitama1/Pictures/ros2-picas/ros2_foxy/build/osrf_pycommon/build/lib/osrf_pycommon/process_utils
copying osrf_pycommon/process_utils/__init__.py -> /home/saitama1/Pictures/ros2-picas/ros2_foxy/build/osrf_pycommon/build/lib/osrf_pycommon/process_utils
copying osrf_pycommon/process_utils/impl.py -> /home/saitama1/Pictures/ros2-picas/ros2_foxy/build/osrf_pycommon/build/lib/osrf_pycommon/process_utils
copying osrf_pycommon/process_utils/async_execute_process.py -> /home/saitama1/Pictures/ros2-picas/ros2_foxy/build/osrf_pycommon/build/lib/osrf_pycommon/process_utils
copying osrf_pycommon/process_utils/get_loop_impl.py -> /home/saitama1/Pictures/ros2-picas/ros2_foxy/build/osrf_pycommon/build/lib/osrf_pycommon/process_utils
copying osrf_pycommon/process_utils/execute_process_pty.py -> /home/saitama1/Pictures/ros2-picas/ros2_foxy/build/osrf_pycommon/build/lib/osrf_pycommon/process_utils
creating /home/saitama1/Pictures/ros2-picas/ros2_foxy/build/osrf_pycommon/build/lib/osrf_pycommon/cli_utils
copying osrf_pycommon/cli_utils/verb_pattern.py -> /home/saitama1/Pictures/ros2-picas/ros2_foxy/build/osrf_pycommon/build/lib/osrf_pycommon/cli_utils
copying osrf_pycommon/cli_utils/__init__.py -> /home/saitama1/Pictures/ros2-picas/ros2_foxy/build/osrf_pycommon/build/lib/osrf_pycommon/cli_utils
copying osrf_pycommon/cli_utils/common.py -> /home/saitama1/Pictures/ros2-picas/ros2_foxy/build/osrf_pycommon/build/lib/osrf_pycommon/cli_utils
creating /home/saitama1/Pictures/ros2-picas/ros2_foxy/build/osrf_pycommon/build/lib/osrf_pycommon/terminal_color
copying osrf_pycommon/terminal_color/windows.py -> /home/saitama1/Pictures/ros2-picas/ros2_foxy/build/osrf_pycommon/build/lib/osrf_pycommon/terminal_color
copying osrf_pycommon/terminal_color/__init__.py -> /home/saitama1/Pictures/ros2-picas/ros2_foxy/build/osrf_pycommon/build/lib/osrf_pycommon/terminal_color
copying osrf_pycommon/terminal_color/impl.py -> /home/saitama1/Pictures/ros2-picas/ros2_foxy/build/osrf_pycommon/build/lib/osrf_pycommon/terminal_color
copying osrf_pycommon/terminal_color/ansi_re.py -> /home/saitama1/Pictures/ros2-picas/ros2_foxy/build/osrf_pycommon/build/lib/osrf_pycommon/terminal_color
creating /home/saitama1/Pictures/ros2-picas/ros2_foxy/build/osrf_pycommon/build/lib/osrf_pycommon/process_utils/async_execute_process_asyncio
copying osrf_pycommon/process_utils/async_execute_process_asyncio/__init__.py -> /home/saitama1/Pictures/ros2-picas/ros2_foxy/build/osrf_pycommon/build/lib/osrf_pycommon/process_utils/async_execute_process_asyncio
copying osrf_pycommon/process_utils/async_execute_process_asyncio/impl.py -> /home/saitama1/Pictures/ros2-picas/ros2_foxy/build/osrf_pycommon/build/lib/osrf_pycommon/process_utils/async_execute_process_asyncio
running install
running install_lib
creating /home/saitama1/Pictures/ros2-picas/ros2_foxy/install/osrf_pycommon/lib/python3.8/site-packages/osrf_pycommon
creating /home/saitama1/Pictures/ros2-picas/ros2_foxy/install/osrf_pycommon/lib/python3.8/site-packages/osrf_pycommon/process_utils
copying /home/saitama1/Pictures/ros2-picas/ros2_foxy/build/osrf_pycommon/build/lib/osrf_pycommon/process_utils/execute_process_nopty.py -> /home/saitama1/Pictures/ros2-picas/ros2_foxy/install/osrf_pycommon/lib/python3.8/site-packages/osrf_pycommon/process_utils
copying /home/saitama1/Pictures/ros2-picas/ros2_foxy/build/osrf_pycommon/build/lib/osrf_pycommon/process_utils/async_execute_process_trollius.py -> /home/saitama1/Pictures/ros2-picas/ros2_foxy/install/osrf_pycommon/lib/python3.8/site-packages/osrf_pycommon/process_utils
copying /home/saitama1/Pictures/ros2-picas/ros2_foxy/build/osrf_pycommon/build/lib/osrf_pycommon/process_utils/__init__.py -> /home/saitama1/Pictures/ros2-picas/ros2_foxy/install/osrf_pycommon/lib/python3.8/site-packages/osrf_pycommon/process_utils
copying /home/saitama1/Pictures/ros2-picas/ros2_foxy/build/osrf_pycommon/build/lib/osrf_pycommon/process_utils/impl.py -> /home/saitama1/Pictures/ros2-picas/ros2_foxy/install/osrf_pycommon/lib/python3.8/site-packages/osrf_pycommon/process_utils
copying /home/saitama1/Pictures/ros2-picas/ros2_foxy/build/osrf_pycommon/build/lib/osrf_pycommon/process_utils/async_execute_process.py -> /home/saitama1/Pictures/ros2-picas/ros2_foxy/install/osrf_pycommon/lib/python3.8/site-packages/osrf_pycommon/process_utils
copying /home/saitama1/Pictures/ros2-picas/ros2_foxy/build/osrf_pycommon/build/lib/osrf_pycommon/process_utils/get_loop_impl.py -> /home/saitama1/Pictures/ros2-picas/ros2_foxy/install/osrf_pycommon/lib/python3.8/site-packages/osrf_pycommon/process_utils
creating /home/saitama1/Pictures/ros2-picas/ros2_foxy/install/osrf_pycommon/lib/python3.8/site-packages/osrf_pycommon/process_utils/async_execute_process_asyncio
copying /home/saitama1/Pictures/ros2-picas/ros2_foxy/build/osrf_pycommon/build/lib/osrf_pycommon/process_utils/async_execute_process_asyncio/__init__.py -> /home/saitama1/Pictures/ros2-picas/ros2_foxy/install/osrf_pycommon/lib/python3.8/site-packages/osrf_pycommon/process_utils/async_execute_process_asyncio
copying /home/saitama1/Pictures/ros2-picas/ros2_foxy/build/osrf_pycommon/build/lib/osrf_pycommon/process_utils/async_execute_process_asyncio/impl.py -> /home/saitama1/Pictures/ros2-picas/ros2_foxy/install/osrf_pycommon/lib/python3.8/site-packages/osrf_pycommon/process_utils/async_execute_process_asyncio
copying /home/saitama1/Pictures/ros2-picas/ros2_foxy/build/osrf_pycommon/build/lib/osrf_pycommon/process_utils/execute_process_pty.py -> /home/saitama1/Pictures/ros2-picas/ros2_foxy/install/osrf_pycommon/lib/python3.8/site-packages/osrf_pycommon/process_utils
copying /home/saitama1/Pictures/ros2-picas/ros2_foxy/build/osrf_pycommon/build/lib/osrf_pycommon/__init__.py -> /home/saitama1/Pictures/ros2-picas/ros2_foxy/install/osrf_pycommon/lib/python3.8/site-packages/osrf_pycommon
creating /home/saitama1/Pictures/ros2-picas/ros2_foxy/install/osrf_pycommon/lib/python3.8/site-packages/osrf_pycommon/cli_utils
copying /home/saitama1/Pictures/ros2-picas/ros2_foxy/build/osrf_pycommon/build/lib/osrf_pycommon/cli_utils/verb_pattern.py -> /home/saitama1/Pictures/ros2-picas/ros2_foxy/install/osrf_pycommon/lib/python3.8/site-packages/osrf_pycommon/cli_utils
copying /home/saitama1/Pictures/ros2-picas/ros2_foxy/build/osrf_pycommon/build/lib/osrf_pycommon/cli_utils/__init__.py -> /home/saitama1/Pictures/ros2-picas/ros2_foxy/install/osrf_pycommon/lib/python3.8/site-packages/osrf_pycommon/cli_utils
copying /home/saitama1/Pictures/ros2-picas/ros2_foxy/build/osrf_pycommon/build/lib/osrf_pycommon/cli_utils/common.py -> /home/saitama1/Pictures/ros2-picas/ros2_foxy/install/osrf_pycommon/lib/python3.8/site-packages/osrf_pycommon/cli_utils
creating /home/saitama1/Pictures/ros2-picas/ros2_foxy/install/osrf_pycommon/lib/python3.8/site-packages/osrf_pycommon/terminal_color
copying /home/saitama1/Pictures/ros2-picas/ros2_foxy/build/osrf_pycommon/build/lib/osrf_pycommon/terminal_color/windows.py -> /home/saitama1/Pictures/ros2-picas/ros2_foxy/install/osrf_pycommon/lib/python3.8/site-packages/osrf_pycommon/terminal_color
copying /home/saitama1/Pictures/ros2-picas/ros2_foxy/build/osrf_pycommon/build/lib/osrf_pycommon/terminal_color/__init__.py -> /home/saitama1/Pictures/ros2-picas/ros2_foxy/install/osrf_pycommon/lib/python3.8/site-packages/osrf_pycommon/terminal_color
copying /home/saitama1/Pictures/ros2-picas/ros2_foxy/build/osrf_pycommon/build/lib/osrf_pycommon/terminal_color/impl.py -> /home/saitama1/Pictures/ros2-picas/ros2_foxy/install/osrf_pycommon/lib/python3.8/site-packages/osrf_pycommon/terminal_color
copying /home/saitama1/Pictures/ros2-picas/ros2_foxy/build/osrf_pycommon/build/lib/osrf_pycommon/terminal_color/ansi_re.py -> /home/saitama1/Pictures/ros2-picas/ros2_foxy/install/osrf_pycommon/lib/python3.8/site-packages/osrf_pycommon/terminal_color
copying /home/saitama1/Pictures/ros2-picas/ros2_foxy/build/osrf_pycommon/build/lib/osrf_pycommon/terminal_utils.py -> /home/saitama1/Pictures/ros2-picas/ros2_foxy/install/osrf_pycommon/lib/python3.8/site-packages/osrf_pycommon
byte-compiling /home/saitama1/Pictures/ros2-picas/ros2_foxy/install/osrf_pycommon/lib/python3.8/site-packages/osrf_pycommon/process_utils/execute_process_nopty.py to execute_process_nopty.cpython-38.pyc
byte-compiling /home/saitama1/Pictures/ros2-picas/ros2_foxy/install/osrf_pycommon/lib/python3.8/site-packages/osrf_pycommon/process_utils/async_execute_process_trollius.py to async_execute_process_trollius.cpython-38.pyc
byte-compiling /home/saitama1/Pictures/ros2-picas/ros2_foxy/install/osrf_pycommon/lib/python3.8/site-packages/osrf_pycommon/process_utils/__init__.py to __init__.cpython-38.pyc
byte-compiling /home/saitama1/Pictures/ros2-picas/ros2_foxy/install/osrf_pycommon/lib/python3.8/site-packages/osrf_pycommon/process_utils/impl.py to impl.cpython-38.pyc
byte-compiling /home/saitama1/Pictures/ros2-picas/ros2_foxy/install/osrf_pycommon/lib/python3.8/site-packages/osrf_pycommon/process_utils/async_execute_process.py to async_execute_process.cpython-38.pyc
byte-compiling /home/saitama1/Pictures/ros2-picas/ros2_foxy/install/osrf_pycommon/lib/python3.8/site-packages/osrf_pycommon/process_utils/get_loop_impl.py to get_loop_impl.cpython-38.pyc
byte-compiling /home/saitama1/Pictures/ros2-picas/ros2_foxy/install/osrf_pycommon/lib/python3.8/site-packages/osrf_pycommon/process_utils/async_execute_process_asyncio/__init__.py to __init__.cpython-38.pyc
byte-compiling /home/saitama1/Pictures/ros2-picas/ros2_foxy/install/osrf_pycommon/lib/python3.8/site-packages/osrf_pycommon/process_utils/async_execute_process_asyncio/impl.py to impl.cpython-38.pyc
byte-compiling /home/saitama1/Pictures/ros2-picas/ros2_foxy/install/osrf_pycommon/lib/python3.8/site-packages/osrf_pycommon/process_utils/execute_process_pty.py to execute_process_pty.cpython-38.pyc
byte-compiling /home/saitama1/Pictures/ros2-picas/ros2_foxy/install/osrf_pycommon/lib/python3.8/site-packages/osrf_pycommon/__init__.py to __init__.cpython-38.pyc
byte-compiling /home/saitama1/Pictures/ros2-picas/ros2_foxy/install/osrf_pycommon/lib/python3.8/site-packages/osrf_pycommon/cli_utils/verb_pattern.py to verb_pattern.cpython-38.pyc
byte-compiling /home/saitama1/Pictures/ros2-picas/ros2_foxy/install/osrf_pycommon/lib/python3.8/site-packages/osrf_pycommon/cli_utils/__init__.py to __init__.cpython-38.pyc
byte-compiling /home/saitama1/Pictures/ros2-picas/ros2_foxy/install/osrf_pycommon/lib/python3.8/site-packages/osrf_pycommon/cli_utils/common.py to common.cpython-38.pyc
byte-compiling /home/saitama1/Pictures/ros2-picas/ros2_foxy/install/osrf_pycommon/lib/python3.8/site-packages/osrf_pycommon/terminal_color/windows.py to windows.cpython-38.pyc
byte-compiling /home/saitama1/Pictures/ros2-picas/ros2_foxy/install/osrf_pycommon/lib/python3.8/site-packages/osrf_pycommon/terminal_color/__init__.py to __init__.cpython-38.pyc
byte-compiling /home/saitama1/Pictures/ros2-picas/ros2_foxy/install/osrf_pycommon/lib/python3.8/site-packages/osrf_pycommon/terminal_color/impl.py to impl.cpython-38.pyc
byte-compiling /home/saitama1/Pictures/ros2-picas/ros2_foxy/install/osrf_pycommon/lib/python3.8/site-packages/osrf_pycommon/terminal_color/ansi_re.py to ansi_re.cpython-38.pyc
byte-compiling /home/saitama1/Pictures/ros2-picas/ros2_foxy/install/osrf_pycommon/lib/python3.8/site-packages/osrf_pycommon/terminal_utils.py to terminal_utils.cpython-38.pyc
running install_data
running install_egg_info
Copying ../../../build/osrf_pycommon/osrf_pycommon.egg-info to /home/saitama1/Pictures/ros2-picas/ros2_foxy/install/osrf_pycommon/lib/python3.8/site-packages/osrf_pycommon-0.1.10-py3.8.egg-info
running install_scripts
writing list of installed files to '/home/saitama1/Pictures/ros2-picas/ros2_foxy/build/osrf_pycommon/install.log'
