[0.062s] Invoking command in '/home/saitama1/ros2_foxy/build/ament_lint_auto': AMENT_PREFIX_PATH=/home/saitama1/ros2_foxy/install/ament_cmake_test:/home/saitama1/ros2_foxy/install/ament_cmake_core:/home/saitama1/ros2_foxy/install/ament_package CMAKE_PREFIX_PATH=/home/saitama1/ros2_foxy/install/ament_cmake_test:/home/saitama1/ros2_foxy/install/ament_cmake_core PYTHONPATH=/home/saitama1/ros2_foxy/install/ament_cmake_test/lib/python3.8/site-packages:/home/saitama1/ros2_foxy/build/ament_package:/home/saitama1/ros2_foxy/install/ament_package/lib/python3.8/site-packages /usr/bin/cmake --build /home/saitama1/ros2_foxy/build/ament_lint_auto -- -j12 -l12
[0.167s] Invoked command in '/home/saitama1/ros2_foxy/build/ament_lint_auto' returned '0': AMENT_PREFIX_PATH=/home/saitama1/ros2_foxy/install/ament_cmake_test:/home/saitama1/ros2_foxy/install/ament_cmake_core:/home/saitama1/ros2_foxy/install/ament_package CMAKE_PREFIX_PATH=/home/saitama1/ros2_foxy/install/ament_cmake_test:/home/saitama1/ros2_foxy/install/ament_cmake_core PYTHONPATH=/home/saitama1/ros2_foxy/install/ament_cmake_test/lib/python3.8/site-packages:/home/saitama1/ros2_foxy/build/ament_package:/home/saitama1/ros2_foxy/install/ament_package/lib/python3.8/site-packages /usr/bin/cmake --build /home/saitama1/ros2_foxy/build/ament_lint_auto -- -j12 -l12
[0.369s] Invoking command in '/home/saitama1/ros2_foxy/build/ament_lint_auto': AMENT_PREFIX_PATH=/home/saitama1/ros2_foxy/install/ament_cmake_test:/home/saitama1/ros2_foxy/install/ament_cmake_core:/home/saitama1/ros2_foxy/install/ament_package CMAKE_PREFIX_PATH=/home/saitama1/ros2_foxy/install/ament_cmake_test:/home/saitama1/ros2_foxy/install/ament_cmake_core PYTHONPATH=/home/saitama1/ros2_foxy/install/ament_cmake_test/lib/python3.8/site-packages:/home/saitama1/ros2_foxy/build/ament_package:/home/saitama1/ros2_foxy/install/ament_package/lib/python3.8/site-packages /usr/bin/cmake --install /home/saitama1/ros2_foxy/build/ament_lint_auto
[0.382s] -- Install configuration: ""
[0.383s] -- Execute custom install script
[0.383s] -- Up-to-date symlink: /home/saitama1/ros2_foxy/install/ament_lint_auto/share/ament_index/resource_index/package_run_dependencies/ament_lint_auto
[0.384s] -- Up-to-date symlink: /home/saitama1/ros2_foxy/install/ament_lint_auto/share/ament_index/resource_index/parent_prefix_path/ament_lint_auto
[0.384s] -- Up-to-date symlink: /home/saitama1/ros2_foxy/install/ament_lint_auto/share/ament_lint_auto/environment/ament_prefix_path.sh
[0.384s] -- Up-to-date symlink: /home/saitama1/ros2_foxy/install/ament_lint_auto/share/ament_lint_auto/environment/ament_prefix_path.dsv
[0.384s] -- Up-to-date symlink: /home/saitama1/ros2_foxy/install/ament_lint_auto/share/ament_lint_auto/environment/path.sh
[0.385s] -- Up-to-date symlink: /home/saitama1/ros2_foxy/install/ament_lint_auto/share/ament_lint_auto/environment/path.dsv
[0.385s] -- Up-to-date symlink: /home/saitama1/ros2_foxy/install/ament_lint_auto/share/ament_lint_auto/local_setup.bash
[0.390s] -- Up-to-date symlink: /home/saitama1/ros2_foxy/install/ament_lint_auto/share/ament_lint_auto/local_setup.sh
[0.392s] -- Up-to-date symlink: /home/saitama1/ros2_foxy/install/ament_lint_auto/share/ament_lint_auto/local_setup.zsh
[0.393s] -- Up-to-date symlink: /home/saitama1/ros2_foxy/install/ament_lint_auto/share/ament_lint_auto/local_setup.dsv
[0.393s] -- Symlinking: /home/saitama1/ros2_foxy/install/ament_lint_auto/share/ament_lint_auto/package.dsv
[0.401s] -- Up-to-date symlink: /home/saitama1/ros2_foxy/install/ament_lint_auto/share/ament_index/resource_index/packages/ament_lint_auto
[0.401s] -- Up-to-date symlink: /home/saitama1/ros2_foxy/install/ament_lint_auto/share/ament_lint_auto/cmake/ament_lint_auto-extras.cmake
[0.402s] -- Up-to-date symlink: /home/saitama1/ros2_foxy/install/ament_lint_auto/share/ament_lint_auto/cmake/ament_lint_autoConfig.cmake
[0.403s] -- Up-to-date symlink: /home/saitama1/ros2_foxy/install/ament_lint_auto/share/ament_lint_auto/cmake/ament_lint_autoConfig-version.cmake
[0.404s] -- Up-to-date symlink: /home/saitama1/ros2_foxy/install/ament_lint_auto/share/ament_lint_auto/package.xml
[0.404s] -- Up-to-date symlink: /home/saitama1/ros2_foxy/install/ament_lint_auto/share/ament_lint_auto/cmake/ament_lint_auto_find_test_dependencies.cmake
[0.404s] -- Up-to-date symlink: /home/saitama1/ros2_foxy/install/ament_lint_auto/share/ament_lint_auto/cmake/ament_lint_auto_package_hook.cmake
[0.440s] Invoked command in '/home/saitama1/ros2_foxy/build/ament_lint_auto' returned '0': AMENT_PREFIX_PATH=/home/saitama1/ros2_foxy/install/ament_cmake_test:/home/saitama1/ros2_foxy/install/ament_cmake_core:/home/saitama1/ros2_foxy/install/ament_package CMAKE_PREFIX_PATH=/home/saitama1/ros2_foxy/install/ament_cmake_test:/home/saitama1/ros2_foxy/install/ament_cmake_core PYTHONPATH=/home/saitama1/ros2_foxy/install/ament_cmake_test/lib/python3.8/site-packages:/home/saitama1/ros2_foxy/build/ament_package:/home/saitama1/ros2_foxy/install/ament_package/lib/python3.8/site-packages /usr/bin/cmake --install /home/saitama1/ros2_foxy/build/ament_lint_auto
