-- Found ament_cmake: 0.9.8 (/home/saitama1/ros2_foxy/install/ament_cmake/share/ament_cmake/cmake)
-- Found PythonInterp: /usr/bin/python3 (found suitable version "3.8.10", minimum required is "3") 
-- Using PYTHON_EXECUTABLE: /usr/bin/python3
-- Override CMake install command with custom implementation using symlinks instead of copying resources
-- Found std_msgs: 2.0.4 (/home/saitama1/ros2_foxy/install/std_msgs/share/std_msgs/cmake)
-- Using all available rosidl_typesupport_c: rosidl_typesupport_introspection_c;rosidl_typesupport_fastrtps_c
-- Found rosidl_adapter: 1.2.1 (/home/saitama1/ros2_foxy/install/rosidl_adapter/share/rosidl_adapter/cmake)
-- Using all available rosidl_typesupport_cpp: rosidl_typesupport_introspection_cpp;rosidl_typesupport_fastrtps_cpp
-- Found rosidl_default_generators: 1.0.1 (/home/saitama1/ros2_foxy/install/rosidl_default_generators/share/rosidl_default_generators/cmake)
-- Found PythonInterp: /usr/bin/python3 (found version "3.8.10") 
-- Found ament_cmake_ros: 0.9.2 (/home/saitama1/ros2_foxy/install/ament_cmake_ros/share/ament_cmake_ros/cmake)
-- Using all available rosidl_typesupport_c: rosidl_typesupport_introspection_c;rosidl_typesupport_fastrtps_c
-- Using all available rosidl_typesupport_cpp: rosidl_typesupport_introspection_cpp;rosidl_typesupport_fastrtps_cpp
-- Found PythonInterp: /usr/bin/python3 (found suitable version "3.8.10", minimum required is "3.5") 
-- Found python_cmake_module: 0.8.1 (/home/saitama1/ros2_foxy/install/python_cmake_module/share/python_cmake_module/cmake)
-- Using PYTHON_EXECUTABLE: /usr/bin/python3
-- Using PYTHON_INCLUDE_DIRS: /usr/include/python3.8
-- Using PYTHON_LIBRARIES: /usr/lib/x86_64-linux-gnu/libpython3.8.so
-- Found ament_lint_auto: 0.9.6 (/home/saitama1/ros2_foxy/install/ament_lint_auto/share/ament_lint_auto/cmake)
-- Added test 'copyright' to check source files copyright and LICENSE
-- Added test 'lint_cmake' to check CMake code style
-- Added test 'xmllint' to check XML markup files
-- Configuring done
-- Generating done
-- Build files have been written to: /home/saitama1/ros2_foxy/build/udp_msgs
[  2%] Built target udp_msgs__cpp
[  4%] [32m[1mLinking C shared library libudp_msgs__rosidl_generator_c.so[0m
[  6%] [32m[1mLinking CXX shared library libudp_msgs__rosidl_typesupport_fastrtps_cpp.so[0m
[ 14%] Built target udp_msgs__rosidl_generator_c
[ 17%] [32m[1mLinking CXX shared library libudp_msgs__rosidl_typesupport_introspection_cpp.so[0m
[ 25%] Built target udp_msgs__rosidl_typesupport_fastrtps_cpp
[ 34%] Built target udp_msgs__rosidl_typesupport_introspection_cpp
[ 36%] [32m[1mLinking C shared library libudp_msgs__rosidl_typesupport_introspection_c.so[0m
[ 38%] [32m[1mLinking CXX shared library libudp_msgs__rosidl_typesupport_fastrtps_c.so[0m
[ 46%] Built target udp_msgs__rosidl_typesupport_introspection_c
[ 48%] [34m[1mGenerating C type support dispatch for ROS interfaces[0m
[ 57%] Built target udp_msgs__rosidl_typesupport_fastrtps_c
[35m[1mScanning dependencies of target udp_msgs__rosidl_typesupport_cpp[0m
[ 59%] [32mBuilding CXX object CMakeFiles/udp_msgs__rosidl_typesupport_cpp.dir/rosidl_typesupport_cpp/udp_msgs/msg/udp_packet__type_support.cpp.o[0m
[ 61%] [32mBuilding CXX object CMakeFiles/udp_msgs__rosidl_typesupport_cpp.dir/rosidl_typesupport_cpp/udp_msgs/srv/udp_send__type_support.cpp.o[0m
[ 63%] [32mBuilding CXX object CMakeFiles/udp_msgs__rosidl_typesupport_cpp.dir/rosidl_typesupport_cpp/udp_msgs/srv/udp_socket__type_support.cpp.o[0m
[35m[1mScanning dependencies of target udp_msgs__rosidl_typesupport_c[0m
[ 65%] [32mBuilding CXX object CMakeFiles/udp_msgs__rosidl_typesupport_c.dir/rosidl_typesupport_c/udp_msgs/msg/udp_packet__type_support.cpp.o[0m
[ 68%] [32mBuilding CXX object CMakeFiles/udp_msgs__rosidl_typesupport_c.dir/rosidl_typesupport_c/udp_msgs/srv/udp_send__type_support.cpp.o[0m
[ 70%] [32mBuilding CXX object CMakeFiles/udp_msgs__rosidl_typesupport_c.dir/rosidl_typesupport_c/udp_msgs/srv/udp_socket__type_support.cpp.o[0m
[ 72%] [32m[1mLinking CXX shared library libudp_msgs__rosidl_typesupport_cpp.so[0m
[ 74%] [32m[1mLinking CXX shared library libudp_msgs__rosidl_typesupport_c.so[0m
[ 76%] Built target udp_msgs__rosidl_typesupport_cpp
[ 76%] Built target udp_msgs__rosidl_typesupport_c
[ 76%] Built target udp_msgs
[35m[1mScanning dependencies of target udp_msgs__py[0m
[ 78%] Built target udp_msgs__py
[ 80%] [32m[1mLinking C shared library rosidl_generator_py/udp_msgs/libudp_msgs__python.so[0m
[ 87%] Built target udp_msgs__python
[35m[1mScanning dependencies of target udp_msgs__rosidl_typesupport_fastrtps_c__pyext[0m
[ 89%] [32m[1mLinking C shared library rosidl_generator_py/udp_msgs/udp_msgs_s__rosidl_typesupport_introspection_c.cpython-38-x86_64-linux-gnu.so[0m
[ 91%] [32mBuilding C object CMakeFiles/udp_msgs__rosidl_typesupport_fastrtps_c__pyext.dir/rosidl_generator_py/udp_msgs/_udp_msgs_s.ep.rosidl_typesupport_fastrtps_c.c.o[0m
[ 93%] Built target udp_msgs__rosidl_typesupport_introspection_c__pyext
[ 95%] [32m[1mLinking CXX shared library rosidl_generator_py/udp_msgs/udp_msgs_s__rosidl_typesupport_fastrtps_c.cpython-38-x86_64-linux-gnu.so[0m
[ 97%] [32m[1mLinking C shared library rosidl_generator_py/udp_msgs/udp_msgs_s__rosidl_typesupport_c.cpython-38-x86_64-linux-gnu.so[0m
[ 97%] Built target udp_msgs__rosidl_typesupport_fastrtps_c__pyext
[100%] Built target udp_msgs__rosidl_typesupport_c__pyext
-- Install configuration: ""
-- Execute custom install script
-- Symlinking: /home/saitama1/ros2_foxy/install/udp_msgs/share/ament_index/resource_index/rosidl_interfaces/udp_msgs
-- Symlinking: /home/saitama1/ros2_foxy/install/udp_msgs/include/udp_msgs/msg/detail/udp_packet__functions.h
-- Symlinking: /home/saitama1/ros2_foxy/install/udp_msgs/include/udp_msgs/msg/detail/udp_packet__struct.h
-- Symlinking: /home/saitama1/ros2_foxy/install/udp_msgs/include/udp_msgs/msg/detail/udp_packet__type_support.h
-- Symlinking: /home/saitama1/ros2_foxy/install/udp_msgs/include/udp_msgs/msg/rosidl_generator_c__visibility_control.h
-- Symlinking: /home/saitama1/ros2_foxy/install/udp_msgs/include/udp_msgs/msg/udp_packet.h
-- Symlinking: /home/saitama1/ros2_foxy/install/udp_msgs/include/udp_msgs/srv/detail/udp_send__functions.h
-- Symlinking: /home/saitama1/ros2_foxy/install/udp_msgs/include/udp_msgs/srv/detail/udp_send__struct.h
-- Symlinking: /home/saitama1/ros2_foxy/install/udp_msgs/include/udp_msgs/srv/detail/udp_send__type_support.h
-- Symlinking: /home/saitama1/ros2_foxy/install/udp_msgs/include/udp_msgs/srv/detail/udp_socket__functions.h
-- Symlinking: /home/saitama1/ros2_foxy/install/udp_msgs/include/udp_msgs/srv/detail/udp_socket__struct.h
-- Symlinking: /home/saitama1/ros2_foxy/install/udp_msgs/include/udp_msgs/srv/detail/udp_socket__type_support.h
-- Symlinking: /home/saitama1/ros2_foxy/install/udp_msgs/include/udp_msgs/srv/udp_send.h
-- Symlinking: /home/saitama1/ros2_foxy/install/udp_msgs/include/udp_msgs/srv/udp_socket.h
-- Symlinking: /home/saitama1/ros2_foxy/install/udp_msgs/share/udp_msgs/environment/library_path.sh
-- Symlinking: /home/saitama1/ros2_foxy/install/udp_msgs/share/udp_msgs/environment/library_path.dsv
-- Symlinking: /home/saitama1/ros2_foxy/install/udp_msgs/include/udp_msgs/msg/detail/udp_packet__rosidl_typesupport_introspection_c.h
-- Symlinking: /home/saitama1/ros2_foxy/install/udp_msgs/include/udp_msgs/msg/rosidl_typesupport_introspection_c__visibility_control.h
-- Symlinking: /home/saitama1/ros2_foxy/install/udp_msgs/include/udp_msgs/srv/detail/udp_send__rosidl_typesupport_introspection_c.h
-- Symlinking: /home/saitama1/ros2_foxy/install/udp_msgs/include/udp_msgs/srv/detail/udp_socket__rosidl_typesupport_introspection_c.h
-- Symlinking: /home/saitama1/ros2_foxy/install/udp_msgs/include/udp_msgs/msg/detail/udp_packet__rosidl_typesupport_fastrtps_c.h
-- Symlinking: /home/saitama1/ros2_foxy/install/udp_msgs/include/udp_msgs/msg/rosidl_typesupport_fastrtps_c__visibility_control.h
-- Symlinking: /home/saitama1/ros2_foxy/install/udp_msgs/include/udp_msgs/srv/detail/udp_send__rosidl_typesupport_fastrtps_c.h
-- Symlinking: /home/saitama1/ros2_foxy/install/udp_msgs/include/udp_msgs/srv/detail/udp_socket__rosidl_typesupport_fastrtps_c.h
-- Symlinking: /home/saitama1/ros2_foxy/install/udp_msgs/lib/libudp_msgs__rosidl_typesupport_fastrtps_c.so
-- Symlinking: /home/saitama1/ros2_foxy/install/udp_msgs/include/udp_msgs/msg/detail/udp_packet__rosidl_typesupport_fastrtps_cpp.hpp
-- Symlinking: /home/saitama1/ros2_foxy/install/udp_msgs/include/udp_msgs/msg/rosidl_typesupport_fastrtps_cpp__visibility_control.h
-- Symlinking: /home/saitama1/ros2_foxy/install/udp_msgs/include/udp_msgs/srv/detail/udp_send__rosidl_typesupport_fastrtps_cpp.hpp
-- Symlinking: /home/saitama1/ros2_foxy/install/udp_msgs/include/udp_msgs/srv/detail/udp_socket__rosidl_typesupport_fastrtps_cpp.hpp
-- Symlinking: /home/saitama1/ros2_foxy/install/udp_msgs/lib/libudp_msgs__rosidl_typesupport_fastrtps_cpp.so
-- Symlinking: /home/saitama1/ros2_foxy/install/udp_msgs/include/udp_msgs/msg/detail/udp_packet__builder.hpp
-- Symlinking: /home/saitama1/ros2_foxy/install/udp_msgs/include/udp_msgs/msg/detail/udp_packet__struct.hpp
-- Symlinking: /home/saitama1/ros2_foxy/install/udp_msgs/include/udp_msgs/msg/detail/udp_packet__traits.hpp
-- Symlinking: /home/saitama1/ros2_foxy/install/udp_msgs/include/udp_msgs/msg/udp_packet.hpp
-- Symlinking: /home/saitama1/ros2_foxy/install/udp_msgs/include/udp_msgs/srv/detail/udp_send__builder.hpp
-- Symlinking: /home/saitama1/ros2_foxy/install/udp_msgs/include/udp_msgs/srv/detail/udp_send__struct.hpp
-- Symlinking: /home/saitama1/ros2_foxy/install/udp_msgs/include/udp_msgs/srv/detail/udp_send__traits.hpp
-- Symlinking: /home/saitama1/ros2_foxy/install/udp_msgs/include/udp_msgs/srv/detail/udp_socket__builder.hpp
-- Symlinking: /home/saitama1/ros2_foxy/install/udp_msgs/include/udp_msgs/srv/detail/udp_socket__struct.hpp
-- Symlinking: /home/saitama1/ros2_foxy/install/udp_msgs/include/udp_msgs/srv/detail/udp_socket__traits.hpp
-- Symlinking: /home/saitama1/ros2_foxy/install/udp_msgs/include/udp_msgs/srv/udp_send.hpp
-- Symlinking: /home/saitama1/ros2_foxy/install/udp_msgs/include/udp_msgs/srv/udp_socket.hpp
-- Symlinking: /home/saitama1/ros2_foxy/install/udp_msgs/include/udp_msgs/msg/detail/udp_packet__rosidl_typesupport_introspection_cpp.hpp
-- Symlinking: /home/saitama1/ros2_foxy/install/udp_msgs/include/udp_msgs/srv/detail/udp_send__rosidl_typesupport_introspection_cpp.hpp
-- Symlinking: /home/saitama1/ros2_foxy/install/udp_msgs/include/udp_msgs/srv/detail/udp_socket__rosidl_typesupport_introspection_cpp.hpp
-- Symlinking: /home/saitama1/ros2_foxy/install/udp_msgs/share/udp_msgs/environment/pythonpath.sh
-- Symlinking: /home/saitama1/ros2_foxy/install/udp_msgs/share/udp_msgs/environment/pythonpath.dsv
-- Symlinking: /home/saitama1/ros2_foxy/install/udp_msgs/lib/python3.8/site-packages/udp_msgs/__init__.py
-- Symlinking: /home/saitama1/ros2_foxy/install/udp_msgs/lib/python3.8/site-packages/udp_msgs/msg/__init__.py
-- Symlinking: /home/saitama1/ros2_foxy/install/udp_msgs/lib/python3.8/site-packages/udp_msgs/msg/_udp_packet.py
-- Symlinking: /home/saitama1/ros2_foxy/install/udp_msgs/lib/python3.8/site-packages/udp_msgs/srv/__init__.py
-- Symlinking: /home/saitama1/ros2_foxy/install/udp_msgs/lib/python3.8/site-packages/udp_msgs/srv/_udp_send.py
-- Symlinking: /home/saitama1/ros2_foxy/install/udp_msgs/lib/python3.8/site-packages/udp_msgs/srv/_udp_socket.py
-- Symlinking: /home/saitama1/ros2_foxy/install/udp_msgs/lib/python3.8/site-packages/udp_msgs/udp_msgs_s__rosidl_typesupport_introspection_c.cpython-38-x86_64-linux-gnu.so
-- Symlinking: /home/saitama1/ros2_foxy/install/udp_msgs/lib/python3.8/site-packages/udp_msgs/udp_msgs_s__rosidl_typesupport_fastrtps_c.cpython-38-x86_64-linux-gnu.so
-- Symlinking: /home/saitama1/ros2_foxy/install/udp_msgs/lib/python3.8/site-packages/udp_msgs/udp_msgs_s__rosidl_typesupport_c.cpython-38-x86_64-linux-gnu.so
-- Symlinking: /home/saitama1/ros2_foxy/install/udp_msgs/lib/libudp_msgs__python.so
-- Symlinking: /home/saitama1/ros2_foxy/install/udp_msgs/share/udp_msgs/msg/UdpPacket.idl
-- Symlinking: /home/saitama1/ros2_foxy/install/udp_msgs/share/udp_msgs/srv/UdpSend.idl
-- Symlinking: /home/saitama1/ros2_foxy/install/udp_msgs/share/udp_msgs/srv/UdpSocket.idl
-- Symlinking: /home/saitama1/ros2_foxy/install/udp_msgs/share/udp_msgs/msg/UdpPacket.msg
-- Symlinking: /home/saitama1/ros2_foxy/install/udp_msgs/share/udp_msgs/srv/UdpSend.srv
-- Symlinking: /home/saitama1/ros2_foxy/install/udp_msgs/share/udp_msgs/srv/UdpSend_Request.msg
-- Symlinking: /home/saitama1/ros2_foxy/install/udp_msgs/share/udp_msgs/srv/UdpSend_Response.msg
-- Symlinking: /home/saitama1/ros2_foxy/install/udp_msgs/share/udp_msgs/srv/UdpSocket.srv
-- Symlinking: /home/saitama1/ros2_foxy/install/udp_msgs/share/udp_msgs/srv/UdpSocket_Request.msg
-- Symlinking: /home/saitama1/ros2_foxy/install/udp_msgs/share/udp_msgs/srv/UdpSocket_Response.msg
-- Symlinking: /home/saitama1/ros2_foxy/install/udp_msgs/share/ament_index/resource_index/package_run_dependencies/udp_msgs
-- Symlinking: /home/saitama1/ros2_foxy/install/udp_msgs/share/ament_index/resource_index/parent_prefix_path/udp_msgs
-- Symlinking: /home/saitama1/ros2_foxy/install/udp_msgs/share/udp_msgs/environment/ament_prefix_path.sh
-- Symlinking: /home/saitama1/ros2_foxy/install/udp_msgs/share/udp_msgs/environment/ament_prefix_path.dsv
-- Symlinking: /home/saitama1/ros2_foxy/install/udp_msgs/share/udp_msgs/environment/path.sh
-- Symlinking: /home/saitama1/ros2_foxy/install/udp_msgs/share/udp_msgs/environment/path.dsv
-- Symlinking: /home/saitama1/ros2_foxy/install/udp_msgs/share/udp_msgs/local_setup.bash
-- Symlinking: /home/saitama1/ros2_foxy/install/udp_msgs/share/udp_msgs/local_setup.sh
-- Symlinking: /home/saitama1/ros2_foxy/install/udp_msgs/share/udp_msgs/local_setup.zsh
-- Symlinking: /home/saitama1/ros2_foxy/install/udp_msgs/share/udp_msgs/local_setup.dsv
-- Symlinking: /home/saitama1/ros2_foxy/install/udp_msgs/share/udp_msgs/package.dsv
-- Symlinking: /home/saitama1/ros2_foxy/install/udp_msgs/share/ament_index/resource_index/packages/udp_msgs
-- Symlinking: /home/saitama1/ros2_foxy/install/udp_msgs/share/udp_msgs/cmake/rosidl_cmake-extras.cmake
-- Symlinking: /home/saitama1/ros2_foxy/install/udp_msgs/share/udp_msgs/cmake/ament_cmake_export_dependencies-extras.cmake
-- Symlinking: /home/saitama1/ros2_foxy/install/udp_msgs/share/udp_msgs/cmake/ament_cmake_export_libraries-extras.cmake
-- Symlinking: /home/saitama1/ros2_foxy/install/udp_msgs/share/udp_msgs/cmake/ament_cmake_export_targets-extras.cmake
-- Symlinking: /home/saitama1/ros2_foxy/install/udp_msgs/share/udp_msgs/cmake/ament_cmake_export_include_directories-extras.cmake
-- Symlinking: /home/saitama1/ros2_foxy/install/udp_msgs/share/udp_msgs/cmake/rosidl_cmake_export_typesupport_targets-extras.cmake
-- Symlinking: /home/saitama1/ros2_foxy/install/udp_msgs/share/udp_msgs/cmake/rosidl_cmake_export_typesupport_libraries-extras.cmake
-- Symlinking: /home/saitama1/ros2_foxy/install/udp_msgs/share/udp_msgs/cmake/udp_msgsConfig.cmake
-- Symlinking: /home/saitama1/ros2_foxy/install/udp_msgs/share/udp_msgs/cmake/udp_msgsConfig-version.cmake
-- Symlinking: /home/saitama1/ros2_foxy/install/udp_msgs/share/udp_msgs/package.xml
-- Installing: /home/saitama1/ros2_foxy/install/udp_msgs/lib/libudp_msgs__rosidl_generator_c.so
-- Set runtime path of "/home/saitama1/ros2_foxy/install/udp_msgs/lib/libudp_msgs__rosidl_generator_c.so" to ""
-- Installing: /home/saitama1/ros2_foxy/install/udp_msgs/lib/libudp_msgs__rosidl_typesupport_introspection_c.so
-- Set runtime path of "/home/saitama1/ros2_foxy/install/udp_msgs/lib/libudp_msgs__rosidl_typesupport_introspection_c.so" to ""
-- Installing: /home/saitama1/ros2_foxy/install/udp_msgs/lib/libudp_msgs__rosidl_typesupport_c.so
-- Set runtime path of "/home/saitama1/ros2_foxy/install/udp_msgs/lib/libudp_msgs__rosidl_typesupport_c.so" to ""
-- Installing: /home/saitama1/ros2_foxy/install/udp_msgs/lib/libudp_msgs__rosidl_typesupport_introspection_cpp.so
-- Set runtime path of "/home/saitama1/ros2_foxy/install/udp_msgs/lib/libudp_msgs__rosidl_typesupport_introspection_cpp.so" to ""
-- Installing: /home/saitama1/ros2_foxy/install/udp_msgs/lib/libudp_msgs__rosidl_typesupport_cpp.so
-- Set runtime path of "/home/saitama1/ros2_foxy/install/udp_msgs/lib/libudp_msgs__rosidl_typesupport_cpp.so" to ""
Compiling '/home/saitama1/ros2_foxy/install/udp_msgs/lib/python3.8/site-packages/udp_msgs/__init__.py'...
-- Up-to-date: /home/saitama1/ros2_foxy/install/udp_msgs/share/udp_msgs/cmake/udp_msgs__rosidl_generator_cExport.cmake
-- Installing: /home/saitama1/ros2_foxy/install/udp_msgs/share/udp_msgs/cmake/udp_msgs__rosidl_generator_cExport-noconfig.cmake
-- Up-to-date: /home/saitama1/ros2_foxy/install/udp_msgs/share/udp_msgs/cmake/udp_msgs__rosidl_typesupport_introspection_cExport.cmake
-- Installing: /home/saitama1/ros2_foxy/install/udp_msgs/share/udp_msgs/cmake/udp_msgs__rosidl_typesupport_introspection_cExport-noconfig.cmake
-- Up-to-date: /home/saitama1/ros2_foxy/install/udp_msgs/share/udp_msgs/cmake/udp_msgs__rosidl_typesupport_cExport.cmake
-- Installing: /home/saitama1/ros2_foxy/install/udp_msgs/share/udp_msgs/cmake/udp_msgs__rosidl_typesupport_cExport-noconfig.cmake
-- Up-to-date: /home/saitama1/ros2_foxy/install/udp_msgs/share/udp_msgs/cmake/udp_msgs__rosidl_generator_cppExport.cmake
-- Up-to-date: /home/saitama1/ros2_foxy/install/udp_msgs/share/udp_msgs/cmake/udp_msgs__rosidl_typesupport_introspection_cppExport.cmake
-- Installing: /home/saitama1/ros2_foxy/install/udp_msgs/share/udp_msgs/cmake/udp_msgs__rosidl_typesupport_introspection_cppExport-noconfig.cmake
-- Up-to-date: /home/saitama1/ros2_foxy/install/udp_msgs/share/udp_msgs/cmake/udp_msgs__rosidl_typesupport_cppExport.cmake
-- Installing: /home/saitama1/ros2_foxy/install/udp_msgs/share/udp_msgs/cmake/udp_msgs__rosidl_typesupport_cppExport-noconfig.cmake
