[100%] Built target yaml_cpp-0f9a586
-- Install configuration: ""
-- Execute custom install script
-- Up-to-date symlink: /home/saitama1/ros2_foxy/install/yaml_cpp_vendor/opt/yaml_cpp_vendor/include/yaml-cpp/anchor.h
-- Up-to-date symlink: /home/saitama1/ros2_foxy/install/yaml_cpp_vendor/opt/yaml_cpp_vendor/include/yaml-cpp/binary.h
-- Up-to-date symlink: /home/saitama1/ros2_foxy/install/yaml_cpp_vendor/opt/yaml_cpp_vendor/include/yaml-cpp/contrib/anchordict.h
-- Up-to-date symlink: /home/saitama1/ros2_foxy/install/yaml_cpp_vendor/opt/yaml_cpp_vendor/include/yaml-cpp/contrib/graphbuilder.h
-- Up-to-date symlink: /home/saitama1/ros2_foxy/install/yaml_cpp_vendor/opt/yaml_cpp_vendor/include/yaml-cpp/dll.h
-- Up-to-date symlink: /home/saitama1/ros2_foxy/install/yaml_cpp_vendor/opt/yaml_cpp_vendor/include/yaml-cpp/emitfromevents.h
-- Up-to-date symlink: /home/saitama1/ros2_foxy/install/yaml_cpp_vendor/opt/yaml_cpp_vendor/include/yaml-cpp/emitter.h
-- Up-to-date symlink: /home/saitama1/ros2_foxy/install/yaml_cpp_vendor/opt/yaml_cpp_vendor/include/yaml-cpp/emitterdef.h
-- Up-to-date symlink: /home/saitama1/ros2_foxy/install/yaml_cpp_vendor/opt/yaml_cpp_vendor/include/yaml-cpp/emittermanip.h
-- Up-to-date symlink: /home/saitama1/ros2_foxy/install/yaml_cpp_vendor/opt/yaml_cpp_vendor/include/yaml-cpp/emitterstyle.h
-- Up-to-date symlink: /home/saitama1/ros2_foxy/install/yaml_cpp_vendor/opt/yaml_cpp_vendor/include/yaml-cpp/eventhandler.h
-- Up-to-date symlink: /home/saitama1/ros2_foxy/install/yaml_cpp_vendor/opt/yaml_cpp_vendor/include/yaml-cpp/exceptions.h
-- Up-to-date symlink: /home/saitama1/ros2_foxy/install/yaml_cpp_vendor/opt/yaml_cpp_vendor/include/yaml-cpp/mark.h
-- Up-to-date symlink: /home/saitama1/ros2_foxy/install/yaml_cpp_vendor/opt/yaml_cpp_vendor/include/yaml-cpp/node/convert.h
-- Up-to-date symlink: /home/saitama1/ros2_foxy/install/yaml_cpp_vendor/opt/yaml_cpp_vendor/include/yaml-cpp/node/detail/bool_type.h
-- Up-to-date symlink: /home/saitama1/ros2_foxy/install/yaml_cpp_vendor/opt/yaml_cpp_vendor/include/yaml-cpp/node/detail/impl.h
-- Up-to-date symlink: /home/saitama1/ros2_foxy/install/yaml_cpp_vendor/opt/yaml_cpp_vendor/include/yaml-cpp/node/detail/iterator.h
-- Up-to-date symlink: /home/saitama1/ros2_foxy/install/yaml_cpp_vendor/opt/yaml_cpp_vendor/include/yaml-cpp/node/detail/iterator_fwd.h
-- Up-to-date symlink: /home/saitama1/ros2_foxy/install/yaml_cpp_vendor/opt/yaml_cpp_vendor/include/yaml-cpp/node/detail/memory.h
-- Up-to-date symlink: /home/saitama1/ros2_foxy/install/yaml_cpp_vendor/opt/yaml_cpp_vendor/include/yaml-cpp/node/detail/node.h
-- Up-to-date symlink: /home/saitama1/ros2_foxy/install/yaml_cpp_vendor/opt/yaml_cpp_vendor/include/yaml-cpp/node/detail/node_data.h
-- Up-to-date symlink: /home/saitama1/ros2_foxy/install/yaml_cpp_vendor/opt/yaml_cpp_vendor/include/yaml-cpp/node/detail/node_iterator.h
-- Up-to-date symlink: /home/saitama1/ros2_foxy/install/yaml_cpp_vendor/opt/yaml_cpp_vendor/include/yaml-cpp/node/detail/node_ref.h
-- Up-to-date symlink: /home/saitama1/ros2_foxy/install/yaml_cpp_vendor/opt/yaml_cpp_vendor/include/yaml-cpp/node/emit.h
-- Up-to-date symlink: /home/saitama1/ros2_foxy/install/yaml_cpp_vendor/opt/yaml_cpp_vendor/include/yaml-cpp/node/impl.h
-- Up-to-date symlink: /home/saitama1/ros2_foxy/install/yaml_cpp_vendor/opt/yaml_cpp_vendor/include/yaml-cpp/node/iterator.h
-- Up-to-date symlink: /home/saitama1/ros2_foxy/install/yaml_cpp_vendor/opt/yaml_cpp_vendor/include/yaml-cpp/node/node.h
-- Up-to-date symlink: /home/saitama1/ros2_foxy/install/yaml_cpp_vendor/opt/yaml_cpp_vendor/include/yaml-cpp/node/parse.h
-- Up-to-date symlink: /home/saitama1/ros2_foxy/install/yaml_cpp_vendor/opt/yaml_cpp_vendor/include/yaml-cpp/node/ptr.h
-- Up-to-date symlink: /home/saitama1/ros2_foxy/install/yaml_cpp_vendor/opt/yaml_cpp_vendor/include/yaml-cpp/node/type.h
-- Up-to-date symlink: /home/saitama1/ros2_foxy/install/yaml_cpp_vendor/opt/yaml_cpp_vendor/include/yaml-cpp/noncopyable.h
-- Up-to-date symlink: /home/saitama1/ros2_foxy/install/yaml_cpp_vendor/opt/yaml_cpp_vendor/include/yaml-cpp/null.h
-- Up-to-date symlink: /home/saitama1/ros2_foxy/install/yaml_cpp_vendor/opt/yaml_cpp_vendor/include/yaml-cpp/ostream_wrapper.h
-- Up-to-date symlink: /home/saitama1/ros2_foxy/install/yaml_cpp_vendor/opt/yaml_cpp_vendor/include/yaml-cpp/parser.h
-- Up-to-date symlink: /home/saitama1/ros2_foxy/install/yaml_cpp_vendor/opt/yaml_cpp_vendor/include/yaml-cpp/stlemitter.h
-- Up-to-date symlink: /home/saitama1/ros2_foxy/install/yaml_cpp_vendor/opt/yaml_cpp_vendor/include/yaml-cpp/traits.h
-- Up-to-date symlink: /home/saitama1/ros2_foxy/install/yaml_cpp_vendor/opt/yaml_cpp_vendor/include/yaml-cpp/yaml.h
-- Up-to-date symlink: /home/saitama1/ros2_foxy/install/yaml_cpp_vendor/opt/yaml_cpp_vendor/lib/cmake/yaml-cpp/yaml-cpp-config-version.cmake
-- Up-to-date symlink: /home/saitama1/ros2_foxy/install/yaml_cpp_vendor/opt/yaml_cpp_vendor/lib/cmake/yaml-cpp/yaml-cpp-config.cmake
-- Up-to-date symlink: /home/saitama1/ros2_foxy/install/yaml_cpp_vendor/opt/yaml_cpp_vendor/lib/cmake/yaml-cpp/yaml-cpp-targets-release.cmake
-- Up-to-date symlink: /home/saitama1/ros2_foxy/install/yaml_cpp_vendor/opt/yaml_cpp_vendor/lib/cmake/yaml-cpp/yaml-cpp-targets.cmake
-- Up-to-date symlink: /home/saitama1/ros2_foxy/install/yaml_cpp_vendor/opt/yaml_cpp_vendor/lib/libyaml-cpp.so
-- Up-to-date symlink: /home/saitama1/ros2_foxy/install/yaml_cpp_vendor/opt/yaml_cpp_vendor/lib/libyaml-cpp.so.0.6
-- Up-to-date symlink: /home/saitama1/ros2_foxy/install/yaml_cpp_vendor/opt/yaml_cpp_vendor/lib/libyaml-cpp.so.0.6.2
-- Up-to-date symlink: /home/saitama1/ros2_foxy/install/yaml_cpp_vendor/opt/yaml_cpp_vendor/lib/pkgconfig/yaml-cpp.pc
-- Up-to-date symlink: /home/saitama1/ros2_foxy/install/yaml_cpp_vendor/share/yaml_cpp_vendor/environment/yaml_cpp_vendor_library_path.sh
-- Up-to-date symlink: /home/saitama1/ros2_foxy/install/yaml_cpp_vendor/share/yaml_cpp_vendor/environment/yaml_cpp_vendor_library_path.dsv
-- Up-to-date symlink: /home/saitama1/ros2_foxy/install/yaml_cpp_vendor/share/ament_index/resource_index/package_run_dependencies/yaml_cpp_vendor
-- Up-to-date symlink: /home/saitama1/ros2_foxy/install/yaml_cpp_vendor/share/ament_index/resource_index/parent_prefix_path/yaml_cpp_vendor
-- Up-to-date symlink: /home/saitama1/ros2_foxy/install/yaml_cpp_vendor/share/yaml_cpp_vendor/environment/ament_prefix_path.sh
-- Up-to-date symlink: /home/saitama1/ros2_foxy/install/yaml_cpp_vendor/share/yaml_cpp_vendor/environment/ament_prefix_path.dsv
-- Up-to-date symlink: /home/saitama1/ros2_foxy/install/yaml_cpp_vendor/share/yaml_cpp_vendor/environment/path.sh
-- Up-to-date symlink: /home/saitama1/ros2_foxy/install/yaml_cpp_vendor/share/yaml_cpp_vendor/environment/path.dsv
-- Up-to-date symlink: /home/saitama1/ros2_foxy/install/yaml_cpp_vendor/share/yaml_cpp_vendor/local_setup.bash
-- Up-to-date symlink: /home/saitama1/ros2_foxy/install/yaml_cpp_vendor/share/yaml_cpp_vendor/local_setup.sh
-- Up-to-date symlink: /home/saitama1/ros2_foxy/install/yaml_cpp_vendor/share/yaml_cpp_vendor/local_setup.zsh
-- Up-to-date symlink: /home/saitama1/ros2_foxy/install/yaml_cpp_vendor/share/yaml_cpp_vendor/local_setup.dsv
-- Symlinking: /home/saitama1/ros2_foxy/install/yaml_cpp_vendor/share/yaml_cpp_vendor/package.dsv
-- Up-to-date symlink: /home/saitama1/ros2_foxy/install/yaml_cpp_vendor/share/ament_index/resource_index/packages/yaml_cpp_vendor
-- Up-to-date symlink: /home/saitama1/ros2_foxy/install/yaml_cpp_vendor/share/yaml_cpp_vendor/cmake/yaml_cpp_vendor-extras.cmake
-- Up-to-date symlink: /home/saitama1/ros2_foxy/install/yaml_cpp_vendor/share/yaml_cpp_vendor/cmake/yaml_cpp_vendorConfig.cmake
-- Up-to-date symlink: /home/saitama1/ros2_foxy/install/yaml_cpp_vendor/share/yaml_cpp_vendor/cmake/yaml_cpp_vendorConfig-version.cmake
-- Up-to-date symlink: /home/saitama1/ros2_foxy/install/yaml_cpp_vendor/share/yaml_cpp_vendor/package.xml
