running egg_info
creating ../../../../build/demo_nodes_py/demo_nodes_py.egg-info
writing ../../../../build/demo_nodes_py/demo_nodes_py.egg-info/PKG-INFO
writing dependency_links to ../../../../build/demo_nodes_py/demo_nodes_py.egg-info/dependency_links.txt
writing entry points to ../../../../build/demo_nodes_py/demo_nodes_py.egg-info/entry_points.txt
writing requirements to ../../../../build/demo_nodes_py/demo_nodes_py.egg-info/requires.txt
writing top-level names to ../../../../build/demo_nodes_py/demo_nodes_py.egg-info/top_level.txt
writing manifest file '../../../../build/demo_nodes_py/demo_nodes_py.egg-info/SOURCES.txt'
reading manifest file '../../../../build/demo_nodes_py/demo_nodes_py.egg-info/SOURCES.txt'
writing manifest file '../../../../build/demo_nodes_py/demo_nodes_py.egg-info/SOURCES.txt'
running build
running build_py
creating /home/saitama1/ros2_foxy/build/demo_nodes_py/build
creating /home/saitama1/ros2_foxy/build/demo_nodes_py/build/lib
creating /home/saitama1/ros2_foxy/build/demo_nodes_py/build/lib/demo_nodes_py
copying demo_nodes_py/__init__.py -> /home/saitama1/ros2_foxy/build/demo_nodes_py/build/lib/demo_nodes_py
creating /home/saitama1/ros2_foxy/build/demo_nodes_py/build/lib/demo_nodes_py/services
copying demo_nodes_py/services/add_two_ints_server.py -> /home/saitama1/ros2_foxy/build/demo_nodes_py/build/lib/demo_nodes_py/services
copying demo_nodes_py/services/__init__.py -> /home/saitama1/ros2_foxy/build/demo_nodes_py/build/lib/demo_nodes_py/services
copying demo_nodes_py/services/add_two_ints_client.py -> /home/saitama1/ros2_foxy/build/demo_nodes_py/build/lib/demo_nodes_py/services
copying demo_nodes_py/services/add_two_ints_client_async.py -> /home/saitama1/ros2_foxy/build/demo_nodes_py/build/lib/demo_nodes_py/services
creating /home/saitama1/ros2_foxy/build/demo_nodes_py/build/lib/demo_nodes_py/topics
copying demo_nodes_py/topics/listener.py -> /home/saitama1/ros2_foxy/build/demo_nodes_py/build/lib/demo_nodes_py/topics
copying demo_nodes_py/topics/talker.py -> /home/saitama1/ros2_foxy/build/demo_nodes_py/build/lib/demo_nodes_py/topics
copying demo_nodes_py/topics/__init__.py -> /home/saitama1/ros2_foxy/build/demo_nodes_py/build/lib/demo_nodes_py/topics
copying demo_nodes_py/topics/talker_qos.py -> /home/saitama1/ros2_foxy/build/demo_nodes_py/build/lib/demo_nodes_py/topics
copying demo_nodes_py/topics/listener_serialized.py -> /home/saitama1/ros2_foxy/build/demo_nodes_py/build/lib/demo_nodes_py/topics
copying demo_nodes_py/topics/listener_qos.py -> /home/saitama1/ros2_foxy/build/demo_nodes_py/build/lib/demo_nodes_py/topics
running install
running install_lib
creating /home/saitama1/ros2_foxy/install/demo_nodes_py/lib/python3.8/site-packages/demo_nodes_py
creating /home/saitama1/ros2_foxy/install/demo_nodes_py/lib/python3.8/site-packages/demo_nodes_py/services
copying /home/saitama1/ros2_foxy/build/demo_nodes_py/build/lib/demo_nodes_py/services/add_two_ints_server.py -> /home/saitama1/ros2_foxy/install/demo_nodes_py/lib/python3.8/site-packages/demo_nodes_py/services
copying /home/saitama1/ros2_foxy/build/demo_nodes_py/build/lib/demo_nodes_py/services/__init__.py -> /home/saitama1/ros2_foxy/install/demo_nodes_py/lib/python3.8/site-packages/demo_nodes_py/services
copying /home/saitama1/ros2_foxy/build/demo_nodes_py/build/lib/demo_nodes_py/services/add_two_ints_client.py -> /home/saitama1/ros2_foxy/install/demo_nodes_py/lib/python3.8/site-packages/demo_nodes_py/services
copying /home/saitama1/ros2_foxy/build/demo_nodes_py/build/lib/demo_nodes_py/services/add_two_ints_client_async.py -> /home/saitama1/ros2_foxy/install/demo_nodes_py/lib/python3.8/site-packages/demo_nodes_py/services
copying /home/saitama1/ros2_foxy/build/demo_nodes_py/build/lib/demo_nodes_py/__init__.py -> /home/saitama1/ros2_foxy/install/demo_nodes_py/lib/python3.8/site-packages/demo_nodes_py
creating /home/saitama1/ros2_foxy/install/demo_nodes_py/lib/python3.8/site-packages/demo_nodes_py/topics
copying /home/saitama1/ros2_foxy/build/demo_nodes_py/build/lib/demo_nodes_py/topics/listener.py -> /home/saitama1/ros2_foxy/install/demo_nodes_py/lib/python3.8/site-packages/demo_nodes_py/topics
copying /home/saitama1/ros2_foxy/build/demo_nodes_py/build/lib/demo_nodes_py/topics/talker.py -> /home/saitama1/ros2_foxy/install/demo_nodes_py/lib/python3.8/site-packages/demo_nodes_py/topics
copying /home/saitama1/ros2_foxy/build/demo_nodes_py/build/lib/demo_nodes_py/topics/__init__.py -> /home/saitama1/ros2_foxy/install/demo_nodes_py/lib/python3.8/site-packages/demo_nodes_py/topics
copying /home/saitama1/ros2_foxy/build/demo_nodes_py/build/lib/demo_nodes_py/topics/talker_qos.py -> /home/saitama1/ros2_foxy/install/demo_nodes_py/lib/python3.8/site-packages/demo_nodes_py/topics
copying /home/saitama1/ros2_foxy/build/demo_nodes_py/build/lib/demo_nodes_py/topics/listener_serialized.py -> /home/saitama1/ros2_foxy/install/demo_nodes_py/lib/python3.8/site-packages/demo_nodes_py/topics
copying /home/saitama1/ros2_foxy/build/demo_nodes_py/build/lib/demo_nodes_py/topics/listener_qos.py -> /home/saitama1/ros2_foxy/install/demo_nodes_py/lib/python3.8/site-packages/demo_nodes_py/topics
byte-compiling /home/saitama1/ros2_foxy/install/demo_nodes_py/lib/python3.8/site-packages/demo_nodes_py/services/add_two_ints_server.py to add_two_ints_server.cpython-38.pyc
byte-compiling /home/saitama1/ros2_foxy/install/demo_nodes_py/lib/python3.8/site-packages/demo_nodes_py/services/__init__.py to __init__.cpython-38.pyc
byte-compiling /home/saitama1/ros2_foxy/install/demo_nodes_py/lib/python3.8/site-packages/demo_nodes_py/services/add_two_ints_client.py to add_two_ints_client.cpython-38.pyc
byte-compiling /home/saitama1/ros2_foxy/install/demo_nodes_py/lib/python3.8/site-packages/demo_nodes_py/services/add_two_ints_client_async.py to add_two_ints_client_async.cpython-38.pyc
byte-compiling /home/saitama1/ros2_foxy/install/demo_nodes_py/lib/python3.8/site-packages/demo_nodes_py/__init__.py to __init__.cpython-38.pyc
byte-compiling /home/saitama1/ros2_foxy/install/demo_nodes_py/lib/python3.8/site-packages/demo_nodes_py/topics/listener.py to listener.cpython-38.pyc
byte-compiling /home/saitama1/ros2_foxy/install/demo_nodes_py/lib/python3.8/site-packages/demo_nodes_py/topics/talker.py to talker.cpython-38.pyc
byte-compiling /home/saitama1/ros2_foxy/install/demo_nodes_py/lib/python3.8/site-packages/demo_nodes_py/topics/__init__.py to __init__.cpython-38.pyc
byte-compiling /home/saitama1/ros2_foxy/install/demo_nodes_py/lib/python3.8/site-packages/demo_nodes_py/topics/talker_qos.py to talker_qos.cpython-38.pyc
byte-compiling /home/saitama1/ros2_foxy/install/demo_nodes_py/lib/python3.8/site-packages/demo_nodes_py/topics/listener_serialized.py to listener_serialized.cpython-38.pyc
byte-compiling /home/saitama1/ros2_foxy/install/demo_nodes_py/lib/python3.8/site-packages/demo_nodes_py/topics/listener_qos.py to listener_qos.cpython-38.pyc
running install_data
creating /home/saitama1/ros2_foxy/install/demo_nodes_py/share/ament_index
creating /home/saitama1/ros2_foxy/install/demo_nodes_py/share/ament_index/resource_index
creating /home/saitama1/ros2_foxy/install/demo_nodes_py/share/ament_index/resource_index/packages
copying resource/demo_nodes_py -> /home/saitama1/ros2_foxy/install/demo_nodes_py/share/ament_index/resource_index/packages
copying package.xml -> /home/saitama1/ros2_foxy/install/demo_nodes_py/share/demo_nodes_py
running install_egg_info
Copying ../../../../build/demo_nodes_py/demo_nodes_py.egg-info to /home/saitama1/ros2_foxy/install/demo_nodes_py/lib/python3.8/site-packages/demo_nodes_py-0.9.3-py3.8.egg-info
running install_scripts
Installing add_two_ints_client script to /home/saitama1/ros2_foxy/install/demo_nodes_py/lib/demo_nodes_py
Installing add_two_ints_client_async script to /home/saitama1/ros2_foxy/install/demo_nodes_py/lib/demo_nodes_py
Installing add_two_ints_server script to /home/saitama1/ros2_foxy/install/demo_nodes_py/lib/demo_nodes_py
Installing listener script to /home/saitama1/ros2_foxy/install/demo_nodes_py/lib/demo_nodes_py
Installing listener_qos script to /home/saitama1/ros2_foxy/install/demo_nodes_py/lib/demo_nodes_py
Installing listener_serialized script to /home/saitama1/ros2_foxy/install/demo_nodes_py/lib/demo_nodes_py
Installing talker script to /home/saitama1/ros2_foxy/install/demo_nodes_py/lib/demo_nodes_py
Installing talker_qos script to /home/saitama1/ros2_foxy/install/demo_nodes_py/lib/demo_nodes_py
writing list of installed files to '/home/saitama1/ros2_foxy/build/demo_nodes_py/install.log'
