-- The C compiler identification is GNU 9.3.0
-- The CXX compiler identification is GNU 9.3.0
-- Check for working C compiler: /usr/bin/cc
-- Check for working C compiler: /usr/bin/cc -- works
-- Detecting C compiler ABI info
-- Detecting C compiler ABI info - done
-- Detecting C compile features
-- Detecting C compile features - done
-- Check for working CXX compiler: /usr/bin/c++
-- Check for working CXX compiler: /usr/bin/c++ -- works
-- Detecting CXX compiler ABI info
-- Detecting CXX compiler ABI info - done
-- Detecting CXX compile features
-- Detecting CXX compile features - done
-- Found ament_cmake_ros: 0.9.2 (/home/saitama1/Pictures/ros2-picas/ros2_foxy/install/ament_cmake_ros/share/ament_cmake_ros/cmake)
-- Found PythonInterp: /usr/bin/python3 (found suitable version "3.8.10", minimum required is "3") 
-- Using PYTHON_EXECUTABLE: /usr/bin/python3
-- Found eigen3_cmake_module: 0.1.1 (/home/saitama1/Pictures/ros2-picas/ros2_foxy/install/eigen3_cmake_module/share/eigen3_cmake_module/cmake)
-- Found Eigen3: TRUE (found version "3.3.7") 
-- Found tinyxml_vendor: 0.8.2 (/home/saitama1/Pictures/ros2-picas/ros2_foxy/install/tinyxml_vendor/share/tinyxml_vendor/cmake)
-- Found TinyXML: /usr/lib/x86_64-linux-gnu/libtinyxml.so  
-- Found urdf: 2.4.0 (/home/saitama1/Pictures/ros2-picas/ros2_foxy/install/urdf/share/urdf/cmake)
-- Found ament_lint_auto: 0.9.6 (/home/saitama1/Pictures/ros2-picas/ros2_foxy/install/ament_lint_auto/share/ament_lint_auto/cmake)
-- Added test 'cppcheck' to perform static code analysis on C / C++ code
-- Configured cppcheck include dirs: $<BUILD_INTERFACE:/home/saitama1/Pictures/ros2-picas/ros2_foxy/src/ros/kdl_parser/kdl_parser/include>
-- Configured cppcheck exclude dirs and/or files: 
-- Added test 'cpplint' to check C / C++ code against the Google style
-- Configured cpplint exclude dirs and/or files: 
-- Added test 'lint_cmake' to check CMake code style
-- Added test 'uncrustify' to check C / C++ code style
-- Configured uncrustify additional arguments: 
-- Added test 'xmllint' to check XML markup files
-- Configuring done
-- Generating done
-- Build files have been written to: /home/saitama1/Pictures/ros2-picas/ros2_foxy/build/kdl_parser
[35m[1mScanning dependencies of target kdl_parser[0m
[ 50%] [32mBuilding CXX object CMakeFiles/kdl_parser.dir/src/kdl_parser.cpp.o[0m
[100%] [32m[1mLinking CXX shared library libkdl_parser.so[0m
[100%] Built target kdl_parser
-- Install configuration: ""
-- Installing: /home/saitama1/Pictures/ros2-picas/ros2_foxy/install/kdl_parser/lib/libkdl_parser.so
-- Set runtime path of "/home/saitama1/Pictures/ros2-picas/ros2_foxy/install/kdl_parser/lib/libkdl_parser.so" to ""
-- Up-to-date: /home/saitama1/Pictures/ros2-picas/ros2_foxy/install/kdl_parser/include/kdl_parser
-- Installing: /home/saitama1/Pictures/ros2-picas/ros2_foxy/install/kdl_parser/include/kdl_parser/kdl_parser.hpp
-- Installing: /home/saitama1/Pictures/ros2-picas/ros2_foxy/install/kdl_parser/include/kdl_parser/visibility_control.hpp
-- Installing: /home/saitama1/Pictures/ros2-picas/ros2_foxy/install/kdl_parser/share/kdl_parser/environment/library_path.sh
-- Installing: /home/saitama1/Pictures/ros2-picas/ros2_foxy/install/kdl_parser/share/kdl_parser/environment/library_path.dsv
-- Installing: /home/saitama1/Pictures/ros2-picas/ros2_foxy/install/kdl_parser/share/ament_index/resource_index/package_run_dependencies/kdl_parser
-- Installing: /home/saitama1/Pictures/ros2-picas/ros2_foxy/install/kdl_parser/share/ament_index/resource_index/parent_prefix_path/kdl_parser
-- Installing: /home/saitama1/Pictures/ros2-picas/ros2_foxy/install/kdl_parser/share/kdl_parser/environment/ament_prefix_path.sh
-- Installing: /home/saitama1/Pictures/ros2-picas/ros2_foxy/install/kdl_parser/share/kdl_parser/environment/ament_prefix_path.dsv
-- Installing: /home/saitama1/Pictures/ros2-picas/ros2_foxy/install/kdl_parser/share/kdl_parser/environment/path.sh
-- Installing: /home/saitama1/Pictures/ros2-picas/ros2_foxy/install/kdl_parser/share/kdl_parser/environment/path.dsv
-- Installing: /home/saitama1/Pictures/ros2-picas/ros2_foxy/install/kdl_parser/share/kdl_parser/local_setup.bash
-- Installing: /home/saitama1/Pictures/ros2-picas/ros2_foxy/install/kdl_parser/share/kdl_parser/local_setup.sh
-- Installing: /home/saitama1/Pictures/ros2-picas/ros2_foxy/install/kdl_parser/share/kdl_parser/local_setup.zsh
-- Installing: /home/saitama1/Pictures/ros2-picas/ros2_foxy/install/kdl_parser/share/kdl_parser/local_setup.dsv
-- Installing: /home/saitama1/Pictures/ros2-picas/ros2_foxy/install/kdl_parser/share/kdl_parser/package.dsv
-- Installing: /home/saitama1/Pictures/ros2-picas/ros2_foxy/install/kdl_parser/share/ament_index/resource_index/packages/kdl_parser
-- Installing: /home/saitama1/Pictures/ros2-picas/ros2_foxy/install/kdl_parser/share/kdl_parser/cmake/kdl_parserExport.cmake
-- Installing: /home/saitama1/Pictures/ros2-picas/ros2_foxy/install/kdl_parser/share/kdl_parser/cmake/kdl_parserExport-noconfig.cmake
-- Installing: /home/saitama1/Pictures/ros2-picas/ros2_foxy/install/kdl_parser/share/kdl_parser/cmake/ament_cmake_export_dependencies-extras.cmake
-- Installing: /home/saitama1/Pictures/ros2-picas/ros2_foxy/install/kdl_parser/share/kdl_parser/cmake/ament_cmake_export_include_directories-extras.cmake
-- Installing: /home/saitama1/Pictures/ros2-picas/ros2_foxy/install/kdl_parser/share/kdl_parser/cmake/ament_cmake_export_libraries-extras.cmake
-- Installing: /home/saitama1/Pictures/ros2-picas/ros2_foxy/install/kdl_parser/share/kdl_parser/cmake/ament_cmake_export_targets-extras.cmake
-- Installing: /home/saitama1/Pictures/ros2-picas/ros2_foxy/install/kdl_parser/share/kdl_parser/cmake/kdl_parserConfig.cmake
-- Installing: /home/saitama1/Pictures/ros2-picas/ros2_foxy/install/kdl_parser/share/kdl_parser/cmake/kdl_parserConfig-version.cmake
-- Installing: /home/saitama1/Pictures/ros2-picas/ros2_foxy/install/kdl_parser/share/kdl_parser/package.xml
