-- The C compiler identification is GNU 9.3.0
-- The CXX compiler identification is GNU 9.3.0
-- Check for working C compiler: /usr/bin/cc
-- Check for working C compiler: /usr/bin/cc -- works
-- Detecting C compiler ABI info
-- Detecting C compiler ABI info - done
-- Detecting C compile features
-- Detecting C compile features - done
-- Check for working CXX compiler: /usr/bin/c++
-- Check for working CXX compiler: /usr/bin/c++ -- works
-- Detecting CXX compiler ABI info
-- Detecting CXX compiler ABI info - done
-- Detecting CXX compile features
-- Detecting CXX compile features - done
-- Found ament_cmake: 0.9.8 (/home/saitama1/ros2_foxy/install/ament_cmake/share/ament_cmake/cmake)
-- Found PythonInterp: /usr/bin/python3 (found suitable version "3.8.10", minimum required is "3") 
-- Using PYTHON_EXECUTABLE: /usr/bin/python3
-- Found rclcpp: 2.3.1 (/home/saitama1/ros2_foxy/install/rclcpp/share/rclcpp/cmake)
-- Using all available rosidl_typesupport_c: rosidl_typesupport_fastrtps_c;rosidl_typesupport_introspection_c
-- Found rosidl_adapter: 1.2.1 (/home/saitama1/ros2_foxy/install/rosidl_adapter/share/rosidl_adapter/cmake)
-- Found OpenSSL: /usr/lib/x86_64-linux-gnu/libcrypto.so (found version "1.1.1f")  
-- Found FastRTPS: /home/saitama1/ros2_foxy/install/fastrtps/include  
-- Using all available rosidl_typesupport_cpp: rosidl_typesupport_introspection_cpp;rosidl_typesupport_fastrtps_cpp
-- Found rmw_implementation_cmake: 1.0.3 (/home/saitama1/ros2_foxy/install/rmw_implementation_cmake/share/rmw_implementation_cmake/cmake)
-- Using RMW implementation 'rmw_fastrtps_cpp' as default
-- Looking for pthread.h
-- Looking for pthread.h - found
-- Performing Test CMAKE_HAVE_LIBC_PTHREAD
-- Performing Test CMAKE_HAVE_LIBC_PTHREAD - Failed
-- Looking for pthread_create in pthreads
-- Looking for pthread_create in pthreads - not found
-- Looking for pthread_create in pthread
-- Looking for pthread_create in pthread - found
-- Found Threads: TRUE  
-- Found rclcpp_components: 2.3.1 (/home/saitama1/ros2_foxy/install/rclcpp_components/share/rclcpp_components/cmake)
-- Found rosidl_default_generators: 1.0.1 (/home/saitama1/ros2_foxy/install/rosidl_default_generators/share/rosidl_default_generators/cmake)
-- Found PythonInterp: /usr/bin/python3 (found version "3.8.10") 
-- Found ament_cmake_ros: 0.9.2 (/home/saitama1/ros2_foxy/install/ament_cmake_ros/share/ament_cmake_ros/cmake)
-- Using all available rosidl_typesupport_c: rosidl_typesupport_fastrtps_c;rosidl_typesupport_introspection_c
-- Using all available rosidl_typesupport_cpp: rosidl_typesupport_introspection_cpp;rosidl_typesupport_fastrtps_cpp
-- Found PythonInterp: /usr/bin/python3 (found suitable version "3.8.10", minimum required is "3.5") 
-- Found python_cmake_module: 0.8.1 (/home/saitama1/ros2_foxy/install/python_cmake_module/share/python_cmake_module/cmake)
-- Found PythonLibs: /usr/lib/x86_64-linux-gnu/libpython3.8.so (found suitable version "3.8.10", minimum required is "3.5") 
-- Using PYTHON_EXECUTABLE: /usr/bin/python3
-- Using PYTHON_INCLUDE_DIRS: /usr/include/python3.8
-- Using PYTHON_LIBRARIES: /usr/lib/x86_64-linux-gnu/libpython3.8.so
-- Found PythonExtra: .so  
-- Found ament_lint_auto: 0.9.6 (/home/saitama1/ros2_foxy/install/ament_lint_auto/share/ament_lint_auto/cmake)
-- Using PYTHON_EXECUTABLE: /usr/bin/python3
-- Using PYTHON_INCLUDE_DIRS: /usr/include/python3.8
-- Using PYTHON_LIBRARIES: /usr/lib/x86_64-linux-gnu/libpython3.8.so
-- Added test 'copyright' to check source files copyright and LICENSE
-- Added test 'cppcheck' to perform static code analysis on C / C++ code
-- Configured cppcheck include dirs: /home/saitama1/ros2_foxy/src/ros2/demos/logging_demo/include
-- Configured cppcheck exclude dirs and/or files: 
-- Added test 'cpplint' to check C / C++ code against the Google style
-- Configured cpplint exclude dirs and/or files: 
-- Added test 'lint_cmake' to check CMake code style
-- Added test 'uncrustify' to check C / C++ code style
-- Configured uncrustify additional arguments: 
-- Added test 'xmllint' to check XML markup files
-- Configuring done
-- Generating done
-- Build files have been written to: /home/saitama1/ros2_foxy/build/logging_demo
[35m[1mScanning dependencies of target logging_demo__cpp[0m
[  2%] [34m[1mGenerating C++ code for ROS interfaces[0m
[  2%] Built target logging_demo__cpp
[35m[1mScanning dependencies of target logger_usage_component[0m
[  5%] [32mBuilding CXX object CMakeFiles/logger_usage_component.dir/src/logger_usage_component.cpp.o[0m
[  8%] [32m[1mLinking CXX shared library liblogger_usage_component.so[0m
[  8%] Built target logger_usage_component
[ 10%] [34m[1mGenerating C++ introspection for ROS interfaces[0m
[35m[1mScanning dependencies of target logging_demo__rosidl_typesupport_introspection_cpp[0m
[ 13%] [32mBuilding CXX object CMakeFiles/logging_demo__rosidl_typesupport_introspection_cpp.dir/rosidl_typesupport_introspection_cpp/logging_demo/srv/detail/config_logger__type_support.cpp.o[0m
[ 16%] [32m[1mLinking CXX shared library liblogging_demo__rosidl_typesupport_introspection_cpp.so[0m
[ 16%] Built target logging_demo__rosidl_typesupport_introspection_cpp
[ 18%] [34m[1mGenerating C++ type support for eProsima Fast-RTPS[0m
[35m[1mScanning dependencies of target logging_demo__rosidl_typesupport_fastrtps_cpp[0m
[ 21%] [32mBuilding CXX object CMakeFiles/logging_demo__rosidl_typesupport_fastrtps_cpp.dir/rosidl_typesupport_fastrtps_cpp/logging_demo/srv/detail/dds_fastrtps/config_logger__type_support.cpp.o[0m
[ 24%] [32m[1mLinking CXX shared library liblogging_demo__rosidl_typesupport_fastrtps_cpp.so[0m
[ 24%] Built target logging_demo__rosidl_typesupport_fastrtps_cpp
[ 27%] [34m[1mGenerating C++ type support dispatch for ROS interfaces[0m
[35m[1mScanning dependencies of target logging_demo__rosidl_typesupport_cpp[0m
[ 29%] [32mBuilding CXX object CMakeFiles/logging_demo__rosidl_typesupport_cpp.dir/rosidl_typesupport_cpp/logging_demo/srv/config_logger__type_support.cpp.o[0m
[ 32%] [32m[1mLinking CXX shared library liblogging_demo__rosidl_typesupport_cpp.so[0m
[ 32%] Built target logging_demo__rosidl_typesupport_cpp
[ 35%] [34m[1mGenerating C code for ROS interfaces[0m
[35m[1mScanning dependencies of target logging_demo__rosidl_generator_c[0m
[ 37%] [32mBuilding C object CMakeFiles/logging_demo__rosidl_generator_c.dir/rosidl_generator_c/logging_demo/srv/detail/config_logger__functions.c.o[0m
[ 40%] [32m[1mLinking C shared library liblogging_demo__rosidl_generator_c.so[0m
[ 40%] Built target logging_demo__rosidl_generator_c
[ 43%] [34m[1mGenerating C introspection for ROS interfaces[0m
[35m[1mScanning dependencies of target logging_demo__rosidl_typesupport_introspection_c[0m
[ 45%] [32mBuilding C object CMakeFiles/logging_demo__rosidl_typesupport_introspection_c.dir/rosidl_typesupport_introspection_c/logging_demo/srv/detail/config_logger__type_support.c.o[0m
[ 48%] [32m[1mLinking C shared library liblogging_demo__rosidl_typesupport_introspection_c.so[0m
[ 48%] Built target logging_demo__rosidl_typesupport_introspection_c
[ 51%] [34m[1mGenerating C type support for eProsima Fast-RTPS[0m
[35m[1mScanning dependencies of target logging_demo__rosidl_typesupport_fastrtps_c[0m
[ 54%] [32mBuilding CXX object CMakeFiles/logging_demo__rosidl_typesupport_fastrtps_c.dir/rosidl_typesupport_fastrtps_c/logging_demo/srv/detail/config_logger__type_support_c.cpp.o[0m
[ 56%] [32m[1mLinking CXX shared library liblogging_demo__rosidl_typesupport_fastrtps_c.so[0m
[ 56%] Built target logging_demo__rosidl_typesupport_fastrtps_c
[ 59%] [34m[1mGenerating C type support dispatch for ROS interfaces[0m
[35m[1mScanning dependencies of target logging_demo__rosidl_typesupport_c[0m
[ 62%] [32mBuilding CXX object CMakeFiles/logging_demo__rosidl_typesupport_c.dir/rosidl_typesupport_c/logging_demo/srv/config_logger__type_support.cpp.o[0m
[ 64%] [32m[1mLinking CXX shared library liblogging_demo__rosidl_typesupport_c.so[0m
[ 64%] Built target logging_demo__rosidl_typesupport_c
[35m[1mScanning dependencies of target logging_demo[0m
[ 64%] Built target logging_demo
[35m[1mScanning dependencies of target logger_config_component[0m
[ 67%] [32mBuilding CXX object CMakeFiles/logger_config_component.dir/src/logger_config_component.cpp.o[0m
[ 70%] [32m[1mLinking CXX shared library liblogger_config_component.so[0m
[ 70%] Built target logger_config_component
[35m[1mScanning dependencies of target logging_demo__py[0m
[ 72%] [34m[1mGenerating Python code for ROS interfaces[0m
[ 72%] Built target logging_demo__py
[35m[1mScanning dependencies of target logging_demo_main[0m
[ 75%] [32mBuilding CXX object CMakeFiles/logging_demo_main.dir/src/logging_demo_main.cpp.o[0m
[ 78%] [32m[1mLinking CXX executable logging_demo_main[0m
[ 78%] Built target logging_demo_main
[35m[1mScanning dependencies of target logging_demo__python[0m
[ 81%] [32mBuilding C object CMakeFiles/logging_demo__python.dir/rosidl_generator_py/logging_demo/srv/_config_logger_s.c.o[0m
[ 83%] [32m[1mLinking C shared library rosidl_generator_py/logging_demo/liblogging_demo__python.so[0m
[ 83%] Built target logging_demo__python
[35m[1mScanning dependencies of target logging_demo__rosidl_typesupport_c__pyext[0m
[ 86%] [32mBuilding C object CMakeFiles/logging_demo__rosidl_typesupport_c__pyext.dir/rosidl_generator_py/logging_demo/_logging_demo_s.ep.rosidl_typesupport_c.c.o[0m
[ 89%] [32m[1mLinking C shared library rosidl_generator_py/logging_demo/logging_demo_s__rosidl_typesupport_c.cpython-38-x86_64-linux-gnu.so[0m
[ 89%] Built target logging_demo__rosidl_typesupport_c__pyext
[35m[1mScanning dependencies of target logging_demo__rosidl_typesupport_fastrtps_c__pyext[0m
[ 91%] [32mBuilding C object CMakeFiles/logging_demo__rosidl_typesupport_fastrtps_c__pyext.dir/rosidl_generator_py/logging_demo/_logging_demo_s.ep.rosidl_typesupport_fastrtps_c.c.o[0m
[ 94%] [32m[1mLinking CXX shared library rosidl_generator_py/logging_demo/logging_demo_s__rosidl_typesupport_fastrtps_c.cpython-38-x86_64-linux-gnu.so[0m
[ 94%] Built target logging_demo__rosidl_typesupport_fastrtps_c__pyext
[35m[1mScanning dependencies of target logging_demo__rosidl_typesupport_introspection_c__pyext[0m
[ 97%] [32mBuilding C object CMakeFiles/logging_demo__rosidl_typesupport_introspection_c__pyext.dir/rosidl_generator_py/logging_demo/_logging_demo_s.ep.rosidl_typesupport_introspection_c.c.o[0m
[100%] [32m[1mLinking C shared library rosidl_generator_py/logging_demo/logging_demo_s__rosidl_typesupport_introspection_c.cpython-38-x86_64-linux-gnu.so[0m
[100%] Built target logging_demo__rosidl_typesupport_introspection_c__pyext
-- Install configuration: ""
-- Installing: /home/saitama1/ros2_foxy/install/logging_demo/share/ament_index/resource_index/rosidl_interfaces/logging_demo
-- Installing: /home/saitama1/ros2_foxy/install/logging_demo/include/logging_demo
-- Installing: /home/saitama1/ros2_foxy/install/logging_demo/include/logging_demo/srv
-- Installing: /home/saitama1/ros2_foxy/install/logging_demo/include/logging_demo/srv/config_logger.h
-- Installing: /home/saitama1/ros2_foxy/install/logging_demo/include/logging_demo/srv/detail
-- Installing: /home/saitama1/ros2_foxy/install/logging_demo/include/logging_demo/srv/detail/config_logger__functions.h
-- Installing: /home/saitama1/ros2_foxy/install/logging_demo/include/logging_demo/srv/detail/config_logger__type_support.h
-- Installing: /home/saitama1/ros2_foxy/install/logging_demo/include/logging_demo/srv/detail/config_logger__functions.c
-- Installing: /home/saitama1/ros2_foxy/install/logging_demo/include/logging_demo/srv/detail/config_logger__struct.h
-- Installing: /home/saitama1/ros2_foxy/install/logging_demo/include/logging_demo/msg
-- Installing: /home/saitama1/ros2_foxy/install/logging_demo/include/logging_demo/msg/rosidl_generator_c__visibility_control.h
-- Installing: /home/saitama1/ros2_foxy/install/logging_demo/share/logging_demo/environment/library_path.sh
-- Installing: /home/saitama1/ros2_foxy/install/logging_demo/share/logging_demo/environment/library_path.dsv
-- Installing: /home/saitama1/ros2_foxy/install/logging_demo/lib/liblogging_demo__rosidl_generator_c.so
-- Set runtime path of "/home/saitama1/ros2_foxy/install/logging_demo/lib/liblogging_demo__rosidl_generator_c.so" to ""
-- Up-to-date: /home/saitama1/ros2_foxy/install/logging_demo/include/logging_demo
-- Up-to-date: /home/saitama1/ros2_foxy/install/logging_demo/include/logging_demo/srv
-- Up-to-date: /home/saitama1/ros2_foxy/install/logging_demo/include/logging_demo/srv/detail
-- Installing: /home/saitama1/ros2_foxy/install/logging_demo/include/logging_demo/srv/detail/config_logger__rosidl_typesupport_fastrtps_c.h
-- Up-to-date: /home/saitama1/ros2_foxy/install/logging_demo/include/logging_demo/msg
-- Installing: /home/saitama1/ros2_foxy/install/logging_demo/include/logging_demo/msg/rosidl_typesupport_fastrtps_c__visibility_control.h
-- Installing: /home/saitama1/ros2_foxy/install/logging_demo/lib/liblogging_demo__rosidl_typesupport_fastrtps_c.so
-- Set runtime path of "/home/saitama1/ros2_foxy/install/logging_demo/lib/liblogging_demo__rosidl_typesupport_fastrtps_c.so" to ""
-- Up-to-date: /home/saitama1/ros2_foxy/install/logging_demo/include/logging_demo
-- Up-to-date: /home/saitama1/ros2_foxy/install/logging_demo/include/logging_demo/srv
-- Up-to-date: /home/saitama1/ros2_foxy/install/logging_demo/include/logging_demo/srv/detail
-- Installing: /home/saitama1/ros2_foxy/install/logging_demo/include/logging_demo/srv/detail/dds_fastrtps
-- Installing: /home/saitama1/ros2_foxy/install/logging_demo/include/logging_demo/srv/detail/config_logger__rosidl_typesupport_fastrtps_cpp.hpp
-- Up-to-date: /home/saitama1/ros2_foxy/install/logging_demo/include/logging_demo/msg
-- Installing: /home/saitama1/ros2_foxy/install/logging_demo/include/logging_demo/msg/rosidl_typesupport_fastrtps_cpp__visibility_control.h
-- Installing: /home/saitama1/ros2_foxy/install/logging_demo/lib/liblogging_demo__rosidl_typesupport_fastrtps_cpp.so
-- Set runtime path of "/home/saitama1/ros2_foxy/install/logging_demo/lib/liblogging_demo__rosidl_typesupport_fastrtps_cpp.so" to ""
-- Up-to-date: /home/saitama1/ros2_foxy/install/logging_demo/include/logging_demo
-- Up-to-date: /home/saitama1/ros2_foxy/install/logging_demo/include/logging_demo/srv
-- Up-to-date: /home/saitama1/ros2_foxy/install/logging_demo/include/logging_demo/srv/detail
-- Installing: /home/saitama1/ros2_foxy/install/logging_demo/include/logging_demo/srv/detail/config_logger__rosidl_typesupport_introspection_c.h
-- Installing: /home/saitama1/ros2_foxy/install/logging_demo/include/logging_demo/srv/detail/config_logger__type_support.c
-- Up-to-date: /home/saitama1/ros2_foxy/install/logging_demo/include/logging_demo/msg
-- Installing: /home/saitama1/ros2_foxy/install/logging_demo/include/logging_demo/msg/rosidl_typesupport_introspection_c__visibility_control.h
-- Installing: /home/saitama1/ros2_foxy/install/logging_demo/lib/liblogging_demo__rosidl_typesupport_introspection_c.so
-- Set runtime path of "/home/saitama1/ros2_foxy/install/logging_demo/lib/liblogging_demo__rosidl_typesupport_introspection_c.so" to ""
-- Installing: /home/saitama1/ros2_foxy/install/logging_demo/lib/liblogging_demo__rosidl_typesupport_c.so
-- Set runtime path of "/home/saitama1/ros2_foxy/install/logging_demo/lib/liblogging_demo__rosidl_typesupport_c.so" to ""
-- Up-to-date: /home/saitama1/ros2_foxy/install/logging_demo/include/logging_demo
-- Up-to-date: /home/saitama1/ros2_foxy/install/logging_demo/include/logging_demo/srv
-- Installing: /home/saitama1/ros2_foxy/install/logging_demo/include/logging_demo/srv/config_logger.hpp
-- Up-to-date: /home/saitama1/ros2_foxy/install/logging_demo/include/logging_demo/srv/detail
-- Installing: /home/saitama1/ros2_foxy/install/logging_demo/include/logging_demo/srv/detail/config_logger__struct.hpp
-- Installing: /home/saitama1/ros2_foxy/install/logging_demo/include/logging_demo/srv/detail/config_logger__traits.hpp
-- Installing: /home/saitama1/ros2_foxy/install/logging_demo/include/logging_demo/srv/detail/config_logger__builder.hpp
-- Up-to-date: /home/saitama1/ros2_foxy/install/logging_demo/include/logging_demo
-- Up-to-date: /home/saitama1/ros2_foxy/install/logging_demo/include/logging_demo/srv
-- Up-to-date: /home/saitama1/ros2_foxy/install/logging_demo/include/logging_demo/srv/detail
-- Installing: /home/saitama1/ros2_foxy/install/logging_demo/include/logging_demo/srv/detail/config_logger__rosidl_typesupport_introspection_cpp.hpp
-- Installing: /home/saitama1/ros2_foxy/install/logging_demo/include/logging_demo/srv/detail/config_logger__type_support.cpp
-- Installing: /home/saitama1/ros2_foxy/install/logging_demo/lib/liblogging_demo__rosidl_typesupport_introspection_cpp.so
-- Set runtime path of "/home/saitama1/ros2_foxy/install/logging_demo/lib/liblogging_demo__rosidl_typesupport_introspection_cpp.so" to ""
-- Installing: /home/saitama1/ros2_foxy/install/logging_demo/lib/liblogging_demo__rosidl_typesupport_cpp.so
-- Set runtime path of "/home/saitama1/ros2_foxy/install/logging_demo/lib/liblogging_demo__rosidl_typesupport_cpp.so" to ""
-- Installing: /home/saitama1/ros2_foxy/install/logging_demo/share/logging_demo/environment/pythonpath.sh
-- Installing: /home/saitama1/ros2_foxy/install/logging_demo/share/logging_demo/environment/pythonpath.dsv
-- Installing: /home/saitama1/ros2_foxy/install/logging_demo/lib/python3.8/site-packages/logging_demo/__init__.py
Compiling '/home/saitama1/ros2_foxy/install/logging_demo/lib/python3.8/site-packages/logging_demo/__init__.py'...
-- Installing: /home/saitama1/ros2_foxy/install/logging_demo/lib/python3.8/site-packages/logging_demo/srv
-- Installing: /home/saitama1/ros2_foxy/install/logging_demo/lib/python3.8/site-packages/logging_demo/srv/_config_logger.py
-- Installing: /home/saitama1/ros2_foxy/install/logging_demo/lib/python3.8/site-packages/logging_demo/srv/_config_logger_s.c
-- Installing: /home/saitama1/ros2_foxy/install/logging_demo/lib/python3.8/site-packages/logging_demo/srv/__init__.py
-- Installing: /home/saitama1/ros2_foxy/install/logging_demo/lib/python3.8/site-packages/logging_demo/logging_demo_s__rosidl_typesupport_fastrtps_c.cpython-38-x86_64-linux-gnu.so
-- Set runtime path of "/home/saitama1/ros2_foxy/install/logging_demo/lib/python3.8/site-packages/logging_demo/logging_demo_s__rosidl_typesupport_fastrtps_c.cpython-38-x86_64-linux-gnu.so" to ""
-- Installing: /home/saitama1/ros2_foxy/install/logging_demo/lib/python3.8/site-packages/logging_demo/logging_demo_s__rosidl_typesupport_introspection_c.cpython-38-x86_64-linux-gnu.so
-- Set runtime path of "/home/saitama1/ros2_foxy/install/logging_demo/lib/python3.8/site-packages/logging_demo/logging_demo_s__rosidl_typesupport_introspection_c.cpython-38-x86_64-linux-gnu.so" to ""
-- Installing: /home/saitama1/ros2_foxy/install/logging_demo/lib/python3.8/site-packages/logging_demo/logging_demo_s__rosidl_typesupport_c.cpython-38-x86_64-linux-gnu.so
-- Set runtime path of "/home/saitama1/ros2_foxy/install/logging_demo/lib/python3.8/site-packages/logging_demo/logging_demo_s__rosidl_typesupport_c.cpython-38-x86_64-linux-gnu.so" to ""
-- Installing: /home/saitama1/ros2_foxy/install/logging_demo/lib/liblogging_demo__python.so
-- Set runtime path of "/home/saitama1/ros2_foxy/install/logging_demo/lib/liblogging_demo__python.so" to ""
-- Installing: /home/saitama1/ros2_foxy/install/logging_demo/share/logging_demo/srv/ConfigLogger.idl
-- Installing: /home/saitama1/ros2_foxy/install/logging_demo/share/logging_demo/srv/ConfigLogger.srv
-- Installing: /home/saitama1/ros2_foxy/install/logging_demo/share/logging_demo/srv/ConfigLogger_Request.msg
-- Installing: /home/saitama1/ros2_foxy/install/logging_demo/share/logging_demo/srv/ConfigLogger_Response.msg
-- Installing: /home/saitama1/ros2_foxy/install/logging_demo/lib/liblogger_config_component.so
-- Set runtime path of "/home/saitama1/ros2_foxy/install/logging_demo/lib/liblogger_config_component.so" to ""
-- Installing: /home/saitama1/ros2_foxy/install/logging_demo/lib/liblogger_usage_component.so
-- Set runtime path of "/home/saitama1/ros2_foxy/install/logging_demo/lib/liblogger_usage_component.so" to ""
-- Installing: /home/saitama1/ros2_foxy/install/logging_demo/lib/logging_demo/logging_demo_main
-- Set runtime path of "/home/saitama1/ros2_foxy/install/logging_demo/lib/logging_demo/logging_demo_main" to ""
-- Installing: /home/saitama1/ros2_foxy/install/logging_demo/share/ament_index/resource_index/package_run_dependencies/logging_demo
-- Installing: /home/saitama1/ros2_foxy/install/logging_demo/share/ament_index/resource_index/parent_prefix_path/logging_demo
-- Installing: /home/saitama1/ros2_foxy/install/logging_demo/share/logging_demo/environment/ament_prefix_path.sh
-- Installing: /home/saitama1/ros2_foxy/install/logging_demo/share/logging_demo/environment/ament_prefix_path.dsv
-- Installing: /home/saitama1/ros2_foxy/install/logging_demo/share/logging_demo/environment/path.sh
-- Installing: /home/saitama1/ros2_foxy/install/logging_demo/share/logging_demo/environment/path.dsv
-- Installing: /home/saitama1/ros2_foxy/install/logging_demo/share/logging_demo/local_setup.bash
-- Installing: /home/saitama1/ros2_foxy/install/logging_demo/share/logging_demo/local_setup.sh
-- Installing: /home/saitama1/ros2_foxy/install/logging_demo/share/logging_demo/local_setup.zsh
-- Installing: /home/saitama1/ros2_foxy/install/logging_demo/share/logging_demo/local_setup.dsv
-- Installing: /home/saitama1/ros2_foxy/install/logging_demo/share/logging_demo/package.dsv
-- Installing: /home/saitama1/ros2_foxy/install/logging_demo/share/ament_index/resource_index/packages/logging_demo
-- Installing: /home/saitama1/ros2_foxy/install/logging_demo/share/logging_demo/cmake/logging_demo__rosidl_generator_cExport.cmake
-- Installing: /home/saitama1/ros2_foxy/install/logging_demo/share/logging_demo/cmake/logging_demo__rosidl_generator_cExport-noconfig.cmake
-- Installing: /home/saitama1/ros2_foxy/install/logging_demo/share/logging_demo/cmake/logging_demo__rosidl_typesupport_introspection_cExport.cmake
-- Installing: /home/saitama1/ros2_foxy/install/logging_demo/share/logging_demo/cmake/logging_demo__rosidl_typesupport_introspection_cExport-noconfig.cmake
-- Installing: /home/saitama1/ros2_foxy/install/logging_demo/share/logging_demo/cmake/logging_demo__rosidl_typesupport_cExport.cmake
-- Installing: /home/saitama1/ros2_foxy/install/logging_demo/share/logging_demo/cmake/logging_demo__rosidl_typesupport_cExport-noconfig.cmake
-- Installing: /home/saitama1/ros2_foxy/install/logging_demo/share/logging_demo/cmake/logging_demo__rosidl_generator_cppExport.cmake
-- Installing: /home/saitama1/ros2_foxy/install/logging_demo/share/logging_demo/cmake/logging_demo__rosidl_typesupport_introspection_cppExport.cmake
-- Installing: /home/saitama1/ros2_foxy/install/logging_demo/share/logging_demo/cmake/logging_demo__rosidl_typesupport_introspection_cppExport-noconfig.cmake
-- Installing: /home/saitama1/ros2_foxy/install/logging_demo/share/logging_demo/cmake/logging_demo__rosidl_typesupport_cppExport.cmake
-- Installing: /home/saitama1/ros2_foxy/install/logging_demo/share/logging_demo/cmake/logging_demo__rosidl_typesupport_cppExport-noconfig.cmake
-- Installing: /home/saitama1/ros2_foxy/install/logging_demo/share/ament_index/resource_index/rclcpp_components/logging_demo
-- Installing: /home/saitama1/ros2_foxy/install/logging_demo/share/logging_demo/cmake/rosidl_cmake-extras.cmake
-- Installing: /home/saitama1/ros2_foxy/install/logging_demo/share/logging_demo/cmake/ament_cmake_export_dependencies-extras.cmake
-- Installing: /home/saitama1/ros2_foxy/install/logging_demo/share/logging_demo/cmake/ament_cmake_export_libraries-extras.cmake
-- Installing: /home/saitama1/ros2_foxy/install/logging_demo/share/logging_demo/cmake/ament_cmake_export_targets-extras.cmake
-- Installing: /home/saitama1/ros2_foxy/install/logging_demo/share/logging_demo/cmake/ament_cmake_export_include_directories-extras.cmake
-- Installing: /home/saitama1/ros2_foxy/install/logging_demo/share/logging_demo/cmake/rosidl_cmake_export_typesupport_libraries-extras.cmake
-- Installing: /home/saitama1/ros2_foxy/install/logging_demo/share/logging_demo/cmake/rosidl_cmake_export_typesupport_targets-extras.cmake
-- Installing: /home/saitama1/ros2_foxy/install/logging_demo/share/logging_demo/cmake/logging_demoConfig.cmake
-- Installing: /home/saitama1/ros2_foxy/install/logging_demo/share/logging_demo/cmake/logging_demoConfig-version.cmake
-- Installing: /home/saitama1/ros2_foxy/install/logging_demo/share/logging_demo/package.xml
