running egg_info
creating ../../../build/rqt_srv/rqt_srv.egg-info
writing ../../../build/rqt_srv/rqt_srv.egg-info/PKG-INFO
writing dependency_links to ../../../build/rqt_srv/rqt_srv.egg-info/dependency_links.txt
writing entry points to ../../../build/rqt_srv/rqt_srv.egg-info/entry_points.txt
writing requirements to ../../../build/rqt_srv/rqt_srv.egg-info/requires.txt
writing top-level names to ../../../build/rqt_srv/rqt_srv.egg-info/top_level.txt
writing manifest file '../../../build/rqt_srv/rqt_srv.egg-info/SOURCES.txt'
reading manifest file '../../../build/rqt_srv/rqt_srv.egg-info/SOURCES.txt'
writing manifest file '../../../build/rqt_srv/rqt_srv.egg-info/SOURCES.txt'
running build
running build_py
creating /home/saitama1/Pictures/ros2-picas/ros2_foxy/build/rqt_srv/build
creating /home/saitama1/Pictures/ros2-picas/ros2_foxy/build/rqt_srv/build/lib
creating /home/saitama1/Pictures/ros2-picas/ros2_foxy/build/rqt_srv/build/lib/rqt_srv
copying src/rqt_srv/services.py -> /home/saitama1/Pictures/ros2-picas/ros2_foxy/build/rqt_srv/build/lib/rqt_srv
copying src/rqt_srv/__init__.py -> /home/saitama1/Pictures/ros2-picas/ros2_foxy/build/rqt_srv/build/lib/rqt_srv
copying src/rqt_srv/main.py -> /home/saitama1/Pictures/ros2-picas/ros2_foxy/build/rqt_srv/build/lib/rqt_srv
running install
running install_lib
creating /home/saitama1/Pictures/ros2-picas/ros2_foxy/install/rqt_srv/lib/python3.8/site-packages/rqt_srv
copying /home/saitama1/Pictures/ros2-picas/ros2_foxy/build/rqt_srv/build/lib/rqt_srv/services.py -> /home/saitama1/Pictures/ros2-picas/ros2_foxy/install/rqt_srv/lib/python3.8/site-packages/rqt_srv
copying /home/saitama1/Pictures/ros2-picas/ros2_foxy/build/rqt_srv/build/lib/rqt_srv/__init__.py -> /home/saitama1/Pictures/ros2-picas/ros2_foxy/install/rqt_srv/lib/python3.8/site-packages/rqt_srv
copying /home/saitama1/Pictures/ros2-picas/ros2_foxy/build/rqt_srv/build/lib/rqt_srv/main.py -> /home/saitama1/Pictures/ros2-picas/ros2_foxy/install/rqt_srv/lib/python3.8/site-packages/rqt_srv
byte-compiling /home/saitama1/Pictures/ros2-picas/ros2_foxy/install/rqt_srv/lib/python3.8/site-packages/rqt_srv/services.py to services.cpython-38.pyc
byte-compiling /home/saitama1/Pictures/ros2-picas/ros2_foxy/install/rqt_srv/lib/python3.8/site-packages/rqt_srv/__init__.py to __init__.cpython-38.pyc
byte-compiling /home/saitama1/Pictures/ros2-picas/ros2_foxy/install/rqt_srv/lib/python3.8/site-packages/rqt_srv/main.py to main.cpython-38.pyc
running install_data
running install_egg_info
Copying ../../../build/rqt_srv/rqt_srv.egg-info to /home/saitama1/Pictures/ros2-picas/ros2_foxy/install/rqt_srv/lib/python3.8/site-packages/rqt_srv-1.0.2-py3.8.egg-info
running install_scripts
Installing rqt_srv script to /home/saitama1/Pictures/ros2-picas/ros2_foxy/install/rqt_srv/lib/rqt_srv
writing list of installed files to '/home/saitama1/Pictures/ros2-picas/ros2_foxy/build/rqt_srv/install.log'
