[100%] Built target zstd-1.4.4
-- Install configuration: ""
-- Execute custom install script
-- Up-to-date symlink: /home/saitama1/ros2_foxy/install/zstd_vendor/include/zstd.h
-- Up-to-date symlink: /home/saitama1/ros2_foxy/install/zstd_vendor/lib/libzstd.so
-- Up-to-date symlink: /home/saitama1/ros2_foxy/install/zstd_vendor/lib/libzstd.so.1
-- Up-to-date symlink: /home/saitama1/ros2_foxy/install/zstd_vendor/lib/libzstd.so.1.4.4
-- Up-to-date symlink: /home/saitama1/ros2_foxy/install/zstd_vendor/lib/pkgconfig/libzstd.pc
-- Up-to-date symlink: /home/saitama1/ros2_foxy/install/zstd_vendor/share/zstd_vendor/cmake/Modules/Findzstd.cmake
-- Up-to-date symlink: /home/saitama1/ros2_foxy/install/zstd_vendor/share/ament_index/resource_index/package_run_dependencies/zstd_vendor
-- Up-to-date symlink: /home/saitama1/ros2_foxy/install/zstd_vendor/share/ament_index/resource_index/parent_prefix_path/zstd_vendor
-- Up-to-date symlink: /home/saitama1/ros2_foxy/install/zstd_vendor/share/zstd_vendor/environment/ament_prefix_path.sh
-- Up-to-date symlink: /home/saitama1/ros2_foxy/install/zstd_vendor/share/zstd_vendor/environment/ament_prefix_path.dsv
-- Up-to-date symlink: /home/saitama1/ros2_foxy/install/zstd_vendor/share/zstd_vendor/environment/path.sh
-- Up-to-date symlink: /home/saitama1/ros2_foxy/install/zstd_vendor/share/zstd_vendor/environment/path.dsv
-- Up-to-date symlink: /home/saitama1/ros2_foxy/install/zstd_vendor/share/zstd_vendor/local_setup.bash
-- Up-to-date symlink: /home/saitama1/ros2_foxy/install/zstd_vendor/share/zstd_vendor/local_setup.sh
-- Up-to-date symlink: /home/saitama1/ros2_foxy/install/zstd_vendor/share/zstd_vendor/local_setup.zsh
-- Up-to-date symlink: /home/saitama1/ros2_foxy/install/zstd_vendor/share/zstd_vendor/local_setup.dsv
-- Symlinking: /home/saitama1/ros2_foxy/install/zstd_vendor/share/zstd_vendor/package.dsv
-- Up-to-date symlink: /home/saitama1/ros2_foxy/install/zstd_vendor/share/ament_index/resource_index/packages/zstd_vendor
-- Up-to-date symlink: /home/saitama1/ros2_foxy/install/zstd_vendor/share/zstd_vendor/cmake/zstd_vendor-extras.cmake
-- Up-to-date symlink: /home/saitama1/ros2_foxy/install/zstd_vendor/share/zstd_vendor/cmake/zstd_vendorConfig.cmake
-- Up-to-date symlink: /home/saitama1/ros2_foxy/install/zstd_vendor/share/zstd_vendor/cmake/zstd_vendorConfig-version.cmake
-- Up-to-date symlink: /home/saitama1/ros2_foxy/install/zstd_vendor/share/zstd_vendor/package.xml
