-- Found ament_cmake_ros: 0.9.2 (/home/saitama1/ros2_foxy/install/ament_cmake_ros/share/ament_cmake_ros/cmake)
-- Found PythonInterp: /usr/bin/python3 (found suitable version "3.8.10", minimum required is "3") 
-- Using PYTHON_EXECUTABLE: /usr/bin/python3
-- Override CMake install command with custom implementation using symlinks instead of copying resources
-- Found builtin_interfaces: 1.0.0 (/home/saitama1/ros2_foxy/install/builtin_interfaces/share/builtin_interfaces/cmake)
-- Using all available rosidl_typesupport_c: rosidl_typesupport_introspection_c;rosidl_typesupport_fastrtps_c
-- Found rosidl_adapter: 1.2.1 (/home/saitama1/ros2_foxy/install/rosidl_adapter/share/rosidl_adapter/cmake)
-- Using all available rosidl_typesupport_cpp: rosidl_typesupport_introspection_cpp;rosidl_typesupport_fastrtps_cpp
-- Found libstatistics_collector: 1.0.1 (/home/saitama1/ros2_foxy/install/libstatistics_collector/share/libstatistics_collector/cmake)
-- Found rmw_implementation_cmake: 1.0.3 (/home/saitama1/ros2_foxy/install/rmw_implementation_cmake/share/rmw_implementation_cmake/cmake)
-- Using RMW implementation 'rmw_fastrtps_cpp' as default
-- Found rosgraph_msgs: 1.0.0 (/home/saitama1/ros2_foxy/install/rosgraph_msgs/share/rosgraph_msgs/cmake)
-- Found ament_lint_auto: 0.9.6 (/home/saitama1/ros2_foxy/install/ament_lint_auto/share/ament_lint_auto/cmake)
-- Performance tests are disabled by default, so Google Benchmark tests will be skipped. To enable these tests, set the CMake variable 'AMENT_RUN_PERFORMANCE_TESTS'.
-- Found PythonInterp: /usr/bin/python3 (found version "3.8.10") 
-- Using all available rosidl_typesupport_c: rosidl_typesupport_introspection_c;rosidl_typesupport_fastrtps_c
-- Using all available rosidl_typesupport_cpp: rosidl_typesupport_introspection_cpp;rosidl_typesupport_fastrtps_cpp
-- Found PythonInterp: /usr/bin/python3 (found suitable version "3.8.10", minimum required is "3.5") 
-- Found python_cmake_module: 0.8.1 (/home/saitama1/ros2_foxy/install/python_cmake_module/share/python_cmake_module/cmake)
-- Using PYTHON_EXECUTABLE: /usr/bin/python3
-- Using PYTHON_INCLUDE_DIRS: /usr/include/python3.8
-- Using PYTHON_LIBRARIES: /usr/lib/x86_64-linux-gnu/libpython3.8.so
-- Found gtest sources under '/home/saitama1/ros2_foxy/install/gtest_vendor/src/gtest_vendor': C++ tests using 'Google Test' will be built
-- Found gmock sources under '/home/saitama1/ros2_foxy/install/gmock_vendor/src/gmock_vendor': C++ tests using 'Google Mock' will be built
-- Found gtest sources under '/home/saitama1/ros2_foxy/install/gtest_vendor/src/gtest_vendor': C++ tests using 'Google Test' will be built
-- Added test 'copyright' to check source files copyright and LICENSE
-- Added test 'cppcheck' to perform static code analysis on C / C++ code
-- Configured cppcheck include dirs: $<BUILD_INTERFACE:/home/saitama1/ros2_foxy/src/ros2/rclcpp/rclcpp/include>
-- Configured cppcheck exclude dirs and/or files: 
-- Added test 'cpplint' to check C / C++ code against the Google style
-- Configured cpplint exclude dirs and/or files: 
-- Added test 'lint_cmake' to check CMake code style
-- Added test 'uncrustify' to check C / C++ code style
-- Configured uncrustify additional arguments: 
-- Added test 'xmllint' to check XML markup files
-- Configuring done
-- Generating done
-- Build files have been written to: /home/saitama1/ros2_foxy/build/rclcpp
[  1%] [32m[1mLinking C shared library librclcpp__rosidl_generator_c.so[0m
[35m[1mScanning dependencies of target rclcpp[0m
[  2%] Built target gtest
[  3%] Built target gmock
[  3%] Built target rclcpp_test_msgs__cpp
[  3%] Built target gtest_main
[  4%] Built target gmock_main
[35m[1mScanning dependencies of target rclcpp_test_msgs__rosidl_typesupport_cpp[0m
[  4%] [32m[1mLinking CXX shared library librclcpp__rosidl_typesupport_fastrtps_cpp.so[0m
[  5%] [32m[1mLinking CXX executable test_function_traits[0m
[  5%] [32m[1mLinking CXX shared library librclcpp__rosidl_typesupport_introspection_cpp.so[0m
[  5%] [32mBuilding CXX object test/rclcpp/CMakeFiles/rclcpp_test_msgs__rosidl_typesupport_cpp.dir/rosidl_typesupport_cpp/rclcpp/msg/message_with_header__type_support.cpp.o[0m
[  6%] [32mBuilding CXX object test/rclcpp/CMakeFiles/rclcpp_test_msgs__rosidl_typesupport_cpp.dir/rosidl_typesupport_cpp/rclcpp/msg/header__type_support.cpp.o[0m
[  6%] [32mBuilding CXX object CMakeFiles/rclcpp.dir/src/rclcpp/callback_group.cpp.o[0m
[  6%] [32mBuilding CXX object CMakeFiles/rclcpp.dir/src/rclcpp/client.cpp.o[0m
[  6%] [32mBuilding CXX object CMakeFiles/rclcpp.dir/src/rclcpp/contexts/default_context.cpp.o[0m
[  6%] [32mBuilding CXX object CMakeFiles/rclcpp.dir/src/rclcpp/context.cpp.o[0m
[  7%] [32mBuilding CXX object CMakeFiles/rclcpp.dir/src/rclcpp/clock.cpp.o[0m
[  8%] [32mBuilding CXX object CMakeFiles/rclcpp.dir/src/rclcpp/any_executable.cpp.o[0m
[  9%] Built target rclcpp_test_msgs__rosidl_generator_c
[  9%] [34m[1mGenerating C type support dispatch for ROS interfaces[0m
[ 10%] Built target rclcpp_test_msgs__rosidl_typesupport_introspection_cpp
[ 11%] Built target rclcpp_test_msgs__rosidl_typesupport_fastrtps_cpp
[ 12%] [32mBuilding CXX object CMakeFiles/rclcpp.dir/src/rclcpp/detail/mutex_two_priorities.cpp.o[0m
[ 12%] [32mBuilding CXX object CMakeFiles/rclcpp.dir/src/rclcpp/detail/rmw_implementation_specific_payload.cpp.o[0m
[ 13%] Built target test_function_traits
[ 13%] [32mBuilding CXX object CMakeFiles/rclcpp.dir/src/rclcpp/detail/rmw_implementation_specific_publisher_payload.cpp.o[0m
[ 13%] [32m[1mLinking C shared library librclcpp__rosidl_typesupport_introspection_c.so[0m
[ 14%] [32mBuilding CXX object CMakeFiles/rclcpp.dir/src/rclcpp/detail/rmw_implementation_specific_subscription_payload.cpp.o[0m
[ 14%] [32mBuilding CXX object CMakeFiles/rclcpp.dir/src/rclcpp/detail/utilities.cpp.o[0m
[ 14%] [32m[1mLinking CXX shared library librclcpp__rosidl_typesupport_cpp.so[0m
[ 15%] Built target rclcpp_test_msgs__rosidl_typesupport_introspection_c
[ 15%] [32mBuilding CXX object CMakeFiles/rclcpp.dir/src/rclcpp/duration.cpp.o[0m
[ 15%] Built target rclcpp_test_msgs__rosidl_typesupport_cpp
[ 16%] [32m[1mLinking CXX shared library librclcpp__rosidl_typesupport_fastrtps_c.so[0m
[ 17%] [32mBuilding CXX object CMakeFiles/rclcpp.dir/src/rclcpp/event.cpp.o[0m
[ 17%] [32mBuilding CXX object CMakeFiles/rclcpp.dir/src/rclcpp/exceptions/exceptions.cpp.o[0m
[35m[1mScanning dependencies of target rclcpp_test_msgs__rosidl_typesupport_c[0m
[ 17%] [32mBuilding CXX object CMakeFiles/rclcpp.dir/src/rclcpp/executable_list.cpp.o[0m
[ 18%] Built target rclcpp_test_msgs__rosidl_typesupport_fastrtps_c
[ 18%] [32mBuilding CXX object test/rclcpp/CMakeFiles/rclcpp_test_msgs__rosidl_typesupport_c.dir/rosidl_typesupport_c/rclcpp/msg/header__type_support.cpp.o[0m
[ 19%] [32mBuilding CXX object CMakeFiles/rclcpp.dir/src/rclcpp/executor.cpp.o[0m
[ 20%] [32mBuilding CXX object test/rclcpp/CMakeFiles/rclcpp_test_msgs__rosidl_typesupport_c.dir/rosidl_typesupport_c/rclcpp/msg/message_with_header__type_support.cpp.o[0m
[ 20%] [32mBuilding CXX object CMakeFiles/rclcpp.dir/src/rclcpp/executors.cpp.o[0m
[ 20%] [32m[1mLinking CXX shared library librclcpp__rosidl_typesupport_c.so[0m
[ 21%] [32mBuilding CXX object CMakeFiles/rclcpp.dir/src/rclcpp/executors/multi_threaded_executor.cpp.o[0m
[ 21%] [32mBuilding CXX object CMakeFiles/rclcpp.dir/src/rclcpp/expand_topic_or_service_name.cpp.o[0m
[ 21%] Built target rclcpp_test_msgs__rosidl_typesupport_c
[ 21%] Built target rclcpp_test_msgs
[ 21%] [32mBuilding CXX object CMakeFiles/rclcpp.dir/src/rclcpp/executors/single_threaded_executor.cpp.o[0m
[ 21%] [32mBuilding CXX object CMakeFiles/rclcpp.dir/src/rclcpp/executors/static_executor_entities_collector.cpp.o[0m
[ 22%] [32mBuilding CXX object CMakeFiles/rclcpp.dir/src/rclcpp/executors/static_single_threaded_executor.cpp.o[0m
[ 22%] [32mBuilding CXX object CMakeFiles/rclcpp.dir/src/rclcpp/future_return_code.cpp.o[0m
[35m[1mScanning dependencies of target rclcpp_test_msgs__py[0m
[ 22%] Built target rclcpp_test_msgs__py
[ 22%] [32mBuilding CXX object CMakeFiles/rclcpp.dir/src/rclcpp/graph_listener.cpp.o[0m
[ 22%] [32m[1mLinking C shared library rosidl_generator_py/rclcpp/librclcpp_test_msgs__python.so[0m
[ 23%] [32mBuilding CXX object CMakeFiles/rclcpp.dir/src/rclcpp/guard_condition.cpp.o[0m
[ 23%] [32mBuilding CXX object CMakeFiles/rclcpp.dir/src/rclcpp/init_options.cpp.o[0m
[ 24%] Built target rclcpp_test_msgs__python
[ 24%] [32mBuilding CXX object CMakeFiles/rclcpp.dir/src/rclcpp/intra_process_manager.cpp.o[0m
[ 24%] [32m[1mLinking C shared library rosidl_generator_py/rclcpp/rclcpp_s__rosidl_typesupport_c.cpython-38-x86_64-linux-gnu.so[0m
[ 24%] Built target rclcpp__rosidl_typesupport_c__pyext
[ 25%] [32mBuilding CXX object CMakeFiles/rclcpp.dir/src/rclcpp/logger.cpp.o[0m
[ 26%] [32m[1mLinking C shared library rosidl_generator_py/rclcpp/rclcpp_s__rosidl_typesupport_introspection_c.cpython-38-x86_64-linux-gnu.so[0m
[ 26%] Built target rclcpp__rosidl_typesupport_introspection_c__pyext
[ 26%] [32mBuilding CXX object CMakeFiles/rclcpp.dir/src/rclcpp/logging_mutex.cpp.o[0m
[ 26%] [32mBuilding CXX object CMakeFiles/rclcpp.dir/src/rclcpp/memory_strategies.cpp.o[0m
[35m[1mScanning dependencies of target rclcpp__rosidl_typesupport_fastrtps_c__pyext[0m
[ 27%] [32mBuilding C object test/rclcpp/CMakeFiles/rclcpp__rosidl_typesupport_fastrtps_c__pyext.dir/rosidl_generator_py/rclcpp/_rclcpp_s.ep.rosidl_typesupport_fastrtps_c.c.o[0m
[ 28%] [32mBuilding CXX object CMakeFiles/rclcpp.dir/src/rclcpp/memory_strategy.cpp.o[0m
[ 28%] [32mBuilding CXX object CMakeFiles/rclcpp.dir/src/rclcpp/message_info.cpp.o[0m
[ 28%] [32mBuilding CXX object CMakeFiles/rclcpp.dir/src/rclcpp/node.cpp.o[0m
[ 28%] [32m[1mLinking CXX shared library rosidl_generator_py/rclcpp/rclcpp_s__rosidl_typesupport_fastrtps_c.cpython-38-x86_64-linux-gnu.so[0m
[ 29%] [32mBuilding CXX object CMakeFiles/rclcpp.dir/src/rclcpp/node_options.cpp.o[0m
[ 29%] [32mBuilding CXX object CMakeFiles/rclcpp.dir/src/rclcpp/node_interfaces/node_clock.cpp.o[0m
[ 29%] [32mBuilding CXX object CMakeFiles/rclcpp.dir/src/rclcpp/node_interfaces/node_base.cpp.o[0m
[ 30%] [32mBuilding CXX object CMakeFiles/rclcpp.dir/src/rclcpp/node_interfaces/node_graph.cpp.o[0m
[ 30%] Built target rclcpp__rosidl_typesupport_fastrtps_c__pyext
[ 30%] [32mBuilding CXX object CMakeFiles/rclcpp.dir/src/rclcpp/node_interfaces/node_logging.cpp.o[0m
[ 30%] [32mBuilding CXX object CMakeFiles/rclcpp.dir/src/rclcpp/node_interfaces/node_parameters.cpp.o[0m
[ 31%] [32mBuilding CXX object CMakeFiles/rclcpp.dir/src/rclcpp/node_interfaces/node_services.cpp.o[0m
[ 31%] [32mBuilding CXX object CMakeFiles/rclcpp.dir/src/rclcpp/node_interfaces/node_time_source.cpp.o[0m
[ 31%] [32mBuilding CXX object CMakeFiles/rclcpp.dir/src/rclcpp/node_interfaces/node_timers.cpp.o[0m
[ 32%] [32mBuilding CXX object CMakeFiles/rclcpp.dir/src/rclcpp/node_interfaces/node_topics.cpp.o[0m
[ 32%] [32mBuilding CXX object CMakeFiles/rclcpp.dir/src/rclcpp/node_interfaces/node_waitables.cpp.o[0m
[ 32%] [32mBuilding CXX object CMakeFiles/rclcpp.dir/src/rclcpp/parameter.cpp.o[0m
[ 33%] [32mBuilding CXX object CMakeFiles/rclcpp.dir/src/rclcpp/parameter_value.cpp.o[0m
[ 33%] [32mBuilding CXX object CMakeFiles/rclcpp.dir/src/rclcpp/parameter_client.cpp.o[0m
[ 33%] [32mBuilding CXX object CMakeFiles/rclcpp.dir/src/rclcpp/parameter_events_filter.cpp.o[0m
[ 34%] [32mBuilding CXX object CMakeFiles/rclcpp.dir/src/rclcpp/parameter_map.cpp.o[0m
[ 34%] [32mBuilding CXX object CMakeFiles/rclcpp.dir/src/rclcpp/parameter_service.cpp.o[0m
[ 34%] [32mBuilding CXX object CMakeFiles/rclcpp.dir/src/rclcpp/publisher_base.cpp.o[0m
[ 35%] [32mBuilding CXX object CMakeFiles/rclcpp.dir/src/rclcpp/qos.cpp.o[0m
[ 35%] [32mBuilding CXX object CMakeFiles/rclcpp.dir/src/rclcpp/serialization.cpp.o[0m
[ 36%] [32mBuilding CXX object CMakeFiles/rclcpp.dir/src/rclcpp/qos_event.cpp.o[0m
[ 36%] [32mBuilding CXX object CMakeFiles/rclcpp.dir/src/rclcpp/serialized_message.cpp.o[0m
[ 36%] [32mBuilding CXX object CMakeFiles/rclcpp.dir/src/rclcpp/service.cpp.o[0m
[ 36%] [32mBuilding CXX object CMakeFiles/rclcpp.dir/src/rclcpp/signal_handler.cpp.o[0m
[ 37%] [32mBuilding CXX object CMakeFiles/rclcpp.dir/src/rclcpp/subscription_base.cpp.o[0m
[ 37%] [32mBuilding CXX object CMakeFiles/rclcpp.dir/src/rclcpp/subscription_intra_process_base.cpp.o[0m
[ 37%] [32mBuilding CXX object CMakeFiles/rclcpp.dir/src/rclcpp/time.cpp.o[0m
[ 38%] [32mBuilding CXX object CMakeFiles/rclcpp.dir/src/rclcpp/time_source.cpp.o[0m
[ 38%] [32mBuilding CXX object CMakeFiles/rclcpp.dir/src/rclcpp/timer.cpp.o[0m
[ 39%] [32mBuilding CXX object CMakeFiles/rclcpp.dir/src/rclcpp/utilities.cpp.o[0m
[ 39%] [32mBuilding CXX object CMakeFiles/rclcpp.dir/src/rclcpp/type_support.cpp.o[0m
[ 39%] [32mBuilding CXX object CMakeFiles/rclcpp.dir/src/rclcpp/wait_set_policies/detail/write_preferring_read_write_lock.cpp.o[0m
[ 39%] [32mBuilding CXX object CMakeFiles/rclcpp.dir/src/rclcpp/waitable.cpp.o[0m
[ 40%] [32m[1mLinking CXX shared library librclcpp.so[0m
[ 47%] Built target rclcpp
[ 47%] [32m[1mLinking CXX executable benchmark_executor[0m
[ 48%] [32m[1mLinking CXX executable benchmark_node[0m
[ 48%] [32m[1mLinking CXX executable benchmark_parameter_client[0m
[ 48%] [32m[1mLinking CXX executable test_rclcpp_gtest_macros[0m
[ 48%] [32m[1mLinking CXX executable benchmark_client[0m
[ 49%] [32m[1mLinking CXX executable benchmark_init_shutdown[0m
[ 49%] Built target benchmark_node
[35m[1mScanning dependencies of target test_thread_safe_synchronization[0m
[35m[1mScanning dependencies of target test_dynamic_storage[0m
[ 49%] Built target test_rclcpp_gtest_macros
[ 49%] Built target benchmark_init_shutdown
[ 49%] [32mBuilding CXX object test/rclcpp/CMakeFiles/test_thread_safe_synchronization.dir/wait_set_policies/test_thread_safe_synchronization.cpp.o[0m
[ 49%] [32m[1mLinking CXX executable test_multi_threaded_executor[0m
[ 50%] [32m[1mLinking CXX executable test_wait_set[0m
[ 50%] [32mBuilding CXX object test/rclcpp/CMakeFiles/test_dynamic_storage.dir/wait_set_policies/test_dynamic_storage.cpp.o[0m
[ 50%] [32m[1mLinking CXX executable benchmark_service[0m
[ 50%] Built target benchmark_parameter_client
[ 50%] [32m[1mLinking CXX executable test_static_single_threaded_executor[0m
[ 50%] [32m[1mLinking CXX executable test_utilities[0m
[ 51%] [32m[1mLinking CXX executable test_timer[0m
[ 51%] Built target benchmark_client
[ 51%] [32m[1mLinking CXX executable test_time[0m
[ 52%] Built target benchmark_executor
[ 53%] [32m[1mLinking CXX executable test_logger[0m
[ 54%] Built target test_multi_threaded_executor
[ 54%] [32m[1mLinking CXX executable benchmark_node_parameters_interface[0m
[ 55%] [32m[1mLinking CXX executable test_duration[0m
[ 55%] [32m[1mLinking CXX executable test_find_weak_nodes[0m
[ 55%] Built target test_timer
[ 56%] Built target test_utilities
[35m[1mScanning dependencies of target test_storage_policy_common[0m
[ 56%] Built target test_static_single_threaded_executor
[ 56%] [32m[1mLinking CXX executable test_type_support[0m
[ 56%] [32mBuilding CXX object test/rclcpp/CMakeFiles/test_storage_policy_common.dir/wait_set_policies/test_storage_policy_common.cpp.o[0m
[35m[1mScanning dependencies of target test_subscription_traits[0m
[ 56%] Built target test_time
[ 56%] Built target benchmark_service
[ 57%] [32mBuilding CXX object test/rclcpp/CMakeFiles/test_subscription_traits.dir/test_subscription_traits.cpp.o[0m
[35m[1mScanning dependencies of target test_static_executor_entities_collector[0m
[ 58%] [32m[1mLinking CXX executable test_subscription_publisher_count_api[0m
[ 58%] Built target test_logger
[ 58%] Built target test_wait_set
[ 58%] [32mBuilding CXX object test/rclcpp/CMakeFiles/test_static_executor_entities_collector.dir/executors/test_static_executor_entities_collector.cpp.o[0m
[ 58%] [32m[1mLinking CXX executable test_node_interfaces__node_waitables[0m
[ 58%] [32m[1mLinking CXX executable test_create_subscription[0m
[ 59%] Built target test_duration
[ 59%] Built target benchmark_node_parameters_interface
[ 59%] Built target test_find_weak_nodes
[35m[1mScanning dependencies of target test_subscription_topic_statistics[0m
[ 59%] [32m[1mLinking CXX executable test_graph_listener[0m
[ 59%] [32mBuilding CXX object test/rclcpp/CMakeFiles/test_subscription_topic_statistics.dir/topic_statistics/test_subscription_topic_statistics.cpp.o[0m
[ 59%] [32m[1mLinking CXX executable test_create_timer[0m
[ 59%] Built target test_type_support
[ 59%] [32m[1mLinking CXX executable test_any_subscription_callback[0m
[ 59%] Built target test_node_interfaces__node_waitables
[ 60%] [32m[1mLinking CXX executable test_init[0m
[ 60%] Built target test_create_subscription
[ 60%] Built target test_subscription_publisher_count_api
[ 60%] [32m[1mLinking CXX executable test_subscription_traits[0m
[ 60%] [32m[1mLinking CXX executable test_node_interfaces__node_timers[0m
[ 61%] [32m[1mLinking CXX executable test_client[0m
[ 61%] Built target test_graph_listener
[ 62%] Built target test_create_timer
[ 62%] [32m[1mLinking CXX executable test_allocator_deleter[0m
[ 62%] Built target test_subscription_traits
[ 62%] [32m[1mLinking CXX executable test_interface_traits[0m
[ 63%] Built target test_any_subscription_callback
[ 63%] [32m[1mLinking CXX executable test_qos_event[0m
[ 64%] Built target test_allocator_deleter
[ 64%] [32m[1mLinking CXX executable test_subscription_options[0m
[ 64%] [32m[1mLinking CXX executable test_exceptions[0m
[ 64%] Built target test_init
[ 64%] [32m[1mLinking CXX executable test_node_interfaces__node_services[0m
[ 65%] Built target test_node_interfaces__node_timers
[ 65%] [32m[1mLinking CXX executable test_logging[0m
[ 65%] Built target test_client
[ 66%] Built target test_interface_traits
[ 66%] [32m[1mLinking CXX executable test_parameter_service[0m
[ 67%] [32m[1mLinking CXX executable test_serialized_message[0m
[ 68%] Built target test_subscription_options
[ 68%] Built target test_node_interfaces__node_services
[35m[1mScanning dependencies of target test_allocator_memory_strategy[0m
[ 69%] Built target test_qos_event
[ 70%] Built target test_exceptions
[ 70%] [32mBuilding CXX object test/rclcpp/CMakeFiles/test_allocator_memory_strategy.dir/strategies/test_allocator_memory_strategy.cpp.o[0m
[ 70%] [32m[1mLinking CXX executable test_intra_process_manager[0m
[ 70%] [32m[1mLinking CXX executable test_node_interfaces__get_node_interfaces[0m
[ 70%] [32m[1mLinking CXX executable test_allocator_common[0m
[ 70%] Built target test_logging
[ 70%] Built target test_parameter_service
[35m[1mScanning dependencies of target test_message_pool_memory_strategy[0m
[ 70%] [32m[1mLinking CXX executable test_loaned_message[0m
[ 70%] Built target test_allocator_common
[ 70%] [32mBuilding CXX object test/rclcpp/CMakeFiles/test_message_pool_memory_strategy.dir/strategies/test_message_pool_memory_strategy.cpp.o[0m
[ 71%] [32m[1mLinking CXX executable test_node_interfaces__node_parameters[0m
[ 71%] Built target test_serialized_message
[ 71%] [32m[1mLinking CXX executable test_node_global_args[0m
[ 72%] Built target test_node_interfaces__get_node_interfaces
[ 72%] Built target test_intra_process_manager
[ 73%] [32m[1mLinking CXX executable test_intra_process_buffer[0m
[ 73%] [32m[1mLinking CXX executable test_any_service_callback[0m
[ 74%] Built target test_loaned_message
[ 74%] [32m[1mLinking CXX executable test_ring_buffer_implementation[0m
[ 74%] Built target test_node_interfaces__node_parameters
[ 74%] [32m[1mLinking CXX executable test_memory_strategy[0m
[ 74%] Built target test_any_service_callback
[ 74%] Built target test_node_global_args
[35m[1mScanning dependencies of target test_publisher[0m
[ 74%] [32m[1mLinking CXX executable test_message_pool_memory_strategy[0m
[ 75%] [32m[1mLinking CXX executable test_message_memory_strategy[0m
[ 76%] [32mBuilding CXX object test/rclcpp/CMakeFiles/test_publisher.dir/test_publisher.cpp.o[0m
[ 76%] Built target test_intra_process_buffer
[35m[1mScanning dependencies of target test_static_storage[0m
[ 77%] [32mBuilding CXX object test/rclcpp/CMakeFiles/test_static_storage.dir/wait_set_policies/test_static_storage.cpp.o[0m
[ 78%] Built target test_ring_buffer_implementation
[ 78%] [32m[1mLinking CXX executable test_guard_condition[0m
[ 78%] Built target test_message_pool_memory_strategy
[35m[1mScanning dependencies of target test_node[0m
[ 78%] Built target test_message_memory_strategy
[ 79%] Built target test_memory_strategy
[ 79%] [32mBuilding CXX object test/rclcpp/CMakeFiles/test_node.dir/test_node.cpp.o[0m
[ 80%] [32m[1mLinking CXX executable test_executor[0m
[ 81%] [32m[1mLinking CXX executable test_node_interfaces__node_base[0m
[ 82%] Built target test_guard_condition
[ 82%] Built target test_executor
[ 82%] Built target test_node_interfaces__node_base
[ 83%] [32m[1mLinking CXX executable test_static_executor_entities_collector[0m
[ 83%] Built target test_static_executor_entities_collector
[ 84%] [32m[1mLinking CXX executable test_thread_safe_synchronization[0m
[ 85%] [32m[1mLinking CXX executable test_storage_policy_common[0m
[ 85%] [32m[1mLinking CXX executable test_dynamic_storage[0m
[ 85%] Built target test_thread_safe_synchronization
[ 85%] [32m[1mLinking CXX executable test_publisher[0m
[ 85%] Built target test_storage_policy_common
[ 85%] Built target test_dynamic_storage
[ 85%] Built target test_publisher
[ 85%] [32m[1mLinking CXX executable test_subscription_topic_statistics[0m
[ 86%] [32m[1mLinking CXX executable test_allocator_memory_strategy[0m
[ 86%] Built target test_subscription_topic_statistics
[ 86%] Built target test_allocator_memory_strategy
[ 86%] [32m[1mLinking CXX executable test_static_storage[0m
[ 86%] Built target test_static_storage
[ 87%] [32m[1mLinking CXX executable test_node[0m
[ 87%] Built target test_node
[ 87%] [32m[1mLinking CXX executable test_parameter_client[0m
[ 87%] Built target test_parameter_client
[ 88%] [32m[1mLinking CXX executable test_parameter[0m
[ 89%] [32m[1mLinking CXX executable test_future_return_code[0m
[ 89%] Built target test_parameter
[ 89%] Built target test_future_return_code
[ 89%] [32m[1mLinking CXX executable test_subscription[0m
[ 89%] [32m[1mLinking CXX executable test_init_options[0m
[ 89%] [32m[1mLinking CXX executable test_node_options[0m
[ 89%] [32m[1mLinking CXX executable test_parameter_events_filter[0m
[ 89%] Built target test_init_options
[ 90%] Built target test_node_options
[ 91%] Built target test_parameter_events_filter
[ 92%] [32m[1mLinking CXX executable test_parameter_map[0m
[ 92%] [32m[1mLinking CXX executable test_service[0m
[ 93%] [32m[1mLinking CXX executable test_rate[0m
[ 93%] Built target test_subscription
[ 94%] [32m[1mLinking CXX executable test_publisher_subscription_count_api[0m
[ 94%] Built target test_rate
[35m[1mScanning dependencies of target test_externally_defined_services[0m
[ 94%] Built target test_parameter_map
[ 94%] [32m[1mLinking CXX executable test_node_interfaces__node_graph[0m
[ 94%] [32mBuilding CXX object test/rclcpp/CMakeFiles/test_externally_defined_services.dir/test_externally_defined_services.cpp.o[0m
[ 94%] [32m[1mLinking CXX executable test_time_source[0m
[ 94%] [32m[1mLinking CXX executable test_qos[0m
[ 95%] Built target test_service
[ 96%] [32m[1mLinking CXX executable test_node_interfaces__node_topics[0m
[ 96%] Built target test_publisher_subscription_count_api
[35m[1mScanning dependencies of target test_executors[0m
[ 96%] [32mBuilding CXX object test/rclcpp/CMakeFiles/test_executors.dir/executors/test_executors.cpp.o[0m
[ 97%] Built target test_time_source
[ 97%] Built target test_qos
[ 97%] [32m[1mLinking CXX executable test_node_interfaces__node_clock[0m
[ 97%] [32m[1mLinking CXX executable test_expand_topic_or_service_name[0m
[ 97%] Built target test_node_interfaces__node_topics
[ 97%] [32m[1mLinking CXX executable test_serialized_message_allocator[0m
[ 98%] Built target test_node_interfaces__node_graph
[ 98%] Built target test_node_interfaces__node_clock
[ 99%] Built target test_expand_topic_or_service_name
[ 99%] Built target test_serialized_message_allocator
[100%] [32m[1mLinking CXX executable test_externally_defined_services[0m
[100%] Built target test_externally_defined_services
[100%] [32m[1mLinking CXX executable test_executors[0m
[100%] Built target test_executors
-- Install configuration: ""
-- Execute custom install script
-- Symlinking: /home/saitama1/ros2_foxy/install/rclcpp/share/rclcpp/environment/library_path.sh
-- Up-to-date symlink: /home/saitama1/ros2_foxy/install/rclcpp/share/rclcpp/environment/library_path.dsv
-- Up-to-date symlink: /home/saitama1/ros2_foxy/build/rclcpp/test/resources/test_node/test_parameters.yaml
-- Up-to-date symlink: /home/saitama1/ros2_foxy/install/rclcpp/share/ament_index/resource_index/package_run_dependencies/rclcpp
-- Up-to-date symlink: /home/saitama1/ros2_foxy/install/rclcpp/share/ament_index/resource_index/parent_prefix_path/rclcpp
-- Up-to-date symlink: /home/saitama1/ros2_foxy/install/rclcpp/share/rclcpp/environment/ament_prefix_path.sh
-- Up-to-date symlink: /home/saitama1/ros2_foxy/install/rclcpp/share/rclcpp/environment/ament_prefix_path.dsv
-- Up-to-date symlink: /home/saitama1/ros2_foxy/install/rclcpp/share/rclcpp/environment/path.sh
-- Up-to-date symlink: /home/saitama1/ros2_foxy/install/rclcpp/share/rclcpp/environment/path.dsv
-- Up-to-date symlink: /home/saitama1/ros2_foxy/install/rclcpp/share/rclcpp/local_setup.bash
-- Up-to-date symlink: /home/saitama1/ros2_foxy/install/rclcpp/share/rclcpp/local_setup.sh
-- Up-to-date symlink: /home/saitama1/ros2_foxy/install/rclcpp/share/rclcpp/local_setup.zsh
-- Up-to-date symlink: /home/saitama1/ros2_foxy/install/rclcpp/share/rclcpp/local_setup.dsv
-- Symlinking: /home/saitama1/ros2_foxy/install/rclcpp/share/rclcpp/package.dsv
-- Up-to-date symlink: /home/saitama1/ros2_foxy/install/rclcpp/share/ament_index/resource_index/packages/rclcpp
-- Up-to-date symlink: /home/saitama1/ros2_foxy/install/rclcpp/share/rclcpp/cmake/ament_cmake_export_include_directories-extras.cmake
-- Up-to-date symlink: /home/saitama1/ros2_foxy/install/rclcpp/share/rclcpp/cmake/ament_cmake_export_libraries-extras.cmake
-- Up-to-date symlink: /home/saitama1/ros2_foxy/install/rclcpp/share/rclcpp/cmake/ament_cmake_export_targets-extras.cmake
-- Up-to-date symlink: /home/saitama1/ros2_foxy/install/rclcpp/share/rclcpp/cmake/ament_cmake_export_dependencies-extras.cmake
-- Up-to-date symlink: /home/saitama1/ros2_foxy/install/rclcpp/share/rclcpp/cmake/rclcppConfig.cmake
-- Up-to-date symlink: /home/saitama1/ros2_foxy/install/rclcpp/share/rclcpp/cmake/rclcppConfig-version.cmake
-- Up-to-date symlink: /home/saitama1/ros2_foxy/install/rclcpp/share/rclcpp/package.xml
-- Up-to-date symlink: /home/saitama1/ros2_foxy/install/rclcpp/include/rclcpp/allocator/allocator_common.hpp
-- Up-to-date symlink: /home/saitama1/ros2_foxy/install/rclcpp/include/rclcpp/allocator/allocator_deleter.hpp
-- Up-to-date symlink: /home/saitama1/ros2_foxy/install/rclcpp/include/rclcpp/any_executable.hpp
-- Up-to-date symlink: /home/saitama1/ros2_foxy/install/rclcpp/include/rclcpp/any_service_callback.hpp
-- Up-to-date symlink: /home/saitama1/ros2_foxy/install/rclcpp/include/rclcpp/any_subscription_callback.hpp
-- Up-to-date symlink: /home/saitama1/ros2_foxy/install/rclcpp/include/rclcpp/callback_group.hpp
-- Up-to-date symlink: /home/saitama1/ros2_foxy/install/rclcpp/include/rclcpp/cb_sched.hpp
-- Up-to-date symlink: /home/saitama1/ros2_foxy/install/rclcpp/include/rclcpp/client.hpp
-- Up-to-date symlink: /home/saitama1/ros2_foxy/install/rclcpp/include/rclcpp/clock.hpp
-- Up-to-date symlink: /home/saitama1/ros2_foxy/install/rclcpp/include/rclcpp/context.hpp
-- Up-to-date symlink: /home/saitama1/ros2_foxy/install/rclcpp/include/rclcpp/contexts/default_context.hpp
-- Up-to-date symlink: /home/saitama1/ros2_foxy/install/rclcpp/include/rclcpp/create_client.hpp
-- Up-to-date symlink: /home/saitama1/ros2_foxy/install/rclcpp/include/rclcpp/create_publisher.hpp
-- Up-to-date symlink: /home/saitama1/ros2_foxy/install/rclcpp/include/rclcpp/create_service.hpp
-- Up-to-date symlink: /home/saitama1/ros2_foxy/install/rclcpp/include/rclcpp/create_subscription.hpp
-- Up-to-date symlink: /home/saitama1/ros2_foxy/install/rclcpp/include/rclcpp/create_timer.hpp
-- Up-to-date symlink: /home/saitama1/ros2_foxy/install/rclcpp/include/rclcpp/detail/README.md
-- Up-to-date symlink: /home/saitama1/ros2_foxy/install/rclcpp/include/rclcpp/detail/mutex_two_priorities.hpp
-- Up-to-date symlink: /home/saitama1/ros2_foxy/install/rclcpp/include/rclcpp/detail/resolve_enable_topic_statistics.hpp
-- Up-to-date symlink: /home/saitama1/ros2_foxy/install/rclcpp/include/rclcpp/detail/resolve_intra_process_buffer_type.hpp
-- Up-to-date symlink: /home/saitama1/ros2_foxy/install/rclcpp/include/rclcpp/detail/resolve_use_intra_process.hpp
-- Up-to-date symlink: /home/saitama1/ros2_foxy/install/rclcpp/include/rclcpp/detail/rmw_implementation_specific_payload.hpp
-- Up-to-date symlink: /home/saitama1/ros2_foxy/install/rclcpp/include/rclcpp/detail/rmw_implementation_specific_publisher_payload.hpp
-- Up-to-date symlink: /home/saitama1/ros2_foxy/install/rclcpp/include/rclcpp/detail/rmw_implementation_specific_subscription_payload.hpp
-- Up-to-date symlink: /home/saitama1/ros2_foxy/install/rclcpp/include/rclcpp/detail/utilities.hpp
-- Up-to-date symlink: /home/saitama1/ros2_foxy/install/rclcpp/include/rclcpp/duration.hpp
-- Up-to-date symlink: /home/saitama1/ros2_foxy/install/rclcpp/include/rclcpp/event.hpp
-- Up-to-date symlink: /home/saitama1/ros2_foxy/install/rclcpp/include/rclcpp/exceptions.hpp
-- Up-to-date symlink: /home/saitama1/ros2_foxy/install/rclcpp/include/rclcpp/exceptions/exceptions.hpp
-- Up-to-date symlink: /home/saitama1/ros2_foxy/install/rclcpp/include/rclcpp/executor.hpp
-- Up-to-date symlink: /home/saitama1/ros2_foxy/install/rclcpp/include/rclcpp/executor_options.hpp
-- Up-to-date symlink: /home/saitama1/ros2_foxy/install/rclcpp/include/rclcpp/executors.hpp
-- Up-to-date symlink: /home/saitama1/ros2_foxy/install/rclcpp/include/rclcpp/executors/multi_threaded_executor.hpp
-- Up-to-date symlink: /home/saitama1/ros2_foxy/install/rclcpp/include/rclcpp/executors/single_threaded_executor.hpp
-- Up-to-date symlink: /home/saitama1/ros2_foxy/install/rclcpp/include/rclcpp/executors/static_executor_entities_collector.hpp
-- Up-to-date symlink: /home/saitama1/ros2_foxy/install/rclcpp/include/rclcpp/executors/static_single_threaded_executor.hpp
-- Up-to-date symlink: /home/saitama1/ros2_foxy/install/rclcpp/include/rclcpp/expand_topic_or_service_name.hpp
-- Up-to-date symlink: /home/saitama1/ros2_foxy/install/rclcpp/include/rclcpp/experimental/README.md
-- Up-to-date symlink: /home/saitama1/ros2_foxy/install/rclcpp/include/rclcpp/experimental/buffers/buffer_implementation_base.hpp
-- Up-to-date symlink: /home/saitama1/ros2_foxy/install/rclcpp/include/rclcpp/experimental/buffers/intra_process_buffer.hpp
-- Up-to-date symlink: /home/saitama1/ros2_foxy/install/rclcpp/include/rclcpp/experimental/buffers/ring_buffer_implementation.hpp
-- Up-to-date symlink: /home/saitama1/ros2_foxy/install/rclcpp/include/rclcpp/experimental/create_intra_process_buffer.hpp
-- Up-to-date symlink: /home/saitama1/ros2_foxy/install/rclcpp/include/rclcpp/experimental/executable_list.hpp
-- Up-to-date symlink: /home/saitama1/ros2_foxy/install/rclcpp/include/rclcpp/experimental/intra_process_manager.hpp
-- Up-to-date symlink: /home/saitama1/ros2_foxy/install/rclcpp/include/rclcpp/experimental/subscription_intra_process.hpp
-- Up-to-date symlink: /home/saitama1/ros2_foxy/install/rclcpp/include/rclcpp/experimental/subscription_intra_process_base.hpp
-- Up-to-date symlink: /home/saitama1/ros2_foxy/install/rclcpp/include/rclcpp/function_traits.hpp
-- Up-to-date symlink: /home/saitama1/ros2_foxy/install/rclcpp/include/rclcpp/future_return_code.hpp
-- Up-to-date symlink: /home/saitama1/ros2_foxy/install/rclcpp/include/rclcpp/graph_listener.hpp
-- Up-to-date symlink: /home/saitama1/ros2_foxy/install/rclcpp/include/rclcpp/guard_condition.hpp
-- Up-to-date symlink: /home/saitama1/ros2_foxy/install/rclcpp/include/rclcpp/init_options.hpp
-- Up-to-date symlink: /home/saitama1/ros2_foxy/install/rclcpp/include/rclcpp/intra_process_buffer_type.hpp
-- Up-to-date symlink: /home/saitama1/ros2_foxy/install/rclcpp/include/rclcpp/intra_process_setting.hpp
-- Up-to-date symlink: /home/saitama1/ros2_foxy/install/rclcpp/include/rclcpp/loaned_message.hpp
-- Up-to-date symlink: /home/saitama1/ros2_foxy/install/rclcpp/include/rclcpp/logger.hpp
-- Up-to-date symlink: /home/saitama1/ros2_foxy/install/rclcpp/include/rclcpp/macros.hpp
-- Up-to-date symlink: /home/saitama1/ros2_foxy/install/rclcpp/include/rclcpp/memory_strategies.hpp
-- Up-to-date symlink: /home/saitama1/ros2_foxy/install/rclcpp/include/rclcpp/memory_strategy.hpp
-- Up-to-date symlink: /home/saitama1/ros2_foxy/install/rclcpp/include/rclcpp/message_info.hpp
-- Up-to-date symlink: /home/saitama1/ros2_foxy/install/rclcpp/include/rclcpp/message_memory_strategy.hpp
-- Up-to-date symlink: /home/saitama1/ros2_foxy/install/rclcpp/include/rclcpp/node.hpp
-- Up-to-date symlink: /home/saitama1/ros2_foxy/install/rclcpp/include/rclcpp/node_impl.hpp
-- Up-to-date symlink: /home/saitama1/ros2_foxy/install/rclcpp/include/rclcpp/node_interfaces/node_base.hpp
-- Up-to-date symlink: /home/saitama1/ros2_foxy/install/rclcpp/include/rclcpp/node_interfaces/node_base_interface.hpp
-- Up-to-date symlink: /home/saitama1/ros2_foxy/install/rclcpp/include/rclcpp/node_interfaces/node_clock.hpp
-- Up-to-date symlink: /home/saitama1/ros2_foxy/install/rclcpp/include/rclcpp/node_interfaces/node_clock_interface.hpp
-- Up-to-date symlink: /home/saitama1/ros2_foxy/install/rclcpp/include/rclcpp/node_interfaces/node_graph.hpp
-- Up-to-date symlink: /home/saitama1/ros2_foxy/install/rclcpp/include/rclcpp/node_interfaces/node_graph_interface.hpp
-- Up-to-date symlink: /home/saitama1/ros2_foxy/install/rclcpp/include/rclcpp/node_interfaces/node_logging.hpp
-- Up-to-date symlink: /home/saitama1/ros2_foxy/install/rclcpp/include/rclcpp/node_interfaces/node_logging_interface.hpp
-- Up-to-date symlink: /home/saitama1/ros2_foxy/install/rclcpp/include/rclcpp/node_interfaces/node_parameters.hpp
-- Up-to-date symlink: /home/saitama1/ros2_foxy/install/rclcpp/include/rclcpp/node_interfaces/node_parameters_interface.hpp
-- Up-to-date symlink: /home/saitama1/ros2_foxy/install/rclcpp/include/rclcpp/node_interfaces/node_services.hpp
-- Up-to-date symlink: /home/saitama1/ros2_foxy/install/rclcpp/include/rclcpp/node_interfaces/node_services_interface.hpp
-- Up-to-date symlink: /home/saitama1/ros2_foxy/install/rclcpp/include/rclcpp/node_interfaces/node_time_source.hpp
-- Up-to-date symlink: /home/saitama1/ros2_foxy/install/rclcpp/include/rclcpp/node_interfaces/node_time_source_interface.hpp
-- Up-to-date symlink: /home/saitama1/ros2_foxy/install/rclcpp/include/rclcpp/node_interfaces/node_timers.hpp
-- Up-to-date symlink: /home/saitama1/ros2_foxy/install/rclcpp/include/rclcpp/node_interfaces/node_timers_interface.hpp
-- Up-to-date symlink: /home/saitama1/ros2_foxy/install/rclcpp/include/rclcpp/node_interfaces/node_topics.hpp
-- Up-to-date symlink: /home/saitama1/ros2_foxy/install/rclcpp/include/rclcpp/node_interfaces/node_topics_interface.hpp
-- Up-to-date symlink: /home/saitama1/ros2_foxy/install/rclcpp/include/rclcpp/node_interfaces/node_waitables.hpp
-- Up-to-date symlink: /home/saitama1/ros2_foxy/install/rclcpp/include/rclcpp/node_interfaces/node_waitables_interface.hpp
-- Up-to-date symlink: /home/saitama1/ros2_foxy/install/rclcpp/include/rclcpp/node_options.hpp
-- Up-to-date symlink: /home/saitama1/ros2_foxy/install/rclcpp/include/rclcpp/parameter.hpp
-- Up-to-date symlink: /home/saitama1/ros2_foxy/install/rclcpp/include/rclcpp/parameter_client.hpp
-- Up-to-date symlink: /home/saitama1/ros2_foxy/install/rclcpp/include/rclcpp/parameter_events_filter.hpp
-- Up-to-date symlink: /home/saitama1/ros2_foxy/install/rclcpp/include/rclcpp/parameter_map.hpp
-- Up-to-date symlink: /home/saitama1/ros2_foxy/install/rclcpp/include/rclcpp/parameter_service.hpp
-- Up-to-date symlink: /home/saitama1/ros2_foxy/install/rclcpp/include/rclcpp/parameter_value.hpp
-- Up-to-date symlink: /home/saitama1/ros2_foxy/install/rclcpp/include/rclcpp/publisher.hpp
-- Up-to-date symlink: /home/saitama1/ros2_foxy/install/rclcpp/include/rclcpp/publisher_base.hpp
-- Up-to-date symlink: /home/saitama1/ros2_foxy/install/rclcpp/include/rclcpp/publisher_factory.hpp
-- Up-to-date symlink: /home/saitama1/ros2_foxy/install/rclcpp/include/rclcpp/publisher_options.hpp
-- Up-to-date symlink: /home/saitama1/ros2_foxy/install/rclcpp/include/rclcpp/qos.hpp
-- Up-to-date symlink: /home/saitama1/ros2_foxy/install/rclcpp/include/rclcpp/qos_event.hpp
-- Up-to-date symlink: /home/saitama1/ros2_foxy/install/rclcpp/include/rclcpp/rate.hpp
-- Up-to-date symlink: /home/saitama1/ros2_foxy/install/rclcpp/include/rclcpp/rclcpp.hpp
-- Up-to-date symlink: /home/saitama1/ros2_foxy/install/rclcpp/include/rclcpp/scope_exit.hpp
-- Up-to-date symlink: /home/saitama1/ros2_foxy/install/rclcpp/include/rclcpp/serialization.hpp
-- Up-to-date symlink: /home/saitama1/ros2_foxy/install/rclcpp/include/rclcpp/serialized_message.hpp
-- Up-to-date symlink: /home/saitama1/ros2_foxy/install/rclcpp/include/rclcpp/service.hpp
-- Up-to-date symlink: /home/saitama1/ros2_foxy/install/rclcpp/include/rclcpp/strategies/allocator_memory_strategy.hpp
-- Up-to-date symlink: /home/saitama1/ros2_foxy/install/rclcpp/include/rclcpp/strategies/message_pool_memory_strategy.hpp
-- Up-to-date symlink: /home/saitama1/ros2_foxy/install/rclcpp/include/rclcpp/subscription.hpp
-- Up-to-date symlink: /home/saitama1/ros2_foxy/install/rclcpp/include/rclcpp/subscription_base.hpp
-- Up-to-date symlink: /home/saitama1/ros2_foxy/install/rclcpp/include/rclcpp/subscription_factory.hpp
-- Up-to-date symlink: /home/saitama1/ros2_foxy/install/rclcpp/include/rclcpp/subscription_options.hpp
-- Up-to-date symlink: /home/saitama1/ros2_foxy/install/rclcpp/include/rclcpp/subscription_traits.hpp
-- Up-to-date symlink: /home/saitama1/ros2_foxy/install/rclcpp/include/rclcpp/subscription_wait_set_mask.hpp
-- Up-to-date symlink: /home/saitama1/ros2_foxy/install/rclcpp/include/rclcpp/time.hpp
-- Up-to-date symlink: /home/saitama1/ros2_foxy/install/rclcpp/include/rclcpp/time_source.hpp
-- Up-to-date symlink: /home/saitama1/ros2_foxy/install/rclcpp/include/rclcpp/timer.hpp
-- Up-to-date symlink: /home/saitama1/ros2_foxy/install/rclcpp/include/rclcpp/topic_statistics/subscription_topic_statistics.hpp
-- Up-to-date symlink: /home/saitama1/ros2_foxy/install/rclcpp/include/rclcpp/topic_statistics_state.hpp
-- Up-to-date symlink: /home/saitama1/ros2_foxy/install/rclcpp/include/rclcpp/type_support_decl.hpp
-- Up-to-date symlink: /home/saitama1/ros2_foxy/install/rclcpp/include/rclcpp/utilities.hpp
-- Up-to-date symlink: /home/saitama1/ros2_foxy/install/rclcpp/include/rclcpp/visibility_control.hpp
-- Up-to-date symlink: /home/saitama1/ros2_foxy/install/rclcpp/include/rclcpp/wait_result.hpp
-- Up-to-date symlink: /home/saitama1/ros2_foxy/install/rclcpp/include/rclcpp/wait_result_kind.hpp
-- Up-to-date symlink: /home/saitama1/ros2_foxy/install/rclcpp/include/rclcpp/wait_set.hpp
-- Up-to-date symlink: /home/saitama1/ros2_foxy/install/rclcpp/include/rclcpp/wait_set_policies/detail/storage_policy_common.hpp
-- Up-to-date symlink: /home/saitama1/ros2_foxy/install/rclcpp/include/rclcpp/wait_set_policies/detail/synchronization_policy_common.hpp
-- Up-to-date symlink: /home/saitama1/ros2_foxy/install/rclcpp/include/rclcpp/wait_set_policies/detail/write_preferring_read_write_lock.hpp
-- Up-to-date symlink: /home/saitama1/ros2_foxy/install/rclcpp/include/rclcpp/wait_set_policies/dynamic_storage.hpp
-- Up-to-date symlink: /home/saitama1/ros2_foxy/install/rclcpp/include/rclcpp/wait_set_policies/sequential_synchronization.hpp
-- Up-to-date symlink: /home/saitama1/ros2_foxy/install/rclcpp/include/rclcpp/wait_set_policies/static_storage.hpp
-- Up-to-date symlink: /home/saitama1/ros2_foxy/install/rclcpp/include/rclcpp/wait_set_policies/thread_safe_synchronization.hpp
-- Up-to-date symlink: /home/saitama1/ros2_foxy/install/rclcpp/include/rclcpp/wait_set_template.hpp
-- Up-to-date symlink: /home/saitama1/ros2_foxy/install/rclcpp/include/rclcpp/waitable.hpp
-- Up-to-date symlink: /home/saitama1/ros2_foxy/install/rclcpp/include/rclcpp/logging.hpp
-- Up-to-date symlink: /home/saitama1/ros2_foxy/install/rclcpp/include/rclcpp/node_interfaces/get_node_base_interface.hpp
-- Up-to-date symlink: /home/saitama1/ros2_foxy/install/rclcpp/include/rclcpp/node_interfaces/get_node_clock_interface.hpp
-- Up-to-date symlink: /home/saitama1/ros2_foxy/install/rclcpp/include/rclcpp/node_interfaces/get_node_graph_interface.hpp
-- Up-to-date symlink: /home/saitama1/ros2_foxy/install/rclcpp/include/rclcpp/node_interfaces/get_node_logging_interface.hpp
-- Up-to-date symlink: /home/saitama1/ros2_foxy/install/rclcpp/include/rclcpp/node_interfaces/get_node_parameters_interface.hpp
-- Up-to-date symlink: /home/saitama1/ros2_foxy/install/rclcpp/include/rclcpp/node_interfaces/get_node_services_interface.hpp
-- Up-to-date symlink: /home/saitama1/ros2_foxy/install/rclcpp/include/rclcpp/node_interfaces/get_node_time_source_interface.hpp
-- Up-to-date symlink: /home/saitama1/ros2_foxy/install/rclcpp/include/rclcpp/node_interfaces/get_node_timers_interface.hpp
-- Up-to-date symlink: /home/saitama1/ros2_foxy/install/rclcpp/include/rclcpp/node_interfaces/get_node_topics_interface.hpp
-- Up-to-date symlink: /home/saitama1/ros2_foxy/install/rclcpp/include/rclcpp/node_interfaces/get_node_waitables_interface.hpp
-- Up-to-date symlink: /home/saitama1/ros2_foxy/install/rclcpp/include/rclcpp/node_interfaces/node_base_interface_traits.hpp
-- Up-to-date symlink: /home/saitama1/ros2_foxy/install/rclcpp/include/rclcpp/node_interfaces/node_clock_interface_traits.hpp
-- Up-to-date symlink: /home/saitama1/ros2_foxy/install/rclcpp/include/rclcpp/node_interfaces/node_graph_interface_traits.hpp
-- Up-to-date symlink: /home/saitama1/ros2_foxy/install/rclcpp/include/rclcpp/node_interfaces/node_logging_interface_traits.hpp
-- Up-to-date symlink: /home/saitama1/ros2_foxy/install/rclcpp/include/rclcpp/node_interfaces/node_parameters_interface_traits.hpp
-- Up-to-date symlink: /home/saitama1/ros2_foxy/install/rclcpp/include/rclcpp/node_interfaces/node_services_interface_traits.hpp
-- Up-to-date symlink: /home/saitama1/ros2_foxy/install/rclcpp/include/rclcpp/node_interfaces/node_time_source_interface_traits.hpp
-- Up-to-date symlink: /home/saitama1/ros2_foxy/install/rclcpp/include/rclcpp/node_interfaces/node_timers_interface_traits.hpp
-- Up-to-date symlink: /home/saitama1/ros2_foxy/install/rclcpp/include/rclcpp/node_interfaces/node_topics_interface_traits.hpp
-- Up-to-date symlink: /home/saitama1/ros2_foxy/install/rclcpp/include/rclcpp/node_interfaces/node_waitables_interface_traits.hpp
-- Installing: /home/saitama1/ros2_foxy/install/rclcpp/lib/librclcpp.so
-- Set runtime path of "/home/saitama1/ros2_foxy/install/rclcpp/lib/librclcpp.so" to ""
-- Up-to-date: /home/saitama1/ros2_foxy/install/rclcpp/share/rclcpp/cmake/rclcppExport.cmake
-- Installing: /home/saitama1/ros2_foxy/install/rclcpp/share/rclcpp/cmake/rclcppExport-noconfig.cmake
