[0.063s] Invoking command in '/home/saitama1/ros2_foxy/build/ament_cmake_libraries': AMENT_PREFIX_PATH=/home/saitama1/ros2_foxy/install/ament_cmake_core:/home/saitama1/ros2_foxy/install/ament_package CMAKE_PREFIX_PATH=/home/saitama1/ros2_foxy/install/ament_cmake_core PYTHONPATH=/home/saitama1/ros2_foxy/build/ament_package:/home/saitama1/ros2_foxy/install/ament_package/lib/python3.8/site-packages /usr/bin/cmake --build /home/saitama1/ros2_foxy/build/ament_cmake_libraries -- -j12 -l12
[0.140s] Invoked command in '/home/saitama1/ros2_foxy/build/ament_cmake_libraries' returned '0': AMENT_PREFIX_PATH=/home/saitama1/ros2_foxy/install/ament_cmake_core:/home/saitama1/ros2_foxy/install/ament_package CMAKE_PREFIX_PATH=/home/saitama1/ros2_foxy/install/ament_cmake_core PYTHONPATH=/home/saitama1/ros2_foxy/build/ament_package:/home/saitama1/ros2_foxy/install/ament_package/lib/python3.8/site-packages /usr/bin/cmake --build /home/saitama1/ros2_foxy/build/ament_cmake_libraries -- -j12 -l12
[0.192s] Invoking command in '/home/saitama1/ros2_foxy/build/ament_cmake_libraries': AMENT_PREFIX_PATH=/home/saitama1/ros2_foxy/install/ament_cmake_core:/home/saitama1/ros2_foxy/install/ament_package CMAKE_PREFIX_PATH=/home/saitama1/ros2_foxy/install/ament_cmake_core PYTHONPATH=/home/saitama1/ros2_foxy/build/ament_package:/home/saitama1/ros2_foxy/install/ament_package/lib/python3.8/site-packages /usr/bin/cmake --install /home/saitama1/ros2_foxy/build/ament_cmake_libraries
[0.209s] -- Install configuration: ""
[0.209s] -- Execute custom install script
[0.210s] -- Up-to-date symlink: /home/saitama1/ros2_foxy/install/ament_cmake_libraries/share/ament_index/resource_index/package_run_dependencies/ament_cmake_libraries
[0.210s] -- Up-to-date symlink: /home/saitama1/ros2_foxy/install/ament_cmake_libraries/share/ament_index/resource_index/parent_prefix_path/ament_cmake_libraries
[0.210s] -- Up-to-date symlink: /home/saitama1/ros2_foxy/install/ament_cmake_libraries/share/ament_cmake_libraries/environment/ament_prefix_path.sh
[0.211s] -- Up-to-date symlink: /home/saitama1/ros2_foxy/install/ament_cmake_libraries/share/ament_cmake_libraries/environment/ament_prefix_path.dsv
[0.211s] -- Up-to-date symlink: /home/saitama1/ros2_foxy/install/ament_cmake_libraries/share/ament_cmake_libraries/environment/path.sh
[0.213s] -- Up-to-date symlink: /home/saitama1/ros2_foxy/install/ament_cmake_libraries/share/ament_cmake_libraries/environment/path.dsv
[0.213s] -- Up-to-date symlink: /home/saitama1/ros2_foxy/install/ament_cmake_libraries/share/ament_cmake_libraries/local_setup.bash
[0.214s] -- Up-to-date symlink: /home/saitama1/ros2_foxy/install/ament_cmake_libraries/share/ament_cmake_libraries/local_setup.sh
[0.215s] -- Up-to-date symlink: /home/saitama1/ros2_foxy/install/ament_cmake_libraries/share/ament_cmake_libraries/local_setup.zsh
[0.215s] -- Up-to-date symlink: /home/saitama1/ros2_foxy/install/ament_cmake_libraries/share/ament_cmake_libraries/local_setup.dsv
[0.215s] -- Symlinking: /home/saitama1/ros2_foxy/install/ament_cmake_libraries/share/ament_cmake_libraries/package.dsv
[0.224s] -- Up-to-date symlink: /home/saitama1/ros2_foxy/install/ament_cmake_libraries/share/ament_index/resource_index/packages/ament_cmake_libraries
[0.225s] -- Up-to-date symlink: /home/saitama1/ros2_foxy/install/ament_cmake_libraries/share/ament_cmake_libraries/cmake/ament_cmake_libraries-extras.cmake
[0.225s] -- Up-to-date symlink: /home/saitama1/ros2_foxy/install/ament_cmake_libraries/share/ament_cmake_libraries/cmake/ament_cmake_librariesConfig.cmake
[0.229s] -- Up-to-date symlink: /home/saitama1/ros2_foxy/install/ament_cmake_libraries/share/ament_cmake_libraries/cmake/ament_cmake_librariesConfig-version.cmake
[0.231s] -- Up-to-date symlink: /home/saitama1/ros2_foxy/install/ament_cmake_libraries/share/ament_cmake_libraries/package.xml
[0.231s] -- Up-to-date symlink: /home/saitama1/ros2_foxy/install/ament_cmake_libraries/share/ament_cmake_libraries/cmake/ament_libraries_deduplicate.cmake
[0.233s] -- Up-to-date symlink: /home/saitama1/ros2_foxy/install/ament_cmake_libraries/share/ament_cmake_libraries/cmake/ament_libraries_pack_build_configuration.cmake
[0.233s] -- Up-to-date symlink: /home/saitama1/ros2_foxy/install/ament_cmake_libraries/share/ament_cmake_libraries/cmake/ament_libraries_unpack_build_configuration.cmake
[0.254s] Invoked command in '/home/saitama1/ros2_foxy/build/ament_cmake_libraries' returned '0': AMENT_PREFIX_PATH=/home/saitama1/ros2_foxy/install/ament_cmake_core:/home/saitama1/ros2_foxy/install/ament_package CMAKE_PREFIX_PATH=/home/saitama1/ros2_foxy/install/ament_cmake_core PYTHONPATH=/home/saitama1/ros2_foxy/build/ament_package:/home/saitama1/ros2_foxy/install/ament_package/lib/python3.8/site-packages /usr/bin/cmake --install /home/saitama1/ros2_foxy/build/ament_cmake_libraries
