-- Found ament_cmake: 0.9.8 (/home/saitama1/ros2_foxy/install/ament_cmake/share/ament_cmake/cmake)
-- Using PYTHON_EXECUTABLE: /usr/bin/python3
-- Override CMake install command with custom implementation using symlinks instead of copying resources
-- Found ament_cmake_ros: 0.9.2 (/home/saitama1/ros2_foxy/install/ament_cmake_ros/share/ament_cmake_ros/cmake)
-- Found rcutils: 1.1.3 (/home/saitama1/ros2_foxy/install/rcutils/share/rcutils/cmake)
-- Found ament_lint_auto: 0.9.6 (/home/saitama1/ros2_foxy/install/ament_lint_auto/share/ament_lint_auto/cmake)
-- Found gtest sources under '/home/saitama1/ros2_foxy/install/gtest_vendor/src/gtest_vendor': C++ tests using 'Google Test' will be built
-- Added test 'copyright' to check source files copyright and LICENSE
-- Added test 'cppcheck' to perform static code analysis on C / C++ code
-- Configured cppcheck include dirs: /home/saitama1/ros2_foxy/src/ros2/rcpputils/include;$<BUILD_INTERFACE:/home/saitama1/ros2_foxy/src/ros2/rcpputils/include>
-- Configured cppcheck exclude dirs and/or files: 
-- Added test 'cpplint' to check C / C++ code against the Google style
-- Configured cpplint exclude dirs and/or files: 
-- Added test 'lint_cmake' to check CMake code style
-- Added test 'uncrustify' to check C / C++ code style
-- Configured uncrustify additional arguments: 
-- Added test 'xmllint' to check XML markup files
-- Configuring done
-- Generating done
-- Build files have been written to: /home/saitama1/ros2_foxy/build/rcpputils
[  4%] Built target dummy_shared_library
[ 14%] Built target gtest_main
[ 14%] Built target test_library
[ 23%] Built target rcpputils
[ 28%] Built target gtest
[ 33%] Built target test_shared_library
[ 38%] Built target test_clamp
[ 45%] Built target test_scope_exit
[ 47%] Built target test_endian
[ 52%] Built target test_asserts_debug
[ 57%] Built target test_join
[ 61%] Built target test_process
[ 66%] Built target test_find_library
[ 71%] Built target test_find_and_replace
[ 76%] Built target test_thread_safety_annotations
[ 80%] Built target test_asserts_ndebug
[ 85%] Built target test_get_env
[ 90%] Built target test_split
[ 95%] Built target test_filesystem_helper
[100%] Built target test_pointer_traits
-- Install configuration: ""
-- Execute custom install script
-- Symlinking: /home/saitama1/ros2_foxy/install/rcpputils/share/rcpputils/environment/library_path.sh
-- Symlinking: /home/saitama1/ros2_foxy/install/rcpputils/share/rcpputils/environment/library_path.dsv
-- Symlinking: /home/saitama1/ros2_foxy/install/rcpputils/share/ament_index/resource_index/package_run_dependencies/rcpputils
-- Symlinking: /home/saitama1/ros2_foxy/install/rcpputils/share/ament_index/resource_index/parent_prefix_path/rcpputils
-- Symlinking: /home/saitama1/ros2_foxy/install/rcpputils/share/rcpputils/environment/ament_prefix_path.sh
-- Symlinking: /home/saitama1/ros2_foxy/install/rcpputils/share/rcpputils/environment/ament_prefix_path.dsv
-- Symlinking: /home/saitama1/ros2_foxy/install/rcpputils/share/rcpputils/environment/path.sh
-- Symlinking: /home/saitama1/ros2_foxy/install/rcpputils/share/rcpputils/environment/path.dsv
-- Symlinking: /home/saitama1/ros2_foxy/install/rcpputils/share/rcpputils/local_setup.bash
-- Symlinking: /home/saitama1/ros2_foxy/install/rcpputils/share/rcpputils/local_setup.sh
-- Symlinking: /home/saitama1/ros2_foxy/install/rcpputils/share/rcpputils/local_setup.zsh
-- Symlinking: /home/saitama1/ros2_foxy/install/rcpputils/share/rcpputils/local_setup.dsv
-- Symlinking: /home/saitama1/ros2_foxy/install/rcpputils/share/rcpputils/package.dsv
-- Symlinking: /home/saitama1/ros2_foxy/install/rcpputils/share/ament_index/resource_index/packages/rcpputils
-- Symlinking: /home/saitama1/ros2_foxy/install/rcpputils/share/rcpputils/cmake/ament_cmake_export_include_directories-extras.cmake
-- Symlinking: /home/saitama1/ros2_foxy/install/rcpputils/share/rcpputils/cmake/ament_cmake_export_libraries-extras.cmake
-- Symlinking: /home/saitama1/ros2_foxy/install/rcpputils/share/rcpputils/cmake/ament_cmake_export_targets-extras.cmake
-- Symlinking: /home/saitama1/ros2_foxy/install/rcpputils/share/rcpputils/cmake/ament_cmake_export_dependencies-extras.cmake
-- Symlinking: /home/saitama1/ros2_foxy/install/rcpputils/share/rcpputils/cmake/rcpputilsConfig.cmake
-- Symlinking: /home/saitama1/ros2_foxy/install/rcpputils/share/rcpputils/cmake/rcpputilsConfig-version.cmake
-- Symlinking: /home/saitama1/ros2_foxy/install/rcpputils/share/rcpputils/package.xml
-- Symlinking: /home/saitama1/ros2_foxy/install/rcpputils/include/rcppmath/clamp.hpp
-- Symlinking: /home/saitama1/ros2_foxy/install/rcpputils/include/rcpputils/asserts.hpp
-- Symlinking: /home/saitama1/ros2_foxy/install/rcpputils/include/rcpputils/endian.hpp
-- Symlinking: /home/saitama1/ros2_foxy/install/rcpputils/include/rcpputils/filesystem_helper.hpp
-- Symlinking: /home/saitama1/ros2_foxy/install/rcpputils/include/rcpputils/find_and_replace.hpp
-- Symlinking: /home/saitama1/ros2_foxy/install/rcpputils/include/rcpputils/find_library.hpp
-- Symlinking: /home/saitama1/ros2_foxy/install/rcpputils/include/rcpputils/get_env.hpp
-- Symlinking: /home/saitama1/ros2_foxy/install/rcpputils/include/rcpputils/join.hpp
-- Symlinking: /home/saitama1/ros2_foxy/install/rcpputils/include/rcpputils/pointer_traits.hpp
-- Symlinking: /home/saitama1/ros2_foxy/install/rcpputils/include/rcpputils/process.hpp
-- Symlinking: /home/saitama1/ros2_foxy/install/rcpputils/include/rcpputils/scope_exit.hpp
-- Symlinking: /home/saitama1/ros2_foxy/install/rcpputils/include/rcpputils/shared_library.hpp
-- Symlinking: /home/saitama1/ros2_foxy/install/rcpputils/include/rcpputils/split.hpp
-- Symlinking: /home/saitama1/ros2_foxy/install/rcpputils/include/rcpputils/thread_safety_annotations.hpp
-- Symlinking: /home/saitama1/ros2_foxy/install/rcpputils/include/rcpputils/visibility_control.hpp
-- Up-to-date: /home/saitama1/ros2_foxy/install/rcpputils/share/rcpputils/cmake/rcpputilsExport.cmake
-- Installing: /home/saitama1/ros2_foxy/install/rcpputils/share/rcpputils/cmake/rcpputilsExport-noconfig.cmake
-- Up-to-date: /home/saitama1/ros2_foxy/install/rcpputils/lib/librcpputils.so
