[0.000000] (-) TimerEvent: {}
[0.000214] (-) JobUnselected: {'identifier': 'action_msgs'}
[0.000268] (-) JobUnselected: {'identifier': 'action_tutorials_cpp'}
[0.000292] (-) JobUnselected: {'identifier': 'action_tutorials_interfaces'}
[0.000318] (-) JobUnselected: {'identifier': 'action_tutorials_py'}
[0.000366] (-) JobUnselected: {'identifier': 'actionlib_msgs'}
[0.000413] (-) JobUnselected: {'identifier': 'ament_clang_format'}
[0.000475] (-) JobUnselected: {'identifier': 'ament_clang_tidy'}
[0.000506] (-) JobUnselected: {'identifier': 'ament_cmake'}
[0.000519] (-) JobUnselected: {'identifier': 'ament_cmake_auto'}
[0.000530] (-) JobUnselected: {'identifier': 'ament_cmake_clang_format'}
[0.000541] (-) JobUnselected: {'identifier': 'ament_cmake_clang_tidy'}
[0.000552] (-) JobUnselected: {'identifier': 'ament_cmake_copyright'}
[0.000565] (-) JobUnselected: {'identifier': 'ament_cmake_core'}
[0.000577] (-) JobUnselected: {'identifier': 'ament_cmake_cppcheck'}
[0.000589] (-) JobUnselected: {'identifier': 'ament_cmake_cpplint'}
[0.000600] (-) JobUnselected: {'identifier': 'ament_cmake_export_definitions'}
[0.000610] (-) JobUnselected: {'identifier': 'ament_cmake_export_dependencies'}
[0.000621] (-) JobUnselected: {'identifier': 'ament_cmake_export_include_directories'}
[0.000632] (-) JobUnselected: {'identifier': 'ament_cmake_export_interfaces'}
[0.000646] (-) JobUnselected: {'identifier': 'ament_cmake_export_libraries'}
[0.000657] (-) JobUnselected: {'identifier': 'ament_cmake_export_link_flags'}
[0.000668] (-) JobUnselected: {'identifier': 'ament_cmake_export_targets'}
[0.000679] (-) JobUnselected: {'identifier': 'ament_cmake_flake8'}
[0.000689] (-) JobUnselected: {'identifier': 'ament_cmake_gmock'}
[0.000700] (-) JobUnselected: {'identifier': 'ament_cmake_google_benchmark'}
[0.000710] (-) JobUnselected: {'identifier': 'ament_cmake_gtest'}
[0.000721] (-) JobUnselected: {'identifier': 'ament_cmake_include_directories'}
[0.000731] (-) JobUnselected: {'identifier': 'ament_cmake_libraries'}
[0.000742] (-) JobUnselected: {'identifier': 'ament_cmake_lint_cmake'}
[0.000752] (-) JobUnselected: {'identifier': 'ament_cmake_mypy'}
[0.000762] (-) JobUnselected: {'identifier': 'ament_cmake_nose'}
[0.000773] (-) JobUnselected: {'identifier': 'ament_cmake_pclint'}
[0.000783] (-) JobUnselected: {'identifier': 'ament_cmake_pep257'}
[0.000794] (-) JobUnselected: {'identifier': 'ament_cmake_pycodestyle'}
[0.000804] (-) JobUnselected: {'identifier': 'ament_cmake_pyflakes'}
[0.000815] (-) JobUnselected: {'identifier': 'ament_cmake_pytest'}
[0.000825] (-) JobUnselected: {'identifier': 'ament_cmake_python'}
[0.000835] (-) JobUnselected: {'identifier': 'ament_cmake_ros'}
[0.000846] (-) JobUnselected: {'identifier': 'ament_cmake_target_dependencies'}
[0.000856] (-) JobUnselected: {'identifier': 'ament_cmake_test'}
[0.000867] (-) JobUnselected: {'identifier': 'ament_cmake_uncrustify'}
[0.000877] (-) JobUnselected: {'identifier': 'ament_cmake_version'}
[0.000892] (-) JobUnselected: {'identifier': 'ament_cmake_xmllint'}
[0.000909] (-) JobUnselected: {'identifier': 'ament_copyright'}
[0.000925] (-) JobUnselected: {'identifier': 'ament_cppcheck'}
[0.000937] (-) JobUnselected: {'identifier': 'ament_cpplint'}
[0.000948] (-) JobUnselected: {'identifier': 'ament_flake8'}
[0.000959] (-) JobUnselected: {'identifier': 'ament_index_cpp'}
[0.000970] (-) JobUnselected: {'identifier': 'ament_index_python'}
[0.000981] (-) JobUnselected: {'identifier': 'ament_lint'}
[0.000992] (-) JobUnselected: {'identifier': 'ament_lint_auto'}
[0.001002] (-) JobUnselected: {'identifier': 'ament_lint_cmake'}
[0.001013] (-) JobUnselected: {'identifier': 'ament_lint_common'}
[0.001023] (-) JobUnselected: {'identifier': 'ament_mypy'}
[0.001034] (-) JobUnselected: {'identifier': 'ament_package'}
[0.001044] (-) JobUnselected: {'identifier': 'ament_pclint'}
[0.001055] (-) JobUnselected: {'identifier': 'ament_pep257'}
[0.001065] (-) JobUnselected: {'identifier': 'ament_pycodestyle'}
[0.001075] (-) JobUnselected: {'identifier': 'ament_pyflakes'}
[0.001086] (-) JobUnselected: {'identifier': 'ament_uncrustify'}
[0.001102] (-) JobUnselected: {'identifier': 'ament_xmllint'}
[0.001113] (-) JobUnselected: {'identifier': 'apex_test_tools'}
[0.001123] (-) JobUnselected: {'identifier': 'automotive_autonomy_msgs'}
[0.001134] (-) JobUnselected: {'identifier': 'automotive_navigation_msgs'}
[0.001144] (-) JobUnselected: {'identifier': 'automotive_platform_msgs'}
[0.001155] (-) JobUnselected: {'identifier': 'builtin_interfaces'}
[0.001165] (-) JobUnselected: {'identifier': 'can_msgs'}
[0.001175] (-) JobUnselected: {'identifier': 'class_loader'}
[0.001186] (-) JobUnselected: {'identifier': 'common_interfaces'}
[0.001196] (-) JobUnselected: {'identifier': 'composition'}
[0.001207] (-) JobUnselected: {'identifier': 'composition_interfaces'}
[0.001217] (-) JobUnselected: {'identifier': 'connext_cmake_module'}
[0.001227] (-) JobUnselected: {'identifier': 'console_bridge_vendor'}
[0.001238] (-) JobUnselected: {'identifier': 'cyclonedds'}
[0.001248] (-) JobUnselected: {'identifier': 'demo_nodes_cpp'}
[0.001258] (-) JobUnselected: {'identifier': 'demo_nodes_cpp_native'}
[0.001269] (-) JobUnselected: {'identifier': 'demo_nodes_py'}
[0.001284] (-) JobUnselected: {'identifier': 'diagnostic_msgs'}
[0.001295] (-) JobUnselected: {'identifier': 'domain_coordinator'}
[0.001305] (-) JobUnselected: {'identifier': 'dummy_map_server'}
[0.001316] (-) JobUnselected: {'identifier': 'dummy_robot_bringup'}
[0.001326] (-) JobUnselected: {'identifier': 'dummy_sensors'}
[0.001336] (-) JobUnselected: {'identifier': 'eigen3_cmake_module'}
[0.001347] (-) JobUnselected: {'identifier': 'example_interfaces'}
[0.001358] (-) JobUnselected: {'identifier': 'examples_rclcpp_minimal_action_client'}
[0.001368] (-) JobUnselected: {'identifier': 'examples_rclcpp_minimal_action_server'}
[0.001379] (-) JobUnselected: {'identifier': 'examples_rclcpp_minimal_client'}
[0.001389] (-) JobUnselected: {'identifier': 'examples_rclcpp_minimal_composition'}
[0.001400] (-) JobUnselected: {'identifier': 'examples_rclcpp_minimal_publisher'}
[0.001410] (-) JobUnselected: {'identifier': 'examples_rclcpp_minimal_service'}
[0.001421] (-) JobUnselected: {'identifier': 'examples_rclcpp_minimal_subscriber'}
[0.001431] (-) JobUnselected: {'identifier': 'examples_rclcpp_minimal_timer'}
[0.001442] (-) JobUnselected: {'identifier': 'examples_rclcpp_multithreaded_executor'}
[0.001452] (-) JobUnselected: {'identifier': 'examples_rclpy_executors'}
[0.001462] (-) JobUnselected: {'identifier': 'examples_rclpy_minimal_action_client'}
[0.001473] (-) JobUnselected: {'identifier': 'examples_rclpy_minimal_action_server'}
[0.001483] (-) JobUnselected: {'identifier': 'examples_rclpy_minimal_client'}
[0.001493] (-) JobUnselected: {'identifier': 'examples_rclpy_minimal_publisher'}
[0.001503] (-) JobUnselected: {'identifier': 'examples_rclpy_minimal_service'}
[0.001514] (-) JobUnselected: {'identifier': 'examples_rclpy_minimal_subscriber'}
[0.001524] (-) JobUnselected: {'identifier': 'examples_tf2_py'}
[0.001534] (-) JobUnselected: {'identifier': 'fastcdr'}
[0.001545] (-) JobUnselected: {'identifier': 'fastrtps'}
[0.001555] (-) JobUnselected: {'identifier': 'fastrtps_cmake_module'}
[0.001565] (-) JobUnselected: {'identifier': 'foonathan_memory_vendor'}
[0.001576] (-) JobUnselected: {'identifier': 'geometry2'}
[0.001586] (-) JobUnselected: {'identifier': 'geometry_msgs'}
[0.001596] (-) JobUnselected: {'identifier': 'gmock_vendor'}
[0.001607] (-) JobUnselected: {'identifier': 'google_benchmark_vendor'}
[0.001617] (-) JobUnselected: {'identifier': 'gtest_vendor'}
[0.001627] (-) JobUnselected: {'identifier': 'image_tools'}
[0.001637] (-) JobUnselected: {'identifier': 'interactive_markers'}
[0.001648] (-) JobUnselected: {'identifier': 'intra_process_demo'}
[0.001658] (-) JobUnselected: {'identifier': 'kdl_parser'}
[0.001668] (-) JobUnselected: {'identifier': 'lanelet2'}
[0.001678] (-) JobUnselected: {'identifier': 'lanelet2_core'}
[0.001689] (-) JobUnselected: {'identifier': 'lanelet2_examples'}
[0.001699] (-) JobUnselected: {'identifier': 'lanelet2_io'}
[0.001710] (-) JobUnselected: {'identifier': 'lanelet2_maps'}
[0.001724] (-) JobUnselected: {'identifier': 'lanelet2_matching'}
[0.001735] (-) JobUnselected: {'identifier': 'lanelet2_projection'}
[0.001745] (-) JobUnselected: {'identifier': 'lanelet2_python'}
[0.001755] (-) JobUnselected: {'identifier': 'lanelet2_routing'}
[0.001766] (-) JobUnselected: {'identifier': 'lanelet2_traffic_rules'}
[0.001776] (-) JobUnselected: {'identifier': 'lanelet2_validation'}
[0.001786] (-) JobUnselected: {'identifier': 'laser_geometry'}
[0.001797] (-) JobUnselected: {'identifier': 'launch'}
[0.001807] (-) JobUnselected: {'identifier': 'launch_ros'}
[0.001817] (-) JobUnselected: {'identifier': 'launch_testing'}
[0.001828] (-) JobUnselected: {'identifier': 'launch_testing_ament_cmake'}
[0.001838] (-) JobUnselected: {'identifier': 'launch_testing_ros'}
[0.001849] (-) JobUnselected: {'identifier': 'launch_xml'}
[0.001859] (-) JobUnselected: {'identifier': 'launch_yaml'}
[0.001870] (-) JobUnselected: {'identifier': 'lgsvl_msgs'}
[0.001881] (-) JobUnselected: {'identifier': 'libcurl_vendor'}
[0.001910] (-) JobUnselected: {'identifier': 'libstatistics_collector'}
[0.001924] (-) JobUnselected: {'identifier': 'libyaml_vendor'}
[0.001935] (-) JobUnselected: {'identifier': 'lifecycle'}
[0.001946] (-) JobUnselected: {'identifier': 'lifecycle_msgs'}
[0.001956] (-) JobUnselected: {'identifier': 'logging_demo'}
[0.001967] (-) JobUnselected: {'identifier': 'map_msgs'}
[0.001977] (-) JobUnselected: {'identifier': 'message_filters'}
[0.001989] (-) JobUnselected: {'identifier': 'mimick_vendor'}
[0.001999] (-) JobUnselected: {'identifier': 'move_base_msgs'}
[0.002010] (-) JobUnselected: {'identifier': 'mrt_cmake_modules'}
[0.002020] (-) JobUnselected: {'identifier': 'nav_msgs'}
[0.002031] (-) JobUnselected: {'identifier': 'orocos_kdl'}
[0.002041] (-) JobUnselected: {'identifier': 'osrf_pycommon'}
[0.002051] (-) JobUnselected: {'identifier': 'osrf_testing_tools_cpp'}
[0.002062] (-) JobUnselected: {'identifier': 'pcl_conversions'}
[0.002072] (-) JobUnselected: {'identifier': 'pcl_msgs'}
[0.002083] (-) JobUnselected: {'identifier': 'pcl_ros'}
[0.002093] (-) JobUnselected: {'identifier': 'pendulum_control'}
[0.002103] (-) JobUnselected: {'identifier': 'pendulum_msgs'}
[0.002113] (-) JobUnselected: {'identifier': 'perception_pcl'}
[0.002123] (-) JobUnselected: {'identifier': 'performance_test_fixture'}
[0.002134] (-) JobUnselected: {'identifier': 'picas_example'}
[0.002144] (-) JobUnselected: {'identifier': 'pluginlib'}
[0.002154] (-) JobUnselected: {'identifier': 'python_cmake_module'}
[0.002164] (-) JobUnselected: {'identifier': 'python_qt_binding'}
[0.002175] (-) JobUnselected: {'identifier': 'qt_dotgraph'}
[0.002185] (-) JobUnselected: {'identifier': 'qt_gui'}
[0.002195] (-) JobUnselected: {'identifier': 'qt_gui_app'}
[0.002206] (-) JobUnselected: {'identifier': 'qt_gui_core'}
[0.002216] (-) JobUnselected: {'identifier': 'qt_gui_cpp'}
[0.002226] (-) JobUnselected: {'identifier': 'qt_gui_py_common'}
[0.002237] (-) JobUnselected: {'identifier': 'quality_of_service_demo_cpp'}
[0.002247] (-) JobUnselected: {'identifier': 'quality_of_service_demo_py'}
[0.002257] (-) JobUnselected: {'identifier': 'rcl'}
[0.002268] (-) JobUnselected: {'identifier': 'rcl_action'}
[0.002278] (-) JobUnselected: {'identifier': 'rcl_interfaces'}
[0.002289] (-) JobUnselected: {'identifier': 'rcl_lifecycle'}
[0.002299] (-) JobUnselected: {'identifier': 'rcl_logging_log4cxx'}
[0.002309] (-) JobUnselected: {'identifier': 'rcl_logging_noop'}
[0.002320] (-) JobUnselected: {'identifier': 'rcl_logging_spdlog'}
[0.002330] (-) JobUnselected: {'identifier': 'rcl_yaml_param_parser'}
[0.002340] (-) JobUnselected: {'identifier': 'rclcpp'}
[0.002351] (-) JobUnselected: {'identifier': 'rclcpp_action'}
[0.002361] (-) JobUnselected: {'identifier': 'rclcpp_components'}
[0.002371] (-) JobUnselected: {'identifier': 'rclcpp_lifecycle'}
[0.002382] (-) JobUnselected: {'identifier': 'rclpy'}
[0.002392] (-) JobUnselected: {'identifier': 'rcpputils'}
[0.002403] (-) JobUnselected: {'identifier': 'rcutils'}
[0.002414] (-) JobUnselected: {'identifier': 'resource_retriever'}
[0.002428] (-) JobUnselected: {'identifier': 'rmw'}
[0.002439] (-) JobUnselected: {'identifier': 'rmw_connext_cpp'}
[0.002449] (-) JobUnselected: {'identifier': 'rmw_connext_shared_cpp'}
[0.002460] (-) JobUnselected: {'identifier': 'rmw_cyclonedds_cpp'}
[0.002470] (-) JobUnselected: {'identifier': 'rmw_dds_common'}
[0.002481] (-) JobUnselected: {'identifier': 'rmw_fastrtps_cpp'}
[0.002491] (-) JobUnselected: {'identifier': 'rmw_fastrtps_dynamic_cpp'}
[0.002501] (-) JobUnselected: {'identifier': 'rmw_fastrtps_shared_cpp'}
[0.002511] (-) JobUnselected: {'identifier': 'rmw_implementation'}
[0.002521] (-) JobUnselected: {'identifier': 'rmw_implementation_cmake'}
[0.002531] (-) JobUnselected: {'identifier': 'robot_state_publisher'}
[0.002542] (-) JobUnselected: {'identifier': 'ros1_bridge'}
[0.002552] (-) JobUnselected: {'identifier': 'ros2action'}
[0.002563] (-) JobUnselected: {'identifier': 'ros2bag'}
[0.002573] (-) JobUnselected: {'identifier': 'ros2cli'}
[0.002583] (-) JobUnselected: {'identifier': 'ros2cli_common_extensions'}
[0.002594] (-) JobUnselected: {'identifier': 'ros2component'}
[0.002604] (-) JobUnselected: {'identifier': 'ros2doctor'}
[0.002614] (-) JobUnselected: {'identifier': 'ros2interface'}
[0.002625] (-) JobUnselected: {'identifier': 'ros2launch'}
[0.002635] (-) JobUnselected: {'identifier': 'ros2lifecycle'}
[0.002645] (-) JobUnselected: {'identifier': 'ros2lifecycle_test_fixtures'}
[0.002655] (-) JobUnselected: {'identifier': 'ros2multicast'}
[0.002665] (-) JobUnselected: {'identifier': 'ros2node'}
[0.002675] (-) JobUnselected: {'identifier': 'ros2param'}
[0.002685] (-) JobUnselected: {'identifier': 'ros2pkg'}
[0.002696] (-) JobUnselected: {'identifier': 'ros2run'}
[0.002706] (-) JobUnselected: {'identifier': 'ros2service'}
[0.002716] (-) JobUnselected: {'identifier': 'ros2test'}
[0.002727] (-) JobUnselected: {'identifier': 'ros2topic'}
[0.002737] (-) JobUnselected: {'identifier': 'ros2trace'}
[0.002748] (-) JobUnselected: {'identifier': 'ros_environment'}
[0.002758] (-) JobUnselected: {'identifier': 'ros_testing'}
[0.002769] (-) JobUnselected: {'identifier': 'rosbag2'}
[0.002780] (-) JobUnselected: {'identifier': 'rosbag2_compression'}
[0.002790] (-) JobUnselected: {'identifier': 'rosbag2_converter_default_plugins'}
[0.002801] (-) JobUnselected: {'identifier': 'rosbag2_cpp'}
[0.002811] (-) JobUnselected: {'identifier': 'rosbag2_storage'}
[0.002822] (-) JobUnselected: {'identifier': 'rosbag2_storage_default_plugins'}
[0.002832] (-) JobUnselected: {'identifier': 'rosbag2_test_common'}
[0.002842] (-) JobUnselected: {'identifier': 'rosbag2_tests'}
[0.002853] (-) JobUnselected: {'identifier': 'rosbag2_transport'}
[0.002863] (-) JobUnselected: {'identifier': 'rosgraph_msgs'}
[0.002873] (-) JobUnselected: {'identifier': 'rosidl_adapter'}
[0.002890] (-) JobUnselected: {'identifier': 'rosidl_cmake'}
[0.002902] (-) JobUnselected: {'identifier': 'rosidl_default_generators'}
[0.002913] (-) JobUnselected: {'identifier': 'rosidl_default_runtime'}
[0.002924] (-) JobUnselected: {'identifier': 'rosidl_generator_c'}
[0.002934] (-) JobUnselected: {'identifier': 'rosidl_generator_cpp'}
[0.002945] (-) JobUnselected: {'identifier': 'rosidl_generator_dds_idl'}
[0.002955] (-) JobUnselected: {'identifier': 'rosidl_generator_py'}
[0.002965] (-) JobUnselected: {'identifier': 'rosidl_parser'}
[0.002976] (-) JobUnselected: {'identifier': 'rosidl_runtime_c'}
[0.002986] (-) JobUnselected: {'identifier': 'rosidl_runtime_cpp'}
[0.002996] (-) JobUnselected: {'identifier': 'rosidl_runtime_py'}
[0.003007] (-) JobUnselected: {'identifier': 'rosidl_typesupport_c'}
[0.003017] (-) JobUnselected: {'identifier': 'rosidl_typesupport_connext_c'}
[0.003027] (-) JobUnselected: {'identifier': 'rosidl_typesupport_connext_cpp'}
[0.003038] (-) JobUnselected: {'identifier': 'rosidl_typesupport_cpp'}
[0.003048] (-) JobUnselected: {'identifier': 'rosidl_typesupport_fastrtps_c'}
[0.003058] (-) JobUnselected: {'identifier': 'rosidl_typesupport_fastrtps_cpp'}
[0.003069] (-) JobUnselected: {'identifier': 'rosidl_typesupport_interface'}
[0.003079] (-) JobUnselected: {'identifier': 'rosidl_typesupport_introspection_c'}
[0.003093] (-) JobUnselected: {'identifier': 'rosidl_typesupport_introspection_cpp'}
[0.003104] (-) JobUnselected: {'identifier': 'rpyutils'}
[0.003115] (-) JobUnselected: {'identifier': 'rqt'}
[0.003125] (-) JobUnselected: {'identifier': 'rqt_action'}
[0.003135] (-) JobUnselected: {'identifier': 'rqt_console'}
[0.003145] (-) JobUnselected: {'identifier': 'rqt_graph'}
[0.003156] (-) JobUnselected: {'identifier': 'rqt_gui'}
[0.003166] (-) JobUnselected: {'identifier': 'rqt_gui_cpp'}
[0.003176] (-) JobUnselected: {'identifier': 'rqt_gui_py'}
[0.003187] (-) JobUnselected: {'identifier': 'rqt_msg'}
[0.003197] (-) JobUnselected: {'identifier': 'rqt_plot'}
[0.003207] (-) JobUnselected: {'identifier': 'rqt_publisher'}
[0.003217] (-) JobUnselected: {'identifier': 'rqt_py_common'}
[0.003228] (-) JobUnselected: {'identifier': 'rqt_py_console'}
[0.003238] (-) JobUnselected: {'identifier': 'rqt_reconfigure'}
[0.003249] (-) JobUnselected: {'identifier': 'rqt_service_caller'}
[0.003259] (-) JobUnselected: {'identifier': 'rqt_shell'}
[0.003269] (-) JobUnselected: {'identifier': 'rqt_srv'}
[0.003280] (-) JobUnselected: {'identifier': 'rqt_top'}
[0.003290] (-) JobUnselected: {'identifier': 'rqt_topic'}
[0.003300] (-) JobUnselected: {'identifier': 'rttest'}
[0.003310] (-) JobUnselected: {'identifier': 'rviz2'}
[0.003321] (-) JobUnselected: {'identifier': 'rviz_assimp_vendor'}
[0.003331] (-) JobUnselected: {'identifier': 'rviz_common'}
[0.003341] (-) JobUnselected: {'identifier': 'rviz_default_plugins'}
[0.003352] (-) JobUnselected: {'identifier': 'rviz_ogre_vendor'}
[0.003362] (-) JobUnselected: {'identifier': 'rviz_rendering'}
[0.003372] (-) JobUnselected: {'identifier': 'rviz_rendering_tests'}
[0.003383] (-) JobUnselected: {'identifier': 'rviz_visual_testing_framework'}
[0.003393] (-) JobUnselected: {'identifier': 'sensor_msgs'}
[0.003403] (-) JobUnselected: {'identifier': 'sensor_msgs_py'}
[0.003414] (-) JobUnselected: {'identifier': 'serial_driver'}
[0.003424] (-) JobUnselected: {'identifier': 'shape_msgs'}
[0.003436] (-) JobUnselected: {'identifier': 'shared_queues_vendor'}
[0.003448] (-) JobUnselected: {'identifier': 'spdlog_vendor'}
[0.003460] (-) JobUnselected: {'identifier': 'sqlite3_vendor'}
[0.003470] (-) JobUnselected: {'identifier': 'sros2'}
[0.003481] (-) JobUnselected: {'identifier': 'sros2_cmake'}
[0.003491] (-) JobUnselected: {'identifier': 'statistics_msgs'}
[0.003502] (-) JobUnselected: {'identifier': 'std_msgs'}
[0.003512] (-) JobUnselected: {'identifier': 'std_srvs'}
[0.003523] (-) JobUnselected: {'identifier': 'stereo_msgs'}
[0.003533] (-) JobUnselected: {'identifier': 'tango_icons_vendor'}
[0.003543] (-) JobUnselected: {'identifier': 'test_apex_test_tools'}
[0.003553] (-) JobUnselected: {'identifier': 'test_cli'}
[0.003564] (-) JobUnselected: {'identifier': 'test_cli_remapping'}
[0.003574] (-) JobUnselected: {'identifier': 'test_communication'}
[0.003584] (-) JobUnselected: {'identifier': 'test_interface_files'}
[0.003594] (-) JobUnselected: {'identifier': 'test_launch_ros'}
[0.003604] (-) JobUnselected: {'identifier': 'test_launch_testing'}
[0.003615] (-) JobUnselected: {'identifier': 'test_msgs'}
[0.003625] (-) JobUnselected: {'identifier': 'test_osrf_testing_tools_cpp'}
[0.003636] (-) JobUnselected: {'identifier': 'test_quality_of_service'}
[0.003646] (-) JobUnselected: {'identifier': 'test_rclcpp'}
[0.003657] (-) JobUnselected: {'identifier': 'test_rmw_implementation'}
[0.003667] (-) JobUnselected: {'identifier': 'test_security'}
[0.003677] (-) JobUnselected: {'identifier': 'test_tf2'}
[0.003688] (-) JobUnselected: {'identifier': 'tf2'}
[0.003698] (-) JobUnselected: {'identifier': 'tf2_bullet'}
[0.003709] (-) JobUnselected: {'identifier': 'tf2_eigen'}
[0.003735] (-) JobUnselected: {'identifier': 'tf2_eigen_kdl'}
[0.003746] (-) JobUnselected: {'identifier': 'tf2_geometry_msgs'}
[0.003757] (-) JobUnselected: {'identifier': 'tf2_kdl'}
[0.003767] (-) JobUnselected: {'identifier': 'tf2_msgs'}
[0.003778] (-) JobUnselected: {'identifier': 'tf2_py'}
[0.003788] (-) JobUnselected: {'identifier': 'tf2_ros'}
[0.003802] (-) JobUnselected: {'identifier': 'tf2_sensor_msgs'}
[0.003813] (-) JobUnselected: {'identifier': 'tf2_tools'}
[0.003823] (-) JobUnselected: {'identifier': 'tinyxml2_vendor'}
[0.003833] (-) JobUnselected: {'identifier': 'tinyxml_vendor'}
[0.003844] (-) JobUnselected: {'identifier': 'tlsf'}
[0.003854] (-) JobUnselected: {'identifier': 'tlsf_cpp'}
[0.003864] (-) JobUnselected: {'identifier': 'topic_monitor'}
[0.003875] (-) JobUnselected: {'identifier': 'trace_picas'}
[0.003891] (-) JobUnselected: {'identifier': 'tracetools'}
[0.003903] (-) JobUnselected: {'identifier': 'tracetools_launch'}
[0.003913] (-) JobUnselected: {'identifier': 'tracetools_read'}
[0.003924] (-) JobUnselected: {'identifier': 'tracetools_test'}
[0.003934] (-) JobUnselected: {'identifier': 'tracetools_trace'}
[0.003945] (-) JobUnselected: {'identifier': 'trajectory_msgs'}
[0.003955] (-) JobUnselected: {'identifier': 'turtlesim'}
[0.003965] (-) JobUnselected: {'identifier': 'udp_driver'}
[0.003976] (-) JobUnselected: {'identifier': 'udp_msgs'}
[0.003986] (-) JobUnselected: {'identifier': 'uncrustify_vendor'}
[0.003997] (-) JobUnselected: {'identifier': 'unique_identifier_msgs'}
[0.004007] (-) JobUnselected: {'identifier': 'urdf'}
[0.004018] (-) JobUnselected: {'identifier': 'urdfdom'}
[0.004028] (-) JobUnselected: {'identifier': 'urdfdom_headers'}
[0.004039] (-) JobUnselected: {'identifier': 'visualization_msgs'}
[0.004049] (-) JobUnselected: {'identifier': 'yaml_cpp_vendor'}
[0.004059] (-) JobUnselected: {'identifier': 'zstd_vendor'}
[0.004070] (-) EventReactorShutdown: {}
