[0.431s] Invoking command in '/home/saitama1/Pictures/ros2-picas/ros2_foxy/src/ament/ament_lint/ament_pyflakes': AMENT_PREFIX_PATH=/home/saitama1/Pictures/ros2-picas/ros2_foxy/install/ament_pycodestyle PATH=/home/saitama1/Pictures/ros2-picas/ros2_foxy/install/ament_pycodestyle/bin:${PATH} PYTHONPATH=/home/saitama1/Pictures/ros2-picas/ros2_foxy/install/ament_pyflakes/lib/python3.8/site-packages:/home/saitama1/Pictures/ros2-picas/ros2_foxy/install/ament_pycodestyle/lib/python3.8/site-packages /usr/bin/python3 setup.py egg_info --egg-base ../../../../build/ament_pyflakes build --build-base /home/saitama1/Pictures/ros2-picas/ros2_foxy/build/ament_pyflakes/build install --prefix /home/saitama1/Pictures/ros2-picas/ros2_foxy/install/ament_pyflakes --record /home/saitama1/Pictures/ros2-picas/ros2_foxy/build/ament_pyflakes/install.log --single-version-externally-managed
[0.615s] running egg_info
[0.616s] writing ../../../../build/ament_pyflakes/ament_pyflakes.egg-info/PKG-INFO
[0.617s] writing dependency_links to ../../../../build/ament_pyflakes/ament_pyflakes.egg-info/dependency_links.txt
[0.617s] writing entry points to ../../../../build/ament_pyflakes/ament_pyflakes.egg-info/entry_points.txt
[0.617s] writing requirements to ../../../../build/ament_pyflakes/ament_pyflakes.egg-info/requires.txt
[0.618s] writing top-level names to ../../../../build/ament_pyflakes/ament_pyflakes.egg-info/top_level.txt
[0.649s] reading manifest file '../../../../build/ament_pyflakes/ament_pyflakes.egg-info/SOURCES.txt'
[0.649s] writing manifest file '../../../../build/ament_pyflakes/ament_pyflakes.egg-info/SOURCES.txt'
[0.650s] running build
[0.650s] running build_py
[0.650s] running install
[0.650s] running install_lib
[0.650s] running install_data
[0.650s] running install_egg_info
[0.653s] removing '/home/saitama1/Pictures/ros2-picas/ros2_foxy/install/ament_pyflakes/lib/python3.8/site-packages/ament_pyflakes-0.9.6-py3.8.egg-info' (and everything under it)
[0.653s] Copying ../../../../build/ament_pyflakes/ament_pyflakes.egg-info to /home/saitama1/Pictures/ros2-picas/ros2_foxy/install/ament_pyflakes/lib/python3.8/site-packages/ament_pyflakes-0.9.6-py3.8.egg-info
[0.653s] running install_scripts
[0.672s] Installing ament_pyflakes script to /home/saitama1/Pictures/ros2-picas/ros2_foxy/install/ament_pyflakes/bin
[0.675s] writing list of installed files to '/home/saitama1/Pictures/ros2-picas/ros2_foxy/build/ament_pyflakes/install.log'
[0.760s] Invoked command in '/home/saitama1/Pictures/ros2-picas/ros2_foxy/src/ament/ament_lint/ament_pyflakes' returned '0': AMENT_PREFIX_PATH=/home/saitama1/Pictures/ros2-picas/ros2_foxy/install/ament_pycodestyle PATH=/home/saitama1/Pictures/ros2-picas/ros2_foxy/install/ament_pycodestyle/bin:${PATH} PYTHONPATH=/home/saitama1/Pictures/ros2-picas/ros2_foxy/install/ament_pyflakes/lib/python3.8/site-packages:/home/saitama1/Pictures/ros2-picas/ros2_foxy/install/ament_pycodestyle/lib/python3.8/site-packages /usr/bin/python3 setup.py egg_info --egg-base ../../../../build/ament_pyflakes build --build-base /home/saitama1/Pictures/ros2-picas/ros2_foxy/build/ament_pyflakes/build install --prefix /home/saitama1/Pictures/ros2-picas/ros2_foxy/install/ament_pyflakes --record /home/saitama1/Pictures/ros2-picas/ros2_foxy/build/ament_pyflakes/install.log --single-version-externally-managed
