-- Found mrt_cmake_modules: 1.0.8 (/home/saitama1/ros2_foxy/install/mrt_cmake_modules/share/mrt_cmake_modules/cmake)
-- Found ament_cmake_core: 0.9.8 (/home/saitama1/ros2_foxy/install/ament_cmake_core/share/ament_cmake_core/cmake)
-- Using PYTHON_EXECUTABLE: /usr/bin/python3
-- Override CMake install command with custom implementation using symlinks instead of copying resources
-- Found OpenMP_C: -fopenmp  
-- Found OpenMP_CXX: -fopenmp  
-- Found OpenMP: TRUE   
called: /home/saitama1/ros2_foxy/install/mrt_cmake_modules/share/mrt_cmake_modules/cmake/../scripts/generate_cmake_dependency_file.py /home/saitama1/ros2_foxy/src/autoware_build_parts/lanelet2/lanelet2_matching/package.xml /home/saitama1/ros2_foxy/install/mrt_cmake_modules/share/mrt_cmake_modules/cmake/../yaml/cmake.yaml /home/saitama1/ros2_foxy/build/lanelet2_matching/CMakeFiles/auto_dep_vars.cmake
-- Adding library "lanelet2_matching" with source src/LaneletMatching.cpp;src/Utilities.cpp, includes include/lanelet2_matching/Exceptions.h;include/lanelet2_matching/LaneletMatching.h;include/lanelet2_matching/Types.h;include/lanelet2_matching/Utilities.h
-- Marking libraries "lanelet2_matching" of package "lanelet2_matching" for installation
-- Marking HEADER FILES in "include/lanelet2_matching" folder of package "lanelet2_matching" for installation
-- Generating cmake exports for lanelet2_matching to /home/saitama1/ros2_foxy/build/lanelet2_matching/devel/share
-- Adding gtest unittest "lanelet2_matching-gtest-lanelet2_matching" with working dir /home/saitama1/ros2_foxy/src/autoware_build_parts/lanelet2/lanelet2_matching/test
-- Creating gtest 'lanelet2_matching-gtest-lanelet2_matching' from test/lanelet2_matching.cpp
-- Adding gtest unittest "lanelet2_matching-gtest-lanelet2_matching_integration" with working dir /home/saitama1/ros2_foxy/src/autoware_build_parts/lanelet2/lanelet2_matching/test
-- Creating gtest 'lanelet2_matching-gtest-lanelet2_matching_integration' from test/lanelet2_matching_integration.cpp
-- Adding nosetests in folder /home/saitama1/ros2_foxy/src/autoware_build_parts/lanelet2/lanelet2_matching/test
-- Using Python nosetests: /usr/bin/nosetests3
-- Adding nosetest nosetests-lanelet2_matching-test
-- Configuring done
-- Generating done
-- Build files have been written to: /home/saitama1/ros2_foxy/build/lanelet2_matching
[ 18%] Built target gtest
[ 45%] Built target lanelet2_matching
[ 63%] Built target gtest_main
[ 81%] Built target lanelet2_matching-gtest-lanelet2_matching_integration
[100%] Built target lanelet2_matching-gtest-lanelet2_matching
[100%] Built target tests_lanelet2_matching
[100%] Built target tests
-- Install configuration: ""
-- Execute custom install script
-- Symlinking: /home/saitama1/ros2_foxy/install/lanelet2_matching/share/lanelet2_matching/cmake/lanelet2_matchingConfigVersion.cmake
-- Symlinking: /home/saitama1/ros2_foxy/install/lanelet2_matching/share/lanelet2_matching/cmake/lanelet2_matchingConfig.cmake
-- Symlinking: /home/saitama1/ros2_foxy/install/lanelet2_matching/share/lanelet2_matching/cmake/auto_dep_vars.cmake
-- Symlinking: /home/saitama1/ros2_foxy/install/lanelet2_matching/share/lanelet2_matching/cmake/lanelet2_matchingAutoDepsConfig.cmake
-- Symlinking: /home/saitama1/ros2_foxy/install/lanelet2_matching/share/lanelet2_matching/package.xml
-- Symlinking: /home/saitama1/ros2_foxy/install/lanelet2_matching/share/ament_index/resource_index/package_run_dependencies/lanelet2_matching
-- Symlinking: /home/saitama1/ros2_foxy/install/lanelet2_matching/share/ament_index/resource_index/parent_prefix_path/lanelet2_matching
-- Symlinking: /home/saitama1/ros2_foxy/install/lanelet2_matching/share/lanelet2_matching/environment/ament_prefix_path.sh
-- Symlinking: /home/saitama1/ros2_foxy/install/lanelet2_matching/share/lanelet2_matching/environment/ament_prefix_path.dsv
-- Symlinking: /home/saitama1/ros2_foxy/install/lanelet2_matching/share/lanelet2_matching/environment/path.sh
-- Symlinking: /home/saitama1/ros2_foxy/install/lanelet2_matching/share/lanelet2_matching/environment/path.dsv
-- Symlinking: /home/saitama1/ros2_foxy/install/lanelet2_matching/share/lanelet2_matching/local_setup.bash
-- Symlinking: /home/saitama1/ros2_foxy/install/lanelet2_matching/share/lanelet2_matching/local_setup.sh
-- Symlinking: /home/saitama1/ros2_foxy/install/lanelet2_matching/share/lanelet2_matching/local_setup.zsh
-- Symlinking: /home/saitama1/ros2_foxy/install/lanelet2_matching/share/lanelet2_matching/local_setup.dsv
-- Symlinking: /home/saitama1/ros2_foxy/install/lanelet2_matching/share/lanelet2_matching/package.dsv
-- Symlinking: /home/saitama1/ros2_foxy/install/lanelet2_matching/share/ament_index/resource_index/packages/lanelet2_matching
-- Up-to-date: /home/saitama1/ros2_foxy/install/lanelet2_matching/lib/liblanelet2_matching.so.1.1.1
-- Up-to-date: /home/saitama1/ros2_foxy/install/lanelet2_matching/lib/liblanelet2_matching.so.1
-- Up-to-date: /home/saitama1/ros2_foxy/install/lanelet2_matching/lib/liblanelet2_matching.so
-- Up-to-date: /home/saitama1/ros2_foxy/install/lanelet2_matching/include/lanelet2_matching
-- Up-to-date: /home/saitama1/ros2_foxy/install/lanelet2_matching/include/lanelet2_matching/Exceptions.h
-- Up-to-date: /home/saitama1/ros2_foxy/install/lanelet2_matching/include/lanelet2_matching/LaneletMatching.h
-- Up-to-date: /home/saitama1/ros2_foxy/install/lanelet2_matching/include/lanelet2_matching/Types.h
-- Up-to-date: /home/saitama1/ros2_foxy/install/lanelet2_matching/include/lanelet2_matching/Utilities.h
-- Up-to-date: /home/saitama1/ros2_foxy/install/lanelet2_matching/include/lanelet2_matching/internal
-- Up-to-date: /home/saitama1/ros2_foxy/install/lanelet2_matching/share/lanelet2_matching/cmake/lanelet2_matchingTargets.cmake
-- Installing: /home/saitama1/ros2_foxy/install/lanelet2_matching/share/lanelet2_matching/cmake/lanelet2_matchingTargets-noconfig.cmake
