running egg_info
creating ../../../../build/ros2lifecycle/ros2lifecycle.egg-info
writing ../../../../build/ros2lifecycle/ros2lifecycle.egg-info/PKG-INFO
writing dependency_links to ../../../../build/ros2lifecycle/ros2lifecycle.egg-info/dependency_links.txt
writing entry points to ../../../../build/ros2lifecycle/ros2lifecycle.egg-info/entry_points.txt
writing requirements to ../../../../build/ros2lifecycle/ros2lifecycle.egg-info/requires.txt
writing top-level names to ../../../../build/ros2lifecycle/ros2lifecycle.egg-info/top_level.txt
writing manifest file '../../../../build/ros2lifecycle/ros2lifecycle.egg-info/SOURCES.txt'
reading manifest file '../../../../build/ros2lifecycle/ros2lifecycle.egg-info/SOURCES.txt'
writing manifest file '../../../../build/ros2lifecycle/ros2lifecycle.egg-info/SOURCES.txt'
running build
running build_py
creating /home/saitama1/ros2_foxy/build/ros2lifecycle/build
creating /home/saitama1/ros2_foxy/build/ros2lifecycle/build/lib
creating /home/saitama1/ros2_foxy/build/ros2lifecycle/build/lib/ros2lifecycle
copying ros2lifecycle/__init__.py -> /home/saitama1/ros2_foxy/build/ros2lifecycle/build/lib/ros2lifecycle
creating /home/saitama1/ros2_foxy/build/ros2lifecycle/build/lib/ros2lifecycle/command
copying ros2lifecycle/command/lifecycle.py -> /home/saitama1/ros2_foxy/build/ros2lifecycle/build/lib/ros2lifecycle/command
copying ros2lifecycle/command/__init__.py -> /home/saitama1/ros2_foxy/build/ros2lifecycle/build/lib/ros2lifecycle/command
creating /home/saitama1/ros2_foxy/build/ros2lifecycle/build/lib/ros2lifecycle/api
copying ros2lifecycle/api/__init__.py -> /home/saitama1/ros2_foxy/build/ros2lifecycle/build/lib/ros2lifecycle/api
creating /home/saitama1/ros2_foxy/build/ros2lifecycle/build/lib/ros2lifecycle/verb
copying ros2lifecycle/verb/__init__.py -> /home/saitama1/ros2_foxy/build/ros2lifecycle/build/lib/ros2lifecycle/verb
copying ros2lifecycle/verb/set.py -> /home/saitama1/ros2_foxy/build/ros2lifecycle/build/lib/ros2lifecycle/verb
copying ros2lifecycle/verb/get.py -> /home/saitama1/ros2_foxy/build/ros2lifecycle/build/lib/ros2lifecycle/verb
copying ros2lifecycle/verb/nodes.py -> /home/saitama1/ros2_foxy/build/ros2lifecycle/build/lib/ros2lifecycle/verb
copying ros2lifecycle/verb/list.py -> /home/saitama1/ros2_foxy/build/ros2lifecycle/build/lib/ros2lifecycle/verb
running install
running install_lib
creating /home/saitama1/ros2_foxy/install/ros2lifecycle/lib/python3.8/site-packages/ros2lifecycle
copying /home/saitama1/ros2_foxy/build/ros2lifecycle/build/lib/ros2lifecycle/__init__.py -> /home/saitama1/ros2_foxy/install/ros2lifecycle/lib/python3.8/site-packages/ros2lifecycle
creating /home/saitama1/ros2_foxy/install/ros2lifecycle/lib/python3.8/site-packages/ros2lifecycle/command
copying /home/saitama1/ros2_foxy/build/ros2lifecycle/build/lib/ros2lifecycle/command/lifecycle.py -> /home/saitama1/ros2_foxy/install/ros2lifecycle/lib/python3.8/site-packages/ros2lifecycle/command
copying /home/saitama1/ros2_foxy/build/ros2lifecycle/build/lib/ros2lifecycle/command/__init__.py -> /home/saitama1/ros2_foxy/install/ros2lifecycle/lib/python3.8/site-packages/ros2lifecycle/command
creating /home/saitama1/ros2_foxy/install/ros2lifecycle/lib/python3.8/site-packages/ros2lifecycle/api
copying /home/saitama1/ros2_foxy/build/ros2lifecycle/build/lib/ros2lifecycle/api/__init__.py -> /home/saitama1/ros2_foxy/install/ros2lifecycle/lib/python3.8/site-packages/ros2lifecycle/api
creating /home/saitama1/ros2_foxy/install/ros2lifecycle/lib/python3.8/site-packages/ros2lifecycle/verb
copying /home/saitama1/ros2_foxy/build/ros2lifecycle/build/lib/ros2lifecycle/verb/__init__.py -> /home/saitama1/ros2_foxy/install/ros2lifecycle/lib/python3.8/site-packages/ros2lifecycle/verb
copying /home/saitama1/ros2_foxy/build/ros2lifecycle/build/lib/ros2lifecycle/verb/set.py -> /home/saitama1/ros2_foxy/install/ros2lifecycle/lib/python3.8/site-packages/ros2lifecycle/verb
copying /home/saitama1/ros2_foxy/build/ros2lifecycle/build/lib/ros2lifecycle/verb/get.py -> /home/saitama1/ros2_foxy/install/ros2lifecycle/lib/python3.8/site-packages/ros2lifecycle/verb
copying /home/saitama1/ros2_foxy/build/ros2lifecycle/build/lib/ros2lifecycle/verb/nodes.py -> /home/saitama1/ros2_foxy/install/ros2lifecycle/lib/python3.8/site-packages/ros2lifecycle/verb
copying /home/saitama1/ros2_foxy/build/ros2lifecycle/build/lib/ros2lifecycle/verb/list.py -> /home/saitama1/ros2_foxy/install/ros2lifecycle/lib/python3.8/site-packages/ros2lifecycle/verb
byte-compiling /home/saitama1/ros2_foxy/install/ros2lifecycle/lib/python3.8/site-packages/ros2lifecycle/__init__.py to __init__.cpython-38.pyc
byte-compiling /home/saitama1/ros2_foxy/install/ros2lifecycle/lib/python3.8/site-packages/ros2lifecycle/command/lifecycle.py to lifecycle.cpython-38.pyc
byte-compiling /home/saitama1/ros2_foxy/install/ros2lifecycle/lib/python3.8/site-packages/ros2lifecycle/command/__init__.py to __init__.cpython-38.pyc
byte-compiling /home/saitama1/ros2_foxy/install/ros2lifecycle/lib/python3.8/site-packages/ros2lifecycle/api/__init__.py to __init__.cpython-38.pyc
byte-compiling /home/saitama1/ros2_foxy/install/ros2lifecycle/lib/python3.8/site-packages/ros2lifecycle/verb/__init__.py to __init__.cpython-38.pyc
byte-compiling /home/saitama1/ros2_foxy/install/ros2lifecycle/lib/python3.8/site-packages/ros2lifecycle/verb/set.py to set.cpython-38.pyc
byte-compiling /home/saitama1/ros2_foxy/install/ros2lifecycle/lib/python3.8/site-packages/ros2lifecycle/verb/get.py to get.cpython-38.pyc
byte-compiling /home/saitama1/ros2_foxy/install/ros2lifecycle/lib/python3.8/site-packages/ros2lifecycle/verb/nodes.py to nodes.cpython-38.pyc
byte-compiling /home/saitama1/ros2_foxy/install/ros2lifecycle/lib/python3.8/site-packages/ros2lifecycle/verb/list.py to list.cpython-38.pyc
running install_data
copying package.xml -> /home/saitama1/ros2_foxy/install/ros2lifecycle/share/ros2lifecycle
creating /home/saitama1/ros2_foxy/install/ros2lifecycle/share/ament_index
creating /home/saitama1/ros2_foxy/install/ros2lifecycle/share/ament_index/resource_index
creating /home/saitama1/ros2_foxy/install/ros2lifecycle/share/ament_index/resource_index/packages
copying resource/ros2lifecycle -> /home/saitama1/ros2_foxy/install/ros2lifecycle/share/ament_index/resource_index/packages
running install_egg_info
Copying ../../../../build/ros2lifecycle/ros2lifecycle.egg-info to /home/saitama1/ros2_foxy/install/ros2lifecycle/lib/python3.8/site-packages/ros2lifecycle-0.9.9-py3.8.egg-info
running install_scripts
writing list of installed files to '/home/saitama1/ros2_foxy/build/ros2lifecycle/install.log'
