-- The C compiler identification is GNU 9.3.0
-- The CXX compiler identification is GNU 9.3.0
-- Check for working C compiler: /usr/bin/cc
-- Check for working C compiler: /usr/bin/cc -- works
-- Detecting C compiler ABI info
-- Detecting C compiler ABI info - done
-- Detecting C compile features
-- Detecting C compile features - done
-- Check for working CXX compiler: /usr/bin/c++
-- Check for working CXX compiler: /usr/bin/c++ -- works
-- Detecting CXX compiler ABI info
-- Detecting CXX compiler ABI info - done
-- Detecting CXX compile features
-- Detecting CXX compile features - done
-- Found ament_cmake: 0.9.8 (/home/saitama1/ros2_foxy/install/ament_cmake/share/ament_cmake/cmake)
-- Found PythonInterp: /usr/bin/python3 (found suitable version "3.8.10", minimum required is "3") 
-- Using PYTHON_EXECUTABLE: /usr/bin/python3
-- Found builtin_interfaces: 1.0.0 (/home/saitama1/ros2_foxy/install/builtin_interfaces/share/builtin_interfaces/cmake)
-- Using all available rosidl_typesupport_c: rosidl_typesupport_fastrtps_c;rosidl_typesupport_introspection_c
-- Found rosidl_adapter: 1.2.1 (/home/saitama1/ros2_foxy/install/rosidl_adapter/share/rosidl_adapter/cmake)
-- Found OpenSSL: /usr/lib/x86_64-linux-gnu/libcrypto.so (found version "1.1.1f")  
-- Found FastRTPS: /home/saitama1/ros2_foxy/install/fastrtps/include  
-- Using all available rosidl_typesupport_cpp: rosidl_typesupport_introspection_cpp;rosidl_typesupport_fastrtps_cpp
-- Found rosidl_default_generators: 1.0.1 (/home/saitama1/ros2_foxy/install/rosidl_default_generators/share/rosidl_default_generators/cmake)
-- Found PythonInterp: /usr/bin/python3 (found version "3.8.10") 
-- Found ament_cmake_ros: 0.9.2 (/home/saitama1/ros2_foxy/install/ament_cmake_ros/share/ament_cmake_ros/cmake)
-- Using all available rosidl_typesupport_c: rosidl_typesupport_fastrtps_c;rosidl_typesupport_introspection_c
-- Using all available rosidl_typesupport_cpp: rosidl_typesupport_introspection_cpp;rosidl_typesupport_fastrtps_cpp
-- Found PythonInterp: /usr/bin/python3 (found suitable version "3.8.10", minimum required is "3.5") 
-- Found python_cmake_module: 0.8.1 (/home/saitama1/ros2_foxy/install/python_cmake_module/share/python_cmake_module/cmake)
-- Found PythonLibs: /usr/lib/x86_64-linux-gnu/libpython3.8.so (found suitable version "3.8.10", minimum required is "3.5") 
-- Using PYTHON_EXECUTABLE: /usr/bin/python3
-- Using PYTHON_INCLUDE_DIRS: /usr/include/python3.8
-- Using PYTHON_LIBRARIES: /usr/lib/x86_64-linux-gnu/libpython3.8.so
-- Found PythonExtra: .so  
-- Configuring done
-- Generating done
-- Build files have been written to: /home/saitama1/ros2_foxy/build/pendulum_msgs
[35m[1mScanning dependencies of target pendulum_msgs__cpp[0m
[  2%] [34m[1mGenerating C++ code for ROS interfaces[0m
[  2%] Built target pendulum_msgs__cpp
[  4%] [34m[1mGenerating C code for ROS interfaces[0m
[35m[1mScanning dependencies of target pendulum_msgs__rosidl_generator_c[0m
[  6%] [32mBuilding C object CMakeFiles/pendulum_msgs__rosidl_generator_c.dir/rosidl_generator_c/pendulum_msgs/msg/detail/joint_state__functions.c.o[0m
[  8%] [32mBuilding C object CMakeFiles/pendulum_msgs__rosidl_generator_c.dir/rosidl_generator_c/pendulum_msgs/msg/detail/rttest_results__functions.c.o[0m
[ 10%] [32mBuilding C object CMakeFiles/pendulum_msgs__rosidl_generator_c.dir/rosidl_generator_c/pendulum_msgs/msg/detail/joint_command__functions.c.o[0m
[ 12%] [32m[1mLinking C shared library libpendulum_msgs__rosidl_generator_c.so[0m
[ 12%] Built target pendulum_msgs__rosidl_generator_c
[ 14%] [34m[1mGenerating C++ type support dispatch for ROS interfaces[0m
[35m[1mScanning dependencies of target pendulum_msgs__rosidl_typesupport_cpp[0m
[ 17%] [32mBuilding CXX object CMakeFiles/pendulum_msgs__rosidl_typesupport_cpp.dir/rosidl_typesupport_cpp/pendulum_msgs/msg/joint_state__type_support.cpp.o[0m
[ 19%] [32mBuilding CXX object CMakeFiles/pendulum_msgs__rosidl_typesupport_cpp.dir/rosidl_typesupport_cpp/pendulum_msgs/msg/rttest_results__type_support.cpp.o[0m
[ 21%] [32mBuilding CXX object CMakeFiles/pendulum_msgs__rosidl_typesupport_cpp.dir/rosidl_typesupport_cpp/pendulum_msgs/msg/joint_command__type_support.cpp.o[0m
[ 23%] [32m[1mLinking CXX shared library libpendulum_msgs__rosidl_typesupport_cpp.so[0m
[ 23%] Built target pendulum_msgs__rosidl_typesupport_cpp
[ 25%] [34m[1mGenerating C type support dispatch for ROS interfaces[0m
[35m[1mScanning dependencies of target pendulum_msgs__rosidl_typesupport_c[0m
[ 27%] [32mBuilding CXX object CMakeFiles/pendulum_msgs__rosidl_typesupport_c.dir/rosidl_typesupport_c/pendulum_msgs/msg/joint_state__type_support.cpp.o[0m
[ 29%] [32mBuilding CXX object CMakeFiles/pendulum_msgs__rosidl_typesupport_c.dir/rosidl_typesupport_c/pendulum_msgs/msg/rttest_results__type_support.cpp.o[0m
[ 31%] [32mBuilding CXX object CMakeFiles/pendulum_msgs__rosidl_typesupport_c.dir/rosidl_typesupport_c/pendulum_msgs/msg/joint_command__type_support.cpp.o[0m
[ 34%] [32m[1mLinking CXX shared library libpendulum_msgs__rosidl_typesupport_c.so[0m
[ 34%] Built target pendulum_msgs__rosidl_typesupport_c
[ 36%] [34m[1mGenerating C introspection for ROS interfaces[0m
[35m[1mScanning dependencies of target pendulum_msgs__rosidl_typesupport_introspection_c[0m
[ 38%] [32mBuilding C object CMakeFiles/pendulum_msgs__rosidl_typesupport_introspection_c.dir/rosidl_typesupport_introspection_c/pendulum_msgs/msg/detail/joint_state__type_support.c.o[0m
[ 40%] [32mBuilding C object CMakeFiles/pendulum_msgs__rosidl_typesupport_introspection_c.dir/rosidl_typesupport_introspection_c/pendulum_msgs/msg/detail/rttest_results__type_support.c.o[0m
[ 42%] [32mBuilding C object CMakeFiles/pendulum_msgs__rosidl_typesupport_introspection_c.dir/rosidl_typesupport_introspection_c/pendulum_msgs/msg/detail/joint_command__type_support.c.o[0m
[ 44%] [32m[1mLinking C shared library libpendulum_msgs__rosidl_typesupport_introspection_c.so[0m
[ 44%] Built target pendulum_msgs__rosidl_typesupport_introspection_c
[ 46%] [34m[1mGenerating C++ type support for eProsima Fast-RTPS[0m
[35m[1mScanning dependencies of target pendulum_msgs__rosidl_typesupport_fastrtps_cpp[0m
[ 48%] [32mBuilding CXX object CMakeFiles/pendulum_msgs__rosidl_typesupport_fastrtps_cpp.dir/rosidl_typesupport_fastrtps_cpp/pendulum_msgs/msg/detail/dds_fastrtps/joint_state__type_support.cpp.o[0m
[ 51%] [32mBuilding CXX object CMakeFiles/pendulum_msgs__rosidl_typesupport_fastrtps_cpp.dir/rosidl_typesupport_fastrtps_cpp/pendulum_msgs/msg/detail/dds_fastrtps/rttest_results__type_support.cpp.o[0m
[ 53%] [32mBuilding CXX object CMakeFiles/pendulum_msgs__rosidl_typesupport_fastrtps_cpp.dir/rosidl_typesupport_fastrtps_cpp/pendulum_msgs/msg/detail/dds_fastrtps/joint_command__type_support.cpp.o[0m
[ 55%] [32m[1mLinking CXX shared library libpendulum_msgs__rosidl_typesupport_fastrtps_cpp.so[0m
[ 55%] Built target pendulum_msgs__rosidl_typesupport_fastrtps_cpp
[ 57%] [34m[1mGenerating C++ introspection for ROS interfaces[0m
[35m[1mScanning dependencies of target pendulum_msgs__rosidl_typesupport_introspection_cpp[0m
[ 59%] [32mBuilding CXX object CMakeFiles/pendulum_msgs__rosidl_typesupport_introspection_cpp.dir/rosidl_typesupport_introspection_cpp/pendulum_msgs/msg/detail/joint_state__type_support.cpp.o[0m
[ 61%] [32mBuilding CXX object CMakeFiles/pendulum_msgs__rosidl_typesupport_introspection_cpp.dir/rosidl_typesupport_introspection_cpp/pendulum_msgs/msg/detail/rttest_results__type_support.cpp.o[0m
[ 63%] [32mBuilding CXX object CMakeFiles/pendulum_msgs__rosidl_typesupport_introspection_cpp.dir/rosidl_typesupport_introspection_cpp/pendulum_msgs/msg/detail/joint_command__type_support.cpp.o[0m
[ 65%] [32m[1mLinking CXX shared library libpendulum_msgs__rosidl_typesupport_introspection_cpp.so[0m
[ 65%] Built target pendulum_msgs__rosidl_typesupport_introspection_cpp
[ 68%] [34m[1mGenerating C type support for eProsima Fast-RTPS[0m
[35m[1mScanning dependencies of target pendulum_msgs__rosidl_typesupport_fastrtps_c[0m
[ 70%] [32mBuilding CXX object CMakeFiles/pendulum_msgs__rosidl_typesupport_fastrtps_c.dir/rosidl_typesupport_fastrtps_c/pendulum_msgs/msg/detail/joint_state__type_support_c.cpp.o[0m
[ 72%] [32mBuilding CXX object CMakeFiles/pendulum_msgs__rosidl_typesupport_fastrtps_c.dir/rosidl_typesupport_fastrtps_c/pendulum_msgs/msg/detail/rttest_results__type_support_c.cpp.o[0m
[ 74%] [32mBuilding CXX object CMakeFiles/pendulum_msgs__rosidl_typesupport_fastrtps_c.dir/rosidl_typesupport_fastrtps_c/pendulum_msgs/msg/detail/joint_command__type_support_c.cpp.o[0m
[ 76%] [32m[1mLinking CXX shared library libpendulum_msgs__rosidl_typesupport_fastrtps_c.so[0m
[ 76%] Built target pendulum_msgs__rosidl_typesupport_fastrtps_c
[35m[1mScanning dependencies of target pendulum_msgs[0m
[ 76%] Built target pendulum_msgs
[35m[1mScanning dependencies of target pendulum_msgs__py[0m
[ 78%] [34m[1mGenerating Python code for ROS interfaces[0m
[ 78%] Built target pendulum_msgs__py
[35m[1mScanning dependencies of target pendulum_msgs__python[0m
[ 80%] [32mBuilding C object CMakeFiles/pendulum_msgs__python.dir/rosidl_generator_py/pendulum_msgs/msg/_joint_state_s.c.o[0m
[ 82%] [32mBuilding C object CMakeFiles/pendulum_msgs__python.dir/rosidl_generator_py/pendulum_msgs/msg/_rttest_results_s.c.o[0m
[ 85%] [32mBuilding C object CMakeFiles/pendulum_msgs__python.dir/rosidl_generator_py/pendulum_msgs/msg/_joint_command_s.c.o[0m
[ 87%] [32m[1mLinking C shared library rosidl_generator_py/pendulum_msgs/libpendulum_msgs__python.so[0m
[ 87%] Built target pendulum_msgs__python
[35m[1mScanning dependencies of target pendulum_msgs__rosidl_typesupport_c__pyext[0m
[ 89%] [32mBuilding C object CMakeFiles/pendulum_msgs__rosidl_typesupport_c__pyext.dir/rosidl_generator_py/pendulum_msgs/_pendulum_msgs_s.ep.rosidl_typesupport_c.c.o[0m
[ 91%] [32m[1mLinking C shared library rosidl_generator_py/pendulum_msgs/pendulum_msgs_s__rosidl_typesupport_c.cpython-38-x86_64-linux-gnu.so[0m
[ 91%] Built target pendulum_msgs__rosidl_typesupport_c__pyext
[35m[1mScanning dependencies of target pendulum_msgs__rosidl_typesupport_introspection_c__pyext[0m
[ 93%] [32mBuilding C object CMakeFiles/pendulum_msgs__rosidl_typesupport_introspection_c__pyext.dir/rosidl_generator_py/pendulum_msgs/_pendulum_msgs_s.ep.rosidl_typesupport_introspection_c.c.o[0m
[ 95%] [32m[1mLinking C shared library rosidl_generator_py/pendulum_msgs/pendulum_msgs_s__rosidl_typesupport_introspection_c.cpython-38-x86_64-linux-gnu.so[0m
[ 95%] Built target pendulum_msgs__rosidl_typesupport_introspection_c__pyext
[35m[1mScanning dependencies of target pendulum_msgs__rosidl_typesupport_fastrtps_c__pyext[0m
[ 97%] [32mBuilding C object CMakeFiles/pendulum_msgs__rosidl_typesupport_fastrtps_c__pyext.dir/rosidl_generator_py/pendulum_msgs/_pendulum_msgs_s.ep.rosidl_typesupport_fastrtps_c.c.o[0m
[100%] [32m[1mLinking CXX shared library rosidl_generator_py/pendulum_msgs/pendulum_msgs_s__rosidl_typesupport_fastrtps_c.cpython-38-x86_64-linux-gnu.so[0m
[100%] Built target pendulum_msgs__rosidl_typesupport_fastrtps_c__pyext
-- Install configuration: ""
-- Installing: /home/saitama1/ros2_foxy/install/pendulum_msgs/share/ament_index/resource_index/rosidl_interfaces/pendulum_msgs
-- Installing: /home/saitama1/ros2_foxy/install/pendulum_msgs/include/pendulum_msgs
-- Installing: /home/saitama1/ros2_foxy/install/pendulum_msgs/include/pendulum_msgs/msg
-- Installing: /home/saitama1/ros2_foxy/install/pendulum_msgs/include/pendulum_msgs/msg/joint_state.h
-- Installing: /home/saitama1/ros2_foxy/install/pendulum_msgs/include/pendulum_msgs/msg/rttest_results.h
-- Installing: /home/saitama1/ros2_foxy/install/pendulum_msgs/include/pendulum_msgs/msg/rosidl_generator_c__visibility_control.h
-- Installing: /home/saitama1/ros2_foxy/install/pendulum_msgs/include/pendulum_msgs/msg/joint_command.h
-- Installing: /home/saitama1/ros2_foxy/install/pendulum_msgs/include/pendulum_msgs/msg/detail
-- Installing: /home/saitama1/ros2_foxy/install/pendulum_msgs/include/pendulum_msgs/msg/detail/joint_state__type_support.h
-- Installing: /home/saitama1/ros2_foxy/install/pendulum_msgs/include/pendulum_msgs/msg/detail/joint_command__functions.c
-- Installing: /home/saitama1/ros2_foxy/install/pendulum_msgs/include/pendulum_msgs/msg/detail/joint_command__struct.h
-- Installing: /home/saitama1/ros2_foxy/install/pendulum_msgs/include/pendulum_msgs/msg/detail/rttest_results__struct.h
-- Installing: /home/saitama1/ros2_foxy/install/pendulum_msgs/include/pendulum_msgs/msg/detail/joint_command__functions.h
-- Installing: /home/saitama1/ros2_foxy/install/pendulum_msgs/include/pendulum_msgs/msg/detail/joint_command__type_support.h
-- Installing: /home/saitama1/ros2_foxy/install/pendulum_msgs/include/pendulum_msgs/msg/detail/rttest_results__functions.h
-- Installing: /home/saitama1/ros2_foxy/install/pendulum_msgs/include/pendulum_msgs/msg/detail/joint_state__functions.h
-- Installing: /home/saitama1/ros2_foxy/install/pendulum_msgs/include/pendulum_msgs/msg/detail/rttest_results__type_support.h
-- Installing: /home/saitama1/ros2_foxy/install/pendulum_msgs/include/pendulum_msgs/msg/detail/joint_state__struct.h
-- Installing: /home/saitama1/ros2_foxy/install/pendulum_msgs/include/pendulum_msgs/msg/detail/rttest_results__functions.c
-- Installing: /home/saitama1/ros2_foxy/install/pendulum_msgs/include/pendulum_msgs/msg/detail/joint_state__functions.c
-- Installing: /home/saitama1/ros2_foxy/install/pendulum_msgs/share/pendulum_msgs/environment/library_path.sh
-- Installing: /home/saitama1/ros2_foxy/install/pendulum_msgs/share/pendulum_msgs/environment/library_path.dsv
-- Installing: /home/saitama1/ros2_foxy/install/pendulum_msgs/lib/libpendulum_msgs__rosidl_generator_c.so
-- Set runtime path of "/home/saitama1/ros2_foxy/install/pendulum_msgs/lib/libpendulum_msgs__rosidl_generator_c.so" to ""
-- Up-to-date: /home/saitama1/ros2_foxy/install/pendulum_msgs/include/pendulum_msgs
-- Up-to-date: /home/saitama1/ros2_foxy/install/pendulum_msgs/include/pendulum_msgs/msg
-- Installing: /home/saitama1/ros2_foxy/install/pendulum_msgs/include/pendulum_msgs/msg/rosidl_typesupport_fastrtps_c__visibility_control.h
-- Up-to-date: /home/saitama1/ros2_foxy/install/pendulum_msgs/include/pendulum_msgs/msg/detail
-- Installing: /home/saitama1/ros2_foxy/install/pendulum_msgs/include/pendulum_msgs/msg/detail/joint_state__rosidl_typesupport_fastrtps_c.h
-- Installing: /home/saitama1/ros2_foxy/install/pendulum_msgs/include/pendulum_msgs/msg/detail/joint_command__rosidl_typesupport_fastrtps_c.h
-- Installing: /home/saitama1/ros2_foxy/install/pendulum_msgs/include/pendulum_msgs/msg/detail/rttest_results__rosidl_typesupport_fastrtps_c.h
-- Installing: /home/saitama1/ros2_foxy/install/pendulum_msgs/lib/libpendulum_msgs__rosidl_typesupport_fastrtps_c.so
-- Set runtime path of "/home/saitama1/ros2_foxy/install/pendulum_msgs/lib/libpendulum_msgs__rosidl_typesupport_fastrtps_c.so" to ""
-- Up-to-date: /home/saitama1/ros2_foxy/install/pendulum_msgs/include/pendulum_msgs
-- Up-to-date: /home/saitama1/ros2_foxy/install/pendulum_msgs/include/pendulum_msgs/msg
-- Installing: /home/saitama1/ros2_foxy/install/pendulum_msgs/include/pendulum_msgs/msg/rosidl_typesupport_fastrtps_cpp__visibility_control.h
-- Up-to-date: /home/saitama1/ros2_foxy/install/pendulum_msgs/include/pendulum_msgs/msg/detail
-- Installing: /home/saitama1/ros2_foxy/install/pendulum_msgs/include/pendulum_msgs/msg/detail/dds_fastrtps
-- Installing: /home/saitama1/ros2_foxy/install/pendulum_msgs/include/pendulum_msgs/msg/detail/joint_state__rosidl_typesupport_fastrtps_cpp.hpp
-- Installing: /home/saitama1/ros2_foxy/install/pendulum_msgs/include/pendulum_msgs/msg/detail/rttest_results__rosidl_typesupport_fastrtps_cpp.hpp
-- Installing: /home/saitama1/ros2_foxy/install/pendulum_msgs/include/pendulum_msgs/msg/detail/joint_command__rosidl_typesupport_fastrtps_cpp.hpp
-- Installing: /home/saitama1/ros2_foxy/install/pendulum_msgs/lib/libpendulum_msgs__rosidl_typesupport_fastrtps_cpp.so
-- Set runtime path of "/home/saitama1/ros2_foxy/install/pendulum_msgs/lib/libpendulum_msgs__rosidl_typesupport_fastrtps_cpp.so" to ""
-- Up-to-date: /home/saitama1/ros2_foxy/install/pendulum_msgs/include/pendulum_msgs
-- Up-to-date: /home/saitama1/ros2_foxy/install/pendulum_msgs/include/pendulum_msgs/msg
-- Installing: /home/saitama1/ros2_foxy/install/pendulum_msgs/include/pendulum_msgs/msg/rosidl_typesupport_introspection_c__visibility_control.h
-- Up-to-date: /home/saitama1/ros2_foxy/install/pendulum_msgs/include/pendulum_msgs/msg/detail
-- Installing: /home/saitama1/ros2_foxy/install/pendulum_msgs/include/pendulum_msgs/msg/detail/joint_state__rosidl_typesupport_introspection_c.h
-- Installing: /home/saitama1/ros2_foxy/install/pendulum_msgs/include/pendulum_msgs/msg/detail/rttest_results__rosidl_typesupport_introspection_c.h
-- Installing: /home/saitama1/ros2_foxy/install/pendulum_msgs/include/pendulum_msgs/msg/detail/joint_command__type_support.c
-- Installing: /home/saitama1/ros2_foxy/install/pendulum_msgs/include/pendulum_msgs/msg/detail/rttest_results__type_support.c
-- Installing: /home/saitama1/ros2_foxy/install/pendulum_msgs/include/pendulum_msgs/msg/detail/joint_state__type_support.c
-- Installing: /home/saitama1/ros2_foxy/install/pendulum_msgs/include/pendulum_msgs/msg/detail/joint_command__rosidl_typesupport_introspection_c.h
-- Installing: /home/saitama1/ros2_foxy/install/pendulum_msgs/lib/libpendulum_msgs__rosidl_typesupport_introspection_c.so
-- Set runtime path of "/home/saitama1/ros2_foxy/install/pendulum_msgs/lib/libpendulum_msgs__rosidl_typesupport_introspection_c.so" to ""
-- Installing: /home/saitama1/ros2_foxy/install/pendulum_msgs/lib/libpendulum_msgs__rosidl_typesupport_c.so
-- Set runtime path of "/home/saitama1/ros2_foxy/install/pendulum_msgs/lib/libpendulum_msgs__rosidl_typesupport_c.so" to ""
-- Up-to-date: /home/saitama1/ros2_foxy/install/pendulum_msgs/include/pendulum_msgs
-- Up-to-date: /home/saitama1/ros2_foxy/install/pendulum_msgs/include/pendulum_msgs/msg
-- Installing: /home/saitama1/ros2_foxy/install/pendulum_msgs/include/pendulum_msgs/msg/joint_command.hpp
-- Installing: /home/saitama1/ros2_foxy/install/pendulum_msgs/include/pendulum_msgs/msg/rttest_results.hpp
-- Installing: /home/saitama1/ros2_foxy/install/pendulum_msgs/include/pendulum_msgs/msg/joint_state.hpp
-- Up-to-date: /home/saitama1/ros2_foxy/install/pendulum_msgs/include/pendulum_msgs/msg/detail
-- Installing: /home/saitama1/ros2_foxy/install/pendulum_msgs/include/pendulum_msgs/msg/detail/joint_state__builder.hpp
-- Installing: /home/saitama1/ros2_foxy/install/pendulum_msgs/include/pendulum_msgs/msg/detail/joint_command__traits.hpp
-- Installing: /home/saitama1/ros2_foxy/install/pendulum_msgs/include/pendulum_msgs/msg/detail/rttest_results__traits.hpp
-- Installing: /home/saitama1/ros2_foxy/install/pendulum_msgs/include/pendulum_msgs/msg/detail/joint_state__struct.hpp
-- Installing: /home/saitama1/ros2_foxy/install/pendulum_msgs/include/pendulum_msgs/msg/detail/joint_command__struct.hpp
-- Installing: /home/saitama1/ros2_foxy/install/pendulum_msgs/include/pendulum_msgs/msg/detail/rttest_results__builder.hpp
-- Installing: /home/saitama1/ros2_foxy/install/pendulum_msgs/include/pendulum_msgs/msg/detail/rttest_results__struct.hpp
-- Installing: /home/saitama1/ros2_foxy/install/pendulum_msgs/include/pendulum_msgs/msg/detail/joint_state__traits.hpp
-- Installing: /home/saitama1/ros2_foxy/install/pendulum_msgs/include/pendulum_msgs/msg/detail/joint_command__builder.hpp
-- Up-to-date: /home/saitama1/ros2_foxy/install/pendulum_msgs/include/pendulum_msgs
-- Up-to-date: /home/saitama1/ros2_foxy/install/pendulum_msgs/include/pendulum_msgs/msg
-- Up-to-date: /home/saitama1/ros2_foxy/install/pendulum_msgs/include/pendulum_msgs/msg/detail
-- Installing: /home/saitama1/ros2_foxy/install/pendulum_msgs/include/pendulum_msgs/msg/detail/joint_command__rosidl_typesupport_introspection_cpp.hpp
-- Installing: /home/saitama1/ros2_foxy/install/pendulum_msgs/include/pendulum_msgs/msg/detail/joint_state__rosidl_typesupport_introspection_cpp.hpp
-- Installing: /home/saitama1/ros2_foxy/install/pendulum_msgs/include/pendulum_msgs/msg/detail/joint_state__type_support.cpp
-- Installing: /home/saitama1/ros2_foxy/install/pendulum_msgs/include/pendulum_msgs/msg/detail/rttest_results__type_support.cpp
-- Installing: /home/saitama1/ros2_foxy/install/pendulum_msgs/include/pendulum_msgs/msg/detail/rttest_results__rosidl_typesupport_introspection_cpp.hpp
-- Installing: /home/saitama1/ros2_foxy/install/pendulum_msgs/include/pendulum_msgs/msg/detail/joint_command__type_support.cpp
-- Installing: /home/saitama1/ros2_foxy/install/pendulum_msgs/lib/libpendulum_msgs__rosidl_typesupport_introspection_cpp.so
-- Set runtime path of "/home/saitama1/ros2_foxy/install/pendulum_msgs/lib/libpendulum_msgs__rosidl_typesupport_introspection_cpp.so" to ""
-- Installing: /home/saitama1/ros2_foxy/install/pendulum_msgs/lib/libpendulum_msgs__rosidl_typesupport_cpp.so
-- Set runtime path of "/home/saitama1/ros2_foxy/install/pendulum_msgs/lib/libpendulum_msgs__rosidl_typesupport_cpp.so" to ""
-- Installing: /home/saitama1/ros2_foxy/install/pendulum_msgs/share/pendulum_msgs/environment/pythonpath.sh
-- Installing: /home/saitama1/ros2_foxy/install/pendulum_msgs/share/pendulum_msgs/environment/pythonpath.dsv
-- Installing: /home/saitama1/ros2_foxy/install/pendulum_msgs/lib/python3.8/site-packages/pendulum_msgs/__init__.py
Compiling '/home/saitama1/ros2_foxy/install/pendulum_msgs/lib/python3.8/site-packages/pendulum_msgs/__init__.py'...
-- Installing: /home/saitama1/ros2_foxy/install/pendulum_msgs/lib/python3.8/site-packages/pendulum_msgs/msg
-- Installing: /home/saitama1/ros2_foxy/install/pendulum_msgs/lib/python3.8/site-packages/pendulum_msgs/msg/_joint_command.py
-- Installing: /home/saitama1/ros2_foxy/install/pendulum_msgs/lib/python3.8/site-packages/pendulum_msgs/msg/__init__.py
-- Installing: /home/saitama1/ros2_foxy/install/pendulum_msgs/lib/python3.8/site-packages/pendulum_msgs/msg/_rttest_results_s.c
-- Installing: /home/saitama1/ros2_foxy/install/pendulum_msgs/lib/python3.8/site-packages/pendulum_msgs/msg/_joint_state.py
-- Installing: /home/saitama1/ros2_foxy/install/pendulum_msgs/lib/python3.8/site-packages/pendulum_msgs/msg/_joint_state_s.c
-- Installing: /home/saitama1/ros2_foxy/install/pendulum_msgs/lib/python3.8/site-packages/pendulum_msgs/msg/_rttest_results.py
-- Installing: /home/saitama1/ros2_foxy/install/pendulum_msgs/lib/python3.8/site-packages/pendulum_msgs/msg/_joint_command_s.c
-- Installing: /home/saitama1/ros2_foxy/install/pendulum_msgs/lib/python3.8/site-packages/pendulum_msgs/pendulum_msgs_s__rosidl_typesupport_fastrtps_c.cpython-38-x86_64-linux-gnu.so
-- Set runtime path of "/home/saitama1/ros2_foxy/install/pendulum_msgs/lib/python3.8/site-packages/pendulum_msgs/pendulum_msgs_s__rosidl_typesupport_fastrtps_c.cpython-38-x86_64-linux-gnu.so" to ""
-- Installing: /home/saitama1/ros2_foxy/install/pendulum_msgs/lib/python3.8/site-packages/pendulum_msgs/pendulum_msgs_s__rosidl_typesupport_introspection_c.cpython-38-x86_64-linux-gnu.so
-- Set runtime path of "/home/saitama1/ros2_foxy/install/pendulum_msgs/lib/python3.8/site-packages/pendulum_msgs/pendulum_msgs_s__rosidl_typesupport_introspection_c.cpython-38-x86_64-linux-gnu.so" to ""
-- Installing: /home/saitama1/ros2_foxy/install/pendulum_msgs/lib/python3.8/site-packages/pendulum_msgs/pendulum_msgs_s__rosidl_typesupport_c.cpython-38-x86_64-linux-gnu.so
-- Set runtime path of "/home/saitama1/ros2_foxy/install/pendulum_msgs/lib/python3.8/site-packages/pendulum_msgs/pendulum_msgs_s__rosidl_typesupport_c.cpython-38-x86_64-linux-gnu.so" to ""
-- Installing: /home/saitama1/ros2_foxy/install/pendulum_msgs/lib/libpendulum_msgs__python.so
-- Set runtime path of "/home/saitama1/ros2_foxy/install/pendulum_msgs/lib/libpendulum_msgs__python.so" to ""
-- Installing: /home/saitama1/ros2_foxy/install/pendulum_msgs/share/pendulum_msgs/msg/JointState.idl
-- Installing: /home/saitama1/ros2_foxy/install/pendulum_msgs/share/pendulum_msgs/msg/JointCommand.idl
-- Installing: /home/saitama1/ros2_foxy/install/pendulum_msgs/share/pendulum_msgs/msg/RttestResults.idl
-- Installing: /home/saitama1/ros2_foxy/install/pendulum_msgs/share/pendulum_msgs/msg/JointState.msg
-- Installing: /home/saitama1/ros2_foxy/install/pendulum_msgs/share/pendulum_msgs/msg/JointCommand.msg
-- Installing: /home/saitama1/ros2_foxy/install/pendulum_msgs/share/pendulum_msgs/msg/RttestResults.msg
-- Installing: /home/saitama1/ros2_foxy/install/pendulum_msgs/share/ament_index/resource_index/package_run_dependencies/pendulum_msgs
-- Installing: /home/saitama1/ros2_foxy/install/pendulum_msgs/share/ament_index/resource_index/parent_prefix_path/pendulum_msgs
-- Installing: /home/saitama1/ros2_foxy/install/pendulum_msgs/share/pendulum_msgs/environment/ament_prefix_path.sh
-- Installing: /home/saitama1/ros2_foxy/install/pendulum_msgs/share/pendulum_msgs/environment/ament_prefix_path.dsv
-- Installing: /home/saitama1/ros2_foxy/install/pendulum_msgs/share/pendulum_msgs/environment/path.sh
-- Installing: /home/saitama1/ros2_foxy/install/pendulum_msgs/share/pendulum_msgs/environment/path.dsv
-- Installing: /home/saitama1/ros2_foxy/install/pendulum_msgs/share/pendulum_msgs/local_setup.bash
-- Installing: /home/saitama1/ros2_foxy/install/pendulum_msgs/share/pendulum_msgs/local_setup.sh
-- Installing: /home/saitama1/ros2_foxy/install/pendulum_msgs/share/pendulum_msgs/local_setup.zsh
-- Installing: /home/saitama1/ros2_foxy/install/pendulum_msgs/share/pendulum_msgs/local_setup.dsv
-- Installing: /home/saitama1/ros2_foxy/install/pendulum_msgs/share/pendulum_msgs/package.dsv
-- Installing: /home/saitama1/ros2_foxy/install/pendulum_msgs/share/ament_index/resource_index/packages/pendulum_msgs
-- Installing: /home/saitama1/ros2_foxy/install/pendulum_msgs/share/pendulum_msgs/cmake/pendulum_msgs__rosidl_generator_cExport.cmake
-- Installing: /home/saitama1/ros2_foxy/install/pendulum_msgs/share/pendulum_msgs/cmake/pendulum_msgs__rosidl_generator_cExport-noconfig.cmake
-- Installing: /home/saitama1/ros2_foxy/install/pendulum_msgs/share/pendulum_msgs/cmake/pendulum_msgs__rosidl_typesupport_introspection_cExport.cmake
-- Installing: /home/saitama1/ros2_foxy/install/pendulum_msgs/share/pendulum_msgs/cmake/pendulum_msgs__rosidl_typesupport_introspection_cExport-noconfig.cmake
-- Installing: /home/saitama1/ros2_foxy/install/pendulum_msgs/share/pendulum_msgs/cmake/pendulum_msgs__rosidl_typesupport_cExport.cmake
-- Installing: /home/saitama1/ros2_foxy/install/pendulum_msgs/share/pendulum_msgs/cmake/pendulum_msgs__rosidl_typesupport_cExport-noconfig.cmake
-- Installing: /home/saitama1/ros2_foxy/install/pendulum_msgs/share/pendulum_msgs/cmake/pendulum_msgs__rosidl_generator_cppExport.cmake
-- Installing: /home/saitama1/ros2_foxy/install/pendulum_msgs/share/pendulum_msgs/cmake/pendulum_msgs__rosidl_typesupport_introspection_cppExport.cmake
-- Installing: /home/saitama1/ros2_foxy/install/pendulum_msgs/share/pendulum_msgs/cmake/pendulum_msgs__rosidl_typesupport_introspection_cppExport-noconfig.cmake
-- Installing: /home/saitama1/ros2_foxy/install/pendulum_msgs/share/pendulum_msgs/cmake/pendulum_msgs__rosidl_typesupport_cppExport.cmake
-- Installing: /home/saitama1/ros2_foxy/install/pendulum_msgs/share/pendulum_msgs/cmake/pendulum_msgs__rosidl_typesupport_cppExport-noconfig.cmake
-- Installing: /home/saitama1/ros2_foxy/install/pendulum_msgs/share/pendulum_msgs/cmake/rosidl_cmake-extras.cmake
-- Installing: /home/saitama1/ros2_foxy/install/pendulum_msgs/share/pendulum_msgs/cmake/ament_cmake_export_dependencies-extras.cmake
-- Installing: /home/saitama1/ros2_foxy/install/pendulum_msgs/share/pendulum_msgs/cmake/ament_cmake_export_libraries-extras.cmake
-- Installing: /home/saitama1/ros2_foxy/install/pendulum_msgs/share/pendulum_msgs/cmake/ament_cmake_export_targets-extras.cmake
-- Installing: /home/saitama1/ros2_foxy/install/pendulum_msgs/share/pendulum_msgs/cmake/ament_cmake_export_include_directories-extras.cmake
-- Installing: /home/saitama1/ros2_foxy/install/pendulum_msgs/share/pendulum_msgs/cmake/rosidl_cmake_export_typesupport_libraries-extras.cmake
-- Installing: /home/saitama1/ros2_foxy/install/pendulum_msgs/share/pendulum_msgs/cmake/rosidl_cmake_export_typesupport_targets-extras.cmake
-- Installing: /home/saitama1/ros2_foxy/install/pendulum_msgs/share/pendulum_msgs/cmake/pendulum_msgsConfig.cmake
-- Installing: /home/saitama1/ros2_foxy/install/pendulum_msgs/share/pendulum_msgs/cmake/pendulum_msgsConfig-version.cmake
-- Installing: /home/saitama1/ros2_foxy/install/pendulum_msgs/share/pendulum_msgs/package.xml
