[  9%] Built target rosgraph_msgs__rosidl_generator_c
[ 12%] Built target rosgraph_msgs__cpp
[ 22%] Built target rosgraph_msgs__rosidl_typesupport_introspection_c
[ 32%] Built target rosgraph_msgs__rosidl_typesupport_c
[ 41%] Built target rosgraph_msgs__rosidl_typesupport_cpp
[ 51%] Built target rosgraph_msgs__rosidl_typesupport_fastrtps_cpp
[ 61%] Built target rosgraph_msgs__rosidl_typesupport_introspection_cpp
[ 70%] Built target rosgraph_msgs__rosidl_typesupport_fastrtps_c
[ 70%] Built target rosgraph_msgs
[ 74%] Built target rosgraph_msgs__py
[ 80%] Built target rosgraph_msgs__python
[ 87%] Built target rosgraph_msgs__rosidl_typesupport_fastrtps_c__pyext
[ 93%] Built target rosgraph_msgs__rosidl_typesupport_c__pyext
[100%] Built target rosgraph_msgs__rosidl_typesupport_introspection_c__pyext
-- Install configuration: ""
-- Execute custom install script
-- Up-to-date symlink: /home/saitama1/ros2_foxy/install/rosgraph_msgs/share/ament_index/resource_index/rosidl_interfaces/rosgraph_msgs
-- Up-to-date symlink: /home/saitama1/ros2_foxy/install/rosgraph_msgs/include/rosgraph_msgs/msg/clock.h
-- Up-to-date symlink: /home/saitama1/ros2_foxy/install/rosgraph_msgs/include/rosgraph_msgs/msg/detail/clock__functions.h
-- Up-to-date symlink: /home/saitama1/ros2_foxy/install/rosgraph_msgs/include/rosgraph_msgs/msg/detail/clock__struct.h
-- Up-to-date symlink: /home/saitama1/ros2_foxy/install/rosgraph_msgs/include/rosgraph_msgs/msg/detail/clock__type_support.h
-- Up-to-date symlink: /home/saitama1/ros2_foxy/install/rosgraph_msgs/include/rosgraph_msgs/msg/rosidl_generator_c__visibility_control.h
-- Up-to-date symlink: /home/saitama1/ros2_foxy/install/rosgraph_msgs/share/rosgraph_msgs/environment/library_path.sh
-- Up-to-date symlink: /home/saitama1/ros2_foxy/install/rosgraph_msgs/share/rosgraph_msgs/environment/library_path.dsv
-- Up-to-date symlink: /home/saitama1/ros2_foxy/install/rosgraph_msgs/include/rosgraph_msgs/msg/detail/clock__rosidl_typesupport_introspection_c.h
-- Up-to-date symlink: /home/saitama1/ros2_foxy/install/rosgraph_msgs/include/rosgraph_msgs/msg/rosidl_typesupport_introspection_c__visibility_control.h
-- Up-to-date symlink: /home/saitama1/ros2_foxy/install/rosgraph_msgs/include/rosgraph_msgs/msg/detail/clock__rosidl_typesupport_fastrtps_c.h
-- Up-to-date symlink: /home/saitama1/ros2_foxy/install/rosgraph_msgs/include/rosgraph_msgs/msg/rosidl_typesupport_fastrtps_c__visibility_control.h
-- Up-to-date symlink: /home/saitama1/ros2_foxy/install/rosgraph_msgs/lib/librosgraph_msgs__rosidl_typesupport_fastrtps_c.so
-- Up-to-date symlink: /home/saitama1/ros2_foxy/install/rosgraph_msgs/include/rosgraph_msgs/msg/detail/clock__rosidl_typesupport_fastrtps_cpp.hpp
-- Up-to-date symlink: /home/saitama1/ros2_foxy/install/rosgraph_msgs/include/rosgraph_msgs/msg/rosidl_typesupport_fastrtps_cpp__visibility_control.h
-- Up-to-date symlink: /home/saitama1/ros2_foxy/install/rosgraph_msgs/lib/librosgraph_msgs__rosidl_typesupport_fastrtps_cpp.so
-- Up-to-date symlink: /home/saitama1/ros2_foxy/install/rosgraph_msgs/include/rosgraph_msgs/msg/clock.hpp
-- Up-to-date symlink: /home/saitama1/ros2_foxy/install/rosgraph_msgs/include/rosgraph_msgs/msg/detail/clock__builder.hpp
-- Up-to-date symlink: /home/saitama1/ros2_foxy/install/rosgraph_msgs/include/rosgraph_msgs/msg/detail/clock__struct.hpp
-- Up-to-date symlink: /home/saitama1/ros2_foxy/install/rosgraph_msgs/include/rosgraph_msgs/msg/detail/clock__traits.hpp
-- Up-to-date symlink: /home/saitama1/ros2_foxy/install/rosgraph_msgs/include/rosgraph_msgs/msg/detail/clock__rosidl_typesupport_introspection_cpp.hpp
-- Up-to-date symlink: /home/saitama1/ros2_foxy/install/rosgraph_msgs/share/rosgraph_msgs/environment/pythonpath.sh
-- Up-to-date symlink: /home/saitama1/ros2_foxy/install/rosgraph_msgs/share/rosgraph_msgs/environment/pythonpath.dsv
-- Up-to-date symlink: /home/saitama1/ros2_foxy/install/rosgraph_msgs/lib/python3.8/site-packages/rosgraph_msgs/__init__.py
-- Up-to-date symlink: /home/saitama1/ros2_foxy/install/rosgraph_msgs/lib/python3.8/site-packages/rosgraph_msgs/msg/__init__.py
-- Up-to-date symlink: /home/saitama1/ros2_foxy/install/rosgraph_msgs/lib/python3.8/site-packages/rosgraph_msgs/msg/_clock.py
-- Up-to-date symlink: /home/saitama1/ros2_foxy/install/rosgraph_msgs/lib/python3.8/site-packages/rosgraph_msgs/rosgraph_msgs_s__rosidl_typesupport_introspection_c.cpython-38-x86_64-linux-gnu.so
-- Up-to-date symlink: /home/saitama1/ros2_foxy/install/rosgraph_msgs/lib/python3.8/site-packages/rosgraph_msgs/rosgraph_msgs_s__rosidl_typesupport_fastrtps_c.cpython-38-x86_64-linux-gnu.so
-- Up-to-date symlink: /home/saitama1/ros2_foxy/install/rosgraph_msgs/lib/python3.8/site-packages/rosgraph_msgs/rosgraph_msgs_s__rosidl_typesupport_c.cpython-38-x86_64-linux-gnu.so
-- Up-to-date symlink: /home/saitama1/ros2_foxy/install/rosgraph_msgs/lib/librosgraph_msgs__python.so
-- Up-to-date symlink: /home/saitama1/ros2_foxy/install/rosgraph_msgs/share/rosgraph_msgs/msg/Clock.idl
-- Up-to-date symlink: /home/saitama1/ros2_foxy/install/rosgraph_msgs/share/rosgraph_msgs/msg/Clock.msg
-- Up-to-date symlink: /home/saitama1/ros2_foxy/install/rosgraph_msgs/share/ament_index/resource_index/package_run_dependencies/rosgraph_msgs
-- Up-to-date symlink: /home/saitama1/ros2_foxy/install/rosgraph_msgs/share/ament_index/resource_index/parent_prefix_path/rosgraph_msgs
-- Up-to-date symlink: /home/saitama1/ros2_foxy/install/rosgraph_msgs/share/rosgraph_msgs/environment/ament_prefix_path.sh
-- Up-to-date symlink: /home/saitama1/ros2_foxy/install/rosgraph_msgs/share/rosgraph_msgs/environment/ament_prefix_path.dsv
-- Up-to-date symlink: /home/saitama1/ros2_foxy/install/rosgraph_msgs/share/rosgraph_msgs/environment/path.sh
-- Up-to-date symlink: /home/saitama1/ros2_foxy/install/rosgraph_msgs/share/rosgraph_msgs/environment/path.dsv
-- Up-to-date symlink: /home/saitama1/ros2_foxy/install/rosgraph_msgs/share/rosgraph_msgs/local_setup.bash
-- Up-to-date symlink: /home/saitama1/ros2_foxy/install/rosgraph_msgs/share/rosgraph_msgs/local_setup.sh
-- Up-to-date symlink: /home/saitama1/ros2_foxy/install/rosgraph_msgs/share/rosgraph_msgs/local_setup.zsh
-- Up-to-date symlink: /home/saitama1/ros2_foxy/install/rosgraph_msgs/share/rosgraph_msgs/local_setup.dsv
-- Symlinking: /home/saitama1/ros2_foxy/install/rosgraph_msgs/share/rosgraph_msgs/package.dsv
-- Up-to-date symlink: /home/saitama1/ros2_foxy/install/rosgraph_msgs/share/ament_index/resource_index/packages/rosgraph_msgs
-- Up-to-date symlink: /home/saitama1/ros2_foxy/install/rosgraph_msgs/share/rosgraph_msgs/cmake/rosidl_cmake-extras.cmake
-- Up-to-date symlink: /home/saitama1/ros2_foxy/install/rosgraph_msgs/share/rosgraph_msgs/cmake/ament_cmake_export_dependencies-extras.cmake
-- Up-to-date symlink: /home/saitama1/ros2_foxy/install/rosgraph_msgs/share/rosgraph_msgs/cmake/ament_cmake_export_libraries-extras.cmake
-- Up-to-date symlink: /home/saitama1/ros2_foxy/install/rosgraph_msgs/share/rosgraph_msgs/cmake/ament_cmake_export_targets-extras.cmake
-- Up-to-date symlink: /home/saitama1/ros2_foxy/install/rosgraph_msgs/share/rosgraph_msgs/cmake/ament_cmake_export_include_directories-extras.cmake
-- Up-to-date symlink: /home/saitama1/ros2_foxy/install/rosgraph_msgs/share/rosgraph_msgs/cmake/rosidl_cmake_export_typesupport_targets-extras.cmake
-- Up-to-date symlink: /home/saitama1/ros2_foxy/install/rosgraph_msgs/share/rosgraph_msgs/cmake/rosidl_cmake_export_typesupport_libraries-extras.cmake
-- Up-to-date symlink: /home/saitama1/ros2_foxy/install/rosgraph_msgs/share/rosgraph_msgs/cmake/rosgraph_msgsConfig.cmake
-- Up-to-date symlink: /home/saitama1/ros2_foxy/install/rosgraph_msgs/share/rosgraph_msgs/cmake/rosgraph_msgsConfig-version.cmake
-- Up-to-date symlink: /home/saitama1/ros2_foxy/install/rosgraph_msgs/share/rosgraph_msgs/package.xml
-- Up-to-date: /home/saitama1/ros2_foxy/install/rosgraph_msgs/lib/librosgraph_msgs__rosidl_generator_c.so
-- Up-to-date: /home/saitama1/ros2_foxy/install/rosgraph_msgs/lib/librosgraph_msgs__rosidl_typesupport_introspection_c.so
-- Up-to-date: /home/saitama1/ros2_foxy/install/rosgraph_msgs/lib/librosgraph_msgs__rosidl_typesupport_c.so
-- Up-to-date: /home/saitama1/ros2_foxy/install/rosgraph_msgs/lib/librosgraph_msgs__rosidl_typesupport_introspection_cpp.so
-- Up-to-date: /home/saitama1/ros2_foxy/install/rosgraph_msgs/lib/librosgraph_msgs__rosidl_typesupport_cpp.so
-- Up-to-date: /home/saitama1/ros2_foxy/install/rosgraph_msgs/share/rosgraph_msgs/cmake/rosgraph_msgs__rosidl_generator_cExport.cmake
-- Up-to-date: /home/saitama1/ros2_foxy/install/rosgraph_msgs/share/rosgraph_msgs/cmake/rosgraph_msgs__rosidl_generator_cExport-noconfig.cmake
-- Up-to-date: /home/saitama1/ros2_foxy/install/rosgraph_msgs/share/rosgraph_msgs/cmake/rosgraph_msgs__rosidl_typesupport_introspection_cExport.cmake
-- Up-to-date: /home/saitama1/ros2_foxy/install/rosgraph_msgs/share/rosgraph_msgs/cmake/rosgraph_msgs__rosidl_typesupport_introspection_cExport-noconfig.cmake
-- Up-to-date: /home/saitama1/ros2_foxy/install/rosgraph_msgs/share/rosgraph_msgs/cmake/rosgraph_msgs__rosidl_typesupport_cExport.cmake
-- Up-to-date: /home/saitama1/ros2_foxy/install/rosgraph_msgs/share/rosgraph_msgs/cmake/rosgraph_msgs__rosidl_typesupport_cExport-noconfig.cmake
-- Up-to-date: /home/saitama1/ros2_foxy/install/rosgraph_msgs/share/rosgraph_msgs/cmake/rosgraph_msgs__rosidl_generator_cppExport.cmake
-- Up-to-date: /home/saitama1/ros2_foxy/install/rosgraph_msgs/share/rosgraph_msgs/cmake/rosgraph_msgs__rosidl_typesupport_introspection_cppExport.cmake
-- Up-to-date: /home/saitama1/ros2_foxy/install/rosgraph_msgs/share/rosgraph_msgs/cmake/rosgraph_msgs__rosidl_typesupport_introspection_cppExport-noconfig.cmake
-- Up-to-date: /home/saitama1/ros2_foxy/install/rosgraph_msgs/share/rosgraph_msgs/cmake/rosgraph_msgs__rosidl_typesupport_cppExport.cmake
-- Up-to-date: /home/saitama1/ros2_foxy/install/rosgraph_msgs/share/rosgraph_msgs/cmake/rosgraph_msgs__rosidl_typesupport_cppExport-noconfig.cmake
