-- Found ament_cmake: 0.9.8 (/home/saitama1/ros2_foxy/install/ament_cmake/share/ament_cmake/cmake)
-- Found PythonInterp: /usr/bin/python3 (found suitable version "3.8.10", minimum required is "3") 
-- Using PYTHON_EXECUTABLE: /usr/bin/python3
-- Override CMake install command with custom implementation using symlinks instead of copying resources
-- Found rclcpp: 2.3.1 (/home/saitama1/ros2_foxy/install/rclcpp/share/rclcpp/cmake)
-- Using all available rosidl_typesupport_c: rosidl_typesupport_introspection_c;rosidl_typesupport_fastrtps_c
-- Found rosidl_adapter: 1.2.1 (/home/saitama1/ros2_foxy/install/rosidl_adapter/share/rosidl_adapter/cmake)
-- Using all available rosidl_typesupport_cpp: rosidl_typesupport_introspection_cpp;rosidl_typesupport_fastrtps_cpp
-- Found rmw_implementation_cmake: 1.0.3 (/home/saitama1/ros2_foxy/install/rmw_implementation_cmake/share/rmw_implementation_cmake/cmake)
-- Using RMW implementation 'rmw_fastrtps_cpp' as default
-- Found rclcpp_components: 2.3.1 (/home/saitama1/ros2_foxy/install/rclcpp_components/share/rclcpp_components/cmake)
-- Found sensor_msgs: 2.0.4 (/home/saitama1/ros2_foxy/install/sensor_msgs/share/sensor_msgs/cmake)
-- Found ament_lint_auto: 0.9.6 (/home/saitama1/ros2_foxy/install/ament_lint_auto/share/ament_lint_auto/cmake)
-- Found python_cmake_module: 0.8.1 (/home/saitama1/ros2_foxy/install/python_cmake_module/share/python_cmake_module/cmake)
-- Found PythonInterp: /usr/bin/python3 (found suitable version "3.8.10", minimum required is "3.5") 
-- Using PYTHON_EXECUTABLE: /usr/bin/python3
-- Using PYTHON_INCLUDE_DIRS: /usr/include/python3.8
-- Using PYTHON_LIBRARIES: /usr/lib/x86_64-linux-gnu/libpython3.8.so
-- Added test 'copyright' to check source files copyright and LICENSE
-- Added test 'cppcheck' to perform static code analysis on C / C++ code
-- Configured cppcheck include dirs: /home/saitama1/ros2_foxy/src/ros2/demos/image_tools/include
-- Configured cppcheck exclude dirs and/or files: 
-- Added test 'cpplint' to check C / C++ code against the Google style
-- Configured cpplint exclude dirs and/or files: 
-- Added test 'lint_cmake' to check CMake code style
-- Added test 'uncrustify' to check C / C++ code style
-- Configured uncrustify additional arguments: 
-- Added test 'xmllint' to check XML markup files
-- Configuring done
-- Generating done
-- Build files have been written to: /home/saitama1/ros2_foxy/build/image_tools
[35m[1mScanning dependencies of target cam2image[0m
[ 12%] [32mBuilding CXX object CMakeFiles/cam2image.dir/rclcpp_components/node_main_cam2image.cpp.o[0m
[ 25%] [32m[1mLinking CXX executable cam2image[0m
[ 25%] Built target cam2image
[35m[1mScanning dependencies of target showimage[0m
[ 37%] [32mBuilding CXX object CMakeFiles/showimage.dir/rclcpp_components/node_main_showimage.cpp.o[0m
[ 50%] [32m[1mLinking CXX executable showimage[0m
[ 50%] Built target showimage
[35m[1mScanning dependencies of target imagetools[0m
[ 62%] [32mBuilding CXX object CMakeFiles/imagetools.dir/src/cam2image.cpp.o[0m
[ 75%] [32mBuilding CXX object CMakeFiles/imagetools.dir/src/showimage.cpp.o[0m
[ 87%] [32m[1mLinking CXX shared library libimagetools.so[0m
[100%] Built target imagetools
-- Install configuration: ""
-- Execute custom install script
-- Symlinking: /home/saitama1/ros2_foxy/install/image_tools/lib/image_tools/cam2image
-- Symlinking: /home/saitama1/ros2_foxy/install/image_tools/lib/image_tools/showimage
-- Symlinking: /home/saitama1/ros2_foxy/install/image_tools/lib/libimagetools.so
-- Symlinking: /home/saitama1/ros2_foxy/install/image_tools/share/ament_index/resource_index/package_run_dependencies/image_tools
-- Symlinking: /home/saitama1/ros2_foxy/install/image_tools/share/ament_index/resource_index/parent_prefix_path/image_tools
-- Symlinking: /home/saitama1/ros2_foxy/install/image_tools/share/image_tools/environment/ament_prefix_path.sh
-- Symlinking: /home/saitama1/ros2_foxy/install/image_tools/share/image_tools/environment/ament_prefix_path.dsv
-- Symlinking: /home/saitama1/ros2_foxy/install/image_tools/share/image_tools/environment/path.sh
-- Symlinking: /home/saitama1/ros2_foxy/install/image_tools/share/image_tools/environment/path.dsv
-- Symlinking: /home/saitama1/ros2_foxy/install/image_tools/share/image_tools/local_setup.bash
-- Symlinking: /home/saitama1/ros2_foxy/install/image_tools/share/image_tools/local_setup.sh
-- Symlinking: /home/saitama1/ros2_foxy/install/image_tools/share/image_tools/local_setup.zsh
-- Symlinking: /home/saitama1/ros2_foxy/install/image_tools/share/image_tools/local_setup.dsv
-- Symlinking: /home/saitama1/ros2_foxy/install/image_tools/share/image_tools/package.dsv
-- Symlinking: /home/saitama1/ros2_foxy/install/image_tools/share/ament_index/resource_index/packages/image_tools
-- Symlinking: /home/saitama1/ros2_foxy/install/image_tools/share/ament_index/resource_index/rclcpp_components/image_tools
-- Symlinking: /home/saitama1/ros2_foxy/install/image_tools/share/image_tools/cmake/image_toolsConfig.cmake
-- Symlinking: /home/saitama1/ros2_foxy/install/image_tools/share/image_tools/cmake/image_toolsConfig-version.cmake
-- Symlinking: /home/saitama1/ros2_foxy/install/image_tools/share/image_tools/package.xml
