[0.898s] Invoking command in '/home/saitama1/ros2_foxy/src/ament/ament_lint/ament_cppcheck': PYTHONPATH=/home/saitama1/ros2_foxy/install/ament_cppcheck/lib/python3.8/site-packages: /usr/bin/python3 setup.py egg_info --egg-base ../../../../build/ament_cppcheck build --build-base /home/saitama1/ros2_foxy/build/ament_cppcheck/build install --prefix /home/saitama1/ros2_foxy/install/ament_cppcheck --record /home/saitama1/ros2_foxy/build/ament_cppcheck/install.log --single-version-externally-managed
[1.084s] running egg_info
[1.085s] creating ../../../../build/ament_cppcheck/ament_cppcheck.egg-info
[1.086s] writing ../../../../build/ament_cppcheck/ament_cppcheck.egg-info/PKG-INFO
[1.086s] writing dependency_links to ../../../../build/ament_cppcheck/ament_cppcheck.egg-info/dependency_links.txt
[1.086s] writing entry points to ../../../../build/ament_cppcheck/ament_cppcheck.egg-info/entry_points.txt
[1.086s] writing requirements to ../../../../build/ament_cppcheck/ament_cppcheck.egg-info/requires.txt
[1.086s] writing top-level names to ../../../../build/ament_cppcheck/ament_cppcheck.egg-info/top_level.txt
[1.087s] writing manifest file '../../../../build/ament_cppcheck/ament_cppcheck.egg-info/SOURCES.txt'
[1.122s] reading manifest file '../../../../build/ament_cppcheck/ament_cppcheck.egg-info/SOURCES.txt'
[1.123s] writing manifest file '../../../../build/ament_cppcheck/ament_cppcheck.egg-info/SOURCES.txt'
[1.123s] running build
[1.123s] running build_py
[1.123s] creating /home/saitama1/ros2_foxy/build/ament_cppcheck/build
[1.123s] creating /home/saitama1/ros2_foxy/build/ament_cppcheck/build/lib
[1.123s] creating /home/saitama1/ros2_foxy/build/ament_cppcheck/build/lib/ament_cppcheck
[1.123s] copying ament_cppcheck/__init__.py -> /home/saitama1/ros2_foxy/build/ament_cppcheck/build/lib/ament_cppcheck
[1.123s] copying ament_cppcheck/main.py -> /home/saitama1/ros2_foxy/build/ament_cppcheck/build/lib/ament_cppcheck
[1.124s] running install
[1.124s] running install_lib
[1.125s] creating /home/saitama1/ros2_foxy/install/ament_cppcheck/lib/python3.8/site-packages/ament_cppcheck
[1.125s] copying /home/saitama1/ros2_foxy/build/ament_cppcheck/build/lib/ament_cppcheck/__init__.py -> /home/saitama1/ros2_foxy/install/ament_cppcheck/lib/python3.8/site-packages/ament_cppcheck
[1.125s] copying /home/saitama1/ros2_foxy/build/ament_cppcheck/build/lib/ament_cppcheck/main.py -> /home/saitama1/ros2_foxy/install/ament_cppcheck/lib/python3.8/site-packages/ament_cppcheck
[1.126s] byte-compiling /home/saitama1/ros2_foxy/install/ament_cppcheck/lib/python3.8/site-packages/ament_cppcheck/__init__.py to __init__.cpython-38.pyc
[1.127s] byte-compiling /home/saitama1/ros2_foxy/install/ament_cppcheck/lib/python3.8/site-packages/ament_cppcheck/main.py to main.cpython-38.pyc
[1.129s] running install_data
[1.130s] copying package.xml -> /home/saitama1/ros2_foxy/install/ament_cppcheck/share/ament_cppcheck
[1.130s] creating /home/saitama1/ros2_foxy/install/ament_cppcheck/share/ament_index
[1.130s] creating /home/saitama1/ros2_foxy/install/ament_cppcheck/share/ament_index/resource_index
[1.130s] creating /home/saitama1/ros2_foxy/install/ament_cppcheck/share/ament_index/resource_index/packages
[1.130s] copying resource/ament_cppcheck -> /home/saitama1/ros2_foxy/install/ament_cppcheck/share/ament_index/resource_index/packages
[1.130s] running install_egg_info
[1.131s] Copying ../../../../build/ament_cppcheck/ament_cppcheck.egg-info to /home/saitama1/ros2_foxy/install/ament_cppcheck/lib/python3.8/site-packages/ament_cppcheck-0.9.6-py3.8.egg-info
[1.133s] running install_scripts
[1.150s] Installing ament_cppcheck script to /home/saitama1/ros2_foxy/install/ament_cppcheck/bin
[1.150s] writing list of installed files to '/home/saitama1/ros2_foxy/build/ament_cppcheck/install.log'
[1.232s] Invoked command in '/home/saitama1/ros2_foxy/src/ament/ament_lint/ament_cppcheck' returned '0': PYTHONPATH=/home/saitama1/ros2_foxy/install/ament_cppcheck/lib/python3.8/site-packages: /usr/bin/python3 setup.py egg_info --egg-base ../../../../build/ament_cppcheck build --build-base /home/saitama1/ros2_foxy/build/ament_cppcheck/build install --prefix /home/saitama1/ros2_foxy/install/ament_cppcheck --record /home/saitama1/ros2_foxy/build/ament_cppcheck/install.log --single-version-externally-managed
