-- Install configuration: ""
-- Execute custom install script
-- Up-to-date symlink: /home/saitama1/ros2_foxy/install/ament_cmake_pyflakes/share/ament_index/resource_index/package_run_dependencies/ament_cmake_pyflakes
-- Up-to-date symlink: /home/saitama1/ros2_foxy/install/ament_cmake_pyflakes/share/ament_index/resource_index/parent_prefix_path/ament_cmake_pyflakes
-- Up-to-date symlink: /home/saitama1/ros2_foxy/install/ament_cmake_pyflakes/share/ament_cmake_pyflakes/environment/ament_prefix_path.sh
-- Up-to-date symlink: /home/saitama1/ros2_foxy/install/ament_cmake_pyflakes/share/ament_cmake_pyflakes/environment/ament_prefix_path.dsv
-- Up-to-date symlink: /home/saitama1/ros2_foxy/install/ament_cmake_pyflakes/share/ament_cmake_pyflakes/environment/path.sh
-- Up-to-date symlink: /home/saitama1/ros2_foxy/install/ament_cmake_pyflakes/share/ament_cmake_pyflakes/environment/path.dsv
-- Up-to-date symlink: /home/saitama1/ros2_foxy/install/ament_cmake_pyflakes/share/ament_cmake_pyflakes/local_setup.bash
-- Up-to-date symlink: /home/saitama1/ros2_foxy/install/ament_cmake_pyflakes/share/ament_cmake_pyflakes/local_setup.sh
-- Up-to-date symlink: /home/saitama1/ros2_foxy/install/ament_cmake_pyflakes/share/ament_cmake_pyflakes/local_setup.zsh
-- Up-to-date symlink: /home/saitama1/ros2_foxy/install/ament_cmake_pyflakes/share/ament_cmake_pyflakes/local_setup.dsv
-- Symlinking: /home/saitama1/ros2_foxy/install/ament_cmake_pyflakes/share/ament_cmake_pyflakes/package.dsv
-- Up-to-date symlink: /home/saitama1/ros2_foxy/install/ament_cmake_pyflakes/share/ament_index/resource_index/packages/ament_cmake_pyflakes
-- Up-to-date symlink: /home/saitama1/ros2_foxy/install/ament_cmake_pyflakes/share/ament_cmake_pyflakes/cmake/ament_cmake_pyflakes-extras.cmake
-- Up-to-date symlink: /home/saitama1/ros2_foxy/install/ament_cmake_pyflakes/share/ament_cmake_pyflakes/cmake/ament_cmake_pyflakesConfig.cmake
-- Up-to-date symlink: /home/saitama1/ros2_foxy/install/ament_cmake_pyflakes/share/ament_cmake_pyflakes/cmake/ament_cmake_pyflakesConfig-version.cmake
-- Up-to-date symlink: /home/saitama1/ros2_foxy/install/ament_cmake_pyflakes/share/ament_cmake_pyflakes/package.xml
-- Up-to-date symlink: /home/saitama1/ros2_foxy/install/ament_cmake_pyflakes/share/ament_cmake_pyflakes/cmake/ament_cmake_pyflakes_lint_hook.cmake
-- Up-to-date symlink: /home/saitama1/ros2_foxy/install/ament_cmake_pyflakes/share/ament_cmake_pyflakes/cmake/ament_pyflakes.cmake
