-- Found ament_cmake: 0.9.8 (/home/saitama1/ros2_foxy/install/ament_cmake/share/ament_cmake/cmake)
-- Using PYTHON_EXECUTABLE: /usr/bin/python3
-- Override CMake install command with custom implementation using symlinks instead of copying resources
-- Found ament_cmake_lint_cmake: 0.9.6 (/home/saitama1/ros2_foxy/install/ament_cmake_lint_cmake/share/ament_cmake_lint_cmake/cmake)
-- Found ament_cmake_copyright: 0.9.6 (/home/saitama1/ros2_foxy/install/ament_cmake_copyright/share/ament_cmake_copyright/cmake)
-- Configuring done
-- Generating done
-- Build files have been written to: /home/saitama1/ros2_foxy/build/eigen3_cmake_module
-- Install configuration: ""
-- Execute custom install script
-- Symlinking: /home/saitama1/ros2_foxy/install/eigen3_cmake_module/share/ament_index/resource_index/package_run_dependencies/eigen3_cmake_module
-- Symlinking: /home/saitama1/ros2_foxy/install/eigen3_cmake_module/share/ament_index/resource_index/parent_prefix_path/eigen3_cmake_module
-- Symlinking: /home/saitama1/ros2_foxy/install/eigen3_cmake_module/share/eigen3_cmake_module/environment/ament_prefix_path.sh
-- Symlinking: /home/saitama1/ros2_foxy/install/eigen3_cmake_module/share/eigen3_cmake_module/environment/ament_prefix_path.dsv
-- Symlinking: /home/saitama1/ros2_foxy/install/eigen3_cmake_module/share/eigen3_cmake_module/environment/path.sh
-- Symlinking: /home/saitama1/ros2_foxy/install/eigen3_cmake_module/share/eigen3_cmake_module/environment/path.dsv
-- Symlinking: /home/saitama1/ros2_foxy/install/eigen3_cmake_module/share/eigen3_cmake_module/local_setup.bash
-- Symlinking: /home/saitama1/ros2_foxy/install/eigen3_cmake_module/share/eigen3_cmake_module/local_setup.sh
-- Symlinking: /home/saitama1/ros2_foxy/install/eigen3_cmake_module/share/eigen3_cmake_module/local_setup.zsh
-- Symlinking: /home/saitama1/ros2_foxy/install/eigen3_cmake_module/share/eigen3_cmake_module/local_setup.dsv
-- Symlinking: /home/saitama1/ros2_foxy/install/eigen3_cmake_module/share/eigen3_cmake_module/package.dsv
-- Symlinking: /home/saitama1/ros2_foxy/install/eigen3_cmake_module/share/ament_index/resource_index/packages/eigen3_cmake_module
-- Symlinking: /home/saitama1/ros2_foxy/install/eigen3_cmake_module/share/eigen3_cmake_module/cmake/eigen3_cmake_module-extras.cmake
-- Symlinking: /home/saitama1/ros2_foxy/install/eigen3_cmake_module/share/eigen3_cmake_module/cmake/eigen3_cmake_moduleConfig.cmake
-- Symlinking: /home/saitama1/ros2_foxy/install/eigen3_cmake_module/share/eigen3_cmake_module/cmake/eigen3_cmake_moduleConfig-version.cmake
-- Symlinking: /home/saitama1/ros2_foxy/install/eigen3_cmake_module/share/eigen3_cmake_module/package.xml
-- Symlinking: /home/saitama1/ros2_foxy/install/eigen3_cmake_module/share/eigen3_cmake_module/cmake/Modules/FindEigen3.cmake
