[0.070s] Invoking command in '/home/saitama1/ros2_foxy/build/ament_cmake_export_definitions': AMENT_PREFIX_PATH=/home/saitama1/ros2_foxy/install/ament_cmake_core:/home/saitama1/ros2_foxy/install/ament_package CMAKE_PREFIX_PATH=/home/saitama1/ros2_foxy/install/ament_cmake_core PYTHONPATH=/home/saitama1/ros2_foxy/build/ament_package:/home/saitama1/ros2_foxy/install/ament_package/lib/python3.8/site-packages /usr/bin/cmake --build /home/saitama1/ros2_foxy/build/ament_cmake_export_definitions -- -j12 -l12
[0.150s] Invoked command in '/home/saitama1/ros2_foxy/build/ament_cmake_export_definitions' returned '0': AMENT_PREFIX_PATH=/home/saitama1/ros2_foxy/install/ament_cmake_core:/home/saitama1/ros2_foxy/install/ament_package CMAKE_PREFIX_PATH=/home/saitama1/ros2_foxy/install/ament_cmake_core PYTHONPATH=/home/saitama1/ros2_foxy/build/ament_package:/home/saitama1/ros2_foxy/install/ament_package/lib/python3.8/site-packages /usr/bin/cmake --build /home/saitama1/ros2_foxy/build/ament_cmake_export_definitions -- -j12 -l12
[0.198s] Invoking command in '/home/saitama1/ros2_foxy/build/ament_cmake_export_definitions': AMENT_PREFIX_PATH=/home/saitama1/ros2_foxy/install/ament_cmake_core:/home/saitama1/ros2_foxy/install/ament_package CMAKE_PREFIX_PATH=/home/saitama1/ros2_foxy/install/ament_cmake_core PYTHONPATH=/home/saitama1/ros2_foxy/build/ament_package:/home/saitama1/ros2_foxy/install/ament_package/lib/python3.8/site-packages /usr/bin/cmake --install /home/saitama1/ros2_foxy/build/ament_cmake_export_definitions
[0.220s] -- Install configuration: ""
[0.220s] -- Execute custom install script
[0.220s] -- Up-to-date symlink: /home/saitama1/ros2_foxy/install/ament_cmake_export_definitions/share/ament_index/resource_index/package_run_dependencies/ament_cmake_export_definitions
[0.221s] -- Up-to-date symlink: /home/saitama1/ros2_foxy/install/ament_cmake_export_definitions/share/ament_index/resource_index/parent_prefix_path/ament_cmake_export_definitions
[0.221s] -- Up-to-date symlink: /home/saitama1/ros2_foxy/install/ament_cmake_export_definitions/share/ament_cmake_export_definitions/environment/ament_prefix_path.sh
[0.221s] -- Up-to-date symlink: /home/saitama1/ros2_foxy/install/ament_cmake_export_definitions/share/ament_cmake_export_definitions/environment/ament_prefix_path.dsv
[0.221s] -- Up-to-date symlink: /home/saitama1/ros2_foxy/install/ament_cmake_export_definitions/share/ament_cmake_export_definitions/environment/path.sh
[0.221s] -- Up-to-date symlink: /home/saitama1/ros2_foxy/install/ament_cmake_export_definitions/share/ament_cmake_export_definitions/environment/path.dsv
[0.222s] -- Up-to-date symlink: /home/saitama1/ros2_foxy/install/ament_cmake_export_definitions/share/ament_cmake_export_definitions/local_setup.bash
[0.222s] -- Up-to-date symlink: /home/saitama1/ros2_foxy/install/ament_cmake_export_definitions/share/ament_cmake_export_definitions/local_setup.sh
[0.222s] -- Up-to-date symlink: /home/saitama1/ros2_foxy/install/ament_cmake_export_definitions/share/ament_cmake_export_definitions/local_setup.zsh
[0.223s] -- Up-to-date symlink: /home/saitama1/ros2_foxy/install/ament_cmake_export_definitions/share/ament_cmake_export_definitions/local_setup.dsv
[0.230s] -- Symlinking: /home/saitama1/ros2_foxy/install/ament_cmake_export_definitions/share/ament_cmake_export_definitions/package.dsv
[0.235s] -- Up-to-date symlink: /home/saitama1/ros2_foxy/install/ament_cmake_export_definitions/share/ament_index/resource_index/packages/ament_cmake_export_definitions
[0.235s] -- Up-to-date symlink: /home/saitama1/ros2_foxy/install/ament_cmake_export_definitions/share/ament_cmake_export_definitions/cmake/ament_cmake_export_definitions-extras.cmake
[0.235s] -- Up-to-date symlink: /home/saitama1/ros2_foxy/install/ament_cmake_export_definitions/share/ament_cmake_export_definitions/cmake/ament_cmake_export_definitionsConfig.cmake
[0.235s] -- Up-to-date symlink: /home/saitama1/ros2_foxy/install/ament_cmake_export_definitions/share/ament_cmake_export_definitions/cmake/ament_cmake_export_definitionsConfig-version.cmake
[0.236s] -- Up-to-date symlink: /home/saitama1/ros2_foxy/install/ament_cmake_export_definitions/share/ament_cmake_export_definitions/package.xml
[0.236s] -- Up-to-date symlink: /home/saitama1/ros2_foxy/install/ament_cmake_export_definitions/share/ament_cmake_export_definitions/cmake/ament_cmake_export_definitions-extras.cmake.in
[0.237s] -- Up-to-date symlink: /home/saitama1/ros2_foxy/install/ament_cmake_export_definitions/share/ament_cmake_export_definitions/cmake/ament_cmake_export_definitions_package_hook.cmake
[0.237s] -- Up-to-date symlink: /home/saitama1/ros2_foxy/install/ament_cmake_export_definitions/share/ament_cmake_export_definitions/cmake/ament_export_definitions.cmake
[0.296s] Invoked command in '/home/saitama1/ros2_foxy/build/ament_cmake_export_definitions' returned '0': AMENT_PREFIX_PATH=/home/saitama1/ros2_foxy/install/ament_cmake_core:/home/saitama1/ros2_foxy/install/ament_package CMAKE_PREFIX_PATH=/home/saitama1/ros2_foxy/install/ament_cmake_core PYTHONPATH=/home/saitama1/ros2_foxy/build/ament_package:/home/saitama1/ros2_foxy/install/ament_package/lib/python3.8/site-packages /usr/bin/cmake --install /home/saitama1/ros2_foxy/build/ament_cmake_export_definitions
