running egg_info
creating ../../../../build/ros2doctor/ros2doctor.egg-info
writing ../../../../build/ros2doctor/ros2doctor.egg-info/PKG-INFO
writing dependency_links to ../../../../build/ros2doctor/ros2doctor.egg-info/dependency_links.txt
writing entry points to ../../../../build/ros2doctor/ros2doctor.egg-info/entry_points.txt
writing requirements to ../../../../build/ros2doctor/ros2doctor.egg-info/requires.txt
writing top-level names to ../../../../build/ros2doctor/ros2doctor.egg-info/top_level.txt
writing manifest file '../../../../build/ros2doctor/ros2doctor.egg-info/SOURCES.txt'
reading manifest file '../../../../build/ros2doctor/ros2doctor.egg-info/SOURCES.txt'
writing manifest file '../../../../build/ros2doctor/ros2doctor.egg-info/SOURCES.txt'
running build
running build_py
creating /home/saitama1/ros2_foxy/build/ros2doctor/build
creating /home/saitama1/ros2_foxy/build/ros2doctor/build/lib
creating /home/saitama1/ros2_foxy/build/ros2doctor/build/lib/ros2doctor
copying ros2doctor/__init__.py -> /home/saitama1/ros2_foxy/build/ros2doctor/build/lib/ros2doctor
creating /home/saitama1/ros2_foxy/build/ros2doctor/build/lib/ros2doctor/command
copying ros2doctor/command/__init__.py -> /home/saitama1/ros2_foxy/build/ros2doctor/build/lib/ros2doctor/command
copying ros2doctor/command/doctor.py -> /home/saitama1/ros2_foxy/build/ros2doctor/build/lib/ros2doctor/command
creating /home/saitama1/ros2_foxy/build/ros2doctor/build/lib/ros2doctor/api
copying ros2doctor/api/topic.py -> /home/saitama1/ros2_foxy/build/ros2doctor/build/lib/ros2doctor/api
copying ros2doctor/api/network.py -> /home/saitama1/ros2_foxy/build/ros2doctor/build/lib/ros2doctor/api
copying ros2doctor/api/platform.py -> /home/saitama1/ros2_foxy/build/ros2doctor/build/lib/ros2doctor/api
copying ros2doctor/api/__init__.py -> /home/saitama1/ros2_foxy/build/ros2doctor/build/lib/ros2doctor/api
copying ros2doctor/api/rmw.py -> /home/saitama1/ros2_foxy/build/ros2doctor/build/lib/ros2doctor/api
copying ros2doctor/api/package.py -> /home/saitama1/ros2_foxy/build/ros2doctor/build/lib/ros2doctor/api
copying ros2doctor/api/format.py -> /home/saitama1/ros2_foxy/build/ros2doctor/build/lib/ros2doctor/api
creating /home/saitama1/ros2_foxy/build/ros2doctor/build/lib/ros2doctor/verb
copying ros2doctor/verb/hello.py -> /home/saitama1/ros2_foxy/build/ros2doctor/build/lib/ros2doctor/verb
copying ros2doctor/verb/__init__.py -> /home/saitama1/ros2_foxy/build/ros2doctor/build/lib/ros2doctor/verb
running install
running install_lib
creating /home/saitama1/ros2_foxy/install/ros2doctor/lib/python3.8/site-packages/ros2doctor
copying /home/saitama1/ros2_foxy/build/ros2doctor/build/lib/ros2doctor/__init__.py -> /home/saitama1/ros2_foxy/install/ros2doctor/lib/python3.8/site-packages/ros2doctor
creating /home/saitama1/ros2_foxy/install/ros2doctor/lib/python3.8/site-packages/ros2doctor/command
copying /home/saitama1/ros2_foxy/build/ros2doctor/build/lib/ros2doctor/command/__init__.py -> /home/saitama1/ros2_foxy/install/ros2doctor/lib/python3.8/site-packages/ros2doctor/command
copying /home/saitama1/ros2_foxy/build/ros2doctor/build/lib/ros2doctor/command/doctor.py -> /home/saitama1/ros2_foxy/install/ros2doctor/lib/python3.8/site-packages/ros2doctor/command
creating /home/saitama1/ros2_foxy/install/ros2doctor/lib/python3.8/site-packages/ros2doctor/api
copying /home/saitama1/ros2_foxy/build/ros2doctor/build/lib/ros2doctor/api/topic.py -> /home/saitama1/ros2_foxy/install/ros2doctor/lib/python3.8/site-packages/ros2doctor/api
copying /home/saitama1/ros2_foxy/build/ros2doctor/build/lib/ros2doctor/api/network.py -> /home/saitama1/ros2_foxy/install/ros2doctor/lib/python3.8/site-packages/ros2doctor/api
copying /home/saitama1/ros2_foxy/build/ros2doctor/build/lib/ros2doctor/api/platform.py -> /home/saitama1/ros2_foxy/install/ros2doctor/lib/python3.8/site-packages/ros2doctor/api
copying /home/saitama1/ros2_foxy/build/ros2doctor/build/lib/ros2doctor/api/__init__.py -> /home/saitama1/ros2_foxy/install/ros2doctor/lib/python3.8/site-packages/ros2doctor/api
copying /home/saitama1/ros2_foxy/build/ros2doctor/build/lib/ros2doctor/api/rmw.py -> /home/saitama1/ros2_foxy/install/ros2doctor/lib/python3.8/site-packages/ros2doctor/api
copying /home/saitama1/ros2_foxy/build/ros2doctor/build/lib/ros2doctor/api/package.py -> /home/saitama1/ros2_foxy/install/ros2doctor/lib/python3.8/site-packages/ros2doctor/api
copying /home/saitama1/ros2_foxy/build/ros2doctor/build/lib/ros2doctor/api/format.py -> /home/saitama1/ros2_foxy/install/ros2doctor/lib/python3.8/site-packages/ros2doctor/api
creating /home/saitama1/ros2_foxy/install/ros2doctor/lib/python3.8/site-packages/ros2doctor/verb
copying /home/saitama1/ros2_foxy/build/ros2doctor/build/lib/ros2doctor/verb/hello.py -> /home/saitama1/ros2_foxy/install/ros2doctor/lib/python3.8/site-packages/ros2doctor/verb
copying /home/saitama1/ros2_foxy/build/ros2doctor/build/lib/ros2doctor/verb/__init__.py -> /home/saitama1/ros2_foxy/install/ros2doctor/lib/python3.8/site-packages/ros2doctor/verb
byte-compiling /home/saitama1/ros2_foxy/install/ros2doctor/lib/python3.8/site-packages/ros2doctor/__init__.py to __init__.cpython-38.pyc
byte-compiling /home/saitama1/ros2_foxy/install/ros2doctor/lib/python3.8/site-packages/ros2doctor/command/__init__.py to __init__.cpython-38.pyc
byte-compiling /home/saitama1/ros2_foxy/install/ros2doctor/lib/python3.8/site-packages/ros2doctor/command/doctor.py to doctor.cpython-38.pyc
byte-compiling /home/saitama1/ros2_foxy/install/ros2doctor/lib/python3.8/site-packages/ros2doctor/api/topic.py to topic.cpython-38.pyc
byte-compiling /home/saitama1/ros2_foxy/install/ros2doctor/lib/python3.8/site-packages/ros2doctor/api/network.py to network.cpython-38.pyc
byte-compiling /home/saitama1/ros2_foxy/install/ros2doctor/lib/python3.8/site-packages/ros2doctor/api/platform.py to platform.cpython-38.pyc
byte-compiling /home/saitama1/ros2_foxy/install/ros2doctor/lib/python3.8/site-packages/ros2doctor/api/__init__.py to __init__.cpython-38.pyc
byte-compiling /home/saitama1/ros2_foxy/install/ros2doctor/lib/python3.8/site-packages/ros2doctor/api/rmw.py to rmw.cpython-38.pyc
byte-compiling /home/saitama1/ros2_foxy/install/ros2doctor/lib/python3.8/site-packages/ros2doctor/api/package.py to package.cpython-38.pyc
byte-compiling /home/saitama1/ros2_foxy/install/ros2doctor/lib/python3.8/site-packages/ros2doctor/api/format.py to format.cpython-38.pyc
byte-compiling /home/saitama1/ros2_foxy/install/ros2doctor/lib/python3.8/site-packages/ros2doctor/verb/hello.py to hello.cpython-38.pyc
byte-compiling /home/saitama1/ros2_foxy/install/ros2doctor/lib/python3.8/site-packages/ros2doctor/verb/__init__.py to __init__.cpython-38.pyc
running install_data
copying package.xml -> /home/saitama1/ros2_foxy/install/ros2doctor/share/ros2doctor
creating /home/saitama1/ros2_foxy/install/ros2doctor/share/ament_index
creating /home/saitama1/ros2_foxy/install/ros2doctor/share/ament_index/resource_index
creating /home/saitama1/ros2_foxy/install/ros2doctor/share/ament_index/resource_index/packages
copying resource/ros2doctor -> /home/saitama1/ros2_foxy/install/ros2doctor/share/ament_index/resource_index/packages
running install_egg_info
Copying ../../../../build/ros2doctor/ros2doctor.egg-info to /home/saitama1/ros2_foxy/install/ros2doctor/lib/python3.8/site-packages/ros2doctor-0.9.9-py3.8.egg-info
running install_scripts
writing list of installed files to '/home/saitama1/ros2_foxy/build/ros2doctor/install.log'
