-- Install configuration: ""
-- Execute custom install script
-- Up-to-date symlink: /home/saitama1/ros2_foxy/install/ament_cmake_pclint/share/ament_index/resource_index/package_run_dependencies/ament_cmake_pclint
-- Up-to-date symlink: /home/saitama1/ros2_foxy/install/ament_cmake_pclint/share/ament_index/resource_index/parent_prefix_path/ament_cmake_pclint
-- Up-to-date symlink: /home/saitama1/ros2_foxy/install/ament_cmake_pclint/share/ament_cmake_pclint/environment/ament_prefix_path.sh
-- Up-to-date symlink: /home/saitama1/ros2_foxy/install/ament_cmake_pclint/share/ament_cmake_pclint/environment/ament_prefix_path.dsv
-- Up-to-date symlink: /home/saitama1/ros2_foxy/install/ament_cmake_pclint/share/ament_cmake_pclint/environment/path.sh
-- Up-to-date symlink: /home/saitama1/ros2_foxy/install/ament_cmake_pclint/share/ament_cmake_pclint/environment/path.dsv
-- Up-to-date symlink: /home/saitama1/ros2_foxy/install/ament_cmake_pclint/share/ament_cmake_pclint/local_setup.bash
-- Up-to-date symlink: /home/saitama1/ros2_foxy/install/ament_cmake_pclint/share/ament_cmake_pclint/local_setup.sh
-- Up-to-date symlink: /home/saitama1/ros2_foxy/install/ament_cmake_pclint/share/ament_cmake_pclint/local_setup.zsh
-- Up-to-date symlink: /home/saitama1/ros2_foxy/install/ament_cmake_pclint/share/ament_cmake_pclint/local_setup.dsv
-- Symlinking: /home/saitama1/ros2_foxy/install/ament_cmake_pclint/share/ament_cmake_pclint/package.dsv
-- Up-to-date symlink: /home/saitama1/ros2_foxy/install/ament_cmake_pclint/share/ament_index/resource_index/packages/ament_cmake_pclint
-- Up-to-date symlink: /home/saitama1/ros2_foxy/install/ament_cmake_pclint/share/ament_cmake_pclint/cmake/ament_cmake_pclint-extras.cmake
-- Up-to-date symlink: /home/saitama1/ros2_foxy/install/ament_cmake_pclint/share/ament_cmake_pclint/cmake/ament_cmake_pclintConfig.cmake
-- Up-to-date symlink: /home/saitama1/ros2_foxy/install/ament_cmake_pclint/share/ament_cmake_pclint/cmake/ament_cmake_pclintConfig-version.cmake
-- Up-to-date symlink: /home/saitama1/ros2_foxy/install/ament_cmake_pclint/share/ament_cmake_pclint/package.xml
-- Up-to-date symlink: /home/saitama1/ros2_foxy/install/ament_cmake_pclint/share/ament_cmake_pclint/cmake/ament_cmake_pclint_lint_hook.cmake
-- Up-to-date symlink: /home/saitama1/ros2_foxy/install/ament_cmake_pclint/share/ament_cmake_pclint/cmake/ament_pclint.cmake
