-- Found ament_cmake: 0.9.8 (/home/saitama1/ros2_foxy/install/ament_cmake/share/ament_cmake/cmake)
-- Using PYTHON_EXECUTABLE: /usr/bin/python3
-- Override CMake install command with custom implementation using symlinks instead of copying resources
-- Found console_bridge_vendor: 1.2.4 (/home/saitama1/ros2_foxy/install/console_bridge_vendor/share/console_bridge_vendor/cmake)
-- Found rcpputils: 1.3.1 (/home/saitama1/ros2_foxy/install/rcpputils/share/rcpputils/cmake)
-- Found gtest sources under '/home/saitama1/ros2_foxy/install/gtest_vendor/src/gtest_vendor': C++ tests using 'Google Test' will be built
-- Added test 'cppcheck' to perform static code analysis on C / C++ code
-- Configured cppcheck include dirs: $<BUILD_INTERFACE:/home/saitama1/ros2_foxy/src/ros/class_loader/include>
-- Configured cppcheck exclude dirs and/or files: 
-- Added test 'cpplint' to check C / C++ code against the Google style
-- Configured cpplint exclude dirs and/or files: 
-- Added test 'lint_cmake' to check CMake code style
-- Added test 'uncrustify' to check C / C++ code style
-- Configured uncrustify additional arguments: 
-- Added test 'xmllint' to check XML markup files
-- Configuring done
-- Generating done
-- Build files have been written to: /home/saitama1/ros2_foxy/build/class_loader
[ 18%] Built target class_loader
[ 25%] Built target class_loader_Test_Fviz
[ 33%] Built target gtest
[ 40%] Built target gtest_main
[ 48%] Built target class_loader_TestPlugins1
[ 62%] Built target class_loader_TestPlugins2
[ 62%] Built target class_loader_Test_Fviz_Main
[ 70%] Built target class_loader_Test_FvizDefaultPlugin
[ 77%] Built target class_loader_TestGlobalPlugins
[ 85%] Built target class_loader_unique_ptr_test
[ 92%] Built target class_loader_utest
[100%] Built target class_loader_fviz_test
-- Install configuration: ""
-- Execute custom install script
-- Symlinking: /home/saitama1/ros2_foxy/install/class_loader/share/class_loader/environment/library_path.sh
-- Symlinking: /home/saitama1/ros2_foxy/install/class_loader/share/class_loader/environment/library_path.dsv
-- Symlinking: /home/saitama1/ros2_foxy/install/class_loader/share/ament_index/resource_index/package_run_dependencies/class_loader
-- Symlinking: /home/saitama1/ros2_foxy/install/class_loader/share/ament_index/resource_index/parent_prefix_path/class_loader
-- Symlinking: /home/saitama1/ros2_foxy/install/class_loader/share/class_loader/environment/ament_prefix_path.sh
-- Symlinking: /home/saitama1/ros2_foxy/install/class_loader/share/class_loader/environment/ament_prefix_path.dsv
-- Symlinking: /home/saitama1/ros2_foxy/install/class_loader/share/class_loader/environment/path.sh
-- Symlinking: /home/saitama1/ros2_foxy/install/class_loader/share/class_loader/environment/path.dsv
-- Symlinking: /home/saitama1/ros2_foxy/install/class_loader/share/class_loader/local_setup.bash
-- Symlinking: /home/saitama1/ros2_foxy/install/class_loader/share/class_loader/local_setup.sh
-- Symlinking: /home/saitama1/ros2_foxy/install/class_loader/share/class_loader/local_setup.zsh
-- Symlinking: /home/saitama1/ros2_foxy/install/class_loader/share/class_loader/local_setup.dsv
-- Symlinking: /home/saitama1/ros2_foxy/install/class_loader/share/class_loader/package.dsv
-- Symlinking: /home/saitama1/ros2_foxy/install/class_loader/share/ament_index/resource_index/packages/class_loader
-- Symlinking: /home/saitama1/ros2_foxy/install/class_loader/share/class_loader/cmake/class_loader-extras.cmake
-- Symlinking: /home/saitama1/ros2_foxy/install/class_loader/share/class_loader/cmake/ament_cmake_export_dependencies-extras.cmake
-- Symlinking: /home/saitama1/ros2_foxy/install/class_loader/share/class_loader/cmake/ament_cmake_export_include_directories-extras.cmake
-- Symlinking: /home/saitama1/ros2_foxy/install/class_loader/share/class_loader/cmake/ament_cmake_export_libraries-extras.cmake
-- Symlinking: /home/saitama1/ros2_foxy/install/class_loader/share/class_loader/cmake/ament_cmake_export_targets-extras.cmake
-- Symlinking: /home/saitama1/ros2_foxy/install/class_loader/share/class_loader/cmake/class_loaderConfig.cmake
-- Symlinking: /home/saitama1/ros2_foxy/install/class_loader/share/class_loader/cmake/class_loaderConfig-version.cmake
-- Symlinking: /home/saitama1/ros2_foxy/install/class_loader/share/class_loader/package.xml
-- Symlinking: /home/saitama1/ros2_foxy/install/class_loader/share/class_loader/cmake/class_loader_hide_library_symbols.cmake
-- Symlinking: /home/saitama1/ros2_foxy/install/class_loader/include/class_loader/class_loader.hpp
-- Symlinking: /home/saitama1/ros2_foxy/install/class_loader/include/class_loader/class_loader_core.hpp
-- Symlinking: /home/saitama1/ros2_foxy/install/class_loader/include/class_loader/exceptions.hpp
-- Symlinking: /home/saitama1/ros2_foxy/install/class_loader/include/class_loader/meta_object.hpp
-- Symlinking: /home/saitama1/ros2_foxy/install/class_loader/include/class_loader/multi_library_class_loader.hpp
-- Symlinking: /home/saitama1/ros2_foxy/install/class_loader/include/class_loader/register_macro.hpp
-- Symlinking: /home/saitama1/ros2_foxy/install/class_loader/include/class_loader/visibility_control.hpp
-- Up-to-date: /home/saitama1/ros2_foxy/install/class_loader/share/class_loader/cmake/class_loaderExport.cmake
-- Installing: /home/saitama1/ros2_foxy/install/class_loader/share/class_loader/cmake/class_loaderExport-noconfig.cmake
-- Up-to-date: /home/saitama1/ros2_foxy/install/class_loader/lib/libclass_loader.so
