-- The C compiler identification is GNU 9.3.0
-- The CXX compiler identification is GNU 9.3.0
-- Check for working C compiler: /usr/bin/cc
-- Check for working C compiler: /usr/bin/cc -- works
-- Detecting C compiler ABI info
-- Detecting C compiler ABI info - done
-- Detecting C compile features
-- Detecting C compile features - done
-- Check for working CXX compiler: /usr/bin/c++
-- Check for working CXX compiler: /usr/bin/c++ -- works
-- Detecting CXX compiler ABI info
-- Detecting CXX compiler ABI info - done
-- Detecting CXX compile features
-- Detecting CXX compile features - done
-- Found ament_cmake_ros: 0.9.2 (/home/saitama1/ros2_foxy/install/ament_cmake_ros/share/ament_cmake_ros/cmake)
-- Found PythonInterp: /usr/bin/python3 (found suitable version "3.8.10", minimum required is "3") 
-- Using PYTHON_EXECUTABLE: /usr/bin/python3
-- Found rcpputils: 1.3.1 (/home/saitama1/ros2_foxy/install/rcpputils/share/rcpputils/cmake)
-- Found rmw_dds_common: 1.0.3 (/home/saitama1/ros2_foxy/install/rmw_dds_common/share/rmw_dds_common/cmake)
-- Using all available rosidl_typesupport_c: rosidl_typesupport_fastrtps_c;rosidl_typesupport_introspection_c
-- Found rosidl_adapter: 1.2.1 (/home/saitama1/ros2_foxy/install/rosidl_adapter/share/rosidl_adapter/cmake)
-- Found OpenSSL: /usr/lib/x86_64-linux-gnu/libcrypto.so (found version "1.1.1f")  
-- Found FastRTPS: /home/saitama1/ros2_foxy/install/fastrtps/include  
-- Using all available rosidl_typesupport_cpp: rosidl_typesupport_introspection_cpp;rosidl_typesupport_fastrtps_cpp
-- Found ament_lint_auto: 0.9.6 (/home/saitama1/ros2_foxy/install/ament_lint_auto/share/ament_lint_auto/cmake)
-- Found gtest sources under '/home/saitama1/ros2_foxy/install/gtest_vendor/src/gtest_vendor': C++ tests using 'Google Test' will be built
-- Looking for pthread.h
-- Looking for pthread.h - found
-- Performing Test CMAKE_HAVE_LIBC_PTHREAD
-- Performing Test CMAKE_HAVE_LIBC_PTHREAD - Failed
-- Check if compiler accepts -pthread
-- Check if compiler accepts -pthread - yes
-- Found Threads: TRUE  
-- Found gmock sources under '/home/saitama1/ros2_foxy/install/gmock_vendor/src/gmock_vendor': C++ tests using 'Google Mock' will be built
-- Added test 'copyright' to check source files copyright and LICENSE
-- Added test 'cppcheck' to perform static code analysis on C / C++ code
-- Configured cppcheck include dirs: $<BUILD_INTERFACE:/home/saitama1/ros2_foxy/src/ros2/rmw_fastrtps/rmw_fastrtps_shared_cpp/include>
-- Configured cppcheck exclude dirs and/or files: 
-- Added test 'cpplint' to check C / C++ code against the Google style
-- Configured cpplint exclude dirs and/or files: 
-- Added test 'lint_cmake' to check CMake code style
-- Added test 'uncrustify' to check C / C++ code style
-- Configured uncrustify additional arguments: 
-- Added test 'xmllint' to check XML markup files
-- Configuring done
-- Generating done
-- Build files have been written to: /home/saitama1/ros2_foxy/build/rmw_fastrtps_shared_cpp
[35m[1mScanning dependencies of target rmw_fastrtps_shared_cpp[0m
[  1%] [32mBuilding CXX object CMakeFiles/rmw_fastrtps_shared_cpp.dir/src/custom_publisher_info.cpp.o[0m
[  3%] [32mBuilding CXX object CMakeFiles/rmw_fastrtps_shared_cpp.dir/src/participant.cpp.o[0m
[  4%] [32mBuilding CXX object CMakeFiles/rmw_fastrtps_shared_cpp.dir/src/publisher.cpp.o[0m
[  6%] [32mBuilding CXX object CMakeFiles/rmw_fastrtps_shared_cpp.dir/src/qos.cpp.o[0m
[  8%] [32mBuilding CXX object CMakeFiles/rmw_fastrtps_shared_cpp.dir/src/rmw_client.cpp.o[0m
[  9%] [32mBuilding CXX object CMakeFiles/rmw_fastrtps_shared_cpp.dir/src/rmw_compare_gids_equal.cpp.o[0m
[ 11%] [32mBuilding CXX object CMakeFiles/rmw_fastrtps_shared_cpp.dir/src/rmw_count.cpp.o[0m
[ 12%] [32mBuilding CXX object CMakeFiles/rmw_fastrtps_shared_cpp.dir/src/rmw_event.cpp.o[0m
[ 14%] [32mBuilding CXX object CMakeFiles/rmw_fastrtps_shared_cpp.dir/src/rmw_get_gid_for_publisher.cpp.o[0m
[ 16%] [32mBuilding CXX object CMakeFiles/rmw_fastrtps_shared_cpp.dir/src/rmw_get_topic_endpoint_info.cpp.o[0m
[ 17%] [32mBuilding CXX object CMakeFiles/rmw_fastrtps_shared_cpp.dir/src/rmw_guard_condition.cpp.o[0m
[ 19%] [32mBuilding CXX object CMakeFiles/rmw_fastrtps_shared_cpp.dir/src/rmw_init.cpp.o[0m
[ 20%] [32mBuilding CXX object CMakeFiles/rmw_fastrtps_shared_cpp.dir/src/rmw_logging.cpp.o[0m
[ 22%] [32mBuilding CXX object CMakeFiles/rmw_fastrtps_shared_cpp.dir/src/rmw_node.cpp.o[0m
[ 24%] [32mBuilding CXX object CMakeFiles/rmw_fastrtps_shared_cpp.dir/src/rmw_node_info_and_types.cpp.o[0m
[ 25%] [32mBuilding CXX object CMakeFiles/rmw_fastrtps_shared_cpp.dir/src/rmw_node_names.cpp.o[0m
[ 27%] [32mBuilding CXX object CMakeFiles/rmw_fastrtps_shared_cpp.dir/src/rmw_publish.cpp.o[0m
[ 29%] [32mBuilding CXX object CMakeFiles/rmw_fastrtps_shared_cpp.dir/src/rmw_publisher.cpp.o[0m
[ 30%] [32mBuilding CXX object CMakeFiles/rmw_fastrtps_shared_cpp.dir/src/rmw_request.cpp.o[0m
[ 32%] [32mBuilding CXX object CMakeFiles/rmw_fastrtps_shared_cpp.dir/src/rmw_response.cpp.o[0m
[ 33%] [32mBuilding CXX object CMakeFiles/rmw_fastrtps_shared_cpp.dir/src/rmw_security_logging.cpp.o[0m
[ 35%] [32mBuilding CXX object CMakeFiles/rmw_fastrtps_shared_cpp.dir/src/rmw_service.cpp.o[0m
[ 37%] [32mBuilding CXX object CMakeFiles/rmw_fastrtps_shared_cpp.dir/src/rmw_service_names_and_types.cpp.o[0m
[ 38%] [32mBuilding CXX object CMakeFiles/rmw_fastrtps_shared_cpp.dir/src/rmw_service_server_is_available.cpp.o[0m
[ 40%] [32mBuilding CXX object CMakeFiles/rmw_fastrtps_shared_cpp.dir/src/rmw_subscription.cpp.o[0m
[ 41%] [32mBuilding CXX object CMakeFiles/rmw_fastrtps_shared_cpp.dir/src/rmw_take.cpp.o[0m
[ 43%] [32mBuilding CXX object CMakeFiles/rmw_fastrtps_shared_cpp.dir/src/rmw_topic_names_and_types.cpp.o[0m
[ 45%] [32mBuilding CXX object CMakeFiles/rmw_fastrtps_shared_cpp.dir/src/rmw_trigger_guard_condition.cpp.o[0m
[ 46%] [32mBuilding CXX object CMakeFiles/rmw_fastrtps_shared_cpp.dir/src/rmw_wait.cpp.o[0m
[ 48%] [32mBuilding CXX object CMakeFiles/rmw_fastrtps_shared_cpp.dir/src/rmw_wait_set.cpp.o[0m
[ 50%] [32mBuilding CXX object CMakeFiles/rmw_fastrtps_shared_cpp.dir/src/subscription.cpp.o[0m
[ 51%] [32mBuilding CXX object CMakeFiles/rmw_fastrtps_shared_cpp.dir/src/TypeSupport_impl.cpp.o[0m
[ 53%] [32mBuilding CXX object CMakeFiles/rmw_fastrtps_shared_cpp.dir/src/namespace_prefix.cpp.o[0m
[ 54%] [32mBuilding CXX object CMakeFiles/rmw_fastrtps_shared_cpp.dir/src/listener_thread.cpp.o[0m
[ 56%] [32mBuilding CXX object CMakeFiles/rmw_fastrtps_shared_cpp.dir/src/init_rmw_context_impl.cpp.o[0m
[ 58%] [32mBuilding CXX object CMakeFiles/rmw_fastrtps_shared_cpp.dir/src/demangle.cpp.o[0m
[ 59%] [32mBuilding CXX object CMakeFiles/rmw_fastrtps_shared_cpp.dir/src/create_rmw_gid.cpp.o[0m
[ 61%] [32mBuilding CXX object CMakeFiles/rmw_fastrtps_shared_cpp.dir/src/custom_subscriber_info.cpp.o[0m
[ 62%] [32m[1mLinking CXX shared library librmw_fastrtps_shared_cpp.so[0m
[ 62%] Built target rmw_fastrtps_shared_cpp
[35m[1mScanning dependencies of target gmock_main[0m
[ 64%] [32mBuilding CXX object gmock/CMakeFiles/gmock_main.dir/src/gmock_main.cc.o[0m
[ 66%] [32m[1mLinking CXX static library libgmock_main.a[0m
[ 66%] Built target gmock_main
[35m[1mScanning dependencies of target gmock[0m
[ 67%] [32mBuilding CXX object gmock/CMakeFiles/gmock.dir/home/saitama1/ros2_foxy/install/gtest_vendor/src/gtest_vendor/src/gtest-all.cc.o[0m
[ 69%] [32mBuilding CXX object gmock/CMakeFiles/gmock.dir/src/gmock-all.cc.o[0m
[ 70%] [32m[1mLinking CXX static library libgmock.a[0m
[ 70%] Built target gmock
[35m[1mScanning dependencies of target gtest_main[0m
[ 72%] [32mBuilding CXX object gtest/CMakeFiles/gtest_main.dir/src/gtest_main.cc.o[0m
[ 74%] [32m[1mLinking CXX static library libgtest_main.a[0m
[ 74%] Built target gtest_main
[35m[1mScanning dependencies of target test_security_logging[0m
[ 75%] [32mBuilding CXX object test/CMakeFiles/test_security_logging.dir/test_security_logging.cpp.o[0m
[ 77%] [32m[1mLinking CXX executable test_security_logging[0m
[ 77%] Built target test_security_logging
[35m[1mScanning dependencies of target gtest[0m
[ 79%] [32mBuilding CXX object gtest/CMakeFiles/gtest.dir/src/gtest-all.cc.o[0m
[ 80%] [32m[1mLinking CXX static library libgtest.a[0m
[ 80%] Built target gtest
[35m[1mScanning dependencies of target test_dds_attributes_to_rmw_qos[0m
[ 82%] [32mBuilding CXX object test/CMakeFiles/test_dds_attributes_to_rmw_qos.dir/test_dds_attributes_to_rmw_qos.cpp.o[0m
[ 83%] [32m[1mLinking CXX executable test_dds_attributes_to_rmw_qos[0m
[ 83%] Built target test_dds_attributes_to_rmw_qos
[35m[1mScanning dependencies of target test_names[0m
[ 85%] [32mBuilding CXX object test/CMakeFiles/test_names.dir/test_names.cpp.o[0m
[ 87%] [32m[1mLinking CXX executable test_names[0m
[ 87%] Built target test_names
[35m[1mScanning dependencies of target test_guid_utils[0m
[ 88%] [32mBuilding CXX object test/CMakeFiles/test_guid_utils.dir/test_guid_utils.cpp.o[0m
[ 90%] [32m[1mLinking CXX executable test_guid_utils[0m
[ 90%] Built target test_guid_utils
[35m[1mScanning dependencies of target test_rmw_init_options[0m
[ 91%] [32mBuilding CXX object test/CMakeFiles/test_rmw_init_options.dir/test_rmw_init_options.cpp.o[0m
[ 93%] [32m[1mLinking CXX executable test_rmw_init_options[0m
[ 93%] Built target test_rmw_init_options
[35m[1mScanning dependencies of target test_rmw_qos_to_dds_attributes[0m
[ 95%] [32mBuilding CXX object test/CMakeFiles/test_rmw_qos_to_dds_attributes.dir/test_rmw_qos_to_dds_attributes.cpp.o[0m
[ 96%] [32m[1mLinking CXX executable test_rmw_qos_to_dds_attributes[0m
[ 96%] Built target test_rmw_qos_to_dds_attributes
[35m[1mScanning dependencies of target test_logging[0m
[ 98%] [32mBuilding CXX object test/CMakeFiles/test_logging.dir/test_logging.cpp.o[0m
[100%] [32m[1mLinking CXX executable test_logging[0m
[100%] Built target test_logging
-- Install configuration: ""
-- Installing: /home/saitama1/ros2_foxy/install/rmw_fastrtps_shared_cpp/share/rmw_fastrtps_shared_cpp/environment/library_path.sh
-- Installing: /home/saitama1/ros2_foxy/install/rmw_fastrtps_shared_cpp/share/rmw_fastrtps_shared_cpp/environment/library_path.dsv
-- Installing: /home/saitama1/ros2_foxy/install/rmw_fastrtps_shared_cpp/share/ament_index/resource_index/package_run_dependencies/rmw_fastrtps_shared_cpp
-- Installing: /home/saitama1/ros2_foxy/install/rmw_fastrtps_shared_cpp/share/ament_index/resource_index/parent_prefix_path/rmw_fastrtps_shared_cpp
-- Installing: /home/saitama1/ros2_foxy/install/rmw_fastrtps_shared_cpp/share/rmw_fastrtps_shared_cpp/environment/ament_prefix_path.sh
-- Installing: /home/saitama1/ros2_foxy/install/rmw_fastrtps_shared_cpp/share/rmw_fastrtps_shared_cpp/environment/ament_prefix_path.dsv
-- Installing: /home/saitama1/ros2_foxy/install/rmw_fastrtps_shared_cpp/share/rmw_fastrtps_shared_cpp/environment/path.sh
-- Installing: /home/saitama1/ros2_foxy/install/rmw_fastrtps_shared_cpp/share/rmw_fastrtps_shared_cpp/environment/path.dsv
-- Installing: /home/saitama1/ros2_foxy/install/rmw_fastrtps_shared_cpp/share/rmw_fastrtps_shared_cpp/local_setup.bash
-- Installing: /home/saitama1/ros2_foxy/install/rmw_fastrtps_shared_cpp/share/rmw_fastrtps_shared_cpp/local_setup.sh
-- Installing: /home/saitama1/ros2_foxy/install/rmw_fastrtps_shared_cpp/share/rmw_fastrtps_shared_cpp/local_setup.zsh
-- Installing: /home/saitama1/ros2_foxy/install/rmw_fastrtps_shared_cpp/share/rmw_fastrtps_shared_cpp/local_setup.dsv
-- Installing: /home/saitama1/ros2_foxy/install/rmw_fastrtps_shared_cpp/share/rmw_fastrtps_shared_cpp/package.dsv
-- Installing: /home/saitama1/ros2_foxy/install/rmw_fastrtps_shared_cpp/share/ament_index/resource_index/packages/rmw_fastrtps_shared_cpp
-- Installing: /home/saitama1/ros2_foxy/install/rmw_fastrtps_shared_cpp/share/rmw_fastrtps_shared_cpp/cmake/rmw_fastrtps_shared_cppExport.cmake
-- Installing: /home/saitama1/ros2_foxy/install/rmw_fastrtps_shared_cpp/share/rmw_fastrtps_shared_cpp/cmake/rmw_fastrtps_shared_cppExport-noconfig.cmake
-- Installing: /home/saitama1/ros2_foxy/install/rmw_fastrtps_shared_cpp/share/rmw_fastrtps_shared_cpp/cmake/ament_cmake_export_include_directories-extras.cmake
-- Installing: /home/saitama1/ros2_foxy/install/rmw_fastrtps_shared_cpp/share/rmw_fastrtps_shared_cpp/cmake/ament_cmake_export_libraries-extras.cmake
-- Installing: /home/saitama1/ros2_foxy/install/rmw_fastrtps_shared_cpp/share/rmw_fastrtps_shared_cpp/cmake/ament_cmake_export_targets-extras.cmake
-- Installing: /home/saitama1/ros2_foxy/install/rmw_fastrtps_shared_cpp/share/rmw_fastrtps_shared_cpp/cmake/ament_cmake_export_dependencies-extras.cmake
-- Installing: /home/saitama1/ros2_foxy/install/rmw_fastrtps_shared_cpp/share/rmw_fastrtps_shared_cpp/cmake/rmw_fastrtps_shared_cpp-extras.cmake
-- Installing: /home/saitama1/ros2_foxy/install/rmw_fastrtps_shared_cpp/share/rmw_fastrtps_shared_cpp/cmake/rmw_fastrtps_shared_cppConfig.cmake
-- Installing: /home/saitama1/ros2_foxy/install/rmw_fastrtps_shared_cpp/share/rmw_fastrtps_shared_cpp/cmake/rmw_fastrtps_shared_cppConfig-version.cmake
-- Installing: /home/saitama1/ros2_foxy/install/rmw_fastrtps_shared_cpp/share/rmw_fastrtps_shared_cpp/package.xml
-- Installing: /home/saitama1/ros2_foxy/install/rmw_fastrtps_shared_cpp/include
-- Installing: /home/saitama1/ros2_foxy/install/rmw_fastrtps_shared_cpp/include/rmw_fastrtps_shared_cpp
-- Installing: /home/saitama1/ros2_foxy/install/rmw_fastrtps_shared_cpp/include/rmw_fastrtps_shared_cpp/custom_client_info.hpp
-- Installing: /home/saitama1/ros2_foxy/install/rmw_fastrtps_shared_cpp/include/rmw_fastrtps_shared_cpp/custom_event_info.hpp
-- Installing: /home/saitama1/ros2_foxy/install/rmw_fastrtps_shared_cpp/include/rmw_fastrtps_shared_cpp/TypeSupport.hpp
-- Installing: /home/saitama1/ros2_foxy/install/rmw_fastrtps_shared_cpp/include/rmw_fastrtps_shared_cpp/publisher.hpp
-- Installing: /home/saitama1/ros2_foxy/install/rmw_fastrtps_shared_cpp/include/rmw_fastrtps_shared_cpp/create_rmw_gid.hpp
-- Installing: /home/saitama1/ros2_foxy/install/rmw_fastrtps_shared_cpp/include/rmw_fastrtps_shared_cpp/rmw_common.hpp
-- Installing: /home/saitama1/ros2_foxy/install/rmw_fastrtps_shared_cpp/include/rmw_fastrtps_shared_cpp/rmw_context_impl.hpp
-- Installing: /home/saitama1/ros2_foxy/install/rmw_fastrtps_shared_cpp/include/rmw_fastrtps_shared_cpp/namespace_prefix.hpp
-- Installing: /home/saitama1/ros2_foxy/install/rmw_fastrtps_shared_cpp/include/rmw_fastrtps_shared_cpp/custom_service_info.hpp
-- Installing: /home/saitama1/ros2_foxy/install/rmw_fastrtps_shared_cpp/include/rmw_fastrtps_shared_cpp/qos.hpp
-- Installing: /home/saitama1/ros2_foxy/install/rmw_fastrtps_shared_cpp/include/rmw_fastrtps_shared_cpp/guid_utils.hpp
-- Installing: /home/saitama1/ros2_foxy/install/rmw_fastrtps_shared_cpp/include/rmw_fastrtps_shared_cpp/init_rmw_context_impl.hpp
-- Installing: /home/saitama1/ros2_foxy/install/rmw_fastrtps_shared_cpp/include/rmw_fastrtps_shared_cpp/subscription.hpp
-- Installing: /home/saitama1/ros2_foxy/install/rmw_fastrtps_shared_cpp/include/rmw_fastrtps_shared_cpp/names.hpp
-- Installing: /home/saitama1/ros2_foxy/install/rmw_fastrtps_shared_cpp/include/rmw_fastrtps_shared_cpp/custom_subscriber_info.hpp
-- Installing: /home/saitama1/ros2_foxy/install/rmw_fastrtps_shared_cpp/include/rmw_fastrtps_shared_cpp/visibility_control.h
-- Installing: /home/saitama1/ros2_foxy/install/rmw_fastrtps_shared_cpp/include/rmw_fastrtps_shared_cpp/participant.hpp
-- Installing: /home/saitama1/ros2_foxy/install/rmw_fastrtps_shared_cpp/include/rmw_fastrtps_shared_cpp/rmw_init.hpp
-- Installing: /home/saitama1/ros2_foxy/install/rmw_fastrtps_shared_cpp/include/rmw_fastrtps_shared_cpp/locked_object.hpp
-- Installing: /home/saitama1/ros2_foxy/install/rmw_fastrtps_shared_cpp/include/rmw_fastrtps_shared_cpp/custom_publisher_info.hpp
-- Installing: /home/saitama1/ros2_foxy/install/rmw_fastrtps_shared_cpp/include/rmw_fastrtps_shared_cpp/rmw_security_logging.hpp
-- Installing: /home/saitama1/ros2_foxy/install/rmw_fastrtps_shared_cpp/include/rmw_fastrtps_shared_cpp/custom_participant_info.hpp
-- Installing: /home/saitama1/ros2_foxy/install/rmw_fastrtps_shared_cpp/include/rmw_fastrtps_shared_cpp/listener_thread.hpp
-- Installing: /home/saitama1/ros2_foxy/install/rmw_fastrtps_shared_cpp/lib/librmw_fastrtps_shared_cpp.so
-- Set runtime path of "/home/saitama1/ros2_foxy/install/rmw_fastrtps_shared_cpp/lib/librmw_fastrtps_shared_cpp.so" to ""
