[ 50%] Built target ext-concurrentqueue
[100%] Built target ext-singleproducerconsumer
-- Install configuration: ""
-- Execute custom install script
-- Up-to-date symlink: /home/saitama1/ros2_foxy/install/shared_queues_vendor/include/moodycamel/atomicops.h
-- Up-to-date symlink: /home/saitama1/ros2_foxy/install/shared_queues_vendor/include/moodycamel/readerwriterqueue.h
-- Up-to-date symlink: /home/saitama1/ros2_foxy/install/shared_queues_vendor/include/moodycamel/concurrentqueue.h
-- Up-to-date symlink: /home/saitama1/ros2_foxy/install/shared_queues_vendor/include/moodycamel/blockingconcurrentqueue.h
-- Up-to-date symlink: /home/saitama1/ros2_foxy/install/shared_queues_vendor/share/ament_index/resource_index/package_run_dependencies/shared_queues_vendor
-- Up-to-date symlink: /home/saitama1/ros2_foxy/install/shared_queues_vendor/share/ament_index/resource_index/parent_prefix_path/shared_queues_vendor
-- Up-to-date symlink: /home/saitama1/ros2_foxy/install/shared_queues_vendor/share/shared_queues_vendor/environment/ament_prefix_path.sh
-- Up-to-date symlink: /home/saitama1/ros2_foxy/install/shared_queues_vendor/share/shared_queues_vendor/environment/ament_prefix_path.dsv
-- Up-to-date symlink: /home/saitama1/ros2_foxy/install/shared_queues_vendor/share/shared_queues_vendor/environment/path.sh
-- Up-to-date symlink: /home/saitama1/ros2_foxy/install/shared_queues_vendor/share/shared_queues_vendor/environment/path.dsv
-- Up-to-date symlink: /home/saitama1/ros2_foxy/install/shared_queues_vendor/share/shared_queues_vendor/local_setup.bash
-- Up-to-date symlink: /home/saitama1/ros2_foxy/install/shared_queues_vendor/share/shared_queues_vendor/local_setup.sh
-- Up-to-date symlink: /home/saitama1/ros2_foxy/install/shared_queues_vendor/share/shared_queues_vendor/local_setup.zsh
-- Up-to-date symlink: /home/saitama1/ros2_foxy/install/shared_queues_vendor/share/shared_queues_vendor/local_setup.dsv
-- Symlinking: /home/saitama1/ros2_foxy/install/shared_queues_vendor/share/shared_queues_vendor/package.dsv
-- Up-to-date symlink: /home/saitama1/ros2_foxy/install/shared_queues_vendor/share/ament_index/resource_index/packages/shared_queues_vendor
-- Up-to-date symlink: /home/saitama1/ros2_foxy/install/shared_queues_vendor/share/shared_queues_vendor/cmake/ament_cmake_export_include_directories-extras.cmake
-- Up-to-date symlink: /home/saitama1/ros2_foxy/install/shared_queues_vendor/share/shared_queues_vendor/cmake/ament_cmake_export_targets-extras.cmake
-- Up-to-date symlink: /home/saitama1/ros2_foxy/install/shared_queues_vendor/share/shared_queues_vendor/cmake/shared_queues_vendorConfig.cmake
-- Up-to-date symlink: /home/saitama1/ros2_foxy/install/shared_queues_vendor/share/shared_queues_vendor/cmake/shared_queues_vendorConfig-version.cmake
-- Up-to-date symlink: /home/saitama1/ros2_foxy/install/shared_queues_vendor/share/shared_queues_vendor/package.xml
-- Up-to-date: /home/saitama1/ros2_foxy/install/shared_queues_vendor/share/shared_queues_vendor/cmake/export_shared_queues_vendorExport.cmake
