[0.000000] (-) TimerEvent: {}
[0.000329] (-) JobUnselected: {'identifier': 'action_msgs'}
[0.000363] (-) JobUnselected: {'identifier': 'action_tutorials_cpp'}
[0.000392] (-) JobUnselected: {'identifier': 'action_tutorials_interfaces'}
[0.000440] (-) JobUnselected: {'identifier': 'action_tutorials_py'}
[0.000488] (-) JobUnselected: {'identifier': 'actionlib_msgs'}
[0.000548] (-) JobUnselected: {'identifier': 'ament_clang_format'}
[0.000580] (-) JobUnselected: {'identifier': 'ament_clang_tidy'}
[0.000592] (-) JobUnselected: {'identifier': 'ament_cmake'}
[0.000604] (-) JobUnselected: {'identifier': 'ament_cmake_auto'}
[0.000615] (-) JobUnselected: {'identifier': 'ament_cmake_clang_format'}
[0.000626] (-) JobUnselected: {'identifier': 'ament_cmake_clang_tidy'}
[0.000648] (-) JobUnselected: {'identifier': 'ament_cmake_copyright'}
[0.000675] (-) JobUnselected: {'identifier': 'ament_cmake_core'}
[0.000700] (-) JobUnselected: {'identifier': 'ament_cmake_cppcheck'}
[0.000720] (-) JobUnselected: {'identifier': 'ament_cmake_cpplint'}
[0.000740] (-) JobUnselected: {'identifier': 'ament_cmake_export_definitions'}
[0.000760] (-) JobUnselected: {'identifier': 'ament_cmake_export_dependencies'}
[0.000781] (-) JobUnselected: {'identifier': 'ament_cmake_export_include_directories'}
[0.000801] (-) JobUnselected: {'identifier': 'ament_cmake_export_interfaces'}
[0.000828] (-) JobUnselected: {'identifier': 'ament_cmake_export_libraries'}
[0.000849] (-) JobUnselected: {'identifier': 'ament_cmake_export_link_flags'}
[0.000869] (-) JobUnselected: {'identifier': 'ament_cmake_export_targets'}
[0.000889] (-) JobUnselected: {'identifier': 'ament_cmake_flake8'}
[0.000909] (-) JobUnselected: {'identifier': 'ament_cmake_gmock'}
[0.000929] (-) JobUnselected: {'identifier': 'ament_cmake_google_benchmark'}
[0.000948] (-) JobUnselected: {'identifier': 'ament_cmake_gtest'}
[0.000968] (-) JobUnselected: {'identifier': 'ament_cmake_include_directories'}
[0.000988] (-) JobUnselected: {'identifier': 'ament_cmake_libraries'}
[0.001008] (-) JobUnselected: {'identifier': 'ament_cmake_lint_cmake'}
[0.001028] (-) JobUnselected: {'identifier': 'ament_cmake_mypy'}
[0.001048] (-) JobUnselected: {'identifier': 'ament_cmake_nose'}
[0.001068] (-) JobUnselected: {'identifier': 'ament_cmake_pclint'}
[0.001087] (-) JobUnselected: {'identifier': 'ament_cmake_pep257'}
[0.001109] (-) JobUnselected: {'identifier': 'ament_cmake_pycodestyle'}
[0.001129] (-) JobUnselected: {'identifier': 'ament_cmake_pyflakes'}
[0.001149] (-) JobUnselected: {'identifier': 'ament_cmake_pytest'}
[0.001169] (-) JobUnselected: {'identifier': 'ament_cmake_python'}
[0.001189] (-) JobUnselected: {'identifier': 'ament_cmake_ros'}
[0.001208] (-) JobUnselected: {'identifier': 'ament_cmake_target_dependencies'}
[0.001229] (-) JobUnselected: {'identifier': 'ament_cmake_test'}
[0.001248] (-) JobUnselected: {'identifier': 'ament_cmake_uncrustify'}
[0.001268] (-) JobUnselected: {'identifier': 'ament_cmake_version'}
[0.001288] (-) JobUnselected: {'identifier': 'ament_cmake_xmllint'}
[0.001309] (-) JobUnselected: {'identifier': 'ament_copyright'}
[0.001329] (-) JobUnselected: {'identifier': 'ament_cppcheck'}
[0.001349] (-) JobUnselected: {'identifier': 'ament_cpplint'}
[0.001369] (-) JobUnselected: {'identifier': 'ament_flake8'}
[0.001389] (-) JobUnselected: {'identifier': 'ament_index_cpp'}
[0.001409] (-) JobUnselected: {'identifier': 'ament_index_python'}
[0.001428] (-) JobUnselected: {'identifier': 'ament_lint'}
[0.001448] (-) JobUnselected: {'identifier': 'ament_lint_auto'}
[0.001468] (-) JobUnselected: {'identifier': 'ament_lint_cmake'}
[0.001488] (-) JobUnselected: {'identifier': 'ament_lint_common'}
[0.001509] (-) JobUnselected: {'identifier': 'ament_mypy'}
[0.001529] (-) JobUnselected: {'identifier': 'ament_package'}
[0.001549] (-) JobUnselected: {'identifier': 'ament_pclint'}
[0.001568] (-) JobUnselected: {'identifier': 'ament_pep257'}
[0.001588] (-) JobUnselected: {'identifier': 'ament_pycodestyle'}
[0.001608] (-) JobUnselected: {'identifier': 'ament_pyflakes'}
[0.001628] (-) JobUnselected: {'identifier': 'ament_uncrustify'}
[0.001676] (-) JobUnselected: {'identifier': 'ament_xmllint'}
[0.001700] (-) JobUnselected: {'identifier': 'apex_test_tools'}
[0.001722] (-) JobUnselected: {'identifier': 'automotive_autonomy_msgs'}
[0.001742] (-) JobUnselected: {'identifier': 'automotive_navigation_msgs'}
[0.001762] (-) JobUnselected: {'identifier': 'automotive_platform_msgs'}
[0.001782] (-) JobUnselected: {'identifier': 'builtin_interfaces'}
[0.001801] (-) JobUnselected: {'identifier': 'can_msgs'}
[0.001822] (-) JobUnselected: {'identifier': 'class_loader'}
[0.001842] (-) JobUnselected: {'identifier': 'common_interfaces'}
[0.001861] (-) JobUnselected: {'identifier': 'composition'}
[0.001881] (-) JobUnselected: {'identifier': 'composition_interfaces'}
[0.001901] (-) JobUnselected: {'identifier': 'connext_cmake_module'}
[0.001921] (-) JobUnselected: {'identifier': 'console_bridge_vendor'}
[0.001941] (-) JobUnselected: {'identifier': 'cyclonedds'}
[0.001960] (-) JobUnselected: {'identifier': 'demo_nodes_cpp'}
[0.001980] (-) JobUnselected: {'identifier': 'demo_nodes_cpp_native'}
[0.002000] (-) JobUnselected: {'identifier': 'demo_nodes_py'}
[0.002028] (-) JobUnselected: {'identifier': 'diagnostic_msgs'}
[0.002048] (-) JobUnselected: {'identifier': 'domain_coordinator'}
[0.002068] (-) JobUnselected: {'identifier': 'dummy_map_server'}
[0.002088] (-) JobUnselected: {'identifier': 'dummy_robot_bringup'}
[0.002107] (-) JobUnselected: {'identifier': 'dummy_sensors'}
[0.002127] (-) JobUnselected: {'identifier': 'eigen3_cmake_module'}
[0.002147] (-) JobUnselected: {'identifier': 'example_interfaces'}
[0.002167] (-) JobUnselected: {'identifier': 'examples_rclcpp_minimal_action_client'}
[0.002187] (-) JobUnselected: {'identifier': 'examples_rclcpp_minimal_action_server'}
[0.002208] (-) JobUnselected: {'identifier': 'examples_rclcpp_minimal_client'}
[0.002228] (-) JobUnselected: {'identifier': 'examples_rclcpp_minimal_composition'}
[0.002248] (-) JobUnselected: {'identifier': 'examples_rclcpp_minimal_publisher'}
[0.002268] (-) JobUnselected: {'identifier': 'examples_rclcpp_minimal_service'}
[0.002288] (-) JobUnselected: {'identifier': 'examples_rclcpp_minimal_subscriber'}
[0.002308] (-) JobUnselected: {'identifier': 'examples_rclcpp_minimal_timer'}
[0.002328] (-) JobUnselected: {'identifier': 'examples_rclcpp_multithreaded_executor'}
[0.002349] (-) JobUnselected: {'identifier': 'examples_rclpy_executors'}
[0.002369] (-) JobUnselected: {'identifier': 'examples_rclpy_minimal_action_client'}
[0.002389] (-) JobUnselected: {'identifier': 'examples_rclpy_minimal_action_server'}
[0.002409] (-) JobUnselected: {'identifier': 'examples_rclpy_minimal_client'}
[0.002429] (-) JobUnselected: {'identifier': 'examples_rclpy_minimal_publisher'}
[0.002449] (-) JobUnselected: {'identifier': 'examples_rclpy_minimal_service'}
[0.002469] (-) JobUnselected: {'identifier': 'examples_rclpy_minimal_subscriber'}
[0.002489] (-) JobUnselected: {'identifier': 'examples_tf2_py'}
[0.002508] (-) JobUnselected: {'identifier': 'fastcdr'}
[0.002528] (-) JobUnselected: {'identifier': 'fastrtps'}
[0.002548] (-) JobUnselected: {'identifier': 'fastrtps_cmake_module'}
[0.002568] (-) JobUnselected: {'identifier': 'foonathan_memory_vendor'}
[0.002588] (-) JobUnselected: {'identifier': 'geometry2'}
[0.002607] (-) JobUnselected: {'identifier': 'geometry_msgs'}
[0.002627] (-) JobUnselected: {'identifier': 'gmock_vendor'}
[0.002670] (-) JobUnselected: {'identifier': 'google_benchmark_vendor'}
[0.002693] (-) JobUnselected: {'identifier': 'gtest_vendor'}
[0.002713] (-) JobUnselected: {'identifier': 'image_tools'}
[0.002734] (-) JobUnselected: {'identifier': 'interactive_markers'}
[0.002754] (-) JobUnselected: {'identifier': 'intra_process_demo'}
[0.002774] (-) JobUnselected: {'identifier': 'kdl_parser'}
[0.002794] (-) JobUnselected: {'identifier': 'lanelet2'}
[0.002814] (-) JobUnselected: {'identifier': 'lanelet2_core'}
[0.002834] (-) JobUnselected: {'identifier': 'lanelet2_examples'}
[0.002854] (-) JobUnselected: {'identifier': 'lanelet2_io'}
[0.002873] (-) JobUnselected: {'identifier': 'lanelet2_maps'}
[0.002901] (-) JobUnselected: {'identifier': 'lanelet2_matching'}
[0.002921] (-) JobUnselected: {'identifier': 'lanelet2_projection'}
[0.002941] (-) JobUnselected: {'identifier': 'lanelet2_python'}
[0.002961] (-) JobUnselected: {'identifier': 'lanelet2_routing'}
[0.002981] (-) JobUnselected: {'identifier': 'lanelet2_traffic_rules'}
[0.003001] (-) JobUnselected: {'identifier': 'lanelet2_validation'}
[0.003020] (-) JobUnselected: {'identifier': 'laser_geometry'}
[0.003041] (-) JobUnselected: {'identifier': 'launch'}
[0.003061] (-) JobUnselected: {'identifier': 'launch_ros'}
[0.003081] (-) JobUnselected: {'identifier': 'launch_testing'}
[0.003102] (-) JobUnselected: {'identifier': 'launch_testing_ament_cmake'}
[0.003122] (-) JobUnselected: {'identifier': 'launch_testing_ros'}
[0.003142] (-) JobUnselected: {'identifier': 'launch_xml'}
[0.003162] (-) JobUnselected: {'identifier': 'launch_yaml'}
[0.003181] (-) JobUnselected: {'identifier': 'lgsvl_msgs'}
[0.003201] (-) JobUnselected: {'identifier': 'libcurl_vendor'}
[0.003221] (-) JobUnselected: {'identifier': 'libstatistics_collector'}
[0.003242] (-) JobUnselected: {'identifier': 'libyaml_vendor'}
[0.003262] (-) JobUnselected: {'identifier': 'lifecycle'}
[0.003282] (-) JobUnselected: {'identifier': 'lifecycle_msgs'}
[0.003302] (-) JobUnselected: {'identifier': 'logging_demo'}
[0.003322] (-) JobUnselected: {'identifier': 'map_msgs'}
[0.003342] (-) JobUnselected: {'identifier': 'message_filters'}
[0.003364] (-) JobUnselected: {'identifier': 'mimick_vendor'}
[0.003384] (-) JobUnselected: {'identifier': 'move_base_msgs'}
[0.003404] (-) JobUnselected: {'identifier': 'mrt_cmake_modules'}
[0.003425] (-) JobUnselected: {'identifier': 'nav_msgs'}
[0.003445] (-) JobUnselected: {'identifier': 'orocos_kdl'}
[0.003464] (-) JobUnselected: {'identifier': 'osrf_pycommon'}
[0.003484] (-) JobUnselected: {'identifier': 'osrf_testing_tools_cpp'}
[0.003504] (-) JobUnselected: {'identifier': 'pcl_conversions'}
[0.003524] (-) JobUnselected: {'identifier': 'pcl_msgs'}
[0.003544] (-) JobUnselected: {'identifier': 'pcl_ros'}
[0.003564] (-) JobUnselected: {'identifier': 'pendulum_control'}
[0.003584] (-) JobUnselected: {'identifier': 'pendulum_msgs'}
[0.003598] (-) JobUnselected: {'identifier': 'perception_pcl'}
[0.003608] (-) JobUnselected: {'identifier': 'performance_test_fixture'}
[0.003619] (-) JobUnselected: {'identifier': 'picas_example'}
[0.003630] (-) JobUnselected: {'identifier': 'pluginlib'}
[0.003649] (-) JobUnselected: {'identifier': 'python_cmake_module'}
[0.003660] (-) JobUnselected: {'identifier': 'python_qt_binding'}
[0.003671] (-) JobUnselected: {'identifier': 'qt_dotgraph'}
[0.003682] (-) JobUnselected: {'identifier': 'qt_gui'}
[0.003693] (-) JobUnselected: {'identifier': 'qt_gui_app'}
[0.003703] (-) JobUnselected: {'identifier': 'qt_gui_core'}
[0.003714] (-) JobUnselected: {'identifier': 'qt_gui_cpp'}
[0.003725] (-) JobUnselected: {'identifier': 'qt_gui_py_common'}
[0.003735] (-) JobUnselected: {'identifier': 'quality_of_service_demo_cpp'}
[0.003746] (-) JobUnselected: {'identifier': 'quality_of_service_demo_py'}
[0.003756] (-) JobUnselected: {'identifier': 'rcl'}
[0.003767] (-) JobUnselected: {'identifier': 'rcl_action'}
[0.003777] (-) JobUnselected: {'identifier': 'rcl_interfaces'}
[0.003788] (-) JobUnselected: {'identifier': 'rcl_lifecycle'}
[0.003799] (-) JobUnselected: {'identifier': 'rcl_logging_log4cxx'}
[0.003810] (-) JobUnselected: {'identifier': 'rcl_logging_noop'}
[0.003820] (-) JobUnselected: {'identifier': 'rcl_logging_spdlog'}
[0.003831] (-) JobUnselected: {'identifier': 'rcl_yaml_param_parser'}
[0.003842] (-) JobUnselected: {'identifier': 'rclcpp'}
[0.003852] (-) JobUnselected: {'identifier': 'rclcpp_action'}
[0.003863] (-) JobUnselected: {'identifier': 'rclcpp_components'}
[0.003873] (-) JobUnselected: {'identifier': 'rclcpp_lifecycle'}
[0.003884] (-) JobUnselected: {'identifier': 'rclpy'}
[0.003895] (-) JobUnselected: {'identifier': 'rcpputils'}
[0.003905] (-) JobUnselected: {'identifier': 'rcutils'}
[0.003916] (-) JobUnselected: {'identifier': 'resource_retriever'}
[0.003931] (-) JobUnselected: {'identifier': 'rmw'}
[0.003942] (-) JobUnselected: {'identifier': 'rmw_connext_cpp'}
[0.003952] (-) JobUnselected: {'identifier': 'rmw_connext_shared_cpp'}
[0.003963] (-) JobUnselected: {'identifier': 'rmw_cyclonedds_cpp'}
[0.003974] (-) JobUnselected: {'identifier': 'rmw_dds_common'}
[0.003984] (-) JobUnselected: {'identifier': 'rmw_fastrtps_cpp'}
[0.003995] (-) JobUnselected: {'identifier': 'rmw_fastrtps_dynamic_cpp'}
[0.004005] (-) JobUnselected: {'identifier': 'rmw_fastrtps_shared_cpp'}
[0.004016] (-) JobUnselected: {'identifier': 'rmw_implementation'}
[0.004026] (-) JobUnselected: {'identifier': 'rmw_implementation_cmake'}
[0.004037] (-) JobUnselected: {'identifier': 'robot_state_publisher'}
[0.004048] (-) JobUnselected: {'identifier': 'ros1_bridge'}
[0.004058] (-) JobUnselected: {'identifier': 'ros2action'}
[0.004069] (-) JobUnselected: {'identifier': 'ros2bag'}
[0.004079] (-) JobUnselected: {'identifier': 'ros2cli'}
[0.004090] (-) JobUnselected: {'identifier': 'ros2cli_common_extensions'}
[0.004100] (-) JobUnselected: {'identifier': 'ros2component'}
[0.004111] (-) JobUnselected: {'identifier': 'ros2doctor'}
[0.004121] (-) JobUnselected: {'identifier': 'ros2interface'}
[0.004132] (-) JobUnselected: {'identifier': 'ros2launch'}
[0.004143] (-) JobUnselected: {'identifier': 'ros2lifecycle'}
[0.004153] (-) JobUnselected: {'identifier': 'ros2lifecycle_test_fixtures'}
[0.004164] (-) JobUnselected: {'identifier': 'ros2multicast'}
[0.004174] (-) JobUnselected: {'identifier': 'ros2node'}
[0.004185] (-) JobUnselected: {'identifier': 'ros2param'}
[0.004196] (-) JobUnselected: {'identifier': 'ros2pkg'}
[0.004206] (-) JobUnselected: {'identifier': 'ros2run'}
[0.004217] (-) JobUnselected: {'identifier': 'ros2service'}
[0.004228] (-) JobUnselected: {'identifier': 'ros2test'}
[0.004239] (-) JobUnselected: {'identifier': 'ros2topic'}
[0.004249] (-) JobUnselected: {'identifier': 'ros2trace'}
[0.004260] (-) JobUnselected: {'identifier': 'ros_environment'}
[0.004271] (-) JobUnselected: {'identifier': 'ros_testing'}
[0.004282] (-) JobUnselected: {'identifier': 'rosbag2'}
[0.004292] (-) JobUnselected: {'identifier': 'rosbag2_compression'}
[0.004303] (-) JobUnselected: {'identifier': 'rosbag2_converter_default_plugins'}
[0.004313] (-) JobUnselected: {'identifier': 'rosbag2_cpp'}
[0.004324] (-) JobUnselected: {'identifier': 'rosbag2_storage'}
[0.004334] (-) JobUnselected: {'identifier': 'rosbag2_storage_default_plugins'}
[0.004345] (-) JobUnselected: {'identifier': 'rosbag2_test_common'}
[0.004355] (-) JobUnselected: {'identifier': 'rosbag2_tests'}
[0.004366] (-) JobUnselected: {'identifier': 'rosbag2_transport'}
[0.004376] (-) JobUnselected: {'identifier': 'rosgraph_msgs'}
[0.004387] (-) JobUnselected: {'identifier': 'rosidl_adapter'}
[0.004397] (-) JobUnselected: {'identifier': 'rosidl_cmake'}
[0.004408] (-) JobUnselected: {'identifier': 'rosidl_default_generators'}
[0.004418] (-) JobUnselected: {'identifier': 'rosidl_default_runtime'}
[0.004429] (-) JobUnselected: {'identifier': 'rosidl_generator_c'}
[0.004440] (-) JobUnselected: {'identifier': 'rosidl_generator_cpp'}
[0.004450] (-) JobUnselected: {'identifier': 'rosidl_generator_dds_idl'}
[0.004461] (-) JobUnselected: {'identifier': 'rosidl_generator_py'}
[0.004471] (-) JobUnselected: {'identifier': 'rosidl_parser'}
[0.004482] (-) JobUnselected: {'identifier': 'rosidl_runtime_c'}
[0.004492] (-) JobUnselected: {'identifier': 'rosidl_runtime_cpp'}
[0.004503] (-) JobUnselected: {'identifier': 'rosidl_runtime_py'}
[0.004513] (-) JobUnselected: {'identifier': 'rosidl_typesupport_c'}
[0.004524] (-) JobUnselected: {'identifier': 'rosidl_typesupport_connext_c'}
[0.004534] (-) JobUnselected: {'identifier': 'rosidl_typesupport_connext_cpp'}
[0.004545] (-) JobUnselected: {'identifier': 'rosidl_typesupport_cpp'}
[0.004556] (-) JobUnselected: {'identifier': 'rosidl_typesupport_fastrtps_c'}
[0.004566] (-) JobUnselected: {'identifier': 'rosidl_typesupport_fastrtps_cpp'}
[0.004577] (-) JobUnselected: {'identifier': 'rosidl_typesupport_interface'}
[0.004587] (-) JobUnselected: {'identifier': 'rosidl_typesupport_introspection_c'}
[0.004603] (-) JobUnselected: {'identifier': 'rosidl_typesupport_introspection_cpp'}
[0.004616] (-) JobUnselected: {'identifier': 'rpyutils'}
[0.004626] (-) JobUnselected: {'identifier': 'rqt'}
[0.004644] (-) JobUnselected: {'identifier': 'rqt_action'}
[0.004656] (-) JobUnselected: {'identifier': 'rqt_console'}
[0.004666] (-) JobUnselected: {'identifier': 'rqt_graph'}
[0.004677] (-) JobUnselected: {'identifier': 'rqt_gui'}
[0.004688] (-) JobUnselected: {'identifier': 'rqt_gui_cpp'}
[0.004698] (-) JobUnselected: {'identifier': 'rqt_gui_py'}
[0.004709] (-) JobUnselected: {'identifier': 'rqt_msg'}
[0.004720] (-) JobUnselected: {'identifier': 'rqt_plot'}
[0.004730] (-) JobUnselected: {'identifier': 'rqt_publisher'}
[0.004741] (-) JobUnselected: {'identifier': 'rqt_py_common'}
[0.004751] (-) JobUnselected: {'identifier': 'rqt_py_console'}
[0.004762] (-) JobUnselected: {'identifier': 'rqt_reconfigure'}
[0.004772] (-) JobUnselected: {'identifier': 'rqt_service_caller'}
[0.004783] (-) JobUnselected: {'identifier': 'rqt_shell'}
[0.004793] (-) JobUnselected: {'identifier': 'rqt_srv'}
[0.004804] (-) JobUnselected: {'identifier': 'rqt_top'}
[0.004814] (-) JobUnselected: {'identifier': 'rqt_topic'}
[0.004824] (-) JobUnselected: {'identifier': 'rttest'}
[0.004835] (-) JobUnselected: {'identifier': 'rviz2'}
[0.004845] (-) JobUnselected: {'identifier': 'rviz_assimp_vendor'}
[0.004856] (-) JobUnselected: {'identifier': 'rviz_common'}
[0.004867] (-) JobUnselected: {'identifier': 'rviz_default_plugins'}
[0.004877] (-) JobUnselected: {'identifier': 'rviz_ogre_vendor'}
[0.004887] (-) JobUnselected: {'identifier': 'rviz_rendering'}
[0.004898] (-) JobUnselected: {'identifier': 'rviz_rendering_tests'}
[0.004909] (-) JobUnselected: {'identifier': 'rviz_visual_testing_framework'}
[0.004919] (-) JobUnselected: {'identifier': 'sensor_msgs'}
[0.004929] (-) JobUnselected: {'identifier': 'sensor_msgs_py'}
[0.004940] (-) JobUnselected: {'identifier': 'serial_driver'}
[0.004950] (-) JobUnselected: {'identifier': 'shape_msgs'}
[0.004965] (-) JobUnselected: {'identifier': 'shared_queues_vendor'}
[0.004975] (-) JobUnselected: {'identifier': 'spdlog_vendor'}
[0.004986] (-) JobUnselected: {'identifier': 'sqlite3_vendor'}
[0.004996] (-) JobUnselected: {'identifier': 'sros2'}
[0.005006] (-) JobUnselected: {'identifier': 'sros2_cmake'}
[0.005017] (-) JobUnselected: {'identifier': 'statistics_msgs'}
[0.005028] (-) JobUnselected: {'identifier': 'std_msgs'}
[0.005038] (-) JobUnselected: {'identifier': 'std_srvs'}
[0.005049] (-) JobUnselected: {'identifier': 'stereo_msgs'}
[0.005059] (-) JobUnselected: {'identifier': 'tango_icons_vendor'}
[0.005069] (-) JobUnselected: {'identifier': 'test_apex_test_tools'}
[0.005080] (-) JobUnselected: {'identifier': 'test_cli'}
[0.005090] (-) JobUnselected: {'identifier': 'test_cli_remapping'}
[0.005101] (-) JobUnselected: {'identifier': 'test_communication'}
[0.005112] (-) JobUnselected: {'identifier': 'test_interface_files'}
[0.005123] (-) JobUnselected: {'identifier': 'test_launch_ros'}
[0.005133] (-) JobUnselected: {'identifier': 'test_launch_testing'}
[0.005144] (-) JobUnselected: {'identifier': 'test_msgs'}
[0.005154] (-) JobUnselected: {'identifier': 'test_osrf_testing_tools_cpp'}
[0.005165] (-) JobUnselected: {'identifier': 'test_quality_of_service'}
[0.005175] (-) JobUnselected: {'identifier': 'test_rclcpp'}
[0.005186] (-) JobUnselected: {'identifier': 'test_rmw_implementation'}
[0.005196] (-) JobUnselected: {'identifier': 'test_security'}
[0.005207] (-) JobUnselected: {'identifier': 'test_tf2'}
[0.005217] (-) JobUnselected: {'identifier': 'tf2'}
[0.005228] (-) JobUnselected: {'identifier': 'tf2_bullet'}
[0.005238] (-) JobUnselected: {'identifier': 'tf2_eigen'}
[0.005263] (-) JobUnselected: {'identifier': 'tf2_eigen_kdl'}
[0.005274] (-) JobUnselected: {'identifier': 'tf2_geometry_msgs'}
[0.005285] (-) JobUnselected: {'identifier': 'tf2_kdl'}
[0.005296] (-) JobUnselected: {'identifier': 'tf2_msgs'}
[0.005306] (-) JobUnselected: {'identifier': 'tf2_py'}
[0.005317] (-) JobUnselected: {'identifier': 'tf2_ros'}
[0.005331] (-) JobUnselected: {'identifier': 'tf2_sensor_msgs'}
[0.005342] (-) JobUnselected: {'identifier': 'tf2_tools'}
[0.005352] (-) JobUnselected: {'identifier': 'tinyxml2_vendor'}
[0.005363] (-) JobUnselected: {'identifier': 'tinyxml_vendor'}
[0.005374] (-) JobUnselected: {'identifier': 'tlsf'}
[0.005384] (-) JobUnselected: {'identifier': 'tlsf_cpp'}
[0.005395] (-) JobUnselected: {'identifier': 'topic_monitor'}
[0.005406] (-) JobUnselected: {'identifier': 'trace_picas'}
[0.005416] (-) JobUnselected: {'identifier': 'tracetools'}
[0.005430] (-) JobUnselected: {'identifier': 'tracetools_launch'}
[0.005441] (-) JobUnselected: {'identifier': 'tracetools_read'}
[0.005451] (-) JobUnselected: {'identifier': 'tracetools_test'}
[0.005462] (-) JobUnselected: {'identifier': 'tracetools_trace'}
[0.005472] (-) JobUnselected: {'identifier': 'trajectory_msgs'}
[0.005483] (-) JobUnselected: {'identifier': 'turtlesim'}
[0.005494] (-) JobUnselected: {'identifier': 'udp_driver'}
[0.005505] (-) JobUnselected: {'identifier': 'udp_msgs'}
[0.005515] (-) JobUnselected: {'identifier': 'uncrustify_vendor'}
[0.005526] (-) JobUnselected: {'identifier': 'unique_identifier_msgs'}
[0.005536] (-) JobUnselected: {'identifier': 'urdf'}
[0.005547] (-) JobUnselected: {'identifier': 'urdfdom'}
[0.005558] (-) JobUnselected: {'identifier': 'urdfdom_headers'}
[0.005568] (-) JobUnselected: {'identifier': 'visualization_msgs'}
[0.005579] (-) JobUnselected: {'identifier': 'yaml_cpp_vendor'}
[0.005590] (-) JobUnselected: {'identifier': 'zstd_vendor'}
[0.005601] (-) EventReactorShutdown: {}
