-- Install configuration: ""
-- Up-to-date: /home/saitama1/ros2_foxy/install/ament_cmake_export_dependencies/share/ament_index/resource_index/package_run_dependencies/ament_cmake_export_dependencies
-- Up-to-date: /home/saitama1/ros2_foxy/install/ament_cmake_export_dependencies/share/ament_index/resource_index/parent_prefix_path/ament_cmake_export_dependencies
-- Up-to-date: /home/saitama1/ros2_foxy/install/ament_cmake_export_dependencies/share/ament_cmake_export_dependencies/environment/ament_prefix_path.sh
-- Up-to-date: /home/saitama1/ros2_foxy/install/ament_cmake_export_dependencies/share/ament_cmake_export_dependencies/environment/ament_prefix_path.dsv
-- Up-to-date: /home/saitama1/ros2_foxy/install/ament_cmake_export_dependencies/share/ament_cmake_export_dependencies/environment/path.sh
-- Up-to-date: /home/saitama1/ros2_foxy/install/ament_cmake_export_dependencies/share/ament_cmake_export_dependencies/environment/path.dsv
-- Up-to-date: /home/saitama1/ros2_foxy/install/ament_cmake_export_dependencies/share/ament_cmake_export_dependencies/local_setup.bash
-- Up-to-date: /home/saitama1/ros2_foxy/install/ament_cmake_export_dependencies/share/ament_cmake_export_dependencies/local_setup.sh
-- Up-to-date: /home/saitama1/ros2_foxy/install/ament_cmake_export_dependencies/share/ament_cmake_export_dependencies/local_setup.zsh
-- Up-to-date: /home/saitama1/ros2_foxy/install/ament_cmake_export_dependencies/share/ament_cmake_export_dependencies/local_setup.dsv
-- Installing: /home/saitama1/ros2_foxy/install/ament_cmake_export_dependencies/share/ament_cmake_export_dependencies/package.dsv
-- Up-to-date: /home/saitama1/ros2_foxy/install/ament_cmake_export_dependencies/share/ament_index/resource_index/packages/ament_cmake_export_dependencies
-- Up-to-date: /home/saitama1/ros2_foxy/install/ament_cmake_export_dependencies/share/ament_cmake_export_dependencies/cmake/ament_cmake_export_dependencies-extras.cmake
-- Up-to-date: /home/saitama1/ros2_foxy/install/ament_cmake_export_dependencies/share/ament_cmake_export_dependencies/cmake/ament_cmake_export_dependenciesConfig.cmake
-- Up-to-date: /home/saitama1/ros2_foxy/install/ament_cmake_export_dependencies/share/ament_cmake_export_dependencies/cmake/ament_cmake_export_dependenciesConfig-version.cmake
-- Up-to-date: /home/saitama1/ros2_foxy/install/ament_cmake_export_dependencies/share/ament_cmake_export_dependencies/package.xml
-- Up-to-date: /home/saitama1/ros2_foxy/install/ament_cmake_export_dependencies/share/ament_cmake_export_dependencies/cmake
-- Up-to-date: /home/saitama1/ros2_foxy/install/ament_cmake_export_dependencies/share/ament_cmake_export_dependencies/cmake/ament_cmake_export_dependencies-extras.cmake.in
-- Up-to-date: /home/saitama1/ros2_foxy/install/ament_cmake_export_dependencies/share/ament_cmake_export_dependencies/cmake/ament_export_dependencies.cmake
-- Up-to-date: /home/saitama1/ros2_foxy/install/ament_cmake_export_dependencies/share/ament_cmake_export_dependencies/cmake/ament_cmake_export_dependencies_package_hook.cmake
