running egg_info
creating ../../../../build/tracetools_launch/tracetools_launch.egg-info
writing ../../../../build/tracetools_launch/tracetools_launch.egg-info/PKG-INFO
writing dependency_links to ../../../../build/tracetools_launch/tracetools_launch.egg-info/dependency_links.txt
writing requirements to ../../../../build/tracetools_launch/tracetools_launch.egg-info/requires.txt
writing top-level names to ../../../../build/tracetools_launch/tracetools_launch.egg-info/top_level.txt
writing manifest file '../../../../build/tracetools_launch/tracetools_launch.egg-info/SOURCES.txt'
reading manifest file '../../../../build/tracetools_launch/tracetools_launch.egg-info/SOURCES.txt'
writing manifest file '../../../../build/tracetools_launch/tracetools_launch.egg-info/SOURCES.txt'
running build
running build_py
creating /home/saitama1/Pictures/ros2-picas/ros2_foxy/build/tracetools_launch/build
creating /home/saitama1/Pictures/ros2-picas/ros2_foxy/build/tracetools_launch/build/lib
creating /home/saitama1/Pictures/ros2-picas/ros2_foxy/build/tracetools_launch/build/lib/tracetools_launch
copying tracetools_launch/action.py -> /home/saitama1/Pictures/ros2-picas/ros2_foxy/build/tracetools_launch/build/lib/tracetools_launch
copying tracetools_launch/__init__.py -> /home/saitama1/Pictures/ros2-picas/ros2_foxy/build/tracetools_launch/build/lib/tracetools_launch
creating /home/saitama1/Pictures/ros2-picas/ros2_foxy/build/tracetools_launch/build/lib/tracetools_launch/actions
copying tracetools_launch/actions/__init__.py -> /home/saitama1/Pictures/ros2-picas/ros2_foxy/build/tracetools_launch/build/lib/tracetools_launch/actions
copying tracetools_launch/actions/ld_preload.py -> /home/saitama1/Pictures/ros2-picas/ros2_foxy/build/tracetools_launch/build/lib/tracetools_launch/actions
running install
running install_lib
creating /home/saitama1/Pictures/ros2-picas/ros2_foxy/install/tracetools_launch/lib/python3.8/site-packages/tracetools_launch
copying /home/saitama1/Pictures/ros2-picas/ros2_foxy/build/tracetools_launch/build/lib/tracetools_launch/action.py -> /home/saitama1/Pictures/ros2-picas/ros2_foxy/install/tracetools_launch/lib/python3.8/site-packages/tracetools_launch
copying /home/saitama1/Pictures/ros2-picas/ros2_foxy/build/tracetools_launch/build/lib/tracetools_launch/__init__.py -> /home/saitama1/Pictures/ros2-picas/ros2_foxy/install/tracetools_launch/lib/python3.8/site-packages/tracetools_launch
creating /home/saitama1/Pictures/ros2-picas/ros2_foxy/install/tracetools_launch/lib/python3.8/site-packages/tracetools_launch/actions
copying /home/saitama1/Pictures/ros2-picas/ros2_foxy/build/tracetools_launch/build/lib/tracetools_launch/actions/__init__.py -> /home/saitama1/Pictures/ros2-picas/ros2_foxy/install/tracetools_launch/lib/python3.8/site-packages/tracetools_launch/actions
copying /home/saitama1/Pictures/ros2-picas/ros2_foxy/build/tracetools_launch/build/lib/tracetools_launch/actions/ld_preload.py -> /home/saitama1/Pictures/ros2-picas/ros2_foxy/install/tracetools_launch/lib/python3.8/site-packages/tracetools_launch/actions
byte-compiling /home/saitama1/Pictures/ros2-picas/ros2_foxy/install/tracetools_launch/lib/python3.8/site-packages/tracetools_launch/action.py to action.cpython-38.pyc
byte-compiling /home/saitama1/Pictures/ros2-picas/ros2_foxy/install/tracetools_launch/lib/python3.8/site-packages/tracetools_launch/__init__.py to __init__.cpython-38.pyc
byte-compiling /home/saitama1/Pictures/ros2-picas/ros2_foxy/install/tracetools_launch/lib/python3.8/site-packages/tracetools_launch/actions/__init__.py to __init__.cpython-38.pyc
byte-compiling /home/saitama1/Pictures/ros2-picas/ros2_foxy/install/tracetools_launch/lib/python3.8/site-packages/tracetools_launch/actions/ld_preload.py to ld_preload.cpython-38.pyc
running install_data
running install_egg_info
Copying ../../../../build/tracetools_launch/tracetools_launch.egg-info to /home/saitama1/Pictures/ros2-picas/ros2_foxy/install/tracetools_launch/lib/python3.8/site-packages/tracetools_launch-1.0.5-py3.8.egg-info
running install_scripts
writing list of installed files to '/home/saitama1/Pictures/ros2-picas/ros2_foxy/build/tracetools_launch/install.log'
