[0.968s] Invoking command in '/home/saitama1/Pictures/ros2-picas/ros2_foxy/src/ament/ament_package': PYTHONPATH=/home/saitama1/Pictures/ros2-picas/ros2_foxy/install/ament_package/lib/python3.8/site-packages: /usr/bin/python3 setup.py egg_info --egg-base ../../../build/ament_package build --build-base /home/saitama1/Pictures/ros2-picas/ros2_foxy/build/ament_package/build install --prefix /home/saitama1/Pictures/ros2-picas/ros2_foxy/install/ament_package --record /home/saitama1/Pictures/ros2-picas/ros2_foxy/build/ament_package/install.log --single-version-externally-managed
[1.268s] running egg_info
[1.270s] creating ../../../build/ament_package/ament_package.egg-info
[1.270s] writing ../../../build/ament_package/ament_package.egg-info/PKG-INFO
[1.271s] writing dependency_links to ../../../build/ament_package/ament_package.egg-info/dependency_links.txt
[1.271s] writing top-level names to ../../../build/ament_package/ament_package.egg-info/top_level.txt
[1.311s] writing manifest file '../../../build/ament_package/ament_package.egg-info/SOURCES.txt'
[1.485s] reading manifest file '../../../build/ament_package/ament_package.egg-info/SOURCES.txt'
[1.487s] writing manifest file '../../../build/ament_package/ament_package.egg-info/SOURCES.txt'
[1.487s] running build
[1.488s] running build_py
[1.488s] creating /home/saitama1/Pictures/ros2-picas/ros2_foxy/build/ament_package/build
[1.488s] creating /home/saitama1/Pictures/ros2-picas/ros2_foxy/build/ament_package/build/lib
[1.488s] creating /home/saitama1/Pictures/ros2-picas/ros2_foxy/build/ament_package/build/lib/ament_package
[1.488s] copying ament_package/__init__.py -> /home/saitama1/Pictures/ros2-picas/ros2_foxy/build/ament_package/build/lib/ament_package
[1.490s] copying ament_package/templates.py -> /home/saitama1/Pictures/ros2-picas/ros2_foxy/build/ament_package/build/lib/ament_package
[1.493s] creating /home/saitama1/Pictures/ros2-picas/ros2_foxy/build/ament_package/build/lib/ament_package/template
[1.493s] creating /home/saitama1/Pictures/ros2-picas/ros2_foxy/build/ament_package/build/lib/ament_package/template/environment_hook
[1.493s] copying ament_package/template/environment_hook/pythonpath.bat.in -> /home/saitama1/Pictures/ros2-picas/ros2_foxy/build/ament_package/build/lib/ament_package/template/environment_hook
[1.495s] copying ament_package/template/environment_hook/ament_prefix_path.sh -> /home/saitama1/Pictures/ros2-picas/ros2_foxy/build/ament_package/build/lib/ament_package/template/environment_hook
[1.498s] copying ament_package/template/environment_hook/path.bat -> /home/saitama1/Pictures/ros2-picas/ros2_foxy/build/ament_package/build/lib/ament_package/template/environment_hook
[1.502s] copying ament_package/template/environment_hook/path.sh -> /home/saitama1/Pictures/ros2-picas/ros2_foxy/build/ament_package/build/lib/ament_package/template/environment_hook
[1.507s] copying ament_package/template/environment_hook/ament_prefix_path.bat -> /home/saitama1/Pictures/ros2-picas/ros2_foxy/build/ament_package/build/lib/ament_package/template/environment_hook
[1.514s] copying ament_package/template/environment_hook/pkg_config_path.sh -> /home/saitama1/Pictures/ros2-picas/ros2_foxy/build/ament_package/build/lib/ament_package/template/environment_hook
[1.521s] copying ament_package/template/environment_hook/library_path.sh -> /home/saitama1/Pictures/ros2-picas/ros2_foxy/build/ament_package/build/lib/ament_package/template/environment_hook
[1.524s] copying ament_package/template/environment_hook/pythonpath.sh.in -> /home/saitama1/Pictures/ros2-picas/ros2_foxy/build/ament_package/build/lib/ament_package/template/environment_hook
[1.525s] copying ament_package/template/environment_hook/pkg_config_path.bat -> /home/saitama1/Pictures/ros2-picas/ros2_foxy/build/ament_package/build/lib/ament_package/template/environment_hook
[1.531s] creating /home/saitama1/Pictures/ros2-picas/ros2_foxy/build/ament_package/build/lib/ament_package/template/isolated_prefix_level
[1.531s] copying ament_package/template/isolated_prefix_level/_order_isolated_packages.py -> /home/saitama1/Pictures/ros2-picas/ros2_foxy/build/ament_package/build/lib/ament_package/template/isolated_prefix_level
[1.532s] copying ament_package/template/isolated_prefix_level/local_setup.bat.in -> /home/saitama1/Pictures/ros2-picas/ros2_foxy/build/ament_package/build/lib/ament_package/template/isolated_prefix_level
[1.537s] copying ament_package/template/isolated_prefix_level/local_setup.sh.in -> /home/saitama1/Pictures/ros2-picas/ros2_foxy/build/ament_package/build/lib/ament_package/template/isolated_prefix_level
[1.539s] copying ament_package/template/isolated_prefix_level/local_setup.bash -> /home/saitama1/Pictures/ros2-picas/ros2_foxy/build/ament_package/build/lib/ament_package/template/isolated_prefix_level
[1.545s] copying ament_package/template/isolated_prefix_level/local_setup.zsh -> /home/saitama1/Pictures/ros2-picas/ros2_foxy/build/ament_package/build/lib/ament_package/template/isolated_prefix_level
[1.551s] creating /home/saitama1/Pictures/ros2-picas/ros2_foxy/build/ament_package/build/lib/ament_package/template/package_level
[1.551s] copying ament_package/template/package_level/local_setup.bat.in -> /home/saitama1/Pictures/ros2-picas/ros2_foxy/build/ament_package/build/lib/ament_package/template/package_level
[1.555s] copying ament_package/template/package_level/local_setup.sh.in -> /home/saitama1/Pictures/ros2-picas/ros2_foxy/build/ament_package/build/lib/ament_package/template/package_level
[1.563s] copying ament_package/template/package_level/local_setup.bash.in -> /home/saitama1/Pictures/ros2-picas/ros2_foxy/build/ament_package/build/lib/ament_package/template/package_level
[1.568s] copying ament_package/template/package_level/local_setup.zsh.in -> /home/saitama1/Pictures/ros2-picas/ros2_foxy/build/ament_package/build/lib/ament_package/template/package_level
[1.570s] creating /home/saitama1/Pictures/ros2-picas/ros2_foxy/build/ament_package/build/lib/ament_package/template/prefix_level
[1.571s] copying ament_package/template/prefix_level/local_setup.bat.in -> /home/saitama1/Pictures/ros2-picas/ros2_foxy/build/ament_package/build/lib/ament_package/template/prefix_level
[1.580s] copying ament_package/template/prefix_level/setup.sh.in -> /home/saitama1/Pictures/ros2-picas/ros2_foxy/build/ament_package/build/lib/ament_package/template/prefix_level
[1.585s] copying ament_package/template/prefix_level/local_setup.sh.in -> /home/saitama1/Pictures/ros2-picas/ros2_foxy/build/ament_package/build/lib/ament_package/template/prefix_level
[1.590s] copying ament_package/template/prefix_level/_local_setup_util.py -> /home/saitama1/Pictures/ros2-picas/ros2_foxy/build/ament_package/build/lib/ament_package/template/prefix_level
[1.595s] copying ament_package/template/prefix_level/local_setup.bash -> /home/saitama1/Pictures/ros2-picas/ros2_foxy/build/ament_package/build/lib/ament_package/template/prefix_level
[1.601s] copying ament_package/template/prefix_level/local_setup.zsh -> /home/saitama1/Pictures/ros2-picas/ros2_foxy/build/ament_package/build/lib/ament_package/template/prefix_level
[1.613s] copying ament_package/template/prefix_level/setup.bash -> /home/saitama1/Pictures/ros2-picas/ros2_foxy/build/ament_package/build/lib/ament_package/template/prefix_level
[1.619s] copying ament_package/template/prefix_level/setup.bat.in -> /home/saitama1/Pictures/ros2-picas/ros2_foxy/build/ament_package/build/lib/ament_package/template/prefix_level
[1.619s] copying ament_package/template/prefix_level/setup.zsh -> /home/saitama1/Pictures/ros2-picas/ros2_foxy/build/ament_package/build/lib/ament_package/template/prefix_level
[1.621s] running install
[1.622s] running install_lib
[1.623s] creating /home/saitama1/Pictures/ros2-picas/ros2_foxy/install/ament_package/lib/python3.8/site-packages/ament_package
[1.623s] creating /home/saitama1/Pictures/ros2-picas/ros2_foxy/install/ament_package/lib/python3.8/site-packages/ament_package/template
[1.623s] creating /home/saitama1/Pictures/ros2-picas/ros2_foxy/install/ament_package/lib/python3.8/site-packages/ament_package/template/environment_hook
[1.623s] copying /home/saitama1/Pictures/ros2-picas/ros2_foxy/build/ament_package/build/lib/ament_package/template/environment_hook/pythonpath.bat.in -> /home/saitama1/Pictures/ros2-picas/ros2_foxy/install/ament_package/lib/python3.8/site-packages/ament_package/template/environment_hook
[1.624s] copying /home/saitama1/Pictures/ros2-picas/ros2_foxy/build/ament_package/build/lib/ament_package/template/environment_hook/ament_prefix_path.sh -> /home/saitama1/Pictures/ros2-picas/ros2_foxy/install/ament_package/lib/python3.8/site-packages/ament_package/template/environment_hook
[1.624s] copying /home/saitama1/Pictures/ros2-picas/ros2_foxy/build/ament_package/build/lib/ament_package/template/environment_hook/path.bat -> /home/saitama1/Pictures/ros2-picas/ros2_foxy/install/ament_package/lib/python3.8/site-packages/ament_package/template/environment_hook
[1.624s] copying /home/saitama1/Pictures/ros2-picas/ros2_foxy/build/ament_package/build/lib/ament_package/template/environment_hook/path.sh -> /home/saitama1/Pictures/ros2-picas/ros2_foxy/install/ament_package/lib/python3.8/site-packages/ament_package/template/environment_hook
[1.624s] copying /home/saitama1/Pictures/ros2-picas/ros2_foxy/build/ament_package/build/lib/ament_package/template/environment_hook/ament_prefix_path.bat -> /home/saitama1/Pictures/ros2-picas/ros2_foxy/install/ament_package/lib/python3.8/site-packages/ament_package/template/environment_hook
[1.624s] copying /home/saitama1/Pictures/ros2-picas/ros2_foxy/build/ament_package/build/lib/ament_package/template/environment_hook/pkg_config_path.sh -> /home/saitama1/Pictures/ros2-picas/ros2_foxy/install/ament_package/lib/python3.8/site-packages/ament_package/template/environment_hook
[1.624s] copying /home/saitama1/Pictures/ros2-picas/ros2_foxy/build/ament_package/build/lib/ament_package/template/environment_hook/library_path.sh -> /home/saitama1/Pictures/ros2-picas/ros2_foxy/install/ament_package/lib/python3.8/site-packages/ament_package/template/environment_hook
[1.624s] copying /home/saitama1/Pictures/ros2-picas/ros2_foxy/build/ament_package/build/lib/ament_package/template/environment_hook/pythonpath.sh.in -> /home/saitama1/Pictures/ros2-picas/ros2_foxy/install/ament_package/lib/python3.8/site-packages/ament_package/template/environment_hook
[1.624s] copying /home/saitama1/Pictures/ros2-picas/ros2_foxy/build/ament_package/build/lib/ament_package/template/environment_hook/pkg_config_path.bat -> /home/saitama1/Pictures/ros2-picas/ros2_foxy/install/ament_package/lib/python3.8/site-packages/ament_package/template/environment_hook
[1.624s] creating /home/saitama1/Pictures/ros2-picas/ros2_foxy/install/ament_package/lib/python3.8/site-packages/ament_package/template/package_level
[1.625s] copying /home/saitama1/Pictures/ros2-picas/ros2_foxy/build/ament_package/build/lib/ament_package/template/package_level/local_setup.bat.in -> /home/saitama1/Pictures/ros2-picas/ros2_foxy/install/ament_package/lib/python3.8/site-packages/ament_package/template/package_level
[1.625s] copying /home/saitama1/Pictures/ros2-picas/ros2_foxy/build/ament_package/build/lib/ament_package/template/package_level/local_setup.sh.in -> /home/saitama1/Pictures/ros2-picas/ros2_foxy/install/ament_package/lib/python3.8/site-packages/ament_package/template/package_level
[1.625s] copying /home/saitama1/Pictures/ros2-picas/ros2_foxy/build/ament_package/build/lib/ament_package/template/package_level/local_setup.bash.in -> /home/saitama1/Pictures/ros2-picas/ros2_foxy/install/ament_package/lib/python3.8/site-packages/ament_package/template/package_level
[1.625s] copying /home/saitama1/Pictures/ros2-picas/ros2_foxy/build/ament_package/build/lib/ament_package/template/package_level/local_setup.zsh.in -> /home/saitama1/Pictures/ros2-picas/ros2_foxy/install/ament_package/lib/python3.8/site-packages/ament_package/template/package_level
[1.625s] creating /home/saitama1/Pictures/ros2-picas/ros2_foxy/install/ament_package/lib/python3.8/site-packages/ament_package/template/prefix_level
[1.625s] copying /home/saitama1/Pictures/ros2-picas/ros2_foxy/build/ament_package/build/lib/ament_package/template/prefix_level/local_setup.bat.in -> /home/saitama1/Pictures/ros2-picas/ros2_foxy/install/ament_package/lib/python3.8/site-packages/ament_package/template/prefix_level
[1.625s] copying /home/saitama1/Pictures/ros2-picas/ros2_foxy/build/ament_package/build/lib/ament_package/template/prefix_level/setup.sh.in -> /home/saitama1/Pictures/ros2-picas/ros2_foxy/install/ament_package/lib/python3.8/site-packages/ament_package/template/prefix_level
[1.625s] copying /home/saitama1/Pictures/ros2-picas/ros2_foxy/build/ament_package/build/lib/ament_package/template/prefix_level/local_setup.sh.in -> /home/saitama1/Pictures/ros2-picas/ros2_foxy/install/ament_package/lib/python3.8/site-packages/ament_package/template/prefix_level
[1.625s] copying /home/saitama1/Pictures/ros2-picas/ros2_foxy/build/ament_package/build/lib/ament_package/template/prefix_level/_local_setup_util.py -> /home/saitama1/Pictures/ros2-picas/ros2_foxy/install/ament_package/lib/python3.8/site-packages/ament_package/template/prefix_level
[1.625s] copying /home/saitama1/Pictures/ros2-picas/ros2_foxy/build/ament_package/build/lib/ament_package/template/prefix_level/local_setup.bash -> /home/saitama1/Pictures/ros2-picas/ros2_foxy/install/ament_package/lib/python3.8/site-packages/ament_package/template/prefix_level
[1.625s] copying /home/saitama1/Pictures/ros2-picas/ros2_foxy/build/ament_package/build/lib/ament_package/template/prefix_level/local_setup.zsh -> /home/saitama1/Pictures/ros2-picas/ros2_foxy/install/ament_package/lib/python3.8/site-packages/ament_package/template/prefix_level
[1.625s] copying /home/saitama1/Pictures/ros2-picas/ros2_foxy/build/ament_package/build/lib/ament_package/template/prefix_level/setup.bash -> /home/saitama1/Pictures/ros2-picas/ros2_foxy/install/ament_package/lib/python3.8/site-packages/ament_package/template/prefix_level
[1.626s] copying /home/saitama1/Pictures/ros2-picas/ros2_foxy/build/ament_package/build/lib/ament_package/template/prefix_level/setup.bat.in -> /home/saitama1/Pictures/ros2-picas/ros2_foxy/install/ament_package/lib/python3.8/site-packages/ament_package/template/prefix_level
[1.626s] copying /home/saitama1/Pictures/ros2-picas/ros2_foxy/build/ament_package/build/lib/ament_package/template/prefix_level/setup.zsh -> /home/saitama1/Pictures/ros2-picas/ros2_foxy/install/ament_package/lib/python3.8/site-packages/ament_package/template/prefix_level
[1.626s] creating /home/saitama1/Pictures/ros2-picas/ros2_foxy/install/ament_package/lib/python3.8/site-packages/ament_package/template/isolated_prefix_level
[1.626s] copying /home/saitama1/Pictures/ros2-picas/ros2_foxy/build/ament_package/build/lib/ament_package/template/isolated_prefix_level/_order_isolated_packages.py -> /home/saitama1/Pictures/ros2-picas/ros2_foxy/install/ament_package/lib/python3.8/site-packages/ament_package/template/isolated_prefix_level
[1.626s] copying /home/saitama1/Pictures/ros2-picas/ros2_foxy/build/ament_package/build/lib/ament_package/template/isolated_prefix_level/local_setup.bat.in -> /home/saitama1/Pictures/ros2-picas/ros2_foxy/install/ament_package/lib/python3.8/site-packages/ament_package/template/isolated_prefix_level
[1.626s] copying /home/saitama1/Pictures/ros2-picas/ros2_foxy/build/ament_package/build/lib/ament_package/template/isolated_prefix_level/local_setup.sh.in -> /home/saitama1/Pictures/ros2-picas/ros2_foxy/install/ament_package/lib/python3.8/site-packages/ament_package/template/isolated_prefix_level
[1.626s] copying /home/saitama1/Pictures/ros2-picas/ros2_foxy/build/ament_package/build/lib/ament_package/template/isolated_prefix_level/local_setup.bash -> /home/saitama1/Pictures/ros2-picas/ros2_foxy/install/ament_package/lib/python3.8/site-packages/ament_package/template/isolated_prefix_level
[1.626s] copying /home/saitama1/Pictures/ros2-picas/ros2_foxy/build/ament_package/build/lib/ament_package/template/isolated_prefix_level/local_setup.zsh -> /home/saitama1/Pictures/ros2-picas/ros2_foxy/install/ament_package/lib/python3.8/site-packages/ament_package/template/isolated_prefix_level
[1.626s] copying /home/saitama1/Pictures/ros2-picas/ros2_foxy/build/ament_package/build/lib/ament_package/__init__.py -> /home/saitama1/Pictures/ros2-picas/ros2_foxy/install/ament_package/lib/python3.8/site-packages/ament_package
[1.626s] copying /home/saitama1/Pictures/ros2-picas/ros2_foxy/build/ament_package/build/lib/ament_package/templates.py -> /home/saitama1/Pictures/ros2-picas/ros2_foxy/install/ament_package/lib/python3.8/site-packages/ament_package
[1.626s] byte-compiling /home/saitama1/Pictures/ros2-picas/ros2_foxy/install/ament_package/lib/python3.8/site-packages/ament_package/template/prefix_level/_local_setup_util.py to _local_setup_util.cpython-38.pyc
[1.627s] byte-compiling /home/saitama1/Pictures/ros2-picas/ros2_foxy/install/ament_package/lib/python3.8/site-packages/ament_package/template/isolated_prefix_level/_order_isolated_packages.py to _order_isolated_packages.cpython-38.pyc
[1.627s] byte-compiling /home/saitama1/Pictures/ros2-picas/ros2_foxy/install/ament_package/lib/python3.8/site-packages/ament_package/__init__.py to __init__.cpython-38.pyc
[1.627s] byte-compiling /home/saitama1/Pictures/ros2-picas/ros2_foxy/install/ament_package/lib/python3.8/site-packages/ament_package/templates.py to templates.cpython-38.pyc
[1.628s] running install_data
[1.628s] running install_egg_info
[1.629s] Copying ../../../build/ament_package/ament_package.egg-info to /home/saitama1/Pictures/ros2-picas/ros2_foxy/install/ament_package/lib/python3.8/site-packages/ament_package-0.9.5-py3.8.egg-info
[1.630s] running install_scripts
[1.641s] writing list of installed files to '/home/saitama1/Pictures/ros2-picas/ros2_foxy/build/ament_package/install.log'
[1.944s] Invoked command in '/home/saitama1/Pictures/ros2-picas/ros2_foxy/src/ament/ament_package' returned '0': PYTHONPATH=/home/saitama1/Pictures/ros2-picas/ros2_foxy/install/ament_package/lib/python3.8/site-packages: /usr/bin/python3 setup.py egg_info --egg-base ../../../build/ament_package build --build-base /home/saitama1/Pictures/ros2-picas/ros2_foxy/build/ament_package/build install --prefix /home/saitama1/Pictures/ros2-picas/ros2_foxy/install/ament_package --record /home/saitama1/Pictures/ros2-picas/ros2_foxy/build/ament_package/install.log --single-version-externally-managed
