running egg_info
creating ../../../../build/launch/launch.egg-info
writing ../../../../build/launch/launch.egg-info/PKG-INFO
writing dependency_links to ../../../../build/launch/launch.egg-info/dependency_links.txt
writing requirements to ../../../../build/launch/launch.egg-info/requires.txt
writing top-level names to ../../../../build/launch/launch.egg-info/top_level.txt
writing manifest file '../../../../build/launch/launch.egg-info/SOURCES.txt'
reading manifest file '../../../../build/launch/launch.egg-info/SOURCES.txt'
writing manifest file '../../../../build/launch/launch.egg-info/SOURCES.txt'
running build
running build_py
creating /home/saitama1/ros2_foxy/build/launch/build
creating /home/saitama1/ros2_foxy/build/launch/build/lib
creating /home/saitama1/ros2_foxy/build/launch/build/lib/launch
copying launch/event.py -> /home/saitama1/ros2_foxy/build/launch/build/lib/launch
copying launch/action.py -> /home/saitama1/ros2_foxy/build/launch/build/lib/launch
copying launch/launch_description_entity.py -> /home/saitama1/ros2_foxy/build/launch/build/lib/launch
copying launch/launch_service.py -> /home/saitama1/ros2_foxy/build/launch/build/lib/launch
copying launch/launch_context.py -> /home/saitama1/ros2_foxy/build/launch/build/lib/launch
copying launch/launch_introspector.py -> /home/saitama1/ros2_foxy/build/launch/build/lib/launch
copying launch/__init__.py -> /home/saitama1/ros2_foxy/build/launch/build/lib/launch
copying launch/substitution.py -> /home/saitama1/ros2_foxy/build/launch/build/lib/launch
copying launch/launch_description_source.py -> /home/saitama1/ros2_foxy/build/launch/build/lib/launch
copying launch/invalid_launch_file_error.py -> /home/saitama1/ros2_foxy/build/launch/build/lib/launch
copying launch/launch_description.py -> /home/saitama1/ros2_foxy/build/launch/build/lib/launch
copying launch/some_actions_type.py -> /home/saitama1/ros2_foxy/build/launch/build/lib/launch
copying launch/condition.py -> /home/saitama1/ros2_foxy/build/launch/build/lib/launch
copying launch/event_handler.py -> /home/saitama1/ros2_foxy/build/launch/build/lib/launch
copying launch/some_substitutions_type.py -> /home/saitama1/ros2_foxy/build/launch/build/lib/launch
creating /home/saitama1/ros2_foxy/build/launch/build/lib/launch/conditions
copying launch/conditions/if_condition.py -> /home/saitama1/ros2_foxy/build/launch/build/lib/launch/conditions
copying launch/conditions/launch_configuration_not_equals.py -> /home/saitama1/ros2_foxy/build/launch/build/lib/launch/conditions
copying launch/conditions/__init__.py -> /home/saitama1/ros2_foxy/build/launch/build/lib/launch/conditions
copying launch/conditions/invalid_condition_expression_error.py -> /home/saitama1/ros2_foxy/build/launch/build/lib/launch/conditions
copying launch/conditions/launch_configuration_equals.py -> /home/saitama1/ros2_foxy/build/launch/build/lib/launch/conditions
copying launch/conditions/evaluate_condition_expression_impl.py -> /home/saitama1/ros2_foxy/build/launch/build/lib/launch/conditions
copying launch/conditions/unless_condition.py -> /home/saitama1/ros2_foxy/build/launch/build/lib/launch/conditions
creating /home/saitama1/ros2_foxy/build/launch/build/lib/launch/events
copying launch/events/__init__.py -> /home/saitama1/ros2_foxy/build/launch/build/lib/launch/events
copying launch/events/shutdown.py -> /home/saitama1/ros2_foxy/build/launch/build/lib/launch/events
copying launch/events/matchers.py -> /home/saitama1/ros2_foxy/build/launch/build/lib/launch/events
copying launch/events/include_launch_description.py -> /home/saitama1/ros2_foxy/build/launch/build/lib/launch/events
copying launch/events/timer_event.py -> /home/saitama1/ros2_foxy/build/launch/build/lib/launch/events
copying launch/events/execution_complete.py -> /home/saitama1/ros2_foxy/build/launch/build/lib/launch/events
creating /home/saitama1/ros2_foxy/build/launch/build/lib/launch/utilities
copying launch/utilities/class_tools_impl.py -> /home/saitama1/ros2_foxy/build/launch/build/lib/launch/utilities
copying launch/utilities/perform_substitutions_impl.py -> /home/saitama1/ros2_foxy/build/launch/build/lib/launch/utilities
copying launch/utilities/visit_all_entities_and_collect_futures_impl.py -> /home/saitama1/ros2_foxy/build/launch/build/lib/launch/utilities
copying launch/utilities/__init__.py -> /home/saitama1/ros2_foxy/build/launch/build/lib/launch/utilities
copying launch/utilities/normalize_to_list_of_substitutions_impl.py -> /home/saitama1/ros2_foxy/build/launch/build/lib/launch/utilities
copying launch/utilities/ensure_argument_type_impl.py -> /home/saitama1/ros2_foxy/build/launch/build/lib/launch/utilities
copying launch/utilities/signal_management.py -> /home/saitama1/ros2_foxy/build/launch/build/lib/launch/utilities
copying launch/utilities/create_future_impl.py -> /home/saitama1/ros2_foxy/build/launch/build/lib/launch/utilities
creating /home/saitama1/ros2_foxy/build/launch/build/lib/launch/event_handlers
copying launch/event_handlers/on_process_start.py -> /home/saitama1/ros2_foxy/build/launch/build/lib/launch/event_handlers
copying launch/event_handlers/on_shutdown.py -> /home/saitama1/ros2_foxy/build/launch/build/lib/launch/event_handlers
copying launch/event_handlers/on_include_launch_description.py -> /home/saitama1/ros2_foxy/build/launch/build/lib/launch/event_handlers
copying launch/event_handlers/on_process_io.py -> /home/saitama1/ros2_foxy/build/launch/build/lib/launch/event_handlers
copying launch/event_handlers/on_process_exit.py -> /home/saitama1/ros2_foxy/build/launch/build/lib/launch/event_handlers
copying launch/event_handlers/event_named.py -> /home/saitama1/ros2_foxy/build/launch/build/lib/launch/event_handlers
copying launch/event_handlers/__init__.py -> /home/saitama1/ros2_foxy/build/launch/build/lib/launch/event_handlers
copying launch/event_handlers/on_execution_complete.py -> /home/saitama1/ros2_foxy/build/launch/build/lib/launch/event_handlers
creating /home/saitama1/ros2_foxy/build/launch/build/lib/launch/launch_description_sources
copying launch/launch_description_sources/any_launch_file_utilities.py -> /home/saitama1/ros2_foxy/build/launch/build/lib/launch/launch_description_sources
copying launch/launch_description_sources/frontend_launch_file_utilities.py -> /home/saitama1/ros2_foxy/build/launch/build/lib/launch/launch_description_sources
copying launch/launch_description_sources/python_launch_file_utilities.py -> /home/saitama1/ros2_foxy/build/launch/build/lib/launch/launch_description_sources
copying launch/launch_description_sources/frontend_launch_description_source.py -> /home/saitama1/ros2_foxy/build/launch/build/lib/launch/launch_description_sources
copying launch/launch_description_sources/__init__.py -> /home/saitama1/ros2_foxy/build/launch/build/lib/launch/launch_description_sources
copying launch/launch_description_sources/python_launch_description_source.py -> /home/saitama1/ros2_foxy/build/launch/build/lib/launch/launch_description_sources
copying launch/launch_description_sources/any_launch_description_source.py -> /home/saitama1/ros2_foxy/build/launch/build/lib/launch/launch_description_sources
creating /home/saitama1/ros2_foxy/build/launch/build/lib/launch/logging
copying launch/logging/__init__.py -> /home/saitama1/ros2_foxy/build/launch/build/lib/launch/logging
copying launch/logging/handlers.py -> /home/saitama1/ros2_foxy/build/launch/build/lib/launch/logging
creating /home/saitama1/ros2_foxy/build/launch/build/lib/launch/substitutions
copying launch/substitutions/find_executable.py -> /home/saitama1/ros2_foxy/build/launch/build/lib/launch/substitutions
copying launch/substitutions/anon_name.py -> /home/saitama1/ros2_foxy/build/launch/build/lib/launch/substitutions
copying launch/substitutions/python_expression.py -> /home/saitama1/ros2_foxy/build/launch/build/lib/launch/substitutions
copying launch/substitutions/substitution_failure.py -> /home/saitama1/ros2_foxy/build/launch/build/lib/launch/substitutions
copying launch/substitutions/__init__.py -> /home/saitama1/ros2_foxy/build/launch/build/lib/launch/substitutions
copying launch/substitutions/command.py -> /home/saitama1/ros2_foxy/build/launch/build/lib/launch/substitutions
copying launch/substitutions/this_launch_file.py -> /home/saitama1/ros2_foxy/build/launch/build/lib/launch/substitutions
copying launch/substitutions/path_join_substitution.py -> /home/saitama1/ros2_foxy/build/launch/build/lib/launch/substitutions
copying launch/substitutions/this_launch_file_dir.py -> /home/saitama1/ros2_foxy/build/launch/build/lib/launch/substitutions
copying launch/substitutions/local_substitution.py -> /home/saitama1/ros2_foxy/build/launch/build/lib/launch/substitutions
copying launch/substitutions/launch_configuration.py -> /home/saitama1/ros2_foxy/build/launch/build/lib/launch/substitutions
copying launch/substitutions/text_substitution.py -> /home/saitama1/ros2_foxy/build/launch/build/lib/launch/substitutions
copying launch/substitutions/environment_variable.py -> /home/saitama1/ros2_foxy/build/launch/build/lib/launch/substitutions
creating /home/saitama1/ros2_foxy/build/launch/build/lib/launch/actions
copying launch/actions/execute_process.py -> /home/saitama1/ros2_foxy/build/launch/build/lib/launch/actions
copying launch/actions/opaque_function.py -> /home/saitama1/ros2_foxy/build/launch/build/lib/launch/actions
copying launch/actions/emit_event.py -> /home/saitama1/ros2_foxy/build/launch/build/lib/launch/actions
copying launch/actions/opaque_coroutine.py -> /home/saitama1/ros2_foxy/build/launch/build/lib/launch/actions
copying launch/actions/group_action.py -> /home/saitama1/ros2_foxy/build/launch/build/lib/launch/actions
copying launch/actions/__init__.py -> /home/saitama1/ros2_foxy/build/launch/build/lib/launch/actions
copying launch/actions/unregister_event_handler.py -> /home/saitama1/ros2_foxy/build/launch/build/lib/launch/actions
copying launch/actions/declare_launch_argument.py -> /home/saitama1/ros2_foxy/build/launch/build/lib/launch/actions
copying launch/actions/shutdown_action.py -> /home/saitama1/ros2_foxy/build/launch/build/lib/launch/actions
copying launch/actions/include_launch_description.py -> /home/saitama1/ros2_foxy/build/launch/build/lib/launch/actions
copying launch/actions/push_launch_configurations.py -> /home/saitama1/ros2_foxy/build/launch/build/lib/launch/actions
copying launch/actions/log_info.py -> /home/saitama1/ros2_foxy/build/launch/build/lib/launch/actions
copying launch/actions/set_environment_variable.py -> /home/saitama1/ros2_foxy/build/launch/build/lib/launch/actions
copying launch/actions/unset_launch_configuration.py -> /home/saitama1/ros2_foxy/build/launch/build/lib/launch/actions
copying launch/actions/pop_launch_configurations.py -> /home/saitama1/ros2_foxy/build/launch/build/lib/launch/actions
copying launch/actions/unset_environment_variable.py -> /home/saitama1/ros2_foxy/build/launch/build/lib/launch/actions
copying launch/actions/set_launch_configuration.py -> /home/saitama1/ros2_foxy/build/launch/build/lib/launch/actions
copying launch/actions/timer_action.py -> /home/saitama1/ros2_foxy/build/launch/build/lib/launch/actions
copying launch/actions/register_event_handler.py -> /home/saitama1/ros2_foxy/build/launch/build/lib/launch/actions
creating /home/saitama1/ros2_foxy/build/launch/build/lib/launch/frontend
copying launch/frontend/parse_substitution.py -> /home/saitama1/ros2_foxy/build/launch/build/lib/launch/frontend
copying launch/frontend/__init__.py -> /home/saitama1/ros2_foxy/build/launch/build/lib/launch/frontend
copying launch/frontend/parser.py -> /home/saitama1/ros2_foxy/build/launch/build/lib/launch/frontend
copying launch/frontend/type_utils.py -> /home/saitama1/ros2_foxy/build/launch/build/lib/launch/frontend
copying launch/frontend/expose.py -> /home/saitama1/ros2_foxy/build/launch/build/lib/launch/frontend
copying launch/frontend/entity.py -> /home/saitama1/ros2_foxy/build/launch/build/lib/launch/frontend
creating /home/saitama1/ros2_foxy/build/launch/build/lib/launch/events/process
copying launch/events/process/process_stdin.py -> /home/saitama1/ros2_foxy/build/launch/build/lib/launch/events/process
copying launch/events/process/process_matchers.py -> /home/saitama1/ros2_foxy/build/launch/build/lib/launch/events/process
copying launch/events/process/running_process_event.py -> /home/saitama1/ros2_foxy/build/launch/build/lib/launch/events/process
copying launch/events/process/process_stdout.py -> /home/saitama1/ros2_foxy/build/launch/build/lib/launch/events/process
copying launch/events/process/process_io.py -> /home/saitama1/ros2_foxy/build/launch/build/lib/launch/events/process
copying launch/events/process/__init__.py -> /home/saitama1/ros2_foxy/build/launch/build/lib/launch/events/process
copying launch/events/process/process_started.py -> /home/saitama1/ros2_foxy/build/launch/build/lib/launch/events/process
copying launch/events/process/process_targeted_event.py -> /home/saitama1/ros2_foxy/build/launch/build/lib/launch/events/process
copying launch/events/process/process_stderr.py -> /home/saitama1/ros2_foxy/build/launch/build/lib/launch/events/process
copying launch/events/process/process_exited.py -> /home/saitama1/ros2_foxy/build/launch/build/lib/launch/events/process
copying launch/events/process/shutdown_process.py -> /home/saitama1/ros2_foxy/build/launch/build/lib/launch/events/process
copying launch/events/process/signal_process.py -> /home/saitama1/ros2_foxy/build/launch/build/lib/launch/events/process
running install
running install_lib
creating /home/saitama1/ros2_foxy/install/launch/lib/python3.8/site-packages/launch
copying /home/saitama1/ros2_foxy/build/launch/build/lib/launch/event.py -> /home/saitama1/ros2_foxy/install/launch/lib/python3.8/site-packages/launch
creating /home/saitama1/ros2_foxy/install/launch/lib/python3.8/site-packages/launch/conditions
copying /home/saitama1/ros2_foxy/build/launch/build/lib/launch/conditions/if_condition.py -> /home/saitama1/ros2_foxy/install/launch/lib/python3.8/site-packages/launch/conditions
copying /home/saitama1/ros2_foxy/build/launch/build/lib/launch/conditions/launch_configuration_not_equals.py -> /home/saitama1/ros2_foxy/install/launch/lib/python3.8/site-packages/launch/conditions
copying /home/saitama1/ros2_foxy/build/launch/build/lib/launch/conditions/__init__.py -> /home/saitama1/ros2_foxy/install/launch/lib/python3.8/site-packages/launch/conditions
copying /home/saitama1/ros2_foxy/build/launch/build/lib/launch/conditions/invalid_condition_expression_error.py -> /home/saitama1/ros2_foxy/install/launch/lib/python3.8/site-packages/launch/conditions
copying /home/saitama1/ros2_foxy/build/launch/build/lib/launch/conditions/launch_configuration_equals.py -> /home/saitama1/ros2_foxy/install/launch/lib/python3.8/site-packages/launch/conditions
copying /home/saitama1/ros2_foxy/build/launch/build/lib/launch/conditions/evaluate_condition_expression_impl.py -> /home/saitama1/ros2_foxy/install/launch/lib/python3.8/site-packages/launch/conditions
copying /home/saitama1/ros2_foxy/build/launch/build/lib/launch/conditions/unless_condition.py -> /home/saitama1/ros2_foxy/install/launch/lib/python3.8/site-packages/launch/conditions
copying /home/saitama1/ros2_foxy/build/launch/build/lib/launch/action.py -> /home/saitama1/ros2_foxy/install/launch/lib/python3.8/site-packages/launch
copying /home/saitama1/ros2_foxy/build/launch/build/lib/launch/launch_description_entity.py -> /home/saitama1/ros2_foxy/install/launch/lib/python3.8/site-packages/launch
copying /home/saitama1/ros2_foxy/build/launch/build/lib/launch/launch_service.py -> /home/saitama1/ros2_foxy/install/launch/lib/python3.8/site-packages/launch
copying /home/saitama1/ros2_foxy/build/launch/build/lib/launch/launch_context.py -> /home/saitama1/ros2_foxy/install/launch/lib/python3.8/site-packages/launch
copying /home/saitama1/ros2_foxy/build/launch/build/lib/launch/launch_introspector.py -> /home/saitama1/ros2_foxy/install/launch/lib/python3.8/site-packages/launch
copying /home/saitama1/ros2_foxy/build/launch/build/lib/launch/__init__.py -> /home/saitama1/ros2_foxy/install/launch/lib/python3.8/site-packages/launch
copying /home/saitama1/ros2_foxy/build/launch/build/lib/launch/substitution.py -> /home/saitama1/ros2_foxy/install/launch/lib/python3.8/site-packages/launch
creating /home/saitama1/ros2_foxy/install/launch/lib/python3.8/site-packages/launch/events
copying /home/saitama1/ros2_foxy/build/launch/build/lib/launch/events/__init__.py -> /home/saitama1/ros2_foxy/install/launch/lib/python3.8/site-packages/launch/events
copying /home/saitama1/ros2_foxy/build/launch/build/lib/launch/events/shutdown.py -> /home/saitama1/ros2_foxy/install/launch/lib/python3.8/site-packages/launch/events
copying /home/saitama1/ros2_foxy/build/launch/build/lib/launch/events/matchers.py -> /home/saitama1/ros2_foxy/install/launch/lib/python3.8/site-packages/launch/events
copying /home/saitama1/ros2_foxy/build/launch/build/lib/launch/events/include_launch_description.py -> /home/saitama1/ros2_foxy/install/launch/lib/python3.8/site-packages/launch/events
creating /home/saitama1/ros2_foxy/install/launch/lib/python3.8/site-packages/launch/events/process
copying /home/saitama1/ros2_foxy/build/launch/build/lib/launch/events/process/process_stdin.py -> /home/saitama1/ros2_foxy/install/launch/lib/python3.8/site-packages/launch/events/process
copying /home/saitama1/ros2_foxy/build/launch/build/lib/launch/events/process/process_matchers.py -> /home/saitama1/ros2_foxy/install/launch/lib/python3.8/site-packages/launch/events/process
copying /home/saitama1/ros2_foxy/build/launch/build/lib/launch/events/process/running_process_event.py -> /home/saitama1/ros2_foxy/install/launch/lib/python3.8/site-packages/launch/events/process
copying /home/saitama1/ros2_foxy/build/launch/build/lib/launch/events/process/process_stdout.py -> /home/saitama1/ros2_foxy/install/launch/lib/python3.8/site-packages/launch/events/process
copying /home/saitama1/ros2_foxy/build/launch/build/lib/launch/events/process/process_io.py -> /home/saitama1/ros2_foxy/install/launch/lib/python3.8/site-packages/launch/events/process
copying /home/saitama1/ros2_foxy/build/launch/build/lib/launch/events/process/__init__.py -> /home/saitama1/ros2_foxy/install/launch/lib/python3.8/site-packages/launch/events/process
copying /home/saitama1/ros2_foxy/build/launch/build/lib/launch/events/process/process_started.py -> /home/saitama1/ros2_foxy/install/launch/lib/python3.8/site-packages/launch/events/process
copying /home/saitama1/ros2_foxy/build/launch/build/lib/launch/events/process/process_targeted_event.py -> /home/saitama1/ros2_foxy/install/launch/lib/python3.8/site-packages/launch/events/process
copying /home/saitama1/ros2_foxy/build/launch/build/lib/launch/events/process/process_stderr.py -> /home/saitama1/ros2_foxy/install/launch/lib/python3.8/site-packages/launch/events/process
copying /home/saitama1/ros2_foxy/build/launch/build/lib/launch/events/process/process_exited.py -> /home/saitama1/ros2_foxy/install/launch/lib/python3.8/site-packages/launch/events/process
copying /home/saitama1/ros2_foxy/build/launch/build/lib/launch/events/process/shutdown_process.py -> /home/saitama1/ros2_foxy/install/launch/lib/python3.8/site-packages/launch/events/process
copying /home/saitama1/ros2_foxy/build/launch/build/lib/launch/events/process/signal_process.py -> /home/saitama1/ros2_foxy/install/launch/lib/python3.8/site-packages/launch/events/process
copying /home/saitama1/ros2_foxy/build/launch/build/lib/launch/events/timer_event.py -> /home/saitama1/ros2_foxy/install/launch/lib/python3.8/site-packages/launch/events
copying /home/saitama1/ros2_foxy/build/launch/build/lib/launch/events/execution_complete.py -> /home/saitama1/ros2_foxy/install/launch/lib/python3.8/site-packages/launch/events
copying /home/saitama1/ros2_foxy/build/launch/build/lib/launch/launch_description_source.py -> /home/saitama1/ros2_foxy/install/launch/lib/python3.8/site-packages/launch
copying /home/saitama1/ros2_foxy/build/launch/build/lib/launch/invalid_launch_file_error.py -> /home/saitama1/ros2_foxy/install/launch/lib/python3.8/site-packages/launch
creating /home/saitama1/ros2_foxy/install/launch/lib/python3.8/site-packages/launch/utilities
copying /home/saitama1/ros2_foxy/build/launch/build/lib/launch/utilities/class_tools_impl.py -> /home/saitama1/ros2_foxy/install/launch/lib/python3.8/site-packages/launch/utilities
copying /home/saitama1/ros2_foxy/build/launch/build/lib/launch/utilities/perform_substitutions_impl.py -> /home/saitama1/ros2_foxy/install/launch/lib/python3.8/site-packages/launch/utilities
copying /home/saitama1/ros2_foxy/build/launch/build/lib/launch/utilities/visit_all_entities_and_collect_futures_impl.py -> /home/saitama1/ros2_foxy/install/launch/lib/python3.8/site-packages/launch/utilities
copying /home/saitama1/ros2_foxy/build/launch/build/lib/launch/utilities/__init__.py -> /home/saitama1/ros2_foxy/install/launch/lib/python3.8/site-packages/launch/utilities
copying /home/saitama1/ros2_foxy/build/launch/build/lib/launch/utilities/normalize_to_list_of_substitutions_impl.py -> /home/saitama1/ros2_foxy/install/launch/lib/python3.8/site-packages/launch/utilities
copying /home/saitama1/ros2_foxy/build/launch/build/lib/launch/utilities/ensure_argument_type_impl.py -> /home/saitama1/ros2_foxy/install/launch/lib/python3.8/site-packages/launch/utilities
copying /home/saitama1/ros2_foxy/build/launch/build/lib/launch/utilities/signal_management.py -> /home/saitama1/ros2_foxy/install/launch/lib/python3.8/site-packages/launch/utilities
copying /home/saitama1/ros2_foxy/build/launch/build/lib/launch/utilities/create_future_impl.py -> /home/saitama1/ros2_foxy/install/launch/lib/python3.8/site-packages/launch/utilities
creating /home/saitama1/ros2_foxy/install/launch/lib/python3.8/site-packages/launch/event_handlers
copying /home/saitama1/ros2_foxy/build/launch/build/lib/launch/event_handlers/on_process_start.py -> /home/saitama1/ros2_foxy/install/launch/lib/python3.8/site-packages/launch/event_handlers
copying /home/saitama1/ros2_foxy/build/launch/build/lib/launch/event_handlers/on_shutdown.py -> /home/saitama1/ros2_foxy/install/launch/lib/python3.8/site-packages/launch/event_handlers
copying /home/saitama1/ros2_foxy/build/launch/build/lib/launch/event_handlers/on_include_launch_description.py -> /home/saitama1/ros2_foxy/install/launch/lib/python3.8/site-packages/launch/event_handlers
copying /home/saitama1/ros2_foxy/build/launch/build/lib/launch/event_handlers/on_process_io.py -> /home/saitama1/ros2_foxy/install/launch/lib/python3.8/site-packages/launch/event_handlers
copying /home/saitama1/ros2_foxy/build/launch/build/lib/launch/event_handlers/on_process_exit.py -> /home/saitama1/ros2_foxy/install/launch/lib/python3.8/site-packages/launch/event_handlers
copying /home/saitama1/ros2_foxy/build/launch/build/lib/launch/event_handlers/event_named.py -> /home/saitama1/ros2_foxy/install/launch/lib/python3.8/site-packages/launch/event_handlers
copying /home/saitama1/ros2_foxy/build/launch/build/lib/launch/event_handlers/__init__.py -> /home/saitama1/ros2_foxy/install/launch/lib/python3.8/site-packages/launch/event_handlers
copying /home/saitama1/ros2_foxy/build/launch/build/lib/launch/event_handlers/on_execution_complete.py -> /home/saitama1/ros2_foxy/install/launch/lib/python3.8/site-packages/launch/event_handlers
creating /home/saitama1/ros2_foxy/install/launch/lib/python3.8/site-packages/launch/launch_description_sources
copying /home/saitama1/ros2_foxy/build/launch/build/lib/launch/launch_description_sources/any_launch_file_utilities.py -> /home/saitama1/ros2_foxy/install/launch/lib/python3.8/site-packages/launch/launch_description_sources
copying /home/saitama1/ros2_foxy/build/launch/build/lib/launch/launch_description_sources/frontend_launch_file_utilities.py -> /home/saitama1/ros2_foxy/install/launch/lib/python3.8/site-packages/launch/launch_description_sources
copying /home/saitama1/ros2_foxy/build/launch/build/lib/launch/launch_description_sources/python_launch_file_utilities.py -> /home/saitama1/ros2_foxy/install/launch/lib/python3.8/site-packages/launch/launch_description_sources
copying /home/saitama1/ros2_foxy/build/launch/build/lib/launch/launch_description_sources/frontend_launch_description_source.py -> /home/saitama1/ros2_foxy/install/launch/lib/python3.8/site-packages/launch/launch_description_sources
copying /home/saitama1/ros2_foxy/build/launch/build/lib/launch/launch_description_sources/__init__.py -> /home/saitama1/ros2_foxy/install/launch/lib/python3.8/site-packages/launch/launch_description_sources
copying /home/saitama1/ros2_foxy/build/launch/build/lib/launch/launch_description_sources/python_launch_description_source.py -> /home/saitama1/ros2_foxy/install/launch/lib/python3.8/site-packages/launch/launch_description_sources
copying /home/saitama1/ros2_foxy/build/launch/build/lib/launch/launch_description_sources/any_launch_description_source.py -> /home/saitama1/ros2_foxy/install/launch/lib/python3.8/site-packages/launch/launch_description_sources
creating /home/saitama1/ros2_foxy/install/launch/lib/python3.8/site-packages/launch/logging
copying /home/saitama1/ros2_foxy/build/launch/build/lib/launch/logging/__init__.py -> /home/saitama1/ros2_foxy/install/launch/lib/python3.8/site-packages/launch/logging
copying /home/saitama1/ros2_foxy/build/launch/build/lib/launch/logging/handlers.py -> /home/saitama1/ros2_foxy/install/launch/lib/python3.8/site-packages/launch/logging
creating /home/saitama1/ros2_foxy/install/launch/lib/python3.8/site-packages/launch/substitutions
copying /home/saitama1/ros2_foxy/build/launch/build/lib/launch/substitutions/find_executable.py -> /home/saitama1/ros2_foxy/install/launch/lib/python3.8/site-packages/launch/substitutions
copying /home/saitama1/ros2_foxy/build/launch/build/lib/launch/substitutions/anon_name.py -> /home/saitama1/ros2_foxy/install/launch/lib/python3.8/site-packages/launch/substitutions
copying /home/saitama1/ros2_foxy/build/launch/build/lib/launch/substitutions/python_expression.py -> /home/saitama1/ros2_foxy/install/launch/lib/python3.8/site-packages/launch/substitutions
copying /home/saitama1/ros2_foxy/build/launch/build/lib/launch/substitutions/substitution_failure.py -> /home/saitama1/ros2_foxy/install/launch/lib/python3.8/site-packages/launch/substitutions
copying /home/saitama1/ros2_foxy/build/launch/build/lib/launch/substitutions/__init__.py -> /home/saitama1/ros2_foxy/install/launch/lib/python3.8/site-packages/launch/substitutions
copying /home/saitama1/ros2_foxy/build/launch/build/lib/launch/substitutions/command.py -> /home/saitama1/ros2_foxy/install/launch/lib/python3.8/site-packages/launch/substitutions
copying /home/saitama1/ros2_foxy/build/launch/build/lib/launch/substitutions/this_launch_file.py -> /home/saitama1/ros2_foxy/install/launch/lib/python3.8/site-packages/launch/substitutions
copying /home/saitama1/ros2_foxy/build/launch/build/lib/launch/substitutions/path_join_substitution.py -> /home/saitama1/ros2_foxy/install/launch/lib/python3.8/site-packages/launch/substitutions
copying /home/saitama1/ros2_foxy/build/launch/build/lib/launch/substitutions/this_launch_file_dir.py -> /home/saitama1/ros2_foxy/install/launch/lib/python3.8/site-packages/launch/substitutions
copying /home/saitama1/ros2_foxy/build/launch/build/lib/launch/substitutions/local_substitution.py -> /home/saitama1/ros2_foxy/install/launch/lib/python3.8/site-packages/launch/substitutions
copying /home/saitama1/ros2_foxy/build/launch/build/lib/launch/substitutions/launch_configuration.py -> /home/saitama1/ros2_foxy/install/launch/lib/python3.8/site-packages/launch/substitutions
copying /home/saitama1/ros2_foxy/build/launch/build/lib/launch/substitutions/text_substitution.py -> /home/saitama1/ros2_foxy/install/launch/lib/python3.8/site-packages/launch/substitutions
copying /home/saitama1/ros2_foxy/build/launch/build/lib/launch/substitutions/environment_variable.py -> /home/saitama1/ros2_foxy/install/launch/lib/python3.8/site-packages/launch/substitutions
copying /home/saitama1/ros2_foxy/build/launch/build/lib/launch/launch_description.py -> /home/saitama1/ros2_foxy/install/launch/lib/python3.8/site-packages/launch
creating /home/saitama1/ros2_foxy/install/launch/lib/python3.8/site-packages/launch/actions
copying /home/saitama1/ros2_foxy/build/launch/build/lib/launch/actions/execute_process.py -> /home/saitama1/ros2_foxy/install/launch/lib/python3.8/site-packages/launch/actions
copying /home/saitama1/ros2_foxy/build/launch/build/lib/launch/actions/opaque_function.py -> /home/saitama1/ros2_foxy/install/launch/lib/python3.8/site-packages/launch/actions
copying /home/saitama1/ros2_foxy/build/launch/build/lib/launch/actions/emit_event.py -> /home/saitama1/ros2_foxy/install/launch/lib/python3.8/site-packages/launch/actions
copying /home/saitama1/ros2_foxy/build/launch/build/lib/launch/actions/opaque_coroutine.py -> /home/saitama1/ros2_foxy/install/launch/lib/python3.8/site-packages/launch/actions
copying /home/saitama1/ros2_foxy/build/launch/build/lib/launch/actions/group_action.py -> /home/saitama1/ros2_foxy/install/launch/lib/python3.8/site-packages/launch/actions
copying /home/saitama1/ros2_foxy/build/launch/build/lib/launch/actions/__init__.py -> /home/saitama1/ros2_foxy/install/launch/lib/python3.8/site-packages/launch/actions
copying /home/saitama1/ros2_foxy/build/launch/build/lib/launch/actions/unregister_event_handler.py -> /home/saitama1/ros2_foxy/install/launch/lib/python3.8/site-packages/launch/actions
copying /home/saitama1/ros2_foxy/build/launch/build/lib/launch/actions/declare_launch_argument.py -> /home/saitama1/ros2_foxy/install/launch/lib/python3.8/site-packages/launch/actions
copying /home/saitama1/ros2_foxy/build/launch/build/lib/launch/actions/shutdown_action.py -> /home/saitama1/ros2_foxy/install/launch/lib/python3.8/site-packages/launch/actions
copying /home/saitama1/ros2_foxy/build/launch/build/lib/launch/actions/include_launch_description.py -> /home/saitama1/ros2_foxy/install/launch/lib/python3.8/site-packages/launch/actions
copying /home/saitama1/ros2_foxy/build/launch/build/lib/launch/actions/push_launch_configurations.py -> /home/saitama1/ros2_foxy/install/launch/lib/python3.8/site-packages/launch/actions
copying /home/saitama1/ros2_foxy/build/launch/build/lib/launch/actions/log_info.py -> /home/saitama1/ros2_foxy/install/launch/lib/python3.8/site-packages/launch/actions
copying /home/saitama1/ros2_foxy/build/launch/build/lib/launch/actions/set_environment_variable.py -> /home/saitama1/ros2_foxy/install/launch/lib/python3.8/site-packages/launch/actions
copying /home/saitama1/ros2_foxy/build/launch/build/lib/launch/actions/unset_launch_configuration.py -> /home/saitama1/ros2_foxy/install/launch/lib/python3.8/site-packages/launch/actions
copying /home/saitama1/ros2_foxy/build/launch/build/lib/launch/actions/pop_launch_configurations.py -> /home/saitama1/ros2_foxy/install/launch/lib/python3.8/site-packages/launch/actions
copying /home/saitama1/ros2_foxy/build/launch/build/lib/launch/actions/unset_environment_variable.py -> /home/saitama1/ros2_foxy/install/launch/lib/python3.8/site-packages/launch/actions
copying /home/saitama1/ros2_foxy/build/launch/build/lib/launch/actions/set_launch_configuration.py -> /home/saitama1/ros2_foxy/install/launch/lib/python3.8/site-packages/launch/actions
copying /home/saitama1/ros2_foxy/build/launch/build/lib/launch/actions/timer_action.py -> /home/saitama1/ros2_foxy/install/launch/lib/python3.8/site-packages/launch/actions
copying /home/saitama1/ros2_foxy/build/launch/build/lib/launch/actions/register_event_handler.py -> /home/saitama1/ros2_foxy/install/launch/lib/python3.8/site-packages/launch/actions
copying /home/saitama1/ros2_foxy/build/launch/build/lib/launch/some_actions_type.py -> /home/saitama1/ros2_foxy/install/launch/lib/python3.8/site-packages/launch
copying /home/saitama1/ros2_foxy/build/launch/build/lib/launch/condition.py -> /home/saitama1/ros2_foxy/install/launch/lib/python3.8/site-packages/launch
copying /home/saitama1/ros2_foxy/build/launch/build/lib/launch/event_handler.py -> /home/saitama1/ros2_foxy/install/launch/lib/python3.8/site-packages/launch
copying /home/saitama1/ros2_foxy/build/launch/build/lib/launch/some_substitutions_type.py -> /home/saitama1/ros2_foxy/install/launch/lib/python3.8/site-packages/launch
creating /home/saitama1/ros2_foxy/install/launch/lib/python3.8/site-packages/launch/frontend
copying /home/saitama1/ros2_foxy/build/launch/build/lib/launch/frontend/parse_substitution.py -> /home/saitama1/ros2_foxy/install/launch/lib/python3.8/site-packages/launch/frontend
copying /home/saitama1/ros2_foxy/build/launch/build/lib/launch/frontend/__init__.py -> /home/saitama1/ros2_foxy/install/launch/lib/python3.8/site-packages/launch/frontend
copying /home/saitama1/ros2_foxy/build/launch/build/lib/launch/frontend/parser.py -> /home/saitama1/ros2_foxy/install/launch/lib/python3.8/site-packages/launch/frontend
copying /home/saitama1/ros2_foxy/build/launch/build/lib/launch/frontend/type_utils.py -> /home/saitama1/ros2_foxy/install/launch/lib/python3.8/site-packages/launch/frontend
copying /home/saitama1/ros2_foxy/build/launch/build/lib/launch/frontend/expose.py -> /home/saitama1/ros2_foxy/install/launch/lib/python3.8/site-packages/launch/frontend
copying /home/saitama1/ros2_foxy/build/launch/build/lib/launch/frontend/entity.py -> /home/saitama1/ros2_foxy/install/launch/lib/python3.8/site-packages/launch/frontend
byte-compiling /home/saitama1/ros2_foxy/install/launch/lib/python3.8/site-packages/launch/event.py to event.cpython-38.pyc
byte-compiling /home/saitama1/ros2_foxy/install/launch/lib/python3.8/site-packages/launch/conditions/if_condition.py to if_condition.cpython-38.pyc
byte-compiling /home/saitama1/ros2_foxy/install/launch/lib/python3.8/site-packages/launch/conditions/launch_configuration_not_equals.py to launch_configuration_not_equals.cpython-38.pyc
byte-compiling /home/saitama1/ros2_foxy/install/launch/lib/python3.8/site-packages/launch/conditions/__init__.py to __init__.cpython-38.pyc
byte-compiling /home/saitama1/ros2_foxy/install/launch/lib/python3.8/site-packages/launch/conditions/invalid_condition_expression_error.py to invalid_condition_expression_error.cpython-38.pyc
byte-compiling /home/saitama1/ros2_foxy/install/launch/lib/python3.8/site-packages/launch/conditions/launch_configuration_equals.py to launch_configuration_equals.cpython-38.pyc
byte-compiling /home/saitama1/ros2_foxy/install/launch/lib/python3.8/site-packages/launch/conditions/evaluate_condition_expression_impl.py to evaluate_condition_expression_impl.cpython-38.pyc
byte-compiling /home/saitama1/ros2_foxy/install/launch/lib/python3.8/site-packages/launch/conditions/unless_condition.py to unless_condition.cpython-38.pyc
byte-compiling /home/saitama1/ros2_foxy/install/launch/lib/python3.8/site-packages/launch/action.py to action.cpython-38.pyc
byte-compiling /home/saitama1/ros2_foxy/install/launch/lib/python3.8/site-packages/launch/launch_description_entity.py to launch_description_entity.cpython-38.pyc
byte-compiling /home/saitama1/ros2_foxy/install/launch/lib/python3.8/site-packages/launch/launch_service.py to launch_service.cpython-38.pyc
byte-compiling /home/saitama1/ros2_foxy/install/launch/lib/python3.8/site-packages/launch/launch_context.py to launch_context.cpython-38.pyc
byte-compiling /home/saitama1/ros2_foxy/install/launch/lib/python3.8/site-packages/launch/launch_introspector.py to launch_introspector.cpython-38.pyc
byte-compiling /home/saitama1/ros2_foxy/install/launch/lib/python3.8/site-packages/launch/__init__.py to __init__.cpython-38.pyc
byte-compiling /home/saitama1/ros2_foxy/install/launch/lib/python3.8/site-packages/launch/substitution.py to substitution.cpython-38.pyc
byte-compiling /home/saitama1/ros2_foxy/install/launch/lib/python3.8/site-packages/launch/events/__init__.py to __init__.cpython-38.pyc
byte-compiling /home/saitama1/ros2_foxy/install/launch/lib/python3.8/site-packages/launch/events/shutdown.py to shutdown.cpython-38.pyc
byte-compiling /home/saitama1/ros2_foxy/install/launch/lib/python3.8/site-packages/launch/events/matchers.py to matchers.cpython-38.pyc
byte-compiling /home/saitama1/ros2_foxy/install/launch/lib/python3.8/site-packages/launch/events/include_launch_description.py to include_launch_description.cpython-38.pyc
byte-compiling /home/saitama1/ros2_foxy/install/launch/lib/python3.8/site-packages/launch/events/process/process_stdin.py to process_stdin.cpython-38.pyc
byte-compiling /home/saitama1/ros2_foxy/install/launch/lib/python3.8/site-packages/launch/events/process/process_matchers.py to process_matchers.cpython-38.pyc
byte-compiling /home/saitama1/ros2_foxy/install/launch/lib/python3.8/site-packages/launch/events/process/running_process_event.py to running_process_event.cpython-38.pyc
byte-compiling /home/saitama1/ros2_foxy/install/launch/lib/python3.8/site-packages/launch/events/process/process_stdout.py to process_stdout.cpython-38.pyc
byte-compiling /home/saitama1/ros2_foxy/install/launch/lib/python3.8/site-packages/launch/events/process/process_io.py to process_io.cpython-38.pyc
byte-compiling /home/saitama1/ros2_foxy/install/launch/lib/python3.8/site-packages/launch/events/process/__init__.py to __init__.cpython-38.pyc
byte-compiling /home/saitama1/ros2_foxy/install/launch/lib/python3.8/site-packages/launch/events/process/process_started.py to process_started.cpython-38.pyc
byte-compiling /home/saitama1/ros2_foxy/install/launch/lib/python3.8/site-packages/launch/events/process/process_targeted_event.py to process_targeted_event.cpython-38.pyc
byte-compiling /home/saitama1/ros2_foxy/install/launch/lib/python3.8/site-packages/launch/events/process/process_stderr.py to process_stderr.cpython-38.pyc
byte-compiling /home/saitama1/ros2_foxy/install/launch/lib/python3.8/site-packages/launch/events/process/process_exited.py to process_exited.cpython-38.pyc
byte-compiling /home/saitama1/ros2_foxy/install/launch/lib/python3.8/site-packages/launch/events/process/shutdown_process.py to shutdown_process.cpython-38.pyc
byte-compiling /home/saitama1/ros2_foxy/install/launch/lib/python3.8/site-packages/launch/events/process/signal_process.py to signal_process.cpython-38.pyc
byte-compiling /home/saitama1/ros2_foxy/install/launch/lib/python3.8/site-packages/launch/events/timer_event.py to timer_event.cpython-38.pyc
byte-compiling /home/saitama1/ros2_foxy/install/launch/lib/python3.8/site-packages/launch/events/execution_complete.py to execution_complete.cpython-38.pyc
byte-compiling /home/saitama1/ros2_foxy/install/launch/lib/python3.8/site-packages/launch/launch_description_source.py to launch_description_source.cpython-38.pyc
byte-compiling /home/saitama1/ros2_foxy/install/launch/lib/python3.8/site-packages/launch/invalid_launch_file_error.py to invalid_launch_file_error.cpython-38.pyc
byte-compiling /home/saitama1/ros2_foxy/install/launch/lib/python3.8/site-packages/launch/utilities/class_tools_impl.py to class_tools_impl.cpython-38.pyc
byte-compiling /home/saitama1/ros2_foxy/install/launch/lib/python3.8/site-packages/launch/utilities/perform_substitutions_impl.py to perform_substitutions_impl.cpython-38.pyc
byte-compiling /home/saitama1/ros2_foxy/install/launch/lib/python3.8/site-packages/launch/utilities/visit_all_entities_and_collect_futures_impl.py to visit_all_entities_and_collect_futures_impl.cpython-38.pyc
byte-compiling /home/saitama1/ros2_foxy/install/launch/lib/python3.8/site-packages/launch/utilities/__init__.py to __init__.cpython-38.pyc
byte-compiling /home/saitama1/ros2_foxy/install/launch/lib/python3.8/site-packages/launch/utilities/normalize_to_list_of_substitutions_impl.py to normalize_to_list_of_substitutions_impl.cpython-38.pyc
byte-compiling /home/saitama1/ros2_foxy/install/launch/lib/python3.8/site-packages/launch/utilities/ensure_argument_type_impl.py to ensure_argument_type_impl.cpython-38.pyc
byte-compiling /home/saitama1/ros2_foxy/install/launch/lib/python3.8/site-packages/launch/utilities/signal_management.py to signal_management.cpython-38.pyc
byte-compiling /home/saitama1/ros2_foxy/install/launch/lib/python3.8/site-packages/launch/utilities/create_future_impl.py to create_future_impl.cpython-38.pyc
byte-compiling /home/saitama1/ros2_foxy/install/launch/lib/python3.8/site-packages/launch/event_handlers/on_process_start.py to on_process_start.cpython-38.pyc
byte-compiling /home/saitama1/ros2_foxy/install/launch/lib/python3.8/site-packages/launch/event_handlers/on_shutdown.py to on_shutdown.cpython-38.pyc
byte-compiling /home/saitama1/ros2_foxy/install/launch/lib/python3.8/site-packages/launch/event_handlers/on_include_launch_description.py to on_include_launch_description.cpython-38.pyc
byte-compiling /home/saitama1/ros2_foxy/install/launch/lib/python3.8/site-packages/launch/event_handlers/on_process_io.py to on_process_io.cpython-38.pyc
byte-compiling /home/saitama1/ros2_foxy/install/launch/lib/python3.8/site-packages/launch/event_handlers/on_process_exit.py to on_process_exit.cpython-38.pyc
byte-compiling /home/saitama1/ros2_foxy/install/launch/lib/python3.8/site-packages/launch/event_handlers/event_named.py to event_named.cpython-38.pyc
byte-compiling /home/saitama1/ros2_foxy/install/launch/lib/python3.8/site-packages/launch/event_handlers/__init__.py to __init__.cpython-38.pyc
byte-compiling /home/saitama1/ros2_foxy/install/launch/lib/python3.8/site-packages/launch/event_handlers/on_execution_complete.py to on_execution_complete.cpython-38.pyc
byte-compiling /home/saitama1/ros2_foxy/install/launch/lib/python3.8/site-packages/launch/launch_description_sources/any_launch_file_utilities.py to any_launch_file_utilities.cpython-38.pyc
byte-compiling /home/saitama1/ros2_foxy/install/launch/lib/python3.8/site-packages/launch/launch_description_sources/frontend_launch_file_utilities.py to frontend_launch_file_utilities.cpython-38.pyc
byte-compiling /home/saitama1/ros2_foxy/install/launch/lib/python3.8/site-packages/launch/launch_description_sources/python_launch_file_utilities.py to python_launch_file_utilities.cpython-38.pyc
byte-compiling /home/saitama1/ros2_foxy/install/launch/lib/python3.8/site-packages/launch/launch_description_sources/frontend_launch_description_source.py to frontend_launch_description_source.cpython-38.pyc
byte-compiling /home/saitama1/ros2_foxy/install/launch/lib/python3.8/site-packages/launch/launch_description_sources/__init__.py to __init__.cpython-38.pyc
byte-compiling /home/saitama1/ros2_foxy/install/launch/lib/python3.8/site-packages/launch/launch_description_sources/python_launch_description_source.py to python_launch_description_source.cpython-38.pyc
byte-compiling /home/saitama1/ros2_foxy/install/launch/lib/python3.8/site-packages/launch/launch_description_sources/any_launch_description_source.py to any_launch_description_source.cpython-38.pyc
byte-compiling /home/saitama1/ros2_foxy/install/launch/lib/python3.8/site-packages/launch/logging/__init__.py to __init__.cpython-38.pyc
byte-compiling /home/saitama1/ros2_foxy/install/launch/lib/python3.8/site-packages/launch/logging/handlers.py to handlers.cpython-38.pyc
byte-compiling /home/saitama1/ros2_foxy/install/launch/lib/python3.8/site-packages/launch/substitutions/find_executable.py to find_executable.cpython-38.pyc
byte-compiling /home/saitama1/ros2_foxy/install/launch/lib/python3.8/site-packages/launch/substitutions/anon_name.py to anon_name.cpython-38.pyc
byte-compiling /home/saitama1/ros2_foxy/install/launch/lib/python3.8/site-packages/launch/substitutions/python_expression.py to python_expression.cpython-38.pyc
byte-compiling /home/saitama1/ros2_foxy/install/launch/lib/python3.8/site-packages/launch/substitutions/substitution_failure.py to substitution_failure.cpython-38.pyc
byte-compiling /home/saitama1/ros2_foxy/install/launch/lib/python3.8/site-packages/launch/substitutions/__init__.py to __init__.cpython-38.pyc
byte-compiling /home/saitama1/ros2_foxy/install/launch/lib/python3.8/site-packages/launch/substitutions/command.py to command.cpython-38.pyc
byte-compiling /home/saitama1/ros2_foxy/install/launch/lib/python3.8/site-packages/launch/substitutions/this_launch_file.py to this_launch_file.cpython-38.pyc
byte-compiling /home/saitama1/ros2_foxy/install/launch/lib/python3.8/site-packages/launch/substitutions/path_join_substitution.py to path_join_substitution.cpython-38.pyc
byte-compiling /home/saitama1/ros2_foxy/install/launch/lib/python3.8/site-packages/launch/substitutions/this_launch_file_dir.py to this_launch_file_dir.cpython-38.pyc
byte-compiling /home/saitama1/ros2_foxy/install/launch/lib/python3.8/site-packages/launch/substitutions/local_substitution.py to local_substitution.cpython-38.pyc
byte-compiling /home/saitama1/ros2_foxy/install/launch/lib/python3.8/site-packages/launch/substitutions/launch_configuration.py to launch_configuration.cpython-38.pyc
byte-compiling /home/saitama1/ros2_foxy/install/launch/lib/python3.8/site-packages/launch/substitutions/text_substitution.py to text_substitution.cpython-38.pyc
byte-compiling /home/saitama1/ros2_foxy/install/launch/lib/python3.8/site-packages/launch/substitutions/environment_variable.py to environment_variable.cpython-38.pyc
byte-compiling /home/saitama1/ros2_foxy/install/launch/lib/python3.8/site-packages/launch/launch_description.py to launch_description.cpython-38.pyc
byte-compiling /home/saitama1/ros2_foxy/install/launch/lib/python3.8/site-packages/launch/actions/execute_process.py to execute_process.cpython-38.pyc
byte-compiling /home/saitama1/ros2_foxy/install/launch/lib/python3.8/site-packages/launch/actions/opaque_function.py to opaque_function.cpython-38.pyc
byte-compiling /home/saitama1/ros2_foxy/install/launch/lib/python3.8/site-packages/launch/actions/emit_event.py to emit_event.cpython-38.pyc
byte-compiling /home/saitama1/ros2_foxy/install/launch/lib/python3.8/site-packages/launch/actions/opaque_coroutine.py to opaque_coroutine.cpython-38.pyc
byte-compiling /home/saitama1/ros2_foxy/install/launch/lib/python3.8/site-packages/launch/actions/group_action.py to group_action.cpython-38.pyc
byte-compiling /home/saitama1/ros2_foxy/install/launch/lib/python3.8/site-packages/launch/actions/__init__.py to __init__.cpython-38.pyc
byte-compiling /home/saitama1/ros2_foxy/install/launch/lib/python3.8/site-packages/launch/actions/unregister_event_handler.py to unregister_event_handler.cpython-38.pyc
byte-compiling /home/saitama1/ros2_foxy/install/launch/lib/python3.8/site-packages/launch/actions/declare_launch_argument.py to declare_launch_argument.cpython-38.pyc
byte-compiling /home/saitama1/ros2_foxy/install/launch/lib/python3.8/site-packages/launch/actions/shutdown_action.py to shutdown_action.cpython-38.pyc
byte-compiling /home/saitama1/ros2_foxy/install/launch/lib/python3.8/site-packages/launch/actions/include_launch_description.py to include_launch_description.cpython-38.pyc
byte-compiling /home/saitama1/ros2_foxy/install/launch/lib/python3.8/site-packages/launch/actions/push_launch_configurations.py to push_launch_configurations.cpython-38.pyc
byte-compiling /home/saitama1/ros2_foxy/install/launch/lib/python3.8/site-packages/launch/actions/log_info.py to log_info.cpython-38.pyc
byte-compiling /home/saitama1/ros2_foxy/install/launch/lib/python3.8/site-packages/launch/actions/set_environment_variable.py to set_environment_variable.cpython-38.pyc
byte-compiling /home/saitama1/ros2_foxy/install/launch/lib/python3.8/site-packages/launch/actions/unset_launch_configuration.py to unset_launch_configuration.cpython-38.pyc
byte-compiling /home/saitama1/ros2_foxy/install/launch/lib/python3.8/site-packages/launch/actions/pop_launch_configurations.py to pop_launch_configurations.cpython-38.pyc
byte-compiling /home/saitama1/ros2_foxy/install/launch/lib/python3.8/site-packages/launch/actions/unset_environment_variable.py to unset_environment_variable.cpython-38.pyc
byte-compiling /home/saitama1/ros2_foxy/install/launch/lib/python3.8/site-packages/launch/actions/set_launch_configuration.py to set_launch_configuration.cpython-38.pyc
byte-compiling /home/saitama1/ros2_foxy/install/launch/lib/python3.8/site-packages/launch/actions/timer_action.py to timer_action.cpython-38.pyc
byte-compiling /home/saitama1/ros2_foxy/install/launch/lib/python3.8/site-packages/launch/actions/register_event_handler.py to register_event_handler.cpython-38.pyc
byte-compiling /home/saitama1/ros2_foxy/install/launch/lib/python3.8/site-packages/launch/some_actions_type.py to some_actions_type.cpython-38.pyc
byte-compiling /home/saitama1/ros2_foxy/install/launch/lib/python3.8/site-packages/launch/condition.py to condition.cpython-38.pyc
byte-compiling /home/saitama1/ros2_foxy/install/launch/lib/python3.8/site-packages/launch/event_handler.py to event_handler.cpython-38.pyc
byte-compiling /home/saitama1/ros2_foxy/install/launch/lib/python3.8/site-packages/launch/some_substitutions_type.py to some_substitutions_type.cpython-38.pyc
byte-compiling /home/saitama1/ros2_foxy/install/launch/lib/python3.8/site-packages/launch/frontend/parse_substitution.py to parse_substitution.cpython-38.pyc
byte-compiling /home/saitama1/ros2_foxy/install/launch/lib/python3.8/site-packages/launch/frontend/__init__.py to __init__.cpython-38.pyc
byte-compiling /home/saitama1/ros2_foxy/install/launch/lib/python3.8/site-packages/launch/frontend/parser.py to parser.cpython-38.pyc
byte-compiling /home/saitama1/ros2_foxy/install/launch/lib/python3.8/site-packages/launch/frontend/type_utils.py to type_utils.cpython-38.pyc
byte-compiling /home/saitama1/ros2_foxy/install/launch/lib/python3.8/site-packages/launch/frontend/expose.py to expose.cpython-38.pyc
byte-compiling /home/saitama1/ros2_foxy/install/launch/lib/python3.8/site-packages/launch/frontend/entity.py to entity.cpython-38.pyc
running install_data
copying package.xml -> /home/saitama1/ros2_foxy/install/launch/share/launch
creating /home/saitama1/ros2_foxy/install/launch/share/ament_index
creating /home/saitama1/ros2_foxy/install/launch/share/ament_index/resource_index
creating /home/saitama1/ros2_foxy/install/launch/share/ament_index/resource_index/packages
copying resource/launch -> /home/saitama1/ros2_foxy/install/launch/share/ament_index/resource_index/packages
creating /home/saitama1/ros2_foxy/install/launch/share/launch/frontend
copying share/launch/frontend/grammar.lark -> /home/saitama1/ros2_foxy/install/launch/share/launch/frontend
running install_egg_info
Copying ../../../../build/launch/launch.egg-info to /home/saitama1/ros2_foxy/install/launch/lib/python3.8/site-packages/launch-0.10.5-py3.8.egg-info
running install_scripts
writing list of installed files to '/home/saitama1/ros2_foxy/build/launch/install.log'
