-- The C compiler identification is GNU 9.3.0
-- The CXX compiler identification is GNU 9.3.0
-- Check for working C compiler: /usr/bin/cc
-- Check for working C compiler: /usr/bin/cc -- works
-- Detecting C compiler ABI info
-- Detecting C compiler ABI info - done
-- Detecting C compile features
-- Detecting C compile features - done
-- Check for working CXX compiler: /usr/bin/c++
-- Check for working CXX compiler: /usr/bin/c++ -- works
-- Detecting CXX compiler ABI info
-- Detecting CXX compiler ABI info - done
-- Detecting CXX compile features
-- Detecting CXX compile features - done
-- urdfdom_headers version 1.0.5
-- Configuration successful. Type make install to install urdfdom_headers.
-- Configuring done
-- Generating done
-- Build files have been written to: /home/saitama1/Pictures/ros2-picas/ros2_foxy/build/urdfdom_headers
-- Install configuration: ""
-- Up-to-date: /home/saitama1/Pictures/ros2-picas/ros2_foxy/install/urdfdom_headers/lib/urdfdom_headers/cmake/urdfdom_headers-config.cmake
-- Up-to-date: /home/saitama1/Pictures/ros2-picas/ros2_foxy/install/urdfdom_headers/lib/urdfdom_headers/cmake/urdfdom_headers-config-version.cmake
-- Up-to-date: /home/saitama1/Pictures/ros2-picas/ros2_foxy/install/urdfdom_headers/lib/pkgconfig/urdfdom_headers.pc
-- Up-to-date: /home/saitama1/Pictures/ros2-picas/ros2_foxy/install/urdfdom_headers/lib/urdfdom_headers/cmake/urdfdom_headersExport.cmake
-- Up-to-date: /home/saitama1/Pictures/ros2-picas/ros2_foxy/install/urdfdom_headers/include/urdf_sensor
-- Up-to-date: /home/saitama1/Pictures/ros2-picas/ros2_foxy/install/urdfdom_headers/include/urdf_sensor/types.h
-- Up-to-date: /home/saitama1/Pictures/ros2-picas/ros2_foxy/install/urdfdom_headers/include/urdf_sensor/sensor.h
-- Up-to-date: /home/saitama1/Pictures/ros2-picas/ros2_foxy/install/urdfdom_headers/include/urdf_model
-- Up-to-date: /home/saitama1/Pictures/ros2-picas/ros2_foxy/install/urdfdom_headers/include/urdf_model/types.h
-- Up-to-date: /home/saitama1/Pictures/ros2-picas/ros2_foxy/install/urdfdom_headers/include/urdf_model/model.h
-- Up-to-date: /home/saitama1/Pictures/ros2-picas/ros2_foxy/install/urdfdom_headers/include/urdf_model/joint.h
-- Up-to-date: /home/saitama1/Pictures/ros2-picas/ros2_foxy/install/urdfdom_headers/include/urdf_model/utils.h
-- Up-to-date: /home/saitama1/Pictures/ros2-picas/ros2_foxy/install/urdfdom_headers/include/urdf_model/color.h
-- Up-to-date: /home/saitama1/Pictures/ros2-picas/ros2_foxy/install/urdfdom_headers/include/urdf_model/pose.h
-- Up-to-date: /home/saitama1/Pictures/ros2-picas/ros2_foxy/install/urdfdom_headers/include/urdf_model/twist.h
-- Up-to-date: /home/saitama1/Pictures/ros2-picas/ros2_foxy/install/urdfdom_headers/include/urdf_model/link.h
-- Up-to-date: /home/saitama1/Pictures/ros2-picas/ros2_foxy/install/urdfdom_headers/include/urdf_model_state
-- Up-to-date: /home/saitama1/Pictures/ros2-picas/ros2_foxy/install/urdfdom_headers/include/urdf_model_state/types.h
-- Up-to-date: /home/saitama1/Pictures/ros2-picas/ros2_foxy/install/urdfdom_headers/include/urdf_model_state/twist.h
-- Up-to-date: /home/saitama1/Pictures/ros2-picas/ros2_foxy/install/urdfdom_headers/include/urdf_model_state/model_state.h
-- Up-to-date: /home/saitama1/Pictures/ros2-picas/ros2_foxy/install/urdfdom_headers/include/urdf_world
-- Up-to-date: /home/saitama1/Pictures/ros2-picas/ros2_foxy/install/urdfdom_headers/include/urdf_world/world.h
-- Up-to-date: /home/saitama1/Pictures/ros2-picas/ros2_foxy/install/urdfdom_headers/include/urdf_world/types.h
-- Up-to-date: /home/saitama1/Pictures/ros2-picas/ros2_foxy/install/urdfdom_headers/include/urdf_exception
-- Up-to-date: /home/saitama1/Pictures/ros2-picas/ros2_foxy/install/urdfdom_headers/include/urdf_exception/exception.h
