[0.716s] Invoking command in '/home/saitama1/Pictures/ros2-picas/ros2_foxy/build/urdfdom_headers': /usr/bin/cmake /home/saitama1/Pictures/ros2-picas/ros2_foxy/src/ros/urdfdom_headers -DCMAKE_INSTALL_PREFIX=/home/saitama1/Pictures/ros2-picas/ros2_foxy/install/urdfdom_headers
[0.790s] -- The C compiler identification is GNU 9.3.0
[0.880s] -- The CXX compiler identification is GNU 9.3.0
[0.887s] -- Check for working C compiler: /usr/bin/cc
[0.991s] -- Check for working C compiler: /usr/bin/cc -- works
[0.991s] -- Detecting C compiler ABI info
[1.096s] -- Detecting C compiler ABI info - done
[1.110s] -- Detecting C compile features
[1.111s] -- Detecting C compile features - done
[1.115s] -- Check for working CXX compiler: /usr/bin/c++
[1.229s] -- Check for working CXX compiler: /usr/bin/c++ -- works
[1.230s] -- Detecting CXX compiler ABI info
[1.354s] -- Detecting CXX compiler ABI info - done
[1.359s] -- Detecting CXX compile features
[1.360s] -- Detecting CXX compile features - done
[1.365s] -- urdfdom_headers version 1.0.5
[1.376s] -- Configuration successful. Type make install to install urdfdom_headers.
[1.379s] -- Configuring done
[1.379s] -- Generating done
[1.380s] -- Build files have been written to: /home/saitama1/Pictures/ros2-picas/ros2_foxy/build/urdfdom_headers
[1.628s] Invoked command in '/home/saitama1/Pictures/ros2-picas/ros2_foxy/build/urdfdom_headers' returned '0': /usr/bin/cmake /home/saitama1/Pictures/ros2-picas/ros2_foxy/src/ros/urdfdom_headers -DCMAKE_INSTALL_PREFIX=/home/saitama1/Pictures/ros2-picas/ros2_foxy/install/urdfdom_headers
[1.631s] Invoking command in '/home/saitama1/Pictures/ros2-picas/ros2_foxy/build/urdfdom_headers': /usr/bin/cmake --build /home/saitama1/Pictures/ros2-picas/ros2_foxy/build/urdfdom_headers -- -j12 -l12
[1.903s] Invoked command in '/home/saitama1/Pictures/ros2-picas/ros2_foxy/build/urdfdom_headers' returned '0': /usr/bin/cmake --build /home/saitama1/Pictures/ros2-picas/ros2_foxy/build/urdfdom_headers -- -j12 -l12
[1.965s] Invoking command in '/home/saitama1/Pictures/ros2-picas/ros2_foxy/build/urdfdom_headers': /usr/bin/cmake --install /home/saitama1/Pictures/ros2-picas/ros2_foxy/build/urdfdom_headers
[1.977s] -- Install configuration: ""
[1.978s] -- Up-to-date: /home/saitama1/Pictures/ros2-picas/ros2_foxy/install/urdfdom_headers/lib/urdfdom_headers/cmake/urdfdom_headers-config.cmake
[1.978s] -- Up-to-date: /home/saitama1/Pictures/ros2-picas/ros2_foxy/install/urdfdom_headers/lib/urdfdom_headers/cmake/urdfdom_headers-config-version.cmake
[1.979s] -- Up-to-date: /home/saitama1/Pictures/ros2-picas/ros2_foxy/install/urdfdom_headers/lib/pkgconfig/urdfdom_headers.pc
[1.979s] -- Up-to-date: /home/saitama1/Pictures/ros2-picas/ros2_foxy/install/urdfdom_headers/lib/urdfdom_headers/cmake/urdfdom_headersExport.cmake
[1.979s] -- Up-to-date: /home/saitama1/Pictures/ros2-picas/ros2_foxy/install/urdfdom_headers/include/urdf_sensor
[1.979s] -- Up-to-date: /home/saitama1/Pictures/ros2-picas/ros2_foxy/install/urdfdom_headers/include/urdf_sensor/types.h
[1.980s] -- Up-to-date: /home/saitama1/Pictures/ros2-picas/ros2_foxy/install/urdfdom_headers/include/urdf_sensor/sensor.h
[1.980s] -- Up-to-date: /home/saitama1/Pictures/ros2-picas/ros2_foxy/install/urdfdom_headers/include/urdf_model
[1.980s] -- Up-to-date: /home/saitama1/Pictures/ros2-picas/ros2_foxy/install/urdfdom_headers/include/urdf_model/types.h
[1.980s] -- Up-to-date: /home/saitama1/Pictures/ros2-picas/ros2_foxy/install/urdfdom_headers/include/urdf_model/model.h
[1.980s] -- Up-to-date: /home/saitama1/Pictures/ros2-picas/ros2_foxy/install/urdfdom_headers/include/urdf_model/joint.h
[1.980s] -- Up-to-date: /home/saitama1/Pictures/ros2-picas/ros2_foxy/install/urdfdom_headers/include/urdf_model/utils.h
[1.981s] -- Up-to-date: /home/saitama1/Pictures/ros2-picas/ros2_foxy/install/urdfdom_headers/include/urdf_model/color.h
[1.981s] -- Up-to-date: /home/saitama1/Pictures/ros2-picas/ros2_foxy/install/urdfdom_headers/include/urdf_model/pose.h
[1.981s] -- Up-to-date: /home/saitama1/Pictures/ros2-picas/ros2_foxy/install/urdfdom_headers/include/urdf_model/twist.h
[1.981s] -- Up-to-date: /home/saitama1/Pictures/ros2-picas/ros2_foxy/install/urdfdom_headers/include/urdf_model/link.h
[1.981s] -- Up-to-date: /home/saitama1/Pictures/ros2-picas/ros2_foxy/install/urdfdom_headers/include/urdf_model_state
[1.981s] -- Up-to-date: /home/saitama1/Pictures/ros2-picas/ros2_foxy/install/urdfdom_headers/include/urdf_model_state/types.h
[1.982s] -- Up-to-date: /home/saitama1/Pictures/ros2-picas/ros2_foxy/install/urdfdom_headers/include/urdf_model_state/twist.h
[1.982s] -- Up-to-date: /home/saitama1/Pictures/ros2-picas/ros2_foxy/install/urdfdom_headers/include/urdf_model_state/model_state.h
[1.982s] -- Up-to-date: /home/saitama1/Pictures/ros2-picas/ros2_foxy/install/urdfdom_headers/include/urdf_world
[1.982s] -- Up-to-date: /home/saitama1/Pictures/ros2-picas/ros2_foxy/install/urdfdom_headers/include/urdf_world/world.h
[1.982s] -- Up-to-date: /home/saitama1/Pictures/ros2-picas/ros2_foxy/install/urdfdom_headers/include/urdf_world/types.h
[1.983s] -- Up-to-date: /home/saitama1/Pictures/ros2-picas/ros2_foxy/install/urdfdom_headers/include/urdf_exception
[1.983s] -- Up-to-date: /home/saitama1/Pictures/ros2-picas/ros2_foxy/install/urdfdom_headers/include/urdf_exception/exception.h
[2.043s] Invoked command in '/home/saitama1/Pictures/ros2-picas/ros2_foxy/build/urdfdom_headers' returned '0': /usr/bin/cmake --install /home/saitama1/Pictures/ros2-picas/ros2_foxy/build/urdfdom_headers
