-- The C compiler identification is GNU 9.3.0
-- The CXX compiler identification is GNU 9.3.0
-- Check for working C compiler: /usr/bin/cc
-- Check for working C compiler: /usr/bin/cc -- works
-- Detecting C compiler ABI info
-- Detecting C compiler ABI info - done
-- Detecting C compile features
-- Detecting C compile features - done
-- Check for working CXX compiler: /usr/bin/c++
-- Check for working CXX compiler: /usr/bin/c++ -- works
-- Detecting CXX compiler ABI info
-- Detecting CXX compiler ABI info - done
-- Detecting CXX compile features
-- Detecting CXX compile features - done
-- Found ament_cmake: 0.9.8 (/home/saitama1/ros2_foxy/install/ament_cmake/share/ament_cmake/cmake)
-- Found PythonInterp: /usr/bin/python3 (found suitable version "3.8.10", minimum required is "3") 
-- Using PYTHON_EXECUTABLE: /usr/bin/python3
-- Found rosidl_default_generators: 1.0.1 (/home/saitama1/ros2_foxy/install/rosidl_default_generators/share/rosidl_default_generators/cmake)
-- Using all available rosidl_typesupport_c: rosidl_typesupport_fastrtps_c;rosidl_typesupport_introspection_c
-- Found rosidl_adapter: 1.2.1 (/home/saitama1/ros2_foxy/install/rosidl_adapter/share/rosidl_adapter/cmake)
-- Found OpenSSL: /usr/lib/x86_64-linux-gnu/libcrypto.so (found version "1.1.1f")  
-- Found FastRTPS: /home/saitama1/ros2_foxy/install/fastrtps/include  
-- Using all available rosidl_typesupport_cpp: rosidl_typesupport_introspection_cpp;rosidl_typesupport_fastrtps_cpp
-- Found PythonInterp: /usr/bin/python3 (found version "3.8.10") 
-- Found ament_cmake_cppcheck: 0.9.6 (/home/saitama1/ros2_foxy/install/ament_cmake_cppcheck/share/ament_cmake_cppcheck/cmake)
-- Found ament_cmake_cpplint: 0.9.6 (/home/saitama1/ros2_foxy/install/ament_cmake_cpplint/share/ament_cmake_cpplint/cmake)
-- Found ament_cmake_uncrustify: 0.9.6 (/home/saitama1/ros2_foxy/install/ament_cmake_uncrustify/share/ament_cmake_uncrustify/cmake)
-- Found ament_cmake_ros: 0.9.2 (/home/saitama1/ros2_foxy/install/ament_cmake_ros/share/ament_cmake_ros/cmake)
-- Using all available rosidl_typesupport_c: rosidl_typesupport_fastrtps_c;rosidl_typesupport_introspection_c
-- Using all available rosidl_typesupport_cpp: rosidl_typesupport_introspection_cpp;rosidl_typesupport_fastrtps_cpp
-- Found PythonInterp: /usr/bin/python3 (found suitable version "3.8.10", minimum required is "3.5") 
-- Found python_cmake_module: 0.8.1 (/home/saitama1/ros2_foxy/install/python_cmake_module/share/python_cmake_module/cmake)
-- Found PythonLibs: /usr/lib/x86_64-linux-gnu/libpython3.8.so (found suitable version "3.8.10", minimum required is "3.5") 
-- Using PYTHON_EXECUTABLE: /usr/bin/python3
-- Using PYTHON_INCLUDE_DIRS: /usr/include/python3.8
-- Using PYTHON_LIBRARIES: /usr/lib/x86_64-linux-gnu/libpython3.8.so
-- Found PythonExtra: .so  
-- Found ament_cmake_flake8: 0.9.6 (/home/saitama1/ros2_foxy/install/ament_cmake_flake8/share/ament_cmake_flake8/cmake)
-- Found ament_cmake_pep257: 0.9.6 (/home/saitama1/ros2_foxy/install/ament_cmake_pep257/share/ament_cmake_pep257/cmake)
-- Found ament_lint_auto: 0.9.6 (/home/saitama1/ros2_foxy/install/ament_lint_auto/share/ament_lint_auto/cmake)
-- Added test 'copyright' to check source files copyright and LICENSE
-- Added test 'lint_cmake' to check CMake code style
-- Added test 'xmllint' to check XML markup files
-- Configuring done
-- Generating done
-- Build files have been written to: /home/saitama1/ros2_foxy/build/lifecycle_msgs
[35m[1mScanning dependencies of target lifecycle_msgs__cpp[0m
[  1%] [34m[1mGenerating C++ code for ROS interfaces[0m
[  1%] Built target lifecycle_msgs__cpp
[  2%] [34m[1mGenerating C code for ROS interfaces[0m
[35m[1mScanning dependencies of target lifecycle_msgs__rosidl_generator_c[0m
[  3%] [32mBuilding C object CMakeFiles/lifecycle_msgs__rosidl_generator_c.dir/rosidl_generator_c/lifecycle_msgs/msg/detail/state__functions.c.o[0m
[  4%] [32mBuilding C object CMakeFiles/lifecycle_msgs__rosidl_generator_c.dir/rosidl_generator_c/lifecycle_msgs/srv/detail/get_state__functions.c.o[0m
[  5%] [32mBuilding C object CMakeFiles/lifecycle_msgs__rosidl_generator_c.dir/rosidl_generator_c/lifecycle_msgs/srv/detail/get_available_transitions__functions.c.o[0m
[  6%] [32mBuilding C object CMakeFiles/lifecycle_msgs__rosidl_generator_c.dir/rosidl_generator_c/lifecycle_msgs/srv/detail/get_available_states__functions.c.o[0m
[  8%] [32mBuilding C object CMakeFiles/lifecycle_msgs__rosidl_generator_c.dir/rosidl_generator_c/lifecycle_msgs/srv/detail/change_state__functions.c.o[0m
[  9%] [32mBuilding C object CMakeFiles/lifecycle_msgs__rosidl_generator_c.dir/rosidl_generator_c/lifecycle_msgs/msg/detail/transition_event__functions.c.o[0m
[ 10%] [32mBuilding C object CMakeFiles/lifecycle_msgs__rosidl_generator_c.dir/rosidl_generator_c/lifecycle_msgs/msg/detail/transition_description__functions.c.o[0m
[ 11%] [32mBuilding C object CMakeFiles/lifecycle_msgs__rosidl_generator_c.dir/rosidl_generator_c/lifecycle_msgs/msg/detail/transition__functions.c.o[0m
[ 12%] [32m[1mLinking C shared library liblifecycle_msgs__rosidl_generator_c.so[0m
[ 12%] Built target lifecycle_msgs__rosidl_generator_c
[ 13%] [34m[1mGenerating C++ introspection for ROS interfaces[0m
[35m[1mScanning dependencies of target lifecycle_msgs__rosidl_typesupport_introspection_cpp[0m
[ 14%] [32mBuilding CXX object CMakeFiles/lifecycle_msgs__rosidl_typesupport_introspection_cpp.dir/rosidl_typesupport_introspection_cpp/lifecycle_msgs/msg/detail/state__type_support.cpp.o[0m
[ 16%] [32mBuilding CXX object CMakeFiles/lifecycle_msgs__rosidl_typesupport_introspection_cpp.dir/rosidl_typesupport_introspection_cpp/lifecycle_msgs/srv/detail/get_state__type_support.cpp.o[0m
[ 17%] [32mBuilding CXX object CMakeFiles/lifecycle_msgs__rosidl_typesupport_introspection_cpp.dir/rosidl_typesupport_introspection_cpp/lifecycle_msgs/srv/detail/get_available_transitions__type_support.cpp.o[0m
[ 18%] [32mBuilding CXX object CMakeFiles/lifecycle_msgs__rosidl_typesupport_introspection_cpp.dir/rosidl_typesupport_introspection_cpp/lifecycle_msgs/srv/detail/get_available_states__type_support.cpp.o[0m
[ 19%] [32mBuilding CXX object CMakeFiles/lifecycle_msgs__rosidl_typesupport_introspection_cpp.dir/rosidl_typesupport_introspection_cpp/lifecycle_msgs/srv/detail/change_state__type_support.cpp.o[0m
[ 20%] [32mBuilding CXX object CMakeFiles/lifecycle_msgs__rosidl_typesupport_introspection_cpp.dir/rosidl_typesupport_introspection_cpp/lifecycle_msgs/msg/detail/transition_event__type_support.cpp.o[0m
[ 21%] [32mBuilding CXX object CMakeFiles/lifecycle_msgs__rosidl_typesupport_introspection_cpp.dir/rosidl_typesupport_introspection_cpp/lifecycle_msgs/msg/detail/transition_description__type_support.cpp.o[0m
[ 22%] [32mBuilding CXX object CMakeFiles/lifecycle_msgs__rosidl_typesupport_introspection_cpp.dir/rosidl_typesupport_introspection_cpp/lifecycle_msgs/msg/detail/transition__type_support.cpp.o[0m
[ 24%] [32m[1mLinking CXX shared library liblifecycle_msgs__rosidl_typesupport_introspection_cpp.so[0m
[ 24%] Built target lifecycle_msgs__rosidl_typesupport_introspection_cpp
[ 25%] [34m[1mGenerating C introspection for ROS interfaces[0m
[35m[1mScanning dependencies of target lifecycle_msgs__rosidl_typesupport_introspection_c[0m
[ 26%] [32mBuilding C object CMakeFiles/lifecycle_msgs__rosidl_typesupport_introspection_c.dir/rosidl_typesupport_introspection_c/lifecycle_msgs/msg/detail/state__type_support.c.o[0m
[ 27%] [32mBuilding C object CMakeFiles/lifecycle_msgs__rosidl_typesupport_introspection_c.dir/rosidl_typesupport_introspection_c/lifecycle_msgs/srv/detail/get_state__type_support.c.o[0m
[ 28%] [32mBuilding C object CMakeFiles/lifecycle_msgs__rosidl_typesupport_introspection_c.dir/rosidl_typesupport_introspection_c/lifecycle_msgs/srv/detail/get_available_transitions__type_support.c.o[0m
[ 29%] [32mBuilding C object CMakeFiles/lifecycle_msgs__rosidl_typesupport_introspection_c.dir/rosidl_typesupport_introspection_c/lifecycle_msgs/srv/detail/get_available_states__type_support.c.o[0m
[ 31%] [32mBuilding C object CMakeFiles/lifecycle_msgs__rosidl_typesupport_introspection_c.dir/rosidl_typesupport_introspection_c/lifecycle_msgs/srv/detail/change_state__type_support.c.o[0m
[ 32%] [32mBuilding C object CMakeFiles/lifecycle_msgs__rosidl_typesupport_introspection_c.dir/rosidl_typesupport_introspection_c/lifecycle_msgs/msg/detail/transition_event__type_support.c.o[0m
[ 33%] [32mBuilding C object CMakeFiles/lifecycle_msgs__rosidl_typesupport_introspection_c.dir/rosidl_typesupport_introspection_c/lifecycle_msgs/msg/detail/transition_description__type_support.c.o[0m
[ 34%] [32mBuilding C object CMakeFiles/lifecycle_msgs__rosidl_typesupport_introspection_c.dir/rosidl_typesupport_introspection_c/lifecycle_msgs/msg/detail/transition__type_support.c.o[0m
[ 35%] [32m[1mLinking C shared library liblifecycle_msgs__rosidl_typesupport_introspection_c.so[0m
[ 35%] Built target lifecycle_msgs__rosidl_typesupport_introspection_c
[ 36%] [34m[1mGenerating C type support dispatch for ROS interfaces[0m
[35m[1mScanning dependencies of target lifecycle_msgs__rosidl_typesupport_c[0m
[ 37%] [32mBuilding CXX object CMakeFiles/lifecycle_msgs__rosidl_typesupport_c.dir/rosidl_typesupport_c/lifecycle_msgs/msg/state__type_support.cpp.o[0m
[ 39%] [32mBuilding CXX object CMakeFiles/lifecycle_msgs__rosidl_typesupport_c.dir/rosidl_typesupport_c/lifecycle_msgs/srv/get_state__type_support.cpp.o[0m
[ 40%] [32mBuilding CXX object CMakeFiles/lifecycle_msgs__rosidl_typesupport_c.dir/rosidl_typesupport_c/lifecycle_msgs/srv/get_available_transitions__type_support.cpp.o[0m
[ 41%] [32mBuilding CXX object CMakeFiles/lifecycle_msgs__rosidl_typesupport_c.dir/rosidl_typesupport_c/lifecycle_msgs/srv/get_available_states__type_support.cpp.o[0m
[ 42%] [32mBuilding CXX object CMakeFiles/lifecycle_msgs__rosidl_typesupport_c.dir/rosidl_typesupport_c/lifecycle_msgs/srv/change_state__type_support.cpp.o[0m
[ 43%] [32mBuilding CXX object CMakeFiles/lifecycle_msgs__rosidl_typesupport_c.dir/rosidl_typesupport_c/lifecycle_msgs/msg/transition_event__type_support.cpp.o[0m
[ 44%] [32mBuilding CXX object CMakeFiles/lifecycle_msgs__rosidl_typesupport_c.dir/rosidl_typesupport_c/lifecycle_msgs/msg/transition_description__type_support.cpp.o[0m
[ 45%] [32mBuilding CXX object CMakeFiles/lifecycle_msgs__rosidl_typesupport_c.dir/rosidl_typesupport_c/lifecycle_msgs/msg/transition__type_support.cpp.o[0m
[ 47%] [32m[1mLinking CXX shared library liblifecycle_msgs__rosidl_typesupport_c.so[0m
[ 47%] Built target lifecycle_msgs__rosidl_typesupport_c
[ 48%] [34m[1mGenerating C++ type support dispatch for ROS interfaces[0m
[35m[1mScanning dependencies of target lifecycle_msgs__rosidl_typesupport_cpp[0m
[ 49%] [32mBuilding CXX object CMakeFiles/lifecycle_msgs__rosidl_typesupport_cpp.dir/rosidl_typesupport_cpp/lifecycle_msgs/msg/state__type_support.cpp.o[0m
[ 50%] [32mBuilding CXX object CMakeFiles/lifecycle_msgs__rosidl_typesupport_cpp.dir/rosidl_typesupport_cpp/lifecycle_msgs/srv/get_state__type_support.cpp.o[0m
[ 51%] [32mBuilding CXX object CMakeFiles/lifecycle_msgs__rosidl_typesupport_cpp.dir/rosidl_typesupport_cpp/lifecycle_msgs/srv/get_available_transitions__type_support.cpp.o[0m
[ 52%] [32mBuilding CXX object CMakeFiles/lifecycle_msgs__rosidl_typesupport_cpp.dir/rosidl_typesupport_cpp/lifecycle_msgs/srv/get_available_states__type_support.cpp.o[0m
[ 54%] [32mBuilding CXX object CMakeFiles/lifecycle_msgs__rosidl_typesupport_cpp.dir/rosidl_typesupport_cpp/lifecycle_msgs/srv/change_state__type_support.cpp.o[0m
[ 55%] [32mBuilding CXX object CMakeFiles/lifecycle_msgs__rosidl_typesupport_cpp.dir/rosidl_typesupport_cpp/lifecycle_msgs/msg/transition_event__type_support.cpp.o[0m
[ 56%] [32mBuilding CXX object CMakeFiles/lifecycle_msgs__rosidl_typesupport_cpp.dir/rosidl_typesupport_cpp/lifecycle_msgs/msg/transition_description__type_support.cpp.o[0m
[ 57%] [32mBuilding CXX object CMakeFiles/lifecycle_msgs__rosidl_typesupport_cpp.dir/rosidl_typesupport_cpp/lifecycle_msgs/msg/transition__type_support.cpp.o[0m
[ 58%] [32m[1mLinking CXX shared library liblifecycle_msgs__rosidl_typesupport_cpp.so[0m
[ 58%] Built target lifecycle_msgs__rosidl_typesupport_cpp
[ 59%] [34m[1mGenerating C++ type support for eProsima Fast-RTPS[0m
[35m[1mScanning dependencies of target lifecycle_msgs__rosidl_typesupport_fastrtps_cpp[0m
[ 60%] [32mBuilding CXX object CMakeFiles/lifecycle_msgs__rosidl_typesupport_fastrtps_cpp.dir/rosidl_typesupport_fastrtps_cpp/lifecycle_msgs/msg/detail/dds_fastrtps/state__type_support.cpp.o[0m
[ 62%] [32mBuilding CXX object CMakeFiles/lifecycle_msgs__rosidl_typesupport_fastrtps_cpp.dir/rosidl_typesupport_fastrtps_cpp/lifecycle_msgs/srv/detail/dds_fastrtps/get_state__type_support.cpp.o[0m
[ 63%] [32mBuilding CXX object CMakeFiles/lifecycle_msgs__rosidl_typesupport_fastrtps_cpp.dir/rosidl_typesupport_fastrtps_cpp/lifecycle_msgs/srv/detail/dds_fastrtps/get_available_transitions__type_support.cpp.o[0m
[ 64%] [32mBuilding CXX object CMakeFiles/lifecycle_msgs__rosidl_typesupport_fastrtps_cpp.dir/rosidl_typesupport_fastrtps_cpp/lifecycle_msgs/srv/detail/dds_fastrtps/get_available_states__type_support.cpp.o[0m
[ 65%] [32mBuilding CXX object CMakeFiles/lifecycle_msgs__rosidl_typesupport_fastrtps_cpp.dir/rosidl_typesupport_fastrtps_cpp/lifecycle_msgs/srv/detail/dds_fastrtps/change_state__type_support.cpp.o[0m
[ 66%] [32mBuilding CXX object CMakeFiles/lifecycle_msgs__rosidl_typesupport_fastrtps_cpp.dir/rosidl_typesupport_fastrtps_cpp/lifecycle_msgs/msg/detail/dds_fastrtps/transition_event__type_support.cpp.o[0m
[ 67%] [32mBuilding CXX object CMakeFiles/lifecycle_msgs__rosidl_typesupport_fastrtps_cpp.dir/rosidl_typesupport_fastrtps_cpp/lifecycle_msgs/msg/detail/dds_fastrtps/transition_description__type_support.cpp.o[0m
[ 68%] [32mBuilding CXX object CMakeFiles/lifecycle_msgs__rosidl_typesupport_fastrtps_cpp.dir/rosidl_typesupport_fastrtps_cpp/lifecycle_msgs/msg/detail/dds_fastrtps/transition__type_support.cpp.o[0m
[ 70%] [32m[1mLinking CXX shared library liblifecycle_msgs__rosidl_typesupport_fastrtps_cpp.so[0m
[ 70%] Built target lifecycle_msgs__rosidl_typesupport_fastrtps_cpp
[ 71%] [34m[1mGenerating C type support for eProsima Fast-RTPS[0m
[35m[1mScanning dependencies of target lifecycle_msgs__rosidl_typesupport_fastrtps_c[0m
[ 72%] [32mBuilding CXX object CMakeFiles/lifecycle_msgs__rosidl_typesupport_fastrtps_c.dir/rosidl_typesupport_fastrtps_c/lifecycle_msgs/msg/detail/state__type_support_c.cpp.o[0m
[ 73%] [32mBuilding CXX object CMakeFiles/lifecycle_msgs__rosidl_typesupport_fastrtps_c.dir/rosidl_typesupport_fastrtps_c/lifecycle_msgs/srv/detail/get_state__type_support_c.cpp.o[0m
[ 74%] [32mBuilding CXX object CMakeFiles/lifecycle_msgs__rosidl_typesupport_fastrtps_c.dir/rosidl_typesupport_fastrtps_c/lifecycle_msgs/srv/detail/get_available_transitions__type_support_c.cpp.o[0m
[ 75%] [32mBuilding CXX object CMakeFiles/lifecycle_msgs__rosidl_typesupport_fastrtps_c.dir/rosidl_typesupport_fastrtps_c/lifecycle_msgs/srv/detail/get_available_states__type_support_c.cpp.o[0m
[ 77%] [32mBuilding CXX object CMakeFiles/lifecycle_msgs__rosidl_typesupport_fastrtps_c.dir/rosidl_typesupport_fastrtps_c/lifecycle_msgs/srv/detail/change_state__type_support_c.cpp.o[0m
[ 78%] [32mBuilding CXX object CMakeFiles/lifecycle_msgs__rosidl_typesupport_fastrtps_c.dir/rosidl_typesupport_fastrtps_c/lifecycle_msgs/msg/detail/transition_event__type_support_c.cpp.o[0m
[ 79%] [32mBuilding CXX object CMakeFiles/lifecycle_msgs__rosidl_typesupport_fastrtps_c.dir/rosidl_typesupport_fastrtps_c/lifecycle_msgs/msg/detail/transition_description__type_support_c.cpp.o[0m
[ 80%] [32mBuilding CXX object CMakeFiles/lifecycle_msgs__rosidl_typesupport_fastrtps_c.dir/rosidl_typesupport_fastrtps_c/lifecycle_msgs/msg/detail/transition__type_support_c.cpp.o[0m
[ 81%] [32m[1mLinking CXX shared library liblifecycle_msgs__rosidl_typesupport_fastrtps_c.so[0m
[ 81%] Built target lifecycle_msgs__rosidl_typesupport_fastrtps_c
[35m[1mScanning dependencies of target lifecycle_msgs[0m
[ 81%] Built target lifecycle_msgs
[35m[1mScanning dependencies of target lifecycle_msgs__py[0m
[ 82%] [34m[1mGenerating Python code for ROS interfaces[0m
[ 82%] Built target lifecycle_msgs__py
[35m[1mScanning dependencies of target lifecycle_msgs__python[0m
[ 83%] [32mBuilding C object CMakeFiles/lifecycle_msgs__python.dir/rosidl_generator_py/lifecycle_msgs/msg/_state_s.c.o[0m
[ 85%] [32mBuilding C object CMakeFiles/lifecycle_msgs__python.dir/rosidl_generator_py/lifecycle_msgs/srv/_get_state_s.c.o[0m
[ 86%] [32mBuilding C object CMakeFiles/lifecycle_msgs__python.dir/rosidl_generator_py/lifecycle_msgs/srv/_get_available_transitions_s.c.o[0m
[ 87%] [32mBuilding C object CMakeFiles/lifecycle_msgs__python.dir/rosidl_generator_py/lifecycle_msgs/srv/_get_available_states_s.c.o[0m
[ 88%] [32mBuilding C object CMakeFiles/lifecycle_msgs__python.dir/rosidl_generator_py/lifecycle_msgs/srv/_change_state_s.c.o[0m
[ 89%] [32mBuilding C object CMakeFiles/lifecycle_msgs__python.dir/rosidl_generator_py/lifecycle_msgs/msg/_transition_event_s.c.o[0m
[ 90%] [32mBuilding C object CMakeFiles/lifecycle_msgs__python.dir/rosidl_generator_py/lifecycle_msgs/msg/_transition_description_s.c.o[0m
[ 91%] [32mBuilding C object CMakeFiles/lifecycle_msgs__python.dir/rosidl_generator_py/lifecycle_msgs/msg/_transition_s.c.o[0m
[ 93%] [32m[1mLinking C shared library rosidl_generator_py/lifecycle_msgs/liblifecycle_msgs__python.so[0m
[ 93%] Built target lifecycle_msgs__python
[35m[1mScanning dependencies of target lifecycle_msgs__rosidl_typesupport_fastrtps_c__pyext[0m
[ 94%] [32mBuilding C object CMakeFiles/lifecycle_msgs__rosidl_typesupport_fastrtps_c__pyext.dir/rosidl_generator_py/lifecycle_msgs/_lifecycle_msgs_s.ep.rosidl_typesupport_fastrtps_c.c.o[0m
[ 95%] [32m[1mLinking CXX shared library rosidl_generator_py/lifecycle_msgs/lifecycle_msgs_s__rosidl_typesupport_fastrtps_c.cpython-38-x86_64-linux-gnu.so[0m
[ 95%] Built target lifecycle_msgs__rosidl_typesupport_fastrtps_c__pyext
[35m[1mScanning dependencies of target lifecycle_msgs__rosidl_typesupport_introspection_c__pyext[0m
[ 96%] [32mBuilding C object CMakeFiles/lifecycle_msgs__rosidl_typesupport_introspection_c__pyext.dir/rosidl_generator_py/lifecycle_msgs/_lifecycle_msgs_s.ep.rosidl_typesupport_introspection_c.c.o[0m
[ 97%] [32m[1mLinking C shared library rosidl_generator_py/lifecycle_msgs/lifecycle_msgs_s__rosidl_typesupport_introspection_c.cpython-38-x86_64-linux-gnu.so[0m
[ 97%] Built target lifecycle_msgs__rosidl_typesupport_introspection_c__pyext
[35m[1mScanning dependencies of target lifecycle_msgs__rosidl_typesupport_c__pyext[0m
[ 98%] [32mBuilding C object CMakeFiles/lifecycle_msgs__rosidl_typesupport_c__pyext.dir/rosidl_generator_py/lifecycle_msgs/_lifecycle_msgs_s.ep.rosidl_typesupport_c.c.o[0m
[100%] [32m[1mLinking C shared library rosidl_generator_py/lifecycle_msgs/lifecycle_msgs_s__rosidl_typesupport_c.cpython-38-x86_64-linux-gnu.so[0m
[100%] Built target lifecycle_msgs__rosidl_typesupport_c__pyext
-- Install configuration: ""
-- Installing: /home/saitama1/ros2_foxy/install/lifecycle_msgs/share/ament_index/resource_index/rosidl_interfaces/lifecycle_msgs
-- Installing: /home/saitama1/ros2_foxy/install/lifecycle_msgs/include/lifecycle_msgs
-- Installing: /home/saitama1/ros2_foxy/install/lifecycle_msgs/include/lifecycle_msgs/srv
-- Installing: /home/saitama1/ros2_foxy/install/lifecycle_msgs/include/lifecycle_msgs/srv/get_available_states.h
-- Installing: /home/saitama1/ros2_foxy/install/lifecycle_msgs/include/lifecycle_msgs/srv/change_state.h
-- Installing: /home/saitama1/ros2_foxy/install/lifecycle_msgs/include/lifecycle_msgs/srv/get_available_transitions.h
-- Installing: /home/saitama1/ros2_foxy/install/lifecycle_msgs/include/lifecycle_msgs/srv/get_state.h
-- Installing: /home/saitama1/ros2_foxy/install/lifecycle_msgs/include/lifecycle_msgs/srv/detail
-- Installing: /home/saitama1/ros2_foxy/install/lifecycle_msgs/include/lifecycle_msgs/srv/detail/change_state__struct.h
-- Installing: /home/saitama1/ros2_foxy/install/lifecycle_msgs/include/lifecycle_msgs/srv/detail/get_available_transitions__functions.h
-- Installing: /home/saitama1/ros2_foxy/install/lifecycle_msgs/include/lifecycle_msgs/srv/detail/get_available_states__functions.h
-- Installing: /home/saitama1/ros2_foxy/install/lifecycle_msgs/include/lifecycle_msgs/srv/detail/get_available_states__struct.h
-- Installing: /home/saitama1/ros2_foxy/install/lifecycle_msgs/include/lifecycle_msgs/srv/detail/get_available_transitions__struct.h
-- Installing: /home/saitama1/ros2_foxy/install/lifecycle_msgs/include/lifecycle_msgs/srv/detail/get_available_transitions__type_support.h
-- Installing: /home/saitama1/ros2_foxy/install/lifecycle_msgs/include/lifecycle_msgs/srv/detail/get_available_states__type_support.h
-- Installing: /home/saitama1/ros2_foxy/install/lifecycle_msgs/include/lifecycle_msgs/srv/detail/get_state__struct.h
-- Installing: /home/saitama1/ros2_foxy/install/lifecycle_msgs/include/lifecycle_msgs/srv/detail/change_state__functions.c
-- Installing: /home/saitama1/ros2_foxy/install/lifecycle_msgs/include/lifecycle_msgs/srv/detail/change_state__functions.h
-- Installing: /home/saitama1/ros2_foxy/install/lifecycle_msgs/include/lifecycle_msgs/srv/detail/get_available_states__functions.c
-- Installing: /home/saitama1/ros2_foxy/install/lifecycle_msgs/include/lifecycle_msgs/srv/detail/get_state__type_support.h
-- Installing: /home/saitama1/ros2_foxy/install/lifecycle_msgs/include/lifecycle_msgs/srv/detail/get_state__functions.h
-- Installing: /home/saitama1/ros2_foxy/install/lifecycle_msgs/include/lifecycle_msgs/srv/detail/get_state__functions.c
-- Installing: /home/saitama1/ros2_foxy/install/lifecycle_msgs/include/lifecycle_msgs/srv/detail/get_available_transitions__functions.c
-- Installing: /home/saitama1/ros2_foxy/install/lifecycle_msgs/include/lifecycle_msgs/srv/detail/change_state__type_support.h
-- Installing: /home/saitama1/ros2_foxy/install/lifecycle_msgs/include/lifecycle_msgs/msg
-- Installing: /home/saitama1/ros2_foxy/install/lifecycle_msgs/include/lifecycle_msgs/msg/transition_description.h
-- Installing: /home/saitama1/ros2_foxy/install/lifecycle_msgs/include/lifecycle_msgs/msg/rosidl_generator_c__visibility_control.h
-- Installing: /home/saitama1/ros2_foxy/install/lifecycle_msgs/include/lifecycle_msgs/msg/transition_event.h
-- Installing: /home/saitama1/ros2_foxy/install/lifecycle_msgs/include/lifecycle_msgs/msg/transition.h
-- Installing: /home/saitama1/ros2_foxy/install/lifecycle_msgs/include/lifecycle_msgs/msg/state.h
-- Installing: /home/saitama1/ros2_foxy/install/lifecycle_msgs/include/lifecycle_msgs/msg/detail
-- Installing: /home/saitama1/ros2_foxy/install/lifecycle_msgs/include/lifecycle_msgs/msg/detail/transition_event__struct.h
-- Installing: /home/saitama1/ros2_foxy/install/lifecycle_msgs/include/lifecycle_msgs/msg/detail/transition__functions.c
-- Installing: /home/saitama1/ros2_foxy/install/lifecycle_msgs/include/lifecycle_msgs/msg/detail/state__struct.h
-- Installing: /home/saitama1/ros2_foxy/install/lifecycle_msgs/include/lifecycle_msgs/msg/detail/state__functions.h
-- Installing: /home/saitama1/ros2_foxy/install/lifecycle_msgs/include/lifecycle_msgs/msg/detail/transition__type_support.h
-- Installing: /home/saitama1/ros2_foxy/install/lifecycle_msgs/include/lifecycle_msgs/msg/detail/transition_description__struct.h
-- Installing: /home/saitama1/ros2_foxy/install/lifecycle_msgs/include/lifecycle_msgs/msg/detail/transition_description__functions.c
-- Installing: /home/saitama1/ros2_foxy/install/lifecycle_msgs/include/lifecycle_msgs/msg/detail/state__type_support.h
-- Installing: /home/saitama1/ros2_foxy/install/lifecycle_msgs/include/lifecycle_msgs/msg/detail/transition_description__type_support.h
-- Installing: /home/saitama1/ros2_foxy/install/lifecycle_msgs/include/lifecycle_msgs/msg/detail/transition__struct.h
-- Installing: /home/saitama1/ros2_foxy/install/lifecycle_msgs/include/lifecycle_msgs/msg/detail/transition_description__functions.h
-- Installing: /home/saitama1/ros2_foxy/install/lifecycle_msgs/include/lifecycle_msgs/msg/detail/transition_event__functions.c
-- Installing: /home/saitama1/ros2_foxy/install/lifecycle_msgs/include/lifecycle_msgs/msg/detail/transition__functions.h
-- Installing: /home/saitama1/ros2_foxy/install/lifecycle_msgs/include/lifecycle_msgs/msg/detail/state__functions.c
-- Installing: /home/saitama1/ros2_foxy/install/lifecycle_msgs/include/lifecycle_msgs/msg/detail/transition_event__functions.h
-- Installing: /home/saitama1/ros2_foxy/install/lifecycle_msgs/include/lifecycle_msgs/msg/detail/transition_event__type_support.h
-- Installing: /home/saitama1/ros2_foxy/install/lifecycle_msgs/share/lifecycle_msgs/environment/library_path.sh
-- Installing: /home/saitama1/ros2_foxy/install/lifecycle_msgs/share/lifecycle_msgs/environment/library_path.dsv
-- Installing: /home/saitama1/ros2_foxy/install/lifecycle_msgs/lib/liblifecycle_msgs__rosidl_generator_c.so
-- Set runtime path of "/home/saitama1/ros2_foxy/install/lifecycle_msgs/lib/liblifecycle_msgs__rosidl_generator_c.so" to ""
-- Up-to-date: /home/saitama1/ros2_foxy/install/lifecycle_msgs/include/lifecycle_msgs
-- Up-to-date: /home/saitama1/ros2_foxy/install/lifecycle_msgs/include/lifecycle_msgs/srv
-- Up-to-date: /home/saitama1/ros2_foxy/install/lifecycle_msgs/include/lifecycle_msgs/srv/detail
-- Installing: /home/saitama1/ros2_foxy/install/lifecycle_msgs/include/lifecycle_msgs/srv/detail/change_state__rosidl_typesupport_fastrtps_c.h
-- Installing: /home/saitama1/ros2_foxy/install/lifecycle_msgs/include/lifecycle_msgs/srv/detail/get_available_transitions__rosidl_typesupport_fastrtps_c.h
-- Installing: /home/saitama1/ros2_foxy/install/lifecycle_msgs/include/lifecycle_msgs/srv/detail/get_state__rosidl_typesupport_fastrtps_c.h
-- Installing: /home/saitama1/ros2_foxy/install/lifecycle_msgs/include/lifecycle_msgs/srv/detail/get_available_states__rosidl_typesupport_fastrtps_c.h
-- Up-to-date: /home/saitama1/ros2_foxy/install/lifecycle_msgs/include/lifecycle_msgs/msg
-- Installing: /home/saitama1/ros2_foxy/install/lifecycle_msgs/include/lifecycle_msgs/msg/rosidl_typesupport_fastrtps_c__visibility_control.h
-- Up-to-date: /home/saitama1/ros2_foxy/install/lifecycle_msgs/include/lifecycle_msgs/msg/detail
-- Installing: /home/saitama1/ros2_foxy/install/lifecycle_msgs/include/lifecycle_msgs/msg/detail/state__rosidl_typesupport_fastrtps_c.h
-- Installing: /home/saitama1/ros2_foxy/install/lifecycle_msgs/include/lifecycle_msgs/msg/detail/transition__rosidl_typesupport_fastrtps_c.h
-- Installing: /home/saitama1/ros2_foxy/install/lifecycle_msgs/include/lifecycle_msgs/msg/detail/transition_event__rosidl_typesupport_fastrtps_c.h
-- Installing: /home/saitama1/ros2_foxy/install/lifecycle_msgs/include/lifecycle_msgs/msg/detail/transition_description__rosidl_typesupport_fastrtps_c.h
-- Installing: /home/saitama1/ros2_foxy/install/lifecycle_msgs/lib/liblifecycle_msgs__rosidl_typesupport_fastrtps_c.so
-- Set runtime path of "/home/saitama1/ros2_foxy/install/lifecycle_msgs/lib/liblifecycle_msgs__rosidl_typesupport_fastrtps_c.so" to ""
-- Up-to-date: /home/saitama1/ros2_foxy/install/lifecycle_msgs/include/lifecycle_msgs
-- Up-to-date: /home/saitama1/ros2_foxy/install/lifecycle_msgs/include/lifecycle_msgs/srv
-- Up-to-date: /home/saitama1/ros2_foxy/install/lifecycle_msgs/include/lifecycle_msgs/srv/detail
-- Installing: /home/saitama1/ros2_foxy/install/lifecycle_msgs/include/lifecycle_msgs/srv/detail/change_state__rosidl_typesupport_fastrtps_cpp.hpp
-- Installing: /home/saitama1/ros2_foxy/install/lifecycle_msgs/include/lifecycle_msgs/srv/detail/dds_fastrtps
-- Installing: /home/saitama1/ros2_foxy/install/lifecycle_msgs/include/lifecycle_msgs/srv/detail/get_state__rosidl_typesupport_fastrtps_cpp.hpp
-- Installing: /home/saitama1/ros2_foxy/install/lifecycle_msgs/include/lifecycle_msgs/srv/detail/get_available_states__rosidl_typesupport_fastrtps_cpp.hpp
-- Installing: /home/saitama1/ros2_foxy/install/lifecycle_msgs/include/lifecycle_msgs/srv/detail/get_available_transitions__rosidl_typesupport_fastrtps_cpp.hpp
-- Up-to-date: /home/saitama1/ros2_foxy/install/lifecycle_msgs/include/lifecycle_msgs/msg
-- Installing: /home/saitama1/ros2_foxy/install/lifecycle_msgs/include/lifecycle_msgs/msg/rosidl_typesupport_fastrtps_cpp__visibility_control.h
-- Up-to-date: /home/saitama1/ros2_foxy/install/lifecycle_msgs/include/lifecycle_msgs/msg/detail
-- Installing: /home/saitama1/ros2_foxy/install/lifecycle_msgs/include/lifecycle_msgs/msg/detail/dds_fastrtps
-- Installing: /home/saitama1/ros2_foxy/install/lifecycle_msgs/include/lifecycle_msgs/msg/detail/transition_description__rosidl_typesupport_fastrtps_cpp.hpp
-- Installing: /home/saitama1/ros2_foxy/install/lifecycle_msgs/include/lifecycle_msgs/msg/detail/transition_event__rosidl_typesupport_fastrtps_cpp.hpp
-- Installing: /home/saitama1/ros2_foxy/install/lifecycle_msgs/include/lifecycle_msgs/msg/detail/state__rosidl_typesupport_fastrtps_cpp.hpp
-- Installing: /home/saitama1/ros2_foxy/install/lifecycle_msgs/include/lifecycle_msgs/msg/detail/transition__rosidl_typesupport_fastrtps_cpp.hpp
-- Installing: /home/saitama1/ros2_foxy/install/lifecycle_msgs/lib/liblifecycle_msgs__rosidl_typesupport_fastrtps_cpp.so
-- Set runtime path of "/home/saitama1/ros2_foxy/install/lifecycle_msgs/lib/liblifecycle_msgs__rosidl_typesupport_fastrtps_cpp.so" to ""
-- Up-to-date: /home/saitama1/ros2_foxy/install/lifecycle_msgs/include/lifecycle_msgs
-- Up-to-date: /home/saitama1/ros2_foxy/install/lifecycle_msgs/include/lifecycle_msgs/srv
-- Up-to-date: /home/saitama1/ros2_foxy/install/lifecycle_msgs/include/lifecycle_msgs/srv/detail
-- Installing: /home/saitama1/ros2_foxy/install/lifecycle_msgs/include/lifecycle_msgs/srv/detail/get_available_states__rosidl_typesupport_introspection_c.h
-- Installing: /home/saitama1/ros2_foxy/install/lifecycle_msgs/include/lifecycle_msgs/srv/detail/change_state__rosidl_typesupport_introspection_c.h
-- Installing: /home/saitama1/ros2_foxy/install/lifecycle_msgs/include/lifecycle_msgs/srv/detail/get_available_transitions__rosidl_typesupport_introspection_c.h
-- Installing: /home/saitama1/ros2_foxy/install/lifecycle_msgs/include/lifecycle_msgs/srv/detail/change_state__type_support.c
-- Installing: /home/saitama1/ros2_foxy/install/lifecycle_msgs/include/lifecycle_msgs/srv/detail/get_available_states__type_support.c
-- Installing: /home/saitama1/ros2_foxy/install/lifecycle_msgs/include/lifecycle_msgs/srv/detail/get_state__type_support.c
-- Installing: /home/saitama1/ros2_foxy/install/lifecycle_msgs/include/lifecycle_msgs/srv/detail/get_state__rosidl_typesupport_introspection_c.h
-- Installing: /home/saitama1/ros2_foxy/install/lifecycle_msgs/include/lifecycle_msgs/srv/detail/get_available_transitions__type_support.c
-- Up-to-date: /home/saitama1/ros2_foxy/install/lifecycle_msgs/include/lifecycle_msgs/msg
-- Installing: /home/saitama1/ros2_foxy/install/lifecycle_msgs/include/lifecycle_msgs/msg/rosidl_typesupport_introspection_c__visibility_control.h
-- Up-to-date: /home/saitama1/ros2_foxy/install/lifecycle_msgs/include/lifecycle_msgs/msg/detail
-- Installing: /home/saitama1/ros2_foxy/install/lifecycle_msgs/include/lifecycle_msgs/msg/detail/transition_event__rosidl_typesupport_introspection_c.h
-- Installing: /home/saitama1/ros2_foxy/install/lifecycle_msgs/include/lifecycle_msgs/msg/detail/transition_description__type_support.c
-- Installing: /home/saitama1/ros2_foxy/install/lifecycle_msgs/include/lifecycle_msgs/msg/detail/transition__type_support.c
-- Installing: /home/saitama1/ros2_foxy/install/lifecycle_msgs/include/lifecycle_msgs/msg/detail/transition_event__type_support.c
-- Installing: /home/saitama1/ros2_foxy/install/lifecycle_msgs/include/lifecycle_msgs/msg/detail/state__rosidl_typesupport_introspection_c.h
-- Installing: /home/saitama1/ros2_foxy/install/lifecycle_msgs/include/lifecycle_msgs/msg/detail/state__type_support.c
-- Installing: /home/saitama1/ros2_foxy/install/lifecycle_msgs/include/lifecycle_msgs/msg/detail/transition__rosidl_typesupport_introspection_c.h
-- Installing: /home/saitama1/ros2_foxy/install/lifecycle_msgs/include/lifecycle_msgs/msg/detail/transition_description__rosidl_typesupport_introspection_c.h
-- Installing: /home/saitama1/ros2_foxy/install/lifecycle_msgs/lib/liblifecycle_msgs__rosidl_typesupport_introspection_c.so
-- Set runtime path of "/home/saitama1/ros2_foxy/install/lifecycle_msgs/lib/liblifecycle_msgs__rosidl_typesupport_introspection_c.so" to ""
-- Installing: /home/saitama1/ros2_foxy/install/lifecycle_msgs/lib/liblifecycle_msgs__rosidl_typesupport_c.so
-- Set runtime path of "/home/saitama1/ros2_foxy/install/lifecycle_msgs/lib/liblifecycle_msgs__rosidl_typesupport_c.so" to ""
-- Up-to-date: /home/saitama1/ros2_foxy/install/lifecycle_msgs/include/lifecycle_msgs
-- Up-to-date: /home/saitama1/ros2_foxy/install/lifecycle_msgs/include/lifecycle_msgs/srv
-- Installing: /home/saitama1/ros2_foxy/install/lifecycle_msgs/include/lifecycle_msgs/srv/get_state.hpp
-- Installing: /home/saitama1/ros2_foxy/install/lifecycle_msgs/include/lifecycle_msgs/srv/get_available_transitions.hpp
-- Installing: /home/saitama1/ros2_foxy/install/lifecycle_msgs/include/lifecycle_msgs/srv/get_available_states.hpp
-- Installing: /home/saitama1/ros2_foxy/install/lifecycle_msgs/include/lifecycle_msgs/srv/change_state.hpp
-- Up-to-date: /home/saitama1/ros2_foxy/install/lifecycle_msgs/include/lifecycle_msgs/srv/detail
-- Installing: /home/saitama1/ros2_foxy/install/lifecycle_msgs/include/lifecycle_msgs/srv/detail/get_available_transitions__traits.hpp
-- Installing: /home/saitama1/ros2_foxy/install/lifecycle_msgs/include/lifecycle_msgs/srv/detail/change_state__builder.hpp
-- Installing: /home/saitama1/ros2_foxy/install/lifecycle_msgs/include/lifecycle_msgs/srv/detail/get_state__builder.hpp
-- Installing: /home/saitama1/ros2_foxy/install/lifecycle_msgs/include/lifecycle_msgs/srv/detail/get_available_states__traits.hpp
-- Installing: /home/saitama1/ros2_foxy/install/lifecycle_msgs/include/lifecycle_msgs/srv/detail/change_state__struct.hpp
-- Installing: /home/saitama1/ros2_foxy/install/lifecycle_msgs/include/lifecycle_msgs/srv/detail/get_state__traits.hpp
-- Installing: /home/saitama1/ros2_foxy/install/lifecycle_msgs/include/lifecycle_msgs/srv/detail/get_available_transitions__builder.hpp
-- Installing: /home/saitama1/ros2_foxy/install/lifecycle_msgs/include/lifecycle_msgs/srv/detail/get_available_states__struct.hpp
-- Installing: /home/saitama1/ros2_foxy/install/lifecycle_msgs/include/lifecycle_msgs/srv/detail/get_state__struct.hpp
-- Installing: /home/saitama1/ros2_foxy/install/lifecycle_msgs/include/lifecycle_msgs/srv/detail/get_available_states__builder.hpp
-- Installing: /home/saitama1/ros2_foxy/install/lifecycle_msgs/include/lifecycle_msgs/srv/detail/change_state__traits.hpp
-- Installing: /home/saitama1/ros2_foxy/install/lifecycle_msgs/include/lifecycle_msgs/srv/detail/get_available_transitions__struct.hpp
-- Up-to-date: /home/saitama1/ros2_foxy/install/lifecycle_msgs/include/lifecycle_msgs/msg
-- Installing: /home/saitama1/ros2_foxy/install/lifecycle_msgs/include/lifecycle_msgs/msg/transition_event.hpp
-- Installing: /home/saitama1/ros2_foxy/install/lifecycle_msgs/include/lifecycle_msgs/msg/state.hpp
-- Installing: /home/saitama1/ros2_foxy/install/lifecycle_msgs/include/lifecycle_msgs/msg/transition_description.hpp
-- Installing: /home/saitama1/ros2_foxy/install/lifecycle_msgs/include/lifecycle_msgs/msg/transition.hpp
-- Up-to-date: /home/saitama1/ros2_foxy/install/lifecycle_msgs/include/lifecycle_msgs/msg/detail
-- Installing: /home/saitama1/ros2_foxy/install/lifecycle_msgs/include/lifecycle_msgs/msg/detail/transition_description__traits.hpp
-- Installing: /home/saitama1/ros2_foxy/install/lifecycle_msgs/include/lifecycle_msgs/msg/detail/transition_event__traits.hpp
-- Installing: /home/saitama1/ros2_foxy/install/lifecycle_msgs/include/lifecycle_msgs/msg/detail/state__builder.hpp
-- Installing: /home/saitama1/ros2_foxy/install/lifecycle_msgs/include/lifecycle_msgs/msg/detail/state__traits.hpp
-- Installing: /home/saitama1/ros2_foxy/install/lifecycle_msgs/include/lifecycle_msgs/msg/detail/transition__traits.hpp
-- Installing: /home/saitama1/ros2_foxy/install/lifecycle_msgs/include/lifecycle_msgs/msg/detail/transition_description__builder.hpp
-- Installing: /home/saitama1/ros2_foxy/install/lifecycle_msgs/include/lifecycle_msgs/msg/detail/state__struct.hpp
-- Installing: /home/saitama1/ros2_foxy/install/lifecycle_msgs/include/lifecycle_msgs/msg/detail/transition__builder.hpp
-- Installing: /home/saitama1/ros2_foxy/install/lifecycle_msgs/include/lifecycle_msgs/msg/detail/transition_event__struct.hpp
-- Installing: /home/saitama1/ros2_foxy/install/lifecycle_msgs/include/lifecycle_msgs/msg/detail/transition__struct.hpp
-- Installing: /home/saitama1/ros2_foxy/install/lifecycle_msgs/include/lifecycle_msgs/msg/detail/transition_event__builder.hpp
-- Installing: /home/saitama1/ros2_foxy/install/lifecycle_msgs/include/lifecycle_msgs/msg/detail/transition_description__struct.hpp
-- Up-to-date: /home/saitama1/ros2_foxy/install/lifecycle_msgs/include/lifecycle_msgs
-- Up-to-date: /home/saitama1/ros2_foxy/install/lifecycle_msgs/include/lifecycle_msgs/srv
-- Up-to-date: /home/saitama1/ros2_foxy/install/lifecycle_msgs/include/lifecycle_msgs/srv/detail
-- Installing: /home/saitama1/ros2_foxy/install/lifecycle_msgs/include/lifecycle_msgs/srv/detail/get_available_transitions__type_support.cpp
-- Installing: /home/saitama1/ros2_foxy/install/lifecycle_msgs/include/lifecycle_msgs/srv/detail/change_state__type_support.cpp
-- Installing: /home/saitama1/ros2_foxy/install/lifecycle_msgs/include/lifecycle_msgs/srv/detail/get_state__type_support.cpp
-- Installing: /home/saitama1/ros2_foxy/install/lifecycle_msgs/include/lifecycle_msgs/srv/detail/get_available_states__type_support.cpp
-- Installing: /home/saitama1/ros2_foxy/install/lifecycle_msgs/include/lifecycle_msgs/srv/detail/get_state__rosidl_typesupport_introspection_cpp.hpp
-- Installing: /home/saitama1/ros2_foxy/install/lifecycle_msgs/include/lifecycle_msgs/srv/detail/get_available_transitions__rosidl_typesupport_introspection_cpp.hpp
-- Installing: /home/saitama1/ros2_foxy/install/lifecycle_msgs/include/lifecycle_msgs/srv/detail/change_state__rosidl_typesupport_introspection_cpp.hpp
-- Installing: /home/saitama1/ros2_foxy/install/lifecycle_msgs/include/lifecycle_msgs/srv/detail/get_available_states__rosidl_typesupport_introspection_cpp.hpp
-- Up-to-date: /home/saitama1/ros2_foxy/install/lifecycle_msgs/include/lifecycle_msgs/msg
-- Up-to-date: /home/saitama1/ros2_foxy/install/lifecycle_msgs/include/lifecycle_msgs/msg/detail
-- Installing: /home/saitama1/ros2_foxy/install/lifecycle_msgs/include/lifecycle_msgs/msg/detail/transition_event__type_support.cpp
-- Installing: /home/saitama1/ros2_foxy/install/lifecycle_msgs/include/lifecycle_msgs/msg/detail/transition__rosidl_typesupport_introspection_cpp.hpp
-- Installing: /home/saitama1/ros2_foxy/install/lifecycle_msgs/include/lifecycle_msgs/msg/detail/transition_description__type_support.cpp
-- Installing: /home/saitama1/ros2_foxy/install/lifecycle_msgs/include/lifecycle_msgs/msg/detail/transition_description__rosidl_typesupport_introspection_cpp.hpp
-- Installing: /home/saitama1/ros2_foxy/install/lifecycle_msgs/include/lifecycle_msgs/msg/detail/transition__type_support.cpp
-- Installing: /home/saitama1/ros2_foxy/install/lifecycle_msgs/include/lifecycle_msgs/msg/detail/transition_event__rosidl_typesupport_introspection_cpp.hpp
-- Installing: /home/saitama1/ros2_foxy/install/lifecycle_msgs/include/lifecycle_msgs/msg/detail/state__type_support.cpp
-- Installing: /home/saitama1/ros2_foxy/install/lifecycle_msgs/include/lifecycle_msgs/msg/detail/state__rosidl_typesupport_introspection_cpp.hpp
-- Installing: /home/saitama1/ros2_foxy/install/lifecycle_msgs/lib/liblifecycle_msgs__rosidl_typesupport_introspection_cpp.so
-- Set runtime path of "/home/saitama1/ros2_foxy/install/lifecycle_msgs/lib/liblifecycle_msgs__rosidl_typesupport_introspection_cpp.so" to ""
-- Installing: /home/saitama1/ros2_foxy/install/lifecycle_msgs/lib/liblifecycle_msgs__rosidl_typesupport_cpp.so
-- Set runtime path of "/home/saitama1/ros2_foxy/install/lifecycle_msgs/lib/liblifecycle_msgs__rosidl_typesupport_cpp.so" to ""
-- Installing: /home/saitama1/ros2_foxy/install/lifecycle_msgs/share/lifecycle_msgs/environment/pythonpath.sh
-- Installing: /home/saitama1/ros2_foxy/install/lifecycle_msgs/share/lifecycle_msgs/environment/pythonpath.dsv
-- Installing: /home/saitama1/ros2_foxy/install/lifecycle_msgs/lib/python3.8/site-packages/lifecycle_msgs/__init__.py
Compiling '/home/saitama1/ros2_foxy/install/lifecycle_msgs/lib/python3.8/site-packages/lifecycle_msgs/__init__.py'...
-- Installing: /home/saitama1/ros2_foxy/install/lifecycle_msgs/lib/python3.8/site-packages/lifecycle_msgs/msg
-- Installing: /home/saitama1/ros2_foxy/install/lifecycle_msgs/lib/python3.8/site-packages/lifecycle_msgs/msg/_state_s.c
-- Installing: /home/saitama1/ros2_foxy/install/lifecycle_msgs/lib/python3.8/site-packages/lifecycle_msgs/msg/_transition_description_s.c
-- Installing: /home/saitama1/ros2_foxy/install/lifecycle_msgs/lib/python3.8/site-packages/lifecycle_msgs/msg/__init__.py
-- Installing: /home/saitama1/ros2_foxy/install/lifecycle_msgs/lib/python3.8/site-packages/lifecycle_msgs/msg/_transition.py
-- Installing: /home/saitama1/ros2_foxy/install/lifecycle_msgs/lib/python3.8/site-packages/lifecycle_msgs/msg/_transition_event.py
-- Installing: /home/saitama1/ros2_foxy/install/lifecycle_msgs/lib/python3.8/site-packages/lifecycle_msgs/msg/_transition_event_s.c
-- Installing: /home/saitama1/ros2_foxy/install/lifecycle_msgs/lib/python3.8/site-packages/lifecycle_msgs/msg/_state.py
-- Installing: /home/saitama1/ros2_foxy/install/lifecycle_msgs/lib/python3.8/site-packages/lifecycle_msgs/msg/_transition_s.c
-- Installing: /home/saitama1/ros2_foxy/install/lifecycle_msgs/lib/python3.8/site-packages/lifecycle_msgs/msg/_transition_description.py
-- Installing: /home/saitama1/ros2_foxy/install/lifecycle_msgs/lib/python3.8/site-packages/lifecycle_msgs/srv
-- Installing: /home/saitama1/ros2_foxy/install/lifecycle_msgs/lib/python3.8/site-packages/lifecycle_msgs/srv/_get_available_transitions.py
-- Installing: /home/saitama1/ros2_foxy/install/lifecycle_msgs/lib/python3.8/site-packages/lifecycle_msgs/srv/_get_state.py
-- Installing: /home/saitama1/ros2_foxy/install/lifecycle_msgs/lib/python3.8/site-packages/lifecycle_msgs/srv/_get_state_s.c
-- Installing: /home/saitama1/ros2_foxy/install/lifecycle_msgs/lib/python3.8/site-packages/lifecycle_msgs/srv/__init__.py
-- Installing: /home/saitama1/ros2_foxy/install/lifecycle_msgs/lib/python3.8/site-packages/lifecycle_msgs/srv/_change_state.py
-- Installing: /home/saitama1/ros2_foxy/install/lifecycle_msgs/lib/python3.8/site-packages/lifecycle_msgs/srv/_change_state_s.c
-- Installing: /home/saitama1/ros2_foxy/install/lifecycle_msgs/lib/python3.8/site-packages/lifecycle_msgs/srv/_get_available_states_s.c
-- Installing: /home/saitama1/ros2_foxy/install/lifecycle_msgs/lib/python3.8/site-packages/lifecycle_msgs/srv/_get_available_states.py
-- Installing: /home/saitama1/ros2_foxy/install/lifecycle_msgs/lib/python3.8/site-packages/lifecycle_msgs/srv/_get_available_transitions_s.c
-- Installing: /home/saitama1/ros2_foxy/install/lifecycle_msgs/lib/python3.8/site-packages/lifecycle_msgs/lifecycle_msgs_s__rosidl_typesupport_fastrtps_c.cpython-38-x86_64-linux-gnu.so
-- Set runtime path of "/home/saitama1/ros2_foxy/install/lifecycle_msgs/lib/python3.8/site-packages/lifecycle_msgs/lifecycle_msgs_s__rosidl_typesupport_fastrtps_c.cpython-38-x86_64-linux-gnu.so" to ""
-- Installing: /home/saitama1/ros2_foxy/install/lifecycle_msgs/lib/python3.8/site-packages/lifecycle_msgs/lifecycle_msgs_s__rosidl_typesupport_introspection_c.cpython-38-x86_64-linux-gnu.so
-- Set runtime path of "/home/saitama1/ros2_foxy/install/lifecycle_msgs/lib/python3.8/site-packages/lifecycle_msgs/lifecycle_msgs_s__rosidl_typesupport_introspection_c.cpython-38-x86_64-linux-gnu.so" to ""
-- Installing: /home/saitama1/ros2_foxy/install/lifecycle_msgs/lib/python3.8/site-packages/lifecycle_msgs/lifecycle_msgs_s__rosidl_typesupport_c.cpython-38-x86_64-linux-gnu.so
-- Set runtime path of "/home/saitama1/ros2_foxy/install/lifecycle_msgs/lib/python3.8/site-packages/lifecycle_msgs/lifecycle_msgs_s__rosidl_typesupport_c.cpython-38-x86_64-linux-gnu.so" to ""
-- Installing: /home/saitama1/ros2_foxy/install/lifecycle_msgs/lib/liblifecycle_msgs__python.so
-- Set runtime path of "/home/saitama1/ros2_foxy/install/lifecycle_msgs/lib/liblifecycle_msgs__python.so" to ""
-- Installing: /home/saitama1/ros2_foxy/install/lifecycle_msgs/share/lifecycle_msgs/msg/State.idl
-- Installing: /home/saitama1/ros2_foxy/install/lifecycle_msgs/share/lifecycle_msgs/msg/Transition.idl
-- Installing: /home/saitama1/ros2_foxy/install/lifecycle_msgs/share/lifecycle_msgs/msg/TransitionDescription.idl
-- Installing: /home/saitama1/ros2_foxy/install/lifecycle_msgs/share/lifecycle_msgs/msg/TransitionEvent.idl
-- Installing: /home/saitama1/ros2_foxy/install/lifecycle_msgs/share/lifecycle_msgs/srv/ChangeState.idl
-- Installing: /home/saitama1/ros2_foxy/install/lifecycle_msgs/share/lifecycle_msgs/srv/GetAvailableStates.idl
-- Installing: /home/saitama1/ros2_foxy/install/lifecycle_msgs/share/lifecycle_msgs/srv/GetAvailableTransitions.idl
-- Installing: /home/saitama1/ros2_foxy/install/lifecycle_msgs/share/lifecycle_msgs/srv/GetState.idl
-- Installing: /home/saitama1/ros2_foxy/install/lifecycle_msgs/share/lifecycle_msgs/msg/State.msg
-- Installing: /home/saitama1/ros2_foxy/install/lifecycle_msgs/share/lifecycle_msgs/msg/Transition.msg
-- Installing: /home/saitama1/ros2_foxy/install/lifecycle_msgs/share/lifecycle_msgs/msg/TransitionDescription.msg
-- Installing: /home/saitama1/ros2_foxy/install/lifecycle_msgs/share/lifecycle_msgs/msg/TransitionEvent.msg
-- Installing: /home/saitama1/ros2_foxy/install/lifecycle_msgs/share/lifecycle_msgs/srv/ChangeState.srv
-- Installing: /home/saitama1/ros2_foxy/install/lifecycle_msgs/share/lifecycle_msgs/srv/ChangeState_Request.msg
-- Installing: /home/saitama1/ros2_foxy/install/lifecycle_msgs/share/lifecycle_msgs/srv/ChangeState_Response.msg
-- Installing: /home/saitama1/ros2_foxy/install/lifecycle_msgs/share/lifecycle_msgs/srv/GetAvailableStates.srv
-- Installing: /home/saitama1/ros2_foxy/install/lifecycle_msgs/share/lifecycle_msgs/srv/GetAvailableStates_Request.msg
-- Installing: /home/saitama1/ros2_foxy/install/lifecycle_msgs/share/lifecycle_msgs/srv/GetAvailableStates_Response.msg
-- Installing: /home/saitama1/ros2_foxy/install/lifecycle_msgs/share/lifecycle_msgs/srv/GetAvailableTransitions.srv
-- Installing: /home/saitama1/ros2_foxy/install/lifecycle_msgs/share/lifecycle_msgs/srv/GetAvailableTransitions_Request.msg
-- Installing: /home/saitama1/ros2_foxy/install/lifecycle_msgs/share/lifecycle_msgs/srv/GetAvailableTransitions_Response.msg
-- Installing: /home/saitama1/ros2_foxy/install/lifecycle_msgs/share/lifecycle_msgs/srv/GetState.srv
-- Installing: /home/saitama1/ros2_foxy/install/lifecycle_msgs/share/lifecycle_msgs/srv/GetState_Request.msg
-- Installing: /home/saitama1/ros2_foxy/install/lifecycle_msgs/share/lifecycle_msgs/srv/GetState_Response.msg
-- Installing: /home/saitama1/ros2_foxy/install/lifecycle_msgs/share/ament_index/resource_index/package_run_dependencies/lifecycle_msgs
-- Installing: /home/saitama1/ros2_foxy/install/lifecycle_msgs/share/ament_index/resource_index/parent_prefix_path/lifecycle_msgs
-- Installing: /home/saitama1/ros2_foxy/install/lifecycle_msgs/share/lifecycle_msgs/environment/ament_prefix_path.sh
-- Installing: /home/saitama1/ros2_foxy/install/lifecycle_msgs/share/lifecycle_msgs/environment/ament_prefix_path.dsv
-- Installing: /home/saitama1/ros2_foxy/install/lifecycle_msgs/share/lifecycle_msgs/environment/path.sh
-- Installing: /home/saitama1/ros2_foxy/install/lifecycle_msgs/share/lifecycle_msgs/environment/path.dsv
-- Installing: /home/saitama1/ros2_foxy/install/lifecycle_msgs/share/lifecycle_msgs/local_setup.bash
-- Installing: /home/saitama1/ros2_foxy/install/lifecycle_msgs/share/lifecycle_msgs/local_setup.sh
-- Installing: /home/saitama1/ros2_foxy/install/lifecycle_msgs/share/lifecycle_msgs/local_setup.zsh
-- Installing: /home/saitama1/ros2_foxy/install/lifecycle_msgs/share/lifecycle_msgs/local_setup.dsv
-- Installing: /home/saitama1/ros2_foxy/install/lifecycle_msgs/share/lifecycle_msgs/package.dsv
-- Installing: /home/saitama1/ros2_foxy/install/lifecycle_msgs/share/ament_index/resource_index/packages/lifecycle_msgs
-- Installing: /home/saitama1/ros2_foxy/install/lifecycle_msgs/share/lifecycle_msgs/cmake/lifecycle_msgs__rosidl_generator_cExport.cmake
-- Installing: /home/saitama1/ros2_foxy/install/lifecycle_msgs/share/lifecycle_msgs/cmake/lifecycle_msgs__rosidl_generator_cExport-noconfig.cmake
-- Installing: /home/saitama1/ros2_foxy/install/lifecycle_msgs/share/lifecycle_msgs/cmake/lifecycle_msgs__rosidl_typesupport_introspection_cExport.cmake
-- Installing: /home/saitama1/ros2_foxy/install/lifecycle_msgs/share/lifecycle_msgs/cmake/lifecycle_msgs__rosidl_typesupport_introspection_cExport-noconfig.cmake
-- Installing: /home/saitama1/ros2_foxy/install/lifecycle_msgs/share/lifecycle_msgs/cmake/lifecycle_msgs__rosidl_typesupport_cExport.cmake
-- Installing: /home/saitama1/ros2_foxy/install/lifecycle_msgs/share/lifecycle_msgs/cmake/lifecycle_msgs__rosidl_typesupport_cExport-noconfig.cmake
-- Installing: /home/saitama1/ros2_foxy/install/lifecycle_msgs/share/lifecycle_msgs/cmake/lifecycle_msgs__rosidl_generator_cppExport.cmake
-- Installing: /home/saitama1/ros2_foxy/install/lifecycle_msgs/share/lifecycle_msgs/cmake/lifecycle_msgs__rosidl_typesupport_introspection_cppExport.cmake
-- Installing: /home/saitama1/ros2_foxy/install/lifecycle_msgs/share/lifecycle_msgs/cmake/lifecycle_msgs__rosidl_typesupport_introspection_cppExport-noconfig.cmake
-- Installing: /home/saitama1/ros2_foxy/install/lifecycle_msgs/share/lifecycle_msgs/cmake/lifecycle_msgs__rosidl_typesupport_cppExport.cmake
-- Installing: /home/saitama1/ros2_foxy/install/lifecycle_msgs/share/lifecycle_msgs/cmake/lifecycle_msgs__rosidl_typesupport_cppExport-noconfig.cmake
-- Installing: /home/saitama1/ros2_foxy/install/lifecycle_msgs/share/lifecycle_msgs/cmake/rosidl_cmake-extras.cmake
-- Installing: /home/saitama1/ros2_foxy/install/lifecycle_msgs/share/lifecycle_msgs/cmake/ament_cmake_export_dependencies-extras.cmake
-- Installing: /home/saitama1/ros2_foxy/install/lifecycle_msgs/share/lifecycle_msgs/cmake/ament_cmake_export_libraries-extras.cmake
-- Installing: /home/saitama1/ros2_foxy/install/lifecycle_msgs/share/lifecycle_msgs/cmake/ament_cmake_export_targets-extras.cmake
-- Installing: /home/saitama1/ros2_foxy/install/lifecycle_msgs/share/lifecycle_msgs/cmake/ament_cmake_export_include_directories-extras.cmake
-- Installing: /home/saitama1/ros2_foxy/install/lifecycle_msgs/share/lifecycle_msgs/cmake/rosidl_cmake_export_typesupport_libraries-extras.cmake
-- Installing: /home/saitama1/ros2_foxy/install/lifecycle_msgs/share/lifecycle_msgs/cmake/rosidl_cmake_export_typesupport_targets-extras.cmake
-- Installing: /home/saitama1/ros2_foxy/install/lifecycle_msgs/share/lifecycle_msgs/cmake/lifecycle_msgsConfig.cmake
-- Installing: /home/saitama1/ros2_foxy/install/lifecycle_msgs/share/lifecycle_msgs/cmake/lifecycle_msgsConfig-version.cmake
-- Installing: /home/saitama1/ros2_foxy/install/lifecycle_msgs/share/lifecycle_msgs/package.xml
