[0.302s] Invoking command in '/home/saitama1/ros2_foxy/build/ament_cmake_nose': AMENT_PREFIX_PATH=/home/saitama1/ros2_foxy/install/ament_cmake_test:/home/saitama1/ros2_foxy/install/ament_cmake_core:/home/saitama1/ros2_foxy/install/ament_package CMAKE_PREFIX_PATH=/home/saitama1/ros2_foxy/install/ament_cmake_test:/home/saitama1/ros2_foxy/install/ament_cmake_core PYTHONPATH=/home/saitama1/ros2_foxy/install/ament_cmake_test/lib/python3.8/site-packages:/home/saitama1/ros2_foxy/install/ament_package/lib/python3.8/site-packages /usr/bin/cmake /home/saitama1/ros2_foxy/src/ament/ament_cmake/ament_cmake_nose -DCMAKE_INSTALL_PREFIX=/home/saitama1/ros2_foxy/install/ament_cmake_nose
[0.355s] -- Found ament_cmake_core: 0.9.8 (/home/saitama1/ros2_foxy/install/ament_cmake_core/share/ament_cmake_core/cmake)
[0.381s] -- Found PythonInterp: /usr/bin/python3 (found suitable version "3.8.10", minimum required is "3") 
[0.381s] -- Using PYTHON_EXECUTABLE: /usr/bin/python3
[0.831s] -- Configuring done
[0.832s] -- Generating done
[0.833s] -- Build files have been written to: /home/saitama1/ros2_foxy/build/ament_cmake_nose
[0.859s] Invoked command in '/home/saitama1/ros2_foxy/build/ament_cmake_nose' returned '0': AMENT_PREFIX_PATH=/home/saitama1/ros2_foxy/install/ament_cmake_test:/home/saitama1/ros2_foxy/install/ament_cmake_core:/home/saitama1/ros2_foxy/install/ament_package CMAKE_PREFIX_PATH=/home/saitama1/ros2_foxy/install/ament_cmake_test:/home/saitama1/ros2_foxy/install/ament_cmake_core PYTHONPATH=/home/saitama1/ros2_foxy/install/ament_cmake_test/lib/python3.8/site-packages:/home/saitama1/ros2_foxy/install/ament_package/lib/python3.8/site-packages /usr/bin/cmake /home/saitama1/ros2_foxy/src/ament/ament_cmake/ament_cmake_nose -DCMAKE_INSTALL_PREFIX=/home/saitama1/ros2_foxy/install/ament_cmake_nose
[0.864s] Invoking command in '/home/saitama1/ros2_foxy/build/ament_cmake_nose': AMENT_PREFIX_PATH=/home/saitama1/ros2_foxy/install/ament_cmake_test:/home/saitama1/ros2_foxy/install/ament_cmake_core:/home/saitama1/ros2_foxy/install/ament_package CMAKE_PREFIX_PATH=/home/saitama1/ros2_foxy/install/ament_cmake_test:/home/saitama1/ros2_foxy/install/ament_cmake_core PYTHONPATH=/home/saitama1/ros2_foxy/install/ament_cmake_test/lib/python3.8/site-packages:/home/saitama1/ros2_foxy/install/ament_package/lib/python3.8/site-packages /usr/bin/cmake --build /home/saitama1/ros2_foxy/build/ament_cmake_nose -- -j12 -l12
[1.085s] Invoked command in '/home/saitama1/ros2_foxy/build/ament_cmake_nose' returned '0': AMENT_PREFIX_PATH=/home/saitama1/ros2_foxy/install/ament_cmake_test:/home/saitama1/ros2_foxy/install/ament_cmake_core:/home/saitama1/ros2_foxy/install/ament_package CMAKE_PREFIX_PATH=/home/saitama1/ros2_foxy/install/ament_cmake_test:/home/saitama1/ros2_foxy/install/ament_cmake_core PYTHONPATH=/home/saitama1/ros2_foxy/install/ament_cmake_test/lib/python3.8/site-packages:/home/saitama1/ros2_foxy/install/ament_package/lib/python3.8/site-packages /usr/bin/cmake --build /home/saitama1/ros2_foxy/build/ament_cmake_nose -- -j12 -l12
[1.765s] Invoking command in '/home/saitama1/ros2_foxy/build/ament_cmake_nose': AMENT_PREFIX_PATH=/home/saitama1/ros2_foxy/install/ament_cmake_test:/home/saitama1/ros2_foxy/install/ament_cmake_core:/home/saitama1/ros2_foxy/install/ament_package CMAKE_PREFIX_PATH=/home/saitama1/ros2_foxy/install/ament_cmake_test:/home/saitama1/ros2_foxy/install/ament_cmake_core PYTHONPATH=/home/saitama1/ros2_foxy/install/ament_cmake_test/lib/python3.8/site-packages:/home/saitama1/ros2_foxy/install/ament_package/lib/python3.8/site-packages /usr/bin/cmake --install /home/saitama1/ros2_foxy/build/ament_cmake_nose
[1.793s] -- Install configuration: ""
[1.793s] -- Installing: /home/saitama1/ros2_foxy/install/ament_cmake_nose/share/ament_index/resource_index/package_run_dependencies/ament_cmake_nose
[1.793s] -- Installing: /home/saitama1/ros2_foxy/install/ament_cmake_nose/share/ament_index/resource_index/parent_prefix_path/ament_cmake_nose
[1.794s] -- Installing: /home/saitama1/ros2_foxy/install/ament_cmake_nose/share/ament_cmake_nose/environment/ament_prefix_path.sh
[1.795s] -- Installing: /home/saitama1/ros2_foxy/install/ament_cmake_nose/share/ament_cmake_nose/environment/ament_prefix_path.dsv
[1.797s] -- Installing: /home/saitama1/ros2_foxy/install/ament_cmake_nose/share/ament_cmake_nose/environment/path.sh
[1.797s] -- Installing: /home/saitama1/ros2_foxy/install/ament_cmake_nose/share/ament_cmake_nose/environment/path.dsv
[1.797s] -- Installing: /home/saitama1/ros2_foxy/install/ament_cmake_nose/share/ament_cmake_nose/local_setup.bash
[1.797s] -- Installing: /home/saitama1/ros2_foxy/install/ament_cmake_nose/share/ament_cmake_nose/local_setup.sh
[1.798s] -- Installing: /home/saitama1/ros2_foxy/install/ament_cmake_nose/share/ament_cmake_nose/local_setup.zsh
[1.798s] -- Installing: /home/saitama1/ros2_foxy/install/ament_cmake_nose/share/ament_cmake_nose/local_setup.dsv
[1.798s] -- Installing: /home/saitama1/ros2_foxy/install/ament_cmake_nose/share/ament_cmake_nose/package.dsv
[1.798s] -- Installing: /home/saitama1/ros2_foxy/install/ament_cmake_nose/share/ament_index/resource_index/packages/ament_cmake_nose
[1.798s] -- Installing: /home/saitama1/ros2_foxy/install/ament_cmake_nose/share/ament_cmake_nose/cmake/ament_cmake_nose-extras.cmake
[1.799s] -- Installing: /home/saitama1/ros2_foxy/install/ament_cmake_nose/share/ament_cmake_nose/cmake/ament_cmake_noseConfig.cmake
[1.799s] -- Installing: /home/saitama1/ros2_foxy/install/ament_cmake_nose/share/ament_cmake_nose/cmake/ament_cmake_noseConfig-version.cmake
[1.799s] -- Installing: /home/saitama1/ros2_foxy/install/ament_cmake_nose/share/ament_cmake_nose/package.xml
[1.799s] -- Up-to-date: /home/saitama1/ros2_foxy/install/ament_cmake_nose/share/ament_cmake_nose/cmake
[1.799s] -- Installing: /home/saitama1/ros2_foxy/install/ament_cmake_nose/share/ament_cmake_nose/cmake/ament_find_nosetests.cmake
[1.799s] -- Installing: /home/saitama1/ros2_foxy/install/ament_cmake_nose/share/ament_cmake_nose/cmake/ament_add_nose_test.cmake
[1.845s] Invoked command in '/home/saitama1/ros2_foxy/build/ament_cmake_nose' returned '0': AMENT_PREFIX_PATH=/home/saitama1/ros2_foxy/install/ament_cmake_test:/home/saitama1/ros2_foxy/install/ament_cmake_core:/home/saitama1/ros2_foxy/install/ament_package CMAKE_PREFIX_PATH=/home/saitama1/ros2_foxy/install/ament_cmake_test:/home/saitama1/ros2_foxy/install/ament_cmake_core PYTHONPATH=/home/saitama1/ros2_foxy/install/ament_cmake_test/lib/python3.8/site-packages:/home/saitama1/ros2_foxy/install/ament_package/lib/python3.8/site-packages /usr/bin/cmake --install /home/saitama1/ros2_foxy/build/ament_cmake_nose
